Defaulting to user installation because normal site-packages is not writeable
Looking in links: /cvmfs/soft.computecanada.ca/custom/python/wheelhouse/gentoo/avx2, /cvmfs/soft.computecanada.ca/custom/python/wheelhouse/gentoo/generic, /cvmfs/soft.computecanada.ca/custom/python/wheelhouse/generic
Requirement already satisfied: graphviz in /home/js17sy/.local/lib/python3.10/site-packages (0.20)
359; python ga.py 21 768N_graph21.dat 0.05 0.02 0.7 0.9 0.1 201 768N_graph21mediumgen3rem70_ 828269
/project/6008788/js17sy/reopenga/768b/ga.py:291: DeprecationWarning: Sampling from a set deprecated
since Python 3.9 and will be removed in a subsequent version.
  child1 = set(random.sample(
gen >0, new best = 500.100
gen >0, new best = 470.700
gen >0, new best = 452.000
gen >0, new best = 443.200
gen >0, new best = 441.900
gen >0, new best = 424.200
gen >0, new best = 423.400
gen: 0 best: 423.4 mean: 489.0621890547264
gen >1, new best = 418.800
gen >1, new best = 413.300
gen: 1 best: 413.3 mean: 481.97711442786067
gen >2, new best = 401.600
gen: 2 best: 401.6 mean: 478.82885572139304
gen: 3 best: 401.6 mean: 478.3572139303483
gen >4, new best = 398.500
gen: 4 best: 398.5 mean: 476.6636815920398
gen: 5 best: 398.5 mean: 469.5507462686567
gen: 6 best: 398.5 mean: 474.6681592039801
gen: 7 best: 398.5 mean: 468.8373134328358
gen: 8 best: 398.5 mean: 462.9925373134328
gen: 9 best: 398.5 mean: 461.67910447761193
gen >10, new best = 393.100
gen >10, new best = 385.600
gen: 10 best: 385.6 mean: 461.71890547263683
gen: 11 best: 385.6 mean: 457.19303482587065
gen: 12 best: 385.6 mean: 458.8497512437811
gen: 13 best: 385.6 mean: 454.8422885572139
gen >14, new best = 358.300
gen: 14 best: 358.3 mean: 452.8512437810945
gen: 15 best: 358.3 mean: 452.2875621890547
gen: 16 best: 358.3 mean: 449.74228855721395
gen: 17 best: 358.3 mean: 449.6611940298507
gen: 18 best: 358.3 mean: 445.881592039801
gen: 19 best: 358.3 mean: 442.1228855721393
gen: 20 best: 358.3 mean: 440.0124378109453
gen: 21 best: 358.3 mean: 436.4283582089552
gen: 22 best: 358.3 mean: 435.63980099502487
gen: 23 best: 358.3 mean: 431.1139303482587
gen: 24 best: 358.3 mean: 428.4865671641791
gen: 25 best: 358.3 mean: 430.27960199004974
gen: 26 best: 358.3 mean: 424.0
gen >27, new best = 357.800
gen: 27 best: 357.8 mean: 422.2805970149254
gen: 28 best: 357.8 mean: 423.41293532338307
gen >29, new best = 356.700
gen: 29 best: 356.7 mean: 419.9865671641791
gen: 30 best: 356.7 mean: 420.99402985074624
gen: 31 best: 356.7 mean: 418.0567164179104
gen: 32 best: 356.7 mean: 419.2164179104478
gen >33, new best = 353.500
gen: 33 best: 353.5 mean: 417.52985074626866
gen >34, new best = 350.100
gen: 34 best: 350.1 mean: 414.826368159204
gen >35, new best = 339.800
gen: 35 best: 339.8 mean: 414.42885572139306
gen: 36 best: 339.8 mean: 412.9248756218905
gen: 37 best: 339.8 mean: 414.05970149253733
gen: 38 best: 339.8 mean: 411.07014925373136
gen: 39 best: 339.8 mean: 413.5845771144279
gen: 40 best: 339.8 mean: 410.38756218905473
gen: 41 best: 339.8 mean: 408.0691542288557
gen: 42 best: 339.8 mean: 407.82089552238807
gen: 43 best: 339.8 mean: 407.2199004975124
gen: 44 best: 339.8 mean: 405.0512437810945
gen: 45 best: 339.8 mean: 403.63283582089554
gen: 46 best: 339.8 mean: 405.88855721393037
gen: 47 best: 339.8 mean: 403.12139303482587
gen: 48 best: 339.8 mean: 402.5313432835821
gen: 49 best: 339.8 mean: 400.30149253731344
gen: 50 best: 339.8 mean: 400.98855721393033
gen: 51 best: 339.8 mean: 400.1865671641791
gen >52, new best = 338.200
gen: 52 best: 338.2 mean: 400.8363184079602
gen: 53 best: 338.2 mean: 398.2328358208955
gen: 54 best: 338.2 mean: 398.0547263681592
gen: 55 best: 338.2 mean: 399.326368159204
gen: 56 best: 338.2 mean: 397.2417910447761
gen: 57 best: 338.2 mean: 393.6049751243781
gen >58, new best = 337.200
gen >58, new best = 334.900
gen: 58 best: 334.9 mean: 397.30149253731344
gen: 59 best: 334.9 mean: 397.45522388059703
gen: 60 best: 334.9 mean: 396.7965174129353
gen: 61 best: 334.9 mean: 393.5437810945274
gen: 62 best: 334.9 mean: 393.0189054726368
gen >63, new best = 332.800
gen >63, new best = 331.800
gen: 63 best: 331.8 mean: 394.2950248756219
gen >64, new best = 325.600
gen: 64 best: 325.6 mean: 390.8273631840796
gen: 65 best: 325.6 mean: 392.30099502487565
gen: 66 best: 325.6 mean: 389.83383084577116
gen: 67 best: 325.6 mean: 390.836815920398
gen: 68 best: 325.6 mean: 390.2621890547264
gen: 69 best: 325.6 mean: 391.6004975124378
gen: 70 best: 325.6 mean: 391.6820895522388
gen: 71 best: 325.6 mean: 392.26616915422886
gen: 72 best: 325.6 mean: 389.6373134328358
gen: 73 best: 325.6 mean: 390.9179104477612
gen: 74 best: 325.6 mean: 388.718407960199
gen: 75 best: 325.6 mean: 388.7855721393035
gen: 76 best: 325.6 mean: 387.3805970149254
gen: 77 best: 325.6 mean: 391.62587064676615
gen: 78 best: 325.6 mean: 391.4218905472637
gen: 79 best: 325.6 mean: 389.8641791044776
gen: 80 best: 325.6 mean: 388.2
gen: 81 best: 325.6 mean: 388.7582089552239
gen: 82 best: 325.6 mean: 389.1905472636816
gen: 83 best: 325.6 mean: 387.51592039800994
gen: 84 best: 325.6 mean: 389.56069651741296
gen >85, new best = 325.300
gen >85, new best = 316.900
gen: 85 best: 316.9 mean: 388.8960199004975
gen: 86 best: 316.9 mean: 389.71094527363186
gen: 87 best: 316.9 mean: 388.34328358208955
gen: 88 best: 316.9 mean: 386.99800995024873
gen: 89 best: 316.9 mean: 386.9522388059701
gen: 90 best: 316.9 mean: 386.3696517412935
gen: 91 best: 316.9 mean: 386.63781094527366
gen: 92 best: 316.9 mean: 388.88407960199004
gen: 93 best: 316.9 mean: 385.74427860696517
gen: 94 best: 316.9 mean: 387.2726368159204
gen: 95 best: 316.9 mean: 385.9457711442786
gen: 96 best: 316.9 mean: 387.0825870646766
gen: 97 best: 316.9 mean: 386.25721393034826
gen: 98 best: 316.9 mean: 386.51592039800994
gen: 99 best: 316.9 mean: 388.1955223880597
[8, 8, 10, 8, 8, 8, 8, 9, 9, 8, 8, 8, 8, 9, 8, 9, 10, 8, 8, 8, 8, 9, 8, 8, 8, 7, 11, 8, 8, 9, 9, 10, 8, 8, 8, 8, 9, 8, 8, 10, 9, 8, 10, 8, 8, 9, 9, 9, 8]
Test count of edges: 1432
cat
