Defaulting to user installation because normal site-packages is not writeable
Looking in links: /cvmfs/soft.computecanada.ca/custom/python/wheelhouse/gentoo/avx2, /cvmfs/soft.computecanada.ca/custom/python/wheelhouse/gentoo/generic, /cvmfs/soft.computecanada.ca/custom/python/wheelhouse/generic
Requirement already satisfied: graphviz in /home/js17sy/.local/lib/python3.10/site-packages (0.20)
278; python ga.py 21 768N_graph21.dat 0.05 0.02 0.7 0.5 0.5 201 768N_graph21mediumgen1rem70_ 228488
/project/6008788/js17sy/reopenga/768b/ga.py:291: DeprecationWarning: Sampling from a set deprecated
since Python 3.9 and will be removed in a subsequent version.
  child1 = set(random.sample(
gen >0, new best = 483.300
gen >0, new best = 436.900
gen >0, new best = 420.600
gen >0, new best = 416.600
gen: 0 best: 416.6 mean: 488.9860696517413
gen >1, new best = 410.400
gen: 1 best: 410.4 mean: 482.23731343283583
gen: 2 best: 410.4 mean: 476.87960199004976
gen: 3 best: 410.4 mean: 476.9726368159204
gen >4, new best = 410.200
gen: 4 best: 410.2 mean: 474.7855721393035
gen >5, new best = 402.600
gen: 5 best: 402.6 mean: 469.9154228855721
gen: 6 best: 402.6 mean: 467.4064676616915
gen >7, new best = 385.600
gen >7, new best = 381.200
gen: 7 best: 381.2 mean: 462.62388059701493
gen >8, new best = 375.200
gen: 8 best: 375.2 mean: 461.2507462686567
gen: 9 best: 375.2 mean: 458.66616915422884
gen: 10 best: 375.2 mean: 459.2044776119403
gen: 11 best: 375.2 mean: 454.27910447761195
gen: 12 best: 375.2 mean: 452.39353233830843
gen >13, new best = 370.000
gen: 13 best: 370.0 mean: 448.5681592039801
gen: 14 best: 370.0 mean: 444.74825870646765
gen: 15 best: 370.0 mean: 440.3149253731343
gen: 16 best: 370.0 mean: 442.96019900497515
gen >17, new best = 367.400
gen: 17 best: 367.4 mean: 440.263184079602
gen: 18 best: 367.4 mean: 441.58308457711445
gen: 19 best: 367.4 mean: 437.18805970149253
gen: 20 best: 367.4 mean: 437.0134328358209
gen: 21 best: 367.4 mean: 433.2378109452736
gen: 22 best: 367.4 mean: 433.5905472636816
gen: 23 best: 367.4 mean: 433.38358208955225
gen >24, new best = 359.500
gen: 24 best: 359.5 mean: 431.96417910447764
gen >25, new best = 352.700
gen: 25 best: 352.7 mean: 427.53781094527363
gen: 26 best: 352.7 mean: 426.6467661691542
gen: 27 best: 352.7 mean: 426.7328358208955
gen: 28 best: 352.7 mean: 424.62537313432836
gen: 29 best: 352.7 mean: 425.247263681592
gen: 30 best: 352.7 mean: 421.8636815920398
gen: 31 best: 352.7 mean: 418.38905472636816
gen: 32 best: 352.7 mean: 418.2139303482587
gen: 33 best: 352.7 mean: 418.56318407960197
gen: 34 best: 352.7 mean: 417.15721393034823
gen: 35 best: 352.7 mean: 417.4303482587065
gen: 36 best: 352.7 mean: 416.48059701492537
gen: 37 best: 352.7 mean: 417.1442786069652
gen: 38 best: 352.7 mean: 418.05721393034827
gen: 39 best: 352.7 mean: 415.9064676616915
gen: 40 best: 352.7 mean: 416.8845771144279
gen >41, new best = 352.600
gen: 41 best: 352.6 mean: 415.7084577114428
gen >42, new best = 330.200
gen: 42 best: 330.2 mean: 414.4835820895522
gen: 43 best: 330.2 mean: 413.28457711442786
gen: 44 best: 330.2 mean: 412.59253731343284
gen: 45 best: 330.2 mean: 414.35671641791043
gen: 46 best: 330.2 mean: 412.68457711442784
gen: 47 best: 330.2 mean: 413.2467661691542
gen: 48 best: 330.2 mean: 412.18009950248756
gen: 49 best: 330.2 mean: 412.7641791044776
gen: 50 best: 330.2 mean: 410.34527363184077
gen: 51 best: 330.2 mean: 409.57462686567163
gen: 52 best: 330.2 mean: 407.83233830845774
gen: 53 best: 330.2 mean: 408.50298507462685
gen: 54 best: 330.2 mean: 408.1726368159204
gen: 55 best: 330.2 mean: 406.23830845771147
gen: 56 best: 330.2 mean: 409.4761194029851
gen: 57 best: 330.2 mean: 407.573631840796
gen: 58 best: 330.2 mean: 407.3542288557214
gen: 59 best: 330.2 mean: 406.5124378109453
gen: 60 best: 330.2 mean: 407.3537313432836
gen: 61 best: 330.2 mean: 405.58855721393036
gen: 62 best: 330.2 mean: 404.77910447761195
gen: 63 best: 330.2 mean: 405.8442786069652
gen: 64 best: 330.2 mean: 406.3019900497512
gen: 65 best: 330.2 mean: 402.78109452736317
gen: 66 best: 330.2 mean: 406.5179104477612
gen: 67 best: 330.2 mean: 404.84378109452734
gen: 68 best: 330.2 mean: 407.4855721393035
gen: 69 best: 330.2 mean: 405.0094527363184
gen: 70 best: 330.2 mean: 403.4139303482587
gen: 71 best: 330.2 mean: 404.40746268656716
gen: 72 best: 330.2 mean: 403.9726368159204
gen: 73 best: 330.2 mean: 404.3094527363184
gen: 74 best: 330.2 mean: 403.181592039801
gen: 75 best: 330.2 mean: 402.7716417910448
gen: 76 best: 330.2 mean: 401.5074626865672
gen: 77 best: 330.2 mean: 400.49402985074624
gen: 78 best: 330.2 mean: 400.4537313432836
gen: 79 best: 330.2 mean: 400.8791044776119
gen: 80 best: 330.2 mean: 400.47114427860697
gen: 81 best: 330.2 mean: 399.8169154228856
gen: 82 best: 330.2 mean: 397.7194029850746
gen: 83 best: 330.2 mean: 398.91691542288555
gen: 84 best: 330.2 mean: 399.73731343283583
gen: 85 best: 330.2 mean: 399.4099502487562
gen: 86 best: 330.2 mean: 399.62388059701493
gen: 87 best: 330.2 mean: 398.7437810945274
gen: 88 best: 330.2 mean: 398.22786069651744
gen: 89 best: 330.2 mean: 397.2855721393035
gen: 90 best: 330.2 mean: 401.9691542288557
gen: 91 best: 330.2 mean: 399.63830845771145
gen: 92 best: 330.2 mean: 399.95323383084576
gen: 93 best: 330.2 mean: 397.30248756218907
gen: 94 best: 330.2 mean: 401.53980099502485
gen: 95 best: 330.2 mean: 398.52089552238806
gen: 96 best: 330.2 mean: 399.8223880597015
gen: 97 best: 330.2 mean: 399.9766169154229
gen: 98 best: 330.2 mean: 400.18457711442784
gen: 99 best: 330.2 mean: 399.4049751243781
[9, 10, 8, 9, 7, 7, 9, 8, 8, 9, 8, 9, 8, 10, 9, 10, 8, 8, 8, 9, 9, 8, 11, 10, 8, 9, 8, 9, 11, 9, 8, 9, 7, 8, 8, 10, 9, 9, 8, 8, 9, 9, 8, 8, 7, 10, 10, 9, 8, 8]
Test count of edges: 1442
cat
