Defaulting to user installation because normal site-packages is not writeable
Looking in links: /cvmfs/soft.computecanada.ca/custom/python/wheelhouse/gentoo/avx2, /cvmfs/soft.computecanada.ca/custom/python/wheelhouse/gentoo/generic, /cvmfs/soft.computecanada.ca/custom/python/wheelhouse/generic
Requirement already satisfied: graphviz in /home/js17sy/.local/lib/python3.10/site-packages (0.20)
719; python ga.py 21 768N_graph21.dat 0.1 0.04 0.7 0.9 0.1 201 768N_graph21leerygen3rem70_ 828269
/project/6008788/js17sy/reopenga/768b/ga.py:291: DeprecationWarning: Sampling from a set deprecated
since Python 3.9 and will be removed in a subsequent version.
  child1 = set(random.sample(
gen >0, new best = 503.000
gen >0, new best = 502.400
gen >0, new best = 500.600
gen >0, new best = 475.500
gen >0, new best = 467.500
gen >0, new best = 455.400
gen: 0 best: 455.4 mean: 500.50373134328356
gen >1, new best = 429.900
gen: 1 best: 429.9 mean: 500.2636815920398
gen: 2 best: 429.9 mean: 498.02089552238806
gen: 3 best: 429.9 mean: 493.9373134328358
gen: 4 best: 429.9 mean: 494.7014925373134
gen: 5 best: 429.9 mean: 494.6338308457712
gen: 6 best: 429.9 mean: 489.7253731343284
gen: 7 best: 429.9 mean: 487.25223880597014
gen >8, new best = 404.500
gen: 8 best: 404.5 mean: 485.7532338308458
gen: 9 best: 404.5 mean: 485.13781094527366
gen: 10 best: 404.5 mean: 481.02437810945275
gen: 11 best: 404.5 mean: 480.4174129353234
gen: 12 best: 404.5 mean: 483.2194029850746
gen: 13 best: 404.5 mean: 478.6726368159204
gen: 14 best: 404.5 mean: 475.218407960199
gen: 15 best: 404.5 mean: 479.59601990049754
gen: 16 best: 404.5 mean: 475.29950248756217
gen: 17 best: 404.5 mean: 475.5164179104478
gen: 18 best: 404.5 mean: 474.94825870646764
gen: 19 best: 404.5 mean: 472.6099502487562
gen: 20 best: 404.5 mean: 471.3258706467662
gen: 21 best: 404.5 mean: 471.1393034825871
gen: 22 best: 404.5 mean: 469.67512437810944
gen: 23 best: 404.5 mean: 469.0189054726368
gen: 24 best: 404.5 mean: 468.6587064676617
gen: 25 best: 404.5 mean: 467.9218905472637
gen: 26 best: 404.5 mean: 465.6039800995025
gen: 27 best: 404.5 mean: 464.46567164179106
gen: 28 best: 404.5 mean: 466.907960199005
gen: 29 best: 404.5 mean: 464.1960199004975
gen: 30 best: 404.5 mean: 464.307960199005
gen: 31 best: 404.5 mean: 464.6303482587065
gen >32, new best = 403.400
gen: 32 best: 403.4 mean: 463.08407960199
gen: 33 best: 403.4 mean: 460.8845771144279
gen >34, new best = 398.500
gen: 34 best: 398.5 mean: 461.336815920398
gen: 35 best: 398.5 mean: 459.9089552238806
gen: 36 best: 398.5 mean: 459.8676616915423
gen: 37 best: 398.5 mean: 459.60149253731345
gen: 38 best: 398.5 mean: 458.76965174129356
gen: 39 best: 398.5 mean: 459.4029850746269
gen: 40 best: 398.5 mean: 457.12985074626863
gen: 41 best: 398.5 mean: 459.63482587064675
gen: 42 best: 398.5 mean: 457.9601990049751
gen >43, new best = 398.300
gen: 43 best: 398.3 mean: 459.7452736318408
gen: 44 best: 398.3 mean: 458.66019900497514
gen >45, new best = 387.000
gen: 45 best: 387.0 mean: 457.0641791044776
gen: 46 best: 387.0 mean: 456.92089552238804
gen: 47 best: 387.0 mean: 457.2412935323383
gen: 48 best: 387.0 mean: 456.9537313432836
gen: 49 best: 387.0 mean: 455.5601990049751
gen: 50 best: 387.0 mean: 455.97910447761194
gen: 51 best: 387.0 mean: 455.3955223880597
gen: 52 best: 387.0 mean: 454.1004975124378
gen: 53 best: 387.0 mean: 456.12587064676615
gen: 54 best: 387.0 mean: 454.98457711442785
gen: 55 best: 387.0 mean: 453.8950248756219
gen: 56 best: 387.0 mean: 453.7771144278607
gen: 57 best: 387.0 mean: 453.8995024875622
gen: 58 best: 387.0 mean: 453.547263681592
gen: 59 best: 387.0 mean: 452.618407960199
gen: 60 best: 387.0 mean: 451.7835820895522
gen: 61 best: 387.0 mean: 452.02089552238806
gen: 62 best: 387.0 mean: 451.8099502487562
gen: 63 best: 387.0 mean: 450.963184079602
gen: 64 best: 387.0 mean: 450.71343283582087
gen: 65 best: 387.0 mean: 451.47462686567167
gen >66, new best = 378.000
gen: 66 best: 378.0 mean: 451.66019900497514
gen: 67 best: 378.0 mean: 451.3626865671642
gen: 68 best: 378.0 mean: 450.5955223880597
gen: 69 best: 378.0 mean: 449.87860696517413
gen: 70 best: 378.0 mean: 450.6855721393035
gen: 71 best: 378.0 mean: 449.5293532338308
gen: 72 best: 378.0 mean: 449.50845771144276
gen >73, new best = 362.600
gen: 73 best: 362.6 mean: 448.30099502487565
gen: 74 best: 362.6 mean: 448.1537313432836
gen: 75 best: 362.6 mean: 449.5905472636816
gen: 76 best: 362.6 mean: 448.9094527363184
gen: 77 best: 362.6 mean: 448.4064676616915
gen: 78 best: 362.6 mean: 447.3830845771144
gen: 79 best: 362.6 mean: 447.9577114427861
gen: 80 best: 362.6 mean: 447.71890547263683
gen: 81 best: 362.6 mean: 448.2348258706468
gen: 82 best: 362.6 mean: 447.1900497512438
gen: 83 best: 362.6 mean: 447.7398009950249
gen: 84 best: 362.6 mean: 445.2328358208955
gen: 85 best: 362.6 mean: 447.8044776119403
gen: 86 best: 362.6 mean: 446.3258706467662
gen: 87 best: 362.6 mean: 448.0139303482587
gen: 88 best: 362.6 mean: 447.62885572139305
gen: 89 best: 362.6 mean: 445.91094527363185
gen: 90 best: 362.6 mean: 447.23034825870644
gen: 91 best: 362.6 mean: 445.95870646766167
gen: 92 best: 362.6 mean: 443.91492537313434
gen: 93 best: 362.6 mean: 446.1363184079602
gen: 94 best: 362.6 mean: 447.2731343283582
gen: 95 best: 362.6 mean: 445.2950248756219
gen: 96 best: 362.6 mean: 445.50845771144276
gen: 97 best: 362.6 mean: 445.92935323383085
gen: 98 best: 362.6 mean: 445.64378109452736
gen: 99 best: 362.6 mean: 446.5039800995025
[12, 7, 7, 7, 7, 10, 8, 7, 7, 10, 7, 8, 7, 9, 7, 8, 8, 7, 7, 7, 7, 8, 10, 7, 7, 8, 7, 7, 7, 8, 8, 7, 7, 8, 7, 7, 7, 7, 7, 7, 7, 7, 9, 7, 8, 8, 7, 7, 7, 9]
Test count of edges: 1430
cat
