Defaulting to user installation because normal site-packages is not writeable
Looking in links: /cvmfs/soft.computecanada.ca/custom/python/wheelhouse/gentoo/avx2, /cvmfs/soft.computecanada.ca/custom/python/wheelhouse/gentoo/generic, /cvmfs/soft.computecanada.ca/custom/python/wheelhouse/generic
Requirement already satisfied: graphviz in /home/js17sy/.local/lib/python3.10/site-packages (0.20)
625; python ga.py 21 768N_graph21.dat 0.1 0.04 0.5 0.9 0.1 201 768N_graph21leerygen3rem50_ 714025
/project/6008788/js17sy/reopenga/768b/ga.py:291: DeprecationWarning: Sampling from a set deprecated
since Python 3.9 and will be removed in a subsequent version.
  child1 = set(random.sample(
gen >0, new best = 539.700
gen >0, new best = 535.900
gen >0, new best = 531.400
gen >0, new best = 528.800
gen >0, new best = 527.800
gen >0, new best = 521.900
gen >0, new best = 511.800
gen >0, new best = 487.500
gen: 0 best: 487.5 mean: 533.1838308457711
gen >1, new best = 460.900
gen: 1 best: 460.9 mean: 532.0577114427861
gen: 2 best: 460.9 mean: 532.2194029850747
gen: 3 best: 460.9 mean: 530.3830845771145
gen: 4 best: 460.9 mean: 530.494527363184
gen: 5 best: 460.9 mean: 529.6601990049751
gen: 6 best: 460.9 mean: 528.6268656716418
gen: 7 best: 460.9 mean: 527.2273631840796
gen: 8 best: 460.9 mean: 525.9427860696518
gen: 9 best: 460.9 mean: 526.1587064676617
gen: 10 best: 460.9 mean: 526.0427860696517
gen: 11 best: 460.9 mean: 524.881592039801
gen: 12 best: 460.9 mean: 524.9009950248757
gen: 13 best: 460.9 mean: 524.9766169154229
gen: 14 best: 460.9 mean: 523.4298507462687
gen: 15 best: 460.9 mean: 523.0542288557214
gen: 16 best: 460.9 mean: 523.0731343283583
gen: 17 best: 460.9 mean: 521.8278606965174
gen: 18 best: 460.9 mean: 520.3482587064676
gen: 19 best: 460.9 mean: 520.4398009950248
gen: 20 best: 460.9 mean: 519.5751243781094
gen: 21 best: 460.9 mean: 518.7014925373135
gen: 22 best: 460.9 mean: 518.6069651741293
gen: 23 best: 460.9 mean: 518.7666666666667
gen: 24 best: 460.9 mean: 517.9572139303483
gen: 25 best: 460.9 mean: 516.9437810945274
gen: 26 best: 460.9 mean: 515.5597014925373
gen: 27 best: 460.9 mean: 517.1412935323383
gen: 28 best: 460.9 mean: 516.8149253731343
gen >29, new best = 456.300
gen: 29 best: 456.3 mean: 515.4238805970149
gen: 30 best: 456.3 mean: 515.5159203980099
gen: 31 best: 456.3 mean: 515.2437810945273
gen: 32 best: 456.3 mean: 513.9024875621891
gen: 33 best: 456.3 mean: 512.8980099502487
gen: 34 best: 456.3 mean: 514.3592039800996
gen: 35 best: 456.3 mean: 513.5577114427861
gen: 36 best: 456.3 mean: 512.6731343283582
gen >37, new best = 453.600
gen: 37 best: 453.6 mean: 511.45522388059703
gen: 38 best: 453.6 mean: 512.8706467661691
gen: 39 best: 453.6 mean: 511.5328358208955
gen: 40 best: 453.6 mean: 510.4830845771144
gen: 41 best: 453.6 mean: 510.3333333333333
gen: 42 best: 453.6 mean: 511.12338308457714
gen: 43 best: 453.6 mean: 510.4084577114428
gen: 44 best: 453.6 mean: 509.90696517412937
gen: 45 best: 453.6 mean: 510.0592039800995
gen: 46 best: 453.6 mean: 510.0805970149254
gen: 47 best: 453.6 mean: 508.45124378109455
gen: 48 best: 453.6 mean: 508.54676616915424
gen: 49 best: 453.6 mean: 508.136815920398
gen >50, new best = 451.800
gen: 50 best: 451.8 mean: 507.4835820895522
gen: 51 best: 451.8 mean: 507.15671641791045
gen >52, new best = 445.700
gen: 52 best: 445.7 mean: 506.4393034825871
gen: 53 best: 445.7 mean: 507.31194029850747
gen: 54 best: 445.7 mean: 505.5353233830846
gen: 55 best: 445.7 mean: 506.410447761194
gen: 56 best: 445.7 mean: 506.20597014925374
gen: 57 best: 445.7 mean: 505.3995024875622
gen >58, new best = 405.700
gen: 58 best: 405.7 mean: 505.2930348258706
gen: 59 best: 405.7 mean: 505.4686567164179
gen: 60 best: 405.7 mean: 503.81990049751244
gen: 61 best: 405.7 mean: 503.07611940298506
gen: 62 best: 405.7 mean: 503.397512437811
gen: 63 best: 405.7 mean: 502.69651741293535
gen: 64 best: 405.7 mean: 503.68905472636817
gen: 65 best: 405.7 mean: 503.40746268656716
gen: 66 best: 405.7 mean: 502.4995024875622
gen: 67 best: 405.7 mean: 500.54129353233833
gen: 68 best: 405.7 mean: 500.97562189054725
gen: 69 best: 405.7 mean: 501.42537313432837
gen: 70 best: 405.7 mean: 501.10149253731345
gen: 71 best: 405.7 mean: 500.86218905472634
gen: 72 best: 405.7 mean: 502.3149253731343
gen: 73 best: 405.7 mean: 500.4452736318408
gen: 74 best: 405.7 mean: 500.4398009950249
gen: 75 best: 405.7 mean: 498.4577114427861
gen: 76 best: 405.7 mean: 499.4706467661692
gen: 77 best: 405.7 mean: 499.326368159204
gen: 78 best: 405.7 mean: 499.52636815920397
gen: 79 best: 405.7 mean: 498.4457711442786
gen: 80 best: 405.7 mean: 498.41492537313434
gen: 81 best: 405.7 mean: 498.9144278606965
gen: 82 best: 405.7 mean: 498.36567164179104
gen: 83 best: 405.7 mean: 499.72985074626865
gen: 84 best: 405.7 mean: 498.8238805970149
gen: 85 best: 405.7 mean: 499.0696517412935
gen: 86 best: 405.7 mean: 498.6482587064677
gen: 87 best: 405.7 mean: 499.3218905472637
gen: 88 best: 405.7 mean: 497.0293532338308
gen: 89 best: 405.7 mean: 497.7910447761194
gen: 90 best: 405.7 mean: 496.66616915422884
gen: 91 best: 405.7 mean: 496.8820895522388
gen: 92 best: 405.7 mean: 496.7139303482587
gen: 93 best: 405.7 mean: 497.6134328358209
gen: 94 best: 405.7 mean: 496.0726368159204
gen: 95 best: 405.7 mean: 495.7069651741294
gen: 96 best: 405.7 mean: 497.6099502487562
gen: 97 best: 405.7 mean: 497.32338308457713
gen: 98 best: 405.7 mean: 496.0189054726368
gen: 99 best: 405.7 mean: 496.37014925373137
[8, 9, 7, 9, 8, 8, 9, 7, 8, 8, 8, 8, 8, 9, 7, 8, 7, 9, 8, 7, 9, 7, 8, 7, 7, 8, 9, 8, 10, 8, 8, 8, 8, 8, 8, 8, 7, 7, 8, 7, 8, 8, 8, 9, 8, 8, 8, 10, 8, 8]
Test count of edges: 2377
cat
