Defaulting to user installation because normal site-packages is not writeable
Looking in links: /cvmfs/soft.computecanada.ca/custom/python/wheelhouse/gentoo/avx2, /cvmfs/soft.computecanada.ca/custom/python/wheelhouse/gentoo/generic, /cvmfs/soft.computecanada.ca/custom/python/wheelhouse/generic
Requirement already satisfied: graphviz in /home/js17sy/.local/lib/python3.10/site-packages (0.20)
182; python ga.py 21 768N_graph21.dat 0.05 0.02 0.5 0.5 0.5 201 768N_graph21mediumgen1rem50_ 57122
/project/6008788/js17sy/reopenga/768b/ga.py:291: DeprecationWarning: Sampling from a set deprecated
since Python 3.9 and will be removed in a subsequent version.
  child1 = set(random.sample(
gen >0, new best = 479.100
gen: 0 best: 479.1 mean: 497.7450248756219
gen >1, new best = 443.900
gen: 1 best: 443.9 mean: 496.77562189054726
gen >2, new best = 443.500
gen: 2 best: 443.5 mean: 496.84328358208955
gen: 3 best: 443.5 mean: 495.17064676616917
gen: 4 best: 443.5 mean: 494.2641791044776
gen >5, new best = 441.000
gen >5, new best = 438.800
gen: 5 best: 438.8 mean: 493.9562189054726
gen: 6 best: 438.8 mean: 493.96965174129355
gen: 7 best: 438.8 mean: 492.2363184079602
gen: 8 best: 438.8 mean: 493.3940298507463
gen: 9 best: 438.8 mean: 491.84875621890546
gen: 10 best: 438.8 mean: 491.855223880597
gen: 11 best: 438.8 mean: 490.84875621890546
gen: 12 best: 438.8 mean: 490.8318407960199
gen >13, new best = 395.500
gen: 13 best: 395.5 mean: 488.4134328358209
gen: 14 best: 395.5 mean: 489.40746268656716
gen: 15 best: 395.5 mean: 488.2800995024876
gen: 16 best: 395.5 mean: 488.2417910447761
gen: 17 best: 395.5 mean: 487.24477611940296
gen: 18 best: 395.5 mean: 487.0383084577114
gen: 19 best: 395.5 mean: 487.2915422885572
gen: 20 best: 395.5 mean: 485.8666666666667
gen: 21 best: 395.5 mean: 487.1960199004975
gen: 22 best: 395.5 mean: 485.6855721393035
gen: 23 best: 395.5 mean: 484.6960199004975
gen: 24 best: 395.5 mean: 484.32338308457713
gen: 25 best: 395.5 mean: 484.2358208955224
gen: 26 best: 395.5 mean: 484.6502487562189
gen: 27 best: 395.5 mean: 483.3373134328358
gen: 28 best: 395.5 mean: 482.7
gen: 29 best: 395.5 mean: 482.94378109452737
gen: 30 best: 395.5 mean: 482.4686567164179
gen: 31 best: 395.5 mean: 481.50248756218906
gen: 32 best: 395.5 mean: 481.99154228855724
gen: 33 best: 395.5 mean: 481.59253731343284
gen: 34 best: 395.5 mean: 481.09452736318406
gen: 35 best: 395.5 mean: 481.2597014925373
gen: 36 best: 395.5 mean: 480.9194029850746
gen: 37 best: 395.5 mean: 480.7930348258706
gen: 38 best: 395.5 mean: 479.8542288557214
gen: 39 best: 395.5 mean: 480.1860696517413
gen: 40 best: 395.5 mean: 480.66019900497514
gen: 41 best: 395.5 mean: 479.87512437810943
gen: 42 best: 395.5 mean: 478.8666666666667
gen: 43 best: 395.5 mean: 478.8094527363184
gen: 44 best: 395.5 mean: 477.8358208955224
gen: 45 best: 395.5 mean: 477.2945273631841
gen: 46 best: 395.5 mean: 477.7597014925373
gen: 47 best: 395.5 mean: 477.0497512437811
gen: 48 best: 395.5 mean: 476.5965174129353
gen: 49 best: 395.5 mean: 475.9358208955224
gen: 50 best: 395.5 mean: 475.8592039800995
gen: 51 best: 395.5 mean: 476.36567164179104
gen: 52 best: 395.5 mean: 476.20646766169153
gen: 53 best: 395.5 mean: 474.72786069651744
gen: 54 best: 395.5 mean: 473.9248756218905
gen: 55 best: 395.5 mean: 473.8363184079602
gen: 56 best: 395.5 mean: 474.42935323383085
gen: 57 best: 395.5 mean: 473.789552238806
gen: 58 best: 395.5 mean: 473.9223880597015
gen: 59 best: 395.5 mean: 474.7582089552239
gen: 60 best: 395.5 mean: 474.33781094527365
gen: 61 best: 395.5 mean: 474.36019900497513
gen: 62 best: 395.5 mean: 474.0348258706468
gen: 63 best: 395.5 mean: 473.4726368159204
gen: 64 best: 395.5 mean: 473.2641791044776
gen: 65 best: 395.5 mean: 473.28109452736317
gen: 66 best: 395.5 mean: 473.0124378109453
gen: 67 best: 395.5 mean: 472.3865671641791
gen: 68 best: 395.5 mean: 472.69850746268656
gen: 69 best: 395.5 mean: 472.6542288557214
gen: 70 best: 395.5 mean: 472.7049751243781
gen: 71 best: 395.5 mean: 472.24825870646765
gen: 72 best: 395.5 mean: 472.3273631840796
gen: 73 best: 395.5 mean: 472.88009950248755
gen: 74 best: 395.5 mean: 472.04825870646766
gen: 75 best: 395.5 mean: 472.6776119402985
gen: 76 best: 395.5 mean: 471.22985074626865
gen: 77 best: 395.5 mean: 472.58308457711445
gen: 78 best: 395.5 mean: 472.2308457711443
gen: 79 best: 395.5 mean: 472.3313432835821
gen: 80 best: 395.5 mean: 471.7228855721393
gen: 81 best: 395.5 mean: 470.6139303482587
gen: 82 best: 395.5 mean: 470.6278606965174
gen: 83 best: 395.5 mean: 471.0134328358209
gen: 84 best: 395.5 mean: 471.44825870646764
gen: 85 best: 395.5 mean: 471.34676616915425
gen: 86 best: 395.5 mean: 471.4945273631841
gen: 87 best: 395.5 mean: 471.747263681592
gen: 88 best: 395.5 mean: 471.2965174129353
gen: 89 best: 395.5 mean: 471.9547263681592
gen: 90 best: 395.5 mean: 470.3328358208955
gen: 91 best: 395.5 mean: 470.573631840796
gen: 92 best: 395.5 mean: 470.5293532338308
gen: 93 best: 395.5 mean: 470.08009950248754
gen: 94 best: 395.5 mean: 471.6
gen: 95 best: 395.5 mean: 470.1044776119403
gen: 96 best: 395.5 mean: 470.9761194029851
gen: 97 best: 395.5 mean: 471.1407960199005
gen: 98 best: 395.5 mean: 470.33084577114425
gen: 99 best: 395.5 mean: 470.57412935323384
[11, 9, 9, 9, 11, 11, 9, 10, 10, 10, 8, 9, 10, 10, 10, 10, 9, 9, 9, 11, 11, 9, 9, 10, 14, 9, 9, 9, 10, 9, 9, 9, 9, 11, 9, 10, 9, 11, 9, 9, 9, 9, 9, 8, 10, 10, 10, 10, 11]
Test count of edges: 2377
cat
