Defaulting to user installation because normal site-packages is not writeable
Looking in links: /cvmfs/soft.computecanada.ca/custom/python/wheelhouse/gentoo/avx2, /cvmfs/soft.computecanada.ca/custom/python/wheelhouse/gentoo/generic, /cvmfs/soft.computecanada.ca/custom/python/wheelhouse/generic
Requirement already satisfied: graphviz in /home/js17sy/.local/lib/python3.10/site-packages (0.20)
664; python ga.py 21 768N_graph21.dat 0.1 0.04 0.7 0.7 0.3 201 768N_graph21leerygen2rem70_ 114244
/project/6008788/js17sy/reopenga/768b/ga.py:291: DeprecationWarning: Sampling from a set deprecated
since Python 3.9 and will be removed in a subsequent version.
  child1 = set(random.sample(
gen >0, new best = 527.200
gen >0, new best = 511.200
gen >0, new best = 480.400
gen >0, new best = 471.600
gen >0, new best = 462.900
gen >0, new best = 461.100
gen >0, new best = 452.200
gen: 0 best: 452.2 mean: 500.7950248756219
gen: 1 best: 452.2 mean: 499.62189054726366
gen: 2 best: 452.2 mean: 498.6139303482587
gen >3, new best = 429.800
gen >3, new best = 421.100
gen: 3 best: 421.1 mean: 497.0880597014925
gen: 4 best: 421.1 mean: 495.4492537313433
gen: 5 best: 421.1 mean: 490.52636815920397
gen: 6 best: 421.1 mean: 488.0636815920398
gen: 7 best: 421.1 mean: 487.4049751243781
gen: 8 best: 421.1 mean: 485.87860696517413
gen: 9 best: 421.1 mean: 482.38955223880595
gen >10, new best = 410.600
gen: 10 best: 410.6 mean: 484.12885572139305
gen: 11 best: 410.6 mean: 483.7084577114428
gen: 12 best: 410.6 mean: 482.5950248756219
gen: 13 best: 410.6 mean: 481.46616915422885
gen: 14 best: 410.6 mean: 479.9522388059701
gen: 15 best: 410.6 mean: 477.92089552238804
gen: 16 best: 410.6 mean: 478.3676616915423
gen: 17 best: 410.6 mean: 475.1323383084577
gen: 18 best: 410.6 mean: 474.96069651741294
gen: 19 best: 410.6 mean: 473.7562189054726
gen: 20 best: 410.6 mean: 472.6353233830846
gen >21, new best = 389.600
gen: 21 best: 389.6 mean: 473.56169154228854
gen: 22 best: 389.6 mean: 473.0477611940299
gen: 23 best: 389.6 mean: 472.7139303482587
gen: 24 best: 389.6 mean: 471.5169154228856
gen: 25 best: 389.6 mean: 469.9398009950249
gen: 26 best: 389.6 mean: 470.0681592039801
gen >27, new best = 388.800
gen: 27 best: 388.8 mean: 469.65671641791045
gen: 28 best: 388.8 mean: 468.9766169154229
gen: 29 best: 388.8 mean: 468.6905472636816
gen: 30 best: 388.8 mean: 466.9094527363184
gen: 31 best: 388.8 mean: 466.12039800995024
gen: 32 best: 388.8 mean: 465.46616915422885
gen: 33 best: 388.8 mean: 465.9363184079602
gen: 34 best: 388.8 mean: 466.1502487562189
gen: 35 best: 388.8 mean: 465.3776119402985
gen: 36 best: 388.8 mean: 465.1119402985075
gen: 37 best: 388.8 mean: 461.1154228855721
gen: 38 best: 388.8 mean: 462.3726368159204
gen: 39 best: 388.8 mean: 462.31194029850747
gen: 40 best: 388.8 mean: 462.88955223880595
gen: 41 best: 388.8 mean: 462.90149253731346
gen: 42 best: 388.8 mean: 461.21144278606965
gen: 43 best: 388.8 mean: 460.3641791044776
gen: 44 best: 388.8 mean: 460.6940298507463
gen: 45 best: 388.8 mean: 459.85820895522386
gen: 46 best: 388.8 mean: 460.11592039800996
gen: 47 best: 388.8 mean: 458.64328358208957
gen: 48 best: 388.8 mean: 457.6796019900498
gen: 49 best: 388.8 mean: 457.7049751243781
gen: 50 best: 388.8 mean: 458.00696517412933
gen: 51 best: 388.8 mean: 458.35223880597016
gen: 52 best: 388.8 mean: 457.8542288557214
gen: 53 best: 388.8 mean: 456.59751243781096
gen: 54 best: 388.8 mean: 457.16766169154226
gen: 55 best: 388.8 mean: 456.3960199004975
gen: 56 best: 388.8 mean: 457.04328358208954
gen: 57 best: 388.8 mean: 454.5044776119403
gen: 58 best: 388.8 mean: 456.2268656716418
gen: 59 best: 388.8 mean: 456.4044776119403
gen: 60 best: 388.8 mean: 455.9761194029851
gen: 61 best: 388.8 mean: 455.56119402985075
gen: 62 best: 388.8 mean: 454.25721393034826
gen: 63 best: 388.8 mean: 455.1855721393035
gen: 64 best: 388.8 mean: 455.7601990049751
gen: 65 best: 388.8 mean: 453.5129353233831
gen: 66 best: 388.8 mean: 454.03980099502485
gen: 67 best: 388.8 mean: 452.5810945273632
gen: 68 best: 388.8 mean: 452.4084577114428
gen: 69 best: 388.8 mean: 453.37412935323385
gen: 70 best: 388.8 mean: 453.9358208955224
gen: 71 best: 388.8 mean: 453.06318407960197
gen: 72 best: 388.8 mean: 452.5308457711443
gen: 73 best: 388.8 mean: 453.7089552238806
gen >74, new best = 384.400
gen: 74 best: 384.4 mean: 451.42885572139306
gen: 75 best: 384.4 mean: 452.06318407960197
gen: 76 best: 384.4 mean: 450.8273631840796
gen: 77 best: 384.4 mean: 450.43681592039803
gen: 78 best: 384.4 mean: 450.2054726368159
gen: 79 best: 384.4 mean: 449.8666666666667
gen: 80 best: 384.4 mean: 450.0641791044776
gen: 81 best: 384.4 mean: 449.83383084577116
gen: 82 best: 384.4 mean: 450.2582089552239
gen: 83 best: 384.4 mean: 450.7129353233831
gen: 84 best: 384.4 mean: 449.42935323383085
gen: 85 best: 384.4 mean: 449.4865671641791
gen: 86 best: 384.4 mean: 449.6373134328358
gen: 87 best: 384.4 mean: 448.81592039800995
gen: 88 best: 384.4 mean: 448.27910447761195
gen: 89 best: 384.4 mean: 450.0875621890547
gen: 90 best: 384.4 mean: 448.73731343283583
gen: 91 best: 384.4 mean: 448.3333333333333
gen: 92 best: 384.4 mean: 448.93283582089555
gen: 93 best: 384.4 mean: 448.3278606965174
gen: 94 best: 384.4 mean: 447.7124378109453
gen: 95 best: 384.4 mean: 449.98457711442785
gen: 96 best: 384.4 mean: 447.4432835820896
gen: 97 best: 384.4 mean: 447.8870646766169
gen: 98 best: 384.4 mean: 447.08358208955224
gen: 99 best: 384.4 mean: 449.0860696517413
[8, 9, 8, 8, 7, 8, 8, 7, 7, 7, 8, 9, 7, 10, 8, 7, 7, 7, 8, 8, 8, 7, 7, 8, 8, 7, 9, 7, 7, 8, 8, 8, 7, 7, 7, 7, 8, 8, 8, 7, 8, 8, 8, 7, 7, 8, 6, 7, 8, 8]
Test count of edges: 1442
cat
