Defaulting to user installation because normal site-packages is not writeable
Looking in links: /cvmfs/soft.computecanada.ca/custom/python/wheelhouse/gentoo/avx2, /cvmfs/soft.computecanada.ca/custom/python/wheelhouse/gentoo/generic, /cvmfs/soft.computecanada.ca/custom/python/wheelhouse/generic
Requirement already satisfied: graphviz in /home/js17sy/.local/lib/python3.10/site-packages (0.20)
411; python ga.py 21 768N_graph21.dat 0.075 0.03 0.5 0.7 0.3 201 768N_graph21laxgen2rem50_ 599781
/project/6008788/js17sy/reopenga/768b/ga.py:291: DeprecationWarning: Sampling from a set deprecated
since Python 3.9 and will be removed in a subsequent version.
  child1 = set(random.sample(
gen >0, new best = 518.400
gen >0, new best = 459.900
gen: 0 best: 459.9 mean: 516.844527363184
gen >1, new best = 457.400
gen: 1 best: 457.4 mean: 516.5348258706467
gen >2, new best = 448.200
gen: 2 best: 448.2 mean: 514.1567164179105
gen: 3 best: 448.2 mean: 514.0014925373134
gen: 4 best: 448.2 mean: 513.6059701492537
gen: 5 best: 448.2 mean: 512.3477611940299
gen: 6 best: 448.2 mean: 512.187064676617
gen >7, new best = 446.100
gen: 7 best: 446.1 mean: 511.13482587064675
gen: 8 best: 446.1 mean: 511.3482587064677
gen: 9 best: 446.1 mean: 509.6442786069652
gen: 10 best: 446.1 mean: 509.7641791044776
gen: 11 best: 446.1 mean: 508.8412935323383
gen: 12 best: 446.1 mean: 508.52835820895524
gen >13, new best = 440.500
gen: 13 best: 440.5 mean: 507.28905472636814
gen: 14 best: 440.5 mean: 506.38009950248755
gen: 15 best: 440.5 mean: 506.7089552238806
gen: 16 best: 440.5 mean: 506.81791044776116
gen: 17 best: 440.5 mean: 505.1129353233831
gen: 18 best: 440.5 mean: 505.7139303482587
gen: 19 best: 440.5 mean: 504.463184079602
gen: 20 best: 440.5 mean: 503.26268656716417
gen: 21 best: 440.5 mean: 503.5383084577114
gen: 22 best: 440.5 mean: 502.565671641791
gen: 23 best: 440.5 mean: 501.79701492537316
gen: 24 best: 440.5 mean: 501.53034825870645
gen: 25 best: 440.5 mean: 500.65820895522387
gen: 26 best: 440.5 mean: 498.8189054726368
gen: 27 best: 440.5 mean: 499.99751243781094
gen >28, new best = 436.900
gen: 28 best: 436.9 mean: 498.9820895522388
gen: 29 best: 436.9 mean: 498.7233830845771
gen: 30 best: 436.9 mean: 498.1243781094527
gen: 31 best: 436.9 mean: 497.81641791044774
gen >32, new best = 423.300
gen: 32 best: 423.3 mean: 495.67114427860696
gen: 33 best: 423.3 mean: 497.23930348258705
gen: 34 best: 423.3 mean: 497.1721393034826
gen: 35 best: 423.3 mean: 495.37661691542286
gen: 36 best: 423.3 mean: 496.19900497512435
gen: 37 best: 423.3 mean: 495.02437810945275
gen: 38 best: 423.3 mean: 494.0910447761194
gen: 39 best: 423.3 mean: 495.09253731343284
gen: 40 best: 423.3 mean: 493.77960199004974
gen: 41 best: 423.3 mean: 494.93880597014925
gen: 42 best: 423.3 mean: 492.19353233830844
gen: 43 best: 423.3 mean: 492.1960199004975
gen: 44 best: 423.3 mean: 491.49303482587067
gen: 45 best: 423.3 mean: 493.118407960199
gen: 46 best: 423.3 mean: 492.0965174129353
gen: 47 best: 423.3 mean: 492.1597014925373
gen: 48 best: 423.3 mean: 491.1641791044776
gen: 49 best: 423.3 mean: 490.8592039800995
gen: 50 best: 423.3 mean: 489.52437810945275
gen: 51 best: 423.3 mean: 489.51741293532336
gen: 52 best: 423.3 mean: 488.57064676616915
gen: 53 best: 423.3 mean: 489.9174129353234
gen: 54 best: 423.3 mean: 488.3845771144279
gen: 55 best: 423.3 mean: 488.0880597014925
gen: 56 best: 423.3 mean: 488.0542288557214
gen: 57 best: 423.3 mean: 486.6771144278607
gen: 58 best: 423.3 mean: 488.19651741293535
gen: 59 best: 423.3 mean: 487.39800995024876
gen: 60 best: 423.3 mean: 487.18805970149253
gen: 61 best: 423.3 mean: 486.5189054726368
gen: 62 best: 423.3 mean: 485.4761194029851
gen: 63 best: 423.3 mean: 488.17661691542287
gen: 64 best: 423.3 mean: 485.7651741293532
gen: 65 best: 423.3 mean: 485.910447761194
gen: 66 best: 423.3 mean: 486.73930348258705
gen: 67 best: 423.3 mean: 484.60199004975124
gen: 68 best: 423.3 mean: 484.58905472636815
gen >69, new best = 421.600
gen: 69 best: 421.6 mean: 484.7950248756219
gen: 70 best: 421.6 mean: 484.98258706467664
gen: 71 best: 421.6 mean: 484.99203980099503
gen: 72 best: 421.6 mean: 484.3218905472637
gen: 73 best: 421.6 mean: 483.69651741293535
gen: 74 best: 421.6 mean: 482.97711442786067
gen: 75 best: 421.6 mean: 484.16517412935326
gen: 76 best: 421.6 mean: 484.21542288557214
gen: 77 best: 421.6 mean: 482.52835820895524
gen: 78 best: 421.6 mean: 483.9691542288557
gen: 79 best: 421.6 mean: 483.2273631840796
gen: 80 best: 421.6 mean: 483.0601990049751
gen: 81 best: 421.6 mean: 482.88557213930346
gen: 82 best: 421.6 mean: 482.40547263681594
gen: 83 best: 421.6 mean: 483.18407960199005
gen: 84 best: 421.6 mean: 482.1681592039801
gen: 85 best: 421.6 mean: 482.2273631840796
gen: 86 best: 421.6 mean: 482.35820895522386
gen: 87 best: 421.6 mean: 482.66069651741293
gen: 88 best: 421.6 mean: 482.81194029850747
gen: 89 best: 421.6 mean: 481.41492537313434
gen: 90 best: 421.6 mean: 482.0542288557214
gen: 91 best: 421.6 mean: 482.5223880597015
gen >92, new best = 415.400
gen: 92 best: 415.4 mean: 480.6855721393035
gen: 93 best: 415.4 mean: 482.0641791044776
gen: 94 best: 415.4 mean: 480.6502487562189
gen: 95 best: 415.4 mean: 481.5601990049751
gen >96, new best = 414.600
gen: 96 best: 414.6 mean: 480.9144278606965
gen: 97 best: 414.6 mean: 481.4378109452736
gen: 98 best: 414.6 mean: 482.5
gen: 99 best: 414.6 mean: 481.23880597014926
[10, 8, 8, 9, 8, 8, 9, 7, 8, 11, 8, 8, 8, 8, 8, 9, 9, 8, 8, 9, 8, 8, 8, 9, 8, 8, 8, 9, 10, 8, 10, 9, 9, 8, 10, 8, 9, 9, 9, 8, 9, 9, 8, 8, 11, 8, 9, 8]
Test count of edges: 2397
cat
