Defaulting to user installation because normal site-packages is not writeable
Looking in links: /cvmfs/soft.computecanada.ca/custom/python/wheelhouse/gentoo/avx2, /cvmfs/soft.computecanada.ca/custom/python/wheelhouse/gentoo/generic, /cvmfs/soft.computecanada.ca/custom/python/wheelhouse/generic
Requirement already satisfied: graphviz in /home/js17sy/.local/lib/python3.10/site-packages (0.20)
72; python ga.py 21 768N_graph21.dat 0.025 0.01 0.5 0.9 0.1 201 768N_graph21strictgen3rem50_ 342732
/project/6008788/js17sy/reopenga/768b/ga.py:291: DeprecationWarning: Sampling from a set deprecated
since Python 3.9 and will be removed in a subsequent version.
  child1 = set(random.sample(
gen >0, new best = 483.500
gen >0, new best = 478.600
gen >0, new best = 478.100
gen >0, new best = 474.600
gen >0, new best = 471.300
gen >0, new best = 459.600
gen >0, new best = 417.900
gen: 0 best: 417.9 mean: 482.44850746268656
gen: 1 best: 417.9 mean: 481.17462686567166
gen: 2 best: 417.9 mean: 481.37462686567164
gen: 3 best: 417.9 mean: 479.40696517412937
gen: 4 best: 417.9 mean: 477.0592039800995
gen: 5 best: 417.9 mean: 478.21094527363186
gen: 6 best: 417.9 mean: 476.98805970149255
gen >7, new best = 416.500
gen: 7 best: 416.5 mean: 476.1830845771144
gen: 8 best: 416.5 mean: 475.13084577114427
gen: 9 best: 416.5 mean: 474.0144278606965
gen: 10 best: 416.5 mean: 474.736815920398
gen: 11 best: 416.5 mean: 472.2283582089552
gen: 12 best: 416.5 mean: 471.95870646766167
gen >13, new best = 410.900
gen: 13 best: 410.9 mean: 469.752736318408
gen: 14 best: 410.9 mean: 469.0845771144279
gen: 15 best: 410.9 mean: 469.47114427860697
gen: 16 best: 410.9 mean: 466.4278606965174
gen: 17 best: 410.9 mean: 466.45870646766167
gen: 18 best: 410.9 mean: 465.7318407960199
gen: 19 best: 410.9 mean: 464.88009950248755
gen: 20 best: 410.9 mean: 463.5965174129353
gen: 21 best: 410.9 mean: 464.0751243781095
gen >22, new best = 408.200
gen: 22 best: 408.2 mean: 462.33830845771143
gen: 23 best: 408.2 mean: 461.5955223880597
gen: 24 best: 408.2 mean: 461.38009950248755
gen: 25 best: 408.2 mean: 459.9582089552239
gen >26, new best = 406.600
gen: 26 best: 406.6 mean: 458.77412935323383
gen: 27 best: 406.6 mean: 459.047263681592
gen >28, new best = 404.100
gen: 28 best: 404.1 mean: 457.1303482587065
gen: 29 best: 404.1 mean: 457.5786069651741
gen: 30 best: 404.1 mean: 456.2328358208955
gen: 31 best: 404.1 mean: 455.27910447761195
gen: 32 best: 404.1 mean: 454.64726368159205
gen: 33 best: 404.1 mean: 454.47711442786067
gen >34, new best = 403.600
gen >34, new best = 400.700
gen: 34 best: 400.7 mean: 451.43482587064676
gen: 35 best: 400.7 mean: 451.62537313432836
gen: 36 best: 400.7 mean: 450.926368159204
gen: 37 best: 400.7 mean: 450.8810945273632
gen: 38 best: 400.7 mean: 450.0805970149254
gen: 39 best: 400.7 mean: 449.46119402985073
gen >40, new best = 397.100
gen: 40 best: 397.1 mean: 447.3572139303483
gen: 41 best: 397.1 mean: 447.23731343283583
gen >42, new best = 396.300
gen: 42 best: 396.3 mean: 447.7746268656716
gen: 43 best: 396.3 mean: 447.9766169154229
gen >44, new best = 394.000
gen: 44 best: 394.0 mean: 445.38557213930346
gen >45, new best = 393.700
gen: 45 best: 393.7 mean: 444.2502487562189
gen: 46 best: 393.7 mean: 444.5915422885572
gen >47, new best = 389.500
gen: 47 best: 389.5 mean: 444.50796019900497
gen >48, new best = 389.000
gen: 48 best: 389.0 mean: 443.0547263681592
gen: 49 best: 389.0 mean: 442.59303482587063
gen: 50 best: 389.0 mean: 441.6721393034826
gen: 51 best: 389.0 mean: 440.1039800995025
gen: 52 best: 389.0 mean: 439.68805970149253
gen >53, new best = 387.400
gen: 53 best: 387.4 mean: 439.2328358208955
gen: 54 best: 387.4 mean: 440.39353233830843
gen: 55 best: 387.4 mean: 438.9487562189055
gen: 56 best: 387.4 mean: 439.1855721393035
gen: 57 best: 387.4 mean: 439.14925373134326
gen: 58 best: 387.4 mean: 437.72985074626865
gen: 59 best: 387.4 mean: 437.16915422885575
gen: 60 best: 387.4 mean: 436.89353233830843
gen: 61 best: 387.4 mean: 437.2597014925373
gen: 62 best: 387.4 mean: 436.2965174129353
gen: 63 best: 387.4 mean: 436.0716417910448
gen: 64 best: 387.4 mean: 437.18009950248756
gen >65, new best = 381.200
gen: 65 best: 381.2 mean: 434.69850746268656
gen: 66 best: 381.2 mean: 434.74427860696517
gen: 67 best: 381.2 mean: 434.9995024875622
gen: 68 best: 381.2 mean: 434.94228855721394
gen: 69 best: 381.2 mean: 434.31542288557216
gen: 70 best: 381.2 mean: 433.42089552238804
gen: 71 best: 381.2 mean: 433.47711442786067
gen: 72 best: 381.2 mean: 432.54278606965175
gen: 73 best: 381.2 mean: 431.65721393034823
gen: 74 best: 381.2 mean: 431.2313432835821
gen: 75 best: 381.2 mean: 430.4557213930348
gen: 76 best: 381.2 mean: 430.9223880597015
gen >77, new best = 373.700
gen: 77 best: 373.7 mean: 429.19651741293535
gen: 78 best: 373.7 mean: 429.78457711442786
gen: 79 best: 373.7 mean: 429.5676616915423
gen: 80 best: 373.7 mean: 430.9820895522388
gen: 81 best: 373.7 mean: 430.46965174129355
gen >82, new best = 370.800
gen: 82 best: 370.8 mean: 429.1009950248756
gen: 83 best: 370.8 mean: 429.718407960199
gen: 84 best: 370.8 mean: 429.5134328358209
gen: 85 best: 370.8 mean: 429.56666666666666
gen: 86 best: 370.8 mean: 428.6507462686567
gen: 87 best: 370.8 mean: 428.1865671641791
gen: 88 best: 370.8 mean: 430.0601990049751
gen: 89 best: 370.8 mean: 428.76666666666665
gen: 90 best: 370.8 mean: 429.0089552238806
gen: 91 best: 370.8 mean: 427.752736318408
gen: 92 best: 370.8 mean: 428.1577114427861
gen: 93 best: 370.8 mean: 427.0328358208955
gen: 94 best: 370.8 mean: 426.4462686567164
gen: 95 best: 370.8 mean: 426.2840796019901
gen: 96 best: 370.8 mean: 427.1885572139303
gen: 97 best: 370.8 mean: 426.81990049751244
gen: 98 best: 370.8 mean: 425.41144278606964
gen: 99 best: 370.8 mean: 425.5348258706468
[10, 9, 11, 11, 11, 8, 10, 11, 10, 9, 11, 12, 14, 14, 9, 9, 10, 9, 10, 11, 9, 11, 9, 9, 10, 10, 10, 10, 11, 10, 11, 10, 10, 11, 8, 10, 12, 10, 10, 11, 12, 10, 9, 10, 10, 10, 10, 9, 9]
Test count of edges: 2379
cat
