Defaulting to user installation because normal site-packages is not writeable
Looking in links: /cvmfs/soft.computecanada.ca/custom/python/wheelhouse/gentoo/avx2, /cvmfs/soft.computecanada.ca/custom/python/wheelhouse/gentoo/generic, /cvmfs/soft.computecanada.ca/custom/python/wheelhouse/generic
Requirement already satisfied: graphviz in /home/js17sy/.local/lib/python3.10/site-packages (0.20)
41; python ga.py 21 768N_graph21.dat 0.025 0.01 0.5 0.7 0.3 201 768N_graph21strictgen2rem50_ 314171
/project/6008788/js17sy/reopenga/768b/ga.py:291: DeprecationWarning: Sampling from a set deprecated
since Python 3.9 and will be removed in a subsequent version.
  child1 = set(random.sample(
gen >0, new best = 477.100
gen >0, new best = 466.000
gen >0, new best = 465.800
gen >0, new best = 464.000
gen >0, new best = 457.000
gen: 0 best: 457.0 mean: 482.11044776119405
gen: 1 best: 457.0 mean: 481.2875621890547
gen >2, new best = 434.200
gen: 2 best: 434.2 mean: 481.25771144278605
gen: 3 best: 434.2 mean: 479.4089552238806
gen: 4 best: 434.2 mean: 479.35771144278607
gen: 5 best: 434.2 mean: 479.7621890547264
gen: 6 best: 434.2 mean: 478.56119402985075
gen: 7 best: 434.2 mean: 477.547263681592
gen >8, new best = 427.800
gen: 8 best: 427.8 mean: 477.3004975124378
gen: 9 best: 427.8 mean: 475.5323383084577
gen >10, new best = 425.500
gen: 10 best: 425.5 mean: 474.6323383084577
gen >11, new best = 418.500
gen: 11 best: 418.5 mean: 474.7034825870647
gen: 12 best: 418.5 mean: 473.8203980099502
gen: 13 best: 418.5 mean: 473.05223880597015
gen: 14 best: 418.5 mean: 471.8587064676617
gen: 15 best: 418.5 mean: 469.64776119402984
gen: 16 best: 418.5 mean: 469.3412935323383
gen >17, new best = 412.600
gen: 17 best: 412.6 mean: 466.5268656716418
gen: 18 best: 412.6 mean: 465.4139303482587
gen: 19 best: 412.6 mean: 465.1885572139303
gen: 20 best: 412.6 mean: 465.3059701492537
gen: 21 best: 412.6 mean: 465.3273631840796
gen: 22 best: 412.6 mean: 464.68358208955226
gen >23, new best = 408.200
gen: 23 best: 408.2 mean: 464.1940298507463
gen >24, new best = 407.200
gen: 24 best: 407.2 mean: 461.66069651741293
gen: 25 best: 407.2 mean: 462.0875621890547
gen: 26 best: 407.2 mean: 463.15721393034823
gen: 27 best: 407.2 mean: 460.881592039801
gen: 28 best: 407.2 mean: 460.4283582089552
gen: 29 best: 407.2 mean: 459.7542288557214
gen: 30 best: 407.2 mean: 457.7855721393035
gen: 31 best: 407.2 mean: 458.3825870646766
gen: 32 best: 407.2 mean: 458.7950248756219
gen: 33 best: 407.2 mean: 458.44427860696516
gen >34, new best = 404.100
gen: 34 best: 404.1 mean: 457.434328358209
gen: 35 best: 404.1 mean: 456.6139303482587
gen: 36 best: 404.1 mean: 457.0661691542289
gen: 37 best: 404.1 mean: 457.04825870646766
gen: 38 best: 404.1 mean: 456.38557213930346
gen: 39 best: 404.1 mean: 455.355223880597
gen: 40 best: 404.1 mean: 454.78905472636814
gen: 41 best: 404.1 mean: 455.3019900497512
gen: 42 best: 404.1 mean: 455.18059701492535
gen >43, new best = 399.200
gen: 43 best: 399.2 mean: 454.60646766169157
gen: 44 best: 399.2 mean: 453.56169154228854
gen >45, new best = 391.700
gen: 45 best: 391.7 mean: 453.38009950248755
gen: 46 best: 391.7 mean: 452.45870646766167
gen: 47 best: 391.7 mean: 451.08905472636815
gen: 48 best: 391.7 mean: 451.6233830845771
gen: 49 best: 391.7 mean: 451.7129353233831
gen: 50 best: 391.7 mean: 450.3089552238806
gen: 51 best: 391.7 mean: 450.9358208955224
gen: 52 best: 391.7 mean: 450.0781094527363
gen >53, new best = 375.800
gen: 53 best: 375.8 mean: 449.2825870646766
gen: 54 best: 375.8 mean: 449.1980099502488
gen: 55 best: 375.8 mean: 447.65472636815923
gen: 56 best: 375.8 mean: 447.8358208955224
gen: 57 best: 375.8 mean: 447.5039800995025
gen: 58 best: 375.8 mean: 446.9378109452736
gen: 59 best: 375.8 mean: 447.0223880597015
gen: 60 best: 375.8 mean: 446.9955223880597
gen: 61 best: 375.8 mean: 447.6820895522388
gen: 62 best: 375.8 mean: 446.7776119402985
gen: 63 best: 375.8 mean: 445.2691542288557
gen: 64 best: 375.8 mean: 445.4233830845771
gen: 65 best: 375.8 mean: 445.17910447761193
gen: 66 best: 375.8 mean: 445.0995024875622
gen: 67 best: 375.8 mean: 445.64726368159205
gen: 68 best: 375.8 mean: 445.82338308457713
gen: 69 best: 375.8 mean: 445.23034825870644
gen: 70 best: 375.8 mean: 445.74626865671644
gen: 71 best: 375.8 mean: 444.0402985074627
gen: 72 best: 375.8 mean: 442.68407960199005
gen: 73 best: 375.8 mean: 441.77064676616914
gen: 74 best: 375.8 mean: 442.5691542288557
gen: 75 best: 375.8 mean: 441.82885572139304
gen: 76 best: 375.8 mean: 442.04278606965175
gen: 77 best: 375.8 mean: 442.12935323383084
gen: 78 best: 375.8 mean: 442.2855721393035
gen: 79 best: 375.8 mean: 442.36716417910446
gen: 80 best: 375.8 mean: 441.5109452736318
gen: 81 best: 375.8 mean: 441.71492537313435
gen: 82 best: 375.8 mean: 441.426368159204
gen: 83 best: 375.8 mean: 442.0233830845771
gen: 84 best: 375.8 mean: 441.11990049751245
gen: 85 best: 375.8 mean: 441.53980099502485
gen: 86 best: 375.8 mean: 440.1303482587065
gen: 87 best: 375.8 mean: 441.00995024875624
gen: 88 best: 375.8 mean: 440.7223880597015
gen: 89 best: 375.8 mean: 440.7194029850746
gen: 90 best: 375.8 mean: 441.1592039800995
gen: 91 best: 375.8 mean: 440.97910447761194
gen: 92 best: 375.8 mean: 440.5109452736318
gen: 93 best: 375.8 mean: 439.50796019900497
gen: 94 best: 375.8 mean: 439.42388059701494
gen: 95 best: 375.8 mean: 438.573631840796
gen: 96 best: 375.8 mean: 439.4850746268657
gen: 97 best: 375.8 mean: 438.3189054726368
gen: 98 best: 375.8 mean: 439.2164179104478
gen: 99 best: 375.8 mean: 438.47960199004973
[11, 10, 9, 10, 11, 11, 10, 11, 10, 10, 10, 11, 11, 10, 10, 10, 12, 11, 10, 11, 12, 9, 11, 13, 11, 10, 11, 9, 10, 11, 11, 9, 11, 11, 10, 13, 12, 10, 9, 10, 11, 13, 11, 11, 9, 10, 11, 13]
Test count of edges: 2387
cat
