Defaulting to user installation because normal site-packages is not writeable
Looking in links: /cvmfs/soft.computecanada.ca/custom/python/wheelhouse/gentoo/avx2, /cvmfs/soft.computecanada.ca/custom/python/wheelhouse/gentoo/generic, /cvmfs/soft.computecanada.ca/custom/python/wheelhouse/generic
Requirement already satisfied: graphviz in /home/js17sy/.local/lib/python3.10/site-packages (0.20)
514; python ga.py 21 768N_graph21.dat 0.075 0.03 0.7 0.9 0.1 201 768N_graph21laxgen3rem70_ 114244
/project/6008788/js17sy/reopenga/768b/ga.py:291: DeprecationWarning: Sampling from a set deprecated
since Python 3.9 and will be removed in a subsequent version.
  child1 = set(random.sample(
gen >0, new best = 481.800
gen >0, new best = 467.900
gen >0, new best = 434.000
gen: 0 best: 434.0 mean: 495.12537313432836
gen: 1 best: 434.0 mean: 490.8960199004975
gen >2, new best = 428.600
gen: 2 best: 428.6 mean: 487.89303482587064
gen: 3 best: 428.6 mean: 482.96666666666664
gen: 4 best: 428.6 mean: 483.79353233830847
gen >5, new best = 403.200
gen: 5 best: 403.2 mean: 481.90547263681594
gen: 6 best: 403.2 mean: 475.64925373134326
gen: 7 best: 403.2 mean: 475.20049751243783
gen: 8 best: 403.2 mean: 472.00646766169154
gen: 9 best: 403.2 mean: 471.43283582089555
gen: 10 best: 403.2 mean: 469.3407960199005
gen: 11 best: 403.2 mean: 466.126368159204
gen: 12 best: 403.2 mean: 467.51542288557215
gen: 13 best: 403.2 mean: 466.24825870646765
gen: 14 best: 403.2 mean: 463.7407960199005
gen: 15 best: 403.2 mean: 461.26467661691544
gen: 16 best: 403.2 mean: 459.27910447761195
gen: 17 best: 403.2 mean: 458.72388059701495
gen: 18 best: 403.2 mean: 456.29950248756217
gen >19, new best = 397.300
gen: 19 best: 397.3 mean: 455.13880597014924
gen >20, new best = 382.500
gen: 20 best: 382.5 mean: 452.7407960199005
gen: 21 best: 382.5 mean: 453.01542288557215
gen: 22 best: 382.5 mean: 450.6487562189055
gen: 23 best: 382.5 mean: 452.3139303482587
gen: 24 best: 382.5 mean: 451.77910447761195
gen: 25 best: 382.5 mean: 451.14029850746266
gen >26, new best = 378.300
gen: 26 best: 378.3 mean: 448.39353233830843
gen: 27 best: 378.3 mean: 447.2213930348259
gen: 28 best: 378.3 mean: 444.77014925373135
gen: 29 best: 378.3 mean: 446.21691542288556
gen: 30 best: 378.3 mean: 446.11144278606963
gen: 31 best: 378.3 mean: 443.28656716417913
gen: 32 best: 378.3 mean: 442.9273631840796
gen: 33 best: 378.3 mean: 443.4457711442786
gen: 34 best: 378.3 mean: 442.2313432835821
gen: 35 best: 378.3 mean: 443.8094527363184
gen: 36 best: 378.3 mean: 442.4049751243781
gen: 37 best: 378.3 mean: 440.7089552238806
gen: 38 best: 378.3 mean: 439.3074626865672
gen: 39 best: 378.3 mean: 437.90796019900495
gen: 40 best: 378.3 mean: 438.99203980099503
gen: 41 best: 378.3 mean: 437.9487562189055
gen: 42 best: 378.3 mean: 437.00099502487564
gen: 43 best: 378.3 mean: 437.1955223880597
gen: 44 best: 378.3 mean: 436.5164179104478
gen: 45 best: 378.3 mean: 436.89651741293534
gen: 46 best: 378.3 mean: 435.6507462686567
gen >47, new best = 375.700
gen: 47 best: 375.7 mean: 434.0313432835821
gen: 48 best: 375.7 mean: 435.9194029850746
gen >49, new best = 372.600
gen: 49 best: 372.6 mean: 433.15223880597017
gen: 50 best: 372.6 mean: 432.8333333333333
gen: 51 best: 372.6 mean: 432.42935323383085
gen >52, new best = 360.000
gen: 52 best: 360.0 mean: 429.763184079602
gen: 53 best: 360.0 mean: 432.94427860696516
gen: 54 best: 360.0 mean: 432.4308457711443
gen: 55 best: 360.0 mean: 432.3089552238806
gen: 56 best: 360.0 mean: 432.07412935323384
gen: 57 best: 360.0 mean: 430.3805970149254
gen: 58 best: 360.0 mean: 430.5258706467662
gen: 59 best: 360.0 mean: 431.234328358209
gen: 60 best: 360.0 mean: 430.7965174129353
gen >61, new best = 357.400
gen: 61 best: 357.4 mean: 430.25223880597014
gen: 62 best: 357.4 mean: 429.126368159204
gen: 63 best: 357.4 mean: 430.24427860696517
gen: 64 best: 357.4 mean: 427.3626865671642
gen: 65 best: 357.4 mean: 428.8756218905473
gen: 66 best: 357.4 mean: 429.9537313432836
gen: 67 best: 357.4 mean: 429.94975124378107
gen: 68 best: 357.4 mean: 428.02288557213933
gen: 69 best: 357.4 mean: 428.29004975124377
gen: 70 best: 357.4 mean: 428.9522388059701
gen: 71 best: 357.4 mean: 428.46965174129355
gen: 72 best: 357.4 mean: 425.5004975124378
gen: 73 best: 357.4 mean: 425.6542288557214
gen >74, new best = 354.200
gen: 74 best: 354.2 mean: 427.4830845771144
gen: 75 best: 354.2 mean: 426.03781094527363
gen: 76 best: 354.2 mean: 425.4850746268657
gen: 77 best: 354.2 mean: 425.47960199004973
gen: 78 best: 354.2 mean: 423.5402985074627
gen: 79 best: 354.2 mean: 422.8298507462687
gen: 80 best: 354.2 mean: 423.52288557213933
gen: 81 best: 354.2 mean: 425.17860696517414
gen: 82 best: 354.2 mean: 424.28805970149256
gen: 83 best: 354.2 mean: 421.51044776119403
gen: 84 best: 354.2 mean: 423.1965174129353
gen: 85 best: 354.2 mean: 423.8537313432836
gen: 86 best: 354.2 mean: 423.48457711442785
gen: 87 best: 354.2 mean: 421.5681592039801
gen: 88 best: 354.2 mean: 421.38756218905473
gen: 89 best: 354.2 mean: 423.6373134328358
gen: 90 best: 354.2 mean: 424.0308457711443
gen: 91 best: 354.2 mean: 421.79800995024874
gen: 92 best: 354.2 mean: 424.24228855721395
gen: 93 best: 354.2 mean: 422.62935323383084
gen: 94 best: 354.2 mean: 420.252736318408
gen: 95 best: 354.2 mean: 421.3791044776119
gen: 96 best: 354.2 mean: 423.3363184079602
gen: 97 best: 354.2 mean: 423.644776119403
gen: 98 best: 354.2 mean: 422.9233830845771
gen: 99 best: 354.2 mean: 421.6273631840796
[8, 7, 8, 8, 8, 8, 7, 8, 8, 8, 7, 7, 8, 7, 8, 9, 8, 7, 8, 8, 8, 8, 8, 7, 8, 7, 10, 8, 8, 8, 8, 8, 8, 9, 7, 8, 8, 8, 8, 8, 7, 8, 7, 8, 7, 8, 7, 9, 8]
Test count of edges: 1431
cat
