Defaulting to user installation because normal site-packages is not writeable
Looking in links: /cvmfs/soft.computecanada.ca/custom/python/wheelhouse/gentoo/avx2, /cvmfs/soft.computecanada.ca/custom/python/wheelhouse/gentoo/generic, /cvmfs/soft.computecanada.ca/custom/python/wheelhouse/generic
Requirement already satisfied: graphviz in /home/js17sy/.local/lib/python3.10/site-packages (0.20)
641; python ga.py 21 768N_graph21.dat 0.1 0.04 0.7 0.5 0.5 201 768N_graph21leerygen1rem70_ 314171
/project/6008788/js17sy/reopenga/768b/ga.py:291: DeprecationWarning: Sampling from a set deprecated
since Python 3.9 and will be removed in a subsequent version.
  child1 = set(random.sample(
gen >0, new best = 500.800
gen >0, new best = 495.600
gen >0, new best = 480.300
gen >0, new best = 474.500
gen >0, new best = 470.400
gen >0, new best = 469.000
gen >0, new best = 439.200
gen: 0 best: 439.2 mean: 502.12512437810943
gen >1, new best = 432.200
gen: 1 best: 432.2 mean: 500.83830845771143
gen: 2 best: 432.2 mean: 497.9303482587065
gen: 3 best: 432.2 mean: 496.228855721393
gen: 4 best: 432.2 mean: 495.11243781094527
gen: 5 best: 432.2 mean: 490.09303482587063
gen: 6 best: 432.2 mean: 490.25373134328356
gen: 7 best: 432.2 mean: 491.2049751243781
gen: 8 best: 432.2 mean: 487.2094527363184
gen >9, new best = 427.200
gen >9, new best = 422.800
gen: 9 best: 422.8 mean: 485.4721393034826
gen: 10 best: 422.8 mean: 484.91990049751246
gen: 11 best: 422.8 mean: 483.09751243781096
gen >12, new best = 421.300
gen >12, new best = 410.100
gen: 12 best: 410.1 mean: 481.25721393034826
gen: 13 best: 410.1 mean: 481.34328358208955
gen: 14 best: 410.1 mean: 479.26616915422886
gen: 15 best: 410.1 mean: 479.78109452736317
gen: 16 best: 410.1 mean: 480.7960199004975
gen: 17 best: 410.1 mean: 480.40696517412937
gen: 18 best: 410.1 mean: 477.6870646766169
gen: 19 best: 410.1 mean: 477.2268656716418
gen: 20 best: 410.1 mean: 476.25572139303483
gen: 21 best: 410.1 mean: 477.6517412935323
gen: 22 best: 410.1 mean: 474.9089552238806
gen: 23 best: 410.1 mean: 475.3139303482587
gen: 24 best: 410.1 mean: 473.0587064676617
gen: 25 best: 410.1 mean: 473.0452736318408
gen: 26 best: 410.1 mean: 473.2194029850746
gen: 27 best: 410.1 mean: 470.5179104477612
gen: 28 best: 410.1 mean: 472.0074626865672
gen: 29 best: 410.1 mean: 470.35223880597016
gen: 30 best: 410.1 mean: 470.79203980099504
gen >31, new best = 397.800
gen: 31 best: 397.8 mean: 468.2835820895522
gen: 32 best: 397.8 mean: 467.77960199004974
gen: 33 best: 397.8 mean: 467.6756218905473
gen: 34 best: 397.8 mean: 466.1577114427861
gen: 35 best: 397.8 mean: 466.2054726368159
gen: 36 best: 397.8 mean: 465.2049751243781
gen: 37 best: 397.8 mean: 466.518407960199
gen: 38 best: 397.8 mean: 463.5781094527363
gen: 39 best: 397.8 mean: 464.20298507462684
gen: 40 best: 397.8 mean: 463.11243781094527
gen: 41 best: 397.8 mean: 462.56119402985075
gen: 42 best: 397.8 mean: 462.1119402985075
gen: 43 best: 397.8 mean: 458.981592039801
gen: 44 best: 397.8 mean: 461.0855721393035
gen: 45 best: 397.8 mean: 460.88358208955225
gen: 46 best: 397.8 mean: 459.3726368159204
gen: 47 best: 397.8 mean: 459.6557213930348
gen: 48 best: 397.8 mean: 459.1223880597015
gen >49, new best = 369.500
gen: 49 best: 369.5 mean: 457.7766169154229
gen: 50 best: 369.5 mean: 458.7651741293532
gen: 51 best: 369.5 mean: 458.75721393034826
gen: 52 best: 369.5 mean: 456.8860696517413
gen: 53 best: 369.5 mean: 459.21542288557214
gen: 54 best: 369.5 mean: 457.93830845771146
gen: 55 best: 369.5 mean: 455.38756218905473
gen: 56 best: 369.5 mean: 457.2636815920398
gen: 57 best: 369.5 mean: 456.3915422885572
gen: 58 best: 369.5 mean: 456.96417910447764
gen: 59 best: 369.5 mean: 455.78855721393035
gen: 60 best: 369.5 mean: 455.8114427860697
gen: 61 best: 369.5 mean: 454.6646766169154
gen: 62 best: 369.5 mean: 455.75771144278605
gen: 63 best: 369.5 mean: 455.99701492537315
gen: 64 best: 369.5 mean: 454.38009950248755
gen: 65 best: 369.5 mean: 453.5646766169154
gen: 66 best: 369.5 mean: 453.3587064676617
gen: 67 best: 369.5 mean: 455.5910447761194
gen: 68 best: 369.5 mean: 453.97114427860697
gen: 69 best: 369.5 mean: 453.3223880597015
gen: 70 best: 369.5 mean: 452.9492537313433
gen: 71 best: 369.5 mean: 452.4084577114428
gen: 72 best: 369.5 mean: 452.8388059701493
gen: 73 best: 369.5 mean: 452.5457711442786
gen: 74 best: 369.5 mean: 452.06467661691545
gen: 75 best: 369.5 mean: 452.1134328358209
gen: 76 best: 369.5 mean: 452.9044776119403
gen: 77 best: 369.5 mean: 451.6796019900498
gen: 78 best: 369.5 mean: 451.4691542288557
gen: 79 best: 369.5 mean: 451.2054726368159
gen: 80 best: 369.5 mean: 449.3482587064677
gen: 81 best: 369.5 mean: 449.6507462686567
gen: 82 best: 369.5 mean: 449.89104477611943
gen: 83 best: 369.5 mean: 450.6502487562189
gen: 84 best: 369.5 mean: 452.07014925373136
gen: 85 best: 369.5 mean: 449.46567164179106
gen: 86 best: 369.5 mean: 450.6442786069652
gen: 87 best: 369.5 mean: 450.53880597014927
gen: 88 best: 369.5 mean: 450.710447761194
gen: 89 best: 369.5 mean: 451.1905472636816
gen: 90 best: 369.5 mean: 452.0293532338309
gen: 91 best: 369.5 mean: 451.64029850746266
gen: 92 best: 369.5 mean: 450.2179104477612
gen: 93 best: 369.5 mean: 450.5442786069652
gen: 94 best: 369.5 mean: 450.0049751243781
gen: 95 best: 369.5 mean: 449.19502487562187
gen: 96 best: 369.5 mean: 448.2308457711443
gen: 97 best: 369.5 mean: 447.72786069651744
gen: 98 best: 369.5 mean: 448.271144278607
gen: 99 best: 369.5 mean: 448.03731343283584
[8, 7, 8, 7, 8, 7, 7, 7, 7, 8, 7, 8, 9, 8, 8, 8, 8, 8, 7, 8, 8, 7, 7, 9, 7, 8, 8, 8, 7, 7, 7, 7, 8, 7, 8, 7, 7, 8, 9, 7, 8, 7, 8, 7, 7, 6, 8, 7]
Test count of edges: 1448
cat
