Defaulting to user installation because normal site-packages is not writeable
Looking in links: /cvmfs/soft.computecanada.ca/custom/python/wheelhouse/gentoo/avx2, /cvmfs/soft.computecanada.ca/custom/python/wheelhouse/gentoo/generic, /cvmfs/soft.computecanada.ca/custom/python/wheelhouse/generic
Requirement already satisfied: graphviz in /home/js17sy/.local/lib/python3.10/site-packages (0.20)
117; python ga.py 21 768N_graph21.dat 0.025 0.01 0.7 0.5 0.5 201 768N_graph21strictgen1rem70_ 771147
/project/6008788/js17sy/reopenga/768b/ga.py:291: DeprecationWarning: Sampling from a set deprecated
since Python 3.9 and will be removed in a subsequent version.
  child1 = set(random.sample(
gen >0, new best = 410.300
gen >0, new best = 402.400
gen >0, new best = 369.800
gen: 0 best: 369.8 mean: 449.6995024875622
gen >1, new best = 367.200
gen >1, new best = 363.000
gen: 1 best: 363.0 mean: 440.02139303482585
gen >2, new best = 319.400
gen: 2 best: 319.4 mean: 436.5318407960199
gen: 3 best: 319.4 mean: 436.94278606965173
gen: 4 best: 319.4 mean: 434.48457711442785
gen: 5 best: 319.4 mean: 429.5218905472637
gen: 6 best: 319.4 mean: 430.4502487562189
gen: 7 best: 319.4 mean: 428.47462686567167
gen >8, new best = 317.700
gen: 8 best: 317.7 mean: 425.2009950248756
gen: 9 best: 317.7 mean: 420.9850746268657
gen: 10 best: 317.7 mean: 420.5383084577114
gen: 11 best: 317.7 mean: 419.02437810945275
gen: 12 best: 317.7 mean: 417.49900497512436
gen: 13 best: 317.7 mean: 412.63830845771145
gen: 14 best: 317.7 mean: 407.8273631840796
gen: 15 best: 317.7 mean: 410.35970149253734
gen: 16 best: 317.7 mean: 408.836815920398
gen: 17 best: 317.7 mean: 405.5144278606965
gen: 18 best: 317.7 mean: 398.9363184079602
gen: 19 best: 317.7 mean: 400.4557213930348
gen: 20 best: 317.7 mean: 397.7363184079602
gen: 21 best: 317.7 mean: 399.44726368159206
gen: 22 best: 317.7 mean: 394.9507462686567
gen: 23 best: 317.7 mean: 391.618407960199
gen: 24 best: 317.7 mean: 394.8860696517413
gen: 25 best: 317.7 mean: 389.85621890547264
gen >26, new best = 315.400
gen: 26 best: 315.4 mean: 385.0855721393035
gen: 27 best: 315.4 mean: 382.5149253731343
gen: 28 best: 315.4 mean: 385.3358208955224
gen: 29 best: 315.4 mean: 384.81194029850747
gen: 30 best: 315.4 mean: 380.39800995024876
gen: 31 best: 315.4 mean: 379.10746268656715
gen: 32 best: 315.4 mean: 378.5955223880597
gen: 33 best: 315.4 mean: 376.87114427860695
gen >34, new best = 309.700
gen >34, new best = 300.900
gen: 34 best: 300.9 mean: 376.7129353233831
gen: 35 best: 300.9 mean: 374.40149253731346
gen: 36 best: 300.9 mean: 373.63283582089554
gen >37, new best = 297.900
gen >37, new best = 291.900
gen: 37 best: 291.9 mean: 374.5318407960199
gen: 38 best: 291.9 mean: 372.2990049751244
gen: 39 best: 291.9 mean: 370.4965174129353
gen: 40 best: 291.9 mean: 368.06318407960197
gen: 41 best: 291.9 mean: 368.67860696517414
gen: 42 best: 291.9 mean: 367.23930348258705
gen: 43 best: 291.9 mean: 363.0462686567164
gen: 44 best: 291.9 mean: 365.4363184079602
gen: 45 best: 291.9 mean: 361.67512437810944
gen: 46 best: 291.9 mean: 364.6119402985075
gen: 47 best: 291.9 mean: 363.12537313432836
gen: 48 best: 291.9 mean: 363.27363184079604
gen: 49 best: 291.9 mean: 361.99402985074624
gen: 50 best: 291.9 mean: 363.49402985074624
gen: 51 best: 291.9 mean: 363.6412935323383
gen: 52 best: 291.9 mean: 359.7671641791045
gen: 53 best: 291.9 mean: 360.7776119402985
gen >54, new best = 282.500
gen: 54 best: 282.5 mean: 360.98457711442785
gen: 55 best: 282.5 mean: 359.8970149253731
gen: 56 best: 282.5 mean: 359.22786069651744
gen: 57 best: 282.5 mean: 356.6024875621891
gen: 58 best: 282.5 mean: 358.22587064676617
gen: 59 best: 282.5 mean: 357.8149253731343
gen: 60 best: 282.5 mean: 355.3716417910448
gen: 61 best: 282.5 mean: 351.88905472636816
gen: 62 best: 282.5 mean: 353.518407960199
gen: 63 best: 282.5 mean: 354.7159203980099
gen: 64 best: 282.5 mean: 355.56069651741296
gen: 65 best: 282.5 mean: 353.5781094527363
gen: 66 best: 282.5 mean: 353.06865671641793
gen: 67 best: 282.5 mean: 356.173631840796
gen: 68 best: 282.5 mean: 353.35820895522386
gen: 69 best: 282.5 mean: 355.6980099502488
gen: 70 best: 282.5 mean: 355.61442786069654
gen: 71 best: 282.5 mean: 349.5308457711443
gen: 72 best: 282.5 mean: 350.91691542288555
gen: 73 best: 282.5 mean: 352.57412935323384
gen: 74 best: 282.5 mean: 353.59751243781096
gen >75, new best = 279.100
gen: 75 best: 279.1 mean: 354.0970149253731
gen: 76 best: 279.1 mean: 355.53980099502485
gen: 77 best: 279.1 mean: 353.68805970149253
gen: 78 best: 279.1 mean: 353.6139303482587
gen: 79 best: 279.1 mean: 355.47910447761194
gen: 80 best: 279.1 mean: 354.6626865671642
gen: 81 best: 279.1 mean: 351.3144278606965
gen: 82 best: 279.1 mean: 351.21094527363186
gen: 83 best: 279.1 mean: 352.3019900497512
gen: 84 best: 279.1 mean: 352.155223880597
gen: 85 best: 279.1 mean: 350.18009950248756
gen: 86 best: 279.1 mean: 348.94776119402985
gen: 87 best: 279.1 mean: 351.28308457711444
gen: 88 best: 279.1 mean: 351.61243781094527
gen: 89 best: 279.1 mean: 349.5323383084577
gen: 90 best: 279.1 mean: 351.9467661691542
gen: 91 best: 279.1 mean: 350.2223880597015
gen: 92 best: 279.1 mean: 349.10696517412936
gen: 93 best: 279.1 mean: 350.5293532338308
gen: 94 best: 279.1 mean: 348.7363184079602
gen: 95 best: 279.1 mean: 348.72039800995026
gen: 96 best: 279.1 mean: 349.48855721393033
gen: 97 best: 279.1 mean: 348.49751243781094
gen: 98 best: 279.1 mean: 352.02636815920397
gen: 99 best: 279.1 mean: 352.08009950248754
[10, 11, 13, 12, 9, 8, 9, 10, 10, 11, 10, 9, 12, 11, 9, 9, 9, 10, 9, 9, 11, 9, 9, 9, 8, 9, 9, 8, 9, 11, 9, 10, 11, 9, 10, 9, 10, 11, 9, 9, 10, 8, 9, 12, 11, 9, 10, 10, 12]
Test count of edges: 1457
cat
