Defaulting to user installation because normal site-packages is not writeable
Looking in links: /cvmfs/soft.computecanada.ca/custom/python/wheelhouse/gentoo/avx2, /cvmfs/soft.computecanada.ca/custom/python/wheelhouse/gentoo/generic, /cvmfs/soft.computecanada.ca/custom/python/wheelhouse/generic
Requirement already satisfied: graphviz in /home/js17sy/.local/lib/python3.10/site-packages (0.20)
418; python ga.py 21 768N_graph21.dat 0.075 0.03 0.5 0.7 0.3 201 768N_graph21laxgen2rem50_ 799708
/project/6008788/js17sy/reopenga/768b/ga.py:291: DeprecationWarning: Sampling from a set deprecated
since Python 3.9 and will be removed in a subsequent version.
  child1 = set(random.sample(
gen >0, new best = 505.300
gen >0, new best = 503.500
gen >0, new best = 499.300
gen >0, new best = 448.000
gen: 0 best: 448.0 mean: 517.084328358209
gen: 1 best: 448.0 mean: 516.0671641791045
gen: 2 best: 448.0 mean: 516.4766169154229
gen: 3 best: 448.0 mean: 515.2786069651742
gen: 4 best: 448.0 mean: 513.1189054726368
gen: 5 best: 448.0 mean: 514.4412935323384
gen: 6 best: 448.0 mean: 511.9049751243781
gen: 7 best: 448.0 mean: 513.9228855721393
gen: 8 best: 448.0 mean: 513.7258706467662
gen: 9 best: 448.0 mean: 512.0238805970149
gen: 10 best: 448.0 mean: 512.0283582089552
gen: 11 best: 448.0 mean: 511.5691542288557
gen >12, new best = 445.800
gen: 12 best: 445.8 mean: 510.6497512437811
gen: 13 best: 445.8 mean: 509.5786069651741
gen: 14 best: 445.8 mean: 508.5910447761194
gen: 15 best: 445.8 mean: 509.7094527363184
gen: 16 best: 445.8 mean: 509.3517412935323
gen: 17 best: 445.8 mean: 508.8716417910448
gen >18, new best = 444.700
gen: 18 best: 444.7 mean: 507.1900497512438
gen: 19 best: 444.7 mean: 508.0134328358209
gen: 20 best: 444.7 mean: 507.6268656716418
gen: 21 best: 444.7 mean: 507.9985074626866
gen: 22 best: 444.7 mean: 506.5915422885572
gen: 23 best: 444.7 mean: 506.52039800995027
gen: 24 best: 444.7 mean: 505.4875621890547
gen: 25 best: 444.7 mean: 504.96567164179106
gen: 26 best: 444.7 mean: 504.9691542288557
gen: 27 best: 444.7 mean: 504.3900497512438
gen: 28 best: 444.7 mean: 503.10199004975124
gen >29, new best = 439.300
gen: 29 best: 439.3 mean: 502.36716417910446
gen: 30 best: 439.3 mean: 501.68805970149253
gen >31, new best = 433.200
gen: 31 best: 433.2 mean: 500.4373134328358
gen: 32 best: 433.2 mean: 500.4412935323383
gen: 33 best: 433.2 mean: 499.97164179104476
gen: 34 best: 433.2 mean: 499.63980099502487
gen: 35 best: 433.2 mean: 499.1940298507463
gen: 36 best: 433.2 mean: 496.66965174129353
gen: 37 best: 433.2 mean: 496.9741293532338
gen: 38 best: 433.2 mean: 497.98059701492537
gen: 39 best: 433.2 mean: 498.1457711442786
gen: 40 best: 433.2 mean: 496.8502487562189
gen: 41 best: 433.2 mean: 496.4726368159204
gen: 42 best: 433.2 mean: 496.065671641791
gen: 43 best: 433.2 mean: 496.43532338308455
gen: 44 best: 433.2 mean: 495.1666666666667
gen: 45 best: 433.2 mean: 495.30149253731344
gen: 46 best: 433.2 mean: 495.3144278606965
gen >47, new best = 432.000
gen: 47 best: 432.0 mean: 493.5915422885572
gen: 48 best: 432.0 mean: 495.05572139303484
gen: 49 best: 432.0 mean: 494.26119402985074
gen: 50 best: 432.0 mean: 493.69751243781093
gen: 51 best: 432.0 mean: 494.0810945273632
gen: 52 best: 432.0 mean: 492.7213930348259
gen: 53 best: 432.0 mean: 493.21094527363186
gen: 54 best: 432.0 mean: 492.14776119402984
gen: 55 best: 432.0 mean: 493.62388059701493
gen: 56 best: 432.0 mean: 492.6278606965174
gen: 57 best: 432.0 mean: 492.0417910447761
gen: 58 best: 432.0 mean: 492.73034825870644
gen: 59 best: 432.0 mean: 492.6636815920398
gen: 60 best: 432.0 mean: 492.1577114427861
gen: 61 best: 432.0 mean: 491.2492537313433
gen: 62 best: 432.0 mean: 490.46119402985073
gen: 63 best: 432.0 mean: 490.6004975124378
gen: 64 best: 432.0 mean: 490.53432835820894
gen: 65 best: 432.0 mean: 491.1044776119403
gen: 66 best: 432.0 mean: 490.2009950248756
gen: 67 best: 432.0 mean: 490.23532338308456
gen: 68 best: 432.0 mean: 489.5363184079602
gen: 69 best: 432.0 mean: 489.88855721393037
gen: 70 best: 432.0 mean: 489.97910447761194
gen >71, new best = 427.900
gen: 71 best: 427.9 mean: 488.89104477611943
gen: 72 best: 427.9 mean: 489.081592039801
gen: 73 best: 427.9 mean: 488.934328358209
gen: 74 best: 427.9 mean: 489.4945273631841
gen: 75 best: 427.9 mean: 488.84776119402983
gen: 76 best: 427.9 mean: 488.9955223880597
gen: 77 best: 427.9 mean: 488.0716417910448
gen: 78 best: 427.9 mean: 487.2069651741294
gen: 79 best: 427.9 mean: 487.0417910447761
gen: 80 best: 427.9 mean: 487.8537313432836
gen: 81 best: 427.9 mean: 487.752736318408
gen: 82 best: 427.9 mean: 487.41691542288555
gen: 83 best: 427.9 mean: 487.7502487562189
gen: 84 best: 427.9 mean: 486.37462686567164
gen >85, new best = 425.500
gen: 85 best: 425.5 mean: 486.8203980099502
gen: 86 best: 425.5 mean: 487.75223880597014
gen: 87 best: 425.5 mean: 486.08159203980097
gen: 88 best: 425.5 mean: 486.72786069651744
gen: 89 best: 425.5 mean: 486.23034825870644
gen: 90 best: 425.5 mean: 486.1671641791045
gen >91, new best = 421.900
gen: 91 best: 421.9 mean: 486.4452736318408
gen: 92 best: 421.9 mean: 484.0278606965174
gen: 93 best: 421.9 mean: 485.7014925373134
gen: 94 best: 421.9 mean: 486.34726368159204
gen: 95 best: 421.9 mean: 485.1995024875622
gen: 96 best: 421.9 mean: 486.3820895522388
gen: 97 best: 421.9 mean: 484.5134328358209
gen: 98 best: 421.9 mean: 484.2144278606965
gen: 99 best: 421.9 mean: 485.22935323383086
[8, 8, 9, 9, 9, 9, 12, 8, 9, 11, 8, 8, 8, 8, 8, 8, 9, 9, 8, 9, 8, 9, 9, 9, 9, 9, 8, 8, 9, 9, 8, 9, 10, 9, 8, 8, 9, 8, 9, 9, 9, 12, 9, 9, 8, 8, 8, 8, 8, 9]
Test count of edges: 2397
cat
