Defaulting to user installation because normal site-packages is not writeable
Looking in links: /cvmfs/soft.computecanada.ca/custom/python/wheelhouse/gentoo/avx2, /cvmfs/soft.computecanada.ca/custom/python/wheelhouse/gentoo/generic, /cvmfs/soft.computecanada.ca/custom/python/wheelhouse/generic
Requirement already satisfied: graphviz in /home/js17sy/.local/lib/python3.10/site-packages (0.20)
176; python ga.py 21 768N_graph21.dat 0.025 0.01 0.7 0.9 0.1 201 768N_graph21strictgen3rem70_ 742586
/project/6008788/js17sy/reopenga/768b/ga.py:291: DeprecationWarning: Sampling from a set deprecated
since Python 3.9 and will be removed in a subsequent version.
  child1 = set(random.sample(
gen >0, new best = 404.000
gen >0, new best = 386.900
gen >0, new best = 363.200
gen >0, new best = 360.100
gen: 0 best: 360.1 mean: 446.21616915422885
gen >1, new best = 328.900
gen: 1 best: 328.9 mean: 447.8955223880597
gen: 2 best: 328.9 mean: 440.61442786069654
gen: 3 best: 328.9 mean: 435.78457711442786
gen >4, new best = 317.300
gen: 4 best: 317.3 mean: 431.5621890547264
gen: 5 best: 317.3 mean: 425.85273631840795
gen: 6 best: 317.3 mean: 424.29402985074626
gen: 7 best: 317.3 mean: 419.2955223880597
gen >8, new best = 315.400
gen: 8 best: 315.4 mean: 414.25721393034826
gen: 9 best: 315.4 mean: 413.44278606965173
gen: 10 best: 315.4 mean: 413.04278606965175
gen: 11 best: 315.4 mean: 411.02288557213933
gen: 12 best: 315.4 mean: 409.22039800995026
gen >13, new best = 313.800
gen: 13 best: 313.8 mean: 400.52985074626866
gen: 14 best: 313.8 mean: 401.39353233830843
gen: 15 best: 313.8 mean: 398.1502487562189
gen: 16 best: 313.8 mean: 400.126368159204
gen: 17 best: 313.8 mean: 394.7587064676617
gen >18, new best = 305.200
gen: 18 best: 305.2 mean: 390.30646766169156
gen: 19 best: 305.2 mean: 394.0766169154229
gen: 20 best: 305.2 mean: 386.5318407960199
gen: 21 best: 305.2 mean: 386.90547263681594
gen: 22 best: 305.2 mean: 385.7378109452736
gen: 23 best: 305.2 mean: 383.2532338308458
gen: 24 best: 305.2 mean: 386.2507462686567
gen: 25 best: 305.2 mean: 382.13830845771145
gen: 26 best: 305.2 mean: 377.9213930348259
gen >27, new best = 296.200
gen: 27 best: 296.2 mean: 381.81044776119404
gen: 28 best: 296.2 mean: 378.8273631840796
gen: 29 best: 296.2 mean: 380.8353233830846
gen: 30 best: 296.2 mean: 378.66517412935326
gen: 31 best: 296.2 mean: 373.21542288557214
gen: 32 best: 296.2 mean: 372.3228855721393
gen: 33 best: 296.2 mean: 370.173631840796
gen: 34 best: 296.2 mean: 370.6611940298507
gen: 35 best: 296.2 mean: 370.8726368159204
gen: 36 best: 296.2 mean: 369.5189054726368
gen: 37 best: 296.2 mean: 369.5049751243781
gen: 38 best: 296.2 mean: 370.29402985074626
gen: 39 best: 296.2 mean: 365.14228855721393
gen: 40 best: 296.2 mean: 363.9686567164179
gen: 41 best: 296.2 mean: 365.76467661691544
gen: 42 best: 296.2 mean: 365.2746268656716
gen: 43 best: 296.2 mean: 363.6771144278607
gen: 44 best: 296.2 mean: 364.36119402985076
gen: 45 best: 296.2 mean: 361.65721393034823
gen: 46 best: 296.2 mean: 363.4407960199005
gen: 47 best: 296.2 mean: 364.2855721393035
gen: 48 best: 296.2 mean: 359.22935323383086
gen: 49 best: 296.2 mean: 361.37412935323385
gen: 50 best: 296.2 mean: 358.6855721393035
gen: 51 best: 296.2 mean: 359.0845771144279
gen: 52 best: 296.2 mean: 356.536815920398
gen: 53 best: 296.2 mean: 357.02089552238806
gen: 54 best: 296.2 mean: 353.6507462686567
gen: 55 best: 296.2 mean: 356.5726368159204
gen: 56 best: 296.2 mean: 357.06069651741296
gen: 57 best: 296.2 mean: 355.1776119402985
gen: 58 best: 296.2 mean: 353.96268656716416
gen: 59 best: 296.2 mean: 356.77412935323383
gen: 60 best: 296.2 mean: 355.37412935323385
gen: 61 best: 296.2 mean: 351.8850746268657
gen: 62 best: 296.2 mean: 351.44278606965173
gen: 63 best: 296.2 mean: 353.1084577114428
gen: 64 best: 296.2 mean: 354.2363184079602
gen: 65 best: 296.2 mean: 352.29203980099504
gen >66, new best = 290.800
gen: 66 best: 290.8 mean: 351.7587064676617
gen: 67 best: 290.8 mean: 351.54129353233833
gen: 68 best: 290.8 mean: 349.8830845771144
gen: 69 best: 290.8 mean: 347.04477611940297
gen: 70 best: 290.8 mean: 349.2014925373134
gen: 71 best: 290.8 mean: 350.2402985074627
gen: 72 best: 290.8 mean: 350.18457711442784
gen: 73 best: 290.8 mean: 349.4004975124378
gen: 74 best: 290.8 mean: 349.9646766169154
gen: 75 best: 290.8 mean: 348.428855721393
gen: 76 best: 290.8 mean: 349.5716417910448
gen: 77 best: 290.8 mean: 349.37512437810943
gen: 78 best: 290.8 mean: 349.2054726368159
gen: 79 best: 290.8 mean: 348.452736318408
gen: 80 best: 290.8 mean: 347.1542288557214
gen: 81 best: 290.8 mean: 350.85621890547264
gen: 82 best: 290.8 mean: 346.0124378109453
gen: 83 best: 290.8 mean: 346.90796019900495
gen: 84 best: 290.8 mean: 350.19900497512435
gen: 85 best: 290.8 mean: 348.1273631840796
gen: 86 best: 290.8 mean: 344.7855721393035
gen: 87 best: 290.8 mean: 346.23383084577114
gen: 88 best: 290.8 mean: 346.2323383084577
gen: 89 best: 290.8 mean: 347.90597014925373
gen: 90 best: 290.8 mean: 346.66965174129353
gen: 91 best: 290.8 mean: 346.9323383084577
gen: 92 best: 290.8 mean: 345.3094527363184
gen: 93 best: 290.8 mean: 347.12487562189057
gen: 94 best: 290.8 mean: 346.2820895522388
gen: 95 best: 290.8 mean: 344.6393034825871
gen >96, new best = 287.300
gen: 96 best: 287.3 mean: 346.0089552238806
gen >97, new best = 282.000
gen: 97 best: 282.0 mean: 345.79203980099504
gen: 98 best: 282.0 mean: 344.15124378109454
gen: 99 best: 282.0 mean: 347.0661691542289
[9, 13, 11, 10, 10, 9, 9, 11, 14, 9, 10, 9, 10, 15, 10, 8, 9, 10, 9, 8, 11, 13, 10, 10, 10, 12, 8, 10, 9, 9, 9, 9, 9, 10, 9, 12, 9, 11, 10, 12, 10, 9, 10, 9, 9, 10, 9, 10, 8, 9]
Test count of edges: 1431
cat
