Defaulting to user installation because normal site-packages is not writeable
Looking in links: /cvmfs/soft.computecanada.ca/custom/python/wheelhouse/gentoo/avx2, /cvmfs/soft.computecanada.ca/custom/python/wheelhouse/gentoo/generic, /cvmfs/soft.computecanada.ca/custom/python/wheelhouse/generic
Requirement already satisfied: graphviz in /home/js17sy/.local/lib/python3.10/site-packages (0.20)
305; python ga.py 21 768N_graph21.dat 0.05 0.02 0.7 0.7 0.3 201 768N_graph21mediumgen2rem70_ 142805
/project/6008788/js17sy/reopenga/768b/ga.py:291: DeprecationWarning: Sampling from a set deprecated
since Python 3.9 and will be removed in a subsequent version.
  child1 = set(random.sample(
gen >0, new best = 513.400
gen >0, new best = 481.000
gen >0, new best = 468.000
gen >0, new best = 445.500
gen >0, new best = 444.300
gen >0, new best = 431.500
gen >0, new best = 411.900
gen: 0 best: 411.9 mean: 487.0574626865672
gen >1, new best = 411.700
gen: 1 best: 411.7 mean: 484.50248756218906
gen: 2 best: 411.7 mean: 476.5144278606965
gen: 3 best: 411.7 mean: 472.5860696517413
gen >4, new best = 404.800
gen >4, new best = 398.500
gen: 4 best: 398.5 mean: 464.28507462686565
gen: 5 best: 398.5 mean: 460.29800995024874
gen >6, new best = 390.700
gen: 6 best: 390.7 mean: 456.1024875621891
gen: 7 best: 390.7 mean: 455.98258706467664
gen >8, new best = 371.800
gen: 8 best: 371.8 mean: 452.4134328358209
gen: 9 best: 371.8 mean: 453.66766169154226
gen: 10 best: 371.8 mean: 450.7218905472637
gen >11, new best = 369.800
gen: 11 best: 369.8 mean: 448.9522388059701
gen: 12 best: 369.8 mean: 447.28905472636814
gen: 13 best: 369.8 mean: 447.61044776119405
gen >14, new best = 361.200
gen: 14 best: 361.2 mean: 442.97711442786067
gen: 15 best: 361.2 mean: 440.80696517412935
gen: 16 best: 361.2 mean: 439.9507462686567
gen: 17 best: 361.2 mean: 437.33084577114425
gen: 18 best: 361.2 mean: 432.44726368159206
gen: 19 best: 361.2 mean: 433.83482587064674
gen: 20 best: 361.2 mean: 430.43482587064676
gen: 21 best: 361.2 mean: 427.18955223880596
gen: 22 best: 361.2 mean: 428.1686567164179
gen: 23 best: 361.2 mean: 424.6268656716418
gen: 24 best: 361.2 mean: 423.4676616915423
gen: 25 best: 361.2 mean: 422.2761194029851
gen >26, new best = 358.200
gen: 26 best: 358.2 mean: 422.6626865671642
gen: 27 best: 358.2 mean: 419.4810945273632
gen: 28 best: 358.2 mean: 420.7676616915423
gen: 29 best: 358.2 mean: 418.1865671641791
gen: 30 best: 358.2 mean: 418.69701492537314
gen: 31 best: 358.2 mean: 418.3442786069652
gen >32, new best = 345.600
gen: 32 best: 345.6 mean: 418.54328358208954
gen: 33 best: 345.6 mean: 415.2452736318408
gen: 34 best: 345.6 mean: 411.41592039801
gen: 35 best: 345.6 mean: 412.82835820895525
gen: 36 best: 345.6 mean: 410.23383084577114
gen: 37 best: 345.6 mean: 407.9134328358209
gen >38, new best = 332.900
gen: 38 best: 332.9 mean: 408.728855721393
gen: 39 best: 332.9 mean: 408.06666666666666
gen: 40 best: 332.9 mean: 404.3243781094527
gen: 41 best: 332.9 mean: 407.4089552238806
gen: 42 best: 332.9 mean: 407.1273631840796
gen: 43 best: 332.9 mean: 405.5955223880597
gen: 44 best: 332.9 mean: 403.73830845771147
gen: 45 best: 332.9 mean: 403.90796019900495
gen: 46 best: 332.9 mean: 401.71691542288556
gen: 47 best: 332.9 mean: 402.0771144278607
gen: 48 best: 332.9 mean: 401.03582089552236
gen: 49 best: 332.9 mean: 400.8482587064677
gen >50, new best = 320.500
gen: 50 best: 320.5 mean: 400.23830845771147
gen: 51 best: 320.5 mean: 399.30298507462686
gen: 52 best: 320.5 mean: 399.1860696517413
gen: 53 best: 320.5 mean: 398.11094527363184
gen: 54 best: 320.5 mean: 399.66069651741293
gen: 55 best: 320.5 mean: 397.40597014925373
gen: 56 best: 320.5 mean: 399.2223880597015
gen: 57 best: 320.5 mean: 397.5820895522388
gen: 58 best: 320.5 mean: 394.5422885572139
gen: 59 best: 320.5 mean: 396.5502487562189
gen: 60 best: 320.5 mean: 395.0398009950249
gen: 61 best: 320.5 mean: 394.83930348258707
gen: 62 best: 320.5 mean: 392.60348258706466
gen: 63 best: 320.5 mean: 393.97114427860697
gen: 64 best: 320.5 mean: 392.9995024875622
gen: 65 best: 320.5 mean: 391.93830845771146
gen: 66 best: 320.5 mean: 392.95870646766167
gen: 67 best: 320.5 mean: 391.5512437810945
gen: 68 best: 320.5 mean: 391.98457711442785
gen: 69 best: 320.5 mean: 392.7094527363184
gen: 70 best: 320.5 mean: 392.9228855721393
gen: 71 best: 320.5 mean: 391.781592039801
gen: 72 best: 320.5 mean: 388.2089552238806
gen: 73 best: 320.5 mean: 390.7860696517413
gen: 74 best: 320.5 mean: 390.80099502487565
gen: 75 best: 320.5 mean: 388.7840796019901
gen: 76 best: 320.5 mean: 391.0318407960199
gen: 77 best: 320.5 mean: 389.0004975124378
gen: 78 best: 320.5 mean: 386.21890547263683
gen: 79 best: 320.5 mean: 387.99751243781094
gen: 80 best: 320.5 mean: 387.9875621890547
gen: 81 best: 320.5 mean: 389.06318407960197
gen: 82 best: 320.5 mean: 387.7915422885572
gen: 83 best: 320.5 mean: 386.618407960199
gen: 84 best: 320.5 mean: 388.38358208955225
gen: 85 best: 320.5 mean: 386.56119402985075
gen: 86 best: 320.5 mean: 385.2800995024876
gen: 87 best: 320.5 mean: 386.79253731343283
gen: 88 best: 320.5 mean: 386.2805970149254
gen: 89 best: 320.5 mean: 385.9378109452736
gen: 90 best: 320.5 mean: 385.8791044776119
gen: 91 best: 320.5 mean: 385.373631840796
gen: 92 best: 320.5 mean: 385.1358208955224
gen: 93 best: 320.5 mean: 386.08706467661693
gen: 94 best: 320.5 mean: 384.91094527363185
gen: 95 best: 320.5 mean: 386.2930348258706
gen: 96 best: 320.5 mean: 387.52985074626866
gen: 97 best: 320.5 mean: 385.12139303482587
gen: 98 best: 320.5 mean: 384.0238805970149
gen: 99 best: 320.5 mean: 385.0900497512438
[8, 10, 8, 8, 9, 9, 9, 8, 9, 9, 7, 8, 10, 9, 10, 9, 8, 9, 9, 9, 8, 9, 11, 8, 10, 8, 8, 9, 9, 9, 9, 8, 10, 8, 8, 9, 9, 10, 8, 11, 9, 10, 8, 9, 8, 8, 9, 7]
Test count of edges: 1436
cat
