Defaulting to user installation because normal site-packages is not writeable
Looking in links: /cvmfs/soft.computecanada.ca/custom/python/wheelhouse/gentoo/avx2, /cvmfs/soft.computecanada.ca/custom/python/wheelhouse/gentoo/generic, /cvmfs/soft.computecanada.ca/custom/python/wheelhouse/generic
Requirement already satisfied: graphviz in /home/js17sy/.local/lib/python3.10/site-packages (0.20)
659; python ga.py 21 768N_graph21.dat 0.1 0.04 0.7 0.5 0.5 201 768N_graph21leerygen1rem70_ 828269
/project/6008788/js17sy/reopenga/768b/ga.py:291: DeprecationWarning: Sampling from a set deprecated
since Python 3.9 and will be removed in a subsequent version.
  child1 = set(random.sample(
gen >0, new best = 503.000
gen >0, new best = 502.400
gen >0, new best = 500.600
gen >0, new best = 475.500
gen >0, new best = 467.500
gen >0, new best = 455.400
gen: 0 best: 455.4 mean: 500.50373134328356
gen: 1 best: 455.4 mean: 499.81094527363183
gen >2, new best = 441.100
gen: 2 best: 441.1 mean: 497.4592039800995
gen >3, new best = 438.300
gen: 3 best: 438.3 mean: 494.83830845771143
gen: 4 best: 438.3 mean: 496.15323383084575
gen: 5 best: 438.3 mean: 495.58407960199
gen: 6 best: 438.3 mean: 493.2800995024876
gen: 7 best: 438.3 mean: 492.14776119402984
gen: 8 best: 438.3 mean: 490.98407960199006
gen: 9 best: 438.3 mean: 487.5502487562189
gen: 10 best: 438.3 mean: 486.0442786069652
gen >11, new best = 435.300
gen >11, new best = 432.500
gen: 11 best: 432.5 mean: 483.3189054726368
gen: 12 best: 432.5 mean: 481.5636815920398
gen: 13 best: 432.5 mean: 482.7875621890547
gen >14, new best = 419.900
gen: 14 best: 419.9 mean: 480.88358208955225
gen: 15 best: 419.9 mean: 480.9213930348259
gen: 16 best: 419.9 mean: 480.95174129353234
gen: 17 best: 419.9 mean: 479.6507462686567
gen: 18 best: 419.9 mean: 476.0218905472637
gen: 19 best: 419.9 mean: 475.7144278606965
gen: 20 best: 419.9 mean: 475.2800995024876
gen: 21 best: 419.9 mean: 474.3144278606965
gen: 22 best: 419.9 mean: 474.1393034825871
gen >23, new best = 409.700
gen: 23 best: 409.7 mean: 473.2467661691542
gen: 24 best: 409.7 mean: 470.71890547263683
gen: 25 best: 409.7 mean: 473.7761194029851
gen: 26 best: 409.7 mean: 471.94726368159206
gen: 27 best: 409.7 mean: 471.7179104477612
gen: 28 best: 409.7 mean: 472.01592039800994
gen: 29 best: 409.7 mean: 467.80497512437813
gen >30, new best = 385.700
gen: 30 best: 385.7 mean: 468.736815920398
gen: 31 best: 385.7 mean: 467.7437810945274
gen: 32 best: 385.7 mean: 467.7671641791045
gen: 33 best: 385.7 mean: 467.7358208955224
gen: 34 best: 385.7 mean: 467.73830845771147
gen: 35 best: 385.7 mean: 467.88905472636816
gen: 36 best: 385.7 mean: 466.7641791044776
gen: 37 best: 385.7 mean: 466.5900497512438
gen: 38 best: 385.7 mean: 468.02039800995027
gen: 39 best: 385.7 mean: 467.6865671641791
gen: 40 best: 385.7 mean: 465.96268656716416
gen: 41 best: 385.7 mean: 465.66517412935326
gen: 42 best: 385.7 mean: 467.02885572139303
gen: 43 best: 385.7 mean: 465.4726368159204
gen: 44 best: 385.7 mean: 465.49353233830846
gen: 45 best: 385.7 mean: 466.2955223880597
gen: 46 best: 385.7 mean: 465.7179104477612
gen: 47 best: 385.7 mean: 464.09303482587063
gen: 48 best: 385.7 mean: 462.7825870646766
gen: 49 best: 385.7 mean: 464.37114427860695
gen: 50 best: 385.7 mean: 463.16567164179105
gen: 51 best: 385.7 mean: 462.37064676616916
gen: 52 best: 385.7 mean: 461.77960199004974
gen: 53 best: 385.7 mean: 462.48059701492537
gen: 54 best: 385.7 mean: 461.35820895522386
gen: 55 best: 385.7 mean: 461.11243781094527
gen: 56 best: 385.7 mean: 461.1517412935323
gen: 57 best: 385.7 mean: 460.5268656716418
gen: 58 best: 385.7 mean: 461.72388059701495
gen: 59 best: 385.7 mean: 459.8497512437811
gen: 60 best: 385.7 mean: 459.63283582089554
gen: 61 best: 385.7 mean: 456.91144278606964
gen: 62 best: 385.7 mean: 458.2840796019901
gen: 63 best: 385.7 mean: 456.60746268656715
gen: 64 best: 385.7 mean: 457.6189054726368
gen: 65 best: 385.7 mean: 457.2910447761194
gen: 66 best: 385.7 mean: 458.7601990049751
gen: 67 best: 385.7 mean: 457.8169154228856
gen: 68 best: 385.7 mean: 455.7651741293532
gen: 69 best: 385.7 mean: 457.3094527363184
gen: 70 best: 385.7 mean: 456.9870646766169
gen: 71 best: 385.7 mean: 456.28855721393035
gen: 72 best: 385.7 mean: 456.6721393034826
gen: 73 best: 385.7 mean: 456.47462686567167
gen: 74 best: 385.7 mean: 453.72388059701495
gen: 75 best: 385.7 mean: 456.1174129353234
gen: 76 best: 385.7 mean: 456.7437810945274
gen: 77 best: 385.7 mean: 455.3517412935323
gen: 78 best: 385.7 mean: 456.76069651741295
gen: 79 best: 385.7 mean: 455.20597014925374
gen: 80 best: 385.7 mean: 457.1497512437811
gen: 81 best: 385.7 mean: 456.5900497512438
gen: 82 best: 385.7 mean: 456.87114427860695
gen: 83 best: 385.7 mean: 456.3174129353234
gen: 84 best: 385.7 mean: 454.39850746268655
gen: 85 best: 385.7 mean: 455.71542288557214
gen: 86 best: 385.7 mean: 454.27014925373135
gen: 87 best: 385.7 mean: 455.36517412935325
gen: 88 best: 385.7 mean: 455.0507462686567
gen: 89 best: 385.7 mean: 453.392039800995
gen: 90 best: 385.7 mean: 454.3606965174129
gen: 91 best: 385.7 mean: 454.1681592039801
gen: 92 best: 385.7 mean: 453.7159203980099
gen: 93 best: 385.7 mean: 452.9457711442786
gen: 94 best: 385.7 mean: 453.8363184079602
gen: 95 best: 385.7 mean: 454.62537313432836
gen: 96 best: 385.7 mean: 453.73830845771147
gen: 97 best: 385.7 mean: 452.31592039800995
gen: 98 best: 385.7 mean: 452.8134328358209
gen: 99 best: 385.7 mean: 455.17064676616917
[8, 8, 7, 8, 7, 7, 7, 8, 7, 7, 7, 7, 8, 7, 7, 8, 8, 8, 8, 8, 8, 7, 7, 10, 8, 7, 7, 7, 7, 9, 7, 8, 9, 9, 7, 7, 9, 7, 8, 8, 7, 8, 7, 7, 8, 7, 9, 7, 7, 7]
Test count of edges: 1436
cat
