Defaulting to user installation because normal site-packages is not writeable
Looking in links: /cvmfs/soft.computecanada.ca/custom/python/wheelhouse/gentoo/avx2, /cvmfs/soft.computecanada.ca/custom/python/wheelhouse/gentoo/generic, /cvmfs/soft.computecanada.ca/custom/python/wheelhouse/generic
Requirement already satisfied: graphviz in /home/js17sy/.local/lib/python3.10/site-packages (0.20)
476; python ga.py 21 768N_graph21.dat 0.075 0.03 0.7 0.5 0.5 201 768N_graph21laxgen1rem70_ 742586
/project/6008788/js17sy/reopenga/768b/ga.py:291: DeprecationWarning: Sampling from a set deprecated
since Python 3.9 and will be removed in a subsequent version.
  child1 = set(random.sample(
gen >0, new best = 473.700
gen >0, new best = 461.400
gen >0, new best = 457.800
gen >0, new best = 454.900
gen >0, new best = 443.000
gen: 0 best: 443.0 mean: 495.3661691542289
gen >1, new best = 436.300
gen: 1 best: 436.3 mean: 492.3532338308458
gen >2, new best = 430.200
gen: 2 best: 430.2 mean: 484.73880597014926
gen >3, new best = 428.700
gen: 3 best: 428.7 mean: 483.8039800995025
gen >4, new best = 410.700
gen: 4 best: 410.7 mean: 481.37661691542286
gen: 5 best: 410.7 mean: 480.3572139303483
gen: 6 best: 410.7 mean: 477.6537313432836
gen: 7 best: 410.7 mean: 474.8412935323383
gen: 8 best: 410.7 mean: 475.38955223880595
gen >9, new best = 403.200
gen >9, new best = 391.000
gen: 9 best: 391.0 mean: 469.78905472636814
gen: 10 best: 391.0 mean: 470.84776119402983
gen: 11 best: 391.0 mean: 467.7009950248756
gen: 12 best: 391.0 mean: 467.51044776119403
gen: 13 best: 391.0 mean: 463.1741293532338
gen: 14 best: 391.0 mean: 463.75721393034826
gen: 15 best: 391.0 mean: 462.64228855721393
gen: 16 best: 391.0 mean: 460.33034825870647
gen: 17 best: 391.0 mean: 457.84527363184077
gen: 18 best: 391.0 mean: 459.7054726368159
gen >19, new best = 382.900
gen: 19 best: 382.9 mean: 455.03930348258706
gen: 20 best: 382.9 mean: 457.4547263681592
gen: 21 best: 382.9 mean: 455.4562189054726
gen: 22 best: 382.9 mean: 457.1009950248756
gen: 23 best: 382.9 mean: 453.4278606965174
gen: 24 best: 382.9 mean: 454.2283582089552
gen: 25 best: 382.9 mean: 453.618407960199
gen: 26 best: 382.9 mean: 449.92039800995025
gen: 27 best: 382.9 mean: 450.40248756218904
gen: 28 best: 382.9 mean: 447.1960199004975
gen: 29 best: 382.9 mean: 448.3756218905473
gen >30, new best = 359.400
gen: 30 best: 359.4 mean: 445.98059701492537
gen: 31 best: 359.4 mean: 445.9144278606965
gen: 32 best: 359.4 mean: 448.192039800995
gen: 33 best: 359.4 mean: 443.4776119402985
gen: 34 best: 359.4 mean: 443.04676616915424
gen: 35 best: 359.4 mean: 444.51194029850745
gen: 36 best: 359.4 mean: 442.1099502487562
gen: 37 best: 359.4 mean: 443.2323383084577
gen: 38 best: 359.4 mean: 441.77910447761195
gen: 39 best: 359.4 mean: 440.9577114427861
gen: 40 best: 359.4 mean: 441.1084577114428
gen: 41 best: 359.4 mean: 440.8328358208955
gen: 42 best: 359.4 mean: 440.02089552238806
gen: 43 best: 359.4 mean: 439.3059701492537
gen: 44 best: 359.4 mean: 437.2323383084577
gen: 45 best: 359.4 mean: 436.8731343283582
gen: 46 best: 359.4 mean: 438.37512437810943
gen: 47 best: 359.4 mean: 435.944776119403
gen: 48 best: 359.4 mean: 435.66766169154226
gen: 49 best: 359.4 mean: 433.4303482587065
gen: 50 best: 359.4 mean: 434.13283582089554
gen: 51 best: 359.4 mean: 433.1004975124378
gen: 52 best: 359.4 mean: 433.24825870646765
gen: 53 best: 359.4 mean: 431.66915422885575
gen: 54 best: 359.4 mean: 430.47910447761194
gen: 55 best: 359.4 mean: 430.4
gen: 56 best: 359.4 mean: 432.94726368159206
gen: 57 best: 359.4 mean: 431.2437810945274
gen: 58 best: 359.4 mean: 431.00646766169154
gen: 59 best: 359.4 mean: 430.11442786069654
gen: 60 best: 359.4 mean: 429.3587064676617
gen: 61 best: 359.4 mean: 431.54825870646766
gen: 62 best: 359.4 mean: 430.2417910447761
gen: 63 best: 359.4 mean: 429.8512437810945
gen: 64 best: 359.4 mean: 429.67114427860696
gen: 65 best: 359.4 mean: 430.21194029850744
gen: 66 best: 359.4 mean: 429.0223880597015
gen: 67 best: 359.4 mean: 430.49203980099503
gen: 68 best: 359.4 mean: 429.47512437810946
gen: 69 best: 359.4 mean: 428.155223880597
gen: 70 best: 359.4 mean: 428.77412935323383
gen: 71 best: 359.4 mean: 427.58009950248754
gen: 72 best: 359.4 mean: 428.5457711442786
gen: 73 best: 359.4 mean: 428.4890547263682
gen: 74 best: 359.4 mean: 427.14029850746266
gen: 75 best: 359.4 mean: 427.2507462686567
gen: 76 best: 359.4 mean: 427.2273631840796
gen: 77 best: 359.4 mean: 427.6925373134328
gen: 78 best: 359.4 mean: 426.81990049751244
gen: 79 best: 359.4 mean: 429.0278606965174
gen: 80 best: 359.4 mean: 429.0860696517413
gen: 81 best: 359.4 mean: 426.84378109452734
gen: 82 best: 359.4 mean: 427.5970149253731
gen: 83 best: 359.4 mean: 426.44776119402985
gen: 84 best: 359.4 mean: 427.67512437810944
gen: 85 best: 359.4 mean: 426.1174129353234
gen: 86 best: 359.4 mean: 425.7965174129353
gen: 87 best: 359.4 mean: 426.6646766169154
gen: 88 best: 359.4 mean: 425.69154228855723
gen: 89 best: 359.4 mean: 426.12885572139305
gen: 90 best: 359.4 mean: 427.32835820895525
gen: 91 best: 359.4 mean: 423.55721393034827
gen >92, new best = 356.000
gen: 92 best: 356.0 mean: 424.1129353233831
gen: 93 best: 356.0 mean: 424.7144278606965
gen: 94 best: 356.0 mean: 424.9686567164179
gen: 95 best: 356.0 mean: 423.56865671641793
gen: 96 best: 356.0 mean: 425.93830845771146
gen: 97 best: 356.0 mean: 424.6462686567164
gen: 98 best: 356.0 mean: 422.7910447761194
gen: 99 best: 356.0 mean: 422.765671641791
[7, 8, 8, 8, 7, 9, 7, 8, 10, 7, 8, 8, 9, 7, 8, 9, 9, 9, 9, 8, 8, 10, 9, 7, 7, 8, 8, 9, 7, 8, 7, 7, 9, 10, 8, 7, 8, 8, 7, 9, 8, 8, 8, 8, 7, 8, 7, 9]
Test count of edges: 1469
cat
