Defaulting to user installation because normal site-packages is not writeable
Looking in links: /cvmfs/soft.computecanada.ca/custom/python/wheelhouse/gentoo/avx2, /cvmfs/soft.computecanada.ca/custom/python/wheelhouse/gentoo/generic, /cvmfs/soft.computecanada.ca/custom/python/wheelhouse/generic
Requirement already satisfied: graphviz in /home/js17sy/.local/lib/python3.10/site-packages (0.20)
6; python ga.py 21 768N_graph21.dat 0.025 0.01 0.5 0.5 0.5 201 768N_graph21strictgen1rem50_ 171366
/project/6008788/js17sy/reopenga/768b/ga.py:291: DeprecationWarning: Sampling from a set deprecated
since Python 3.9 and will be removed in a subsequent version.
  child1 = set(random.sample(
gen >0, new best = 486.200
gen >0, new best = 478.800
gen >0, new best = 473.200
gen >0, new best = 463.900
gen >0, new best = 461.700
gen >0, new best = 438.300
gen: 0 best: 438.3 mean: 483.4166666666667
gen >1, new best = 436.700
gen >1, new best = 426.900
gen: 1 best: 426.9 mean: 481.75223880597014
gen: 2 best: 426.9 mean: 479.9009950248756
gen: 3 best: 426.9 mean: 478.71542288557214
gen: 4 best: 426.9 mean: 477.663184079602
gen: 5 best: 426.9 mean: 476.3696517412935
gen >6, new best = 421.500
gen: 6 best: 421.5 mean: 475.5233830845771
gen >7, new best = 420.700
gen >7, new best = 418.000
gen: 7 best: 418.0 mean: 474.70248756218905
gen: 8 best: 418.0 mean: 473.58855721393036
gen: 9 best: 418.0 mean: 473.3771144278607
gen: 10 best: 418.0 mean: 473.06865671641793
gen: 11 best: 418.0 mean: 471.74228855721395
gen: 12 best: 418.0 mean: 471.4139303482587
gen: 13 best: 418.0 mean: 469.11641791044775
gen >14, new best = 414.700
gen >14, new best = 400.700
gen: 14 best: 400.7 mean: 468.89800995024876
gen: 15 best: 400.7 mean: 467.47960199004973
gen: 16 best: 400.7 mean: 468.2562189054726
gen: 17 best: 400.7 mean: 467.49701492537315
gen: 18 best: 400.7 mean: 466.2507462686567
gen: 19 best: 400.7 mean: 465.39651741293534
gen: 20 best: 400.7 mean: 464.95174129353234
gen: 21 best: 400.7 mean: 464.00995024875624
gen: 22 best: 400.7 mean: 463.18059701492535
gen: 23 best: 400.7 mean: 463.5014925373134
gen: 24 best: 400.7 mean: 462.7283582089552
gen >25, new best = 400.500
gen: 25 best: 400.5 mean: 462.7084577114428
gen: 26 best: 400.5 mean: 461.7089552238806
gen: 27 best: 400.5 mean: 460.51592039800994
gen: 28 best: 400.5 mean: 459.46965174129355
gen: 29 best: 400.5 mean: 460.17462686567166
gen: 30 best: 400.5 mean: 458.0845771144279
gen: 31 best: 400.5 mean: 458.14328358208957
gen: 32 best: 400.5 mean: 457.7378109452736
gen: 33 best: 400.5 mean: 457.2771144278607
gen: 34 best: 400.5 mean: 458.23034825870644
gen: 35 best: 400.5 mean: 457.09303482587063
gen >36, new best = 400.100
gen: 36 best: 400.1 mean: 456.381592039801
gen: 37 best: 400.1 mean: 456.44029850746267
gen: 38 best: 400.1 mean: 455.67512437810944
gen: 39 best: 400.1 mean: 454.4855721393035
gen >40, new best = 395.500
gen: 40 best: 395.5 mean: 454.97363184079603
gen: 41 best: 395.5 mean: 454.31044776119404
gen: 42 best: 395.5 mean: 454.00099502487564
gen: 43 best: 395.5 mean: 453.7179104477612
gen: 44 best: 395.5 mean: 452.89800995024876
gen: 45 best: 395.5 mean: 454.1761194029851
gen: 46 best: 395.5 mean: 450.9064676616915
gen: 47 best: 395.5 mean: 451.7547263681592
gen: 48 best: 395.5 mean: 451.4308457711443
gen: 49 best: 395.5 mean: 450.6323383084577
gen: 50 best: 395.5 mean: 449.2233830845771
gen: 51 best: 395.5 mean: 449.8721393034826
gen: 52 best: 395.5 mean: 448.9412935323383
gen: 53 best: 395.5 mean: 449.00248756218906
gen: 54 best: 395.5 mean: 448.68358208955226
gen: 55 best: 395.5 mean: 448.7960199004975
gen: 56 best: 395.5 mean: 448.1825870646766
gen: 57 best: 395.5 mean: 447.6154228855721
gen: 58 best: 395.5 mean: 447.4378109452736
gen: 59 best: 395.5 mean: 446.4094527363184
gen: 60 best: 395.5 mean: 445.4189054726368
gen: 61 best: 395.5 mean: 444.57910447761196
gen: 62 best: 395.5 mean: 444.0363184079602
gen: 63 best: 395.5 mean: 443.61990049751245
gen: 64 best: 395.5 mean: 443.3388059701493
gen: 65 best: 395.5 mean: 443.3497512437811
gen >66, new best = 388.400
gen: 66 best: 388.4 mean: 442.00597014925376
gen: 67 best: 388.4 mean: 442.1223880597015
gen: 68 best: 388.4 mean: 441.3094527363184
gen: 69 best: 388.4 mean: 441.02985074626866
gen >70, new best = 386.800
gen: 70 best: 386.8 mean: 440.5766169154229
gen: 71 best: 386.8 mean: 440.326368159204
gen: 72 best: 386.8 mean: 441.38955223880595
gen: 73 best: 386.8 mean: 440.72786069651744
gen: 74 best: 386.8 mean: 440.7159203980099
gen: 75 best: 386.8 mean: 439.9248756218905
gen: 76 best: 386.8 mean: 438.4492537313433
gen >77, new best = 383.500
gen: 77 best: 383.5 mean: 440.5547263681592
gen >78, new best = 373.200
gen: 78 best: 373.2 mean: 440.66567164179105
gen: 79 best: 373.2 mean: 439.8328358208955
gen: 80 best: 373.2 mean: 439.68606965174126
gen: 81 best: 373.2 mean: 439.8278606965174
gen: 82 best: 373.2 mean: 438.4228855721393
gen: 83 best: 373.2 mean: 438.98805970149255
gen: 84 best: 373.2 mean: 438.88557213930346
gen: 85 best: 373.2 mean: 438.87014925373137
gen: 86 best: 373.2 mean: 439.50597014925376
gen: 87 best: 373.2 mean: 437.9547263681592
gen: 88 best: 373.2 mean: 438.77562189054726
gen: 89 best: 373.2 mean: 437.94427860696516
gen: 90 best: 373.2 mean: 438.55174129353236
gen: 91 best: 373.2 mean: 437.67313432835823
gen: 92 best: 373.2 mean: 438.59850746268654
gen: 93 best: 373.2 mean: 438.24228855721395
gen: 94 best: 373.2 mean: 438.40547263681594
gen: 95 best: 373.2 mean: 438.4029850746269
gen: 96 best: 373.2 mean: 437.663184079602
gen: 97 best: 373.2 mean: 437.05223880597015
gen: 98 best: 373.2 mean: 437.90199004975125
gen: 99 best: 373.2 mean: 437.52835820895524
[13, 11, 12, 12, 10, 10, 9, 12, 9, 13, 10, 11, 10, 10, 9, 9, 9, 11, 11, 9, 12, 10, 10, 9, 11, 10, 10, 11, 9, 11, 9, 10, 13, 9, 11, 11, 10, 10, 10, 15, 10, 11, 10]
Test count of edges: 2403
cat
