Defaulting to user installation because normal site-packages is not writeable
Looking in links: /cvmfs/soft.computecanada.ca/custom/python/wheelhouse/gentoo/avx2, /cvmfs/soft.computecanada.ca/custom/python/wheelhouse/gentoo/generic, /cvmfs/soft.computecanada.ca/custom/python/wheelhouse/generic
Requirement already satisfied: graphviz in /home/js17sy/.local/lib/python3.10/site-packages (0.20)
39; python ga.py 21 768N_graph21.dat 0.025 0.01 0.5 0.7 0.3 201 768N_graph21strictgen2rem50_ 257049
/project/6008788/js17sy/reopenga/768b/ga.py:291: DeprecationWarning: Sampling from a set deprecated
since Python 3.9 and will be removed in a subsequent version.
  child1 = set(random.sample(
gen >0, new best = 488.400
gen >0, new best = 475.100
gen >0, new best = 469.500
gen >0, new best = 466.700
gen: 0 best: 466.7 mean: 482.23333333333335
gen >1, new best = 438.100
gen: 1 best: 438.1 mean: 481.45323383084576
gen: 2 best: 438.1 mean: 481.53880597014927
gen: 3 best: 438.1 mean: 481.7358208955224
gen >4, new best = 437.300
gen: 4 best: 437.3 mean: 481.2174129353234
gen >5, new best = 432.400
gen: 5 best: 432.4 mean: 479.463184079602
gen >6, new best = 419.500
gen: 6 best: 419.5 mean: 479.3452736318408
gen: 7 best: 419.5 mean: 478.74278606965174
gen: 8 best: 419.5 mean: 476.87860696517413
gen: 9 best: 419.5 mean: 477.20049751243783
gen: 10 best: 419.5 mean: 476.0268656716418
gen >11, new best = 415.900
gen: 11 best: 415.9 mean: 476.2945273631841
gen: 12 best: 415.9 mean: 477.05024875621893
gen: 13 best: 415.9 mean: 475.1597014925373
gen: 14 best: 415.9 mean: 475.39253731343285
gen: 15 best: 415.9 mean: 474.9706467661691
gen: 16 best: 415.9 mean: 474.1303482587065
gen: 17 best: 415.9 mean: 473.355223880597
gen: 18 best: 415.9 mean: 473.4597014925373
gen >19, new best = 413.500
gen: 19 best: 413.5 mean: 472.11144278606963
gen: 20 best: 413.5 mean: 470.1412935323383
gen: 21 best: 413.5 mean: 470.5845771144279
gen: 22 best: 413.5 mean: 469.1278606965174
gen: 23 best: 413.5 mean: 469.11144278606963
gen: 24 best: 413.5 mean: 468.3313432835821
gen: 25 best: 413.5 mean: 467.381592039801
gen: 26 best: 413.5 mean: 465.85273631840795
gen: 27 best: 413.5 mean: 466.244776119403
gen: 28 best: 413.5 mean: 466.05621890547263
gen: 29 best: 413.5 mean: 465.65621890547266
gen: 30 best: 413.5 mean: 464.3676616915423
gen: 31 best: 413.5 mean: 464.5905472636816
gen >32, new best = 407.700
gen: 32 best: 407.7 mean: 463.7676616915423
gen: 33 best: 407.7 mean: 462.11442786069654
gen: 34 best: 407.7 mean: 462.9800995024876
gen >35, new best = 407.300
gen: 35 best: 407.3 mean: 461.96218905472637
gen >36, new best = 405.900
gen >36, new best = 363.000
gen: 36 best: 363.0 mean: 460.8587064676617
gen: 37 best: 363.0 mean: 461.51144278606967
gen: 38 best: 363.0 mean: 461.12935323383084
gen: 39 best: 363.0 mean: 460.0716417910448
gen: 40 best: 363.0 mean: 459.76467661691544
gen: 41 best: 363.0 mean: 459.0915422885572
gen: 42 best: 363.0 mean: 457.72636815920396
gen: 43 best: 363.0 mean: 457.37810945273634
gen: 44 best: 363.0 mean: 457.381592039801
gen: 45 best: 363.0 mean: 456.58507462686566
gen: 46 best: 363.0 mean: 457.565671641791
gen: 47 best: 363.0 mean: 457.10199004975124
gen: 48 best: 363.0 mean: 455.2283582089552
gen: 49 best: 363.0 mean: 453.981592039801
gen: 50 best: 363.0 mean: 454.66069651741293
gen: 51 best: 363.0 mean: 453.8019900497512
gen: 52 best: 363.0 mean: 453.42437810945273
gen: 53 best: 363.0 mean: 452.94228855721394
gen: 54 best: 363.0 mean: 454.11641791044775
gen: 55 best: 363.0 mean: 452.3726368159204
gen: 56 best: 363.0 mean: 452.46019900497515
gen: 57 best: 363.0 mean: 453.19900497512435
gen: 58 best: 363.0 mean: 451.1363184079602
gen: 59 best: 363.0 mean: 452.19701492537314
gen: 60 best: 363.0 mean: 451.6850746268657
gen: 61 best: 363.0 mean: 450.7771144278607
gen: 62 best: 363.0 mean: 450.53731343283584
gen: 63 best: 363.0 mean: 450.94825870646764
gen: 64 best: 363.0 mean: 450.32537313432834
gen: 65 best: 363.0 mean: 449.57611940298506
gen: 66 best: 363.0 mean: 449.66567164179105
gen: 67 best: 363.0 mean: 451.6358208955224
gen: 68 best: 363.0 mean: 449.69900497512435
gen: 69 best: 363.0 mean: 449.6681592039801
gen: 70 best: 363.0 mean: 449.7417910447761
gen: 71 best: 363.0 mean: 448.5323383084577
gen: 72 best: 363.0 mean: 448.873631840796
gen: 73 best: 363.0 mean: 446.90149253731346
gen: 74 best: 363.0 mean: 447.9726368159204
gen: 75 best: 363.0 mean: 448.5537313432836
gen: 76 best: 363.0 mean: 448.1363184079602
gen: 77 best: 363.0 mean: 448.92089552238804
gen: 78 best: 363.0 mean: 447.7194029850746
gen: 79 best: 363.0 mean: 446.86169154228855
gen: 80 best: 363.0 mean: 447.82537313432834
gen: 81 best: 363.0 mean: 448.2199004975124
gen: 82 best: 363.0 mean: 447.5179104477612
gen: 83 best: 363.0 mean: 447.59303482587063
gen: 84 best: 363.0 mean: 446.62039800995024
gen: 85 best: 363.0 mean: 447.50248756218906
gen: 86 best: 363.0 mean: 447.39452736318407
gen: 87 best: 363.0 mean: 446.4721393034826
gen: 88 best: 363.0 mean: 445.571144278607
gen: 89 best: 363.0 mean: 445.9004975124378
gen: 90 best: 363.0 mean: 445.2
gen: 91 best: 363.0 mean: 444.33830845771143
gen: 92 best: 363.0 mean: 445.09452736318406
gen: 93 best: 363.0 mean: 445.1154228855721
gen: 94 best: 363.0 mean: 445.56119402985075
gen: 95 best: 363.0 mean: 443.5681592039801
gen: 96 best: 363.0 mean: 443.86567164179104
gen: 97 best: 363.0 mean: 444.49303482587067
gen: 98 best: 363.0 mean: 443.5825870646766
gen: 99 best: 363.0 mean: 444.0437810945274
[11, 10, 10, 10, 10, 9, 12, 9, 11, 11, 10, 11, 10, 13, 10, 10, 10, 11, 10, 11, 11, 11, 10, 12, 11, 11, 10, 11, 12, 13, 9, 11, 9, 11, 11, 11, 10, 12, 11, 9, 12, 12, 11, 11, 11, 11, 12, 12, 11, 12]
Test count of edges: 2378
cat
