Defaulting to user installation because normal site-packages is not writeable
Looking in links: /cvmfs/soft.computecanada.ca/custom/python/wheelhouse/gentoo/avx2, /cvmfs/soft.computecanada.ca/custom/python/wheelhouse/gentoo/generic, /cvmfs/soft.computecanada.ca/custom/python/wheelhouse/generic
Requirement already satisfied: graphviz in /home/js17sy/.local/lib/python3.10/site-packages (0.20)
7; python ga.py 21 768N_graph21.dat 0.025 0.01 0.5 0.5 0.5 201 768N_graph21strictgen1rem50_ 199927
/project/6008788/js17sy/reopenga/768b/ga.py:291: DeprecationWarning: Sampling from a set deprecated
since Python 3.9 and will be removed in a subsequent version.
  child1 = set(random.sample(
gen >0, new best = 492.100
gen >0, new best = 477.500
gen >0, new best = 472.100
gen >0, new best = 467.800
gen >0, new best = 466.900
gen >0, new best = 466.100
gen >0, new best = 459.300
gen: 0 best: 459.3 mean: 482.45522388059703
gen >1, new best = 440.200
gen: 1 best: 440.2 mean: 481.50597014925376
gen >2, new best = 437.100
gen: 2 best: 437.1 mean: 480.02288557213933
gen >3, new best = 427.600
gen: 3 best: 427.6 mean: 478.10746268656715
gen: 4 best: 427.6 mean: 478.7532338308458
gen >5, new best = 423.900
gen: 5 best: 423.9 mean: 477.66915422885575
gen: 6 best: 423.9 mean: 477.35970149253734
gen >7, new best = 420.300
gen: 7 best: 420.3 mean: 475.6960199004975
gen: 8 best: 420.3 mean: 475.47363184079603
gen: 9 best: 420.3 mean: 476.26616915422886
gen: 10 best: 420.3 mean: 474.8587064676617
gen: 11 best: 420.3 mean: 475.818407960199
gen >12, new best = 417.400
gen: 12 best: 417.4 mean: 474.40746268656716
gen: 13 best: 417.4 mean: 473.9820895522388
gen >14, new best = 416.900
gen: 14 best: 416.9 mean: 473.9467661691542
gen: 15 best: 416.9 mean: 472.892039800995
gen: 16 best: 416.9 mean: 472.0149253731343
gen: 17 best: 416.9 mean: 472.05223880597015
gen: 18 best: 416.9 mean: 471.23930348258705
gen: 19 best: 416.9 mean: 470.4562189054726
gen >20, new best = 416.500
gen: 20 best: 416.5 mean: 470.2860696517413
gen: 21 best: 416.5 mean: 468.8542288557214
gen: 22 best: 416.5 mean: 469.74626865671644
gen: 23 best: 416.5 mean: 468.83034825870647
gen >24, new best = 414.600
gen: 24 best: 414.6 mean: 468.37462686567164
gen: 25 best: 414.6 mean: 467.33930348258707
gen: 26 best: 414.6 mean: 468.2507462686567
gen: 27 best: 414.6 mean: 467.20199004975126
gen >28, new best = 405.900
gen: 28 best: 405.9 mean: 466.5636815920398
gen: 29 best: 405.9 mean: 465.39452736318407
gen: 30 best: 405.9 mean: 464.4144278606965
gen: 31 best: 405.9 mean: 463.6557213930348
gen: 32 best: 405.9 mean: 463.3
gen: 33 best: 405.9 mean: 462.3089552238806
gen: 34 best: 405.9 mean: 461.4373134328358
gen: 35 best: 405.9 mean: 461.21094527363186
gen >36, new best = 405.500
gen: 36 best: 405.5 mean: 462.0353233830846
gen: 37 best: 405.5 mean: 461.344776119403
gen: 38 best: 405.5 mean: 460.3975124378109
gen: 39 best: 405.5 mean: 461.38009950248755
gen: 40 best: 405.5 mean: 459.2044776119403
gen: 41 best: 405.5 mean: 460.4502487562189
gen: 42 best: 405.5 mean: 459.3900497512438
gen >43, new best = 402.100
gen: 43 best: 402.1 mean: 458.6134328358209
gen: 44 best: 402.1 mean: 457.2840796019901
gen: 45 best: 402.1 mean: 457.6587064676617
gen: 46 best: 402.1 mean: 458.2835820895522
gen: 47 best: 402.1 mean: 458.0049751243781
gen: 48 best: 402.1 mean: 457.37810945273634
gen: 49 best: 402.1 mean: 456.2009950248756
gen: 50 best: 402.1 mean: 456.32338308457713
gen: 51 best: 402.1 mean: 455.5497512437811
gen: 52 best: 402.1 mean: 455.1870646766169
gen: 53 best: 402.1 mean: 455.307960199005
gen: 54 best: 402.1 mean: 455.5129353233831
gen: 55 best: 402.1 mean: 454.47164179104476
gen: 56 best: 402.1 mean: 453.5875621890547
gen: 57 best: 402.1 mean: 453.9681592039801
gen: 58 best: 402.1 mean: 454.6223880597015
gen >59, new best = 401.900
gen: 59 best: 401.9 mean: 453.5696517412935
gen: 60 best: 401.9 mean: 453.4487562189055
gen: 61 best: 401.9 mean: 453.271144278607
gen: 62 best: 401.9 mean: 452.46666666666664
gen: 63 best: 401.9 mean: 452.9671641791045
gen >64, new best = 399.300
gen: 64 best: 399.3 mean: 452.9009950248756
gen: 65 best: 399.3 mean: 451.11442786069654
gen: 66 best: 399.3 mean: 451.14726368159205
gen: 67 best: 399.3 mean: 451.11442786069654
gen: 68 best: 399.3 mean: 450.6353233830846
gen >69, new best = 399.000
gen: 69 best: 399.0 mean: 450.4636815920398
gen: 70 best: 399.0 mean: 451.04278606965175
gen: 71 best: 399.0 mean: 451.42089552238804
gen: 72 best: 399.0 mean: 450.50995024875624
gen: 73 best: 399.0 mean: 451.18457711442784
gen: 74 best: 399.0 mean: 449.28457711442786
gen: 75 best: 399.0 mean: 449.9681592039801
gen: 76 best: 399.0 mean: 448.9582089552239
gen: 77 best: 399.0 mean: 449.61990049751245
gen: 78 best: 399.0 mean: 449.118407960199
gen: 79 best: 399.0 mean: 448.6870646766169
gen: 80 best: 399.0 mean: 448.56716417910445
gen: 81 best: 399.0 mean: 449.1597014925373
gen: 82 best: 399.0 mean: 449.12587064676615
gen >83, new best = 396.400
gen: 83 best: 396.4 mean: 448.11094527363184
gen: 84 best: 396.4 mean: 448.36915422885573
gen: 85 best: 396.4 mean: 448.88855721393037
gen: 86 best: 396.4 mean: 448.37810945273634
gen: 87 best: 396.4 mean: 448.3850746268657
gen: 88 best: 396.4 mean: 448.62537313432836
gen: 89 best: 396.4 mean: 448.70746268656717
gen: 90 best: 396.4 mean: 447.48407960199006
gen: 91 best: 396.4 mean: 448.271144278607
gen: 92 best: 396.4 mean: 447.23880597014926
gen: 93 best: 396.4 mean: 447.1900497512438
gen: 94 best: 396.4 mean: 446.54825870646766
gen: 95 best: 396.4 mean: 446.1955223880597
gen >96, new best = 391.900
gen: 96 best: 391.9 mean: 446.5696517412935
gen: 97 best: 391.9 mean: 445.4432835820896
gen: 98 best: 391.9 mean: 447.3830845771144
gen >99, new best = 390.900
gen: 99 best: 390.9 mean: 445.4154228855721
[11, 11, 13, 10, 10, 11, 11, 10, 9, 11, 11, 10, 11, 11, 11, 11, 10, 10, 11, 10, 11, 10, 10, 10, 11, 13, 13, 9, 11, 12, 10, 9, 9, 13, 11, 11, 11, 9, 9, 10, 11, 10, 11, 10, 10, 11, 11, 10, 10, 10]
Test count of edges: 2414
cat
