Defaulting to user installation because normal site-packages is not writeable
Looking in links: /cvmfs/soft.computecanada.ca/custom/python/wheelhouse/gentoo/avx2, /cvmfs/soft.computecanada.ca/custom/python/wheelhouse/gentoo/generic, /cvmfs/soft.computecanada.ca/custom/python/wheelhouse/generic
Requirement already satisfied: graphviz in /home/js17sy/.local/lib/python3.10/site-packages (0.20)
466; python ga.py 21 768N_graph21.dat 0.075 0.03 0.7 0.5 0.5 201 768N_graph21laxgen1rem70_ 456976
/project/6008788/js17sy/reopenga/768b/ga.py:291: DeprecationWarning: Sampling from a set deprecated
since Python 3.9 and will be removed in a subsequent version.
  child1 = set(random.sample(
gen >0, new best = 494.800
gen >0, new best = 483.600
gen >0, new best = 475.200
gen >0, new best = 459.600
gen >0, new best = 455.100
gen >0, new best = 451.300
gen >0, new best = 448.200
gen >0, new best = 441.600
gen: 0 best: 441.6 mean: 494.3281094527363
gen >1, new best = 436.600
gen: 1 best: 436.6 mean: 491.02537313432833
gen >2, new best = 432.300
gen: 2 best: 432.3 mean: 489.46069651741294
gen >3, new best = 429.800
gen: 3 best: 429.8 mean: 484.5353233830846
gen: 4 best: 429.8 mean: 482.72985074626865
gen >5, new best = 418.100
gen: 5 best: 418.1 mean: 482.48059701492537
gen: 6 best: 418.1 mean: 482.25572139303483
gen >7, new best = 392.600
gen: 7 best: 392.6 mean: 479.5039800995025
gen: 8 best: 392.6 mean: 477.5781094527363
gen: 9 best: 392.6 mean: 476.6955223880597
gen: 10 best: 392.6 mean: 473.00248756218906
gen: 11 best: 392.6 mean: 470.22039800995026
gen: 12 best: 392.6 mean: 470.6452736318408
gen: 13 best: 392.6 mean: 470.1059701492537
gen: 14 best: 392.6 mean: 469.05174129353236
gen: 15 best: 392.6 mean: 465.981592039801
gen: 16 best: 392.6 mean: 465.0328358208955
gen: 17 best: 392.6 mean: 463.33830845771143
gen: 18 best: 392.6 mean: 460.7930348258706
gen >19, new best = 372.600
gen: 19 best: 372.6 mean: 461.63830845771145
gen: 20 best: 372.6 mean: 457.8353233830846
gen: 21 best: 372.6 mean: 458.38358208955225
gen: 22 best: 372.6 mean: 454.2238805970149
gen: 23 best: 372.6 mean: 454.4268656716418
gen: 24 best: 372.6 mean: 451.80298507462686
gen: 25 best: 372.6 mean: 451.44378109452737
gen: 26 best: 372.6 mean: 452.4094527363184
gen: 27 best: 372.6 mean: 450.1303482587065
gen: 28 best: 372.6 mean: 448.8641791044776
gen: 29 best: 372.6 mean: 448.62985074626863
gen: 30 best: 372.6 mean: 445.85074626865674
gen: 31 best: 372.6 mean: 445.0223880597015
gen: 32 best: 372.6 mean: 443.71094527363186
gen >33, new best = 369.500
gen: 33 best: 369.5 mean: 445.34378109452734
gen: 34 best: 369.5 mean: 442.68805970149253
gen: 35 best: 369.5 mean: 443.4283582089552
gen: 36 best: 369.5 mean: 444.13880597014924
gen: 37 best: 369.5 mean: 443.6462686567164
gen: 38 best: 369.5 mean: 441.4955223880597
gen: 39 best: 369.5 mean: 441.2825870646766
gen: 40 best: 369.5 mean: 442.27213930348256
gen: 41 best: 369.5 mean: 439.11592039800996
gen: 42 best: 369.5 mean: 437.99154228855724
gen: 43 best: 369.5 mean: 439.76467661691544
gen: 44 best: 369.5 mean: 439.2945273631841
gen >45, new best = 358.000
gen: 45 best: 358.0 mean: 437.8044776119403
gen: 46 best: 358.0 mean: 436.7054726368159
gen: 47 best: 358.0 mean: 437.5014925373134
gen: 48 best: 358.0 mean: 437.02885572139303
gen: 49 best: 358.0 mean: 436.79751243781095
gen: 50 best: 358.0 mean: 435.8358208955224
gen: 51 best: 358.0 mean: 433.8970149253731
gen: 52 best: 358.0 mean: 437.4651741293532
gen: 53 best: 358.0 mean: 436.70199004975126
gen: 54 best: 358.0 mean: 434.85671641791043
gen: 55 best: 358.0 mean: 434.5601990049751
gen: 56 best: 358.0 mean: 434.68407960199005
gen: 57 best: 358.0 mean: 433.82487562189056
gen: 58 best: 358.0 mean: 431.210447761194
gen: 59 best: 358.0 mean: 432.34278606965177
gen: 60 best: 358.0 mean: 433.23532338308456
gen: 61 best: 358.0 mean: 433.1626865671642
gen: 62 best: 358.0 mean: 432.09751243781096
gen: 63 best: 358.0 mean: 430.8950248756219
gen: 64 best: 358.0 mean: 430.6865671641791
gen: 65 best: 358.0 mean: 431.2950248756219
gen: 66 best: 358.0 mean: 430.1646766169154
gen: 67 best: 358.0 mean: 432.02039800995027
gen: 68 best: 358.0 mean: 431.618407960199
gen: 69 best: 358.0 mean: 430.5751243781095
gen: 70 best: 358.0 mean: 429.29402985074626
gen: 71 best: 358.0 mean: 428.74825870646765
gen: 72 best: 358.0 mean: 429.252736318408
gen: 73 best: 358.0 mean: 429.99203980099503
gen: 74 best: 358.0 mean: 430.1462686567164
gen: 75 best: 358.0 mean: 429.1507462686567
gen: 76 best: 358.0 mean: 430.03383084577115
gen: 77 best: 358.0 mean: 429.05174129353236
gen: 78 best: 358.0 mean: 428.9686567164179
gen: 79 best: 358.0 mean: 430.373631840796
gen: 80 best: 358.0 mean: 427.9363184079602
gen: 81 best: 358.0 mean: 429.6507462686567
gen: 82 best: 358.0 mean: 428.06716417910445
gen >83, new best = 355.600
gen: 83 best: 355.6 mean: 427.6
gen: 84 best: 355.6 mean: 427.3810945273632
gen: 85 best: 355.6 mean: 428.18358208955226
gen: 86 best: 355.6 mean: 428.6855721393035
gen: 87 best: 355.6 mean: 429.3532338308458
gen: 88 best: 355.6 mean: 428.8950248756219
gen: 89 best: 355.6 mean: 428.3606965174129
gen: 90 best: 355.6 mean: 427.82089552238807
gen: 91 best: 355.6 mean: 425.23383084577114
gen: 92 best: 355.6 mean: 427.4119402985075
gen: 93 best: 355.6 mean: 426.17462686567166
gen: 94 best: 355.6 mean: 427.2766169154229
gen: 95 best: 355.6 mean: 427.28308457711444
gen: 96 best: 355.6 mean: 426.56318407960197
gen: 97 best: 355.6 mean: 425.2034825870647
gen: 98 best: 355.6 mean: 426.20995024875623
gen: 99 best: 355.6 mean: 426.307960199005
[9, 10, 7, 8, 7, 9, 7, 7, 7, 8, 8, 8, 8, 8, 8, 7, 8, 7, 7, 7, 8, 7, 8, 8, 8, 7, 7, 8, 7, 8, 8, 9, 7, 8, 8, 11, 8, 7, 8, 8, 8, 8, 7, 8, 7, 8, 8, 7, 9]
Test count of edges: 1462
cat
