Defaulting to user installation because normal site-packages is not writeable
Looking in links: /cvmfs/soft.computecanada.ca/custom/python/wheelhouse/gentoo/avx2, /cvmfs/soft.computecanada.ca/custom/python/wheelhouse/gentoo/generic, /cvmfs/soft.computecanada.ca/custom/python/wheelhouse/generic
Requirement already satisfied: graphviz in /home/js17sy/.local/lib/python3.10/site-packages (0.20)
682; python ga.py 21 768N_graph21.dat 0.1 0.04 0.7 0.7 0.3 201 768N_graph21leerygen2rem70_ 628342
/project/6008788/js17sy/reopenga/768b/ga.py:291: DeprecationWarning: Sampling from a set deprecated
since Python 3.9 and will be removed in a subsequent version.
  child1 = set(random.sample(
gen >0, new best = 479.900
gen >0, new best = 472.800
gen >0, new best = 470.200
gen >0, new best = 470.100
gen >0, new best = 463.800
gen: 0 best: 463.8 mean: 500.1129353233831
gen >1, new best = 463.100
gen >1, new best = 458.500
gen >1, new best = 446.100
gen: 1 best: 446.1 mean: 500.0004975124378
gen >2, new best = 443.500
gen: 2 best: 443.5 mean: 498.92039800995025
gen >3, new best = 429.000
gen: 3 best: 429.0 mean: 496.80298507462686
gen: 4 best: 429.0 mean: 494.9467661691542
gen: 5 best: 429.0 mean: 494.0970149253731
gen: 6 best: 429.0 mean: 493.13432835820896
gen >7, new best = 428.600
gen: 7 best: 428.6 mean: 491.3905472636816
gen: 8 best: 428.6 mean: 490.4820895522388
gen: 9 best: 428.6 mean: 488.74228855721395
gen: 10 best: 428.6 mean: 486.5731343283582
gen: 11 best: 428.6 mean: 483.46965174129355
gen: 12 best: 428.6 mean: 485.1925373134328
gen: 13 best: 428.6 mean: 484.5218905472637
gen >14, new best = 413.300
gen: 14 best: 413.3 mean: 483.918407960199
gen: 15 best: 413.3 mean: 481.5402985074627
gen: 16 best: 413.3 mean: 479.2094527363184
gen: 17 best: 413.3 mean: 480.2651741293532
gen: 18 best: 413.3 mean: 477.1194029850746
gen: 19 best: 413.3 mean: 476.3825870646766
gen: 20 best: 413.3 mean: 474.607960199005
gen: 21 best: 413.3 mean: 474.9487562189055
gen >22, new best = 401.400
gen: 22 best: 401.4 mean: 472.7457711442786
gen: 23 best: 401.4 mean: 473.32935323383083
gen: 24 best: 401.4 mean: 470.03731343283584
gen: 25 best: 401.4 mean: 470.44975124378107
gen: 26 best: 401.4 mean: 469.3880597014925
gen: 27 best: 401.4 mean: 470.5865671641791
gen: 28 best: 401.4 mean: 468.5278606965174
gen: 29 best: 401.4 mean: 468.47164179104476
gen: 30 best: 401.4 mean: 467.52039800995027
gen: 31 best: 401.4 mean: 467.7597014925373
gen: 32 best: 401.4 mean: 467.155223880597
gen: 33 best: 401.4 mean: 466.692039800995
gen: 34 best: 401.4 mean: 467.7636815920398
gen: 35 best: 401.4 mean: 465.1467661691542
gen: 36 best: 401.4 mean: 465.36218905472634
gen: 37 best: 401.4 mean: 463.62885572139305
gen: 38 best: 401.4 mean: 464.0313432835821
gen: 39 best: 401.4 mean: 464.5995024875622
gen: 40 best: 401.4 mean: 464.3134328358209
gen: 41 best: 401.4 mean: 461.0129353233831
gen: 42 best: 401.4 mean: 461.6587064676617
gen: 43 best: 401.4 mean: 461.09601990049754
gen: 44 best: 401.4 mean: 459.7194029850746
gen: 45 best: 401.4 mean: 460.4681592039801
gen >46, new best = 373.200
gen: 46 best: 373.2 mean: 459.547263681592
gen: 47 best: 373.2 mean: 460.2084577114428
gen: 48 best: 373.2 mean: 458.3099502487562
gen: 49 best: 373.2 mean: 457.9776119402985
gen: 50 best: 373.2 mean: 457.7398009950249
gen: 51 best: 373.2 mean: 456.3512437810945
gen: 52 best: 373.2 mean: 457.54328358208954
gen: 53 best: 373.2 mean: 456.84776119402983
gen: 54 best: 373.2 mean: 456.34328358208955
gen: 55 best: 373.2 mean: 456.12885572139305
gen: 56 best: 373.2 mean: 455.8089552238806
gen: 57 best: 373.2 mean: 455.6358208955224
gen: 58 best: 373.2 mean: 456.3218905472637
gen: 59 best: 373.2 mean: 454.48805970149255
gen: 60 best: 373.2 mean: 453.9278606965174
gen: 61 best: 373.2 mean: 455.68805970149253
gen: 62 best: 373.2 mean: 454.6995024875622
gen: 63 best: 373.2 mean: 454.67313432835823
gen: 64 best: 373.2 mean: 453.53383084577115
gen: 65 best: 373.2 mean: 452.65273631840796
gen: 66 best: 373.2 mean: 453.5905472636816
gen: 67 best: 373.2 mean: 452.33930348258707
gen: 68 best: 373.2 mean: 453.8228855721393
gen: 69 best: 373.2 mean: 453.4666666666667
gen: 70 best: 373.2 mean: 452.20995024875623
gen: 71 best: 373.2 mean: 452.5512437810945
gen: 72 best: 373.2 mean: 451.6537313432836
gen: 73 best: 373.2 mean: 450.9810945273632
gen: 74 best: 373.2 mean: 450.93333333333334
gen: 75 best: 373.2 mean: 450.4995024875622
gen: 76 best: 373.2 mean: 451.0676616915423
gen: 77 best: 373.2 mean: 452.4781094527363
gen: 78 best: 373.2 mean: 451.64029850746266
gen: 79 best: 373.2 mean: 448.7860696517413
gen: 80 best: 373.2 mean: 450.74228855721395
gen: 81 best: 373.2 mean: 449.6333333333333
gen: 82 best: 373.2 mean: 451.53930348258706
gen: 83 best: 373.2 mean: 453.0
gen: 84 best: 373.2 mean: 451.07412935323384
gen: 85 best: 373.2 mean: 451.3223880597015
gen: 86 best: 373.2 mean: 450.2542288557214
gen: 87 best: 373.2 mean: 450.59303482587063
gen: 88 best: 373.2 mean: 448.7855721393035
gen: 89 best: 373.2 mean: 448.7089552238806
gen: 90 best: 373.2 mean: 449.2457711442786
gen: 91 best: 373.2 mean: 449.6029850746269
gen: 92 best: 373.2 mean: 449.7233830845771
gen: 93 best: 373.2 mean: 450.15820895522387
gen: 94 best: 373.2 mean: 450.0089552238806
gen: 95 best: 373.2 mean: 448.8646766169154
gen: 96 best: 373.2 mean: 449.20646766169153
gen: 97 best: 373.2 mean: 447.55223880597015
gen: 98 best: 373.2 mean: 448.7084577114428
gen: 99 best: 373.2 mean: 451.0417910447761
[8, 8, 7, 8, 7, 7, 8, 7, 7, 7, 7, 7, 7, 7, 8, 8, 8, 9, 7, 8, 7, 7, 8, 8, 8, 8, 8, 7, 8, 8, 8, 8, 7, 9, 6, 7, 8, 7, 7, 7, 7, 8, 8, 7, 7, 7, 10, 7, 7, 8]
Test count of edges: 1437
cat
