Defaulting to user installation because normal site-packages is not writeable
Looking in links: /cvmfs/soft.computecanada.ca/custom/python/wheelhouse/gentoo/avx2, /cvmfs/soft.computecanada.ca/custom/python/wheelhouse/gentoo/generic, /cvmfs/soft.computecanada.ca/custom/python/wheelhouse/generic
Requirement already satisfied: graphviz in /home/js17sy/.local/lib/python3.10/site-packages (0.20)
4; python ga.py 21 768N_graph21.dat 0.025 0.01 0.5 0.5 0.5 201 768N_graph21strictgen1rem50_ 114244
/project/6008788/js17sy/reopenga/768b/ga.py:291: DeprecationWarning: Sampling from a set deprecated
since Python 3.9 and will be removed in a subsequent version.
  child1 = set(random.sample(
gen >0, new best = 492.600
gen >0, new best = 475.800
gen >0, new best = 465.300
gen >0, new best = 464.000
gen: 0 best: 464.0 mean: 481.8353233830846
gen >1, new best = 462.800
gen >1, new best = 447.200
gen >1, new best = 435.100
gen: 1 best: 435.1 mean: 481.42935323383085
gen >2, new best = 426.700
gen: 2 best: 426.7 mean: 480.3990049751244
gen: 3 best: 426.7 mean: 479.7213930348259
gen: 4 best: 426.7 mean: 479.5805970149254
gen: 5 best: 426.7 mean: 477.7716417910448
gen >6, new best = 423.600
gen: 6 best: 423.6 mean: 477.3149253731343
gen >7, new best = 417.800
gen: 7 best: 417.8 mean: 475.3039800995025
gen: 8 best: 417.8 mean: 475.5074626865672
gen: 9 best: 417.8 mean: 475.02437810945275
gen: 10 best: 417.8 mean: 474.047263681592
gen: 11 best: 417.8 mean: 474.2034825870647
gen: 12 best: 417.8 mean: 473.49751243781094
gen: 13 best: 417.8 mean: 473.54278606965175
gen: 14 best: 417.8 mean: 473.71492537313435
gen >15, new best = 414.700
gen: 15 best: 414.7 mean: 471.5149253731343
gen: 16 best: 414.7 mean: 471.18756218905474
gen >17, new best = 412.000
gen: 17 best: 412.0 mean: 471.6129353233831
gen: 18 best: 412.0 mean: 469.9671641791045
gen: 19 best: 412.0 mean: 468.19154228855723
gen: 20 best: 412.0 mean: 468.40696517412937
gen: 21 best: 412.0 mean: 467.04278606965175
gen: 22 best: 412.0 mean: 467.0258706467662
gen >23, new best = 409.400
gen: 23 best: 409.4 mean: 466.7641791044776
gen: 24 best: 409.4 mean: 466.1338308457712
gen: 25 best: 409.4 mean: 465.92537313432837
gen: 26 best: 409.4 mean: 466.52139303482585
gen: 27 best: 409.4 mean: 466.3756218905473
gen: 28 best: 409.4 mean: 465.0532338308458
gen: 29 best: 409.4 mean: 464.555223880597
gen: 30 best: 409.4 mean: 464.6452736318408
gen: 31 best: 409.4 mean: 463.692039800995
gen: 32 best: 409.4 mean: 463.9134328358209
gen: 33 best: 409.4 mean: 463.10348258706466
gen: 34 best: 409.4 mean: 461.9577114427861
gen: 35 best: 409.4 mean: 461.7716417910448
gen >36, new best = 408.300
gen: 36 best: 408.3 mean: 460.3606965174129
gen: 37 best: 408.3 mean: 462.23383084577114
gen: 38 best: 408.3 mean: 461.2651741293532
gen >39, new best = 407.700
gen: 39 best: 407.7 mean: 459.99303482587067
gen: 40 best: 407.7 mean: 460.56517412935324
gen: 41 best: 407.7 mean: 460.5542288557214
gen: 42 best: 407.7 mean: 460.5915422885572
gen: 43 best: 407.7 mean: 459.4452736318408
gen: 44 best: 407.7 mean: 460.26467661691544
gen: 45 best: 407.7 mean: 459.4781094527363
gen: 46 best: 407.7 mean: 460.6497512437811
gen: 47 best: 407.7 mean: 460.23880597014926
gen: 48 best: 407.7 mean: 458.92537313432837
gen: 49 best: 407.7 mean: 457.88407960199004
gen: 50 best: 407.7 mean: 457.54676616915424
gen: 51 best: 407.7 mean: 458.62935323383084
gen: 52 best: 407.7 mean: 457.17661691542287
gen >53, new best = 402.500
gen: 53 best: 402.5 mean: 457.5696517412935
gen: 54 best: 402.5 mean: 457.2726368159204
gen: 55 best: 402.5 mean: 457.2457711442786
gen >56, new best = 398.700
gen: 56 best: 398.7 mean: 456.8089552238806
gen: 57 best: 398.7 mean: 456.4646766169154
gen: 58 best: 398.7 mean: 455.2049751243781
gen: 59 best: 398.7 mean: 455.38358208955225
gen: 60 best: 398.7 mean: 454.5955223880597
gen: 61 best: 398.7 mean: 454.4398009950249
gen: 62 best: 398.7 mean: 454.91492537313434
gen: 63 best: 398.7 mean: 455.444776119403
gen: 64 best: 398.7 mean: 455.33482587064674
gen >65, new best = 397.500
gen: 65 best: 397.5 mean: 454.2651741293532
gen: 66 best: 397.5 mean: 454.15323383084575
gen: 67 best: 397.5 mean: 453.826368159204
gen: 68 best: 397.5 mean: 454.0661691542289
gen: 69 best: 397.5 mean: 453.82487562189056
gen >70, new best = 384.200
gen: 70 best: 384.2 mean: 453.06716417910445
gen: 71 best: 384.2 mean: 453.4323383084577
gen: 72 best: 384.2 mean: 453.4651741293532
gen: 73 best: 384.2 mean: 454.1771144278607
gen: 74 best: 384.2 mean: 451.8845771144279
gen: 75 best: 384.2 mean: 452.3676616915423
gen: 76 best: 384.2 mean: 451.6467661691542
gen: 77 best: 384.2 mean: 451.14378109452736
gen: 78 best: 384.2 mean: 451.64925373134326
gen: 79 best: 384.2 mean: 451.82139303482586
gen: 80 best: 384.2 mean: 452.03034825870645
gen: 81 best: 384.2 mean: 450.2905472636816
gen: 82 best: 384.2 mean: 450.6452736318408
gen: 83 best: 384.2 mean: 450.27910447761195
gen: 84 best: 384.2 mean: 451.62587064676615
gen: 85 best: 384.2 mean: 451.72039800995026
gen: 86 best: 384.2 mean: 450.663184079602
gen: 87 best: 384.2 mean: 450.7592039800995
gen: 88 best: 384.2 mean: 452.4432835820896
gen: 89 best: 384.2 mean: 450.8348258706468
gen: 90 best: 384.2 mean: 450.57412935323384
gen: 91 best: 384.2 mean: 451.218407960199
gen: 92 best: 384.2 mean: 451.64378109452736
gen: 93 best: 384.2 mean: 450.86915422885573
gen: 94 best: 384.2 mean: 451.11592039800996
gen: 95 best: 384.2 mean: 451.85572139303486
gen: 96 best: 384.2 mean: 450.3502487562189
gen: 97 best: 384.2 mean: 450.99303482587067
gen: 98 best: 384.2 mean: 450.7985074626866
gen: 99 best: 384.2 mean: 451.2587064676617
[11, 11, 11, 11, 11, 10, 11, 10, 10, 10, 10, 10, 11, 12, 11, 12, 10, 12, 11, 10, 12, 10, 10, 12, 11, 12, 11, 10, 11, 11, 12, 11, 12, 10, 11, 11, 10, 12, 11, 11, 10, 10, 11, 11, 11, 10, 11, 9]
Test count of edges: 2404
cat
