Defaulting to user installation because normal site-packages is not writeable
Looking in links: /cvmfs/soft.computecanada.ca/custom/python/wheelhouse/gentoo/avx2, /cvmfs/soft.computecanada.ca/custom/python/wheelhouse/gentoo/generic, /cvmfs/soft.computecanada.ca/custom/python/wheelhouse/generic
Requirement already satisfied: graphviz in /home/js17sy/.local/lib/python3.10/site-packages (0.20)
699; python ga.py 21 768N_graph21.dat 0.1 0.04 0.7 0.9 0.1 201 768N_graph21leerygen3rem70_ 257049
/project/6008788/js17sy/reopenga/768b/ga.py:291: DeprecationWarning: Sampling from a set deprecated
since Python 3.9 and will be removed in a subsequent version.
  child1 = set(random.sample(
gen >0, new best = 515.500
gen >0, new best = 486.300
gen >0, new best = 485.000
gen >0, new best = 466.800
gen >0, new best = 465.900
gen: 0 best: 465.9 mean: 501.98532338308456
gen >1, new best = 462.700
gen >1, new best = 459.300
gen: 1 best: 459.3 mean: 498.2253731343284
gen >2, new best = 458.000
gen: 2 best: 458.0 mean: 499.8820895522388
gen >3, new best = 455.000
gen: 3 best: 455.0 mean: 497.15820895522387
gen >4, new best = 447.300
gen: 4 best: 447.3 mean: 495.3731343283582
gen >5, new best = 443.800
gen: 5 best: 443.8 mean: 491.3776119402985
gen >6, new best = 429.800
gen: 6 best: 429.8 mean: 487.1243781094527
gen: 7 best: 429.8 mean: 485.0641791044776
gen: 8 best: 429.8 mean: 483.0592039800995
gen: 9 best: 429.8 mean: 483.54328358208954
gen: 10 best: 429.8 mean: 483.58905472636815
gen: 11 best: 429.8 mean: 480.9577114427861
gen: 12 best: 429.8 mean: 480.5726368159204
gen: 13 best: 429.8 mean: 480.1039800995025
gen >14, new best = 429.100
gen: 14 best: 429.1 mean: 478.75671641791047
gen: 15 best: 429.1 mean: 477.13432835820896
gen: 16 best: 429.1 mean: 477.07462686567163
gen >17, new best = 415.300
gen: 17 best: 415.3 mean: 474.63084577114427
gen: 18 best: 415.3 mean: 472.8940298507463
gen: 19 best: 415.3 mean: 474.1029850746269
gen: 20 best: 415.3 mean: 474.2805970149254
gen >21, new best = 412.100
gen: 21 best: 412.1 mean: 472.97860696517415
gen >22, new best = 403.600
gen: 22 best: 403.6 mean: 470.7592039800995
gen: 23 best: 403.6 mean: 467.5860696517413
gen: 24 best: 403.6 mean: 467.65124378109454
gen: 25 best: 403.6 mean: 467.0592039800995
gen: 26 best: 403.6 mean: 467.15273631840796
gen: 27 best: 403.6 mean: 468.18905472636817
gen: 28 best: 403.6 mean: 467.1373134328358
gen: 29 best: 403.6 mean: 466.3442786069652
gen: 30 best: 403.6 mean: 467.26169154228853
gen: 31 best: 403.6 mean: 464.2691542288557
gen: 32 best: 403.6 mean: 464.24427860696517
gen: 33 best: 403.6 mean: 463.355223880597
gen: 34 best: 403.6 mean: 461.7855721393035
gen: 35 best: 403.6 mean: 461.83233830845774
gen: 36 best: 403.6 mean: 459.68805970149253
gen: 37 best: 403.6 mean: 461.4542288557214
gen: 38 best: 403.6 mean: 459.0805970149254
gen: 39 best: 403.6 mean: 459.63432835820896
gen: 40 best: 403.6 mean: 460.60646766169157
gen >41, new best = 391.900
gen: 41 best: 391.9 mean: 458.69900497512435
gen: 42 best: 391.9 mean: 458.1084577114428
gen: 43 best: 391.9 mean: 456.2965174129353
gen: 44 best: 391.9 mean: 456.8636815920398
gen: 45 best: 391.9 mean: 456.6701492537313
gen: 46 best: 391.9 mean: 456.9636815920398
gen: 47 best: 391.9 mean: 455.181592039801
gen >48, new best = 380.600
gen: 48 best: 380.6 mean: 456.1517412935323
gen: 49 best: 380.6 mean: 455.4233830845771
gen: 50 best: 380.6 mean: 452.42388059701494
gen: 51 best: 380.6 mean: 454.3114427860697
gen: 52 best: 380.6 mean: 451.27412935323383
gen: 53 best: 380.6 mean: 451.7800995024876
gen: 54 best: 380.6 mean: 452.1412935323383
gen: 55 best: 380.6 mean: 451.7094527363184
gen: 56 best: 380.6 mean: 452.2681592039801
gen: 57 best: 380.6 mean: 452.42885572139306
gen: 58 best: 380.6 mean: 451.22089552238805
gen: 59 best: 380.6 mean: 449.9233830845771
gen: 60 best: 380.6 mean: 450.7547263681592
gen: 61 best: 380.6 mean: 449.12189054726366
gen: 62 best: 380.6 mean: 450.1641791044776
gen: 63 best: 380.6 mean: 448.92985074626864
gen: 64 best: 380.6 mean: 449.60646766169157
gen: 65 best: 380.6 mean: 450.66517412935326
gen: 66 best: 380.6 mean: 451.4049751243781
gen: 67 best: 380.6 mean: 448.58407960199
gen: 68 best: 380.6 mean: 448.4905472636816
gen: 69 best: 380.6 mean: 449.4213930348259
gen: 70 best: 380.6 mean: 448.80646766169156
gen: 71 best: 380.6 mean: 449.38756218905473
gen: 72 best: 380.6 mean: 449.94825870646764
gen: 73 best: 380.6 mean: 447.5825870646766
gen: 74 best: 380.6 mean: 449.434328358209
gen: 75 best: 380.6 mean: 448.7069651741294
gen: 76 best: 380.6 mean: 445.8805970149254
gen: 77 best: 380.6 mean: 447.79800995024874
gen: 78 best: 380.6 mean: 447.9407960199005
gen: 79 best: 380.6 mean: 445.63283582089554
gen: 80 best: 380.6 mean: 448.90547263681594
gen: 81 best: 380.6 mean: 448.1592039800995
gen: 82 best: 380.6 mean: 445.9985074626866
gen: 83 best: 380.6 mean: 446.2686567164179
gen: 84 best: 380.6 mean: 445.15721393034823
gen: 85 best: 380.6 mean: 446.2492537313433
gen: 86 best: 380.6 mean: 447.2213930348259
gen: 87 best: 380.6 mean: 445.3442786069652
gen: 88 best: 380.6 mean: 445.57562189054727
gen: 89 best: 380.6 mean: 445.29253731343283
gen: 90 best: 380.6 mean: 444.2378109452736
gen: 91 best: 380.6 mean: 445.29253731343283
gen: 92 best: 380.6 mean: 445.33930348258707
gen: 93 best: 380.6 mean: 444.00845771144276
gen: 94 best: 380.6 mean: 442.2636815920398
gen >95, new best = 376.600
gen: 95 best: 376.6 mean: 442.79751243781095
gen >96, new best = 372.500
gen: 96 best: 372.5 mean: 442.2950248756219
gen: 97 best: 372.5 mean: 443.73731343283583
gen: 98 best: 372.5 mean: 443.46268656716416
gen: 99 best: 372.5 mean: 444.0532338308458
[7, 7, 7, 7, 9, 7, 7, 7, 7, 8, 8, 8, 7, 7, 8, 8, 9, 8, 8, 7, 8, 8, 7, 8, 9, 8, 9, 6, 6, 8, 7, 6, 8, 7, 8, 8, 7, 7, 7, 7, 7, 7, 7, 6, 7, 7, 7, 7, 8, 7]
Test count of edges: 1432
cat
