Defaulting to user installation because normal site-packages is not writeable
Looking in links: /cvmfs/soft.computecanada.ca/custom/python/wheelhouse/gentoo/avx2, /cvmfs/soft.computecanada.ca/custom/python/wheelhouse/gentoo/generic, /cvmfs/soft.computecanada.ca/custom/python/wheelhouse/generic
Requirement already satisfied: graphviz in /home/js17sy/.local/lib/python3.10/site-packages (0.20)
417; python ga.py 21 768N_graph21.dat 0.075 0.03 0.5 0.7 0.3 201 768N_graph21laxgen2rem50_ 771147
/project/6008788/js17sy/reopenga/768b/ga.py:291: DeprecationWarning: Sampling from a set deprecated
since Python 3.9 and will be removed in a subsequent version.
  child1 = set(random.sample(
gen >0, new best = 521.400
gen >0, new best = 509.800
gen >0, new best = 505.600
gen >0, new best = 494.000
gen >0, new best = 493.500
gen: 0 best: 493.5 mean: 517.8241293532338
gen >1, new best = 461.700
gen: 1 best: 461.7 mean: 516.3985074626866
gen >2, new best = 460.100
gen: 2 best: 460.1 mean: 514.9303482587064
gen: 3 best: 460.1 mean: 514.7288557213931
gen: 4 best: 460.1 mean: 514.5497512437811
gen: 5 best: 460.1 mean: 514.5412935323383
gen >6, new best = 454.600
gen: 6 best: 454.6 mean: 512.3587064676617
gen: 7 best: 454.6 mean: 512.7437810945273
gen: 8 best: 454.6 mean: 510.97960199004973
gen >9, new best = 453.100
gen: 9 best: 453.1 mean: 508.7402985074627
gen >10, new best = 453.000
gen: 10 best: 453.0 mean: 508.82338308457713
gen: 11 best: 453.0 mean: 509.7323383084577
gen: 12 best: 453.0 mean: 507.7985074626866
gen >13, new best = 447.600
gen: 13 best: 447.6 mean: 506.8258706467662
gen: 14 best: 447.6 mean: 507.0452736318408
gen: 15 best: 447.6 mean: 507.79751243781095
gen: 16 best: 447.6 mean: 505.54278606965175
gen: 17 best: 447.6 mean: 506.77363184079604
gen: 18 best: 447.6 mean: 505.373631840796
gen >19, new best = 444.400
gen: 19 best: 444.4 mean: 504.4651741293532
gen: 20 best: 444.4 mean: 504.08905472636815
gen: 21 best: 444.4 mean: 504.065671641791
gen: 22 best: 444.4 mean: 504.4338308457711
gen: 23 best: 444.4 mean: 503.68009950248756
gen: 24 best: 444.4 mean: 502.7407960199005
gen: 25 best: 444.4 mean: 502.0199004975124
gen: 26 best: 444.4 mean: 502.7761194029851
gen: 27 best: 444.4 mean: 501.307960199005
gen: 28 best: 444.4 mean: 502.47512437810946
gen >29, new best = 441.800
gen: 29 best: 441.8 mean: 500.56119402985075
gen: 30 best: 441.8 mean: 499.55223880597015
gen >31, new best = 437.600
gen: 31 best: 437.6 mean: 499.736815920398
gen >32, new best = 434.300
gen: 32 best: 434.3 mean: 498.5044776119403
gen: 33 best: 434.3 mean: 499.62039800995024
gen: 34 best: 434.3 mean: 498.98258706467664
gen: 35 best: 434.3 mean: 498.0855721393035
gen: 36 best: 434.3 mean: 497.1029850746269
gen: 37 best: 434.3 mean: 497.41293532338307
gen: 38 best: 434.3 mean: 496.3517412935323
gen >39, new best = 430.700
gen: 39 best: 430.7 mean: 497.2716417910448
gen: 40 best: 430.7 mean: 496.5865671641791
gen: 41 best: 430.7 mean: 495.9338308457711
gen: 42 best: 430.7 mean: 497.26069651741295
gen: 43 best: 430.7 mean: 496.65472636815923
gen: 44 best: 430.7 mean: 494.96218905472637
gen: 45 best: 430.7 mean: 495.3512437810945
gen: 46 best: 430.7 mean: 493.7457711442786
gen: 47 best: 430.7 mean: 494.9084577114428
gen: 48 best: 430.7 mean: 494.1303482587065
gen: 49 best: 430.7 mean: 495.3721393034826
gen: 50 best: 430.7 mean: 493.5865671641791
gen: 51 best: 430.7 mean: 493.2990049751244
gen: 52 best: 430.7 mean: 492.50696517412933
gen: 53 best: 430.7 mean: 492.4064676616915
gen: 54 best: 430.7 mean: 491.2437810945274
gen: 55 best: 430.7 mean: 491.37611940298507
gen: 56 best: 430.7 mean: 491.47114427860697
gen: 57 best: 430.7 mean: 491.52885572139303
gen: 58 best: 430.7 mean: 490.47910447761194
gen: 59 best: 430.7 mean: 490.32885572139304
gen: 60 best: 430.7 mean: 489.8905472636816
gen: 61 best: 430.7 mean: 488.6507462686567
gen: 62 best: 430.7 mean: 488.88955223880595
gen: 63 best: 430.7 mean: 489.13781094527366
gen >64, new best = 427.900
gen: 64 best: 427.9 mean: 488.5179104477612
gen: 65 best: 427.9 mean: 488.0865671641791
gen: 66 best: 427.9 mean: 488.4452736318408
gen: 67 best: 427.9 mean: 489.98955223880597
gen: 68 best: 427.9 mean: 487.6243781094527
gen: 69 best: 427.9 mean: 488.65671641791045
gen: 70 best: 427.9 mean: 487.7905472636816
gen: 71 best: 427.9 mean: 488.43830845771146
gen: 72 best: 427.9 mean: 487.94726368159206
gen: 73 best: 427.9 mean: 488.5318407960199
gen >74, new best = 427.400
gen: 74 best: 427.4 mean: 488.2452736318408
gen: 75 best: 427.4 mean: 487.5990049751244
gen: 76 best: 427.4 mean: 487.5805970149254
gen: 77 best: 427.4 mean: 487.37661691542286
gen: 78 best: 427.4 mean: 487.28905472636814
gen: 79 best: 427.4 mean: 488.86169154228855
gen: 80 best: 427.4 mean: 488.3547263681592
gen: 81 best: 427.4 mean: 486.9373134328358
gen >82, new best = 426.300
gen: 82 best: 426.3 mean: 487.79800995024874
gen: 83 best: 426.3 mean: 487.58308457711445
gen: 84 best: 426.3 mean: 487.84875621890546
gen: 85 best: 426.3 mean: 487.4034825870647
gen: 86 best: 426.3 mean: 484.6174129353234
gen: 87 best: 426.3 mean: 486.4412935323383
gen: 88 best: 426.3 mean: 485.5223880597015
gen: 89 best: 426.3 mean: 486.3696517412935
gen: 90 best: 426.3 mean: 485.3731343283582
gen: 91 best: 426.3 mean: 485.289552238806
gen: 92 best: 426.3 mean: 485.4577114427861
gen >93, new best = 423.300
gen: 93 best: 423.3 mean: 483.6323383084577
gen: 94 best: 423.3 mean: 483.2781094527363
gen: 95 best: 423.3 mean: 484.8278606965174
gen: 96 best: 423.3 mean: 484.8004975124378
gen: 97 best: 423.3 mean: 484.97164179104476
gen: 98 best: 423.3 mean: 484.58009950248754
gen: 99 best: 423.3 mean: 483.87064676616916
[8, 9, 9, 8, 8, 9, 10, 9, 8, 9, 8, 8, 8, 9, 9, 8, 11, 8, 8, 10, 8, 8, 8, 8, 8, 9, 9, 9, 8, 8, 8, 8, 8, 9, 8, 8, 11, 8, 8, 9, 9, 8, 8, 8, 8, 8, 11, 10, 8, 8]
Test count of edges: 2396
cat
