Defaulting to user installation because normal site-packages is not writeable
Looking in links: /cvmfs/soft.computecanada.ca/custom/python/wheelhouse/gentoo/avx2, /cvmfs/soft.computecanada.ca/custom/python/wheelhouse/gentoo/generic, /cvmfs/soft.computecanada.ca/custom/python/wheelhouse/generic
Requirement already satisfied: graphviz in /home/js17sy/.local/lib/python3.10/site-packages (0.20)
526; python ga.py 21 768N_graph21.dat 0.075 0.03 0.7 0.9 0.1 201 768N_graph21laxgen3rem70_ 456976
/project/6008788/js17sy/reopenga/768b/ga.py:291: DeprecationWarning: Sampling from a set deprecated
since Python 3.9 and will be removed in a subsequent version.
  child1 = set(random.sample(
gen >0, new best = 494.800
gen >0, new best = 483.600
gen >0, new best = 475.200
gen >0, new best = 459.600
gen >0, new best = 455.100
gen >0, new best = 451.300
gen >0, new best = 448.200
gen >0, new best = 441.600
gen: 0 best: 441.6 mean: 494.3281094527363
gen: 1 best: 441.6 mean: 491.307960199005
gen >2, new best = 440.700
gen >2, new best = 416.900
gen: 2 best: 416.9 mean: 488.28109452736317
gen: 3 best: 416.9 mean: 487.9233830845771
gen: 4 best: 416.9 mean: 484.6825870646766
gen: 5 best: 416.9 mean: 480.289552238806
gen: 6 best: 416.9 mean: 478.84875621890546
gen >7, new best = 399.700
gen: 7 best: 399.7 mean: 474.43830845771146
gen: 8 best: 399.7 mean: 474.65721393034823
gen: 9 best: 399.7 mean: 471.89104477611943
gen: 10 best: 399.7 mean: 470.6
gen: 11 best: 399.7 mean: 468.0771144278607
gen: 12 best: 399.7 mean: 465.18059701492535
gen: 13 best: 399.7 mean: 464.8134328358209
gen: 14 best: 399.7 mean: 461.963184079602
gen: 15 best: 399.7 mean: 460.2955223880597
gen: 16 best: 399.7 mean: 459.52537313432833
gen: 17 best: 399.7 mean: 457.9875621890547
gen >18, new best = 382.600
gen: 18 best: 382.6 mean: 454.9119402985075
gen: 19 best: 382.6 mean: 454.85820895522386
gen: 20 best: 382.6 mean: 453.7681592039801
gen: 21 best: 382.6 mean: 453.92089552238804
gen: 22 best: 382.6 mean: 450.30298507462686
gen: 23 best: 382.6 mean: 450.0164179104478
gen: 24 best: 382.6 mean: 451.0915422885572
gen: 25 best: 382.6 mean: 448.1442786069652
gen: 26 best: 382.6 mean: 448.29950248756217
gen >27, new best = 381.600
gen: 27 best: 381.6 mean: 446.2233830845771
gen: 28 best: 381.6 mean: 443.9084577114428
gen: 29 best: 381.6 mean: 444.4820895522388
gen: 30 best: 381.6 mean: 445.4905472636816
gen: 31 best: 381.6 mean: 444.7681592039801
gen: 32 best: 381.6 mean: 441.68208955223884
gen >33, new best = 380.600
gen: 33 best: 380.6 mean: 440.1482587064677
gen: 34 best: 380.6 mean: 440.6771144278607
gen: 35 best: 380.6 mean: 440.45671641791046
gen >36, new best = 370.100
gen: 36 best: 370.1 mean: 440.836815920398
gen: 37 best: 370.1 mean: 436.234328358209
gen: 38 best: 370.1 mean: 436.1577114427861
gen: 39 best: 370.1 mean: 437.07064676616915
gen: 40 best: 370.1 mean: 435.86169154228855
gen: 41 best: 370.1 mean: 436.3995024875622
gen: 42 best: 370.1 mean: 435.17064676616917
gen: 43 best: 370.1 mean: 436.5223880597015
gen: 44 best: 370.1 mean: 435.3681592039801
gen: 45 best: 370.1 mean: 434.9960199004975
gen: 46 best: 370.1 mean: 432.48805970149255
gen: 47 best: 370.1 mean: 435.34378109452734
gen: 48 best: 370.1 mean: 432.16019900497514
gen: 49 best: 370.1 mean: 434.9925373134328
gen: 50 best: 370.1 mean: 432.7592039800995
gen: 51 best: 370.1 mean: 432.71890547263683
gen: 52 best: 370.1 mean: 432.4009950248756
gen: 53 best: 370.1 mean: 432.5805970149254
gen: 54 best: 370.1 mean: 428.85970149253734
gen: 55 best: 370.1 mean: 430.70746268656717
gen: 56 best: 370.1 mean: 429.4009950248756
gen: 57 best: 370.1 mean: 428.1537313432836
gen: 58 best: 370.1 mean: 429.65671641791045
gen: 59 best: 370.1 mean: 428.0402985074627
gen: 60 best: 370.1 mean: 428.7164179104478
gen: 61 best: 370.1 mean: 427.9318407960199
gen: 62 best: 370.1 mean: 427.9233830845771
gen: 63 best: 370.1 mean: 425.5139303482587
gen >64, new best = 367.000
gen: 64 best: 367.0 mean: 427.4432835820896
gen: 65 best: 367.0 mean: 429.09253731343284
gen: 66 best: 367.0 mean: 427.11442786069654
gen: 67 best: 367.0 mean: 426.18905472636817
gen: 68 best: 367.0 mean: 428.38756218905473
gen: 69 best: 367.0 mean: 426.2159203980099
gen: 70 best: 367.0 mean: 427.1313432835821
gen: 71 best: 367.0 mean: 423.8791044776119
gen: 72 best: 367.0 mean: 424.9766169154229
gen: 73 best: 367.0 mean: 423.33482587064674
gen >74, new best = 359.600
gen: 74 best: 359.6 mean: 422.63880597014924
gen: 75 best: 359.6 mean: 425.1099502487562
gen: 76 best: 359.6 mean: 423.4950248756219
gen: 77 best: 359.6 mean: 423.7915422885572
gen: 78 best: 359.6 mean: 423.8791044776119
gen: 79 best: 359.6 mean: 423.363184079602
gen: 80 best: 359.6 mean: 423.46965174129355
gen: 81 best: 359.6 mean: 423.65223880597017
gen: 82 best: 359.6 mean: 422.66069651741293
gen: 83 best: 359.6 mean: 420.59751243781096
gen: 84 best: 359.6 mean: 421.7069651741294
gen: 85 best: 359.6 mean: 420.9407960199005
gen: 86 best: 359.6 mean: 421.65223880597017
gen: 87 best: 359.6 mean: 422.4194029850746
gen: 88 best: 359.6 mean: 418.6641791044776
gen: 89 best: 359.6 mean: 422.12139303482587
gen: 90 best: 359.6 mean: 421.69303482587065
gen: 91 best: 359.6 mean: 419.79353233830847
gen: 92 best: 359.6 mean: 419.08407960199
gen: 93 best: 359.6 mean: 420.9124378109453
gen >94, new best = 347.400
gen: 94 best: 347.4 mean: 418.2786069651741
gen: 95 best: 347.4 mean: 420.50199004975127
gen: 96 best: 347.4 mean: 421.18905472636817
gen >97, new best = 346.500
gen: 97 best: 346.5 mean: 420.39651741293534
gen: 98 best: 346.5 mean: 419.68805970149253
gen: 99 best: 346.5 mean: 418.36119402985076
[8, 7, 9, 8, 8, 7, 8, 8, 7, 9, 7, 8, 8, 8, 8, 8, 7, 7, 7, 8, 8, 7, 8, 8, 8, 8, 8, 8, 8, 8, 7, 7, 8, 8, 8, 9, 10, 8, 8, 8, 9, 8, 7, 9, 8, 7, 8, 7, 8, 8]
Test count of edges: 1432
cat
