Defaulting to user installation because normal site-packages is not writeable
Looking in links: /cvmfs/soft.computecanada.ca/custom/python/wheelhouse/gentoo/avx2, /cvmfs/soft.computecanada.ca/custom/python/wheelhouse/gentoo/generic, /cvmfs/soft.computecanada.ca/custom/python/wheelhouse/generic
Requirement already satisfied: graphviz in /home/js17sy/.local/lib/python3.10/site-packages (0.20)
154; python ga.py 21 768N_graph21.dat 0.025 0.01 0.7 0.9 0.1 201 768N_graph21strictgen3rem70_ 114244
/project/6008788/js17sy/reopenga/768b/ga.py:291: DeprecationWarning: Sampling from a set deprecated
since Python 3.9 and will be removed in a subsequent version.
  child1 = set(random.sample(
gen >0, new best = 421.300
gen >0, new best = 381.800
gen >0, new best = 376.800
gen >0, new best = 355.900
gen: 0 best: 355.9 mean: 448.505223880597
gen >1, new best = 317.300
gen: 1 best: 317.3 mean: 441.5970149253731
gen: 2 best: 317.3 mean: 440.46218905472637
gen: 3 best: 317.3 mean: 436.27611940298505
gen: 4 best: 317.3 mean: 430.28109452736317
gen: 5 best: 317.3 mean: 424.3970149253731
gen: 6 best: 317.3 mean: 420.752736318408
gen: 7 best: 317.3 mean: 418.228855721393
gen: 8 best: 317.3 mean: 419.9761194029851
gen: 9 best: 317.3 mean: 415.55721393034827
gen: 10 best: 317.3 mean: 415.32338308457713
gen: 11 best: 317.3 mean: 407.52985074626866
gen: 12 best: 317.3 mean: 407.1542288557214
gen: 13 best: 317.3 mean: 404.2094527363184
gen: 14 best: 317.3 mean: 401.45671641791046
gen: 15 best: 317.3 mean: 404.68059701492535
gen: 16 best: 317.3 mean: 401.43681592039803
gen: 17 best: 317.3 mean: 401.1119402985075
gen: 18 best: 317.3 mean: 397.29203980099504
gen: 19 best: 317.3 mean: 399.13880597014924
gen: 20 best: 317.3 mean: 396.4009950248756
gen >21, new best = 311.500
gen: 21 best: 311.5 mean: 396.4562189054726
gen: 22 best: 311.5 mean: 391.336815920398
gen: 23 best: 311.5 mean: 389.6825870646766
gen: 24 best: 311.5 mean: 389.10199004975124
gen: 25 best: 311.5 mean: 391.3278606965174
gen: 26 best: 311.5 mean: 385.71691542288556
gen: 27 best: 311.5 mean: 386.6049751243781
gen >28, new best = 311.100
gen: 28 best: 311.1 mean: 385.5199004975124
gen >29, new best = 307.100
gen >29, new best = 299.500
gen: 29 best: 299.5 mean: 384.4766169154229
gen: 30 best: 299.5 mean: 382.3636815920398
gen: 31 best: 299.5 mean: 380.7497512437811
gen: 32 best: 299.5 mean: 383.6781094527363
gen: 33 best: 299.5 mean: 380.6154228855721
gen: 34 best: 299.5 mean: 379.6855721393035
gen: 35 best: 299.5 mean: 376.602487562189
gen: 36 best: 299.5 mean: 375.5417910447761
gen: 37 best: 299.5 mean: 379.0313432835821
gen: 38 best: 299.5 mean: 377.5497512437811
gen: 39 best: 299.5 mean: 377.59452736318406
gen: 40 best: 299.5 mean: 374.86218905472634
gen >41, new best = 288.000
gen: 41 best: 288.0 mean: 374.43333333333334
gen: 42 best: 288.0 mean: 376.5805970149254
gen: 43 best: 288.0 mean: 374.963184079602
gen: 44 best: 288.0 mean: 371.31940298507465
gen: 45 best: 288.0 mean: 369.1174129353234
gen: 46 best: 288.0 mean: 369.87810945273634
gen: 47 best: 288.0 mean: 371.9009950248756
gen: 48 best: 288.0 mean: 370.40199004975125
gen: 49 best: 288.0 mean: 368.4009950248756
gen: 50 best: 288.0 mean: 365.02487562189054
gen: 51 best: 288.0 mean: 365.0626865671642
gen: 52 best: 288.0 mean: 367.74328358208953
gen: 53 best: 288.0 mean: 364.59203980099505
gen: 54 best: 288.0 mean: 366.12487562189057
gen: 55 best: 288.0 mean: 368.3228855721393
gen: 56 best: 288.0 mean: 365.6094527363184
gen: 57 best: 288.0 mean: 365.25771144278605
gen: 58 best: 288.0 mean: 363.9890547263682
gen: 59 best: 288.0 mean: 364.84378109452734
gen: 60 best: 288.0 mean: 363.6577114427861
gen: 61 best: 288.0 mean: 364.0875621890547
gen: 62 best: 288.0 mean: 362.49203980099503
gen: 63 best: 288.0 mean: 362.1174129353234
gen: 64 best: 288.0 mean: 361.4557213930348
gen: 65 best: 288.0 mean: 360.13084577114427
gen: 66 best: 288.0 mean: 360.22786069651744
gen: 67 best: 288.0 mean: 359.61592039800996
gen: 68 best: 288.0 mean: 357.91492537313434
gen: 69 best: 288.0 mean: 357.53383084577115
gen: 70 best: 288.0 mean: 357.1009950248756
gen: 71 best: 288.0 mean: 358.56865671641793
gen: 72 best: 288.0 mean: 360.62587064676615
gen: 73 best: 288.0 mean: 358.1577114427861
gen: 74 best: 288.0 mean: 358.81641791044774
gen: 75 best: 288.0 mean: 359.59402985074627
gen: 76 best: 288.0 mean: 355.46069651741294
gen: 77 best: 288.0 mean: 356.2601990049751
gen: 78 best: 288.0 mean: 355.5497512437811
gen >79, new best = 286.900
gen: 79 best: 286.9 mean: 356.3412935323383
gen: 80 best: 286.9 mean: 355.7194029850746
gen: 81 best: 286.9 mean: 355.31194029850747
gen: 82 best: 286.9 mean: 353.7820895522388
gen: 83 best: 286.9 mean: 354.5601990049751
gen: 84 best: 286.9 mean: 354.3094527363184
gen: 85 best: 286.9 mean: 354.86915422885573
gen: 86 best: 286.9 mean: 353.01194029850745
gen: 87 best: 286.9 mean: 356.39303482587064
gen: 88 best: 286.9 mean: 353.6776119402985
gen: 89 best: 286.9 mean: 354.52089552238806
gen: 90 best: 286.9 mean: 352.5457711442786
gen: 91 best: 286.9 mean: 352.29004975124377
gen: 92 best: 286.9 mean: 354.33034825870647
gen: 93 best: 286.9 mean: 353.8865671641791
gen: 94 best: 286.9 mean: 351.87661691542286
gen: 95 best: 286.9 mean: 354.4044776119403
gen: 96 best: 286.9 mean: 352.41144278606964
gen: 97 best: 286.9 mean: 352.4731343283582
gen: 98 best: 286.9 mean: 354.65472636815923
gen: 99 best: 286.9 mean: 351.4462686567164
[11, 9, 11, 11, 11, 10, 8, 8, 11, 8, 9, 11, 9, 9, 20, 8, 9, 10, 10, 9, 9, 11, 10, 9, 10, 13, 9, 11, 8, 8, 8, 11, 9, 11, 13, 12, 11, 12, 11, 8, 9, 9, 11, 10, 12, 10, 9, 9, 10, 11]
Test count of edges: 1432
cat
