Defaulting to user installation because normal site-packages is not writeable
Looking in links: /cvmfs/soft.computecanada.ca/custom/python/wheelhouse/gentoo/avx2, /cvmfs/soft.computecanada.ca/custom/python/wheelhouse/gentoo/generic, /cvmfs/soft.computecanada.ca/custom/python/wheelhouse/generic
Requirement already satisfied: graphviz in /home/js17sy/.local/lib/python3.10/site-packages (0.20)
380; python ga.py 21 768N_graph21.dat 0.075 0.03 0.5 0.5 0.5 201 768N_graph21laxgen1rem50_ 571220
/project/6008788/js17sy/reopenga/768b/ga.py:291: DeprecationWarning: Sampling from a set deprecated
since Python 3.9 and will be removed in a subsequent version.
  child1 = set(random.sample(
gen >0, new best = 522.800
gen >0, new best = 513.000
gen >0, new best = 511.800
gen >0, new best = 507.600
gen >0, new best = 505.800
gen >0, new best = 502.000
gen >0, new best = 494.400
gen: 0 best: 494.4 mean: 515.8276119402985
gen >1, new best = 451.400
gen: 1 best: 451.4 mean: 515.7766169154229
gen: 2 best: 451.4 mean: 515.5985074626866
gen: 3 best: 451.4 mean: 514.6557213930348
gen: 4 best: 451.4 mean: 514.3179104477612
gen: 5 best: 451.4 mean: 513.6587064676617
gen: 6 best: 451.4 mean: 512.9592039800995
gen >7, new best = 450.000
gen: 7 best: 450.0 mean: 511.3094527363184
gen: 8 best: 450.0 mean: 513.0298507462686
gen: 9 best: 450.0 mean: 509.94776119402985
gen: 10 best: 450.0 mean: 510.93681592039803
gen: 11 best: 450.0 mean: 509.9218905472637
gen: 12 best: 450.0 mean: 510.36915422885573
gen >13, new best = 435.300
gen: 13 best: 435.3 mean: 508.3442786069652
gen: 14 best: 435.3 mean: 508.8492537313433
gen: 15 best: 435.3 mean: 507.4850746268657
gen: 16 best: 435.3 mean: 507.28507462686565
gen: 17 best: 435.3 mean: 506.15621890547266
gen: 18 best: 435.3 mean: 506.1870646766169
gen: 19 best: 435.3 mean: 505.1149253731343
gen: 20 best: 435.3 mean: 505.7781094527363
gen: 21 best: 435.3 mean: 506.2597014925373
gen: 22 best: 435.3 mean: 504.2671641791045
gen: 23 best: 435.3 mean: 502.7308457711443
gen: 24 best: 435.3 mean: 504.33233830845774
gen: 25 best: 435.3 mean: 503.7069651741294
gen: 26 best: 435.3 mean: 504.23830845771147
gen: 27 best: 435.3 mean: 502.1303482587065
gen: 28 best: 435.3 mean: 501.49004975124376
gen: 29 best: 435.3 mean: 501.0318407960199
gen: 30 best: 435.3 mean: 501.38756218905473
gen: 31 best: 435.3 mean: 500.85223880597016
gen: 32 best: 435.3 mean: 501.54825870646766
gen: 33 best: 435.3 mean: 501.71691542288556
gen: 34 best: 435.3 mean: 501.76616915422886
gen: 35 best: 435.3 mean: 499.91691542288555
gen: 36 best: 435.3 mean: 499.64726368159205
gen: 37 best: 435.3 mean: 500.73383084577114
gen: 38 best: 435.3 mean: 499.58308457711445
gen: 39 best: 435.3 mean: 498.3512437810945
gen: 40 best: 435.3 mean: 499.5074626865672
gen: 41 best: 435.3 mean: 499.4502487562189
gen: 42 best: 435.3 mean: 498.45721393034825
gen: 43 best: 435.3 mean: 498.1407960199005
gen: 44 best: 435.3 mean: 497.87960199004976
gen: 45 best: 435.3 mean: 497.4542288557214
gen >46, new best = 433.500
gen: 46 best: 433.5 mean: 496.252736318408
gen: 47 best: 433.5 mean: 496.8517412935323
gen: 48 best: 433.5 mean: 496.5900497512438
gen: 49 best: 433.5 mean: 495.94776119402985
gen: 50 best: 433.5 mean: 495.7636815920398
gen: 51 best: 433.5 mean: 495.13432835820896
gen: 52 best: 433.5 mean: 495.88009950248755
gen: 53 best: 433.5 mean: 495.6373134328358
gen: 54 best: 433.5 mean: 494.5383084577114
gen: 55 best: 433.5 mean: 495.25223880597014
gen >56, new best = 433.000
gen: 56 best: 433.0 mean: 493.5636815920398
gen: 57 best: 433.0 mean: 494.30149253731344
gen: 58 best: 433.0 mean: 493.8318407960199
gen: 59 best: 433.0 mean: 493.4134328358209
gen: 60 best: 433.0 mean: 493.91990049751246
gen: 61 best: 433.0 mean: 492.4686567164179
gen: 62 best: 433.0 mean: 493.84328358208955
gen: 63 best: 433.0 mean: 492.92039800995025
gen: 64 best: 433.0 mean: 494.39104477611943
gen: 65 best: 433.0 mean: 493.107960199005
gen: 66 best: 433.0 mean: 492.9
gen: 67 best: 433.0 mean: 492.52885572139303
gen: 68 best: 433.0 mean: 492.9651741293532
gen: 69 best: 433.0 mean: 492.2587064676617
gen: 70 best: 433.0 mean: 491.2800995024876
gen >71, new best = 430.500
gen: 71 best: 430.5 mean: 491.547263681592
gen: 72 best: 430.5 mean: 492.2651741293532
gen: 73 best: 430.5 mean: 492.06069651741296
gen: 74 best: 430.5 mean: 491.6154228855721
gen: 75 best: 430.5 mean: 491.77363184079604
gen: 76 best: 430.5 mean: 490.4492537313433
gen: 77 best: 430.5 mean: 490.17064676616917
gen: 78 best: 430.5 mean: 489.5825870646766
gen: 79 best: 430.5 mean: 489.8860696517413
gen: 80 best: 430.5 mean: 489.2328358208955
gen >81, new best = 429.800
gen: 81 best: 429.8 mean: 489.77512437810947
gen: 82 best: 429.8 mean: 489.53731343283584
gen: 83 best: 429.8 mean: 489.22487562189053
gen: 84 best: 429.8 mean: 488.5900497512438
gen: 85 best: 429.8 mean: 489.58855721393036
gen: 86 best: 429.8 mean: 488.61592039800996
gen >87, new best = 429.200
gen: 87 best: 429.2 mean: 488.2786069651741
gen: 88 best: 429.2 mean: 489.87810945273634
gen: 89 best: 429.2 mean: 488.59601990049754
gen: 90 best: 429.2 mean: 489.54328358208954
gen: 91 best: 429.2 mean: 488.85621890547264
gen: 92 best: 429.2 mean: 487.5676616915423
gen: 93 best: 429.2 mean: 487.5134328358209
gen: 94 best: 429.2 mean: 488.318407960199
gen: 95 best: 429.2 mean: 489.54477611940297
gen: 96 best: 429.2 mean: 487.7467661691542
gen: 97 best: 429.2 mean: 487.9691542288557
gen: 98 best: 429.2 mean: 486.9781094527363
gen: 99 best: 429.2 mean: 486.52089552238806
[9, 9, 9, 9, 10, 9, 8, 9, 8, 9, 8, 8, 7, 9, 9, 9, 8, 9, 9, 8, 8, 9, 10, 11, 10, 8, 8, 9, 9, 8, 9, 9, 8, 9, 8, 9, 9, 9, 8, 11, 9, 8, 9, 9, 8, 8, 9, 8]
Test count of edges: 2414
cat
