Defaulting to user installation because normal site-packages is not writeable
Looking in links: /cvmfs/soft.computecanada.ca/custom/python/wheelhouse/gentoo/avx2, /cvmfs/soft.computecanada.ca/custom/python/wheelhouse/gentoo/generic, /cvmfs/soft.computecanada.ca/custom/python/wheelhouse/generic
Requirement already satisfied: graphviz in /home/js17sy/.local/lib/python3.10/site-packages (0.20)
667; python ga.py 21 768N_graph21.dat 0.1 0.04 0.7 0.7 0.3 201 768N_graph21leerygen2rem70_ 199927
/project/6008788/js17sy/reopenga/768b/ga.py:291: DeprecationWarning: Sampling from a set deprecated
since Python 3.9 and will be removed in a subsequent version.
  child1 = set(random.sample(
gen >0, new best = 519.400
gen >0, new best = 507.100
gen >0, new best = 487.500
gen >0, new best = 481.300
gen >0, new best = 475.200
gen >0, new best = 469.500
gen >0, new best = 461.200
gen: 0 best: 461.2 mean: 500.8967661691542
gen >1, new best = 446.300
gen >1, new best = 434.400
gen: 1 best: 434.4 mean: 499.826368159204
gen: 2 best: 434.4 mean: 500.04676616915424
gen: 3 best: 434.4 mean: 495.8258706467662
gen >4, new best = 433.000
gen: 4 best: 433.0 mean: 496.85273631840795
gen: 5 best: 433.0 mean: 497.3402985074627
gen >6, new best = 432.400
gen: 6 best: 432.4 mean: 494.16766169154226
gen: 7 best: 432.4 mean: 491.92985074626864
gen: 8 best: 432.4 mean: 490.4830845771144
gen: 9 best: 432.4 mean: 489.2348258706468
gen >10, new best = 423.700
gen: 10 best: 423.7 mean: 486.181592039801
gen: 11 best: 423.7 mean: 485.2502487562189
gen: 12 best: 423.7 mean: 481.2621890547264
gen: 13 best: 423.7 mean: 480.5223880597015
gen: 14 best: 423.7 mean: 481.3686567164179
gen: 15 best: 423.7 mean: 479.05223880597015
gen: 16 best: 423.7 mean: 477.03034825870645
gen >17, new best = 416.700
gen: 17 best: 416.7 mean: 475.42089552238804
gen: 18 best: 416.7 mean: 475.434328358209
gen: 19 best: 416.7 mean: 475.6338308457712
gen: 20 best: 416.7 mean: 472.2950248756219
gen: 21 best: 416.7 mean: 471.58407960199
gen >22, new best = 415.500
gen: 22 best: 415.5 mean: 471.0273631840796
gen: 23 best: 415.5 mean: 473.4139303482587
gen: 24 best: 415.5 mean: 472.692039800995
gen >25, new best = 411.600
gen: 25 best: 411.6 mean: 469.97910447761194
gen: 26 best: 411.6 mean: 469.307960199005
gen: 27 best: 411.6 mean: 468.836815920398
gen: 28 best: 411.6 mean: 467.97960199004973
gen: 29 best: 411.6 mean: 466.74825870646765
gen >30, new best = 406.700
gen: 30 best: 406.7 mean: 466.04825870646766
gen: 31 best: 406.7 mean: 466.27363184079604
gen: 32 best: 406.7 mean: 464.0825870646766
gen >33, new best = 398.900
gen: 33 best: 398.9 mean: 464.22935323383086
gen: 34 best: 398.9 mean: 464.3412935323383
gen: 35 best: 398.9 mean: 463.7766169154229
gen: 36 best: 398.9 mean: 464.16567164179105
gen: 37 best: 398.9 mean: 464.37661691542286
gen: 38 best: 398.9 mean: 461.79701492537316
gen: 39 best: 398.9 mean: 462.4691542288557
gen >40, new best = 394.700
gen: 40 best: 394.7 mean: 460.32537313432834
gen: 41 best: 394.7 mean: 459.42089552238804
gen: 42 best: 394.7 mean: 458.93880597014925
gen: 43 best: 394.7 mean: 459.67114427860696
gen: 44 best: 394.7 mean: 457.7507462686567
gen: 45 best: 394.7 mean: 457.7825870646766
gen: 46 best: 394.7 mean: 459.2960199004975
gen: 47 best: 394.7 mean: 459.19303482587065
gen: 48 best: 394.7 mean: 457.80646766169156
gen: 49 best: 394.7 mean: 455.3810945273632
gen: 50 best: 394.7 mean: 456.6462686567164
gen: 51 best: 394.7 mean: 457.4228855721393
gen: 52 best: 394.7 mean: 455.83383084577116
gen: 53 best: 394.7 mean: 455.3388059701493
gen: 54 best: 394.7 mean: 454.62338308457714
gen >55, new best = 391.900
gen: 55 best: 391.9 mean: 457.03880597014927
gen: 56 best: 391.9 mean: 455.6592039800995
gen: 57 best: 391.9 mean: 453.9577114427861
gen: 58 best: 391.9 mean: 454.6099502487562
gen: 59 best: 391.9 mean: 455.79353233830847
gen: 60 best: 391.9 mean: 454.6482587064677
gen: 61 best: 391.9 mean: 454.3482587064677
gen: 62 best: 391.9 mean: 452.95721393034825
gen: 63 best: 391.9 mean: 454.0845771144279
gen: 64 best: 391.9 mean: 454.14328358208957
gen: 65 best: 391.9 mean: 452.8557213930348
gen: 66 best: 391.9 mean: 452.63084577114427
gen: 67 best: 391.9 mean: 454.07014925373136
gen: 68 best: 391.9 mean: 453.0781094527363
gen: 69 best: 391.9 mean: 454.6945273631841
gen: 70 best: 391.9 mean: 452.77562189054726
gen: 71 best: 391.9 mean: 452.62537313432836
gen: 72 best: 391.9 mean: 452.681592039801
gen: 73 best: 391.9 mean: 451.29253731343283
gen: 74 best: 391.9 mean: 452.736815920398
gen: 75 best: 391.9 mean: 453.0532338308458
gen: 76 best: 391.9 mean: 452.7910447761194
gen: 77 best: 391.9 mean: 453.2213930348259
gen: 78 best: 391.9 mean: 449.7716417910448
gen: 79 best: 391.9 mean: 451.32835820895525
gen: 80 best: 391.9 mean: 450.50597014925376
gen >81, new best = 365.800
gen: 81 best: 365.8 mean: 450.0238805970149
gen: 82 best: 365.8 mean: 451.40248756218904
gen: 83 best: 365.8 mean: 450.5621890547264
gen: 84 best: 365.8 mean: 449.073631840796
gen: 85 best: 365.8 mean: 451.7965174129353
gen: 86 best: 365.8 mean: 451.4323383084577
gen: 87 best: 365.8 mean: 449.1910447761194
gen: 88 best: 365.8 mean: 449.02288557213933
gen: 89 best: 365.8 mean: 449.3900497512438
gen: 90 best: 365.8 mean: 449.84179104477613
gen: 91 best: 365.8 mean: 449.41641791044776
gen: 92 best: 365.8 mean: 449.1313432835821
gen: 93 best: 365.8 mean: 450.93880597014925
gen: 94 best: 365.8 mean: 448.4676616915423
gen: 95 best: 365.8 mean: 448.6960199004975
gen: 96 best: 365.8 mean: 449.7328358208955
gen: 97 best: 365.8 mean: 450.5492537313433
gen: 98 best: 365.8 mean: 449.4616915422886
gen: 99 best: 365.8 mean: 450.67661691542287
[9, 7, 8, 8, 8, 11, 8, 7, 7, 7, 8, 8, 8, 8, 7, 7, 7, 7, 7, 7, 7, 8, 7, 7, 7, 8, 7, 8, 7, 7, 7, 7, 7, 7, 7, 8, 7, 9, 8, 8, 7, 7, 7, 7, 8, 8, 9, 7, 9, 9]
Test count of edges: 1445
cat
