Defaulting to user installation because normal site-packages is not writeable
Looking in links: /cvmfs/soft.computecanada.ca/custom/python/wheelhouse/gentoo/avx2, /cvmfs/soft.computecanada.ca/custom/python/wheelhouse/gentoo/generic, /cvmfs/soft.computecanada.ca/custom/python/wheelhouse/generic
Requirement already satisfied: graphviz in /home/js17sy/.local/lib/python3.10/site-packages (0.20)
112; python ga.py 21 768N_graph21.dat 0.025 0.01 0.7 0.5 0.5 201 768N_graph21strictgen1rem70_ 628342
/project/6008788/js17sy/reopenga/768b/ga.py:291: DeprecationWarning: Sampling from a set deprecated
since Python 3.9 and will be removed in a subsequent version.
  child1 = set(random.sample(
gen >0, new best = 425.800
gen >0, new best = 419.100
gen >0, new best = 407.600
gen >0, new best = 394.400
gen >0, new best = 388.700
gen >0, new best = 368.800
gen >0, new best = 350.400
gen: 0 best: 350.4 mean: 449.41567164179105
gen: 1 best: 350.4 mean: 446.8313432835821
gen >2, new best = 343.900
gen: 2 best: 343.9 mean: 439.50796019900497
gen: 3 best: 343.9 mean: 437.88756218905473
gen: 4 best: 343.9 mean: 436.0452736318408
gen: 5 best: 343.9 mean: 435.0313432835821
gen >6, new best = 336.500
gen: 6 best: 336.5 mean: 424.181592039801
gen: 7 best: 336.5 mean: 425.0044776119403
gen: 8 best: 336.5 mean: 417.85970149253734
gen: 9 best: 336.5 mean: 419.9955223880597
gen: 10 best: 336.5 mean: 416.4124378109453
gen: 11 best: 336.5 mean: 418.73034825870644
gen >12, new best = 314.900
gen: 12 best: 314.9 mean: 413.0492537313433
gen: 13 best: 314.9 mean: 406.1373134328358
gen: 14 best: 314.9 mean: 408.04825870646766
gen: 15 best: 314.9 mean: 406.14228855721393
gen: 16 best: 314.9 mean: 406.19900497512435
gen: 17 best: 314.9 mean: 400.36915422885573
gen: 18 best: 314.9 mean: 403.58507462686566
gen: 19 best: 314.9 mean: 397.88955223880595
gen: 20 best: 314.9 mean: 392.8900497512438
gen: 21 best: 314.9 mean: 394.1149253731343
gen: 22 best: 314.9 mean: 392.85621890547264
gen: 23 best: 314.9 mean: 392.17661691542287
gen >24, new best = 313.900
gen: 24 best: 313.9 mean: 389.5014925373134
gen: 25 best: 313.9 mean: 387.4233830845771
gen: 26 best: 313.9 mean: 387.7253731343284
gen: 27 best: 313.9 mean: 387.9810945273632
gen: 28 best: 313.9 mean: 383.34726368159204
gen: 29 best: 313.9 mean: 383.9776119402985
gen: 30 best: 313.9 mean: 380.4323383084577
gen: 31 best: 313.9 mean: 380.9537313432836
gen: 32 best: 313.9 mean: 379.055223880597
gen: 33 best: 313.9 mean: 376.7840796019901
gen: 34 best: 313.9 mean: 376.2945273631841
gen: 35 best: 313.9 mean: 380.3502487562189
gen: 36 best: 313.9 mean: 377.08905472636815
gen: 37 best: 313.9 mean: 374.33084577114425
gen: 38 best: 313.9 mean: 372.0004975124378
gen: 39 best: 313.9 mean: 375.33034825870647
gen: 40 best: 313.9 mean: 370.40746268656716
gen >41, new best = 300.800
gen: 41 best: 300.8 mean: 371.3004975124378
gen >42, new best = 290.200
gen: 42 best: 290.2 mean: 372.7960199004975
gen: 43 best: 290.2 mean: 370.5970149253731
gen: 44 best: 290.2 mean: 370.53582089552236
gen: 45 best: 290.2 mean: 369.9671641791045
gen: 46 best: 290.2 mean: 371.30149253731344
gen: 47 best: 290.2 mean: 368.75671641791047
gen: 48 best: 290.2 mean: 369.9154228855721
gen: 49 best: 290.2 mean: 367.42935323383085
gen: 50 best: 290.2 mean: 370.50646766169154
gen: 51 best: 290.2 mean: 369.7358208955224
gen: 52 best: 290.2 mean: 366.8900497512438
gen: 53 best: 290.2 mean: 365.62885572139305
gen: 54 best: 290.2 mean: 367.1537313432836
gen: 55 best: 290.2 mean: 367.6502487562189
gen: 56 best: 290.2 mean: 369.02039800995027
gen: 57 best: 290.2 mean: 367.39651741293534
gen: 58 best: 290.2 mean: 364.78905472636814
gen: 59 best: 290.2 mean: 366.573631840796
gen: 60 best: 290.2 mean: 365.5199004975124
gen: 61 best: 290.2 mean: 364.9562189054726
gen: 62 best: 290.2 mean: 363.0731343283582
gen: 63 best: 290.2 mean: 363.20646766169153
gen: 64 best: 290.2 mean: 364.5258706467662
gen: 65 best: 290.2 mean: 367.58009950248754
gen: 66 best: 290.2 mean: 366.0567164179104
gen: 67 best: 290.2 mean: 365.092039800995
gen: 68 best: 290.2 mean: 364.0716417910448
gen: 69 best: 290.2 mean: 364.47711442786067
gen: 70 best: 290.2 mean: 362.9950248756219
gen: 71 best: 290.2 mean: 364.0189054726368
gen: 72 best: 290.2 mean: 363.855223880597
gen: 73 best: 290.2 mean: 362.37014925373137
gen: 74 best: 290.2 mean: 361.72935323383086
gen: 75 best: 290.2 mean: 363.6373134328358
gen: 76 best: 290.2 mean: 359.67910447761193
gen >77, new best = 270.400
gen: 77 best: 270.4 mean: 365.8442786069652
gen: 78 best: 270.4 mean: 363.9094527363184
gen: 79 best: 270.4 mean: 364.03034825870645
gen: 80 best: 270.4 mean: 362.84278606965177
gen: 81 best: 270.4 mean: 361.5149253731343
gen: 82 best: 270.4 mean: 360.50646766169154
gen: 83 best: 270.4 mean: 361.64925373134326
gen: 84 best: 270.4 mean: 357.86169154228855
gen: 85 best: 270.4 mean: 358.93681592039803
gen: 86 best: 270.4 mean: 361.318407960199
gen: 87 best: 270.4 mean: 362.2089552238806
gen: 88 best: 270.4 mean: 361.7950248756219
gen: 89 best: 270.4 mean: 361.0437810945274
gen: 90 best: 270.4 mean: 362.9323383084577
gen: 91 best: 270.4 mean: 361.2049751243781
gen: 92 best: 270.4 mean: 362.26268656716417
gen: 93 best: 270.4 mean: 361.49701492537315
gen: 94 best: 270.4 mean: 357.2054726368159
gen: 95 best: 270.4 mean: 360.25174129353235
gen: 96 best: 270.4 mean: 359.55273631840794
gen: 97 best: 270.4 mean: 358.2716417910448
gen: 98 best: 270.4 mean: 360.03333333333336
gen: 99 best: 270.4 mean: 360.94029850746267
[9, 10, 8, 10, 12, 11, 9, 8, 13, 9, 11, 10, 10, 9, 9, 9, 10, 10, 9, 9, 9, 10, 9, 10, 10, 10, 9, 10, 8, 9, 10, 9, 9, 9, 9, 10, 9, 10, 10, 9, 9, 11, 13, 9, 10, 10, 9, 11, 9, 8]
Test count of edges: 1460
cat
