Defaulting to user installation because normal site-packages is not writeable
Looking in links: /cvmfs/soft.computecanada.ca/custom/python/wheelhouse/gentoo/avx2, /cvmfs/soft.computecanada.ca/custom/python/wheelhouse/gentoo/generic, /cvmfs/soft.computecanada.ca/custom/python/wheelhouse/generic
Requirement already satisfied: graphviz in /home/js17sy/.local/lib/python3.10/site-packages (0.20)
242; python ga.py 21 768N_graph21.dat 0.05 0.02 0.5 0.9 0.1 201 768N_graph21mediumgen3rem50_ 57122
/project/6008788/js17sy/reopenga/768b/ga.py:291: DeprecationWarning: Sampling from a set deprecated
since Python 3.9 and will be removed in a subsequent version.
  child1 = set(random.sample(
gen >0, new best = 479.100
gen: 0 best: 479.1 mean: 497.7450248756219
gen >1, new best = 476.900
gen >1, new best = 475.500
gen: 1 best: 475.5 mean: 496.99751243781094
gen >2, new best = 452.500
gen: 2 best: 452.5 mean: 496.573631840796
gen >3, new best = 446.400
gen >3, new best = 446.000
gen: 3 best: 446.0 mean: 495.13880597014924
gen >4, new best = 444.200
gen: 4 best: 444.2 mean: 495.1467661691542
gen >5, new best = 441.600
gen: 5 best: 441.6 mean: 493.1542288557214
gen >6, new best = 436.400
gen: 6 best: 436.4 mean: 492.9363184079602
gen: 7 best: 436.4 mean: 491.48457711442785
gen >8, new best = 426.200
gen: 8 best: 426.2 mean: 490.03980099502485
gen: 9 best: 426.2 mean: 489.5014925373134
gen: 10 best: 426.2 mean: 487.6194029850746
gen: 11 best: 426.2 mean: 488.0129353233831
gen: 12 best: 426.2 mean: 487.60199004975124
gen: 13 best: 426.2 mean: 487.0965174129353
gen: 14 best: 426.2 mean: 484.6641791044776
gen: 15 best: 426.2 mean: 485.2915422885572
gen: 16 best: 426.2 mean: 486.20995024875623
gen: 17 best: 426.2 mean: 484.0149253731343
gen: 18 best: 426.2 mean: 484.6611940298507
gen: 19 best: 426.2 mean: 484.5820895522388
gen: 20 best: 426.2 mean: 482.1865671641791
gen >21, new best = 424.500
gen: 21 best: 424.5 mean: 482.3462686567164
gen: 22 best: 424.5 mean: 482.75721393034826
gen >23, new best = 412.600
gen: 23 best: 412.6 mean: 481.8273631840796
gen: 24 best: 412.6 mean: 480.8825870646766
gen: 25 best: 412.6 mean: 481.0532338308458
gen: 26 best: 412.6 mean: 480.88855721393037
gen: 27 best: 412.6 mean: 479.02487562189054
gen: 28 best: 412.6 mean: 478.5507462686567
gen: 29 best: 412.6 mean: 478.7562189054726
gen: 30 best: 412.6 mean: 478.1641791044776
gen: 31 best: 412.6 mean: 476.74776119402986
gen: 32 best: 412.6 mean: 477.8497512437811
gen: 33 best: 412.6 mean: 477.0
gen: 34 best: 412.6 mean: 476.75522388059704
gen: 35 best: 412.6 mean: 474.7492537313433
gen: 36 best: 412.6 mean: 474.79353233830847
gen: 37 best: 412.6 mean: 473.16517412935326
gen: 38 best: 412.6 mean: 473.1636815920398
gen: 39 best: 412.6 mean: 473.2144278606965
gen: 40 best: 412.6 mean: 472.7512437810945
gen: 41 best: 412.6 mean: 472.8004975124378
gen: 42 best: 412.6 mean: 471.6796019900498
gen: 43 best: 412.6 mean: 470.64029850746266
gen: 44 best: 412.6 mean: 470.8905472636816
gen: 45 best: 412.6 mean: 469.44726368159206
gen: 46 best: 412.6 mean: 468.6004975124378
gen: 47 best: 412.6 mean: 468.75223880597014
gen: 48 best: 412.6 mean: 468.8134328358209
gen: 49 best: 412.6 mean: 468.4800995024876
gen: 50 best: 412.6 mean: 467.12935323383084
gen: 51 best: 412.6 mean: 468.36716417910446
gen: 52 best: 412.6 mean: 467.25721393034826
gen: 53 best: 412.6 mean: 466.53930348258706
gen: 54 best: 412.6 mean: 464.79950248756217
gen: 55 best: 412.6 mean: 465.5676616915423
gen: 56 best: 412.6 mean: 465.53880597014927
gen: 57 best: 412.6 mean: 465.30149253731344
gen >58, new best = 410.300
gen: 58 best: 410.3 mean: 464.3462686567164
gen: 59 best: 410.3 mean: 462.8696517412935
gen: 60 best: 410.3 mean: 462.2363184079602
gen: 61 best: 410.3 mean: 462.2716417910448
gen >62, new best = 408.400
gen: 62 best: 408.4 mean: 462.4457711442786
gen: 63 best: 408.4 mean: 462.59452736318406
gen: 64 best: 408.4 mean: 461.8243781094527
gen: 65 best: 408.4 mean: 461.744776119403
gen: 66 best: 408.4 mean: 463.1925373134328
gen >67, new best = 404.000
gen: 67 best: 404.0 mean: 460.4776119402985
gen: 68 best: 404.0 mean: 461.3089552238806
gen: 69 best: 404.0 mean: 460.9537313432836
gen: 70 best: 404.0 mean: 459.655223880597
gen: 71 best: 404.0 mean: 459.3532338308458
gen >72, new best = 402.000
gen: 72 best: 402.0 mean: 459.33432835820895
gen: 73 best: 402.0 mean: 458.8810945273632
gen: 74 best: 402.0 mean: 458.7044776119403
gen: 75 best: 402.0 mean: 459.86218905472634
gen: 76 best: 402.0 mean: 458.952736318408
gen: 77 best: 402.0 mean: 458.12139303482587
gen: 78 best: 402.0 mean: 458.16218905472635
gen: 79 best: 402.0 mean: 457.0910447761194
gen: 80 best: 402.0 mean: 456.9432835820896
gen: 81 best: 402.0 mean: 456.3641791044776
gen: 82 best: 402.0 mean: 457.57960199004975
gen: 83 best: 402.0 mean: 456.3004975124378
gen: 84 best: 402.0 mean: 457.91293532338307
gen: 85 best: 402.0 mean: 456.85621890547264
gen: 86 best: 402.0 mean: 456.78805970149256
gen: 87 best: 402.0 mean: 456.41492537313434
gen: 88 best: 402.0 mean: 455.70049751243783
gen: 89 best: 402.0 mean: 456.00845771144276
gen: 90 best: 402.0 mean: 455.9049751243781
gen: 91 best: 402.0 mean: 456.18756218905474
gen >92, new best = 400.200
gen: 92 best: 400.2 mean: 455.15323383084575
gen: 93 best: 400.2 mean: 455.71094527363186
gen: 94 best: 400.2 mean: 456.0258706467662
gen: 95 best: 400.2 mean: 455.7487562189055
gen: 96 best: 400.2 mean: 455.02835820895524
gen: 97 best: 400.2 mean: 454.3363184079602
gen: 98 best: 400.2 mean: 454.45671641791046
gen: 99 best: 400.2 mean: 453.7636815920398
[9, 10, 10, 8, 9, 10, 10, 10, 9, 8, 9, 10, 8, 10, 10, 9, 10, 9, 8, 11, 10, 9, 13, 8, 10, 9, 9, 9, 9, 9, 9, 10, 9, 9, 10, 9, 9, 10, 11, 10, 11, 10, 10, 10, 11, 10, 9, 9]
Test count of edges: 2379
cat
