Defaulting to user installation because normal site-packages is not writeable
Looking in links: /cvmfs/soft.computecanada.ca/custom/python/wheelhouse/gentoo/avx2, /cvmfs/soft.computecanada.ca/custom/python/wheelhouse/gentoo/generic, /cvmfs/soft.computecanada.ca/custom/python/wheelhouse/generic
Requirement already satisfied: graphviz in /home/js17sy/.local/lib/python3.10/site-packages (0.20)
392; python ga.py 21 768N_graph21.dat 0.075 0.03 0.5 0.7 0.3 201 768N_graph21laxgen2rem50_ 57122
/project/6008788/js17sy/reopenga/768b/ga.py:291: DeprecationWarning: Sampling from a set deprecated
since Python 3.9 and will be removed in a subsequent version.
  child1 = set(random.sample(
gen >0, new best = 503.800
gen >0, new best = 502.800
gen >0, new best = 499.800
gen >0, new best = 496.300
gen: 0 best: 496.3 mean: 517.1037313432836
gen >1, new best = 496.200
gen >1, new best = 491.100
gen: 1 best: 491.1 mean: 516.7751243781095
gen >2, new best = 457.700
gen: 2 best: 457.7 mean: 515.6004975124378
gen >3, new best = 456.400
gen: 3 best: 456.4 mean: 514.4626865671642
gen: 4 best: 456.4 mean: 514.8830845771145
gen: 5 best: 456.4 mean: 513.4144278606965
gen: 6 best: 456.4 mean: 513.702487562189
gen >7, new best = 446.100
gen: 7 best: 446.1 mean: 512.2651741293532
gen: 8 best: 446.1 mean: 512.7114427860696
gen: 9 best: 446.1 mean: 510.83781094527365
gen: 10 best: 446.1 mean: 509.1482587064677
gen: 11 best: 446.1 mean: 509.68756218905474
gen: 12 best: 446.1 mean: 508.2805970149254
gen: 13 best: 446.1 mean: 506.00696517412933
gen: 14 best: 446.1 mean: 506.4646766169154
gen: 15 best: 446.1 mean: 504.80646766169156
gen: 16 best: 446.1 mean: 504.4522388059701
gen: 17 best: 446.1 mean: 503.463184079602
gen >18, new best = 445.900
gen: 18 best: 445.9 mean: 502.66169154228857
gen: 19 best: 445.9 mean: 503.8
gen: 20 best: 445.9 mean: 502.21144278606965
gen: 21 best: 445.9 mean: 503.0328358208955
gen >22, new best = 435.800
gen: 22 best: 435.8 mean: 501.76616915422886
gen: 23 best: 435.8 mean: 502.3462686567164
gen: 24 best: 435.8 mean: 501.27014925373135
gen: 25 best: 435.8 mean: 499.8388059701492
gen: 26 best: 435.8 mean: 500.6646766169154
gen: 27 best: 435.8 mean: 499.85223880597016
gen: 28 best: 435.8 mean: 498.7398009950249
gen: 29 best: 435.8 mean: 499.2512437810945
gen: 30 best: 435.8 mean: 497.85771144278607
gen: 31 best: 435.8 mean: 497.2547263681592
gen: 32 best: 435.8 mean: 497.44378109452737
gen: 33 best: 435.8 mean: 497.05174129353236
gen: 34 best: 435.8 mean: 496.83084577114425
gen: 35 best: 435.8 mean: 495.6597014925373
gen: 36 best: 435.8 mean: 496.21343283582087
gen: 37 best: 435.8 mean: 494.64228855721393
gen: 38 best: 435.8 mean: 494.9597014925373
gen: 39 best: 435.8 mean: 495.95174129353234
gen: 40 best: 435.8 mean: 494.8004975124378
gen: 41 best: 435.8 mean: 493.2159203980099
gen: 42 best: 435.8 mean: 494.4731343283582
gen: 43 best: 435.8 mean: 494.22935323383086
gen: 44 best: 435.8 mean: 494.7621890547264
gen >45, new best = 435.200
gen: 45 best: 435.2 mean: 494.4985074626866
gen: 46 best: 435.2 mean: 492.9761194029851
gen: 47 best: 435.2 mean: 492.518407960199
gen: 48 best: 435.2 mean: 492.0363184079602
gen: 49 best: 435.2 mean: 491.8422885572139
gen >50, new best = 426.900
gen: 50 best: 426.9 mean: 490.6611940298508
gen: 51 best: 426.9 mean: 490.6885572139303
gen: 52 best: 426.9 mean: 490.8457711442786
gen: 53 best: 426.9 mean: 490.99203980099503
gen >54, new best = 424.600
gen: 54 best: 424.6 mean: 489.56119402985075
gen: 55 best: 424.6 mean: 490.83482587064674
gen: 56 best: 424.6 mean: 489.1462686567164
gen: 57 best: 424.6 mean: 489.36716417910446
gen: 58 best: 424.6 mean: 489.9691542288557
gen: 59 best: 424.6 mean: 489.48805970149255
gen: 60 best: 424.6 mean: 488.00646766169154
gen: 61 best: 424.6 mean: 488.3676616915423
gen: 62 best: 424.6 mean: 488.1850746268657
gen >63, new best = 419.900
gen: 63 best: 419.9 mean: 489.22636815920396
gen: 64 best: 419.9 mean: 488.3940298507463
gen: 65 best: 419.9 mean: 489.0716417910448
gen: 66 best: 419.9 mean: 487.81990049751244
gen: 67 best: 419.9 mean: 488.336815920398
gen: 68 best: 419.9 mean: 488.1243781094527
gen: 69 best: 419.9 mean: 487.6776119402985
gen: 70 best: 419.9 mean: 487.5497512437811
gen: 71 best: 419.9 mean: 486.59452736318406
gen: 72 best: 419.9 mean: 487.4373134328358
gen: 73 best: 419.9 mean: 487.6681592039801
gen: 74 best: 419.9 mean: 487.05771144278606
gen: 75 best: 419.9 mean: 486.818407960199
gen: 76 best: 419.9 mean: 486.52835820895524
gen: 77 best: 419.9 mean: 485.83432835820895
gen: 78 best: 419.9 mean: 486.29701492537316
gen: 79 best: 419.9 mean: 485.2651741293532
gen: 80 best: 419.9 mean: 485.80845771144277
gen: 81 best: 419.9 mean: 485.21542288557214
gen: 82 best: 419.9 mean: 485.29253731343283
gen: 83 best: 419.9 mean: 484.6597014925373
gen: 84 best: 419.9 mean: 485.10646766169157
gen: 85 best: 419.9 mean: 484.93830845771146
gen: 86 best: 419.9 mean: 485.0776119402985
gen: 87 best: 419.9 mean: 484.90746268656716
gen: 88 best: 419.9 mean: 484.8407960199005
gen: 89 best: 419.9 mean: 483.99900497512436
gen: 90 best: 419.9 mean: 484.1626865671642
gen: 91 best: 419.9 mean: 484.7283582089552
gen: 92 best: 419.9 mean: 484.0039800995025
gen: 93 best: 419.9 mean: 483.8502487562189
gen: 94 best: 419.9 mean: 483.6761194029851
gen: 95 best: 419.9 mean: 483.7457711442786
gen: 96 best: 419.9 mean: 483.6029850746269
gen: 97 best: 419.9 mean: 485.0422885572139
gen: 98 best: 419.9 mean: 483.2054726368159
gen: 99 best: 419.9 mean: 483.336815920398
[9, 8, 8, 9, 9, 8, 9, 9, 9, 10, 8, 9, 8, 9, 8, 9, 9, 8, 8, 8, 8, 10, 9, 9, 9, 9, 8, 9, 9, 9, 9, 9, 7, 8, 8, 9, 8, 9, 8, 9, 9, 8, 8, 8, 9, 9, 8, 12, 9, 10]
Test count of edges: 2388
cat
