Defaulting to user installation because normal site-packages is not writeable
Looking in links: /cvmfs/soft.computecanada.ca/custom/python/wheelhouse/gentoo/avx2, /cvmfs/soft.computecanada.ca/custom/python/wheelhouse/gentoo/generic, /cvmfs/soft.computecanada.ca/custom/python/wheelhouse/generic
Requirement already satisfied: graphviz in /home/js17sy/.local/lib/python3.10/site-packages (0.20)
485; python ga.py 21 768N_graph21.dat 0.075 0.03 0.7 0.7 0.3 201 768N_graph21laxgen2rem70_ 142805
/project/6008788/js17sy/reopenga/768b/ga.py:291: DeprecationWarning: Sampling from a set deprecated
since Python 3.9 and will be removed in a subsequent version.
  child1 = set(random.sample(
gen >0, new best = 522.100
gen >0, new best = 502.200
gen >0, new best = 497.000
gen >0, new best = 454.500
gen >0, new best = 447.000
gen: 0 best: 447.0 mean: 496.8654228855721
gen >1, new best = 405.000
gen: 1 best: 405.0 mean: 492.4855721393035
gen: 2 best: 405.0 mean: 486.2771144278607
gen: 3 best: 405.0 mean: 483.22786069651744
gen: 4 best: 405.0 mean: 480.1771144278607
gen: 5 best: 405.0 mean: 480.90696517412937
gen: 6 best: 405.0 mean: 477.6134328358209
gen: 7 best: 405.0 mean: 476.02537313432833
gen >8, new best = 400.800
gen: 8 best: 400.8 mean: 473.4905472636816
gen >9, new best = 395.800
gen: 9 best: 395.8 mean: 470.7
gen: 10 best: 395.8 mean: 469.6960199004975
gen: 11 best: 395.8 mean: 466.8756218905473
gen: 12 best: 395.8 mean: 465.01542288557215
gen: 13 best: 395.8 mean: 464.7044776119403
gen: 14 best: 395.8 mean: 461.5915422885572
gen >15, new best = 390.300
gen: 15 best: 390.3 mean: 461.7915422885572
gen: 16 best: 390.3 mean: 460.48457711442785
gen: 17 best: 390.3 mean: 460.2054726368159
gen: 18 best: 390.3 mean: 457.98805970149255
gen: 19 best: 390.3 mean: 452.83830845771143
gen: 20 best: 390.3 mean: 451.3547263681592
gen >21, new best = 375.400
gen: 21 best: 375.4 mean: 452.0164179104478
gen: 22 best: 375.4 mean: 450.7089552238806
gen: 23 best: 375.4 mean: 449.7800995024876
gen: 24 best: 375.4 mean: 450.607960199005
gen: 25 best: 375.4 mean: 447.5124378109453
gen: 26 best: 375.4 mean: 446.5507462686567
gen: 27 best: 375.4 mean: 447.7985074626866
gen: 28 best: 375.4 mean: 443.77960199004974
gen: 29 best: 375.4 mean: 445.0462686567164
gen: 30 best: 375.4 mean: 443.5731343283582
gen: 31 best: 375.4 mean: 443.4432835820896
gen: 32 best: 375.4 mean: 441.7283582089552
gen: 33 best: 375.4 mean: 444.61442786069654
gen: 34 best: 375.4 mean: 442.4228855721393
gen: 35 best: 375.4 mean: 440.4179104477612
gen: 36 best: 375.4 mean: 440.3975124378109
gen: 37 best: 375.4 mean: 441.15621890547266
gen: 38 best: 375.4 mean: 440.6925373134328
gen: 39 best: 375.4 mean: 437.29353233830847
gen: 40 best: 375.4 mean: 436.12139303482587
gen: 41 best: 375.4 mean: 438.4457711442786
gen: 42 best: 375.4 mean: 433.04477611940297
gen: 43 best: 375.4 mean: 433.04477611940297
gen: 44 best: 375.4 mean: 433.4029850746269
gen: 45 best: 375.4 mean: 432.58009950248754
gen: 46 best: 375.4 mean: 430.0592039800995
gen: 47 best: 375.4 mean: 431.8771144278607
gen >48, new best = 370.000
gen: 48 best: 370.0 mean: 432.8721393034826
gen: 49 best: 370.0 mean: 430.9268656716418
gen: 50 best: 370.0 mean: 431.02089552238806
gen: 51 best: 370.0 mean: 430.1457711442786
gen: 52 best: 370.0 mean: 429.2800995024876
gen: 53 best: 370.0 mean: 427.3129353233831
gen: 54 best: 370.0 mean: 427.7457711442786
gen: 55 best: 370.0 mean: 426.04875621890545
gen: 56 best: 370.0 mean: 428.52537313432833
gen: 57 best: 370.0 mean: 426.26169154228853
gen: 58 best: 370.0 mean: 425.67114427860696
gen: 59 best: 370.0 mean: 423.8830845771144
gen: 60 best: 370.0 mean: 424.3203980099502
gen: 61 best: 370.0 mean: 424.5039800995025
gen: 62 best: 370.0 mean: 423.80696517412935
gen >63, new best = 368.000
gen: 63 best: 368.0 mean: 424.03731343283584
gen: 64 best: 368.0 mean: 423.8860696517413
gen: 65 best: 368.0 mean: 423.48805970149255
gen >66, new best = 349.800
gen: 66 best: 349.8 mean: 421.2223880597015
gen: 67 best: 349.8 mean: 424.1039800995025
gen: 68 best: 349.8 mean: 423.3676616915423
gen: 69 best: 349.8 mean: 422.39651741293534
gen: 70 best: 349.8 mean: 422.9646766169154
gen: 71 best: 349.8 mean: 420.33084577114425
gen: 72 best: 349.8 mean: 422.1358208955224
gen: 73 best: 349.8 mean: 422.3791044776119
gen: 74 best: 349.8 mean: 423.48457711442785
gen: 75 best: 349.8 mean: 420.0313432835821
gen: 76 best: 349.8 mean: 423.0328358208955
gen: 77 best: 349.8 mean: 422.2910447761194
gen: 78 best: 349.8 mean: 420.13084577114427
gen: 79 best: 349.8 mean: 420.0636815920398
gen: 80 best: 349.8 mean: 421.5995024875622
gen: 81 best: 349.8 mean: 421.7398009950249
gen: 82 best: 349.8 mean: 419.08706467661693
gen: 83 best: 349.8 mean: 421.30149253731344
gen: 84 best: 349.8 mean: 417.5313432835821
gen: 85 best: 349.8 mean: 418.7044776119403
gen: 86 best: 349.8 mean: 419.77562189054726
gen: 87 best: 349.8 mean: 419.58009950248754
gen: 88 best: 349.8 mean: 418.765671641791
gen: 89 best: 349.8 mean: 419.6223880597015
gen: 90 best: 349.8 mean: 418.77213930348256
gen: 91 best: 349.8 mean: 417.863184079602
gen >92, new best = 347.900
gen: 92 best: 347.9 mean: 417.8054726368159
gen: 93 best: 347.9 mean: 418.22636815920396
gen: 94 best: 347.9 mean: 418.07412935323384
gen: 95 best: 347.9 mean: 417.59850746268654
gen: 96 best: 347.9 mean: 417.72089552238805
gen: 97 best: 347.9 mean: 419.0462686567164
gen: 98 best: 347.9 mean: 416.20298507462684
gen: 99 best: 347.9 mean: 418.0134328358209
[7, 7, 9, 8, 8, 7, 8, 7, 7, 10, 8, 7, 7, 8, 7, 7, 9, 7, 7, 8, 7, 7, 9, 7, 8, 9, 8, 7, 7, 7, 8, 8, 9, 8, 9, 8, 8, 9, 8, 7, 8, 9, 8, 10, 7, 8, 8, 7, 7, 8]
Test count of edges: 1450
cat
