Defaulting to user installation because normal site-packages is not writeable
Looking in links: /cvmfs/soft.computecanada.ca/custom/python/wheelhouse/gentoo/avx2, /cvmfs/soft.computecanada.ca/custom/python/wheelhouse/gentoo/generic, /cvmfs/soft.computecanada.ca/custom/python/wheelhouse/generic
Requirement already satisfied: graphviz in /home/js17sy/.local/lib/python3.10/site-packages (0.20)
163; python ga.py 21 768N_graph21.dat 0.025 0.01 0.7 0.9 0.1 201 768N_graph21strictgen3rem70_ 371293
/project/6008788/js17sy/reopenga/768b/ga.py:291: DeprecationWarning: Sampling from a set deprecated
since Python 3.9 and will be removed in a subsequent version.
  child1 = set(random.sample(
gen >0, new best = 497.600
gen >0, new best = 446.600
gen >0, new best = 435.100
gen >0, new best = 427.000
gen >0, new best = 374.000
gen >0, new best = 370.400
gen >0, new best = 361.100
gen: 0 best: 361.1 mean: 450.05646766169156
gen >1, new best = 359.200
gen: 1 best: 359.2 mean: 448.3776119402985
gen >2, new best = 354.000
gen: 2 best: 354.0 mean: 445.0641791044776
gen: 3 best: 354.0 mean: 442.08009950248754
gen: 4 best: 354.0 mean: 437.3572139303483
gen >5, new best = 352.800
gen >5, new best = 346.400
gen: 5 best: 346.4 mean: 432.2960199004975
gen >6, new best = 339.700
gen: 6 best: 339.7 mean: 432.26169154228853
gen: 7 best: 339.7 mean: 431.7691542288557
gen: 8 best: 339.7 mean: 423.7840796019901
gen: 9 best: 339.7 mean: 426.0990049751244
gen >10, new best = 331.700
gen: 10 best: 331.7 mean: 419.3462686567164
gen: 11 best: 331.7 mean: 414.2930348258706
gen >12, new best = 297.300
gen: 12 best: 297.3 mean: 415.4651741293532
gen: 13 best: 297.3 mean: 409.70796019900496
gen: 14 best: 297.3 mean: 404.2716417910448
gen: 15 best: 297.3 mean: 400.8149253731343
gen: 16 best: 297.3 mean: 397.8457711442786
gen: 17 best: 297.3 mean: 392.32139303482586
gen: 18 best: 297.3 mean: 392.99402985074624
gen: 19 best: 297.3 mean: 389.7159203980099
gen: 20 best: 297.3 mean: 389.5776119402985
gen: 21 best: 297.3 mean: 390.00696517412933
gen: 22 best: 297.3 mean: 383.70746268656717
gen: 23 best: 297.3 mean: 382.6781094527363
gen: 24 best: 297.3 mean: 383.0766169154229
gen: 25 best: 297.3 mean: 381.57611940298506
gen: 26 best: 297.3 mean: 378.5353233830846
gen: 27 best: 297.3 mean: 379.5681592039801
gen: 28 best: 297.3 mean: 380.0169154228856
gen: 29 best: 297.3 mean: 375.0805970149254
gen: 30 best: 297.3 mean: 375.9452736318408
gen: 31 best: 297.3 mean: 377.8407960199005
gen: 32 best: 297.3 mean: 375.0636815920398
gen: 33 best: 297.3 mean: 373.2139303482587
gen: 34 best: 297.3 mean: 372.17064676616917
gen: 35 best: 297.3 mean: 371.7776119402985
gen: 36 best: 297.3 mean: 372.0696517412935
gen >37, new best = 295.900
gen: 37 best: 295.9 mean: 371.2681592039801
gen: 38 best: 295.9 mean: 371.10895522388057
gen: 39 best: 295.9 mean: 368.9741293532338
gen: 40 best: 295.9 mean: 371.78855721393035
gen >41, new best = 288.000
gen: 41 best: 288.0 mean: 371.4830845771144
gen: 42 best: 288.0 mean: 367.68955223880596
gen: 43 best: 288.0 mean: 365.56169154228854
gen: 44 best: 288.0 mean: 365.05721393034827
gen: 45 best: 288.0 mean: 362.2179104477612
gen: 46 best: 288.0 mean: 363.59601990049754
gen: 47 best: 288.0 mean: 359.5437810945274
gen: 48 best: 288.0 mean: 361.6597014925373
gen: 49 best: 288.0 mean: 359.60895522388057
gen: 50 best: 288.0 mean: 360.5442786069652
gen: 51 best: 288.0 mean: 362.055223880597
gen: 52 best: 288.0 mean: 358.4492537313433
gen: 53 best: 288.0 mean: 357.74278606965174
gen: 54 best: 288.0 mean: 360.22089552238805
gen: 55 best: 288.0 mean: 359.7268656716418
gen: 56 best: 288.0 mean: 358.1373134328358
gen: 57 best: 288.0 mean: 356.97960199004973
gen: 58 best: 288.0 mean: 359.55970149253733
gen: 59 best: 288.0 mean: 357.65621890547266
gen: 60 best: 288.0 mean: 360.3094527363184
gen: 61 best: 288.0 mean: 356.6980099502488
gen: 62 best: 288.0 mean: 355.9492537313433
gen: 63 best: 288.0 mean: 358.9646766169154
gen: 64 best: 288.0 mean: 355.8139303482587
gen: 65 best: 288.0 mean: 353.56517412935324
gen: 66 best: 288.0 mean: 354.47164179104476
gen: 67 best: 288.0 mean: 355.6268656716418
gen: 68 best: 288.0 mean: 356.32537313432834
gen: 69 best: 288.0 mean: 353.6825870646766
gen: 70 best: 288.0 mean: 353.9985074626866
gen: 71 best: 288.0 mean: 351.2417910447761
gen: 72 best: 288.0 mean: 351.5004975124378
gen: 73 best: 288.0 mean: 352.6741293532338
gen: 74 best: 288.0 mean: 352.9497512437811
gen: 75 best: 288.0 mean: 350.5820895522388
gen: 76 best: 288.0 mean: 349.1039800995025
gen: 77 best: 288.0 mean: 351.1860696517413
gen: 78 best: 288.0 mean: 349.1597014925373
gen: 79 best: 288.0 mean: 348.82139303482586
gen: 80 best: 288.0 mean: 348.30746268656713
gen: 81 best: 288.0 mean: 348.6507462686567
gen: 82 best: 288.0 mean: 348.77512437810947
gen: 83 best: 288.0 mean: 347.01542288557215
gen: 84 best: 288.0 mean: 348.3970149253731
gen: 85 best: 288.0 mean: 347.74825870646765
gen: 86 best: 288.0 mean: 347.81243781094526
gen >87, new best = 286.200
gen: 87 best: 286.2 mean: 345.92089552238804
gen: 88 best: 286.2 mean: 346.4905472636816
gen: 89 best: 286.2 mean: 345.6517412935323
gen: 90 best: 286.2 mean: 345.10348258706466
gen: 91 best: 286.2 mean: 344.9373134328358
gen: 92 best: 286.2 mean: 345.31940298507465
gen: 93 best: 286.2 mean: 344.9706467661691
gen: 94 best: 286.2 mean: 346.4741293532338
gen: 95 best: 286.2 mean: 343.781592039801
gen: 96 best: 286.2 mean: 345.3482587064677
gen: 97 best: 286.2 mean: 345.0318407960199
gen: 98 best: 286.2 mean: 343.3661691542288
gen: 99 best: 286.2 mean: 345.0661691542289
[9, 11, 9, 10, 9, 9, 9, 10, 10, 9, 10, 9, 9, 8, 8, 10, 8, 9, 9, 10, 9, 8, 9, 11, 11, 8, 14, 10, 9, 10, 10, 9, 12, 10, 10, 10, 7, 9, 10, 10, 8, 10, 10, 9]
Test count of edges: 1432
cat
