Defaulting to user installation because normal site-packages is not writeable
Looking in links: /cvmfs/soft.computecanada.ca/custom/python/wheelhouse/gentoo/avx2, /cvmfs/soft.computecanada.ca/custom/python/wheelhouse/gentoo/generic, /cvmfs/soft.computecanada.ca/custom/python/wheelhouse/generic
Requirement already satisfied: graphviz in /home/js17sy/.local/lib/python3.10/site-packages (0.20)
127; python ga.py 21 768N_graph21.dat 0.025 0.01 0.7 0.7 0.3 201 768N_graph21strictgen2rem70_ 199927
/project/6008788/js17sy/reopenga/768b/ga.py:291: DeprecationWarning: Sampling from a set deprecated
since Python 3.9 and will be removed in a subsequent version.
  child1 = set(random.sample(
gen >0, new best = 379.100
gen >0, new best = 378.000
gen >0, new best = 374.500
gen: 0 best: 374.5 mean: 453.1452736318408
gen >1, new best = 355.900
gen: 1 best: 355.9 mean: 450.70298507462684
gen >2, new best = 352.000
gen >2, new best = 343.200
gen: 2 best: 343.2 mean: 441.85771144278607
gen >3, new best = 338.700
gen: 3 best: 338.7 mean: 438.2417910447761
gen: 4 best: 338.7 mean: 434.76069651741295
gen: 5 best: 338.7 mean: 431.49800995024873
gen: 6 best: 338.7 mean: 427.09452736318406
gen: 7 best: 338.7 mean: 429.06169154228854
gen >8, new best = 329.400
gen: 8 best: 329.4 mean: 426.89452736318407
gen: 9 best: 329.4 mean: 423.5278606965174
gen: 10 best: 329.4 mean: 420.15472636815923
gen: 11 best: 329.4 mean: 418.6810945273632
gen: 12 best: 329.4 mean: 419.0422885572139
gen: 13 best: 329.4 mean: 411.7805970149254
gen >14, new best = 314.500
gen: 14 best: 314.5 mean: 408.49751243781094
gen: 15 best: 314.5 mean: 411.7985074626866
gen: 16 best: 314.5 mean: 408.6169154228856
gen: 17 best: 314.5 mean: 403.93930348258704
gen >18, new best = 314.200
gen: 18 best: 314.2 mean: 403.1537313432836
gen: 19 best: 314.2 mean: 403.0532338308458
gen: 20 best: 314.2 mean: 397.00597014925376
gen: 21 best: 314.2 mean: 398.70746268656717
gen: 22 best: 314.2 mean: 395.33383084577116
gen: 23 best: 314.2 mean: 394.5606965174129
gen >24, new best = 307.300
gen >24, new best = 306.200
gen: 24 best: 306.2 mean: 389.3258706467662
gen >25, new best = 301.500
gen: 25 best: 301.5 mean: 386.66218905472635
gen: 26 best: 301.5 mean: 385.56318407960197
gen: 27 best: 301.5 mean: 381.5691542288557
gen >28, new best = 293.300
gen: 28 best: 293.3 mean: 381.8099502487562
gen: 29 best: 293.3 mean: 381.5442786069652
gen: 30 best: 293.3 mean: 382.26169154228853
gen: 31 best: 293.3 mean: 383.74278606965174
gen: 32 best: 293.3 mean: 377.4124378109453
gen: 33 best: 293.3 mean: 381.84726368159204
gen: 34 best: 293.3 mean: 380.7363184079602
gen: 35 best: 293.3 mean: 375.28805970149256
gen: 36 best: 293.3 mean: 376.1467661691542
gen: 37 best: 293.3 mean: 374.79353233830847
gen: 38 best: 293.3 mean: 373.89651741293534
gen: 39 best: 293.3 mean: 374.25572139303483
gen: 40 best: 293.3 mean: 369.3422885572139
gen: 41 best: 293.3 mean: 368.7855721393035
gen: 42 best: 293.3 mean: 365.9726368159204
gen: 43 best: 293.3 mean: 364.08009950248754
gen: 44 best: 293.3 mean: 366.22089552238805
gen: 45 best: 293.3 mean: 363.1323383084577
gen: 46 best: 293.3 mean: 361.65621890547266
gen: 47 best: 293.3 mean: 364.9706467661692
gen: 48 best: 293.3 mean: 364.47711442786067
gen: 49 best: 293.3 mean: 365.1905472636816
gen: 50 best: 293.3 mean: 362.1721393034826
gen: 51 best: 293.3 mean: 360.39253731343285
gen: 52 best: 293.3 mean: 360.5233830845771
gen: 53 best: 293.3 mean: 360.46616915422885
gen: 54 best: 293.3 mean: 359.6855721393035
gen: 55 best: 293.3 mean: 359.7487562189055
gen: 56 best: 293.3 mean: 359.97014925373134
gen: 57 best: 293.3 mean: 356.76268656716417
gen: 58 best: 293.3 mean: 360.17512437810944
gen: 59 best: 293.3 mean: 357.22039800995026
gen: 60 best: 293.3 mean: 356.19651741293535
gen: 61 best: 293.3 mean: 354.4731343283582
gen: 62 best: 293.3 mean: 357.3313432835821
gen: 63 best: 293.3 mean: 354.95522388059703
gen: 64 best: 293.3 mean: 353.42388059701494
gen: 65 best: 293.3 mean: 353.91492537313434
gen: 66 best: 293.3 mean: 353.00696517412933
gen: 67 best: 293.3 mean: 354.24228855721395
gen: 68 best: 293.3 mean: 354.6557213930348
gen >69, new best = 285.400
gen: 69 best: 285.4 mean: 352.30646766169156
gen: 70 best: 285.4 mean: 353.5587064676617
gen: 71 best: 285.4 mean: 351.85671641791043
gen: 72 best: 285.4 mean: 351.6273631840796
gen: 73 best: 285.4 mean: 351.42537313432837
gen: 74 best: 285.4 mean: 352.1557213930348
gen: 75 best: 285.4 mean: 353.1467661691542
gen: 76 best: 285.4 mean: 350.3572139303483
gen: 77 best: 285.4 mean: 351.12189054726366
gen: 78 best: 285.4 mean: 351.9800995024876
gen: 79 best: 285.4 mean: 349.3810945273632
gen: 80 best: 285.4 mean: 353.0049751243781
gen: 81 best: 285.4 mean: 350.6
gen: 82 best: 285.4 mean: 350.8557213930348
gen: 83 best: 285.4 mean: 350.863184079602
gen: 84 best: 285.4 mean: 350.94825870646764
gen: 85 best: 285.4 mean: 350.81542288557216
gen: 86 best: 285.4 mean: 350.1537313432836
gen: 87 best: 285.4 mean: 348.9835820895522
gen: 88 best: 285.4 mean: 345.32935323383083
gen: 89 best: 285.4 mean: 349.33233830845774
gen: 90 best: 285.4 mean: 348.7507462686567
gen: 91 best: 285.4 mean: 352.60696517412936
gen: 92 best: 285.4 mean: 347.6597014925373
gen: 93 best: 285.4 mean: 350.01940298507463
gen: 94 best: 285.4 mean: 347.4875621890547
gen: 95 best: 285.4 mean: 349.355223880597
gen: 96 best: 285.4 mean: 349.23532338308456
gen: 97 best: 285.4 mean: 346.12139303482587
gen: 98 best: 285.4 mean: 348.6099502487562
gen: 99 best: 285.4 mean: 347.6955223880597
[10, 12, 9, 11, 8, 11, 12, 10, 10, 9, 9, 8, 10, 10, 11, 10, 9, 12, 10, 9, 10, 11, 9, 8, 10, 9, 11, 9, 8, 9, 10, 9, 11, 9, 9, 9, 8, 10, 10, 9, 9, 8, 10, 10, 8, 10, 10, 9, 12]
Test count of edges: 1444
cat
