Defaulting to user installation because normal site-packages is not writeable
Looking in links: /cvmfs/soft.computecanada.ca/custom/python/wheelhouse/gentoo/avx2, /cvmfs/soft.computecanada.ca/custom/python/wheelhouse/gentoo/generic, /cvmfs/soft.computecanada.ca/custom/python/wheelhouse/generic
Requirement already satisfied: graphviz in /home/js17sy/.local/lib/python3.10/site-packages (0.20)
215; python ga.py 18 512N_graph18.dat 0.05 0.02 0.5 0.7 0.3 201 512N_graph18mediumgen2rem50_ 142805
/project/6008788/js17sy/reopenga/512c/ga.py:291: DeprecationWarning: Sampling from a set deprecated
since Python 3.9 and will be removed in a subsequent version.
  child1 = set(random.sample(
gen >0, new best = 328.300
gen >0, new best = 324.300
gen >0, new best = 304.100
gen >0, new best = 290.100
gen >0, new best = 289.200
gen >0, new best = 288.600
gen >0, new best = 282.500
gen: 0 best: 282.5 mean: 322.7676616915423
gen >1, new best = 279.200
gen: 1 best: 279.2 mean: 322.59452736318406
gen >2, new best = 265.200
gen: 2 best: 265.2 mean: 320.37611940298507
gen: 3 best: 265.2 mean: 321.1507462686567
gen: 4 best: 265.2 mean: 320.12189054726366
gen: 5 best: 265.2 mean: 319.42089552238804
gen: 6 best: 265.2 mean: 318.8238805970149
gen: 7 best: 265.2 mean: 318.2089552238806
gen: 8 best: 265.2 mean: 318.807960199005
gen: 9 best: 265.2 mean: 317.98407960199006
gen: 10 best: 265.2 mean: 318.3850746268657
gen: 11 best: 265.2 mean: 316.47363184079603
gen: 12 best: 265.2 mean: 317.5402985074627
gen: 13 best: 265.2 mean: 315.8318407960199
gen: 14 best: 265.2 mean: 316.78855721393035
gen >15, new best = 248.600
gen: 15 best: 248.6 mean: 315.37661691542286
gen: 16 best: 248.6 mean: 316.34179104477613
gen: 17 best: 248.6 mean: 313.23383084577114
gen: 18 best: 248.6 mean: 313.9064676616915
gen >19, new best = 243.200
gen: 19 best: 243.2 mean: 313.4134328358209
gen: 20 best: 243.2 mean: 313.607960199005
gen: 21 best: 243.2 mean: 314.0124378109453
gen: 22 best: 243.2 mean: 313.1671641791045
gen: 23 best: 243.2 mean: 313.70646766169153
gen: 24 best: 243.2 mean: 312.0462686567164
gen: 25 best: 243.2 mean: 312.518407960199
gen: 26 best: 243.2 mean: 312.0915422885572
gen: 27 best: 243.2 mean: 309.89104477611943
gen: 28 best: 243.2 mean: 309.6537313432836
gen: 29 best: 243.2 mean: 308.8731343283582
gen: 30 best: 243.2 mean: 310.0278606965174
gen: 31 best: 243.2 mean: 309.03432835820894
gen: 32 best: 243.2 mean: 308.02835820895524
gen: 33 best: 243.2 mean: 308.1412935323383
gen >34, new best = 226.200
gen: 34 best: 226.2 mean: 306.926368159204
gen: 35 best: 226.2 mean: 307.28109452736317
gen: 36 best: 226.2 mean: 307.9820895522388
gen: 37 best: 226.2 mean: 306.57064676616915
gen: 38 best: 226.2 mean: 304.8970149253731
gen: 39 best: 226.2 mean: 307.6542288557214
gen: 40 best: 226.2 mean: 307.5726368159204
gen: 41 best: 226.2 mean: 305.1537313432836
gen: 42 best: 226.2 mean: 306.69651741293535
gen: 43 best: 226.2 mean: 305.4910447761194
gen: 44 best: 226.2 mean: 304.9174129353234
gen: 45 best: 226.2 mean: 305.65671641791045
gen: 46 best: 226.2 mean: 304.9398009950249
gen: 47 best: 226.2 mean: 304.6900497512438
gen: 48 best: 226.2 mean: 303.434328358209
gen: 49 best: 226.2 mean: 303.66965174129353
gen: 50 best: 226.2 mean: 305.5353233830846
gen: 51 best: 226.2 mean: 304.2253731343284
gen: 52 best: 226.2 mean: 302.67462686567166
gen: 53 best: 226.2 mean: 303.88557213930346
gen: 54 best: 226.2 mean: 303.6497512437811
gen: 55 best: 226.2 mean: 301.27412935323383
gen: 56 best: 226.2 mean: 301.789552238806
gen: 57 best: 226.2 mean: 301.8950248756219
gen: 58 best: 226.2 mean: 302.1980099502488
gen: 59 best: 226.2 mean: 301.781592039801
gen: 60 best: 226.2 mean: 302.3054726368159
gen: 61 best: 226.2 mean: 302.13980099502487
gen: 62 best: 226.2 mean: 300.54328358208954
gen: 63 best: 226.2 mean: 302.76666666666665
gen: 64 best: 226.2 mean: 300.2820895522388
gen >65, new best = 222.800
gen: 65 best: 222.8 mean: 300.97462686567167
gen: 66 best: 222.8 mean: 301.2029850746269
gen: 67 best: 222.8 mean: 300.36517412935325
gen: 68 best: 222.8 mean: 300.3532338308458
gen: 69 best: 222.8 mean: 300.2328358208955
gen: 70 best: 222.8 mean: 300.1825870646766
gen: 71 best: 222.8 mean: 299.10696517412936
gen: 72 best: 222.8 mean: 299.3512437810945
gen: 73 best: 222.8 mean: 299.318407960199
gen: 74 best: 222.8 mean: 299.05621890547263
gen: 75 best: 222.8 mean: 299.5497512437811
gen: 76 best: 222.8 mean: 299.0587064676617
gen: 77 best: 222.8 mean: 298.61990049751245
gen: 78 best: 222.8 mean: 297.86119402985076
gen: 79 best: 222.8 mean: 299.4577114427861
gen: 80 best: 222.8 mean: 297.84328358208955
gen: 81 best: 222.8 mean: 299.2228855721393
gen: 82 best: 222.8 mean: 297.67661691542287
gen: 83 best: 222.8 mean: 299.03333333333336
gen: 84 best: 222.8 mean: 297.2582089552239
gen: 85 best: 222.8 mean: 298.53930348258706
gen: 86 best: 222.8 mean: 298.34676616915425
gen: 87 best: 222.8 mean: 298.2378109452736
gen: 88 best: 222.8 mean: 296.80646766169156
gen: 89 best: 222.8 mean: 298.41144278606964
gen: 90 best: 222.8 mean: 297.6119402985075
gen: 91 best: 222.8 mean: 297.9218905472637
gen: 92 best: 222.8 mean: 298.22039800995026
gen: 93 best: 222.8 mean: 297.94975124378107
gen: 94 best: 222.8 mean: 297.1427860696517
gen: 95 best: 222.8 mean: 298.24328358208953
gen: 96 best: 222.8 mean: 298.752736318408
gen: 97 best: 222.8 mean: 298.8462686567164
gen: 98 best: 222.8 mean: 297.907960199005
gen: 99 best: 222.8 mean: 296.8587064676617
[9, 8, 9, 9, 11, 9, 10, 10, 10, 9, 9, 9, 9, 9, 8, 10, 12, 10, 13, 9, 9, 10, 10, 10, 10, 10, 13, 11, 9, 11, 10, 9, 9, 10, 9, 9, 9, 9, 11, 11, 9, 10, 9, 14, 11, 9]
Test count of edges: 1545
cat
