Defaulting to user installation because normal site-packages is not writeable
Looking in links: /cvmfs/soft.computecanada.ca/custom/python/wheelhouse/gentoo/avx2, /cvmfs/soft.computecanada.ca/custom/python/wheelhouse/gentoo/generic, /cvmfs/soft.computecanada.ca/custom/python/wheelhouse/generic
Requirement already satisfied: graphviz in /home/js17sy/.local/lib/python3.10/site-packages (0.20)
364; python ga.py 18 512N_graph18.dat 0.075 0.03 0.5 0.5 0.5 201 512N_graph18laxgen1rem50_ 114244
/project/6008788/js17sy/reopenga/512c/ga.py:291: DeprecationWarning: Sampling from a set deprecated
since Python 3.9 and will be removed in a subsequent version.
  child1 = set(random.sample(
gen >0, new best = 354.300
gen >0, new best = 337.500
gen >0, new best = 334.000
gen >0, new best = 332.500
gen >0, new best = 330.000
gen >0, new best = 325.700
gen >0, new best = 296.800
gen >0, new best = 295.900
gen: 0 best: 295.9 mean: 339.4487562189055
gen: 1 best: 295.9 mean: 339.15323383084575
gen: 2 best: 295.9 mean: 338.7825870646766
gen: 3 best: 295.9 mean: 337.6761194029851
gen >4, new best = 292.000
gen: 4 best: 292.0 mean: 337.0751243781095
gen: 5 best: 292.0 mean: 338.30149253731344
gen >6, new best = 287.100
gen: 6 best: 287.1 mean: 334.83482587064674
gen: 7 best: 287.1 mean: 335.57014925373136
gen: 8 best: 287.1 mean: 334.78109452736317
gen >9, new best = 263.200
gen: 9 best: 263.2 mean: 333.12338308457714
gen: 10 best: 263.2 mean: 334.0199004975124
gen: 11 best: 263.2 mean: 334.37810945273634
gen: 12 best: 263.2 mean: 333.1442786069652
gen: 13 best: 263.2 mean: 333.3557213930348
gen: 14 best: 263.2 mean: 332.86218905472634
gen: 15 best: 263.2 mean: 331.40746268656716
gen >16, new best = 262.400
gen: 16 best: 262.4 mean: 332.4278606965174
gen: 17 best: 262.4 mean: 331.5542288557214
gen: 18 best: 262.4 mean: 329.9855721393035
gen: 19 best: 262.4 mean: 330.6452736318408
gen: 20 best: 262.4 mean: 330.055223880597
gen: 21 best: 262.4 mean: 328.57014925373136
gen: 22 best: 262.4 mean: 328.9542288557214
gen: 23 best: 262.4 mean: 328.7328358208955
gen: 24 best: 262.4 mean: 327.8363184079602
gen: 25 best: 262.4 mean: 327.4721393034826
gen: 26 best: 262.4 mean: 326.9616915422886
gen: 27 best: 262.4 mean: 326.3114427860697
gen: 28 best: 262.4 mean: 327.4960199004975
gen: 29 best: 262.4 mean: 327.9004975124378
gen: 30 best: 262.4 mean: 327.31542288557216
gen: 31 best: 262.4 mean: 326.81044776119404
gen: 32 best: 262.4 mean: 325.5089552238806
gen: 33 best: 262.4 mean: 324.752736318408
gen >34, new best = 260.200
gen: 34 best: 260.2 mean: 324.84378109452734
gen: 35 best: 260.2 mean: 324.78109452736317
gen >36, new best = 227.100
gen: 36 best: 227.1 mean: 324.32139303482586
gen: 37 best: 227.1 mean: 324.1119402985075
gen: 38 best: 227.1 mean: 324.1592039800995
gen: 39 best: 227.1 mean: 321.3129353233831
gen: 40 best: 227.1 mean: 323.0407960199005
gen: 41 best: 227.1 mean: 322.7532338308458
gen: 42 best: 227.1 mean: 323.72039800995026
gen: 43 best: 227.1 mean: 322.5875621890547
gen: 44 best: 227.1 mean: 321.91094527363185
gen: 45 best: 227.1 mean: 321.09203980099505
gen: 46 best: 227.1 mean: 322.4776119402985
gen: 47 best: 227.1 mean: 321.3990049751244
gen: 48 best: 227.1 mean: 319.50099502487564
gen: 49 best: 227.1 mean: 321.57064676616915
gen: 50 best: 227.1 mean: 320.1323383084577
gen: 51 best: 227.1 mean: 321.51044776119403
gen: 52 best: 227.1 mean: 320.84925373134325
gen: 53 best: 227.1 mean: 320.40796019900495
gen: 54 best: 227.1 mean: 319.9457711442786
gen: 55 best: 227.1 mean: 320.07462686567163
gen: 56 best: 227.1 mean: 320.2547263681592
gen: 57 best: 227.1 mean: 319.11592039800996
gen: 58 best: 227.1 mean: 318.5900497512438
gen: 59 best: 227.1 mean: 319.2641791044776
gen: 60 best: 227.1 mean: 319.41990049751246
gen: 61 best: 227.1 mean: 318.7805970149254
gen: 62 best: 227.1 mean: 318.7014925373134
gen: 63 best: 227.1 mean: 319.1462686567164
gen: 64 best: 227.1 mean: 317.93930348258704
gen: 65 best: 227.1 mean: 317.91641791044776
gen: 66 best: 227.1 mean: 317.17313432835823
gen: 67 best: 227.1 mean: 317.45671641791046
gen: 68 best: 227.1 mean: 318.22039800995026
gen: 69 best: 227.1 mean: 318.0268656716418
gen: 70 best: 227.1 mean: 318.1497512437811
gen: 71 best: 227.1 mean: 316.39800995024876
gen: 72 best: 227.1 mean: 317.4004975124378
gen: 73 best: 227.1 mean: 317.9910447761194
gen: 74 best: 227.1 mean: 317.8258706467662
gen: 75 best: 227.1 mean: 317.4691542288557
gen: 76 best: 227.1 mean: 316.91641791044776
gen: 77 best: 227.1 mean: 317.84278606965177
gen: 78 best: 227.1 mean: 315.33383084577116
gen: 79 best: 227.1 mean: 316.9004975124378
gen: 80 best: 227.1 mean: 316.7164179104478
gen: 81 best: 227.1 mean: 315.8094527363184
gen: 82 best: 227.1 mean: 317.86119402985076
gen: 83 best: 227.1 mean: 317.40597014925373
gen: 84 best: 227.1 mean: 314.7313432835821
gen: 85 best: 227.1 mean: 317.39253731343285
gen: 86 best: 227.1 mean: 316.4009950248756
gen: 87 best: 227.1 mean: 317.0781094527363
gen: 88 best: 227.1 mean: 316.52885572139303
gen: 89 best: 227.1 mean: 315.34179104477613
gen: 90 best: 227.1 mean: 315.9676616915423
gen: 91 best: 227.1 mean: 316.1781094527363
gen: 92 best: 227.1 mean: 316.78109452736317
gen: 93 best: 227.1 mean: 315.7014925373134
gen: 94 best: 227.1 mean: 315.74626865671644
gen: 95 best: 227.1 mean: 316.4044776119403
gen: 96 best: 227.1 mean: 316.3442786069652
gen: 97 best: 227.1 mean: 315.9950248756219
gen: 98 best: 227.1 mean: 315.6716417910448
gen: 99 best: 227.1 mean: 316.4671641791045
[10, 9, 8, 9, 9, 8, 10, 9, 9, 9, 9, 10, 8, 10, 10, 10, 9, 9, 10, 9, 9, 8, 9, 9, 9, 10, 9, 11, 8, 8, 9, 10, 9, 8, 8, 11, 9, 10, 10, 10, 9, 9, 9, 9, 11, 9, 8, 8, 10]
Test count of edges: 1544
cat
