Defaulting to user installation because normal site-packages is not writeable
Looking in links: /cvmfs/soft.computecanada.ca/custom/python/wheelhouse/gentoo/avx2, /cvmfs/soft.computecanada.ca/custom/python/wheelhouse/gentoo/generic, /cvmfs/soft.computecanada.ca/custom/python/wheelhouse/generic
Requirement already satisfied: graphviz in /home/js17sy/.local/lib/python3.10/site-packages (0.20)
485; python ga.py 18 512N_graph18.dat 0.075 0.03 0.7 0.7 0.3 201 512N_graph18laxgen2rem70_ 142805
/project/6008788/js17sy/reopenga/512c/ga.py:291: DeprecationWarning: Sampling from a set deprecated
since Python 3.9 and will be removed in a subsequent version.
  child1 = set(random.sample(
gen >0, new best = 311.100
gen >0, new best = 282.900
gen >0, new best = 245.600
gen: 0 best: 245.6 mean: 323.7213930348259
gen: 1 best: 245.6 mean: 321.91691542288555
gen: 2 best: 245.6 mean: 321.7960199004975
gen: 3 best: 245.6 mean: 318.4497512437811
gen: 4 best: 245.6 mean: 318.9283582089552
gen: 5 best: 245.6 mean: 314.17512437810944
gen: 6 best: 245.6 mean: 313.0626865671642
gen: 7 best: 245.6 mean: 312.82835820895525
gen: 8 best: 245.6 mean: 313.3258706467662
gen: 9 best: 245.6 mean: 308.59253731343284
gen: 10 best: 245.6 mean: 307.0532338308458
gen >11, new best = 241.600
gen: 11 best: 241.6 mean: 304.07014925373136
gen >12, new best = 231.000
gen: 12 best: 231.0 mean: 304.51194029850745
gen: 13 best: 231.0 mean: 305.452736318408
gen: 14 best: 231.0 mean: 303.3273631840796
gen: 15 best: 231.0 mean: 301.20796019900496
gen: 16 best: 231.0 mean: 300.71194029850744
gen: 17 best: 231.0 mean: 299.9323383084577
gen: 18 best: 231.0 mean: 296.95721393034825
gen: 19 best: 231.0 mean: 297.1338308457712
gen: 20 best: 231.0 mean: 296.61094527363184
gen >21, new best = 218.600
gen: 21 best: 218.6 mean: 295.97512437810946
gen: 22 best: 218.6 mean: 295.4945273631841
gen: 23 best: 218.6 mean: 293.5845771144279
gen: 24 best: 218.6 mean: 294.74825870646765
gen: 25 best: 218.6 mean: 293.2323383084577
gen: 26 best: 218.6 mean: 293.452736318408
gen: 27 best: 218.6 mean: 293.11243781094527
gen >28, new best = 217.600
gen: 28 best: 217.6 mean: 292.781592039801
gen: 29 best: 217.6 mean: 292.25223880597014
gen: 30 best: 217.6 mean: 290.59203980099505
gen: 31 best: 217.6 mean: 290.8074626865672
gen: 32 best: 217.6 mean: 292.2542288557214
gen: 33 best: 217.6 mean: 290.5995024875622
gen: 34 best: 217.6 mean: 290.2283582089552
gen: 35 best: 217.6 mean: 288.77363184079604
gen: 36 best: 217.6 mean: 291.0054726368159
gen: 37 best: 217.6 mean: 287.89303482587064
gen: 38 best: 217.6 mean: 288.51194029850745
gen: 39 best: 217.6 mean: 287.5691542288557
gen: 40 best: 217.6 mean: 286.62139303482587
gen: 41 best: 217.6 mean: 287.0905472636816
gen: 42 best: 217.6 mean: 286.54129353233833
gen: 43 best: 217.6 mean: 287.90547263681594
gen: 44 best: 217.6 mean: 286.06517412935324
gen: 45 best: 217.6 mean: 284.01542288557215
gen: 46 best: 217.6 mean: 284.5273631840796
gen: 47 best: 217.6 mean: 283.1756218905473
gen: 48 best: 217.6 mean: 283.655223880597
gen: 49 best: 217.6 mean: 283.6467661691542
gen: 50 best: 217.6 mean: 283.51044776119403
gen: 51 best: 217.6 mean: 280.58507462686566
gen: 52 best: 217.6 mean: 281.70746268656717
gen: 53 best: 217.6 mean: 282.80298507462686
gen: 54 best: 217.6 mean: 283.6646766169154
gen: 55 best: 217.6 mean: 283.37412935323385
gen: 56 best: 217.6 mean: 279.9960199004975
gen: 57 best: 217.6 mean: 283.155223880597
gen: 58 best: 217.6 mean: 282.01542288557215
gen: 59 best: 217.6 mean: 280.3019900497512
gen: 60 best: 217.6 mean: 282.00646766169154
gen: 61 best: 217.6 mean: 280.71194029850744
gen: 62 best: 217.6 mean: 282.20796019900496
gen: 63 best: 217.6 mean: 281.2
gen: 64 best: 217.6 mean: 281.82935323383083
gen: 65 best: 217.6 mean: 280.03333333333336
gen: 66 best: 217.6 mean: 281.26467661691544
gen: 67 best: 217.6 mean: 281.40149253731346
gen: 68 best: 217.6 mean: 278.4507462686567
gen: 69 best: 217.6 mean: 281.5915422885572
gen: 70 best: 217.6 mean: 281.36517412935325
gen: 71 best: 217.6 mean: 278.98955223880597
gen: 72 best: 217.6 mean: 281.27611940298505
gen: 73 best: 217.6 mean: 280.7124378109453
gen: 74 best: 217.6 mean: 278.5786069651741
gen: 75 best: 217.6 mean: 279.97114427860697
gen: 76 best: 217.6 mean: 279.80497512437813
gen: 77 best: 217.6 mean: 277.67313432835823
gen: 78 best: 217.6 mean: 278.9502487562189
gen: 79 best: 217.6 mean: 277.85223880597016
gen: 80 best: 217.6 mean: 279.07462686567163
gen: 81 best: 217.6 mean: 275.74228855721395
gen: 82 best: 217.6 mean: 278.0189054726368
gen: 83 best: 217.6 mean: 276.32935323383083
gen: 84 best: 217.6 mean: 275.85621890547264
gen: 85 best: 217.6 mean: 278.03432835820894
gen: 86 best: 217.6 mean: 275.9194029850746
gen: 87 best: 217.6 mean: 277.76965174129356
gen: 88 best: 217.6 mean: 277.6189054726368
gen: 89 best: 217.6 mean: 276.7781094527363
gen: 90 best: 217.6 mean: 276.2731343283582
gen: 91 best: 217.6 mean: 277.2681592039801
gen: 92 best: 217.6 mean: 276.13980099502487
gen: 93 best: 217.6 mean: 275.5955223880597
gen: 94 best: 217.6 mean: 276.4049751243781
gen: 95 best: 217.6 mean: 274.9034825870647
gen: 96 best: 217.6 mean: 276.326368159204
gen: 97 best: 217.6 mean: 276.2014925373134
gen: 98 best: 217.6 mean: 276.94228855721394
gen: 99 best: 217.6 mean: 273.27064676616914
[9, 10, 8, 7, 7, 10, 9, 8, 6, 7, 7, 8, 9, 9, 8, 10, 8, 9, 8, 9, 8, 9, 7, 8, 8, 8, 7, 8, 9, 8, 7, 8, 8, 8, 7, 8, 8, 7, 7, 8, 8, 8, 8, 8, 8, 9, 8, 8]
Test count of edges: 925
cat
