Defaulting to user installation because normal site-packages is not writeable
Looking in links: /cvmfs/soft.computecanada.ca/custom/python/wheelhouse/gentoo/avx2, /cvmfs/soft.computecanada.ca/custom/python/wheelhouse/gentoo/generic, /cvmfs/soft.computecanada.ca/custom/python/wheelhouse/generic
Requirement already satisfied: graphviz in /home/js17sy/.local/lib/python3.10/site-packages (0.20)
390; python ga.py 18 512N_graph18.dat 0.075 0.03 0.5 0.5 0.5 201 512N_graph18laxgen1rem50_ 856830
/project/6008788/js17sy/reopenga/512c/ga.py:291: DeprecationWarning: Sampling from a set deprecated
since Python 3.9 and will be removed in a subsequent version.
  child1 = set(random.sample(
gen >0, new best = 296.400
gen: 0 best: 296.4 mean: 338.692039800995
gen >1, new best = 270.500
gen: 1 best: 270.5 mean: 338.1179104477612
gen: 2 best: 270.5 mean: 338.0179104477612
gen: 3 best: 270.5 mean: 336.0014925373134
gen: 4 best: 270.5 mean: 338.13781094527366
gen: 5 best: 270.5 mean: 337.46218905472637
gen: 6 best: 270.5 mean: 337.59402985074627
gen: 7 best: 270.5 mean: 337.0
gen: 8 best: 270.5 mean: 338.1273631840796
gen: 9 best: 270.5 mean: 337.04328358208954
gen: 10 best: 270.5 mean: 336.3074626865672
gen: 11 best: 270.5 mean: 337.0398009950249
gen: 12 best: 270.5 mean: 336.8915422885572
gen: 13 best: 270.5 mean: 335.46417910447764
gen: 14 best: 270.5 mean: 335.85273631840795
gen: 15 best: 270.5 mean: 336.047263681592
gen: 16 best: 270.5 mean: 334.46666666666664
gen: 17 best: 270.5 mean: 334.39353233830843
gen >18, new best = 267.800
gen: 18 best: 267.8 mean: 334.0074626865672
gen: 19 best: 267.8 mean: 335.33432835820895
gen: 20 best: 267.8 mean: 333.2437810945274
gen: 21 best: 267.8 mean: 333.4855721393035
gen: 22 best: 267.8 mean: 332.57014925373136
gen: 23 best: 267.8 mean: 332.5353233830846
gen: 24 best: 267.8 mean: 333.2781094527363
gen: 25 best: 267.8 mean: 333.9134328358209
gen: 26 best: 267.8 mean: 331.9681592039801
gen: 27 best: 267.8 mean: 332.78109452736317
gen: 28 best: 267.8 mean: 332.89850746268655
gen: 29 best: 267.8 mean: 331.63482587064675
gen: 30 best: 267.8 mean: 330.60547263681593
gen: 31 best: 267.8 mean: 330.1781094527363
gen: 32 best: 267.8 mean: 330.27014925373135
gen >33, new best = 256.600
gen: 33 best: 256.6 mean: 331.0313432835821
gen: 34 best: 256.6 mean: 331.2950248756219
gen: 35 best: 256.6 mean: 331.38905472636816
gen: 36 best: 256.6 mean: 329.65223880597017
gen: 37 best: 256.6 mean: 328.79800995024874
gen: 38 best: 256.6 mean: 328.6338308457712
gen: 39 best: 256.6 mean: 330.88756218905473
gen: 40 best: 256.6 mean: 329.04328358208954
gen: 41 best: 256.6 mean: 329.7308457711443
gen: 42 best: 256.6 mean: 328.9651741293532
gen: 43 best: 256.6 mean: 329.036815920398
gen: 44 best: 256.6 mean: 328.6024875621891
gen: 45 best: 256.6 mean: 326.926368159204
gen: 46 best: 256.6 mean: 327.69900497512435
gen: 47 best: 256.6 mean: 328.3960199004975
gen: 48 best: 256.6 mean: 328.5457711442786
gen: 49 best: 256.6 mean: 327.47363184079603
gen: 50 best: 256.6 mean: 326.16517412935326
gen: 51 best: 256.6 mean: 328.81243781094526
gen: 52 best: 256.6 mean: 328.1726368159204
gen: 53 best: 256.6 mean: 327.8517412935323
gen: 54 best: 256.6 mean: 328.97363184079603
gen: 55 best: 256.6 mean: 328.76965174129356
gen: 56 best: 256.6 mean: 327.76268656716417
gen: 57 best: 256.6 mean: 328.1009950248756
gen: 58 best: 256.6 mean: 328.9800995024876
gen: 59 best: 256.6 mean: 327.9980099502488
gen: 60 best: 256.6 mean: 327.76119402985074
gen: 61 best: 256.6 mean: 326.95124378109455
gen: 62 best: 256.6 mean: 328.27064676616914
gen: 63 best: 256.6 mean: 327.42935323383085
gen: 64 best: 256.6 mean: 328.71094527363186
gen: 65 best: 256.6 mean: 327.9393034825871
gen: 66 best: 256.6 mean: 328.56318407960197
gen: 67 best: 256.6 mean: 326.27014925373135
gen: 68 best: 256.6 mean: 325.8373134328358
gen: 69 best: 256.6 mean: 326.7323383084577
gen: 70 best: 256.6 mean: 326.68059701492535
gen: 71 best: 256.6 mean: 327.5810945273632
gen: 72 best: 256.6 mean: 325.6278606965174
gen: 73 best: 256.6 mean: 326.8099502487562
gen: 74 best: 256.6 mean: 325.6557213930348
gen: 75 best: 256.6 mean: 324.03432835820894
gen: 76 best: 256.6 mean: 327.27363184079604
gen >77, new best = 248.800
gen: 77 best: 248.8 mean: 324.87960199004976
gen: 78 best: 248.8 mean: 326.071144278607
gen: 79 best: 248.8 mean: 326.59800995024875
gen: 80 best: 248.8 mean: 324.7492537313433
gen: 81 best: 248.8 mean: 325.34726368159204
gen: 82 best: 248.8 mean: 325.2497512437811
gen: 83 best: 248.8 mean: 324.82139303482586
gen: 84 best: 248.8 mean: 325.97462686567167
gen: 85 best: 248.8 mean: 327.03781094527363
gen: 86 best: 248.8 mean: 325.92587064676616
gen: 87 best: 248.8 mean: 323.6686567164179
gen: 88 best: 248.8 mean: 325.5582089552239
gen: 89 best: 248.8 mean: 326.20597014925374
gen: 90 best: 248.8 mean: 325.28805970149256
gen: 91 best: 248.8 mean: 325.38557213930346
gen: 92 best: 248.8 mean: 325.4870646766169
gen: 93 best: 248.8 mean: 325.1139303482587
gen: 94 best: 248.8 mean: 322.63432835820896
gen: 95 best: 248.8 mean: 324.17164179104475
gen: 96 best: 248.8 mean: 324.2084577114428
gen: 97 best: 248.8 mean: 323.7238805970149
gen: 98 best: 248.8 mean: 323.481592039801
gen: 99 best: 248.8 mean: 323.1323383084577
[9, 9, 9, 10, 9, 10, 9, 10, 10, 9, 9, 9, 9, 8, 8, 8, 10, 9, 9, 9, 8, 8, 12, 8, 9, 9, 8, 8, 9, 9, 9, 11, 9, 9, 10, 9, 10, 10, 10, 8, 9, 9, 9, 8, 9, 9]
Test count of edges: 1561
cat
