Defaulting to user installation because normal site-packages is not writeable
Looking in links: /cvmfs/soft.computecanada.ca/custom/python/wheelhouse/gentoo/avx2, /cvmfs/soft.computecanada.ca/custom/python/wheelhouse/gentoo/generic, /cvmfs/soft.computecanada.ca/custom/python/wheelhouse/generic
Requirement already satisfied: graphviz in /home/js17sy/.local/lib/python3.10/site-packages (0.20)
460; python ga.py 18 512N_graph18.dat 0.075 0.03 0.7 0.5 0.5 201 512N_graph18laxgen1rem70_ 285610
/project/6008788/js17sy/reopenga/512c/ga.py:291: DeprecationWarning: Sampling from a set deprecated
since Python 3.9 and will be removed in a subsequent version.
  child1 = set(random.sample(
gen >0, new best = 330.200
gen >0, new best = 326.200
gen >0, new best = 314.000
gen >0, new best = 291.200
gen >0, new best = 274.500
gen >0, new best = 272.800
gen >0, new best = 258.400
gen: 0 best: 258.4 mean: 324.1291044776119
gen: 1 best: 258.4 mean: 320.53432835820894
gen: 2 best: 258.4 mean: 322.95671641791046
gen >3, new best = 255.300
gen: 3 best: 255.3 mean: 316.4800995024876
gen: 4 best: 255.3 mean: 315.0383084577114
gen: 5 best: 255.3 mean: 313.6174129353234
gen: 6 best: 255.3 mean: 313.89253731343285
gen: 7 best: 255.3 mean: 310.8810945273632
gen >8, new best = 253.800
gen: 8 best: 253.8 mean: 309.1094527363184
gen: 9 best: 253.8 mean: 307.9373134328358
gen: 10 best: 253.8 mean: 305.85970149253734
gen >11, new best = 249.800
gen: 11 best: 249.8 mean: 304.97910447761194
gen: 12 best: 249.8 mean: 303.1373134328358
gen: 13 best: 249.8 mean: 301.07014925373136
gen: 14 best: 249.8 mean: 301.0626865671642
gen >15, new best = 239.800
gen >15, new best = 234.300
gen: 15 best: 234.3 mean: 298.95870646766167
gen: 16 best: 234.3 mean: 299.9820895522388
gen >17, new best = 223.000
gen: 17 best: 223.0 mean: 297.8960199004975
gen: 18 best: 223.0 mean: 297.1283582089552
gen: 19 best: 223.0 mean: 298.5567164179104
gen: 20 best: 223.0 mean: 297.0328358208955
gen: 21 best: 223.0 mean: 297.5567164179104
gen: 22 best: 223.0 mean: 296.071144278607
gen: 23 best: 223.0 mean: 296.26965174129356
gen: 24 best: 223.0 mean: 294.3422885572139
gen: 25 best: 223.0 mean: 295.73830845771147
gen: 26 best: 223.0 mean: 295.4781094527363
gen: 27 best: 223.0 mean: 295.1810945273632
gen: 28 best: 223.0 mean: 293.3850746268657
gen: 29 best: 223.0 mean: 291.9925373134328
gen: 30 best: 223.0 mean: 289.9228855721393
gen: 31 best: 223.0 mean: 294.8805970149254
gen: 32 best: 223.0 mean: 292.46567164179106
gen: 33 best: 223.0 mean: 292.5044776119403
gen: 34 best: 223.0 mean: 293.07960199004975
gen: 35 best: 223.0 mean: 292.10199004975124
gen: 36 best: 223.0 mean: 294.5452736318408
gen: 37 best: 223.0 mean: 291.7532338308458
gen: 38 best: 223.0 mean: 292.8333333333333
gen: 39 best: 223.0 mean: 291.49800995024873
gen: 40 best: 223.0 mean: 291.87114427860695
gen: 41 best: 223.0 mean: 292.4233830845771
gen: 42 best: 223.0 mean: 288.7860696517413
gen: 43 best: 223.0 mean: 292.6169154228856
gen: 44 best: 223.0 mean: 289.82935323383083
gen: 45 best: 223.0 mean: 291.4303482587065
gen: 46 best: 223.0 mean: 289.2582089552239
gen: 47 best: 223.0 mean: 292.97910447761194
gen: 48 best: 223.0 mean: 289.9577114427861
gen: 49 best: 223.0 mean: 288.8298507462687
gen: 50 best: 223.0 mean: 289.7686567164179
gen: 51 best: 223.0 mean: 287.72437810945274
gen: 52 best: 223.0 mean: 288.655223880597
gen: 53 best: 223.0 mean: 289.7218905472637
gen: 54 best: 223.0 mean: 287.96616915422885
gen: 55 best: 223.0 mean: 288.81990049751244
gen: 56 best: 223.0 mean: 286.3661691542288
gen: 57 best: 223.0 mean: 289.65472636815923
gen: 58 best: 223.0 mean: 288.4865671641791
gen: 59 best: 223.0 mean: 287.9398009950249
gen: 60 best: 223.0 mean: 286.8756218905473
gen: 61 best: 223.0 mean: 287.09601990049754
gen: 62 best: 223.0 mean: 286.0537313432836
gen: 63 best: 223.0 mean: 285.2363184079602
gen: 64 best: 223.0 mean: 285.96965174129355
gen: 65 best: 223.0 mean: 286.3278606965174
gen: 66 best: 223.0 mean: 287.4776119402985
gen: 67 best: 223.0 mean: 287.9890547263682
gen: 68 best: 223.0 mean: 286.8144278606965
gen: 69 best: 223.0 mean: 285.8537313432836
gen: 70 best: 223.0 mean: 285.71691542288556
gen: 71 best: 223.0 mean: 285.0781094527363
gen: 72 best: 223.0 mean: 283.71094527363186
gen: 73 best: 223.0 mean: 284.04278606965175
gen: 74 best: 223.0 mean: 284.3810945273632
gen: 75 best: 223.0 mean: 285.9830845771144
gen: 76 best: 223.0 mean: 283.1
gen: 77 best: 223.0 mean: 282.4870646766169
gen: 78 best: 223.0 mean: 283.6004975124378
gen: 79 best: 223.0 mean: 283.5457711442786
gen: 80 best: 223.0 mean: 284.15323383084575
gen >81, new best = 222.400
gen: 81 best: 222.4 mean: 281.765671641791
gen >82, new best = 221.900
gen: 82 best: 221.9 mean: 284.0363184079602
gen: 83 best: 221.9 mean: 283.8756218905473
gen: 84 best: 221.9 mean: 281.26069651741295
gen: 85 best: 221.9 mean: 283.76069651741295
gen: 86 best: 221.9 mean: 282.9308457711443
gen: 87 best: 221.9 mean: 284.0049751243781
gen: 88 best: 221.9 mean: 285.01592039800994
gen: 89 best: 221.9 mean: 284.2835820895522
gen >90, new best = 212.400
gen: 90 best: 212.4 mean: 281.46666666666664
gen: 91 best: 212.4 mean: 280.79950248756217
gen: 92 best: 212.4 mean: 283.36218905472634
gen: 93 best: 212.4 mean: 281.23830845771147
gen: 94 best: 212.4 mean: 281.9393034825871
gen: 95 best: 212.4 mean: 282.68905472636817
gen: 96 best: 212.4 mean: 281.27014925373135
gen: 97 best: 212.4 mean: 281.7761194029851
gen: 98 best: 212.4 mean: 280.99800995024873
gen: 99 best: 212.4 mean: 280.9965174129353
[8, 8, 7, 11, 9, 8, 8, 8, 10, 8, 7, 8, 8, 8, 9, 8, 11, 9, 9, 7, 8, 8, 9, 8, 7, 8, 9, 8, 8, 8, 9, 7, 8, 8, 7, 8, 8, 11, 8, 8, 8, 8, 8, 9, 8, 8, 8]
Test count of edges: 966
cat
