Defaulting to user installation because normal site-packages is not writeable
Looking in links: /cvmfs/soft.computecanada.ca/custom/python/wheelhouse/gentoo/avx2, /cvmfs/soft.computecanada.ca/custom/python/wheelhouse/gentoo/generic, /cvmfs/soft.computecanada.ca/custom/python/wheelhouse/generic
Requirement already satisfied: graphviz in /home/js17sy/.local/lib/python3.10/site-packages (0.20)
652; python ga.py 18 512N_graph18.dat 0.1 0.04 0.7 0.5 0.5 201 512N_graph18leerygen1rem70_ 628342
/project/6008788/js17sy/reopenga/512c/ga.py:291: DeprecationWarning: Sampling from a set deprecated
since Python 3.9 and will be removed in a subsequent version.
  child1 = set(random.sample(
gen >0, new best = 307.800
gen >0, new best = 302.200
gen >0, new best = 298.000
gen >0, new best = 293.600
gen >0, new best = 291.500
gen: 0 best: 291.5 mean: 328.74004975124376
gen >1, new best = 286.700
gen >1, new best = 271.800
gen >1, new best = 253.800
gen: 1 best: 253.8 mean: 326.02288557213933
gen: 2 best: 253.8 mean: 328.90149253731346
gen: 3 best: 253.8 mean: 328.11641791044775
gen: 4 best: 253.8 mean: 327.3094527363184
gen: 5 best: 253.8 mean: 326.0457711442786
gen: 6 best: 253.8 mean: 324.336815920398
gen: 7 best: 253.8 mean: 322.63432835820896
gen >8, new best = 251.800
gen: 8 best: 251.8 mean: 322.69651741293535
gen: 9 best: 251.8 mean: 319.87114427860695
gen: 10 best: 251.8 mean: 319.58706467661693
gen: 11 best: 251.8 mean: 318.1149253731343
gen: 12 best: 251.8 mean: 320.39850746268655
gen: 13 best: 251.8 mean: 317.91144278606964
gen: 14 best: 251.8 mean: 318.49203980099503
gen: 15 best: 251.8 mean: 316.2776119402985
gen: 16 best: 251.8 mean: 315.19303482587065
gen: 17 best: 251.8 mean: 316.2621890547264
gen: 18 best: 251.8 mean: 317.0199004975124
gen: 19 best: 251.8 mean: 315.65671641791045
gen: 20 best: 251.8 mean: 315.1980099502488
gen: 21 best: 251.8 mean: 314.8273631840796
gen: 22 best: 251.8 mean: 314.2731343283582
gen: 23 best: 251.8 mean: 313.7681592039801
gen: 24 best: 251.8 mean: 313.3915422885572
gen: 25 best: 251.8 mean: 311.48955223880597
gen: 26 best: 251.8 mean: 311.5383084577114
gen >27, new best = 243.300
gen: 27 best: 243.3 mean: 311.4189054726368
gen: 28 best: 243.3 mean: 311.9213930348259
gen: 29 best: 243.3 mean: 311.5776119402985
gen: 30 best: 243.3 mean: 310.62885572139305
gen: 31 best: 243.3 mean: 311.9537313432836
gen: 32 best: 243.3 mean: 310.7945273631841
gen: 33 best: 243.3 mean: 311.5641791044776
gen: 34 best: 243.3 mean: 309.7905472636816
gen: 35 best: 243.3 mean: 308.5805970149254
gen: 36 best: 243.3 mean: 309.92537313432837
gen: 37 best: 243.3 mean: 308.75721393034826
gen: 38 best: 243.3 mean: 308.95671641791046
gen: 39 best: 243.3 mean: 307.96218905472637
gen: 40 best: 243.3 mean: 308.9706467661691
gen: 41 best: 243.3 mean: 308.6905472636816
gen: 42 best: 243.3 mean: 309.3074626865672
gen: 43 best: 243.3 mean: 307.0965174129353
gen: 44 best: 243.3 mean: 307.50199004975127
gen: 45 best: 243.3 mean: 306.2199004975124
gen: 46 best: 243.3 mean: 306.618407960199
gen: 47 best: 243.3 mean: 305.5726368159204
gen: 48 best: 243.3 mean: 305.5348258706468
gen: 49 best: 243.3 mean: 305.8676616915423
gen: 50 best: 243.3 mean: 305.8298507462687
gen: 51 best: 243.3 mean: 305.8771144278607
gen: 52 best: 243.3 mean: 305.73830845771147
gen: 53 best: 243.3 mean: 307.85771144278607
gen: 54 best: 243.3 mean: 307.8532338308458
gen: 55 best: 243.3 mean: 307.5855721393035
gen: 56 best: 243.3 mean: 307.10348258706466
gen: 57 best: 243.3 mean: 306.4029850746269
gen: 58 best: 243.3 mean: 306.9855721393035
gen: 59 best: 243.3 mean: 304.71492537313435
gen: 60 best: 243.3 mean: 305.5860696517413
gen: 61 best: 243.3 mean: 304.5238805970149
gen: 62 best: 243.3 mean: 305.13432835820896
gen: 63 best: 243.3 mean: 307.5626865671642
gen: 64 best: 243.3 mean: 303.9950248756219
gen: 65 best: 243.3 mean: 305.8726368159204
gen: 66 best: 243.3 mean: 304.6009950248756
gen: 67 best: 243.3 mean: 305.8228855721393
gen: 68 best: 243.3 mean: 303.83233830845774
gen: 69 best: 243.3 mean: 303.836815920398
gen: 70 best: 243.3 mean: 303.66567164179105
gen: 71 best: 243.3 mean: 303.5626865671642
gen: 72 best: 243.3 mean: 302.8626865671642
gen >73, new best = 241.300
gen: 73 best: 241.3 mean: 305.05721393034827
gen: 74 best: 241.3 mean: 303.82338308457713
gen: 75 best: 241.3 mean: 304.30696517412935
gen: 76 best: 241.3 mean: 301.8771144278607
gen: 77 best: 241.3 mean: 303.0621890547264
gen: 78 best: 241.3 mean: 301.87611940298507
gen: 79 best: 241.3 mean: 304.53731343283584
gen: 80 best: 241.3 mean: 301.58159203980097
gen: 81 best: 241.3 mean: 302.28457711442786
gen: 82 best: 241.3 mean: 302.2228855721393
gen: 83 best: 241.3 mean: 303.65472636815923
gen: 84 best: 241.3 mean: 299.9776119402985
gen: 85 best: 241.3 mean: 303.24776119402986
gen: 86 best: 241.3 mean: 301.9
gen: 87 best: 241.3 mean: 302.71194029850744
gen: 88 best: 241.3 mean: 302.10746268656715
gen: 89 best: 241.3 mean: 301.65671641791045
gen: 90 best: 241.3 mean: 301.6577114427861
gen: 91 best: 241.3 mean: 301.46965174129355
gen >92, new best = 237.700
gen: 92 best: 237.7 mean: 300.6716417910448
gen: 93 best: 237.7 mean: 301.59800995024875
gen: 94 best: 237.7 mean: 300.6338308457712
gen: 95 best: 237.7 mean: 301.0621890547264
gen: 96 best: 237.7 mean: 300.6233830845771
gen >97, new best = 227.100
gen: 97 best: 227.1 mean: 300.35223880597016
gen: 98 best: 227.1 mean: 302.4910447761194
gen: 99 best: 227.1 mean: 303.79701492537316
[8, 8, 7, 8, 8, 8, 7, 8, 8, 7, 7, 8, 7, 7, 7, 7, 7, 8, 11, 8, 8, 7, 7, 7, 8, 9, 7, 8, 8, 8, 7, 7, 7, 9, 8, 8, 8, 7, 7, 8, 7, 7, 8, 7, 7, 7, 8]
Test count of edges: 963
cat
