Defaulting to user installation because normal site-packages is not writeable
Looking in links: /cvmfs/soft.computecanada.ca/custom/python/wheelhouse/gentoo/avx2, /cvmfs/soft.computecanada.ca/custom/python/wheelhouse/gentoo/generic, /cvmfs/soft.computecanada.ca/custom/python/wheelhouse/generic
Requirement already satisfied: graphviz in /home/js17sy/.local/lib/python3.10/site-packages (0.20)
603; python ga.py 18 512N_graph18.dat 0.1 0.04 0.5 0.9 0.1 201 512N_graph18leerygen3rem50_ 85683
/project/6008788/js17sy/reopenga/512c/ga.py:291: DeprecationWarning: Sampling from a set deprecated
since Python 3.9 and will be removed in a subsequent version.
  child1 = set(random.sample(
gen >0, new best = 345.300
gen >0, new best = 323.500
gen >0, new best = 321.200
gen >0, new best = 319.600
gen >0, new best = 319.200
gen >0, new best = 312.700
gen: 0 best: 312.7 mean: 351.27537313432833
gen >1, new best = 311.500
gen >1, new best = 305.600
gen: 1 best: 305.6 mean: 349.4741293532338
gen: 2 best: 305.6 mean: 350.28109452736317
gen >3, new best = 284.400
gen: 3 best: 284.4 mean: 349.6945273631841
gen: 4 best: 284.4 mean: 349.4542288557214
gen: 5 best: 284.4 mean: 349.15621890547266
gen: 6 best: 284.4 mean: 347.7069651741294
gen: 7 best: 284.4 mean: 348.1940298507463
gen: 8 best: 284.4 mean: 347.44278606965173
gen: 9 best: 284.4 mean: 347.6228855721393
gen: 10 best: 284.4 mean: 347.88009950248755
gen: 11 best: 284.4 mean: 347.673631840796
gen: 12 best: 284.4 mean: 347.0094527363184
gen: 13 best: 284.4 mean: 346.2343283582089
gen >14, new best = 276.700
gen: 14 best: 276.7 mean: 344.9965174129353
gen: 15 best: 276.7 mean: 344.70746268656717
gen: 16 best: 276.7 mean: 345.78656716417913
gen: 17 best: 276.7 mean: 344.4761194029851
gen: 18 best: 276.7 mean: 346.18407960199005
gen: 19 best: 276.7 mean: 344.87810945273634
gen: 20 best: 276.7 mean: 343.3636815920398
gen: 21 best: 276.7 mean: 343.2950248756219
gen: 22 best: 276.7 mean: 343.6004975124378
gen: 23 best: 276.7 mean: 343.6626865671642
gen: 24 best: 276.7 mean: 340.9452736318408
gen: 25 best: 276.7 mean: 341.66169154228857
gen: 26 best: 276.7 mean: 341.8074626865672
gen: 27 best: 276.7 mean: 341.2378109452736
gen >28, new best = 272.000
gen: 28 best: 272.0 mean: 340.27014925373135
gen: 29 best: 272.0 mean: 340.0905472636816
gen: 30 best: 272.0 mean: 340.43880597014925
gen: 31 best: 272.0 mean: 340.5268656716418
gen: 32 best: 272.0 mean: 338.4134328358209
gen: 33 best: 272.0 mean: 339.7
gen: 34 best: 272.0 mean: 340.80348258706465
gen: 35 best: 272.0 mean: 339.744776119403
gen: 36 best: 272.0 mean: 338.5726368159204
gen: 37 best: 272.0 mean: 339.6900497512438
gen: 38 best: 272.0 mean: 339.9870646766169
gen: 39 best: 272.0 mean: 339.8482587064677
gen: 40 best: 272.0 mean: 338.4089552238806
gen >41, new best = 268.500
gen: 41 best: 268.5 mean: 338.6412935323383
gen: 42 best: 268.5 mean: 338.13283582089554
gen: 43 best: 268.5 mean: 337.5089552238806
gen >44, new best = 267.500
gen: 44 best: 267.5 mean: 337.04477611940297
gen: 45 best: 267.5 mean: 337.69900497512435
gen: 46 best: 267.5 mean: 337.96119402985073
gen: 47 best: 267.5 mean: 337.28457711442786
gen: 48 best: 267.5 mean: 337.87064676616916
gen: 49 best: 267.5 mean: 338.0293532338309
gen: 50 best: 267.5 mean: 336.79402985074626
gen: 51 best: 267.5 mean: 335.62935323383084
gen: 52 best: 267.5 mean: 336.28656716417913
gen: 53 best: 267.5 mean: 336.11243781094527
gen: 54 best: 267.5 mean: 337.0721393034826
gen: 55 best: 267.5 mean: 336.32487562189056
gen: 56 best: 267.5 mean: 335.1781094527363
gen: 57 best: 267.5 mean: 336.9099502487562
gen: 58 best: 267.5 mean: 335.8482587064677
gen: 59 best: 267.5 mean: 334.0855721393035
gen: 60 best: 267.5 mean: 334.82139303482586
gen: 61 best: 267.5 mean: 335.16915422885575
gen: 62 best: 267.5 mean: 335.15820895522387
gen: 63 best: 267.5 mean: 334.1611940298507
gen: 64 best: 267.5 mean: 333.4398009950249
gen: 65 best: 267.5 mean: 332.67064676616917
gen: 66 best: 267.5 mean: 334.0223880597015
gen: 67 best: 267.5 mean: 334.6318407960199
gen: 68 best: 267.5 mean: 333.318407960199
gen: 69 best: 267.5 mean: 334.8139303482587
gen: 70 best: 267.5 mean: 332.46965174129355
gen: 71 best: 267.5 mean: 333.87611940298507
gen: 72 best: 267.5 mean: 333.055223880597
gen: 73 best: 267.5 mean: 332.9373134328358
gen: 74 best: 267.5 mean: 331.90149253731346
gen: 75 best: 267.5 mean: 332.55024875621893
gen: 76 best: 267.5 mean: 331.0258706467662
gen: 77 best: 267.5 mean: 332.59601990049754
gen: 78 best: 267.5 mean: 332.6820895522388
gen: 79 best: 267.5 mean: 333.27412935323383
gen: 80 best: 267.5 mean: 331.4616915422886
gen: 81 best: 267.5 mean: 334.1452736318408
gen: 82 best: 267.5 mean: 330.9646766169154
gen: 83 best: 267.5 mean: 330.8860696517413
gen: 84 best: 267.5 mean: 330.8054726368159
gen: 85 best: 267.5 mean: 332.41094527363185
gen >86, new best = 263.300
gen: 86 best: 263.3 mean: 330.47114427860697
gen >87, new best = 262.500
gen: 87 best: 262.5 mean: 330.15820895522387
gen: 88 best: 262.5 mean: 330.8328358208955
gen: 89 best: 262.5 mean: 332.47164179104476
gen: 90 best: 262.5 mean: 331.1457711442786
gen: 91 best: 262.5 mean: 331.4179104477612
gen: 92 best: 262.5 mean: 330.9213930348259
gen: 93 best: 262.5 mean: 331.36517412935325
gen: 94 best: 262.5 mean: 331.1044776119403
gen: 95 best: 262.5 mean: 331.9835820895522
gen: 96 best: 262.5 mean: 331.2014925373134
gen: 97 best: 262.5 mean: 330.6099502487562
gen: 98 best: 262.5 mean: 331.0417910447761
gen: 99 best: 262.5 mean: 330.4398009950249
[8, 8, 7, 7, 9, 9, 7, 8, 9, 7, 8, 10, 11, 8, 9, 8, 11, 8, 9, 8, 8, 8, 12, 8, 13, 12, 9, 8, 9, 8, 8, 8, 8, 8, 7, 9, 8, 9, 10, 8, 8, 8, 9, 9, 9, 8, 10, 7, 8]
Test count of edges: 1536
cat
