Defaulting to user installation because normal site-packages is not writeable
Looking in links: /cvmfs/soft.computecanada.ca/custom/python/wheelhouse/gentoo/avx2, /cvmfs/soft.computecanada.ca/custom/python/wheelhouse/gentoo/generic, /cvmfs/soft.computecanada.ca/custom/python/wheelhouse/generic
Requirement already satisfied: graphviz in /home/js17sy/.local/lib/python3.10/site-packages (0.20)
17; python ga.py 18 512N_graph18.dat 0.025 0.01 0.5 0.5 0.5 201 512N_graph18strictgen1rem50_ 485537
/project/6008788/js17sy/reopenga/512c/ga.py:291: DeprecationWarning: Sampling from a set deprecated
since Python 3.9 and will be removed in a subsequent version.
  child1 = set(random.sample(
gen >0, new best = 314.400
gen >0, new best = 309.000
gen >0, new best = 300.600
gen >0, new best = 288.200
gen >0, new best = 283.900
gen >0, new best = 278.000
gen >0, new best = 275.200
gen >0, new best = 272.800
gen >0, new best = 253.500
gen: 0 best: 253.5 mean: 309.6360696517413
gen: 1 best: 253.5 mean: 307.00696517412933
gen: 2 best: 253.5 mean: 308.31243781094526
gen: 3 best: 253.5 mean: 309.48059701492537
gen: 4 best: 253.5 mean: 307.3791044776119
gen >5, new best = 239.300
gen: 5 best: 239.3 mean: 308.04477611940297
gen: 6 best: 239.3 mean: 306.8592039800995
gen: 7 best: 239.3 mean: 304.8313432835821
gen: 8 best: 239.3 mean: 305.52835820895524
gen: 9 best: 239.3 mean: 305.0492537313433
gen: 10 best: 239.3 mean: 306.27014925373135
gen: 11 best: 239.3 mean: 304.59253731343284
gen: 12 best: 239.3 mean: 305.4378109452736
gen: 13 best: 239.3 mean: 305.0492537313433
gen: 14 best: 239.3 mean: 304.1487562189055
gen: 15 best: 239.3 mean: 305.13432835820896
gen >16, new best = 237.800
gen: 16 best: 237.8 mean: 304.6223880597015
gen: 17 best: 237.8 mean: 305.19154228855723
gen: 18 best: 237.8 mean: 303.3547263681592
gen: 19 best: 237.8 mean: 302.62139303482587
gen: 20 best: 237.8 mean: 301.4308457711443
gen: 21 best: 237.8 mean: 300.5955223880597
gen: 22 best: 237.8 mean: 299.8203980099502
gen: 23 best: 237.8 mean: 301.06119402985075
gen: 24 best: 237.8 mean: 300.8900497512438
gen: 25 best: 237.8 mean: 299.99203980099503
gen: 26 best: 237.8 mean: 299.8298507462687
gen: 27 best: 237.8 mean: 300.3950248756219
gen: 28 best: 237.8 mean: 300.6273631840796
gen: 29 best: 237.8 mean: 299.49353233830846
gen: 30 best: 237.8 mean: 300.14228855721393
gen: 31 best: 237.8 mean: 299.66169154228857
gen: 32 best: 237.8 mean: 300.1587064676617
gen: 33 best: 237.8 mean: 299.2746268656716
gen: 34 best: 237.8 mean: 299.2875621890547
gen: 35 best: 237.8 mean: 298.15273631840796
gen: 36 best: 237.8 mean: 299.22437810945274
gen: 37 best: 237.8 mean: 299.17661691542287
gen: 38 best: 237.8 mean: 298.9855721393035
gen: 39 best: 237.8 mean: 299.65323383084575
gen: 40 best: 237.8 mean: 298.018407960199
gen: 41 best: 237.8 mean: 298.37960199004976
gen: 42 best: 237.8 mean: 298.4432835820896
gen: 43 best: 237.8 mean: 296.1358208955224
gen: 44 best: 237.8 mean: 296.5477611940299
gen: 45 best: 237.8 mean: 296.78308457711444
gen: 46 best: 237.8 mean: 295.00099502487564
gen: 47 best: 237.8 mean: 294.5905472636816
gen: 48 best: 237.8 mean: 294.83482587064674
gen: 49 best: 237.8 mean: 295.3900497512438
gen: 50 best: 237.8 mean: 294.37860696517413
gen: 51 best: 237.8 mean: 294.752736318408
gen: 52 best: 237.8 mean: 294.19154228855723
gen: 53 best: 237.8 mean: 294.126368159204
gen: 54 best: 237.8 mean: 294.81990049751244
gen: 55 best: 237.8 mean: 294.2174129353234
gen >56, new best = 233.300
gen: 56 best: 233.3 mean: 293.25223880597014
gen: 57 best: 233.3 mean: 295.09452736318406
gen: 58 best: 233.3 mean: 292.85621890547264
gen: 59 best: 233.3 mean: 292.9910447761194
gen: 60 best: 233.3 mean: 294.4318407960199
gen >61, new best = 225.400
gen: 61 best: 225.4 mean: 292.2950248756219
gen: 62 best: 225.4 mean: 293.7213930348259
gen: 63 best: 225.4 mean: 293.7726368159204
gen: 64 best: 225.4 mean: 292.3203980099502
gen: 65 best: 225.4 mean: 290.9417910447761
gen: 66 best: 225.4 mean: 292.08407960199
gen: 67 best: 225.4 mean: 292.9651741293532
gen: 68 best: 225.4 mean: 291.2253731343284
gen: 69 best: 225.4 mean: 290.6557213930348
gen >70, new best = 224.200
gen: 70 best: 224.2 mean: 291.1273631840796
gen: 71 best: 224.2 mean: 291.9154228855721
gen: 72 best: 224.2 mean: 291.3900497512438
gen: 73 best: 224.2 mean: 292.13880597014924
gen: 74 best: 224.2 mean: 291.50796019900497
gen: 75 best: 224.2 mean: 290.56318407960197
gen: 76 best: 224.2 mean: 290.26616915422886
gen: 77 best: 224.2 mean: 289.7398009950249
gen: 78 best: 224.2 mean: 290.92985074626864
gen: 79 best: 224.2 mean: 291.126368159204
gen: 80 best: 224.2 mean: 290.72636815920396
gen: 81 best: 224.2 mean: 290.24427860696517
gen: 82 best: 224.2 mean: 290.1099502487562
gen: 83 best: 224.2 mean: 289.3189054726368
gen: 84 best: 224.2 mean: 290.5845771144279
gen: 85 best: 224.2 mean: 290.3721393034826
gen: 86 best: 224.2 mean: 289.79203980099504
gen: 87 best: 224.2 mean: 289.85771144278607
gen: 88 best: 224.2 mean: 289.55970149253733
gen: 89 best: 224.2 mean: 289.1278606965174
gen: 90 best: 224.2 mean: 288.52437810945275
gen: 91 best: 224.2 mean: 288.96567164179106
gen: 92 best: 224.2 mean: 288.8353233830846
gen: 93 best: 224.2 mean: 287.718407960199
gen: 94 best: 224.2 mean: 287.62985074626863
gen: 95 best: 224.2 mean: 288.1940298507463
gen: 96 best: 224.2 mean: 286.85820895522386
gen >97, new best = 221.400
gen: 97 best: 221.4 mean: 286.66965174129353
gen: 98 best: 221.4 mean: 287.3686567164179
gen: 99 best: 221.4 mean: 288.25771144278605
[9, 13, 12, 10, 9, 10, 12, 10, 10, 9, 11, 10, 11, 10, 9, 11, 9, 11, 14, 10, 10, 10, 14, 10, 12, 10, 14, 11, 10, 10, 10, 16, 9, 10, 15, 9, 11, 10, 10, 9, 10, 10, 10, 12, 10, 11, 13, 9, 11]
Test count of edges: 1569
cat
