Defaulting to user installation because normal site-packages is not writeable
Looking in links: /cvmfs/soft.computecanada.ca/custom/python/wheelhouse/gentoo/avx2, /cvmfs/soft.computecanada.ca/custom/python/wheelhouse/gentoo/generic, /cvmfs/soft.computecanada.ca/custom/python/wheelhouse/generic
Requirement already satisfied: graphviz in /home/js17sy/.local/lib/python3.10/site-packages (0.20)
578; python ga.py 18 512N_graph18.dat 0.1 0.04 0.5 0.7 0.3 201 512N_graph18leerygen2rem50_ 228488
/project/6008788/js17sy/reopenga/512c/ga.py:291: DeprecationWarning: Sampling from a set deprecated
since Python 3.9 and will be removed in a subsequent version.
  child1 = set(random.sample(
gen >0, new best = 353.800
gen >0, new best = 351.800
gen >0, new best = 350.800
gen >0, new best = 341.900
gen >0, new best = 339.600
gen >0, new best = 337.700
gen >0, new best = 326.600
gen >0, new best = 320.500
gen >0, new best = 315.300
gen >0, new best = 315.000
gen >0, new best = 314.500
gen >0, new best = 289.000
gen: 0 best: 289.0 mean: 350.5773631840796
gen: 1 best: 289.0 mean: 350.1592039800995
gen: 2 best: 289.0 mean: 351.410447761194
gen >3, new best = 278.300
gen: 3 best: 278.3 mean: 349.4373134328358
gen: 4 best: 278.3 mean: 349.94427860696516
gen: 5 best: 278.3 mean: 349.6313432835821
gen: 6 best: 278.3 mean: 349.5955223880597
gen: 7 best: 278.3 mean: 348.5547263681592
gen: 8 best: 278.3 mean: 348.0512437810945
gen: 9 best: 278.3 mean: 347.981592039801
gen: 10 best: 278.3 mean: 348.1029850746269
gen: 11 best: 278.3 mean: 347.7407960199005
gen: 12 best: 278.3 mean: 345.7955223880597
gen: 13 best: 278.3 mean: 346.86019900497513
gen >14, new best = 275.300
gen: 14 best: 275.3 mean: 344.85771144278607
gen: 15 best: 275.3 mean: 346.6910447761194
gen: 16 best: 275.3 mean: 346.0014925373134
gen: 17 best: 275.3 mean: 344.8094527363184
gen: 18 best: 275.3 mean: 344.4049751243781
gen: 19 best: 275.3 mean: 343.6587064676617
gen: 20 best: 275.3 mean: 342.9218905472637
gen: 21 best: 275.3 mean: 342.663184079602
gen: 22 best: 275.3 mean: 343.60348258706466
gen: 23 best: 275.3 mean: 343.1885572139303
gen: 24 best: 275.3 mean: 340.91293532338307
gen: 25 best: 275.3 mean: 341.66965174129353
gen: 26 best: 275.3 mean: 341.6885572139303
gen: 27 best: 275.3 mean: 340.271144278607
gen: 28 best: 275.3 mean: 339.6208955223881
gen >29, new best = 275.100
gen: 29 best: 275.1 mean: 340.15621890547266
gen: 30 best: 275.1 mean: 340.5273631840796
gen: 31 best: 275.1 mean: 338.2253731343284
gen >32, new best = 274.000
gen: 32 best: 274.0 mean: 340.06666666666666
gen: 33 best: 274.0 mean: 339.0532338308458
gen: 34 best: 274.0 mean: 338.57064676616915
gen: 35 best: 274.0 mean: 339.6756218905473
gen: 36 best: 274.0 mean: 339.13830845771145
gen: 37 best: 274.0 mean: 339.99701492537315
gen: 38 best: 274.0 mean: 339.3223880597015
gen: 39 best: 274.0 mean: 338.84328358208955
gen: 40 best: 274.0 mean: 337.1870646766169
gen: 41 best: 274.0 mean: 338.4865671641791
gen: 42 best: 274.0 mean: 339.80149253731344
gen: 43 best: 274.0 mean: 338.2726368159204
gen: 44 best: 274.0 mean: 338.7308457711443
gen: 45 best: 274.0 mean: 336.19353233830844
gen: 46 best: 274.0 mean: 336.27562189054726
gen: 47 best: 274.0 mean: 338.12039800995024
gen: 48 best: 274.0 mean: 337.5109452736318
gen: 49 best: 274.0 mean: 336.9835820895522
gen: 50 best: 274.0 mean: 336.1179104477612
gen: 51 best: 274.0 mean: 336.0751243781095
gen: 52 best: 274.0 mean: 335.94278606965173
gen: 53 best: 274.0 mean: 335.36119402985076
gen: 54 best: 274.0 mean: 335.5855721393035
gen: 55 best: 274.0 mean: 335.47014925373134
gen: 56 best: 274.0 mean: 336.3641791044776
gen >57, new best = 271.600
gen: 57 best: 271.6 mean: 335.96417910447764
gen: 58 best: 271.6 mean: 335.9542288557214
gen: 59 best: 271.6 mean: 334.73383084577114
gen: 60 best: 271.6 mean: 336.14925373134326
gen: 61 best: 271.6 mean: 335.66766169154226
gen: 62 best: 271.6 mean: 334.0681592039801
gen: 63 best: 271.6 mean: 334.0751243781095
gen: 64 best: 271.6 mean: 335.2542288557214
gen >65, new best = 269.500
gen: 65 best: 269.5 mean: 333.82089552238807
gen: 66 best: 269.5 mean: 333.99900497512436
gen: 67 best: 269.5 mean: 335.2069651741294
gen: 68 best: 269.5 mean: 334.22935323383086
gen: 69 best: 269.5 mean: 334.2691542288557
gen: 70 best: 269.5 mean: 331.83980099502486
gen: 71 best: 269.5 mean: 333.52537313432833
gen: 72 best: 269.5 mean: 330.607960199005
gen: 73 best: 269.5 mean: 333.7213930348259
gen: 74 best: 269.5 mean: 332.84527363184077
gen >75, new best = 255.400
gen: 75 best: 255.4 mean: 331.8388059701493
gen: 76 best: 255.4 mean: 332.32089552238807
gen: 77 best: 255.4 mean: 332.9582089552239
gen: 78 best: 255.4 mean: 330.9820895522388
gen: 79 best: 255.4 mean: 333.0900497512438
gen: 80 best: 255.4 mean: 332.20597014925374
gen: 81 best: 255.4 mean: 332.09452736318406
gen: 82 best: 255.4 mean: 332.39104477611943
gen: 83 best: 255.4 mean: 331.6009950248756
gen: 84 best: 255.4 mean: 332.3402985074627
gen: 85 best: 255.4 mean: 330.93880597014925
gen: 86 best: 255.4 mean: 332.4582089552239
gen: 87 best: 255.4 mean: 331.38407960199004
gen: 88 best: 255.4 mean: 331.2318407960199
gen: 89 best: 255.4 mean: 331.32686567164177
gen: 90 best: 255.4 mean: 331.89253731343285
gen: 91 best: 255.4 mean: 330.555223880597
gen: 92 best: 255.4 mean: 331.381592039801
gen: 93 best: 255.4 mean: 330.2766169154229
gen: 94 best: 255.4 mean: 330.2452736318408
gen: 95 best: 255.4 mean: 331.25671641791047
gen: 96 best: 255.4 mean: 331.4139303482587
gen: 97 best: 255.4 mean: 330.0716417910448
gen: 98 best: 255.4 mean: 331.8537313432836
gen: 99 best: 255.4 mean: 329.2915422885572
[12, 9, 8, 8, 9, 9, 8, 8, 12, 9, 8, 8, 9, 8, 8, 8, 8, 7, 8, 8, 8, 11, 8, 10, 9, 7, 11, 8, 9, 7, 8, 9, 8, 9, 9, 8, 8, 9, 9, 8, 8, 10, 9, 8, 8, 8, 10, 9, 8, 10]
Test count of edges: 1548
cat
