Defaulting to user installation because normal site-packages is not writeable
Looking in links: /cvmfs/soft.computecanada.ca/custom/python/wheelhouse/gentoo/avx2, /cvmfs/soft.computecanada.ca/custom/python/wheelhouse/gentoo/generic, /cvmfs/soft.computecanada.ca/custom/python/wheelhouse/generic
Requirement already satisfied: graphviz in /home/js17sy/.local/lib/python3.10/site-packages (0.20)
152; python ga.py 18 512N_graph18.dat 0.025 0.01 0.7 0.9 0.1 201 512N_graph18strictgen3rem70_ 57122
/project/6008788/js17sy/reopenga/512c/ga.py:291: DeprecationWarning: Sampling from a set deprecated
since Python 3.9 and will be removed in a subsequent version.
  child1 = set(random.sample(
gen >0, new best = 273.500
gen >0, new best = 226.900
gen >0, new best = 191.600
gen: 0 best: 191.6 mean: 295.7823383084577
gen: 1 best: 191.6 mean: 292.6796019900498
gen: 2 best: 191.6 mean: 289.1179104477612
gen: 3 best: 191.6 mean: 285.8542288557214
gen: 4 best: 191.6 mean: 285.8661691542288
gen: 5 best: 191.6 mean: 282.40746268656716
gen >6, new best = 176.400
gen: 6 best: 176.4 mean: 280.41840796019903
gen >7, new best = 176.100
gen: 7 best: 176.1 mean: 280.7144278606965
gen: 8 best: 176.1 mean: 273.6776119402985
gen: 9 best: 176.1 mean: 268.69353233830844
gen: 10 best: 176.1 mean: 267.69751243781093
gen: 11 best: 176.1 mean: 265.9462686567164
gen: 12 best: 176.1 mean: 266.0676616915423
gen: 13 best: 176.1 mean: 261.5726368159204
gen: 14 best: 176.1 mean: 262.68407960199005
gen: 15 best: 176.1 mean: 257.12139303482587
gen: 16 best: 176.1 mean: 254.9870646766169
gen: 17 best: 176.1 mean: 258.81940298507465
gen: 18 best: 176.1 mean: 254.52636815920397
gen: 19 best: 176.1 mean: 258.54129353233833
gen: 20 best: 176.1 mean: 256.20646766169153
gen: 21 best: 176.1 mean: 254.70995024875623
gen >22, new best = 164.000
gen: 22 best: 164.0 mean: 250.32537313432834
gen: 23 best: 164.0 mean: 249.84228855721392
gen: 24 best: 164.0 mean: 249.9273631840796
gen: 25 best: 164.0 mean: 254.38457711442786
gen: 26 best: 164.0 mean: 254.59353233830845
gen: 27 best: 164.0 mean: 247.4597014925373
gen: 28 best: 164.0 mean: 246.81194029850747
gen: 29 best: 164.0 mean: 246.1771144278607
gen: 30 best: 164.0 mean: 246.35671641791043
gen: 31 best: 164.0 mean: 243.9452736318408
gen: 32 best: 164.0 mean: 242.52537313432836
gen: 33 best: 164.0 mean: 239.42835820895522
gen >34, new best = 163.700
gen: 34 best: 163.7 mean: 241.20746268656717
gen: 35 best: 163.7 mean: 241.4915422885572
gen: 36 best: 163.7 mean: 238.4597014925373
gen: 37 best: 163.7 mean: 237.99253731343285
gen: 38 best: 163.7 mean: 241.20995024875623
gen: 39 best: 163.7 mean: 238.8398009950249
gen: 40 best: 163.7 mean: 238.06716417910448
gen: 41 best: 163.7 mean: 236.91641791044776
gen: 42 best: 163.7 mean: 235.38805970149255
gen: 43 best: 163.7 mean: 235.8810945273632
gen: 44 best: 163.7 mean: 237.03383084577115
gen: 45 best: 163.7 mean: 232.79353233830847
gen: 46 best: 163.7 mean: 235.40298507462686
gen: 47 best: 163.7 mean: 232.69900497512438
gen: 48 best: 163.7 mean: 236.18407960199005
gen: 49 best: 163.7 mean: 235.18756218905472
gen: 50 best: 163.7 mean: 234.45174129353234
gen: 51 best: 163.7 mean: 236.94228855721394
gen: 52 best: 163.7 mean: 233.24378109452735
gen: 53 best: 163.7 mean: 232.93880597014925
gen: 54 best: 163.7 mean: 230.79402985074626
gen: 55 best: 163.7 mean: 230.18407960199005
gen >56, new best = 162.400
gen: 56 best: 162.4 mean: 229.94925373134328
gen: 57 best: 162.4 mean: 228.72537313432835
gen: 58 best: 162.4 mean: 227.19203980099502
gen: 59 best: 162.4 mean: 229.06567164179106
gen: 60 best: 162.4 mean: 230.15174129353233
gen: 61 best: 162.4 mean: 229.53333333333333
gen: 62 best: 162.4 mean: 228.46169154228855
gen: 63 best: 162.4 mean: 228.1
gen: 64 best: 162.4 mean: 226.29402985074626
gen: 65 best: 162.4 mean: 226.63333333333333
gen: 66 best: 162.4 mean: 227.8771144278607
gen: 67 best: 162.4 mean: 226.75522388059701
gen: 68 best: 162.4 mean: 221.463184079602
gen: 69 best: 162.4 mean: 224.71094527363184
gen >70, new best = 158.100
gen: 70 best: 158.1 mean: 223.24875621890547
gen: 71 best: 158.1 mean: 224.0636815920398
gen: 72 best: 158.1 mean: 225.52935323383085
gen: 73 best: 158.1 mean: 224.45223880597015
gen: 74 best: 158.1 mean: 223.16915422885572
gen: 75 best: 158.1 mean: 222.24427860696517
gen: 76 best: 158.1 mean: 226.16467661691541
gen: 77 best: 158.1 mean: 225.66069651741293
gen: 78 best: 158.1 mean: 221.0412935323383
gen: 79 best: 158.1 mean: 224.74577114427862
gen: 80 best: 158.1 mean: 222.87462686567164
gen: 81 best: 158.1 mean: 223.26567164179104
gen: 82 best: 158.1 mean: 222.40597014925373
gen: 83 best: 158.1 mean: 219.39751243781095
gen: 84 best: 158.1 mean: 221.14626865671642
gen: 85 best: 158.1 mean: 221.2537313432836
gen >86, new best = 154.200
gen: 86 best: 154.2 mean: 219.28706467661692
gen: 87 best: 154.2 mean: 218.5174129353234
gen: 88 best: 154.2 mean: 221.04875621890548
gen: 89 best: 154.2 mean: 219.881592039801
gen: 90 best: 154.2 mean: 219.6034825870647
gen: 91 best: 154.2 mean: 220.73681592039802
gen: 92 best: 154.2 mean: 219.98308457711443
gen: 93 best: 154.2 mean: 219.4179104477612
gen: 94 best: 154.2 mean: 219.1587064676617
gen: 95 best: 154.2 mean: 217.2363184079602
gen: 96 best: 154.2 mean: 218.83034825870647
gen: 97 best: 154.2 mean: 220.29850746268656
gen: 98 best: 154.2 mean: 216.60746268656717
gen: 99 best: 154.2 mean: 216.32089552238807
[10, 13, 10, 12, 8, 10, 9, 11, 8, 10, 10, 8, 10, 8, 9, 11, 9, 13, 10, 8, 9, 10, 10, 11, 9, 10, 10, 10, 9, 8, 11, 10, 10, 8, 10, 9, 9, 12, 10, 10, 8, 9, 11, 11, 9]
Test count of edges: 925
cat
