Defaulting to user installation because normal site-packages is not writeable
Looking in links: /cvmfs/soft.computecanada.ca/custom/python/wheelhouse/gentoo/avx2, /cvmfs/soft.computecanada.ca/custom/python/wheelhouse/gentoo/generic, /cvmfs/soft.computecanada.ca/custom/python/wheelhouse/generic
Requirement already satisfied: graphviz in /home/js17sy/.local/lib/python3.10/site-packages (0.20)
218; python ga.py 18 512N_graph18.dat 0.05 0.02 0.5 0.7 0.3 201 512N_graph18mediumgen2rem50_ 228488
/project/6008788/js17sy/reopenga/512c/ga.py:291: DeprecationWarning: Sampling from a set deprecated
since Python 3.9 and will be removed in a subsequent version.
  child1 = set(random.sample(
gen >0, new best = 331.000
gen >0, new best = 321.100
gen >0, new best = 312.200
gen >0, new best = 277.100
gen >0, new best = 255.900
gen: 0 best: 255.9 mean: 322.668407960199
gen >1, new best = 250.700
gen: 1 best: 250.7 mean: 322.8865671641791
gen: 2 best: 250.7 mean: 322.48407960199006
gen: 3 best: 250.7 mean: 321.58905472636815
gen: 4 best: 250.7 mean: 321.7507462686567
gen: 5 best: 250.7 mean: 320.40746268656716
gen: 6 best: 250.7 mean: 318.95870646766167
gen: 7 best: 250.7 mean: 321.91293532338307
gen: 8 best: 250.7 mean: 319.39104477611943
gen: 9 best: 250.7 mean: 320.0910447761194
gen: 10 best: 250.7 mean: 319.37114427860695
gen >11, new best = 220.000
gen: 11 best: 220.0 mean: 318.1139303482587
gen: 12 best: 220.0 mean: 317.42935323383085
gen: 13 best: 220.0 mean: 318.70746268656717
gen: 14 best: 220.0 mean: 317.8791044776119
gen: 15 best: 220.0 mean: 316.8547263681592
gen: 16 best: 220.0 mean: 317.6004975124378
gen: 17 best: 220.0 mean: 318.43283582089555
gen: 18 best: 220.0 mean: 317.2124378109453
gen: 19 best: 220.0 mean: 315.93283582089555
gen: 20 best: 220.0 mean: 317.2348258706468
gen: 21 best: 220.0 mean: 315.6099502487562
gen: 22 best: 220.0 mean: 314.80099502487565
gen: 23 best: 220.0 mean: 315.7726368159204
gen: 24 best: 220.0 mean: 315.8970149253731
gen: 25 best: 220.0 mean: 313.9462686567164
gen: 26 best: 220.0 mean: 314.7174129353234
gen: 27 best: 220.0 mean: 314.2870646766169
gen: 28 best: 220.0 mean: 312.05572139303484
gen: 29 best: 220.0 mean: 312.4467661691542
gen: 30 best: 220.0 mean: 314.22487562189053
gen: 31 best: 220.0 mean: 312.74427860696517
gen: 32 best: 220.0 mean: 313.3587064676617
gen: 33 best: 220.0 mean: 311.32885572139304
gen: 34 best: 220.0 mean: 311.1940298507463
gen: 35 best: 220.0 mean: 309.8716417910448
gen: 36 best: 220.0 mean: 310.08855721393036
gen: 37 best: 220.0 mean: 310.2363184079602
gen: 38 best: 220.0 mean: 310.02985074626866
gen: 39 best: 220.0 mean: 307.8905472636816
gen: 40 best: 220.0 mean: 308.85223880597016
gen: 41 best: 220.0 mean: 308.5587064676617
gen: 42 best: 220.0 mean: 307.46417910447764
gen: 43 best: 220.0 mean: 307.63283582089554
gen: 44 best: 220.0 mean: 309.07014925373136
gen: 45 best: 220.0 mean: 306.66019900497514
gen: 46 best: 220.0 mean: 306.27064676616914
gen: 47 best: 220.0 mean: 306.30099502487565
gen: 48 best: 220.0 mean: 307.0238805970149
gen: 49 best: 220.0 mean: 306.173631840796
gen: 50 best: 220.0 mean: 307.22437810945274
gen: 51 best: 220.0 mean: 305.8228855721393
gen: 52 best: 220.0 mean: 305.07114427860694
gen: 53 best: 220.0 mean: 305.2641791044776
gen: 54 best: 220.0 mean: 305.4412935323383
gen: 55 best: 220.0 mean: 304.4890547263682
gen: 56 best: 220.0 mean: 305.33781094527365
gen: 57 best: 220.0 mean: 305.8845771144279
gen: 58 best: 220.0 mean: 303.7009950248756
gen: 59 best: 220.0 mean: 304.6223880597015
gen: 60 best: 220.0 mean: 304.33233830845774
gen: 61 best: 220.0 mean: 304.2164179104478
gen: 62 best: 220.0 mean: 303.83432835820895
gen: 63 best: 220.0 mean: 302.50845771144276
gen: 64 best: 220.0 mean: 303.163184079602
gen: 65 best: 220.0 mean: 301.5716417910448
gen: 66 best: 220.0 mean: 301.83930348258707
gen: 67 best: 220.0 mean: 301.72587064676617
gen: 68 best: 220.0 mean: 302.36218905472634
gen: 69 best: 220.0 mean: 301.6049751243781
gen: 70 best: 220.0 mean: 302.84328358208955
gen: 71 best: 220.0 mean: 303.2681592039801
gen: 72 best: 220.0 mean: 303.1283582089552
gen: 73 best: 220.0 mean: 300.8174129353234
gen: 74 best: 220.0 mean: 300.53333333333336
gen: 75 best: 220.0 mean: 299.6094527363184
gen: 76 best: 220.0 mean: 300.47910447761194
gen: 77 best: 220.0 mean: 300.2199004975124
gen: 78 best: 220.0 mean: 298.8243781094527
gen: 79 best: 220.0 mean: 298.49701492537315
gen: 80 best: 220.0 mean: 297.7323383084577
gen: 81 best: 220.0 mean: 297.6233830845771
gen: 82 best: 220.0 mean: 298.82089552238807
gen: 83 best: 220.0 mean: 297.6995024875622
gen: 84 best: 220.0 mean: 298.9323383084577
gen: 85 best: 220.0 mean: 299.25671641791047
gen: 86 best: 220.0 mean: 298.4029850746269
gen: 87 best: 220.0 mean: 296.58358208955224
gen: 88 best: 220.0 mean: 298.29004975124377
gen: 89 best: 220.0 mean: 297.9800995024876
gen: 90 best: 220.0 mean: 297.53880597014927
gen: 91 best: 220.0 mean: 297.289552238806
gen: 92 best: 220.0 mean: 296.2174129353234
gen: 93 best: 220.0 mean: 296.73532338308456
gen: 94 best: 220.0 mean: 297.3174129353234
gen: 95 best: 220.0 mean: 295.7776119402985
gen: 96 best: 220.0 mean: 296.12885572139305
gen: 97 best: 220.0 mean: 295.5786069651741
gen: 98 best: 220.0 mean: 294.5437810945274
gen: 99 best: 220.0 mean: 296.0308457711443
[10, 11, 10, 10, 9, 9, 11, 9, 11, 10, 9, 11, 10, 10, 10, 10, 10, 9, 11, 11, 11, 11, 10, 9, 10, 10, 9, 10, 11, 10, 10, 10, 10, 9, 14, 9, 11, 9, 10, 9, 10, 9, 11, 10, 10]
Test count of edges: 1529
cat
