Defaulting to user installation because normal site-packages is not writeable
Looking in links: /cvmfs/soft.computecanada.ca/custom/python/wheelhouse/gentoo/avx2, /cvmfs/soft.computecanada.ca/custom/python/wheelhouse/gentoo/generic, /cvmfs/soft.computecanada.ca/custom/python/wheelhouse/generic
Requirement already satisfied: graphviz in /home/js17sy/.local/lib/python3.10/site-packages (0.20)
259; python ga.py 18 512N_graph18.dat 0.05 0.02 0.5 0.9 0.1 201 512N_graph18mediumgen3rem50_ 542659
/project/6008788/js17sy/reopenga/512c/ga.py:291: DeprecationWarning: Sampling from a set deprecated
since Python 3.9 and will be removed in a subsequent version.
  child1 = set(random.sample(
gen >0, new best = 321.200
gen >0, new best = 318.600
gen >0, new best = 317.600
gen >0, new best = 304.600
gen >0, new best = 280.200
gen: 0 best: 280.2 mean: 323.62985074626863
gen: 1 best: 280.2 mean: 322.1044776119403
gen >2, new best = 259.000
gen: 2 best: 259.0 mean: 322.0238805970149
gen: 3 best: 259.0 mean: 321.2786069651741
gen >4, new best = 257.700
gen: 4 best: 257.7 mean: 321.3636815920398
gen: 5 best: 257.7 mean: 320.1850746268657
gen: 6 best: 257.7 mean: 320.3388059701493
gen: 7 best: 257.7 mean: 321.4049751243781
gen: 8 best: 257.7 mean: 319.1318407960199
gen: 9 best: 257.7 mean: 319.2049751243781
gen: 10 best: 257.7 mean: 320.1094527363184
gen >11, new best = 253.400
gen: 11 best: 253.4 mean: 317.81243781094526
gen: 12 best: 253.4 mean: 318.5407960199005
gen: 13 best: 253.4 mean: 318.27064676616914
gen: 14 best: 253.4 mean: 317.1009950248756
gen: 15 best: 253.4 mean: 317.1129353233831
gen: 16 best: 253.4 mean: 316.65721393034823
gen: 17 best: 253.4 mean: 317.99004975124376
gen: 18 best: 253.4 mean: 315.10199004975124
gen: 19 best: 253.4 mean: 315.41492537313434
gen: 20 best: 253.4 mean: 316.1626865671642
gen: 21 best: 253.4 mean: 315.2497512437811
gen: 22 best: 253.4 mean: 314.1029850746269
gen: 23 best: 253.4 mean: 312.80646766169156
gen: 24 best: 253.4 mean: 312.29253731343283
gen: 25 best: 253.4 mean: 313.747263681592
gen: 26 best: 253.4 mean: 313.16169154228857
gen: 27 best: 253.4 mean: 313.1646766169154
gen: 28 best: 253.4 mean: 313.38358208955225
gen: 29 best: 253.4 mean: 311.897512437811
gen: 30 best: 253.4 mean: 312.6208955223881
gen: 31 best: 253.4 mean: 311.6671641791045
gen >32, new best = 240.300
gen: 32 best: 240.3 mean: 310.0751243781095
gen: 33 best: 240.3 mean: 309.33930348258707
gen: 34 best: 240.3 mean: 309.92089552238804
gen: 35 best: 240.3 mean: 309.1462686567164
gen: 36 best: 240.3 mean: 308.84726368159204
gen: 37 best: 240.3 mean: 308.1741293532338
gen: 38 best: 240.3 mean: 309.20796019900496
gen: 39 best: 240.3 mean: 308.04676616915424
gen: 40 best: 240.3 mean: 306.40149253731346
gen >41, new best = 240.000
gen: 41 best: 240.0 mean: 307.8258706467662
gen: 42 best: 240.0 mean: 307.4592039800995
gen: 43 best: 240.0 mean: 306.21542288557214
gen: 44 best: 240.0 mean: 307.88009950248755
gen: 45 best: 240.0 mean: 305.72985074626865
gen: 46 best: 240.0 mean: 307.28855721393035
gen: 47 best: 240.0 mean: 304.22985074626865
gen: 48 best: 240.0 mean: 305.0626865671642
gen: 49 best: 240.0 mean: 305.9542288557214
gen: 50 best: 240.0 mean: 306.4407960199005
gen: 51 best: 240.0 mean: 304.99402985074624
gen: 52 best: 240.0 mean: 304.1283582089552
gen: 53 best: 240.0 mean: 304.6194029850746
gen: 54 best: 240.0 mean: 302.5363184079602
gen: 55 best: 240.0 mean: 303.24825870646765
gen: 56 best: 240.0 mean: 302.73383084577114
gen: 57 best: 240.0 mean: 302.3726368159204
gen: 58 best: 240.0 mean: 302.4547263681592
gen: 59 best: 240.0 mean: 302.5641791044776
gen: 60 best: 240.0 mean: 302.8860696517413
gen: 61 best: 240.0 mean: 301.46616915422885
gen: 62 best: 240.0 mean: 302.09402985074627
gen: 63 best: 240.0 mean: 301.9308457711443
gen: 64 best: 240.0 mean: 301.64228855721393
gen: 65 best: 240.0 mean: 302.0044776119403
gen: 66 best: 240.0 mean: 301.1995024875622
gen: 67 best: 240.0 mean: 300.1761194029851
gen: 68 best: 240.0 mean: 299.0621890547264
gen: 69 best: 240.0 mean: 299.43880597014925
gen: 70 best: 240.0 mean: 299.82885572139304
gen: 71 best: 240.0 mean: 298.67313432835823
gen: 72 best: 240.0 mean: 297.9890547263682
gen: 73 best: 240.0 mean: 299.32089552238807
gen: 74 best: 240.0 mean: 297.28905472636814
gen: 75 best: 240.0 mean: 297.6497512437811
gen: 76 best: 240.0 mean: 298.4094527363184
gen: 77 best: 240.0 mean: 298.67512437810944
gen: 78 best: 240.0 mean: 297.85771144278607
gen >79, new best = 238.300
gen: 79 best: 238.3 mean: 297.4726368159204
gen: 80 best: 238.3 mean: 298.3353233830846
gen: 81 best: 238.3 mean: 297.32089552238807
gen: 82 best: 238.3 mean: 297.7950248756219
gen: 83 best: 238.3 mean: 298.10547263681593
gen: 84 best: 238.3 mean: 298.2805970149254
gen: 85 best: 238.3 mean: 295.7965174129353
gen: 86 best: 238.3 mean: 298.26119402985074
gen: 87 best: 238.3 mean: 296.46965174129355
gen: 88 best: 238.3 mean: 295.5587064676617
gen: 89 best: 238.3 mean: 296.6517412935323
gen: 90 best: 238.3 mean: 296.32089552238807
gen: 91 best: 238.3 mean: 296.636815920398
gen: 92 best: 238.3 mean: 296.281592039801
gen: 93 best: 238.3 mean: 295.3179104477612
gen: 94 best: 238.3 mean: 295.736815920398
gen: 95 best: 238.3 mean: 296.2412935323383
gen: 96 best: 238.3 mean: 297.4213930348259
gen: 97 best: 238.3 mean: 295.89353233830843
gen: 98 best: 238.3 mean: 295.05223880597015
gen >99, new best = 237.200
gen: 99 best: 237.2 mean: 292.8238805970149
[12, 9, 12, 11, 9, 10, 10, 11, 14, 8, 10, 10, 12, 9, 10, 9, 9, 10, 8, 9, 10, 9, 9, 9, 9, 11, 11, 9, 9, 10, 8, 10, 10, 9, 9, 9, 10, 9, 10, 10, 11, 9, 10, 10, 10, 13, 10, 11, 9, 10]
Test count of edges: 1537
cat
