Defaulting to user installation because normal site-packages is not writeable
Looking in links: /cvmfs/soft.computecanada.ca/custom/python/wheelhouse/gentoo/avx2, /cvmfs/soft.computecanada.ca/custom/python/wheelhouse/gentoo/generic, /cvmfs/soft.computecanada.ca/custom/python/wheelhouse/generic
Requirement already satisfied: graphviz in /home/js17sy/.local/lib/python3.10/site-packages (0.20)
583; python ga.py 18 512N_graph18.dat 0.1 0.04 0.5 0.7 0.3 201 512N_graph18leerygen2rem50_ 371293
/project/6008788/js17sy/reopenga/512c/ga.py:291: DeprecationWarning: Sampling from a set deprecated
since Python 3.9 and will be removed in a subsequent version.
  child1 = set(random.sample(
gen >0, new best = 348.200
gen >0, new best = 342.700
gen >0, new best = 319.200
gen >0, new best = 318.300
gen >0, new best = 285.000
gen: 0 best: 285.0 mean: 350.6654228855721
gen: 1 best: 285.0 mean: 350.97562189054725
gen: 2 best: 285.0 mean: 349.9577114427861
gen: 3 best: 285.0 mean: 348.5049751243781
gen: 4 best: 285.0 mean: 348.54328358208954
gen: 5 best: 285.0 mean: 348.62487562189057
gen: 6 best: 285.0 mean: 347.1681592039801
gen: 7 best: 285.0 mean: 346.63880597014924
gen: 8 best: 285.0 mean: 347.7716417910448
gen >9, new best = 281.900
gen: 9 best: 281.9 mean: 346.99751243781094
gen: 10 best: 281.9 mean: 346.88358208955225
gen: 11 best: 281.9 mean: 348.3542288557214
gen: 12 best: 281.9 mean: 346.5417910447761
gen: 13 best: 281.9 mean: 345.38557213930346
gen: 14 best: 281.9 mean: 347.4616915422886
gen: 15 best: 281.9 mean: 346.1900497512438
gen: 16 best: 281.9 mean: 345.84179104477613
gen: 17 best: 281.9 mean: 346.3134328358209
gen: 18 best: 281.9 mean: 344.8412935323383
gen: 19 best: 281.9 mean: 342.95721393034825
gen: 20 best: 281.9 mean: 345.1796019900498
gen: 21 best: 281.9 mean: 344.95671641791046
gen: 22 best: 281.9 mean: 342.49800995024873
gen >23, new best = 273.100
gen: 23 best: 273.1 mean: 343.5820895522388
gen: 24 best: 273.1 mean: 342.7731343283582
gen >25, new best = 267.000
gen: 25 best: 267.0 mean: 341.52437810945275
gen: 26 best: 267.0 mean: 342.7452736318408
gen: 27 best: 267.0 mean: 341.56169154228854
gen: 28 best: 267.0 mean: 342.8189054726368
gen: 29 best: 267.0 mean: 341.9064676616915
gen: 30 best: 267.0 mean: 342.7781094527363
gen: 31 best: 267.0 mean: 341.8169154228856
gen: 32 best: 267.0 mean: 341.5676616915423
gen: 33 best: 267.0 mean: 341.5129353233831
gen: 34 best: 267.0 mean: 342.37960199004976
gen: 35 best: 267.0 mean: 341.5845771144279
gen: 36 best: 267.0 mean: 341.98756218905476
gen: 37 best: 267.0 mean: 340.6681592039801
gen: 38 best: 267.0 mean: 339.63880597014924
gen: 39 best: 267.0 mean: 340.5218905472637
gen: 40 best: 267.0 mean: 341.18805970149253
gen: 41 best: 267.0 mean: 340.9
gen: 42 best: 267.0 mean: 340.19353233830844
gen: 43 best: 267.0 mean: 340.54129353233833
gen: 44 best: 267.0 mean: 339.16069651741293
gen: 45 best: 267.0 mean: 339.10199004975124
gen: 46 best: 267.0 mean: 340.22039800995026
gen: 47 best: 267.0 mean: 339.1467661691542
gen: 48 best: 267.0 mean: 338.4636815920398
gen: 49 best: 267.0 mean: 337.6726368159204
gen: 50 best: 267.0 mean: 337.68358208955226
gen: 51 best: 267.0 mean: 338.65472636815923
gen: 52 best: 267.0 mean: 338.4860696517413
gen: 53 best: 267.0 mean: 337.8572139303483
gen: 54 best: 267.0 mean: 335.92587064676616
gen: 55 best: 267.0 mean: 337.27960199004974
gen: 56 best: 267.0 mean: 337.30348258706465
gen: 57 best: 267.0 mean: 337.53731343283584
gen: 58 best: 267.0 mean: 337.2587064676617
gen: 59 best: 267.0 mean: 336.41641791044776
gen: 60 best: 267.0 mean: 336.8990049751244
gen: 61 best: 267.0 mean: 337.68756218905474
gen: 62 best: 267.0 mean: 335.444776119403
gen: 63 best: 267.0 mean: 336.2238805970149
gen: 64 best: 267.0 mean: 336.06716417910445
gen: 65 best: 267.0 mean: 336.3218905472637
gen: 66 best: 267.0 mean: 334.69900497512435
gen: 67 best: 267.0 mean: 334.34875621890546
gen: 68 best: 267.0 mean: 335.2124378109453
gen: 69 best: 267.0 mean: 334.24626865671644
gen >70, new best = 265.000
gen: 70 best: 265.0 mean: 334.6457711442786
gen: 71 best: 265.0 mean: 336.518407960199
gen >72, new best = 260.800
gen: 72 best: 260.8 mean: 335.434328358209
gen: 73 best: 260.8 mean: 334.23731343283583
gen: 74 best: 260.8 mean: 336.2
gen: 75 best: 260.8 mean: 334.4960199004975
gen: 76 best: 260.8 mean: 335.7069651741294
gen: 77 best: 260.8 mean: 335.6323383084577
gen >78, new best = 251.000
gen: 78 best: 251.0 mean: 333.97860696517415
gen: 79 best: 251.0 mean: 334.2512437810945
gen: 80 best: 251.0 mean: 334.8547263681592
gen: 81 best: 251.0 mean: 333.78109452736317
gen: 82 best: 251.0 mean: 332.4154228855721
gen: 83 best: 251.0 mean: 333.41840796019903
gen: 84 best: 251.0 mean: 332.4218905472637
gen: 85 best: 251.0 mean: 333.89850746268655
gen: 86 best: 251.0 mean: 333.68009950248756
gen: 87 best: 251.0 mean: 332.5134328358209
gen: 88 best: 251.0 mean: 332.9776119402985
gen: 89 best: 251.0 mean: 330.9706467661692
gen: 90 best: 251.0 mean: 331.8592039800995
gen: 91 best: 251.0 mean: 332.22039800995026
gen: 92 best: 251.0 mean: 332.64328358208957
gen: 93 best: 251.0 mean: 332.3134328358209
gen: 94 best: 251.0 mean: 331.5139303482587
gen: 95 best: 251.0 mean: 331.9099502487562
gen: 96 best: 251.0 mean: 330.6870646766169
gen: 97 best: 251.0 mean: 330.60547263681593
gen: 98 best: 251.0 mean: 331.95870646766167
gen: 99 best: 251.0 mean: 330.9597014925373
[9, 8, 10, 9, 9, 9, 10, 9, 9, 10, 8, 7, 9, 8, 10, 7, 9, 9, 8, 12, 9, 8, 9, 10, 8, 8, 8, 8, 8, 10, 9, 8, 10, 10, 7, 7, 9, 11, 8, 9, 8, 8, 9, 9, 9, 8, 8, 8]
Test count of edges: 1549
cat
