Defaulting to user installation because normal site-packages is not writeable
Looking in links: /cvmfs/soft.computecanada.ca/custom/python/wheelhouse/gentoo/avx2, /cvmfs/soft.computecanada.ca/custom/python/wheelhouse/gentoo/generic, /cvmfs/soft.computecanada.ca/custom/python/wheelhouse/generic
Requirement already satisfied: graphviz in /home/js17sy/.local/lib/python3.10/site-packages (0.20)
42; python ga.py 18 512N_graph18.dat 0.025 0.01 0.5 0.7 0.3 201 512N_graph18strictgen2rem50_ 342732
/project/6008788/js17sy/reopenga/512c/ga.py:291: DeprecationWarning: Sampling from a set deprecated
since Python 3.9 and will be removed in a subsequent version.
  child1 = set(random.sample(
gen >0, new best = 318.700
gen >0, new best = 303.600
gen >0, new best = 300.100
gen >0, new best = 296.700
gen >0, new best = 274.500
gen >0, new best = 257.200
gen: 0 best: 257.2 mean: 309.88009950248755
gen: 1 best: 257.2 mean: 310.0034825870647
gen: 2 best: 257.2 mean: 308.88905472636816
gen >3, new best = 242.400
gen: 3 best: 242.4 mean: 308.15323383084575
gen: 4 best: 242.4 mean: 309.0407960199005
gen: 5 best: 242.4 mean: 308.0537313432836
gen: 6 best: 242.4 mean: 308.6825870646766
gen: 7 best: 242.4 mean: 307.16965174129353
gen: 8 best: 242.4 mean: 306.22636815920396
gen: 9 best: 242.4 mean: 306.5084577114428
gen: 10 best: 242.4 mean: 306.9407960199005
gen: 11 best: 242.4 mean: 307.2009950248756
gen: 12 best: 242.4 mean: 305.7233830845771
gen: 13 best: 242.4 mean: 306.05721393034827
gen: 14 best: 242.4 mean: 304.6721393034826
gen: 15 best: 242.4 mean: 304.97363184079603
gen: 16 best: 242.4 mean: 304.22089552238805
gen: 17 best: 242.4 mean: 302.6139303482587
gen >18, new best = 236.600
gen: 18 best: 236.6 mean: 302.0507462686567
gen: 19 best: 236.6 mean: 300.3517412935323
gen: 20 best: 236.6 mean: 302.84278606965177
gen: 21 best: 236.6 mean: 301.12189054726366
gen: 22 best: 236.6 mean: 301.0621890547264
gen: 23 best: 236.6 mean: 299.55273631840794
gen: 24 best: 236.6 mean: 300.3218905472637
gen: 25 best: 236.6 mean: 300.31194029850747
gen: 26 best: 236.6 mean: 299.1084577114428
gen: 27 best: 236.6 mean: 300.3273631840796
gen: 28 best: 236.6 mean: 298.72587064676617
gen: 29 best: 236.6 mean: 297.9855721393035
gen >30, new best = 227.500
gen: 30 best: 227.5 mean: 296.9562189054726
gen: 31 best: 227.5 mean: 297.0477611940299
gen: 32 best: 227.5 mean: 296.3686567164179
gen: 33 best: 227.5 mean: 296.88855721393037
gen: 34 best: 227.5 mean: 296.76169154228853
gen: 35 best: 227.5 mean: 294.54676616915424
gen: 36 best: 227.5 mean: 295.5363184079602
gen: 37 best: 227.5 mean: 295.0990049751244
gen: 38 best: 227.5 mean: 294.5587064676617
gen: 39 best: 227.5 mean: 293.5014925373134
gen: 40 best: 227.5 mean: 295.21691542288556
gen: 41 best: 227.5 mean: 292.64029850746266
gen: 42 best: 227.5 mean: 293.83930348258707
gen: 43 best: 227.5 mean: 293.5094527363184
gen: 44 best: 227.5 mean: 293.1781094527363
gen: 45 best: 227.5 mean: 292.55970149253733
gen: 46 best: 227.5 mean: 291.0233830845771
gen: 47 best: 227.5 mean: 290.881592039801
gen: 48 best: 227.5 mean: 289.9726368159204
gen: 49 best: 227.5 mean: 291.00248756218906
gen: 50 best: 227.5 mean: 289.463184079602
gen: 51 best: 227.5 mean: 289.38855721393037
gen >52, new best = 226.800
gen: 52 best: 226.8 mean: 289.8333333333333
gen: 53 best: 226.8 mean: 287.40398009950246
gen: 54 best: 226.8 mean: 288.4323383084577
gen: 55 best: 226.8 mean: 286.6169154228856
gen: 56 best: 226.8 mean: 288.90248756218904
gen: 57 best: 226.8 mean: 287.49203980099503
gen: 58 best: 226.8 mean: 288.2164179104478
gen: 59 best: 226.8 mean: 288.23880597014926
gen >60, new best = 225.100
gen: 60 best: 225.1 mean: 287.692039800995
gen: 61 best: 225.1 mean: 287.410447761194
gen >62, new best = 224.500
gen: 62 best: 224.5 mean: 286.81990049751244
gen: 63 best: 224.5 mean: 286.9462686567164
gen: 64 best: 224.5 mean: 287.39651741293534
gen: 65 best: 224.5 mean: 285.5189054726368
gen: 66 best: 224.5 mean: 286.03980099502485
gen: 67 best: 224.5 mean: 286.43482587064676
gen: 68 best: 224.5 mean: 285.6860696517413
gen: 69 best: 224.5 mean: 284.5437810945274
gen: 70 best: 224.5 mean: 285.24328358208953
gen: 71 best: 224.5 mean: 284.08407960199
gen: 72 best: 224.5 mean: 283.8144278606965
gen: 73 best: 224.5 mean: 285.4124378109453
gen: 74 best: 224.5 mean: 284.5129353233831
gen: 75 best: 224.5 mean: 283.1796019900498
gen: 76 best: 224.5 mean: 282.82338308457713
gen: 77 best: 224.5 mean: 281.5
gen: 78 best: 224.5 mean: 283.57114427860694
gen: 79 best: 224.5 mean: 283.963184079602
gen: 80 best: 224.5 mean: 283.607960199005
gen: 81 best: 224.5 mean: 282.49800995024873
gen: 82 best: 224.5 mean: 281.21542288557214
gen: 83 best: 224.5 mean: 280.61442786069654
gen: 84 best: 224.5 mean: 281.265671641791
gen: 85 best: 224.5 mean: 281.4671641791045
gen: 86 best: 224.5 mean: 281.07960199004975
gen: 87 best: 224.5 mean: 279.5970149253731
gen: 88 best: 224.5 mean: 280.78457711442786
gen: 89 best: 224.5 mean: 280.46616915422885
gen: 90 best: 224.5 mean: 279.6119402985075
gen: 91 best: 224.5 mean: 280.23731343283583
gen: 92 best: 224.5 mean: 279.4726368159204
gen: 93 best: 224.5 mean: 280.6537313432836
gen: 94 best: 224.5 mean: 280.1646766169154
gen: 95 best: 224.5 mean: 279.4860696517413
gen: 96 best: 224.5 mean: 278.8114427860697
gen: 97 best: 224.5 mean: 279.2507462686567
gen: 98 best: 224.5 mean: 279.9099502487562
gen: 99 best: 224.5 mean: 279.0935323383085
[12, 12, 11, 10, 9, 12, 10, 11, 12, 10, 15, 12, 9, 11, 12, 11, 11, 11, 11, 11, 13, 12, 10, 15, 10, 9, 12, 11, 13, 10, 12, 11, 10, 11, 11, 10, 10, 11, 11, 12, 11, 9, 11, 9, 10, 9]
Test count of edges: 1546
cat
