Defaulting to user installation because normal site-packages is not writeable
Looking in links: /cvmfs/soft.computecanada.ca/custom/python/wheelhouse/gentoo/avx2, /cvmfs/soft.computecanada.ca/custom/python/wheelhouse/gentoo/generic, /cvmfs/soft.computecanada.ca/custom/python/wheelhouse/generic
Requirement already satisfied: graphviz in /home/js17sy/.local/lib/python3.10/site-packages (0.20)
199; python ga.py 18 512N_graph18.dat 0.05 0.02 0.5 0.5 0.5 201 512N_graph18mediumgen1rem50_ 542659
/project/6008788/js17sy/reopenga/512c/ga.py:291: DeprecationWarning: Sampling from a set deprecated
since Python 3.9 and will be removed in a subsequent version.
  child1 = set(random.sample(
gen >0, new best = 321.200
gen >0, new best = 318.600
gen >0, new best = 317.600
gen >0, new best = 304.600
gen >0, new best = 280.200
gen: 0 best: 280.2 mean: 323.62985074626863
gen >1, new best = 278.700
gen: 1 best: 278.7 mean: 322.7641791044776
gen: 2 best: 278.7 mean: 322.8676616915423
gen >3, new best = 276.800
gen: 3 best: 276.8 mean: 322.3995024875622
gen: 4 best: 276.8 mean: 321.6129353233831
gen >5, new best = 276.300
gen: 5 best: 276.3 mean: 321.48059701492537
gen: 6 best: 276.3 mean: 321.0696517412935
gen: 7 best: 276.3 mean: 320.83432835820895
gen >8, new best = 258.800
gen: 8 best: 258.8 mean: 319.58706467661693
gen >9, new best = 251.700
gen: 9 best: 251.7 mean: 320.34527363184077
gen: 10 best: 251.7 mean: 318.9303482587065
gen: 11 best: 251.7 mean: 319.5039800995025
gen: 12 best: 251.7 mean: 317.892039800995
gen: 13 best: 251.7 mean: 319.29402985074626
gen: 14 best: 251.7 mean: 319.49800995024873
gen: 15 best: 251.7 mean: 318.00845771144276
gen: 16 best: 251.7 mean: 316.9119402985075
gen: 17 best: 251.7 mean: 317.85671641791043
gen: 18 best: 251.7 mean: 317.0845771144279
gen: 19 best: 251.7 mean: 317.2283582089552
gen: 20 best: 251.7 mean: 316.1910447761194
gen: 21 best: 251.7 mean: 316.1059701492537
gen: 22 best: 251.7 mean: 315.3905472636816
gen: 23 best: 251.7 mean: 315.7238805970149
gen: 24 best: 251.7 mean: 314.66766169154226
gen: 25 best: 251.7 mean: 313.75174129353235
gen: 26 best: 251.7 mean: 313.38855721393037
gen: 27 best: 251.7 mean: 314.69651741293535
gen: 28 best: 251.7 mean: 313.26467661691544
gen: 29 best: 251.7 mean: 313.1004975124378
gen: 30 best: 251.7 mean: 313.7318407960199
gen: 31 best: 251.7 mean: 315.22786069651744
gen: 32 best: 251.7 mean: 312.5950248756219
gen: 33 best: 251.7 mean: 313.1592039800995
gen: 34 best: 251.7 mean: 311.68009950248756
gen: 35 best: 251.7 mean: 311.57114427860694
gen >36, new best = 250.500
gen: 36 best: 250.5 mean: 312.06716417910445
gen: 37 best: 250.5 mean: 311.47014925373134
gen: 38 best: 250.5 mean: 309.9577114427861
gen: 39 best: 250.5 mean: 311.3243781094527
gen: 40 best: 250.5 mean: 311.4144278606965
gen: 41 best: 250.5 mean: 310.5218905472637
gen: 42 best: 250.5 mean: 312.22039800995026
gen: 43 best: 250.5 mean: 311.318407960199
gen: 44 best: 250.5 mean: 310.3149253731343
gen: 45 best: 250.5 mean: 310.718407960199
gen: 46 best: 250.5 mean: 310.5004975124378
gen: 47 best: 250.5 mean: 311.5049751243781
gen: 48 best: 250.5 mean: 310.0691542288557
gen: 49 best: 250.5 mean: 309.6427860696517
gen >50, new best = 241.400
gen: 50 best: 241.4 mean: 308.66517412935326
gen: 51 best: 241.4 mean: 310.99701492537315
gen: 52 best: 241.4 mean: 310.163184079602
gen: 53 best: 241.4 mean: 310.76467661691544
gen: 54 best: 241.4 mean: 309.17313432835823
gen: 55 best: 241.4 mean: 309.63084577114427
gen: 56 best: 241.4 mean: 308.6925373134328
gen: 57 best: 241.4 mean: 309.70049751243783
gen: 58 best: 241.4 mean: 309.0676616915423
gen: 59 best: 241.4 mean: 308.7398009950249
gen: 60 best: 241.4 mean: 310.1358208955224
gen: 61 best: 241.4 mean: 309.47164179104476
gen: 62 best: 241.4 mean: 308.2129353233831
gen >63, new best = 234.700
gen: 63 best: 234.7 mean: 307.9651741293532
gen: 64 best: 234.7 mean: 309.51144278606967
gen: 65 best: 234.7 mean: 309.38955223880595
gen: 66 best: 234.7 mean: 309.28457711442786
gen: 67 best: 234.7 mean: 308.7746268656716
gen: 68 best: 234.7 mean: 308.5417910447761
gen: 69 best: 234.7 mean: 309.10199004975124
gen: 70 best: 234.7 mean: 308.9407960199005
gen: 71 best: 234.7 mean: 308.92985074626864
gen: 72 best: 234.7 mean: 309.1537313432836
gen: 73 best: 234.7 mean: 309.19154228855723
gen: 74 best: 234.7 mean: 308.381592039801
gen: 75 best: 234.7 mean: 310.0189054726368
gen: 76 best: 234.7 mean: 308.8492537313433
gen: 77 best: 234.7 mean: 308.9363184079602
gen: 78 best: 234.7 mean: 307.93830845771146
gen: 79 best: 234.7 mean: 308.50199004975127
gen: 80 best: 234.7 mean: 308.71144278606965
gen: 81 best: 234.7 mean: 308.4651741293532
gen: 82 best: 234.7 mean: 308.14776119402984
gen: 83 best: 234.7 mean: 308.8990049751244
gen: 84 best: 234.7 mean: 307.9308457711443
gen: 85 best: 234.7 mean: 307.1004975124378
gen: 86 best: 234.7 mean: 306.7457711442786
gen: 87 best: 234.7 mean: 306.78507462686565
gen: 88 best: 234.7 mean: 305.62985074626863
gen: 89 best: 234.7 mean: 306.16616915422884
gen: 90 best: 234.7 mean: 306.13283582089554
gen: 91 best: 234.7 mean: 306.56169154228854
gen: 92 best: 234.7 mean: 306.27562189054726
gen: 93 best: 234.7 mean: 304.6497512437811
gen: 94 best: 234.7 mean: 304.8865671641791
gen: 95 best: 234.7 mean: 305.72487562189053
gen: 96 best: 234.7 mean: 305.3139303482587
gen: 97 best: 234.7 mean: 305.30099502487565
gen: 98 best: 234.7 mean: 304.7686567164179
gen: 99 best: 234.7 mean: 304.22636815920396
[9, 10, 10, 9, 10, 9, 10, 12, 10, 9, 12, 9, 11, 12, 12, 9, 10, 9, 9, 12, 10, 9, 12, 10, 11, 13, 11, 10, 9, 9, 10, 12, 10, 9, 9, 11, 12, 11, 10, 11, 9, 14, 11, 11, 9, 11, 11]
Test count of edges: 1560
cat
