Defaulting to user installation because normal site-packages is not writeable
Looking in links: /cvmfs/soft.computecanada.ca/custom/python/wheelhouse/gentoo/avx2, /cvmfs/soft.computecanada.ca/custom/python/wheelhouse/gentoo/generic, /cvmfs/soft.computecanada.ca/custom/python/wheelhouse/generic
Requirement already satisfied: graphviz in /home/js17sy/.local/lib/python3.10/site-packages (0.20)
525; python ga.py 18 512N_graph18.dat 0.075 0.03 0.7 0.9 0.1 201 512N_graph18laxgen3rem70_ 428415
/project/6008788/js17sy/reopenga/512c/ga.py:291: DeprecationWarning: Sampling from a set deprecated
since Python 3.9 and will be removed in a subsequent version.
  child1 = set(random.sample(
gen >0, new best = 328.300
gen >0, new best = 315.200
gen >0, new best = 309.800
gen >0, new best = 301.500
gen >0, new best = 300.300
gen >0, new best = 289.700
gen >0, new best = 284.100
gen >0, new best = 260.600
gen: 0 best: 260.6 mean: 323.4828358208955
gen >1, new best = 226.200
gen: 1 best: 226.2 mean: 323.3592039800995
gen: 2 best: 226.2 mean: 319.6442786069652
gen: 3 best: 226.2 mean: 317.1995024875622
gen: 4 best: 226.2 mean: 313.0308457711443
gen: 5 best: 226.2 mean: 310.5507462686567
gen: 6 best: 226.2 mean: 310.9562189054726
gen: 7 best: 226.2 mean: 308.9726368159204
gen: 8 best: 226.2 mean: 307.43134328358207
gen: 9 best: 226.2 mean: 307.19353233830844
gen: 10 best: 226.2 mean: 306.1487562189055
gen: 11 best: 226.2 mean: 307.5422885572139
gen: 12 best: 226.2 mean: 305.7014925373134
gen: 13 best: 226.2 mean: 303.35820895522386
gen: 14 best: 226.2 mean: 304.22388059701495
gen: 15 best: 226.2 mean: 299.4681592039801
gen: 16 best: 226.2 mean: 298.73383084577114
gen: 17 best: 226.2 mean: 299.98855721393033
gen: 18 best: 226.2 mean: 298.88855721393037
gen: 19 best: 226.2 mean: 298.72587064676617
gen: 20 best: 226.2 mean: 296.4955223880597
gen: 21 best: 226.2 mean: 297.1577114427861
gen >22, new best = 224.300
gen: 22 best: 224.3 mean: 297.463184079602
gen >23, new best = 207.300
gen: 23 best: 207.3 mean: 293.1333333333333
gen: 24 best: 207.3 mean: 294.41990049751246
gen: 25 best: 207.3 mean: 294.5044776119403
gen: 26 best: 207.3 mean: 293.69900497512435
gen: 27 best: 207.3 mean: 292.4373134328358
gen: 28 best: 207.3 mean: 293.073631840796
gen: 29 best: 207.3 mean: 292.4592039800995
gen: 30 best: 207.3 mean: 293.37960199004976
gen: 31 best: 207.3 mean: 291.39452736318407
gen: 32 best: 207.3 mean: 291.39303482587064
gen: 33 best: 207.3 mean: 289.8716417910448
gen: 34 best: 207.3 mean: 290.3457711442786
gen: 35 best: 207.3 mean: 291.7547263681592
gen: 36 best: 207.3 mean: 287.06069651741296
gen: 37 best: 207.3 mean: 287.9890547263682
gen: 38 best: 207.3 mean: 287.0542288557214
gen: 39 best: 207.3 mean: 287.36915422885573
gen: 40 best: 207.3 mean: 287.29701492537316
gen: 41 best: 207.3 mean: 285.2308457711443
gen: 42 best: 207.3 mean: 286.4890547263682
gen: 43 best: 207.3 mean: 287.763184079602
gen: 44 best: 207.3 mean: 285.82935323383083
gen: 45 best: 207.3 mean: 284.43532338308455
gen: 46 best: 207.3 mean: 286.0990049751244
gen: 47 best: 207.3 mean: 286.4417910447761
gen: 48 best: 207.3 mean: 285.565671641791
gen: 49 best: 207.3 mean: 285.81990049751244
gen: 50 best: 207.3 mean: 283.03582089552236
gen: 51 best: 207.3 mean: 281.9323383084577
gen: 52 best: 207.3 mean: 284.8039800995025
gen: 53 best: 207.3 mean: 282.392039800995
gen: 54 best: 207.3 mean: 283.3492537313433
gen: 55 best: 207.3 mean: 284.2497512437811
gen: 56 best: 207.3 mean: 283.5258706467662
gen: 57 best: 207.3 mean: 283.06865671641793
gen: 58 best: 207.3 mean: 283.1442786069652
gen: 59 best: 207.3 mean: 285.0905472636816
gen: 60 best: 207.3 mean: 282.66069651741293
gen: 61 best: 207.3 mean: 282.68756218905474
gen: 62 best: 207.3 mean: 281.681592039801
gen: 63 best: 207.3 mean: 280.91691542288555
gen: 64 best: 207.3 mean: 283.3587064676617
gen: 65 best: 207.3 mean: 281.0273631840796
gen: 66 best: 207.3 mean: 281.9
gen: 67 best: 207.3 mean: 278.98457711442785
gen: 68 best: 207.3 mean: 281.83383084577116
gen: 69 best: 207.3 mean: 280.79203980099504
gen: 70 best: 207.3 mean: 281.2507462686567
gen: 71 best: 207.3 mean: 279.6995024875622
gen: 72 best: 207.3 mean: 279.89303482587064
gen: 73 best: 207.3 mean: 278.18955223880596
gen: 74 best: 207.3 mean: 280.9213930348259
gen: 75 best: 207.3 mean: 278.30497512437813
gen: 76 best: 207.3 mean: 279.1741293532338
gen: 77 best: 207.3 mean: 276.96268656716416
gen: 78 best: 207.3 mean: 279.9776119402985
gen: 79 best: 207.3 mean: 278.52089552238806
gen: 80 best: 207.3 mean: 279.27064676616914
gen: 81 best: 207.3 mean: 279.57064676616915
gen: 82 best: 207.3 mean: 279.06716417910445
gen: 83 best: 207.3 mean: 278.5223880597015
gen: 84 best: 207.3 mean: 277.95721393034825
gen: 85 best: 207.3 mean: 277.9407960199005
gen: 86 best: 207.3 mean: 276.36567164179104
gen: 87 best: 207.3 mean: 276.50796019900497
gen: 88 best: 207.3 mean: 278.1885572139303
gen: 89 best: 207.3 mean: 277.96218905472637
gen: 90 best: 207.3 mean: 277.76069651741295
gen >91, new best = 199.100
gen: 91 best: 199.1 mean: 276.6134328358209
gen: 92 best: 199.1 mean: 277.47512437810946
gen: 93 best: 199.1 mean: 275.8149253731343
gen: 94 best: 199.1 mean: 276.3805970149254
gen: 95 best: 199.1 mean: 275.34875621890546
gen: 96 best: 199.1 mean: 274.93482587064676
gen: 97 best: 199.1 mean: 275.752736318408
gen: 98 best: 199.1 mean: 273.2716417910448
gen: 99 best: 199.1 mean: 274.7417910447761
[8, 8, 8, 7, 8, 9, 8, 8, 8, 8, 7, 10, 8, 8, 10, 8, 8, 8, 9, 7, 7, 8, 8, 8, 8, 8, 8, 9, 8, 8, 8, 7, 7, 8, 8, 8, 9, 7, 8, 8, 9, 8, 9, 9, 7, 8, 8]
Test count of edges: 927
cat
