Defaulting to user installation because normal site-packages is not writeable
Looking in links: /cvmfs/soft.computecanada.ca/custom/python/wheelhouse/gentoo/avx2, /cvmfs/soft.computecanada.ca/custom/python/wheelhouse/gentoo/generic, /cvmfs/soft.computecanada.ca/custom/python/wheelhouse/generic
Requirement already satisfied: graphviz in /home/js17sy/.local/lib/python3.10/site-packages (0.20)
293; python ga.py 18 512N_graph18.dat 0.05 0.02 0.7 0.5 0.5 201 512N_graph18mediumgen1rem70_ 656903
/project/6008788/js17sy/reopenga/512c/ga.py:291: DeprecationWarning: Sampling from a set deprecated
since Python 3.9 and will be removed in a subsequent version.
  child1 = set(random.sample(
gen >0, new best = 324.600
gen >0, new best = 317.100
gen >0, new best = 290.100
gen >0, new best = 287.200
gen >0, new best = 286.700
gen >0, new best = 284.600
gen >0, new best = 276.900
gen >0, new best = 244.000
gen >0, new best = 238.900
gen: 0 best: 238.9 mean: 323.6885572139303
gen: 1 best: 238.9 mean: 319.03333333333336
gen: 2 best: 238.9 mean: 314.7781094527363
gen: 3 best: 238.9 mean: 316.1482587064677
gen: 4 best: 238.9 mean: 314.41293532338307
gen: 5 best: 238.9 mean: 310.64228855721393
gen >6, new best = 200.300
gen: 6 best: 200.3 mean: 303.89651741293534
gen: 7 best: 200.3 mean: 305.8776119402985
gen: 8 best: 200.3 mean: 302.1194029850746
gen: 9 best: 200.3 mean: 300.4875621890547
gen: 10 best: 200.3 mean: 296.2910447761194
gen: 11 best: 200.3 mean: 297.1427860696517
gen: 12 best: 200.3 mean: 294.6905472636816
gen: 13 best: 200.3 mean: 294.41691542288555
gen: 14 best: 200.3 mean: 294.84527363184077
gen: 15 best: 200.3 mean: 293.6134328358209
gen: 16 best: 200.3 mean: 291.434328358209
gen: 17 best: 200.3 mean: 289.4507462686567
gen: 18 best: 200.3 mean: 289.1721393034826
gen: 19 best: 200.3 mean: 287.8054726368159
gen: 20 best: 200.3 mean: 286.1004975124378
gen: 21 best: 200.3 mean: 287.05174129353236
gen: 22 best: 200.3 mean: 284.3179104477612
gen: 23 best: 200.3 mean: 285.06119402985075
gen: 24 best: 200.3 mean: 282.68208955223884
gen >25, new best = 196.600
gen: 25 best: 196.6 mean: 280.83084577114425
gen: 26 best: 196.6 mean: 279.7840796019901
gen: 27 best: 196.6 mean: 279.4273631840796
gen: 28 best: 196.6 mean: 282.2731343283582
gen: 29 best: 196.6 mean: 276.0492537313433
gen >30, new best = 182.100
gen: 30 best: 182.1 mean: 276.29004975124377
gen: 31 best: 182.1 mean: 276.1273631840796
gen: 32 best: 182.1 mean: 277.5900497512438
gen: 33 best: 182.1 mean: 276.1009950248756
gen: 34 best: 182.1 mean: 278.6502487562189
gen: 35 best: 182.1 mean: 274.1407960199005
gen: 36 best: 182.1 mean: 275.2323383084577
gen: 37 best: 182.1 mean: 272.0457711442786
gen: 38 best: 182.1 mean: 273.38955223880595
gen: 39 best: 182.1 mean: 275.4502487562189
gen: 40 best: 182.1 mean: 275.29800995024874
gen: 41 best: 182.1 mean: 272.9373134328358
gen: 42 best: 182.1 mean: 272.79353233830847
gen: 43 best: 182.1 mean: 271.42537313432837
gen: 44 best: 182.1 mean: 272.7009950248756
gen: 45 best: 182.1 mean: 271.0129353233831
gen: 46 best: 182.1 mean: 271.53880597014927
gen: 47 best: 182.1 mean: 270.1502487562189
gen: 48 best: 182.1 mean: 270.19353233830844
gen: 49 best: 182.1 mean: 271.48258706467664
gen: 50 best: 182.1 mean: 268.8666666666667
gen: 51 best: 182.1 mean: 267.59800995024875
gen: 52 best: 182.1 mean: 267.3462686567164
gen: 53 best: 182.1 mean: 269.65273631840796
gen: 54 best: 182.1 mean: 271.80497512437813
gen: 55 best: 182.1 mean: 269.02089552238806
gen: 56 best: 182.1 mean: 268.7452736318408
gen: 57 best: 182.1 mean: 268.66567164179105
gen: 58 best: 182.1 mean: 267.8940298507463
gen: 59 best: 182.1 mean: 267.53333333333336
gen: 60 best: 182.1 mean: 268.9766169154229
gen: 61 best: 182.1 mean: 268.4308457711443
gen: 62 best: 182.1 mean: 267.1119402985075
gen: 63 best: 182.1 mean: 267.14726368159205
gen: 64 best: 182.1 mean: 267.2268656716418
gen: 65 best: 182.1 mean: 268.52537313432833
gen: 66 best: 182.1 mean: 269.2502487562189
gen: 67 best: 182.1 mean: 266.31990049751244
gen: 68 best: 182.1 mean: 269.45870646766167
gen: 69 best: 182.1 mean: 267.6039800995025
gen: 70 best: 182.1 mean: 268.8054726368159
gen: 71 best: 182.1 mean: 266.75771144278605
gen: 72 best: 182.1 mean: 265.9119402985075
gen: 73 best: 182.1 mean: 266.9691542288557
gen: 74 best: 182.1 mean: 266.1233830845771
gen: 75 best: 182.1 mean: 266.24776119402986
gen: 76 best: 182.1 mean: 265.1049751243781
gen: 77 best: 182.1 mean: 263.5328358208955
gen: 78 best: 182.1 mean: 266.4457711442786
gen: 79 best: 182.1 mean: 263.9233830845771
gen: 80 best: 182.1 mean: 262.30348258706465
gen: 81 best: 182.1 mean: 265.8089552238806
gen: 82 best: 182.1 mean: 263.82935323383083
gen: 83 best: 182.1 mean: 263.9139303482587
gen: 84 best: 182.1 mean: 264.7641791044776
gen: 85 best: 182.1 mean: 262.0820895522388
gen: 86 best: 182.1 mean: 262.80696517412935
gen: 87 best: 182.1 mean: 263.0786069651741
gen: 88 best: 182.1 mean: 262.9985074626866
gen: 89 best: 182.1 mean: 262.9691542288557
gen: 90 best: 182.1 mean: 263.2502487562189
gen: 91 best: 182.1 mean: 262.71194029850744
gen: 92 best: 182.1 mean: 263.8462686567164
gen: 93 best: 182.1 mean: 264.36019900497513
gen: 94 best: 182.1 mean: 260.15721393034823
gen: 95 best: 182.1 mean: 261.0084577114428
gen: 96 best: 182.1 mean: 262.9492537313433
gen: 97 best: 182.1 mean: 261.76467661691544
gen: 98 best: 182.1 mean: 260.7532338308458
gen: 99 best: 182.1 mean: 262.9955223880597
[8, 8, 8, 10, 10, 9, 8, 10, 8, 9, 12, 8, 10, 8, 8, 9, 9, 9, 9, 8, 8, 9, 9, 10, 9, 12, 9, 8, 10, 8, 8, 8, 9, 9, 8, 11, 9, 9, 9, 8, 8, 9, 10, 8, 8, 8, 9, 8, 8]
Test count of edges: 930
cat
