Defaulting to user installation because normal site-packages is not writeable
Looking in links: /cvmfs/soft.computecanada.ca/custom/python/wheelhouse/gentoo/avx2, /cvmfs/soft.computecanada.ca/custom/python/wheelhouse/gentoo/generic, /cvmfs/soft.computecanada.ca/custom/python/wheelhouse/generic
Requirement already satisfied: graphviz in /home/js17sy/.local/lib/python3.10/site-packages (0.20)
554; python ga.py 18 512N_graph18.dat 0.1 0.04 0.5 0.5 0.5 201 512N_graph18leerygen1rem50_ 399854
/project/6008788/js17sy/reopenga/512c/ga.py:291: DeprecationWarning: Sampling from a set deprecated
since Python 3.9 and will be removed in a subsequent version.
  child1 = set(random.sample(
gen >0, new best = 319.600
gen >0, new best = 313.800
gen >0, new best = 313.100
gen >0, new best = 310.100
gen: 0 best: 310.1 mean: 351.2002487562189
gen: 1 best: 310.1 mean: 350.54129353233833
gen >2, new best = 280.500
gen >2, new best = 272.400
gen: 2 best: 272.4 mean: 349.4358208955224
gen: 3 best: 272.4 mean: 349.2497512437811
gen: 4 best: 272.4 mean: 349.30149253731344
gen: 5 best: 272.4 mean: 349.3462686567164
gen: 6 best: 272.4 mean: 350.60646766169157
gen: 7 best: 272.4 mean: 349.9875621890547
gen: 8 best: 272.4 mean: 348.3278606965174
gen: 9 best: 272.4 mean: 348.29253731343283
gen: 10 best: 272.4 mean: 348.0990049751244
gen: 11 best: 272.4 mean: 347.98457711442785
gen: 12 best: 272.4 mean: 348.20796019900496
gen: 13 best: 272.4 mean: 347.7681592039801
gen: 14 best: 272.4 mean: 348.20199004975126
gen: 15 best: 272.4 mean: 348.1039800995025
gen: 16 best: 272.4 mean: 347.8517412935323
gen: 17 best: 272.4 mean: 348.0457711442786
gen: 18 best: 272.4 mean: 347.2960199004975
gen: 19 best: 272.4 mean: 347.9049751243781
gen: 20 best: 272.4 mean: 346.3537313432836
gen: 21 best: 272.4 mean: 345.87064676616916
gen: 22 best: 272.4 mean: 345.44228855721394
gen: 23 best: 272.4 mean: 346.363184079602
gen: 24 best: 272.4 mean: 348.0810945273632
gen: 25 best: 272.4 mean: 347.0950248756219
gen: 26 best: 272.4 mean: 347.25522388059704
gen: 27 best: 272.4 mean: 347.7323383084577
gen: 28 best: 272.4 mean: 347.33034825870647
gen: 29 best: 272.4 mean: 346.192039800995
gen: 30 best: 272.4 mean: 344.6009950248756
gen: 31 best: 272.4 mean: 345.56517412935324
gen: 32 best: 272.4 mean: 347.5268656716418
gen: 33 best: 272.4 mean: 344.86218905472634
gen: 34 best: 272.4 mean: 345.6641791044776
gen: 35 best: 272.4 mean: 344.99303482587067
gen: 36 best: 272.4 mean: 345.8915422885572
gen: 37 best: 272.4 mean: 346.02835820895524
gen: 38 best: 272.4 mean: 344.8592039800995
gen: 39 best: 272.4 mean: 344.4492537313433
gen: 40 best: 272.4 mean: 344.21890547263683
gen: 41 best: 272.4 mean: 344.373631840796
gen: 42 best: 272.4 mean: 343.39353233830843
gen: 43 best: 272.4 mean: 342.8557213930348
gen: 44 best: 272.4 mean: 343.26119402985074
gen: 45 best: 272.4 mean: 343.51194029850745
gen: 46 best: 272.4 mean: 343.7507462686567
gen: 47 best: 272.4 mean: 342.1427860696517
gen: 48 best: 272.4 mean: 341.6482587064677
gen: 49 best: 272.4 mean: 342.9731343283582
gen >50, new best = 272.100
gen: 50 best: 272.1 mean: 341.55572139303484
gen: 51 best: 272.1 mean: 341.7283582089552
gen: 52 best: 272.1 mean: 341.2124378109453
gen: 53 best: 272.1 mean: 342.0875621890547
gen: 54 best: 272.1 mean: 341.3407960199005
gen: 55 best: 272.1 mean: 341.5582089552239
gen: 56 best: 272.1 mean: 341.57960199004975
gen: 57 best: 272.1 mean: 341.78308457711444
gen: 58 best: 272.1 mean: 340.96417910447764
gen: 59 best: 272.1 mean: 339.8771144278607
gen >60, new best = 266.100
gen: 60 best: 266.1 mean: 339.23383084577114
gen: 61 best: 266.1 mean: 340.76467661691544
gen: 62 best: 266.1 mean: 341.7875621890547
gen: 63 best: 266.1 mean: 340.7159203980099
gen: 64 best: 266.1 mean: 340.592039800995
gen: 65 best: 266.1 mean: 340.14776119402984
gen: 66 best: 266.1 mean: 340.19154228855723
gen: 67 best: 266.1 mean: 339.85820895522386
gen: 68 best: 266.1 mean: 339.6149253731343
gen: 69 best: 266.1 mean: 338.5109452736318
gen: 70 best: 266.1 mean: 339.23830845771147
gen: 71 best: 266.1 mean: 339.60696517412936
gen: 72 best: 266.1 mean: 339.1208955223881
gen: 73 best: 266.1 mean: 339.8169154228856
gen: 74 best: 266.1 mean: 339.11442786069654
gen: 75 best: 266.1 mean: 339.9726368159204
gen: 76 best: 266.1 mean: 339.307960199005
gen: 77 best: 266.1 mean: 339.3587064676617
gen: 78 best: 266.1 mean: 338.7776119402985
gen: 79 best: 266.1 mean: 337.6577114427861
gen: 80 best: 266.1 mean: 338.50199004975127
gen: 81 best: 266.1 mean: 338.3641791044776
gen: 82 best: 266.1 mean: 336.8905472636816
gen: 83 best: 266.1 mean: 335.6810945273632
gen: 84 best: 266.1 mean: 337.9592039800995
gen: 85 best: 266.1 mean: 336.90547263681594
gen: 86 best: 266.1 mean: 337.4194029850746
gen: 87 best: 266.1 mean: 338.3592039800995
gen: 88 best: 266.1 mean: 338.5820895522388
gen: 89 best: 266.1 mean: 338.4283582089552
gen: 90 best: 266.1 mean: 337.56666666666666
gen: 91 best: 266.1 mean: 336.8572139303483
gen: 92 best: 266.1 mean: 336.9810945273632
gen: 93 best: 266.1 mean: 337.3492537313433
gen: 94 best: 266.1 mean: 337.2691542288557
gen: 95 best: 266.1 mean: 338.8218905472637
gen: 96 best: 266.1 mean: 337.0218905472637
gen: 97 best: 266.1 mean: 337.13781094527366
gen: 98 best: 266.1 mean: 338.1174129353234
gen: 99 best: 266.1 mean: 336.97462686567167
[9, 9, 9, 10, 8, 10, 8, 15, 8, 8, 8, 10, 8, 9, 8, 13, 9, 8, 8, 8, 10, 8, 8, 9, 8, 11, 9, 8, 9, 10, 10, 10, 8, 8, 8, 11, 9, 9, 11, 11, 9, 8, 10, 8, 8, 8]
Test count of edges: 1554
cat
