Defaulting to user installation because normal site-packages is not writeable
Looking in links: /cvmfs/soft.computecanada.ca/custom/python/wheelhouse/gentoo/avx2, /cvmfs/soft.computecanada.ca/custom/python/wheelhouse/gentoo/generic, /cvmfs/soft.computecanada.ca/custom/python/wheelhouse/generic
Requirement already satisfied: graphviz in /home/js17sy/.local/lib/python3.10/site-packages (0.20)
581; python ga.py 18 512N_graph18.dat 0.1 0.04 0.5 0.7 0.3 201 512N_graph18leerygen2rem50_ 314171
/project/6008788/js17sy/reopenga/512c/ga.py:291: DeprecationWarning: Sampling from a set deprecated
since Python 3.9 and will be removed in a subsequent version.
  child1 = set(random.sample(
gen >0, new best = 349.200
gen >0, new best = 349.100
gen >0, new best = 342.200
gen >0, new best = 340.300
gen >0, new best = 331.400
gen >0, new best = 287.600
gen: 0 best: 287.6 mean: 351.5542288557214
gen: 1 best: 287.6 mean: 349.6049751243781
gen: 2 best: 287.6 mean: 349.73880597014926
gen >3, new best = 285.400
gen: 3 best: 285.4 mean: 348.7930348258706
gen: 4 best: 285.4 mean: 349.5786069651741
gen: 5 best: 285.4 mean: 347.0691542288557
gen: 6 best: 285.4 mean: 347.2726368159204
gen: 7 best: 285.4 mean: 347.97960199004973
gen: 8 best: 285.4 mean: 346.62935323383084
gen: 9 best: 285.4 mean: 347.1761194029851
gen >10, new best = 278.400
gen: 10 best: 278.4 mean: 345.7343283582089
gen: 11 best: 278.4 mean: 345.86169154228855
gen: 12 best: 278.4 mean: 344.4089552238806
gen >13, new best = 275.600
gen: 13 best: 275.6 mean: 342.6
gen: 14 best: 275.6 mean: 343.8298507462687
gen: 15 best: 275.6 mean: 343.17114427860696
gen: 16 best: 275.6 mean: 342.8731343283582
gen: 17 best: 275.6 mean: 344.14228855721393
gen: 18 best: 275.6 mean: 343.24776119402986
gen: 19 best: 275.6 mean: 342.789552238806
gen: 20 best: 275.6 mean: 340.5437810945274
gen >21, new best = 262.700
gen: 21 best: 262.7 mean: 339.82089552238807
gen: 22 best: 262.7 mean: 341.2597014925373
gen: 23 best: 262.7 mean: 341.9601990049751
gen: 24 best: 262.7 mean: 340.9731343283582
gen: 25 best: 262.7 mean: 340.19751243781093
gen: 26 best: 262.7 mean: 341.52636815920397
gen: 27 best: 262.7 mean: 340.22089552238805
gen: 28 best: 262.7 mean: 340.43830845771146
gen: 29 best: 262.7 mean: 340.6776119402985
gen: 30 best: 262.7 mean: 338.9731343283582
gen: 31 best: 262.7 mean: 339.8950248756219
gen: 32 best: 262.7 mean: 338.1641791044776
gen: 33 best: 262.7 mean: 338.22587064676617
gen: 34 best: 262.7 mean: 337.84726368159204
gen: 35 best: 262.7 mean: 339.4412935323383
gen: 36 best: 262.7 mean: 337.3004975124378
gen: 37 best: 262.7 mean: 338.49353233830846
gen: 38 best: 262.7 mean: 337.49004975124376
gen: 39 best: 262.7 mean: 336.8905472636816
gen: 40 best: 262.7 mean: 337.9905472636816
gen: 41 best: 262.7 mean: 337.2323383084577
gen: 42 best: 262.7 mean: 337.9776119402985
gen: 43 best: 262.7 mean: 337.80646766169156
gen: 44 best: 262.7 mean: 338.0407960199005
gen: 45 best: 262.7 mean: 338.7139303482587
gen: 46 best: 262.7 mean: 337.89253731343285
gen: 47 best: 262.7 mean: 338.6223880597015
gen: 48 best: 262.7 mean: 337.88855721393037
gen: 49 best: 262.7 mean: 336.53333333333336
gen: 50 best: 262.7 mean: 337.98955223880597
gen: 51 best: 262.7 mean: 337.547263681592
gen: 52 best: 262.7 mean: 337.4781094527363
gen: 53 best: 262.7 mean: 336.69353233830844
gen: 54 best: 262.7 mean: 336.2029850746269
gen: 55 best: 262.7 mean: 337.4373134328358
gen >56, new best = 260.200
gen: 56 best: 260.2 mean: 336.5
gen: 57 best: 260.2 mean: 337.2955223880597
gen: 58 best: 260.2 mean: 335.49353233830846
gen: 59 best: 260.2 mean: 335.1537313432836
gen: 60 best: 260.2 mean: 334.83781094527365
gen: 61 best: 260.2 mean: 336.0626865671642
gen: 62 best: 260.2 mean: 336.53432835820894
gen: 63 best: 260.2 mean: 334.82885572139304
gen: 64 best: 260.2 mean: 334.4646766169154
gen: 65 best: 260.2 mean: 334.93532338308455
gen: 66 best: 260.2 mean: 334.6323383084577
gen: 67 best: 260.2 mean: 335.1373134328358
gen: 68 best: 260.2 mean: 335.0880597014925
gen: 69 best: 260.2 mean: 334.14179104477614
gen: 70 best: 260.2 mean: 333.5273631840796
gen: 71 best: 260.2 mean: 333.79751243781095
gen: 72 best: 260.2 mean: 333.9950248756219
gen: 73 best: 260.2 mean: 334.03731343283584
gen: 74 best: 260.2 mean: 333.97512437810946
gen: 75 best: 260.2 mean: 333.97562189054725
gen: 76 best: 260.2 mean: 332.6174129353234
gen: 77 best: 260.2 mean: 333.22437810945274
gen: 78 best: 260.2 mean: 333.1776119402985
gen: 79 best: 260.2 mean: 331.82338308457713
gen: 80 best: 260.2 mean: 333.23830845771147
gen: 81 best: 260.2 mean: 333.7492537313433
gen: 82 best: 260.2 mean: 331.4547263681592
gen: 83 best: 260.2 mean: 332.6482587064677
gen: 84 best: 260.2 mean: 332.99353233830846
gen: 85 best: 260.2 mean: 332.8771144278607
gen: 86 best: 260.2 mean: 333.8592039800995
gen: 87 best: 260.2 mean: 331.64925373134326
gen: 88 best: 260.2 mean: 333.3054726368159
gen: 89 best: 260.2 mean: 331.4776119402985
gen >90, new best = 252.900
gen: 90 best: 252.9 mean: 331.7985074626866
gen: 91 best: 252.9 mean: 331.9870646766169
gen: 92 best: 252.9 mean: 330.70597014925374
gen: 93 best: 252.9 mean: 331.97860696517415
gen: 94 best: 252.9 mean: 331.99004975124376
gen: 95 best: 252.9 mean: 331.4398009950249
gen: 96 best: 252.9 mean: 331.9139303482587
gen: 97 best: 252.9 mean: 331.79751243781095
gen: 98 best: 252.9 mean: 330.0502487562189
gen: 99 best: 252.9 mean: 331.24328358208953
[8, 12, 8, 8, 11, 8, 8, 8, 9, 7, 7, 8, 9, 8, 11, 9, 9, 8, 9, 9, 9, 13, 8, 8, 10, 9, 9, 9, 9, 10, 8, 8, 8, 8, 13, 7, 8, 8, 9, 8, 8, 8, 8, 9, 11, 8, 9]
Test count of edges: 1551
cat
