Defaulting to user installation because normal site-packages is not writeable
Looking in links: /cvmfs/soft.computecanada.ca/custom/python/wheelhouse/gentoo/avx2, /cvmfs/soft.computecanada.ca/custom/python/wheelhouse/gentoo/generic, /cvmfs/soft.computecanada.ca/custom/python/wheelhouse/generic
Requirement already satisfied: graphviz in /home/js17sy/.local/lib/python3.10/site-packages (0.20)
692; python ga.py 18 512N_graph18.dat 0.1 0.04 0.7 0.9 0.1 201 512N_graph18leerygen3rem70_ 57122
/project/6008788/js17sy/reopenga/512c/ga.py:291: DeprecationWarning: Sampling from a set deprecated
since Python 3.9 and will be removed in a subsequent version.
  child1 = set(random.sample(
gen >0, new best = 328.400
gen >0, new best = 321.100
gen >0, new best = 281.800
gen >0, new best = 280.200
gen: 0 best: 280.2 mean: 328.87611940298507
gen >1, new best = 263.800
gen: 1 best: 263.8 mean: 329.41840796019903
gen: 2 best: 263.8 mean: 327.64179104477614
gen: 3 best: 263.8 mean: 327.93134328358207
gen >4, new best = 254.400
gen: 4 best: 254.4 mean: 324.9228855721393
gen: 5 best: 254.4 mean: 325.4417910447761
gen: 6 best: 254.4 mean: 325.06517412935324
gen: 7 best: 254.4 mean: 320.39104477611943
gen: 8 best: 254.4 mean: 321.7412935323383
gen: 9 best: 254.4 mean: 321.85771144278607
gen: 10 best: 254.4 mean: 320.60149253731345
gen: 11 best: 254.4 mean: 318.8258706467662
gen: 12 best: 254.4 mean: 317.6333333333333
gen: 13 best: 254.4 mean: 317.7562189054726
gen: 14 best: 254.4 mean: 315.06119402985075
gen: 15 best: 254.4 mean: 316.5547263681592
gen: 16 best: 254.4 mean: 314.28109452736317
gen: 17 best: 254.4 mean: 315.00597014925376
gen: 18 best: 254.4 mean: 313.44228855721394
gen: 19 best: 254.4 mean: 311.52835820895524
gen: 20 best: 254.4 mean: 310.0676616915423
gen: 21 best: 254.4 mean: 312.70049751243783
gen: 22 best: 254.4 mean: 312.3388059701493
gen: 23 best: 254.4 mean: 309.7
gen >24, new best = 253.100
gen: 24 best: 253.1 mean: 310.17064676616917
gen: 25 best: 253.1 mean: 308.5238805970149
gen >26, new best = 242.800
gen: 26 best: 242.8 mean: 307.28905472636814
gen: 27 best: 242.8 mean: 310.5582089552239
gen: 28 best: 242.8 mean: 308.4741293532338
gen: 29 best: 242.8 mean: 307.92039800995025
gen >30, new best = 225.600
gen: 30 best: 225.6 mean: 306.5661691542289
gen: 31 best: 225.6 mean: 305.2467661691542
gen: 32 best: 225.6 mean: 307.7313432835821
gen: 33 best: 225.6 mean: 303.8865671641791
gen: 34 best: 225.6 mean: 305.7825870646766
gen: 35 best: 225.6 mean: 306.44427860696516
gen: 36 best: 225.6 mean: 304.9850746268657
gen: 37 best: 225.6 mean: 305.36119402985076
gen: 38 best: 225.6 mean: 305.73333333333335
gen: 39 best: 225.6 mean: 305.51741293532336
gen: 40 best: 225.6 mean: 304.5019900497512
gen: 41 best: 225.6 mean: 303.60149253731345
gen: 42 best: 225.6 mean: 303.62587064676615
gen: 43 best: 225.6 mean: 303.62885572139305
gen: 44 best: 225.6 mean: 303.13781094527366
gen: 45 best: 225.6 mean: 304.089552238806
gen: 46 best: 225.6 mean: 302.72039800995026
gen: 47 best: 225.6 mean: 301.8238805970149
gen: 48 best: 225.6 mean: 302.24626865671644
gen: 49 best: 225.6 mean: 302.6039800995025
gen: 50 best: 225.6 mean: 302.7656716417911
gen: 51 best: 225.6 mean: 300.2835820895522
gen: 52 best: 225.6 mean: 299.5776119402985
gen: 53 best: 225.6 mean: 302.7840796019901
gen: 54 best: 225.6 mean: 300.79253731343283
gen: 55 best: 225.6 mean: 300.8791044776119
gen: 56 best: 225.6 mean: 301.5457711442786
gen: 57 best: 225.6 mean: 300.47711442786067
gen: 58 best: 225.6 mean: 299.7412935323383
gen: 59 best: 225.6 mean: 301.74776119402986
gen: 60 best: 225.6 mean: 300.41293532338307
gen: 61 best: 225.6 mean: 299.6194029850746
gen: 62 best: 225.6 mean: 299.30298507462686
gen: 63 best: 225.6 mean: 301.6084577114428
gen >64, new best = 214.700
gen: 64 best: 214.7 mean: 299.444776119403
gen: 65 best: 214.7 mean: 300.0462686567164
gen: 66 best: 214.7 mean: 299.91592039801
gen: 67 best: 214.7 mean: 298.97512437810946
gen: 68 best: 214.7 mean: 301.5323383084577
gen: 69 best: 214.7 mean: 301.0995024875622
gen: 70 best: 214.7 mean: 300.9507462686567
gen: 71 best: 214.7 mean: 300.56318407960197
gen: 72 best: 214.7 mean: 299.1228855721393
gen: 73 best: 214.7 mean: 298.89800995024876
gen: 74 best: 214.7 mean: 300.08905472636815
gen: 75 best: 214.7 mean: 299.344776119403
gen: 76 best: 214.7 mean: 298.13880597014924
gen: 77 best: 214.7 mean: 300.8099502487562
gen: 78 best: 214.7 mean: 298.5965174129353
gen: 79 best: 214.7 mean: 300.3666666666667
gen: 80 best: 214.7 mean: 300.2238805970149
gen: 81 best: 214.7 mean: 299.4776119402985
gen: 82 best: 214.7 mean: 299.41144278606964
gen: 83 best: 214.7 mean: 297.2343283582089
gen: 84 best: 214.7 mean: 298.44029850746267
gen: 85 best: 214.7 mean: 298.79800995024874
gen: 86 best: 214.7 mean: 298.8333333333333
gen: 87 best: 214.7 mean: 297.9800995024876
gen: 88 best: 214.7 mean: 300.1641791044776
gen: 89 best: 214.7 mean: 300.53781094527363
gen: 90 best: 214.7 mean: 298.4691542288557
gen: 91 best: 214.7 mean: 298.04477611940297
gen: 92 best: 214.7 mean: 299.5308457711443
gen: 93 best: 214.7 mean: 297.5636815920398
gen: 94 best: 214.7 mean: 298.18457711442784
gen: 95 best: 214.7 mean: 297.85223880597016
gen: 96 best: 214.7 mean: 297.8059701492537
gen: 97 best: 214.7 mean: 298.88407960199004
gen: 98 best: 214.7 mean: 297.8363184079602
gen: 99 best: 214.7 mean: 297.78855721393035
[7, 7, 7, 7, 7, 7, 8, 8, 7, 8, 8, 7, 8, 8, 8, 8, 7, 7, 8, 8, 7, 7, 7, 7, 7, 9, 7, 7, 7, 9, 7, 7, 7, 8, 7, 9, 7, 7, 9, 8, 8, 7, 7, 9, 7, 8, 8, 9]
Test count of edges: 924
cat
