Defaulting to user installation because normal site-packages is not writeable
Looking in links: /cvmfs/soft.computecanada.ca/custom/python/wheelhouse/gentoo/avx2, /cvmfs/soft.computecanada.ca/custom/python/wheelhouse/gentoo/generic, /cvmfs/soft.computecanada.ca/custom/python/wheelhouse/generic
Requirement already satisfied: graphviz in /home/js17sy/.local/lib/python3.10/site-packages (0.20)
117; python ga.py 18 512N_graph18.dat 0.025 0.01 0.7 0.5 0.5 201 512N_graph18strictgen1rem70_ 771147
/project/6008788/js17sy/reopenga/512c/ga.py:291: DeprecationWarning: Sampling from a set deprecated
since Python 3.9 and will be removed in a subsequent version.
  child1 = set(random.sample(
gen >0, new best = 320.500
gen >0, new best = 274.700
gen >0, new best = 264.100
gen >0, new best = 218.800
gen >0, new best = 218.100
gen: 0 best: 218.1 mean: 295.60348258706466
gen >1, new best = 213.400
gen: 1 best: 213.4 mean: 291.7716417910448
gen: 2 best: 213.4 mean: 285.5507462686567
gen >3, new best = 208.500
gen >3, new best = 207.000
gen: 3 best: 207.0 mean: 287.59751243781096
gen: 4 best: 207.0 mean: 284.22786069651744
gen: 5 best: 207.0 mean: 285.31243781094526
gen: 6 best: 207.0 mean: 283.1537313432836
gen: 7 best: 207.0 mean: 280.555223880597
gen: 8 best: 207.0 mean: 279.6094527363184
gen >9, new best = 204.100
gen: 9 best: 204.1 mean: 275.34676616915425
gen >10, new best = 203.900
gen >10, new best = 197.400
gen: 10 best: 197.4 mean: 275.00199004975127
gen >11, new best = 193.200
gen >11, new best = 181.700
gen: 11 best: 181.7 mean: 270.57910447761196
gen: 12 best: 181.7 mean: 272.75721393034826
gen: 13 best: 181.7 mean: 271.04825870646766
gen: 14 best: 181.7 mean: 270.08009950248754
gen: 15 best: 181.7 mean: 273.9009950248756
gen: 16 best: 181.7 mean: 271.96417910447764
gen: 17 best: 181.7 mean: 269.82885572139304
gen: 18 best: 181.7 mean: 266.8517412935323
gen: 19 best: 181.7 mean: 267.01144278606967
gen: 20 best: 181.7 mean: 266.9547263681592
gen: 21 best: 181.7 mean: 264.3482587064677
gen: 22 best: 181.7 mean: 263.88407960199004
gen: 23 best: 181.7 mean: 262.6134328358209
gen: 24 best: 181.7 mean: 264.21492537313435
gen: 25 best: 181.7 mean: 262.344776119403
gen: 26 best: 181.7 mean: 261.15223880597017
gen: 27 best: 181.7 mean: 263.85771144278607
gen: 28 best: 181.7 mean: 263.24626865671644
gen: 29 best: 181.7 mean: 262.20746268656717
gen: 30 best: 181.7 mean: 262.1273631840796
gen: 31 best: 181.7 mean: 257.7562189054726
gen: 32 best: 181.7 mean: 257.2771144278607
gen: 33 best: 181.7 mean: 255.5094527363184
gen: 34 best: 181.7 mean: 252.0905472636816
gen: 35 best: 181.7 mean: 256.20995024875623
gen: 36 best: 181.7 mean: 258.2134328358209
gen: 37 best: 181.7 mean: 254.2228855721393
gen: 38 best: 181.7 mean: 255.58905472636815
gen: 39 best: 181.7 mean: 257.6626865671642
gen: 40 best: 181.7 mean: 254.3039800995025
gen: 41 best: 181.7 mean: 254.45323383084576
gen: 42 best: 181.7 mean: 255.53482587064676
gen: 43 best: 181.7 mean: 253.41044776119404
gen >44, new best = 181.400
gen: 44 best: 181.4 mean: 254.20597014925374
gen: 45 best: 181.4 mean: 253.51890547263682
gen: 46 best: 181.4 mean: 253.14825870646766
gen: 47 best: 181.4 mean: 250.76169154228856
gen: 48 best: 181.4 mean: 252.61641791044775
gen: 49 best: 181.4 mean: 253.57363184079603
gen: 50 best: 181.4 mean: 249.90796019900498
gen: 51 best: 181.4 mean: 250.69900497512438
gen: 52 best: 181.4 mean: 250.85024875621892
gen: 53 best: 181.4 mean: 249.05074626865672
gen: 54 best: 181.4 mean: 247.0283582089552
gen: 55 best: 181.4 mean: 247.88009950248755
gen: 56 best: 181.4 mean: 244.62537313432836
gen >57, new best = 168.400
gen: 57 best: 168.4 mean: 245.6273631840796
gen: 58 best: 168.4 mean: 247.18059701492538
gen: 59 best: 168.4 mean: 245.58358208955224
gen: 60 best: 168.4 mean: 243.19303482587065
gen: 61 best: 168.4 mean: 244.2776119402985
gen: 62 best: 168.4 mean: 246.16716417910447
gen: 63 best: 168.4 mean: 245.2462686567164
gen: 64 best: 168.4 mean: 245.16965174129353
gen: 65 best: 168.4 mean: 245.23383084577114
gen: 66 best: 168.4 mean: 245.5860696517413
gen: 67 best: 168.4 mean: 244.64825870646766
gen: 68 best: 168.4 mean: 246.12885572139302
gen: 69 best: 168.4 mean: 243.2865671641791
gen: 70 best: 168.4 mean: 241.39402985074628
gen >71, new best = 164.800
gen: 71 best: 164.8 mean: 243.08855721393036
gen: 72 best: 164.8 mean: 242.9452736318408
gen: 73 best: 164.8 mean: 243.13383084577114
gen: 74 best: 164.8 mean: 241.89353233830846
gen: 75 best: 164.8 mean: 240.00248756218906
gen: 76 best: 164.8 mean: 241.0990049751244
gen: 77 best: 164.8 mean: 242.97661691542288
gen: 78 best: 164.8 mean: 242.26865671641792
gen: 79 best: 164.8 mean: 241.30348258706468
gen: 80 best: 164.8 mean: 241.9945273631841
gen: 81 best: 164.8 mean: 239.1950248756219
gen: 82 best: 164.8 mean: 239.55174129353233
gen: 83 best: 164.8 mean: 240.13233830845772
gen: 84 best: 164.8 mean: 235.9726368159204
gen: 85 best: 164.8 mean: 237.0407960199005
gen: 86 best: 164.8 mean: 238.69402985074626
gen: 87 best: 164.8 mean: 238.35024875621892
gen: 88 best: 164.8 mean: 235.95820895522388
gen: 89 best: 164.8 mean: 239.1776119402985
gen: 90 best: 164.8 mean: 237.1407960199005
gen: 91 best: 164.8 mean: 237.6318407960199
gen: 92 best: 164.8 mean: 234.19850746268656
gen: 93 best: 164.8 mean: 238.26019900497514
gen: 94 best: 164.8 mean: 235.8507462686567
gen: 95 best: 164.8 mean: 235.65223880597014
gen: 96 best: 164.8 mean: 239.32039800995025
gen: 97 best: 164.8 mean: 236.44726368159203
gen: 98 best: 164.8 mean: 235.83482587064677
gen: 99 best: 164.8 mean: 238.18457711442787
[11, 11, 9, 9, 10, 14, 12, 9, 9, 10, 11, 11, 10, 10, 10, 9, 11, 11, 10, 9, 8, 11, 8, 10, 9, 10, 9, 9, 9, 9, 11, 10, 9, 8, 10, 9, 10, 7, 8, 9, 14, 12, 10]
Test count of edges: 951
cat
