Defaulting to user installation because normal site-packages is not writeable
Looking in links: /cvmfs/soft.computecanada.ca/custom/python/wheelhouse/gentoo/avx2, /cvmfs/soft.computecanada.ca/custom/python/wheelhouse/gentoo/generic, /cvmfs/soft.computecanada.ca/custom/python/wheelhouse/generic
Requirement already satisfied: graphviz in /home/js17sy/.local/lib/python3.10/site-packages (0.20)
169; python ga.py 18 512N_graph18.dat 0.025 0.01 0.7 0.9 0.1 201 512N_graph18strictgen3rem70_ 542659
/project/6008788/js17sy/reopenga/512c/ga.py:291: DeprecationWarning: Sampling from a set deprecated
since Python 3.9 and will be removed in a subsequent version.
  child1 = set(random.sample(
gen >0, new best = 311.300
gen >0, new best = 287.000
gen >0, new best = 280.300
gen >0, new best = 239.200
gen >0, new best = 225.600
gen: 0 best: 225.6 mean: 295.8825870646766
gen >1, new best = 222.600
gen >1, new best = 214.200
gen: 1 best: 214.2 mean: 291.4761194029851
gen >2, new best = 213.600
gen >2, new best = 210.800
gen: 2 best: 210.8 mean: 288.3
gen: 3 best: 210.8 mean: 285.95721393034825
gen >4, new best = 200.900
gen: 4 best: 200.9 mean: 279.43930348258704
gen: 5 best: 200.9 mean: 281.77960199004974
gen >6, new best = 197.000
gen >6, new best = 196.800
gen: 6 best: 196.8 mean: 272.97363184079603
gen: 7 best: 196.8 mean: 274.1646766169154
gen: 8 best: 196.8 mean: 273.73930348258705
gen >9, new best = 193.500
gen >9, new best = 184.800
gen: 9 best: 184.8 mean: 272.74626865671644
gen: 10 best: 184.8 mean: 268.589552238806
gen: 11 best: 184.8 mean: 268.33930348258707
gen: 12 best: 184.8 mean: 267.0462686567164
gen: 13 best: 184.8 mean: 263.54477611940297
gen: 14 best: 184.8 mean: 257.44726368159206
gen: 15 best: 184.8 mean: 256.4597014925373
gen >16, new best = 183.000
gen: 16 best: 183.0 mean: 256.82139303482586
gen: 17 best: 183.0 mean: 251.45771144278606
gen: 18 best: 183.0 mean: 252.67611940298508
gen: 19 best: 183.0 mean: 251.5044776119403
gen: 20 best: 183.0 mean: 249.2189054726368
gen: 21 best: 183.0 mean: 246.7771144278607
gen: 22 best: 183.0 mean: 248.04328358208954
gen: 23 best: 183.0 mean: 247.96268656716418
gen: 24 best: 183.0 mean: 246.84328358208955
gen: 25 best: 183.0 mean: 245.44477611940297
gen >26, new best = 180.100
gen: 26 best: 180.1 mean: 244.6995024875622
gen: 27 best: 180.1 mean: 242.02935323383085
gen: 28 best: 180.1 mean: 241.87114427860698
gen: 29 best: 180.1 mean: 241.12039800995024
gen: 30 best: 180.1 mean: 240.9502487562189
gen >31, new best = 164.800
gen: 31 best: 164.8 mean: 239.53034825870648
gen: 32 best: 164.8 mean: 237.6820895522388
gen: 33 best: 164.8 mean: 236.7492537313433
gen: 34 best: 164.8 mean: 239.2049751243781
gen: 35 best: 164.8 mean: 237.43781094527364
gen: 36 best: 164.8 mean: 237.14378109452736
gen: 37 best: 164.8 mean: 237.8268656716418
gen: 38 best: 164.8 mean: 236.04676616915424
gen: 39 best: 164.8 mean: 235.07164179104478
gen: 40 best: 164.8 mean: 236.60149253731345
gen: 41 best: 164.8 mean: 234.55621890547263
gen: 42 best: 164.8 mean: 232.6830845771144
gen: 43 best: 164.8 mean: 235.46467661691543
gen: 44 best: 164.8 mean: 231.54925373134327
gen: 45 best: 164.8 mean: 230.2681592039801
gen: 46 best: 164.8 mean: 231.34825870646767
gen: 47 best: 164.8 mean: 229.06616915422885
gen: 48 best: 164.8 mean: 232.33283582089553
gen: 49 best: 164.8 mean: 230.11044776119402
gen: 50 best: 164.8 mean: 228.37064676616916
gen: 51 best: 164.8 mean: 228.3179104477612
gen: 52 best: 164.8 mean: 228.05273631840797
gen: 53 best: 164.8 mean: 228.4825870646766
gen: 54 best: 164.8 mean: 227.52388059701494
gen: 55 best: 164.8 mean: 225.99601990049752
gen: 56 best: 164.8 mean: 226.4323383084577
gen >57, new best = 160.300
gen: 57 best: 160.3 mean: 223.61243781094527
gen: 58 best: 160.3 mean: 225.55273631840797
gen: 59 best: 160.3 mean: 224.74875621890547
gen: 60 best: 160.3 mean: 225.01940298507463
gen: 61 best: 160.3 mean: 223.61044776119402
gen >62, new best = 159.400
gen: 62 best: 159.4 mean: 222.53034825870645
gen: 63 best: 159.4 mean: 223.78855721393035
gen: 64 best: 159.4 mean: 224.66567164179105
gen: 65 best: 159.4 mean: 223.39850746268655
gen: 66 best: 159.4 mean: 222.92139303482588
gen: 67 best: 159.4 mean: 221.3865671641791
gen: 68 best: 159.4 mean: 221.65124378109454
gen: 69 best: 159.4 mean: 221.23781094527362
gen: 70 best: 159.4 mean: 222.1995024875622
gen: 71 best: 159.4 mean: 222.21990049751244
gen: 72 best: 159.4 mean: 220.97860696517412
gen: 73 best: 159.4 mean: 220.02985074626866
gen: 74 best: 159.4 mean: 221.0726368159204
gen: 75 best: 159.4 mean: 223.1099502487562
gen: 76 best: 159.4 mean: 220.17363184079602
gen: 77 best: 159.4 mean: 218.53880597014924
gen: 78 best: 159.4 mean: 220.7995024875622
gen: 79 best: 159.4 mean: 219.4
gen: 80 best: 159.4 mean: 220.00298507462688
gen: 81 best: 159.4 mean: 218.77114427860695
gen: 82 best: 159.4 mean: 220.53482587064676
gen: 83 best: 159.4 mean: 218.02338308457712
gen: 84 best: 159.4 mean: 219.93731343283582
gen: 85 best: 159.4 mean: 217.93482587064676
gen: 86 best: 159.4 mean: 221.63432835820896
gen: 87 best: 159.4 mean: 220.64975124378108
gen: 88 best: 159.4 mean: 218.2721393034826
gen: 89 best: 159.4 mean: 220.34228855721392
gen: 90 best: 159.4 mean: 219.5273631840796
gen: 91 best: 159.4 mean: 220.46268656716418
gen: 92 best: 159.4 mean: 217.43283582089552
gen: 93 best: 159.4 mean: 219.2860696517413
gen: 94 best: 159.4 mean: 221.70746268656717
gen: 95 best: 159.4 mean: 220.12139303482587
gen: 96 best: 159.4 mean: 218.32736318407962
gen: 97 best: 159.4 mean: 215.50646766169154
gen: 98 best: 159.4 mean: 218.17960199004975
gen: 99 best: 159.4 mean: 216.0676616915423
[9, 9, 12, 10, 9, 10, 10, 7, 9, 13, 9, 11, 9, 8, 9, 7, 10, 9, 11, 12, 10, 11, 8, 10, 9, 8, 9, 7, 8, 8, 8, 9, 10, 9, 10, 8, 13, 11, 11, 9, 10, 11, 8, 9, 9, 9, 10, 8]
Test count of edges: 925
cat
