Defaulting to user installation because normal site-packages is not writeable
Looking in links: /cvmfs/soft.computecanada.ca/custom/python/wheelhouse/gentoo/avx2, /cvmfs/soft.computecanada.ca/custom/python/wheelhouse/gentoo/generic, /cvmfs/soft.computecanada.ca/custom/python/wheelhouse/generic
Requirement already satisfied: graphviz in /home/js17sy/.local/lib/python3.10/site-packages (0.20)
425; python ga.py 18 512N_graph18.dat 0.075 0.03 0.5 0.9 0.1 201 512N_graph18laxgen3rem50_ 142805
/project/6008788/js17sy/reopenga/512c/ga.py:291: DeprecationWarning: Sampling from a set deprecated
since Python 3.9 and will be removed in a subsequent version.
  child1 = set(random.sample(
gen >0, new best = 339.900
gen >0, new best = 302.600
gen >0, new best = 301.500
gen >0, new best = 281.400
gen: 0 best: 281.4 mean: 338.5465174129353
gen: 1 best: 281.4 mean: 339.0089552238806
gen: 2 best: 281.4 mean: 337.1945273631841
gen: 3 best: 281.4 mean: 336.3696517412935
gen >4, new best = 265.200
gen: 4 best: 265.2 mean: 337.2547263681592
gen: 5 best: 265.2 mean: 336.53383084577115
gen: 6 best: 265.2 mean: 336.18457711442784
gen: 7 best: 265.2 mean: 337.8179104477612
gen: 8 best: 265.2 mean: 336.19900497512435
gen: 9 best: 265.2 mean: 335.1955223880597
gen: 10 best: 265.2 mean: 333.9905472636816
gen: 11 best: 265.2 mean: 335.5054726368159
gen: 12 best: 265.2 mean: 334.3696517412935
gen: 13 best: 265.2 mean: 333.0532338308458
gen: 14 best: 265.2 mean: 332.91990049751246
gen: 15 best: 265.2 mean: 332.85273631840795
gen: 16 best: 265.2 mean: 333.5502487562189
gen: 17 best: 265.2 mean: 332.35223880597016
gen: 18 best: 265.2 mean: 332.2587064676617
gen: 19 best: 265.2 mean: 332.23383084577114
gen: 20 best: 265.2 mean: 331.1333333333333
gen: 21 best: 265.2 mean: 331.05771144278606
gen >22, new best = 262.000
gen: 22 best: 262.0 mean: 329.87512437810943
gen: 23 best: 262.0 mean: 329.52487562189054
gen: 24 best: 262.0 mean: 329.34726368159204
gen: 25 best: 262.0 mean: 329.6910447761194
gen: 26 best: 262.0 mean: 330.63880597014924
gen: 27 best: 262.0 mean: 329.3144278606965
gen: 28 best: 262.0 mean: 329.48407960199006
gen >29, new best = 253.600
gen: 29 best: 253.6 mean: 326.61641791044775
gen: 30 best: 253.6 mean: 327.43482587064676
gen: 31 best: 253.6 mean: 325.68407960199005
gen: 32 best: 253.6 mean: 326.90199004975125
gen: 33 best: 253.6 mean: 326.64378109452736
gen: 34 best: 253.6 mean: 325.9890547263682
gen: 35 best: 253.6 mean: 325.6980099502488
gen: 36 best: 253.6 mean: 325.6502487562189
gen: 37 best: 253.6 mean: 325.92089552238804
gen: 38 best: 253.6 mean: 327.1044776119403
gen: 39 best: 253.6 mean: 325.02139303482585
gen: 40 best: 253.6 mean: 326.19502487562187
gen: 41 best: 253.6 mean: 324.89800995024876
gen: 42 best: 253.6 mean: 325.4099502487562
gen: 43 best: 253.6 mean: 324.655223880597
gen: 44 best: 253.6 mean: 323.43681592039803
gen: 45 best: 253.6 mean: 322.7676616915423
gen: 46 best: 253.6 mean: 323.3805970149254
gen: 47 best: 253.6 mean: 323.4865671641791
gen: 48 best: 253.6 mean: 321.8228855721393
gen: 49 best: 253.6 mean: 322.04676616915424
gen: 50 best: 253.6 mean: 323.3626865671642
gen: 51 best: 253.6 mean: 322.19900497512435
gen: 52 best: 253.6 mean: 323.18059701492535
gen: 53 best: 253.6 mean: 322.1547263681592
gen: 54 best: 253.6 mean: 321.84875621890546
gen: 55 best: 253.6 mean: 321.84776119402983
gen: 56 best: 253.6 mean: 321.03880597014927
gen: 57 best: 253.6 mean: 321.02885572139303
gen >58, new best = 249.400
gen: 58 best: 249.4 mean: 320.6373134328358
gen: 59 best: 249.4 mean: 321.46069651741294
gen: 60 best: 249.4 mean: 321.21691542288556
gen: 61 best: 249.4 mean: 322.1507462686567
gen: 62 best: 249.4 mean: 318.89353233830843
gen: 63 best: 249.4 mean: 319.2253731343284
gen: 64 best: 249.4 mean: 320.0144278606965
gen: 65 best: 249.4 mean: 320.13781094527366
gen: 66 best: 249.4 mean: 318.9731343283582
gen: 67 best: 249.4 mean: 318.67910447761193
gen: 68 best: 249.4 mean: 318.96019900497515
gen: 69 best: 249.4 mean: 317.46119402985073
gen: 70 best: 249.4 mean: 318.57910447761196
gen: 71 best: 249.4 mean: 319.05572139303484
gen: 72 best: 249.4 mean: 317.2726368159204
gen: 73 best: 249.4 mean: 317.52537313432833
gen: 74 best: 249.4 mean: 317.1641791044776
gen: 75 best: 249.4 mean: 318.4582089552239
gen: 76 best: 249.4 mean: 316.5109452736318
gen: 77 best: 249.4 mean: 317.04278606965175
gen: 78 best: 249.4 mean: 317.3646766169154
gen: 79 best: 249.4 mean: 318.07014925373136
gen: 80 best: 249.4 mean: 316.22487562189053
gen: 81 best: 249.4 mean: 316.63084577114427
gen: 82 best: 249.4 mean: 316.9044776119403
gen: 83 best: 249.4 mean: 317.47910447761194
gen: 84 best: 249.4 mean: 317.36019900497513
gen: 85 best: 249.4 mean: 315.8955223880597
gen: 86 best: 249.4 mean: 316.70597014925374
gen: 87 best: 249.4 mean: 315.94228855721394
gen: 88 best: 249.4 mean: 316.38756218905473
gen: 89 best: 249.4 mean: 316.85273631840795
gen: 90 best: 249.4 mean: 315.62139303482587
gen: 91 best: 249.4 mean: 314.1094527363184
gen: 92 best: 249.4 mean: 315.644776119403
gen: 93 best: 249.4 mean: 315.807960199005
gen: 94 best: 249.4 mean: 316.18457711442784
gen: 95 best: 249.4 mean: 314.01940298507463
gen: 96 best: 249.4 mean: 314.1810945273632
gen: 97 best: 249.4 mean: 314.9731343283582
gen >98, new best = 243.900
gen: 98 best: 243.9 mean: 314.5417910447761
gen: 99 best: 243.9 mean: 315.0328358208955
[8, 8, 9, 9, 11, 9, 8, 9, 8, 9, 10, 9, 9, 8, 9, 9, 10, 8, 10, 8, 9, 9, 9, 9, 9, 9, 9, 9, 10, 9, 9, 9, 9, 12, 9, 8, 9, 9, 9, 9, 9, 9, 9, 9, 11]
Test count of edges: 1536
cat
