Defaulting to user installation because normal site-packages is not writeable
Looking in links: /cvmfs/soft.computecanada.ca/custom/python/wheelhouse/gentoo/avx2, /cvmfs/soft.computecanada.ca/custom/python/wheelhouse/gentoo/generic, /cvmfs/soft.computecanada.ca/custom/python/wheelhouse/generic
Requirement already satisfied: graphviz in /home/js17sy/.local/lib/python3.10/site-packages (0.20)
41; python ga.py 18 512N_graph18.dat 0.025 0.01 0.5 0.7 0.3 201 512N_graph18strictgen2rem50_ 314171
/project/6008788/js17sy/reopenga/512c/ga.py:291: DeprecationWarning: Sampling from a set deprecated
since Python 3.9 and will be removed in a subsequent version.
  child1 = set(random.sample(
gen >0, new best = 303.100
gen >0, new best = 295.700
gen >0, new best = 293.500
gen >0, new best = 276.300
gen >0, new best = 274.000
gen: 0 best: 274.0 mean: 309.23258706467664
gen >1, new best = 267.100
gen: 1 best: 267.1 mean: 308.8363184079602
gen: 2 best: 267.1 mean: 307.2233830845771
gen: 3 best: 267.1 mean: 307.344776119403
gen >4, new best = 266.400
gen >4, new best = 248.400
gen: 4 best: 248.4 mean: 306.981592039801
gen: 5 best: 248.4 mean: 305.91840796019903
gen: 6 best: 248.4 mean: 307.2870646766169
gen: 7 best: 248.4 mean: 306.0169154228856
gen: 8 best: 248.4 mean: 306.79751243781095
gen: 9 best: 248.4 mean: 305.63980099502487
gen: 10 best: 248.4 mean: 304.4945273631841
gen: 11 best: 248.4 mean: 304.4651741293532
gen: 12 best: 248.4 mean: 302.73880597014926
gen: 13 best: 248.4 mean: 304.0199004975124
gen: 14 best: 248.4 mean: 303.9497512437811
gen >15, new best = 244.400
gen: 15 best: 244.4 mean: 300.9338308457711
gen: 16 best: 244.4 mean: 302.426368159204
gen: 17 best: 244.4 mean: 301.6960199004975
gen >18, new best = 242.900
gen: 18 best: 242.9 mean: 299.76069651741295
gen: 19 best: 242.9 mean: 301.2945273631841
gen: 20 best: 242.9 mean: 299.78656716417913
gen >21, new best = 238.500
gen: 21 best: 238.5 mean: 301.36169154228855
gen >22, new best = 234.500
gen: 22 best: 234.5 mean: 299.0139303482587
gen: 23 best: 234.5 mean: 299.50199004975127
gen: 24 best: 234.5 mean: 298.29800995024874
gen: 25 best: 234.5 mean: 297.3258706467662
gen: 26 best: 234.5 mean: 297.43532338308455
gen: 27 best: 234.5 mean: 298.0855721393035
gen: 28 best: 234.5 mean: 298.5407960199005
gen: 29 best: 234.5 mean: 296.50248756218906
gen >30, new best = 233.400
gen: 30 best: 233.4 mean: 296.9985074626866
gen: 31 best: 233.4 mean: 296.2681592039801
gen: 32 best: 233.4 mean: 295.75522388059704
gen: 33 best: 233.4 mean: 295.0805970149254
gen: 34 best: 233.4 mean: 294.34875621890546
gen: 35 best: 233.4 mean: 295.0567164179104
gen: 36 best: 233.4 mean: 294.5074626865672
gen: 37 best: 233.4 mean: 294.5582089552239
gen: 38 best: 233.4 mean: 294.0164179104478
gen: 39 best: 233.4 mean: 293.2761194029851
gen: 40 best: 233.4 mean: 293.7323383084577
gen: 41 best: 233.4 mean: 293.77014925373135
gen: 42 best: 233.4 mean: 291.48258706467664
gen: 43 best: 233.4 mean: 292.50796019900497
gen: 44 best: 233.4 mean: 291.0636815920398
gen: 45 best: 233.4 mean: 291.0825870646766
gen: 46 best: 233.4 mean: 290.9681592039801
gen: 47 best: 233.4 mean: 289.3492537313433
gen: 48 best: 233.4 mean: 289.7676616915423
gen: 49 best: 233.4 mean: 288.50646766169154
gen >50, new best = 222.200
gen: 50 best: 222.2 mean: 289.26119402985074
gen: 51 best: 222.2 mean: 289.54328358208954
gen: 52 best: 222.2 mean: 290.18358208955226
gen: 53 best: 222.2 mean: 287.8905472636816
gen: 54 best: 222.2 mean: 288.844776119403
gen: 55 best: 222.2 mean: 287.01044776119403
gen: 56 best: 222.2 mean: 287.5233830845771
gen: 57 best: 222.2 mean: 287.90597014925373
gen: 58 best: 222.2 mean: 286.02537313432833
gen: 59 best: 222.2 mean: 287.5049751243781
gen: 60 best: 222.2 mean: 286.84179104477613
gen: 61 best: 222.2 mean: 285.5781094527363
gen: 62 best: 222.2 mean: 286.79402985074626
gen: 63 best: 222.2 mean: 285.74328358208953
gen: 64 best: 222.2 mean: 284.95174129353234
gen: 65 best: 222.2 mean: 285.31243781094526
gen: 66 best: 222.2 mean: 284.52636815920397
gen: 67 best: 222.2 mean: 284.84527363184077
gen: 68 best: 222.2 mean: 283.6119402985075
gen: 69 best: 222.2 mean: 284.2825870646766
gen: 70 best: 222.2 mean: 284.38557213930346
gen >71, new best = 217.100
gen: 71 best: 217.1 mean: 282.3726368159204
gen: 72 best: 217.1 mean: 283.9283582089552
gen: 73 best: 217.1 mean: 284.173631840796
gen: 74 best: 217.1 mean: 284.09253731343284
gen: 75 best: 217.1 mean: 282.7636815920398
gen: 76 best: 217.1 mean: 282.7044776119403
gen: 77 best: 217.1 mean: 282.75522388059704
gen: 78 best: 217.1 mean: 282.41094527363185
gen: 79 best: 217.1 mean: 281.8915422885572
gen: 80 best: 217.1 mean: 282.48407960199006
gen: 81 best: 217.1 mean: 281.34726368159204
gen: 82 best: 217.1 mean: 280.26965174129356
gen: 83 best: 217.1 mean: 281.7398009950249
gen: 84 best: 217.1 mean: 280.8820895522388
gen: 85 best: 217.1 mean: 282.1154228855721
gen: 86 best: 217.1 mean: 280.76069651741295
gen: 87 best: 217.1 mean: 280.3676616915423
gen: 88 best: 217.1 mean: 280.0696517412935
gen: 89 best: 217.1 mean: 280.79353233830847
gen: 90 best: 217.1 mean: 281.76467661691544
gen: 91 best: 217.1 mean: 280.1796019900498
gen: 92 best: 217.1 mean: 279.4338308457711
gen: 93 best: 217.1 mean: 280.8223880597015
gen: 94 best: 217.1 mean: 279.8313432835821
gen: 95 best: 217.1 mean: 280.79353233830847
gen: 96 best: 217.1 mean: 280.12935323383084
gen: 97 best: 217.1 mean: 279.14328358208957
gen: 98 best: 217.1 mean: 278.85671641791043
gen: 99 best: 217.1 mean: 279.6059701492537
[10, 14, 11, 13, 13, 10, 10, 10, 10, 13, 14, 10, 10, 9, 14, 9, 9, 10, 9, 11, 13, 10, 10, 11, 10, 13, 12, 9, 11, 14, 10, 11, 15, 10, 10, 10, 9, 11, 11, 9, 12, 11, 12, 9, 11, 11, 11]
Test count of edges: 1546
cat
