Defaulting to user installation because normal site-packages is not writeable
Looking in links: /cvmfs/soft.computecanada.ca/custom/python/wheelhouse/gentoo/avx2, /cvmfs/soft.computecanada.ca/custom/python/wheelhouse/gentoo/generic, /cvmfs/soft.computecanada.ca/custom/python/wheelhouse/generic
Requirement already satisfied: graphviz in /home/js17sy/.local/lib/python3.10/site-packages (0.20)
483; python ga.py 18 512N_graph18.dat 0.075 0.03 0.7 0.7 0.3 201 512N_graph18laxgen2rem70_ 85683
/project/6008788/js17sy/reopenga/512c/ga.py:291: DeprecationWarning: Sampling from a set deprecated
since Python 3.9 and will be removed in a subsequent version.
  child1 = set(random.sample(
gen >0, new best = 307.700
gen >0, new best = 303.900
gen >0, new best = 291.500
gen >0, new best = 286.900
gen >0, new best = 286.400
gen >0, new best = 271.200
gen: 0 best: 271.2 mean: 324.2825870646766
gen: 1 best: 271.2 mean: 321.77064676616914
gen >2, new best = 270.700
gen >2, new best = 263.100
gen: 2 best: 263.1 mean: 321.87064676616916
gen >3, new best = 236.700
gen: 3 best: 236.7 mean: 317.56318407960197
gen: 4 best: 236.7 mean: 316.6194029850746
gen: 5 best: 236.7 mean: 315.5422885572139
gen: 6 best: 236.7 mean: 313.547263681592
gen: 7 best: 236.7 mean: 311.9308457711443
gen: 8 best: 236.7 mean: 311.9965174129353
gen: 9 best: 236.7 mean: 307.5477611940299
gen: 10 best: 236.7 mean: 308.15820895522387
gen: 11 best: 236.7 mean: 307.80646766169156
gen: 12 best: 236.7 mean: 306.2960199004975
gen: 13 best: 236.7 mean: 305.9273631840796
gen: 14 best: 236.7 mean: 303.928855721393
gen: 15 best: 236.7 mean: 300.9955223880597
gen: 16 best: 236.7 mean: 301.4223880597015
gen: 17 best: 236.7 mean: 301.53980099502485
gen: 18 best: 236.7 mean: 297.87014925373137
gen: 19 best: 236.7 mean: 296.8089552238806
gen >20, new best = 221.700
gen: 20 best: 221.7 mean: 296.728855721393
gen: 21 best: 221.7 mean: 298.0462686567164
gen: 22 best: 221.7 mean: 296.02039800995027
gen: 23 best: 221.7 mean: 295.4049751243781
gen: 24 best: 221.7 mean: 294.8039800995025
gen: 25 best: 221.7 mean: 294.64378109452736
gen: 26 best: 221.7 mean: 292.8636815920398
gen: 27 best: 221.7 mean: 292.344776119403
gen: 28 best: 221.7 mean: 295.33980099502486
gen: 29 best: 221.7 mean: 295.74278606965174
gen: 30 best: 221.7 mean: 291.018407960199
gen >31, new best = 220.400
gen: 31 best: 220.4 mean: 291.7054726368159
gen: 32 best: 220.4 mean: 293.37661691542286
gen: 33 best: 220.4 mean: 290.5507462686567
gen: 34 best: 220.4 mean: 290.80348258706465
gen: 35 best: 220.4 mean: 290.07064676616915
gen: 36 best: 220.4 mean: 289.36567164179104
gen: 37 best: 220.4 mean: 288.8975124378109
gen: 38 best: 220.4 mean: 286.80646766169156
gen: 39 best: 220.4 mean: 287.3238805970149
gen: 40 best: 220.4 mean: 285.0820895522388
gen: 41 best: 220.4 mean: 286.6825870646766
gen: 42 best: 220.4 mean: 286.64925373134326
gen: 43 best: 220.4 mean: 287.22089552238805
gen: 44 best: 220.4 mean: 285.7228855721393
gen: 45 best: 220.4 mean: 284.12587064676615
gen: 46 best: 220.4 mean: 285.29402985074626
gen: 47 best: 220.4 mean: 286.1825870646766
gen: 48 best: 220.4 mean: 284.73880597014926
gen: 49 best: 220.4 mean: 283.83930348258707
gen: 50 best: 220.4 mean: 283.4089552238806
gen: 51 best: 220.4 mean: 284.8940298507463
gen: 52 best: 220.4 mean: 284.40149253731346
gen: 53 best: 220.4 mean: 283.96567164179106
gen: 54 best: 220.4 mean: 283.9273631840796
gen: 55 best: 220.4 mean: 284.35273631840795
gen: 56 best: 220.4 mean: 284.35223880597016
gen: 57 best: 220.4 mean: 283.3547263681592
gen: 58 best: 220.4 mean: 283.08407960199
gen >59, new best = 204.500
gen: 59 best: 204.5 mean: 282.3905472636816
gen: 60 best: 204.5 mean: 284.0049751243781
gen: 61 best: 204.5 mean: 283.61442786069654
gen: 62 best: 204.5 mean: 281.5691542288557
gen: 63 best: 204.5 mean: 281.08159203980097
gen: 64 best: 204.5 mean: 281.12537313432836
gen: 65 best: 204.5 mean: 280.5169154228856
gen: 66 best: 204.5 mean: 280.1174129353234
gen: 67 best: 204.5 mean: 279.10348258706466
gen: 68 best: 204.5 mean: 282.6169154228856
gen: 69 best: 204.5 mean: 281.90248756218904
gen: 70 best: 204.5 mean: 278.3313432835821
gen: 71 best: 204.5 mean: 281.4686567164179
gen: 72 best: 204.5 mean: 281.23034825870644
gen: 73 best: 204.5 mean: 281.6611940298507
gen: 74 best: 204.5 mean: 279.2089552238806
gen: 75 best: 204.5 mean: 279.45671641791046
gen: 76 best: 204.5 mean: 277.59253731343284
gen: 77 best: 204.5 mean: 278.1363184079602
gen: 78 best: 204.5 mean: 278.80497512437813
gen: 79 best: 204.5 mean: 278.0751243781095
gen: 80 best: 204.5 mean: 279.2860696517413
gen: 81 best: 204.5 mean: 280.0502487562189
gen: 82 best: 204.5 mean: 281.0179104477612
gen: 83 best: 204.5 mean: 278.5094527363184
gen: 84 best: 204.5 mean: 276.93283582089555
gen: 85 best: 204.5 mean: 279.40398009950246
gen: 86 best: 204.5 mean: 277.9034825870647
gen: 87 best: 204.5 mean: 277.14029850746266
gen: 88 best: 204.5 mean: 278.19303482587065
gen: 89 best: 204.5 mean: 279.1502487562189
gen: 90 best: 204.5 mean: 278.9373134328358
gen: 91 best: 204.5 mean: 279.2746268656716
gen: 92 best: 204.5 mean: 279.69353233830844
gen: 93 best: 204.5 mean: 277.36716417910446
gen: 94 best: 204.5 mean: 277.4850746268657
gen: 95 best: 204.5 mean: 278.6313432835821
gen: 96 best: 204.5 mean: 279.02039800995027
gen: 97 best: 204.5 mean: 280.19751243781093
gen: 98 best: 204.5 mean: 279.06517412935324
gen: 99 best: 204.5 mean: 279.10646766169157
[7, 8, 7, 7, 8, 7, 8, 8, 8, 7, 7, 8, 8, 8, 7, 8, 9, 9, 10, 7, 8, 8, 8, 10, 10, 8, 8, 8, 8, 8, 7, 8, 8, 9, 8, 7, 7, 7, 8, 8, 7, 9, 9, 7, 7, 8, 8]
Test count of edges: 933
cat
