Defaulting to user installation because normal site-packages is not writeable
Looking in links: /cvmfs/soft.computecanada.ca/custom/python/wheelhouse/gentoo/avx2, /cvmfs/soft.computecanada.ca/custom/python/wheelhouse/gentoo/generic, /cvmfs/soft.computecanada.ca/custom/python/wheelhouse/generic
Requirement already satisfied: graphviz in /home/js17sy/.local/lib/python3.10/site-packages (0.20)
347; python ga.py 18 512N_graph18.dat 0.05 0.02 0.7 0.9 0.1 201 512N_graph18mediumgen3rem70_ 485537
/project/6008788/js17sy/reopenga/512c/ga.py:291: DeprecationWarning: Sampling from a set deprecated
since Python 3.9 and will be removed in a subsequent version.
  child1 = set(random.sample(
gen >0, new best = 312.600
gen >0, new best = 271.500
gen >0, new best = 264.600
gen >0, new best = 238.100
gen: 0 best: 238.1 mean: 325.02512437810947
gen >1, new best = 237.800
gen: 1 best: 237.8 mean: 318.2199004975124
gen: 2 best: 237.8 mean: 317.4268656716418
gen: 3 best: 237.8 mean: 314.5144278606965
gen: 4 best: 237.8 mean: 313.6318407960199
gen >5, new best = 231.900
gen: 5 best: 231.9 mean: 312.3457711442786
gen >6, new best = 228.100
gen: 6 best: 228.1 mean: 307.3452736318408
gen: 7 best: 228.1 mean: 308.4398009950249
gen >8, new best = 223.000
gen: 8 best: 223.0 mean: 303.1462686567164
gen: 9 best: 223.0 mean: 301.4248756218905
gen: 10 best: 223.0 mean: 299.33233830845774
gen: 11 best: 223.0 mean: 297.2378109452736
gen: 12 best: 223.0 mean: 289.8099502487562
gen: 13 best: 223.0 mean: 289.4860696517413
gen: 14 best: 223.0 mean: 288.06716417910445
gen >15, new best = 215.100
gen: 15 best: 215.1 mean: 287.3955223880597
gen: 16 best: 215.1 mean: 284.7855721393035
gen: 17 best: 215.1 mean: 281.9562189054726
gen: 18 best: 215.1 mean: 281.981592039801
gen: 19 best: 215.1 mean: 282.0716417910448
gen >20, new best = 200.500
gen: 20 best: 200.5 mean: 279.089552238806
gen: 21 best: 200.5 mean: 279.11144278606963
gen: 22 best: 200.5 mean: 277.7512437810945
gen: 23 best: 200.5 mean: 275.51592039800994
gen: 24 best: 200.5 mean: 275.1641791044776
gen: 25 best: 200.5 mean: 275.46119402985073
gen: 26 best: 200.5 mean: 274.89850746268655
gen: 27 best: 200.5 mean: 272.9492537313433
gen: 28 best: 200.5 mean: 271.4910447761194
gen: 29 best: 200.5 mean: 272.1771144278607
gen: 30 best: 200.5 mean: 270.99203980099503
gen: 31 best: 200.5 mean: 269.6412935323383
gen: 32 best: 200.5 mean: 269.63432835820896
gen: 33 best: 200.5 mean: 269.4547263681592
gen >34, new best = 181.600
gen: 34 best: 181.6 mean: 267.5328358208955
gen: 35 best: 181.6 mean: 269.6537313432836
gen: 36 best: 181.6 mean: 267.5955223880597
gen: 37 best: 181.6 mean: 268.155223880597
gen: 38 best: 181.6 mean: 265.97512437810946
gen: 39 best: 181.6 mean: 265.9721393034826
gen: 40 best: 181.6 mean: 263.2592039800995
gen: 41 best: 181.6 mean: 266.20995024875623
gen: 42 best: 181.6 mean: 264.70248756218905
gen: 43 best: 181.6 mean: 261.13084577114427
gen: 44 best: 181.6 mean: 261.2542288557214
gen: 45 best: 181.6 mean: 260.9950248756219
gen: 46 best: 181.6 mean: 260.8845771144279
gen: 47 best: 181.6 mean: 260.7960199004975
gen: 48 best: 181.6 mean: 259.63980099502487
gen: 49 best: 181.6 mean: 261.65124378109454
gen: 50 best: 181.6 mean: 259.52835820895524
gen: 51 best: 181.6 mean: 258.1641791044776
gen: 52 best: 181.6 mean: 256.74278606965174
gen: 53 best: 181.6 mean: 259.29800995024874
gen: 54 best: 181.6 mean: 256.41094527363185
gen: 55 best: 181.6 mean: 259.5258706467662
gen: 56 best: 181.6 mean: 258.3273631840796
gen: 57 best: 181.6 mean: 256.5134328358209
gen: 58 best: 181.6 mean: 256.3830845771144
gen: 59 best: 181.6 mean: 256.0880597014925
gen: 60 best: 181.6 mean: 255.5129353233831
gen: 61 best: 181.6 mean: 258.37810945273634
gen: 62 best: 181.6 mean: 256.49900497512436
gen: 63 best: 181.6 mean: 256.82537313432834
gen: 64 best: 181.6 mean: 256.18009950248756
gen: 65 best: 181.6 mean: 254.66069651741293
gen: 66 best: 181.6 mean: 257.17462686567166
gen: 67 best: 181.6 mean: 255.9636815920398
gen: 68 best: 181.6 mean: 254.82885572139304
gen: 69 best: 181.6 mean: 254.481592039801
gen: 70 best: 181.6 mean: 253.62537313432836
gen: 71 best: 181.6 mean: 252.71741293532338
gen: 72 best: 181.6 mean: 254.95920398009952
gen: 73 best: 181.6 mean: 253.88059701492537
gen >74, new best = 174.600
gen: 74 best: 174.6 mean: 250.7905472636816
gen: 75 best: 174.6 mean: 252.544776119403
gen: 76 best: 174.6 mean: 253.42935323383085
gen: 77 best: 174.6 mean: 253.86616915422886
gen: 78 best: 174.6 mean: 254.26517412935323
gen: 79 best: 174.6 mean: 252.13084577114427
gen: 80 best: 174.6 mean: 253.09004975124378
gen: 81 best: 174.6 mean: 251.57363184079603
gen: 82 best: 174.6 mean: 251.91343283582088
gen: 83 best: 174.6 mean: 251.7646766169154
gen: 84 best: 174.6 mean: 251.4273631840796
gen: 85 best: 174.6 mean: 254.08955223880596
gen: 86 best: 174.6 mean: 252.50348258706467
gen: 87 best: 174.6 mean: 250.10945273631842
gen: 88 best: 174.6 mean: 250.0174129353234
gen: 89 best: 174.6 mean: 251.00348258706467
gen: 90 best: 174.6 mean: 252.11044776119402
gen: 91 best: 174.6 mean: 250.15522388059702
gen: 92 best: 174.6 mean: 253.2955223880597
gen: 93 best: 174.6 mean: 251.40995024875622
gen: 94 best: 174.6 mean: 250.23582089552238
gen: 95 best: 174.6 mean: 251.54378109452736
gen: 96 best: 174.6 mean: 251.11542288557214
gen: 97 best: 174.6 mean: 251.51940298507463
gen: 98 best: 174.6 mean: 250.58955223880596
gen: 99 best: 174.6 mean: 249.78955223880598
[8, 8, 8, 8, 8, 9, 12, 9, 10, 8, 8, 8, 8, 7, 10, 10, 7, 8, 9, 7, 8, 9, 8, 8, 9, 8, 9, 8, 8, 8, 11, 8, 8, 8, 10, 8, 9, 9, 9, 10, 8, 8, 7, 9, 9, 8]
Test count of edges: 925
cat
