Defaulting to user installation because normal site-packages is not writeable
Looking in links: /cvmfs/soft.computecanada.ca/custom/python/wheelhouse/gentoo/avx2, /cvmfs/soft.computecanada.ca/custom/python/wheelhouse/gentoo/generic, /cvmfs/soft.computecanada.ca/custom/python/wheelhouse/generic
Requirement already satisfied: graphviz in /home/js17sy/.local/lib/python3.10/site-packages (0.20)
402; python ga.py 18 512N_graph18.dat 0.075 0.03 0.5 0.7 0.3 201 512N_graph18laxgen2rem50_ 342732
/project/6008788/js17sy/reopenga/512c/ga.py:291: DeprecationWarning: Sampling from a set deprecated
since Python 3.9 and will be removed in a subsequent version.
  child1 = set(random.sample(
gen >0, new best = 343.800
gen >0, new best = 337.600
gen >0, new best = 336.300
gen >0, new best = 312.000
gen >0, new best = 297.700
gen >0, new best = 296.500
gen: 0 best: 296.5 mean: 338.11169154228855
gen: 1 best: 296.5 mean: 339.37064676616916
gen: 2 best: 296.5 mean: 338.5950248756219
gen >3, new best = 295.500
gen: 3 best: 295.5 mean: 335.9706467661692
gen: 4 best: 295.5 mean: 337.81194029850747
gen: 5 best: 295.5 mean: 337.0054726368159
gen: 6 best: 295.5 mean: 334.61044776119405
gen >7, new best = 280.800
gen >7, new best = 275.100
gen: 7 best: 275.1 mean: 335.25671641791047
gen: 8 best: 275.1 mean: 334.85074626865674
gen: 9 best: 275.1 mean: 334.0855721393035
gen: 10 best: 275.1 mean: 332.39353233830843
gen: 11 best: 275.1 mean: 333.0731343283582
gen >12, new best = 265.300
gen: 12 best: 265.3 mean: 331.24477611940296
gen >13, new best = 258.900
gen: 13 best: 258.9 mean: 330.66169154228857
gen: 14 best: 258.9 mean: 332.0497512437811
gen: 15 best: 258.9 mean: 329.5189054726368
gen: 16 best: 258.9 mean: 329.8502487562189
gen: 17 best: 258.9 mean: 329.7323383084577
gen >18, new best = 247.900
gen: 18 best: 247.9 mean: 329.48805970149255
gen: 19 best: 247.9 mean: 330.6278606965174
gen: 20 best: 247.9 mean: 329.30646766169156
gen: 21 best: 247.9 mean: 327.6945273631841
gen: 22 best: 247.9 mean: 329.0995024875622
gen: 23 best: 247.9 mean: 326.68059701492535
gen: 24 best: 247.9 mean: 325.9029850746269
gen: 25 best: 247.9 mean: 327.4965174129353
gen: 26 best: 247.9 mean: 326.6333333333333
gen >27, new best = 246.300
gen: 27 best: 246.3 mean: 325.8273631840796
gen: 28 best: 246.3 mean: 325.1268656716418
gen: 29 best: 246.3 mean: 325.6039800995025
gen: 30 best: 246.3 mean: 324.8318407960199
gen: 31 best: 246.3 mean: 324.35223880597016
gen: 32 best: 246.3 mean: 324.307960199005
gen: 33 best: 246.3 mean: 325.0094527363184
gen: 34 best: 246.3 mean: 323.6810945273632
gen: 35 best: 246.3 mean: 323.5965174129353
gen: 36 best: 246.3 mean: 323.16218905472635
gen: 37 best: 246.3 mean: 324.58308457711445
gen: 38 best: 246.3 mean: 324.51044776119403
gen: 39 best: 246.3 mean: 324.19751243781093
gen: 40 best: 246.3 mean: 322.63980099502487
gen: 41 best: 246.3 mean: 324.52487562189054
gen: 42 best: 246.3 mean: 323.5044776119403
gen: 43 best: 246.3 mean: 321.61442786069654
gen: 44 best: 246.3 mean: 322.5383084577114
gen: 45 best: 246.3 mean: 322.39800995024876
gen: 46 best: 246.3 mean: 321.5199004975124
gen: 47 best: 246.3 mean: 321.54875621890545
gen: 48 best: 246.3 mean: 321.65671641791045
gen: 49 best: 246.3 mean: 321.6467661691542
gen: 50 best: 246.3 mean: 321.65472636815923
gen: 51 best: 246.3 mean: 321.755223880597
gen: 52 best: 246.3 mean: 320.9636815920398
gen: 53 best: 246.3 mean: 320.49900497512436
gen: 54 best: 246.3 mean: 320.2855721393035
gen: 55 best: 246.3 mean: 320.4686567164179
gen: 56 best: 246.3 mean: 322.0965174129353
gen: 57 best: 246.3 mean: 319.4582089552239
gen: 58 best: 246.3 mean: 319.55174129353236
gen: 59 best: 246.3 mean: 321.20746268656717
gen: 60 best: 246.3 mean: 319.8805970149254
gen: 61 best: 246.3 mean: 319.9965174129353
gen: 62 best: 246.3 mean: 320.8223880597015
gen: 63 best: 246.3 mean: 319.7587064676617
gen: 64 best: 246.3 mean: 320.6
gen: 65 best: 246.3 mean: 320.5965174129353
gen: 66 best: 246.3 mean: 318.6233830845771
gen: 67 best: 246.3 mean: 319.9870646766169
gen: 68 best: 246.3 mean: 320.1273631840796
gen: 69 best: 246.3 mean: 319.65273631840796
gen: 70 best: 246.3 mean: 318.9213930348259
gen: 71 best: 246.3 mean: 318.9597014925373
gen: 72 best: 246.3 mean: 319.1353233830846
gen: 73 best: 246.3 mean: 318.3402985074627
gen: 74 best: 246.3 mean: 318.07412935323384
gen: 75 best: 246.3 mean: 316.9452736318408
gen: 76 best: 246.3 mean: 317.69502487562187
gen: 77 best: 246.3 mean: 316.95174129353234
gen: 78 best: 246.3 mean: 318.24228855721395
gen: 79 best: 246.3 mean: 318.18756218905474
gen: 80 best: 246.3 mean: 318.2955223880597
gen: 81 best: 246.3 mean: 317.40696517412937
gen: 82 best: 246.3 mean: 316.3860696517413
gen: 83 best: 246.3 mean: 317.1781094527363
gen: 84 best: 246.3 mean: 316.62388059701493
gen: 85 best: 246.3 mean: 317.40796019900495
gen: 86 best: 246.3 mean: 317.44378109452737
gen: 87 best: 246.3 mean: 318.35621890547264
gen: 88 best: 246.3 mean: 318.12985074626863
gen: 89 best: 246.3 mean: 316.2820895522388
gen: 90 best: 246.3 mean: 317.28507462686565
gen: 91 best: 246.3 mean: 316.5223880597015
gen: 92 best: 246.3 mean: 316.7144278606965
gen: 93 best: 246.3 mean: 316.03930348258706
gen: 94 best: 246.3 mean: 316.98109452736315
gen: 95 best: 246.3 mean: 315.22587064676617
gen: 96 best: 246.3 mean: 317.1537313432836
gen: 97 best: 246.3 mean: 315.77014925373135
gen >98, new best = 226.900
gen: 98 best: 226.9 mean: 315.63283582089554
gen: 99 best: 226.9 mean: 314.7855721393035
[8, 9, 8, 10, 8, 9, 8, 8, 8, 9, 10, 9, 8, 8, 8, 10, 10, 8, 10, 8, 8, 10, 11, 9, 9, 10, 9, 9, 9, 13, 9, 8, 8, 8, 9, 12, 9, 8, 11, 8, 10, 8, 11, 9, 9, 10]
Test count of edges: 1553
cat
