Defaulting to user installation because normal site-packages is not writeable
Looking in links: /cvmfs/soft.computecanada.ca/custom/python/wheelhouse/gentoo/avx2, /cvmfs/soft.computecanada.ca/custom/python/wheelhouse/gentoo/generic, /cvmfs/soft.computecanada.ca/custom/python/wheelhouse/generic
Requirement already satisfied: graphviz in /home/js17sy/.local/lib/python3.10/site-packages (0.20)
184; python ga.py 18 512N_graph18.dat 0.05 0.02 0.5 0.5 0.5 201 512N_graph18mediumgen1rem50_ 114244
/project/6008788/js17sy/reopenga/512c/ga.py:291: DeprecationWarning: Sampling from a set deprecated
since Python 3.9 and will be removed in a subsequent version.
  child1 = set(random.sample(
gen >0, new best = 324.300
gen >0, new best = 321.900
gen >0, new best = 318.200
gen >0, new best = 318.100
gen >0, new best = 317.100
gen >0, new best = 314.500
gen >0, new best = 302.600
gen >0, new best = 295.100
gen >0, new best = 286.000
gen: 0 best: 286.0 mean: 323.4308457711443
gen >1, new best = 276.800
gen: 1 best: 276.8 mean: 322.51194029850745
gen >2, new best = 275.900
gen: 2 best: 275.9 mean: 321.4248756218905
gen: 3 best: 275.9 mean: 321.81641791044774
gen: 4 best: 275.9 mean: 321.74228855721395
gen: 5 best: 275.9 mean: 319.1283582089552
gen: 6 best: 275.9 mean: 320.33930348258707
gen: 7 best: 275.9 mean: 318.99402985074624
gen: 8 best: 275.9 mean: 319.11293532338306
gen: 9 best: 275.9 mean: 316.62537313432836
gen >10, new best = 252.000
gen: 10 best: 252.0 mean: 316.43880597014925
gen: 11 best: 252.0 mean: 316.8865671641791
gen: 12 best: 252.0 mean: 316.84776119402983
gen: 13 best: 252.0 mean: 317.0805970149254
gen: 14 best: 252.0 mean: 315.2129353233831
gen: 15 best: 252.0 mean: 316.57960199004975
gen: 16 best: 252.0 mean: 315.4995024875622
gen: 17 best: 252.0 mean: 315.2487562189055
gen: 18 best: 252.0 mean: 315.0268656716418
gen: 19 best: 252.0 mean: 315.9452736318408
gen: 20 best: 252.0 mean: 315.1094527363184
gen: 21 best: 252.0 mean: 314.8004975124378
gen: 22 best: 252.0 mean: 314.0626865671642
gen: 23 best: 252.0 mean: 314.7532338308458
gen: 24 best: 252.0 mean: 313.3606965174129
gen: 25 best: 252.0 mean: 312.99900497512436
gen: 26 best: 252.0 mean: 313.3139303482587
gen: 27 best: 252.0 mean: 314.2124378109453
gen: 28 best: 252.0 mean: 313.4950248756219
gen >29, new best = 240.000
gen: 29 best: 240.0 mean: 312.8203980099502
gen: 30 best: 240.0 mean: 310.6825870646766
gen: 31 best: 240.0 mean: 311.4084577114428
gen: 32 best: 240.0 mean: 311.44278606965173
gen: 33 best: 240.0 mean: 309.5661691542289
gen: 34 best: 240.0 mean: 309.3054726368159
gen: 35 best: 240.0 mean: 310.4562189054726
gen: 36 best: 240.0 mean: 310.93134328358207
gen: 37 best: 240.0 mean: 311.5149253731343
gen: 38 best: 240.0 mean: 310.33084577114425
gen: 39 best: 240.0 mean: 309.69701492537314
gen: 40 best: 240.0 mean: 309.4303482587065
gen: 41 best: 240.0 mean: 309.4905472636816
gen: 42 best: 240.0 mean: 309.62189054726366
gen: 43 best: 240.0 mean: 308.53333333333336
gen: 44 best: 240.0 mean: 309.2318407960199
gen: 45 best: 240.0 mean: 308.6139303482587
gen: 46 best: 240.0 mean: 309.27014925373135
gen: 47 best: 240.0 mean: 308.8960199004975
gen: 48 best: 240.0 mean: 308.1587064676617
gen: 49 best: 240.0 mean: 308.4542288557214
gen: 50 best: 240.0 mean: 307.5348258706468
gen: 51 best: 240.0 mean: 307.4562189054726
gen: 52 best: 240.0 mean: 307.2641791044776
gen: 53 best: 240.0 mean: 307.48258706467664
gen: 54 best: 240.0 mean: 308.0199004975124
gen: 55 best: 240.0 mean: 306.6955223880597
gen: 56 best: 240.0 mean: 307.2786069651741
gen: 57 best: 240.0 mean: 306.54129353233833
gen: 58 best: 240.0 mean: 308.09303482587063
gen: 59 best: 240.0 mean: 308.5353233830846
gen: 60 best: 240.0 mean: 306.63482587064675
gen: 61 best: 240.0 mean: 306.1059701492537
gen: 62 best: 240.0 mean: 307.381592039801
gen: 63 best: 240.0 mean: 307.29950248756217
gen: 64 best: 240.0 mean: 308.4174129353234
gen: 65 best: 240.0 mean: 307.7228855721393
gen: 66 best: 240.0 mean: 308.78805970149256
gen: 67 best: 240.0 mean: 307.31542288557216
gen >68, new best = 231.000
gen: 68 best: 231.0 mean: 305.83830845771143
gen: 69 best: 231.0 mean: 307.2656716417911
gen: 70 best: 231.0 mean: 306.6044776119403
gen: 71 best: 231.0 mean: 307.2308457711443
gen: 72 best: 231.0 mean: 306.74278606965174
gen: 73 best: 231.0 mean: 307.4875621890547
gen: 74 best: 231.0 mean: 306.0567164179104
gen: 75 best: 231.0 mean: 306.34776119402983
gen: 76 best: 231.0 mean: 306.0776119402985
gen: 77 best: 231.0 mean: 307.10696517412936
gen: 78 best: 231.0 mean: 307.0169154228856
gen: 79 best: 231.0 mean: 307.1482587064677
gen: 80 best: 231.0 mean: 307.747263681592
gen: 81 best: 231.0 mean: 307.33383084577116
gen: 82 best: 231.0 mean: 306.2029850746269
gen: 83 best: 231.0 mean: 306.56666666666666
gen: 84 best: 231.0 mean: 306.50248756218906
gen: 85 best: 231.0 mean: 306.3517412935323
gen: 86 best: 231.0 mean: 305.4950248756219
gen: 87 best: 231.0 mean: 305.4681592039801
gen: 88 best: 231.0 mean: 305.86716417910446
gen: 89 best: 231.0 mean: 306.75522388059704
gen: 90 best: 231.0 mean: 306.47014925373134
gen: 91 best: 231.0 mean: 305.410447761194
gen: 92 best: 231.0 mean: 305.5313432835821
gen: 93 best: 231.0 mean: 306.73830845771147
gen: 94 best: 231.0 mean: 305.8258706467662
gen: 95 best: 231.0 mean: 306.51741293532336
gen >96, new best = 216.700
gen: 96 best: 216.7 mean: 306.4562189054726
gen: 97 best: 216.7 mean: 306.49303482587067
gen: 98 best: 216.7 mean: 306.38009950248755
gen: 99 best: 216.7 mean: 305.9233830845771
[12, 10, 9, 10, 10, 11, 8, 10, 11, 11, 11, 9, 9, 10, 11, 10, 9, 11, 10, 9, 9, 11, 12, 9, 10, 9, 10, 10, 11, 11, 10, 9, 8, 10, 10, 9, 8, 8, 10, 10, 9, 9, 9, 9, 11, 9]
Test count of edges: 1569
cat
