Defaulting to user installation because normal site-packages is not writeable
Looking in links: /cvmfs/soft.computecanada.ca/custom/python/wheelhouse/gentoo/avx2, /cvmfs/soft.computecanada.ca/custom/python/wheelhouse/gentoo/generic, /cvmfs/soft.computecanada.ca/custom/python/wheelhouse/generic
Requirement already satisfied: graphviz in /home/js17sy/.local/lib/python3.10/site-packages (0.20)
630; python ga.py 18 512N_graph18.dat 0.1 0.04 0.5 0.9 0.1 201 512N_graph18leerygen3rem50_ 856830
/project/6008788/js17sy/reopenga/512c/ga.py:291: DeprecationWarning: Sampling from a set deprecated
since Python 3.9 and will be removed in a subsequent version.
  child1 = set(random.sample(
gen >0, new best = 353.900
gen >0, new best = 343.300
gen >0, new best = 334.500
gen >0, new best = 321.400
gen >0, new best = 316.200
gen >0, new best = 282.900
gen: 0 best: 282.9 mean: 350.8089552238806
gen >1, new best = 276.300
gen: 1 best: 276.3 mean: 350.1482587064677
gen: 2 best: 276.3 mean: 349.73731343283583
gen: 3 best: 276.3 mean: 347.1587064676617
gen: 4 best: 276.3 mean: 350.17313432835823
gen: 5 best: 276.3 mean: 348.8537313432836
gen: 6 best: 276.3 mean: 346.6960199004975
gen: 7 best: 276.3 mean: 348.83034825870647
gen: 8 best: 276.3 mean: 347.7597014925373
gen: 9 best: 276.3 mean: 348.25721393034826
gen: 10 best: 276.3 mean: 346.3218905472637
gen: 11 best: 276.3 mean: 347.2034825870647
gen: 12 best: 276.3 mean: 347.66169154228857
gen: 13 best: 276.3 mean: 348.35771144278607
gen: 14 best: 276.3 mean: 347.2069651741294
gen: 15 best: 276.3 mean: 345.78656716417913
gen: 16 best: 276.3 mean: 347.4910447761194
gen: 17 best: 276.3 mean: 344.94378109452737
gen: 18 best: 276.3 mean: 345.32686567164177
gen: 19 best: 276.3 mean: 345.1726368159204
gen: 20 best: 276.3 mean: 343.0626865671642
gen: 21 best: 276.3 mean: 343.663184079602
gen: 22 best: 276.3 mean: 344.72388059701495
gen: 23 best: 276.3 mean: 344.08308457711445
gen: 24 best: 276.3 mean: 342.7621890547264
gen: 25 best: 276.3 mean: 342.03880597014927
gen: 26 best: 276.3 mean: 343.01940298507463
gen: 27 best: 276.3 mean: 343.1910447761194
gen: 28 best: 276.3 mean: 341.8228855721393
gen: 29 best: 276.3 mean: 341.7656716417911
gen: 30 best: 276.3 mean: 342.09850746268654
gen: 31 best: 276.3 mean: 339.6995024875622
gen: 32 best: 276.3 mean: 341.0935323383085
gen: 33 best: 276.3 mean: 340.4308457711443
gen: 34 best: 276.3 mean: 340.35671641791043
gen >35, new best = 276.200
gen: 35 best: 276.2 mean: 339.6353233830846
gen: 36 best: 276.2 mean: 339.7731343283582
gen: 37 best: 276.2 mean: 339.90248756218904
gen: 38 best: 276.2 mean: 339.15124378109454
gen: 39 best: 276.2 mean: 338.80845771144277
gen: 40 best: 276.2 mean: 339.71094527363186
gen: 41 best: 276.2 mean: 338.9835820895522
gen: 42 best: 276.2 mean: 337.6487562189055
gen: 43 best: 276.2 mean: 339.2084577114428
gen: 44 best: 276.2 mean: 339.2268656716418
gen: 45 best: 276.2 mean: 338.12587064676615
gen: 46 best: 276.2 mean: 337.97462686567167
gen: 47 best: 276.2 mean: 338.1850746268657
gen >48, new best = 275.400
gen: 48 best: 275.4 mean: 336.9776119402985
gen: 49 best: 275.4 mean: 337.807960199005
gen: 50 best: 275.4 mean: 337.46965174129355
gen: 51 best: 275.4 mean: 335.2875621890547
gen: 52 best: 275.4 mean: 336.21542288557214
gen: 53 best: 275.4 mean: 335.33930348258707
gen: 54 best: 275.4 mean: 337.01592039800994
gen: 55 best: 275.4 mean: 335.9084577114428
gen: 56 best: 275.4 mean: 335.25373134328356
gen: 57 best: 275.4 mean: 334.7746268656716
gen: 58 best: 275.4 mean: 334.1223880597015
gen: 59 best: 275.4 mean: 335.5477611940299
gen: 60 best: 275.4 mean: 333.8726368159204
gen: 61 best: 275.4 mean: 333.907960199005
gen: 62 best: 275.4 mean: 334.5502487562189
gen: 63 best: 275.4 mean: 334.13830845771145
gen >64, new best = 261.800
gen: 64 best: 261.8 mean: 334.4467661691542
gen: 65 best: 261.8 mean: 333.6820895522388
gen: 66 best: 261.8 mean: 332.7990049751244
gen: 67 best: 261.8 mean: 333.565671641791
gen: 68 best: 261.8 mean: 333.9965174129353
gen: 69 best: 261.8 mean: 333.14726368159205
gen: 70 best: 261.8 mean: 333.3587064676617
gen: 71 best: 261.8 mean: 332.4681592039801
gen: 72 best: 261.8 mean: 332.52437810945275
gen: 73 best: 261.8 mean: 333.2502487562189
gen: 74 best: 261.8 mean: 331.94228855721394
gen: 75 best: 261.8 mean: 332.2860696517413
gen: 76 best: 261.8 mean: 332.6646766169154
gen: 77 best: 261.8 mean: 332.6865671641791
gen: 78 best: 261.8 mean: 331.6134328358209
gen: 79 best: 261.8 mean: 333.2283582089552
gen: 80 best: 261.8 mean: 332.27512437810947
gen: 81 best: 261.8 mean: 332.6094527363184
gen: 82 best: 261.8 mean: 330.7990049751244
gen: 83 best: 261.8 mean: 331.5880597014925
gen: 84 best: 261.8 mean: 332.0766169154229
gen: 85 best: 261.8 mean: 332.1009950248756
gen: 86 best: 261.8 mean: 330.39253731343285
gen: 87 best: 261.8 mean: 331.26268656716417
gen: 88 best: 261.8 mean: 330.52537313432833
gen: 89 best: 261.8 mean: 330.36915422885573
gen: 90 best: 261.8 mean: 329.78905472636814
gen: 91 best: 261.8 mean: 330.4965174129353
gen: 92 best: 261.8 mean: 329.00995024875624
gen: 93 best: 261.8 mean: 329.57960199004975
gen >94, new best = 258.700
gen: 94 best: 258.7 mean: 328.76169154228853
gen: 95 best: 258.7 mean: 329.33830845771143
gen: 96 best: 258.7 mean: 328.3701492537313
gen: 97 best: 258.7 mean: 327.90796019900495
gen: 98 best: 258.7 mean: 327.77412935323383
gen: 99 best: 258.7 mean: 329.3626865671642
[8, 9, 8, 10, 8, 10, 8, 8, 8, 8, 8, 8, 11, 8, 8, 8, 8, 8, 8, 7, 8, 8, 7, 8, 9, 11, 8, 8, 8, 9, 8, 8, 8, 9, 7, 8, 8, 10, 8, 7, 8, 8, 8, 8, 8, 9, 7, 8, 9, 8]
Test count of edges: 1536
cat
