Defaulting to user installation because normal site-packages is not writeable
Looking in links: /cvmfs/soft.computecanada.ca/custom/python/wheelhouse/gentoo/avx2, /cvmfs/soft.computecanada.ca/custom/python/wheelhouse/gentoo/generic, /cvmfs/soft.computecanada.ca/custom/python/wheelhouse/generic
Requirement already satisfied: graphviz in /home/js17sy/.local/lib/python3.10/site-packages (0.20)
491; python ga.py 18 512N_graph18.dat 0.075 0.03 0.7 0.7 0.3 201 512N_graph18laxgen2rem70_ 314171
/project/6008788/js17sy/reopenga/512c/ga.py:291: DeprecationWarning: Sampling from a set deprecated
since Python 3.9 and will be removed in a subsequent version.
  child1 = set(random.sample(
gen >0, new best = 311.900
gen >0, new best = 304.300
gen >0, new best = 299.800
gen >0, new best = 292.900
gen >0, new best = 282.000
gen >0, new best = 278.700
gen >0, new best = 265.200
gen: 0 best: 265.2 mean: 323.1992537313433
gen >1, new best = 257.500
gen: 1 best: 257.5 mean: 324.96218905472637
gen: 2 best: 257.5 mean: 319.99353233830846
gen: 3 best: 257.5 mean: 318.4139303482587
gen: 4 best: 257.5 mean: 317.09800995024875
gen: 5 best: 257.5 mean: 316.0049751243781
gen: 6 best: 257.5 mean: 314.8039800995025
gen >7, new best = 245.400
gen: 7 best: 245.4 mean: 313.63980099502487
gen: 8 best: 245.4 mean: 311.12139303482587
gen: 9 best: 245.4 mean: 309.7238805970149
gen: 10 best: 245.4 mean: 309.9363184079602
gen: 11 best: 245.4 mean: 312.17910447761193
gen: 12 best: 245.4 mean: 309.5726368159204
gen: 13 best: 245.4 mean: 308.747263681592
gen: 14 best: 245.4 mean: 309.10149253731345
gen: 15 best: 245.4 mean: 306.77064676616914
gen: 16 best: 245.4 mean: 305.4835820895522
gen >17, new best = 239.100
gen: 17 best: 239.1 mean: 303.88557213930346
gen: 18 best: 239.1 mean: 303.0238805970149
gen: 19 best: 239.1 mean: 304.53781094527363
gen: 20 best: 239.1 mean: 302.22487562189053
gen: 21 best: 239.1 mean: 299.48855721393033
gen: 22 best: 239.1 mean: 301.04477611940297
gen: 23 best: 239.1 mean: 300.01044776119403
gen: 24 best: 239.1 mean: 299.17910447761193
gen: 25 best: 239.1 mean: 299.02039800995027
gen: 26 best: 239.1 mean: 298.1820895522388
gen: 27 best: 239.1 mean: 298.5855721393035
gen: 28 best: 239.1 mean: 299.36567164179104
gen: 29 best: 239.1 mean: 297.1741293532338
gen: 30 best: 239.1 mean: 297.0492537313433
gen: 31 best: 239.1 mean: 298.12935323383084
gen: 32 best: 239.1 mean: 297.755223880597
gen >33, new best = 237.800
gen: 33 best: 237.8 mean: 296.23333333333335
gen: 34 best: 237.8 mean: 296.77064676616914
gen: 35 best: 237.8 mean: 296.4726368159204
gen: 36 best: 237.8 mean: 295.3696517412935
gen: 37 best: 237.8 mean: 295.1686567164179
gen: 38 best: 237.8 mean: 295.63283582089554
gen: 39 best: 237.8 mean: 294.6333333333333
gen >40, new best = 225.100
gen: 40 best: 225.1 mean: 295.25771144278605
gen: 41 best: 225.1 mean: 294.22437810945274
gen: 42 best: 225.1 mean: 296.53930348258706
gen: 43 best: 225.1 mean: 295.01592039800994
gen: 44 best: 225.1 mean: 294.655223880597
gen: 45 best: 225.1 mean: 294.3865671641791
gen: 46 best: 225.1 mean: 294.28507462686565
gen: 47 best: 225.1 mean: 294.0606965174129
gen: 48 best: 225.1 mean: 295.40199004975125
gen: 49 best: 225.1 mean: 293.9830845771144
gen >50, new best = 222.500
gen: 50 best: 222.5 mean: 293.7228855721393
gen: 51 best: 222.5 mean: 291.87462686567164
gen: 52 best: 222.5 mean: 293.04676616915424
gen: 53 best: 222.5 mean: 292.1363184079602
gen: 54 best: 222.5 mean: 291.89452736318407
gen: 55 best: 222.5 mean: 292.50995024875624
gen: 56 best: 222.5 mean: 290.9124378109453
gen: 57 best: 222.5 mean: 291.3129353233831
gen: 58 best: 222.5 mean: 293.2457711442786
gen: 59 best: 222.5 mean: 290.27213930348256
gen: 60 best: 222.5 mean: 291.44278606965173
gen: 61 best: 222.5 mean: 289.96268656716416
gen: 62 best: 222.5 mean: 291.0502487562189
gen: 63 best: 222.5 mean: 291.20199004975126
gen: 64 best: 222.5 mean: 289.18059701492535
gen: 65 best: 222.5 mean: 289.53731343283584
gen >66, new best = 219.600
gen: 66 best: 219.6 mean: 289.60696517412936
gen: 67 best: 219.6 mean: 289.66616915422884
gen: 68 best: 219.6 mean: 291.39353233830843
gen: 69 best: 219.6 mean: 288.7905472636816
gen: 70 best: 219.6 mean: 287.96218905472637
gen: 71 best: 219.6 mean: 288.08407960199
gen: 72 best: 219.6 mean: 288.8203980099502
gen: 73 best: 219.6 mean: 288.8144278606965
gen: 74 best: 219.6 mean: 288.6666666666667
gen: 75 best: 219.6 mean: 288.0726368159204
gen: 76 best: 219.6 mean: 287.79402985074626
gen: 77 best: 219.6 mean: 286.7910447761194
gen: 78 best: 219.6 mean: 288.34278606965177
gen: 79 best: 219.6 mean: 287.35223880597016
gen: 80 best: 219.6 mean: 287.13283582089554
gen >81, new best = 219.100
gen: 81 best: 219.1 mean: 287.0
gen: 82 best: 219.1 mean: 288.72786069651744
gen: 83 best: 219.1 mean: 285.8422885572139
gen: 84 best: 219.1 mean: 287.6592039800995
gen: 85 best: 219.1 mean: 287.9706467661692
gen: 86 best: 219.1 mean: 288.3915422885572
gen: 87 best: 219.1 mean: 286.72388059701495
gen: 88 best: 219.1 mean: 286.48457711442785
gen: 89 best: 219.1 mean: 287.2820895522388
gen: 90 best: 219.1 mean: 286.25373134328356
gen: 91 best: 219.1 mean: 289.31641791044774
gen: 92 best: 219.1 mean: 286.7840796019901
gen: 93 best: 219.1 mean: 287.78805970149256
gen: 94 best: 219.1 mean: 285.2039800995025
gen: 95 best: 219.1 mean: 289.0402985074627
gen: 96 best: 219.1 mean: 286.0512437810945
gen: 97 best: 219.1 mean: 287.88955223880595
gen: 98 best: 219.1 mean: 286.34328358208955
gen: 99 best: 219.1 mean: 286.8139303482587
[9, 7, 8, 8, 9, 9, 8, 8, 8, 10, 7, 7, 7, 8, 9, 7, 8, 9, 9, 7, 8, 8, 9, 7, 8, 8, 8, 8, 8, 8, 9, 7, 9, 7, 8, 7, 8, 7, 7, 9, 8, 9, 8, 7, 8, 8, 8, 9]
Test count of edges: 942
cat
