Defaulting to user installation because normal site-packages is not writeable
Looking in links: /cvmfs/soft.computecanada.ca/custom/python/wheelhouse/gentoo/avx2, /cvmfs/soft.computecanada.ca/custom/python/wheelhouse/gentoo/generic, /cvmfs/soft.computecanada.ca/custom/python/wheelhouse/generic
Requirement already satisfied: graphviz in /home/js17sy/.local/lib/python3.10/site-packages (0.20)
153; python ga.py 18 512N_graph18.dat 0.025 0.01 0.7 0.9 0.1 201 512N_graph18strictgen3rem70_ 85683
/project/6008788/js17sy/reopenga/512c/ga.py:291: DeprecationWarning: Sampling from a set deprecated
since Python 3.9 and will be removed in a subsequent version.
  child1 = set(random.sample(
gen >0, new best = 281.200
gen >0, new best = 225.900
gen >0, new best = 217.000
gen >0, new best = 216.600
gen: 0 best: 216.6 mean: 296.055223880597
gen: 1 best: 216.6 mean: 294.59751243781096
gen >2, new best = 203.200
gen: 2 best: 203.2 mean: 291.84875621890546
gen: 3 best: 203.2 mean: 288.47910447761194
gen >4, new best = 199.900
gen: 4 best: 199.9 mean: 283.9412935323383
gen >5, new best = 187.800
gen: 5 best: 187.8 mean: 281.86517412935325
gen: 6 best: 187.8 mean: 280.42089552238804
gen >7, new best = 176.200
gen: 7 best: 176.2 mean: 276.481592039801
gen: 8 best: 176.2 mean: 277.04278606965175
gen: 9 best: 176.2 mean: 273.2144278606965
gen: 10 best: 176.2 mean: 273.23930348258705
gen: 11 best: 176.2 mean: 271.1502487562189
gen: 12 best: 176.2 mean: 270.9945273631841
gen: 13 best: 176.2 mean: 267.9268656716418
gen >14, new best = 172.900
gen: 14 best: 172.9 mean: 262.01940298507463
gen: 15 best: 172.9 mean: 267.1427860696517
gen: 16 best: 172.9 mean: 261.3223880597015
gen: 17 best: 172.9 mean: 256.7746268656716
gen: 18 best: 172.9 mean: 260.46965174129355
gen: 19 best: 172.9 mean: 258.4950248756219
gen >20, new best = 169.300
gen: 20 best: 169.3 mean: 253.93084577114428
gen: 21 best: 169.3 mean: 249.89601990049752
gen: 22 best: 169.3 mean: 252.7955223880597
gen >23, new best = 167.600
gen: 23 best: 167.6 mean: 253.4502487562189
gen: 24 best: 167.6 mean: 251.18557213930347
gen: 25 best: 167.6 mean: 250.32636815920398
gen: 26 best: 167.6 mean: 246.81144278606965
gen: 27 best: 167.6 mean: 247.99850746268658
gen: 28 best: 167.6 mean: 245.0452736318408
gen: 29 best: 167.6 mean: 247.62786069651742
gen: 30 best: 167.6 mean: 246.79402985074626
gen: 31 best: 167.6 mean: 241.23532338308456
gen: 32 best: 167.6 mean: 246.80199004975125
gen: 33 best: 167.6 mean: 244.88358208955225
gen: 34 best: 167.6 mean: 242.33283582089553
gen: 35 best: 167.6 mean: 243.81592039800995
gen: 36 best: 167.6 mean: 241.61044776119402
gen: 37 best: 167.6 mean: 240.7910447761194
gen: 38 best: 167.6 mean: 240.76318407960198
gen: 39 best: 167.6 mean: 239.2502487562189
gen: 40 best: 167.6 mean: 238.86069651741295
gen: 41 best: 167.6 mean: 239.15174129353235
gen: 42 best: 167.6 mean: 243.1830845771144
gen: 43 best: 167.6 mean: 238.30199004975125
gen: 44 best: 167.6 mean: 240.2955223880597
gen: 45 best: 167.6 mean: 239.2865671641791
gen: 46 best: 167.6 mean: 237.87064676616916
gen: 47 best: 167.6 mean: 236.26616915422886
gen: 48 best: 167.6 mean: 235.66567164179105
gen: 49 best: 167.6 mean: 233.4731343283582
gen: 50 best: 167.6 mean: 233.64825870646766
gen: 51 best: 167.6 mean: 231.76716417910447
gen: 52 best: 167.6 mean: 229.7278606965174
gen >53, new best = 160.500
gen: 53 best: 160.5 mean: 233.30447761194029
gen >54, new best = 158.100
gen: 54 best: 158.1 mean: 232.38507462686567
gen: 55 best: 158.1 mean: 232.36517412935322
gen: 56 best: 158.1 mean: 233.49303482587064
gen: 57 best: 158.1 mean: 233.30447761194029
gen: 58 best: 158.1 mean: 232.94776119402985
gen: 59 best: 158.1 mean: 231.18457711442787
gen: 60 best: 158.1 mean: 231.3597014925373
gen: 61 best: 158.1 mean: 231.4094527363184
gen: 62 best: 158.1 mean: 229.94278606965173
gen: 63 best: 158.1 mean: 230.27114427860695
gen: 64 best: 158.1 mean: 231.07412935323384
gen: 65 best: 158.1 mean: 232.90796019900498
gen: 66 best: 158.1 mean: 231.30348258706468
gen: 67 best: 158.1 mean: 230.75621890547265
gen: 68 best: 158.1 mean: 225.86716417910446
gen: 69 best: 158.1 mean: 228.8636815920398
gen: 70 best: 158.1 mean: 227.20845771144278
gen: 71 best: 158.1 mean: 229.00646766169154
gen: 72 best: 158.1 mean: 230.2681592039801
gen: 73 best: 158.1 mean: 227.0915422885572
gen: 74 best: 158.1 mean: 225.1830845771144
gen: 75 best: 158.1 mean: 227.9487562189055
gen: 76 best: 158.1 mean: 228.6910447761194
gen: 77 best: 158.1 mean: 228.74427860696517
gen: 78 best: 158.1 mean: 226.22935323383084
gen: 79 best: 158.1 mean: 225.18706467661693
gen: 80 best: 158.1 mean: 228.6318407960199
gen: 81 best: 158.1 mean: 225.6766169154229
gen: 82 best: 158.1 mean: 226.96019900497512
gen: 83 best: 158.1 mean: 227.63084577114427
gen: 84 best: 158.1 mean: 226.68407960199005
gen: 85 best: 158.1 mean: 226.3726368159204
gen: 86 best: 158.1 mean: 225.11194029850745
gen: 87 best: 158.1 mean: 223.82388059701492
gen: 88 best: 158.1 mean: 225.90746268656716
gen: 89 best: 158.1 mean: 224.2726368159204
gen: 90 best: 158.1 mean: 226.7278606965174
gen: 91 best: 158.1 mean: 225.29303482587065
gen: 92 best: 158.1 mean: 225.75223880597014
gen: 93 best: 158.1 mean: 223.13383084577114
gen: 94 best: 158.1 mean: 225.0134328358209
gen: 95 best: 158.1 mean: 226.72039800995026
gen: 96 best: 158.1 mean: 225.89701492537313
gen >97, new best = 157.200
gen: 97 best: 157.2 mean: 224.47014925373134
gen: 98 best: 157.2 mean: 226.76119402985074
gen: 99 best: 157.2 mean: 223.24129353233832
[9, 9, 10, 9, 9, 9, 13, 10, 11, 9, 11, 9, 10, 10, 9, 11, 8, 8, 9, 9, 11, 11, 8, 8, 13, 9, 8, 9, 10, 9, 11, 10, 10, 11, 9, 11, 12, 8, 11, 11, 9, 8, 10, 9, 11]
Test count of edges: 928
cat
