Defaulting to user installation because normal site-packages is not writeable
Looking in links: /cvmfs/soft.computecanada.ca/custom/python/wheelhouse/gentoo/avx2, /cvmfs/soft.computecanada.ca/custom/python/wheelhouse/gentoo/generic, /cvmfs/soft.computecanada.ca/custom/python/wheelhouse/generic
Requirement already satisfied: graphviz in /home/js17sy/.local/lib/python3.10/site-packages (0.20)
469; python ga.py 18 512N_graph18.dat 0.075 0.03 0.7 0.5 0.5 201 512N_graph18laxgen1rem70_ 542659
/project/6008788/js17sy/reopenga/512c/ga.py:291: DeprecationWarning: Sampling from a set deprecated
since Python 3.9 and will be removed in a subsequent version.
  child1 = set(random.sample(
gen >0, new best = 330.500
gen >0, new best = 308.700
gen >0, new best = 305.800
gen >0, new best = 289.800
gen >0, new best = 286.100
gen >0, new best = 275.100
gen: 0 best: 275.1 mean: 324.4671641791045
gen >1, new best = 268.100
gen: 1 best: 268.1 mean: 320.3681592039801
gen >2, new best = 249.500
gen: 2 best: 249.5 mean: 319.7950248756219
gen >3, new best = 232.600
gen: 3 best: 232.6 mean: 315.97114427860697
gen: 4 best: 232.6 mean: 314.3512437810945
gen: 5 best: 232.6 mean: 315.3258706467662
gen: 6 best: 232.6 mean: 311.6905472636816
gen >7, new best = 216.600
gen: 7 best: 216.6 mean: 311.88855721393037
gen: 8 best: 216.6 mean: 309.5223880597015
gen: 9 best: 216.6 mean: 309.9144278606965
gen: 10 best: 216.6 mean: 307.4721393034826
gen: 11 best: 216.6 mean: 305.5601990049751
gen: 12 best: 216.6 mean: 306.08009950248754
gen: 13 best: 216.6 mean: 307.1701492537313
gen: 14 best: 216.6 mean: 304.7164179104478
gen: 15 best: 216.6 mean: 305.2950248756219
gen: 16 best: 216.6 mean: 300.2542288557214
gen: 17 best: 216.6 mean: 299.9910447761194
gen: 18 best: 216.6 mean: 299.5507462686567
gen: 19 best: 216.6 mean: 299.2378109452736
gen: 20 best: 216.6 mean: 294.5417910447761
gen: 21 best: 216.6 mean: 295.9223880597015
gen: 22 best: 216.6 mean: 295.4577114427861
gen: 23 best: 216.6 mean: 294.0437810945274
gen: 24 best: 216.6 mean: 295.32487562189056
gen: 25 best: 216.6 mean: 292.39353233830843
gen: 26 best: 216.6 mean: 292.14378109452736
gen: 27 best: 216.6 mean: 290.47512437810946
gen: 28 best: 216.6 mean: 290.00248756218906
gen: 29 best: 216.6 mean: 290.10149253731345
gen: 30 best: 216.6 mean: 291.76119402985074
gen: 31 best: 216.6 mean: 290.35820895522386
gen: 32 best: 216.6 mean: 289.40597014925373
gen: 33 best: 216.6 mean: 288.4562189054726
gen: 34 best: 216.6 mean: 288.16965174129353
gen: 35 best: 216.6 mean: 287.43283582089555
gen: 36 best: 216.6 mean: 288.3089552238806
gen: 37 best: 216.6 mean: 287.1701492537313
gen >38, new best = 215.200
gen: 38 best: 215.2 mean: 286.4248756218905
gen: 39 best: 215.2 mean: 286.8990049751244
gen: 40 best: 215.2 mean: 288.06119402985075
gen: 41 best: 215.2 mean: 284.6587064676617
gen: 42 best: 215.2 mean: 288.1885572139303
gen: 43 best: 215.2 mean: 285.16567164179105
gen >44, new best = 214.600
gen: 44 best: 214.6 mean: 285.5223880597015
gen: 45 best: 214.6 mean: 286.58855721393036
gen: 46 best: 214.6 mean: 286.44228855721394
gen >47, new best = 213.500
gen: 47 best: 213.5 mean: 284.3044776119403
gen: 48 best: 213.5 mean: 282.452736318408
gen: 49 best: 213.5 mean: 283.7223880597015
gen: 50 best: 213.5 mean: 283.61094527363184
gen: 51 best: 213.5 mean: 285.02437810945275
gen: 52 best: 213.5 mean: 285.5139303482587
gen: 53 best: 213.5 mean: 281.32139303482586
gen: 54 best: 213.5 mean: 284.46965174129355
gen: 55 best: 213.5 mean: 280.75771144278605
gen: 56 best: 213.5 mean: 283.44278606965173
gen: 57 best: 213.5 mean: 281.27960199004974
gen: 58 best: 213.5 mean: 282.85223880597016
gen: 59 best: 213.5 mean: 282.826368159204
gen: 60 best: 213.5 mean: 282.7671641791045
gen: 61 best: 213.5 mean: 280.53781094527363
gen: 62 best: 213.5 mean: 280.92039800995025
gen: 63 best: 213.5 mean: 282.01542288557215
gen: 64 best: 213.5 mean: 280.555223880597
gen: 65 best: 213.5 mean: 282.07910447761196
gen: 66 best: 213.5 mean: 280.67462686567166
gen: 67 best: 213.5 mean: 279.5094527363184
gen: 68 best: 213.5 mean: 281.4094527363184
gen: 69 best: 213.5 mean: 278.8572139303483
gen: 70 best: 213.5 mean: 279.88905472636816
gen: 71 best: 213.5 mean: 280.0004975124378
gen: 72 best: 213.5 mean: 280.23830845771147
gen: 73 best: 213.5 mean: 280.9393034825871
gen: 74 best: 213.5 mean: 279.92388059701494
gen: 75 best: 213.5 mean: 279.8004975124378
gen: 76 best: 213.5 mean: 278.6412935323383
gen: 77 best: 213.5 mean: 279.73880597014926
gen: 78 best: 213.5 mean: 279.8298507462687
gen: 79 best: 213.5 mean: 279.8388059701492
gen: 80 best: 213.5 mean: 280.8442786069652
gen: 81 best: 213.5 mean: 281.52537313432833
gen: 82 best: 213.5 mean: 280.15323383084575
gen: 83 best: 213.5 mean: 279.32139303482586
gen: 84 best: 213.5 mean: 280.83781094527365
gen: 85 best: 213.5 mean: 278.0323383084577
gen: 86 best: 213.5 mean: 280.8900497512438
gen >87, new best = 209.700
gen: 87 best: 209.7 mean: 277.7512437810945
gen: 88 best: 209.7 mean: 280.1502487562189
gen: 89 best: 209.7 mean: 278.0786069651741
gen: 90 best: 209.7 mean: 279.10348258706466
gen: 91 best: 209.7 mean: 280.710447761194
gen: 92 best: 209.7 mean: 279.5363184079602
gen: 93 best: 209.7 mean: 277.80696517412935
gen: 94 best: 209.7 mean: 278.2164179104478
gen: 95 best: 209.7 mean: 280.8666666666667
gen: 96 best: 209.7 mean: 280.6771144278607
gen: 97 best: 209.7 mean: 278.80298507462686
gen: 98 best: 209.7 mean: 278.12935323383084
gen: 99 best: 209.7 mean: 276.7094527363184
[8, 11, 6, 8, 9, 8, 8, 10, 9, 8, 8, 8, 8, 8, 9, 8, 9, 8, 8, 10, 8, 9, 8, 9, 7, 7, 9, 8, 10, 8, 8, 7, 7, 7, 8, 9, 7, 8, 8, 8, 8, 8, 8, 8, 9, 7, 7]
Test count of edges: 959
cat
