Defaulting to user installation because normal site-packages is not writeable
Looking in links: /cvmfs/soft.computecanada.ca/custom/python/wheelhouse/gentoo/avx2, /cvmfs/soft.computecanada.ca/custom/python/wheelhouse/gentoo/generic, /cvmfs/soft.computecanada.ca/custom/python/wheelhouse/generic
Requirement already satisfied: graphviz in /home/js17sy/.local/lib/python3.10/site-packages (0.20)
235; python ga.py 18 512N_graph18.dat 0.05 0.02 0.5 0.7 0.3 201 512N_graph18mediumgen2rem50_ 714025
/project/6008788/js17sy/reopenga/512c/ga.py:291: DeprecationWarning: Sampling from a set deprecated
since Python 3.9 and will be removed in a subsequent version.
  child1 = set(random.sample(
gen >0, new best = 329.200
gen >0, new best = 321.800
gen >0, new best = 320.000
gen >0, new best = 317.600
gen >0, new best = 299.300
gen >0, new best = 282.900
gen: 0 best: 282.9 mean: 323.34800995024875
gen >1, new best = 255.900
gen: 1 best: 255.9 mean: 321.8099502487562
gen: 2 best: 255.9 mean: 320.50298507462685
gen >3, new best = 255.400
gen: 3 best: 255.4 mean: 321.3129353233831
gen: 4 best: 255.4 mean: 321.192039800995
gen: 5 best: 255.4 mean: 319.91990049751246
gen: 6 best: 255.4 mean: 320.0462686567164
gen: 7 best: 255.4 mean: 320.5034825870647
gen: 8 best: 255.4 mean: 318.4452736318408
gen: 9 best: 255.4 mean: 317.9741293532338
gen: 10 best: 255.4 mean: 319.2786069651741
gen: 11 best: 255.4 mean: 317.4890547263682
gen >12, new best = 246.900
gen: 12 best: 246.9 mean: 317.35621890547264
gen: 13 best: 246.9 mean: 316.74626865671644
gen: 14 best: 246.9 mean: 316.66616915422884
gen: 15 best: 246.9 mean: 316.70199004975126
gen: 16 best: 246.9 mean: 316.4781094527363
gen: 17 best: 246.9 mean: 316.1059701492537
gen: 18 best: 246.9 mean: 314.44029850746267
gen: 19 best: 246.9 mean: 316.1442786069652
gen: 20 best: 246.9 mean: 315.89303482587064
gen: 21 best: 246.9 mean: 315.626368159204
gen: 22 best: 246.9 mean: 314.12338308457714
gen: 23 best: 246.9 mean: 312.9407960199005
gen: 24 best: 246.9 mean: 313.4985074626866
gen: 25 best: 246.9 mean: 313.16567164179105
gen: 26 best: 246.9 mean: 313.08855721393036
gen: 27 best: 246.9 mean: 312.1094527363184
gen: 28 best: 246.9 mean: 313.2855721393035
gen: 29 best: 246.9 mean: 312.9741293532338
gen: 30 best: 246.9 mean: 312.25223880597014
gen: 31 best: 246.9 mean: 311.53034825870645
gen: 32 best: 246.9 mean: 311.7592039800995
gen: 33 best: 246.9 mean: 311.07014925373136
gen: 34 best: 246.9 mean: 310.47562189054725
gen: 35 best: 246.9 mean: 310.67512437810944
gen: 36 best: 246.9 mean: 309.6611940298507
gen: 37 best: 246.9 mean: 309.6194029850746
gen: 38 best: 246.9 mean: 308.18805970149253
gen: 39 best: 246.9 mean: 309.18358208955226
gen: 40 best: 246.9 mean: 309.03034825870645
gen: 41 best: 246.9 mean: 308.5054726368159
gen: 42 best: 246.9 mean: 308.7223880597015
gen: 43 best: 246.9 mean: 308.35771144278607
gen: 44 best: 246.9 mean: 309.1626865671642
gen >45, new best = 246.100
gen: 45 best: 246.1 mean: 308.3592039800995
gen: 46 best: 246.1 mean: 307.92587064676616
gen: 47 best: 246.1 mean: 306.01741293532336
gen: 48 best: 246.1 mean: 305.1781094527363
gen: 49 best: 246.1 mean: 305.64228855721393
gen: 50 best: 246.1 mean: 306.5144278606965
gen: 51 best: 246.1 mean: 305.8174129353234
gen: 52 best: 246.1 mean: 305.80298507462686
gen: 53 best: 246.1 mean: 306.11990049751245
gen >54, new best = 238.000
gen: 54 best: 238.0 mean: 306.33383084577116
gen: 55 best: 238.0 mean: 305.81940298507465
gen: 56 best: 238.0 mean: 303.5477611940299
gen: 57 best: 238.0 mean: 305.0452736318408
gen: 58 best: 238.0 mean: 304.2129353233831
gen: 59 best: 238.0 mean: 304.23930348258705
gen: 60 best: 238.0 mean: 304.434328358209
gen: 61 best: 238.0 mean: 304.6482587064677
gen: 62 best: 238.0 mean: 302.4960199004975
gen: 63 best: 238.0 mean: 303.8502487562189
gen: 64 best: 238.0 mean: 302.7870646766169
gen: 65 best: 238.0 mean: 301.0293532338308
gen: 66 best: 238.0 mean: 301.1507462686567
gen: 67 best: 238.0 mean: 301.70049751243783
gen: 68 best: 238.0 mean: 303.08308457711445
gen: 69 best: 238.0 mean: 301.91990049751246
gen: 70 best: 238.0 mean: 301.4800995024876
gen: 71 best: 238.0 mean: 301.6313432835821
gen: 72 best: 238.0 mean: 300.8970149253731
gen: 73 best: 238.0 mean: 299.4064676616915
gen: 74 best: 238.0 mean: 300.1353233830846
gen: 75 best: 238.0 mean: 300.4218905472637
gen: 76 best: 238.0 mean: 300.58507462686566
gen: 77 best: 238.0 mean: 301.91641791044776
gen: 78 best: 238.0 mean: 302.4676616915423
gen: 79 best: 238.0 mean: 300.27562189054726
gen: 80 best: 238.0 mean: 300.271144278607
gen: 81 best: 238.0 mean: 299.29253731343283
gen: 82 best: 238.0 mean: 299.91144278606964
gen: 83 best: 238.0 mean: 299.3273631840796
gen: 84 best: 238.0 mean: 298.8179104477612
gen >85, new best = 208.900
gen: 85 best: 208.9 mean: 300.10646766169157
gen: 86 best: 208.9 mean: 300.20049751243783
gen: 87 best: 208.9 mean: 298.8960199004975
gen: 88 best: 208.9 mean: 300.33034825870647
gen: 89 best: 208.9 mean: 299.06865671641793
gen: 90 best: 208.9 mean: 299.7746268656716
gen: 91 best: 208.9 mean: 299.16169154228857
gen: 92 best: 208.9 mean: 298.73532338308456
gen: 93 best: 208.9 mean: 297.7452736318408
gen: 94 best: 208.9 mean: 297.73731343283583
gen: 95 best: 208.9 mean: 298.7731343283582
gen: 96 best: 208.9 mean: 299.2636815920398
gen: 97 best: 208.9 mean: 297.8557213930348
gen: 98 best: 208.9 mean: 296.9004975124378
gen: 99 best: 208.9 mean: 297.6407960199005
[13, 10, 10, 8, 9, 8, 9, 9, 9, 9, 10, 11, 9, 9, 10, 8, 10, 9, 10, 10, 9, 10, 10, 9, 9, 10, 10, 12, 10, 11, 10, 8, 11, 9, 10, 10, 14, 9, 9, 10, 10, 11]
Test count of edges: 1552
cat
