Defaulting to user installation because normal site-packages is not writeable
Looking in links: /cvmfs/soft.computecanada.ca/custom/python/wheelhouse/gentoo/avx2, /cvmfs/soft.computecanada.ca/custom/python/wheelhouse/gentoo/generic, /cvmfs/soft.computecanada.ca/custom/python/wheelhouse/generic
Requirement already satisfied: graphviz in /home/js17sy/.local/lib/python3.10/site-packages (0.20)
717; python ga.py 18 512N_graph18.dat 0.1 0.04 0.7 0.9 0.1 201 512N_graph18leerygen3rem70_ 771147
/project/6008788/js17sy/reopenga/512c/ga.py:291: DeprecationWarning: Sampling from a set deprecated
since Python 3.9 and will be removed in a subsequent version.
  child1 = set(random.sample(
gen >0, new best = 316.800
gen >0, new best = 303.300
gen >0, new best = 294.500
gen >0, new best = 294.300
gen >0, new best = 281.400
gen: 0 best: 281.4 mean: 329.1544776119403
gen: 1 best: 281.4 mean: 327.74328358208953
gen: 2 best: 281.4 mean: 328.9124378109453
gen >3, new best = 277.400
gen: 3 best: 277.4 mean: 326.46069651741294
gen >4, new best = 265.900
gen: 4 best: 265.9 mean: 327.3537313432836
gen: 5 best: 265.9 mean: 326.4119402985075
gen: 6 best: 265.9 mean: 324.7562189054726
gen >7, new best = 262.700
gen: 7 best: 262.7 mean: 324.37064676616916
gen >8, new best = 260.500
gen: 8 best: 260.5 mean: 323.70796019900496
gen >9, new best = 255.600
gen: 9 best: 255.6 mean: 321.9467661691542
gen: 10 best: 255.6 mean: 320.7328358208955
gen: 11 best: 255.6 mean: 322.11641791044775
gen: 12 best: 255.6 mean: 322.56666666666666
gen: 13 best: 255.6 mean: 320.1393034825871
gen: 14 best: 255.6 mean: 319.2174129353234
gen: 15 best: 255.6 mean: 321.27512437810947
gen: 16 best: 255.6 mean: 318.57960199004975
gen: 17 best: 255.6 mean: 317.39353233830843
gen: 18 best: 255.6 mean: 318.27910447761195
gen: 19 best: 255.6 mean: 315.47164179104476
gen: 20 best: 255.6 mean: 313.7159203980099
gen: 21 best: 255.6 mean: 316.2318407960199
gen: 22 best: 255.6 mean: 314.1194029850746
gen >23, new best = 253.900
gen: 23 best: 253.9 mean: 311.1094527363184
gen >24, new best = 246.100
gen: 24 best: 246.1 mean: 313.1611940298507
gen: 25 best: 246.1 mean: 312.74626865671644
gen: 26 best: 246.1 mean: 312.0935323383085
gen: 27 best: 246.1 mean: 311.7621890547264
gen: 28 best: 246.1 mean: 311.73930348258705
gen: 29 best: 246.1 mean: 311.83830845771143
gen: 30 best: 246.1 mean: 313.5965174129353
gen: 31 best: 246.1 mean: 311.1393034825871
gen: 32 best: 246.1 mean: 310.80746268656713
gen: 33 best: 246.1 mean: 309.173631840796
gen: 34 best: 246.1 mean: 310.16616915422884
gen: 35 best: 246.1 mean: 310.3557213930348
gen: 36 best: 246.1 mean: 308.18009950248756
gen: 37 best: 246.1 mean: 310.08159203980097
gen: 38 best: 246.1 mean: 308.75223880597014
gen: 39 best: 246.1 mean: 308.10348258706466
gen: 40 best: 246.1 mean: 307.45323383084576
gen: 41 best: 246.1 mean: 308.26616915422886
gen: 42 best: 246.1 mean: 305.88756218905473
gen >43, new best = 230.200
gen: 43 best: 230.2 mean: 307.1228855721393
gen: 44 best: 230.2 mean: 306.5582089552239
gen: 45 best: 230.2 mean: 306.0547263681592
gen: 46 best: 230.2 mean: 306.5492537313433
gen: 47 best: 230.2 mean: 304.95124378109455
gen: 48 best: 230.2 mean: 306.23034825870644
gen: 49 best: 230.2 mean: 304.4412935323383
gen: 50 best: 230.2 mean: 304.68756218905474
gen: 51 best: 230.2 mean: 305.4830845771144
gen: 52 best: 230.2 mean: 304.2452736318408
gen: 53 best: 230.2 mean: 302.9248756218905
gen: 54 best: 230.2 mean: 303.61641791044775
gen: 55 best: 230.2 mean: 303.75522388059704
gen: 56 best: 230.2 mean: 303.2039800995025
gen: 57 best: 230.2 mean: 305.95522388059703
gen: 58 best: 230.2 mean: 304.0542288557214
gen: 59 best: 230.2 mean: 304.4179104477612
gen: 60 best: 230.2 mean: 302.68407960199005
gen: 61 best: 230.2 mean: 303.18059701492535
gen: 62 best: 230.2 mean: 303.54328358208954
gen: 63 best: 230.2 mean: 302.5129353233831
gen: 64 best: 230.2 mean: 303.1771144278607
gen: 65 best: 230.2 mean: 303.6303482587065
gen: 66 best: 230.2 mean: 302.72786069651744
gen: 67 best: 230.2 mean: 303.0179104477612
gen: 68 best: 230.2 mean: 303.12487562189057
gen: 69 best: 230.2 mean: 304.69900497512435
gen: 70 best: 230.2 mean: 301.3606965174129
gen: 71 best: 230.2 mean: 301.62139303482587
gen: 72 best: 230.2 mean: 302.9761194029851
gen: 73 best: 230.2 mean: 303.3134328358209
gen: 74 best: 230.2 mean: 301.6925373134328
gen: 75 best: 230.2 mean: 302.547263681592
gen: 76 best: 230.2 mean: 304.0810945273632
gen: 77 best: 230.2 mean: 301.8646766169154
gen: 78 best: 230.2 mean: 302.3870646766169
gen: 79 best: 230.2 mean: 301.3810945273632
gen: 80 best: 230.2 mean: 301.97910447761194
gen: 81 best: 230.2 mean: 301.3771144278607
gen: 82 best: 230.2 mean: 302.14726368159205
gen: 83 best: 230.2 mean: 301.29800995024874
gen: 84 best: 230.2 mean: 302.40199004975125
gen: 85 best: 230.2 mean: 299.9960199004975
gen: 86 best: 230.2 mean: 300.33383084577116
gen: 87 best: 230.2 mean: 301.21890547263683
gen: 88 best: 230.2 mean: 300.789552238806
gen: 89 best: 230.2 mean: 302.2238805970149
gen: 90 best: 230.2 mean: 299.97014925373134
gen: 91 best: 230.2 mean: 302.2069651741294
gen: 92 best: 230.2 mean: 301.0129353233831
gen: 93 best: 230.2 mean: 302.65671641791045
gen: 94 best: 230.2 mean: 301.9522388059701
gen: 95 best: 230.2 mean: 300.25671641791047
gen: 96 best: 230.2 mean: 301.0189054726368
gen: 97 best: 230.2 mean: 300.5910447761194
gen: 98 best: 230.2 mean: 301.3358208955224
gen: 99 best: 230.2 mean: 301.7800995024876
[7, 9, 7, 7, 8, 8, 7, 7, 7, 8, 8, 8, 7, 11, 7, 8, 7, 7, 8, 8, 8, 9, 8, 7, 7, 6, 8, 7, 8, 7, 7, 7, 8, 8, 8, 9, 7, 8, 10, 7, 9, 8, 8, 8, 7, 8, 7, 7]
Test count of edges: 922
cat
