Defaulting to user installation because normal site-packages is not writeable
Looking in links: /cvmfs/soft.computecanada.ca/custom/python/wheelhouse/gentoo/avx2, /cvmfs/soft.computecanada.ca/custom/python/wheelhouse/gentoo/generic, /cvmfs/soft.computecanada.ca/custom/python/wheelhouse/generic
Requirement already satisfied: graphviz in /home/js17sy/.local/lib/python3.10/site-packages (0.20)
134; python ga.py 18 512N_graph18.dat 0.025 0.01 0.7 0.7 0.3 201 512N_graph18strictgen2rem70_ 399854
/project/6008788/js17sy/reopenga/512c/ga.py:291: DeprecationWarning: Sampling from a set deprecated
since Python 3.9 and will be removed in a subsequent version.
  child1 = set(random.sample(
gen >0, new best = 282.100
gen >0, new best = 275.800
gen >0, new best = 230.600
gen >0, new best = 227.500
gen >0, new best = 224.000
gen: 0 best: 224.0 mean: 295.62860696517413
gen >1, new best = 208.600
gen: 1 best: 208.6 mean: 291.81641791044774
gen: 2 best: 208.6 mean: 285.98457711442785
gen >3, new best = 200.900
gen: 3 best: 200.9 mean: 289.271144278607
gen: 4 best: 200.9 mean: 280.9835820895522
gen: 5 best: 200.9 mean: 283.62189054726366
gen: 6 best: 200.9 mean: 283.53781094527363
gen >7, new best = 196.200
gen: 7 best: 196.2 mean: 280.51194029850745
gen: 8 best: 196.2 mean: 275.59253731343284
gen: 9 best: 196.2 mean: 278.37661691542286
gen >10, new best = 190.000
gen: 10 best: 190.0 mean: 274.93333333333334
gen: 11 best: 190.0 mean: 268.78656716417913
gen: 12 best: 190.0 mean: 267.32139303482586
gen: 13 best: 190.0 mean: 266.5661691542289
gen: 14 best: 190.0 mean: 265.48855721393033
gen: 15 best: 190.0 mean: 265.1940298507463
gen >16, new best = 189.300
gen: 16 best: 189.3 mean: 263.72985074626865
gen >17, new best = 189.100
gen: 17 best: 189.1 mean: 265.92089552238804
gen: 18 best: 189.1 mean: 263.5139303482587
gen >19, new best = 174.500
gen: 19 best: 174.5 mean: 264.4905472636816
gen: 20 best: 174.5 mean: 260.4174129353234
gen: 21 best: 174.5 mean: 258.31542288557216
gen: 22 best: 174.5 mean: 259.071144278607
gen: 23 best: 174.5 mean: 256.26268656716417
gen: 24 best: 174.5 mean: 256.5587064676617
gen: 25 best: 174.5 mean: 254.9363184079602
gen: 26 best: 174.5 mean: 257.0771144278607
gen: 27 best: 174.5 mean: 253.75621890547262
gen: 28 best: 174.5 mean: 252.46019900497512
gen: 29 best: 174.5 mean: 251.70348258706468
gen: 30 best: 174.5 mean: 250.97661691542288
gen: 31 best: 174.5 mean: 250.36119402985074
gen: 32 best: 174.5 mean: 251.67512437810944
gen: 33 best: 174.5 mean: 248.78955223880598
gen: 34 best: 174.5 mean: 249.67412935323384
gen: 35 best: 174.5 mean: 246.96766169154228
gen: 36 best: 174.5 mean: 248.04676616915424
gen: 37 best: 174.5 mean: 250.2049751243781
gen >38, new best = 156.800
gen: 38 best: 156.8 mean: 246.24477611940299
gen: 39 best: 156.8 mean: 244.61641791044775
gen: 40 best: 156.8 mean: 243.92885572139303
gen: 41 best: 156.8 mean: 244.84378109452737
gen: 42 best: 156.8 mean: 243.96567164179103
gen: 43 best: 156.8 mean: 243.77114427860695
gen: 44 best: 156.8 mean: 243.8452736318408
gen: 45 best: 156.8 mean: 241.12587064676617
gen: 46 best: 156.8 mean: 241.2089552238806
gen: 47 best: 156.8 mean: 242.207960199005
gen: 48 best: 156.8 mean: 242.68258706467662
gen: 49 best: 156.8 mean: 241.10348258706466
gen: 50 best: 156.8 mean: 242.64975124378108
gen: 51 best: 156.8 mean: 240.52039800995024
gen: 52 best: 156.8 mean: 240.08656716417912
gen: 53 best: 156.8 mean: 239.1910447761194
gen: 54 best: 156.8 mean: 239.8139303482587
gen: 55 best: 156.8 mean: 240.98208955223882
gen: 56 best: 156.8 mean: 235.45223880597015
gen: 57 best: 156.8 mean: 237.48507462686567
gen: 58 best: 156.8 mean: 237.1358208955224
gen: 59 best: 156.8 mean: 238.02885572139303
gen: 60 best: 156.8 mean: 238.08457711442787
gen: 61 best: 156.8 mean: 236.6636815920398
gen: 62 best: 156.8 mean: 238.85671641791046
gen: 63 best: 156.8 mean: 233.85174129353234
gen: 64 best: 156.8 mean: 235.61194029850745
gen: 65 best: 156.8 mean: 236.7547263681592
gen: 66 best: 156.8 mean: 236.90248756218907
gen: 67 best: 156.8 mean: 235.38905472636816
gen: 68 best: 156.8 mean: 236.13034825870648
gen: 69 best: 156.8 mean: 235.08308457711442
gen: 70 best: 156.8 mean: 235.6537313432836
gen: 71 best: 156.8 mean: 235.2363184079602
gen: 72 best: 156.8 mean: 231.54825870646766
gen: 73 best: 156.8 mean: 233.62537313432836
gen: 74 best: 156.8 mean: 232.93731343283582
gen: 75 best: 156.8 mean: 232.04378109452736
gen: 76 best: 156.8 mean: 233.0955223880597
gen: 77 best: 156.8 mean: 230.918407960199
gen: 78 best: 156.8 mean: 234.85621890547264
gen: 79 best: 156.8 mean: 235.73283582089553
gen: 80 best: 156.8 mean: 234.00149253731342
gen: 81 best: 156.8 mean: 235.0721393034826
gen: 82 best: 156.8 mean: 232.34726368159204
gen: 83 best: 156.8 mean: 232.75970149253732
gen: 84 best: 156.8 mean: 231.4179104477612
gen: 85 best: 156.8 mean: 230.4825870646766
gen: 86 best: 156.8 mean: 232.89800995024876
gen: 87 best: 156.8 mean: 233.47611940298506
gen: 88 best: 156.8 mean: 231.07960199004975
gen: 89 best: 156.8 mean: 231.61691542288557
gen: 90 best: 156.8 mean: 233.06119402985075
gen: 91 best: 156.8 mean: 229.3179104477612
gen: 92 best: 156.8 mean: 231.10597014925372
gen: 93 best: 156.8 mean: 232.94427860696518
gen: 94 best: 156.8 mean: 232.7323383084577
gen: 95 best: 156.8 mean: 231.58407960199006
gen: 96 best: 156.8 mean: 228.93532338308458
gen: 97 best: 156.8 mean: 231.73880597014926
gen: 98 best: 156.8 mean: 229.48855721393033
gen: 99 best: 156.8 mean: 229.46069651741294
[8, 9, 10, 9, 8, 9, 9, 10, 10, 8, 9, 9, 12, 10, 10, 9, 10, 10, 9, 9, 12, 7, 8, 9, 9, 8, 8, 9, 9, 10, 13, 11, 10, 8, 9, 11, 12, 10, 10, 8, 11, 10, 10, 10, 10, 9, 10]
Test count of edges: 931
cat
