Defaulting to user installation because normal site-packages is not writeable
Looking in links: /cvmfs/soft.computecanada.ca/custom/python/wheelhouse/gentoo/avx2, /cvmfs/soft.computecanada.ca/custom/python/wheelhouse/gentoo/generic, /cvmfs/soft.computecanada.ca/custom/python/wheelhouse/generic
Requirement already satisfied: graphviz in /home/js17sy/.local/lib/python3.10/site-packages (0.20)
646; python ga.py 18 512N_graph18.dat 0.1 0.04 0.7 0.5 0.5 201 512N_graph18leerygen1rem70_ 456976
/project/6008788/js17sy/reopenga/512c/ga.py:291: DeprecationWarning: Sampling from a set deprecated
since Python 3.9 and will be removed in a subsequent version.
  child1 = set(random.sample(
gen >0, new best = 311.100
gen >0, new best = 285.300
gen >0, new best = 282.200
gen: 0 best: 282.2 mean: 329.02089552238806
gen: 1 best: 282.2 mean: 329.4582089552239
gen >2, new best = 270.300
gen: 2 best: 270.3 mean: 328.45671641791046
gen >3, new best = 263.400
gen: 3 best: 263.4 mean: 324.5910447761194
gen: 4 best: 263.4 mean: 325.3950248756219
gen >5, new best = 245.800
gen: 5 best: 245.8 mean: 326.2641791044776
gen: 6 best: 245.8 mean: 323.5547263681592
gen: 7 best: 245.8 mean: 322.76467661691544
gen: 8 best: 245.8 mean: 325.1577114427861
gen: 9 best: 245.8 mean: 322.42587064676616
gen: 10 best: 245.8 mean: 320.4034825870647
gen: 11 best: 245.8 mean: 321.24427860696517
gen: 12 best: 245.8 mean: 320.747263681592
gen >13, new best = 238.300
gen: 13 best: 238.3 mean: 319.3099502487562
gen: 14 best: 238.3 mean: 319.10547263681593
gen: 15 best: 238.3 mean: 317.3059701492537
gen: 16 best: 238.3 mean: 315.52039800995027
gen: 17 best: 238.3 mean: 315.3457711442786
gen: 18 best: 238.3 mean: 313.518407960199
gen: 19 best: 238.3 mean: 313.56865671641793
gen: 20 best: 238.3 mean: 313.3004975124378
gen: 21 best: 238.3 mean: 315.15820895522387
gen: 22 best: 238.3 mean: 312.6099502487562
gen: 23 best: 238.3 mean: 313.1427860696517
gen: 24 best: 238.3 mean: 311.97711442786067
gen: 25 best: 238.3 mean: 312.8721393034826
gen: 26 best: 238.3 mean: 311.6303482587065
gen: 27 best: 238.3 mean: 311.355223880597
gen >28, new best = 222.600
gen: 28 best: 222.6 mean: 310.30149253731344
gen: 29 best: 222.6 mean: 309.60199004975124
gen: 30 best: 222.6 mean: 311.2597014925373
gen: 31 best: 222.6 mean: 308.1323383084577
gen: 32 best: 222.6 mean: 309.8666666666667
gen: 33 best: 222.6 mean: 310.0676616915423
gen: 34 best: 222.6 mean: 309.31592039800995
gen: 35 best: 222.6 mean: 308.56716417910445
gen: 36 best: 222.6 mean: 308.3532338308458
gen: 37 best: 222.6 mean: 308.7726368159204
gen: 38 best: 222.6 mean: 308.19701492537314
gen: 39 best: 222.6 mean: 307.9223880597015
gen: 40 best: 222.6 mean: 309.1363184079602
gen: 41 best: 222.6 mean: 309.5716417910448
gen: 42 best: 222.6 mean: 308.49402985074624
gen: 43 best: 222.6 mean: 308.5621890547264
gen: 44 best: 222.6 mean: 307.70248756218905
gen: 45 best: 222.6 mean: 306.0676616915423
gen: 46 best: 222.6 mean: 307.8054726368159
gen: 47 best: 222.6 mean: 305.5905472636816
gen: 48 best: 222.6 mean: 306.01940298507463
gen: 49 best: 222.6 mean: 305.54278606965175
gen: 50 best: 222.6 mean: 304.70248756218905
gen: 51 best: 222.6 mean: 305.8
gen: 52 best: 222.6 mean: 304.7283582089552
gen: 53 best: 222.6 mean: 305.7323383084577
gen: 54 best: 222.6 mean: 302.6482587064677
gen: 55 best: 222.6 mean: 305.19154228855723
gen: 56 best: 222.6 mean: 307.4412935323383
gen: 57 best: 222.6 mean: 305.15820895522387
gen: 58 best: 222.6 mean: 306.63283582089554
gen: 59 best: 222.6 mean: 305.1179104477612
gen: 60 best: 222.6 mean: 304.6318407960199
gen: 61 best: 222.6 mean: 305.9094527363184
gen: 62 best: 222.6 mean: 304.163184079602
gen: 63 best: 222.6 mean: 305.7870646766169
gen: 64 best: 222.6 mean: 305.75223880597014
gen: 65 best: 222.6 mean: 304.6776119402985
gen: 66 best: 222.6 mean: 304.5014925373134
gen: 67 best: 222.6 mean: 305.24776119402986
gen: 68 best: 222.6 mean: 303.70995024875623
gen: 69 best: 222.6 mean: 303.0681592039801
gen: 70 best: 222.6 mean: 300.56467661691545
gen: 71 best: 222.6 mean: 301.6243781094527
gen: 72 best: 222.6 mean: 303.38756218905473
gen: 73 best: 222.6 mean: 303.4412935323383
gen: 74 best: 222.6 mean: 302.0238805970149
gen: 75 best: 222.6 mean: 303.1995024875622
gen: 76 best: 222.6 mean: 304.3542288557214
gen: 77 best: 222.6 mean: 302.05223880597015
gen: 78 best: 222.6 mean: 302.97114427860697
gen: 79 best: 222.6 mean: 303.0179104477612
gen: 80 best: 222.6 mean: 303.26069651741295
gen: 81 best: 222.6 mean: 302.59402985074627
gen: 82 best: 222.6 mean: 302.79253731343283
gen: 83 best: 222.6 mean: 303.03432835820894
gen: 84 best: 222.6 mean: 302.5781094527363
gen: 85 best: 222.6 mean: 304.0532338308458
gen: 86 best: 222.6 mean: 301.5726368159204
gen: 87 best: 222.6 mean: 302.67910447761193
gen: 88 best: 222.6 mean: 300.9651741293532
gen: 89 best: 222.6 mean: 302.78308457711444
gen: 90 best: 222.6 mean: 302.6502487562189
gen: 91 best: 222.6 mean: 302.45870646766167
gen: 92 best: 222.6 mean: 303.01940298507463
gen: 93 best: 222.6 mean: 303.72786069651744
gen: 94 best: 222.6 mean: 301.83084577114425
gen: 95 best: 222.6 mean: 301.6029850746269
gen: 96 best: 222.6 mean: 300.87661691542286
gen: 97 best: 222.6 mean: 302.46019900497515
gen: 98 best: 222.6 mean: 302.41840796019903
gen: 99 best: 222.6 mean: 300.24626865671644
[8, 8, 7, 8, 7, 7, 9, 8, 6, 8, 7, 9, 8, 7, 7, 8, 6, 7, 10, 7, 7, 7, 7, 7, 8, 7, 7, 7, 7, 9, 8, 7, 8, 7, 7, 8, 7, 8, 7, 6, 7, 7, 7, 7, 7, 7, 7, 7]
Test count of edges: 934
cat
