Defaulting to user installation because normal site-packages is not writeable
Looking in links: /cvmfs/soft.computecanada.ca/custom/python/wheelhouse/gentoo/avx2, /cvmfs/soft.computecanada.ca/custom/python/wheelhouse/gentoo/generic, /cvmfs/soft.computecanada.ca/custom/python/wheelhouse/generic
Requirement already satisfied: graphviz in /home/js17sy/.local/lib/python3.10/site-packages (0.20)
299; python ga.py 18 512N_graph18.dat 0.05 0.02 0.7 0.5 0.5 201 512N_graph18mediumgen1rem70_ 828269
/project/6008788/js17sy/reopenga/512c/ga.py:291: DeprecationWarning: Sampling from a set deprecated
since Python 3.9 and will be removed in a subsequent version.
  child1 = set(random.sample(
gen >0, new best = 320.700
gen >0, new best = 289.800
gen >0, new best = 273.800
gen >0, new best = 257.300
gen: 0 best: 257.3 mean: 324.8858208955224
gen: 1 best: 257.3 mean: 318.65472636815923
gen: 2 best: 257.3 mean: 317.08407960199
gen >3, new best = 255.300
gen: 3 best: 255.3 mean: 313.3805970149254
gen >4, new best = 252.000
gen: 4 best: 252.0 mean: 313.75174129353235
gen >5, new best = 230.600
gen: 5 best: 230.6 mean: 310.1268656716418
gen: 6 best: 230.6 mean: 304.7766169154229
gen: 7 best: 230.6 mean: 299.8054726368159
gen >8, new best = 225.100
gen: 8 best: 225.1 mean: 296.18059701492535
gen: 9 best: 225.1 mean: 292.43681592039803
gen: 10 best: 225.1 mean: 292.29950248756217
gen: 11 best: 225.1 mean: 290.65223880597017
gen: 12 best: 225.1 mean: 291.53034825870645
gen: 13 best: 225.1 mean: 289.38009950248755
gen >14, new best = 218.900
gen: 14 best: 218.9 mean: 284.5223880597015
gen >15, new best = 218.400
gen: 15 best: 218.4 mean: 285.69850746268656
gen: 16 best: 218.4 mean: 284.73880597014926
gen: 17 best: 218.4 mean: 279.5875621890547
gen >18, new best = 209.300
gen: 18 best: 209.3 mean: 282.4671641791045
gen: 19 best: 209.3 mean: 280.7601990049751
gen: 20 best: 209.3 mean: 278.8825870646766
gen: 21 best: 209.3 mean: 275.3328358208955
gen: 22 best: 209.3 mean: 275.0716417910448
gen: 23 best: 209.3 mean: 274.09800995024875
gen >24, new best = 206.100
gen: 24 best: 206.1 mean: 272.9547263681592
gen: 25 best: 206.1 mean: 273.01940298507463
gen: 26 best: 206.1 mean: 270.763184079602
gen: 27 best: 206.1 mean: 267.6233830845771
gen: 28 best: 206.1 mean: 272.1452736318408
gen: 29 best: 206.1 mean: 271.8442786069652
gen: 30 best: 206.1 mean: 269.04825870646766
gen: 31 best: 206.1 mean: 271.28308457711444
gen >32, new best = 204.600
gen: 32 best: 204.6 mean: 268.3358208955224
gen: 33 best: 204.6 mean: 267.1597014925373
gen: 34 best: 204.6 mean: 267.84378109452734
gen: 35 best: 204.6 mean: 267.2945273631841
gen >36, new best = 203.400
gen: 36 best: 203.4 mean: 268.1407960199005
gen: 37 best: 203.4 mean: 267.5965174129353
gen: 38 best: 203.4 mean: 267.5278606965174
gen >39, new best = 201.600
gen: 39 best: 201.6 mean: 266.4890547263682
gen: 40 best: 201.6 mean: 265.8791044776119
gen: 41 best: 201.6 mean: 265.0144278606965
gen: 42 best: 201.6 mean: 265.0542288557214
gen: 43 best: 201.6 mean: 267.4835820895522
gen: 44 best: 201.6 mean: 265.1960199004975
gen >45, new best = 199.100
gen: 45 best: 199.1 mean: 266.363184079602
gen >46, new best = 181.400
gen: 46 best: 181.4 mean: 267.57412935323384
gen: 47 best: 181.4 mean: 266.5681592039801
gen: 48 best: 181.4 mean: 263.7582089552239
gen: 49 best: 181.4 mean: 265.8422885572139
gen: 50 best: 181.4 mean: 266.0875621890547
gen: 51 best: 181.4 mean: 265.8696517412935
gen: 52 best: 181.4 mean: 262.5328358208955
gen: 53 best: 181.4 mean: 262.28457711442786
gen: 54 best: 181.4 mean: 263.04676616915424
gen: 55 best: 181.4 mean: 261.7
gen: 56 best: 181.4 mean: 263.20248756218905
gen: 57 best: 181.4 mean: 262.02636815920397
gen: 58 best: 181.4 mean: 261.2094527363184
gen: 59 best: 181.4 mean: 262.70199004975126
gen: 60 best: 181.4 mean: 264.10199004975124
gen: 61 best: 181.4 mean: 262.10149253731345
gen: 62 best: 181.4 mean: 263.0134328358209
gen: 63 best: 181.4 mean: 262.68805970149253
gen: 64 best: 181.4 mean: 261.318407960199
gen: 65 best: 181.4 mean: 260.3776119402985
gen: 66 best: 181.4 mean: 260.8482587064677
gen: 67 best: 181.4 mean: 264.0587064676617
gen: 68 best: 181.4 mean: 260.3955223880597
gen: 69 best: 181.4 mean: 261.22786069651744
gen: 70 best: 181.4 mean: 260.3865671641791
gen: 71 best: 181.4 mean: 260.7870646766169
gen: 72 best: 181.4 mean: 261.69154228855723
gen: 73 best: 181.4 mean: 260.54278606965175
gen: 74 best: 181.4 mean: 261.33980099502486
gen: 75 best: 181.4 mean: 261.10348258706466
gen: 76 best: 181.4 mean: 260.91293532338307
gen: 77 best: 181.4 mean: 259.39452736318407
gen: 78 best: 181.4 mean: 259.32686567164177
gen: 79 best: 181.4 mean: 258.6208955223881
gen: 80 best: 181.4 mean: 260.9820895522388
gen: 81 best: 181.4 mean: 259.1776119402985
gen: 82 best: 181.4 mean: 259.8218905472637
gen: 83 best: 181.4 mean: 259.52139303482585
gen: 84 best: 181.4 mean: 259.26169154228853
gen: 85 best: 181.4 mean: 256.98059701492537
gen: 86 best: 181.4 mean: 257.3258706467662
gen: 87 best: 181.4 mean: 256.2532338308458
gen: 88 best: 181.4 mean: 256.9776119402985
gen: 89 best: 181.4 mean: 255.66517412935323
gen: 90 best: 181.4 mean: 256.5457711442786
gen: 91 best: 181.4 mean: 256.2910447761194
gen: 92 best: 181.4 mean: 257.03781094527363
gen: 93 best: 181.4 mean: 257.5676616915423
gen: 94 best: 181.4 mean: 257.41293532338307
gen: 95 best: 181.4 mean: 253.7417910447761
gen: 96 best: 181.4 mean: 256.46069651741294
gen: 97 best: 181.4 mean: 254.51641791044776
gen: 98 best: 181.4 mean: 254.88507462686567
gen: 99 best: 181.4 mean: 253.46666666666667
[10, 8, 10, 9, 11, 8, 8, 11, 10, 9, 8, 10, 9, 6, 8, 9, 9, 10, 8, 9, 11, 9, 9, 9, 9, 9, 7, 9, 9, 9, 9, 8, 8, 8, 11, 9, 10, 7, 9, 7, 8, 9, 7, 9, 8, 9, 9, 9, 14]
Test count of edges: 942
cat
