Defaulting to user installation because normal site-packages is not writeable
Looking in links: /cvmfs/soft.computecanada.ca/custom/python/wheelhouse/gentoo/avx2, /cvmfs/soft.computecanada.ca/custom/python/wheelhouse/gentoo/generic, /cvmfs/soft.computecanada.ca/custom/python/wheelhouse/generic
Requirement already satisfied: graphviz in /home/js17sy/.local/lib/python3.10/site-packages (0.20)
14; python ga.py 18 512N_graph18.dat 0.025 0.01 0.5 0.5 0.5 201 512N_graph18strictgen1rem50_ 399854
/project/6008788/js17sy/reopenga/512c/ga.py:291: DeprecationWarning: Sampling from a set deprecated
since Python 3.9 and will be removed in a subsequent version.
  child1 = set(random.sample(
gen >0, new best = 313.500
gen >0, new best = 302.200
gen >0, new best = 272.700
gen >0, new best = 230.100
gen: 0 best: 230.1 mean: 308.88980099502487
gen: 1 best: 230.1 mean: 310.21343283582087
gen: 2 best: 230.1 mean: 308.0786069651741
gen: 3 best: 230.1 mean: 308.9835820895522
gen: 4 best: 230.1 mean: 308.2452736318408
gen: 5 best: 230.1 mean: 306.8298507462687
gen: 6 best: 230.1 mean: 306.48855721393033
gen: 7 best: 230.1 mean: 306.5751243781095
gen: 8 best: 230.1 mean: 305.38557213930346
gen: 9 best: 230.1 mean: 304.6059701492537
gen: 10 best: 230.1 mean: 305.3412935323383
gen: 11 best: 230.1 mean: 304.7268656716418
gen: 12 best: 230.1 mean: 305.1462686567164
gen: 13 best: 230.1 mean: 304.10746268656715
gen: 14 best: 230.1 mean: 302.9691542288557
gen: 15 best: 230.1 mean: 303.60547263681593
gen: 16 best: 230.1 mean: 302.7
gen: 17 best: 230.1 mean: 302.4592039800995
gen: 18 best: 230.1 mean: 301.92985074626864
gen: 19 best: 230.1 mean: 300.6363184079602
gen: 20 best: 230.1 mean: 300.47910447761194
gen: 21 best: 230.1 mean: 299.53731343283584
gen: 22 best: 230.1 mean: 301.8960199004975
gen: 23 best: 230.1 mean: 298.9741293532338
gen: 24 best: 230.1 mean: 300.04477611940297
gen: 25 best: 230.1 mean: 300.8462686567164
gen: 26 best: 230.1 mean: 299.05273631840794
gen: 27 best: 230.1 mean: 298.69502487562187
gen: 28 best: 230.1 mean: 298.1283582089552
gen: 29 best: 230.1 mean: 299.36517412935325
gen: 30 best: 230.1 mean: 298.97114427860697
gen: 31 best: 230.1 mean: 298.5238805970149
gen: 32 best: 230.1 mean: 297.5537313432836
gen: 33 best: 230.1 mean: 297.636815920398
gen: 34 best: 230.1 mean: 297.163184079602
gen: 35 best: 230.1 mean: 295.58159203980097
gen: 36 best: 230.1 mean: 295.79800995024874
gen: 37 best: 230.1 mean: 296.22636815920396
gen: 38 best: 230.1 mean: 295.3512437810945
gen: 39 best: 230.1 mean: 294.6084577114428
gen: 40 best: 230.1 mean: 293.52487562189054
gen: 41 best: 230.1 mean: 292.8363184079602
gen: 42 best: 230.1 mean: 293.28507462686565
gen: 43 best: 230.1 mean: 294.3094527363184
gen: 44 best: 230.1 mean: 292.6855721393035
gen: 45 best: 230.1 mean: 292.0492537313433
gen: 46 best: 230.1 mean: 292.68955223880596
gen: 47 best: 230.1 mean: 292.09751243781096
gen: 48 best: 230.1 mean: 292.36915422885573
gen: 49 best: 230.1 mean: 291.7820895522388
gen: 50 best: 230.1 mean: 291.01940298507463
gen: 51 best: 230.1 mean: 291.252736318408
gen: 52 best: 230.1 mean: 292.518407960199
gen: 53 best: 230.1 mean: 292.2457711442786
gen: 54 best: 230.1 mean: 292.77213930348256
gen: 55 best: 230.1 mean: 290.87512437810943
gen >56, new best = 226.800
gen: 56 best: 226.8 mean: 290.1681592039801
gen: 57 best: 226.8 mean: 291.35820895522386
gen: 58 best: 226.8 mean: 289.4278606965174
gen: 59 best: 226.8 mean: 290.2233830845771
gen: 60 best: 226.8 mean: 289.15223880597017
gen: 61 best: 226.8 mean: 289.3422885572139
gen: 62 best: 226.8 mean: 288.62487562189057
gen: 63 best: 226.8 mean: 288.5452736318408
gen: 64 best: 226.8 mean: 288.36119402985076
gen: 65 best: 226.8 mean: 287.7412935323383
gen: 66 best: 226.8 mean: 288.0049751243781
gen: 67 best: 226.8 mean: 288.27412935323383
gen: 68 best: 226.8 mean: 288.1900497512438
gen: 69 best: 226.8 mean: 287.87810945273634
gen: 70 best: 226.8 mean: 287.5054726368159
gen: 71 best: 226.8 mean: 287.84527363184077
gen: 72 best: 226.8 mean: 287.82935323383083
gen: 73 best: 226.8 mean: 286.8512437810945
gen: 74 best: 226.8 mean: 287.03582089552236
gen: 75 best: 226.8 mean: 286.6273631840796
gen: 76 best: 226.8 mean: 286.37611940298507
gen: 77 best: 226.8 mean: 286.69303482587065
gen: 78 best: 226.8 mean: 285.8995024875622
gen >79, new best = 220.100
gen: 79 best: 220.1 mean: 285.8661691542288
gen: 80 best: 220.1 mean: 285.8388059701493
gen: 81 best: 220.1 mean: 286.5348258706468
gen: 82 best: 220.1 mean: 287.43134328358207
gen: 83 best: 220.1 mean: 286.1502487562189
gen >84, new best = 217.100
gen: 84 best: 217.1 mean: 286.2014925373134
gen: 85 best: 217.1 mean: 286.13084577114427
gen: 86 best: 217.1 mean: 285.70796019900496
gen: 87 best: 217.1 mean: 286.13432835820896
gen: 88 best: 217.1 mean: 285.9139303482587
gen: 89 best: 217.1 mean: 285.4766169154229
gen: 90 best: 217.1 mean: 286.00597014925376
gen: 91 best: 217.1 mean: 285.19353233830844
gen: 92 best: 217.1 mean: 284.60746268656715
gen: 93 best: 217.1 mean: 282.8273631840796
gen: 94 best: 217.1 mean: 283.6094527363184
gen: 95 best: 217.1 mean: 283.6577114427861
gen: 96 best: 217.1 mean: 283.97562189054725
gen: 97 best: 217.1 mean: 284.5766169154229
gen: 98 best: 217.1 mean: 284.6407960199005
gen: 99 best: 217.1 mean: 283.1233830845771
[10, 13, 10, 11, 10, 12, 11, 12, 11, 11, 10, 11, 11, 12, 12, 9, 10, 10, 9, 11, 12, 9, 9, 10, 10, 10, 10, 13, 11, 10, 10, 10, 11, 9, 12, 12, 11, 11, 11, 13, 10, 12, 11]
Test count of edges: 1565
cat
