Defaulting to user installation because normal site-packages is not writeable
Looking in links: /cvmfs/soft.computecanada.ca/custom/python/wheelhouse/gentoo/avx2, /cvmfs/soft.computecanada.ca/custom/python/wheelhouse/gentoo/generic, /cvmfs/soft.computecanada.ca/custom/python/wheelhouse/generic
Requirement already satisfied: graphviz in /home/js17sy/.local/lib/python3.10/site-packages (0.20)
69; python ga.py 18 512N_graph18.dat 0.025 0.01 0.5 0.9 0.1 201 512N_graph18strictgen3rem50_ 257049
/project/6008788/js17sy/reopenga/512c/ga.py:291: DeprecationWarning: Sampling from a set deprecated
since Python 3.9 and will be removed in a subsequent version.
  child1 = set(random.sample(
gen >0, new best = 313.500
gen >0, new best = 307.800
gen >0, new best = 302.400
gen >0, new best = 296.300
gen >0, new best = 283.800
gen >0, new best = 275.500
gen >0, new best = 273.300
gen: 0 best: 273.3 mean: 310.1442786069652
gen >1, new best = 272.400
gen >1, new best = 270.500
gen >1, new best = 261.500
gen: 1 best: 261.5 mean: 307.3482587064677
gen: 2 best: 261.5 mean: 307.3880597014925
gen: 3 best: 261.5 mean: 307.7223880597015
gen: 4 best: 261.5 mean: 306.88407960199004
gen >5, new best = 237.600
gen: 5 best: 237.6 mean: 306.9800995024876
gen: 6 best: 237.6 mean: 305.9985074626866
gen: 7 best: 237.6 mean: 303.1004975124378
gen: 8 best: 237.6 mean: 303.15721393034823
gen: 9 best: 237.6 mean: 302.9049751243781
gen: 10 best: 237.6 mean: 304.0477611940299
gen: 11 best: 237.6 mean: 301.26666666666665
gen: 12 best: 237.6 mean: 303.718407960199
gen: 13 best: 237.6 mean: 300.5641791044776
gen: 14 best: 237.6 mean: 302.81641791044774
gen: 15 best: 237.6 mean: 301.6318407960199
gen: 16 best: 237.6 mean: 299.93333333333334
gen: 17 best: 237.6 mean: 300.1611940298508
gen: 18 best: 237.6 mean: 298.9029850746269
gen: 19 best: 237.6 mean: 300.21890547263683
gen: 20 best: 237.6 mean: 297.5323383084577
gen: 21 best: 237.6 mean: 298.04825870646766
gen: 22 best: 237.6 mean: 298.4741293532338
gen: 23 best: 237.6 mean: 297.4925373134328
gen: 24 best: 237.6 mean: 297.8373134328358
gen: 25 best: 237.6 mean: 297.3243781094527
gen: 26 best: 237.6 mean: 297.00696517412933
gen: 27 best: 237.6 mean: 296.70995024875623
gen: 28 best: 237.6 mean: 297.02288557213933
gen: 29 best: 237.6 mean: 296.1870646766169
gen: 30 best: 237.6 mean: 294.82537313432834
gen: 31 best: 237.6 mean: 294.06119402985075
gen: 32 best: 237.6 mean: 293.37064676616916
gen: 33 best: 237.6 mean: 293.40696517412937
gen: 34 best: 237.6 mean: 292.6577114427861
gen: 35 best: 237.6 mean: 292.9721393034826
gen: 36 best: 237.6 mean: 291.80646766169156
gen: 37 best: 237.6 mean: 292.873631840796
gen: 38 best: 237.6 mean: 292.97860696517415
gen: 39 best: 237.6 mean: 290.87860696517413
gen: 40 best: 237.6 mean: 290.289552238806
gen: 41 best: 237.6 mean: 289.4651741293532
gen: 42 best: 237.6 mean: 289.96268656716416
gen: 43 best: 237.6 mean: 290.32487562189056
gen: 44 best: 237.6 mean: 288.66517412935326
gen: 45 best: 237.6 mean: 288.4820895522388
gen: 46 best: 237.6 mean: 288.6353233830846
gen: 47 best: 237.6 mean: 287.5348258706468
gen >48, new best = 235.800
gen: 48 best: 235.8 mean: 285.9681592039801
gen: 49 best: 235.8 mean: 287.6865671641791
gen: 50 best: 235.8 mean: 286.04278606965175
gen: 51 best: 235.8 mean: 286.0970149253731
gen: 52 best: 235.8 mean: 286.14328358208957
gen: 53 best: 235.8 mean: 286.22089552238805
gen: 54 best: 235.8 mean: 285.22636815920396
gen: 55 best: 235.8 mean: 285.1870646766169
gen: 56 best: 235.8 mean: 283.9099502487562
gen: 57 best: 235.8 mean: 283.34278606965177
gen: 58 best: 235.8 mean: 283.2562189054726
gen: 59 best: 235.8 mean: 282.57562189054727
gen: 60 best: 235.8 mean: 282.15820895522387
gen >61, new best = 220.800
gen: 61 best: 220.8 mean: 280.7592039800995
gen: 62 best: 220.8 mean: 282.0258706467662
gen: 63 best: 220.8 mean: 282.56169154228854
gen: 64 best: 220.8 mean: 281.06865671641793
gen: 65 best: 220.8 mean: 281.38905472636816
gen: 66 best: 220.8 mean: 281.7094527363184
gen: 67 best: 220.8 mean: 281.2636815920398
gen: 68 best: 220.8 mean: 280.0950248756219
gen: 69 best: 220.8 mean: 280.9810945273632
gen: 70 best: 220.8 mean: 279.6194029850746
gen: 71 best: 220.8 mean: 278.8228855721393
gen: 72 best: 220.8 mean: 280.91641791044776
gen: 73 best: 220.8 mean: 278.636815920398
gen: 74 best: 220.8 mean: 277.92885572139306
gen: 75 best: 220.8 mean: 278.0935323383085
gen: 76 best: 220.8 mean: 277.3318407960199
gen: 77 best: 220.8 mean: 277.62587064676615
gen: 78 best: 220.8 mean: 276.7223880597015
gen: 79 best: 220.8 mean: 276.61990049751245
gen: 80 best: 220.8 mean: 276.04129353233833
gen: 81 best: 220.8 mean: 276.8606965174129
gen: 82 best: 220.8 mean: 275.2502487562189
gen: 83 best: 220.8 mean: 275.5054726368159
gen: 84 best: 220.8 mean: 275.7179104477612
gen: 85 best: 220.8 mean: 274.7238805970149
gen: 86 best: 220.8 mean: 274.9860696517413
gen >87, new best = 220.000
gen: 87 best: 220.0 mean: 275.82686567164177
gen: 88 best: 220.0 mean: 275.88358208955225
gen: 89 best: 220.0 mean: 275.26666666666665
gen: 90 best: 220.0 mean: 275.2776119402985
gen: 91 best: 220.0 mean: 273.2582089552239
gen: 92 best: 220.0 mean: 276.2213930348259
gen: 93 best: 220.0 mean: 275.4597014925373
gen: 94 best: 220.0 mean: 274.48457711442785
gen: 95 best: 220.0 mean: 274.8129353233831
gen: 96 best: 220.0 mean: 274.81592039800995
gen: 97 best: 220.0 mean: 274.3870646766169
gen: 98 best: 220.0 mean: 274.2681592039801
gen: 99 best: 220.0 mean: 272.57114427860694
[11, 9, 11, 9, 13, 9, 12, 11, 11, 10, 9, 9, 10, 9, 10, 13, 11, 10, 10, 12, 12, 10, 10, 12, 11, 13, 11, 16, 9, 11, 10, 11, 10, 11, 11, 14, 10, 9, 11, 9, 11, 12, 10, 10, 11, 9]
Test count of edges: 1534
cat
