Defaulting to user installation because normal site-packages is not writeable
Looking in links: /cvmfs/soft.computecanada.ca/custom/python/wheelhouse/gentoo/avx2, /cvmfs/soft.computecanada.ca/custom/python/wheelhouse/gentoo/generic, /cvmfs/soft.computecanada.ca/custom/python/wheelhouse/generic
Requirement already satisfied: graphviz in /home/js17sy/.local/lib/python3.10/site-packages (0.20)
25; python ga.py 18 512N_graph18.dat 0.025 0.01 0.5 0.5 0.5 201 512N_graph18strictgen1rem50_ 714025
/project/6008788/js17sy/reopenga/512c/ga.py:291: DeprecationWarning: Sampling from a set deprecated
since Python 3.9 and will be removed in a subsequent version.
  child1 = set(random.sample(
gen >0, new best = 313.100
gen >0, new best = 309.700
gen >0, new best = 308.500
gen >0, new best = 303.200
gen >0, new best = 281.800
gen >0, new best = 277.600
gen >0, new best = 271.500
gen >0, new best = 270.300
gen: 0 best: 270.3 mean: 309.9502487562189
gen >1, new best = 262.900
gen: 1 best: 262.9 mean: 308.8482587064677
gen: 2 best: 262.9 mean: 307.8990049751244
gen >3, new best = 237.600
gen: 3 best: 237.6 mean: 307.2358208955224
gen: 4 best: 237.6 mean: 306.46965174129355
gen: 5 best: 237.6 mean: 305.37412935323385
gen: 6 best: 237.6 mean: 305.85671641791043
gen: 7 best: 237.6 mean: 304.91691542288555
gen: 8 best: 237.6 mean: 306.0129353233831
gen: 9 best: 237.6 mean: 304.70298507462684
gen: 10 best: 237.6 mean: 304.3228855721393
gen: 11 best: 237.6 mean: 304.0074626865672
gen: 12 best: 237.6 mean: 302.88009950248755
gen: 13 best: 237.6 mean: 302.02039800995027
gen: 14 best: 237.6 mean: 303.06069651741296
gen: 15 best: 237.6 mean: 301.2144278606965
gen: 16 best: 237.6 mean: 301.67910447761193
gen: 17 best: 237.6 mean: 301.38706467661694
gen: 18 best: 237.6 mean: 301.97363184079603
gen: 19 best: 237.6 mean: 299.8830845771144
gen >20, new best = 225.900
gen: 20 best: 225.9 mean: 300.136815920398
gen: 21 best: 225.9 mean: 299.38955223880595
gen: 22 best: 225.9 mean: 298.34179104477613
gen: 23 best: 225.9 mean: 298.52835820895524
gen: 24 best: 225.9 mean: 297.9800995024876
gen: 25 best: 225.9 mean: 297.99900497512436
gen: 26 best: 225.9 mean: 298.1174129353234
gen: 27 best: 225.9 mean: 296.49751243781094
gen: 28 best: 225.9 mean: 296.8676616915423
gen: 29 best: 225.9 mean: 297.63283582089554
gen: 30 best: 225.9 mean: 295.9965174129353
gen: 31 best: 225.9 mean: 296.01542288557215
gen: 32 best: 225.9 mean: 295.8412935323383
gen: 33 best: 225.9 mean: 295.6671641791045
gen: 34 best: 225.9 mean: 296.40149253731346
gen: 35 best: 225.9 mean: 293.46666666666664
gen: 36 best: 225.9 mean: 294.83482587064674
gen: 37 best: 225.9 mean: 293.8044776119403
gen: 38 best: 225.9 mean: 292.7
gen: 39 best: 225.9 mean: 292.16517412935326
gen: 40 best: 225.9 mean: 293.0328358208955
gen: 41 best: 225.9 mean: 293.25572139303483
gen: 42 best: 225.9 mean: 292.3542288557214
gen: 43 best: 225.9 mean: 292.03432835820894
gen: 44 best: 225.9 mean: 290.6721393034826
gen: 45 best: 225.9 mean: 289.84875621890546
gen: 46 best: 225.9 mean: 291.7761194029851
gen: 47 best: 225.9 mean: 290.57960199004975
gen: 48 best: 225.9 mean: 291.5109452736318
gen: 49 best: 225.9 mean: 291.09402985074627
gen: 50 best: 225.9 mean: 289.7621890547264
gen: 51 best: 225.9 mean: 289.6273631840796
gen: 52 best: 225.9 mean: 289.8407960199005
gen: 53 best: 225.9 mean: 288.5144278606965
gen: 54 best: 225.9 mean: 287.7313432835821
gen: 55 best: 225.9 mean: 288.5328358208955
gen: 56 best: 225.9 mean: 288.15621890547266
gen: 57 best: 225.9 mean: 288.7174129353234
gen: 58 best: 225.9 mean: 287.6119402985075
gen: 59 best: 225.9 mean: 286.1233830845771
gen: 60 best: 225.9 mean: 286.53731343283584
gen: 61 best: 225.9 mean: 286.52039800995027
gen >62, new best = 222.100
gen: 62 best: 222.1 mean: 287.2253731343284
gen: 63 best: 222.1 mean: 287.7044776119403
gen: 64 best: 222.1 mean: 287.9
gen: 65 best: 222.1 mean: 287.21492537313435
gen: 66 best: 222.1 mean: 286.6557213930348
gen: 67 best: 222.1 mean: 286.944776119403
gen: 68 best: 222.1 mean: 287.04676616915424
gen: 69 best: 222.1 mean: 287.3442786069652
gen: 70 best: 222.1 mean: 286.6925373134328
gen: 71 best: 222.1 mean: 285.67512437810944
gen: 72 best: 222.1 mean: 286.16616915422884
gen: 73 best: 222.1 mean: 285.6059701492537
gen: 74 best: 222.1 mean: 284.68059701492535
gen: 75 best: 222.1 mean: 285.9905472636816
gen: 76 best: 222.1 mean: 287.36517412935325
gen >77, new best = 216.300
gen: 77 best: 216.3 mean: 285.74228855721395
gen: 78 best: 216.3 mean: 285.5223880597015
gen: 79 best: 216.3 mean: 286.3
gen: 80 best: 216.3 mean: 286.7283582089552
gen: 81 best: 216.3 mean: 286.8865671641791
gen: 82 best: 216.3 mean: 285.19751243781093
gen: 83 best: 216.3 mean: 285.3532338308458
gen: 84 best: 216.3 mean: 285.75671641791047
gen: 85 best: 216.3 mean: 286.59751243781096
gen: 86 best: 216.3 mean: 286.80696517412935
gen: 87 best: 216.3 mean: 285.71890547263683
gen: 88 best: 216.3 mean: 285.1860696517413
gen: 89 best: 216.3 mean: 286.5308457711443
gen: 90 best: 216.3 mean: 286.1597014925373
gen: 91 best: 216.3 mean: 284.77562189054726
gen: 92 best: 216.3 mean: 286.24228855721395
gen: 93 best: 216.3 mean: 284.1855721393035
gen: 94 best: 216.3 mean: 285.8004975124378
gen: 95 best: 216.3 mean: 285.29353233830847
gen: 96 best: 216.3 mean: 285.80298507462686
gen: 97 best: 216.3 mean: 285.3407960199005
gen: 98 best: 216.3 mean: 284.3422885572139
gen: 99 best: 216.3 mean: 284.73383084577114
[12, 9, 11, 10, 11, 10, 12, 10, 14, 11, 10, 10, 11, 12, 11, 12, 11, 11, 12, 10, 14, 10, 10, 11, 14, 11, 12, 15, 11, 11, 10, 9, 12, 12, 11, 10, 12, 14, 16, 12, 11, 13, 11, 16, 10, 12, 10]
Test count of edges: 1561
cat
