Defaulting to user installation because normal site-packages is not writeable
Looking in links: /cvmfs/soft.computecanada.ca/custom/python/wheelhouse/gentoo/avx2, /cvmfs/soft.computecanada.ca/custom/python/wheelhouse/gentoo/generic, /cvmfs/soft.computecanada.ca/custom/python/wheelhouse/generic
Requirement already satisfied: graphviz in /home/js17sy/.local/lib/python3.10/site-packages (0.20)
658; python ga.py 18 512N_graph18.dat 0.1 0.04 0.7 0.5 0.5 201 512N_graph18leerygen1rem70_ 799708
/project/6008788/js17sy/reopenga/512c/ga.py:291: DeprecationWarning: Sampling from a set deprecated
since Python 3.9 and will be removed in a subsequent version.
  child1 = set(random.sample(
gen >0, new best = 355.500
gen >0, new best = 331.300
gen >0, new best = 313.100
gen >0, new best = 310.400
gen >0, new best = 307.400
gen >0, new best = 296.100
gen >0, new best = 276.800
gen: 0 best: 276.8 mean: 330.41169154228857
gen: 1 best: 276.8 mean: 328.32139303482586
gen >2, new best = 276.000
gen: 2 best: 276.0 mean: 326.5497512437811
gen: 3 best: 276.0 mean: 326.94726368159206
gen: 4 best: 276.0 mean: 325.2094527363184
gen: 5 best: 276.0 mean: 324.2363184079602
gen >6, new best = 272.500
gen: 6 best: 272.5 mean: 322.6149253731343
gen: 7 best: 272.5 mean: 322.95721393034825
gen: 8 best: 272.5 mean: 321.37860696517413
gen: 9 best: 272.5 mean: 319.54825870646766
gen: 10 best: 272.5 mean: 320.3537313432836
gen >11, new best = 251.300
gen: 11 best: 251.3 mean: 320.13781094527366
gen: 12 best: 251.3 mean: 318.1457711442786
gen: 13 best: 251.3 mean: 318.4537313432836
gen: 14 best: 251.3 mean: 317.3054726368159
gen: 15 best: 251.3 mean: 317.41592039801
gen: 16 best: 251.3 mean: 316.16567164179105
gen: 17 best: 251.3 mean: 315.8970149253731
gen: 18 best: 251.3 mean: 314.42537313432837
gen: 19 best: 251.3 mean: 315.1442786069652
gen: 20 best: 251.3 mean: 314.37860696517413
gen: 21 best: 251.3 mean: 314.52139303482585
gen: 22 best: 251.3 mean: 313.54278606965175
gen: 23 best: 251.3 mean: 311.28805970149256
gen: 24 best: 251.3 mean: 313.81641791044774
gen >25, new best = 246.800
gen >25, new best = 232.100
gen: 25 best: 232.1 mean: 312.11442786069654
gen: 26 best: 232.1 mean: 313.06517412935324
gen: 27 best: 232.1 mean: 310.12885572139305
gen: 28 best: 232.1 mean: 310.2492537313433
gen: 29 best: 232.1 mean: 310.107960199005
gen: 30 best: 232.1 mean: 310.0318407960199
gen: 31 best: 232.1 mean: 310.4995024875622
gen: 32 best: 232.1 mean: 308.05572139303484
gen: 33 best: 232.1 mean: 309.0407960199005
gen: 34 best: 232.1 mean: 308.5751243781095
gen: 35 best: 232.1 mean: 308.77412935323383
gen: 36 best: 232.1 mean: 309.4820895522388
gen: 37 best: 232.1 mean: 308.40547263681594
gen: 38 best: 232.1 mean: 306.9950248756219
gen: 39 best: 232.1 mean: 307.6781094527363
gen: 40 best: 232.1 mean: 307.934328358209
gen: 41 best: 232.1 mean: 305.5318407960199
gen: 42 best: 232.1 mean: 305.93681592039803
gen: 43 best: 232.1 mean: 306.8820895522388
gen: 44 best: 232.1 mean: 307.118407960199
gen: 45 best: 232.1 mean: 307.4925373134328
gen: 46 best: 232.1 mean: 303.2089552238806
gen: 47 best: 232.1 mean: 305.6313432835821
gen: 48 best: 232.1 mean: 306.8542288557214
gen: 49 best: 232.1 mean: 303.16567164179105
gen: 50 best: 232.1 mean: 303.3771144278607
gen: 51 best: 232.1 mean: 304.5910447761194
gen: 52 best: 232.1 mean: 303.6855721393035
gen: 53 best: 232.1 mean: 305.4830845771144
gen >54, new best = 230.800
gen: 54 best: 230.8 mean: 304.636815920398
gen: 55 best: 230.8 mean: 304.6442786069652
gen: 56 best: 230.8 mean: 302.6457711442786
gen: 57 best: 230.8 mean: 303.76666666666665
gen: 58 best: 230.8 mean: 303.76169154228853
gen: 59 best: 230.8 mean: 303.05621890547263
gen: 60 best: 230.8 mean: 303.4686567164179
gen: 61 best: 230.8 mean: 302.02537313432833
gen: 62 best: 230.8 mean: 302.58407960199
gen: 63 best: 230.8 mean: 302.4457711442786
gen: 64 best: 230.8 mean: 302.7452736318408
gen: 65 best: 230.8 mean: 302.5348258706468
gen: 66 best: 230.8 mean: 300.64179104477614
gen: 67 best: 230.8 mean: 301.2910447761194
gen: 68 best: 230.8 mean: 302.78507462686565
gen: 69 best: 230.8 mean: 301.54825870646766
gen: 70 best: 230.8 mean: 300.58009950248754
gen: 71 best: 230.8 mean: 299.1761194029851
gen: 72 best: 230.8 mean: 300.94825870646764
gen: 73 best: 230.8 mean: 299.9686567164179
gen: 74 best: 230.8 mean: 299.6243781094527
gen: 75 best: 230.8 mean: 297.91990049751246
gen: 76 best: 230.8 mean: 300.55273631840794
gen: 77 best: 230.8 mean: 298.44776119402985
gen: 78 best: 230.8 mean: 299.0995024875622
gen: 79 best: 230.8 mean: 297.6850746268657
gen: 80 best: 230.8 mean: 299.73880597014926
gen: 81 best: 230.8 mean: 298.54676616915424
gen: 82 best: 230.8 mean: 298.6024875621891
gen: 83 best: 230.8 mean: 298.52636815920397
gen: 84 best: 230.8 mean: 297.84179104477613
gen: 85 best: 230.8 mean: 296.59402985074627
gen: 86 best: 230.8 mean: 299.31592039800995
gen: 87 best: 230.8 mean: 297.80149253731344
gen: 88 best: 230.8 mean: 296.25373134328356
gen: 89 best: 230.8 mean: 298.6457711442786
gen: 90 best: 230.8 mean: 297.218407960199
gen: 91 best: 230.8 mean: 297.3278606965174
gen: 92 best: 230.8 mean: 298.25721393034826
gen: 93 best: 230.8 mean: 298.74825870646765
gen: 94 best: 230.8 mean: 297.94278606965173
gen: 95 best: 230.8 mean: 298.6641791044776
gen: 96 best: 230.8 mean: 297.58855721393036
gen: 97 best: 230.8 mean: 297.26169154228853
gen: 98 best: 230.8 mean: 297.06318407960197
gen: 99 best: 230.8 mean: 297.7492537313433
[9, 9, 8, 8, 7, 7, 9, 9, 7, 8, 7, 7, 7, 8, 8, 7, 8, 10, 7, 7, 7, 7, 8, 8, 7, 8, 7, 7, 8, 8, 8, 11, 9, 9, 6, 6, 8, 9, 9, 8, 7, 7, 7, 8, 7, 8, 8, 8, 7]
Test count of edges: 940
cat
