Defaulting to user installation because normal site-packages is not writeable
Looking in links: /cvmfs/soft.computecanada.ca/custom/python/wheelhouse/gentoo/avx2, /cvmfs/soft.computecanada.ca/custom/python/wheelhouse/gentoo/generic, /cvmfs/soft.computecanada.ca/custom/python/wheelhouse/generic
Requirement already satisfied: graphviz in /home/js17sy/.local/lib/python3.10/site-packages (0.20)
382; python ga.py 18 512N_graph18.dat 0.075 0.03 0.5 0.5 0.5 201 512N_graph18laxgen1rem50_ 628342
/project/6008788/js17sy/reopenga/512c/ga.py:291: DeprecationWarning: Sampling from a set deprecated
since Python 3.9 and will be removed in a subsequent version.
  child1 = set(random.sample(
gen >0, new best = 350.100
gen >0, new best = 336.100
gen >0, new best = 328.600
gen >0, new best = 326.900
gen >0, new best = 309.000
gen >0, new best = 307.700
gen >0, new best = 306.200
gen >0, new best = 303.300
gen: 0 best: 303.3 mean: 339.32562189054727
gen >1, new best = 302.700
gen >1, new best = 300.200
gen: 1 best: 300.2 mean: 338.19701492537314
gen >2, new best = 296.800
gen: 2 best: 296.8 mean: 338.62935323383084
gen: 3 best: 296.8 mean: 338.0681592039801
gen >4, new best = 285.400
gen: 4 best: 285.4 mean: 336.9960199004975
gen: 5 best: 285.4 mean: 336.3771144278607
gen: 6 best: 285.4 mean: 335.7676616915423
gen: 7 best: 285.4 mean: 335.4179104477612
gen: 8 best: 285.4 mean: 335.9890547263682
gen: 9 best: 285.4 mean: 334.8228855721393
gen: 10 best: 285.4 mean: 335.12039800995024
gen: 11 best: 285.4 mean: 333.7
gen: 12 best: 285.4 mean: 333.63980099502487
gen: 13 best: 285.4 mean: 334.4358208955224
gen >14, new best = 272.700
gen: 14 best: 272.7 mean: 333.19651741293535
gen: 15 best: 272.7 mean: 333.82139303482586
gen: 16 best: 272.7 mean: 331.56119402985075
gen: 17 best: 272.7 mean: 333.19701492537314
gen: 18 best: 272.7 mean: 331.5293532338309
gen: 19 best: 272.7 mean: 331.4119402985075
gen: 20 best: 272.7 mean: 332.547263681592
gen >21, new best = 269.200
gen: 21 best: 269.2 mean: 330.8721393034826
gen: 22 best: 269.2 mean: 331.0626865671642
gen: 23 best: 269.2 mean: 332.02636815920397
gen: 24 best: 269.2 mean: 331.4218905472637
gen: 25 best: 269.2 mean: 330.68009950248756
gen: 26 best: 269.2 mean: 330.34278606965177
gen: 27 best: 269.2 mean: 331.1373134328358
gen >28, new best = 256.600
gen: 28 best: 256.6 mean: 330.50696517412933
gen: 29 best: 256.6 mean: 330.25373134328356
gen: 30 best: 256.6 mean: 329.5437810945274
gen: 31 best: 256.6 mean: 330.1855721393035
gen: 32 best: 256.6 mean: 330.1318407960199
gen: 33 best: 256.6 mean: 330.0437810945274
gen: 34 best: 256.6 mean: 327.9398009950249
gen: 35 best: 256.6 mean: 329.27512437810947
gen: 36 best: 256.6 mean: 329.326368159204
gen: 37 best: 256.6 mean: 328.2910447761194
gen: 38 best: 256.6 mean: 328.3686567164179
gen: 39 best: 256.6 mean: 327.4582089552239
gen: 40 best: 256.6 mean: 326.75671641791047
gen: 41 best: 256.6 mean: 328.6189054726368
gen: 42 best: 256.6 mean: 326.8258706467662
gen: 43 best: 256.6 mean: 327.9004975124378
gen: 44 best: 256.6 mean: 327.91293532338307
gen: 45 best: 256.6 mean: 328.51741293532336
gen: 46 best: 256.6 mean: 326.9810945273632
gen: 47 best: 256.6 mean: 327.93532338308455
gen: 48 best: 256.6 mean: 325.97114427860697
gen: 49 best: 256.6 mean: 326.95721393034825
gen: 50 best: 256.6 mean: 326.91492537313434
gen: 51 best: 256.6 mean: 326.63980099502487
gen: 52 best: 256.6 mean: 325.907960199005
gen: 53 best: 256.6 mean: 324.70049751243783
gen: 54 best: 256.6 mean: 325.3572139303483
gen: 55 best: 256.6 mean: 324.67114427860696
gen: 56 best: 256.6 mean: 326.7213930348259
gen: 57 best: 256.6 mean: 325.6228855721393
gen: 58 best: 256.6 mean: 326.5129353233831
gen >59, new best = 254.400
gen: 59 best: 254.4 mean: 326.18009950248756
gen: 60 best: 254.4 mean: 326.71542288557214
gen: 61 best: 254.4 mean: 326.38557213930346
gen: 62 best: 254.4 mean: 326.67313432835823
gen: 63 best: 254.4 mean: 326.6557213930348
gen: 64 best: 254.4 mean: 325.8572139303483
gen: 65 best: 254.4 mean: 324.6487562189055
gen: 66 best: 254.4 mean: 325.6333333333333
gen: 67 best: 254.4 mean: 324.9412935323383
gen: 68 best: 254.4 mean: 326.18009950248756
gen: 69 best: 254.4 mean: 326.3915422885572
gen: 70 best: 254.4 mean: 324.2835820895522
gen: 71 best: 254.4 mean: 326.55771144278606
gen: 72 best: 254.4 mean: 327.2492537313433
gen: 73 best: 254.4 mean: 325.0049751243781
gen: 74 best: 254.4 mean: 325.0726368159204
gen: 75 best: 254.4 mean: 324.0601990049751
gen: 76 best: 254.4 mean: 324.66766169154226
gen: 77 best: 254.4 mean: 324.81542288557216
gen: 78 best: 254.4 mean: 325.02985074626866
gen: 79 best: 254.4 mean: 323.8228855721393
gen: 80 best: 254.4 mean: 323.91293532338307
gen: 81 best: 254.4 mean: 324.53880597014927
gen: 82 best: 254.4 mean: 323.92935323383085
gen: 83 best: 254.4 mean: 325.39353233830843
gen: 84 best: 254.4 mean: 324.83034825870647
gen: 85 best: 254.4 mean: 324.9049751243781
gen: 86 best: 254.4 mean: 322.7930348258706
gen: 87 best: 254.4 mean: 324.73930348258705
gen: 88 best: 254.4 mean: 323.2467661691542
gen: 89 best: 254.4 mean: 322.7412935323383
gen: 90 best: 254.4 mean: 323.9248756218905
gen: 91 best: 254.4 mean: 324.1771144278607
gen: 92 best: 254.4 mean: 323.7089552238806
gen: 93 best: 254.4 mean: 324.72039800995026
gen: 94 best: 254.4 mean: 322.7
gen: 95 best: 254.4 mean: 323.1955223880597
gen: 96 best: 254.4 mean: 321.8940298507463
gen: 97 best: 254.4 mean: 322.7825870646766
gen: 98 best: 254.4 mean: 323.7398009950249
gen: 99 best: 254.4 mean: 322.60348258706466
[9, 11, 9, 9, 8, 9, 13, 8, 9, 8, 9, 11, 9, 9, 8, 9, 9, 10, 9, 9, 12, 10, 8, 8, 9, 9, 8, 10, 9, 8, 8, 10, 9, 10, 9, 8, 8, 8, 9, 9, 9, 9, 9, 9, 9, 9, 9]
Test count of edges: 1552
cat
