Defaulting to user installation because normal site-packages is not writeable
Looking in links: /cvmfs/soft.computecanada.ca/custom/python/wheelhouse/gentoo/avx2, /cvmfs/soft.computecanada.ca/custom/python/wheelhouse/gentoo/generic, /cvmfs/soft.computecanada.ca/custom/python/wheelhouse/generic
Requirement already satisfied: graphviz in /home/js17sy/.local/lib/python3.10/site-packages (0.20)
613; python ga.py 3 512N_graph3.dat 0.1 0.04 0.5 0.9 0.1 201 512N_graph3leerygen3rem50_ 371293
/project/6008788/js17sy/reopenga/512a/ga.py:291: DeprecationWarning: Sampling from a set deprecated
since Python 3.9 and will be removed in a subsequent version.
  child1 = set(random.sample(
gen >0, new best = 358.000
gen >0, new best = 354.300
gen >0, new best = 349.100
gen >0, new best = 331.300
gen: 0 best: 331.3 mean: 358.57935323383083
gen >1, new best = 327.300
gen >1, new best = 325.200
gen >1, new best = 322.300
gen: 1 best: 322.3 mean: 357.84676616915425
gen: 2 best: 322.3 mean: 357.23034825870644
gen >3, new best = 322.200
gen: 3 best: 322.2 mean: 356.8646766169154
gen >4, new best = 294.600
gen: 4 best: 294.6 mean: 355.9950248756219
gen: 5 best: 294.6 mean: 355.9671641791045
gen: 6 best: 294.6 mean: 356.14726368159205
gen: 7 best: 294.6 mean: 356.4676616915423
gen: 8 best: 294.6 mean: 356.0199004975124
gen: 9 best: 294.6 mean: 354.173631840796
gen >10, new best = 284.300
gen: 10 best: 284.3 mean: 353.463184079602
gen: 11 best: 284.3 mean: 354.31592039800995
gen: 12 best: 284.3 mean: 353.9378109452736
gen: 13 best: 284.3 mean: 353.4139303482587
gen: 14 best: 284.3 mean: 352.3776119402985
gen: 15 best: 284.3 mean: 353.06119402985075
gen: 16 best: 284.3 mean: 352.1134328358209
gen: 17 best: 284.3 mean: 352.236815920398
gen: 18 best: 284.3 mean: 351.7746268656716
gen: 19 best: 284.3 mean: 351.17512437810944
gen: 20 best: 284.3 mean: 352.5044776119403
gen: 21 best: 284.3 mean: 350.20995024875623
gen: 22 best: 284.3 mean: 350.0084577114428
gen: 23 best: 284.3 mean: 350.3144278606965
gen: 24 best: 284.3 mean: 349.82686567164177
gen: 25 best: 284.3 mean: 349.30149253731344
gen: 26 best: 284.3 mean: 347.88855721393037
gen: 27 best: 284.3 mean: 349.43880597014925
gen: 28 best: 284.3 mean: 348.018407960199
gen: 29 best: 284.3 mean: 348.0507462686567
gen: 30 best: 284.3 mean: 347.9
gen: 31 best: 284.3 mean: 347.50099502487564
gen: 32 best: 284.3 mean: 348.7213930348259
gen: 33 best: 284.3 mean: 346.8318407960199
gen: 34 best: 284.3 mean: 346.9820895522388
gen: 35 best: 284.3 mean: 345.92985074626864
gen: 36 best: 284.3 mean: 345.5353233830846
gen: 37 best: 284.3 mean: 345.218407960199
gen: 38 best: 284.3 mean: 344.9691542288557
gen >39, new best = 276.300
gen: 39 best: 276.3 mean: 344.9064676616915
gen: 40 best: 276.3 mean: 344.05174129353236
gen: 41 best: 276.3 mean: 345.3298507462687
gen: 42 best: 276.3 mean: 344.44228855721394
gen: 43 best: 276.3 mean: 343.7965174129353
gen: 44 best: 276.3 mean: 343.64776119402984
gen: 45 best: 276.3 mean: 343.76467661691544
gen: 46 best: 276.3 mean: 343.07562189054727
gen: 47 best: 276.3 mean: 342.92985074626864
gen: 48 best: 276.3 mean: 341.8462686567164
gen: 49 best: 276.3 mean: 342.58009950248754
gen: 50 best: 276.3 mean: 341.9432835820896
gen: 51 best: 276.3 mean: 341.9248756218905
gen: 52 best: 276.3 mean: 342.03383084577115
gen: 53 best: 276.3 mean: 342.5044776119403
gen: 54 best: 276.3 mean: 340.7402985074627
gen: 55 best: 276.3 mean: 341.17661691542287
gen: 56 best: 276.3 mean: 340.7492537313433
gen: 57 best: 276.3 mean: 340.20646766169153
gen: 58 best: 276.3 mean: 340.0318407960199
gen: 59 best: 276.3 mean: 339.53731343283584
gen: 60 best: 276.3 mean: 339.3825870646766
gen: 61 best: 276.3 mean: 338.81194029850747
gen: 62 best: 276.3 mean: 338.43830845771146
gen: 63 best: 276.3 mean: 339.4318407960199
gen: 64 best: 276.3 mean: 340.144776119403
gen: 65 best: 276.3 mean: 338.90696517412937
gen: 66 best: 276.3 mean: 338.53383084577115
gen: 67 best: 276.3 mean: 338.15721393034823
gen: 68 best: 276.3 mean: 337.6487562189055
gen: 69 best: 276.3 mean: 338.48805970149255
gen: 70 best: 276.3 mean: 338.3203980099502
gen: 71 best: 276.3 mean: 337.9283582089552
gen: 72 best: 276.3 mean: 338.2771144278607
gen: 73 best: 276.3 mean: 337.3223880597015
gen: 74 best: 276.3 mean: 338.3228855721393
gen: 75 best: 276.3 mean: 338.87114427860695
gen: 76 best: 276.3 mean: 337.6303482587065
gen: 77 best: 276.3 mean: 337.9502487562189
gen: 78 best: 276.3 mean: 337.81592039800995
gen: 79 best: 276.3 mean: 337.5353233830846
gen: 80 best: 276.3 mean: 337.7562189054726
gen: 81 best: 276.3 mean: 337.67910447761193
gen: 82 best: 276.3 mean: 336.93532338308455
gen: 83 best: 276.3 mean: 336.40696517412937
gen: 84 best: 276.3 mean: 336.607960199005
gen: 85 best: 276.3 mean: 335.71343283582087
gen: 86 best: 276.3 mean: 335.4965174129353
gen: 87 best: 276.3 mean: 336.1900497512438
gen: 88 best: 276.3 mean: 336.55273631840794
gen: 89 best: 276.3 mean: 336.29353233830847
gen: 90 best: 276.3 mean: 335.9373134328358
gen: 91 best: 276.3 mean: 335.33233830845774
gen: 92 best: 276.3 mean: 335.6611940298507
gen: 93 best: 276.3 mean: 335.4134328358209
gen: 94 best: 276.3 mean: 335.1761194029851
gen: 95 best: 276.3 mean: 335.2084577114428
gen: 96 best: 276.3 mean: 335.3353233830846
gen: 97 best: 276.3 mean: 334.8830845771144
gen: 98 best: 276.3 mean: 334.4691542288557
gen: 99 best: 276.3 mean: 334.4726368159204
[9, 8, 9, 8, 9, 9, 9, 7, 8, 9, 8, 9, 8, 8, 8, 9, 9, 8, 8, 9, 7, 8, 9, 8, 7, 8, 8, 7, 8, 8, 8, 8, 8, 7, 8, 8, 8, 10, 9, 7, 8, 9]
Test count of edges: 1563
cat
