Defaulting to user installation because normal site-packages is not writeable
Looking in links: /cvmfs/soft.computecanada.ca/custom/python/wheelhouse/gentoo/avx2, /cvmfs/soft.computecanada.ca/custom/python/wheelhouse/gentoo/generic, /cvmfs/soft.computecanada.ca/custom/python/wheelhouse/generic
Requirement already satisfied: graphviz in /home/js17sy/.local/lib/python3.10/site-packages (0.20)
517; python ga.py 3 512N_graph3.dat 0.075 0.03 0.7 0.9 0.1 201 512N_graph3laxgen3rem70_ 199927
/project/6008788/js17sy/reopenga/512a/ga.py:291: DeprecationWarning: Sampling from a set deprecated
since Python 3.9 and will be removed in a subsequent version.
  child1 = set(random.sample(
gen >0, new best = 322.600
gen >0, new best = 311.600
gen >0, new best = 302.400
gen >0, new best = 292.200
gen: 0 best: 292.2 mean: 328.46691542288556
gen >1, new best = 280.100
gen: 1 best: 280.1 mean: 323.67313432835823
gen >2, new best = 280.000
gen: 2 best: 280.0 mean: 320.2592039800995
gen >3, new best = 278.600
gen: 3 best: 278.6 mean: 320.8502487562189
gen: 4 best: 278.6 mean: 320.4223880597015
gen >5, new best = 277.900
gen: 5 best: 277.9 mean: 317.27512437810947
gen: 6 best: 277.9 mean: 316.7039800995025
gen >7, new best = 256.800
gen: 7 best: 256.8 mean: 316.29950248756217
gen: 8 best: 256.8 mean: 313.55771144278606
gen: 9 best: 256.8 mean: 313.2825870646766
gen: 10 best: 256.8 mean: 312.78109452736317
gen: 11 best: 256.8 mean: 310.9950248756219
gen: 12 best: 256.8 mean: 308.97363184079603
gen >13, new best = 248.600
gen: 13 best: 248.6 mean: 310.72089552238805
gen: 14 best: 248.6 mean: 307.107960199005
gen: 15 best: 248.6 mean: 306.08009950248754
gen: 16 best: 248.6 mean: 303.6099502487562
gen: 17 best: 248.6 mean: 301.9094527363184
gen: 18 best: 248.6 mean: 303.46119402985073
gen: 19 best: 248.6 mean: 300.80248756218907
gen: 20 best: 248.6 mean: 300.43333333333334
gen: 21 best: 248.6 mean: 299.52537313432833
gen: 22 best: 248.6 mean: 299.28507462686565
gen: 23 best: 248.6 mean: 299.6701492537313
gen >24, new best = 239.500
gen: 24 best: 239.5 mean: 297.0676616915423
gen: 25 best: 239.5 mean: 296.95721393034825
gen: 26 best: 239.5 mean: 294.907960199005
gen: 27 best: 239.5 mean: 294.61641791044775
gen: 28 best: 239.5 mean: 294.6825870646766
gen: 29 best: 239.5 mean: 291.76666666666665
gen: 30 best: 239.5 mean: 293.2582089552239
gen: 31 best: 239.5 mean: 293.48059701492537
gen: 32 best: 239.5 mean: 290.74328358208953
gen: 33 best: 239.5 mean: 295.24228855721395
gen: 34 best: 239.5 mean: 291.77960199004974
gen: 35 best: 239.5 mean: 292.78905472636814
gen: 36 best: 239.5 mean: 292.0238805970149
gen: 37 best: 239.5 mean: 291.5995024875622
gen: 38 best: 239.5 mean: 291.8497512437811
gen: 39 best: 239.5 mean: 291.90796019900495
gen: 40 best: 239.5 mean: 291.11592039800996
gen: 41 best: 239.5 mean: 291.4671641791045
gen: 42 best: 239.5 mean: 291.3502487562189
gen: 43 best: 239.5 mean: 290.05572139303484
gen: 44 best: 239.5 mean: 289.747263681592
gen: 45 best: 239.5 mean: 287.94029850746267
gen: 46 best: 239.5 mean: 288.4835820895522
gen: 47 best: 239.5 mean: 289.3641791044776
gen: 48 best: 239.5 mean: 287.0567164179104
gen: 49 best: 239.5 mean: 285.0318407960199
gen: 50 best: 239.5 mean: 288.38955223880595
gen >51, new best = 238.800
gen: 51 best: 238.8 mean: 286.29253731343283
gen: 52 best: 238.8 mean: 286.22388059701495
gen: 53 best: 238.8 mean: 287.4925373134328
gen: 54 best: 238.8 mean: 284.9646766169154
gen: 55 best: 238.8 mean: 284.60646766169157
gen: 56 best: 238.8 mean: 284.3805970149254
gen: 57 best: 238.8 mean: 284.0587064676617
gen: 58 best: 238.8 mean: 284.35970149253734
gen >59, new best = 238.300
gen: 59 best: 238.3 mean: 285.4004975124378
gen: 60 best: 238.3 mean: 284.3542288557214
gen: 61 best: 238.3 mean: 284.61592039800996
gen: 62 best: 238.3 mean: 283.52288557213933
gen: 63 best: 238.3 mean: 282.9830845771144
gen: 64 best: 238.3 mean: 282.3626865671642
gen: 65 best: 238.3 mean: 282.9213930348259
gen: 66 best: 238.3 mean: 284.25373134328356
gen >67, new best = 236.500
gen: 67 best: 236.5 mean: 282.3696517412935
gen: 68 best: 236.5 mean: 282.35820895522386
gen >69, new best = 234.700
gen: 69 best: 234.7 mean: 282.02636815920397
gen: 70 best: 234.7 mean: 281.926368159204
gen: 71 best: 234.7 mean: 282.1099502487562
gen: 72 best: 234.7 mean: 280.2124378109453
gen: 73 best: 234.7 mean: 280.65223880597017
gen: 74 best: 234.7 mean: 282.58009950248754
gen: 75 best: 234.7 mean: 279.40398009950246
gen: 76 best: 234.7 mean: 281.126368159204
gen: 77 best: 234.7 mean: 279.2651741293532
gen: 78 best: 234.7 mean: 278.2124378109453
gen: 79 best: 234.7 mean: 280.5273631840796
gen: 80 best: 234.7 mean: 278.09800995024875
gen: 81 best: 234.7 mean: 279.12587064676615
gen: 82 best: 234.7 mean: 278.80348258706465
gen: 83 best: 234.7 mean: 278.86169154228855
gen: 84 best: 234.7 mean: 278.33930348258707
gen: 85 best: 234.7 mean: 278.8218905472637
gen: 86 best: 234.7 mean: 278.3666666666667
gen: 87 best: 234.7 mean: 280.15124378109454
gen: 88 best: 234.7 mean: 276.67462686567166
gen: 89 best: 234.7 mean: 276.7955223880597
gen: 90 best: 234.7 mean: 278.0437810945274
gen: 91 best: 234.7 mean: 278.1283582089552
gen >92, new best = 232.600
gen: 92 best: 232.6 mean: 277.9029850746269
gen: 93 best: 232.6 mean: 277.44427860696516
gen: 94 best: 232.6 mean: 278.57910447761196
gen >95, new best = 230.600
gen: 95 best: 230.6 mean: 277.6179104477612
gen: 96 best: 230.6 mean: 278.64776119402984
gen: 97 best: 230.6 mean: 277.9636815920398
gen: 98 best: 230.6 mean: 278.36119402985076
gen: 99 best: 230.6 mean: 277.0218905472637
[8, 6, 8, 8, 8, 8, 8, 7, 7, 8, 8, 8, 11, 7, 8, 8, 9, 8, 7, 7, 8, 6, 6, 8, 7, 7, 6, 8, 7, 8, 8, 8, 8, 10, 7, 7, 8, 7, 8, 11, 7, 8, 9]
Test count of edges: 946
cat
