Defaulting to user installation because normal site-packages is not writeable
Looking in links: /cvmfs/soft.computecanada.ca/custom/python/wheelhouse/gentoo/avx2, /cvmfs/soft.computecanada.ca/custom/python/wheelhouse/gentoo/generic, /cvmfs/soft.computecanada.ca/custom/python/wheelhouse/generic
Requirement already satisfied: graphviz in /home/js17sy/.local/lib/python3.10/site-packages (0.20)
584; python ga.py 3 512N_graph3.dat 0.1 0.04 0.5 0.7 0.3 201 512N_graph3leerygen2rem50_ 399854
/project/6008788/js17sy/reopenga/512a/ga.py:291: DeprecationWarning: Sampling from a set deprecated
since Python 3.9 and will be removed in a subsequent version.
  child1 = set(random.sample(
gen >0, new best = 358.400
gen >0, new best = 352.600
gen >0, new best = 349.800
gen >0, new best = 348.400
gen >0, new best = 321.200
gen: 0 best: 321.2 mean: 359.38283582089554
gen >1, new best = 320.100
gen: 1 best: 320.1 mean: 357.9686567164179
gen >2, new best = 318.800
gen: 2 best: 318.8 mean: 357.4462686567164
gen: 3 best: 318.8 mean: 357.21691542288556
gen: 4 best: 318.8 mean: 357.00099502487564
gen: 5 best: 318.8 mean: 356.67860696517414
gen: 6 best: 318.8 mean: 356.547263681592
gen >7, new best = 315.900
gen: 7 best: 315.9 mean: 355.763184079602
gen >8, new best = 310.200
gen: 8 best: 310.2 mean: 354.5457711442786
gen: 9 best: 310.2 mean: 355.23930348258705
gen: 10 best: 310.2 mean: 354.2144278606965
gen: 11 best: 310.2 mean: 354.39651741293534
gen: 12 best: 310.2 mean: 353.3149253731343
gen: 13 best: 310.2 mean: 354.12587064676615
gen: 14 best: 310.2 mean: 353.61442786069654
gen: 15 best: 310.2 mean: 353.97512437810946
gen: 16 best: 310.2 mean: 354.31044776119404
gen: 17 best: 310.2 mean: 353.1771144278607
gen: 18 best: 310.2 mean: 352.3756218905473
gen: 19 best: 310.2 mean: 351.3059701492537
gen: 20 best: 310.2 mean: 350.8940298507463
gen: 21 best: 310.2 mean: 351.52487562189054
gen: 22 best: 310.2 mean: 351.5144278606965
gen: 23 best: 310.2 mean: 349.60547263681593
gen: 24 best: 310.2 mean: 349.3636815920398
gen: 25 best: 310.2 mean: 349.66965174129353
gen: 26 best: 310.2 mean: 349.68009950248756
gen: 27 best: 310.2 mean: 349.6940298507463
gen: 28 best: 310.2 mean: 348.2398009950249
gen: 29 best: 310.2 mean: 348.14228855721393
gen >30, new best = 308.200
gen: 30 best: 308.2 mean: 347.54825870646766
gen >31, new best = 305.600
gen: 31 best: 305.6 mean: 346.43134328358207
gen >32, new best = 304.500
gen: 32 best: 304.5 mean: 346.9278606965174
gen >33, new best = 303.600
gen >33, new best = 295.300
gen: 33 best: 295.3 mean: 346.46965174129355
gen: 34 best: 295.3 mean: 347.15223880597017
gen: 35 best: 295.3 mean: 346.6313432835821
gen: 36 best: 295.3 mean: 345.6373134328358
gen: 37 best: 295.3 mean: 345.55174129353236
gen: 38 best: 295.3 mean: 344.50099502487564
gen: 39 best: 295.3 mean: 344.50298507462685
gen: 40 best: 295.3 mean: 343.426368159204
gen: 41 best: 295.3 mean: 343.4452736318408
gen: 42 best: 295.3 mean: 343.2199004975124
gen: 43 best: 295.3 mean: 344.0144278606965
gen: 44 best: 295.3 mean: 343.2213930348259
gen: 45 best: 295.3 mean: 343.1507462686567
gen: 46 best: 295.3 mean: 342.87512437810943
gen: 47 best: 295.3 mean: 341.9412935323383
gen >48, new best = 276.100
gen: 48 best: 276.1 mean: 341.19900497512435
gen: 49 best: 276.1 mean: 341.6741293532338
gen: 50 best: 276.1 mean: 340.4671641791045
gen: 51 best: 276.1 mean: 340.5955223880597
gen: 52 best: 276.1 mean: 340.55223880597015
gen: 53 best: 276.1 mean: 340.32139303482586
gen: 54 best: 276.1 mean: 340.16169154228857
gen: 55 best: 276.1 mean: 340.8776119402985
gen: 56 best: 276.1 mean: 339.8407960199005
gen: 57 best: 276.1 mean: 340.4557213930348
gen: 58 best: 276.1 mean: 338.5238805970149
gen: 59 best: 276.1 mean: 339.2532338308458
gen: 60 best: 276.1 mean: 338.6781094527363
gen: 61 best: 276.1 mean: 338.4179104477612
gen: 62 best: 276.1 mean: 338.2965174129353
gen: 63 best: 276.1 mean: 337.89850746268655
gen: 64 best: 276.1 mean: 338.410447761194
gen: 65 best: 276.1 mean: 337.52139303482585
gen: 66 best: 276.1 mean: 338.1960199004975
gen: 67 best: 276.1 mean: 338.4179104477612
gen: 68 best: 276.1 mean: 338.4522388059701
gen: 69 best: 276.1 mean: 337.8218905472637
gen: 70 best: 276.1 mean: 337.7318407960199
gen: 71 best: 276.1 mean: 337.05970149253733
gen: 72 best: 276.1 mean: 337.0054726368159
gen: 73 best: 276.1 mean: 337.4810945273632
gen: 74 best: 276.1 mean: 335.8203980099502
gen: 75 best: 276.1 mean: 337.1273631840796
gen: 76 best: 276.1 mean: 336.49353233830846
gen: 77 best: 276.1 mean: 336.8004975124378
gen: 78 best: 276.1 mean: 336.5965174129353
gen: 79 best: 276.1 mean: 337.42587064676616
gen: 80 best: 276.1 mean: 336.54825870646766
gen: 81 best: 276.1 mean: 335.92885572139306
gen: 82 best: 276.1 mean: 336.72985074626865
gen: 83 best: 276.1 mean: 335.87661691542286
gen: 84 best: 276.1 mean: 335.9273631840796
gen: 85 best: 276.1 mean: 335.5910447761194
gen: 86 best: 276.1 mean: 335.9671641791045
gen: 87 best: 276.1 mean: 334.9865671641791
gen: 88 best: 276.1 mean: 334.9462686567164
gen: 89 best: 276.1 mean: 335.6373134328358
gen: 90 best: 276.1 mean: 334.7283582089552
gen: 91 best: 276.1 mean: 335.41641791044776
gen: 92 best: 276.1 mean: 335.3363184079602
gen: 93 best: 276.1 mean: 334.36915422885573
gen: 94 best: 276.1 mean: 334.581592039801
gen: 95 best: 276.1 mean: 334.4089552238806
gen: 96 best: 276.1 mean: 335.173631840796
gen: 97 best: 276.1 mean: 335.1149253731343
gen: 98 best: 276.1 mean: 334.4955223880597
gen: 99 best: 276.1 mean: 333.72089552238805
[7, 8, 9, 7, 7, 8, 8, 8, 7, 7, 9, 7, 8, 11, 10, 8, 9, 8, 8, 8, 8, 8, 8, 8, 8, 9, 7, 8, 8, 8, 9, 9, 7, 10, 8, 8, 8, 8, 7, 8, 7, 9, 8, 9, 7]
Test count of edges: 1575
cat
