Defaulting to user installation because normal site-packages is not writeable
Looking in links: /cvmfs/soft.computecanada.ca/custom/python/wheelhouse/gentoo/avx2, /cvmfs/soft.computecanada.ca/custom/python/wheelhouse/gentoo/generic, /cvmfs/soft.computecanada.ca/custom/python/wheelhouse/generic
Requirement already satisfied: graphviz in /home/js17sy/.local/lib/python3.10/site-packages (0.20)
143; python ga.py 3 512N_graph3.dat 0.025 0.01 0.7 0.7 0.3 201 512N_graph3strictgen2rem70_ 656903
/project/6008788/js17sy/reopenga/512a/ga.py:291: DeprecationWarning: Sampling from a set deprecated
since Python 3.9 and will be removed in a subsequent version.
  child1 = set(random.sample(
gen >0, new best = 366.300
gen >0, new best = 331.400
gen >0, new best = 263.300
gen >0, new best = 227.800
gen >0, new best = 211.600
gen: 0 best: 211.6 mean: 313.70796019900496
gen: 1 best: 211.6 mean: 307.2950248756219
gen: 2 best: 211.6 mean: 308.3129353233831
gen: 3 best: 211.6 mean: 299.68457711442784
gen >4, new best = 205.500
gen: 4 best: 205.5 mean: 299.8457711442786
gen: 5 best: 205.5 mean: 293.4776119402985
gen: 6 best: 205.5 mean: 289.5348258706468
gen: 7 best: 205.5 mean: 287.28905472636814
gen >8, new best = 200.800
gen: 8 best: 200.8 mean: 284.19303482587065
gen: 9 best: 200.8 mean: 281.3149253731343
gen: 10 best: 200.8 mean: 284.6457711442786
gen: 11 best: 200.8 mean: 275.76666666666665
gen: 12 best: 200.8 mean: 279.68407960199005
gen >13, new best = 198.400
gen: 13 best: 198.4 mean: 278.1273631840796
gen >14, new best = 183.300
gen: 14 best: 183.3 mean: 279.39303482587064
gen: 15 best: 183.3 mean: 271.7686567164179
gen: 16 best: 183.3 mean: 273.81641791044774
gen: 17 best: 183.3 mean: 270.72388059701495
gen: 18 best: 183.3 mean: 269.6641791044776
gen: 19 best: 183.3 mean: 269.9502487562189
gen: 20 best: 183.3 mean: 267.45124378109455
gen: 21 best: 183.3 mean: 267.13432835820896
gen: 22 best: 183.3 mean: 264.03880597014927
gen: 23 best: 183.3 mean: 260.25223880597014
gen: 24 best: 183.3 mean: 266.51592039800994
gen: 25 best: 183.3 mean: 261.0676616915423
gen: 26 best: 183.3 mean: 260.7731343283582
gen: 27 best: 183.3 mean: 261.8542288557214
gen: 28 best: 183.3 mean: 259.20298507462684
gen: 29 best: 183.3 mean: 257.3537313432836
gen: 30 best: 183.3 mean: 258.0512437810945
gen: 31 best: 183.3 mean: 257.6825870646766
gen: 32 best: 183.3 mean: 255.83283582089553
gen: 33 best: 183.3 mean: 257.92587064676616
gen: 34 best: 183.3 mean: 256.00796019900497
gen: 35 best: 183.3 mean: 254.19751243781096
gen >36, new best = 181.000
gen: 36 best: 181.0 mean: 251.33731343283583
gen: 37 best: 181.0 mean: 253.726368159204
gen >38, new best = 173.400
gen: 38 best: 173.4 mean: 253.57014925373133
gen: 39 best: 173.4 mean: 251.87860696517413
gen: 40 best: 173.4 mean: 253.08009950248757
gen: 41 best: 173.4 mean: 250.51592039800994
gen: 42 best: 173.4 mean: 247.67114427860696
gen: 43 best: 173.4 mean: 248.99402985074627
gen: 44 best: 173.4 mean: 246.53383084577115
gen: 45 best: 173.4 mean: 245.68507462686568
gen: 46 best: 173.4 mean: 249.18507462686568
gen: 47 best: 173.4 mean: 248.07661691542287
gen: 48 best: 173.4 mean: 245.70995024875623
gen: 49 best: 173.4 mean: 247.82437810945274
gen: 50 best: 173.4 mean: 241.26218905472638
gen: 51 best: 173.4 mean: 242.3766169154229
gen: 52 best: 173.4 mean: 240.6457711442786
gen: 53 best: 173.4 mean: 242.61293532338308
gen: 54 best: 173.4 mean: 241.77562189054726
gen: 55 best: 173.4 mean: 239.52388059701494
gen: 56 best: 173.4 mean: 240.6537313432836
gen: 57 best: 173.4 mean: 241.31890547263683
gen: 58 best: 173.4 mean: 242.26716417910447
gen: 59 best: 173.4 mean: 239.65621890547263
gen: 60 best: 173.4 mean: 235.81641791044777
gen >61, new best = 167.500
gen: 61 best: 167.5 mean: 237.15621890547263
gen: 62 best: 167.5 mean: 234.48009950248758
gen: 63 best: 167.5 mean: 236.8004975124378
gen: 64 best: 167.5 mean: 234.3597014925373
gen: 65 best: 167.5 mean: 235.0328358208955
gen: 66 best: 167.5 mean: 236.2502487562189
gen: 67 best: 167.5 mean: 236.81293532338307
gen: 68 best: 167.5 mean: 234.00099502487564
gen: 69 best: 167.5 mean: 235.74875621890547
gen >70, new best = 164.300
gen: 70 best: 164.3 mean: 236.381592039801
gen: 71 best: 164.3 mean: 234.83283582089553
gen: 72 best: 164.3 mean: 235.29253731343283
gen: 73 best: 164.3 mean: 235.32736318407962
gen: 74 best: 164.3 mean: 234.9412935323383
gen: 75 best: 164.3 mean: 235.6915422885572
gen: 76 best: 164.3 mean: 232.95273631840797
gen: 77 best: 164.3 mean: 236.3358208955224
gen: 78 best: 164.3 mean: 234.38905472636816
gen: 79 best: 164.3 mean: 233.96169154228855
gen: 80 best: 164.3 mean: 232.4228855721393
gen: 81 best: 164.3 mean: 235.56119402985075
gen: 82 best: 164.3 mean: 230.3318407960199
gen: 83 best: 164.3 mean: 237.68109452736317
gen: 84 best: 164.3 mean: 229.80298507462686
gen: 85 best: 164.3 mean: 230.80746268656716
gen: 86 best: 164.3 mean: 231.94825870646767
gen: 87 best: 164.3 mean: 233.21293532338308
gen: 88 best: 164.3 mean: 231.1587064676617
gen: 89 best: 164.3 mean: 229.53731343283582
gen: 90 best: 164.3 mean: 229.30248756218904
gen: 91 best: 164.3 mean: 229.07064676616915
gen: 92 best: 164.3 mean: 230.62786069651742
gen: 93 best: 164.3 mean: 231.71691542288556
gen: 94 best: 164.3 mean: 230.69303482587065
gen: 95 best: 164.3 mean: 233.38805970149255
gen: 96 best: 164.3 mean: 230.78457711442786
gen: 97 best: 164.3 mean: 229.28805970149253
gen: 98 best: 164.3 mean: 231.64825870646766
gen: 99 best: 164.3 mean: 229.75572139303483
[12, 10, 10, 9, 9, 11, 9, 10, 7, 9, 10, 7, 9, 8, 9, 10, 8, 11, 8, 10, 8, 9, 4, 11, 9, 9, 8, 10, 10, 8, 9, 10, 9, 10, 8, 9, 9, 8, 13, 8, 13, 13, 9]
Test count of edges: 955
cat
