Defaulting to user installation because normal site-packages is not writeable
Looking in links: /cvmfs/soft.computecanada.ca/custom/python/wheelhouse/gentoo/avx2, /cvmfs/soft.computecanada.ca/custom/python/wheelhouse/gentoo/generic, /cvmfs/soft.computecanada.ca/custom/python/wheelhouse/generic
Requirement already satisfied: graphviz in /home/js17sy/.local/lib/python3.10/site-packages (0.20)
312; python ga.py 3 512N_graph3.dat 0.05 0.02 0.7 0.7 0.3 201 512N_graph3mediumgen2rem70_ 342732
/project/6008788/js17sy/reopenga/512a/ga.py:291: DeprecationWarning: Sampling from a set deprecated
since Python 3.9 and will be removed in a subsequent version.
  child1 = set(random.sample(
gen >0, new best = 326.400
gen >0, new best = 317.400
gen >0, new best = 308.000
gen >0, new best = 291.700
gen >0, new best = 288.700
gen >0, new best = 283.800
gen >0, new best = 269.800
gen >0, new best = 256.800
gen: 0 best: 256.8 mean: 323.66517412935326
gen: 1 best: 256.8 mean: 320.93830845771146
gen: 2 best: 256.8 mean: 319.5507462686567
gen >3, new best = 255.600
gen: 3 best: 255.6 mean: 315.19751243781093
gen >4, new best = 245.000
gen: 4 best: 245.0 mean: 314.78805970149256
gen >5, new best = 241.700
gen: 5 best: 241.7 mean: 310.16965174129353
gen: 6 best: 241.7 mean: 308.3422885572139
gen: 7 best: 241.7 mean: 304.3517412935323
gen >8, new best = 240.100
gen: 8 best: 240.1 mean: 303.9741293532338
gen: 9 best: 240.1 mean: 304.6810945273632
gen: 10 best: 240.1 mean: 303.85074626865674
gen: 11 best: 240.1 mean: 300.073631840796
gen: 12 best: 240.1 mean: 297.7875621890547
gen: 13 best: 240.1 mean: 296.69651741293535
gen >14, new best = 238.600
gen >14, new best = 229.200
gen: 14 best: 229.2 mean: 292.4761194029851
gen: 15 best: 229.2 mean: 293.34179104477613
gen: 16 best: 229.2 mean: 293.53880597014927
gen: 17 best: 229.2 mean: 291.6820895522388
gen >18, new best = 220.300
gen: 18 best: 220.3 mean: 290.018407960199
gen: 19 best: 220.3 mean: 289.32139303482586
gen: 20 best: 220.3 mean: 288.62039800995024
gen: 21 best: 220.3 mean: 288.8074626865672
gen: 22 best: 220.3 mean: 287.47562189054725
gen: 23 best: 220.3 mean: 285.39452736318407
gen: 24 best: 220.3 mean: 282.736815920398
gen: 25 best: 220.3 mean: 285.9875621890547
gen: 26 best: 220.3 mean: 285.19502487562187
gen: 27 best: 220.3 mean: 283.3457711442786
gen: 28 best: 220.3 mean: 278.99303482587067
gen: 29 best: 220.3 mean: 281.16965174129353
gen: 30 best: 220.3 mean: 280.79203980099504
gen: 31 best: 220.3 mean: 277.6482587064677
gen >32, new best = 215.500
gen: 32 best: 215.5 mean: 276.36517412935325
gen: 33 best: 215.5 mean: 275.74328358208953
gen: 34 best: 215.5 mean: 273.34278606965177
gen: 35 best: 215.5 mean: 273.2049751243781
gen: 36 best: 215.5 mean: 272.9721393034826
gen >37, new best = 213.700
gen: 37 best: 213.7 mean: 272.2950248756219
gen: 38 best: 213.7 mean: 272.66567164179105
gen: 39 best: 213.7 mean: 271.2199004975124
gen: 40 best: 213.7 mean: 268.7437810945274
gen: 41 best: 213.7 mean: 271.09751243781096
gen: 42 best: 213.7 mean: 269.0129353233831
gen: 43 best: 213.7 mean: 269.73880597014926
gen: 44 best: 213.7 mean: 270.8
gen: 45 best: 213.7 mean: 268.9
gen: 46 best: 213.7 mean: 268.42935323383085
gen: 47 best: 213.7 mean: 269.7970149253731
gen: 48 best: 213.7 mean: 265.9950248756219
gen: 49 best: 213.7 mean: 265.1373134328358
gen >50, new best = 208.000
gen: 50 best: 208.0 mean: 266.5
gen: 51 best: 208.0 mean: 265.31194029850747
gen: 52 best: 208.0 mean: 263.02288557213933
gen: 53 best: 208.0 mean: 265.91990049751246
gen: 54 best: 208.0 mean: 264.736815920398
gen: 55 best: 208.0 mean: 263.3716417910448
gen: 56 best: 208.0 mean: 261.8019900497512
gen: 57 best: 208.0 mean: 262.6641791044776
gen: 58 best: 208.0 mean: 262.2636815920398
gen: 59 best: 208.0 mean: 261.826368159204
gen: 60 best: 208.0 mean: 262.9233830845771
gen: 61 best: 208.0 mean: 259.49701492537315
gen: 62 best: 208.0 mean: 260.99800995024873
gen: 63 best: 208.0 mean: 259.65472636815923
gen: 64 best: 208.0 mean: 262.5044776119403
gen: 65 best: 208.0 mean: 260.6268656716418
gen: 66 best: 208.0 mean: 259.57562189054727
gen: 67 best: 208.0 mean: 261.0054726368159
gen: 68 best: 208.0 mean: 261.26169154228853
gen: 69 best: 208.0 mean: 261.58009950248754
gen: 70 best: 208.0 mean: 260.5129353233831
gen: 71 best: 208.0 mean: 261.33432835820895
gen: 72 best: 208.0 mean: 261.28109452736317
gen: 73 best: 208.0 mean: 261.0716417910448
gen: 74 best: 208.0 mean: 259.79950248756217
gen: 75 best: 208.0 mean: 259.87860696517413
gen: 76 best: 208.0 mean: 259.1577114427861
gen: 77 best: 208.0 mean: 259.55771144278606
gen: 78 best: 208.0 mean: 259.1487562189055
gen: 79 best: 208.0 mean: 259.2965174129353
gen: 80 best: 208.0 mean: 259.6
gen: 81 best: 208.0 mean: 259.3388059701493
gen: 82 best: 208.0 mean: 258.2318407960199
gen: 83 best: 208.0 mean: 259.47711442786067
gen: 84 best: 208.0 mean: 258.19154228855723
gen: 85 best: 208.0 mean: 257.82885572139304
gen: 86 best: 208.0 mean: 257.11592039800996
gen: 87 best: 208.0 mean: 258.13482587064675
gen >88, new best = 206.500
gen: 88 best: 206.5 mean: 256.4457711442786
gen: 89 best: 206.5 mean: 258.5606965174129
gen: 90 best: 206.5 mean: 258.7
gen: 91 best: 206.5 mean: 258.80149253731344
gen: 92 best: 206.5 mean: 258.5880597014925
gen: 93 best: 206.5 mean: 258.56716417910445
gen: 94 best: 206.5 mean: 255.74875621890547
gen: 95 best: 206.5 mean: 259.2398009950249
gen: 96 best: 206.5 mean: 256.8850746268657
gen: 97 best: 206.5 mean: 259.3019900497512
gen: 98 best: 206.5 mean: 258.33980099502486
gen: 99 best: 206.5 mean: 256.2786069651741
[8, 11, 9, 8, 8, 10, 8, 15, 9, 8, 10, 9, 8, 8, 9, 8, 9, 11, 8, 9, 9, 13, 9, 8, 9, 8, 8, 8, 9, 9, 10, 8, 8, 9, 10, 7, 7, 7, 8, 7]
Test count of edges: 963
cat
