Defaulting to user installation because normal site-packages is not writeable
Looking in links: /cvmfs/soft.computecanada.ca/custom/python/wheelhouse/gentoo/avx2, /cvmfs/soft.computecanada.ca/custom/python/wheelhouse/gentoo/generic, /cvmfs/soft.computecanada.ca/custom/python/wheelhouse/generic
Requirement already satisfied: graphviz in /home/js17sy/.local/lib/python3.10/site-packages (0.20)
560; python ga.py 3 512N_graph3.dat 0.1 0.04 0.5 0.5 0.5 201 512N_graph3leerygen1rem50_ 571220
/project/6008788/js17sy/reopenga/512a/ga.py:291: DeprecationWarning: Sampling from a set deprecated
since Python 3.9 and will be removed in a subsequent version.
  child1 = set(random.sample(
gen >0, new best = 355.400
gen >0, new best = 353.700
gen >0, new best = 352.400
gen >0, new best = 351.400
gen >0, new best = 347.700
gen >0, new best = 323.600
gen: 0 best: 323.6 mean: 358.5786069651741
gen >1, new best = 319.200
gen: 1 best: 319.2 mean: 357.7870646766169
gen >2, new best = 315.700
gen: 2 best: 315.7 mean: 357.53582089552236
gen >3, new best = 314.000
gen: 3 best: 314.0 mean: 357.4034825870647
gen: 4 best: 314.0 mean: 357.0383084577114
gen: 5 best: 314.0 mean: 356.17462686567166
gen: 6 best: 314.0 mean: 356.09402985074627
gen: 7 best: 314.0 mean: 355.58358208955224
gen: 8 best: 314.0 mean: 355.27213930348256
gen: 9 best: 314.0 mean: 354.9960199004975
gen: 10 best: 314.0 mean: 354.5134328358209
gen >11, new best = 303.900
gen: 11 best: 303.9 mean: 353.452736318408
gen: 12 best: 303.9 mean: 353.6009950248756
gen: 13 best: 303.9 mean: 352.23333333333335
gen: 14 best: 303.9 mean: 351.9676616915423
gen: 15 best: 303.9 mean: 352.14228855721393
gen: 16 best: 303.9 mean: 351.7636815920398
gen: 17 best: 303.9 mean: 351.4706467661692
gen: 18 best: 303.9 mean: 350.54477611940297
gen: 19 best: 303.9 mean: 351.5328358208955
gen: 20 best: 303.9 mean: 350.93283582089555
gen: 21 best: 303.9 mean: 349.99751243781094
gen: 22 best: 303.9 mean: 350.84726368159204
gen: 23 best: 303.9 mean: 349.16965174129353
gen: 24 best: 303.9 mean: 350.07562189054727
gen: 25 best: 303.9 mean: 348.5054726368159
gen: 26 best: 303.9 mean: 348.7323383084577
gen: 27 best: 303.9 mean: 348.7726368159204
gen: 28 best: 303.9 mean: 347.1442786069652
gen: 29 best: 303.9 mean: 349.2129353233831
gen: 30 best: 303.9 mean: 348.27363184079604
gen: 31 best: 303.9 mean: 348.6353233830846
gen: 32 best: 303.9 mean: 347.3139303482587
gen >33, new best = 303.800
gen: 33 best: 303.8 mean: 347.71492537313435
gen: 34 best: 303.8 mean: 347.3990049751244
gen: 35 best: 303.8 mean: 346.12338308457714
gen: 36 best: 303.8 mean: 346.08706467661693
gen: 37 best: 303.8 mean: 344.42388059701494
gen: 38 best: 303.8 mean: 344.926368159204
gen: 39 best: 303.8 mean: 344.8716417910448
gen: 40 best: 303.8 mean: 344.57910447761196
gen: 41 best: 303.8 mean: 345.2323383084577
gen: 42 best: 303.8 mean: 344.36169154228855
gen: 43 best: 303.8 mean: 344.47014925373134
gen: 44 best: 303.8 mean: 344.2318407960199
gen: 45 best: 303.8 mean: 343.5716417910448
gen >46, new best = 299.600
gen >46, new best = 293.900
gen: 46 best: 293.9 mean: 343.0661691542289
gen: 47 best: 293.9 mean: 342.94726368159206
gen: 48 best: 293.9 mean: 343.79402985074626
gen: 49 best: 293.9 mean: 343.26169154228853
gen: 50 best: 293.9 mean: 343.1870646766169
gen: 51 best: 293.9 mean: 342.50248756218906
gen: 52 best: 293.9 mean: 343.3592039800995
gen: 53 best: 293.9 mean: 343.0278606965174
gen: 54 best: 293.9 mean: 341.92437810945273
gen: 55 best: 293.9 mean: 342.2467661691542
gen: 56 best: 293.9 mean: 342.6810945273632
gen: 57 best: 293.9 mean: 341.8791044776119
gen: 58 best: 293.9 mean: 342.4457711442786
gen: 59 best: 293.9 mean: 342.3940298507463
gen: 60 best: 293.9 mean: 342.22985074626865
gen: 61 best: 293.9 mean: 342.0766169154229
gen: 62 best: 293.9 mean: 342.3174129353234
gen: 63 best: 293.9 mean: 342.4955223880597
gen: 64 best: 293.9 mean: 342.29701492537316
gen: 65 best: 293.9 mean: 342.34278606965177
gen: 66 best: 293.9 mean: 343.4044776119403
gen: 67 best: 293.9 mean: 342.2179104477612
gen: 68 best: 293.9 mean: 343.21144278606965
gen: 69 best: 293.9 mean: 342.644776119403
gen: 70 best: 293.9 mean: 341.81542288557216
gen: 71 best: 293.9 mean: 341.38557213930346
gen: 72 best: 293.9 mean: 341.1641791044776
gen: 73 best: 293.9 mean: 341.9616915422886
gen: 74 best: 293.9 mean: 341.8810945273632
gen: 75 best: 293.9 mean: 341.4452736318408
gen: 76 best: 293.9 mean: 341.5661691542289
gen: 77 best: 293.9 mean: 341.3686567164179
gen: 78 best: 293.9 mean: 341.24328358208953
gen: 79 best: 293.9 mean: 341.65472636815923
gen: 80 best: 293.9 mean: 341.18905472636817
gen: 81 best: 293.9 mean: 340.92587064676616
gen: 82 best: 293.9 mean: 340.95174129353234
gen: 83 best: 293.9 mean: 340.0810945273632
gen: 84 best: 293.9 mean: 339.88557213930346
gen: 85 best: 293.9 mean: 341.27611940298505
gen: 86 best: 293.9 mean: 340.22388059701495
gen: 87 best: 293.9 mean: 340.09751243781096
gen >88, new best = 292.800
gen: 88 best: 292.8 mean: 339.55771144278606
gen: 89 best: 292.8 mean: 340.236815920398
gen: 90 best: 292.8 mean: 338.8407960199005
gen: 91 best: 292.8 mean: 340.2805970149254
gen: 92 best: 292.8 mean: 339.3258706467662
gen: 93 best: 292.8 mean: 339.6741293532338
gen: 94 best: 292.8 mean: 339.1303482587065
gen: 95 best: 292.8 mean: 339.2308457711443
gen: 96 best: 292.8 mean: 339.12388059701493
gen: 97 best: 292.8 mean: 338.2164179104478
gen: 98 best: 292.8 mean: 339.15621890547266
gen: 99 best: 292.8 mean: 338.70796019900496
[8, 8, 8, 7, 7, 9, 8, 8, 8, 8, 7, 7, 9, 8, 7, 8, 8, 8, 8, 11, 10, 9, 8, 9, 8, 8, 9, 12, 9, 7, 10, 10, 8, 8, 8, 9, 9, 7, 10, 8, 8, 9, 8, 11]
Test count of edges: 1599
cat
