Defaulting to user installation because normal site-packages is not writeable
Looking in links: /cvmfs/soft.computecanada.ca/custom/python/wheelhouse/gentoo/avx2, /cvmfs/soft.computecanada.ca/custom/python/wheelhouse/gentoo/generic, /cvmfs/soft.computecanada.ca/custom/python/wheelhouse/generic
Requirement already satisfied: graphviz in /home/js17sy/.local/lib/python3.10/site-packages (0.20)
508; python ga.py 3 512N_graph3.dat 0.075 0.03 0.7 0.7 0.3 201 512N_graph3laxgen2rem70_ 799708
/project/6008788/js17sy/reopenga/512a/ga.py:291: DeprecationWarning: Sampling from a set deprecated
since Python 3.9 and will be removed in a subsequent version.
  child1 = set(random.sample(
gen >0, new best = 325.600
gen >0, new best = 317.600
gen >0, new best = 302.700
gen >0, new best = 297.100
gen >0, new best = 287.100
gen >0, new best = 282.800
gen >0, new best = 277.600
gen >0, new best = 275.700
gen: 0 best: 275.7 mean: 327.98731343283583
gen: 1 best: 275.7 mean: 325.51542288557215
gen: 2 best: 275.7 mean: 322.7547263681592
gen: 3 best: 275.7 mean: 319.64179104477614
gen >4, new best = 269.800
gen: 4 best: 269.8 mean: 319.24626865671644
gen >5, new best = 262.900
gen: 5 best: 262.9 mean: 318.70248756218905
gen: 6 best: 262.9 mean: 316.2179104477612
gen: 7 best: 262.9 mean: 315.04875621890545
gen: 8 best: 262.9 mean: 314.4955223880597
gen >9, new best = 259.600
gen: 9 best: 259.6 mean: 314.7855721393035
gen: 10 best: 259.6 mean: 313.40547263681594
gen: 11 best: 259.6 mean: 312.43134328358207
gen: 12 best: 259.6 mean: 310.9766169154229
gen: 13 best: 259.6 mean: 310.318407960199
gen: 14 best: 259.6 mean: 306.9497512437811
gen: 15 best: 259.6 mean: 306.57014925373136
gen: 16 best: 259.6 mean: 306.4651741293532
gen: 17 best: 259.6 mean: 305.55721393034827
gen: 18 best: 259.6 mean: 303.9741293532338
gen: 19 best: 259.6 mean: 304.1940298507463
gen >20, new best = 256.600
gen: 20 best: 256.6 mean: 303.1228855721393
gen: 21 best: 256.6 mean: 302.9960199004975
gen: 22 best: 256.6 mean: 302.8666666666667
gen >23, new best = 254.700
gen: 23 best: 254.7 mean: 301.8298507462687
gen: 24 best: 254.7 mean: 301.04328358208954
gen: 25 best: 254.7 mean: 299.02636815920397
gen: 26 best: 254.7 mean: 297.8457711442786
gen: 27 best: 254.7 mean: 299.85671641791043
gen: 28 best: 254.7 mean: 299.0825870646766
gen: 29 best: 254.7 mean: 298.3223880597015
gen: 30 best: 254.7 mean: 296.4671641791045
gen >31, new best = 247.400
gen: 31 best: 247.4 mean: 297.7407960199005
gen: 32 best: 247.4 mean: 295.43134328358207
gen >33, new best = 243.600
gen: 33 best: 243.6 mean: 295.2144278606965
gen: 34 best: 243.6 mean: 294.8960199004975
gen: 35 best: 243.6 mean: 296.1666666666667
gen: 36 best: 243.6 mean: 293.3721393034826
gen: 37 best: 243.6 mean: 294.35074626865674
gen: 38 best: 243.6 mean: 293.43880597014925
gen: 39 best: 243.6 mean: 292.46567164179106
gen: 40 best: 243.6 mean: 290.855223880597
gen: 41 best: 243.6 mean: 293.4547263681592
gen: 42 best: 243.6 mean: 292.6149253731343
gen: 43 best: 243.6 mean: 291.1756218905473
gen: 44 best: 243.6 mean: 291.0910447761194
gen: 45 best: 243.6 mean: 290.50696517412933
gen >46, new best = 227.800
gen: 46 best: 227.8 mean: 289.70995024875623
gen: 47 best: 227.8 mean: 289.39253731343285
gen: 48 best: 227.8 mean: 290.16965174129353
gen: 49 best: 227.8 mean: 290.46119402985073
gen: 50 best: 227.8 mean: 288.281592039801
gen: 51 best: 227.8 mean: 286.9154228855721
gen: 52 best: 227.8 mean: 286.7323383084577
gen: 53 best: 227.8 mean: 287.7860696517413
gen: 54 best: 227.8 mean: 288.1273631840796
gen: 55 best: 227.8 mean: 286.6393034825871
gen: 56 best: 227.8 mean: 288.76169154228853
gen: 57 best: 227.8 mean: 287.10696517412936
gen: 58 best: 227.8 mean: 286.7691542288557
gen: 59 best: 227.8 mean: 285.9144278606965
gen: 60 best: 227.8 mean: 283.5751243781095
gen: 61 best: 227.8 mean: 286.1781094527363
gen: 62 best: 227.8 mean: 286.3731343283582
gen: 63 best: 227.8 mean: 285.6407960199005
gen: 64 best: 227.8 mean: 285.5164179104478
gen: 65 best: 227.8 mean: 286.4497512437811
gen: 66 best: 227.8 mean: 284.76069651741295
gen: 67 best: 227.8 mean: 285.16019900497514
gen: 68 best: 227.8 mean: 285.8537313432836
gen: 69 best: 227.8 mean: 286.79203980099504
gen: 70 best: 227.8 mean: 285.18059701492535
gen: 71 best: 227.8 mean: 285.52885572139303
gen: 72 best: 227.8 mean: 286.0169154228856
gen: 73 best: 227.8 mean: 286.5293532338309
gen: 74 best: 227.8 mean: 285.8805970149254
gen: 75 best: 227.8 mean: 284.6686567164179
gen: 76 best: 227.8 mean: 284.0542288557214
gen: 77 best: 227.8 mean: 283.1810945273632
gen: 78 best: 227.8 mean: 282.9870646766169
gen: 79 best: 227.8 mean: 283.79701492537316
gen: 80 best: 227.8 mean: 284.06318407960197
gen: 81 best: 227.8 mean: 282.00199004975127
gen: 82 best: 227.8 mean: 284.05721393034827
gen: 83 best: 227.8 mean: 284.43283582089555
gen: 84 best: 227.8 mean: 283.31641791044774
gen: 85 best: 227.8 mean: 281.0273631840796
gen: 86 best: 227.8 mean: 282.7860696517413
gen: 87 best: 227.8 mean: 283.2592039800995
gen: 88 best: 227.8 mean: 282.23731343283583
gen: 89 best: 227.8 mean: 283.79253731343283
gen: 90 best: 227.8 mean: 282.43532338308455
gen: 91 best: 227.8 mean: 281.4616915422886
gen: 92 best: 227.8 mean: 282.407960199005
gen: 93 best: 227.8 mean: 281.21144278606965
gen: 94 best: 227.8 mean: 282.7840796019901
gen: 95 best: 227.8 mean: 279.12139303482587
gen: 96 best: 227.8 mean: 280.2069651741294
gen: 97 best: 227.8 mean: 282.26616915422886
gen: 98 best: 227.8 mean: 280.79751243781095
gen: 99 best: 227.8 mean: 281.85820895522386
[7, 9, 7, 8, 6, 8, 7, 8, 9, 7, 7, 8, 8, 8, 7, 8, 9, 6, 8, 7, 7, 8, 7, 7, 10, 8, 7, 8, 9, 8, 8, 7, 11, 9, 8, 8, 8]
Test count of edges: 948
cat
