Defaulting to user installation because normal site-packages is not writeable
Looking in links: /cvmfs/soft.computecanada.ca/custom/python/wheelhouse/gentoo/avx2, /cvmfs/soft.computecanada.ca/custom/python/wheelhouse/gentoo/generic, /cvmfs/soft.computecanada.ca/custom/python/wheelhouse/generic
Requirement already satisfied: graphviz in /home/js17sy/.local/lib/python3.10/site-packages (0.20)
264; python ga.py 3 512N_graph3.dat 0.05 0.02 0.5 0.9 0.1 201 512N_graph3mediumgen3rem50_ 685464
/project/6008788/js17sy/reopenga/512a/ga.py:291: DeprecationWarning: Sampling from a set deprecated
since Python 3.9 and will be removed in a subsequent version.
  child1 = set(random.sample(
gen >0, new best = 312.100
gen >0, new best = 300.500
gen >0, new best = 298.700
gen: 0 best: 298.7 mean: 331.06990049751244
gen >1, new best = 295.500
gen: 1 best: 295.5 mean: 330.8810945273632
gen >2, new best = 283.100
gen: 2 best: 283.1 mean: 331.63781094527366
gen: 3 best: 283.1 mean: 330.92537313432837
gen: 4 best: 283.1 mean: 330.29353233830847
gen: 5 best: 283.1 mean: 330.1885572139303
gen: 6 best: 283.1 mean: 329.27910447761195
gen: 7 best: 283.1 mean: 328.8044776119403
gen: 8 best: 283.1 mean: 328.1945273631841
gen: 9 best: 283.1 mean: 327.4278606965174
gen: 10 best: 283.1 mean: 326.6412935323383
gen: 11 best: 283.1 mean: 326.1517412935323
gen: 12 best: 283.1 mean: 326.7124378109453
gen: 13 best: 283.1 mean: 325.72786069651744
gen >14, new best = 264.300
gen: 14 best: 264.3 mean: 325.55721393034827
gen: 15 best: 264.3 mean: 324.38756218905473
gen: 16 best: 264.3 mean: 323.44378109452737
gen: 17 best: 264.3 mean: 323.7915422885572
gen: 18 best: 264.3 mean: 323.7238805970149
gen: 19 best: 264.3 mean: 322.7129353233831
gen: 20 best: 264.3 mean: 322.11044776119405
gen: 21 best: 264.3 mean: 322.2731343283582
gen: 22 best: 264.3 mean: 320.1338308457712
gen: 23 best: 264.3 mean: 320.7363184079602
gen: 24 best: 264.3 mean: 318.9875621890547
gen: 25 best: 264.3 mean: 318.87611940298507
gen: 26 best: 264.3 mean: 320.0169154228856
gen: 27 best: 264.3 mean: 317.9119402985075
gen: 28 best: 264.3 mean: 317.247263681592
gen: 29 best: 264.3 mean: 317.7865671641791
gen: 30 best: 264.3 mean: 317.27064676616914
gen: 31 best: 264.3 mean: 316.35621890547264
gen: 32 best: 264.3 mean: 316.4577114427861
gen: 33 best: 264.3 mean: 314.6373134328358
gen: 34 best: 264.3 mean: 314.71194029850744
gen: 35 best: 264.3 mean: 314.7049751243781
gen: 36 best: 264.3 mean: 313.6646766169154
gen: 37 best: 264.3 mean: 314.86517412935325
gen: 38 best: 264.3 mean: 313.4064676616915
gen: 39 best: 264.3 mean: 313.0144278606965
gen: 40 best: 264.3 mean: 313.71890547263683
gen: 41 best: 264.3 mean: 312.22935323383086
gen: 42 best: 264.3 mean: 313.28507462686565
gen: 43 best: 264.3 mean: 313.1009950248756
gen: 44 best: 264.3 mean: 311.96119402985073
gen: 45 best: 264.3 mean: 312.2009950248756
gen: 46 best: 264.3 mean: 311.24228855721395
gen: 47 best: 264.3 mean: 311.85970149253734
gen: 48 best: 264.3 mean: 311.18358208955226
gen >49, new best = 255.600
gen: 49 best: 255.6 mean: 310.3850746268657
gen: 50 best: 255.6 mean: 310.5875621890547
gen: 51 best: 255.6 mean: 310.1049751243781
gen: 52 best: 255.6 mean: 310.05174129353236
gen: 53 best: 255.6 mean: 309.0771144278607
gen: 54 best: 255.6 mean: 309.0905472636816
gen: 55 best: 255.6 mean: 308.05223880597015
gen: 56 best: 255.6 mean: 307.5766169154229
gen: 57 best: 255.6 mean: 308.03333333333336
gen: 58 best: 255.6 mean: 307.83980099502486
gen: 59 best: 255.6 mean: 307.4597014925373
gen: 60 best: 255.6 mean: 306.710447761194
gen: 61 best: 255.6 mean: 306.16567164179105
gen: 62 best: 255.6 mean: 307.2542288557214
gen: 63 best: 255.6 mean: 306.75721393034826
gen: 64 best: 255.6 mean: 306.2398009950249
gen: 65 best: 255.6 mean: 306.01194029850745
gen: 66 best: 255.6 mean: 305.82338308457713
gen: 67 best: 255.6 mean: 305.9119402985075
gen: 68 best: 255.6 mean: 305.8363184079602
gen: 69 best: 255.6 mean: 305.4781094527363
gen: 70 best: 255.6 mean: 303.8532338308458
gen: 71 best: 255.6 mean: 305.39303482587064
gen: 72 best: 255.6 mean: 303.22587064676617
gen: 73 best: 255.6 mean: 304.4283582089552
gen: 74 best: 255.6 mean: 304.21094527363186
gen: 75 best: 255.6 mean: 303.0457711442786
gen: 76 best: 255.6 mean: 303.4278606965174
gen: 77 best: 255.6 mean: 303.6611940298507
gen: 78 best: 255.6 mean: 303.9542288557214
gen: 79 best: 255.6 mean: 303.8298507462687
gen: 80 best: 255.6 mean: 302.92437810945273
gen: 81 best: 255.6 mean: 303.34378109452734
gen: 82 best: 255.6 mean: 302.5199004975124
gen: 83 best: 255.6 mean: 303.49751243781094
gen: 84 best: 255.6 mean: 302.81194029850747
gen: 85 best: 255.6 mean: 301.9487562189055
gen: 86 best: 255.6 mean: 303.1442786069652
gen: 87 best: 255.6 mean: 303.32139303482586
gen: 88 best: 255.6 mean: 301.7323383084577
gen: 89 best: 255.6 mean: 302.13880597014924
gen: 90 best: 255.6 mean: 302.11990049751245
gen: 91 best: 255.6 mean: 301.1009950248756
gen: 92 best: 255.6 mean: 301.92388059701494
gen: 93 best: 255.6 mean: 300.6363184079602
gen: 94 best: 255.6 mean: 301.12338308457714
gen: 95 best: 255.6 mean: 301.70298507462684
gen: 96 best: 255.6 mean: 300.71492537313435
gen: 97 best: 255.6 mean: 300.55970149253733
gen: 98 best: 255.6 mean: 301.20248756218905
gen: 99 best: 255.6 mean: 301.44726368159206
[12, 8, 10, 11, 10, 10, 9, 11, 9, 8, 9, 13, 11, 11, 9, 12, 10, 10, 9, 9, 8, 9, 9, 9, 8, 10, 9, 8, 9, 10, 10, 12, 10, 10, 10, 10, 11, 10, 9, 9, 8]
Test count of edges: 1563
cat
