Defaulting to user installation because normal site-packages is not writeable
Looking in links: /cvmfs/soft.computecanada.ca/custom/python/wheelhouse/gentoo/avx2, /cvmfs/soft.computecanada.ca/custom/python/wheelhouse/gentoo/generic, /cvmfs/soft.computecanada.ca/custom/python/wheelhouse/generic
Requirement already satisfied: graphviz in /home/js17sy/.local/lib/python3.10/site-packages (0.20)
27; python ga.py 3 512N_graph3.dat 0.025 0.01 0.5 0.5 0.5 201 512N_graph3strictgen1rem50_ 771147
/project/6008788/js17sy/reopenga/512a/ga.py:291: DeprecationWarning: Sampling from a set deprecated
since Python 3.9 and will be removed in a subsequent version.
  child1 = set(random.sample(
gen >0, new best = 316.800
gen >0, new best = 307.600
gen >0, new best = 306.800
gen >0, new best = 304.500
gen >0, new best = 304.400
gen >0, new best = 302.400
gen >0, new best = 301.300
gen >0, new best = 294.300
gen: 0 best: 294.3 mean: 315.3833333333333
gen >1, new best = 281.100
gen: 1 best: 281.1 mean: 314.19353233830844
gen >2, new best = 278.400
gen: 2 best: 278.4 mean: 313.84179104477613
gen: 3 best: 278.4 mean: 312.736815920398
gen >4, new best = 276.600
gen: 4 best: 276.6 mean: 312.40597014925373
gen >5, new best = 273.600
gen: 5 best: 273.6 mean: 310.9154228855721
gen: 6 best: 273.6 mean: 310.8203980099502
gen >7, new best = 266.400
gen: 7 best: 266.4 mean: 310.1636815920398
gen: 8 best: 266.4 mean: 310.3402985074627
gen: 9 best: 266.4 mean: 308.9094527363184
gen: 10 best: 266.4 mean: 307.66766169154226
gen: 11 best: 266.4 mean: 307.25721393034826
gen: 12 best: 266.4 mean: 307.82487562189056
gen: 13 best: 266.4 mean: 307.25771144278605
gen: 14 best: 266.4 mean: 307.12039800995024
gen >15, new best = 265.300
gen: 15 best: 265.3 mean: 307.6094527363184
gen: 16 best: 265.3 mean: 306.11144278606963
gen: 17 best: 265.3 mean: 305.5641791044776
gen: 18 best: 265.3 mean: 305.46616915422885
gen: 19 best: 265.3 mean: 305.2054726368159
gen: 20 best: 265.3 mean: 304.3412935323383
gen: 21 best: 265.3 mean: 304.99751243781094
gen: 22 best: 265.3 mean: 305.30696517412935
gen: 23 best: 265.3 mean: 304.02089552238806
gen: 24 best: 265.3 mean: 304.2457711442786
gen: 25 best: 265.3 mean: 303.3482587064677
gen >26, new best = 264.900
gen: 26 best: 264.9 mean: 302.8716417910448
gen: 27 best: 264.9 mean: 303.9283582089552
gen: 28 best: 264.9 mean: 303.7820895522388
gen: 29 best: 264.9 mean: 304.2069651741294
gen: 30 best: 264.9 mean: 303.2497512437811
gen >31, new best = 263.100
gen: 31 best: 263.1 mean: 303.8810945273632
gen: 32 best: 263.1 mean: 302.77512437810947
gen: 33 best: 263.1 mean: 302.56169154228854
gen: 34 best: 263.1 mean: 302.2950248756219
gen: 35 best: 263.1 mean: 302.1796019900498
gen: 36 best: 263.1 mean: 301.96268656716416
gen: 37 best: 263.1 mean: 302.04676616915424
gen: 38 best: 263.1 mean: 301.92985074626864
gen >39, new best = 261.300
gen: 39 best: 261.3 mean: 302.60696517412936
gen: 40 best: 261.3 mean: 301.5621890547264
gen: 41 best: 261.3 mean: 301.881592039801
gen: 42 best: 261.3 mean: 300.58905472636815
gen: 43 best: 261.3 mean: 300.97562189054725
gen: 44 best: 261.3 mean: 301.5781094527363
gen: 45 best: 261.3 mean: 300.4
gen: 46 best: 261.3 mean: 299.4318407960199
gen: 47 best: 261.3 mean: 299.68009950248756
gen >48, new best = 257.000
gen: 48 best: 257.0 mean: 300.02139303482585
gen: 49 best: 257.0 mean: 299.89452736318407
gen: 50 best: 257.0 mean: 300.6303482587065
gen: 51 best: 257.0 mean: 300.6
gen: 52 best: 257.0 mean: 299.9094527363184
gen: 53 best: 257.0 mean: 299.33233830845774
gen: 54 best: 257.0 mean: 299.4686567164179
gen >55, new best = 256.100
gen: 55 best: 256.1 mean: 299.0189054726368
gen: 56 best: 256.1 mean: 299.59452736318406
gen: 57 best: 256.1 mean: 300.6681592039801
gen: 58 best: 256.1 mean: 298.7039800995025
gen: 59 best: 256.1 mean: 299.6024875621891
gen: 60 best: 256.1 mean: 299.06517412935324
gen: 61 best: 256.1 mean: 297.9960199004975
gen >62, new best = 255.500
gen: 62 best: 255.5 mean: 298.14328358208957
gen: 63 best: 255.5 mean: 297.3547263681592
gen: 64 best: 255.5 mean: 298.3189054726368
gen: 65 best: 255.5 mean: 298.2398009950249
gen: 66 best: 255.5 mean: 296.62985074626863
gen: 67 best: 255.5 mean: 297.5034825870647
gen: 68 best: 255.5 mean: 297.2786069651741
gen: 69 best: 255.5 mean: 297.6169154228856
gen: 70 best: 255.5 mean: 296.56318407960197
gen: 71 best: 255.5 mean: 297.3870646766169
gen: 72 best: 255.5 mean: 296.05771144278606
gen: 73 best: 255.5 mean: 297.36119402985076
gen: 74 best: 255.5 mean: 296.7691542288557
gen: 75 best: 255.5 mean: 297.13084577114427
gen: 76 best: 255.5 mean: 297.54676616915424
gen: 77 best: 255.5 mean: 296.210447761194
gen: 78 best: 255.5 mean: 296.33432835820895
gen: 79 best: 255.5 mean: 296.5457711442786
gen: 80 best: 255.5 mean: 296.5621890547264
gen: 81 best: 255.5 mean: 295.4407960199005
gen: 82 best: 255.5 mean: 295.9457711442786
gen: 83 best: 255.5 mean: 295.59402985074627
gen: 84 best: 255.5 mean: 295.0139303482587
gen: 85 best: 255.5 mean: 295.90597014925373
gen: 86 best: 255.5 mean: 296.0268656716418
gen: 87 best: 255.5 mean: 295.52985074626866
gen: 88 best: 255.5 mean: 295.13880597014924
gen: 89 best: 255.5 mean: 296.1243781094527
gen: 90 best: 255.5 mean: 295.9179104477612
gen: 91 best: 255.5 mean: 295.73880597014926
gen: 92 best: 255.5 mean: 294.9636815920398
gen: 93 best: 255.5 mean: 295.20248756218905
gen: 94 best: 255.5 mean: 295.1303482587065
gen: 95 best: 255.5 mean: 295.62935323383084
gen: 96 best: 255.5 mean: 295.8696517412935
gen: 97 best: 255.5 mean: 295.54129353233833
gen: 98 best: 255.5 mean: 294.7691542288557
gen: 99 best: 255.5 mean: 294.8412935323383
[12, 11, 9, 10, 13, 11, 11, 10, 9, 13, 10, 12, 11, 16, 11, 12, 15, 11, 11, 12, 10, 10, 12, 13, 11, 11, 12, 9, 11, 9, 10, 11, 12, 11, 10, 12, 11]
Test count of edges: 1581
cat
