Defaulting to user installation because normal site-packages is not writeable
Looking in links: /cvmfs/soft.computecanada.ca/custom/python/wheelhouse/gentoo/avx2, /cvmfs/soft.computecanada.ca/custom/python/wheelhouse/gentoo/generic, /cvmfs/soft.computecanada.ca/custom/python/wheelhouse/generic
Requirement already satisfied: graphviz in /home/js17sy/.local/lib/python3.10/site-packages (0.20)
315; python ga.py 3 512N_graph3.dat 0.05 0.02 0.7 0.7 0.3 201 512N_graph3mediumgen2rem70_ 428415
/project/6008788/js17sy/reopenga/512a/ga.py:291: DeprecationWarning: Sampling from a set deprecated
since Python 3.9 and will be removed in a subsequent version.
  child1 = set(random.sample(
gen >0, new best = 351.900
gen >0, new best = 326.200
gen >0, new best = 313.200
gen >0, new best = 284.100
gen >0, new best = 277.700
gen >0, new best = 269.200
gen >0, new best = 256.900
gen: 0 best: 256.9 mean: 324.002736318408
gen: 1 best: 256.9 mean: 320.9950248756219
gen: 2 best: 256.9 mean: 318.5731343283582
gen >3, new best = 249.400
gen: 3 best: 249.4 mean: 314.2945273631841
gen: 4 best: 249.4 mean: 315.26119402985074
gen >5, new best = 242.300
gen: 5 best: 242.3 mean: 312.35074626865674
gen: 6 best: 242.3 mean: 310.5995024875622
gen: 7 best: 242.3 mean: 308.94427860696516
gen: 8 best: 242.3 mean: 305.20298507462684
gen >9, new best = 240.700
gen: 9 best: 240.7 mean: 302.381592039801
gen: 10 best: 240.7 mean: 303.22089552238805
gen: 11 best: 240.7 mean: 302.8820895522388
gen: 12 best: 240.7 mean: 298.9686567164179
gen: 13 best: 240.7 mean: 299.53980099502485
gen: 14 best: 240.7 mean: 299.6905472636816
gen: 15 best: 240.7 mean: 297.1338308457712
gen: 16 best: 240.7 mean: 294.9124378109453
gen: 17 best: 240.7 mean: 295.07114427860694
gen: 18 best: 240.7 mean: 293.4338308457711
gen >19, new best = 240.400
gen: 19 best: 240.4 mean: 290.42885572139306
gen >20, new best = 234.900
gen: 20 best: 234.9 mean: 290.74328358208953
gen: 21 best: 234.9 mean: 291.7343283582089
gen: 22 best: 234.9 mean: 289.2034825870647
gen >23, new best = 229.700
gen: 23 best: 229.7 mean: 287.7746268656716
gen: 24 best: 229.7 mean: 286.60646766169157
gen: 25 best: 229.7 mean: 286.1333333333333
gen >26, new best = 227.400
gen: 26 best: 227.4 mean: 282.21343283582087
gen >27, new best = 212.600
gen: 27 best: 212.6 mean: 281.9089552238806
gen: 28 best: 212.6 mean: 280.43283582089555
gen: 29 best: 212.6 mean: 279.6761194029851
gen: 30 best: 212.6 mean: 282.19154228855723
gen: 31 best: 212.6 mean: 279.036815920398
gen: 32 best: 212.6 mean: 281.0328358208955
gen: 33 best: 212.6 mean: 279.39303482587064
gen: 34 best: 212.6 mean: 277.21542288557214
gen: 35 best: 212.6 mean: 277.8333333333333
gen: 36 best: 212.6 mean: 279.08905472636815
gen: 37 best: 212.6 mean: 277.0950248756219
gen: 38 best: 212.6 mean: 276.38557213930346
gen: 39 best: 212.6 mean: 275.34278606965177
gen: 40 best: 212.6 mean: 274.85771144278607
gen: 41 best: 212.6 mean: 272.54477611940297
gen: 42 best: 212.6 mean: 275.56318407960197
gen: 43 best: 212.6 mean: 271.3716417910448
gen: 44 best: 212.6 mean: 272.49751243781094
gen: 45 best: 212.6 mean: 274.20995024875623
gen >46, new best = 207.400
gen: 46 best: 207.4 mean: 269.81990049751244
gen: 47 best: 207.4 mean: 270.8731343283582
gen: 48 best: 207.4 mean: 270.92587064676616
gen: 49 best: 207.4 mean: 269.6761194029851
gen: 50 best: 207.4 mean: 268.06716417910445
gen: 51 best: 207.4 mean: 268.47960199004973
gen: 52 best: 207.4 mean: 268.9875621890547
gen: 53 best: 207.4 mean: 266.62885572139305
gen: 54 best: 207.4 mean: 266.3412935323383
gen: 55 best: 207.4 mean: 266.05273631840794
gen: 56 best: 207.4 mean: 266.37014925373137
gen >57, new best = 204.400
gen: 57 best: 204.4 mean: 265.72487562189053
gen: 58 best: 204.4 mean: 266.2592039800995
gen: 59 best: 204.4 mean: 265.47462686567167
gen: 60 best: 204.4 mean: 264.4412935323383
gen: 61 best: 204.4 mean: 264.5442786069652
gen: 62 best: 204.4 mean: 264.75373134328356
gen: 63 best: 204.4 mean: 263.91492537313434
gen: 64 best: 204.4 mean: 266.4363184079602
gen: 65 best: 204.4 mean: 265.3587064676617
gen: 66 best: 204.4 mean: 262.4502487562189
gen: 67 best: 204.4 mean: 265.2597014925373
gen: 68 best: 204.4 mean: 263.35273631840795
gen: 69 best: 204.4 mean: 264.1487562189055
gen: 70 best: 204.4 mean: 264.37810945273634
gen: 71 best: 204.4 mean: 262.53432835820894
gen: 72 best: 204.4 mean: 263.5691542288557
gen: 73 best: 204.4 mean: 262.381592039801
gen: 74 best: 204.4 mean: 262.8860696517413
gen: 75 best: 204.4 mean: 262.0477611940299
gen: 76 best: 204.4 mean: 264.5278606965174
gen: 77 best: 204.4 mean: 260.6338308457712
gen: 78 best: 204.4 mean: 262.81044776119404
gen: 79 best: 204.4 mean: 261.29701492537316
gen: 80 best: 204.4 mean: 260.8990049751244
gen: 81 best: 204.4 mean: 259.82686567164177
gen: 82 best: 204.4 mean: 259.01044776119403
gen: 83 best: 204.4 mean: 260.681592039801
gen: 84 best: 204.4 mean: 260.4064676616915
gen: 85 best: 204.4 mean: 260.60696517412936
gen: 86 best: 204.4 mean: 258.31940298507465
gen: 87 best: 204.4 mean: 260.30099502487565
gen: 88 best: 204.4 mean: 259.9144278606965
gen: 89 best: 204.4 mean: 261.0592039800995
gen: 90 best: 204.4 mean: 260.1139303482587
gen: 91 best: 204.4 mean: 259.6820895522388
gen: 92 best: 204.4 mean: 261.51542288557215
gen: 93 best: 204.4 mean: 258.51144278606967
gen: 94 best: 204.4 mean: 258.5781094527363
gen: 95 best: 204.4 mean: 259.59850746268654
gen: 96 best: 204.4 mean: 258.6407960199005
gen: 97 best: 204.4 mean: 259.5049751243781
gen: 98 best: 204.4 mean: 259.40796019900495
gen: 99 best: 204.4 mean: 257.95174129353234
[10, 8, 8, 8, 11, 8, 10, 8, 7, 11, 8, 9, 8, 10, 8, 8, 8, 10, 9, 9, 8, 8, 8, 8, 8, 9, 8, 7, 9, 8, 8, 10, 11, 8, 7, 8, 7, 9, 9, 8]
Test count of edges: 952
cat
