Defaulting to user installation because normal site-packages is not writeable
Looking in links: /cvmfs/soft.computecanada.ca/custom/python/wheelhouse/gentoo/avx2, /cvmfs/soft.computecanada.ca/custom/python/wheelhouse/gentoo/generic, /cvmfs/soft.computecanada.ca/custom/python/wheelhouse/generic
Requirement already satisfied: graphviz in /home/js17sy/.local/lib/python3.10/site-packages (0.20)
37; python ga.py 3 512N_graph3.dat 0.025 0.01 0.5 0.7 0.3 201 512N_graph3strictgen2rem50_ 199927
/project/6008788/js17sy/reopenga/512a/ga.py:291: DeprecationWarning: Sampling from a set deprecated
since Python 3.9 and will be removed in a subsequent version.
  child1 = set(random.sample(
gen >0, new best = 314.700
gen >0, new best = 312.500
gen >0, new best = 308.300
gen >0, new best = 307.500
gen >0, new best = 306.300
gen >0, new best = 305.900
gen >0, new best = 305.800
gen >0, new best = 304.100
gen >0, new best = 302.700
gen >0, new best = 301.900
gen >0, new best = 279.200
gen: 0 best: 279.2 mean: 314.79875621890545
gen >1, new best = 278.500
gen: 1 best: 278.5 mean: 313.9034825870647
gen: 2 best: 278.5 mean: 314.3353233830846
gen >3, new best = 276.700
gen: 3 best: 276.7 mean: 313.5810945273632
gen: 4 best: 276.7 mean: 312.7716417910448
gen: 5 best: 276.7 mean: 312.363184079602
gen >6, new best = 273.000
gen: 6 best: 273.0 mean: 312.06467661691545
gen: 7 best: 273.0 mean: 311.7676616915423
gen: 8 best: 273.0 mean: 309.70199004975126
gen: 9 best: 273.0 mean: 310.3547263681592
gen: 10 best: 273.0 mean: 309.5383084577114
gen: 11 best: 273.0 mean: 308.8482587064677
gen >12, new best = 270.900
gen: 12 best: 270.9 mean: 308.28905472636814
gen: 13 best: 270.9 mean: 309.26616915422886
gen: 14 best: 270.9 mean: 307.6442786069652
gen >15, new best = 268.900
gen: 15 best: 268.9 mean: 306.40547263681594
gen: 16 best: 268.9 mean: 306.0383084577114
gen: 17 best: 268.9 mean: 305.281592039801
gen: 18 best: 268.9 mean: 305.24278606965174
gen >19, new best = 268.500
gen: 19 best: 268.5 mean: 305.44726368159206
gen >20, new best = 265.900
gen: 20 best: 265.9 mean: 305.62139303482587
gen: 21 best: 265.9 mean: 303.8
gen: 22 best: 265.9 mean: 303.426368159204
gen: 23 best: 265.9 mean: 303.5955223880597
gen: 24 best: 265.9 mean: 303.065671641791
gen >25, new best = 265.200
gen: 25 best: 265.2 mean: 302.21492537313435
gen: 26 best: 265.2 mean: 302.52039800995027
gen: 27 best: 265.2 mean: 300.5696517412935
gen: 28 best: 265.2 mean: 300.2213930348259
gen >29, new best = 261.500
gen: 29 best: 261.5 mean: 300.2348258706468
gen: 30 best: 261.5 mean: 299.52636815920397
gen: 31 best: 261.5 mean: 299.9223880597015
gen >32, new best = 260.800
gen: 32 best: 260.8 mean: 298.7716417910448
gen: 33 best: 260.8 mean: 298.59452736318406
gen: 34 best: 260.8 mean: 298.47462686567167
gen: 35 best: 260.8 mean: 298.7905472636816
gen >36, new best = 259.500
gen: 36 best: 259.5 mean: 298.12537313432836
gen: 37 best: 259.5 mean: 298.57412935323384
gen >38, new best = 254.200
gen: 38 best: 254.2 mean: 296.95124378109455
gen: 39 best: 254.2 mean: 296.81641791044774
gen: 40 best: 254.2 mean: 295.8731343283582
gen >41, new best = 229.300
gen: 41 best: 229.3 mean: 295.27064676616914
gen: 42 best: 229.3 mean: 295.8860696517413
gen: 43 best: 229.3 mean: 295.8870646766169
gen: 44 best: 229.3 mean: 295.6412935323383
gen: 45 best: 229.3 mean: 294.23930348258705
gen: 46 best: 229.3 mean: 293.75373134328356
gen: 47 best: 229.3 mean: 293.93930348258704
gen: 48 best: 229.3 mean: 292.963184079602
gen: 49 best: 229.3 mean: 293.22786069651744
gen: 50 best: 229.3 mean: 291.0716417910448
gen: 51 best: 229.3 mean: 290.5407960199005
gen: 52 best: 229.3 mean: 290.5990049751244
gen: 53 best: 229.3 mean: 290.90796019900495
gen: 54 best: 229.3 mean: 289.86019900497513
gen: 55 best: 229.3 mean: 288.1900497512438
gen: 56 best: 229.3 mean: 291.3044776119403
gen: 57 best: 229.3 mean: 289.27064676616914
gen: 58 best: 229.3 mean: 289.3373134328358
gen: 59 best: 229.3 mean: 289.03432835820894
gen: 60 best: 229.3 mean: 288.04676616915424
gen: 61 best: 229.3 mean: 287.58905472636815
gen: 62 best: 229.3 mean: 287.97363184079603
gen: 63 best: 229.3 mean: 287.07064676616915
gen: 64 best: 229.3 mean: 287.92537313432837
gen: 65 best: 229.3 mean: 286.7323383084577
gen: 66 best: 229.3 mean: 286.4850746268657
gen: 67 best: 229.3 mean: 286.5144278606965
gen: 68 best: 229.3 mean: 284.9009950248756
gen: 69 best: 229.3 mean: 284.7965174129353
gen: 70 best: 229.3 mean: 285.0144278606965
gen: 71 best: 229.3 mean: 284.17164179104475
gen: 72 best: 229.3 mean: 284.7328358208955
gen: 73 best: 229.3 mean: 284.3492537313433
gen: 74 best: 229.3 mean: 284.01194029850745
gen: 75 best: 229.3 mean: 283.2253731343284
gen: 76 best: 229.3 mean: 283.4835820895522
gen: 77 best: 229.3 mean: 282.8850746268657
gen: 78 best: 229.3 mean: 281.1427860696517
gen: 79 best: 229.3 mean: 282.3592039800995
gen: 80 best: 229.3 mean: 281.1358208955224
gen: 81 best: 229.3 mean: 281.47014925373134
gen: 82 best: 229.3 mean: 282.39850746268655
gen: 83 best: 229.3 mean: 282.71144278606965
gen: 84 best: 229.3 mean: 280.9009950248756
gen: 85 best: 229.3 mean: 281.0955223880597
gen: 86 best: 229.3 mean: 281.0268656716418
gen: 87 best: 229.3 mean: 280.9338308457711
gen: 88 best: 229.3 mean: 280.65223880597017
gen: 89 best: 229.3 mean: 279.96069651741294
gen: 90 best: 229.3 mean: 279.7582089552239
gen: 91 best: 229.3 mean: 280.89303482587064
gen: 92 best: 229.3 mean: 279.55174129353236
gen: 93 best: 229.3 mean: 278.928855721393
gen: 94 best: 229.3 mean: 278.97960199004973
gen: 95 best: 229.3 mean: 279.9089552238806
gen: 96 best: 229.3 mean: 278.8512437810945
gen: 97 best: 229.3 mean: 278.07064676616915
gen: 98 best: 229.3 mean: 280.0218905472637
gen: 99 best: 229.3 mean: 278.25572139303483
[10, 10, 15, 16, 10, 10, 13, 11, 12, 12, 11, 12, 11, 11, 11, 11, 14, 11, 11, 10, 10, 11, 10, 13, 12, 12, 10, 11, 12, 10, 12, 11, 12, 11, 10, 12, 10]
Test count of edges: 1571
cat
