Defaulting to user installation because normal site-packages is not writeable
Looking in links: /cvmfs/soft.computecanada.ca/custom/python/wheelhouse/gentoo/avx2, /cvmfs/soft.computecanada.ca/custom/python/wheelhouse/gentoo/generic, /cvmfs/soft.computecanada.ca/custom/python/wheelhouse/generic
Requirement already satisfied: graphviz in /home/js17sy/.local/lib/python3.10/site-packages (0.20)
364; python ga.py 3 512N_graph3.dat 0.075 0.03 0.5 0.5 0.5 201 512N_graph3laxgen1rem50_ 114244
/project/6008788/js17sy/reopenga/512a/ga.py:291: DeprecationWarning: Sampling from a set deprecated
since Python 3.9 and will be removed in a subsequent version.
  child1 = set(random.sample(
gen >0, new best = 347.600
gen >0, new best = 337.700
gen >0, new best = 337.100
gen >0, new best = 332.700
gen >0, new best = 330.900
gen >0, new best = 328.200
gen: 0 best: 328.2 mean: 345.75
gen >1, new best = 324.900
gen >1, new best = 307.600
gen: 1 best: 307.6 mean: 344.7014925373134
gen: 2 best: 307.6 mean: 344.36915422885573
gen >3, new best = 300.400
gen: 3 best: 300.4 mean: 343.4537313432836
gen: 4 best: 300.4 mean: 342.8661691542288
gen: 5 best: 300.4 mean: 342.44427860696516
gen: 6 best: 300.4 mean: 341.7621890547264
gen: 7 best: 300.4 mean: 341.7144278606965
gen: 8 best: 300.4 mean: 343.14228855721393
gen: 9 best: 300.4 mean: 340.46069651741294
gen: 10 best: 300.4 mean: 339.90796019900495
gen >11, new best = 299.800
gen: 11 best: 299.8 mean: 338.85273631840795
gen: 12 best: 299.8 mean: 339.2820895522388
gen: 13 best: 299.8 mean: 339.5751243781095
gen >14, new best = 299.000
gen: 14 best: 299.0 mean: 337.765671641791
gen: 15 best: 299.0 mean: 338.6626865671642
gen: 16 best: 299.0 mean: 338.7313432835821
gen: 17 best: 299.0 mean: 338.10547263681593
gen: 18 best: 299.0 mean: 338.2129353233831
gen: 19 best: 299.0 mean: 337.8482587064677
gen >20, new best = 291.600
gen: 20 best: 291.6 mean: 336.5353233830846
gen: 21 best: 291.6 mean: 336.56169154228854
gen: 22 best: 291.6 mean: 335.94278606965173
gen: 23 best: 291.6 mean: 335.8676616915423
gen: 24 best: 291.6 mean: 335.0621890547264
gen: 25 best: 291.6 mean: 335.747263681592
gen >26, new best = 289.700
gen: 26 best: 289.7 mean: 334.8502487562189
gen: 27 best: 289.7 mean: 334.0477611940299
gen: 28 best: 289.7 mean: 333.9407960199005
gen >29, new best = 268.300
gen: 29 best: 268.3 mean: 332.6577114427861
gen: 30 best: 268.3 mean: 333.74825870646765
gen: 31 best: 268.3 mean: 332.6393034825871
gen: 32 best: 268.3 mean: 332.85671641791043
gen >33, new best = 257.600
gen: 33 best: 257.6 mean: 332.3532338308458
gen: 34 best: 257.6 mean: 333.36517412935325
gen: 35 best: 257.6 mean: 332.39651741293534
gen: 36 best: 257.6 mean: 331.97164179104476
gen: 37 best: 257.6 mean: 332.55721393034827
gen: 38 best: 257.6 mean: 332.981592039801
gen: 39 best: 257.6 mean: 330.6796019900498
gen: 40 best: 257.6 mean: 331.36019900497513
gen: 41 best: 257.6 mean: 331.018407960199
gen: 42 best: 257.6 mean: 330.47114427860697
gen: 43 best: 257.6 mean: 330.7771144278607
gen: 44 best: 257.6 mean: 330.5233830845771
gen: 45 best: 257.6 mean: 329.52437810945275
gen: 46 best: 257.6 mean: 330.01144278606967
gen: 47 best: 257.6 mean: 329.2945273631841
gen: 48 best: 257.6 mean: 329.46616915422885
gen: 49 best: 257.6 mean: 329.86517412935325
gen: 50 best: 257.6 mean: 329.181592039801
gen: 51 best: 257.6 mean: 329.6771144278607
gen: 52 best: 257.6 mean: 329.1825870646766
gen: 53 best: 257.6 mean: 329.02885572139303
gen: 54 best: 257.6 mean: 328.37014925373137
gen: 55 best: 257.6 mean: 328.53383084577115
gen: 56 best: 257.6 mean: 327.19353233830844
gen: 57 best: 257.6 mean: 327.97711442786067
gen: 58 best: 257.6 mean: 328.2512437810945
gen: 59 best: 257.6 mean: 327.8129353233831
gen: 60 best: 257.6 mean: 328.34328358208955
gen: 61 best: 257.6 mean: 327.69751243781093
gen: 62 best: 257.6 mean: 327.12587064676615
gen: 63 best: 257.6 mean: 327.3442786069652
gen: 64 best: 257.6 mean: 325.6243781094527
gen: 65 best: 257.6 mean: 325.3089552238806
gen: 66 best: 257.6 mean: 327.2159203980099
gen: 67 best: 257.6 mean: 325.8731343283582
gen: 68 best: 257.6 mean: 325.58009950248754
gen: 69 best: 257.6 mean: 325.8203980099502
gen: 70 best: 257.6 mean: 327.3169154228856
gen: 71 best: 257.6 mean: 326.52437810945275
gen: 72 best: 257.6 mean: 326.10547263681593
gen: 73 best: 257.6 mean: 325.97860696517415
gen: 74 best: 257.6 mean: 325.818407960199
gen: 75 best: 257.6 mean: 324.12537313432836
gen: 76 best: 257.6 mean: 325.1363184079602
gen: 77 best: 257.6 mean: 325.5179104477612
gen: 78 best: 257.6 mean: 325.1850746268657
gen: 79 best: 257.6 mean: 324.69900497512435
gen: 80 best: 257.6 mean: 325.3402985074627
gen: 81 best: 257.6 mean: 326.17910447761193
gen: 82 best: 257.6 mean: 325.3547263681592
gen: 83 best: 257.6 mean: 325.6452736318408
gen: 84 best: 257.6 mean: 325.31940298507465
gen: 85 best: 257.6 mean: 324.8039800995025
gen: 86 best: 257.6 mean: 326.4378109452736
gen: 87 best: 257.6 mean: 325.6283582089552
gen: 88 best: 257.6 mean: 324.228855721393
gen: 89 best: 257.6 mean: 325.0990049751244
gen: 90 best: 257.6 mean: 324.97562189054725
gen: 91 best: 257.6 mean: 324.807960199005
gen: 92 best: 257.6 mean: 324.92437810945273
gen: 93 best: 257.6 mean: 324.9870646766169
gen: 94 best: 257.6 mean: 325.2835820895522
gen: 95 best: 257.6 mean: 324.6995024875622
gen: 96 best: 257.6 mean: 324.1701492537313
gen: 97 best: 257.6 mean: 325.0582089552239
gen: 98 best: 257.6 mean: 323.97164179104476
gen: 99 best: 257.6 mean: 323.59601990049754
[8, 10, 7, 10, 8, 8, 10, 8, 9, 10, 8, 9, 9, 8, 10, 8, 8, 9, 9, 9, 11, 9, 8, 13, 9, 13, 8, 11, 9, 8, 8, 8, 9, 11, 9, 8, 8, 11, 9, 8]
Test count of edges: 1575
cat
