Defaulting to user installation because normal site-packages is not writeable
Looking in links: /cvmfs/soft.computecanada.ca/custom/python/wheelhouse/gentoo/avx2, /cvmfs/soft.computecanada.ca/custom/python/wheelhouse/gentoo/generic, /cvmfs/soft.computecanada.ca/custom/python/wheelhouse/generic
Requirement already satisfied: graphviz in /home/js17sy/.local/lib/python3.10/site-packages (0.20)
429; python ga.py 3 512N_graph3.dat 0.075 0.03 0.5 0.9 0.1 201 512N_graph3laxgen3rem50_ 257049
/project/6008788/js17sy/reopenga/512a/ga.py:291: DeprecationWarning: Sampling from a set deprecated
since Python 3.9 and will be removed in a subsequent version.
  child1 = set(random.sample(
gen >0, new best = 342.300
gen >0, new best = 333.300
gen >0, new best = 328.800
gen: 0 best: 328.8 mean: 345.97363184079603
gen >1, new best = 320.700
gen >1, new best = 309.500
gen: 1 best: 309.5 mean: 344.7502487562189
gen >2, new best = 307.100
gen: 2 best: 307.1 mean: 343.26965174129356
gen: 3 best: 307.1 mean: 344.8218905472637
gen: 4 best: 307.1 mean: 343.1810945273632
gen: 5 best: 307.1 mean: 343.24776119402986
gen: 6 best: 307.1 mean: 342.663184079602
gen >7, new best = 303.300
gen >7, new best = 303.000
gen: 7 best: 303.0 mean: 341.7273631840796
gen: 8 best: 303.0 mean: 340.83830845771143
gen >9, new best = 302.500
gen >9, new best = 299.200
gen: 9 best: 299.2 mean: 340.98955223880597
gen: 10 best: 299.2 mean: 340.1636815920398
gen >11, new best = 295.000
gen: 11 best: 295.0 mean: 338.5587064676617
gen >12, new best = 292.900
gen: 12 best: 292.9 mean: 337.5910447761194
gen: 13 best: 292.9 mean: 338.05721393034827
gen: 14 best: 292.9 mean: 338.27412935323383
gen: 15 best: 292.9 mean: 336.2656716417911
gen: 16 best: 292.9 mean: 336.0696517412935
gen: 17 best: 292.9 mean: 336.7497512437811
gen: 18 best: 292.9 mean: 336.0129353233831
gen: 19 best: 292.9 mean: 334.78805970149256
gen: 20 best: 292.9 mean: 334.05721393034827
gen: 21 best: 292.9 mean: 334.50995024875624
gen: 22 best: 292.9 mean: 334.75373134328356
gen: 23 best: 292.9 mean: 333.6457711442786
gen: 24 best: 292.9 mean: 333.2676616915423
gen: 25 best: 292.9 mean: 332.255223880597
gen >26, new best = 287.900
gen: 26 best: 287.9 mean: 331.3626865671642
gen: 27 best: 287.9 mean: 331.2452736318408
gen: 28 best: 287.9 mean: 331.1776119402985
gen: 29 best: 287.9 mean: 330.84676616915425
gen: 30 best: 287.9 mean: 329.9064676616915
gen: 31 best: 287.9 mean: 329.86019900497513
gen: 32 best: 287.9 mean: 329.67114427860696
gen: 33 best: 287.9 mean: 328.5169154228856
gen: 34 best: 287.9 mean: 328.7731343283582
gen: 35 best: 287.9 mean: 327.47363184079603
gen: 36 best: 287.9 mean: 328.65124378109454
gen: 37 best: 287.9 mean: 327.87412935323385
gen: 38 best: 287.9 mean: 327.63830845771145
gen: 39 best: 287.9 mean: 327.5124378109453
gen: 40 best: 287.9 mean: 327.43880597014925
gen: 41 best: 287.9 mean: 328.3228855721393
gen: 42 best: 287.9 mean: 328.1905472636816
gen: 43 best: 287.9 mean: 326.31641791044774
gen: 44 best: 287.9 mean: 326.2641791044776
gen >45, new best = 285.700
gen: 45 best: 285.7 mean: 325.14228855721393
gen: 46 best: 285.7 mean: 326.3995024875622
gen: 47 best: 285.7 mean: 325.7268656716418
gen: 48 best: 285.7 mean: 325.7159203980099
gen: 49 best: 285.7 mean: 324.98805970149255
gen: 50 best: 285.7 mean: 324.32835820895525
gen >51, new best = 279.800
gen: 51 best: 279.8 mean: 323.99203980099503
gen: 52 best: 279.8 mean: 323.7253731343284
gen: 53 best: 279.8 mean: 322.8059701492537
gen: 54 best: 279.8 mean: 323.83781094527365
gen: 55 best: 279.8 mean: 322.2089552238806
gen: 56 best: 279.8 mean: 322.7835820895522
gen: 57 best: 279.8 mean: 321.33930348258707
gen: 58 best: 279.8 mean: 321.0039800995025
gen >59, new best = 278.700
gen: 59 best: 278.7 mean: 321.3537313432836
gen: 60 best: 278.7 mean: 320.6149253731343
gen: 61 best: 278.7 mean: 321.0318407960199
gen: 62 best: 278.7 mean: 320.0825870646766
gen: 63 best: 278.7 mean: 320.63830845771145
gen: 64 best: 278.7 mean: 320.5318407960199
gen: 65 best: 278.7 mean: 319.7945273631841
gen: 66 best: 278.7 mean: 319.8502487562189
gen >67, new best = 271.600
gen: 67 best: 271.6 mean: 319.20597014925374
gen: 68 best: 271.6 mean: 318.89452736318407
gen: 69 best: 271.6 mean: 319.2955223880597
gen: 70 best: 271.6 mean: 318.3258706467662
gen: 71 best: 271.6 mean: 317.8238805970149
gen: 72 best: 271.6 mean: 317.7044776119403
gen: 73 best: 271.6 mean: 318.4174129353234
gen: 74 best: 271.6 mean: 317.83432835820895
gen: 75 best: 271.6 mean: 317.30149253731344
gen: 76 best: 271.6 mean: 316.42388059701494
gen: 77 best: 271.6 mean: 316.55223880597015
gen: 78 best: 271.6 mean: 317.6467661691542
gen: 79 best: 271.6 mean: 316.5134328358209
gen: 80 best: 271.6 mean: 316.36019900497513
gen: 81 best: 271.6 mean: 317.23930348258705
gen: 82 best: 271.6 mean: 316.1830845771144
gen: 83 best: 271.6 mean: 315.19751243781093
gen: 84 best: 271.6 mean: 316.8756218905473
gen: 85 best: 271.6 mean: 316.0089552238806
gen: 86 best: 271.6 mean: 316.2417910447761
gen: 87 best: 271.6 mean: 315.6726368159204
gen: 88 best: 271.6 mean: 315.426368159204
gen: 89 best: 271.6 mean: 314.5004975124378
gen: 90 best: 271.6 mean: 315.7930348258706
gen: 91 best: 271.6 mean: 316.2233830845771
gen: 92 best: 271.6 mean: 315.07412935323384
gen: 93 best: 271.6 mean: 314.27014925373135
gen: 94 best: 271.6 mean: 314.8273631840796
gen >95, new best = 254.800
gen: 95 best: 254.8 mean: 314.75721393034826
gen: 96 best: 254.8 mean: 314.8074626865672
gen: 97 best: 254.8 mean: 314.6154228855721
gen: 98 best: 254.8 mean: 314.136815920398
gen: 99 best: 254.8 mean: 314.07611940298506
[9, 7, 7, 9, 8, 8, 13, 8, 7, 8, 8, 8, 8, 7, 10, 9, 11, 8, 8, 8, 9, 9, 9, 8, 8, 8, 8, 9, 8, 8, 11, 10, 8, 9, 9, 8, 9, 8, 10, 9]
Test count of edges: 1567
cat
