Defaulting to user installation because normal site-packages is not writeable
Looking in links: /cvmfs/soft.computecanada.ca/custom/python/wheelhouse/gentoo/avx2, /cvmfs/soft.computecanada.ca/custom/python/wheelhouse/gentoo/generic, /cvmfs/soft.computecanada.ca/custom/python/wheelhouse/generic
Requirement already satisfied: graphviz in /home/js17sy/.local/lib/python3.10/site-packages (0.20)
671; python ga.py 3 512N_graph3.dat 0.1 0.04 0.7 0.7 0.3 201 512N_graph3leerygen2rem70_ 314171
/project/6008788/js17sy/reopenga/512a/ga.py:291: DeprecationWarning: Sampling from a set deprecated
since Python 3.9 and will be removed in a subsequent version.
  child1 = set(random.sample(
gen >0, new best = 310.800
gen >0, new best = 305.200
gen >0, new best = 291.000
gen: 0 best: 291.0 mean: 333.3870646766169
gen: 1 best: 291.0 mean: 330.8950248756219
gen: 2 best: 291.0 mean: 330.41691542288555
gen >3, new best = 277.700
gen: 3 best: 277.7 mean: 327.04825870646766
gen: 4 best: 277.7 mean: 326.4
gen: 5 best: 277.7 mean: 327.40398009950246
gen: 6 best: 277.7 mean: 325.16766169154226
gen: 7 best: 277.7 mean: 326.789552238806
gen: 8 best: 277.7 mean: 323.5442786069652
gen: 9 best: 277.7 mean: 323.97014925373134
gen: 10 best: 277.7 mean: 323.5507462686567
gen: 11 best: 277.7 mean: 322.3134328358209
gen: 12 best: 277.7 mean: 321.5606965174129
gen: 13 best: 277.7 mean: 319.9850746268657
gen: 14 best: 277.7 mean: 320.83781094527365
gen: 15 best: 277.7 mean: 320.48955223880597
gen: 16 best: 277.7 mean: 318.9537313432836
gen: 17 best: 277.7 mean: 318.31542288557216
gen >18, new best = 265.200
gen: 18 best: 265.2 mean: 318.21691542288556
gen: 19 best: 265.2 mean: 319.4547263681592
gen: 20 best: 265.2 mean: 317.45870646766167
gen: 21 best: 265.2 mean: 317.8318407960199
gen: 22 best: 265.2 mean: 316.71890547263683
gen: 23 best: 265.2 mean: 316.118407960199
gen: 24 best: 265.2 mean: 315.90696517412937
gen: 25 best: 265.2 mean: 315.4029850746269
gen: 26 best: 265.2 mean: 314.6955223880597
gen >27, new best = 261.200
gen: 27 best: 261.2 mean: 312.84875621890546
gen: 28 best: 261.2 mean: 313.5169154228856
gen: 29 best: 261.2 mean: 312.9358208955224
gen: 30 best: 261.2 mean: 313.4676616915423
gen: 31 best: 261.2 mean: 312.61044776119405
gen: 32 best: 261.2 mean: 311.69900497512435
gen: 33 best: 261.2 mean: 312.5452736318408
gen: 34 best: 261.2 mean: 310.2562189054726
gen: 35 best: 261.2 mean: 311.02039800995027
gen: 36 best: 261.2 mean: 310.9213930348259
gen: 37 best: 261.2 mean: 311.081592039801
gen: 38 best: 261.2 mean: 309.84527363184077
gen: 39 best: 261.2 mean: 310.8915422885572
gen: 40 best: 261.2 mean: 310.69502487562187
gen: 41 best: 261.2 mean: 311.34179104477613
gen: 42 best: 261.2 mean: 309.23830845771147
gen: 43 best: 261.2 mean: 308.9144278606965
gen: 44 best: 261.2 mean: 309.35771144278607
gen: 45 best: 261.2 mean: 308.49004975124376
gen: 46 best: 261.2 mean: 308.5880597014925
gen: 47 best: 261.2 mean: 307.65671641791045
gen: 48 best: 261.2 mean: 308.20298507462684
gen: 49 best: 261.2 mean: 306.9995024875622
gen: 50 best: 261.2 mean: 306.5950248756219
gen: 51 best: 261.2 mean: 307.0383084577114
gen: 52 best: 261.2 mean: 305.9487562189055
gen: 53 best: 261.2 mean: 308.19154228855723
gen: 54 best: 261.2 mean: 306.9741293532338
gen: 55 best: 261.2 mean: 307.5039800995025
gen: 56 best: 261.2 mean: 307.3726368159204
gen: 57 best: 261.2 mean: 306.69850746268656
gen: 58 best: 261.2 mean: 304.67512437810944
gen: 59 best: 261.2 mean: 304.57412935323384
gen: 60 best: 261.2 mean: 305.2124378109453
gen >61, new best = 260.700
gen: 61 best: 260.7 mean: 304.7955223880597
gen: 62 best: 260.7 mean: 305.9950248756219
gen: 63 best: 260.7 mean: 306.49900497512436
gen: 64 best: 260.7 mean: 304.64228855721393
gen >65, new best = 259.800
gen: 65 best: 259.8 mean: 304.82139303482586
gen: 66 best: 259.8 mean: 304.49004975124376
gen: 67 best: 259.8 mean: 304.7437810945274
gen: 68 best: 259.8 mean: 304.47860696517415
gen: 69 best: 259.8 mean: 304.82935323383083
gen: 70 best: 259.8 mean: 304.9139303482587
gen: 71 best: 259.8 mean: 304.51741293532336
gen: 72 best: 259.8 mean: 303.6502487562189
gen: 73 best: 259.8 mean: 303.51144278606967
gen >74, new best = 249.100
gen: 74 best: 249.1 mean: 303.99900497512436
gen: 75 best: 249.1 mean: 303.90597014925373
gen: 76 best: 249.1 mean: 303.7144278606965
gen: 77 best: 249.1 mean: 302.45323383084576
gen: 78 best: 249.1 mean: 302.16766169154226
gen: 79 best: 249.1 mean: 302.8099502487562
gen: 80 best: 249.1 mean: 302.22039800995026
gen: 81 best: 249.1 mean: 302.355223880597
gen: 82 best: 249.1 mean: 302.49004975124376
gen: 83 best: 249.1 mean: 302.33980099502486
gen: 84 best: 249.1 mean: 301.4820895522388
gen: 85 best: 249.1 mean: 301.1358208955224
gen: 86 best: 249.1 mean: 301.9174129353234
gen: 87 best: 249.1 mean: 301.6412935323383
gen: 88 best: 249.1 mean: 301.6059701492537
gen: 89 best: 249.1 mean: 300.13283582089554
gen: 90 best: 249.1 mean: 301.2726368159204
gen: 91 best: 249.1 mean: 300.52089552238806
gen: 92 best: 249.1 mean: 300.4776119402985
gen: 93 best: 249.1 mean: 301.289552238806
gen: 94 best: 249.1 mean: 301.22388059701495
gen: 95 best: 249.1 mean: 301.5950248756219
gen: 96 best: 249.1 mean: 301.02885572139303
gen: 97 best: 249.1 mean: 301.1393034825871
gen: 98 best: 249.1 mean: 300.84726368159204
gen: 99 best: 249.1 mean: 302.03731343283584
[8, 7, 7, 9, 7, 7, 7, 7, 8, 7, 7, 7, 7, 8, 8, 9, 7, 7, 9, 10, 8, 7, 7, 8, 6, 7, 7, 7, 7, 6, 8, 7, 7, 6, 7, 7, 6, 7, 6, 7, 8, 7, 7]
Test count of edges: 954
cat
