Defaulting to user installation because normal site-packages is not writeable
Looking in links: /cvmfs/soft.computecanada.ca/custom/python/wheelhouse/gentoo/avx2, /cvmfs/soft.computecanada.ca/custom/python/wheelhouse/gentoo/generic, /cvmfs/soft.computecanada.ca/custom/python/wheelhouse/generic
Requirement already satisfied: graphviz in /home/js17sy/.local/lib/python3.10/site-packages (0.20)
500; python ga.py 3 512N_graph3.dat 0.075 0.03 0.7 0.7 0.3 201 512N_graph3laxgen2rem70_ 571220
/project/6008788/js17sy/reopenga/512a/ga.py:291: DeprecationWarning: Sampling from a set deprecated
since Python 3.9 and will be removed in a subsequent version.
  child1 = set(random.sample(
gen >0, new best = 331.200
gen >0, new best = 331.100
gen >0, new best = 320.600
gen >0, new best = 311.700
gen >0, new best = 301.800
gen >0, new best = 301.400
gen >0, new best = 295.200
gen >0, new best = 288.200
gen: 0 best: 288.2 mean: 327.2159203980099
gen >1, new best = 283.800
gen: 1 best: 283.8 mean: 325.45870646766167
gen >2, new best = 280.200
gen: 2 best: 280.2 mean: 321.13830845771145
gen >3, new best = 270.900
gen: 3 best: 270.9 mean: 321.7731343283582
gen >4, new best = 270.800
gen >4, new best = 267.300
gen >4, new best = 265.200
gen: 4 best: 265.2 mean: 319.0726368159204
gen: 5 best: 265.2 mean: 319.5915422885572
gen: 6 best: 265.2 mean: 318.4457711442786
gen: 7 best: 265.2 mean: 315.55621890547263
gen: 8 best: 265.2 mean: 316.56169154228854
gen: 9 best: 265.2 mean: 315.218407960199
gen: 10 best: 265.2 mean: 314.326368159204
gen: 11 best: 265.2 mean: 309.9029850746269
gen: 12 best: 265.2 mean: 312.0766169154229
gen: 13 best: 265.2 mean: 310.1820895522388
gen: 14 best: 265.2 mean: 308.0721393034826
gen: 15 best: 265.2 mean: 308.63283582089554
gen >16, new best = 254.800
gen: 16 best: 254.8 mean: 307.0726368159204
gen: 17 best: 254.8 mean: 307.0353233830846
gen: 18 best: 254.8 mean: 303.2009950248756
gen: 19 best: 254.8 mean: 304.06716417910445
gen >20, new best = 251.200
gen: 20 best: 251.2 mean: 303.87114427860695
gen >21, new best = 248.200
gen: 21 best: 248.2 mean: 302.4323383084577
gen: 22 best: 248.2 mean: 301.4676616915423
gen: 23 best: 248.2 mean: 300.1796019900498
gen: 24 best: 248.2 mean: 301.4099502487562
gen: 25 best: 248.2 mean: 300.5004975124378
gen: 26 best: 248.2 mean: 300.06666666666666
gen: 27 best: 248.2 mean: 298.8995024875622
gen >28, new best = 243.500
gen: 28 best: 243.5 mean: 296.444776119403
gen: 29 best: 243.5 mean: 295.58905472636815
gen: 30 best: 243.5 mean: 295.5144278606965
gen: 31 best: 243.5 mean: 293.0950248756219
gen: 32 best: 243.5 mean: 293.5825870646766
gen: 33 best: 243.5 mean: 293.1189054726368
gen: 34 best: 243.5 mean: 293.12935323383084
gen: 35 best: 243.5 mean: 293.21542288557214
gen: 36 best: 243.5 mean: 292.8960199004975
gen: 37 best: 243.5 mean: 292.8019900497512
gen: 38 best: 243.5 mean: 291.72089552238805
gen: 39 best: 243.5 mean: 292.6393034825871
gen: 40 best: 243.5 mean: 290.88905472636816
gen: 41 best: 243.5 mean: 290.91492537313434
gen: 42 best: 243.5 mean: 289.1771144278607
gen >43, new best = 220.300
gen: 43 best: 220.3 mean: 289.31940298507465
gen: 44 best: 220.3 mean: 289.20597014925374
gen: 45 best: 220.3 mean: 288.3850746268657
gen: 46 best: 220.3 mean: 290.2497512437811
gen: 47 best: 220.3 mean: 289.83034825870647
gen: 48 best: 220.3 mean: 289.381592039801
gen: 49 best: 220.3 mean: 290.78109452736317
gen: 50 best: 220.3 mean: 290.2402985074627
gen: 51 best: 220.3 mean: 289.96069651741294
gen: 52 best: 220.3 mean: 288.56467661691545
gen: 53 best: 220.3 mean: 288.0039800995025
gen: 54 best: 220.3 mean: 288.1462686567164
gen: 55 best: 220.3 mean: 286.77960199004974
gen: 56 best: 220.3 mean: 285.6701492537313
gen: 57 best: 220.3 mean: 286.3696517412935
gen: 58 best: 220.3 mean: 286.49800995024873
gen: 59 best: 220.3 mean: 287.53880597014927
gen: 60 best: 220.3 mean: 287.48258706467664
gen: 61 best: 220.3 mean: 285.80248756218907
gen: 62 best: 220.3 mean: 287.0681592039801
gen: 63 best: 220.3 mean: 285.192039800995
gen: 64 best: 220.3 mean: 285.29800995024874
gen: 65 best: 220.3 mean: 284.48955223880597
gen: 66 best: 220.3 mean: 284.52636815920397
gen: 67 best: 220.3 mean: 285.27064676616914
gen: 68 best: 220.3 mean: 284.84676616915425
gen: 69 best: 220.3 mean: 283.5383084577114
gen: 70 best: 220.3 mean: 282.0089552238806
gen: 71 best: 220.3 mean: 285.07562189054727
gen: 72 best: 220.3 mean: 285.00995024875624
gen: 73 best: 220.3 mean: 284.34776119402983
gen: 74 best: 220.3 mean: 284.10199004975124
gen: 75 best: 220.3 mean: 283.63283582089554
gen: 76 best: 220.3 mean: 281.55572139303484
gen: 77 best: 220.3 mean: 284.2636815920398
gen: 78 best: 220.3 mean: 283.8810945273632
gen: 79 best: 220.3 mean: 282.826368159204
gen: 80 best: 220.3 mean: 282.15323383084575
gen: 81 best: 220.3 mean: 282.74825870646765
gen: 82 best: 220.3 mean: 283.9597014925373
gen: 83 best: 220.3 mean: 280.79402985074626
gen: 84 best: 220.3 mean: 281.3776119402985
gen: 85 best: 220.3 mean: 281.2562189054726
gen: 86 best: 220.3 mean: 282.28457711442786
gen: 87 best: 220.3 mean: 281.32338308457713
gen: 88 best: 220.3 mean: 281.58407960199
gen: 89 best: 220.3 mean: 282.89104477611943
gen: 90 best: 220.3 mean: 280.21094527363186
gen: 91 best: 220.3 mean: 279.91641791044776
gen: 92 best: 220.3 mean: 281.3243781094527
gen: 93 best: 220.3 mean: 280.5905472636816
gen: 94 best: 220.3 mean: 281.2343283582089
gen: 95 best: 220.3 mean: 280.3353233830846
gen: 96 best: 220.3 mean: 279.47562189054725
gen: 97 best: 220.3 mean: 280.16567164179105
gen: 98 best: 220.3 mean: 281.426368159204
gen: 99 best: 220.3 mean: 280.88756218905473
[7, 7, 7, 7, 8, 7, 8, 9, 7, 7, 7, 8, 7, 7, 8, 7, 7, 8, 7, 8, 7, 7, 12, 9, 9, 9, 9, 7, 7, 7, 8, 8, 8, 7, 8, 7, 7, 8, 9, 8]
Test count of edges: 950
cat
