Defaulting to user installation because normal site-packages is not writeable
Looking in links: /cvmfs/soft.computecanada.ca/custom/python/wheelhouse/gentoo/avx2, /cvmfs/soft.computecanada.ca/custom/python/wheelhouse/gentoo/generic, /cvmfs/soft.computecanada.ca/custom/python/wheelhouse/generic
Requirement already satisfied: graphviz in /home/js17sy/.local/lib/python3.10/site-packages (0.20)
203; python ga.py 3 512N_graph3.dat 0.05 0.02 0.5 0.5 0.5 201 512N_graph3mediumgen1rem50_ 656903
/project/6008788/js17sy/reopenga/512a/ga.py:291: DeprecationWarning: Sampling from a set deprecated
since Python 3.9 and will be removed in a subsequent version.
  child1 = set(random.sample(
gen >0, new best = 339.300
gen >0, new best = 329.500
gen >0, new best = 327.100
gen >0, new best = 323.700
gen >0, new best = 320.500
gen >0, new best = 295.200
gen >0, new best = 294.900
gen: 0 best: 294.9 mean: 331.56044776119404
gen >1, new best = 292.600
gen: 1 best: 292.6 mean: 330.2990049751244
gen: 2 best: 292.6 mean: 330.1517412935323
gen: 3 best: 292.6 mean: 328.9487562189055
gen >4, new best = 291.300
gen: 4 best: 291.3 mean: 327.9268656716418
gen: 5 best: 291.3 mean: 329.2084577114428
gen: 6 best: 291.3 mean: 327.91691542288555
gen: 7 best: 291.3 mean: 327.79353233830847
gen >8, new best = 284.500
gen: 8 best: 284.5 mean: 327.9417910447761
gen: 9 best: 284.5 mean: 326.9542288557214
gen: 10 best: 284.5 mean: 325.9194029850746
gen: 11 best: 284.5 mean: 324.94378109452737
gen: 12 best: 284.5 mean: 325.2716417910448
gen: 13 best: 284.5 mean: 325.7985074626866
gen: 14 best: 284.5 mean: 323.50099502487564
gen: 15 best: 284.5 mean: 323.8313432835821
gen >16, new best = 280.900
gen: 16 best: 280.9 mean: 323.27910447761195
gen: 17 best: 280.9 mean: 323.02139303482585
gen: 18 best: 280.9 mean: 322.13432835820896
gen: 19 best: 280.9 mean: 322.7318407960199
gen >20, new best = 280.800
gen: 20 best: 280.8 mean: 321.15671641791045
gen: 21 best: 280.8 mean: 321.17661691542287
gen: 22 best: 280.8 mean: 319.5218905472637
gen: 23 best: 280.8 mean: 319.6771144278607
gen: 24 best: 280.8 mean: 318.02537313432833
gen: 25 best: 280.8 mean: 318.7985074626866
gen >26, new best = 276.100
gen: 26 best: 276.1 mean: 318.73930348258705
gen: 27 best: 276.1 mean: 318.26467661691544
gen: 28 best: 276.1 mean: 317.1223880597015
gen: 29 best: 276.1 mean: 316.30746268656713
gen: 30 best: 276.1 mean: 316.27064676616914
gen: 31 best: 276.1 mean: 317.0353233830846
gen: 32 best: 276.1 mean: 316.1373134328358
gen: 33 best: 276.1 mean: 315.60348258706466
gen >34, new best = 271.300
gen: 34 best: 271.3 mean: 315.2328358208955
gen: 35 best: 271.3 mean: 315.9407960199005
gen: 36 best: 271.3 mean: 316.45721393034825
gen: 37 best: 271.3 mean: 315.96666666666664
gen: 38 best: 271.3 mean: 315.4064676616915
gen: 39 best: 271.3 mean: 312.8492537313433
gen: 40 best: 271.3 mean: 313.5348258706468
gen: 41 best: 271.3 mean: 314.61243781094527
gen: 42 best: 271.3 mean: 312.3666666666667
gen: 43 best: 271.3 mean: 312.565671641791
gen: 44 best: 271.3 mean: 313.0905472636816
gen: 45 best: 271.3 mean: 313.44278606965173
gen: 46 best: 271.3 mean: 312.7965174129353
gen >47, new best = 270.700
gen: 47 best: 270.7 mean: 312.4124378109453
gen: 48 best: 270.7 mean: 312.0855721393035
gen: 49 best: 270.7 mean: 311.43482587064676
gen: 50 best: 270.7 mean: 311.38855721393037
gen: 51 best: 270.7 mean: 312.1268656716418
gen: 52 best: 270.7 mean: 311.44427860696516
gen: 53 best: 270.7 mean: 310.6587064676617
gen: 54 best: 270.7 mean: 311.25174129353235
gen >55, new best = 269.600
gen: 55 best: 269.6 mean: 310.00995024875624
gen: 56 best: 269.6 mean: 309.4537313432836
gen: 57 best: 269.6 mean: 310.0293532338309
gen: 58 best: 269.6 mean: 310.7766169154229
gen >59, new best = 268.300
gen: 59 best: 268.3 mean: 309.8542288557214
gen: 60 best: 268.3 mean: 309.42388059701494
gen: 61 best: 268.3 mean: 309.6278606965174
gen: 62 best: 268.3 mean: 309.4189054726368
gen >63, new best = 266.100
gen: 63 best: 266.1 mean: 309.3149253731343
gen: 64 best: 266.1 mean: 309.50597014925376
gen: 65 best: 266.1 mean: 308.53781094527363
gen: 66 best: 266.1 mean: 308.75223880597014
gen: 67 best: 266.1 mean: 309.02288557213933
gen: 68 best: 266.1 mean: 308.38955223880595
gen >69, new best = 264.300
gen: 69 best: 264.3 mean: 307.7945273631841
gen: 70 best: 264.3 mean: 307.4577114427861
gen: 71 best: 264.3 mean: 308.2273631840796
gen: 72 best: 264.3 mean: 307.8791044776119
gen: 73 best: 264.3 mean: 307.589552238806
gen: 74 best: 264.3 mean: 306.5965174129353
gen: 75 best: 264.3 mean: 308.0039800995025
gen >76, new best = 260.300
gen: 76 best: 260.3 mean: 306.8865671641791
gen: 77 best: 260.3 mean: 306.9064676616915
gen: 78 best: 260.3 mean: 306.37064676616916
gen: 79 best: 260.3 mean: 306.66567164179105
gen: 80 best: 260.3 mean: 306.9462686567164
gen: 81 best: 260.3 mean: 307.08706467661693
gen: 82 best: 260.3 mean: 306.82885572139304
gen: 83 best: 260.3 mean: 305.87860696517413
gen: 84 best: 260.3 mean: 306.0900497512438
gen: 85 best: 260.3 mean: 306.2676616915423
gen: 86 best: 260.3 mean: 305.5845771144279
gen: 87 best: 260.3 mean: 305.2592039800995
gen: 88 best: 260.3 mean: 305.66019900497514
gen: 89 best: 260.3 mean: 305.8825870646766
gen: 90 best: 260.3 mean: 305.7054726368159
gen: 91 best: 260.3 mean: 305.05771144278606
gen: 92 best: 260.3 mean: 304.8059701492537
gen: 93 best: 260.3 mean: 304.96417910447764
gen: 94 best: 260.3 mean: 305.8825870646766
gen: 95 best: 260.3 mean: 305.0089552238806
gen: 96 best: 260.3 mean: 304.81044776119404
gen: 97 best: 260.3 mean: 305.373631840796
gen: 98 best: 260.3 mean: 304.9139303482587
gen: 99 best: 260.3 mean: 304.4064676616915
[10, 9, 9, 8, 9, 10, 10, 9, 8, 11, 9, 9, 10, 8, 10, 10, 10, 9, 8, 10, 8, 8, 8, 8, 12, 9, 8, 9, 9, 9, 9, 9, 11, 10, 8, 9, 12, 12, 8, 10, 8, 8, 9, 9]
Test count of edges: 1593
cat
