Defaulting to user installation because normal site-packages is not writeable
Looking in links: /cvmfs/soft.computecanada.ca/custom/python/wheelhouse/gentoo/avx2, /cvmfs/soft.computecanada.ca/custom/python/wheelhouse/gentoo/generic, /cvmfs/soft.computecanada.ca/custom/python/wheelhouse/generic
Requirement already satisfied: graphviz in /home/js17sy/.local/lib/python3.10/site-packages (0.20)
702; python ga.py 3 512N_graph3.dat 0.1 0.04 0.7 0.9 0.1 201 512N_graph3leerygen3rem70_ 342732
/project/6008788/js17sy/reopenga/512a/ga.py:291: DeprecationWarning: Sampling from a set deprecated
since Python 3.9 and will be removed in a subsequent version.
  child1 = set(random.sample(
gen >0, new best = 333.800
gen >0, new best = 325.100
gen >0, new best = 319.200
gen >0, new best = 316.200
gen >0, new best = 299.900
gen: 0 best: 299.9 mean: 332.5997512437811
gen >1, new best = 299.200
gen: 1 best: 299.2 mean: 332.36218905472634
gen >2, new best = 298.200
gen: 2 best: 298.2 mean: 330.7497512437811
gen >3, new best = 292.600
gen: 3 best: 292.6 mean: 329.72935323383086
gen >4, new best = 292.500
gen: 4 best: 292.5 mean: 327.6457711442786
gen >5, new best = 277.800
gen: 5 best: 277.8 mean: 325.85621890547264
gen: 6 best: 277.8 mean: 324.0189054726368
gen: 7 best: 277.8 mean: 324.8726368159204
gen: 8 best: 277.8 mean: 323.6119402985075
gen >9, new best = 274.600
gen >9, new best = 273.600
gen: 9 best: 273.6 mean: 322.82835820895525
gen: 10 best: 273.6 mean: 321.2776119402985
gen: 11 best: 273.6 mean: 320.6507462686567
gen: 12 best: 273.6 mean: 320.9084577114428
gen: 13 best: 273.6 mean: 319.4582089552239
gen: 14 best: 273.6 mean: 320.1333333333333
gen >15, new best = 262.200
gen: 15 best: 262.2 mean: 317.07611940298506
gen: 16 best: 262.2 mean: 317.93880597014925
gen: 17 best: 262.2 mean: 316.1174129353234
gen: 18 best: 262.2 mean: 315.5721393034826
gen: 19 best: 262.2 mean: 315.7502487562189
gen: 20 best: 262.2 mean: 315.1641791044776
gen: 21 best: 262.2 mean: 317.4860696517413
gen: 22 best: 262.2 mean: 314.53731343283584
gen: 23 best: 262.2 mean: 313.2467661691542
gen: 24 best: 262.2 mean: 314.91840796019903
gen: 25 best: 262.2 mean: 313.2686567164179
gen: 26 best: 262.2 mean: 314.1995024875622
gen: 27 best: 262.2 mean: 313.76616915422886
gen: 28 best: 262.2 mean: 312.8791044776119
gen >29, new best = 262.100
gen: 29 best: 262.1 mean: 310.2915422885572
gen: 30 best: 262.1 mean: 310.4432835820896
gen: 31 best: 262.1 mean: 309.9268656716418
gen: 32 best: 262.1 mean: 310.66218905472635
gen: 33 best: 262.1 mean: 310.7582089552239
gen: 34 best: 262.1 mean: 309.855223880597
gen: 35 best: 262.1 mean: 309.6502487562189
gen: 36 best: 262.1 mean: 309.0601990049751
gen: 37 best: 262.1 mean: 309.036815920398
gen: 38 best: 262.1 mean: 308.3
gen: 39 best: 262.1 mean: 308.8039800995025
gen: 40 best: 262.1 mean: 309.83084577114425
gen: 41 best: 262.1 mean: 307.80646766169156
gen: 42 best: 262.1 mean: 310.17164179104475
gen: 43 best: 262.1 mean: 309.07064676616915
gen: 44 best: 262.1 mean: 307.49751243781094
gen: 45 best: 262.1 mean: 307.96069651741294
gen >46, new best = 234.700
gen: 46 best: 234.7 mean: 307.7492537313433
gen: 47 best: 234.7 mean: 307.84278606965177
gen: 48 best: 234.7 mean: 306.1268656716418
gen: 49 best: 234.7 mean: 307.17860696517414
gen: 50 best: 234.7 mean: 305.2800995024876
gen: 51 best: 234.7 mean: 305.51542288557215
gen: 52 best: 234.7 mean: 305.744776119403
gen: 53 best: 234.7 mean: 305.3681592039801
gen: 54 best: 234.7 mean: 305.8482587064677
gen: 55 best: 234.7 mean: 304.66218905472635
gen: 56 best: 234.7 mean: 304.35223880597016
gen: 57 best: 234.7 mean: 305.4094527363184
gen: 58 best: 234.7 mean: 305.60149253731345
gen: 59 best: 234.7 mean: 307.0970149253731
gen: 60 best: 234.7 mean: 304.2194029850746
gen: 61 best: 234.7 mean: 302.76965174129356
gen: 62 best: 234.7 mean: 305.2323383084577
gen: 63 best: 234.7 mean: 305.9915422885572
gen: 64 best: 234.7 mean: 305.15323383084575
gen: 65 best: 234.7 mean: 304.3646766169154
gen: 66 best: 234.7 mean: 304.0900497512438
gen: 67 best: 234.7 mean: 303.3318407960199
gen: 68 best: 234.7 mean: 303.6940298507463
gen: 69 best: 234.7 mean: 303.72487562189053
gen: 70 best: 234.7 mean: 303.8960199004975
gen: 71 best: 234.7 mean: 302.95522388059703
gen: 72 best: 234.7 mean: 302.87064676616916
gen: 73 best: 234.7 mean: 303.3955223880597
gen: 74 best: 234.7 mean: 302.8114427860697
gen: 75 best: 234.7 mean: 303.9547263681592
gen: 76 best: 234.7 mean: 303.05024875621893
gen: 77 best: 234.7 mean: 302.97363184079603
gen: 78 best: 234.7 mean: 303.6333333333333
gen: 79 best: 234.7 mean: 303.87860696517413
gen: 80 best: 234.7 mean: 303.46268656716416
gen: 81 best: 234.7 mean: 303.5258706467662
gen: 82 best: 234.7 mean: 302.62985074626863
gen: 83 best: 234.7 mean: 302.37114427860695
gen: 84 best: 234.7 mean: 302.56119402985075
gen: 85 best: 234.7 mean: 303.6049751243781
gen: 86 best: 234.7 mean: 304.29004975124377
gen: 87 best: 234.7 mean: 302.32537313432834
gen: 88 best: 234.7 mean: 302.82835820895525
gen: 89 best: 234.7 mean: 302.7875621890547
gen: 90 best: 234.7 mean: 302.9542288557214
gen: 91 best: 234.7 mean: 300.42039800995025
gen: 92 best: 234.7 mean: 301.77064676616914
gen: 93 best: 234.7 mean: 302.03432835820894
gen: 94 best: 234.7 mean: 300.6686567164179
gen: 95 best: 234.7 mean: 301.4766169154229
gen: 96 best: 234.7 mean: 301.12885572139305
gen: 97 best: 234.7 mean: 301.8502487562189
gen: 98 best: 234.7 mean: 301.2009950248756
gen: 99 best: 234.7 mean: 300.32487562189056
[7, 7, 7, 7, 7, 7, 6, 6, 8, 7, 8, 8, 8, 7, 6, 7, 7, 6, 7, 7, 8, 7, 9, 7, 11, 8, 7, 10, 7, 7, 7, 7, 7, 7, 9, 8, 6, 7, 7, 8, 6, 7, 9]
Test count of edges: 940
cat
