Defaulting to user installation because normal site-packages is not writeable
Looking in links: /cvmfs/soft.computecanada.ca/custom/python/wheelhouse/gentoo/avx2, /cvmfs/soft.computecanada.ca/custom/python/wheelhouse/gentoo/generic, /cvmfs/soft.computecanada.ca/custom/python/wheelhouse/generic
Requirement already satisfied: graphviz in /home/js17sy/.local/lib/python3.10/site-packages (0.20)
300; python ga.py 3 512N_graph3.dat 0.05 0.02 0.7 0.5 0.5 201 512N_graph3mediumgen1rem70_ 856830
/project/6008788/js17sy/reopenga/512a/ga.py:291: DeprecationWarning: Sampling from a set deprecated
since Python 3.9 and will be removed in a subsequent version.
  child1 = set(random.sample(
gen >0, new best = 353.100
gen >0, new best = 352.100
gen >0, new best = 341.700
gen >0, new best = 333.000
gen >0, new best = 324.500
gen >0, new best = 314.800
gen >0, new best = 279.800
gen >0, new best = 267.000
gen >0, new best = 254.900
gen: 0 best: 254.9 mean: 323.40547263681594
gen >1, new best = 252.700
gen: 1 best: 252.7 mean: 319.4860696517413
gen: 2 best: 252.7 mean: 316.85771144278607
gen: 3 best: 252.7 mean: 314.6412935323383
gen >4, new best = 250.200
gen: 4 best: 250.2 mean: 310.48855721393033
gen: 5 best: 250.2 mean: 306.9189054726368
gen >6, new best = 247.600
gen: 6 best: 247.6 mean: 303.29203980099504
gen: 7 best: 247.6 mean: 304.1497512437811
gen: 8 best: 247.6 mean: 301.94278606965173
gen >9, new best = 239.700
gen >9, new best = 200.600
gen: 9 best: 200.6 mean: 298.3497512437811
gen: 10 best: 200.6 mean: 296.9124378109453
gen: 11 best: 200.6 mean: 299.2139303482587
gen: 12 best: 200.6 mean: 298.4004975124378
gen: 13 best: 200.6 mean: 294.18009950248756
gen: 14 best: 200.6 mean: 294.0353233830846
gen: 15 best: 200.6 mean: 294.05273631840794
gen: 16 best: 200.6 mean: 290.58308457711445
gen: 17 best: 200.6 mean: 290.8686567164179
gen: 18 best: 200.6 mean: 290.607960199005
gen: 19 best: 200.6 mean: 289.0542288557214
gen: 20 best: 200.6 mean: 289.0238805970149
gen: 21 best: 200.6 mean: 287.63980099502487
gen: 22 best: 200.6 mean: 288.0970149253731
gen: 23 best: 200.6 mean: 287.0144278606965
gen: 24 best: 200.6 mean: 286.69303482587065
gen: 25 best: 200.6 mean: 282.8134328358209
gen: 26 best: 200.6 mean: 285.3626865671642
gen: 27 best: 200.6 mean: 284.15124378109454
gen: 28 best: 200.6 mean: 284.01194029850745
gen: 29 best: 200.6 mean: 283.29353233830847
gen: 30 best: 200.6 mean: 281.68955223880596
gen: 31 best: 200.6 mean: 281.289552238806
gen: 32 best: 200.6 mean: 282.3492537313433
gen: 33 best: 200.6 mean: 279.91492537313434
gen: 34 best: 200.6 mean: 279.67860696517414
gen: 35 best: 200.6 mean: 280.03034825870645
gen: 36 best: 200.6 mean: 276.36169154228855
gen: 37 best: 200.6 mean: 276.9721393034826
gen: 38 best: 200.6 mean: 277.51741293532336
gen: 39 best: 200.6 mean: 277.1268656716418
gen: 40 best: 200.6 mean: 277.5880597014925
gen: 41 best: 200.6 mean: 272.281592039801
gen: 42 best: 200.6 mean: 274.4507462686567
gen: 43 best: 200.6 mean: 275.83432835820895
gen: 44 best: 200.6 mean: 274.55174129353236
gen: 45 best: 200.6 mean: 273.33930348258707
gen: 46 best: 200.6 mean: 275.0497512437811
gen: 47 best: 200.6 mean: 273.34278606965177
gen: 48 best: 200.6 mean: 270.89800995024876
gen: 49 best: 200.6 mean: 273.6223880597015
gen: 50 best: 200.6 mean: 272.6427860696517
gen: 51 best: 200.6 mean: 273.12885572139305
gen: 52 best: 200.6 mean: 271.2139303482587
gen: 53 best: 200.6 mean: 272.8661691542288
gen: 54 best: 200.6 mean: 269.42089552238804
gen: 55 best: 200.6 mean: 271.5189054726368
gen: 56 best: 200.6 mean: 271.0721393034826
gen: 57 best: 200.6 mean: 270.373631840796
gen: 58 best: 200.6 mean: 270.17313432835823
gen: 59 best: 200.6 mean: 271.4761194029851
gen: 60 best: 200.6 mean: 272.1134328358209
gen: 61 best: 200.6 mean: 270.0726368159204
gen: 62 best: 200.6 mean: 270.24228855721395
gen: 63 best: 200.6 mean: 268.7487562189055
gen: 64 best: 200.6 mean: 270.1318407960199
gen: 65 best: 200.6 mean: 269.15124378109454
gen: 66 best: 200.6 mean: 268.05721393034827
gen: 67 best: 200.6 mean: 269.58009950248754
gen: 68 best: 200.6 mean: 267.8189054726368
gen: 69 best: 200.6 mean: 268.2134328358209
gen: 70 best: 200.6 mean: 266.94427860696516
gen: 71 best: 200.6 mean: 268.95124378109455
gen: 72 best: 200.6 mean: 269.76467661691544
gen: 73 best: 200.6 mean: 271.1129353233831
gen: 74 best: 200.6 mean: 268.60348258706466
gen: 75 best: 200.6 mean: 267.3059701492537
gen: 76 best: 200.6 mean: 267.17313432835823
gen: 77 best: 200.6 mean: 269.681592039801
gen: 78 best: 200.6 mean: 269.9044776119403
gen: 79 best: 200.6 mean: 268.9651741293532
gen: 80 best: 200.6 mean: 267.6646766169154
gen: 81 best: 200.6 mean: 269.0825870646766
gen: 82 best: 200.6 mean: 269.4741293532338
gen: 83 best: 200.6 mean: 269.0457711442786
gen: 84 best: 200.6 mean: 267.73034825870644
gen: 85 best: 200.6 mean: 266.6517412935323
gen: 86 best: 200.6 mean: 268.12388059701493
gen: 87 best: 200.6 mean: 269.5676616915423
gen: 88 best: 200.6 mean: 267.3517412935323
gen: 89 best: 200.6 mean: 266.64179104477614
gen: 90 best: 200.6 mean: 268.38557213930346
gen: 91 best: 200.6 mean: 266.4029850746269
gen: 92 best: 200.6 mean: 267.29701492537316
gen: 93 best: 200.6 mean: 266.43283582089555
gen: 94 best: 200.6 mean: 268.1084577114428
gen: 95 best: 200.6 mean: 266.49402985074624
gen: 96 best: 200.6 mean: 266.881592039801
gen: 97 best: 200.6 mean: 266.03781094527363
gen: 98 best: 200.6 mean: 265.62338308457714
gen: 99 best: 200.6 mean: 267.3059701492537
[7, 8, 10, 9, 9, 9, 8, 8, 9, 9, 10, 7, 8, 8, 9, 10, 9, 9, 8, 7, 8, 10, 7, 9, 12, 9, 7, 7, 8, 7, 7, 10, 8, 7, 8, 7, 8, 9, 11, 7, 9, 9]
Test count of edges: 941
cat
