Defaulting to user installation because normal site-packages is not writeable
Looking in links: /cvmfs/soft.computecanada.ca/custom/python/wheelhouse/gentoo/avx2, /cvmfs/soft.computecanada.ca/custom/python/wheelhouse/gentoo/generic, /cvmfs/soft.computecanada.ca/custom/python/wheelhouse/generic
Requirement already satisfied: graphviz in /home/js17sy/.local/lib/python3.10/site-packages (0.20)
29; python ga.py 3 512N_graph3.dat 0.025 0.01 0.5 0.5 0.5 201 512N_graph3strictgen1rem50_ 828269
/project/6008788/js17sy/reopenga/512a/ga.py:291: DeprecationWarning: Sampling from a set deprecated
since Python 3.9 and will be removed in a subsequent version.
  child1 = set(random.sample(
gen >0, new best = 322.600
gen >0, new best = 304.800
gen >0, new best = 299.300
gen >0, new best = 299.100
gen >0, new best = 281.400
gen: 0 best: 281.4 mean: 315.87985074626863
gen: 1 best: 281.4 mean: 314.22587064676617
gen >2, new best = 274.400
gen: 2 best: 274.4 mean: 314.31940298507465
gen: 3 best: 274.4 mean: 312.8089552238806
gen: 4 best: 274.4 mean: 311.02985074626866
gen: 5 best: 274.4 mean: 311.52437810945275
gen: 6 best: 274.4 mean: 311.22388059701495
gen: 7 best: 274.4 mean: 310.9721393034826
gen >8, new best = 271.300
gen: 8 best: 271.3 mean: 309.728855721393
gen: 9 best: 271.3 mean: 308.89850746268655
gen: 10 best: 271.3 mean: 309.0696517412935
gen >11, new best = 264.200
gen: 11 best: 264.2 mean: 307.3820895522388
gen: 12 best: 264.2 mean: 305.92089552238804
gen: 13 best: 264.2 mean: 306.23930348258705
gen: 14 best: 264.2 mean: 306.06318407960197
gen: 15 best: 264.2 mean: 304.3114427860697
gen >16, new best = 245.500
gen: 16 best: 245.5 mean: 304.17114427860696
gen: 17 best: 245.5 mean: 304.1223880597015
gen: 18 best: 245.5 mean: 304.96567164179106
gen: 19 best: 245.5 mean: 304.0353233830846
gen: 20 best: 245.5 mean: 303.38855721393037
gen: 21 best: 245.5 mean: 302.76169154228853
gen: 22 best: 245.5 mean: 301.4592039800995
gen: 23 best: 245.5 mean: 301.6557213930348
gen: 24 best: 245.5 mean: 301.07064676616915
gen: 25 best: 245.5 mean: 299.3592039800995
gen: 26 best: 245.5 mean: 300.70298507462684
gen: 27 best: 245.5 mean: 299.7562189054726
gen: 28 best: 245.5 mean: 298.3860696517413
gen: 29 best: 245.5 mean: 298.8313432835821
gen: 30 best: 245.5 mean: 299.0875621890547
gen: 31 best: 245.5 mean: 298.29353233830847
gen: 32 best: 245.5 mean: 297.70597014925374
gen: 33 best: 245.5 mean: 296.76965174129356
gen: 34 best: 245.5 mean: 298.46268656716416
gen: 35 best: 245.5 mean: 296.6412935323383
gen: 36 best: 245.5 mean: 296.43333333333334
gen: 37 best: 245.5 mean: 296.23930348258705
gen: 38 best: 245.5 mean: 296.9810945273632
gen: 39 best: 245.5 mean: 297.3457711442786
gen: 40 best: 245.5 mean: 295.30696517412935
gen: 41 best: 245.5 mean: 296.3517412935323
gen: 42 best: 245.5 mean: 295.2547263681592
gen: 43 best: 245.5 mean: 295.555223880597
gen: 44 best: 245.5 mean: 294.29751243781095
gen: 45 best: 245.5 mean: 294.3865671641791
gen: 46 best: 245.5 mean: 293.1781094527363
gen: 47 best: 245.5 mean: 294.4542288557214
gen: 48 best: 245.5 mean: 293.3
gen: 49 best: 245.5 mean: 293.08159203980097
gen: 50 best: 245.5 mean: 294.0074626865672
gen: 51 best: 245.5 mean: 293.2124378109453
gen: 52 best: 245.5 mean: 293.5233830845771
gen: 53 best: 245.5 mean: 291.8228855721393
gen: 54 best: 245.5 mean: 292.40696517412937
gen: 55 best: 245.5 mean: 292.0880597014925
gen: 56 best: 245.5 mean: 290.81641791044774
gen: 57 best: 245.5 mean: 291.14029850746266
gen: 58 best: 245.5 mean: 291.03333333333336
gen: 59 best: 245.5 mean: 290.27562189054726
gen: 60 best: 245.5 mean: 290.7159203980099
gen: 61 best: 245.5 mean: 290.9830845771144
gen: 62 best: 245.5 mean: 291.18955223880596
gen: 63 best: 245.5 mean: 290.96567164179106
gen: 64 best: 245.5 mean: 290.15223880597017
gen: 65 best: 245.5 mean: 289.61144278606963
gen: 66 best: 245.5 mean: 290.844776119403
gen: 67 best: 245.5 mean: 290.5990049751244
gen: 68 best: 245.5 mean: 290.8223880597015
gen: 69 best: 245.5 mean: 289.7144278606965
gen: 70 best: 245.5 mean: 288.718407960199
gen: 71 best: 245.5 mean: 289.5074626865672
gen: 72 best: 245.5 mean: 288.4776119402985
gen: 73 best: 245.5 mean: 287.80149253731344
gen: 74 best: 245.5 mean: 288.00646766169154
gen: 75 best: 245.5 mean: 287.1542288557214
gen: 76 best: 245.5 mean: 286.5348258706468
gen: 77 best: 245.5 mean: 286.34179104477613
gen: 78 best: 245.5 mean: 286.710447761194
gen: 79 best: 245.5 mean: 285.96616915422885
gen: 80 best: 245.5 mean: 286.4870646766169
gen: 81 best: 245.5 mean: 286.4119402985075
gen: 82 best: 245.5 mean: 287.33034825870647
gen: 83 best: 245.5 mean: 285.7990049751244
gen: 84 best: 245.5 mean: 286.47960199004973
gen: 85 best: 245.5 mean: 286.344776119403
gen: 86 best: 245.5 mean: 285.1860696517413
gen: 87 best: 245.5 mean: 286.42935323383085
gen: 88 best: 245.5 mean: 286.8726368159204
gen: 89 best: 245.5 mean: 285.8114427860697
gen: 90 best: 245.5 mean: 286.20298507462684
gen: 91 best: 245.5 mean: 286.0731343283582
gen: 92 best: 245.5 mean: 285.70199004975126
gen: 93 best: 245.5 mean: 286.4318407960199
gen: 94 best: 245.5 mean: 286.6223880597015
gen: 95 best: 245.5 mean: 286.1577114427861
gen: 96 best: 245.5 mean: 285.7457711442786
gen: 97 best: 245.5 mean: 286.1666666666667
gen >98, new best = 239.700
gen: 98 best: 239.7 mean: 285.15124378109454
gen: 99 best: 239.7 mean: 285.0676616915423
[10, 10, 11, 14, 9, 13, 11, 13, 9, 10, 10, 10, 10, 10, 9, 11, 10, 10, 10, 12, 11, 10, 10, 10, 12, 10, 11, 10, 10, 10, 12, 11, 12]
Test count of edges: 1607
cat
