Defaulting to user installation because normal site-packages is not writeable
Looking in links: /cvmfs/soft.computecanada.ca/custom/python/wheelhouse/gentoo/avx2, /cvmfs/soft.computecanada.ca/custom/python/wheelhouse/gentoo/generic, /cvmfs/soft.computecanada.ca/custom/python/wheelhouse/generic
Requirement already satisfied: graphviz in /home/js17sy/.local/lib/python3.10/site-packages (0.20)
598; python ga.py 3 512N_graph3.dat 0.1 0.04 0.5 0.7 0.3 201 512N_graph3leerygen2rem50_ 799708
/project/6008788/js17sy/reopenga/512a/ga.py:291: DeprecationWarning: Sampling from a set deprecated
since Python 3.9 and will be removed in a subsequent version.
  child1 = set(random.sample(
gen >0, new best = 359.900
gen >0, new best = 359.400
gen >0, new best = 353.500
gen >0, new best = 350.200
gen >0, new best = 320.500
gen >0, new best = 318.200
gen: 0 best: 318.2 mean: 359.3039800995025
gen: 1 best: 318.2 mean: 359.24228855721395
gen: 2 best: 318.2 mean: 358.46268656716416
gen >3, new best = 317.200
gen: 3 best: 317.2 mean: 357.5855721393035
gen: 4 best: 317.2 mean: 357.05273631840794
gen >5, new best = 313.400
gen: 5 best: 313.4 mean: 355.4820895522388
gen >6, new best = 308.800
gen: 6 best: 308.8 mean: 355.4248756218905
gen: 7 best: 308.8 mean: 355.5019900497512
gen: 8 best: 308.8 mean: 355.2094527363184
gen: 9 best: 308.8 mean: 354.9194029850746
gen: 10 best: 308.8 mean: 354.19303482587065
gen: 11 best: 308.8 mean: 354.36517412935325
gen: 12 best: 308.8 mean: 354.910447761194
gen >13, new best = 305.200
gen: 13 best: 305.2 mean: 354.11094527363184
gen: 14 best: 305.2 mean: 352.7124378109453
gen >15, new best = 283.800
gen: 15 best: 283.8 mean: 352.1283582089552
gen: 16 best: 283.8 mean: 352.91592039801
gen: 17 best: 283.8 mean: 353.39253731343285
gen: 18 best: 283.8 mean: 352.1353233830846
gen: 19 best: 283.8 mean: 352.0323383084577
gen: 20 best: 283.8 mean: 351.7930348258706
gen: 21 best: 283.8 mean: 351.13432835820896
gen: 22 best: 283.8 mean: 350.74825870646765
gen: 23 best: 283.8 mean: 351.1855721393035
gen: 24 best: 283.8 mean: 351.24427860696517
gen: 25 best: 283.8 mean: 350.62985074626863
gen: 26 best: 283.8 mean: 349.83830845771143
gen: 27 best: 283.8 mean: 349.23731343283583
gen: 28 best: 283.8 mean: 349.1407960199005
gen: 29 best: 283.8 mean: 349.3810945273632
gen: 30 best: 283.8 mean: 347.98457711442785
gen: 31 best: 283.8 mean: 348.2417910447761
gen: 32 best: 283.8 mean: 347.49303482587067
gen >33, new best = 282.400
gen: 33 best: 282.4 mean: 346.47014925373134
gen: 34 best: 282.4 mean: 346.62985074626863
gen: 35 best: 282.4 mean: 346.31194029850747
gen: 36 best: 282.4 mean: 346.36915422885573
gen: 37 best: 282.4 mean: 347.065671641791
gen: 38 best: 282.4 mean: 345.86119402985076
gen: 39 best: 282.4 mean: 345.87114427860695
gen: 40 best: 282.4 mean: 345.50597014925376
gen: 41 best: 282.4 mean: 344.86915422885573
gen: 42 best: 282.4 mean: 344.37611940298507
gen: 43 best: 282.4 mean: 344.68756218905474
gen: 44 best: 282.4 mean: 344.5970149253731
gen: 45 best: 282.4 mean: 344.5218905472637
gen: 46 best: 282.4 mean: 344.2402985074627
gen: 47 best: 282.4 mean: 343.2323383084577
gen: 48 best: 282.4 mean: 344.22089552238805
gen: 49 best: 282.4 mean: 343.29800995024874
gen: 50 best: 282.4 mean: 343.0258706467662
gen: 51 best: 282.4 mean: 343.1646766169154
gen: 52 best: 282.4 mean: 342.5164179104478
gen: 53 best: 282.4 mean: 341.7502487562189
gen: 54 best: 282.4 mean: 340.88955223880595
gen: 55 best: 282.4 mean: 340.355223880597
gen: 56 best: 282.4 mean: 341.08706467661693
gen: 57 best: 282.4 mean: 341.41094527363185
gen: 58 best: 282.4 mean: 340.93532338308455
gen: 59 best: 282.4 mean: 341.40398009950246
gen: 60 best: 282.4 mean: 341.0512437810945
gen: 61 best: 282.4 mean: 340.1442786069652
gen: 62 best: 282.4 mean: 340.25174129353235
gen: 63 best: 282.4 mean: 340.35820895522386
gen: 64 best: 282.4 mean: 340.2562189054726
gen: 65 best: 282.4 mean: 339.3442786069652
gen: 66 best: 282.4 mean: 340.5293532338308
gen: 67 best: 282.4 mean: 340.0442786069652
gen: 68 best: 282.4 mean: 339.9089552238806
gen: 69 best: 282.4 mean: 339.781592039801
gen: 70 best: 282.4 mean: 339.8716417910448
gen: 71 best: 282.4 mean: 338.98059701492537
gen: 72 best: 282.4 mean: 339.31990049751244
gen: 73 best: 282.4 mean: 340.41691542288555
gen: 74 best: 282.4 mean: 339.0164179104478
gen: 75 best: 282.4 mean: 338.27960199004974
gen: 76 best: 282.4 mean: 339.392039800995
gen: 77 best: 282.4 mean: 339.22039800995026
gen: 78 best: 282.4 mean: 338.14925373134326
gen: 79 best: 282.4 mean: 339.07114427860694
gen: 80 best: 282.4 mean: 338.34776119402983
gen: 81 best: 282.4 mean: 338.19253731343287
gen: 82 best: 282.4 mean: 338.6024875621891
gen: 83 best: 282.4 mean: 338.4373134328358
gen: 84 best: 282.4 mean: 338.0751243781095
gen: 85 best: 282.4 mean: 337.8258706467662
gen: 86 best: 282.4 mean: 338.5542288557214
gen: 87 best: 282.4 mean: 337.54278606965175
gen: 88 best: 282.4 mean: 337.5054726368159
gen: 89 best: 282.4 mean: 337.5845771144279
gen: 90 best: 282.4 mean: 337.0437810945274
gen: 91 best: 282.4 mean: 337.5189054726368
gen: 92 best: 282.4 mean: 337.0855721393035
gen: 93 best: 282.4 mean: 337.2562189054726
gen: 94 best: 282.4 mean: 336.90199004975125
gen: 95 best: 282.4 mean: 335.6502487562189
gen: 96 best: 282.4 mean: 336.62487562189057
gen: 97 best: 282.4 mean: 337.3791044776119
gen >98, new best = 267.500
gen: 98 best: 267.5 mean: 336.6228855721393
gen: 99 best: 267.5 mean: 336.555223880597
[8, 7, 8, 8, 9, 11, 8, 9, 8, 7, 7, 8, 9, 7, 8, 8, 7, 8, 8, 9, 8, 8, 8, 8, 7, 10, 9, 7, 9, 7, 8, 7, 8, 8, 8, 8, 8, 8, 7, 10, 7, 7, 7]
Test count of edges: 1584
cat
