Defaulting to user installation because normal site-packages is not writeable
Looking in links: /cvmfs/soft.computecanada.ca/custom/python/wheelhouse/gentoo/avx2, /cvmfs/soft.computecanada.ca/custom/python/wheelhouse/gentoo/generic, /cvmfs/soft.computecanada.ca/custom/python/wheelhouse/generic
Requirement already satisfied: graphviz in /home/js17sy/.local/lib/python3.10/site-packages (0.20)
348; python ga.py 3 512N_graph3.dat 0.05 0.02 0.7 0.9 0.1 201 512N_graph3mediumgen3rem70_ 514098
/project/6008788/js17sy/reopenga/512a/ga.py:291: DeprecationWarning: Sampling from a set deprecated
since Python 3.9 and will be removed in a subsequent version.
  child1 = set(random.sample(
gen >0, new best = 366.400
gen >0, new best = 288.600
gen >0, new best = 278.400
gen >0, new best = 271.400
gen: 0 best: 271.4 mean: 323.1149253731343
gen >1, new best = 268.700
gen: 1 best: 268.7 mean: 319.944776119403
gen >2, new best = 268.100
gen >2, new best = 259.600
gen: 2 best: 259.6 mean: 312.3955223880597
gen >3, new best = 256.500
gen: 3 best: 256.5 mean: 311.7776119402985
gen >4, new best = 240.900
gen: 4 best: 240.9 mean: 308.0970149253731
gen: 5 best: 240.9 mean: 304.23532338308456
gen >6, new best = 237.700
gen: 6 best: 237.7 mean: 302.59800995024875
gen: 7 best: 237.7 mean: 299.45174129353234
gen: 8 best: 237.7 mean: 298.11442786069654
gen: 9 best: 237.7 mean: 295.6646766169154
gen: 10 best: 237.7 mean: 292.2875621890547
gen: 11 best: 237.7 mean: 291.05273631840794
gen: 12 best: 237.7 mean: 285.0034825870647
gen: 13 best: 237.7 mean: 285.65820895522387
gen >14, new best = 231.400
gen: 14 best: 231.4 mean: 284.0855721393035
gen: 15 best: 231.4 mean: 284.407960199005
gen >16, new best = 228.100
gen: 16 best: 228.1 mean: 284.0019900497512
gen: 17 best: 228.1 mean: 283.6179104477612
gen: 18 best: 228.1 mean: 279.9820895522388
gen: 19 best: 228.1 mean: 279.83233830845774
gen: 20 best: 228.1 mean: 277.2268656716418
gen: 21 best: 228.1 mean: 277.6955223880597
gen >22, new best = 227.700
gen: 22 best: 227.7 mean: 278.87810945273634
gen: 23 best: 227.7 mean: 277.22985074626865
gen: 24 best: 227.7 mean: 278.69353233830844
gen: 25 best: 227.7 mean: 274.7766169154229
gen: 26 best: 227.7 mean: 276.90746268656716
gen >27, new best = 224.200
gen: 27 best: 224.2 mean: 276.00696517412933
gen: 28 best: 224.2 mean: 277.4044776119403
gen: 29 best: 224.2 mean: 275.9318407960199
gen: 30 best: 224.2 mean: 273.87462686567164
gen: 31 best: 224.2 mean: 275.25572139303483
gen: 32 best: 224.2 mean: 272.17462686567166
gen >33, new best = 212.600
gen: 33 best: 212.6 mean: 272.434328358209
gen: 34 best: 212.6 mean: 270.30845771144277
gen: 35 best: 212.6 mean: 271.6721393034826
gen: 36 best: 212.6 mean: 272.26119402985074
gen: 37 best: 212.6 mean: 269.03034825870645
gen: 38 best: 212.6 mean: 269.8865671641791
gen: 39 best: 212.6 mean: 269.8114427860697
gen: 40 best: 212.6 mean: 272.3
gen: 41 best: 212.6 mean: 270.76069651741295
gen: 42 best: 212.6 mean: 269.2985074626866
gen: 43 best: 212.6 mean: 269.48258706467664
gen: 44 best: 212.6 mean: 269.12487562189057
gen: 45 best: 212.6 mean: 269.44029850746267
gen: 46 best: 212.6 mean: 268.8134328358209
gen: 47 best: 212.6 mean: 269.4597014925373
gen: 48 best: 212.6 mean: 267.36517412935325
gen: 49 best: 212.6 mean: 266.4487562189055
gen >50, new best = 211.700
gen: 50 best: 211.7 mean: 264.1641791044776
gen: 51 best: 211.7 mean: 264.75671641791047
gen >52, new best = 206.700
gen: 52 best: 206.7 mean: 264.9835820895522
gen: 53 best: 206.7 mean: 262.6462686567164
gen: 54 best: 206.7 mean: 264.32835820895525
gen: 55 best: 206.7 mean: 263.555223880597
gen: 56 best: 206.7 mean: 264.72587064676617
gen: 57 best: 206.7 mean: 263.1189054726368
gen: 58 best: 206.7 mean: 265.9835820895522
gen: 59 best: 206.7 mean: 263.9691542288557
gen: 60 best: 206.7 mean: 262.073631840796
gen: 61 best: 206.7 mean: 264.2636815920398
gen: 62 best: 206.7 mean: 262.94975124378107
gen: 63 best: 206.7 mean: 262.1208955223881
gen: 64 best: 206.7 mean: 263.926368159204
gen: 65 best: 206.7 mean: 262.73880597014926
gen: 66 best: 206.7 mean: 260.3363184079602
gen: 67 best: 206.7 mean: 260.16766169154226
gen: 68 best: 206.7 mean: 260.28109452736317
gen: 69 best: 206.7 mean: 262.27910447761195
gen: 70 best: 206.7 mean: 260.807960199005
gen: 71 best: 206.7 mean: 261.32089552238807
gen: 72 best: 206.7 mean: 261.0935323383085
gen: 73 best: 206.7 mean: 261.1039800995025
gen: 74 best: 206.7 mean: 260.6268656716418
gen: 75 best: 206.7 mean: 260.56169154228854
gen: 76 best: 206.7 mean: 260.107960199005
gen: 77 best: 206.7 mean: 258.6427860696517
gen: 78 best: 206.7 mean: 257.99800995024873
gen: 79 best: 206.7 mean: 258.32437810945277
gen: 80 best: 206.7 mean: 258.95870646766167
gen: 81 best: 206.7 mean: 259.99900497512436
gen: 82 best: 206.7 mean: 260.3915422885572
gen: 83 best: 206.7 mean: 258.0164179104478
gen: 84 best: 206.7 mean: 258.50646766169154
gen: 85 best: 206.7 mean: 258.3388059701493
gen: 86 best: 206.7 mean: 255.6915422885572
gen: 87 best: 206.7 mean: 257.4497512437811
gen: 88 best: 206.7 mean: 258.75572139303483
gen: 89 best: 206.7 mean: 257.9810945273632
gen: 90 best: 206.7 mean: 256.6641791044776
gen: 91 best: 206.7 mean: 257.418407960199
gen: 92 best: 206.7 mean: 258.8626865671642
gen: 93 best: 206.7 mean: 258.30298507462686
gen: 94 best: 206.7 mean: 257.14378109452736
gen: 95 best: 206.7 mean: 256.1885572139303
gen >96, new best = 203.700
gen: 96 best: 203.7 mean: 255.85621890547264
gen: 97 best: 203.7 mean: 255.42388059701491
gen: 98 best: 203.7 mean: 254.7492537313433
gen: 99 best: 203.7 mean: 256.9303482587065
[10, 9, 9, 8, 7, 8, 9, 7, 7, 7, 10, 7, 8, 8, 7, 12, 8, 8, 8, 8, 9, 11, 8, 8, 10, 15, 9, 9, 7, 8, 8, 8, 8, 7, 7, 9, 9, 9]
Test count of edges: 946
cat
