Defaulting to user installation because normal site-packages is not writeable
Looking in links: /cvmfs/soft.computecanada.ca/custom/python/wheelhouse/gentoo/avx2, /cvmfs/soft.computecanada.ca/custom/python/wheelhouse/gentoo/generic, /cvmfs/soft.computecanada.ca/custom/python/wheelhouse/generic
Requirement already satisfied: graphviz in /home/js17sy/.local/lib/python3.10/site-packages (0.20)
610; python ga.py 3 512N_graph3.dat 0.1 0.04 0.5 0.9 0.1 201 512N_graph3leerygen3rem50_ 285610
/project/6008788/js17sy/reopenga/512a/ga.py:291: DeprecationWarning: Sampling from a set deprecated
since Python 3.9 and will be removed in a subsequent version.
  child1 = set(random.sample(
gen >0, new best = 365.800
gen >0, new best = 356.500
gen >0, new best = 352.700
gen >0, new best = 349.200
gen >0, new best = 347.400
gen >0, new best = 345.900
gen >0, new best = 316.300
gen: 0 best: 316.3 mean: 359.3221393034826
gen >1, new best = 316.200
gen: 1 best: 316.2 mean: 357.40149253731346
gen: 2 best: 316.2 mean: 358.08308457711445
gen: 3 best: 316.2 mean: 357.52288557213933
gen: 4 best: 316.2 mean: 356.50199004975127
gen: 5 best: 316.2 mean: 356.18059701492535
gen: 6 best: 316.2 mean: 355.1502487562189
gen: 7 best: 316.2 mean: 355.4119402985075
gen: 8 best: 316.2 mean: 355.11094527363184
gen: 9 best: 316.2 mean: 352.47164179104476
gen >10, new best = 305.300
gen: 10 best: 305.3 mean: 353.30099502487565
gen: 11 best: 305.3 mean: 351.8144278606965
gen: 12 best: 305.3 mean: 352.710447761194
gen: 13 best: 305.3 mean: 350.83781094527365
gen: 14 best: 305.3 mean: 351.22089552238805
gen: 15 best: 305.3 mean: 351.34527363184077
gen: 16 best: 305.3 mean: 352.3442786069652
gen: 17 best: 305.3 mean: 350.83432835820895
gen: 18 best: 305.3 mean: 349.3587064676617
gen >19, new best = 282.100
gen: 19 best: 282.1 mean: 349.9537313432836
gen: 20 best: 282.1 mean: 349.96268656716416
gen: 21 best: 282.1 mean: 349.4870646766169
gen: 22 best: 282.1 mean: 348.636815920398
gen: 23 best: 282.1 mean: 349.5457711442786
gen: 24 best: 282.1 mean: 349.57064676616915
gen: 25 best: 282.1 mean: 348.4467661691542
gen: 26 best: 282.1 mean: 348.9044776119403
gen: 27 best: 282.1 mean: 348.36567164179104
gen: 28 best: 282.1 mean: 347.6333333333333
gen: 29 best: 282.1 mean: 347.11094527363184
gen: 30 best: 282.1 mean: 347.9213930348259
gen: 31 best: 282.1 mean: 347.573631840796
gen: 32 best: 282.1 mean: 347.60895522388057
gen: 33 best: 282.1 mean: 347.4547263681592
gen: 34 best: 282.1 mean: 347.1094527363184
gen: 35 best: 282.1 mean: 345.5880597014925
gen: 36 best: 282.1 mean: 344.2870646766169
gen: 37 best: 282.1 mean: 345.1189054726368
gen: 38 best: 282.1 mean: 345.01044776119403
gen: 39 best: 282.1 mean: 344.35820895522386
gen: 40 best: 282.1 mean: 343.581592039801
gen: 41 best: 282.1 mean: 343.6452736318408
gen: 42 best: 282.1 mean: 343.58159203980097
gen: 43 best: 282.1 mean: 342.4537313432836
gen: 44 best: 282.1 mean: 343.06716417910445
gen: 45 best: 282.1 mean: 342.98258706467664
gen: 46 best: 282.1 mean: 342.6487562189055
gen: 47 best: 282.1 mean: 341.97860696517415
gen: 48 best: 282.1 mean: 341.84179104477613
gen: 49 best: 282.1 mean: 342.0696517412935
gen: 50 best: 282.1 mean: 341.0726368159204
gen: 51 best: 282.1 mean: 342.10149253731345
gen: 52 best: 282.1 mean: 340.8482587064677
gen: 53 best: 282.1 mean: 341.8537313432836
gen: 54 best: 282.1 mean: 341.69502487562187
gen: 55 best: 282.1 mean: 341.8313432835821
gen: 56 best: 282.1 mean: 340.30149253731344
gen: 57 best: 282.1 mean: 340.9955223880597
gen: 58 best: 282.1 mean: 340.5004975124378
gen: 59 best: 282.1 mean: 339.6701492537313
gen: 60 best: 282.1 mean: 340.0313432835821
gen: 61 best: 282.1 mean: 339.3756218905473
gen: 62 best: 282.1 mean: 339.00796019900497
gen: 63 best: 282.1 mean: 339.12189054726366
gen: 64 best: 282.1 mean: 338.78308457711444
gen: 65 best: 282.1 mean: 338.8646766169154
gen: 66 best: 282.1 mean: 337.9358208955224
gen: 67 best: 282.1 mean: 338.50845771144276
gen: 68 best: 282.1 mean: 338.0094527363184
gen: 69 best: 282.1 mean: 336.81940298507465
gen: 70 best: 282.1 mean: 336.6407960199005
gen: 71 best: 282.1 mean: 336.3099502487562
gen: 72 best: 282.1 mean: 336.22587064676617
gen: 73 best: 282.1 mean: 336.9
gen: 74 best: 282.1 mean: 336.0592039800995
gen: 75 best: 282.1 mean: 335.9850746268657
gen: 76 best: 282.1 mean: 335.87462686567164
gen: 77 best: 282.1 mean: 335.42985074626864
gen: 78 best: 282.1 mean: 335.37810945273634
gen: 79 best: 282.1 mean: 334.96119402985073
gen: 80 best: 282.1 mean: 334.2671641791045
gen: 81 best: 282.1 mean: 334.7950248756219
gen: 82 best: 282.1 mean: 334.4034825870647
gen: 83 best: 282.1 mean: 334.10746268656715
gen: 84 best: 282.1 mean: 333.44228855721394
gen: 85 best: 282.1 mean: 334.30099502487565
gen: 86 best: 282.1 mean: 334.5402985074627
gen: 87 best: 282.1 mean: 334.3179104477612
gen: 88 best: 282.1 mean: 333.4308457711443
gen: 89 best: 282.1 mean: 333.12885572139305
gen: 90 best: 282.1 mean: 334.5094527363184
gen: 91 best: 282.1 mean: 333.592039800995
gen: 92 best: 282.1 mean: 332.6174129353234
gen: 93 best: 282.1 mean: 333.14378109452736
gen: 94 best: 282.1 mean: 333.54477611940297
gen: 95 best: 282.1 mean: 332.92388059701494
gen: 96 best: 282.1 mean: 333.37661691542286
gen: 97 best: 282.1 mean: 333.5442786069652
gen: 98 best: 282.1 mean: 332.35223880597016
gen: 99 best: 282.1 mean: 333.3572139303483
[9, 8, 8, 8, 8, 9, 9, 9, 8, 9, 8, 8, 8, 10, 8, 9, 8, 8, 7, 8, 8, 9, 9, 7, 9, 9, 10, 8, 8, 9, 9, 8, 8, 8, 10]
Test count of edges: 1561
cat
