Defaulting to user installation because normal site-packages is not writeable
Looking in links: /cvmfs/soft.computecanada.ca/custom/python/wheelhouse/gentoo/avx2, /cvmfs/soft.computecanada.ca/custom/python/wheelhouse/gentoo/generic, /cvmfs/soft.computecanada.ca/custom/python/wheelhouse/generic
Requirement already satisfied: graphviz in /home/js17sy/.local/lib/python3.10/site-packages (0.20)
518; python ga.py 3 512N_graph3.dat 0.075 0.03 0.7 0.9 0.1 201 512N_graph3laxgen3rem70_ 228488
/project/6008788/js17sy/reopenga/512a/ga.py:291: DeprecationWarning: Sampling from a set deprecated
since Python 3.9 and will be removed in a subsequent version.
  child1 = set(random.sample(
gen >0, new best = 327.800
gen >0, new best = 327.300
gen >0, new best = 313.600
gen >0, new best = 309.600
gen >0, new best = 304.300
gen >0, new best = 298.700
gen >0, new best = 291.900
gen >0, new best = 283.400
gen >0, new best = 277.000
gen: 0 best: 277.0 mean: 326.4691542288557
gen >1, new best = 273.500
gen: 1 best: 273.5 mean: 324.89800995024876
gen: 2 best: 273.5 mean: 323.37064676616916
gen: 3 best: 273.5 mean: 321.5810945273632
gen: 4 best: 273.5 mean: 319.6462686567164
gen >5, new best = 268.200
gen: 5 best: 268.2 mean: 316.8144278606965
gen: 6 best: 268.2 mean: 317.52288557213933
gen: 7 best: 268.2 mean: 313.7164179104478
gen >8, new best = 256.500
gen: 8 best: 256.5 mean: 312.41641791044776
gen: 9 best: 256.5 mean: 312.28308457711444
gen: 10 best: 256.5 mean: 312.1338308457712
gen: 11 best: 256.5 mean: 311.55273631840794
gen >12, new best = 254.200
gen: 12 best: 254.2 mean: 308.5726368159204
gen: 13 best: 254.2 mean: 308.3189054726368
gen: 14 best: 254.2 mean: 305.7437810945274
gen: 15 best: 254.2 mean: 304.1139303482587
gen: 16 best: 254.2 mean: 306.4507462686567
gen: 17 best: 254.2 mean: 304.3452736318408
gen >18, new best = 247.100
gen: 18 best: 247.1 mean: 301.8557213930348
gen: 19 best: 247.1 mean: 300.01940298507463
gen: 20 best: 247.1 mean: 298.6194029850746
gen: 21 best: 247.1 mean: 296.3661691542288
gen: 22 best: 247.1 mean: 297.46417910447764
gen: 23 best: 247.1 mean: 296.22985074626865
gen: 24 best: 247.1 mean: 293.5776119402985
gen: 25 best: 247.1 mean: 293.0935323383085
gen: 26 best: 247.1 mean: 293.7990049751244
gen >27, new best = 240.700
gen: 27 best: 240.7 mean: 291.01542288557215
gen: 28 best: 240.7 mean: 290.77562189054726
gen: 29 best: 240.7 mean: 292.07014925373136
gen: 30 best: 240.7 mean: 289.271144278607
gen: 31 best: 240.7 mean: 290.63482587064675
gen: 32 best: 240.7 mean: 289.4577114427861
gen: 33 best: 240.7 mean: 288.44278606965173
gen: 34 best: 240.7 mean: 288.16517412935326
gen: 35 best: 240.7 mean: 287.86915422885573
gen: 36 best: 240.7 mean: 288.83980099502486
gen: 37 best: 240.7 mean: 287.90199004975125
gen: 38 best: 240.7 mean: 286.27960199004974
gen: 39 best: 240.7 mean: 286.58159203980097
gen: 40 best: 240.7 mean: 284.85621890547264
gen: 41 best: 240.7 mean: 286.2905472636816
gen: 42 best: 240.7 mean: 285.1333333333333
gen: 43 best: 240.7 mean: 284.3810945273632
gen >44, new best = 229.700
gen: 44 best: 229.7 mean: 283.263184079602
gen: 45 best: 229.7 mean: 285.4457711442786
gen: 46 best: 229.7 mean: 280.0497512437811
gen: 47 best: 229.7 mean: 284.90746268656716
gen: 48 best: 229.7 mean: 283.15621890547266
gen: 49 best: 229.7 mean: 283.7562189054726
gen: 50 best: 229.7 mean: 283.8134328358209
gen: 51 best: 229.7 mean: 281.0900497512438
gen: 52 best: 229.7 mean: 280.5189054726368
gen: 53 best: 229.7 mean: 281.9338308457711
gen: 54 best: 229.7 mean: 281.6049751243781
gen: 55 best: 229.7 mean: 280.0955223880597
gen: 56 best: 229.7 mean: 282.67512437810944
gen >57, new best = 229.200
gen: 57 best: 229.2 mean: 280.3572139303483
gen: 58 best: 229.2 mean: 279.5094527363184
gen >59, new best = 226.600
gen: 59 best: 226.6 mean: 280.91840796019903
gen: 60 best: 226.6 mean: 277.963184079602
gen: 61 best: 226.6 mean: 279.5731343283582
gen: 62 best: 226.6 mean: 279.6557213930348
gen: 63 best: 226.6 mean: 279.5492537313433
gen >64, new best = 223.600
gen: 64 best: 223.6 mean: 279.7825870646766
gen: 65 best: 223.6 mean: 277.73880597014926
gen: 66 best: 223.6 mean: 278.06865671641793
gen: 67 best: 223.6 mean: 280.47562189054725
gen: 68 best: 223.6 mean: 280.0512437810945
gen: 69 best: 223.6 mean: 279.3557213930348
gen: 70 best: 223.6 mean: 278.9044776119403
gen: 71 best: 223.6 mean: 278.4582089552239
gen: 72 best: 223.6 mean: 278.1940298507463
gen: 73 best: 223.6 mean: 276.8661691542288
gen: 74 best: 223.6 mean: 277.49353233830846
gen: 75 best: 223.6 mean: 278.8845771144279
gen: 76 best: 223.6 mean: 279.5805970149254
gen: 77 best: 223.6 mean: 279.44278606965173
gen: 78 best: 223.6 mean: 276.75223880597014
gen: 79 best: 223.6 mean: 277.7194029850746
gen: 80 best: 223.6 mean: 276.20298507462684
gen: 81 best: 223.6 mean: 276.77910447761195
gen: 82 best: 223.6 mean: 276.6830845771144
gen: 83 best: 223.6 mean: 276.31044776119404
gen: 84 best: 223.6 mean: 275.66218905472635
gen: 85 best: 223.6 mean: 275.5820895522388
gen: 86 best: 223.6 mean: 276.2348258706468
gen: 87 best: 223.6 mean: 275.0547263681592
gen: 88 best: 223.6 mean: 274.5995024875622
gen: 89 best: 223.6 mean: 275.9850746268657
gen: 90 best: 223.6 mean: 275.7716417910448
gen: 91 best: 223.6 mean: 275.0537313432836
gen: 92 best: 223.6 mean: 275.8995024875622
gen: 93 best: 223.6 mean: 275.84328358208955
gen: 94 best: 223.6 mean: 275.8542288557214
gen: 95 best: 223.6 mean: 274.0457711442786
gen: 96 best: 223.6 mean: 275.25522388059704
gen: 97 best: 223.6 mean: 273.9049751243781
gen: 98 best: 223.6 mean: 276.28855721393035
gen: 99 best: 223.6 mean: 274.31940298507465
[8, 9, 7, 7, 8, 7, 7, 8, 8, 8, 9, 7, 12, 8, 8, 8, 8, 7, 7, 7, 9, 8, 7, 8, 9, 11, 7, 7, 7, 8, 10, 7, 7, 7, 9, 6, 8, 7, 7, 8, 8, 8, 9, 7, 9, 7]
Test count of edges: 941
cat
