Defaulting to user installation because normal site-packages is not writeable
Looking in links: /cvmfs/soft.computecanada.ca/custom/python/wheelhouse/gentoo/avx2, /cvmfs/soft.computecanada.ca/custom/python/wheelhouse/gentoo/generic, /cvmfs/soft.computecanada.ca/custom/python/wheelhouse/generic
Requirement already satisfied: graphviz in /home/js17sy/.local/lib/python3.10/site-packages (0.20)
641; python ga.py 3 512N_graph3.dat 0.1 0.04 0.7 0.5 0.5 201 512N_graph3leerygen1rem70_ 314171
/project/6008788/js17sy/reopenga/512a/ga.py:291: DeprecationWarning: Sampling from a set deprecated
since Python 3.9 and will be removed in a subsequent version.
  child1 = set(random.sample(
gen >0, new best = 310.800
gen >0, new best = 305.200
gen >0, new best = 291.000
gen: 0 best: 291.0 mean: 333.3870646766169
gen: 1 best: 291.0 mean: 331.3845771144279
gen >2, new best = 267.700
gen: 2 best: 267.7 mean: 328.3646766169154
gen: 3 best: 267.7 mean: 330.38905472636816
gen: 4 best: 267.7 mean: 327.9457711442786
gen: 5 best: 267.7 mean: 327.47164179104476
gen: 6 best: 267.7 mean: 326.1721393034826
gen: 7 best: 267.7 mean: 325.9417910447761
gen: 8 best: 267.7 mean: 325.6049751243781
gen: 9 best: 267.7 mean: 325.4
gen: 10 best: 267.7 mean: 323.5900497512438
gen: 11 best: 267.7 mean: 321.84527363184077
gen: 12 best: 267.7 mean: 322.59253731343284
gen: 13 best: 267.7 mean: 322.7094527363184
gen: 14 best: 267.7 mean: 322.84278606965177
gen: 15 best: 267.7 mean: 319.8258706467662
gen: 16 best: 267.7 mean: 322.63980099502487
gen: 17 best: 267.7 mean: 318.4273631840796
gen: 18 best: 267.7 mean: 318.87114427860695
gen: 19 best: 267.7 mean: 319.5726368159204
gen: 20 best: 267.7 mean: 319.5621890547264
gen: 21 best: 267.7 mean: 317.8218905472637
gen: 22 best: 267.7 mean: 317.2044776119403
gen: 23 best: 267.7 mean: 316.33034825870647
gen: 24 best: 267.7 mean: 317.1955223880597
gen: 25 best: 267.7 mean: 315.4049751243781
gen: 26 best: 267.7 mean: 315.52835820895524
gen: 27 best: 267.7 mean: 316.1004975124378
gen: 28 best: 267.7 mean: 313.7582089552239
gen: 29 best: 267.7 mean: 314.62189054726366
gen: 30 best: 267.7 mean: 314.7875621890547
gen: 31 best: 267.7 mean: 313.22388059701495
gen: 32 best: 267.7 mean: 313.9681592039801
gen: 33 best: 267.7 mean: 312.82885572139304
gen: 34 best: 267.7 mean: 312.3592039800995
gen >35, new best = 258.200
gen: 35 best: 258.2 mean: 312.7492537313433
gen: 36 best: 258.2 mean: 312.8059701492537
gen: 37 best: 258.2 mean: 313.14328358208957
gen: 38 best: 258.2 mean: 312.75373134328356
gen: 39 best: 258.2 mean: 313.1681592039801
gen: 40 best: 258.2 mean: 310.98059701492537
gen: 41 best: 258.2 mean: 311.26268656716417
gen: 42 best: 258.2 mean: 313.5094527363184
gen: 43 best: 258.2 mean: 311.59303482587063
gen: 44 best: 258.2 mean: 311.2860696517413
gen: 45 best: 258.2 mean: 311.64925373134326
gen: 46 best: 258.2 mean: 311.92039800995025
gen: 47 best: 258.2 mean: 310.98955223880597
gen: 48 best: 258.2 mean: 312.49402985074624
gen: 49 best: 258.2 mean: 310.90597014925373
gen: 50 best: 258.2 mean: 310.61044776119405
gen: 51 best: 258.2 mean: 310.2412935323383
gen: 52 best: 258.2 mean: 310.4950248756219
gen: 53 best: 258.2 mean: 311.5014925373134
gen: 54 best: 258.2 mean: 310.16965174129353
gen: 55 best: 258.2 mean: 311.01592039800994
gen: 56 best: 258.2 mean: 310.4761194029851
gen: 57 best: 258.2 mean: 309.8114427860697
gen: 58 best: 258.2 mean: 308.5164179104478
gen: 59 best: 258.2 mean: 308.37412935323385
gen: 60 best: 258.2 mean: 309.4691542288557
gen: 61 best: 258.2 mean: 307.94427860696516
gen: 62 best: 258.2 mean: 309.263184079602
gen: 63 best: 258.2 mean: 307.72636815920396
gen: 64 best: 258.2 mean: 307.51940298507463
gen: 65 best: 258.2 mean: 309.18059701492535
gen: 66 best: 258.2 mean: 308.910447761194
gen: 67 best: 258.2 mean: 308.33383084577116
gen: 68 best: 258.2 mean: 308.4139303482587
gen: 69 best: 258.2 mean: 307.9154228855721
gen: 70 best: 258.2 mean: 307.8572139303483
gen: 71 best: 258.2 mean: 308.3791044776119
gen: 72 best: 258.2 mean: 308.1457711442786
gen: 73 best: 258.2 mean: 308.10348258706466
gen: 74 best: 258.2 mean: 307.7547263681592
gen: 75 best: 258.2 mean: 308.20646766169153
gen: 76 best: 258.2 mean: 307.9855721393035
gen: 77 best: 258.2 mean: 308.87412935323385
gen: 78 best: 258.2 mean: 306.73830845771147
gen: 79 best: 258.2 mean: 307.5726368159204
gen: 80 best: 258.2 mean: 307.3860696517413
gen: 81 best: 258.2 mean: 307.9452736318408
gen: 82 best: 258.2 mean: 305.82935323383083
gen: 83 best: 258.2 mean: 306.6830845771144
gen: 84 best: 258.2 mean: 307.1268656716418
gen: 85 best: 258.2 mean: 306.9154228855721
gen: 86 best: 258.2 mean: 308.0970149253731
gen: 87 best: 258.2 mean: 307.6830845771144
gen: 88 best: 258.2 mean: 307.6059701492537
gen: 89 best: 258.2 mean: 306.56467661691545
gen: 90 best: 258.2 mean: 306.836815920398
gen >91, new best = 255.500
gen: 91 best: 255.5 mean: 306.3422885572139
gen: 92 best: 255.5 mean: 307.80248756218907
gen: 93 best: 255.5 mean: 306.5074626865672
gen: 94 best: 255.5 mean: 307.39800995024876
gen: 95 best: 255.5 mean: 308.2532338308458
gen: 96 best: 255.5 mean: 306.78109452736317
gen: 97 best: 255.5 mean: 306.50845771144276
gen: 98 best: 255.5 mean: 306.0034825870647
gen: 99 best: 255.5 mean: 305.81194029850747
[7, 7, 7, 8, 7, 7, 7, 7, 7, 8, 7, 7, 6, 7, 7, 7, 8, 6, 8, 7, 7, 9, 7, 7, 7, 7, 7, 7, 8, 7, 7, 8, 8, 7, 8, 7, 8, 8, 9, 7, 8, 8]
Test count of edges: 980
cat
