Defaulting to user installation because normal site-packages is not writeable
Looking in links: /cvmfs/soft.computecanada.ca/custom/python/wheelhouse/gentoo/avx2, /cvmfs/soft.computecanada.ca/custom/python/wheelhouse/gentoo/generic, /cvmfs/soft.computecanada.ca/custom/python/wheelhouse/generic
Requirement already satisfied: graphviz in /home/js17sy/.local/lib/python3.10/site-packages (0.20)
603; python ga.py 3 512N_graph3.dat 0.1 0.04 0.5 0.9 0.1 201 512N_graph3leerygen3rem50_ 85683
/project/6008788/js17sy/reopenga/512a/ga.py:291: DeprecationWarning: Sampling from a set deprecated
since Python 3.9 and will be removed in a subsequent version.
  child1 = set(random.sample(
gen >0, new best = 363.800
gen >0, new best = 353.500
gen >0, new best = 352.300
gen >0, new best = 351.500
gen >0, new best = 320.400
gen >0, new best = 314.800
gen: 0 best: 314.8 mean: 359.2124378109453
gen: 1 best: 314.8 mean: 358.2597014925373
gen: 2 best: 314.8 mean: 358.2582089552239
gen: 3 best: 314.8 mean: 357.21194029850744
gen >4, new best = 314.700
gen: 4 best: 314.7 mean: 357.2054726368159
gen: 5 best: 314.7 mean: 355.92935323383085
gen >6, new best = 313.400
gen >6, new best = 306.900
gen: 6 best: 306.9 mean: 354.45671641791046
gen: 7 best: 306.9 mean: 354.4278606965174
gen: 8 best: 306.9 mean: 354.4189054726368
gen: 9 best: 306.9 mean: 353.7805970149254
gen: 10 best: 306.9 mean: 353.92089552238804
gen: 11 best: 306.9 mean: 353.3547263681592
gen: 12 best: 306.9 mean: 351.9905472636816
gen: 13 best: 306.9 mean: 351.6039800995025
gen: 14 best: 306.9 mean: 350.80845771144277
gen >15, new best = 304.900
gen: 15 best: 304.9 mean: 349.5970149253731
gen: 16 best: 304.9 mean: 348.9995024875622
gen: 17 best: 304.9 mean: 349.45671641791046
gen: 18 best: 304.9 mean: 349.74825870646765
gen: 19 best: 304.9 mean: 348.9925373134328
gen: 20 best: 304.9 mean: 348.855223880597
gen: 21 best: 304.9 mean: 348.452736318408
gen: 22 best: 304.9 mean: 348.1412935323383
gen: 23 best: 304.9 mean: 346.8482587064677
gen: 24 best: 304.9 mean: 347.3905472636816
gen: 25 best: 304.9 mean: 346.7910447761194
gen: 26 best: 304.9 mean: 345.7457711442786
gen >27, new best = 292.700
gen: 27 best: 292.7 mean: 345.4646766169154
gen: 28 best: 292.7 mean: 345.31243781094526
gen: 29 best: 292.7 mean: 344.30646766169156
gen: 30 best: 292.7 mean: 344.4144278606965
gen: 31 best: 292.7 mean: 344.30149253731344
gen: 32 best: 292.7 mean: 343.3845771144279
gen: 33 best: 292.7 mean: 343.84875621890546
gen: 34 best: 292.7 mean: 342.34676616915425
gen: 35 best: 292.7 mean: 343.1004975124378
gen: 36 best: 292.7 mean: 342.21691542288556
gen: 37 best: 292.7 mean: 342.16616915422884
gen: 38 best: 292.7 mean: 342.11243781094527
gen: 39 best: 292.7 mean: 341.98955223880597
gen: 40 best: 292.7 mean: 341.7855721393035
gen: 41 best: 292.7 mean: 341.53980099502485
gen: 42 best: 292.7 mean: 340.0601990049751
gen: 43 best: 292.7 mean: 339.56865671641793
gen >44, new best = 268.600
gen: 44 best: 268.6 mean: 339.9671641791045
gen: 45 best: 268.6 mean: 340.0407960199005
gen: 46 best: 268.6 mean: 339.826368159204
gen: 47 best: 268.6 mean: 340.2910447761194
gen: 48 best: 268.6 mean: 339.30298507462686
gen: 49 best: 268.6 mean: 339.57611940298506
gen: 50 best: 268.6 mean: 339.12935323383084
gen: 51 best: 268.6 mean: 338.48805970149255
gen: 52 best: 268.6 mean: 337.9457711442786
gen: 53 best: 268.6 mean: 337.6452736318408
gen: 54 best: 268.6 mean: 336.61442786069654
gen: 55 best: 268.6 mean: 337.6313432835821
gen: 56 best: 268.6 mean: 337.9582089552239
gen: 57 best: 268.6 mean: 336.547263681592
gen: 58 best: 268.6 mean: 337.3203980099502
gen: 59 best: 268.6 mean: 336.5567164179104
gen: 60 best: 268.6 mean: 336.6323383084577
gen: 61 best: 268.6 mean: 335.18407960199005
gen: 62 best: 268.6 mean: 335.70597014925374
gen: 63 best: 268.6 mean: 334.4835820895522
gen: 64 best: 268.6 mean: 335.81194029850747
gen: 65 best: 268.6 mean: 335.13283582089554
gen: 66 best: 268.6 mean: 334.39850746268655
gen: 67 best: 268.6 mean: 335.1686567164179
gen: 68 best: 268.6 mean: 334.19751243781093
gen: 69 best: 268.6 mean: 334.19651741293535
gen: 70 best: 268.6 mean: 335.2950248756219
gen: 71 best: 268.6 mean: 334.1318407960199
gen: 72 best: 268.6 mean: 333.88955223880595
gen: 73 best: 268.6 mean: 334.5164179104478
gen: 74 best: 268.6 mean: 333.68457711442784
gen: 75 best: 268.6 mean: 334.04676616915424
gen: 76 best: 268.6 mean: 332.9467661691542
gen: 77 best: 268.6 mean: 332.98407960199006
gen: 78 best: 268.6 mean: 333.963184079602
gen: 79 best: 268.6 mean: 332.7855721393035
gen: 80 best: 268.6 mean: 332.69651741293535
gen: 81 best: 268.6 mean: 331.8134328358209
gen: 82 best: 268.6 mean: 332.5199004975124
gen: 83 best: 268.6 mean: 332.29751243781095
gen: 84 best: 268.6 mean: 331.7223880597015
gen: 85 best: 268.6 mean: 331.4557213930348
gen: 86 best: 268.6 mean: 331.5721393034826
gen: 87 best: 268.6 mean: 332.50646766169154
gen: 88 best: 268.6 mean: 331.5592039800995
gen: 89 best: 268.6 mean: 331.10646766169157
gen: 90 best: 268.6 mean: 331.05223880597015
gen: 91 best: 268.6 mean: 330.4865671641791
gen: 92 best: 268.6 mean: 331.1129353233831
gen: 93 best: 268.6 mean: 330.47910447761194
gen: 94 best: 268.6 mean: 330.5587064676617
gen: 95 best: 268.6 mean: 329.873631840796
gen: 96 best: 268.6 mean: 330.5034825870647
gen: 97 best: 268.6 mean: 329.98457711442785
gen: 98 best: 268.6 mean: 329.192039800995
gen: 99 best: 268.6 mean: 328.4960199004975
[8, 8, 8, 8, 9, 7, 8, 8, 8, 10, 8, 7, 8, 11, 8, 11, 10, 9, 9, 9, 7, 8, 11, 8, 7, 7, 9, 8, 8, 7, 7, 7, 7, 8, 8, 11, 9, 7, 7, 8, 7, 7, 9, 7]
Test count of edges: 1563
cat
