Defaulting to user installation because normal site-packages is not writeable
Looking in links: /cvmfs/soft.computecanada.ca/custom/python/wheelhouse/gentoo/avx2, /cvmfs/soft.computecanada.ca/custom/python/wheelhouse/gentoo/generic, /cvmfs/soft.computecanada.ca/custom/python/wheelhouse/generic
Requirement already satisfied: graphviz in /home/js17sy/.local/lib/python3.10/site-packages (0.20)
26; python ga.py 3 512N_graph3.dat 0.025 0.01 0.5 0.5 0.5 201 512N_graph3strictgen1rem50_ 742586
/project/6008788/js17sy/reopenga/512a/ga.py:291: DeprecationWarning: Sampling from a set deprecated
since Python 3.9 and will be removed in a subsequent version.
  child1 = set(random.sample(
gen >0, new best = 313.800
gen >0, new best = 306.800
gen >0, new best = 301.100
gen >0, new best = 295.100
gen >0, new best = 291.400
gen >0, new best = 275.300
gen >0, new best = 274.000
gen: 0 best: 274.0 mean: 314.8363184079602
gen >1, new best = 257.600
gen: 1 best: 257.6 mean: 315.19303482587065
gen: 2 best: 257.6 mean: 314.06865671641793
gen: 3 best: 257.6 mean: 313.52437810945275
gen: 4 best: 257.6 mean: 313.39253731343285
gen: 5 best: 257.6 mean: 314.41990049751246
gen: 6 best: 257.6 mean: 312.8975124378109
gen: 7 best: 257.6 mean: 311.7676616915423
gen: 8 best: 257.6 mean: 312.09850746268654
gen: 9 best: 257.6 mean: 311.3636815920398
gen: 10 best: 257.6 mean: 311.392039800995
gen: 11 best: 257.6 mean: 311.49751243781094
gen: 12 best: 257.6 mean: 310.15472636815923
gen: 13 best: 257.6 mean: 309.3333333333333
gen: 14 best: 257.6 mean: 310.8990049751244
gen: 15 best: 257.6 mean: 307.82487562189056
gen: 16 best: 257.6 mean: 309.0582089552239
gen: 17 best: 257.6 mean: 307.16218905472635
gen: 18 best: 257.6 mean: 307.9865671641791
gen: 19 best: 257.6 mean: 307.7069651741293
gen: 20 best: 257.6 mean: 305.92089552238804
gen: 21 best: 257.6 mean: 306.44975124378107
gen: 22 best: 257.6 mean: 306.63482587064675
gen: 23 best: 257.6 mean: 304.602487562189
gen: 24 best: 257.6 mean: 304.89253731343285
gen: 25 best: 257.6 mean: 305.36169154228855
gen: 26 best: 257.6 mean: 304.1756218905473
gen: 27 best: 257.6 mean: 303.4233830845771
gen: 28 best: 257.6 mean: 303.7179104477612
gen: 29 best: 257.6 mean: 302.4358208955224
gen: 30 best: 257.6 mean: 303.244776119403
gen: 31 best: 257.6 mean: 302.8422885572139
gen: 32 best: 257.6 mean: 302.0348258706468
gen: 33 best: 257.6 mean: 300.9636815920398
gen: 34 best: 257.6 mean: 301.2805970149254
gen >35, new best = 245.800
gen: 35 best: 245.8 mean: 300.03432835820894
gen: 36 best: 245.8 mean: 300.5089552238806
gen: 37 best: 245.8 mean: 299.8970149253731
gen: 38 best: 245.8 mean: 300.75671641791047
gen: 39 best: 245.8 mean: 300.41094527363185
gen: 40 best: 245.8 mean: 300.5721393034826
gen: 41 best: 245.8 mean: 300.69751243781093
gen: 42 best: 245.8 mean: 300.49353233830846
gen: 43 best: 245.8 mean: 299.52636815920397
gen: 44 best: 245.8 mean: 298.71542288557214
gen: 45 best: 245.8 mean: 298.49154228855724
gen: 46 best: 245.8 mean: 297.63781094527366
gen: 47 best: 245.8 mean: 298.5776119402985
gen: 48 best: 245.8 mean: 297.5900497512438
gen: 49 best: 245.8 mean: 297.1278606965174
gen: 50 best: 245.8 mean: 296.67512437810944
gen: 51 best: 245.8 mean: 296.56318407960197
gen: 52 best: 245.8 mean: 297.1870646766169
gen: 53 best: 245.8 mean: 296.28457711442786
gen: 54 best: 245.8 mean: 295.7084577114428
gen: 55 best: 245.8 mean: 295.44228855721394
gen: 56 best: 245.8 mean: 294.818407960199
gen: 57 best: 245.8 mean: 295.45522388059703
gen: 58 best: 245.8 mean: 295.53383084577115
gen: 59 best: 245.8 mean: 293.85671641791043
gen: 60 best: 245.8 mean: 294.42985074626864
gen: 61 best: 245.8 mean: 293.6497512437811
gen: 62 best: 245.8 mean: 293.8791044776119
gen: 63 best: 245.8 mean: 293.8646766169154
gen: 64 best: 245.8 mean: 294.8970149253731
gen: 65 best: 245.8 mean: 293.4995024875622
gen: 66 best: 245.8 mean: 293.0965174129353
gen: 67 best: 245.8 mean: 294.20995024875623
gen: 68 best: 245.8 mean: 292.77213930348256
gen: 69 best: 245.8 mean: 293.8442786069652
gen: 70 best: 245.8 mean: 293.05721393034827
gen: 71 best: 245.8 mean: 292.3258706467662
gen: 72 best: 245.8 mean: 293.326368159204
gen: 73 best: 245.8 mean: 291.7094527363184
gen: 74 best: 245.8 mean: 292.9890547263682
gen: 75 best: 245.8 mean: 292.53383084577115
gen: 76 best: 245.8 mean: 292.926368159204
gen: 77 best: 245.8 mean: 291.5766169154229
gen: 78 best: 245.8 mean: 291.14776119402984
gen: 79 best: 245.8 mean: 292.5437810945274
gen >80, new best = 243.500
gen: 80 best: 243.5 mean: 290.54278606965175
gen: 81 best: 243.5 mean: 290.8915422885572
gen: 82 best: 243.5 mean: 289.6502487562189
gen: 83 best: 243.5 mean: 289.87014925373137
gen: 84 best: 243.5 mean: 288.7776119402985
gen: 85 best: 243.5 mean: 287.95522388059703
gen: 86 best: 243.5 mean: 288.5094527363184
gen: 87 best: 243.5 mean: 288.08358208955224
gen: 88 best: 243.5 mean: 288.5681592039801
gen: 89 best: 243.5 mean: 288.66616915422884
gen: 90 best: 243.5 mean: 289.1701492537313
gen: 91 best: 243.5 mean: 288.89452736318407
gen: 92 best: 243.5 mean: 287.78905472636814
gen: 93 best: 243.5 mean: 287.8149253731343
gen: 94 best: 243.5 mean: 287.89800995024876
gen: 95 best: 243.5 mean: 288.8606965174129
gen: 96 best: 243.5 mean: 289.655223880597
gen: 97 best: 243.5 mean: 288.41990049751246
gen: 98 best: 243.5 mean: 287.85671641791043
gen: 99 best: 243.5 mean: 289.1099502487562
[11, 11, 11, 14, 11, 10, 10, 11, 10, 10, 10, 10, 9, 11, 10, 9, 10, 11, 10, 13, 11, 12, 9, 10, 11, 10, 11, 11, 11, 9, 11, 9, 9, 13, 11, 12, 10, 10, 12, 11, 10, 12, 9]
Test count of edges: 1595
cat
