Defaulting to user installation because normal site-packages is not writeable
Looking in links: /cvmfs/soft.computecanada.ca/custom/python/wheelhouse/gentoo/avx2, /cvmfs/soft.computecanada.ca/custom/python/wheelhouse/gentoo/generic, /cvmfs/soft.computecanada.ca/custom/python/wheelhouse/generic
Requirement already satisfied: graphviz in /home/js17sy/.local/lib/python3.10/site-packages (0.20)
668; python ga.py 3 512N_graph3.dat 0.1 0.04 0.7 0.7 0.3 201 512N_graph3leerygen2rem70_ 228488
/project/6008788/js17sy/reopenga/512a/ga.py:291: DeprecationWarning: Sampling from a set deprecated
since Python 3.9 and will be removed in a subsequent version.
  child1 = set(random.sample(
gen >0, new best = 313.200
gen >0, new best = 312.400
gen >0, new best = 310.800
gen >0, new best = 308.500
gen >0, new best = 283.000
gen: 0 best: 283.0 mean: 331.80223880597015
gen: 1 best: 283.0 mean: 332.11144278606963
gen: 2 best: 283.0 mean: 331.1646766169154
gen: 3 best: 283.0 mean: 329.2990049751244
gen: 4 best: 283.0 mean: 328.26965174129356
gen: 5 best: 283.0 mean: 327.12885572139305
gen >6, new best = 270.800
gen: 6 best: 270.8 mean: 327.5865671641791
gen: 7 best: 270.8 mean: 325.3900497512438
gen: 8 best: 270.8 mean: 323.74776119402986
gen: 9 best: 270.8 mean: 323.3179104477612
gen: 10 best: 270.8 mean: 323.64776119402984
gen: 11 best: 270.8 mean: 322.7049751243781
gen: 12 best: 270.8 mean: 321.6855721393035
gen: 13 best: 270.8 mean: 321.65671641791045
gen: 14 best: 270.8 mean: 320.76616915422886
gen: 15 best: 270.8 mean: 319.4004975124378
gen: 16 best: 270.8 mean: 321.5805970149254
gen >17, new best = 270.700
gen: 17 best: 270.7 mean: 319.0641791044776
gen: 18 best: 270.7 mean: 319.64726368159205
gen: 19 best: 270.7 mean: 318.4009950248756
gen >20, new best = 259.900
gen: 20 best: 259.9 mean: 315.6149253731343
gen: 21 best: 259.9 mean: 316.0363184079602
gen: 22 best: 259.9 mean: 316.0990049751244
gen: 23 best: 259.9 mean: 315.4144278606965
gen: 24 best: 259.9 mean: 314.3955223880597
gen: 25 best: 259.9 mean: 314.03731343283584
gen: 26 best: 259.9 mean: 313.8915422885572
gen: 27 best: 259.9 mean: 313.5606965174129
gen: 28 best: 259.9 mean: 312.9084577114428
gen: 29 best: 259.9 mean: 313.97910447761194
gen >30, new best = 236.100
gen: 30 best: 236.1 mean: 312.27213930348256
gen: 31 best: 236.1 mean: 312.78805970149256
gen: 32 best: 236.1 mean: 312.25671641791047
gen: 33 best: 236.1 mean: 311.42935323383085
gen: 34 best: 236.1 mean: 312.0865671641791
gen: 35 best: 236.1 mean: 309.99402985074624
gen: 36 best: 236.1 mean: 311.3532338308458
gen: 37 best: 236.1 mean: 311.6507462686567
gen: 38 best: 236.1 mean: 312.4099502487562
gen: 39 best: 236.1 mean: 311.02089552238806
gen: 40 best: 236.1 mean: 310.57412935323384
gen: 41 best: 236.1 mean: 310.1084577114428
gen: 42 best: 236.1 mean: 311.17512437810944
gen: 43 best: 236.1 mean: 310.81542288557216
gen: 44 best: 236.1 mean: 310.66766169154226
gen: 45 best: 236.1 mean: 309.2985074626866
gen: 46 best: 236.1 mean: 308.3905472636816
gen: 47 best: 236.1 mean: 308.1587064676617
gen: 48 best: 236.1 mean: 309.2681592039801
gen: 49 best: 236.1 mean: 307.93333333333334
gen: 50 best: 236.1 mean: 308.42587064676616
gen: 51 best: 236.1 mean: 307.01592039800994
gen: 52 best: 236.1 mean: 308.02039800995027
gen: 53 best: 236.1 mean: 308.3328358208955
gen: 54 best: 236.1 mean: 307.6223880597015
gen: 55 best: 236.1 mean: 307.5089552238806
gen: 56 best: 236.1 mean: 308.0004975124378
gen: 57 best: 236.1 mean: 307.2343283582089
gen: 58 best: 236.1 mean: 307.63781094527366
gen: 59 best: 236.1 mean: 306.59303482587063
gen: 60 best: 236.1 mean: 307.29950248756217
gen: 61 best: 236.1 mean: 306.4432835820896
gen: 62 best: 236.1 mean: 306.69850746268656
gen: 63 best: 236.1 mean: 307.77064676616914
gen: 64 best: 236.1 mean: 305.6323383084577
gen: 65 best: 236.1 mean: 306.0199004975124
gen: 66 best: 236.1 mean: 305.5318407960199
gen: 67 best: 236.1 mean: 305.98457711442785
gen: 68 best: 236.1 mean: 305.96567164179106
gen: 69 best: 236.1 mean: 304.72985074626865
gen: 70 best: 236.1 mean: 305.48805970149255
gen: 71 best: 236.1 mean: 304.33034825870647
gen: 72 best: 236.1 mean: 303.06666666666666
gen: 73 best: 236.1 mean: 305.6283582089552
gen: 74 best: 236.1 mean: 304.46965174129355
gen: 75 best: 236.1 mean: 304.7452736318408
gen: 76 best: 236.1 mean: 305.2089552238806
gen: 77 best: 236.1 mean: 304.16965174129353
gen: 78 best: 236.1 mean: 304.75223880597014
gen: 79 best: 236.1 mean: 304.07611940298506
gen: 80 best: 236.1 mean: 302.81243781094526
gen: 81 best: 236.1 mean: 302.7691542288557
gen: 82 best: 236.1 mean: 304.6194029850746
gen: 83 best: 236.1 mean: 303.99353233830846
gen: 84 best: 236.1 mean: 302.781592039801
gen: 85 best: 236.1 mean: 302.9965174129353
gen: 86 best: 236.1 mean: 303.10348258706466
gen: 87 best: 236.1 mean: 303.8820895522388
gen: 88 best: 236.1 mean: 303.5905472636816
gen: 89 best: 236.1 mean: 303.83930348258707
gen: 90 best: 236.1 mean: 303.19900497512435
gen: 91 best: 236.1 mean: 302.0641791044776
gen: 92 best: 236.1 mean: 301.8547263681592
gen: 93 best: 236.1 mean: 301.9089552238806
gen: 94 best: 236.1 mean: 302.85771144278607
gen: 95 best: 236.1 mean: 302.81243781094526
gen: 96 best: 236.1 mean: 302.69751243781093
gen: 97 best: 236.1 mean: 301.3134328358209
gen: 98 best: 236.1 mean: 302.23880597014926
gen: 99 best: 236.1 mean: 303.08407960199
[7, 7, 9, 7, 9, 7, 10, 8, 9, 7, 7, 7, 8, 6, 7, 7, 9, 8, 7, 8, 7, 6, 8, 7, 8, 8, 7, 6, 7, 7, 12, 7, 7, 8, 7, 7, 7, 7, 8, 7, 6]
Test count of edges: 946
cat
