Defaulting to user installation because normal site-packages is not writeable
Looking in links: /cvmfs/soft.computecanada.ca/custom/python/wheelhouse/gentoo/avx2, /cvmfs/soft.computecanada.ca/custom/python/wheelhouse/gentoo/generic, /cvmfs/soft.computecanada.ca/custom/python/wheelhouse/generic
Requirement already satisfied: graphviz in /home/js17sy/.local/lib/python3.10/site-packages (0.20)
105; python ga.py 3 512N_graph3.dat 0.025 0.01 0.7 0.5 0.5 201 512N_graph3strictgen1rem70_ 428415
/project/6008788/js17sy/reopenga/512a/ga.py:291: DeprecationWarning: Sampling from a set deprecated
since Python 3.9 and will be removed in a subsequent version.
  child1 = set(random.sample(
gen >0, new best = 274.300
gen >0, new best = 272.800
gen >0, new best = 239.100
gen >0, new best = 225.100
gen: 0 best: 225.1 mean: 314.2768656716418
gen >1, new best = 202.400
gen >1, new best = 197.100
gen: 1 best: 197.1 mean: 307.6611940298507
gen: 2 best: 197.1 mean: 308.1776119402985
gen: 3 best: 197.1 mean: 308.9417910447761
gen: 4 best: 197.1 mean: 303.33482587064674
gen >5, new best = 185.200
gen: 5 best: 185.2 mean: 298.7039800995025
gen: 6 best: 185.2 mean: 291.4283582089552
gen: 7 best: 185.2 mean: 288.13781094527366
gen: 8 best: 185.2 mean: 286.873631840796
gen: 9 best: 185.2 mean: 287.27064676616914
gen: 10 best: 185.2 mean: 285.79353233830847
gen: 11 best: 185.2 mean: 284.28308457711444
gen: 12 best: 185.2 mean: 281.6960199004975
gen: 13 best: 185.2 mean: 282.36218905472634
gen >14, new best = 177.100
gen: 14 best: 177.1 mean: 274.6333333333333
gen: 15 best: 177.1 mean: 276.2467661691542
gen: 16 best: 177.1 mean: 273.4830845771144
gen: 17 best: 177.1 mean: 274.10746268656715
gen: 18 best: 177.1 mean: 271.7164179104478
gen: 19 best: 177.1 mean: 270.19502487562187
gen: 20 best: 177.1 mean: 268.2691542288557
gen: 21 best: 177.1 mean: 264.62039800995024
gen: 22 best: 177.1 mean: 260.3129353233831
gen: 23 best: 177.1 mean: 261.9741293532338
gen: 24 best: 177.1 mean: 259.1318407960199
gen: 25 best: 177.1 mean: 260.7990049751244
gen: 26 best: 177.1 mean: 260.46268656716416
gen: 27 best: 177.1 mean: 254.60646766169154
gen: 28 best: 177.1 mean: 253.10398009950248
gen: 29 best: 177.1 mean: 252.48457711442785
gen: 30 best: 177.1 mean: 259.2412935323383
gen: 31 best: 177.1 mean: 254.88407960199004
gen >32, new best = 174.800
gen: 32 best: 174.8 mean: 251.49850746268658
gen: 33 best: 174.8 mean: 248.64975124378108
gen: 34 best: 174.8 mean: 251.24427860696517
gen: 35 best: 174.8 mean: 250.7776119402985
gen: 36 best: 174.8 mean: 251.60597014925372
gen: 37 best: 174.8 mean: 252.64875621890548
gen: 38 best: 174.8 mean: 247.73681592039802
gen: 39 best: 174.8 mean: 247.83084577114428
gen: 40 best: 174.8 mean: 248.34825870646767
gen: 41 best: 174.8 mean: 246.8223880597015
gen: 42 best: 174.8 mean: 246.7004975124378
gen: 43 best: 174.8 mean: 247.126368159204
gen: 44 best: 174.8 mean: 245.37562189054725
gen: 45 best: 174.8 mean: 244.29303482587065
gen: 46 best: 174.8 mean: 245.09800995024875
gen: 47 best: 174.8 mean: 244.226368159204
gen: 48 best: 174.8 mean: 244.67462686567166
gen: 49 best: 174.8 mean: 246.0452736318408
gen: 50 best: 174.8 mean: 243.31890547263683
gen: 51 best: 174.8 mean: 242.2273631840796
gen: 52 best: 174.8 mean: 242.644776119403
gen: 53 best: 174.8 mean: 242.6820895522388
gen: 54 best: 174.8 mean: 243.18805970149253
gen: 55 best: 174.8 mean: 243.36517412935322
gen: 56 best: 174.8 mean: 241.85323383084577
gen >57, new best = 171.600
gen: 57 best: 171.6 mean: 243.39402985074628
gen: 58 best: 171.6 mean: 241.70547263681593
gen: 59 best: 171.6 mean: 240.48955223880597
gen: 60 best: 171.6 mean: 239.82039800995025
gen: 61 best: 171.6 mean: 239.33084577114428
gen: 62 best: 171.6 mean: 241.22437810945274
gen: 63 best: 171.6 mean: 239.97860696517412
gen: 64 best: 171.6 mean: 238.5089552238806
gen: 65 best: 171.6 mean: 236.54825870646766
gen: 66 best: 171.6 mean: 239.95621890547264
gen: 67 best: 171.6 mean: 236.69253731343284
gen: 68 best: 171.6 mean: 236.13084577114427
gen: 69 best: 171.6 mean: 237.46467661691543
gen: 70 best: 171.6 mean: 237.11094527363184
gen: 71 best: 171.6 mean: 238.93532338308458
gen: 72 best: 171.6 mean: 238.13034825870648
gen: 73 best: 171.6 mean: 240.4636815920398
gen: 74 best: 171.6 mean: 237.25522388059701
gen: 75 best: 171.6 mean: 234.22189054726368
gen: 76 best: 171.6 mean: 238.20995024875623
gen: 77 best: 171.6 mean: 237.2323383084577
gen: 78 best: 171.6 mean: 236.45820895522388
gen: 79 best: 171.6 mean: 237.58905472636815
gen: 80 best: 171.6 mean: 238.3507462686567
gen: 81 best: 171.6 mean: 236.9318407960199
gen: 82 best: 171.6 mean: 236.96965174129355
gen: 83 best: 171.6 mean: 234.626368159204
gen: 84 best: 171.6 mean: 234.2646766169154
gen: 85 best: 171.6 mean: 236.69701492537314
gen: 86 best: 171.6 mean: 234.87860696517413
gen: 87 best: 171.6 mean: 234.8268656716418
gen: 88 best: 171.6 mean: 233.28407960199004
gen: 89 best: 171.6 mean: 233.7592039800995
gen: 90 best: 171.6 mean: 237.80746268656716
gen: 91 best: 171.6 mean: 235.50696517412936
gen: 92 best: 171.6 mean: 237.11592039800996
gen: 93 best: 171.6 mean: 232.29353233830847
gen: 94 best: 171.6 mean: 231.75671641791044
gen: 95 best: 171.6 mean: 235.61144278606966
gen: 96 best: 171.6 mean: 233.67462686567166
gen: 97 best: 171.6 mean: 230.62139303482587
gen: 98 best: 171.6 mean: 236.3134328358209
gen: 99 best: 171.6 mean: 233.43432835820894
[8, 8, 9, 8, 8, 10, 10, 9, 9, 10, 12, 9, 11, 7, 7, 9, 9, 8, 11, 8, 10, 9, 10, 11, 7, 8, 11, 9, 11, 9, 10, 9, 15, 12, 9, 10, 8]
Test count of edges: 963
cat
