Defaulting to user installation because normal site-packages is not writeable
Looking in links: /cvmfs/soft.computecanada.ca/custom/python/wheelhouse/gentoo/avx2, /cvmfs/soft.computecanada.ca/custom/python/wheelhouse/gentoo/generic, /cvmfs/soft.computecanada.ca/custom/python/wheelhouse/generic
Requirement already satisfied: graphviz in /home/js17sy/.local/lib/python3.10/site-packages (0.20)
283; python ga.py 3 512N_graph3.dat 0.05 0.02 0.7 0.5 0.5 201 512N_graph3mediumgen1rem70_ 371293
/project/6008788/js17sy/reopenga/512a/ga.py:291: DeprecationWarning: Sampling from a set deprecated
since Python 3.9 and will be removed in a subsequent version.
  child1 = set(random.sample(
gen >0, new best = 336.100
gen >0, new best = 292.900
gen >0, new best = 287.700
gen >0, new best = 268.000
gen >0, new best = 264.000
gen: 0 best: 264.0 mean: 324.1139303482587
gen: 1 best: 264.0 mean: 318.8457711442786
gen >2, new best = 262.700
gen >2, new best = 253.300
gen: 2 best: 253.3 mean: 317.4706467661691
gen: 3 best: 253.3 mean: 314.76666666666665
gen >4, new best = 249.200
gen: 4 best: 249.2 mean: 312.5199004975124
gen: 5 best: 249.2 mean: 308.8388059701493
gen: 6 best: 249.2 mean: 306.14228855721393
gen: 7 best: 249.2 mean: 302.44975124378107
gen: 8 best: 249.2 mean: 300.7771144278607
gen: 9 best: 249.2 mean: 299.9865671641791
gen: 10 best: 249.2 mean: 299.5721393034826
gen >11, new best = 213.100
gen: 11 best: 213.1 mean: 293.60646766169157
gen: 12 best: 213.1 mean: 291.1099502487562
gen: 13 best: 213.1 mean: 288.06666666666666
gen: 14 best: 213.1 mean: 286.25771144278605
gen: 15 best: 213.1 mean: 284.56865671641793
gen: 16 best: 213.1 mean: 284.35771144278607
gen: 17 best: 213.1 mean: 285.62985074626863
gen: 18 best: 213.1 mean: 284.0258706467662
gen: 19 best: 213.1 mean: 280.8721393034826
gen: 20 best: 213.1 mean: 282.38756218905473
gen: 21 best: 213.1 mean: 280.173631840796
gen: 22 best: 213.1 mean: 278.9502487562189
gen: 23 best: 213.1 mean: 278.67164179104475
gen: 24 best: 213.1 mean: 279.8716417910448
gen: 25 best: 213.1 mean: 276.236815920398
gen: 26 best: 213.1 mean: 276.7452736318408
gen: 27 best: 213.1 mean: 275.19701492537314
gen: 28 best: 213.1 mean: 276.73830845771147
gen: 29 best: 213.1 mean: 275.271144278607
gen: 30 best: 213.1 mean: 278.281592039801
gen: 31 best: 213.1 mean: 275.4855721393035
gen: 32 best: 213.1 mean: 274.5592039800995
gen: 33 best: 213.1 mean: 273.2910447761194
gen: 34 best: 213.1 mean: 276.05174129353236
gen: 35 best: 213.1 mean: 275.52537313432833
gen: 36 best: 213.1 mean: 273.0512437810945
gen: 37 best: 213.1 mean: 273.23333333333335
gen: 38 best: 213.1 mean: 272.518407960199
gen: 39 best: 213.1 mean: 273.3094527363184
gen: 40 best: 213.1 mean: 271.39353233830843
gen: 41 best: 213.1 mean: 271.62985074626863
gen: 42 best: 213.1 mean: 271.3726368159204
gen: 43 best: 213.1 mean: 271.3074626865672
gen: 44 best: 213.1 mean: 270.5149253731343
gen: 45 best: 213.1 mean: 270.7776119402985
gen >46, new best = 207.800
gen: 46 best: 207.8 mean: 269.09303482587063
gen: 47 best: 207.8 mean: 268.3990049751244
gen: 48 best: 207.8 mean: 269.5542288557214
gen: 49 best: 207.8 mean: 268.86567164179104
gen: 50 best: 207.8 mean: 267.0313432835821
gen: 51 best: 207.8 mean: 268.3771144278607
gen: 52 best: 207.8 mean: 268.6393034825871
gen: 53 best: 207.8 mean: 267.4099502487562
gen: 54 best: 207.8 mean: 266.05174129353236
gen: 55 best: 207.8 mean: 268.27064676616914
gen: 56 best: 207.8 mean: 266.426368159204
gen: 57 best: 207.8 mean: 264.3004975124378
gen: 58 best: 207.8 mean: 266.4542288557214
gen: 59 best: 207.8 mean: 264.80646766169156
gen: 60 best: 207.8 mean: 267.0532338308458
gen: 61 best: 207.8 mean: 263.7676616915423
gen: 62 best: 207.8 mean: 265.88955223880595
gen: 63 best: 207.8 mean: 266.5592039800995
gen: 64 best: 207.8 mean: 263.41094527363185
gen: 65 best: 207.8 mean: 264.7805970149254
gen: 66 best: 207.8 mean: 263.2273631840796
gen: 67 best: 207.8 mean: 265.0512437810945
gen: 68 best: 207.8 mean: 264.6283582089552
gen: 69 best: 207.8 mean: 265.00796019900497
gen: 70 best: 207.8 mean: 264.5855721393035
gen: 71 best: 207.8 mean: 263.9766169154229
gen: 72 best: 207.8 mean: 263.7487562189055
gen: 73 best: 207.8 mean: 265.5716417910448
gen: 74 best: 207.8 mean: 265.08308457711445
gen: 75 best: 207.8 mean: 263.24477611940296
gen: 76 best: 207.8 mean: 263.1497512437811
gen: 77 best: 207.8 mean: 264.09751243781096
gen: 78 best: 207.8 mean: 263.56467661691545
gen: 79 best: 207.8 mean: 262.6273631840796
gen: 80 best: 207.8 mean: 263.12587064676615
gen: 81 best: 207.8 mean: 264.3820895522388
gen: 82 best: 207.8 mean: 263.35970149253734
gen: 83 best: 207.8 mean: 263.5731343283582
gen: 84 best: 207.8 mean: 263.56666666666666
gen: 85 best: 207.8 mean: 264.1268656716418
gen: 86 best: 207.8 mean: 263.75174129353235
gen: 87 best: 207.8 mean: 262.9855721393035
gen: 88 best: 207.8 mean: 262.3686567164179
gen: 89 best: 207.8 mean: 263.3497512437811
gen: 90 best: 207.8 mean: 262.45721393034825
gen: 91 best: 207.8 mean: 264.7343283582089
gen: 92 best: 207.8 mean: 263.24825870646765
gen: 93 best: 207.8 mean: 261.52288557213933
gen: 94 best: 207.8 mean: 263.71542288557214
gen: 95 best: 207.8 mean: 262.44228855721394
gen: 96 best: 207.8 mean: 263.22935323383086
gen: 97 best: 207.8 mean: 262.9467661691542
gen: 98 best: 207.8 mean: 263.26616915422886
gen: 99 best: 207.8 mean: 263.18407960199005
[9, 8, 8, 8, 9, 8, 10, 7, 8, 10, 9, 9, 10, 8, 8, 9, 8, 8, 7, 9, 9, 11, 9, 9, 8, 9, 10, 9, 8, 8, 9, 10, 10, 4]
Test count of edges: 957
cat
