Defaulting to user installation because normal site-packages is not writeable
Looking in links: /cvmfs/soft.computecanada.ca/custom/python/wheelhouse/gentoo/avx2, /cvmfs/soft.computecanada.ca/custom/python/wheelhouse/gentoo/generic, /cvmfs/soft.computecanada.ca/custom/python/wheelhouse/generic
Requirement already satisfied: graphviz in /home/js17sy/.local/lib/python3.10/site-packages (0.20)
393; python ga.py 3 512N_graph3.dat 0.075 0.03 0.5 0.7 0.3 201 512N_graph3laxgen2rem50_ 85683
/project/6008788/js17sy/reopenga/512a/ga.py:291: DeprecationWarning: Sampling from a set deprecated
since Python 3.9 and will be removed in a subsequent version.
  child1 = set(random.sample(
gen >0, new best = 342.000
gen >0, new best = 338.700
gen >0, new best = 335.400
gen >0, new best = 333.400
gen >0, new best = 310.500
gen >0, new best = 309.000
gen: 0 best: 309.0 mean: 345.87611940298507
gen >1, new best = 304.300
gen: 1 best: 304.3 mean: 344.836815920398
gen: 2 best: 304.3 mean: 344.9174129353234
gen >3, new best = 300.100
gen: 3 best: 300.1 mean: 342.4034825870647
gen >4, new best = 298.100
gen: 4 best: 298.1 mean: 342.74776119402986
gen: 5 best: 298.1 mean: 341.7820895522388
gen: 6 best: 298.1 mean: 341.9318407960199
gen: 7 best: 298.1 mean: 342.59253731343284
gen: 8 best: 298.1 mean: 341.6955223880597
gen: 9 best: 298.1 mean: 340.3407960199005
gen: 10 best: 298.1 mean: 339.8512437810945
gen: 11 best: 298.1 mean: 339.4875621890547
gen: 12 best: 298.1 mean: 338.7955223880597
gen: 13 best: 298.1 mean: 337.8059701492537
gen: 14 best: 298.1 mean: 337.87014925373137
gen: 15 best: 298.1 mean: 337.81243781094526
gen: 16 best: 298.1 mean: 337.87512437810943
gen >17, new best = 297.000
gen: 17 best: 297.0 mean: 335.67114427860696
gen: 18 best: 297.0 mean: 336.7512437810945
gen: 19 best: 297.0 mean: 336.8373134328358
gen >20, new best = 295.100
gen: 20 best: 295.1 mean: 336.4502487562189
gen: 21 best: 295.1 mean: 334.99751243781094
gen: 22 best: 295.1 mean: 335.83980099502486
gen: 23 best: 295.1 mean: 335.4781094527363
gen: 24 best: 295.1 mean: 335.46666666666664
gen >25, new best = 294.800
gen: 25 best: 294.8 mean: 334.3517412935323
gen >26, new best = 290.800
gen: 26 best: 290.8 mean: 334.41094527363185
gen: 27 best: 290.8 mean: 333.1796019900498
gen: 28 best: 290.8 mean: 332.8353233830846
gen >29, new best = 287.000
gen: 29 best: 287.0 mean: 332.0353233830846
gen: 30 best: 287.0 mean: 332.6756218905473
gen: 31 best: 287.0 mean: 333.14179104477614
gen: 32 best: 287.0 mean: 331.72388059701495
gen: 33 best: 287.0 mean: 331.8462686567164
gen: 34 best: 287.0 mean: 331.0074626865672
gen: 35 best: 287.0 mean: 331.1592039800995
gen: 36 best: 287.0 mean: 329.6452736318408
gen >37, new best = 283.600
gen: 37 best: 283.6 mean: 329.65621890547266
gen: 38 best: 283.6 mean: 328.61144278606963
gen: 39 best: 283.6 mean: 328.4636815920398
gen: 40 best: 283.6 mean: 327.4731343283582
gen: 41 best: 283.6 mean: 327.9452736318408
gen: 42 best: 283.6 mean: 326.64925373134326
gen: 43 best: 283.6 mean: 325.873631840796
gen: 44 best: 283.6 mean: 325.7467661691542
gen: 45 best: 283.6 mean: 325.6542288557214
gen: 46 best: 283.6 mean: 324.5273631840796
gen: 47 best: 283.6 mean: 325.11243781094527
gen >48, new best = 283.200
gen: 48 best: 283.2 mean: 324.90398009950246
gen: 49 best: 283.2 mean: 323.87661691542286
gen: 50 best: 283.2 mean: 324.14925373134326
gen: 51 best: 283.2 mean: 323.7069651741294
gen: 52 best: 283.2 mean: 323.73830845771147
gen >53, new best = 264.100
gen: 53 best: 264.1 mean: 324.12587064676615
gen: 54 best: 264.1 mean: 321.7691542288557
gen: 55 best: 264.1 mean: 322.71094527363186
gen: 56 best: 264.1 mean: 323.0492537313433
gen: 57 best: 264.1 mean: 321.30298507462686
gen: 58 best: 264.1 mean: 323.0318407960199
gen: 59 best: 264.1 mean: 322.0512437810945
gen: 60 best: 264.1 mean: 320.82935323383083
gen: 61 best: 264.1 mean: 322.3771144278607
gen: 62 best: 264.1 mean: 320.53034825870645
gen: 63 best: 264.1 mean: 320.40597014925373
gen: 64 best: 264.1 mean: 321.59850746268654
gen: 65 best: 264.1 mean: 321.25174129353235
gen: 66 best: 264.1 mean: 320.1666666666667
gen: 67 best: 264.1 mean: 320.19651741293535
gen: 68 best: 264.1 mean: 321.26467661691544
gen: 69 best: 264.1 mean: 320.29253731343283
gen: 70 best: 264.1 mean: 321.0139303482587
gen: 71 best: 264.1 mean: 319.9995024875622
gen: 72 best: 264.1 mean: 321.07014925373136
gen: 73 best: 264.1 mean: 319.3373134328358
gen: 74 best: 264.1 mean: 320.28855721393035
gen: 75 best: 264.1 mean: 319.3850746268657
gen: 76 best: 264.1 mean: 319.88756218905473
gen: 77 best: 264.1 mean: 319.6830845771144
gen: 78 best: 264.1 mean: 319.9189054726368
gen: 79 best: 264.1 mean: 319.2218905472637
gen: 80 best: 264.1 mean: 319.2348258706468
gen: 81 best: 264.1 mean: 319.12388059701493
gen: 82 best: 264.1 mean: 320.1905472636816
gen: 83 best: 264.1 mean: 319.8905472636816
gen: 84 best: 264.1 mean: 319.02636815920397
gen: 85 best: 264.1 mean: 318.89651741293534
gen: 86 best: 264.1 mean: 318.8547263681592
gen: 87 best: 264.1 mean: 319.11990049751245
gen: 88 best: 264.1 mean: 319.5039800995025
gen: 89 best: 264.1 mean: 318.96218905472637
gen: 90 best: 264.1 mean: 318.5
gen: 91 best: 264.1 mean: 319.25771144278605
gen: 92 best: 264.1 mean: 318.65671641791045
gen: 93 best: 264.1 mean: 318.26069651741295
gen: 94 best: 264.1 mean: 317.4616915422886
gen: 95 best: 264.1 mean: 318.3557213930348
gen: 96 best: 264.1 mean: 318.46218905472637
gen: 97 best: 264.1 mean: 318.44726368159206
gen: 98 best: 264.1 mean: 317.7776119402985
gen: 99 best: 264.1 mean: 317.8970149253731
[8, 9, 9, 8, 11, 10, 9, 9, 8, 9, 9, 9, 9, 8, 9, 12, 10, 9, 10, 10, 9, 11, 9, 9, 8, 8, 8, 12, 8, 10, 8, 8, 9, 8, 10, 8, 9, 9, 11, 10, 8, 10]
Test count of edges: 1573
cat
