Defaulting to user installation because normal site-packages is not writeable
Looking in links: /cvmfs/soft.computecanada.ca/custom/python/wheelhouse/gentoo/avx2, /cvmfs/soft.computecanada.ca/custom/python/wheelhouse/gentoo/generic, /cvmfs/soft.computecanada.ca/custom/python/wheelhouse/generic
Requirement already satisfied: graphviz in /home/js17sy/.local/lib/python3.10/site-packages (0.20)
350; python ga.py 3 512N_graph3.dat 0.05 0.02 0.7 0.9 0.1 201 512N_graph3mediumgen3rem70_ 571220
/project/6008788/js17sy/reopenga/512a/ga.py:291: DeprecationWarning: Sampling from a set deprecated
since Python 3.9 and will be removed in a subsequent version.
  child1 = set(random.sample(
gen >0, new best = 349.200
gen >0, new best = 330.600
gen >0, new best = 279.400
gen >0, new best = 270.100
gen: 0 best: 270.1 mean: 323.9987562189055
gen: 1 best: 270.1 mean: 320.7039800995025
gen >2, new best = 266.800
gen: 2 best: 266.8 mean: 317.51044776119403
gen >3, new best = 265.500
gen: 3 best: 265.5 mean: 316.86517412935325
gen >4, new best = 263.600
gen >4, new best = 252.200
gen: 4 best: 252.2 mean: 316.18358208955226
gen: 5 best: 252.2 mean: 312.66915422885575
gen: 6 best: 252.2 mean: 308.53781094527363
gen: 7 best: 252.2 mean: 310.67313432835823
gen >8, new best = 247.900
gen: 8 best: 247.9 mean: 306.7492537313433
gen: 9 best: 247.9 mean: 304.9830845771144
gen: 10 best: 247.9 mean: 302.2009950248756
gen >11, new best = 246.600
gen: 11 best: 246.6 mean: 296.83432835820895
gen: 12 best: 246.6 mean: 296.33233830845774
gen >13, new best = 243.200
gen: 13 best: 243.2 mean: 295.43681592039803
gen: 14 best: 243.2 mean: 295.3223880597015
gen: 15 best: 243.2 mean: 294.3676616915423
gen >16, new best = 243.000
gen: 16 best: 243.0 mean: 293.0129353233831
gen >17, new best = 239.100
gen: 17 best: 239.1 mean: 288.1323383084577
gen >18, new best = 226.200
gen: 18 best: 226.2 mean: 289.97512437810946
gen: 19 best: 226.2 mean: 288.97014925373134
gen: 20 best: 226.2 mean: 288.6333333333333
gen >21, new best = 216.200
gen: 21 best: 216.2 mean: 284.63781094527366
gen: 22 best: 216.2 mean: 281.4761194029851
gen: 23 best: 216.2 mean: 281.96417910447764
gen: 24 best: 216.2 mean: 282.9303482587065
gen: 25 best: 216.2 mean: 279.53582089552236
gen: 26 best: 216.2 mean: 281.6363184079602
gen: 27 best: 216.2 mean: 279.06666666666666
gen: 28 best: 216.2 mean: 278.9870646766169
gen: 29 best: 216.2 mean: 279.33383084577116
gen: 30 best: 216.2 mean: 277.0218905472637
gen: 31 best: 216.2 mean: 275.75771144278605
gen: 32 best: 216.2 mean: 273.40149253731346
gen: 33 best: 216.2 mean: 272.8830845771144
gen: 34 best: 216.2 mean: 272.02835820895524
gen: 35 best: 216.2 mean: 270.9417910447761
gen: 36 best: 216.2 mean: 273.0771144278607
gen: 37 best: 216.2 mean: 270.33034825870647
gen: 38 best: 216.2 mean: 270.5751243781095
gen: 39 best: 216.2 mean: 269.2348258706468
gen: 40 best: 216.2 mean: 269.59402985074627
gen: 41 best: 216.2 mean: 269.85223880597016
gen: 42 best: 216.2 mean: 268.39800995024876
gen: 43 best: 216.2 mean: 271.2179104477612
gen: 44 best: 216.2 mean: 268.3771144278607
gen: 45 best: 216.2 mean: 268.3412935323383
gen: 46 best: 216.2 mean: 266.8044776119403
gen: 47 best: 216.2 mean: 267.05721393034827
gen: 48 best: 216.2 mean: 266.0781094527363
gen >49, new best = 208.500
gen: 49 best: 208.5 mean: 267.13781094527366
gen: 50 best: 208.5 mean: 265.1592039800995
gen: 51 best: 208.5 mean: 266.1855721393035
gen: 52 best: 208.5 mean: 265.08855721393036
gen: 53 best: 208.5 mean: 266.3572139303483
gen: 54 best: 208.5 mean: 266.5880597014925
gen: 55 best: 208.5 mean: 262.1636815920398
gen: 56 best: 208.5 mean: 263.6393034825871
gen: 57 best: 208.5 mean: 264.17910447761193
gen: 58 best: 208.5 mean: 262.33432835820895
gen: 59 best: 208.5 mean: 262.66169154228857
gen: 60 best: 208.5 mean: 264.96567164179106
gen >61, new best = 195.400
gen: 61 best: 195.4 mean: 261.9398009950249
gen: 62 best: 195.4 mean: 261.71343283582087
gen: 63 best: 195.4 mean: 261.78109452736317
gen: 64 best: 195.4 mean: 259.55721393034827
gen: 65 best: 195.4 mean: 261.4084577114428
gen: 66 best: 195.4 mean: 260.5164179104478
gen: 67 best: 195.4 mean: 260.01741293532336
gen: 68 best: 195.4 mean: 262.2407960199005
gen: 69 best: 195.4 mean: 259.4597014925373
gen: 70 best: 195.4 mean: 261.7378109452736
gen: 71 best: 195.4 mean: 258.09253731343284
gen: 72 best: 195.4 mean: 259.60199004975124
gen: 73 best: 195.4 mean: 259.3412935323383
gen: 74 best: 195.4 mean: 258.0054726368159
gen: 75 best: 195.4 mean: 258.1761194029851
gen: 76 best: 195.4 mean: 259.23034825870644
gen: 77 best: 195.4 mean: 259.1358208955224
gen: 78 best: 195.4 mean: 257.35273631840795
gen: 79 best: 195.4 mean: 260.09303482587063
gen: 80 best: 195.4 mean: 256.3044776119403
gen: 81 best: 195.4 mean: 257.1323383084577
gen: 82 best: 195.4 mean: 258.018407960199
gen: 83 best: 195.4 mean: 257.9273631840796
gen: 84 best: 195.4 mean: 257.6407960199005
gen: 85 best: 195.4 mean: 256.5681592039801
gen: 86 best: 195.4 mean: 257.8940298507463
gen: 87 best: 195.4 mean: 256.2348258706468
gen: 88 best: 195.4 mean: 255.29402985074626
gen: 89 best: 195.4 mean: 256.3676616915423
gen: 90 best: 195.4 mean: 256.86019900497513
gen: 91 best: 195.4 mean: 255.38855721393034
gen: 92 best: 195.4 mean: 254.63034825870648
gen: 93 best: 195.4 mean: 255.15273631840796
gen: 94 best: 195.4 mean: 256.8502487562189
gen: 95 best: 195.4 mean: 256.3228855721393
gen: 96 best: 195.4 mean: 255.37014925373134
gen: 97 best: 195.4 mean: 257.32089552238807
gen: 98 best: 195.4 mean: 252.96965174129355
gen: 99 best: 195.4 mean: 255.6995024875622
[4, 9, 8, 9, 9, 9, 7, 8, 8, 6, 14, 9, 11, 10, 9, 9, 10, 9, 9, 8, 8, 13, 10, 9, 8, 8, 7, 8, 8, 9, 8, 8, 8, 12, 8, 8, 8, 9, 9, 8]
Test count of edges: 942
cat
