Defaulting to user installation because normal site-packages is not writeable
Looking in links: /cvmfs/soft.computecanada.ca/custom/python/wheelhouse/gentoo/avx2, /cvmfs/soft.computecanada.ca/custom/python/wheelhouse/gentoo/generic, /cvmfs/soft.computecanada.ca/custom/python/wheelhouse/generic
Requirement already satisfied: graphviz in /home/js17sy/.local/lib/python3.10/site-packages (0.20)
133; python ga.py 3 512N_graph3.dat 0.025 0.01 0.7 0.7 0.3 201 512N_graph3strictgen2rem70_ 371293
/project/6008788/js17sy/reopenga/512a/ga.py:291: DeprecationWarning: Sampling from a set deprecated
since Python 3.9 and will be removed in a subsequent version.
  child1 = set(random.sample(
gen >0, new best = 274.300
gen >0, new best = 271.500
gen >0, new best = 254.300
gen >0, new best = 253.300
gen >0, new best = 244.500
gen >0, new best = 240.600
gen >0, new best = 208.200
gen: 0 best: 208.2 mean: 315.33930348258707
gen: 1 best: 208.2 mean: 312.80696517412935
gen: 2 best: 208.2 mean: 308.7786069651741
gen: 3 best: 208.2 mean: 303.6865671641791
gen: 4 best: 208.2 mean: 304.7771144278607
gen: 5 best: 208.2 mean: 303.0034825870647
gen: 6 best: 208.2 mean: 300.13880597014924
gen: 7 best: 208.2 mean: 299.30298507462686
gen: 8 best: 208.2 mean: 296.60746268656715
gen: 9 best: 208.2 mean: 298.62388059701493
gen: 10 best: 208.2 mean: 295.03880597014927
gen: 11 best: 208.2 mean: 295.1029850746269
gen >12, new best = 187.300
gen: 12 best: 187.3 mean: 290.69154228855723
gen: 13 best: 187.3 mean: 286.1029850746269
gen: 14 best: 187.3 mean: 286.02835820895524
gen: 15 best: 187.3 mean: 280.47462686567167
gen: 16 best: 187.3 mean: 279.981592039801
gen: 17 best: 187.3 mean: 280.00199004975127
gen: 18 best: 187.3 mean: 280.1303482587065
gen: 19 best: 187.3 mean: 279.3358208955224
gen: 20 best: 187.3 mean: 274.38407960199004
gen: 21 best: 187.3 mean: 273.3407960199005
gen: 22 best: 187.3 mean: 270.66567164179105
gen >23, new best = 184.000
gen: 23 best: 184.0 mean: 269.2233830845771
gen: 24 best: 184.0 mean: 266.78905472636814
gen: 25 best: 184.0 mean: 266.8328358208955
gen: 26 best: 184.0 mean: 266.5786069651741
gen: 27 best: 184.0 mean: 265.75572139303483
gen: 28 best: 184.0 mean: 262.34776119402983
gen: 29 best: 184.0 mean: 259.39253731343285
gen: 30 best: 184.0 mean: 262.22636815920396
gen: 31 best: 184.0 mean: 258.95721393034825
gen: 32 best: 184.0 mean: 257.69651741293535
gen: 33 best: 184.0 mean: 255.47363184079603
gen: 34 best: 184.0 mean: 256.27412935323383
gen: 35 best: 184.0 mean: 255.26616915422886
gen: 36 best: 184.0 mean: 254.05373134328357
gen: 37 best: 184.0 mean: 251.17562189054726
gen: 38 best: 184.0 mean: 250.95820895522388
gen: 39 best: 184.0 mean: 250.95621890547264
gen: 40 best: 184.0 mean: 251.76268656716417
gen: 41 best: 184.0 mean: 251.27014925373135
gen: 42 best: 184.0 mean: 248.16417910447763
gen: 43 best: 184.0 mean: 248.39751243781095
gen: 44 best: 184.0 mean: 247.3179104477612
gen: 45 best: 184.0 mean: 246.13830845771145
gen: 46 best: 184.0 mean: 248.7452736318408
gen >47, new best = 183.000
gen: 47 best: 183.0 mean: 247.22437810945274
gen: 48 best: 183.0 mean: 242.6905472636816
gen >49, new best = 179.100
gen: 49 best: 179.1 mean: 244.1233830845771
gen: 50 best: 179.1 mean: 245.53930348258706
gen: 51 best: 179.1 mean: 245.31890547263683
gen >52, new best = 179.000
gen: 52 best: 179.0 mean: 246.65223880597014
gen >53, new best = 177.400
gen: 53 best: 177.4 mean: 245.29651741293532
gen: 54 best: 177.4 mean: 246.24825870646765
gen: 55 best: 177.4 mean: 241.93781094527364
gen: 56 best: 177.4 mean: 244.40746268656716
gen: 57 best: 177.4 mean: 246.52437810945273
gen: 58 best: 177.4 mean: 243.81691542288556
gen: 59 best: 177.4 mean: 244.87164179104477
gen: 60 best: 177.4 mean: 244.336815920398
gen: 61 best: 177.4 mean: 242.44726368159203
gen: 62 best: 177.4 mean: 242.54179104477612
gen: 63 best: 177.4 mean: 241.47213930348258
gen >64, new best = 177.100
gen: 64 best: 177.1 mean: 244.45223880597015
gen: 65 best: 177.1 mean: 244.00049751243782
gen: 66 best: 177.1 mean: 244.06019900497512
gen: 67 best: 177.1 mean: 241.10099502487563
gen: 68 best: 177.1 mean: 241.0731343283582
gen: 69 best: 177.1 mean: 243.936815920398
gen: 70 best: 177.1 mean: 242.13333333333333
gen: 71 best: 177.1 mean: 238.69353233830847
gen: 72 best: 177.1 mean: 239.544776119403
gen: 73 best: 177.1 mean: 238.77114427860695
gen: 74 best: 177.1 mean: 241.69452736318408
gen >75, new best = 171.000
gen: 75 best: 171.0 mean: 238.55621890547263
gen: 76 best: 171.0 mean: 240.25870646766168
gen: 77 best: 171.0 mean: 238.95721393034825
gen: 78 best: 171.0 mean: 236.89353233830846
gen: 79 best: 171.0 mean: 237.33930348258707
gen: 80 best: 171.0 mean: 237.83781094527365
gen: 81 best: 171.0 mean: 236.60547263681593
gen: 82 best: 171.0 mean: 233.92985074626867
gen: 83 best: 171.0 mean: 238.44776119402985
gen: 84 best: 171.0 mean: 238.56517412935324
gen: 85 best: 171.0 mean: 235.55074626865672
gen: 86 best: 171.0 mean: 240.56069651741294
gen: 87 best: 171.0 mean: 235.27562189054726
gen: 88 best: 171.0 mean: 237.32039800995025
gen: 89 best: 171.0 mean: 236.40298507462686
gen: 90 best: 171.0 mean: 235.06517412935324
gen: 91 best: 171.0 mean: 236.58557213930348
gen: 92 best: 171.0 mean: 236.9049751243781
gen: 93 best: 171.0 mean: 235.9487562189055
gen: 94 best: 171.0 mean: 233.32935323383086
gen: 95 best: 171.0 mean: 232.24427860696517
gen: 96 best: 171.0 mean: 231.95820895522388
gen: 97 best: 171.0 mean: 235.33731343283583
gen: 98 best: 171.0 mean: 235.65522388059702
gen: 99 best: 171.0 mean: 235.47363184079603
[8, 9, 8, 12, 9, 10, 10, 12, 11, 11, 11, 7, 10, 9, 8, 8, 9, 9, 9, 13, 12, 9, 9, 8, 5, 9, 6, 11, 7, 12, 5, 10, 8, 10, 10, 8, 8, 12]
Test count of edges: 957
cat
