Defaulting to user installation because normal site-packages is not writeable
Looking in links: /cvmfs/soft.computecanada.ca/custom/python/wheelhouse/gentoo/avx2, /cvmfs/soft.computecanada.ca/custom/python/wheelhouse/gentoo/generic, /cvmfs/soft.computecanada.ca/custom/python/wheelhouse/generic
Requirement already satisfied: graphviz in /home/js17sy/.local/lib/python3.10/site-packages (0.20)
588; python ga.py 3 512N_graph3.dat 0.1 0.04 0.5 0.7 0.3 201 512N_graph3leerygen2rem50_ 514098
/project/6008788/js17sy/reopenga/512a/ga.py:291: DeprecationWarning: Sampling from a set deprecated
since Python 3.9 and will be removed in a subsequent version.
  child1 = set(random.sample(
gen >0, new best = 357.200
gen >0, new best = 354.700
gen >0, new best = 349.200
gen >0, new best = 348.500
gen >0, new best = 325.700
gen >0, new best = 318.700
gen >0, new best = 318.000
gen: 0 best: 318.0 mean: 358.3457711442786
gen: 1 best: 318.0 mean: 358.6542288557214
gen >2, new best = 315.200
gen: 2 best: 315.2 mean: 357.9363184079602
gen: 3 best: 315.2 mean: 357.655223880597
gen: 4 best: 315.2 mean: 357.61293532338306
gen: 5 best: 315.2 mean: 356.0507462686567
gen >6, new best = 313.100
gen: 6 best: 313.1 mean: 356.2029850746269
gen: 7 best: 313.1 mean: 355.1353233830846
gen: 8 best: 313.1 mean: 355.88358208955225
gen: 9 best: 313.1 mean: 354.86567164179104
gen >10, new best = 311.600
gen: 10 best: 311.6 mean: 354.4671641791045
gen: 11 best: 311.6 mean: 353.7960199004975
gen: 12 best: 311.6 mean: 353.56517412935324
gen: 13 best: 311.6 mean: 353.51542288557215
gen >14, new best = 311.300
gen >14, new best = 310.300
gen: 14 best: 310.3 mean: 352.17661691542287
gen >15, new best = 309.000
gen: 15 best: 309.0 mean: 351.9582089552239
gen: 16 best: 309.0 mean: 350.83830845771143
gen >17, new best = 306.400
gen: 17 best: 306.4 mean: 350.4233830845771
gen: 18 best: 306.4 mean: 350.0905472636816
gen >19, new best = 288.700
gen >19, new best = 279.700
gen: 19 best: 279.7 mean: 348.9582089552239
gen: 20 best: 279.7 mean: 347.47860696517415
gen: 21 best: 279.7 mean: 347.9373134328358
gen: 22 best: 279.7 mean: 347.5014925373134
gen: 23 best: 279.7 mean: 347.78805970149256
gen: 24 best: 279.7 mean: 347.56069651741296
gen: 25 best: 279.7 mean: 346.6427860696517
gen: 26 best: 279.7 mean: 346.40746268656716
gen: 27 best: 279.7 mean: 345.33482587064674
gen: 28 best: 279.7 mean: 345.1517412935323
gen: 29 best: 279.7 mean: 345.90149253731346
gen: 30 best: 279.7 mean: 345.6009950248756
gen: 31 best: 279.7 mean: 344.89800995024876
gen: 32 best: 279.7 mean: 343.452736318408
gen: 33 best: 279.7 mean: 343.34378109452734
gen: 34 best: 279.7 mean: 343.2761194029851
gen: 35 best: 279.7 mean: 342.6776119402985
gen: 36 best: 279.7 mean: 341.61243781094527
gen: 37 best: 279.7 mean: 341.9577114427861
gen: 38 best: 279.7 mean: 342.8333333333333
gen: 39 best: 279.7 mean: 342.87661691542286
gen: 40 best: 279.7 mean: 340.4268656716418
gen: 41 best: 279.7 mean: 340.65323383084575
gen: 42 best: 279.7 mean: 340.9467661691542
gen: 43 best: 279.7 mean: 340.16517412935326
gen: 44 best: 279.7 mean: 341.02089552238806
gen: 45 best: 279.7 mean: 340.28109452736317
gen: 46 best: 279.7 mean: 341.0442786069652
gen: 47 best: 279.7 mean: 339.83482587064674
gen: 48 best: 279.7 mean: 339.93482587064676
gen: 49 best: 279.7 mean: 340.0442786069652
gen: 50 best: 279.7 mean: 339.5532338308458
gen: 51 best: 279.7 mean: 339.79203980099504
gen: 52 best: 279.7 mean: 339.863184079602
gen: 53 best: 279.7 mean: 339.5900497512438
gen: 54 best: 279.7 mean: 338.55621890547263
gen: 55 best: 279.7 mean: 339.69701492537314
gen: 56 best: 279.7 mean: 338.7398009950249
gen: 57 best: 279.7 mean: 339.3089552238806
gen: 58 best: 279.7 mean: 338.2412935323383
gen: 59 best: 279.7 mean: 339.01044776119403
gen: 60 best: 279.7 mean: 338.3960199004975
gen: 61 best: 279.7 mean: 338.0691542288557
gen: 62 best: 279.7 mean: 338.15671641791045
gen: 63 best: 279.7 mean: 338.373631840796
gen: 64 best: 279.7 mean: 338.35273631840795
gen: 65 best: 279.7 mean: 337.37960199004976
gen: 66 best: 279.7 mean: 338.09303482587063
gen: 67 best: 279.7 mean: 336.93681592039803
gen: 68 best: 279.7 mean: 337.5601990049751
gen: 69 best: 279.7 mean: 337.4592039800995
gen: 70 best: 279.7 mean: 336.52437810945275
gen: 71 best: 279.7 mean: 336.4099502487562
gen: 72 best: 279.7 mean: 336.66218905472635
gen: 73 best: 279.7 mean: 336.7860696517413
gen: 74 best: 279.7 mean: 335.4820895522388
gen: 75 best: 279.7 mean: 335.8905472636816
gen: 76 best: 279.7 mean: 335.2601990049751
gen: 77 best: 279.7 mean: 336.7194029850746
gen: 78 best: 279.7 mean: 336.0407960199005
gen: 79 best: 279.7 mean: 335.8482587064677
gen: 80 best: 279.7 mean: 336.7363184079602
gen: 81 best: 279.7 mean: 334.9985074626866
gen: 82 best: 279.7 mean: 335.34527363184077
gen: 83 best: 279.7 mean: 334.80298507462686
gen >84, new best = 255.500
gen: 84 best: 255.5 mean: 335.03432835820894
gen: 85 best: 255.5 mean: 335.3074626865672
gen: 86 best: 255.5 mean: 334.6756218905473
gen: 87 best: 255.5 mean: 334.31542288557216
gen: 88 best: 255.5 mean: 334.3134328358209
gen: 89 best: 255.5 mean: 334.9721393034826
gen: 90 best: 255.5 mean: 335.09452736318406
gen: 91 best: 255.5 mean: 333.85223880597016
gen: 92 best: 255.5 mean: 334.4134328358209
gen: 93 best: 255.5 mean: 335.41691542288555
gen: 94 best: 255.5 mean: 333.9189054726368
gen: 95 best: 255.5 mean: 334.4870646766169
gen: 96 best: 255.5 mean: 334.1641791044776
gen: 97 best: 255.5 mean: 333.9233830845771
gen: 98 best: 255.5 mean: 334.12139303482587
gen: 99 best: 255.5 mean: 333.41990049751246
[7, 8, 8, 8, 8, 8, 8, 8, 8, 10, 9, 8, 8, 8, 8, 8, 8, 11, 8, 8, 8, 8, 8, 7, 7, 10, 7, 10, 7, 7, 9, 7, 8, 9, 8, 7, 7, 8, 8, 11, 7, 7, 7, 9]
Test count of edges: 1581
cat
