Defaulting to user installation because normal site-packages is not writeable
Looking in links: /cvmfs/soft.computecanada.ca/custom/python/wheelhouse/gentoo/avx2, /cvmfs/soft.computecanada.ca/custom/python/wheelhouse/gentoo/generic, /cvmfs/soft.computecanada.ca/custom/python/wheelhouse/generic
Requirement already satisfied: graphviz in /home/js17sy/.local/lib/python3.10/site-packages (0.20)
398; python ga.py 3 512N_graph3.dat 0.075 0.03 0.5 0.7 0.3 201 512N_graph3laxgen2rem50_ 228488
/project/6008788/js17sy/reopenga/512a/ga.py:291: DeprecationWarning: Sampling from a set deprecated
since Python 3.9 and will be removed in a subsequent version.
  child1 = set(random.sample(
gen >0, new best = 343.500
gen >0, new best = 343.300
gen >0, new best = 343.200
gen >0, new best = 340.500
gen >0, new best = 337.200
gen >0, new best = 335.300
gen >0, new best = 333.600
gen >0, new best = 328.800
gen >0, new best = 326.600
gen: 0 best: 326.6 mean: 345.72935323383086
gen: 1 best: 326.6 mean: 344.47462686567167
gen >2, new best = 312.800
gen >2, new best = 300.700
gen: 2 best: 300.7 mean: 343.70298507462684
gen: 3 best: 300.7 mean: 342.01741293532336
gen: 4 best: 300.7 mean: 341.1860696517413
gen: 5 best: 300.7 mean: 341.6029850746269
gen: 6 best: 300.7 mean: 340.581592039801
gen: 7 best: 300.7 mean: 340.87661691542286
gen >8, new best = 299.400
gen: 8 best: 299.4 mean: 339.94825870646764
gen: 9 best: 299.4 mean: 338.7781094527363
gen >10, new best = 299.000
gen: 10 best: 299.0 mean: 338.6701492537313
gen: 11 best: 299.0 mean: 339.065671641791
gen: 12 best: 299.0 mean: 338.2671641791045
gen >13, new best = 297.400
gen: 13 best: 297.4 mean: 337.7547263681592
gen: 14 best: 297.4 mean: 337.6
gen: 15 best: 297.4 mean: 337.2323383084577
gen: 16 best: 297.4 mean: 337.8970149253731
gen >17, new best = 292.400
gen: 17 best: 292.4 mean: 335.9034825870647
gen: 18 best: 292.4 mean: 336.1980099502488
gen: 19 best: 292.4 mean: 335.06318407960197
gen: 20 best: 292.4 mean: 335.02089552238806
gen: 21 best: 292.4 mean: 334.99900497512436
gen: 22 best: 292.4 mean: 334.67064676616917
gen: 23 best: 292.4 mean: 334.5
gen: 24 best: 292.4 mean: 334.1134328358209
gen: 25 best: 292.4 mean: 333.1776119402985
gen: 26 best: 292.4 mean: 332.0109452736318
gen >27, new best = 286.200
gen: 27 best: 286.2 mean: 332.6407960199005
gen: 28 best: 286.2 mean: 330.8960199004975
gen >29, new best = 271.300
gen: 29 best: 271.3 mean: 331.3169154228856
gen: 30 best: 271.3 mean: 330.4835820895522
gen: 31 best: 271.3 mean: 330.1353233830846
gen: 32 best: 271.3 mean: 329.78905472636814
gen: 33 best: 271.3 mean: 329.7656716417911
gen: 34 best: 271.3 mean: 328.58358208955224
gen: 35 best: 271.3 mean: 329.4004975124378
gen: 36 best: 271.3 mean: 329.5825870646766
gen: 37 best: 271.3 mean: 329.8572139303483
gen >38, new best = 263.600
gen: 38 best: 263.6 mean: 328.15820895522387
gen: 39 best: 263.6 mean: 326.9781094527363
gen: 40 best: 263.6 mean: 326.8482587064677
gen: 41 best: 263.6 mean: 327.31641791044774
gen: 42 best: 263.6 mean: 327.71144278606965
gen: 43 best: 263.6 mean: 327.1641791044776
gen: 44 best: 263.6 mean: 325.8407960199005
gen: 45 best: 263.6 mean: 326.5313432835821
gen: 46 best: 263.6 mean: 326.6412935323383
gen: 47 best: 263.6 mean: 326.0089552238806
gen: 48 best: 263.6 mean: 326.426368159204
gen: 49 best: 263.6 mean: 326.5348258706468
gen: 50 best: 263.6 mean: 325.6129353233831
gen: 51 best: 263.6 mean: 326.4985074626866
gen: 52 best: 263.6 mean: 326.1517412935323
gen: 53 best: 263.6 mean: 325.8228855721393
gen: 54 best: 263.6 mean: 325.3970149253731
gen: 55 best: 263.6 mean: 326.27014925373135
gen: 56 best: 263.6 mean: 324.94776119402985
gen: 57 best: 263.6 mean: 324.0512437810945
gen: 58 best: 263.6 mean: 325.1771144278607
gen: 59 best: 263.6 mean: 323.8318407960199
gen: 60 best: 263.6 mean: 323.54875621890545
gen: 61 best: 263.6 mean: 324.5681592039801
gen: 62 best: 263.6 mean: 324.0273631840796
gen: 63 best: 263.6 mean: 324.18407960199005
gen: 64 best: 263.6 mean: 324.1517412935323
gen: 65 best: 263.6 mean: 323.5049751243781
gen: 66 best: 263.6 mean: 323.5582089552239
gen: 67 best: 263.6 mean: 322.2124378109453
gen: 68 best: 263.6 mean: 322.7174129353234
gen: 69 best: 263.6 mean: 322.11990049751245
gen: 70 best: 263.6 mean: 322.2044776119403
gen: 71 best: 263.6 mean: 321.289552238806
gen: 72 best: 263.6 mean: 322.2825870646766
gen: 73 best: 263.6 mean: 322.42089552238804
gen: 74 best: 263.6 mean: 322.3915422885572
gen: 75 best: 263.6 mean: 322.6995024875622
gen: 76 best: 263.6 mean: 321.3228855721393
gen: 77 best: 263.6 mean: 321.21890547263683
gen: 78 best: 263.6 mean: 322.2676616915423
gen: 79 best: 263.6 mean: 321.0129353233831
gen: 80 best: 263.6 mean: 321.36567164179104
gen: 81 best: 263.6 mean: 320.6039800995025
gen: 82 best: 263.6 mean: 321.0965174129353
gen: 83 best: 263.6 mean: 320.91293532338307
gen: 84 best: 263.6 mean: 321.05273631840794
gen: 85 best: 263.6 mean: 320.65721393034823
gen: 86 best: 263.6 mean: 320.31194029850747
gen: 87 best: 263.6 mean: 320.2139303482587
gen: 88 best: 263.6 mean: 320.7910447761194
gen: 89 best: 263.6 mean: 320.59452736318406
gen: 90 best: 263.6 mean: 320.31094527363183
gen: 91 best: 263.6 mean: 319.5189054726368
gen: 92 best: 263.6 mean: 319.6502487562189
gen: 93 best: 263.6 mean: 319.47363184079603
gen: 94 best: 263.6 mean: 319.38009950248755
gen: 95 best: 263.6 mean: 319.0014925373134
gen: 96 best: 263.6 mean: 319.77562189054726
gen: 97 best: 263.6 mean: 319.7771144278607
gen: 98 best: 263.6 mean: 319.45721393034825
gen: 99 best: 263.6 mean: 319.32089552238807
[8, 9, 9, 9, 8, 8, 8, 8, 8, 8, 9, 9, 8, 12, 10, 10, 8, 8, 8, 9, 10, 8, 8, 7, 9, 8, 9, 9, 9, 10, 8, 8, 9, 9, 10]
Test count of edges: 1571
cat
