Defaulting to user installation because normal site-packages is not writeable
Looking in links: /cvmfs/soft.computecanada.ca/custom/python/wheelhouse/gentoo/avx2, /cvmfs/soft.computecanada.ca/custom/python/wheelhouse/gentoo/generic, /cvmfs/soft.computecanada.ca/custom/python/wheelhouse/generic
Requirement already satisfied: graphviz in /home/js17sy/.local/lib/python3.10/site-packages (0.20)
59; python ga.py 3 512N_graph3.dat 0.025 0.01 0.5 0.7 0.3 201 512N_graph3strictgen2rem50_ 828269
/project/6008788/js17sy/reopenga/512a/ga.py:291: DeprecationWarning: Sampling from a set deprecated
since Python 3.9 and will be removed in a subsequent version.
  child1 = set(random.sample(
gen >0, new best = 322.600
gen >0, new best = 304.800
gen >0, new best = 299.300
gen >0, new best = 299.100
gen >0, new best = 281.400
gen: 0 best: 281.4 mean: 315.87985074626863
gen: 1 best: 281.4 mean: 314.78656716417913
gen: 2 best: 281.4 mean: 314.0398009950249
gen >3, new best = 272.200
gen: 3 best: 272.2 mean: 313.3810945273632
gen >4, new best = 268.800
gen: 4 best: 268.8 mean: 312.3960199004975
gen: 5 best: 268.8 mean: 312.36169154228855
gen: 6 best: 268.8 mean: 311.8990049751244
gen: 7 best: 268.8 mean: 311.24278606965174
gen: 8 best: 268.8 mean: 310.1044776119403
gen >9, new best = 264.400
gen: 9 best: 264.4 mean: 309.8845771144279
gen: 10 best: 264.4 mean: 309.0144278606965
gen: 11 best: 264.4 mean: 308.27512437810947
gen: 12 best: 264.4 mean: 307.8054726368159
gen: 13 best: 264.4 mean: 307.47860696517415
gen: 14 best: 264.4 mean: 306.65124378109454
gen: 15 best: 264.4 mean: 305.4124378109453
gen: 16 best: 264.4 mean: 304.2726368159204
gen: 17 best: 264.4 mean: 305.10746268656715
gen: 18 best: 264.4 mean: 304.4592039800995
gen >19, new best = 258.900
gen: 19 best: 258.9 mean: 303.0915422885572
gen: 20 best: 258.9 mean: 303.57014925373136
gen: 21 best: 258.9 mean: 303.326368159204
gen: 22 best: 258.9 mean: 303.1671641791045
gen >23, new best = 258.200
gen: 23 best: 258.2 mean: 302.1462686567164
gen: 24 best: 258.2 mean: 301.8144278606965
gen: 25 best: 258.2 mean: 300.4452736318408
gen: 26 best: 258.2 mean: 300.3537313432836
gen: 27 best: 258.2 mean: 299.98258706467664
gen: 28 best: 258.2 mean: 300.0139303482587
gen: 29 best: 258.2 mean: 299.4417910447761
gen >30, new best = 257.200
gen: 30 best: 257.2 mean: 298.9562189054726
gen: 31 best: 257.2 mean: 298.0587064676617
gen >32, new best = 251.300
gen: 32 best: 251.3 mean: 297.107960199005
gen: 33 best: 251.3 mean: 297.4875621890547
gen: 34 best: 251.3 mean: 296.53432835820894
gen: 35 best: 251.3 mean: 294.5074626865672
gen: 36 best: 251.3 mean: 293.72985074626865
gen: 37 best: 251.3 mean: 294.28457711442786
gen: 38 best: 251.3 mean: 293.51044776119403
gen: 39 best: 251.3 mean: 293.5054726368159
gen: 40 best: 251.3 mean: 292.74328358208953
gen: 41 best: 251.3 mean: 291.27512437810947
gen >42, new best = 250.100
gen: 42 best: 250.1 mean: 291.3880597014925
gen: 43 best: 250.1 mean: 291.8223880597015
gen: 44 best: 250.1 mean: 291.10746268656715
gen: 45 best: 250.1 mean: 290.1721393034826
gen: 46 best: 250.1 mean: 289.9407960199005
gen: 47 best: 250.1 mean: 290.9582089552239
gen: 48 best: 250.1 mean: 288.2592039800995
gen >49, new best = 247.300
gen: 49 best: 247.3 mean: 288.69900497512435
gen: 50 best: 247.3 mean: 288.04875621890545
gen: 51 best: 247.3 mean: 287.3726368159204
gen: 52 best: 247.3 mean: 287.4562189054726
gen: 53 best: 247.3 mean: 286.7507462686567
gen: 54 best: 247.3 mean: 287.9890547263682
gen: 55 best: 247.3 mean: 286.5258706467662
gen: 56 best: 247.3 mean: 286.05721393034827
gen: 57 best: 247.3 mean: 286.1577114427861
gen: 58 best: 247.3 mean: 285.9432835820896
gen: 59 best: 247.3 mean: 285.4358208955224
gen: 60 best: 247.3 mean: 285.83830845771143
gen: 61 best: 247.3 mean: 284.8771144278607
gen: 62 best: 247.3 mean: 283.61592039800996
gen: 63 best: 247.3 mean: 284.7562189054726
gen: 64 best: 247.3 mean: 282.56517412935324
gen >65, new best = 245.700
gen: 65 best: 245.7 mean: 284.56517412935324
gen >66, new best = 243.000
gen: 66 best: 243.0 mean: 283.00298507462685
gen: 67 best: 243.0 mean: 283.84776119402983
gen: 68 best: 243.0 mean: 284.22437810945274
gen: 69 best: 243.0 mean: 281.6273631840796
gen: 70 best: 243.0 mean: 282.21492537313435
gen: 71 best: 243.0 mean: 281.2328358208955
gen: 72 best: 243.0 mean: 281.45124378109455
gen: 73 best: 243.0 mean: 280.89452736318407
gen: 74 best: 243.0 mean: 280.30646766169156
gen: 75 best: 243.0 mean: 279.8721393034826
gen: 76 best: 243.0 mean: 279.70049751243783
gen >77, new best = 241.500
gen: 77 best: 241.5 mean: 279.573631840796
gen: 78 best: 241.5 mean: 279.1796019900498
gen: 79 best: 241.5 mean: 279.89104477611943
gen: 80 best: 241.5 mean: 278.5810945273632
gen: 81 best: 241.5 mean: 277.5407960199005
gen >82, new best = 227.300
gen: 82 best: 227.3 mean: 278.3726368159204
gen: 83 best: 227.3 mean: 278.3950248756219
gen: 84 best: 227.3 mean: 278.2452736318408
gen: 85 best: 227.3 mean: 278.56865671641793
gen: 86 best: 227.3 mean: 278.17164179104475
gen: 87 best: 227.3 mean: 278.4925373134328
gen: 88 best: 227.3 mean: 277.97014925373134
gen: 89 best: 227.3 mean: 278.23731343283583
gen: 90 best: 227.3 mean: 278.1756218905473
gen: 91 best: 227.3 mean: 277.09303482587063
gen: 92 best: 227.3 mean: 276.84726368159204
gen: 93 best: 227.3 mean: 278.84278606965177
gen: 94 best: 227.3 mean: 276.97910447761194
gen: 95 best: 227.3 mean: 276.98059701492537
gen: 96 best: 227.3 mean: 277.5313432835821
gen: 97 best: 227.3 mean: 277.5661691542289
gen: 98 best: 227.3 mean: 275.5716417910448
gen: 99 best: 227.3 mean: 276.71343283582087
[12, 8, 12, 11, 10, 11, 10, 11, 11, 10, 12, 10, 14, 9, 11, 14, 11, 9, 11, 10, 11, 14, 10, 11, 10, 9, 11, 12, 10, 9, 12, 12, 10, 13, 11, 11, 8]
Test count of edges: 1579
cat
