Defaulting to user installation because normal site-packages is not writeable
Looking in links: /cvmfs/soft.computecanada.ca/custom/python/wheelhouse/gentoo/avx2, /cvmfs/soft.computecanada.ca/custom/python/wheelhouse/gentoo/generic, /cvmfs/soft.computecanada.ca/custom/python/wheelhouse/generic
Requirement already satisfied: graphviz in /home/js17sy/.local/lib/python3.10/site-packages (0.20)
162; python ga.py 18 1024N_graph18.dat 0.025 0.01 0.7 0.9 0.1 201 1024N_graph18strictgen3rem70_ 342732
/project/6008788/js17sy/reopenga/1024a/ga.py:291: DeprecationWarning: Sampling from a set deprecated
since Python 3.9 and will be removed in a subsequent version.
  child1 = set(random.sample(
gen >0, new best = 568.800
gen >0, new best = 565.400
gen >0, new best = 556.500
gen >0, new best = 546.900
gen >0, new best = 442.600
gen: 0 best: 442.6 mean: 573.3970149253731
gen: 1 best: 442.6 mean: 565.0686567164179
gen: 2 best: 442.6 mean: 564.6686567164179
gen: 3 best: 442.6 mean: 557.6980099502488
gen: 4 best: 442.6 mean: 563.7427860696517
gen: 5 best: 442.6 mean: 556.5487562189055
gen: 6 best: 442.6 mean: 550.0199004975125
gen >7, new best = 408.300
gen: 7 best: 408.3 mean: 549.055223880597
gen: 8 best: 408.3 mean: 550.3696517412935
gen: 9 best: 408.3 mean: 535.0412935323383
gen: 10 best: 408.3 mean: 537.4930348258706
gen: 11 best: 408.3 mean: 534.0895522388059
gen: 12 best: 408.3 mean: 529.2577114427861
gen: 13 best: 408.3 mean: 528.6781094527363
gen: 14 best: 408.3 mean: 525.628855721393
gen: 15 best: 408.3 mean: 521.1905472636815
gen: 16 best: 408.3 mean: 517.4109452736318
gen: 17 best: 408.3 mean: 514.181592039801
gen: 18 best: 408.3 mean: 511.8502487562189
gen: 19 best: 408.3 mean: 512.9671641791044
gen: 20 best: 408.3 mean: 507.33084577114425
gen: 21 best: 408.3 mean: 508.8681592039801
gen: 22 best: 408.3 mean: 506.7159203980099
gen >23, new best = 406.500
gen: 23 best: 406.5 mean: 504.9213930348259
gen: 24 best: 406.5 mean: 505.6358208955224
gen: 25 best: 406.5 mean: 502.7049751243781
gen: 26 best: 406.5 mean: 504.99701492537315
gen: 27 best: 406.5 mean: 503.60199004975124
gen: 28 best: 406.5 mean: 498.85771144278607
gen >29, new best = 403.500
gen: 29 best: 403.5 mean: 497.3482587064677
gen: 30 best: 403.5 mean: 498.7582089552239
gen >31, new best = 384.400
gen: 31 best: 384.4 mean: 494.981592039801
gen: 32 best: 384.4 mean: 496.95522388059703
gen: 33 best: 384.4 mean: 494.07412935323384
gen: 34 best: 384.4 mean: 497.5407960199005
gen: 35 best: 384.4 mean: 492.65472636815923
gen: 36 best: 384.4 mean: 493.83980099502486
gen: 37 best: 384.4 mean: 493.6129353233831
gen: 38 best: 384.4 mean: 490.85970149253734
gen: 39 best: 384.4 mean: 486.2233830845771
gen: 40 best: 384.4 mean: 493.66616915422884
gen: 41 best: 384.4 mean: 490.781592039801
gen: 42 best: 384.4 mean: 486.42935323383085
gen: 43 best: 384.4 mean: 486.1009950248756
gen: 44 best: 384.4 mean: 485.76965174129356
gen: 45 best: 384.4 mean: 483.7054726368159
gen: 46 best: 384.4 mean: 485.3169154228856
gen: 47 best: 384.4 mean: 483.86019900497513
gen: 48 best: 384.4 mean: 481.3666666666667
gen: 49 best: 384.4 mean: 484.581592039801
gen: 50 best: 384.4 mean: 481.87810945273634
gen: 51 best: 384.4 mean: 481.55970149253733
gen: 52 best: 384.4 mean: 478.2034825870647
gen: 53 best: 384.4 mean: 478.3318407960199
gen: 54 best: 384.4 mean: 478.79800995024874
gen: 55 best: 384.4 mean: 481.16019900497514
gen: 56 best: 384.4 mean: 478.5442786069652
gen: 57 best: 384.4 mean: 477.1154228855721
gen: 58 best: 384.4 mean: 477.84378109452734
gen: 59 best: 384.4 mean: 475.5004975124378
gen: 60 best: 384.4 mean: 476.19502487562187
gen: 61 best: 384.4 mean: 476.7363184079602
gen: 62 best: 384.4 mean: 471.2134328358209
gen: 63 best: 384.4 mean: 473.2651741293532
gen: 64 best: 384.4 mean: 470.5766169154229
gen: 65 best: 384.4 mean: 471.8517412935323
gen: 66 best: 384.4 mean: 471.2582089552239
gen: 67 best: 384.4 mean: 472.4691542288557
gen: 68 best: 384.4 mean: 471.4273631840796
gen: 69 best: 384.4 mean: 469.99203980099503
gen: 70 best: 384.4 mean: 472.4925373134328
gen: 71 best: 384.4 mean: 468.02537313432833
gen: 72 best: 384.4 mean: 468.38557213930346
gen: 73 best: 384.4 mean: 469.81194029850747
gen: 74 best: 384.4 mean: 469.6980099502488
gen: 75 best: 384.4 mean: 469.926368159204
gen: 76 best: 384.4 mean: 466.27213930348256
gen: 77 best: 384.4 mean: 470.07562189054727
gen: 78 best: 384.4 mean: 466.5781094527363
gen: 79 best: 384.4 mean: 466.9278606965174
gen: 80 best: 384.4 mean: 463.5417910447761
gen: 81 best: 384.4 mean: 462.34378109452734
gen: 82 best: 384.4 mean: 464.07562189054727
gen: 83 best: 384.4 mean: 466.16567164179105
gen: 84 best: 384.4 mean: 461.6502487562189
gen >85, new best = 382.100
gen: 85 best: 382.1 mean: 465.00248756218906
gen: 86 best: 382.1 mean: 461.2512437810945
gen: 87 best: 382.1 mean: 465.1781094527363
gen: 88 best: 382.1 mean: 462.33482587064674
gen: 89 best: 382.1 mean: 460.0875621890547
gen: 90 best: 382.1 mean: 460.3353233830846
gen: 91 best: 382.1 mean: 461.72039800995026
gen: 92 best: 382.1 mean: 459.79950248756217
gen: 93 best: 382.1 mean: 463.8497512437811
gen: 94 best: 382.1 mean: 462.5164179104478
gen: 95 best: 382.1 mean: 458.7621890547264
gen: 96 best: 382.1 mean: 460.05572139303484
gen >97, new best = 380.300
gen: 97 best: 380.3 mean: 462.13432835820896
gen: 98 best: 380.3 mean: 457.0865671641791
gen: 99 best: 380.3 mean: 458.2358208955224
[9, 9, 9, 9, 9, 9, 9, 8, 8, 13, 11, 9, 9, 8, 10, 9, 10, 10, 8, 9, 12, 10, 11, 8, 9, 8, 8, 8, 8, 9, 9, 8, 10, 8, 9, 8, 11, 8, 10, 9, 9, 9, 9, 11, 11, 10]
Test count of edges: 1881
cat
