Defaulting to user installation because normal site-packages is not writeable
Looking in links: /cvmfs/soft.computecanada.ca/custom/python/wheelhouse/gentoo/avx2, /cvmfs/soft.computecanada.ca/custom/python/wheelhouse/gentoo/generic, /cvmfs/soft.computecanada.ca/custom/python/wheelhouse/generic
Requirement already satisfied: graphviz in /home/js17sy/.local/lib/python3.10/site-packages (0.20)
525; python ga.py 18 1024N_graph18.dat 0.075 0.03 0.7 0.9 0.1 201 1024N_graph18laxgen3rem70_ 428415
/project/6008788/js17sy/reopenga/1024a/ga.py:291: DeprecationWarning: Sampling from a set deprecated
since Python 3.9 and will be removed in a subsequent version.
  child1 = set(random.sample(
gen >0, new best = 670.000
gen >0, new best = 619.800
gen >0, new best = 612.500
gen >0, new best = 611.700
gen >0, new best = 601.800
gen >0, new best = 591.800
gen >0, new best = 583.400
gen: 0 best: 583.4 mean: 651.6587064676617
gen >1, new best = 559.800
gen: 1 best: 559.8 mean: 643.6880597014925
gen: 2 best: 559.8 mean: 638.718407960199
gen >3, new best = 532.600
gen: 3 best: 532.6 mean: 633.8398009950249
gen: 4 best: 532.6 mean: 629.7850746268657
gen: 5 best: 532.6 mean: 629.5462686567164
gen: 6 best: 532.6 mean: 627.702487562189
gen: 7 best: 532.6 mean: 622.0049751243781
gen: 8 best: 532.6 mean: 620.2671641791045
gen: 9 best: 532.6 mean: 618.6492537313433
gen >10, new best = 531.100
gen: 10 best: 531.1 mean: 612.1462686567164
gen: 11 best: 531.1 mean: 610.8885572139303
gen: 12 best: 531.1 mean: 608.2701492537313
gen: 13 best: 531.1 mean: 604.2542288557214
gen >14, new best = 523.600
gen: 14 best: 523.6 mean: 602.1129353233831
gen: 15 best: 523.6 mean: 597.6830845771144
gen: 16 best: 523.6 mean: 595.9562189054726
gen: 17 best: 523.6 mean: 592.1875621890547
gen: 18 best: 523.6 mean: 592.9
gen >19, new best = 523.400
gen: 19 best: 523.4 mean: 593.5900497512438
gen >20, new best = 521.900
gen: 20 best: 521.9 mean: 589.8004975124378
gen: 21 best: 521.9 mean: 587.2676616915423
gen >22, new best = 500.400
gen: 22 best: 500.4 mean: 584.5457711442787
gen: 23 best: 500.4 mean: 583.5094527363184
gen: 24 best: 500.4 mean: 581.655223880597
gen: 25 best: 500.4 mean: 582.6139303482587
gen: 26 best: 500.4 mean: 577.1348258706468
gen >27, new best = 496.600
gen: 27 best: 496.6 mean: 576.7766169154229
gen >28, new best = 492.100
gen: 28 best: 492.1 mean: 575.4323383084577
gen: 29 best: 492.1 mean: 574.3905472636816
gen: 30 best: 492.1 mean: 573.5965174129353
gen: 31 best: 492.1 mean: 574.9303482587064
gen: 32 best: 492.1 mean: 573.8646766169154
gen >33, new best = 481.400
gen: 33 best: 481.4 mean: 571.2497512437811
gen: 34 best: 481.4 mean: 570.760696517413
gen: 35 best: 481.4 mean: 567.9592039800995
gen: 36 best: 481.4 mean: 569.5228855721393
gen: 37 best: 481.4 mean: 571.3149253731343
gen: 38 best: 481.4 mean: 566.6477611940298
gen: 39 best: 481.4 mean: 567.0875621890548
gen: 40 best: 481.4 mean: 564.5159203980099
gen: 41 best: 481.4 mean: 564.5905472636816
gen: 42 best: 481.4 mean: 563.3089552238806
gen: 43 best: 481.4 mean: 560.4393034825871
gen: 44 best: 481.4 mean: 563.5179104477612
gen: 45 best: 481.4 mean: 559.3467661691542
gen: 46 best: 481.4 mean: 559.389552238806
gen >47, new best = 469.700
gen: 47 best: 469.7 mean: 557.965671641791
gen: 48 best: 469.7 mean: 553.6537313432835
gen >49, new best = 462.900
gen: 49 best: 462.9 mean: 557.5412935323383
gen: 50 best: 462.9 mean: 556.2597014925373
gen: 51 best: 462.9 mean: 556.2029850746269
gen: 52 best: 462.9 mean: 555.1492537313433
gen: 53 best: 462.9 mean: 554.4029850746268
gen: 54 best: 462.9 mean: 554.0268656716418
gen: 55 best: 462.9 mean: 553.3786069651741
gen: 56 best: 462.9 mean: 553.9472636815921
gen: 57 best: 462.9 mean: 553.7646766169154
gen: 58 best: 462.9 mean: 553.4348258706468
gen: 59 best: 462.9 mean: 550.6402985074627
gen >60, new best = 451.700
gen: 60 best: 451.7 mean: 552.78407960199
gen: 61 best: 451.7 mean: 551.1009950248756
gen: 62 best: 451.7 mean: 549.4139303482588
gen: 63 best: 451.7 mean: 553.3094527363185
gen: 64 best: 451.7 mean: 551.531343283582
gen: 65 best: 451.7 mean: 549.2039800995025
gen: 66 best: 451.7 mean: 547.6875621890547
gen: 67 best: 451.7 mean: 550.2845771144279
gen: 68 best: 451.7 mean: 549.9004975124378
gen: 69 best: 451.7 mean: 547.4378109452737
gen: 70 best: 451.7 mean: 548.6925373134328
gen >71, new best = 447.800
gen: 71 best: 447.8 mean: 546.347263681592
gen: 72 best: 447.8 mean: 546.7288557213931
gen: 73 best: 447.8 mean: 546.2592039800995
gen: 74 best: 447.8 mean: 548.4731343283582
gen: 75 best: 447.8 mean: 546.5402985074627
gen: 76 best: 447.8 mean: 547.6432835820896
gen: 77 best: 447.8 mean: 545.3089552238806
gen: 78 best: 447.8 mean: 545.6676616915423
gen: 79 best: 447.8 mean: 543.2293532338308
gen: 80 best: 447.8 mean: 542.3323383084577
gen: 81 best: 447.8 mean: 542.7223880597015
gen: 82 best: 447.8 mean: 543.7199004975124
gen: 83 best: 447.8 mean: 544.1592039800995
gen: 84 best: 447.8 mean: 543.9716417910448
gen: 85 best: 447.8 mean: 542.618407960199
gen: 86 best: 447.8 mean: 543.2328358208955
gen: 87 best: 447.8 mean: 539.9442786069652
gen: 88 best: 447.8 mean: 542.2995024875622
gen: 89 best: 447.8 mean: 539.1651741293532
gen: 90 best: 447.8 mean: 542.7592039800995
gen: 91 best: 447.8 mean: 541.3154228855722
gen: 92 best: 447.8 mean: 542.5572139303482
gen: 93 best: 447.8 mean: 539.4124378109452
gen: 94 best: 447.8 mean: 542.1800995024876
gen: 95 best: 447.8 mean: 538.1442786069651
gen: 96 best: 447.8 mean: 539.8243781094527
gen >97, new best = 442.600
gen: 97 best: 442.6 mean: 538.4313432835821
gen: 98 best: 442.6 mean: 538.7243781094527
gen: 99 best: 442.6 mean: 540.8880597014926
[8, 8, 7, 7, 8, 9, 7, 7, 7, 9, 10, 7, 8, 7, 8, 9, 8, 8, 8, 7, 7, 7, 8, 7, 7, 7, 7, 9, 8, 8, 8, 8, 9, 8, 8, 7, 7, 8, 8, 7, 8, 8, 8, 7, 8, 8, 9, 8]
Test count of edges: 1882
cat
