Defaulting to user installation because normal site-packages is not writeable
Looking in links: /cvmfs/soft.computecanada.ca/custom/python/wheelhouse/gentoo/avx2, /cvmfs/soft.computecanada.ca/custom/python/wheelhouse/gentoo/generic, /cvmfs/soft.computecanada.ca/custom/python/wheelhouse/generic
Requirement already satisfied: graphviz in /home/js17sy/.local/lib/python3.10/site-packages (0.20)
493; python ga.py 18 1024N_graph18.dat 0.075 0.03 0.7 0.7 0.3 201 1024N_graph18laxgen2rem70_ 371293
/project/6008788/js17sy/reopenga/1024a/ga.py:291: DeprecationWarning: Sampling from a set deprecated
since Python 3.9 and will be removed in a subsequent version.
  child1 = set(random.sample(
gen >0, new best = 651.500
gen >0, new best = 647.200
gen >0, new best = 645.500
gen >0, new best = 638.300
gen >0, new best = 629.700
gen >0, new best = 617.200
gen >0, new best = 601.500
gen >0, new best = 579.400
gen: 0 best: 579.4 mean: 652.2054726368159
gen >1, new best = 574.100
gen: 1 best: 574.1 mean: 648.4243781094527
gen >2, new best = 573.200
gen: 2 best: 573.2 mean: 639.1701492537313
gen >3, new best = 536.900
gen: 3 best: 536.9 mean: 639.6293532338309
gen: 4 best: 536.9 mean: 635.6084577114428
gen: 5 best: 536.9 mean: 633.1109452736318
gen: 6 best: 536.9 mean: 630.6975124378109
gen: 7 best: 536.9 mean: 623.2049751243782
gen >8, new best = 529.800
gen: 8 best: 529.8 mean: 621.1343283582089
gen: 9 best: 529.8 mean: 619.4930348258706
gen: 10 best: 529.8 mean: 615.247263681592
gen: 11 best: 529.8 mean: 611.4199004975125
gen: 12 best: 529.8 mean: 610.1995024875622
gen: 13 best: 529.8 mean: 604.2915422885573
gen: 14 best: 529.8 mean: 604.3228855721393
gen: 15 best: 529.8 mean: 601.144776119403
gen >16, new best = 524.500
gen: 16 best: 524.5 mean: 597.5004975124378
gen >17, new best = 521.700
gen: 17 best: 521.7 mean: 594.9
gen >18, new best = 518.400
gen: 18 best: 518.4 mean: 594.5616915422886
gen: 19 best: 518.4 mean: 596.3019900497512
gen: 20 best: 518.4 mean: 592.0407960199005
gen: 21 best: 518.4 mean: 588.4223880597015
gen: 22 best: 518.4 mean: 587.328855721393
gen: 23 best: 518.4 mean: 583.3825870646766
gen >24, new best = 514.500
gen: 24 best: 514.5 mean: 582.8860696517413
gen >25, new best = 489.900
gen: 25 best: 489.9 mean: 577.8398009950249
gen: 26 best: 489.9 mean: 578.8034825870647
gen: 27 best: 489.9 mean: 574.9935323383085
gen: 28 best: 489.9 mean: 573.673631840796
gen: 29 best: 489.9 mean: 575.147263681592
gen: 30 best: 489.9 mean: 572.857711442786
gen >31, new best = 484.000
gen: 31 best: 484.0 mean: 568.3
gen >32, new best = 473.200
gen: 32 best: 473.2 mean: 568.1218905472637
gen: 33 best: 473.2 mean: 568.8089552238806
gen >34, new best = 450.400
gen: 34 best: 450.4 mean: 567.2407960199005
gen: 35 best: 450.4 mean: 566.3149253731343
gen: 36 best: 450.4 mean: 564.5278606965175
gen: 37 best: 450.4 mean: 562.2865671641791
gen: 38 best: 450.4 mean: 562.4582089552239
gen: 39 best: 450.4 mean: 562.881592039801
gen: 40 best: 450.4 mean: 563.6507462686567
gen: 41 best: 450.4 mean: 559.2144278606966
gen: 42 best: 450.4 mean: 557.4691542288557
gen: 43 best: 450.4 mean: 557.681592039801
gen: 44 best: 450.4 mean: 556.0069651741294
gen: 45 best: 450.4 mean: 558.4761194029851
gen: 46 best: 450.4 mean: 553.3845771144279
gen: 47 best: 450.4 mean: 555.5582089552239
gen: 48 best: 450.4 mean: 553.5243781094528
gen: 49 best: 450.4 mean: 554.8681592039801
gen: 50 best: 450.4 mean: 557.3164179104477
gen: 51 best: 450.4 mean: 553.7865671641791
gen: 52 best: 450.4 mean: 554.2985074626865
gen: 53 best: 450.4 mean: 554.7597014925374
gen: 54 best: 450.4 mean: 552.7268656716418
gen: 55 best: 450.4 mean: 553.8074626865672
gen: 56 best: 450.4 mean: 554.368656716418
gen: 57 best: 450.4 mean: 551.428855721393
gen: 58 best: 450.4 mean: 553.9298507462687
gen: 59 best: 450.4 mean: 555.7029850746269
gen: 60 best: 450.4 mean: 549.7512437810946
gen: 61 best: 450.4 mean: 551.5875621890548
gen: 62 best: 450.4 mean: 550.3278606965174
gen: 63 best: 450.4 mean: 552.0358208955224
gen: 64 best: 450.4 mean: 550.0258706467662
gen: 65 best: 450.4 mean: 548.1457711442786
gen: 66 best: 450.4 mean: 545.4676616915423
gen: 67 best: 450.4 mean: 546.889552238806
gen: 68 best: 450.4 mean: 546.428855721393
gen: 69 best: 450.4 mean: 546.1970149253731
gen: 70 best: 450.4 mean: 549.6716417910447
gen: 71 best: 450.4 mean: 547.8432835820895
gen: 72 best: 450.4 mean: 547.579104477612
gen: 73 best: 450.4 mean: 545.0830845771144
gen: 74 best: 450.4 mean: 547.1378109452736
gen: 75 best: 450.4 mean: 545.1626865671642
gen >76, new best = 447.000
gen: 76 best: 447.0 mean: 544.2771144278607
gen: 77 best: 447.0 mean: 545.187064676617
gen: 78 best: 447.0 mean: 544.3084577114428
gen: 79 best: 447.0 mean: 544.7223880597015
gen: 80 best: 447.0 mean: 542.5562189054726
gen: 81 best: 447.0 mean: 542.223880597015
gen: 82 best: 447.0 mean: 540.9686567164179
gen: 83 best: 447.0 mean: 540.8562189054726
gen: 84 best: 447.0 mean: 542.2517412935323
gen: 85 best: 447.0 mean: 540.4412935323384
gen: 86 best: 447.0 mean: 539.8845771144279
gen >87, new best = 446.800
gen: 87 best: 446.8 mean: 538.352736318408
gen: 88 best: 446.8 mean: 537.7233830845771
gen: 89 best: 446.8 mean: 538.7169154228856
gen: 90 best: 446.8 mean: 539.8522388059702
gen: 91 best: 446.8 mean: 537.0338308457711
gen: 92 best: 446.8 mean: 538.5393034825871
gen: 93 best: 446.8 mean: 537.3616915422886
gen: 94 best: 446.8 mean: 537.860696517413
gen: 95 best: 446.8 mean: 539.650248756219
gen: 96 best: 446.8 mean: 538.2099502487562
gen: 97 best: 446.8 mean: 538.9039800995025
gen: 98 best: 446.8 mean: 540.4616915422886
gen: 99 best: 446.8 mean: 537.6074626865671
[8, 9, 8, 7, 7, 7, 7, 8, 7, 7, 8, 8, 8, 10, 7, 9, 8, 8, 8, 7, 8, 9, 7, 7, 7, 7, 8, 7, 7, 7, 8, 8, 7, 7, 8, 7, 7, 9, 8, 8, 7, 8, 10, 7, 8, 8]
Test count of edges: 1897
cat
