Defaulting to user installation because normal site-packages is not writeable
Looking in links: /cvmfs/soft.computecanada.ca/custom/python/wheelhouse/gentoo/avx2, /cvmfs/soft.computecanada.ca/custom/python/wheelhouse/gentoo/generic, /cvmfs/soft.computecanada.ca/custom/python/wheelhouse/generic
Requirement already satisfied: graphviz in /home/js17sy/.local/lib/python3.10/site-packages (0.20)
673; python ga.py 18 1024N_graph18.dat 0.1 0.04 0.7 0.7 0.3 201 1024N_graph18leerygen2rem70_ 371293
/project/6008788/js17sy/reopenga/1024a/ga.py:291: DeprecationWarning: Sampling from a set deprecated
since Python 3.9 and will be removed in a subsequent version.
  child1 = set(random.sample(
gen >0, new best = 653.100
gen >0, new best = 632.100
gen >0, new best = 624.700
gen >0, new best = 596.000
gen >0, new best = 591.500
gen: 0 best: 591.5 mean: 650.176368159204
gen: 1 best: 591.5 mean: 648.5572139303482
gen >2, new best = 586.400
gen: 2 best: 586.4 mean: 645.1422885572139
gen >3, new best = 582.800
gen: 3 best: 582.8 mean: 644.392039800995
gen: 4 best: 582.8 mean: 642.1467661691543
gen >5, new best = 571.500
gen: 5 best: 571.5 mean: 644.0144278606965
gen >6, new best = 571.100
gen: 6 best: 571.1 mean: 643.2303482587065
gen: 7 best: 571.1 mean: 638.7945273631841
gen >8, new best = 565.100
gen: 8 best: 565.1 mean: 636.6646766169155
gen: 9 best: 565.1 mean: 637.5880597014925
gen >10, new best = 558.200
gen: 10 best: 558.2 mean: 634.2781094527363
gen: 11 best: 558.2 mean: 633.8512437810945
gen: 12 best: 558.2 mean: 631.1268656716418
gen: 13 best: 558.2 mean: 630.1
gen >14, new best = 540.700
gen: 14 best: 540.7 mean: 628.9477611940299
gen: 15 best: 540.7 mean: 628.2537313432836
gen: 16 best: 540.7 mean: 628.702487562189
gen: 17 best: 540.7 mean: 624.1626865671642
gen >18, new best = 536.000
gen: 18 best: 536.0 mean: 624.3666666666667
gen: 19 best: 536.0 mean: 624.6432835820896
gen: 20 best: 536.0 mean: 623.9253731343283
gen: 21 best: 536.0 mean: 624.6268656716418
gen: 22 best: 536.0 mean: 621.4412935323382
gen: 23 best: 536.0 mean: 619.7477611940299
gen: 24 best: 536.0 mean: 619.8845771144279
gen: 25 best: 536.0 mean: 619.2348258706468
gen: 26 best: 536.0 mean: 618.1835820895523
gen >27, new best = 527.100
gen >27, new best = 523.100
gen: 27 best: 523.1 mean: 615.871144278607
gen: 28 best: 523.1 mean: 616.9402985074627
gen: 29 best: 523.1 mean: 615.8796019900498
gen: 30 best: 523.1 mean: 612.2935323383084
gen: 31 best: 523.1 mean: 612.7417910447762
gen: 32 best: 523.1 mean: 613.4487562189055
gen: 33 best: 523.1 mean: 612.1348258706468
gen: 34 best: 523.1 mean: 611.3716417910448
gen >35, new best = 521.100
gen: 35 best: 521.1 mean: 607.6616915422885
gen: 36 best: 521.1 mean: 608.3194029850746
gen: 37 best: 521.1 mean: 610.4582089552239
gen: 38 best: 521.1 mean: 611.0179104477612
gen: 39 best: 521.1 mean: 609.4875621890548
gen: 40 best: 521.1 mean: 608.4507462686568
gen: 41 best: 521.1 mean: 608.755223880597
gen: 42 best: 521.1 mean: 609.497512437811
gen: 43 best: 521.1 mean: 606.9820895522388
gen: 44 best: 521.1 mean: 609.1482587064677
gen: 45 best: 521.1 mean: 606.2497512437811
gen: 46 best: 521.1 mean: 604.1611940298508
gen >47, new best = 506.600
gen: 47 best: 506.6 mean: 604.5452736318408
gen: 48 best: 506.6 mean: 603.1786069651741
gen: 49 best: 506.6 mean: 603.065671641791
gen: 50 best: 506.6 mean: 604.9174129353233
gen: 51 best: 506.6 mean: 603.276119402985
gen: 52 best: 506.6 mean: 604.0731343283583
gen: 53 best: 506.6 mean: 601.8696517412935
gen: 54 best: 506.6 mean: 602.4601990049752
gen >55, new best = 483.800
gen: 55 best: 483.8 mean: 599.5955223880597
gen: 56 best: 483.8 mean: 602.0407960199005
gen: 57 best: 483.8 mean: 602.8562189054726
gen: 58 best: 483.8 mean: 603.4388059701492
gen: 59 best: 483.8 mean: 600.481592039801
gen: 60 best: 483.8 mean: 601.3243781094527
gen: 61 best: 483.8 mean: 602.3890547263682
gen: 62 best: 483.8 mean: 600.7044776119403
gen: 63 best: 483.8 mean: 601.8039800995025
gen: 64 best: 483.8 mean: 598.7328358208955
gen: 65 best: 483.8 mean: 598.7875621890547
gen: 66 best: 483.8 mean: 597.6174129353234
gen: 67 best: 483.8 mean: 598.5721393034826
gen: 68 best: 483.8 mean: 599.9014925373134
gen: 69 best: 483.8 mean: 598.8487562189055
gen: 70 best: 483.8 mean: 599.0333333333333
gen: 71 best: 483.8 mean: 598.6293532338309
gen: 72 best: 483.8 mean: 600.4766169154229
gen: 73 best: 483.8 mean: 597.3388059701492
gen: 74 best: 483.8 mean: 598.9094527363184
gen: 75 best: 483.8 mean: 596.8144278606965
gen: 76 best: 483.8 mean: 598.7278606965174
gen: 77 best: 483.8 mean: 597.4094527363184
gen: 78 best: 483.8 mean: 597.3756218905472
gen: 79 best: 483.8 mean: 596.6318407960199
gen: 80 best: 483.8 mean: 597.4691542288557
gen: 81 best: 483.8 mean: 596.889552238806
gen: 82 best: 483.8 mean: 595.4726368159204
gen: 83 best: 483.8 mean: 597.1398009950249
gen: 84 best: 483.8 mean: 594.9572139303483
gen: 85 best: 483.8 mean: 595.349751243781
gen: 86 best: 483.8 mean: 593.3681592039801
gen: 87 best: 483.8 mean: 598.2825870646766
gen: 88 best: 483.8 mean: 593.9601990049752
gen: 89 best: 483.8 mean: 594.9303482587064
gen: 90 best: 483.8 mean: 596.9233830845772
gen: 91 best: 483.8 mean: 594.5009950248756
gen: 92 best: 483.8 mean: 594.8980099502487
gen: 93 best: 483.8 mean: 595.5547263681592
gen: 94 best: 483.8 mean: 592.8870646766169
gen: 95 best: 483.8 mean: 593.5328358208956
gen: 96 best: 483.8 mean: 592.8199004975124
gen: 97 best: 483.8 mean: 595.0203980099502
gen: 98 best: 483.8 mean: 592.505472636816
gen: 99 best: 483.8 mean: 594.3865671641792
[8, 8, 7, 7, 7, 7, 6, 7, 8, 7, 11, 7, 8, 7, 8, 7, 8, 8, 6, 7, 7, 7, 7, 7, 7, 7, 8, 7, 7, 10, 7, 7, 7, 8, 6, 7, 6, 7, 13, 7, 16, 6, 7, 7, 7, 9, 7, 11]
Test count of edges: 1888
cat
