Defaulting to user installation because normal site-packages is not writeable
Looking in links: /cvmfs/soft.computecanada.ca/custom/python/wheelhouse/gentoo/avx2, /cvmfs/soft.computecanada.ca/custom/python/wheelhouse/gentoo/generic, /cvmfs/soft.computecanada.ca/custom/python/wheelhouse/generic
Requirement already satisfied: graphviz in /home/js17sy/.local/lib/python3.10/site-packages (0.20)
247; python ga.py 18 1024N_graph18.dat 0.05 0.02 0.5 0.9 0.1 201 1024N_graph18mediumgen3rem50_ 199927
/project/6008788/js17sy/reopenga/1024a/ga.py:291: DeprecationWarning: Sampling from a set deprecated
since Python 3.9 and will be removed in a subsequent version.
  child1 = set(random.sample(
gen >0, new best = 662.600
gen >0, new best = 649.200
gen >0, new best = 643.400
gen >0, new best = 639.700
gen >0, new best = 637.400
gen >0, new best = 630.000
gen >0, new best = 616.400
gen >0, new best = 591.300
gen >0, new best = 576.500
gen: 0 best: 576.5 mean: 649.0296019900497
gen >1, new best = 575.500
gen: 1 best: 575.5 mean: 649.4955223880597
gen: 2 best: 575.5 mean: 647.9412935323382
gen >3, new best = 574.700
gen: 3 best: 574.7 mean: 647.1029850746269
gen >4, new best = 565.000
gen: 4 best: 565.0 mean: 645.5243781094528
gen: 5 best: 565.0 mean: 644.9303482587064
gen: 6 best: 565.0 mean: 643.289552238806
gen: 7 best: 565.0 mean: 641.8860696517413
gen: 8 best: 565.0 mean: 640.3980099502487
gen >9, new best = 561.900
gen: 9 best: 561.9 mean: 640.2313432835821
gen: 10 best: 561.9 mean: 640.9039800995025
gen >11, new best = 556.000
gen: 11 best: 556.0 mean: 639.2462686567164
gen: 12 best: 556.0 mean: 637.4597014925373
gen: 13 best: 556.0 mean: 638.6353233830846
gen: 14 best: 556.0 mean: 638.0009950248756
gen: 15 best: 556.0 mean: 638.4537313432836
gen: 16 best: 556.0 mean: 638.0059701492537
gen: 17 best: 556.0 mean: 637.0980099502488
gen: 18 best: 556.0 mean: 637.1995024875622
gen: 19 best: 556.0 mean: 635.5965174129353
gen: 20 best: 556.0 mean: 636.3353233830845
gen: 21 best: 556.0 mean: 634.3019900497512
gen: 22 best: 556.0 mean: 631.8452736318408
gen: 23 best: 556.0 mean: 632.528855721393
gen: 24 best: 556.0 mean: 632.7870646766169
gen: 25 best: 556.0 mean: 630.4651741293533
gen: 26 best: 556.0 mean: 630.752736318408
gen: 27 best: 556.0 mean: 631.1348258706468
gen: 28 best: 556.0 mean: 630.4537313432836
gen: 29 best: 556.0 mean: 630.8308457711443
gen: 30 best: 556.0 mean: 629.6537313432835
gen: 31 best: 556.0 mean: 629.9980099502487
gen: 32 best: 556.0 mean: 628.6422885572139
gen: 33 best: 556.0 mean: 627.6358208955224
gen: 34 best: 556.0 mean: 628.855223880597
gen: 35 best: 556.0 mean: 626.0398009950248
gen: 36 best: 556.0 mean: 624.5253731343283
gen >37, new best = 551.500
gen: 37 best: 551.5 mean: 625.4298507462687
gen >38, new best = 543.300
gen: 38 best: 543.3 mean: 624.202487562189
gen: 39 best: 543.3 mean: 625.1701492537313
gen: 40 best: 543.3 mean: 621.9537313432836
gen: 41 best: 543.3 mean: 621.5910447761194
gen >42, new best = 541.100
gen: 42 best: 541.1 mean: 621.5721393034826
gen: 43 best: 541.1 mean: 621.3616915422886
gen: 44 best: 541.1 mean: 623.0845771144278
gen: 45 best: 541.1 mean: 621.1363184079602
gen: 46 best: 541.1 mean: 620.1756218905473
gen: 47 best: 541.1 mean: 619.3850746268657
gen: 48 best: 541.1 mean: 619.0706467661691
gen: 49 best: 541.1 mean: 617.7034825870646
gen: 50 best: 541.1 mean: 618.1915422885572
gen: 51 best: 541.1 mean: 618.4477611940298
gen >52, new best = 535.600
gen: 52 best: 535.6 mean: 616.4970149253732
gen: 53 best: 535.6 mean: 617.2711442786069
gen: 54 best: 535.6 mean: 615.1213930348258
gen: 55 best: 535.6 mean: 615.5835820895522
gen: 56 best: 535.6 mean: 615.6865671641791
gen: 57 best: 535.6 mean: 615.444776119403
gen: 58 best: 535.6 mean: 614.8243781094527
gen: 59 best: 535.6 mean: 612.7054726368159
gen: 60 best: 535.6 mean: 612.836815920398
gen: 61 best: 535.6 mean: 612.7139303482587
gen: 62 best: 535.6 mean: 611.2089552238806
gen: 63 best: 535.6 mean: 611.2427860696517
gen: 64 best: 535.6 mean: 612.6850746268657
gen: 65 best: 535.6 mean: 609.5114427860697
gen: 66 best: 535.6 mean: 610.5870646766169
gen: 67 best: 535.6 mean: 611.8278606965174
gen: 68 best: 535.6 mean: 608.8880597014926
gen: 69 best: 535.6 mean: 607.5164179104478
gen: 70 best: 535.6 mean: 609.3298507462687
gen: 71 best: 535.6 mean: 607.2333333333333
gen: 72 best: 535.6 mean: 608.9925373134329
gen: 73 best: 535.6 mean: 609.2855721393034
gen: 74 best: 535.6 mean: 607.6049751243781
gen >75, new best = 534.600
gen: 75 best: 534.6 mean: 606.0572139303482
gen: 76 best: 534.6 mean: 606.1203980099502
gen: 77 best: 534.6 mean: 606.092039800995
gen: 78 best: 534.6 mean: 604.2099502487562
gen >79, new best = 532.900
gen >79, new best = 532.100
gen: 79 best: 532.1 mean: 604.6134328358208
gen: 80 best: 532.1 mean: 603.981592039801
gen: 81 best: 532.1 mean: 604.981592039801
gen: 82 best: 532.1 mean: 603.2621890547264
gen: 83 best: 532.1 mean: 604.4472636815921
gen: 84 best: 532.1 mean: 602.6641791044776
gen: 85 best: 532.1 mean: 602.0721393034826
gen: 86 best: 532.1 mean: 603.6890547263681
gen: 87 best: 532.1 mean: 604.355223880597
gen: 88 best: 532.1 mean: 602.7980099502488
gen: 89 best: 532.1 mean: 601.9746268656717
gen: 90 best: 532.1 mean: 602.1980099502488
gen >91, new best = 531.300
gen: 91 best: 531.3 mean: 601.8024875621891
gen: 92 best: 531.3 mean: 603.6497512437811
gen >93, new best = 529.000
gen: 93 best: 529.0 mean: 601.31592039801
gen: 94 best: 529.0 mean: 601.1398009950249
gen >95, new best = 522.500
gen: 95 best: 522.5 mean: 600.0114427860697
gen: 96 best: 522.5 mean: 600.6542288557214
gen: 97 best: 522.5 mean: 601.4457711442786
gen: 98 best: 522.5 mean: 599.5139303482587
gen: 99 best: 522.5 mean: 600.1467661691543
[9, 9, 9, 9, 9, 10, 9, 9, 10, 12, 11, 10, 9, 8, 10, 10, 9, 10, 9, 9, 9, 10, 9, 9, 10, 9, 9, 9, 9, 9, 9, 9, 11, 11, 11, 9, 9, 10, 11, 9, 10, 9, 8, 9, 10]
Test count of edges: 3129
cat
