Defaulting to user installation because normal site-packages is not writeable
Looking in links: /cvmfs/soft.computecanada.ca/custom/python/wheelhouse/gentoo/avx2, /cvmfs/soft.computecanada.ca/custom/python/wheelhouse/gentoo/generic, /cvmfs/soft.computecanada.ca/custom/python/wheelhouse/generic
Requirement already satisfied: graphviz in /home/js17sy/.local/lib/python3.10/site-packages (0.20)
260; python ga.py 18 1024N_graph18.dat 0.05 0.02 0.5 0.9 0.1 201 1024N_graph18mediumgen3rem50_ 571220
/project/6008788/js17sy/reopenga/1024a/ga.py:291: DeprecationWarning: Sampling from a set deprecated
since Python 3.9 and will be removed in a subsequent version.
  child1 = set(random.sample(
gen >0, new best = 639.400
gen >0, new best = 627.500
gen >0, new best = 626.800
gen >0, new best = 616.600
gen >0, new best = 597.600
gen >0, new best = 567.400
gen: 0 best: 567.4 mean: 648.9634328358209
gen: 1 best: 567.4 mean: 649.9248756218906
gen: 2 best: 567.4 mean: 648.6582089552239
gen: 3 best: 567.4 mean: 648.844776119403
gen: 4 best: 567.4 mean: 647.5940298507463
gen: 5 best: 567.4 mean: 646.0487562189055
gen: 6 best: 567.4 mean: 645.5
gen: 7 best: 567.4 mean: 644.3522388059702
gen: 8 best: 567.4 mean: 643.9855721393035
gen: 9 best: 567.4 mean: 641.7776119402985
gen: 10 best: 567.4 mean: 642.7248756218905
gen >11, new best = 564.200
gen: 11 best: 564.2 mean: 638.6985074626866
gen: 12 best: 564.2 mean: 640.371144278607
gen: 13 best: 564.2 mean: 638.4318407960199
gen: 14 best: 564.2 mean: 638.3562189054726
gen: 15 best: 564.2 mean: 637.0661691542289
gen >16, new best = 562.900
gen: 16 best: 562.9 mean: 635.5706467661691
gen: 17 best: 562.9 mean: 636.4338308457711
gen >18, new best = 562.000
gen: 18 best: 562.0 mean: 634.0805970149254
gen: 19 best: 562.0 mean: 635.3502487562189
gen: 20 best: 562.0 mean: 635.7656716417911
gen: 21 best: 562.0 mean: 634.1731343283582
gen >22, new best = 549.800
gen: 22 best: 549.8 mean: 632.4950248756219
gen: 23 best: 549.8 mean: 631.4686567164179
gen: 24 best: 549.8 mean: 631.0228855721393
gen: 25 best: 549.8 mean: 631.0044776119403
gen: 26 best: 549.8 mean: 630.2457711442786
gen: 27 best: 549.8 mean: 630.2905472636816
gen: 28 best: 549.8 mean: 627.8069651741293
gen: 29 best: 549.8 mean: 626.1492537313433
gen: 30 best: 549.8 mean: 626.3905472636816
gen: 31 best: 549.8 mean: 625.7323383084577
gen: 32 best: 549.8 mean: 625.4965174129353
gen: 33 best: 549.8 mean: 624.7039800995025
gen: 34 best: 549.8 mean: 623.852736318408
gen: 35 best: 549.8 mean: 623.436815920398
gen: 36 best: 549.8 mean: 620.9721393034825
gen: 37 best: 549.8 mean: 621.9756218905472
gen >38, new best = 545.100
gen: 38 best: 545.1 mean: 619.1532338308458
gen: 39 best: 545.1 mean: 619.8412935323383
gen: 40 best: 545.1 mean: 619.0601990049752
gen: 41 best: 545.1 mean: 616.8417910447761
gen: 42 best: 545.1 mean: 616.9004975124378
gen: 43 best: 545.1 mean: 616.1353233830846
gen: 44 best: 545.1 mean: 617.0905472636816
gen >45, new best = 544.900
gen: 45 best: 544.9 mean: 617.8258706467661
gen: 46 best: 544.9 mean: 616.5616915422886
gen: 47 best: 544.9 mean: 614.4393034825871
gen >48, new best = 543.100
gen >48, new best = 536.900
gen: 48 best: 536.9 mean: 613.9601990049752
gen: 49 best: 536.9 mean: 614.0995024875622
gen: 50 best: 536.9 mean: 614.0562189054726
gen >51, new best = 480.700
gen: 51 best: 480.7 mean: 612.5014925373134
gen: 52 best: 480.7 mean: 612.6865671641791
gen: 53 best: 480.7 mean: 611.1223880597015
gen: 54 best: 480.7 mean: 609.6606965174129
gen: 55 best: 480.7 mean: 608.2636815920398
gen: 56 best: 480.7 mean: 609.9039800995025
gen: 57 best: 480.7 mean: 608.8820895522388
gen: 58 best: 480.7 mean: 608.3298507462687
gen: 59 best: 480.7 mean: 608.2208955223881
gen: 60 best: 480.7 mean: 606.9487562189055
gen: 61 best: 480.7 mean: 607.4487562189055
gen: 62 best: 480.7 mean: 605.6776119402984
gen: 63 best: 480.7 mean: 606.5786069651741
gen: 64 best: 480.7 mean: 604.9467661691542
gen: 65 best: 480.7 mean: 603.9109452736318
gen: 66 best: 480.7 mean: 604.6691542288557
gen: 67 best: 480.7 mean: 603.0686567164179
gen: 68 best: 480.7 mean: 603.2786069651742
gen: 69 best: 480.7 mean: 602.8681592039801
gen: 70 best: 480.7 mean: 604.2328358208955
gen: 71 best: 480.7 mean: 602.3323383084577
gen: 72 best: 480.7 mean: 601.3507462686567
gen: 73 best: 480.7 mean: 602.1567164179105
gen: 74 best: 480.7 mean: 599.965671641791
gen: 75 best: 480.7 mean: 600.5114427860697
gen: 76 best: 480.7 mean: 599.9203980099503
gen: 77 best: 480.7 mean: 598.8134328358209
gen: 78 best: 480.7 mean: 597.6039800995025
gen: 79 best: 480.7 mean: 597.9995024875622
gen: 80 best: 480.7 mean: 597.0004975124378
gen: 81 best: 480.7 mean: 598.2054726368159
gen: 82 best: 480.7 mean: 599.0492537313432
gen: 83 best: 480.7 mean: 597.9293532338309
gen: 84 best: 480.7 mean: 595.5577114427861
gen: 85 best: 480.7 mean: 595.181592039801
gen: 86 best: 480.7 mean: 595.044776119403
gen: 87 best: 480.7 mean: 594.0577114427861
gen: 88 best: 480.7 mean: 594.3084577114428
gen: 89 best: 480.7 mean: 593.349751243781
gen: 90 best: 480.7 mean: 594.6631840796019
gen: 91 best: 480.7 mean: 595.2592039800995
gen: 92 best: 480.7 mean: 594.6805970149254
gen: 93 best: 480.7 mean: 594.3164179104477
gen: 94 best: 480.7 mean: 592.0611940298508
gen: 95 best: 480.7 mean: 592.5278606965175
gen: 96 best: 480.7 mean: 592.3955223880597
gen: 97 best: 480.7 mean: 591.3980099502487
gen: 98 best: 480.7 mean: 591.8945273631841
gen: 99 best: 480.7 mean: 591.4233830845772
[9, 10, 10, 9, 9, 9, 9, 10, 10, 9, 12, 9, 8, 9, 9, 11, 10, 10, 9, 9, 8, 10, 9, 9, 9, 9, 8, 10, 15, 9, 9, 9, 9, 9, 9, 10, 9, 8, 8, 8, 9, 9, 9, 8, 9]
Test count of edges: 3126
cat
