Defaulting to user installation because normal site-packages is not writeable
Looking in links: /cvmfs/soft.computecanada.ca/custom/python/wheelhouse/gentoo/avx2, /cvmfs/soft.computecanada.ca/custom/python/wheelhouse/gentoo/generic, /cvmfs/soft.computecanada.ca/custom/python/wheelhouse/generic
Requirement already satisfied: graphviz in /home/js17sy/.local/lib/python3.10/site-packages (0.20)
401; python ga.py 18 1024N_graph18.dat 0.075 0.03 0.5 0.7 0.3 201 1024N_graph18laxgen2rem50_ 314171
/project/6008788/js17sy/reopenga/1024a/ga.py:291: DeprecationWarning: Sampling from a set deprecated
since Python 3.9 and will be removed in a subsequent version.
  child1 = set(random.sample(
gen >0, new best = 666.500
gen >0, new best = 645.300
gen >0, new best = 644.900
gen: 0 best: 644.9 mean: 669.6136815920398
gen >1, new best = 607.700
gen >1, new best = 605.700
gen: 1 best: 605.7 mean: 666.6238805970149
gen: 2 best: 605.7 mean: 667.397512437811
gen >3, new best = 585.500
gen: 3 best: 585.5 mean: 666.518407960199
gen: 4 best: 585.5 mean: 666.9557213930349
gen >5, new best = 584.300
gen: 5 best: 584.3 mean: 665.5721393034826
gen: 6 best: 584.3 mean: 666.8532338308457
gen >7, new best = 580.200
gen: 7 best: 580.2 mean: 662.9960199004975
gen >8, new best = 578.500
gen: 8 best: 578.5 mean: 661.8233830845771
gen: 9 best: 578.5 mean: 663.0771144278607
gen: 10 best: 578.5 mean: 660.5174129353234
gen: 11 best: 578.5 mean: 661.3
gen: 12 best: 578.5 mean: 659.4651741293533
gen: 13 best: 578.5 mean: 659.2353233830846
gen: 14 best: 578.5 mean: 658.7477611940299
gen: 15 best: 578.5 mean: 657.0228855721393
gen: 16 best: 578.5 mean: 656.981592039801
gen: 17 best: 578.5 mean: 655.0636815920398
gen: 18 best: 578.5 mean: 656.2174129353234
gen: 19 best: 578.5 mean: 655.189552238806
gen: 20 best: 578.5 mean: 655.0572139303482
gen: 21 best: 578.5 mean: 654.1756218905473
gen: 22 best: 578.5 mean: 652.5686567164179
gen: 23 best: 578.5 mean: 652.8960199004975
gen: 24 best: 578.5 mean: 652.9049751243781
gen: 25 best: 578.5 mean: 653.4199004975125
gen: 26 best: 578.5 mean: 652.8069651741293
gen: 27 best: 578.5 mean: 652.6417910447761
gen >28, new best = 576.700
gen: 28 best: 576.7 mean: 649.2194029850747
gen >29, new best = 573.400
gen: 29 best: 573.4 mean: 649.5925373134328
gen >30, new best = 565.800
gen: 30 best: 565.8 mean: 647.1646766169155
gen: 31 best: 565.8 mean: 648.9139303482588
gen: 32 best: 565.8 mean: 648.0641791044776
gen: 33 best: 565.8 mean: 646.3562189054726
gen: 34 best: 565.8 mean: 646.1213930348258
gen >35, new best = 565.200
gen: 35 best: 565.2 mean: 645.9980099502487
gen: 36 best: 565.2 mean: 647.2388059701492
gen: 37 best: 565.2 mean: 645.4925373134329
gen: 38 best: 565.2 mean: 645.1318407960199
gen: 39 best: 565.2 mean: 646.0781094527363
gen: 40 best: 565.2 mean: 643.2402985074627
gen: 41 best: 565.2 mean: 645.044776119403
gen: 42 best: 565.2 mean: 643.1134328358208
gen: 43 best: 565.2 mean: 642.581592039801
gen: 44 best: 565.2 mean: 642.0378109452736
gen: 45 best: 565.2 mean: 643.5616915422886
gen: 46 best: 565.2 mean: 643.1417910447761
gen: 47 best: 565.2 mean: 642.7502487562189
gen >48, new best = 557.200
gen: 48 best: 557.2 mean: 641.810447761194
gen: 49 best: 557.2 mean: 639.5741293532338
gen: 50 best: 557.2 mean: 639.0129353233831
gen >51, new best = 554.700
gen: 51 best: 554.7 mean: 638.502487562189
gen: 52 best: 554.7 mean: 640.2059701492537
gen: 53 best: 554.7 mean: 638.0442786069651
gen: 54 best: 554.7 mean: 638.4830845771145
gen: 55 best: 554.7 mean: 637.0457711442787
gen: 56 best: 554.7 mean: 637.6338308457712
gen: 57 best: 554.7 mean: 636.5477611940298
gen: 58 best: 554.7 mean: 636.0233830845771
gen: 59 best: 554.7 mean: 634.7149253731343
gen: 60 best: 554.7 mean: 634.6716417910447
gen: 61 best: 554.7 mean: 634.3955223880597
gen >62, new best = 551.700
gen: 62 best: 551.7 mean: 632.7174129353234
gen: 63 best: 551.7 mean: 633.9268656716417
gen: 64 best: 551.7 mean: 632.6567164179105
gen >65, new best = 551.300
gen: 65 best: 551.3 mean: 632.6228855721394
gen: 66 best: 551.3 mean: 632.2283582089552
gen: 67 best: 551.3 mean: 631.9925373134329
gen >68, new best = 545.800
gen: 68 best: 545.8 mean: 629.9059701492537
gen: 69 best: 545.8 mean: 630.1636815920398
gen: 70 best: 545.8 mean: 630.6094527363184
gen: 71 best: 545.8 mean: 629.6721393034826
gen: 72 best: 545.8 mean: 629.0099502487562
gen: 73 best: 545.8 mean: 629.1174129353234
gen: 74 best: 545.8 mean: 628.9223880597015
gen: 75 best: 545.8 mean: 628.0149253731344
gen: 76 best: 545.8 mean: 626.4243781094527
gen >77, new best = 542.300
gen: 77 best: 542.3 mean: 628.1522388059701
gen >78, new best = 519.900
gen: 78 best: 519.9 mean: 627.3139303482587
gen: 79 best: 519.9 mean: 628.0223880597015
gen: 80 best: 519.9 mean: 628.044776119403
gen: 81 best: 519.9 mean: 626.118407960199
gen: 82 best: 519.9 mean: 624.8696517412935
gen: 83 best: 519.9 mean: 626.1741293532339
gen: 84 best: 519.9 mean: 626.0975124378109
gen: 85 best: 519.9 mean: 624.1467661691543
gen: 86 best: 519.9 mean: 625.7467661691543
gen: 87 best: 519.9 mean: 624.5139303482587
gen: 88 best: 519.9 mean: 625.5577114427861
gen: 89 best: 519.9 mean: 624.5
gen >90, new best = 517.800
gen: 90 best: 517.8 mean: 624.5542288557214
gen: 91 best: 517.8 mean: 623.6029850746269
gen: 92 best: 517.8 mean: 626.1358208955224
gen: 93 best: 517.8 mean: 625.4900497512438
gen: 94 best: 517.8 mean: 624.868656716418
gen: 95 best: 517.8 mean: 624.8885572139303
gen: 96 best: 517.8 mean: 624.9825870646766
gen: 97 best: 517.8 mean: 622.3507462686567
gen: 98 best: 517.8 mean: 622.3089552238806
gen: 99 best: 517.8 mean: 623.5706467661691
[9, 8, 8, 8, 11, 10, 9, 9, 8, 8, 9, 9, 9, 10, 8, 9, 8, 8, 9, 9, 9, 9, 8, 13, 9, 8, 8, 9, 9, 8, 9, 9, 8, 8, 8, 9, 9, 9, 9, 8, 9, 8, 9, 8, 9, 8, 8]
Test count of edges: 3147
cat
