Defaulting to user installation because normal site-packages is not writeable
Looking in links: /cvmfs/soft.computecanada.ca/custom/python/wheelhouse/gentoo/avx2, /cvmfs/soft.computecanada.ca/custom/python/wheelhouse/gentoo/generic, /cvmfs/soft.computecanada.ca/custom/python/wheelhouse/generic
Requirement already satisfied: graphviz in /home/js17sy/.local/lib/python3.10/site-packages (0.20)
597; python ga.py 18 1024N_graph18.dat 0.1 0.04 0.5 0.7 0.3 201 1024N_graph18leerygen2rem50_ 771147
/project/6008788/js17sy/reopenga/1024a/ga.py:291: DeprecationWarning: Sampling from a set deprecated
since Python 3.9 and will be removed in a subsequent version.
  child1 = set(random.sample(
gen >0, new best = 691.000
gen >0, new best = 689.700
gen >0, new best = 677.200
gen >0, new best = 637.000
gen: 0 best: 637.0 mean: 706.0298507462686
gen >1, new best = 622.900
gen: 1 best: 622.9 mean: 704.5233830845771
gen: 2 best: 622.9 mean: 705.4980099502487
gen: 3 best: 622.9 mean: 704.8955223880597
gen >4, new best = 618.300
gen: 4 best: 618.3 mean: 703.2462686567164
gen: 5 best: 618.3 mean: 702.781592039801
gen: 6 best: 618.3 mean: 702.9144278606965
gen: 7 best: 618.3 mean: 701.4203980099502
gen >8, new best = 617.900
gen: 8 best: 617.9 mean: 701.687064676617
gen: 9 best: 617.9 mean: 700.8383084577115
gen: 10 best: 617.9 mean: 701.292039800995
gen: 11 best: 617.9 mean: 700.1676616915423
gen: 12 best: 617.9 mean: 699.1089552238806
gen: 13 best: 617.9 mean: 698.9761194029851
gen: 14 best: 617.9 mean: 699.8054726368159
gen: 15 best: 617.9 mean: 698.5233830845771
gen >16, new best = 617.600
gen: 16 best: 617.6 mean: 697.5353233830846
gen: 17 best: 617.6 mean: 697.2995024875622
gen >18, new best = 616.300
gen: 18 best: 616.3 mean: 697.7134328358209
gen: 19 best: 616.3 mean: 694.7726368159204
gen: 20 best: 616.3 mean: 694.7039800995025
gen: 21 best: 616.3 mean: 695.1517412935324
gen: 22 best: 616.3 mean: 694.836815920398
gen: 23 best: 616.3 mean: 692.9890547263682
gen >24, new best = 611.300
gen: 24 best: 611.3 mean: 693.2601990049751
gen >25, new best = 610.800
gen: 25 best: 610.8 mean: 692.3044776119403
gen: 26 best: 610.8 mean: 692.7995024875622
gen: 27 best: 610.8 mean: 693.5497512437811
gen >28, new best = 603.500
gen: 28 best: 603.5 mean: 689.4517412935323
gen: 29 best: 603.5 mean: 689.579104477612
gen: 30 best: 603.5 mean: 691.9950248756219
gen: 31 best: 603.5 mean: 689.2044776119403
gen >32, new best = 599.700
gen: 32 best: 599.7 mean: 689.7164179104477
gen >33, new best = 561.200
gen: 33 best: 561.2 mean: 689.8726368159204
gen: 34 best: 561.2 mean: 688.8990049751244
gen: 35 best: 561.2 mean: 689.6189054726368
gen: 36 best: 561.2 mean: 688.1039800995025
gen: 37 best: 561.2 mean: 687.0114427860697
gen: 38 best: 561.2 mean: 686.7203980099503
gen: 39 best: 561.2 mean: 687.3502487562189
gen: 40 best: 561.2 mean: 687.7502487562189
gen: 41 best: 561.2 mean: 686.2935323383084
gen: 42 best: 561.2 mean: 688.581592039801
gen: 43 best: 561.2 mean: 684.739303482587
gen: 44 best: 561.2 mean: 684.5134328358209
gen: 45 best: 561.2 mean: 684.2706467661692
gen: 46 best: 561.2 mean: 684.1830845771144
gen: 47 best: 561.2 mean: 683.7477611940299
gen: 48 best: 561.2 mean: 683.3696517412935
gen: 49 best: 561.2 mean: 682.5676616915423
gen: 50 best: 561.2 mean: 681.6562189054727
gen: 51 best: 561.2 mean: 681.9935323383085
gen: 52 best: 561.2 mean: 680.9268656716417
gen: 53 best: 561.2 mean: 681.4213930348259
gen: 54 best: 561.2 mean: 682.2124378109453
gen: 55 best: 561.2 mean: 678.9
gen: 56 best: 561.2 mean: 680.4308457711443
gen: 57 best: 561.2 mean: 678.6522388059701
gen: 58 best: 561.2 mean: 678.4218905472637
gen: 59 best: 561.2 mean: 677.0009950248756
gen: 60 best: 561.2 mean: 678.3716417910448
gen: 61 best: 561.2 mean: 678.5119402985075
gen: 62 best: 561.2 mean: 679.2616915422885
gen: 63 best: 561.2 mean: 679.8592039800996
gen: 64 best: 561.2 mean: 678.6328358208955
gen: 65 best: 561.2 mean: 677.1054726368159
gen: 66 best: 561.2 mean: 676.7830845771144
gen: 67 best: 561.2 mean: 677.6955223880597
gen: 68 best: 561.2 mean: 677.3442786069652
gen: 69 best: 561.2 mean: 677.1238805970149
gen: 70 best: 561.2 mean: 675.8771144278606
gen: 71 best: 561.2 mean: 676.9716417910448
gen: 72 best: 561.2 mean: 675.1980099502488
gen: 73 best: 561.2 mean: 676.7636815920398
gen: 74 best: 561.2 mean: 675.5398009950248
gen: 75 best: 561.2 mean: 675.9915422885572
gen: 76 best: 561.2 mean: 676.6263681592039
gen: 77 best: 561.2 mean: 675.5398009950248
gen: 78 best: 561.2 mean: 674.6517412935324
gen: 79 best: 561.2 mean: 674.6716417910447
gen: 80 best: 561.2 mean: 675.6069651741293
gen: 81 best: 561.2 mean: 674.7990049751244
gen: 82 best: 561.2 mean: 676.312935323383
gen: 83 best: 561.2 mean: 677.0502487562189
gen: 84 best: 561.2 mean: 673.6676616915423
gen: 85 best: 561.2 mean: 674.9059701492537
gen: 86 best: 561.2 mean: 675.3024875621891
gen: 87 best: 561.2 mean: 677.2611940298508
gen: 88 best: 561.2 mean: 674.7766169154229
gen: 89 best: 561.2 mean: 674.3064676616915
gen: 90 best: 561.2 mean: 673.8099502487562
gen: 91 best: 561.2 mean: 676.0179104477612
gen: 92 best: 561.2 mean: 676.189552238806
gen: 93 best: 561.2 mean: 674.4119402985075
gen: 94 best: 561.2 mean: 674.21592039801
gen: 95 best: 561.2 mean: 674.3248756218906
gen: 96 best: 561.2 mean: 675.9507462686568
gen: 97 best: 561.2 mean: 676.1582089552239
gen: 98 best: 561.2 mean: 675.3855721393035
gen: 99 best: 561.2 mean: 675.1363184079602
[9, 7, 8, 9, 7, 9, 9, 8, 7, 9, 7, 9, 10, 8, 8, 8, 8, 8, 7, 9, 10, 8, 9, 9, 8, 9, 9, 8, 8, 7, 7, 9, 7, 7, 8, 9, 9, 8, 8, 8, 8, 8, 8, 7, 9]
Test count of edges: 3129
cat
