Defaulting to user installation because normal site-packages is not writeable
Looking in links: /cvmfs/soft.computecanada.ca/custom/python/wheelhouse/gentoo/avx2, /cvmfs/soft.computecanada.ca/custom/python/wheelhouse/gentoo/generic, /cvmfs/soft.computecanada.ca/custom/python/wheelhouse/generic
Requirement already satisfied: graphviz in /home/js17sy/.local/lib/python3.10/site-packages (0.20)
372; python ga.py 18 1024N_graph18.dat 0.075 0.03 0.5 0.5 0.5 201 1024N_graph18laxgen1rem50_ 342732
/project/6008788/js17sy/reopenga/1024a/ga.py:291: DeprecationWarning: Sampling from a set deprecated
since Python 3.9 and will be removed in a subsequent version.
  child1 = set(random.sample(
gen >0, new best = 663.100
gen >0, new best = 649.300
gen >0, new best = 648.700
gen >0, new best = 585.600
gen: 0 best: 585.6 mean: 669.0320895522389
gen: 1 best: 585.6 mean: 667.6706467661692
gen: 2 best: 585.6 mean: 665.4542288557213
gen >3, new best = 578.200
gen: 3 best: 578.2 mean: 666.1034825870647
gen: 4 best: 578.2 mean: 664.66815920398
gen: 5 best: 578.2 mean: 660.0084577114428
gen: 6 best: 578.2 mean: 660.218407960199
gen: 7 best: 578.2 mean: 658.828855721393
gen: 8 best: 578.2 mean: 658.9189054726368
gen: 9 best: 578.2 mean: 658.6452736318408
gen: 10 best: 578.2 mean: 655.3587064676617
gen: 11 best: 578.2 mean: 655.8905472636816
gen: 12 best: 578.2 mean: 656.5940298507463
gen >13, new best = 575.000
gen: 13 best: 575.0 mean: 655.0069651741294
gen: 14 best: 575.0 mean: 656.3039800995025
gen: 15 best: 575.0 mean: 656.6293532338309
gen: 16 best: 575.0 mean: 655.4328358208955
gen: 17 best: 575.0 mean: 655.6348258706468
gen: 18 best: 575.0 mean: 654.1771144278607
gen: 19 best: 575.0 mean: 654.1243781094528
gen >20, new best = 571.000
gen: 20 best: 571.0 mean: 653.8577114427861
gen: 21 best: 571.0 mean: 652.4139303482588
gen: 22 best: 571.0 mean: 653.5432835820895
gen: 23 best: 571.0 mean: 653.5487562189055
gen: 24 best: 571.0 mean: 652.0935323383085
gen: 25 best: 571.0 mean: 652.0497512437811
gen: 26 best: 571.0 mean: 650.88407960199
gen: 27 best: 571.0 mean: 651.7084577114427
gen: 28 best: 571.0 mean: 649.9303482587064
gen >29, new best = 568.700
gen: 29 best: 568.7 mean: 649.5253731343283
gen: 30 best: 568.7 mean: 650.792039800995
gen: 31 best: 568.7 mean: 650.4621890547264
gen: 32 best: 568.7 mean: 650.094527363184
gen: 33 best: 568.7 mean: 648.0910447761194
gen: 34 best: 568.7 mean: 647.9089552238806
gen: 35 best: 568.7 mean: 647.6726368159204
gen >36, new best = 567.300
gen: 36 best: 567.3 mean: 644.834328358209
gen: 37 best: 567.3 mean: 645.7800995024876
gen: 38 best: 567.3 mean: 647.6940298507462
gen: 39 best: 567.3 mean: 646.1338308457712
gen >40, new best = 566.800
gen: 40 best: 566.8 mean: 645.6199004975124
gen: 41 best: 566.8 mean: 648.3134328358209
gen: 42 best: 566.8 mean: 645.0442786069651
gen: 43 best: 566.8 mean: 646.8164179104477
gen: 44 best: 566.8 mean: 647.2308457711442
gen: 45 best: 566.8 mean: 646.0248756218906
gen: 46 best: 566.8 mean: 645.9114427860696
gen: 47 best: 566.8 mean: 645.6283582089552
gen: 48 best: 566.8 mean: 643.665671641791
gen: 49 best: 566.8 mean: 644.263184079602
gen: 50 best: 566.8 mean: 645.8417910447761
gen: 51 best: 566.8 mean: 643.1572139303482
gen: 52 best: 566.8 mean: 644.1930348258707
gen: 53 best: 566.8 mean: 646.1422885572139
gen: 54 best: 566.8 mean: 643.4074626865672
gen >55, new best = 559.200
gen: 55 best: 559.2 mean: 644.2253731343284
gen: 56 best: 559.2 mean: 644.2248756218905
gen: 57 best: 559.2 mean: 645.9243781094527
gen: 58 best: 559.2 mean: 643.6786069651741
gen: 59 best: 559.2 mean: 643.6293532338309
gen: 60 best: 559.2 mean: 643.3323383084577
gen: 61 best: 559.2 mean: 642.5363184079602
gen: 62 best: 559.2 mean: 640.7676616915423
gen: 63 best: 559.2 mean: 642.2636815920398
gen >64, new best = 557.400
gen: 64 best: 557.4 mean: 641.6432835820896
gen: 65 best: 557.4 mean: 641.276119402985
gen: 66 best: 557.4 mean: 641.7990049751244
gen: 67 best: 557.4 mean: 640.3388059701492
gen: 68 best: 557.4 mean: 641.9985074626866
gen: 69 best: 557.4 mean: 641.492039800995
gen: 70 best: 557.4 mean: 640.8233830845771
gen: 71 best: 557.4 mean: 640.6945273631841
gen: 72 best: 557.4 mean: 640.8810945273632
gen: 73 best: 557.4 mean: 641.957711442786
gen: 74 best: 557.4 mean: 640.6781094527363
gen: 75 best: 557.4 mean: 641.4338308457711
gen: 76 best: 557.4 mean: 640.3796019900498
gen: 77 best: 557.4 mean: 641.0502487562189
gen: 78 best: 557.4 mean: 639.3089552238806
gen: 79 best: 557.4 mean: 641.0253731343283
gen: 80 best: 557.4 mean: 640.6014925373134
gen: 81 best: 557.4 mean: 639.8905472636816
gen: 82 best: 557.4 mean: 638.1373134328359
gen: 83 best: 557.4 mean: 638.6840796019901
gen >84, new best = 506.800
gen: 84 best: 506.8 mean: 638.4592039800995
gen: 85 best: 506.8 mean: 639.176119402985
gen: 86 best: 506.8 mean: 639.760696517413
gen: 87 best: 506.8 mean: 639.8383084577115
gen: 88 best: 506.8 mean: 639.0462686567164
gen: 89 best: 506.8 mean: 638.4164179104478
gen: 90 best: 506.8 mean: 639.6417910447761
gen: 91 best: 506.8 mean: 639.0766169154228
gen: 92 best: 506.8 mean: 638.518407960199
gen: 93 best: 506.8 mean: 639.5203980099502
gen: 94 best: 506.8 mean: 639.0487562189055
gen: 95 best: 506.8 mean: 638.3507462686567
gen: 96 best: 506.8 mean: 636.3726368159204
gen: 97 best: 506.8 mean: 637.8402985074626
gen: 98 best: 506.8 mean: 638.8348258706468
gen: 99 best: 506.8 mean: 636.9681592039801
[9, 8, 10, 8, 8, 8, 8, 9, 8, 8, 9, 8, 9, 8, 8, 8, 8, 8, 8, 8, 8, 8, 9, 10, 8, 9, 10, 8, 8, 9, 9, 8, 9, 8, 8, 8, 8, 10, 8, 9, 9, 9, 8, 10, 9, 7]
Test count of edges: 3162
cat
