Defaulting to user installation because normal site-packages is not writeable
Looking in links: /cvmfs/soft.computecanada.ca/custom/python/wheelhouse/gentoo/avx2, /cvmfs/soft.computecanada.ca/custom/python/wheelhouse/gentoo/generic, /cvmfs/soft.computecanada.ca/custom/python/wheelhouse/generic
Requirement already satisfied: graphviz in /home/js17sy/.local/lib/python3.10/site-packages (0.20)
66; python ga.py 18 1024N_graph18.dat 0.025 0.01 0.5 0.9 0.1 201 1024N_graph18strictgen3rem50_ 171366
/project/6008788/js17sy/reopenga/1024a/ga.py:291: DeprecationWarning: Sampling from a set deprecated
since Python 3.9 and will be removed in a subsequent version.
  child1 = set(random.sample(
gen >0, new best = 571.200
gen >0, new best = 569.400
gen >0, new best = 560.500
gen: 0 best: 560.5 mean: 631.687064676617
gen: 1 best: 560.5 mean: 630.236815920398
gen: 2 best: 560.5 mean: 628.542288557214
gen: 3 best: 560.5 mean: 628.897512437811
gen >4, new best = 544.900
gen: 4 best: 544.9 mean: 626.2865671641791
gen: 5 best: 544.9 mean: 624.9084577114428
gen: 6 best: 544.9 mean: 624.5771144278607
gen: 7 best: 544.9 mean: 624.3074626865672
gen: 8 best: 544.9 mean: 620.5706467661691
gen: 9 best: 544.9 mean: 618.8985074626866
gen: 10 best: 544.9 mean: 619.918407960199
gen >11, new best = 543.300
gen: 11 best: 543.3 mean: 617.6696517412935
gen >12, new best = 537.600
gen: 12 best: 537.6 mean: 615.4850746268656
gen: 13 best: 537.6 mean: 614.7373134328358
gen: 14 best: 537.6 mean: 612.2587064676617
gen: 15 best: 537.6 mean: 610.8547263681592
gen: 16 best: 537.6 mean: 610.0273631840796
gen: 17 best: 537.6 mean: 610.1268656716418
gen >18, new best = 516.500
gen: 18 best: 516.5 mean: 605.3905472636816
gen: 19 best: 516.5 mean: 607.9746268656717
gen: 20 best: 516.5 mean: 605.5144278606965
gen: 21 best: 516.5 mean: 605.4970149253732
gen >22, new best = 493.100
gen: 22 best: 493.1 mean: 603.1651741293532
gen: 23 best: 493.1 mean: 604.1134328358208
gen: 24 best: 493.1 mean: 600.5044776119403
gen: 25 best: 493.1 mean: 600.7039800995025
gen: 26 best: 493.1 mean: 600.5616915422886
gen: 27 best: 493.1 mean: 598.1064676616916
gen: 28 best: 493.1 mean: 599.1935323383085
gen: 29 best: 493.1 mean: 596.3532338308457
gen: 30 best: 493.1 mean: 594.7930348258707
gen: 31 best: 493.1 mean: 594.7875621890547
gen: 32 best: 493.1 mean: 594.0776119402985
gen: 33 best: 493.1 mean: 595.0507462686567
gen: 34 best: 493.1 mean: 592.5512437810945
gen: 35 best: 493.1 mean: 592.6995024875622
gen: 36 best: 493.1 mean: 591.6970149253731
gen: 37 best: 493.1 mean: 592.510447761194
gen: 38 best: 493.1 mean: 589.8731343283582
gen: 39 best: 493.1 mean: 590.0149253731344
gen: 40 best: 493.1 mean: 588.1044776119403
gen: 41 best: 493.1 mean: 587.3701492537314
gen: 42 best: 493.1 mean: 584.6457711442786
gen: 43 best: 493.1 mean: 585.9567164179105
gen: 44 best: 493.1 mean: 584.0870646766169
gen: 45 best: 493.1 mean: 583.1179104477612
gen: 46 best: 493.1 mean: 583.5517412935324
gen: 47 best: 493.1 mean: 581.418407960199
gen: 48 best: 493.1 mean: 583.3353233830845
gen: 49 best: 493.1 mean: 582.6179104477612
gen: 50 best: 493.1 mean: 581.4875621890548
gen: 51 best: 493.1 mean: 580.1114427860697
gen: 52 best: 493.1 mean: 579.681592039801
gen: 53 best: 493.1 mean: 577.3786069651741
gen: 54 best: 493.1 mean: 577.310447761194
gen: 55 best: 493.1 mean: 576.8338308457711
gen: 56 best: 493.1 mean: 576.2661691542288
gen: 57 best: 493.1 mean: 575.8467661691542
gen: 58 best: 493.1 mean: 574.7666666666667
gen: 59 best: 493.1 mean: 573.1343283582089
gen: 60 best: 493.1 mean: 573.426368159204
gen: 61 best: 493.1 mean: 571.9283582089553
gen: 62 best: 493.1 mean: 570.9791044776119
gen: 63 best: 493.1 mean: 570.5139303482587
gen: 64 best: 493.1 mean: 572.0407960199005
gen: 65 best: 493.1 mean: 571.0034825870647
gen: 66 best: 493.1 mean: 568.0810945273632
gen: 67 best: 493.1 mean: 570.3089552238806
gen: 68 best: 493.1 mean: 567.4407960199005
gen: 69 best: 493.1 mean: 568.139303482587
gen: 70 best: 493.1 mean: 568.2890547263681
gen: 71 best: 493.1 mean: 567.2666666666667
gen: 72 best: 493.1 mean: 566.4616915422886
gen: 73 best: 493.1 mean: 566.6676616915423
gen: 74 best: 493.1 mean: 565.7328358208955
gen: 75 best: 493.1 mean: 567.671144278607
gen: 76 best: 493.1 mean: 565.2990049751244
gen: 77 best: 493.1 mean: 566.0756218905473
gen: 78 best: 493.1 mean: 564.6194029850747
gen: 79 best: 493.1 mean: 564.223880597015
gen >80, new best = 493.000
gen: 80 best: 493.0 mean: 562.0318407960199
gen: 81 best: 493.0 mean: 563.2054726368159
gen >82, new best = 449.200
gen: 82 best: 449.2 mean: 562.1900497512438
gen: 83 best: 449.2 mean: 563.5099502487562
gen: 84 best: 449.2 mean: 563.8860696517413
gen: 85 best: 449.2 mean: 561.9527363184079
gen: 86 best: 449.2 mean: 560.5661691542289
gen: 87 best: 449.2 mean: 561.4582089552239
gen: 88 best: 449.2 mean: 560.9800995024875
gen: 89 best: 449.2 mean: 560.9388059701492
gen: 90 best: 449.2 mean: 560.2452736318407
gen: 91 best: 449.2 mean: 561.005472636816
gen: 92 best: 449.2 mean: 560.4233830845772
gen: 93 best: 449.2 mean: 558.9149253731343
gen: 94 best: 449.2 mean: 558.9363184079602
gen: 95 best: 449.2 mean: 558.8487562189055
gen: 96 best: 449.2 mean: 556.5731343283582
gen: 97 best: 449.2 mean: 556.944776119403
gen: 98 best: 449.2 mean: 558.957711442786
gen: 99 best: 449.2 mean: 557.1194029850747
[10, 10, 9, 10, 11, 11, 10, 11, 10, 11, 9, 12, 11, 9, 9, 10, 10, 10, 10, 10, 10, 9, 11, 10, 11, 10, 11, 10, 10, 11, 10, 10, 11, 9, 10, 10, 11, 9, 10, 10, 9, 9, 13, 11, 10, 11]
Test count of edges: 3128
cat
