Defaulting to user installation because normal site-packages is not writeable
Looking in links: /cvmfs/soft.computecanada.ca/custom/python/wheelhouse/gentoo/avx2, /cvmfs/soft.computecanada.ca/custom/python/wheelhouse/gentoo/generic, /cvmfs/soft.computecanada.ca/custom/python/wheelhouse/generic
Requirement already satisfied: graphviz in /home/js17sy/.local/lib/python3.10/site-packages (0.20)
400; python ga.py 18 1024N_graph18.dat 0.075 0.03 0.5 0.7 0.3 201 1024N_graph18laxgen2rem50_ 285610
/project/6008788/js17sy/reopenga/1024a/ga.py:291: DeprecationWarning: Sampling from a set deprecated
since Python 3.9 and will be removed in a subsequent version.
  child1 = set(random.sample(
gen >0, new best = 680.100
gen >0, new best = 665.100
gen >0, new best = 662.700
gen >0, new best = 646.700
gen >0, new best = 614.600
gen >0, new best = 597.100
gen: 0 best: 597.1 mean: 668.5313432835821
gen >1, new best = 593.100
gen: 1 best: 593.1 mean: 668.7756218905473
gen >2, new best = 592.100
gen: 2 best: 592.1 mean: 668.2507462686567
gen: 3 best: 592.1 mean: 665.3915422885572
gen: 4 best: 592.1 mean: 665.2054726368159
gen: 5 best: 592.1 mean: 665.7830845771144
gen: 6 best: 592.1 mean: 664.3786069651741
gen >7, new best = 591.300
gen: 7 best: 591.3 mean: 663.3154228855722
gen: 8 best: 591.3 mean: 662.4189054726368
gen >9, new best = 588.200
gen: 9 best: 588.2 mean: 660.7373134328358
gen >10, new best = 576.500
gen: 10 best: 576.5 mean: 660.3
gen: 11 best: 576.5 mean: 660.3228855721393
gen: 12 best: 576.5 mean: 657.9731343283582
gen: 13 best: 576.5 mean: 660.0044776119403
gen: 14 best: 576.5 mean: 660.6253731343284
gen: 15 best: 576.5 mean: 658.1990049751244
gen: 16 best: 576.5 mean: 657.7303482587065
gen: 17 best: 576.5 mean: 657.8965174129353
gen >18, new best = 575.900
gen: 18 best: 575.9 mean: 656.7124378109453
gen: 19 best: 575.9 mean: 657.9611940298507
gen: 20 best: 575.9 mean: 656.1542288557214
gen >21, new best = 572.900
gen: 21 best: 572.9 mean: 654.5880597014925
gen: 22 best: 572.9 mean: 655.5258706467662
gen: 23 best: 572.9 mean: 654.5502487562189
gen: 24 best: 572.9 mean: 652.7343283582089
gen: 25 best: 572.9 mean: 652.1109452736318
gen: 26 best: 572.9 mean: 650.8572139303483
gen: 27 best: 572.9 mean: 651.434328358209
gen: 28 best: 572.9 mean: 649.7721393034826
gen: 29 best: 572.9 mean: 651.2452736318407
gen: 30 best: 572.9 mean: 648.289552238806
gen: 31 best: 572.9 mean: 649.1701492537313
gen: 32 best: 572.9 mean: 647.4378109452737
gen >33, new best = 563.700
gen: 33 best: 563.7 mean: 646.0472636815921
gen: 34 best: 563.7 mean: 646.6562189054727
gen: 35 best: 563.7 mean: 645.0527363184079
gen: 36 best: 563.7 mean: 644.5348258706467
gen: 37 best: 563.7 mean: 642.6487562189055
gen: 38 best: 563.7 mean: 642.5766169154228
gen: 39 best: 563.7 mean: 641.2432835820896
gen: 40 best: 563.7 mean: 640.7651741293532
gen: 41 best: 563.7 mean: 641.9248756218906
gen: 42 best: 563.7 mean: 641.7691542288558
gen: 43 best: 563.7 mean: 639.1089552238806
gen: 44 best: 563.7 mean: 638.5487562189055
gen: 45 best: 563.7 mean: 639.4855721393035
gen: 46 best: 563.7 mean: 639.6507462686567
gen >47, new best = 563.200
gen >47, new best = 560.400
gen: 47 best: 560.4 mean: 637.6174129353234
gen >48, new best = 556.300
gen: 48 best: 556.3 mean: 637.0915422885572
gen: 49 best: 556.3 mean: 637.8213930348259
gen: 50 best: 556.3 mean: 636.573631840796
gen: 51 best: 556.3 mean: 636.8562189054726
gen >52, new best = 552.500
gen: 52 best: 552.5 mean: 634.6611940298508
gen: 53 best: 552.5 mean: 633.9199004975125
gen: 54 best: 552.5 mean: 634.2308457711442
gen: 55 best: 552.5 mean: 634.836815920398
gen: 56 best: 552.5 mean: 634.4507462686568
gen: 57 best: 552.5 mean: 635.7114427860697
gen: 58 best: 552.5 mean: 635.7134328358209
gen >59, new best = 549.300
gen: 59 best: 549.3 mean: 633.0716417910447
gen: 60 best: 549.3 mean: 633.9701492537314
gen: 61 best: 549.3 mean: 633.2089552238806
gen: 62 best: 549.3 mean: 634.1547263681592
gen: 63 best: 549.3 mean: 633.1039800995025
gen: 64 best: 549.3 mean: 632.071144278607
gen: 65 best: 549.3 mean: 631.144776119403
gen >66, new best = 542.800
gen: 66 best: 542.8 mean: 629.9601990049752
gen: 67 best: 542.8 mean: 631.8661691542288
gen: 68 best: 542.8 mean: 631.3905472636816
gen: 69 best: 542.8 mean: 631.3323383084577
gen: 70 best: 542.8 mean: 631.1064676616916
gen: 71 best: 542.8 mean: 630.3776119402985
gen: 72 best: 542.8 mean: 630.1482587064677
gen: 73 best: 542.8 mean: 631.9955223880597
gen: 74 best: 542.8 mean: 629.644776119403
gen: 75 best: 542.8 mean: 632.1378109452736
gen: 76 best: 542.8 mean: 630.8487562189055
gen: 77 best: 542.8 mean: 631.4567164179105
gen: 78 best: 542.8 mean: 627.4870646766169
gen >79, new best = 537.300
gen: 79 best: 537.3 mean: 627.6303482587065
gen: 80 best: 537.3 mean: 628.5179104477612
gen: 81 best: 537.3 mean: 627.6169154228855
gen: 82 best: 537.3 mean: 626.5174129353234
gen: 83 best: 537.3 mean: 625.7621890547264
gen: 84 best: 537.3 mean: 628.0616915422886
gen: 85 best: 537.3 mean: 624.8681592039801
gen: 86 best: 537.3 mean: 626.4611940298507
gen: 87 best: 537.3 mean: 627.3910447761194
gen: 88 best: 537.3 mean: 625.897512437811
gen: 89 best: 537.3 mean: 627.6084577114428
gen: 90 best: 537.3 mean: 627.2855721393034
gen: 91 best: 537.3 mean: 626.247263681592
gen: 92 best: 537.3 mean: 624.9895522388059
gen: 93 best: 537.3 mean: 625.7323383084577
gen: 94 best: 537.3 mean: 626.1228855721394
gen: 95 best: 537.3 mean: 626.8124378109453
gen: 96 best: 537.3 mean: 626.0641791044776
gen: 97 best: 537.3 mean: 622.5756218905473
gen: 98 best: 537.3 mean: 625.7621890547264
gen: 99 best: 537.3 mean: 624.7900497512438
[8, 10, 9, 9, 10, 8, 9, 9, 8, 8, 8, 8, 8, 7, 9, 9, 9, 8, 9, 8, 9, 9, 8, 8, 9, 9, 7, 8, 8, 8, 8, 8, 8, 9, 8, 9, 9, 9, 8, 9, 9, 11, 9, 8, 9, 8, 8, 7, 9]
Test count of edges: 3145
cat
