Defaulting to user installation because normal site-packages is not writeable
Looking in links: /cvmfs/soft.computecanada.ca/custom/python/wheelhouse/gentoo/avx2, /cvmfs/soft.computecanada.ca/custom/python/wheelhouse/gentoo/generic, /cvmfs/soft.computecanada.ca/custom/python/wheelhouse/generic
Requirement already satisfied: graphviz in /home/js17sy/.local/lib/python3.10/site-packages (0.20)
567; python ga.py 18 1024N_graph18.dat 0.1 0.04 0.5 0.5 0.5 201 1024N_graph18leerygen1rem50_ 771147
/project/6008788/js17sy/reopenga/1024a/ga.py:291: DeprecationWarning: Sampling from a set deprecated
since Python 3.9 and will be removed in a subsequent version.
  child1 = set(random.sample(
gen >0, new best = 691.000
gen >0, new best = 689.700
gen >0, new best = 677.200
gen >0, new best = 637.000
gen: 0 best: 637.0 mean: 706.0298507462686
gen >1, new best = 618.400
gen: 1 best: 618.4 mean: 705.3044776119403
gen: 2 best: 618.4 mean: 704.371144278607
gen: 3 best: 618.4 mean: 702.4373134328358
gen: 4 best: 618.4 mean: 701.9462686567164
gen: 5 best: 618.4 mean: 703.3691542288557
gen: 6 best: 618.4 mean: 701.0646766169154
gen >7, new best = 614.100
gen: 7 best: 614.1 mean: 698.9487562189055
gen: 8 best: 614.1 mean: 698.4582089552239
gen: 9 best: 614.1 mean: 698.2721393034826
gen: 10 best: 614.1 mean: 696.9925373134329
gen: 11 best: 614.1 mean: 696.2124378109453
gen: 12 best: 614.1 mean: 697.4358208955224
gen: 13 best: 614.1 mean: 695.3626865671641
gen: 14 best: 614.1 mean: 696.4885572139303
gen: 15 best: 614.1 mean: 695.4731343283582
gen: 16 best: 614.1 mean: 693.881592039801
gen: 17 best: 614.1 mean: 694.4592039800995
gen: 18 best: 614.1 mean: 694.9228855721393
gen: 19 best: 614.1 mean: 693.3069651741293
gen: 20 best: 614.1 mean: 693.2094527363184
gen: 21 best: 614.1 mean: 693.8373134328358
gen: 22 best: 614.1 mean: 692.4437810945274
gen: 23 best: 614.1 mean: 691.3592039800996
gen: 24 best: 614.1 mean: 689.6810945273631
gen >25, new best = 609.800
gen: 25 best: 609.8 mean: 691.1865671641791
gen >26, new best = 609.400
gen: 26 best: 609.4 mean: 690.3980099502487
gen: 27 best: 609.4 mean: 689.368656716418
gen >28, new best = 607.200
gen: 28 best: 607.2 mean: 691.110447761194
gen >29, new best = 604.900
gen: 29 best: 604.9 mean: 688.420895522388
gen: 30 best: 604.9 mean: 689.2218905472637
gen: 31 best: 604.9 mean: 688.8786069651742
gen >32, new best = 602.700
gen: 32 best: 602.7 mean: 686.7338308457712
gen: 33 best: 602.7 mean: 688.3990049751244
gen: 34 best: 602.7 mean: 687.1661691542289
gen >35, new best = 598.400
gen >35, new best = 597.400
gen: 35 best: 597.4 mean: 686.8651741293532
gen: 36 best: 597.4 mean: 688.7114427860696
gen: 37 best: 597.4 mean: 688.818407960199
gen: 38 best: 597.4 mean: 686.6169154228855
gen: 39 best: 597.4 mean: 685.7691542288558
gen: 40 best: 597.4 mean: 687.4766169154228
gen: 41 best: 597.4 mean: 686.7164179104477
gen: 42 best: 597.4 mean: 686.4462686567164
gen: 43 best: 597.4 mean: 687.0144278606965
gen: 44 best: 597.4 mean: 686.1467661691543
gen: 45 best: 597.4 mean: 685.2014925373135
gen: 46 best: 597.4 mean: 683.8199004975124
gen: 47 best: 597.4 mean: 686.1905472636815
gen: 48 best: 597.4 mean: 684.0721393034826
gen: 49 best: 597.4 mean: 685.2900497512438
gen: 50 best: 597.4 mean: 683.334328358209
gen: 51 best: 597.4 mean: 685.2681592039801
gen >52, new best = 596.600
gen: 52 best: 596.6 mean: 683.579104477612
gen: 53 best: 596.6 mean: 686.4661691542289
gen: 54 best: 596.6 mean: 683.8950248756219
gen: 55 best: 596.6 mean: 685.6323383084577
gen: 56 best: 596.6 mean: 685.6437810945274
gen: 57 best: 596.6 mean: 685.0089552238805
gen: 58 best: 596.6 mean: 684.6592039800995
gen: 59 best: 596.6 mean: 683.4671641791044
gen: 60 best: 596.6 mean: 683.0796019900497
gen: 61 best: 596.6 mean: 684.0805970149254
gen: 62 best: 596.6 mean: 681.1283582089552
gen: 63 best: 596.6 mean: 682.6442786069651
gen: 64 best: 596.6 mean: 680.7557213930348
gen: 65 best: 596.6 mean: 683.4014925373134
gen: 66 best: 596.6 mean: 683.2134328358209
gen: 67 best: 596.6 mean: 681.1930348258707
gen: 68 best: 596.6 mean: 681.0696517412936
gen: 69 best: 596.6 mean: 683.3417910447761
gen: 70 best: 596.6 mean: 681.11592039801
gen: 71 best: 596.6 mean: 681.8218905472637
gen: 72 best: 596.6 mean: 681.4611940298507
gen: 73 best: 596.6 mean: 681.2427860696517
gen: 74 best: 596.6 mean: 682.6119402985074
gen: 75 best: 596.6 mean: 681.1616915422885
gen: 76 best: 596.6 mean: 680.9776119402985
gen: 77 best: 596.6 mean: 681.1039800995025
gen: 78 best: 596.6 mean: 679.5820895522388
gen: 79 best: 596.6 mean: 679.9786069651741
gen: 80 best: 596.6 mean: 680.0437810945274
gen: 81 best: 596.6 mean: 678.7751243781095
gen: 82 best: 596.6 mean: 679.7890547263681
gen: 83 best: 596.6 mean: 679.3925373134329
gen: 84 best: 596.6 mean: 679.9512437810945
gen: 85 best: 596.6 mean: 680.3761194029851
gen >86, new best = 594.700
gen: 86 best: 594.7 mean: 679.3298507462687
gen: 87 best: 594.7 mean: 677.0243781094528
gen: 88 best: 594.7 mean: 679.3616915422886
gen: 89 best: 594.7 mean: 679.0865671641791
gen: 90 best: 594.7 mean: 678.207960199005
gen: 91 best: 594.7 mean: 678.7253731343284
gen: 92 best: 594.7 mean: 676.7910447761194
gen: 93 best: 594.7 mean: 679.6452736318408
gen: 94 best: 594.7 mean: 678.6860696517413
gen: 95 best: 594.7 mean: 678.3905472636816
gen: 96 best: 594.7 mean: 678.4388059701492
gen: 97 best: 594.7 mean: 678.5059701492537
gen: 98 best: 594.7 mean: 677.7865671641791
gen: 99 best: 594.7 mean: 678.6850746268657
[8, 9, 7, 7, 8, 8, 9, 8, 8, 11, 8, 8, 8, 7, 8, 8, 7, 8, 8, 7, 8, 9, 7, 8, 7, 8, 8, 7, 8, 8, 8, 7, 8, 8, 8, 8, 8, 8, 8, 8, 8, 8, 8, 9, 7, 8, 8]
Test count of edges: 3160
cat
