Defaulting to user installation because normal site-packages is not writeable
Looking in links: /cvmfs/soft.computecanada.ca/custom/python/wheelhouse/gentoo/avx2, /cvmfs/soft.computecanada.ca/custom/python/wheelhouse/gentoo/generic, /cvmfs/soft.computecanada.ca/custom/python/wheelhouse/generic
Requirement already satisfied: graphviz in /home/js17sy/.local/lib/python3.10/site-packages (0.20)
623; python ga.py 18 1024N_graph18.dat 0.1 0.04 0.5 0.9 0.1 201 1024N_graph18leerygen3rem50_ 656903
/project/6008788/js17sy/reopenga/1024a/ga.py:291: DeprecationWarning: Sampling from a set deprecated
since Python 3.9 and will be removed in a subsequent version.
  child1 = set(random.sample(
gen >0, new best = 710.600
gen >0, new best = 708.600
gen >0, new best = 695.100
gen >0, new best = 690.900
gen >0, new best = 684.700
gen >0, new best = 678.200
gen >0, new best = 675.700
gen >0, new best = 666.400
gen >0, new best = 650.300
gen >0, new best = 637.400
gen: 0 best: 637.4 mean: 705.13407960199
gen >1, new best = 631.500
gen: 1 best: 631.5 mean: 703.7338308457712
gen >2, new best = 626.400
gen >2, new best = 625.300
gen: 2 best: 625.3 mean: 702.1666666666666
gen: 3 best: 625.3 mean: 701.2900497512438
gen: 4 best: 625.3 mean: 701.797512437811
gen: 5 best: 625.3 mean: 700.3791044776119
gen: 6 best: 625.3 mean: 700.602487562189
gen: 7 best: 625.3 mean: 699.5004975124378
gen >8, new best = 620.600
gen >8, new best = 616.800
gen: 8 best: 616.8 mean: 699.2064676616916
gen: 9 best: 616.8 mean: 699.2756218905473
gen >10, new best = 567.200
gen: 10 best: 567.2 mean: 698.0477611940298
gen: 11 best: 567.2 mean: 698.16815920398
gen: 12 best: 567.2 mean: 697.2845771144279
gen: 13 best: 567.2 mean: 694.0203980099502
gen: 14 best: 567.2 mean: 696.1223880597015
gen: 15 best: 567.2 mean: 695.6432835820896
gen: 16 best: 567.2 mean: 693.3995024875622
gen: 17 best: 567.2 mean: 695.1885572139304
gen: 18 best: 567.2 mean: 693.471144278607
gen: 19 best: 567.2 mean: 693.497512437811
gen: 20 best: 567.2 mean: 693.3109452736319
gen: 21 best: 567.2 mean: 692.6562189054727
gen: 22 best: 567.2 mean: 692.2507462686567
gen: 23 best: 567.2 mean: 691.3820895522388
gen: 24 best: 567.2 mean: 689.344776119403
gen: 25 best: 567.2 mean: 690.3805970149253
gen: 26 best: 567.2 mean: 689.397512437811
gen: 27 best: 567.2 mean: 690.0109452736318
gen: 28 best: 567.2 mean: 688.079104477612
gen: 29 best: 567.2 mean: 687.5517412935324
gen: 30 best: 567.2 mean: 686.8955223880597
gen: 31 best: 567.2 mean: 687.1860696517413
gen: 32 best: 567.2 mean: 686.1980099502488
gen: 33 best: 567.2 mean: 686.4323383084577
gen: 34 best: 567.2 mean: 687.044776119403
gen: 35 best: 567.2 mean: 686.0860696517412
gen: 36 best: 567.2 mean: 683.6348258706468
gen: 37 best: 567.2 mean: 682.6592039800995
gen: 38 best: 567.2 mean: 683.7686567164179
gen: 39 best: 567.2 mean: 682.928855721393
gen: 40 best: 567.2 mean: 683.2253731343284
gen: 41 best: 567.2 mean: 682.360696517413
gen: 42 best: 567.2 mean: 681.3731343283582
gen: 43 best: 567.2 mean: 681.9059701492537
gen: 44 best: 567.2 mean: 682.1507462686567
gen: 45 best: 567.2 mean: 680.9388059701492
gen: 46 best: 567.2 mean: 680.094527363184
gen: 47 best: 567.2 mean: 680.0741293532338
gen: 48 best: 567.2 mean: 681.3278606965174
gen: 49 best: 567.2 mean: 679.4626865671642
gen: 50 best: 567.2 mean: 679.752736318408
gen: 51 best: 567.2 mean: 679.042288557214
gen: 52 best: 567.2 mean: 679.0985074626866
gen: 53 best: 567.2 mean: 679.6756218905473
gen: 54 best: 567.2 mean: 678.3029850746269
gen: 55 best: 567.2 mean: 678.7621890547264
gen: 56 best: 567.2 mean: 677.2487562189054
gen: 57 best: 567.2 mean: 677.1606965174129
gen: 58 best: 567.2 mean: 675.171144278607
gen: 59 best: 567.2 mean: 677.0149253731344
gen: 60 best: 567.2 mean: 677.2656716417911
gen: 61 best: 567.2 mean: 677.0189054726368
gen: 62 best: 567.2 mean: 675.6094527363184
gen: 63 best: 567.2 mean: 675.5492537313432
gen: 64 best: 567.2 mean: 675.4751243781094
gen: 65 best: 567.2 mean: 675.6437810945274
gen: 66 best: 567.2 mean: 674.9870646766169
gen: 67 best: 567.2 mean: 674.8233830845771
gen: 68 best: 567.2 mean: 675.7084577114427
gen: 69 best: 567.2 mean: 677.0298507462686
gen: 70 best: 567.2 mean: 674.7691542288558
gen: 71 best: 567.2 mean: 675.0169154228855
gen: 72 best: 567.2 mean: 672.4084577114428
gen: 73 best: 567.2 mean: 673.8691542288557
gen: 74 best: 567.2 mean: 672.6283582089552
gen: 75 best: 567.2 mean: 675.7009950248756
gen: 76 best: 567.2 mean: 672.955223880597
gen: 77 best: 567.2 mean: 674.5950248756219
gen: 78 best: 567.2 mean: 672.2019900497512
gen: 79 best: 567.2 mean: 674.3621890547264
gen: 80 best: 567.2 mean: 673.5089552238805
gen: 81 best: 567.2 mean: 673.6308457711443
gen: 82 best: 567.2 mean: 673.2074626865672
gen: 83 best: 567.2 mean: 674.7592039800995
gen: 84 best: 567.2 mean: 672.1776119402986
gen: 85 best: 567.2 mean: 674.173631840796
gen: 86 best: 567.2 mean: 673.16815920398
gen: 87 best: 567.2 mean: 673.4268656716417
gen: 88 best: 567.2 mean: 674.1243781094528
gen: 89 best: 567.2 mean: 671.3776119402985
gen: 90 best: 567.2 mean: 671.1621890547264
gen: 91 best: 567.2 mean: 671.4955223880597
gen: 92 best: 567.2 mean: 672.9338308457711
gen: 93 best: 567.2 mean: 669.7940298507463
gen: 94 best: 567.2 mean: 670.5099502487562
gen: 95 best: 567.2 mean: 673.9910447761195
gen: 96 best: 567.2 mean: 670.752736318408
gen: 97 best: 567.2 mean: 670.7199004975124
gen: 98 best: 567.2 mean: 670.7686567164179
gen: 99 best: 567.2 mean: 671.8119402985075
[8, 10, 9, 8, 9, 9, 8, 8, 8, 8, 9, 8, 8, 9, 8, 9, 8, 8, 8, 9, 8, 9, 8, 8, 9, 8, 10, 8, 9, 10, 7, 8, 10, 8, 8, 7, 7, 10, 8, 9, 9, 9, 9, 9, 8]
Test count of edges: 3121
cat
