Defaulting to user installation because normal site-packages is not writeable
Looking in links: /cvmfs/soft.computecanada.ca/custom/python/wheelhouse/gentoo/avx2, /cvmfs/soft.computecanada.ca/custom/python/wheelhouse/gentoo/generic, /cvmfs/soft.computecanada.ca/custom/python/wheelhouse/generic
Requirement already satisfied: graphviz in /home/js17sy/.local/lib/python3.10/site-packages (0.20)
640; python ga.py 18 1024N_graph18.dat 0.1 0.04 0.7 0.5 0.5 201 1024N_graph18leerygen1rem70_ 285610
/project/6008788/js17sy/reopenga/1024a/ga.py:291: DeprecationWarning: Sampling from a set deprecated
since Python 3.9 and will be removed in a subsequent version.
  child1 = set(random.sample(
gen >0, new best = 651.000
gen >0, new best = 650.000
gen >0, new best = 642.300
gen >0, new best = 641.500
gen >0, new best = 631.000
gen >0, new best = 607.800
gen >0, new best = 607.000
gen >0, new best = 565.300
gen: 0 best: 565.3 mean: 651.8271144278607
gen: 1 best: 565.3 mean: 647.7636815920398
gen: 2 best: 565.3 mean: 648.5636815920398
gen: 3 best: 565.3 mean: 644.1865671641791
gen: 4 best: 565.3 mean: 644.2139303482587
gen: 5 best: 565.3 mean: 641.5935323383085
gen >6, new best = 545.900
gen: 6 best: 545.9 mean: 641.4686567164179
gen: 7 best: 545.9 mean: 635.665671641791
gen: 8 best: 545.9 mean: 633.2502487562189
gen: 9 best: 545.9 mean: 632.5955223880597
gen: 10 best: 545.9 mean: 633.2940298507463
gen: 11 best: 545.9 mean: 634.0258706467662
gen: 12 best: 545.9 mean: 633.9562189054726
gen >13, new best = 543.900
gen: 13 best: 543.9 mean: 631.9124378109452
gen >14, new best = 538.600
gen: 14 best: 538.6 mean: 630.9417910447761
gen: 15 best: 538.6 mean: 631.0980099502488
gen: 16 best: 538.6 mean: 628.9741293532338
gen: 17 best: 538.6 mean: 629.8203980099503
gen: 18 best: 538.6 mean: 627.0258706467662
gen: 19 best: 538.6 mean: 626.8363184079602
gen: 20 best: 538.6 mean: 625.4194029850746
gen >21, new best = 537.100
gen: 21 best: 537.1 mean: 625.9502487562189
gen: 22 best: 537.1 mean: 622.1203980099502
gen: 23 best: 537.1 mean: 622.0139303482587
gen >24, new best = 530.400
gen: 24 best: 530.4 mean: 623.7293532338308
gen: 25 best: 530.4 mean: 618.9532338308458
gen: 26 best: 530.4 mean: 621.3915422885572
gen: 27 best: 530.4 mean: 619.4492537313433
gen: 28 best: 530.4 mean: 617.6636815920398
gen: 29 best: 530.4 mean: 618.4059701492537
gen: 30 best: 530.4 mean: 617.3830845771145
gen: 31 best: 530.4 mean: 618.4985074626866
gen: 32 best: 530.4 mean: 616.7582089552238
gen: 33 best: 530.4 mean: 617.6029850746269
gen: 34 best: 530.4 mean: 614.0477611940298
gen: 35 best: 530.4 mean: 614.2203980099503
gen: 36 best: 530.4 mean: 613.9796019900498
gen: 37 best: 530.4 mean: 614.7194029850747
gen: 38 best: 530.4 mean: 612.7373134328358
gen: 39 best: 530.4 mean: 612.9427860696518
gen >40, new best = 519.600
gen: 40 best: 519.6 mean: 611.6243781094528
gen: 41 best: 519.6 mean: 612.4900497512438
gen: 42 best: 519.6 mean: 611.2084577114427
gen: 43 best: 519.6 mean: 611.8507462686567
gen: 44 best: 519.6 mean: 610.7432835820896
gen: 45 best: 519.6 mean: 611.3074626865672
gen: 46 best: 519.6 mean: 611.5741293532338
gen: 47 best: 519.6 mean: 611.9318407960199
gen: 48 best: 519.6 mean: 610.9422885572139
gen: 49 best: 519.6 mean: 610.7174129353234
gen: 50 best: 519.6 mean: 608.826368159204
gen: 51 best: 519.6 mean: 609.2164179104477
gen: 52 best: 519.6 mean: 609.5761194029851
gen: 53 best: 519.6 mean: 610.4064676616915
gen: 54 best: 519.6 mean: 609.9771144278607
gen: 55 best: 519.6 mean: 609.0597014925373
gen: 56 best: 519.6 mean: 609.9159203980099
gen: 57 best: 519.6 mean: 608.7497512437811
gen >58, new best = 517.800
gen: 58 best: 517.8 mean: 607.1781094527363
gen: 59 best: 517.8 mean: 607.0915422885572
gen: 60 best: 517.8 mean: 606.4681592039801
gen: 61 best: 517.8 mean: 608.2243781094527
gen: 62 best: 517.8 mean: 606.5970149253732
gen: 63 best: 517.8 mean: 606.6004975124379
gen: 64 best: 517.8 mean: 604.7228855721393
gen: 65 best: 517.8 mean: 606.1149253731344
gen: 66 best: 517.8 mean: 603.2945273631841
gen: 67 best: 517.8 mean: 607.1860696517413
gen: 68 best: 517.8 mean: 602.1517412935324
gen: 69 best: 517.8 mean: 604.1343283582089
gen: 70 best: 517.8 mean: 603.1338308457712
gen: 71 best: 517.8 mean: 605.2009950248756
gen: 72 best: 517.8 mean: 601.9024875621891
gen: 73 best: 517.8 mean: 602.2139303482587
gen: 74 best: 517.8 mean: 603.1532338308458
gen: 75 best: 517.8 mean: 601.7383084577115
gen: 76 best: 517.8 mean: 604.1905472636815
gen: 77 best: 517.8 mean: 602.5169154228856
gen: 78 best: 517.8 mean: 604.002487562189
gen: 79 best: 517.8 mean: 601.6144278606965
gen: 80 best: 517.8 mean: 600.4557213930349
gen: 81 best: 517.8 mean: 602.4611940298507
gen >82, new best = 513.800
gen: 82 best: 513.8 mean: 598.9099502487562
gen: 83 best: 513.8 mean: 597.5706467661691
gen: 84 best: 513.8 mean: 599.3766169154229
gen: 85 best: 513.8 mean: 599.8875621890547
gen >86, new best = 505.600
gen: 86 best: 505.6 mean: 599.0825870646767
gen: 87 best: 505.6 mean: 600.0960199004975
gen >88, new best = 501.000
gen: 88 best: 501.0 mean: 597.7970149253731
gen: 89 best: 501.0 mean: 600.2343283582089
gen: 90 best: 501.0 mean: 597.0378109452736
gen: 91 best: 501.0 mean: 598.2746268656716
gen: 92 best: 501.0 mean: 600.1199004975124
gen: 93 best: 501.0 mean: 597.4601990049752
gen: 94 best: 501.0 mean: 595.8089552238806
gen: 95 best: 501.0 mean: 598.9014925373134
gen: 96 best: 501.0 mean: 600.0850746268657
gen: 97 best: 501.0 mean: 597.3985074626866
gen: 98 best: 501.0 mean: 598.9925373134329
gen: 99 best: 501.0 mean: 598.8850746268656
[7, 8, 7, 7, 7, 7, 7, 8, 8, 8, 8, 8, 7, 7, 10, 10, 7, 8, 7, 7, 8, 7, 7, 8, 9, 7, 7, 7, 10, 7, 8, 7, 6, 8, 8, 7, 7, 7, 8, 7, 7, 8, 9, 7, 7, 7]
Test count of edges: 1914
cat
