Defaulting to user installation because normal site-packages is not writeable
Looking in links: /cvmfs/soft.computecanada.ca/custom/python/wheelhouse/gentoo/avx2, /cvmfs/soft.computecanada.ca/custom/python/wheelhouse/gentoo/generic, /cvmfs/soft.computecanada.ca/custom/python/wheelhouse/generic
Requirement already satisfied: graphviz in /home/js17sy/.local/lib/python3.10/site-packages (0.20)
255; python ga.py 18 1024N_graph18.dat 0.05 0.02 0.5 0.9 0.1 201 1024N_graph18mediumgen3rem50_ 428415
/project/6008788/js17sy/reopenga/1024a/ga.py:291: DeprecationWarning: Sampling from a set deprecated
since Python 3.9 and will be removed in a subsequent version.
  child1 = set(random.sample(
gen >0, new best = 604.100
gen >0, new best = 598.100
gen >0, new best = 591.000
gen: 0 best: 591.0 mean: 650.0686567164179
gen >1, new best = 571.200
gen: 1 best: 571.2 mean: 649.0805970149254
gen: 2 best: 571.2 mean: 648.8109452736319
gen: 3 best: 571.2 mean: 647.7577114427861
gen: 4 best: 571.2 mean: 645.5771144278607
gen: 5 best: 571.2 mean: 647.0134328358209
gen: 6 best: 571.2 mean: 646.3656716417911
gen: 7 best: 571.2 mean: 643.7199004975124
gen: 8 best: 571.2 mean: 641.4547263681592
gen: 9 best: 571.2 mean: 642.3671641791045
gen >10, new best = 566.000
gen: 10 best: 566.0 mean: 641.4298507462687
gen: 11 best: 566.0 mean: 641.389552238806
gen >12, new best = 560.700
gen >12, new best = 559.800
gen: 12 best: 559.8 mean: 640.6686567164179
gen: 13 best: 559.8 mean: 638.5298507462686
gen: 14 best: 559.8 mean: 637.7273631840796
gen >15, new best = 557.100
gen: 15 best: 557.1 mean: 637.4676616915423
gen: 16 best: 557.1 mean: 634.3671641791045
gen >17, new best = 547.900
gen: 17 best: 547.9 mean: 636.4781094527364
gen: 18 best: 547.9 mean: 632.8457711442786
gen: 19 best: 547.9 mean: 634.147263681592
gen: 20 best: 547.9 mean: 632.8621890547264
gen: 21 best: 547.9 mean: 630.0855721393035
gen: 22 best: 547.9 mean: 630.0164179104478
gen >23, new best = 542.800
gen: 23 best: 542.8 mean: 628.1383084577114
gen: 24 best: 542.8 mean: 627.963184079602
gen: 25 best: 542.8 mean: 627.5084577114428
gen: 26 best: 542.8 mean: 626.8796019900498
gen: 27 best: 542.8 mean: 624.7716417910448
gen: 28 best: 542.8 mean: 624.3636815920398
gen: 29 best: 542.8 mean: 623.4676616915423
gen: 30 best: 542.8 mean: 624.3218905472637
gen: 31 best: 542.8 mean: 623.2786069651742
gen: 32 best: 542.8 mean: 622.9044776119403
gen: 33 best: 542.8 mean: 622.4935323383085
gen: 34 best: 542.8 mean: 619.9835820895522
gen: 35 best: 542.8 mean: 619.2154228855721
gen >36, new best = 542.200
gen >36, new best = 539.900
gen: 36 best: 539.9 mean: 616.9805970149254
gen: 37 best: 539.9 mean: 615.8417910447761
gen: 38 best: 539.9 mean: 615.5064676616915
gen: 39 best: 539.9 mean: 616.3228855721393
gen >40, new best = 538.800
gen: 40 best: 538.8 mean: 615.187064676617
gen: 41 best: 538.8 mean: 614.8437810945273
gen: 42 best: 538.8 mean: 615.9194029850746
gen: 43 best: 538.8 mean: 612.9482587064676
gen: 44 best: 538.8 mean: 614.5019900497513
gen: 45 best: 538.8 mean: 612.4333333333333
gen: 46 best: 538.8 mean: 613.8641791044776
gen: 47 best: 538.8 mean: 613.2796019900497
gen: 48 best: 538.8 mean: 610.718407960199
gen: 49 best: 538.8 mean: 612.5293532338309
gen: 50 best: 538.8 mean: 611.2970149253731
gen: 51 best: 538.8 mean: 611.3348258706468
gen: 52 best: 538.8 mean: 610.773631840796
gen: 53 best: 538.8 mean: 611.4189054726368
gen: 54 best: 538.8 mean: 609.4388059701492
gen: 55 best: 538.8 mean: 608.7805970149253
gen: 56 best: 538.8 mean: 608.9472636815921
gen: 57 best: 538.8 mean: 608.8009950248756
gen >58, new best = 533.300
gen: 58 best: 533.3 mean: 607.6850746268657
gen: 59 best: 533.3 mean: 607.2805970149253
gen: 60 best: 533.3 mean: 607.7437810945273
gen: 61 best: 533.3 mean: 606.4880597014925
gen >62, new best = 530.300
gen: 62 best: 530.3 mean: 605.636815920398
gen: 63 best: 530.3 mean: 607.7189054726368
gen: 64 best: 530.3 mean: 606.0402985074627
gen >65, new best = 528.300
gen: 65 best: 528.3 mean: 604.1592039800995
gen: 66 best: 528.3 mean: 603.7776119402985
gen: 67 best: 528.3 mean: 602.8547263681592
gen: 68 best: 528.3 mean: 602.7248756218905
gen: 69 best: 528.3 mean: 602.2119402985074
gen >70, new best = 526.900
gen: 70 best: 526.9 mean: 601.3592039800996
gen: 71 best: 526.9 mean: 604.005472636816
gen: 72 best: 526.9 mean: 602.7054726368159
gen: 73 best: 526.9 mean: 601.8577114427861
gen: 74 best: 526.9 mean: 601.4308457711443
gen: 75 best: 526.9 mean: 602.8044776119403
gen: 76 best: 526.9 mean: 602.7179104477611
gen >77, new best = 522.200
gen: 77 best: 522.2 mean: 602.9611940298507
gen: 78 best: 522.2 mean: 599.6482587064677
gen: 79 best: 522.2 mean: 600.4039800995025
gen: 80 best: 522.2 mean: 601.497512437811
gen: 81 best: 522.2 mean: 600.031343283582
gen: 82 best: 522.2 mean: 600.2268656716418
gen: 83 best: 522.2 mean: 598.5378109452736
gen >84, new best = 494.600
gen: 84 best: 494.6 mean: 599.4771144278607
gen: 85 best: 494.6 mean: 599.0039800995025
gen: 86 best: 494.6 mean: 597.9582089552239
gen: 87 best: 494.6 mean: 598.1218905472637
gen: 88 best: 494.6 mean: 596.4164179104478
gen: 89 best: 494.6 mean: 600.065671641791
gen: 90 best: 494.6 mean: 599.2800995024876
gen: 91 best: 494.6 mean: 598.5114427860697
gen: 92 best: 494.6 mean: 596.8422885572139
gen: 93 best: 494.6 mean: 597.7278606965174
gen: 94 best: 494.6 mean: 596.9597014925373
gen: 95 best: 494.6 mean: 596.8313432835821
gen: 96 best: 494.6 mean: 597.0915422885572
gen: 97 best: 494.6 mean: 597.5910447761194
gen: 98 best: 494.6 mean: 595.3756218905472
gen: 99 best: 494.6 mean: 595.349751243781
[11, 9, 9, 9, 10, 10, 8, 8, 10, 9, 8, 8, 9, 8, 14, 9, 9, 11, 11, 9, 9, 12, 9, 9, 10, 10, 10, 11, 9, 8, 8, 9, 8, 9, 9, 9, 9, 10, 9, 9, 10, 9, 10, 10, 9, 10]
Test count of edges: 3128
cat
