Defaulting to user installation because normal site-packages is not writeable
Looking in links: /cvmfs/soft.computecanada.ca/custom/python/wheelhouse/gentoo/avx2, /cvmfs/soft.computecanada.ca/custom/python/wheelhouse/gentoo/generic, /cvmfs/soft.computecanada.ca/custom/python/wheelhouse/generic
Requirement already satisfied: graphviz in /home/js17sy/.local/lib/python3.10/site-packages (0.20)
203; python ga.py 18 1024N_graph18.dat 0.05 0.02 0.5 0.5 0.5 201 1024N_graph18mediumgen1rem50_ 656903
/project/6008788/js17sy/reopenga/1024a/ga.py:291: DeprecationWarning: Sampling from a set deprecated
since Python 3.9 and will be removed in a subsequent version.
  child1 = set(random.sample(
gen >0, new best = 670.800
gen >0, new best = 646.100
gen >0, new best = 638.300
gen >0, new best = 637.000
gen >0, new best = 632.700
gen >0, new best = 627.100
gen >0, new best = 593.600
gen >0, new best = 582.500
gen: 0 best: 582.5 mean: 649.3330845771144
gen: 1 best: 582.5 mean: 649.1412935323383
gen: 2 best: 582.5 mean: 646.4621890547264
gen >3, new best = 576.400
gen: 3 best: 576.4 mean: 645.5577114427861
gen >4, new best = 568.800
gen: 4 best: 568.8 mean: 646.3144278606965
gen: 5 best: 568.8 mean: 644.763184079602
gen: 6 best: 568.8 mean: 644.6154228855721
gen: 7 best: 568.8 mean: 642.4606965174129
gen >8, new best = 558.900
gen: 8 best: 558.9 mean: 641.594527363184
gen: 9 best: 558.9 mean: 640.6885572139304
gen: 10 best: 558.9 mean: 639.9766169154229
gen: 11 best: 558.9 mean: 639.9124378109452
gen: 12 best: 558.9 mean: 639.0467661691542
gen: 13 best: 558.9 mean: 638.2174129353234
gen: 14 best: 558.9 mean: 637.5930348258706
gen: 15 best: 558.9 mean: 639.5582089552239
gen: 16 best: 558.9 mean: 637.8960199004975
gen: 17 best: 558.9 mean: 636.6840796019901
gen: 18 best: 558.9 mean: 636.6059701492537
gen: 19 best: 558.9 mean: 635.4233830845772
gen: 20 best: 558.9 mean: 636.2129353233831
gen: 21 best: 558.9 mean: 632.8024875621891
gen: 22 best: 558.9 mean: 635.3845771144279
gen >23, new best = 553.600
gen: 23 best: 553.6 mean: 634.2741293532338
gen: 24 best: 553.6 mean: 633.3174129353234
gen: 25 best: 553.6 mean: 632.3761194029851
gen: 26 best: 553.6 mean: 632.9144278606965
gen: 27 best: 553.6 mean: 632.3860696517413
gen: 28 best: 553.6 mean: 631.018407960199
gen: 29 best: 553.6 mean: 630.328855721393
gen: 30 best: 553.6 mean: 629.155223880597
gen: 31 best: 553.6 mean: 629.0139303482587
gen: 32 best: 553.6 mean: 629.3373134328358
gen: 33 best: 553.6 mean: 628.7323383084577
gen: 34 best: 553.6 mean: 628.8109452736319
gen: 35 best: 553.6 mean: 627.6666666666666
gen: 36 best: 553.6 mean: 628.0975124378109
gen: 37 best: 553.6 mean: 626.8014925373134
gen: 38 best: 553.6 mean: 626.8293532338308
gen: 39 best: 553.6 mean: 626.0348258706467
gen: 40 best: 553.6 mean: 625.2885572139304
gen >41, new best = 551.200
gen: 41 best: 551.2 mean: 625.4572139303483
gen: 42 best: 551.2 mean: 624.0273631840796
gen: 43 best: 551.2 mean: 622.8995024875621
gen >44, new best = 548.400
gen: 44 best: 548.4 mean: 622.8616915422886
gen: 45 best: 548.4 mean: 623.7791044776119
gen: 46 best: 548.4 mean: 622.7363184079602
gen: 47 best: 548.4 mean: 623.3099502487562
gen >48, new best = 533.700
gen: 48 best: 533.7 mean: 621.9338308457711
gen: 49 best: 533.7 mean: 622.3537313432836
gen: 50 best: 533.7 mean: 622.8437810945273
gen: 51 best: 533.7 mean: 621.673631840796
gen: 52 best: 533.7 mean: 622.9557213930349
gen: 53 best: 533.7 mean: 620.5009950248756
gen: 54 best: 533.7 mean: 621.4865671641791
gen: 55 best: 533.7 mean: 622.5452736318408
gen: 56 best: 533.7 mean: 620.4766169154229
gen: 57 best: 533.7 mean: 621.3691542288557
gen: 58 best: 533.7 mean: 621.9940298507463
gen: 59 best: 533.7 mean: 621.0049751243781
gen: 60 best: 533.7 mean: 621.0154228855721
gen: 61 best: 533.7 mean: 619.4497512437811
gen: 62 best: 533.7 mean: 619.1756218905473
gen: 63 best: 533.7 mean: 620.0208955223881
gen: 64 best: 533.7 mean: 620.4467661691542
gen: 65 best: 533.7 mean: 619.7248756218905
gen: 66 best: 533.7 mean: 618.9358208955224
gen: 67 best: 533.7 mean: 620.1855721393035
gen: 68 best: 533.7 mean: 618.9676616915423
gen: 69 best: 533.7 mean: 618.5014925373134
gen: 70 best: 533.7 mean: 617.6611940298508
gen: 71 best: 533.7 mean: 618.7701492537313
gen: 72 best: 533.7 mean: 619.044776119403
gen: 73 best: 533.7 mean: 618.6900497512438
gen: 74 best: 533.7 mean: 616.8169154228856
gen: 75 best: 533.7 mean: 617.863184079602
gen: 76 best: 533.7 mean: 616.6641791044776
gen: 77 best: 533.7 mean: 617.3487562189055
gen: 78 best: 533.7 mean: 614.826368159204
gen: 79 best: 533.7 mean: 616.8432835820895
gen: 80 best: 533.7 mean: 617.2004975124378
gen: 81 best: 533.7 mean: 618.2592039800995
gen: 82 best: 533.7 mean: 615.4721393034825
gen: 83 best: 533.7 mean: 617.9756218905472
gen >84, new best = 527.100
gen: 84 best: 527.1 mean: 616.118407960199
gen: 85 best: 527.1 mean: 615.6950248756219
gen: 86 best: 527.1 mean: 616.152736318408
gen: 87 best: 527.1 mean: 616.4636815920398
gen: 88 best: 527.1 mean: 616.642288557214
gen: 89 best: 527.1 mean: 614.6144278606965
gen: 90 best: 527.1 mean: 614.7572139303483
gen: 91 best: 527.1 mean: 615.2482587064677
gen: 92 best: 527.1 mean: 615.6442786069651
gen: 93 best: 527.1 mean: 614.8656716417911
gen: 94 best: 527.1 mean: 615.1089552238806
gen: 95 best: 527.1 mean: 615.6308457711443
gen: 96 best: 527.1 mean: 611.971144278607
gen: 97 best: 527.1 mean: 615.7094527363184
gen: 98 best: 527.1 mean: 615.16815920398
gen: 99 best: 527.1 mean: 614.4388059701492
[9, 8, 8, 9, 9, 9, 9, 9, 8, 10, 9, 12, 11, 8, 9, 10, 10, 10, 10, 8, 10, 9, 9, 9, 9, 9, 10, 9, 12, 9, 9, 10, 9, 10, 9, 10, 10, 9, 10, 10, 8, 9, 9, 9, 9]
Test count of edges: 3157
cat
