Defaulting to user installation because normal site-packages is not writeable
Looking in links: /cvmfs/soft.computecanada.ca/custom/python/wheelhouse/gentoo/avx2, /cvmfs/soft.computecanada.ca/custom/python/wheelhouse/gentoo/generic, /cvmfs/soft.computecanada.ca/custom/python/wheelhouse/generic
Requirement already satisfied: graphviz in /home/js17sy/.local/lib/python3.10/site-packages (0.20)
556; python ga.py 18 1024N_graph18.dat 0.1 0.04 0.5 0.5 0.5 201 1024N_graph18leerygen1rem50_ 456976
/project/6008788/js17sy/reopenga/1024a/ga.py:291: DeprecationWarning: Sampling from a set deprecated
since Python 3.9 and will be removed in a subsequent version.
  child1 = set(random.sample(
gen >0, new best = 701.800
gen >0, new best = 698.600
gen >0, new best = 697.800
gen >0, new best = 695.700
gen >0, new best = 675.800
gen >0, new best = 635.900
gen >0, new best = 630.000
gen: 0 best: 630.0 mean: 705.3174129353234
gen: 1 best: 630.0 mean: 704.9
gen >2, new best = 626.700
gen >2, new best = 614.400
gen: 2 best: 614.4 mean: 701.8805970149253
gen: 3 best: 614.4 mean: 703.102487562189
gen: 4 best: 614.4 mean: 701.3626865671641
gen: 5 best: 614.4 mean: 700.210447761194
gen: 6 best: 614.4 mean: 697.5527363184079
gen: 7 best: 614.4 mean: 699.4805970149254
gen: 8 best: 614.4 mean: 697.4452736318408
gen: 9 best: 614.4 mean: 698.7800995024876
gen: 10 best: 614.4 mean: 697.3995024875622
gen: 11 best: 614.4 mean: 696.0378109452736
gen: 12 best: 614.4 mean: 695.671144278607
gen >13, new best = 612.600
gen: 13 best: 612.6 mean: 694.8069651741293
gen: 14 best: 612.6 mean: 691.1174129353234
gen >15, new best = 610.200
gen: 15 best: 610.2 mean: 695.3706467661691
gen: 16 best: 610.2 mean: 694.1646766169155
gen >17, new best = 609.100
gen: 17 best: 609.1 mean: 692.436815920398
gen: 18 best: 609.1 mean: 692.139303482587
gen: 19 best: 609.1 mean: 692.4567164179105
gen: 20 best: 609.1 mean: 691.5582089552239
gen: 21 best: 609.1 mean: 690.8363184079602
gen: 22 best: 609.1 mean: 691.163184079602
gen: 23 best: 609.1 mean: 692.2766169154229
gen: 24 best: 609.1 mean: 691.0492537313432
gen: 25 best: 609.1 mean: 692.1517412935324
gen: 26 best: 609.1 mean: 690.5134328358209
gen: 27 best: 609.1 mean: 689.3268656716418
gen: 28 best: 609.1 mean: 689.6800995024876
gen: 29 best: 609.1 mean: 691.4019900497512
gen: 30 best: 609.1 mean: 688.9388059701492
gen: 31 best: 609.1 mean: 688.8492537313433
gen: 32 best: 609.1 mean: 691.5626865671642
gen: 33 best: 609.1 mean: 688.0572139303482
gen: 34 best: 609.1 mean: 687.8099502487562
gen >35, new best = 608.000
gen: 35 best: 608.0 mean: 687.9726368159204
gen >36, new best = 597.800
gen: 36 best: 597.8 mean: 684.8736318407961
gen: 37 best: 597.8 mean: 686.5621890547263
gen >38, new best = 592.300
gen: 38 best: 592.3 mean: 684.9253731343283
gen: 39 best: 592.3 mean: 686.3482587064676
gen: 40 best: 592.3 mean: 685.3134328358209
gen: 41 best: 592.3 mean: 684.0980099502488
gen: 42 best: 592.3 mean: 684.1174129353234
gen: 43 best: 592.3 mean: 683.8462686567165
gen >44, new best = 586.600
gen: 44 best: 586.6 mean: 682.4104477611941
gen: 45 best: 586.6 mean: 683.9238805970149
gen: 46 best: 586.6 mean: 681.1830845771144
gen: 47 best: 586.6 mean: 682.7825870646766
gen: 48 best: 586.6 mean: 683.1203980099502
gen: 49 best: 586.6 mean: 681.4910447761195
gen: 50 best: 586.6 mean: 680.9786069651741
gen: 51 best: 586.6 mean: 681.2611940298508
gen: 52 best: 586.6 mean: 682.3562189054726
gen: 53 best: 586.6 mean: 680.6890547263681
gen: 54 best: 586.6 mean: 680.0213930348259
gen: 55 best: 586.6 mean: 680.7756218905473
gen: 56 best: 586.6 mean: 679.6019900497513
gen: 57 best: 586.6 mean: 678.8915422885572
gen: 58 best: 586.6 mean: 680.2378109452736
gen: 59 best: 586.6 mean: 677.5885572139304
gen: 60 best: 586.6 mean: 678.5970149253732
gen: 61 best: 586.6 mean: 678.6094527363184
gen: 62 best: 586.6 mean: 679.7323383084577
gen: 63 best: 586.6 mean: 677.4477611940299
gen: 64 best: 586.6 mean: 678.4681592039801
gen: 65 best: 586.6 mean: 677.8522388059702
gen: 66 best: 586.6 mean: 676.9885572139303
gen: 67 best: 586.6 mean: 678.6069651741293
gen: 68 best: 586.6 mean: 678.3965174129353
gen: 69 best: 586.6 mean: 676.9383084577114
gen: 70 best: 586.6 mean: 677.8223880597014
gen: 71 best: 586.6 mean: 678.2179104477611
gen: 72 best: 586.6 mean: 674.4169154228856
gen: 73 best: 586.6 mean: 677.0044776119403
gen: 74 best: 586.6 mean: 674.5084577114428
gen: 75 best: 586.6 mean: 675.0706467661691
gen: 76 best: 586.6 mean: 675.3024875621891
gen: 77 best: 586.6 mean: 674.1119402985074
gen: 78 best: 586.6 mean: 676.5442786069651
gen: 79 best: 586.6 mean: 676.1955223880597
gen: 80 best: 586.6 mean: 676.7119402985074
gen: 81 best: 586.6 mean: 676.9835820895522
gen: 82 best: 586.6 mean: 675.6049751243781
gen: 83 best: 586.6 mean: 675.9955223880597
gen: 84 best: 586.6 mean: 675.3467661691542
gen: 85 best: 586.6 mean: 675.8482587064676
gen: 86 best: 586.6 mean: 674.8820895522388
gen: 87 best: 586.6 mean: 673.8388059701492
gen: 88 best: 586.6 mean: 677.1179104477612
gen: 89 best: 586.6 mean: 675.8243781094527
gen >90, new best = 541.200
gen: 90 best: 541.2 mean: 675.9850746268656
gen: 91 best: 541.2 mean: 675.0213930348259
gen: 92 best: 541.2 mean: 674.4582089552239
gen: 93 best: 541.2 mean: 675.5358208955224
gen: 94 best: 541.2 mean: 673.2786069651742
gen: 95 best: 541.2 mean: 673.8980099502487
gen: 96 best: 541.2 mean: 672.4482587064676
gen: 97 best: 541.2 mean: 671.5283582089552
gen: 98 best: 541.2 mean: 672.4626865671642
gen: 99 best: 541.2 mean: 672.9139303482588
[7, 7, 8, 8, 10, 9, 8, 9, 11, 8, 10, 9, 8, 9, 8, 7, 9, 8, 8, 9, 8, 8, 8, 7, 8, 8, 9, 8, 9, 7, 7, 9, 9, 8, 10, 7, 8, 8, 9, 7, 8, 7, 9, 8, 8, 7]
Test count of edges: 3160
cat
