Defaulting to user installation because normal site-packages is not writeable
Looking in links: /cvmfs/soft.computecanada.ca/custom/python/wheelhouse/gentoo/avx2, /cvmfs/soft.computecanada.ca/custom/python/wheelhouse/gentoo/generic, /cvmfs/soft.computecanada.ca/custom/python/wheelhouse/generic
Requirement already satisfied: graphviz in /home/js17sy/.local/lib/python3.10/site-packages (0.20)
310; python ga.py 18 1024N_graph18.dat 0.05 0.02 0.7 0.7 0.3 201 1024N_graph18mediumgen2rem70_ 285610
/project/6008788/js17sy/reopenga/1024a/ga.py:291: DeprecationWarning: Sampling from a set deprecated
since Python 3.9 and will be removed in a subsequent version.
  child1 = set(random.sample(
gen >0, new best = 664.600
gen >0, new best = 651.700
gen >0, new best = 639.300
gen >0, new best = 598.900
gen >0, new best = 570.300
gen >0, new best = 568.200
gen >0, new best = 562.300
gen: 0 best: 562.3 mean: 623.6179104477612
gen >1, new best = 562.100
gen >1, new best = 544.400
gen >1, new best = 510.000
gen: 1 best: 510.0 mean: 613.9248756218906
gen: 2 best: 510.0 mean: 610.3223880597014
gen: 3 best: 510.0 mean: 603.6885572139304
gen: 4 best: 510.0 mean: 597.2621890547264
gen: 5 best: 510.0 mean: 593.292039800995
gen: 6 best: 510.0 mean: 588.1960199004975
gen: 7 best: 510.0 mean: 585.4492537313433
gen: 8 best: 510.0 mean: 584.8825870646766
gen >9, new best = 499.600
gen: 9 best: 499.6 mean: 582.6303482587065
gen >10, new best = 482.600
gen: 10 best: 482.6 mean: 575.2980099502488
gen: 11 best: 482.6 mean: 578.0034825870647
gen: 12 best: 482.6 mean: 572.1348258706468
gen >13, new best = 472.500
gen: 13 best: 472.5 mean: 566.8298507462687
gen: 14 best: 472.5 mean: 566.3487562189055
gen: 15 best: 472.5 mean: 562.820895522388
gen: 16 best: 472.5 mean: 558.665671641791
gen: 17 best: 472.5 mean: 555.0970149253732
gen >18, new best = 460.800
gen: 18 best: 460.8 mean: 552.2860696517413
gen >19, new best = 455.200
gen: 19 best: 455.2 mean: 545.565671641791
gen: 20 best: 455.2 mean: 543.3268656716418
gen: 21 best: 455.2 mean: 544.4134328358209
gen: 22 best: 455.2 mean: 543.5751243781094
gen: 23 best: 455.2 mean: 539.6945273631841
gen: 24 best: 455.2 mean: 539.0238805970149
gen: 25 best: 455.2 mean: 539.4223880597015
gen: 26 best: 455.2 mean: 539.5398009950248
gen: 27 best: 455.2 mean: 536.4791044776119
gen: 28 best: 455.2 mean: 532.9174129353233
gen >29, new best = 390.800
gen: 29 best: 390.8 mean: 532.3383084577115
gen: 30 best: 390.8 mean: 530.7825870646766
gen: 31 best: 390.8 mean: 531.0517412935324
gen: 32 best: 390.8 mean: 530.0019900497513
gen: 33 best: 390.8 mean: 528.5398009950248
gen: 34 best: 390.8 mean: 527.907960199005
gen: 35 best: 390.8 mean: 528.5542288557214
gen: 36 best: 390.8 mean: 525.6512437810945
gen: 37 best: 390.8 mean: 526.2273631840796
gen: 38 best: 390.8 mean: 525.6477611940298
gen: 39 best: 390.8 mean: 525.9378109452737
gen: 40 best: 390.8 mean: 524.8457711442786
gen: 41 best: 390.8 mean: 521.4124378109452
gen: 42 best: 390.8 mean: 522.6512437810945
gen: 43 best: 390.8 mean: 519.8691542288557
gen: 44 best: 390.8 mean: 521.9681592039801
gen: 45 best: 390.8 mean: 521.218407960199
gen: 46 best: 390.8 mean: 522.4482587064676
gen: 47 best: 390.8 mean: 520.9179104477612
gen: 48 best: 390.8 mean: 514.8771144278606
gen: 49 best: 390.8 mean: 516.1845771144278
gen: 50 best: 390.8 mean: 517.889552238806
gen: 51 best: 390.8 mean: 517.7482587064677
gen: 52 best: 390.8 mean: 517.2980099502488
gen: 53 best: 390.8 mean: 514.8716417910448
gen: 54 best: 390.8 mean: 517.3995024875622
gen: 55 best: 390.8 mean: 514.5890547263682
gen: 56 best: 390.8 mean: 514.9830845771145
gen: 57 best: 390.8 mean: 513.2512437810946
gen: 58 best: 390.8 mean: 513.0069651741294
gen: 59 best: 390.8 mean: 511.0417910447761
gen: 60 best: 390.8 mean: 511.90248756218904
gen: 61 best: 390.8 mean: 512.8915422885572
gen: 62 best: 390.8 mean: 512.7567164179104
gen: 63 best: 390.8 mean: 511.79253731343283
gen: 64 best: 390.8 mean: 511.0626865671642
gen: 65 best: 390.8 mean: 510.37412935323385
gen: 66 best: 390.8 mean: 509.37014925373137
gen: 67 best: 390.8 mean: 510.92885572139306
gen: 68 best: 390.8 mean: 506.72388059701495
gen: 69 best: 390.8 mean: 507.83930348258707
gen: 70 best: 390.8 mean: 506.3174129353234
gen: 71 best: 390.8 mean: 507.9154228855721
gen: 72 best: 390.8 mean: 505.94726368159206
gen: 73 best: 390.8 mean: 506.7218905472637
gen: 74 best: 390.8 mean: 507.1442786069652
gen: 75 best: 390.8 mean: 505.307960199005
gen: 76 best: 390.8 mean: 504.7825870646766
gen: 77 best: 390.8 mean: 507.1139303482587
gen: 78 best: 390.8 mean: 509.15472636815923
gen: 79 best: 390.8 mean: 508.05223880597015
gen: 80 best: 390.8 mean: 508.06169154228854
gen: 81 best: 390.8 mean: 505.5855721393035
gen: 82 best: 390.8 mean: 504.34676616915425
gen: 83 best: 390.8 mean: 505.3905472636816
gen: 84 best: 390.8 mean: 504.181592039801
gen: 85 best: 390.8 mean: 504.9850746268657
gen: 86 best: 390.8 mean: 501.26666666666665
gen: 87 best: 390.8 mean: 505.15721393034823
gen: 88 best: 390.8 mean: 505.07910447761196
gen: 89 best: 390.8 mean: 502.82487562189056
gen: 90 best: 390.8 mean: 501.3462686567164
gen: 91 best: 390.8 mean: 502.4577114427861
gen: 92 best: 390.8 mean: 501.19154228855723
gen: 93 best: 390.8 mean: 504.2582089552239
gen: 94 best: 390.8 mean: 501.0273631840796
gen: 95 best: 390.8 mean: 502.6761194029851
gen: 96 best: 390.8 mean: 503.08358208955224
gen: 97 best: 390.8 mean: 503.4855721393035
gen: 98 best: 390.8 mean: 501.46218905472637
gen: 99 best: 390.8 mean: 502.6243781094527
[7, 9, 8, 8, 8, 9, 8, 9, 8, 9, 8, 8, 8, 9, 7, 10, 9, 9, 8, 8, 7, 8, 9, 10, 8, 8, 8, 7, 9, 8, 8, 9, 9, 8, 8, 8, 9, 8, 8, 9, 8, 8, 8, 8, 8, 9, 9, 9, 9, 9]
Test count of edges: 1881
cat
