Defaulting to user installation because normal site-packages is not writeable
Looking in links: /cvmfs/soft.computecanada.ca/custom/python/wheelhouse/gentoo/avx2, /cvmfs/soft.computecanada.ca/custom/python/wheelhouse/gentoo/generic, /cvmfs/soft.computecanada.ca/custom/python/wheelhouse/generic
Requirement already satisfied: graphviz in /home/js17sy/.local/lib/python3.10/site-packages (0.20)
586; python ga.py 18 1024N_graph18.dat 0.1 0.04 0.5 0.7 0.3 201 1024N_graph18leerygen2rem50_ 456976
/project/6008788/js17sy/reopenga/1024a/ga.py:291: DeprecationWarning: Sampling from a set deprecated
since Python 3.9 and will be removed in a subsequent version.
  child1 = set(random.sample(
gen >0, new best = 701.800
gen >0, new best = 698.600
gen >0, new best = 697.800
gen >0, new best = 695.700
gen >0, new best = 675.800
gen >0, new best = 635.900
gen >0, new best = 630.000
gen: 0 best: 630.0 mean: 705.3174129353234
gen: 1 best: 630.0 mean: 704.9621890547264
gen: 2 best: 630.0 mean: 703.9407960199005
gen >3, new best = 625.200
gen: 3 best: 625.2 mean: 703.6611940298508
gen: 4 best: 625.2 mean: 702.0587064676616
gen >5, new best = 559.400
gen: 5 best: 559.4 mean: 701.9457711442786
gen: 6 best: 559.4 mean: 700.1582089552239
gen: 7 best: 559.4 mean: 700.973631840796
gen: 8 best: 559.4 mean: 699.381592039801
gen: 9 best: 559.4 mean: 700.4482587064676
gen: 10 best: 559.4 mean: 698.6303482587065
gen: 11 best: 559.4 mean: 698.9900497512438
gen: 12 best: 559.4 mean: 697.0084577114428
gen: 13 best: 559.4 mean: 698.726368159204
gen: 14 best: 559.4 mean: 698.8517412935323
gen: 15 best: 559.4 mean: 695.9144278606965
gen: 16 best: 559.4 mean: 695.9557213930349
gen: 17 best: 559.4 mean: 695.7293532338308
gen: 18 best: 559.4 mean: 694.61592039801
gen: 19 best: 559.4 mean: 694.2407960199005
gen: 20 best: 559.4 mean: 694.9721393034825
gen: 21 best: 559.4 mean: 693.7651741293532
gen: 22 best: 559.4 mean: 693.0786069651741
gen: 23 best: 559.4 mean: 693.7094527363184
gen: 24 best: 559.4 mean: 691.7417910447762
gen: 25 best: 559.4 mean: 691.5646766169154
gen: 26 best: 559.4 mean: 691.7542288557214
gen: 27 best: 559.4 mean: 691.6238805970149
gen: 28 best: 559.4 mean: 691.9089552238806
gen: 29 best: 559.4 mean: 689.2850746268657
gen: 30 best: 559.4 mean: 690.5517412935324
gen: 31 best: 559.4 mean: 690.3706467661691
gen: 32 best: 559.4 mean: 690.9676616915423
gen: 33 best: 559.4 mean: 688.7582089552238
gen: 34 best: 559.4 mean: 689.2243781094527
gen: 35 best: 559.4 mean: 688.5144278606965
gen: 36 best: 559.4 mean: 687.3651741293532
gen: 37 best: 559.4 mean: 688.9691542288557
gen: 38 best: 559.4 mean: 687.8512437810946
gen: 39 best: 559.4 mean: 688.4910447761195
gen: 40 best: 559.4 mean: 687.3582089552239
gen: 41 best: 559.4 mean: 686.710447761194
gen: 42 best: 559.4 mean: 686.2577114427861
gen: 43 best: 559.4 mean: 686.5960199004975
gen: 44 best: 559.4 mean: 684.8582089552239
gen: 45 best: 559.4 mean: 687.1462686567164
gen: 46 best: 559.4 mean: 685.3009950248756
gen: 47 best: 559.4 mean: 684.6034825870647
gen: 48 best: 559.4 mean: 685.0388059701493
gen: 49 best: 559.4 mean: 685.0089552238805
gen: 50 best: 559.4 mean: 684.797512437811
gen: 51 best: 559.4 mean: 682.9517412935323
gen: 52 best: 559.4 mean: 682.0393034825871
gen: 53 best: 559.4 mean: 682.2437810945273
gen: 54 best: 559.4 mean: 682.0641791044776
gen: 55 best: 559.4 mean: 683.0592039800995
gen: 56 best: 559.4 mean: 683.463184079602
gen: 57 best: 559.4 mean: 681.2149253731343
gen: 58 best: 559.4 mean: 680.2328358208955
gen: 59 best: 559.4 mean: 682.071144278607
gen: 60 best: 559.4 mean: 680.3905472636816
gen: 61 best: 559.4 mean: 680.9114427860696
gen: 62 best: 559.4 mean: 679.4532338308458
gen: 63 best: 559.4 mean: 681.9049751243781
gen: 64 best: 559.4 mean: 680.5885572139304
gen: 65 best: 559.4 mean: 679.7517412935323
gen: 66 best: 559.4 mean: 681.2611940298508
gen: 67 best: 559.4 mean: 680.5218905472636
gen: 68 best: 559.4 mean: 680.1592039800995
gen: 69 best: 559.4 mean: 680.9507462686568
gen: 70 best: 559.4 mean: 681.2626865671642
gen: 71 best: 559.4 mean: 680.7805970149253
gen: 72 best: 559.4 mean: 681.4955223880597
gen: 73 best: 559.4 mean: 680.7671641791045
gen: 74 best: 559.4 mean: 680.1990049751244
gen: 75 best: 559.4 mean: 682.4094527363184
gen: 76 best: 559.4 mean: 679.0870646766169
gen: 77 best: 559.4 mean: 678.9601990049752
gen: 78 best: 559.4 mean: 678.9517412935323
gen: 79 best: 559.4 mean: 678.718407960199
gen: 80 best: 559.4 mean: 680.0686567164179
gen: 81 best: 559.4 mean: 679.3940298507463
gen: 82 best: 559.4 mean: 680.0119402985075
gen: 83 best: 559.4 mean: 679.2373134328358
gen: 84 best: 559.4 mean: 679.8825870646766
gen: 85 best: 559.4 mean: 678.5975124378109
gen: 86 best: 559.4 mean: 676.6920398009951
gen: 87 best: 559.4 mean: 679.3432835820895
gen: 88 best: 559.4 mean: 678.8228855721393
gen: 89 best: 559.4 mean: 676.5681592039801
gen: 90 best: 559.4 mean: 678.3064676616915
gen: 91 best: 559.4 mean: 679.1407960199004
gen >92, new best = 538.000
gen: 92 best: 538.0 mean: 678.7268656716418
gen: 93 best: 538.0 mean: 678.6169154228855
gen: 94 best: 538.0 mean: 678.6641791044776
gen: 95 best: 538.0 mean: 678.8980099502487
gen >96, new best = 529.400
gen: 96 best: 529.4 mean: 676.3084577114428
gen: 97 best: 529.4 mean: 679.8766169154229
gen: 98 best: 529.4 mean: 677.5597014925373
gen: 99 best: 529.4 mean: 676.3746268656716
[7, 7, 7, 8, 8, 9, 8, 8, 8, 9, 8, 9, 8, 9, 8, 11, 9, 11, 8, 7, 8, 10, 9, 8, 7, 12, 8, 8, 9, 7, 7, 7, 11, 9, 11, 8, 8, 7, 8, 8, 8, 7, 8, 9, 7, 9, 7, 7]
Test count of edges: 3146
cat
