Defaulting to user installation because normal site-packages is not writeable
Looking in links: /cvmfs/soft.computecanada.ca/custom/python/wheelhouse/gentoo/avx2, /cvmfs/soft.computecanada.ca/custom/python/wheelhouse/gentoo/generic, /cvmfs/soft.computecanada.ca/custom/python/wheelhouse/generic
Requirement already satisfied: graphviz in /home/js17sy/.local/lib/python3.10/site-packages (0.20)
512; python ga.py 18 1024N_graph18.dat 0.075 0.03 0.7 0.9 0.1 201 1024N_graph18laxgen3rem70_ 57122
/project/6008788/js17sy/reopenga/1024a/ga.py:291: DeprecationWarning: Sampling from a set deprecated
since Python 3.9 and will be removed in a subsequent version.
  child1 = set(random.sample(
gen >0, new best = 622.600
gen >0, new best = 598.700
gen >0, new best = 595.700
gen >0, new best = 568.500
gen: 0 best: 568.5 mean: 650.2562189054727
gen >1, new best = 553.400
gen: 1 best: 553.4 mean: 647.7626865671642
gen: 2 best: 553.4 mean: 639.0676616915423
gen: 3 best: 553.4 mean: 636.928855721393
gen >4, new best = 540.200
gen: 4 best: 540.2 mean: 630.6189054726368
gen >5, new best = 533.300
gen: 5 best: 533.3 mean: 630.5786069651741
gen: 6 best: 533.3 mean: 627.9592039800995
gen: 7 best: 533.3 mean: 621.2721393034826
gen: 8 best: 533.3 mean: 622.2686567164179
gen: 9 best: 533.3 mean: 617.218407960199
gen: 10 best: 533.3 mean: 615.8845771144279
gen >11, new best = 526.100
gen: 11 best: 526.1 mean: 609.1676616915423
gen: 12 best: 526.1 mean: 609.7517412935323
gen: 13 best: 526.1 mean: 609.007960199005
gen >14, new best = 517.200
gen: 14 best: 517.2 mean: 605.8825870646766
gen: 15 best: 517.2 mean: 603.2517412935323
gen >16, new best = 516.800
gen: 16 best: 516.8 mean: 601.7646766169154
gen: 17 best: 516.8 mean: 600.610447761194
gen: 18 best: 516.8 mean: 596.0597014925373
gen >19, new best = 512.300
gen: 19 best: 512.3 mean: 592.3557213930349
gen: 20 best: 512.3 mean: 592.4099502487562
gen >21, new best = 505.200
gen: 21 best: 505.2 mean: 590.6805970149254
gen: 22 best: 505.2 mean: 585.6751243781094
gen: 23 best: 505.2 mean: 585.018407960199
gen: 24 best: 505.2 mean: 581.5766169154228
gen: 25 best: 505.2 mean: 581.102487562189
gen: 26 best: 505.2 mean: 577.5298507462686
gen: 27 best: 505.2 mean: 576.9492537313433
gen >28, new best = 500.000
gen: 28 best: 500.0 mean: 577.6930348258707
gen >29, new best = 484.300
gen: 29 best: 484.3 mean: 570.9412935323384
gen: 30 best: 484.3 mean: 571.8164179104477
gen: 31 best: 484.3 mean: 570.0159203980099
gen: 32 best: 484.3 mean: 569.2651741293532
gen: 33 best: 484.3 mean: 566.6666666666666
gen: 34 best: 484.3 mean: 566.465671641791
gen >35, new best = 479.300
gen: 35 best: 479.3 mean: 565.255223880597
gen: 36 best: 479.3 mean: 563.8014925373135
gen: 37 best: 479.3 mean: 562.4059701492538
gen: 38 best: 479.3 mean: 561.110447761194
gen: 39 best: 479.3 mean: 560.9029850746268
gen: 40 best: 479.3 mean: 563.9159203980099
gen: 41 best: 479.3 mean: 561.8009950248756
gen: 42 best: 479.3 mean: 559.1532338308458
gen: 43 best: 479.3 mean: 560.7781094527363
gen: 44 best: 479.3 mean: 555.6179104477612
gen: 45 best: 479.3 mean: 553.9323383084577
gen: 46 best: 479.3 mean: 555.6323383084577
gen: 47 best: 479.3 mean: 555.2656716417911
gen: 48 best: 479.3 mean: 554.8955223880597
gen >49, new best = 474.100
gen: 49 best: 474.1 mean: 555.1194029850747
gen: 50 best: 474.1 mean: 555.542288557214
gen >51, new best = 466.400
gen: 51 best: 466.4 mean: 554.1611940298508
gen: 52 best: 466.4 mean: 551.255223880597
gen: 53 best: 466.4 mean: 549.4009950248757
gen: 54 best: 466.4 mean: 551.1174129353234
gen: 55 best: 466.4 mean: 551.1049751243781
gen: 56 best: 466.4 mean: 549.4084577114428
gen: 57 best: 466.4 mean: 549.3731343283582
gen: 58 best: 466.4 mean: 549.8800995024876
gen: 59 best: 466.4 mean: 550.4084577114428
gen: 60 best: 466.4 mean: 544.6691542288557
gen: 61 best: 466.4 mean: 548.1572139303482
gen: 62 best: 466.4 mean: 544.6179104477612
gen: 63 best: 466.4 mean: 544.8308457711443
gen: 64 best: 466.4 mean: 544.4666666666667
gen: 65 best: 466.4 mean: 544.5248756218906
gen: 66 best: 466.4 mean: 544.6621890547264
gen: 67 best: 466.4 mean: 548.1049751243781
gen: 68 best: 466.4 mean: 543.3805970149253
gen: 69 best: 466.4 mean: 543.8905472636816
gen: 70 best: 466.4 mean: 540.868656716418
gen: 71 best: 466.4 mean: 543.1880597014925
gen >72, new best = 450.300
gen: 72 best: 450.3 mean: 542.8502487562189
gen: 73 best: 450.3 mean: 539.6890547263681
gen: 74 best: 450.3 mean: 541.4114427860696
gen: 75 best: 450.3 mean: 541.1616915422885
gen: 76 best: 450.3 mean: 538.457711442786
gen: 77 best: 450.3 mean: 539.1243781094528
gen: 78 best: 450.3 mean: 540.7562189054727
gen: 79 best: 450.3 mean: 539.1810945273631
gen: 80 best: 450.3 mean: 542.2074626865672
gen: 81 best: 450.3 mean: 539.5741293532338
gen: 82 best: 450.3 mean: 540.4796019900498
gen: 83 best: 450.3 mean: 539.079104477612
gen >84, new best = 449.000
gen: 84 best: 449.0 mean: 535.7034825870646
gen: 85 best: 449.0 mean: 537.9796019900498
gen: 86 best: 449.0 mean: 536.6149253731344
gen: 87 best: 449.0 mean: 536.6378109452736
gen: 88 best: 449.0 mean: 537.1771144278607
gen: 89 best: 449.0 mean: 537.8701492537314
gen: 90 best: 449.0 mean: 535.5492537313432
gen: 91 best: 449.0 mean: 537.0293532338309
gen: 92 best: 449.0 mean: 533.7940298507463
gen: 93 best: 449.0 mean: 533.707960199005
gen: 94 best: 449.0 mean: 533.6666666666666
gen: 95 best: 449.0 mean: 534.3084577114428
gen: 96 best: 449.0 mean: 535.1582089552239
gen: 97 best: 449.0 mean: 535.3791044776119
gen: 98 best: 449.0 mean: 533.776119402985
gen: 99 best: 449.0 mean: 533.3213930348259
[8, 7, 7, 9, 7, 7, 9, 8, 7, 8, 8, 7, 8, 9, 7, 7, 12, 7, 7, 7, 8, 7, 7, 7, 7, 8, 7, 10, 9, 7, 7, 7, 8, 9, 7, 8, 7, 7, 7, 8, 8, 8, 7, 8, 8, 8]
Test count of edges: 1879
cat
