Defaulting to user installation because normal site-packages is not writeable
Looking in links: /cvmfs/soft.computecanada.ca/custom/python/wheelhouse/gentoo/avx2, /cvmfs/soft.computecanada.ca/custom/python/wheelhouse/gentoo/generic, /cvmfs/soft.computecanada.ca/custom/python/wheelhouse/generic
Requirement already satisfied: graphviz in /home/js17sy/.local/lib/python3.10/site-packages (0.20)
662; python ga.py 18 1024N_graph18.dat 0.1 0.04 0.7 0.7 0.3 201 1024N_graph18leerygen2rem70_ 57122
/project/6008788/js17sy/reopenga/1024a/ga.py:291: DeprecationWarning: Sampling from a set deprecated
since Python 3.9 and will be removed in a subsequent version.
  child1 = set(random.sample(
gen >0, new best = 621.200
gen >0, new best = 620.000
gen >0, new best = 595.600
gen >0, new best = 583.600
gen: 0 best: 583.6 mean: 647.9378109452737
gen: 1 best: 583.6 mean: 648.1676616915423
gen >2, new best = 577.800
gen: 2 best: 577.8 mean: 646.0278606965175
gen >3, new best = 564.300
gen: 3 best: 564.3 mean: 643.1517412935324
gen: 4 best: 564.3 mean: 641.9970149253732
gen >5, new best = 559.000
gen: 5 best: 559.0 mean: 640.8601990049751
gen: 6 best: 559.0 mean: 641.0467661691542
gen: 7 best: 559.0 mean: 637.144776119403
gen >8, new best = 552.900
gen: 8 best: 552.9 mean: 635.1194029850747
gen: 9 best: 552.9 mean: 635.9258706467662
gen: 10 best: 552.9 mean: 633.9766169154229
gen >11, new best = 550.800
gen: 11 best: 550.8 mean: 631.9572139303483
gen: 12 best: 550.8 mean: 631.6542288557214
gen: 13 best: 550.8 mean: 631.3039800995025
gen: 14 best: 550.8 mean: 633.8587064676617
gen: 15 best: 550.8 mean: 628.9029850746268
gen: 16 best: 550.8 mean: 631.4830845771145
gen: 17 best: 550.8 mean: 628.9422885572139
gen: 18 best: 550.8 mean: 630.3154228855722
gen: 19 best: 550.8 mean: 629.2308457711442
gen: 20 best: 550.8 mean: 629.5472636815921
gen: 21 best: 550.8 mean: 628.8621890547264
gen: 22 best: 550.8 mean: 628.1985074626866
gen: 23 best: 550.8 mean: 627.034328358209
gen: 24 best: 550.8 mean: 626.6587064676617
gen: 25 best: 550.8 mean: 628.152736318408
gen: 26 best: 550.8 mean: 627.131343283582
gen: 27 best: 550.8 mean: 624.4696517412935
gen: 28 best: 550.8 mean: 623.7636815920398
gen: 29 best: 550.8 mean: 624.005472636816
gen >30, new best = 527.100
gen: 30 best: 527.1 mean: 622.7398009950249
gen: 31 best: 527.1 mean: 623.1164179104478
gen: 32 best: 527.1 mean: 622.0064676616915
gen >33, new best = 525.200
gen: 33 best: 525.2 mean: 619.6378109452736
gen: 34 best: 525.2 mean: 619.3383084577115
gen: 35 best: 525.2 mean: 620.6228855721394
gen: 36 best: 525.2 mean: 617.8139303482587
gen: 37 best: 525.2 mean: 619.0895522388059
gen: 38 best: 525.2 mean: 615.1597014925374
gen: 39 best: 525.2 mean: 617.0218905472636
gen: 40 best: 525.2 mean: 616.4034825870647
gen: 41 best: 525.2 mean: 616.0203980099502
gen: 42 best: 525.2 mean: 618.3417910447761
gen: 43 best: 525.2 mean: 616.3029850746269
gen: 44 best: 525.2 mean: 616.3716417910448
gen: 45 best: 525.2 mean: 614.8985074626866
gen: 46 best: 525.2 mean: 614.328855721393
gen >47, new best = 519.400
gen: 47 best: 519.4 mean: 614.0298507462686
gen: 48 best: 519.4 mean: 613.1741293532339
gen: 49 best: 519.4 mean: 612.7432835820896
gen: 50 best: 519.4 mean: 612.7666666666667
gen: 51 best: 519.4 mean: 610.820895522388
gen: 52 best: 519.4 mean: 610.9313432835821
gen: 53 best: 519.4 mean: 612.0258706467662
gen: 54 best: 519.4 mean: 612.289552238806
gen: 55 best: 519.4 mean: 611.8427860696518
gen: 56 best: 519.4 mean: 610.3228855721393
gen: 57 best: 519.4 mean: 608.2641791044776
gen >58, new best = 488.100
gen: 58 best: 488.1 mean: 610.9164179104478
gen: 59 best: 488.1 mean: 609.3681592039801
gen: 60 best: 488.1 mean: 608.0587064676616
gen: 61 best: 488.1 mean: 607.6587064676617
gen: 62 best: 488.1 mean: 606.6845771144278
gen: 63 best: 488.1 mean: 607.3383084577115
gen: 64 best: 488.1 mean: 609.3378109452736
gen: 65 best: 488.1 mean: 606.8303482587065
gen: 66 best: 488.1 mean: 609.6676616915423
gen: 67 best: 488.1 mean: 606.6343283582089
gen: 68 best: 488.1 mean: 607.2925373134328
gen: 69 best: 488.1 mean: 606.9592039800995
gen: 70 best: 488.1 mean: 607.1756218905473
gen: 71 best: 488.1 mean: 606.4442786069652
gen: 72 best: 488.1 mean: 606.4199004975125
gen: 73 best: 488.1 mean: 604.3004975124378
gen: 74 best: 488.1 mean: 604.5751243781094
gen: 75 best: 488.1 mean: 603.1800995024876
gen: 76 best: 488.1 mean: 604.9606965174129
gen: 77 best: 488.1 mean: 602.7462686567164
gen: 78 best: 488.1 mean: 603.9348258706468
gen: 79 best: 488.1 mean: 602.7338308457712
gen: 80 best: 488.1 mean: 601.989552238806
gen: 81 best: 488.1 mean: 602.8736318407961
gen: 82 best: 488.1 mean: 600.7253731343284
gen: 83 best: 488.1 mean: 605.1547263681592
gen: 84 best: 488.1 mean: 603.1407960199004
gen: 85 best: 488.1 mean: 605.1189054726368
gen: 86 best: 488.1 mean: 602.8810945273632
gen: 87 best: 488.1 mean: 602.5696517412936
gen: 88 best: 488.1 mean: 602.5402985074627
gen: 89 best: 488.1 mean: 603.455223880597
gen: 90 best: 488.1 mean: 601.1139303482587
gen: 91 best: 488.1 mean: 603.4721393034825
gen: 92 best: 488.1 mean: 601.5223880597015
gen: 93 best: 488.1 mean: 602.4512437810945
gen: 94 best: 488.1 mean: 604.5348258706467
gen: 95 best: 488.1 mean: 600.718407960199
gen: 96 best: 488.1 mean: 599.963184079602
gen: 97 best: 488.1 mean: 601.965671641791
gen: 98 best: 488.1 mean: 602.9144278606965
gen: 99 best: 488.1 mean: 601.5208955223881
[7, 7, 7, 8, 10, 7, 7, 7, 7, 8, 8, 7, 9, 6, 8, 7, 7, 7, 7, 7, 8, 8, 7, 10, 7, 8, 7, 7, 7, 10, 7, 7, 11, 7, 8, 7, 8, 7, 8, 7, 8, 7, 7, 7, 8, 7]
Test count of edges: 1889
cat
