Defaulting to user installation because normal site-packages is not writeable
Looking in links: /cvmfs/soft.computecanada.ca/custom/python/wheelhouse/gentoo/avx2, /cvmfs/soft.computecanada.ca/custom/python/wheelhouse/gentoo/generic, /cvmfs/soft.computecanada.ca/custom/python/wheelhouse/generic
Requirement already satisfied: graphviz in /home/js17sy/.local/lib/python3.10/site-packages (0.20)
258; python ga.py 18 1024N_graph18.dat 0.05 0.02 0.5 0.9 0.1 201 1024N_graph18mediumgen3rem50_ 514098
/project/6008788/js17sy/reopenga/1024a/ga.py:291: DeprecationWarning: Sampling from a set deprecated
since Python 3.9 and will be removed in a subsequent version.
  child1 = set(random.sample(
gen >0, new best = 639.400
gen >0, new best = 630.200
gen >0, new best = 628.100
gen >0, new best = 624.700
gen >0, new best = 579.400
gen: 0 best: 579.4 mean: 649.1616915422885
gen >1, new best = 578.500
gen: 1 best: 578.5 mean: 649.507960199005
gen: 2 best: 578.5 mean: 648.3144278606965
gen >3, new best = 577.200
gen >3, new best = 573.100
gen: 3 best: 573.1 mean: 646.0980099502488
gen: 4 best: 573.1 mean: 646.5074626865671
gen >5, new best = 565.400
gen: 5 best: 565.4 mean: 646.3243781094527
gen: 6 best: 565.4 mean: 645.8995024875622
gen: 7 best: 565.4 mean: 646.0223880597015
gen: 8 best: 565.4 mean: 643.8656716417911
gen: 9 best: 565.4 mean: 643.3776119402985
gen: 10 best: 565.4 mean: 644.0174129353234
gen: 11 best: 565.4 mean: 642.9746268656717
gen: 12 best: 565.4 mean: 639.7487562189054
gen >13, new best = 558.800
gen: 13 best: 558.8 mean: 639.6855721393035
gen >14, new best = 558.300
gen: 14 best: 558.3 mean: 638.2437810945273
gen: 15 best: 558.3 mean: 637.8925373134329
gen: 16 best: 558.3 mean: 636.7054726368159
gen: 17 best: 558.3 mean: 637.8577114427861
gen: 18 best: 558.3 mean: 636.5582089552239
gen >19, new best = 552.200
gen: 19 best: 552.2 mean: 636.3034825870647
gen: 20 best: 552.2 mean: 633.5069651741294
gen: 21 best: 552.2 mean: 634.5074626865671
gen: 22 best: 552.2 mean: 633.0621890547263
gen: 23 best: 552.2 mean: 633.9089552238806
gen: 24 best: 552.2 mean: 632.8805970149253
gen: 25 best: 552.2 mean: 631.2427860696517
gen >26, new best = 552.000
gen: 26 best: 552.0 mean: 631.2810945273632
gen: 27 best: 552.0 mean: 630.7114427860696
gen: 28 best: 552.0 mean: 631.3925373134329
gen: 29 best: 552.0 mean: 630.0477611940298
gen: 30 best: 552.0 mean: 630.0049751243781
gen: 31 best: 552.0 mean: 629.4233830845772
gen: 32 best: 552.0 mean: 627.9800995024875
gen: 33 best: 552.0 mean: 626.6860696517413
gen: 34 best: 552.0 mean: 625.3671641791045
gen: 35 best: 552.0 mean: 623.7169154228856
gen: 36 best: 552.0 mean: 622.4363184079602
gen: 37 best: 552.0 mean: 622.2955223880597
gen >38, new best = 550.600
gen: 38 best: 550.6 mean: 623.4616915422886
gen >39, new best = 550.500
gen: 39 best: 550.5 mean: 623.1542288557214
gen: 40 best: 550.5 mean: 620.5940298507463
gen: 41 best: 550.5 mean: 621.5766169154228
gen: 42 best: 550.5 mean: 620.2288557213931
gen: 43 best: 550.5 mean: 620.61592039801
gen: 44 best: 550.5 mean: 620.3626865671641
gen >45, new best = 541.600
gen: 45 best: 541.6 mean: 619.1686567164179
gen: 46 best: 541.6 mean: 616.826368159204
gen: 47 best: 541.6 mean: 617.0781094527363
gen: 48 best: 541.6 mean: 616.2776119402985
gen: 49 best: 541.6 mean: 614.7582089552238
gen: 50 best: 541.6 mean: 614.9810945273632
gen >51, new best = 535.900
gen: 51 best: 535.9 mean: 614.5860696517412
gen: 52 best: 535.9 mean: 614.4781094527364
gen: 53 best: 535.9 mean: 614.0751243781094
gen: 54 best: 535.9 mean: 611.3820895522388
gen: 55 best: 535.9 mean: 612.5771144278607
gen: 56 best: 535.9 mean: 609.6781094527363
gen: 57 best: 535.9 mean: 610.7646766169154
gen: 58 best: 535.9 mean: 609.9995024875622
gen: 59 best: 535.9 mean: 609.8547263681592
gen >60, new best = 529.800
gen >60, new best = 521.200
gen: 60 best: 521.2 mean: 606.5283582089552
gen: 61 best: 521.2 mean: 608.6830845771144
gen: 62 best: 521.2 mean: 606.1970149253731
gen: 63 best: 521.2 mean: 606.3393034825871
gen: 64 best: 521.2 mean: 606.7666666666667
gen: 65 best: 521.2 mean: 606.9542288557213
gen: 66 best: 521.2 mean: 605.3283582089553
gen: 67 best: 521.2 mean: 605.4119402985075
gen: 68 best: 521.2 mean: 603.2333333333333
gen >69, new best = 486.300
gen: 69 best: 486.3 mean: 604.6716417910447
gen: 70 best: 486.3 mean: 603.9412935323382
gen: 71 best: 486.3 mean: 602.9681592039801
gen: 72 best: 486.3 mean: 604.5636815920398
gen: 73 best: 486.3 mean: 602.0915422885572
gen: 74 best: 486.3 mean: 602.9393034825871
gen: 75 best: 486.3 mean: 599.7029850746269
gen: 76 best: 486.3 mean: 600.7522388059701
gen: 77 best: 486.3 mean: 602.0935323383085
gen: 78 best: 486.3 mean: 599.1950248756219
gen: 79 best: 486.3 mean: 600.3467661691542
gen: 80 best: 486.3 mean: 599.5746268656717
gen: 81 best: 486.3 mean: 599.9507462686568
gen: 82 best: 486.3 mean: 600.1343283582089
gen: 83 best: 486.3 mean: 598.871144278607
gen: 84 best: 486.3 mean: 599.5437810945274
gen: 85 best: 486.3 mean: 598.2935323383084
gen: 86 best: 486.3 mean: 597.7726368159204
gen: 87 best: 486.3 mean: 597.7845771144279
gen: 88 best: 486.3 mean: 597.0562189054726
gen: 89 best: 486.3 mean: 598.0348258706467
gen: 90 best: 486.3 mean: 598.8611940298507
gen: 91 best: 486.3 mean: 597.7228855721393
gen: 92 best: 486.3 mean: 596.2099502487562
gen: 93 best: 486.3 mean: 598.9502487562189
gen: 94 best: 486.3 mean: 595.7567164179104
gen: 95 best: 486.3 mean: 596.5880597014925
gen: 96 best: 486.3 mean: 595.8348258706468
gen: 97 best: 486.3 mean: 594.7
gen: 98 best: 486.3 mean: 595.7965174129354
gen: 99 best: 486.3 mean: 595.7268656716418
[10, 8, 10, 9, 9, 9, 10, 9, 10, 10, 8, 9, 9, 9, 9, 10, 10, 9, 9, 10, 8, 9, 9, 9, 10, 8, 9, 9, 11, 10, 9, 9, 9, 9, 9, 11, 8, 11, 9, 9, 8, 9, 9, 10, 9, 9]
Test count of edges: 3126
cat
