Defaulting to user installation because normal site-packages is not writeable
Looking in links: /cvmfs/soft.computecanada.ca/custom/python/wheelhouse/gentoo/avx2, /cvmfs/soft.computecanada.ca/custom/python/wheelhouse/gentoo/generic, /cvmfs/soft.computecanada.ca/custom/python/wheelhouse/generic
Requirement already satisfied: graphviz in /home/js17sy/.local/lib/python3.10/site-packages (0.20)
438; python ga.py 18 1024N_graph18.dat 0.075 0.03 0.5 0.9 0.1 201 1024N_graph18laxgen3rem50_ 514098
/project/6008788/js17sy/reopenga/1024a/ga.py:291: DeprecationWarning: Sampling from a set deprecated
since Python 3.9 and will be removed in a subsequent version.
  child1 = set(random.sample(
gen >0, new best = 670.100
gen >0, new best = 655.200
gen >0, new best = 653.600
gen >0, new best = 648.900
gen >0, new best = 648.000
gen >0, new best = 646.400
gen >0, new best = 610.900
gen: 0 best: 610.9 mean: 667.8119402985075
gen: 1 best: 610.9 mean: 668.3427860696518
gen >2, new best = 594.400
gen: 2 best: 594.4 mean: 665.8865671641792
gen: 3 best: 594.4 mean: 667.5557213930348
gen >4, new best = 589.900
gen >4, new best = 583.300
gen >4, new best = 536.300
gen: 4 best: 536.3 mean: 663.9835820895522
gen: 5 best: 536.3 mean: 664.9597014925373
gen: 6 best: 536.3 mean: 662.6199004975124
gen: 7 best: 536.3 mean: 663.4223880597015
gen: 8 best: 536.3 mean: 663.1273631840796
gen: 9 best: 536.3 mean: 660.1
gen: 10 best: 536.3 mean: 660.0696517412936
gen: 11 best: 536.3 mean: 659.6885572139304
gen: 12 best: 536.3 mean: 660.1930348258707
gen: 13 best: 536.3 mean: 659.4134328358209
gen: 14 best: 536.3 mean: 659.4417910447761
gen: 15 best: 536.3 mean: 658.7203980099503
gen: 16 best: 536.3 mean: 656.5855721393035
gen: 17 best: 536.3 mean: 656.1701492537313
gen: 18 best: 536.3 mean: 656.0910447761194
gen: 19 best: 536.3 mean: 655.110447761194
gen: 20 best: 536.3 mean: 654.2313432835821
gen: 21 best: 536.3 mean: 653.6417910447761
gen: 22 best: 536.3 mean: 654.9537313432836
gen: 23 best: 536.3 mean: 653.8134328358209
gen: 24 best: 536.3 mean: 652.3442786069652
gen: 25 best: 536.3 mean: 652.1890547263681
gen: 26 best: 536.3 mean: 651.5218905472636
gen: 27 best: 536.3 mean: 649.2154228855721
gen: 28 best: 536.3 mean: 649.6796019900497
gen: 29 best: 536.3 mean: 650.0159203980099
gen: 30 best: 536.3 mean: 650.2223880597015
gen: 31 best: 536.3 mean: 648.1975124378109
gen: 32 best: 536.3 mean: 648.5572139303482
gen: 33 best: 536.3 mean: 647.0477611940298
gen: 34 best: 536.3 mean: 647.1562189054727
gen: 35 best: 536.3 mean: 647.7288557213931
gen: 36 best: 536.3 mean: 646.3796019900498
gen: 37 best: 536.3 mean: 644.7830845771144
gen: 38 best: 536.3 mean: 644.973631840796
gen: 39 best: 536.3 mean: 645.4621890547264
gen: 40 best: 536.3 mean: 644.3810945273632
gen: 41 best: 536.3 mean: 645.6726368159204
gen: 42 best: 536.3 mean: 642.5542288557214
gen: 43 best: 536.3 mean: 641.7323383084577
gen: 44 best: 536.3 mean: 642.7358208955224
gen: 45 best: 536.3 mean: 641.7990049751244
gen: 46 best: 536.3 mean: 639.8278606965174
gen: 47 best: 536.3 mean: 640.8597014925373
gen: 48 best: 536.3 mean: 639.1800995024876
gen: 49 best: 536.3 mean: 639.9378109452737
gen: 50 best: 536.3 mean: 638.2671641791045
gen: 51 best: 536.3 mean: 636.5597014925373
gen: 52 best: 536.3 mean: 637.5084577114428
gen: 53 best: 536.3 mean: 635.5407960199005
gen: 54 best: 536.3 mean: 635.0666666666667
gen: 55 best: 536.3 mean: 633.1706467661692
gen: 56 best: 536.3 mean: 634.9238805970149
gen: 57 best: 536.3 mean: 636.9084577114428
gen: 58 best: 536.3 mean: 635.8577114427861
gen: 59 best: 536.3 mean: 633.0487562189055
gen: 60 best: 536.3 mean: 634.9527363184079
gen: 61 best: 536.3 mean: 632.4402985074627
gen: 62 best: 536.3 mean: 633.5875621890548
gen: 63 best: 536.3 mean: 631.8910447761194
gen: 64 best: 536.3 mean: 631.5880597014925
gen: 65 best: 536.3 mean: 632.263184079602
gen: 66 best: 536.3 mean: 633.3149253731343
gen: 67 best: 536.3 mean: 629.5860696517412
gen: 68 best: 536.3 mean: 629.6810945273631
gen: 69 best: 536.3 mean: 629.4353233830846
gen: 70 best: 536.3 mean: 631.2074626865672
gen: 71 best: 536.3 mean: 631.4661691542289
gen: 72 best: 536.3 mean: 630.602487562189
gen: 73 best: 536.3 mean: 628.3940298507463
gen: 74 best: 536.3 mean: 627.8432835820895
gen: 75 best: 536.3 mean: 628.8303482587065
gen: 76 best: 536.3 mean: 627.3139303482587
gen: 77 best: 536.3 mean: 625.8592039800996
gen: 78 best: 536.3 mean: 625.7213930348258
gen: 79 best: 536.3 mean: 625.4825870646766
gen: 80 best: 536.3 mean: 625.2154228855721
gen: 81 best: 536.3 mean: 623.9019900497512
gen: 82 best: 536.3 mean: 625.4189054726368
gen: 83 best: 536.3 mean: 626.1845771144278
gen: 84 best: 536.3 mean: 625.7208955223881
gen: 85 best: 536.3 mean: 624.6721393034826
gen: 86 best: 536.3 mean: 624.8283582089553
gen: 87 best: 536.3 mean: 624.1910447761194
gen: 88 best: 536.3 mean: 623.1995024875622
gen: 89 best: 536.3 mean: 622.326368159204
gen: 90 best: 536.3 mean: 625.3487562189055
gen: 91 best: 536.3 mean: 624.0746268656717
gen: 92 best: 536.3 mean: 623.0134328358209
gen: 93 best: 536.3 mean: 620.9641791044776
gen: 94 best: 536.3 mean: 620.5895522388059
gen: 95 best: 536.3 mean: 621.9059701492537
gen: 96 best: 536.3 mean: 622.2119402985074
gen: 97 best: 536.3 mean: 619.4248756218906
gen: 98 best: 536.3 mean: 622.1084577114428
gen: 99 best: 536.3 mean: 621.1333333333333
[10, 10, 10, 8, 10, 11, 9, 9, 8, 9, 9, 10, 8, 8, 9, 8, 10, 10, 8, 11, 10, 9, 8, 8, 8, 11, 9, 12, 9, 9, 10, 10, 11, 8, 11, 8, 8, 10, 9, 9, 8, 8, 9, 8, 9, 10]
Test count of edges: 3120
cat
