Defaulting to user installation because normal site-packages is not writeable
Looking in links: /cvmfs/soft.computecanada.ca/custom/python/wheelhouse/gentoo/avx2, /cvmfs/soft.computecanada.ca/custom/python/wheelhouse/gentoo/generic, /cvmfs/soft.computecanada.ca/custom/python/wheelhouse/generic
Requirement already satisfied: graphviz in /home/js17sy/.local/lib/python3.10/site-packages (0.20)
375; python ga.py 18 1024N_graph18.dat 0.075 0.03 0.5 0.5 0.5 201 1024N_graph18laxgen1rem50_ 428415
/project/6008788/js17sy/reopenga/1024a/ga.py:291: DeprecationWarning: Sampling from a set deprecated
since Python 3.9 and will be removed in a subsequent version.
  child1 = set(random.sample(
gen >0, new best = 604.700
gen >0, new best = 596.100
gen >0, new best = 595.400
gen >0, new best = 583.800
gen: 0 best: 583.8 mean: 668.9034825870647
gen: 1 best: 583.8 mean: 669.2228855721393
gen: 2 best: 583.8 mean: 666.3701492537314
gen: 3 best: 583.8 mean: 666.8437810945273
gen: 4 best: 583.8 mean: 666.4895522388059
gen >5, new best = 582.600
gen: 5 best: 582.6 mean: 664.6014925373134
gen: 6 best: 582.6 mean: 663.2398009950249
gen: 7 best: 582.6 mean: 664.2169154228856
gen: 8 best: 582.6 mean: 664.2820895522389
gen: 9 best: 582.6 mean: 664.2378109452736
gen: 10 best: 582.6 mean: 663.2218905472637
gen: 11 best: 582.6 mean: 662.2955223880597
gen >12, new best = 581.600
gen: 12 best: 581.6 mean: 662.2134328358209
gen: 13 best: 581.6 mean: 661.7980099502488
gen >14, new best = 579.500
gen: 14 best: 579.5 mean: 660.7766169154229
gen: 15 best: 579.5 mean: 660.4124378109452
gen >16, new best = 571.400
gen: 16 best: 571.4 mean: 659.360696517413
gen: 17 best: 571.4 mean: 658.3313432835821
gen: 18 best: 571.4 mean: 657.7149253731343
gen: 19 best: 571.4 mean: 659.6890547263681
gen >20, new best = 570.000
gen: 20 best: 570.0 mean: 656.7054726368159
gen: 21 best: 570.0 mean: 654.9835820895522
gen: 22 best: 570.0 mean: 654.2059701492537
gen: 23 best: 570.0 mean: 654.9353233830846
gen: 24 best: 570.0 mean: 655.9696517412935
gen: 25 best: 570.0 mean: 656.3442786069652
gen: 26 best: 570.0 mean: 656.3044776119403
gen: 27 best: 570.0 mean: 653.1646766169155
gen: 28 best: 570.0 mean: 653.1452736318408
gen: 29 best: 570.0 mean: 654.6124378109453
gen: 30 best: 570.0 mean: 652.7776119402985
gen: 31 best: 570.0 mean: 651.38407960199
gen: 32 best: 570.0 mean: 651.531343283582
gen: 33 best: 570.0 mean: 652.1905472636815
gen: 34 best: 570.0 mean: 649.836815920398
gen: 35 best: 570.0 mean: 649.9144278606965
gen: 36 best: 570.0 mean: 649.3437810945273
gen: 37 best: 570.0 mean: 648.7029850746269
gen: 38 best: 570.0 mean: 650.1074626865671
gen: 39 best: 570.0 mean: 650.0402985074627
gen: 40 best: 570.0 mean: 648.8358208955224
gen: 41 best: 570.0 mean: 650.5776119402985
gen: 42 best: 570.0 mean: 648.8323383084577
gen: 43 best: 570.0 mean: 648.6139303482587
gen: 44 best: 570.0 mean: 647.6154228855721
gen: 45 best: 570.0 mean: 646.7925373134328
gen: 46 best: 570.0 mean: 647.8850746268656
gen: 47 best: 570.0 mean: 646.0567164179105
gen: 48 best: 570.0 mean: 644.7333333333333
gen: 49 best: 570.0 mean: 646.4875621890548
gen >50, new best = 569.300
gen: 50 best: 569.3 mean: 644.610447761194
gen: 51 best: 569.3 mean: 645.789552238806
gen: 52 best: 569.3 mean: 643.9049751243781
gen: 53 best: 569.3 mean: 642.7666666666667
gen: 54 best: 569.3 mean: 645.2223880597015
gen: 55 best: 569.3 mean: 644.202487562189
gen: 56 best: 569.3 mean: 642.2348258706468
gen: 57 best: 569.3 mean: 642.7885572139304
gen: 58 best: 569.3 mean: 643.8363184079602
gen: 59 best: 569.3 mean: 644.2791044776119
gen >60, new best = 565.900
gen: 60 best: 565.9 mean: 642.428855721393
gen >61, new best = 563.500
gen: 61 best: 563.5 mean: 642.6606965174129
gen: 62 best: 563.5 mean: 643.826368159204
gen: 63 best: 563.5 mean: 642.0064676616915
gen: 64 best: 563.5 mean: 641.4388059701492
gen: 65 best: 563.5 mean: 641.5800995024875
gen: 66 best: 563.5 mean: 641.7084577114427
gen >67, new best = 563.100
gen: 67 best: 563.1 mean: 641.4741293532338
gen: 68 best: 563.1 mean: 641.3009950248756
gen >69, new best = 562.600
gen: 69 best: 562.6 mean: 641.102487562189
gen: 70 best: 562.6 mean: 640.8378109452736
gen: 71 best: 562.6 mean: 641.276119402985
gen: 72 best: 562.6 mean: 642.3656716417911
gen: 73 best: 562.6 mean: 640.9383084577114
gen: 74 best: 562.6 mean: 641.8671641791045
gen: 75 best: 562.6 mean: 640.8388059701492
gen: 76 best: 562.6 mean: 639.7686567164179
gen >77, new best = 561.500
gen: 77 best: 561.5 mean: 639.371144278607
gen: 78 best: 561.5 mean: 641.4960199004975
gen: 79 best: 561.5 mean: 641.8940298507463
gen >80, new best = 552.100
gen: 80 best: 552.1 mean: 640.8159203980099
gen: 81 best: 552.1 mean: 640.0477611940298
gen: 82 best: 552.1 mean: 640.2577114427861
gen: 83 best: 552.1 mean: 639.0119402985075
gen: 84 best: 552.1 mean: 641.4422885572139
gen: 85 best: 552.1 mean: 641.2084577114427
gen: 86 best: 552.1 mean: 639.8293532338308
gen: 87 best: 552.1 mean: 639.1661691542289
gen: 88 best: 552.1 mean: 640.2388059701492
gen: 89 best: 552.1 mean: 639.8039800995025
gen: 90 best: 552.1 mean: 638.8641791044776
gen: 91 best: 552.1 mean: 639.9293532338309
gen: 92 best: 552.1 mean: 639.405472636816
gen: 93 best: 552.1 mean: 639.7915422885573
gen: 94 best: 552.1 mean: 638.1800995024876
gen: 95 best: 552.1 mean: 638.83184079602
gen >96, new best = 544.100
gen: 96 best: 544.1 mean: 639.3169154228856
gen: 97 best: 544.1 mean: 638.4074626865672
gen: 98 best: 544.1 mean: 639.0805970149254
gen: 99 best: 544.1 mean: 638.8567164179104
[8, 10, 9, 11, 10, 10, 8, 9, 8, 8, 9, 8, 8, 9, 9, 9, 9, 8, 11, 8, 8, 11, 9, 10, 8, 8, 8, 8, 8, 9, 10, 9, 8, 8, 8, 8, 9, 9, 8, 10, 9, 8, 8, 8, 9, 9, 8, 9]
Test count of edges: 3167
cat
