Defaulting to user installation because normal site-packages is not writeable
Looking in links: /cvmfs/soft.computecanada.ca/custom/python/wheelhouse/gentoo/avx2, /cvmfs/soft.computecanada.ca/custom/python/wheelhouse/gentoo/generic, /cvmfs/soft.computecanada.ca/custom/python/wheelhouse/generic
Requirement already satisfied: graphviz in /home/js17sy/.local/lib/python3.10/site-packages (0.20)
433; python ga.py 18 1024N_graph18.dat 0.075 0.03 0.5 0.9 0.1 201 1024N_graph18laxgen3rem50_ 371293
/project/6008788/js17sy/reopenga/1024a/ga.py:291: DeprecationWarning: Sampling from a set deprecated
since Python 3.9 and will be removed in a subsequent version.
  child1 = set(random.sample(
gen >0, new best = 661.300
gen >0, new best = 654.300
gen >0, new best = 649.600
gen >0, new best = 596.500
gen: 0 best: 596.5 mean: 668.9455223880597
gen >1, new best = 592.300
gen >1, new best = 590.500
gen: 1 best: 590.5 mean: 666.5472636815921
gen: 2 best: 590.5 mean: 668.0950248756219
gen: 3 best: 590.5 mean: 667.0213930348259
gen >4, new best = 587.400
gen: 4 best: 587.4 mean: 665.631343283582
gen >5, new best = 584.500
gen: 5 best: 584.5 mean: 664.8726368159204
gen >6, new best = 573.400
gen: 6 best: 573.4 mean: 663.1174129353234
gen: 7 best: 573.4 mean: 664.5114427860697
gen: 8 best: 573.4 mean: 664.0154228855721
gen: 9 best: 573.4 mean: 663.7164179104477
gen: 10 best: 573.4 mean: 661.4616915422886
gen: 11 best: 573.4 mean: 660.2278606965174
gen: 12 best: 573.4 mean: 661.9597014925373
gen: 13 best: 573.4 mean: 659.1885572139304
gen: 14 best: 573.4 mean: 659.239303482587
gen: 15 best: 573.4 mean: 658.1517412935324
gen: 16 best: 573.4 mean: 656.8049751243781
gen: 17 best: 573.4 mean: 657.4328358208955
gen >18, new best = 571.400
gen: 18 best: 571.4 mean: 654.918407960199
gen: 19 best: 571.4 mean: 656.5517412935324
gen: 20 best: 571.4 mean: 654.2855721393034
gen: 21 best: 571.4 mean: 653.2149253731343
gen: 22 best: 571.4 mean: 652.0318407960199
gen >23, new best = 528.400
gen: 23 best: 528.4 mean: 651.5696517412936
gen: 24 best: 528.4 mean: 653.5865671641791
gen: 25 best: 528.4 mean: 651.9721393034825
gen: 26 best: 528.4 mean: 650.736815920398
gen: 27 best: 528.4 mean: 650.2706467661692
gen: 28 best: 528.4 mean: 648.7378109452736
gen: 29 best: 528.4 mean: 648.0308457711443
gen: 30 best: 528.4 mean: 648.8786069651742
gen: 31 best: 528.4 mean: 644.6965174129353
gen: 32 best: 528.4 mean: 645.3069651741293
gen: 33 best: 528.4 mean: 645.2756218905473
gen: 34 best: 528.4 mean: 642.857711442786
gen: 35 best: 528.4 mean: 643.468656716418
gen: 36 best: 528.4 mean: 643.5995024875622
gen: 37 best: 528.4 mean: 642.4248756218906
gen: 38 best: 528.4 mean: 641.4646766169154
gen: 39 best: 528.4 mean: 639.9452736318408
gen: 40 best: 528.4 mean: 640.8273631840796
gen: 41 best: 528.4 mean: 641.2776119402985
gen: 42 best: 528.4 mean: 639.1258706467662
gen: 43 best: 528.4 mean: 638.78407960199
gen: 44 best: 528.4 mean: 637.8736318407961
gen: 45 best: 528.4 mean: 637.9328358208955
gen: 46 best: 528.4 mean: 636.573631840796
gen: 47 best: 528.4 mean: 637.7940298507463
gen: 48 best: 528.4 mean: 635.9417910447761
gen: 49 best: 528.4 mean: 635.5159203980099
gen: 50 best: 528.4 mean: 635.5587064676616
gen: 51 best: 528.4 mean: 635.3776119402985
gen: 52 best: 528.4 mean: 636.2189054726368
gen: 53 best: 528.4 mean: 634.8402985074626
gen: 54 best: 528.4 mean: 632.9840796019901
gen: 55 best: 528.4 mean: 633.5955223880597
gen: 56 best: 528.4 mean: 634.8029850746269
gen: 57 best: 528.4 mean: 632.9915422885572
gen: 58 best: 528.4 mean: 632.6482587064677
gen: 59 best: 528.4 mean: 632.4298507462687
gen: 60 best: 528.4 mean: 631.5004975124378
gen: 61 best: 528.4 mean: 631.4980099502487
gen: 62 best: 528.4 mean: 632.0786069651741
gen: 63 best: 528.4 mean: 628.3935323383084
gen >64, new best = 505.100
gen: 64 best: 505.1 mean: 628.6248756218905
gen: 65 best: 505.1 mean: 628.5348258706467
gen: 66 best: 505.1 mean: 627.4228855721393
gen: 67 best: 505.1 mean: 627.2781094527363
gen: 68 best: 505.1 mean: 627.3781094527363
gen: 69 best: 505.1 mean: 626.8303482587065
gen: 70 best: 505.1 mean: 628.155223880597
gen: 71 best: 505.1 mean: 626.4049751243781
gen: 72 best: 505.1 mean: 626.5572139303482
gen: 73 best: 505.1 mean: 627.8776119402985
gen: 74 best: 505.1 mean: 626.0059701492537
gen: 75 best: 505.1 mean: 626.0786069651741
gen: 76 best: 505.1 mean: 623.6845771144278
gen: 77 best: 505.1 mean: 623.1975124378109
gen: 78 best: 505.1 mean: 623.323880597015
gen: 79 best: 505.1 mean: 622.9009950248757
gen: 80 best: 505.1 mean: 624.5880597014925
gen: 81 best: 505.1 mean: 623.079104477612
gen: 82 best: 505.1 mean: 623.092039800995
gen: 83 best: 505.1 mean: 622.9721393034825
gen: 84 best: 505.1 mean: 620.1965174129353
gen: 85 best: 505.1 mean: 620.744776119403
gen: 86 best: 505.1 mean: 621.6651741293532
gen: 87 best: 505.1 mean: 622.2422885572139
gen: 88 best: 505.1 mean: 621.955223880597
gen: 89 best: 505.1 mean: 622.5213930348259
gen: 90 best: 505.1 mean: 623.5164179104478
gen: 91 best: 505.1 mean: 620.4467661691542
gen: 92 best: 505.1 mean: 619.3532338308457
gen: 93 best: 505.1 mean: 621.1477611940298
gen: 94 best: 505.1 mean: 620.4432835820895
gen: 95 best: 505.1 mean: 618.8248756218906
gen: 96 best: 505.1 mean: 620.7905472636816
gen: 97 best: 505.1 mean: 618.8223880597014
gen: 98 best: 505.1 mean: 618.071144278607
gen: 99 best: 505.1 mean: 617.0094527363184
[8, 9, 9, 9, 8, 9, 8, 9, 8, 8, 9, 8, 8, 9, 9, 8, 8, 9, 9, 8, 10, 8, 10, 8, 8, 9, 9, 9, 8, 8, 9, 9, 9, 8, 9, 9, 8, 8, 15, 10, 8, 8, 8, 9]
Test count of edges: 3127
cat
