Defaulting to user installation because normal site-packages is not writeable
Looking in links: /cvmfs/soft.computecanada.ca/custom/python/wheelhouse/gentoo/avx2, /cvmfs/soft.computecanada.ca/custom/python/wheelhouse/gentoo/generic, /cvmfs/soft.computecanada.ca/custom/python/wheelhouse/generic
Requirement already satisfied: graphviz in /home/js17sy/.local/lib/python3.10/site-packages (0.20)
366; python ga.py 18 1024N_graph18.dat 0.075 0.03 0.5 0.5 0.5 201 1024N_graph18laxgen1rem50_ 171366
/project/6008788/js17sy/reopenga/1024a/ga.py:291: DeprecationWarning: Sampling from a set deprecated
since Python 3.9 and will be removed in a subsequent version.
  child1 = set(random.sample(
gen >0, new best = 657.700
gen >0, new best = 653.200
gen >0, new best = 620.500
gen >0, new best = 596.300
gen: 0 best: 596.3 mean: 667.6281094527363
gen: 1 best: 596.3 mean: 670.3373134328358
gen: 2 best: 596.3 mean: 668.21592039801
gen >3, new best = 580.400
gen: 3 best: 580.4 mean: 665.3696517412935
gen: 4 best: 580.4 mean: 666.9388059701492
gen: 5 best: 580.4 mean: 664.9114427860696
gen: 6 best: 580.4 mean: 665.065671641791
gen: 7 best: 580.4 mean: 666.3577114427861
gen: 8 best: 580.4 mean: 663.9532338308458
gen: 9 best: 580.4 mean: 663.2661691542288
gen: 10 best: 580.4 mean: 662.1208955223881
gen: 11 best: 580.4 mean: 658.7636815920398
gen: 12 best: 580.4 mean: 662.7338308457712
gen: 13 best: 580.4 mean: 658.4701492537314
gen: 14 best: 580.4 mean: 660.7437810945273
gen: 15 best: 580.4 mean: 658.6805970149254
gen: 16 best: 580.4 mean: 659.1990049751244
gen: 17 best: 580.4 mean: 659.9293532338309
gen: 18 best: 580.4 mean: 658.2711442786069
gen: 19 best: 580.4 mean: 658.7129353233831
gen: 20 best: 580.4 mean: 658.042288557214
gen: 21 best: 580.4 mean: 658.6691542288557
gen: 22 best: 580.4 mean: 656.2402985074627
gen >23, new best = 575.700
gen: 23 best: 575.7 mean: 655.5298507462686
gen: 24 best: 575.7 mean: 655.2547263681593
gen: 25 best: 575.7 mean: 655.1124378109453
gen: 26 best: 575.7 mean: 653.9855721393035
gen >27, new best = 571.700
gen: 27 best: 571.7 mean: 654.0194029850746
gen: 28 best: 571.7 mean: 654.5273631840796
gen: 29 best: 571.7 mean: 652.0601990049752
gen: 30 best: 571.7 mean: 652.7378109452736
gen: 31 best: 571.7 mean: 650.2855721393034
gen: 32 best: 571.7 mean: 650.334328358209
gen: 33 best: 571.7 mean: 649.6487562189054
gen >34, new best = 571.500
gen: 34 best: 571.5 mean: 648.2179104477611
gen: 35 best: 571.5 mean: 647.8044776119403
gen: 36 best: 571.5 mean: 648.4
gen: 37 best: 571.5 mean: 647.128855721393
gen: 38 best: 571.5 mean: 648.6089552238806
gen: 39 best: 571.5 mean: 647.6507462686567
gen: 40 best: 571.5 mean: 646.9621890547264
gen: 41 best: 571.5 mean: 646.9701492537314
gen >42, new best = 567.000
gen: 42 best: 567.0 mean: 647.1626865671642
gen: 43 best: 567.0 mean: 644.2915422885573
gen: 44 best: 567.0 mean: 647.3960199004975
gen: 45 best: 567.0 mean: 645.4437810945274
gen: 46 best: 567.0 mean: 646.4114427860696
gen: 47 best: 567.0 mean: 646.8442786069652
gen: 48 best: 567.0 mean: 646.018407960199
gen: 49 best: 567.0 mean: 646.1721393034826
gen: 50 best: 567.0 mean: 645.5313432835821
gen >51, new best = 518.100
gen: 51 best: 518.1 mean: 643.6373134328359
gen: 52 best: 518.1 mean: 646.0348258706467
gen: 53 best: 518.1 mean: 646.8567164179104
gen: 54 best: 518.1 mean: 645.7686567164179
gen: 55 best: 518.1 mean: 645.7054726368159
gen: 56 best: 518.1 mean: 646.3278606965174
gen: 57 best: 518.1 mean: 643.9194029850746
gen: 58 best: 518.1 mean: 644.3228855721393
gen: 59 best: 518.1 mean: 644.860696517413
gen: 60 best: 518.1 mean: 644.1213930348258
gen: 61 best: 518.1 mean: 644.8179104477612
gen: 62 best: 518.1 mean: 644.6388059701493
gen: 63 best: 518.1 mean: 644.2422885572139
gen: 64 best: 518.1 mean: 644.5318407960199
gen: 65 best: 518.1 mean: 642.2721393034826
gen: 66 best: 518.1 mean: 645.4587064676617
gen: 67 best: 518.1 mean: 643.8079601990049
gen: 68 best: 518.1 mean: 644.8467661691542
gen: 69 best: 518.1 mean: 643.1726368159204
gen: 70 best: 518.1 mean: 643.8412935323383
gen: 71 best: 518.1 mean: 642.992039800995
gen: 72 best: 518.1 mean: 643.7766169154229
gen: 73 best: 518.1 mean: 645.3353233830845
gen: 74 best: 518.1 mean: 643.0885572139304
gen: 75 best: 518.1 mean: 643.6378109452736
gen: 76 best: 518.1 mean: 643.1885572139304
gen: 77 best: 518.1 mean: 642.7850746268657
gen: 78 best: 518.1 mean: 642.3736318407961
gen: 79 best: 518.1 mean: 642.1388059701493
gen: 80 best: 518.1 mean: 643.8661691542288
gen: 81 best: 518.1 mean: 642.5452736318408
gen: 82 best: 518.1 mean: 642.0880597014925
gen: 83 best: 518.1 mean: 643.2766169154229
gen: 84 best: 518.1 mean: 643.044776119403
gen: 85 best: 518.1 mean: 642.9029850746268
gen: 86 best: 518.1 mean: 642.4691542288557
gen: 87 best: 518.1 mean: 641.5577114427861
gen: 88 best: 518.1 mean: 641.4253731343283
gen: 89 best: 518.1 mean: 642.0477611940298
gen: 90 best: 518.1 mean: 640.4925373134329
gen: 91 best: 518.1 mean: 641.5472636815921
gen: 92 best: 518.1 mean: 641.1238805970149
gen: 93 best: 518.1 mean: 642.1169154228855
gen: 94 best: 518.1 mean: 642.7910447761194
gen: 95 best: 518.1 mean: 640.4771144278607
gen: 96 best: 518.1 mean: 642.8114427860696
gen: 97 best: 518.1 mean: 640.3850746268656
gen: 98 best: 518.1 mean: 641.676119402985
gen: 99 best: 518.1 mean: 641.9134328358209
[10, 8, 8, 9, 9, 8, 9, 9, 9, 9, 10, 9, 8, 9, 9, 8, 9, 11, 10, 8, 9, 10, 9, 8, 8, 8, 10, 9, 8, 10, 9, 8, 9, 8, 8, 8, 9, 11, 10, 9, 8, 8, 8, 10, 9, 10, 8]
Test count of edges: 3142
cat
