Defaulting to user installation because normal site-packages is not writeable
Looking in links: /cvmfs/soft.computecanada.ca/custom/python/wheelhouse/gentoo/avx2, /cvmfs/soft.computecanada.ca/custom/python/wheelhouse/gentoo/generic, /cvmfs/soft.computecanada.ca/custom/python/wheelhouse/generic
Requirement already satisfied: graphviz in /home/js17sy/.local/lib/python3.10/site-packages (0.20)
527; python ga.py 18 1024N_graph18.dat 0.075 0.03 0.7 0.9 0.1 201 1024N_graph18laxgen3rem70_ 485537
/project/6008788/js17sy/reopenga/1024a/ga.py:291: DeprecationWarning: Sampling from a set deprecated
since Python 3.9 and will be removed in a subsequent version.
  child1 = set(random.sample(
gen >0, new best = 623.500
gen >0, new best = 612.100
gen >0, new best = 604.500
gen >0, new best = 595.100
gen >0, new best = 586.500
gen: 0 best: 586.5 mean: 651.6398009950249
gen >1, new best = 577.100
gen >1, new best = 576.400
gen: 1 best: 576.4 mean: 645.207960199005
gen >2, new best = 574.200
gen >2, new best = 566.100
gen: 2 best: 566.1 mean: 639.739303482587
gen >3, new best = 557.100
gen: 3 best: 557.1 mean: 632.434328358209
gen >4, new best = 551.700
gen >4, new best = 548.700
gen: 4 best: 548.7 mean: 625.2422885572139
gen >5, new best = 548.500
gen >5, new best = 527.400
gen: 5 best: 527.4 mean: 622.4303482587064
gen: 6 best: 527.4 mean: 620.9900497512438
gen: 7 best: 527.4 mean: 615.3383084577115
gen: 8 best: 527.4 mean: 615.6611940298508
gen: 9 best: 527.4 mean: 611.0492537313432
gen >10, new best = 526.000
gen: 10 best: 526.0 mean: 610.7213930348258
gen: 11 best: 526.0 mean: 606.9194029850746
gen: 12 best: 526.0 mean: 600.4218905472637
gen: 13 best: 526.0 mean: 599.7373134328358
gen >14, new best = 524.600
gen: 14 best: 524.6 mean: 598.352736318408
gen: 15 best: 524.6 mean: 593.7019900497512
gen: 16 best: 524.6 mean: 591.2835820895523
gen >17, new best = 501.000
gen: 17 best: 501.0 mean: 586.7970149253731
gen: 18 best: 501.0 mean: 585.5970149253732
gen >19, new best = 499.600
gen: 19 best: 499.6 mean: 584.9199004975125
gen >20, new best = 486.400
gen: 20 best: 486.4 mean: 583.8706467661691
gen: 21 best: 486.4 mean: 582.6268656716418
gen: 22 best: 486.4 mean: 580.0358208955224
gen: 23 best: 486.4 mean: 579.4517412935323
gen: 24 best: 486.4 mean: 574.494527363184
gen: 25 best: 486.4 mean: 573.1124378109453
gen: 26 best: 486.4 mean: 572.6517412935324
gen >27, new best = 481.200
gen: 27 best: 481.2 mean: 568.7437810945273
gen: 28 best: 481.2 mean: 569.9865671641791
gen: 29 best: 481.2 mean: 572.1835820895523
gen >30, new best = 480.800
gen: 30 best: 480.8 mean: 568.3452736318408
gen: 31 best: 480.8 mean: 570.2253731343284
gen: 32 best: 480.8 mean: 570.3223880597014
gen: 33 best: 480.8 mean: 567.0542288557214
gen: 34 best: 480.8 mean: 565.9761194029851
gen: 35 best: 480.8 mean: 568.2034825870646
gen: 36 best: 480.8 mean: 566.2995024875622
gen: 37 best: 480.8 mean: 565.8995024875622
gen: 38 best: 480.8 mean: 565.7681592039801
gen: 39 best: 480.8 mean: 566.0601990049752
gen: 40 best: 480.8 mean: 561.5169154228855
gen: 41 best: 480.8 mean: 562.5686567164179
gen: 42 best: 480.8 mean: 561.8781094527363
gen: 43 best: 480.8 mean: 560.8651741293532
gen: 44 best: 480.8 mean: 562.8716417910448
gen: 45 best: 480.8 mean: 561.0960199004975
gen: 46 best: 480.8 mean: 559.142288557214
gen: 47 best: 480.8 mean: 557.5303482587065
gen: 48 best: 480.8 mean: 560.971144278607
gen >49, new best = 463.300
gen: 49 best: 463.3 mean: 560.2756218905473
gen: 50 best: 463.3 mean: 554.1716417910447
gen: 51 best: 463.3 mean: 557.1412935323383
gen: 52 best: 463.3 mean: 557.4696517412935
gen: 53 best: 463.3 mean: 554.0174129353234
gen: 54 best: 463.3 mean: 557.7174129353234
gen: 55 best: 463.3 mean: 557.0437810945274
gen: 56 best: 463.3 mean: 553.0059701492537
gen: 57 best: 463.3 mean: 554.9014925373134
gen: 58 best: 463.3 mean: 555.255223880597
gen: 59 best: 463.3 mean: 551.7139303482587
gen: 60 best: 463.3 mean: 552.1094527363184
gen: 61 best: 463.3 mean: 554.5611940298508
gen: 62 best: 463.3 mean: 551.8835820895522
gen: 63 best: 463.3 mean: 551.8885572139303
gen: 64 best: 463.3 mean: 551.8393034825871
gen: 65 best: 463.3 mean: 555.1462686567164
gen: 66 best: 463.3 mean: 549.7243781094527
gen: 67 best: 463.3 mean: 553.328855721393
gen: 68 best: 463.3 mean: 552.3402985074626
gen: 69 best: 463.3 mean: 548.2651741293532
gen: 70 best: 463.3 mean: 549.2646766169154
gen: 71 best: 463.3 mean: 552.0616915422886
gen: 72 best: 463.3 mean: 550.3835820895522
gen: 73 best: 463.3 mean: 549.3786069651742
gen: 74 best: 463.3 mean: 547.968656716418
gen: 75 best: 463.3 mean: 547.0039800995025
gen: 76 best: 463.3 mean: 549.3935323383084
gen: 77 best: 463.3 mean: 548.1616915422885
gen: 78 best: 463.3 mean: 545.5492537313432
gen: 79 best: 463.3 mean: 545.9532338308458
gen: 80 best: 463.3 mean: 546.2318407960199
gen: 81 best: 463.3 mean: 546.0895522388059
gen: 82 best: 463.3 mean: 543.2248756218905
gen: 83 best: 463.3 mean: 543.5686567164179
gen: 84 best: 463.3 mean: 546.468656716418
gen: 85 best: 463.3 mean: 544.1398009950249
gen: 86 best: 463.3 mean: 545.8935323383084
gen: 87 best: 463.3 mean: 546.8970149253731
gen: 88 best: 463.3 mean: 546.1721393034826
gen: 89 best: 463.3 mean: 545.9592039800995
gen: 90 best: 463.3 mean: 542.455223880597
gen: 91 best: 463.3 mean: 544.3203980099503
gen: 92 best: 463.3 mean: 545.3791044776119
gen: 93 best: 463.3 mean: 540.107960199005
gen: 94 best: 463.3 mean: 544.3761194029851
gen: 95 best: 463.3 mean: 542.5437810945274
gen: 96 best: 463.3 mean: 543.2164179104477
gen: 97 best: 463.3 mean: 541.3522388059702
gen: 98 best: 463.3 mean: 544.9094527363184
gen: 99 best: 463.3 mean: 540.7870646766169
[8, 8, 9, 8, 10, 8, 8, 7, 7, 8, 7, 7, 8, 7, 7, 7, 7, 8, 7, 8, 8, 8, 8, 8, 7, 8, 8, 7, 8, 7, 9, 8, 8, 7, 8, 9, 8, 7, 8, 8, 9, 10, 10, 8, 7, 7]
Test count of edges: 1877
cat
