Defaulting to user installation because normal site-packages is not writeable
Looking in links: /cvmfs/soft.computecanada.ca/custom/python/wheelhouse/gentoo/avx2, /cvmfs/soft.computecanada.ca/custom/python/wheelhouse/gentoo/generic, /cvmfs/soft.computecanada.ca/custom/python/wheelhouse/generic
Requirement already satisfied: graphviz in /home/js17sy/.local/lib/python3.10/site-packages (0.20)
432; python ga.py 18 1024N_graph18.dat 0.075 0.03 0.5 0.9 0.1 201 1024N_graph18laxgen3rem50_ 342732
/project/6008788/js17sy/reopenga/1024a/ga.py:291: DeprecationWarning: Sampling from a set deprecated
since Python 3.9 and will be removed in a subsequent version.
  child1 = set(random.sample(
gen >0, new best = 663.100
gen >0, new best = 649.300
gen >0, new best = 648.700
gen >0, new best = 585.600
gen: 0 best: 585.6 mean: 669.0320895522389
gen: 1 best: 585.6 mean: 667.33184079602
gen: 2 best: 585.6 mean: 667.5666666666666
gen: 3 best: 585.6 mean: 668.0925373134328
gen: 4 best: 585.6 mean: 665.7283582089552
gen: 5 best: 585.6 mean: 664.844776119403
gen: 6 best: 585.6 mean: 666.9701492537314
gen: 7 best: 585.6 mean: 665.181592039801
gen: 8 best: 585.6 mean: 663.852736318408
gen: 9 best: 585.6 mean: 663.7796019900497
gen: 10 best: 585.6 mean: 663.6990049751244
gen: 11 best: 585.6 mean: 663.5512437810945
gen: 12 best: 585.6 mean: 661.2691542288558
gen >13, new best = 580.200
gen: 13 best: 580.2 mean: 663.1273631840796
gen: 14 best: 580.2 mean: 663.1213930348259
gen: 15 best: 580.2 mean: 659.6905472636815
gen: 16 best: 580.2 mean: 661.2950248756218
gen >17, new best = 575.000
gen: 17 best: 575.0 mean: 659.8034825870647
gen: 18 best: 575.0 mean: 658.5154228855721
gen: 19 best: 575.0 mean: 658.5900497512438
gen: 20 best: 575.0 mean: 657.9905472636816
gen: 21 best: 575.0 mean: 658.1298507462686
gen: 22 best: 575.0 mean: 656.2611940298508
gen: 23 best: 575.0 mean: 655.718407960199
gen: 24 best: 575.0 mean: 656.8477611940299
gen: 25 best: 575.0 mean: 655.88407960199
gen: 26 best: 575.0 mean: 654.2751243781095
gen: 27 best: 575.0 mean: 653.3353233830845
gen: 28 best: 575.0 mean: 653.0437810945274
gen: 29 best: 575.0 mean: 652.3378109452736
gen: 30 best: 575.0 mean: 654.2442786069652
gen: 31 best: 575.0 mean: 651.8378109452736
gen >32, new best = 563.000
gen: 32 best: 563.0 mean: 650.965671641791
gen: 33 best: 563.0 mean: 651.1666666666666
gen: 34 best: 563.0 mean: 651.7288557213931
gen: 35 best: 563.0 mean: 647.8616915422886
gen: 36 best: 563.0 mean: 648.9696517412935
gen: 37 best: 563.0 mean: 650.9099502487562
gen: 38 best: 563.0 mean: 647.3985074626866
gen: 39 best: 563.0 mean: 645.4199004975125
gen: 40 best: 563.0 mean: 647.9905472636816
gen: 41 best: 563.0 mean: 645.8313432835821
gen: 42 best: 563.0 mean: 646.6601990049751
gen: 43 best: 563.0 mean: 645.363184079602
gen: 44 best: 563.0 mean: 643.165671641791
gen: 45 best: 563.0 mean: 644.8383084577115
gen >46, new best = 556.700
gen: 46 best: 556.7 mean: 642.718407960199
gen: 47 best: 556.7 mean: 643.6910447761194
gen: 48 best: 556.7 mean: 643.8089552238806
gen: 49 best: 556.7 mean: 642.8736318407961
gen: 50 best: 556.7 mean: 642.5970149253732
gen: 51 best: 556.7 mean: 641.7825870646766
gen: 52 best: 556.7 mean: 641.3268656716418
gen: 53 best: 556.7 mean: 643.6179104477612
gen >54, new best = 555.900
gen: 54 best: 555.9 mean: 640.6139303482587
gen: 55 best: 555.9 mean: 641.6626865671642
gen: 56 best: 555.9 mean: 642.3786069651742
gen: 57 best: 555.9 mean: 640.005472636816
gen: 58 best: 555.9 mean: 639.418407960199
gen: 59 best: 555.9 mean: 641.7880597014926
gen: 60 best: 555.9 mean: 641.5283582089552
gen: 61 best: 555.9 mean: 638.5746268656717
gen: 62 best: 555.9 mean: 638.1726368159204
gen >63, new best = 553.100
gen: 63 best: 553.1 mean: 637.5781094527363
gen: 64 best: 553.1 mean: 638.4870646766169
gen: 65 best: 553.1 mean: 639.9512437810945
gen: 66 best: 553.1 mean: 637.3681592039801
gen: 67 best: 553.1 mean: 637.8820895522388
gen: 68 best: 553.1 mean: 637.4830845771145
gen: 69 best: 553.1 mean: 637.5850746268657
gen: 70 best: 553.1 mean: 637.255223880597
gen: 71 best: 553.1 mean: 638.0293532338309
gen: 72 best: 553.1 mean: 637.3616915422886
gen: 73 best: 553.1 mean: 637.4383084577114
gen: 74 best: 553.1 mean: 637.7218905472637
gen: 75 best: 553.1 mean: 636.8358208955224
gen: 76 best: 553.1 mean: 635.8119402985075
gen: 77 best: 553.1 mean: 634.7457711442786
gen: 78 best: 553.1 mean: 635.6865671641791
gen: 79 best: 553.1 mean: 634.0895522388059
gen: 80 best: 553.1 mean: 635.4064676616915
gen: 81 best: 553.1 mean: 634.6965174129353
gen >82, new best = 503.300
gen: 82 best: 503.3 mean: 633.6248756218905
gen: 83 best: 503.3 mean: 634.3781094527363
gen: 84 best: 503.3 mean: 633.0363184079602
gen: 85 best: 503.3 mean: 633.9437810945274
gen: 86 best: 503.3 mean: 633.773631840796
gen: 87 best: 503.3 mean: 632.1119402985074
gen: 88 best: 503.3 mean: 633.9069651741294
gen: 89 best: 503.3 mean: 632.2288557213931
gen: 90 best: 503.3 mean: 631.8621890547264
gen: 91 best: 503.3 mean: 631.9771144278607
gen: 92 best: 503.3 mean: 632.7651741293532
gen: 93 best: 503.3 mean: 633.0402985074627
gen: 94 best: 503.3 mean: 632.3517412935323
gen: 95 best: 503.3 mean: 630.7980099502488
gen: 96 best: 503.3 mean: 631.0104477611941
gen: 97 best: 503.3 mean: 630.5174129353234
gen: 98 best: 503.3 mean: 633.360696517413
gen: 99 best: 503.3 mean: 630.9333333333333
[8, 10, 8, 11, 9, 8, 8, 9, 9, 9, 9, 9, 8, 11, 9, 8, 9, 11, 9, 10, 8, 8, 8, 9, 9, 8, 8, 8, 8, 8, 8, 9, 9, 8, 9, 11, 8, 8, 11, 9, 10, 9, 8, 9, 9, 9]
Test count of edges: 3127
cat
