Defaulting to user installation because normal site-packages is not writeable
Looking in links: /cvmfs/soft.computecanada.ca/custom/python/wheelhouse/gentoo/avx2, /cvmfs/soft.computecanada.ca/custom/python/wheelhouse/gentoo/generic, /cvmfs/soft.computecanada.ca/custom/python/wheelhouse/generic
Requirement already satisfied: graphviz in /home/js17sy/.local/lib/python3.10/site-packages (0.20)
712; python ga.py 18 1024N_graph18.dat 0.1 0.04 0.7 0.9 0.1 201 1024N_graph18leerygen3rem70_ 628342
/project/6008788/js17sy/reopenga/1024a/ga.py:291: DeprecationWarning: Sampling from a set deprecated
since Python 3.9 and will be removed in a subsequent version.
  child1 = set(random.sample(
gen >0, new best = 652.700
gen >0, new best = 642.700
gen >0, new best = 618.300
gen >0, new best = 617.100
gen >0, new best = 615.600
gen >0, new best = 575.000
gen: 0 best: 575.0 mean: 649.8355721393035
gen >1, new best = 571.200
gen: 1 best: 571.2 mean: 647.9029850746268
gen: 2 best: 571.2 mean: 648.328855721393
gen: 3 best: 571.2 mean: 643.6611940298508
gen >4, new best = 554.400
gen >4, new best = 552.800
gen: 4 best: 552.8 mean: 639.9696517412935
gen: 5 best: 552.8 mean: 641.6641791044776
gen: 6 best: 552.8 mean: 640.150248756219
gen: 7 best: 552.8 mean: 636.6835820895523
gen: 8 best: 552.8 mean: 636.963184079602
gen: 9 best: 552.8 mean: 636.0378109452737
gen: 10 best: 552.8 mean: 632.9313432835821
gen: 11 best: 552.8 mean: 633.6412935323383
gen: 12 best: 552.8 mean: 632.187064676617
gen: 13 best: 552.8 mean: 632.6865671641791
gen: 14 best: 552.8 mean: 630.5696517412936
gen: 15 best: 552.8 mean: 629.9074626865672
gen: 16 best: 552.8 mean: 628.2482587064677
gen: 17 best: 552.8 mean: 627.8805970149253
gen: 18 best: 552.8 mean: 628.7457711442786
gen: 19 best: 552.8 mean: 630.0149253731344
gen: 20 best: 552.8 mean: 627.6149253731343
gen: 21 best: 552.8 mean: 624.1004975124379
gen >22, new best = 551.700
gen: 22 best: 551.7 mean: 622.1975124378109
gen >23, new best = 548.900
gen: 23 best: 548.9 mean: 621.7656716417911
gen >24, new best = 547.700
gen >24, new best = 545.900
gen: 24 best: 545.9 mean: 618.468656716418
gen: 25 best: 545.9 mean: 620.2636815920398
gen: 26 best: 545.9 mean: 619.4333333333333
gen: 27 best: 545.9 mean: 619.5432835820895
gen >28, new best = 544.500
gen: 28 best: 544.5 mean: 620.6796019900497
gen: 29 best: 544.5 mean: 618.3512437810946
gen: 30 best: 544.5 mean: 617.2701492537313
gen: 31 best: 544.5 mean: 617.4761194029851
gen: 32 best: 544.5 mean: 614.594527363184
gen: 33 best: 544.5 mean: 614.6771144278607
gen: 34 best: 544.5 mean: 613.6378109452736
gen >35, new best = 536.800
gen: 35 best: 536.8 mean: 615.4885572139303
gen: 36 best: 536.8 mean: 613.4985074626866
gen >37, new best = 517.300
gen: 37 best: 517.3 mean: 610.2875621890547
gen: 38 best: 517.3 mean: 610.555223880597
gen >39, new best = 509.200
gen: 39 best: 509.2 mean: 609.6686567164179
gen: 40 best: 509.2 mean: 607.165671641791
gen: 41 best: 509.2 mean: 608.3149253731343
gen: 42 best: 509.2 mean: 607.6243781094528
gen: 43 best: 509.2 mean: 607.9348258706468
gen: 44 best: 509.2 mean: 605.6174129353234
gen: 45 best: 509.2 mean: 608.0134328358209
gen: 46 best: 509.2 mean: 606.5771144278607
gen: 47 best: 509.2 mean: 605.0417910447761
gen: 48 best: 509.2 mean: 604.849751243781
gen: 49 best: 509.2 mean: 603.6328358208955
gen: 50 best: 509.2 mean: 600.8726368159204
gen: 51 best: 509.2 mean: 603.7288557213931
gen: 52 best: 509.2 mean: 600.2995024875622
gen: 53 best: 509.2 mean: 602.2144278606966
gen: 54 best: 509.2 mean: 599.7094527363184
gen: 55 best: 509.2 mean: 600.8064676616915
gen: 56 best: 509.2 mean: 600.755223880597
gen: 57 best: 509.2 mean: 597.6213930348258
gen: 58 best: 509.2 mean: 598.8557213930349
gen: 59 best: 509.2 mean: 596.9562189054726
gen: 60 best: 509.2 mean: 599.9701492537314
gen: 61 best: 509.2 mean: 595.1651741293532
gen: 62 best: 509.2 mean: 597.5238805970149
gen: 63 best: 509.2 mean: 595.0512437810945
gen: 64 best: 509.2 mean: 597.176119402985
gen: 65 best: 509.2 mean: 595.0238805970149
gen: 66 best: 509.2 mean: 596.0547263681592
gen: 67 best: 509.2 mean: 594.7174129353234
gen: 68 best: 509.2 mean: 595.5258706467662
gen >69, new best = 490.700
gen: 69 best: 490.7 mean: 594.5248756218906
gen: 70 best: 490.7 mean: 596.312935323383
gen: 71 best: 490.7 mean: 593.8328358208955
gen: 72 best: 490.7 mean: 595.6328358208955
gen: 73 best: 490.7 mean: 593.2980099502488
gen: 74 best: 490.7 mean: 592.0840796019901
gen: 75 best: 490.7 mean: 593.5203980099502
gen: 76 best: 490.7 mean: 592.8253731343284
gen: 77 best: 490.7 mean: 592.5860696517412
gen: 78 best: 490.7 mean: 593.6208955223881
gen: 79 best: 490.7 mean: 592.5059701492537
gen: 80 best: 490.7 mean: 592.2970149253731
gen: 81 best: 490.7 mean: 592.1074626865671
gen: 82 best: 490.7 mean: 592.5681592039801
gen: 83 best: 490.7 mean: 590.7706467661692
gen: 84 best: 490.7 mean: 591.7487562189054
gen: 85 best: 490.7 mean: 590.9592039800995
gen: 86 best: 490.7 mean: 592.0960199004975
gen: 87 best: 490.7 mean: 590.8626865671641
gen: 88 best: 490.7 mean: 591.1825870646766
gen: 89 best: 490.7 mean: 592.0134328358209
gen: 90 best: 490.7 mean: 589.755223880597
gen: 91 best: 490.7 mean: 589.2990049751244
gen: 92 best: 490.7 mean: 589.5328358208956
gen: 93 best: 490.7 mean: 590.3009950248756
gen: 94 best: 490.7 mean: 589.2074626865672
gen: 95 best: 490.7 mean: 589.5646766169154
gen: 96 best: 490.7 mean: 590.2129353233831
gen: 97 best: 490.7 mean: 590.7497512437811
gen: 98 best: 490.7 mean: 589.5716417910447
gen: 99 best: 490.7 mean: 588.244776119403
[7, 9, 7, 7, 7, 7, 7, 11, 6, 7, 7, 8, 7, 7, 7, 7, 7, 10, 8, 7, 7, 7, 9, 7, 12, 7, 7, 8, 7, 7, 9, 7, 7, 7, 9, 8, 8, 7, 7, 8, 7, 7, 7, 7, 7]
Test count of edges: 1880
cat
