Defaulting to user installation because normal site-packages is not writeable
Looking in links: /cvmfs/soft.computecanada.ca/custom/python/wheelhouse/gentoo/avx2, /cvmfs/soft.computecanada.ca/custom/python/wheelhouse/gentoo/generic, /cvmfs/soft.computecanada.ca/custom/python/wheelhouse/generic
Requirement already satisfied: graphviz in /home/js17sy/.local/lib/python3.10/site-packages (0.20)
448; python ga.py 18 1024N_graph18.dat 0.075 0.03 0.5 0.9 0.1 201 1024N_graph18laxgen3rem50_ 799708
/project/6008788/js17sy/reopenga/1024a/ga.py:291: DeprecationWarning: Sampling from a set deprecated
since Python 3.9 and will be removed in a subsequent version.
  child1 = set(random.sample(
gen >0, new best = 664.000
gen >0, new best = 662.800
gen >0, new best = 655.900
gen >0, new best = 655.100
gen >0, new best = 651.500
gen >0, new best = 601.100
gen: 0 best: 601.1 mean: 669.0504975124378
gen >1, new best = 601.000
gen >1, new best = 599.400
gen: 1 best: 599.4 mean: 667.1940298507462
gen >2, new best = 596.500
gen >2, new best = 592.100
gen: 2 best: 592.1 mean: 667.1850746268657
gen >3, new best = 582.200
gen: 3 best: 582.2 mean: 665.2343283582089
gen: 4 best: 582.2 mean: 665.9094527363184
gen: 5 best: 582.2 mean: 662.8512437810946
gen: 6 best: 582.2 mean: 660.7467661691542
gen: 7 best: 582.2 mean: 661.4437810945274
gen: 8 best: 582.2 mean: 659.7258706467662
gen: 9 best: 582.2 mean: 658.5860696517412
gen: 10 best: 582.2 mean: 659.0129353233831
gen >11, new best = 580.200
gen: 11 best: 580.2 mean: 658.3348258706468
gen >12, new best = 571.800
gen: 12 best: 571.8 mean: 659.0965174129353
gen: 13 best: 571.8 mean: 655.8512437810946
gen: 14 best: 571.8 mean: 657.6686567164179
gen: 15 best: 571.8 mean: 655.6129353233831
gen: 16 best: 571.8 mean: 652.6562189054727
gen: 17 best: 571.8 mean: 652.7164179104477
gen: 18 best: 571.8 mean: 652.9925373134329
gen: 19 best: 571.8 mean: 652.1781094527363
gen: 20 best: 571.8 mean: 652.3507462686567
gen: 21 best: 571.8 mean: 650.3049751243781
gen: 22 best: 571.8 mean: 649.5134328358209
gen: 23 best: 571.8 mean: 650.8825870646766
gen: 24 best: 571.8 mean: 649.531343283582
gen: 25 best: 571.8 mean: 649.5383084577114
gen: 26 best: 571.8 mean: 649.3094527363185
gen: 27 best: 571.8 mean: 646.6253731343284
gen: 28 best: 571.8 mean: 646.6457711442786
gen: 29 best: 571.8 mean: 647.3432835820895
gen: 30 best: 571.8 mean: 646.4761194029851
gen >31, new best = 568.600
gen: 31 best: 568.6 mean: 645.1293532338309
gen: 32 best: 568.6 mean: 645.1034825870647
gen: 33 best: 568.6 mean: 643.6900497512438
gen >34, new best = 568.300
gen: 34 best: 568.3 mean: 642.0611940298508
gen: 35 best: 568.3 mean: 642.6990049751244
gen: 36 best: 568.3 mean: 643.2432835820896
gen: 37 best: 568.3 mean: 640.5378109452736
gen: 38 best: 568.3 mean: 640.6358208955224
gen >39, new best = 566.000
gen >39, new best = 558.200
gen: 39 best: 558.2 mean: 641.5771144278607
gen: 40 best: 558.2 mean: 639.3900497512437
gen: 41 best: 558.2 mean: 640.9686567164179
gen: 42 best: 558.2 mean: 641.0895522388059
gen: 43 best: 558.2 mean: 639.1900497512438
gen: 44 best: 558.2 mean: 637.0213930348259
gen: 45 best: 558.2 mean: 637.2995024875622
gen: 46 best: 558.2 mean: 636.289552238806
gen: 47 best: 558.2 mean: 636.1716417910447
gen: 48 best: 558.2 mean: 636.5059701492537
gen: 49 best: 558.2 mean: 636.5960199004975
gen: 50 best: 558.2 mean: 637.5771144278607
gen: 51 best: 558.2 mean: 634.8885572139303
gen: 52 best: 558.2 mean: 635.1263681592039
gen: 53 best: 558.2 mean: 632.8218905472637
gen: 54 best: 558.2 mean: 632.2567164179104
gen: 55 best: 558.2 mean: 633.131343283582
gen >56, new best = 555.400
gen: 56 best: 555.4 mean: 633.0895522388059
gen: 57 best: 555.4 mean: 631.5696517412936
gen: 58 best: 555.4 mean: 629.9925373134329
gen: 59 best: 555.4 mean: 630.8114427860696
gen: 60 best: 555.4 mean: 630.4074626865672
gen: 61 best: 555.4 mean: 630.0318407960199
gen >62, new best = 554.200
gen: 62 best: 554.2 mean: 629.7582089552238
gen: 63 best: 554.2 mean: 629.0527363184079
gen: 64 best: 554.2 mean: 627.1203980099502
gen: 65 best: 554.2 mean: 627.8597014925373
gen: 66 best: 554.2 mean: 628.1741293532339
gen: 67 best: 554.2 mean: 626.6218905472637
gen >68, new best = 546.800
gen: 68 best: 546.8 mean: 625.8213930348259
gen: 69 best: 546.8 mean: 626.6636815920398
gen: 70 best: 546.8 mean: 625.5850746268657
gen: 71 best: 546.8 mean: 626.2935323383084
gen: 72 best: 546.8 mean: 625.9840796019901
gen >73, new best = 537.900
gen: 73 best: 537.9 mean: 624.5273631840796
gen: 74 best: 537.9 mean: 625.7572139303483
gen: 75 best: 537.9 mean: 624.2099502487562
gen: 76 best: 537.9 mean: 623.489552238806
gen: 77 best: 537.9 mean: 625.8014925373134
gen: 78 best: 537.9 mean: 624.650248756219
gen: 79 best: 537.9 mean: 622.2776119402985
gen: 80 best: 537.9 mean: 624.7905472636816
gen: 81 best: 537.9 mean: 624.0139303482587
gen: 82 best: 537.9 mean: 623.1149253731344
gen: 83 best: 537.9 mean: 624.3054726368159
gen: 84 best: 537.9 mean: 624.5990049751243
gen: 85 best: 537.9 mean: 623.3194029850746
gen: 86 best: 537.9 mean: 624.3930348258707
gen: 87 best: 537.9 mean: 624.5487562189055
gen: 88 best: 537.9 mean: 623.3189054726369
gen: 89 best: 537.9 mean: 623.4706467661691
gen: 90 best: 537.9 mean: 623.4587064676617
gen: 91 best: 537.9 mean: 622.7019900497512
gen: 92 best: 537.9 mean: 621.905472636816
gen: 93 best: 537.9 mean: 622.0616915422886
gen: 94 best: 537.9 mean: 622.5766169154228
gen: 95 best: 537.9 mean: 621.9417910447761
gen: 96 best: 537.9 mean: 621.6691542288557
gen: 97 best: 537.9 mean: 621.6676616915423
gen: 98 best: 537.9 mean: 621.1746268656716
gen: 99 best: 537.9 mean: 621.907960199005
[8, 8, 9, 11, 9, 9, 8, 10, 8, 8, 8, 10, 8, 8, 9, 9, 11, 8, 8, 9, 8, 8, 9, 8, 8, 8, 9, 9, 8, 9, 8, 9, 11, 8, 9, 9, 8, 8, 11, 10, 10, 9, 8, 13, 9, 9, 9, 9, 8]
Test count of edges: 3127
cat
