Defaulting to user installation because normal site-packages is not writeable
Looking in links: /cvmfs/soft.computecanada.ca/custom/python/wheelhouse/gentoo/avx2, /cvmfs/soft.computecanada.ca/custom/python/wheelhouse/gentoo/generic, /cvmfs/soft.computecanada.ca/custom/python/wheelhouse/generic
Requirement already satisfied: graphviz in /home/js17sy/.local/lib/python3.10/site-packages (0.20)
387; python ga.py 18 1024N_graph18.dat 0.075 0.03 0.5 0.5 0.5 201 1024N_graph18laxgen1rem50_ 771147
/project/6008788/js17sy/reopenga/1024a/ga.py:291: DeprecationWarning: Sampling from a set deprecated
since Python 3.9 and will be removed in a subsequent version.
  child1 = set(random.sample(
gen >0, new best = 675.200
gen >0, new best = 653.600
gen >0, new best = 653.300
gen >0, new best = 595.200
gen >0, new best = 585.600
gen: 0 best: 585.6 mean: 669.4398009950248
gen: 1 best: 585.6 mean: 669.9890547263682
gen >2, new best = 584.800
gen: 2 best: 584.8 mean: 667.3502487562189
gen: 3 best: 584.8 mean: 666.8452736318408
gen: 4 best: 584.8 mean: 663.9890547263682
gen: 5 best: 584.8 mean: 663.6900497512438
gen: 6 best: 584.8 mean: 663.6263681592039
gen: 7 best: 584.8 mean: 662.7915422885573
gen: 8 best: 584.8 mean: 662.9189054726368
gen: 9 best: 584.8 mean: 662.0064676616915
gen: 10 best: 584.8 mean: 661.7109452736319
gen: 11 best: 584.8 mean: 662.7029850746269
gen: 12 best: 584.8 mean: 660.0865671641791
gen: 13 best: 584.8 mean: 660.6238805970149
gen: 14 best: 584.8 mean: 658.7039800995025
gen >15, new best = 576.200
gen: 15 best: 576.2 mean: 657.8746268656716
gen: 16 best: 576.2 mean: 658.652736318408
gen: 17 best: 576.2 mean: 658.5004975124378
gen: 18 best: 576.2 mean: 657.0223880597015
gen: 19 best: 576.2 mean: 655.6567164179105
gen: 20 best: 576.2 mean: 655.4442786069652
gen >21, new best = 567.500
gen: 21 best: 567.5 mean: 655.0417910447761
gen: 22 best: 567.5 mean: 655.3736318407961
gen: 23 best: 567.5 mean: 653.3482587064676
gen: 24 best: 567.5 mean: 653.6179104477612
gen: 25 best: 567.5 mean: 654.0626865671642
gen: 26 best: 567.5 mean: 651.8174129353234
gen: 27 best: 567.5 mean: 652.3258706467661
gen: 28 best: 567.5 mean: 652.9865671641791
gen: 29 best: 567.5 mean: 651.9641791044776
gen: 30 best: 567.5 mean: 653.018407960199
gen: 31 best: 567.5 mean: 650.2009950248756
gen: 32 best: 567.5 mean: 649.4860696517413
gen >33, new best = 561.400
gen: 33 best: 561.4 mean: 650.2820895522389
gen >34, new best = 556.900
gen: 34 best: 556.9 mean: 647.3850746268656
gen: 35 best: 556.9 mean: 648.3696517412935
gen: 36 best: 556.9 mean: 648.6900497512438
gen >37, new best = 522.200
gen: 37 best: 522.2 mean: 647.5751243781094
gen: 38 best: 522.2 mean: 646.255223880597
gen: 39 best: 522.2 mean: 647.8791044776119
gen: 40 best: 522.2 mean: 646.2601990049751
gen: 41 best: 522.2 mean: 647.747263681592
gen: 42 best: 522.2 mean: 646.0771144278607
gen: 43 best: 522.2 mean: 646.9373134328358
gen: 44 best: 522.2 mean: 646.28407960199
gen: 45 best: 522.2 mean: 646.8532338308457
gen: 46 best: 522.2 mean: 645.3810945273632
gen: 47 best: 522.2 mean: 646.5746268656717
gen: 48 best: 522.2 mean: 645.4671641791044
gen: 49 best: 522.2 mean: 644.4606965174129
gen: 50 best: 522.2 mean: 644.5412935323383
gen: 51 best: 522.2 mean: 644.5830845771144
gen: 52 best: 522.2 mean: 644.3313432835821
gen: 53 best: 522.2 mean: 645.6248756218905
gen: 54 best: 522.2 mean: 645.4014925373134
gen: 55 best: 522.2 mean: 644.7751243781095
gen: 56 best: 522.2 mean: 644.0587064676616
gen: 57 best: 522.2 mean: 643.326368159204
gen >58, new best = 502.800
gen: 58 best: 502.8 mean: 643.5542288557214
gen: 59 best: 502.8 mean: 642.5273631840796
gen: 60 best: 502.8 mean: 642.8303482587065
gen: 61 best: 502.8 mean: 644.5746268656717
gen: 62 best: 502.8 mean: 642.6223880597015
gen: 63 best: 502.8 mean: 642.8850746268656
gen: 64 best: 502.8 mean: 642.9154228855722
gen: 65 best: 502.8 mean: 642.8233830845771
gen: 66 best: 502.8 mean: 642.320895522388
gen: 67 best: 502.8 mean: 642.9925373134329
gen: 68 best: 502.8 mean: 644.2651741293532
gen: 69 best: 502.8 mean: 644.0159203980099
gen: 70 best: 502.8 mean: 642.4104477611941
gen: 71 best: 502.8 mean: 642.3706467661691
gen: 72 best: 502.8 mean: 641.5960199004975
gen: 73 best: 502.8 mean: 641.6308457711443
gen: 74 best: 502.8 mean: 641.3487562189055
gen: 75 best: 502.8 mean: 640.0676616915423
gen: 76 best: 502.8 mean: 641.6805970149254
gen: 77 best: 502.8 mean: 642.5398009950248
gen: 78 best: 502.8 mean: 642.0144278606965
gen: 79 best: 502.8 mean: 641.8154228855722
gen: 80 best: 502.8 mean: 641.8014925373134
gen: 81 best: 502.8 mean: 641.2915422885573
gen: 82 best: 502.8 mean: 643.3865671641792
gen: 83 best: 502.8 mean: 641.1701492537313
gen: 84 best: 502.8 mean: 643.5457711442787
gen: 85 best: 502.8 mean: 641.2716417910448
gen: 86 best: 502.8 mean: 641.4910447761195
gen: 87 best: 502.8 mean: 639.7651741293532
gen: 88 best: 502.8 mean: 640.8980099502487
gen: 89 best: 502.8 mean: 641.920895522388
gen: 90 best: 502.8 mean: 641.7288557213931
gen: 91 best: 502.8 mean: 641.3054726368159
gen: 92 best: 502.8 mean: 641.3646766169154
gen: 93 best: 502.8 mean: 641.7542288557214
gen: 94 best: 502.8 mean: 642.1731343283582
gen: 95 best: 502.8 mean: 640.8402985074626
gen: 96 best: 502.8 mean: 640.2656716417911
gen: 97 best: 502.8 mean: 640.9034825870647
gen: 98 best: 502.8 mean: 640.83184079602
gen: 99 best: 502.8 mean: 641.6179104477612
[9, 9, 8, 9, 9, 9, 8, 10, 8, 9, 9, 8, 8, 9, 9, 9, 8, 8, 8, 8, 9, 9, 10, 9, 9, 8, 9, 9, 11, 9, 8, 8, 9, 9, 8, 9, 9, 8, 10, 9, 9, 10, 8, 9, 9, 9, 8]
Test count of edges: 3146
cat
