Defaulting to user installation because normal site-packages is not writeable
Looking in links: /cvmfs/soft.computecanada.ca/custom/python/wheelhouse/gentoo/avx2, /cvmfs/soft.computecanada.ca/custom/python/wheelhouse/gentoo/generic, /cvmfs/soft.computecanada.ca/custom/python/wheelhouse/generic
Requirement already satisfied: graphviz in /home/js17sy/.local/lib/python3.10/site-packages (0.20)
61; python ga.py 18 1024N_graph18.dat 0.025 0.01 0.5 0.9 0.1 201 1024N_graph18strictgen3rem50_ 28561
/project/6008788/js17sy/reopenga/1024a/ga.py:291: DeprecationWarning: Sampling from a set deprecated
since Python 3.9 and will be removed in a subsequent version.
  child1 = set(random.sample(
gen >0, new best = 584.100
gen: 0 best: 584.1 mean: 632.1751243781094
gen >1, new best = 573.300
gen >1, new best = 566.200
gen >1, new best = 558.200
gen: 1 best: 558.2 mean: 629.3243781094527
gen: 2 best: 558.2 mean: 629.4731343283582
gen: 3 best: 558.2 mean: 628.1099502487563
gen >4, new best = 555.000
gen: 4 best: 555.0 mean: 626.9940298507463
gen >5, new best = 550.300
gen: 5 best: 550.3 mean: 626.2800995024876
gen: 6 best: 550.3 mean: 624.7910447761194
gen: 7 best: 550.3 mean: 626.1835820895523
gen: 8 best: 550.3 mean: 623.2542288557214
gen >9, new best = 549.500
gen: 9 best: 549.5 mean: 620.6900497512438
gen: 10 best: 549.5 mean: 622.2930348258707
gen: 11 best: 549.5 mean: 621.136815920398
gen: 12 best: 549.5 mean: 620.2064676616916
gen: 13 best: 549.5 mean: 620.2865671641791
gen >14, new best = 544.900
gen: 14 best: 544.9 mean: 618.760696517413
gen: 15 best: 544.9 mean: 616.8029850746269
gen: 16 best: 544.9 mean: 617.2124378109453
gen: 17 best: 544.9 mean: 616.7845771144279
gen: 18 best: 544.9 mean: 616.7980099502488
gen: 19 best: 544.9 mean: 615.5223880597015
gen: 20 best: 544.9 mean: 615.6194029850747
gen >21, new best = 535.300
gen >21, new best = 529.300
gen: 21 best: 529.3 mean: 614.3
gen: 22 best: 529.3 mean: 613.2577114427861
gen: 23 best: 529.3 mean: 614.031343283582
gen: 24 best: 529.3 mean: 612.6442786069651
gen: 25 best: 529.3 mean: 609.7154228855721
gen: 26 best: 529.3 mean: 610.1477611940298
gen: 27 best: 529.3 mean: 609.4626865671642
gen: 28 best: 529.3 mean: 607.9388059701492
gen: 29 best: 529.3 mean: 606.9930348258706
gen: 30 best: 529.3 mean: 604.7930348258707
gen: 31 best: 529.3 mean: 604.5885572139304
gen: 32 best: 529.3 mean: 604.9840796019901
gen: 33 best: 529.3 mean: 603.9074626865672
gen: 34 best: 529.3 mean: 601.6786069651741
gen: 35 best: 529.3 mean: 600.6631840796019
gen >36, new best = 526.100
gen: 36 best: 526.1 mean: 599.6437810945274
gen: 37 best: 526.1 mean: 600.1303482587065
gen: 38 best: 526.1 mean: 597.9303482587064
gen: 39 best: 526.1 mean: 598.8164179104477
gen >40, new best = 522.100
gen: 40 best: 522.1 mean: 597.9422885572139
gen: 41 best: 522.1 mean: 596.5228855721393
gen: 42 best: 522.1 mean: 594.9517412935323
gen: 43 best: 522.1 mean: 593.6935323383085
gen: 44 best: 522.1 mean: 593.2626865671642
gen >45, new best = 514.500
gen: 45 best: 514.5 mean: 592.1611940298508
gen: 46 best: 514.5 mean: 589.9905472636816
gen: 47 best: 514.5 mean: 590.7223880597015
gen: 48 best: 514.5 mean: 591.1990049751244
gen >49, new best = 503.100
gen: 49 best: 503.1 mean: 590.3407960199005
gen: 50 best: 503.1 mean: 590.2313432835821
gen: 51 best: 503.1 mean: 589.1955223880597
gen: 52 best: 503.1 mean: 587.8706467661691
gen: 53 best: 503.1 mean: 588.871144278607
gen: 54 best: 503.1 mean: 587.0512437810945
gen: 55 best: 503.1 mean: 585.1129353233831
gen: 56 best: 503.1 mean: 583.9253731343283
gen: 57 best: 503.1 mean: 585.8228855721393
gen: 58 best: 503.1 mean: 585.8109452736319
gen: 59 best: 503.1 mean: 584.4980099502487
gen: 60 best: 503.1 mean: 582.7731343283582
gen: 61 best: 503.1 mean: 583.5124378109452
gen: 62 best: 503.1 mean: 581.7283582089552
gen: 63 best: 503.1 mean: 581.0487562189055
gen: 64 best: 503.1 mean: 578.1283582089552
gen >65, new best = 503.000
gen: 65 best: 503.0 mean: 579.4572139303483
gen: 66 best: 503.0 mean: 579.1810945273631
gen: 67 best: 503.0 mean: 578.8676616915423
gen: 68 best: 503.0 mean: 575.0119402985075
gen >69, new best = 495.400
gen: 69 best: 495.4 mean: 577.5930348258706
gen: 70 best: 495.4 mean: 577.9696517412935
gen: 71 best: 495.4 mean: 576.4875621890548
gen: 72 best: 495.4 mean: 575.7208955223881
gen: 73 best: 495.4 mean: 575.6223880597015
gen: 74 best: 495.4 mean: 574.7900497512438
gen: 75 best: 495.4 mean: 574.7308457711442
gen: 76 best: 495.4 mean: 572.6208955223881
gen: 77 best: 495.4 mean: 571.6796019900497
gen: 78 best: 495.4 mean: 572.8064676616915
gen: 79 best: 495.4 mean: 573.9477611940299
gen: 80 best: 495.4 mean: 571.8437810945273
gen: 81 best: 495.4 mean: 572.1348258706468
gen: 82 best: 495.4 mean: 571.6651741293532
gen: 83 best: 495.4 mean: 571.4835820895522
gen: 84 best: 495.4 mean: 570.4477611940299
gen: 85 best: 495.4 mean: 571.6084577114428
gen: 86 best: 495.4 mean: 567.747263681592
gen: 87 best: 495.4 mean: 567.9412935323382
gen: 88 best: 495.4 mean: 568.0
gen: 89 best: 495.4 mean: 566.7621890547264
gen: 90 best: 495.4 mean: 567.3283582089553
gen: 91 best: 495.4 mean: 565.3805970149253
gen: 92 best: 495.4 mean: 566.2681592039801
gen: 93 best: 495.4 mean: 566.7587064676617
gen: 94 best: 495.4 mean: 565.6243781094528
gen: 95 best: 495.4 mean: 566.8965174129353
gen >96, new best = 494.700
gen: 96 best: 494.7 mean: 564.3358208955224
gen: 97 best: 494.7 mean: 564.6323383084577
gen >98, new best = 491.700
gen: 98 best: 491.7 mean: 565.7636815920398
gen: 99 best: 491.7 mean: 563.7258706467661
[9, 10, 10, 10, 10, 11, 9, 10, 9, 9, 11, 11, 9, 9, 8, 10, 9, 11, 9, 9, 10, 12, 10, 9, 12, 12, 9, 10, 10, 10, 10, 10, 10, 12, 10, 9, 11, 11, 10, 12, 10, 10, 9, 10, 10, 9]
Test count of edges: 3129
cat
