Defaulting to user installation because normal site-packages is not writeable
Looking in links: /cvmfs/soft.computecanada.ca/custom/python/wheelhouse/gentoo/avx2, /cvmfs/soft.computecanada.ca/custom/python/wheelhouse/gentoo/generic, /cvmfs/soft.computecanada.ca/custom/python/wheelhouse/generic
Requirement already satisfied: graphviz in /home/js17sy/.local/lib/python3.10/site-packages (0.20)
204; python ga.py 18 1024N_graph18.dat 0.05 0.02 0.5 0.5 0.5 201 1024N_graph18mediumgen1rem50_ 685464
/project/6008788/js17sy/reopenga/1024a/ga.py:291: DeprecationWarning: Sampling from a set deprecated
since Python 3.9 and will be removed in a subsequent version.
  child1 = set(random.sample(
gen >0, new best = 661.700
gen >0, new best = 646.700
gen >0, new best = 645.600
gen >0, new best = 645.100
gen >0, new best = 643.100
gen >0, new best = 642.500
gen >0, new best = 640.600
gen >0, new best = 633.500
gen >0, new best = 632.700
gen >0, new best = 577.700
gen: 0 best: 577.7 mean: 650.8064676616915
gen: 1 best: 577.7 mean: 649.5527363184079
gen: 2 best: 577.7 mean: 648.5034825870647
gen >3, new best = 572.500
gen: 3 best: 572.5 mean: 646.4203980099502
gen >4, new best = 570.400
gen: 4 best: 570.4 mean: 644.2149253731343
gen >5, new best = 564.300
gen: 5 best: 564.3 mean: 644.6427860696517
gen: 6 best: 564.3 mean: 643.9159203980099
gen: 7 best: 564.3 mean: 644.7547263681593
gen: 8 best: 564.3 mean: 641.7681592039801
gen: 9 best: 564.3 mean: 643.7427860696517
gen: 10 best: 564.3 mean: 642.5766169154228
gen: 11 best: 564.3 mean: 641.6995024875622
gen >12, new best = 560.400
gen: 12 best: 560.4 mean: 640.7034825870646
gen: 13 best: 560.4 mean: 639.7
gen: 14 best: 560.4 mean: 637.6442786069651
gen: 15 best: 560.4 mean: 638.5517412935324
gen >16, new best = 494.000
gen: 16 best: 494.0 mean: 636.760696517413
gen: 17 best: 494.0 mean: 637.3865671641792
gen: 18 best: 494.0 mean: 636.6562189054727
gen: 19 best: 494.0 mean: 636.9716417910448
gen: 20 best: 494.0 mean: 635.2233830845771
gen: 21 best: 494.0 mean: 632.1721393034826
gen: 22 best: 494.0 mean: 633.8771144278606
gen: 23 best: 494.0 mean: 632.4671641791044
gen: 24 best: 494.0 mean: 631.3990049751244
gen: 25 best: 494.0 mean: 631.6199004975124
gen: 26 best: 494.0 mean: 630.3905472636816
gen: 27 best: 494.0 mean: 631.3542288557214
gen: 28 best: 494.0 mean: 630.0199004975125
gen: 29 best: 494.0 mean: 630.9731343283582
gen: 30 best: 494.0 mean: 629.3567164179104
gen: 31 best: 494.0 mean: 629.189552238806
gen: 32 best: 494.0 mean: 628.6388059701493
gen: 33 best: 494.0 mean: 627.7134328358209
gen: 34 best: 494.0 mean: 626.5298507462686
gen: 35 best: 494.0 mean: 626.1562189054727
gen: 36 best: 494.0 mean: 624.8935323383084
gen: 37 best: 494.0 mean: 625.7990049751244
gen: 38 best: 494.0 mean: 625.3174129353234
gen: 39 best: 494.0 mean: 622.255223880597
gen: 40 best: 494.0 mean: 624.0174129353234
gen: 41 best: 494.0 mean: 620.7791044776119
gen: 42 best: 494.0 mean: 621.9512437810945
gen: 43 best: 494.0 mean: 620.3149253731343
gen: 44 best: 494.0 mean: 620.4044776119403
gen: 45 best: 494.0 mean: 620.9492537313433
gen: 46 best: 494.0 mean: 618.4781094527364
gen: 47 best: 494.0 mean: 619.8532338308457
gen: 48 best: 494.0 mean: 617.818407960199
gen: 49 best: 494.0 mean: 616.0800995024875
gen: 50 best: 494.0 mean: 618.0243781094528
gen: 51 best: 494.0 mean: 616.81592039801
gen: 52 best: 494.0 mean: 618.4228855721393
gen: 53 best: 494.0 mean: 617.2109452736319
gen: 54 best: 494.0 mean: 616.7796019900497
gen: 55 best: 494.0 mean: 617.0776119402985
gen: 56 best: 494.0 mean: 617.1044776119403
gen: 57 best: 494.0 mean: 615.7144278606966
gen: 58 best: 494.0 mean: 616.0567164179105
gen: 59 best: 494.0 mean: 617.881592039801
gen: 60 best: 494.0 mean: 616.7348258706468
gen: 61 best: 494.0 mean: 616.0950248756219
gen: 62 best: 494.0 mean: 615.5064676616915
gen: 63 best: 494.0 mean: 616.9134328358209
gen: 64 best: 494.0 mean: 615.336815920398
gen: 65 best: 494.0 mean: 617.3363184079602
gen: 66 best: 494.0 mean: 615.4621890547264
gen: 67 best: 494.0 mean: 615.7985074626865
gen: 68 best: 494.0 mean: 614.3955223880597
gen: 69 best: 494.0 mean: 615.5268656716418
gen: 70 best: 494.0 mean: 615.8845771144279
gen: 71 best: 494.0 mean: 613.8990049751244
gen: 72 best: 494.0 mean: 613.6358208955224
gen: 73 best: 494.0 mean: 613.2353233830846
gen: 74 best: 494.0 mean: 615.3870646766169
gen: 75 best: 494.0 mean: 613.1771144278607
gen: 76 best: 494.0 mean: 611.1855721393035
gen: 77 best: 494.0 mean: 613.1054726368159
gen: 78 best: 494.0 mean: 614.7303482587065
gen: 79 best: 494.0 mean: 614.5616915422886
gen: 80 best: 494.0 mean: 612.9388059701492
gen: 81 best: 494.0 mean: 612.1990049751244
gen: 82 best: 494.0 mean: 611.8353233830845
gen: 83 best: 494.0 mean: 611.1965174129353
gen: 84 best: 494.0 mean: 610.1875621890547
gen: 85 best: 494.0 mean: 610.3213930348259
gen: 86 best: 494.0 mean: 612.3049751243781
gen: 87 best: 494.0 mean: 610.7512437810946
gen: 88 best: 494.0 mean: 610.1512437810945
gen: 89 best: 494.0 mean: 611.7174129353234
gen: 90 best: 494.0 mean: 610.2288557213931
gen: 91 best: 494.0 mean: 610.1875621890547
gen: 92 best: 494.0 mean: 611.7432835820896
gen: 93 best: 494.0 mean: 609.9233830845772
gen: 94 best: 494.0 mean: 609.3706467661691
gen: 95 best: 494.0 mean: 610.636815920398
gen: 96 best: 494.0 mean: 609.4119402985075
gen: 97 best: 494.0 mean: 610.2751243781095
gen: 98 best: 494.0 mean: 612.0701492537313
gen: 99 best: 494.0 mean: 610.1412935323383
[9, 10, 10, 12, 9, 9, 10, 10, 9, 10, 10, 10, 9, 10, 10, 10, 9, 10, 9, 9, 9, 9, 10, 9, 10, 9, 9, 9, 10, 9, 11, 10, 10, 11, 9, 10, 10, 10, 9, 10, 9, 13, 9, 8, 10, 9, 10, 9]
Test count of edges: 3131
cat
