Defaulting to user installation because normal site-packages is not writeable
Looking in links: /cvmfs/soft.computecanada.ca/custom/python/wheelhouse/gentoo/avx2, /cvmfs/soft.computecanada.ca/custom/python/wheelhouse/gentoo/generic, /cvmfs/soft.computecanada.ca/custom/python/wheelhouse/generic
Requirement already satisfied: graphviz in /home/js17sy/.local/lib/python3.10/site-packages (0.20)
120; python ga.py 18 1024N_graph18.dat 0.025 0.01 0.7 0.5 0.5 201 1024N_graph18strictgen1rem70_ 856830
/project/6008788/js17sy/reopenga/1024a/ga.py:291: DeprecationWarning: Sampling from a set deprecated
since Python 3.9 and will be removed in a subsequent version.
  child1 = set(random.sample(
gen >0, new best = 530.800
gen >0, new best = 502.200
gen >0, new best = 496.800
gen: 0 best: 496.8 mean: 576.4885572139303
gen >1, new best = 496.700
gen >1, new best = 420.600
gen: 1 best: 420.6 mean: 570.61592039801
gen: 2 best: 420.6 mean: 563.2701492537313
gen: 3 best: 420.6 mean: 563.5587064676618
gen: 4 best: 420.6 mean: 556.2412935323383
gen: 5 best: 420.6 mean: 549.6636815920398
gen: 6 best: 420.6 mean: 549.4587064676617
gen: 7 best: 420.6 mean: 536.3512437810946
gen: 8 best: 420.6 mean: 533.9044776119403
gen: 9 best: 420.6 mean: 533.492039800995
gen: 10 best: 420.6 mean: 532.4363184079602
gen: 11 best: 420.6 mean: 530.202487562189
gen: 12 best: 420.6 mean: 525.9283582089553
gen: 13 best: 420.6 mean: 527.5383084577114
gen: 14 best: 420.6 mean: 525.5626865671642
gen: 15 best: 420.6 mean: 514.8980099502487
gen: 16 best: 420.6 mean: 512.9199004975125
gen >17, new best = 406.500
gen: 17 best: 406.5 mean: 515.5601990049752
gen: 18 best: 406.5 mean: 512.2711442786069
gen: 19 best: 406.5 mean: 508.3089552238806
gen: 20 best: 406.5 mean: 504.7199004975124
gen: 21 best: 406.5 mean: 502.72089552238805
gen: 22 best: 406.5 mean: 507.92089552238804
gen: 23 best: 406.5 mean: 503.16218905472635
gen: 24 best: 406.5 mean: 504.7805970149254
gen: 25 best: 406.5 mean: 499.37512437810943
gen >26, new best = 401.700
gen: 26 best: 401.7 mean: 500.4542288557214
gen: 27 best: 401.7 mean: 499.2323383084577
gen >28, new best = 400.200
gen: 28 best: 400.2 mean: 496.0970149253731
gen: 29 best: 400.2 mean: 494.0532338308458
gen: 30 best: 400.2 mean: 493.71094527363186
gen: 31 best: 400.2 mean: 494.62039800995024
gen: 32 best: 400.2 mean: 490.8174129353234
gen: 33 best: 400.2 mean: 490.07611940298506
gen: 34 best: 400.2 mean: 490.118407960199
gen: 35 best: 400.2 mean: 485.7691542288557
gen: 36 best: 400.2 mean: 486.92039800995025
gen: 37 best: 400.2 mean: 484.5716417910448
gen: 38 best: 400.2 mean: 487.28109452736317
gen: 39 best: 400.2 mean: 488.51592039800994
gen: 40 best: 400.2 mean: 485.25373134328356
gen >41, new best = 392.500
gen: 41 best: 392.5 mean: 482.29253731343283
gen: 42 best: 392.5 mean: 479.8189054726368
gen >43, new best = 392.300
gen: 43 best: 392.3 mean: 477.5323383084577
gen: 44 best: 392.3 mean: 482.1626865671642
gen: 45 best: 392.3 mean: 482.32338308457713
gen: 46 best: 392.3 mean: 482.17114427860696
gen: 47 best: 392.3 mean: 477.32338308457713
gen: 48 best: 392.3 mean: 476.27064676616914
gen: 49 best: 392.3 mean: 480.72039800995026
gen: 50 best: 392.3 mean: 480.26268656716417
gen: 51 best: 392.3 mean: 475.93134328358207
gen >52, new best = 368.900
gen: 52 best: 368.9 mean: 477.70646766169153
gen: 53 best: 368.9 mean: 478.6726368159204
gen: 54 best: 368.9 mean: 473.9194029850746
gen: 55 best: 368.9 mean: 474.97711442786067
gen: 56 best: 368.9 mean: 472.5004975124378
gen: 57 best: 368.9 mean: 471.8114427860697
gen: 58 best: 368.9 mean: 472.0935323383085
gen: 59 best: 368.9 mean: 474.33084577114425
gen: 60 best: 368.9 mean: 474.4850746268657
gen: 61 best: 368.9 mean: 470.49751243781094
gen: 62 best: 368.9 mean: 473.0781094527363
gen: 63 best: 368.9 mean: 473.4373134328358
gen: 64 best: 368.9 mean: 471.0805970149254
gen: 65 best: 368.9 mean: 468.85820895522386
gen: 66 best: 368.9 mean: 468.43830845771146
gen: 67 best: 368.9 mean: 470.7378109452736
gen: 68 best: 368.9 mean: 468.4084577114428
gen: 69 best: 368.9 mean: 470.09303482587063
gen: 70 best: 368.9 mean: 469.5636815920398
gen: 71 best: 368.9 mean: 468.64925373134326
gen: 72 best: 368.9 mean: 469.1796019900498
gen: 73 best: 368.9 mean: 467.3810945273632
gen: 74 best: 368.9 mean: 468.0402985074627
gen: 75 best: 368.9 mean: 466.4676616915423
gen: 76 best: 368.9 mean: 467.655223880597
gen: 77 best: 368.9 mean: 465.5915422885572
gen: 78 best: 368.9 mean: 467.2805970149254
gen: 79 best: 368.9 mean: 465.93333333333334
gen: 80 best: 368.9 mean: 470.1995024875622
gen: 81 best: 368.9 mean: 466.210447761194
gen: 82 best: 368.9 mean: 463.618407960199
gen: 83 best: 368.9 mean: 465.8666666666667
gen: 84 best: 368.9 mean: 465.5164179104478
gen: 85 best: 368.9 mean: 467.1333333333333
gen: 86 best: 368.9 mean: 464.52835820895524
gen: 87 best: 368.9 mean: 466.2547263681592
gen: 88 best: 368.9 mean: 468.17661691542287
gen: 89 best: 368.9 mean: 464.1885572139303
gen: 90 best: 368.9 mean: 466.09850746268654
gen: 91 best: 368.9 mean: 464.0422885572139
gen: 92 best: 368.9 mean: 462.21343283582087
gen: 93 best: 368.9 mean: 464.0437810945274
gen: 94 best: 368.9 mean: 463.93930348258704
gen: 95 best: 368.9 mean: 461.6129353233831
gen: 96 best: 368.9 mean: 462.9810945273632
gen: 97 best: 368.9 mean: 460.57412935323384
gen: 98 best: 368.9 mean: 462.54477611940297
gen: 99 best: 368.9 mean: 462.9731343283582
[10, 10, 9, 9, 9, 13, 8, 9, 9, 9, 9, 9, 10, 10, 9, 8, 11, 10, 10, 8, 9, 10, 11, 9, 12, 9, 9, 8, 11, 10, 8, 8, 12, 10, 9, 9, 11, 9, 14, 8, 9, 9, 9, 14, 9, 12]
Test count of edges: 1900
cat
