Defaulting to user installation because normal site-packages is not writeable
Looking in links: /cvmfs/soft.computecanada.ca/custom/python/wheelhouse/gentoo/avx2, /cvmfs/soft.computecanada.ca/custom/python/wheelhouse/gentoo/generic, /cvmfs/soft.computecanada.ca/custom/python/wheelhouse/generic
Requirement already satisfied: graphviz in /home/js17sy/.local/lib/python3.10/site-packages (0.20)
499; python ga.py 18 1024N_graph18.dat 0.075 0.03 0.7 0.7 0.3 201 1024N_graph18laxgen2rem70_ 542659
/project/6008788/js17sy/reopenga/1024a/ga.py:291: DeprecationWarning: Sampling from a set deprecated
since Python 3.9 and will be removed in a subsequent version.
  child1 = set(random.sample(
gen >0, new best = 645.900
gen >0, new best = 619.400
gen >0, new best = 606.000
gen >0, new best = 593.800
gen: 0 best: 593.8 mean: 650.7644278606965
gen >1, new best = 587.300
gen >1, new best = 557.900
gen >1, new best = 556.800
gen: 1 best: 556.8 mean: 645.1452736318408
gen: 2 best: 556.8 mean: 642.155223880597
gen: 3 best: 556.8 mean: 639.3427860696518
gen: 4 best: 556.8 mean: 633.4119402985075
gen >5, new best = 550.700
gen: 5 best: 550.7 mean: 624.2323383084577
gen: 6 best: 550.7 mean: 623.5467661691542
gen >7, new best = 547.900
gen: 7 best: 547.9 mean: 623.310447761194
gen >8, new best = 547.500
gen: 8 best: 547.5 mean: 620.352736318408
gen >9, new best = 537.800
gen: 9 best: 537.8 mean: 620.3049751243781
gen: 10 best: 537.8 mean: 616.8945273631841
gen >11, new best = 533.400
gen: 11 best: 533.4 mean: 613.8676616915423
gen: 12 best: 533.4 mean: 612.3910447761194
gen: 13 best: 533.4 mean: 606.4398009950248
gen >14, new best = 532.700
gen: 14 best: 532.7 mean: 609.7845771144279
gen: 15 best: 532.7 mean: 602.420895522388
gen: 16 best: 532.7 mean: 604.4144278606965
gen >17, new best = 525.000
gen: 17 best: 525.0 mean: 598.7681592039801
gen >18, new best = 508.100
gen: 18 best: 508.1 mean: 595.9965174129353
gen >19, new best = 498.400
gen: 19 best: 498.4 mean: 593.5810945273632
gen: 20 best: 498.4 mean: 588.6691542288557
gen: 21 best: 498.4 mean: 585.5507462686567
gen: 22 best: 498.4 mean: 588.5452736318408
gen: 23 best: 498.4 mean: 589.3726368159204
gen: 24 best: 498.4 mean: 584.1945273631841
gen >25, new best = 442.400
gen: 25 best: 442.4 mean: 581.7820895522389
gen: 26 best: 442.4 mean: 582.2149253731343
gen: 27 best: 442.4 mean: 580.3691542288557
gen: 28 best: 442.4 mean: 580.5398009950248
gen: 29 best: 442.4 mean: 578.7805970149253
gen: 30 best: 442.4 mean: 577.7621890547264
gen: 31 best: 442.4 mean: 576.8064676616915
gen: 32 best: 442.4 mean: 574.3412935323383
gen: 33 best: 442.4 mean: 574.3845771144279
gen: 34 best: 442.4 mean: 573.1572139303482
gen: 35 best: 442.4 mean: 571.3223880597014
gen: 36 best: 442.4 mean: 574.5741293532338
gen: 37 best: 442.4 mean: 573.4562189054726
gen: 38 best: 442.4 mean: 570.744776119403
gen: 39 best: 442.4 mean: 569.1676616915423
gen: 40 best: 442.4 mean: 570.007960199005
gen: 41 best: 442.4 mean: 570.1925373134328
gen: 42 best: 442.4 mean: 569.4333333333333
gen: 43 best: 442.4 mean: 565.5741293532338
gen: 44 best: 442.4 mean: 567.3402985074626
gen: 45 best: 442.4 mean: 565.3860696517413
gen: 46 best: 442.4 mean: 566.4109452736318
gen: 47 best: 442.4 mean: 565.6268656716418
gen: 48 best: 442.4 mean: 566.389552238806
gen: 49 best: 442.4 mean: 563.7945273631841
gen: 50 best: 442.4 mean: 560.2353233830846
gen: 51 best: 442.4 mean: 561.7940298507463
gen: 52 best: 442.4 mean: 560.6378109452736
gen: 53 best: 442.4 mean: 563.5980099502488
gen: 54 best: 442.4 mean: 560.7283582089552
gen: 55 best: 442.4 mean: 558.4860696517413
gen: 56 best: 442.4 mean: 557.628855721393
gen: 57 best: 442.4 mean: 559.4134328358209
gen: 58 best: 442.4 mean: 558.4074626865672
gen: 59 best: 442.4 mean: 556.0094527363184
gen: 60 best: 442.4 mean: 556.0706467661691
gen: 61 best: 442.4 mean: 557.571144278607
gen: 62 best: 442.4 mean: 557.4925373134329
gen: 63 best: 442.4 mean: 555.7940298507463
gen: 64 best: 442.4 mean: 552.7865671641791
gen: 65 best: 442.4 mean: 553.7009950248756
gen: 66 best: 442.4 mean: 556.0915422885572
gen: 67 best: 442.4 mean: 555.4039800995025
gen: 68 best: 442.4 mean: 551.3482587064676
gen: 69 best: 442.4 mean: 551.7935323383084
gen: 70 best: 442.4 mean: 552.426368159204
gen: 71 best: 442.4 mean: 552.0592039800995
gen: 72 best: 442.4 mean: 550.7139303482587
gen: 73 best: 442.4 mean: 552.773631840796
gen: 74 best: 442.4 mean: 548.0417910447761
gen: 75 best: 442.4 mean: 550.4502487562189
gen: 76 best: 442.4 mean: 549.9830845771145
gen: 77 best: 442.4 mean: 549.5159203980099
gen: 78 best: 442.4 mean: 547.9512437810945
gen: 79 best: 442.4 mean: 550.8781094527363
gen: 80 best: 442.4 mean: 549.3557213930349
gen: 81 best: 442.4 mean: 549.0313432835821
gen: 82 best: 442.4 mean: 545.3925373134329
gen: 83 best: 442.4 mean: 546.8661691542288
gen: 84 best: 442.4 mean: 542.5273631840796
gen: 85 best: 442.4 mean: 545.6427860696517
gen: 86 best: 442.4 mean: 543.3875621890547
gen: 87 best: 442.4 mean: 547.426368159204
gen: 88 best: 442.4 mean: 543.5318407960199
gen: 89 best: 442.4 mean: 545.6621890547264
gen: 90 best: 442.4 mean: 541.8731343283582
gen: 91 best: 442.4 mean: 542.776119402985
gen: 92 best: 442.4 mean: 544.8119402985075
gen: 93 best: 442.4 mean: 542.6278606965174
gen: 94 best: 442.4 mean: 542.6402985074627
gen: 95 best: 442.4 mean: 539.044776119403
gen: 96 best: 442.4 mean: 541.5338308457711
gen: 97 best: 442.4 mean: 541.2179104477611
gen: 98 best: 442.4 mean: 541.3562189054726
gen: 99 best: 442.4 mean: 545.1199004975124
[7, 8, 10, 8, 7, 10, 8, 7, 8, 8, 7, 11, 7, 8, 9, 8, 8, 7, 9, 7, 7, 8, 8, 7, 7, 8, 7, 7, 8, 8, 8, 7, 8, 8, 7, 8, 8, 9, 9, 7, 8, 7, 13, 7, 7, 8, 7, 8]
Test count of edges: 1879
cat
