Defaulting to user installation because normal site-packages is not writeable
Looking in links: /cvmfs/soft.computecanada.ca/custom/python/wheelhouse/gentoo/avx2, /cvmfs/soft.computecanada.ca/custom/python/wheelhouse/gentoo/generic, /cvmfs/soft.computecanada.ca/custom/python/wheelhouse/generic
Requirement already satisfied: graphviz in /home/js17sy/.local/lib/python3.10/site-packages (0.20)
441; python ga.py 18 1024N_graph18.dat 0.075 0.03 0.5 0.9 0.1 201 1024N_graph18laxgen3rem50_ 599781
/project/6008788/js17sy/reopenga/1024a/ga.py:291: DeprecationWarning: Sampling from a set deprecated
since Python 3.9 and will be removed in a subsequent version.
  child1 = set(random.sample(
gen >0, new best = 680.000
gen >0, new best = 658.700
gen >0, new best = 607.600
gen >0, new best = 599.400
gen: 0 best: 599.4 mean: 668.5634328358209
gen: 1 best: 599.4 mean: 668.1248756218905
gen: 2 best: 599.4 mean: 667.8094527363185
gen >3, new best = 595.100
gen: 3 best: 595.1 mean: 664.7363184079602
gen >4, new best = 593.500
gen: 4 best: 593.5 mean: 665.6726368159204
gen: 5 best: 593.5 mean: 665.223880597015
gen: 6 best: 593.5 mean: 664.0731343283583
gen: 7 best: 593.5 mean: 662.349751243781
gen: 8 best: 593.5 mean: 662.9766169154229
gen >9, new best = 571.100
gen: 9 best: 571.1 mean: 661.981592039801
gen: 10 best: 571.1 mean: 662.0412935323383
gen: 11 best: 571.1 mean: 660.0149253731344
gen: 12 best: 571.1 mean: 658.2776119402985
gen: 13 best: 571.1 mean: 660.118407960199
gen: 14 best: 571.1 mean: 658.2164179104477
gen: 15 best: 571.1 mean: 658.0721393034826
gen: 16 best: 571.1 mean: 657.3542288557214
gen: 17 best: 571.1 mean: 656.7223880597015
gen: 18 best: 571.1 mean: 656.644776119403
gen: 19 best: 571.1 mean: 656.6054726368159
gen: 20 best: 571.1 mean: 653.7477611940299
gen: 21 best: 571.1 mean: 655.0557213930348
gen: 22 best: 571.1 mean: 654.9781094527364
gen: 23 best: 571.1 mean: 655.3855721393035
gen: 24 best: 571.1 mean: 654.139303482587
gen: 25 best: 571.1 mean: 653.9109452736318
gen: 26 best: 571.1 mean: 654.1766169154229
gen: 27 best: 571.1 mean: 651.6492537313433
gen: 28 best: 571.1 mean: 651.9791044776119
gen: 29 best: 571.1 mean: 651.5875621890548
gen >30, new best = 566.800
gen: 30 best: 566.8 mean: 650.9875621890548
gen: 31 best: 566.8 mean: 651.4671641791044
gen >32, new best = 566.400
gen: 32 best: 566.4 mean: 649.28407960199
gen: 33 best: 566.4 mean: 646.9482587064676
gen >34, new best = 557.100
gen: 34 best: 557.1 mean: 649.4751243781094
gen: 35 best: 557.1 mean: 645.7850746268657
gen: 36 best: 557.1 mean: 646.8069651741293
gen: 37 best: 557.1 mean: 647.3079601990049
gen: 38 best: 557.1 mean: 647.0383084577114
gen: 39 best: 557.1 mean: 645.5303482587065
gen: 40 best: 557.1 mean: 644.2303482587065
gen: 41 best: 557.1 mean: 644.7781094527363
gen: 42 best: 557.1 mean: 644.8761194029851
gen: 43 best: 557.1 mean: 643.4900497512438
gen: 44 best: 557.1 mean: 643.6373134328359
gen: 45 best: 557.1 mean: 641.6253731343284
gen: 46 best: 557.1 mean: 643.3009950248756
gen: 47 best: 557.1 mean: 641.3164179104477
gen: 48 best: 557.1 mean: 641.4024875621891
gen: 49 best: 557.1 mean: 642.2169154228856
gen >50, new best = 554.900
gen: 50 best: 554.9 mean: 640.5935323383085
gen: 51 best: 554.9 mean: 640.2497512437811
gen: 52 best: 554.9 mean: 638.9542288557213
gen: 53 best: 554.9 mean: 639.0164179104478
gen: 54 best: 554.9 mean: 638.1820895522388
gen: 55 best: 554.9 mean: 637.7796019900497
gen: 56 best: 554.9 mean: 636.2810945273632
gen: 57 best: 554.9 mean: 637.5512437810945
gen: 58 best: 554.9 mean: 637.9124378109452
gen: 59 best: 554.9 mean: 637.9915422885572
gen: 60 best: 554.9 mean: 636.860696517413
gen: 61 best: 554.9 mean: 635.239303482587
gen >62, new best = 554.000
gen: 62 best: 554.0 mean: 634.9955223880597
gen: 63 best: 554.0 mean: 635.8452736318408
gen: 64 best: 554.0 mean: 634.4189054726368
gen >65, new best = 553.600
gen: 65 best: 553.6 mean: 635.6646766169155
gen: 66 best: 553.6 mean: 634.8845771144279
gen: 67 best: 553.6 mean: 634.5154228855721
gen: 68 best: 553.6 mean: 634.0084577114428
gen: 69 best: 553.6 mean: 633.173631840796
gen: 70 best: 553.6 mean: 633.6701492537313
gen: 71 best: 553.6 mean: 632.8402985074626
gen: 72 best: 553.6 mean: 631.3169154228856
gen: 73 best: 553.6 mean: 633.1542288557214
gen: 74 best: 553.6 mean: 632.079104477612
gen: 75 best: 553.6 mean: 631.9258706467662
gen: 76 best: 553.6 mean: 631.3706467661691
gen: 77 best: 553.6 mean: 631.4616915422886
gen: 78 best: 553.6 mean: 630.4049751243781
gen: 79 best: 553.6 mean: 631.1641791044776
gen: 80 best: 553.6 mean: 629.5786069651741
gen: 81 best: 553.6 mean: 629.7303482587065
gen >82, new best = 551.900
gen: 82 best: 551.9 mean: 628.2691542288558
gen: 83 best: 551.9 mean: 628.7701492537313
gen: 84 best: 551.9 mean: 628.1179104477612
gen: 85 best: 551.9 mean: 629.1910447761194
gen: 86 best: 551.9 mean: 628.9004975124378
gen: 87 best: 551.9 mean: 628.6039800995025
gen: 88 best: 551.9 mean: 626.8597014925373
gen: 89 best: 551.9 mean: 626.6950248756219
gen: 90 best: 551.9 mean: 628.773631840796
gen: 91 best: 551.9 mean: 627.5547263681592
gen >92, new best = 551.800
gen: 92 best: 551.8 mean: 626.7074626865672
gen: 93 best: 551.8 mean: 626.244776119403
gen >94, new best = 549.300
gen: 94 best: 549.3 mean: 625.6572139303482
gen: 95 best: 549.3 mean: 626.0572139303482
gen: 96 best: 549.3 mean: 625.4388059701492
gen: 97 best: 549.3 mean: 625.079104477612
gen >98, new best = 543.700
gen: 98 best: 543.7 mean: 625.3746268656716
gen: 99 best: 543.7 mean: 624.2875621890547
[8, 8, 8, 8, 11, 8, 8, 8, 8, 8, 8, 9, 8, 10, 8, 8, 8, 8, 9, 9, 9, 8, 8, 9, 10, 10, 8, 9, 8, 9, 8, 9, 9, 8, 9, 9, 8, 9, 8, 10, 8, 8, 8, 8, 8, 8]
Test count of edges: 3128
cat
