Defaulting to user installation because normal site-packages is not writeable
Looking in links: /cvmfs/soft.computecanada.ca/custom/python/wheelhouse/gentoo/avx2, /cvmfs/soft.computecanada.ca/custom/python/wheelhouse/gentoo/generic, /cvmfs/soft.computecanada.ca/custom/python/wheelhouse/generic
Requirement already satisfied: graphviz in /home/js17sy/.local/lib/python3.10/site-packages (0.20)
604; python ga.py 18 1024N_graph18.dat 0.1 0.04 0.5 0.9 0.1 201 1024N_graph18leerygen3rem50_ 114244
/project/6008788/js17sy/reopenga/1024a/ga.py:291: DeprecationWarning: Sampling from a set deprecated
since Python 3.9 and will be removed in a subsequent version.
  child1 = set(random.sample(
gen >0, new best = 693.900
gen >0, new best = 690.500
gen >0, new best = 622.100
gen: 0 best: 622.1 mean: 703.9716417910448
gen: 1 best: 622.1 mean: 703.5721393034826
gen: 2 best: 622.1 mean: 705.8159203980099
gen: 3 best: 622.1 mean: 702.6587064676617
gen: 4 best: 622.1 mean: 701.3248756218906
gen >5, new best = 609.300
gen: 5 best: 609.3 mean: 701.9194029850746
gen: 6 best: 609.3 mean: 701.8019900497512
gen: 7 best: 609.3 mean: 701.1855721393035
gen: 8 best: 609.3 mean: 700.1318407960199
gen >9, new best = 604.000
gen: 9 best: 604.0 mean: 699.3786069651741
gen: 10 best: 604.0 mean: 701.5477611940298
gen: 11 best: 604.0 mean: 699.1412935323383
gen: 12 best: 604.0 mean: 698.1338308457712
gen >13, new best = 563.500
gen: 13 best: 563.5 mean: 697.4378109452737
gen: 14 best: 563.5 mean: 698.1805970149254
gen: 15 best: 563.5 mean: 697.7099502487562
gen: 16 best: 563.5 mean: 696.9258706467662
gen: 17 best: 563.5 mean: 696.4900497512438
gen: 18 best: 563.5 mean: 695.2288557213931
gen: 19 best: 563.5 mean: 693.4293532338309
gen: 20 best: 563.5 mean: 695.9427860696518
gen: 21 best: 563.5 mean: 695.1766169154229
gen: 22 best: 563.5 mean: 694.3761194029851
gen: 23 best: 563.5 mean: 692.9492537313433
gen: 24 best: 563.5 mean: 692.2014925373135
gen: 25 best: 563.5 mean: 693.763184079602
gen: 26 best: 563.5 mean: 693.9089552238806
gen: 27 best: 563.5 mean: 693.4034825870647
gen: 28 best: 563.5 mean: 692.4706467661691
gen: 29 best: 563.5 mean: 693.871144278607
gen: 30 best: 563.5 mean: 691.2850746268657
gen: 31 best: 563.5 mean: 689.797512437811
gen: 32 best: 563.5 mean: 689.9641791044776
gen: 33 best: 563.5 mean: 689.9313432835821
gen: 34 best: 563.5 mean: 690.5562189054726
gen: 35 best: 563.5 mean: 688.355223880597
gen: 36 best: 563.5 mean: 690.326368159204
gen: 37 best: 563.5 mean: 689.5139303482587
gen: 38 best: 563.5 mean: 689.4611940298507
gen: 39 best: 563.5 mean: 691.0731343283583
gen: 40 best: 563.5 mean: 688.505472636816
gen: 41 best: 563.5 mean: 687.3154228855722
gen: 42 best: 563.5 mean: 688.0786069651741
gen: 43 best: 563.5 mean: 687.6915422885572
gen: 44 best: 563.5 mean: 687.1223880597015
gen: 45 best: 563.5 mean: 685.9258706467662
gen: 46 best: 563.5 mean: 687.8990049751244
gen: 47 best: 563.5 mean: 684.7572139303483
gen: 48 best: 563.5 mean: 685.4412935323384
gen: 49 best: 563.5 mean: 684.9218905472637
gen: 50 best: 563.5 mean: 684.0880597014925
gen: 51 best: 563.5 mean: 684.0771144278607
gen: 52 best: 563.5 mean: 683.7880597014926
gen: 53 best: 563.5 mean: 684.7517412935323
gen: 54 best: 563.5 mean: 683.4009950248757
gen: 55 best: 563.5 mean: 683.6641791044776
gen: 56 best: 563.5 mean: 682.0935323383085
gen: 57 best: 563.5 mean: 682.6641791044776
gen: 58 best: 563.5 mean: 682.3751243781095
gen: 59 best: 563.5 mean: 682.6671641791045
gen: 60 best: 563.5 mean: 683.5990049751243
gen: 61 best: 563.5 mean: 681.2089552238806
gen: 62 best: 563.5 mean: 682.2557213930348
gen: 63 best: 563.5 mean: 680.1776119402986
gen: 64 best: 563.5 mean: 680.5537313432836
gen: 65 best: 563.5 mean: 682.0865671641791
gen: 66 best: 563.5 mean: 682.1621890547264
gen: 67 best: 563.5 mean: 682.9104477611941
gen: 68 best: 563.5 mean: 680.0009950248756
gen: 69 best: 563.5 mean: 681.6462686567164
gen: 70 best: 563.5 mean: 680.6308457711443
gen: 71 best: 563.5 mean: 681.3681592039801
gen: 72 best: 563.5 mean: 679.2676616915422
gen: 73 best: 563.5 mean: 680.9422885572139
gen: 74 best: 563.5 mean: 678.5139303482587
gen: 75 best: 563.5 mean: 679.1940298507462
gen: 76 best: 563.5 mean: 679.3373134328358
gen: 77 best: 563.5 mean: 678.4174129353233
gen: 78 best: 563.5 mean: 677.1019900497513
gen: 79 best: 563.5 mean: 678.7462686567164
gen: 80 best: 563.5 mean: 678.5900497512438
gen: 81 best: 563.5 mean: 678.428855721393
gen: 82 best: 563.5 mean: 679.4258706467662
gen: 83 best: 563.5 mean: 676.8661691542288
gen: 84 best: 563.5 mean: 677.6940298507462
gen: 85 best: 563.5 mean: 677.2776119402985
gen: 86 best: 563.5 mean: 677.3119402985075
gen: 87 best: 563.5 mean: 677.0701492537313
gen: 88 best: 563.5 mean: 677.4457711442786
gen: 89 best: 563.5 mean: 677.8179104477612
gen: 90 best: 563.5 mean: 678.0328358208956
gen: 91 best: 563.5 mean: 676.820895522388
gen: 92 best: 563.5 mean: 676.8383084577115
gen: 93 best: 563.5 mean: 677.4721393034825
gen: 94 best: 563.5 mean: 675.8651741293532
gen >95, new best = 549.100
gen: 95 best: 549.1 mean: 677.2109452736319
gen: 96 best: 549.1 mean: 677.863184079602
gen: 97 best: 549.1 mean: 676.4318407960199
gen: 98 best: 549.1 mean: 674.3358208955224
gen: 99 best: 549.1 mean: 676.1631840796019
[8, 9, 7, 8, 8, 8, 9, 8, 8, 7, 8, 8, 8, 8, 8, 8, 9, 9, 8, 8, 8, 9, 8, 8, 7, 8, 9, 8, 7, 8, 7, 9, 7, 7, 9, 8, 8, 7, 8, 8, 8, 9, 9, 8, 8, 9]
Test count of edges: 3129
cat
