Defaulting to user installation because normal site-packages is not writeable
Looking in links: /cvmfs/soft.computecanada.ca/custom/python/wheelhouse/gentoo/avx2, /cvmfs/soft.computecanada.ca/custom/python/wheelhouse/gentoo/generic, /cvmfs/soft.computecanada.ca/custom/python/wheelhouse/generic
Requirement already satisfied: graphviz in /home/js17sy/.local/lib/python3.10/site-packages (0.20)
224; python ga.py 18 1024N_graph18.dat 0.05 0.02 0.5 0.7 0.3 201 1024N_graph18mediumgen2rem50_ 399854
/project/6008788/js17sy/reopenga/1024a/ga.py:291: DeprecationWarning: Sampling from a set deprecated
since Python 3.9 and will be removed in a subsequent version.
  child1 = set(random.sample(
gen >0, new best = 651.300
gen >0, new best = 646.100
gen >0, new best = 634.100
gen >0, new best = 633.900
gen >0, new best = 629.100
gen >0, new best = 627.800
gen >0, new best = 627.400
gen >0, new best = 620.700
gen >0, new best = 595.700
gen: 0 best: 595.7 mean: 650.6733830845772
gen >1, new best = 528.700
gen: 1 best: 528.7 mean: 648.4616915422886
gen: 2 best: 528.7 mean: 647.260696517413
gen: 3 best: 528.7 mean: 646.6731343283582
gen: 4 best: 528.7 mean: 645.8741293532338
gen: 5 best: 528.7 mean: 645.010447761194
gen: 6 best: 528.7 mean: 644.565671641791
gen: 7 best: 528.7 mean: 643.0796019900498
gen: 8 best: 528.7 mean: 641.0258706467662
gen: 9 best: 528.7 mean: 639.7333333333333
gen: 10 best: 528.7 mean: 640.026368159204
gen: 11 best: 528.7 mean: 639.3517412935323
gen: 12 best: 528.7 mean: 637.6885572139304
gen: 13 best: 528.7 mean: 636.9716417910448
gen: 14 best: 528.7 mean: 635.8810945273632
gen: 15 best: 528.7 mean: 635.2716417910448
gen: 16 best: 528.7 mean: 633.136815920398
gen: 17 best: 528.7 mean: 634.8159203980099
gen: 18 best: 528.7 mean: 634.0074626865671
gen: 19 best: 528.7 mean: 632.7233830845771
gen: 20 best: 528.7 mean: 633.0243781094528
gen: 21 best: 528.7 mean: 631.9756218905472
gen: 22 best: 528.7 mean: 631.1412935323383
gen: 23 best: 528.7 mean: 631.6651741293532
gen: 24 best: 528.7 mean: 627.2004975124378
gen: 25 best: 528.7 mean: 629.0925373134328
gen: 26 best: 528.7 mean: 628.7771144278607
gen: 27 best: 528.7 mean: 627.5358208955224
gen: 28 best: 528.7 mean: 626.4497512437811
gen: 29 best: 528.7 mean: 625.6955223880597
gen: 30 best: 528.7 mean: 626.2129353233831
gen: 31 best: 528.7 mean: 623.736815920398
gen: 32 best: 528.7 mean: 625.1671641791045
gen: 33 best: 528.7 mean: 624.436815920398
gen: 34 best: 528.7 mean: 624.1636815920398
gen: 35 best: 528.7 mean: 624.0034825870647
gen: 36 best: 528.7 mean: 621.5756218905473
gen: 37 best: 528.7 mean: 622.6751243781094
gen: 38 best: 528.7 mean: 620.7174129353234
gen: 39 best: 528.7 mean: 621.0980099502488
gen: 40 best: 528.7 mean: 620.3089552238806
gen: 41 best: 528.7 mean: 620.5358208955224
gen: 42 best: 528.7 mean: 620.665671641791
gen: 43 best: 528.7 mean: 619.3626865671641
gen: 44 best: 528.7 mean: 619.8417910447761
gen: 45 best: 528.7 mean: 620.0417910447761
gen: 46 best: 528.7 mean: 618.1557213930348
gen: 47 best: 528.7 mean: 619.1726368159204
gen: 48 best: 528.7 mean: 619.4741293532338
gen: 49 best: 528.7 mean: 618.3800995024876
gen: 50 best: 528.7 mean: 617.5273631840796
gen >51, new best = 507.600
gen: 51 best: 507.6 mean: 616.8636815920398
gen: 52 best: 507.6 mean: 617.7179104477611
gen: 53 best: 507.6 mean: 616.5328358208956
gen: 54 best: 507.6 mean: 615.9213930348259
gen: 55 best: 507.6 mean: 617.2636815920398
gen: 56 best: 507.6 mean: 616.2845771144279
gen: 57 best: 507.6 mean: 616.7557213930348
gen: 58 best: 507.6 mean: 615.618407960199
gen: 59 best: 507.6 mean: 615.4701492537314
gen: 60 best: 507.6 mean: 615.457711442786
gen: 61 best: 507.6 mean: 615.8850746268656
gen: 62 best: 507.6 mean: 616.8935323383084
gen: 63 best: 507.6 mean: 613.4452736318408
gen: 64 best: 507.6 mean: 614.0865671641791
gen: 65 best: 507.6 mean: 612.8582089552239
gen: 66 best: 507.6 mean: 612.6238805970149
gen: 67 best: 507.6 mean: 610.9144278606965
gen >68, new best = 490.400
gen: 68 best: 490.4 mean: 612.4194029850746
gen: 69 best: 490.4 mean: 611.9358208955224
gen: 70 best: 490.4 mean: 610.8213930348259
gen: 71 best: 490.4 mean: 610.7661691542288
gen: 72 best: 490.4 mean: 612.2199004975124
gen: 73 best: 490.4 mean: 611.1597014925374
gen: 74 best: 490.4 mean: 611.9044776119403
gen: 75 best: 490.4 mean: 610.981592039801
gen: 76 best: 490.4 mean: 611.276119402985
gen: 77 best: 490.4 mean: 608.9124378109452
gen: 78 best: 490.4 mean: 609.007960199005
gen: 79 best: 490.4 mean: 608.8134328358209
gen: 80 best: 490.4 mean: 609.5432835820895
gen: 81 best: 490.4 mean: 608.5154228855721
gen: 82 best: 490.4 mean: 608.0283582089552
gen: 83 best: 490.4 mean: 610.1054726368159
gen: 84 best: 490.4 mean: 608.7875621890547
gen: 85 best: 490.4 mean: 608.9308457711443
gen: 86 best: 490.4 mean: 608.7343283582089
gen: 87 best: 490.4 mean: 608.4154228855722
gen: 88 best: 490.4 mean: 608.239303482587
gen: 89 best: 490.4 mean: 608.647263681592
gen: 90 best: 490.4 mean: 607.5970149253732
gen: 91 best: 490.4 mean: 607.6039800995025
gen: 92 best: 490.4 mean: 607.7248756218905
gen: 93 best: 490.4 mean: 607.336815920398
gen: 94 best: 490.4 mean: 609.2119402985074
gen: 95 best: 490.4 mean: 608.6512437810945
gen: 96 best: 490.4 mean: 607.4308457711443
gen: 97 best: 490.4 mean: 606.9970149253732
gen: 98 best: 490.4 mean: 608.1865671641791
gen: 99 best: 490.4 mean: 608.8044776119403
[10, 9, 10, 9, 9, 9, 9, 11, 9, 9, 9, 9, 9, 10, 8, 10, 9, 9, 9, 9, 10, 9, 9, 10, 9, 9, 8, 9, 9, 10, 9, 9, 10, 12, 11, 10, 9, 10, 8, 9, 9, 10, 8, 9, 9, 9, 8]
Test count of edges: 3143
cat
