Defaulting to user installation because normal site-packages is not writeable
Looking in links: /cvmfs/soft.computecanada.ca/custom/python/wheelhouse/gentoo/avx2, /cvmfs/soft.computecanada.ca/custom/python/wheelhouse/gentoo/generic, /cvmfs/soft.computecanada.ca/custom/python/wheelhouse/generic
Requirement already satisfied: graphviz in /home/js17sy/.local/lib/python3.10/site-packages (0.20)
287; python ga.py 26 1024N_graph26.dat 0.05 0.02 0.7 0.5 0.5 201 1024N_graph26mediumgen1rem70_ 485537
/project/6008788/js17sy/reopenga/1024c/ga.py:291: DeprecationWarning: Sampling from a set deprecated
since Python 3.9 and will be removed in a subsequent version.
  child1 = set(random.sample(
gen >0, new best = 601.800
gen >0, new best = 580.100
gen >0, new best = 559.600
gen: 0 best: 559.6 mean: 627.2646766169154
gen >1, new best = 557.900
gen >1, new best = 552.300
gen: 1 best: 552.3 mean: 624.2905472636816
gen: 2 best: 552.3 mean: 616.1537313432835
gen >3, new best = 542.800
gen: 3 best: 542.8 mean: 615.1094527363184
gen >4, new best = 524.300
gen: 4 best: 524.3 mean: 606.2611940298508
gen: 5 best: 524.3 mean: 601.8149253731343
gen: 6 best: 524.3 mean: 598.4537313432836
gen: 7 best: 524.3 mean: 597.4890547263682
gen: 8 best: 524.3 mean: 594.6666666666666
gen: 9 best: 524.3 mean: 592.4925373134329
gen: 10 best: 524.3 mean: 592.3004975124378
gen >11, new best = 513.300
gen: 11 best: 513.3 mean: 588.9995024875622
gen: 12 best: 513.3 mean: 587.2442786069652
gen: 13 best: 513.3 mean: 585.0865671641791
gen: 14 best: 513.3 mean: 583.3641791044776
gen: 15 best: 513.3 mean: 582.2243781094527
gen: 16 best: 513.3 mean: 584.3995024875622
gen: 17 best: 513.3 mean: 583.9109452736318
gen: 18 best: 513.3 mean: 582.4537313432836
gen: 19 best: 513.3 mean: 580.0283582089552
gen: 20 best: 513.3 mean: 580.3164179104477
gen: 21 best: 513.3 mean: 578.4507462686568
gen: 22 best: 513.3 mean: 576.3203980099503
gen >23, new best = 507.000
gen: 23 best: 507.0 mean: 574.789552238806
gen: 24 best: 507.0 mean: 571.6373134328359
gen: 25 best: 507.0 mean: 573.7796019900497
gen >26, new best = 483.400
gen: 26 best: 483.4 mean: 572.2452736318407
gen: 27 best: 483.4 mean: 572.8646766169154
gen: 28 best: 483.4 mean: 571.0114427860697
gen: 29 best: 483.4 mean: 571.5029850746268
gen: 30 best: 483.4 mean: 565.7990049751244
gen: 31 best: 483.4 mean: 566.018407960199
gen: 32 best: 483.4 mean: 565.7398009950249
gen: 33 best: 483.4 mean: 563.9407960199005
gen: 34 best: 483.4 mean: 565.0492537313432
gen: 35 best: 483.4 mean: 562.7726368159204
gen: 36 best: 483.4 mean: 562.9462686567164
gen: 37 best: 483.4 mean: 561.405472636816
gen: 38 best: 483.4 mean: 561.4014925373134
gen: 39 best: 483.4 mean: 557.9159203980099
gen: 40 best: 483.4 mean: 557.8064676616915
gen: 41 best: 483.4 mean: 555.0960199004975
gen: 42 best: 483.4 mean: 551.0865671641791
gen: 43 best: 483.4 mean: 553.3233830845771
gen: 44 best: 483.4 mean: 552.581592039801
gen: 45 best: 483.4 mean: 551.8422885572139
gen: 46 best: 483.4 mean: 550.3213930348259
gen: 47 best: 483.4 mean: 548.481592039801
gen: 48 best: 483.4 mean: 552.4218905472637
gen: 49 best: 483.4 mean: 547.4671641791044
gen: 50 best: 483.4 mean: 547.7681592039801
gen: 51 best: 483.4 mean: 545.6139303482587
gen: 52 best: 483.4 mean: 542.7114427860696
gen: 53 best: 483.4 mean: 542.9626865671642
gen: 54 best: 483.4 mean: 543.2278606965174
gen: 55 best: 483.4 mean: 546.3507462686567
gen: 56 best: 483.4 mean: 542.7592039800995
gen: 57 best: 483.4 mean: 539.8592039800996
gen: 58 best: 483.4 mean: 542.4139303482588
gen: 59 best: 483.4 mean: 539.5820895522388
gen: 60 best: 483.4 mean: 538.2417910447762
gen: 61 best: 483.4 mean: 539.1199004975124
gen: 62 best: 483.4 mean: 539.4766169154229
gen >63, new best = 473.400
gen: 63 best: 473.4 mean: 538.7597014925373
gen: 64 best: 473.4 mean: 541.2915422885573
gen: 65 best: 473.4 mean: 540.1835820895523
gen: 66 best: 473.4 mean: 539.3850746268656
gen: 67 best: 473.4 mean: 535.6601990049751
gen: 68 best: 473.4 mean: 535.7044776119403
gen: 69 best: 473.4 mean: 537.5378109452736
gen: 70 best: 473.4 mean: 536.847263681592
gen: 71 best: 473.4 mean: 535.8283582089553
gen: 72 best: 473.4 mean: 535.6850746268657
gen: 73 best: 473.4 mean: 535.202487562189
gen: 74 best: 473.4 mean: 536.5497512437811
gen: 75 best: 473.4 mean: 535.7855721393034
gen: 76 best: 473.4 mean: 532.0706467661691
gen >77, new best = 469.500
gen: 77 best: 469.5 mean: 533.5064676616915
gen: 78 best: 469.5 mean: 532.6432835820896
gen: 79 best: 469.5 mean: 532.1338308457712
gen: 80 best: 469.5 mean: 533.994527363184
gen: 81 best: 469.5 mean: 532.9850746268656
gen: 82 best: 469.5 mean: 533.0701492537313
gen >83, new best = 463.600
gen: 83 best: 463.6 mean: 532.4169154228856
gen: 84 best: 463.6 mean: 531.6477611940298
gen: 85 best: 463.6 mean: 530.3855721393035
gen: 86 best: 463.6 mean: 530.3825870646766
gen: 87 best: 463.6 mean: 528.528855721393
gen: 88 best: 463.6 mean: 531.0064676616915
gen: 89 best: 463.6 mean: 531.3676616915423
gen: 90 best: 463.6 mean: 528.7124378109453
gen: 91 best: 463.6 mean: 529.7890547263681
gen: 92 best: 463.6 mean: 530.0044776119403
gen: 93 best: 463.6 mean: 528.8532338308457
gen: 94 best: 463.6 mean: 529.5651741293532
gen: 95 best: 463.6 mean: 529.4492537313433
gen: 96 best: 463.6 mean: 531.147263681592
gen: 97 best: 463.6 mean: 528.0636815920398
gen: 98 best: 463.6 mean: 526.889552238806
gen: 99 best: 463.6 mean: 527.7298507462687
[8, 9, 8, 10, 8, 9, 9, 8, 10, 9, 8, 8, 7, 9, 7, 10, 7, 8, 9, 9, 9, 8, 8, 9, 9, 9, 9, 8, 9, 9, 8, 9, 8, 9, 9, 7, 10, 9, 9, 9, 9]
Test count of edges: 1981
cat
