Defaulting to user installation because normal site-packages is not writeable
Looking in links: /cvmfs/soft.computecanada.ca/custom/python/wheelhouse/gentoo/avx2, /cvmfs/soft.computecanada.ca/custom/python/wheelhouse/gentoo/generic, /cvmfs/soft.computecanada.ca/custom/python/wheelhouse/generic
Requirement already satisfied: graphviz in /home/js17sy/.local/lib/python3.10/site-packages (0.20)
44; python ga.py 26 1024N_graph26.dat 0.025 0.01 0.5 0.7 0.3 201 1024N_graph26strictgen2rem50_ 399854
/project/6008788/js17sy/reopenga/1024c/ga.py:291: DeprecationWarning: Sampling from a set deprecated
since Python 3.9 and will be removed in a subsequent version.
  child1 = set(random.sample(
gen >0, new best = 653.800
gen >0, new best = 643.200
gen >0, new best = 642.600
gen >0, new best = 639.600
gen >0, new best = 638.200
gen >0, new best = 637.100
gen >0, new best = 633.200
gen >0, new best = 631.600
gen: 0 best: 631.6 mean: 654.6248756218905
gen >1, new best = 625.500
gen: 1 best: 625.5 mean: 652.7597014925373
gen: 2 best: 625.5 mean: 652.4044776119403
gen >3, new best = 624.000
gen: 3 best: 624.0 mean: 651.681592039801
gen: 4 best: 624.0 mean: 650.6572139303482
gen: 5 best: 624.0 mean: 649.3666666666667
gen >6, new best = 618.800
gen: 6 best: 618.8 mean: 648.3199004975124
gen: 7 best: 618.8 mean: 647.7019900497512
gen >8, new best = 617.200
gen: 8 best: 617.2 mean: 645.6701492537313
gen: 9 best: 617.2 mean: 645.7059701492537
gen >10, new best = 611.300
gen: 10 best: 611.3 mean: 643.6696517412936
gen >11, new best = 608.500
gen >11, new best = 574.300
gen: 11 best: 574.3 mean: 642.6587064676617
gen: 12 best: 574.3 mean: 641.5895522388059
gen >13, new best = 572.200
gen: 13 best: 572.2 mean: 640.7323383084577
gen >14, new best = 570.500
gen: 14 best: 570.5 mean: 639.7308457711442
gen: 15 best: 570.5 mean: 638.7701492537313
gen: 16 best: 570.5 mean: 638.5014925373134
gen: 17 best: 570.5 mean: 638.107960199005
gen: 18 best: 570.5 mean: 637.7179104477611
gen: 19 best: 570.5 mean: 636.5228855721393
gen: 20 best: 570.5 mean: 635.8646766169154
gen: 21 best: 570.5 mean: 634.8945273631841
gen: 22 best: 570.5 mean: 633.9980099502487
gen: 23 best: 570.5 mean: 634.8139303482587
gen: 24 best: 570.5 mean: 633.8676616915423
gen >25, new best = 562.300
gen: 25 best: 562.3 mean: 632.1129353233831
gen: 26 best: 562.3 mean: 630.5194029850746
gen: 27 best: 562.3 mean: 631.8412935323383
gen >28, new best = 551.100
gen: 28 best: 551.1 mean: 629.9039800995025
gen: 29 best: 551.1 mean: 628.8557213930349
gen: 30 best: 551.1 mean: 628.918407960199
gen: 31 best: 551.1 mean: 628.1990049751244
gen: 32 best: 551.1 mean: 626.9034825870647
gen: 33 best: 551.1 mean: 628.2074626865672
gen: 34 best: 551.1 mean: 626.092039800995
gen: 35 best: 551.1 mean: 626.5019900497513
gen: 36 best: 551.1 mean: 624.9726368159204
gen >37, new best = 549.400
gen: 37 best: 549.4 mean: 624.3492537313433
gen: 38 best: 549.4 mean: 623.8084577114428
gen: 39 best: 549.4 mean: 624.1009950248756
gen: 40 best: 549.4 mean: 622.518407960199
gen >41, new best = 537.800
gen: 41 best: 537.8 mean: 621.0169154228856
gen: 42 best: 537.8 mean: 622.0577114427861
gen: 43 best: 537.8 mean: 621.392039800995
gen: 44 best: 537.8 mean: 619.4462686567164
gen: 45 best: 537.8 mean: 619.0034825870647
gen: 46 best: 537.8 mean: 618.849751243781
gen: 47 best: 537.8 mean: 616.3482587064676
gen: 48 best: 537.8 mean: 617.5950248756219
gen: 49 best: 537.8 mean: 616.579104477612
gen: 50 best: 537.8 mean: 616.0248756218905
gen: 51 best: 537.8 mean: 614.4805970149254
gen >52, new best = 535.000
gen: 52 best: 535.0 mean: 612.9283582089553
gen: 53 best: 535.0 mean: 612.5825870646767
gen: 54 best: 535.0 mean: 612.8
gen: 55 best: 535.0 mean: 611.3621890547264
gen >56, new best = 532.200
gen: 56 best: 532.2 mean: 611.0741293532338
gen: 57 best: 532.2 mean: 610.5696517412936
gen: 58 best: 532.2 mean: 608.9437810945274
gen: 59 best: 532.2 mean: 609.4995024875622
gen: 60 best: 532.2 mean: 609.1432835820896
gen: 61 best: 532.2 mean: 606.8850746268656
gen: 62 best: 532.2 mean: 607.8671641791045
gen: 63 best: 532.2 mean: 606.3199004975124
gen: 64 best: 532.2 mean: 606.9621890547264
gen: 65 best: 532.2 mean: 606.6582089552239
gen: 66 best: 532.2 mean: 604.6398009950249
gen: 67 best: 532.2 mean: 605.4388059701492
gen: 68 best: 532.2 mean: 604.2661691542288
gen: 69 best: 532.2 mean: 604.3915422885572
gen: 70 best: 532.2 mean: 604.4383084577114
gen: 71 best: 532.2 mean: 604.465671641791
gen: 72 best: 532.2 mean: 603.5129353233831
gen: 73 best: 532.2 mean: 603.3169154228856
gen: 74 best: 532.2 mean: 603.6213930348258
gen: 75 best: 532.2 mean: 602.592039800995
gen: 76 best: 532.2 mean: 603.4915422885572
gen: 77 best: 532.2 mean: 603.6820895522388
gen: 78 best: 532.2 mean: 602.2248756218905
gen: 79 best: 532.2 mean: 603.1766169154229
gen: 80 best: 532.2 mean: 602.8353233830845
gen: 81 best: 532.2 mean: 602.6542288557214
gen: 82 best: 532.2 mean: 602.0338308457711
gen: 83 best: 532.2 mean: 602.1482587064677
gen: 84 best: 532.2 mean: 601.6298507462686
gen: 85 best: 532.2 mean: 602.0164179104478
gen: 86 best: 532.2 mean: 602.2965174129354
gen: 87 best: 532.2 mean: 601.2980099502488
gen: 88 best: 532.2 mean: 601.1905472636815
gen: 89 best: 532.2 mean: 600.179104477612
gen: 90 best: 532.2 mean: 601.8368159203981
gen: 91 best: 532.2 mean: 599.1940298507462
gen: 92 best: 532.2 mean: 599.3452736318408
gen: 93 best: 532.2 mean: 598.5373134328358
gen: 94 best: 532.2 mean: 599.1134328358208
gen: 95 best: 532.2 mean: 599.2487562189054
gen: 96 best: 532.2 mean: 599.0746268656717
gen: 97 best: 532.2 mean: 599.963184079602
gen: 98 best: 532.2 mean: 599.0706467661691
gen: 99 best: 532.2 mean: 598.1542288557214
[9, 9, 9, 9, 9, 8, 10, 10, 10, 11, 10, 10, 9, 10, 10, 9, 10, 10, 11, 10, 10, 11, 9, 10, 11, 11, 10, 11, 10, 10, 10, 10, 10, 10, 10, 10]
Test count of edges: 3247
cat
