Defaulting to user installation because normal site-packages is not writeable
Looking in links: /cvmfs/soft.computecanada.ca/custom/python/wheelhouse/gentoo/avx2, /cvmfs/soft.computecanada.ca/custom/python/wheelhouse/gentoo/generic, /cvmfs/soft.computecanada.ca/custom/python/wheelhouse/generic
Requirement already satisfied: graphviz in /home/js17sy/.local/lib/python3.10/site-packages (0.20)
276; python ga.py 26 1024N_graph26.dat 0.05 0.02 0.7 0.5 0.5 201 1024N_graph26mediumgen1rem70_ 171366
/project/6008788/js17sy/reopenga/1024c/ga.py:291: DeprecationWarning: Sampling from a set deprecated
since Python 3.9 and will be removed in a subsequent version.
  child1 = set(random.sample(
gen >0, new best = 616.400
gen >0, new best = 605.600
gen >0, new best = 597.300
gen >0, new best = 568.200
gen: 0 best: 568.2 mean: 628.6746268656716
gen >1, new best = 562.700
gen >1, new best = 559.700
gen: 1 best: 559.7 mean: 622.4248756218906
gen >2, new best = 541.300
gen >2, new best = 533.000
gen: 2 best: 533.0 mean: 618.5407960199005
gen: 3 best: 533.0 mean: 617.2955223880597
gen: 4 best: 533.0 mean: 612.2522388059701
gen: 5 best: 533.0 mean: 610.1119402985074
gen: 6 best: 533.0 mean: 607.7169154228856
gen >7, new best = 527.500
gen: 7 best: 527.5 mean: 606.0577114427861
gen: 8 best: 527.5 mean: 601.492039800995
gen >9, new best = 504.200
gen: 9 best: 504.2 mean: 599.4597014925373
gen: 10 best: 504.2 mean: 594.8935323383084
gen: 11 best: 504.2 mean: 590.4109452736318
gen: 12 best: 504.2 mean: 585.3169154228856
gen: 13 best: 504.2 mean: 581.1587064676617
gen: 14 best: 504.2 mean: 578.7865671641791
gen: 15 best: 504.2 mean: 577.0243781094528
gen >16, new best = 498.200
gen >16, new best = 478.300
gen: 16 best: 478.3 mean: 574.1388059701493
gen: 17 best: 478.3 mean: 570.9895522388059
gen: 18 best: 478.3 mean: 569.9
gen: 19 best: 478.3 mean: 564.5970149253732
gen: 20 best: 478.3 mean: 565.6004975124378
gen: 21 best: 478.3 mean: 564.3701492537314
gen: 22 best: 478.3 mean: 559.4422885572139
gen: 23 best: 478.3 mean: 559.2149253731343
gen: 24 best: 478.3 mean: 558.536815920398
gen: 25 best: 478.3 mean: 555.2044776119403
gen: 26 best: 478.3 mean: 554.0318407960199
gen: 27 best: 478.3 mean: 549.7721393034826
gen: 28 best: 478.3 mean: 552.0562189054726
gen: 29 best: 478.3 mean: 553.2905472636816
gen >30, new best = 465.900
gen: 30 best: 465.9 mean: 547.7258706467662
gen: 31 best: 465.9 mean: 546.6129353233831
gen: 32 best: 465.9 mean: 546.3393034825871
gen: 33 best: 465.9 mean: 544.2124378109453
gen: 34 best: 465.9 mean: 545.8736318407961
gen: 35 best: 465.9 mean: 546.0970149253732
gen: 36 best: 465.9 mean: 545.6726368159204
gen: 37 best: 465.9 mean: 544.5621890547263
gen: 38 best: 465.9 mean: 545.176119402985
gen: 39 best: 465.9 mean: 542.4199004975125
gen: 40 best: 465.9 mean: 542.3114427860696
gen: 41 best: 465.9 mean: 540.7522388059701
gen: 42 best: 465.9 mean: 544.0786069651741
gen: 43 best: 465.9 mean: 539.5074626865671
gen: 44 best: 465.9 mean: 539.4159203980099
gen: 45 best: 465.9 mean: 538.8079601990049
gen: 46 best: 465.9 mean: 538.2313432835821
gen: 47 best: 465.9 mean: 537.3094527363185
gen: 48 best: 465.9 mean: 534.9935323383085
gen: 49 best: 465.9 mean: 535.397512437811
gen: 50 best: 465.9 mean: 532.0940298507462
gen: 51 best: 465.9 mean: 533.0
gen: 52 best: 465.9 mean: 532.2940298507463
gen: 53 best: 465.9 mean: 533.0393034825871
gen: 54 best: 465.9 mean: 532.3378109452736
gen: 55 best: 465.9 mean: 531.9626865671642
gen: 56 best: 465.9 mean: 530.5084577114428
gen: 57 best: 465.9 mean: 528.4542288557213
gen: 58 best: 465.9 mean: 530.6985074626866
gen: 59 best: 465.9 mean: 530.5034825870647
gen: 60 best: 465.9 mean: 529.0577114427861
gen: 61 best: 465.9 mean: 529.997512437811
gen: 62 best: 465.9 mean: 530.9542288557213
gen: 63 best: 465.9 mean: 529.739303482587
gen: 64 best: 465.9 mean: 530.1542288557214
gen: 65 best: 465.9 mean: 528.7616915422885
gen: 66 best: 465.9 mean: 528.9402985074627
gen: 67 best: 465.9 mean: 530.4681592039801
gen: 68 best: 465.9 mean: 529.2278606965174
gen: 69 best: 465.9 mean: 526.594527363184
gen: 70 best: 465.9 mean: 526.6119402985074
gen: 71 best: 465.9 mean: 528.5313432835821
gen: 72 best: 465.9 mean: 526.781592039801
gen: 73 best: 465.9 mean: 529.6562189054727
gen: 74 best: 465.9 mean: 526.0114427860697
gen: 75 best: 465.9 mean: 525.4636815920398
gen >76, new best = 456.200
gen: 76 best: 456.2 mean: 525.0900497512438
gen: 77 best: 456.2 mean: 524.9393034825871
gen: 78 best: 456.2 mean: 522.2199004975124
gen: 79 best: 456.2 mean: 525.955223880597
gen: 80 best: 456.2 mean: 525.936815920398
gen: 81 best: 456.2 mean: 526.6835820895523
gen: 82 best: 456.2 mean: 524.239303482587
gen: 83 best: 456.2 mean: 524.2407960199005
gen: 84 best: 456.2 mean: 525.0179104477612
gen: 85 best: 456.2 mean: 523.9064676616915
gen: 86 best: 456.2 mean: 523.2353233830846
gen: 87 best: 456.2 mean: 522.744776119403
gen: 88 best: 456.2 mean: 521.1910447761194
gen: 89 best: 456.2 mean: 522.8681592039801
gen: 90 best: 456.2 mean: 521.5124378109452
gen: 91 best: 456.2 mean: 524.0238805970149
gen: 92 best: 456.2 mean: 524.1875621890547
gen: 93 best: 456.2 mean: 522.9860696517413
gen: 94 best: 456.2 mean: 522.1860696517413
gen: 95 best: 456.2 mean: 521.5955223880597
gen: 96 best: 456.2 mean: 521.944776119403
gen: 97 best: 456.2 mean: 520.3179104477612
gen >98, new best = 443.400
gen: 98 best: 443.4 mean: 523.3034825870647
gen: 99 best: 443.4 mean: 520.8890547263682
[9, 7, 8, 7, 9, 9, 10, 9, 9, 9, 9, 9, 8, 10, 8, 8, 9, 9, 10, 9, 9, 8, 10, 8, 8, 7, 8, 8, 9, 8, 8, 8, 8, 9, 8, 8, 10, 10, 7, 8, 8, 8]
Test count of edges: 1987
cat
