Defaulting to user installation because normal site-packages is not writeable
Looking in links: /cvmfs/soft.computecanada.ca/custom/python/wheelhouse/gentoo/avx2, /cvmfs/soft.computecanada.ca/custom/python/wheelhouse/gentoo/generic, /cvmfs/soft.computecanada.ca/custom/python/wheelhouse/generic
Requirement already satisfied: graphviz in /home/js17sy/.local/lib/python3.10/site-packages (0.20)
534; python ga.py 26 1024N_graph26.dat 0.075 0.03 0.7 0.9 0.1 201 1024N_graph26laxgen3rem70_ 685464
/project/6008788/js17sy/reopenga/1024c/ga.py:291: DeprecationWarning: Sampling from a set deprecated
since Python 3.9 and will be removed in a subsequent version.
  child1 = set(random.sample(
gen >0, new best = 662.200
gen >0, new best = 641.800
gen >0, new best = 636.600
gen >0, new best = 635.100
gen >0, new best = 627.300
gen >0, new best = 593.400
gen: 0 best: 593.4 mean: 649.715671641791
gen: 1 best: 593.4 mean: 646.3691542288557
gen: 2 best: 593.4 mean: 645.0621890547263
gen >3, new best = 589.200
gen >3, new best = 582.700
gen: 3 best: 582.7 mean: 641.7870646766169
gen >4, new best = 580.100
gen >4, new best = 578.400
gen: 4 best: 578.4 mean: 636.334328358209
gen >5, new best = 573.600
gen: 5 best: 573.6 mean: 634.8223880597014
gen >6, new best = 564.400
gen: 6 best: 564.4 mean: 628.6223880597015
gen >7, new best = 558.300
gen: 7 best: 558.3 mean: 622.3796019900498
gen: 8 best: 558.3 mean: 623.1432835820896
gen: 9 best: 558.3 mean: 619.5189054726368
gen >10, new best = 555.100
gen: 10 best: 555.1 mean: 616.4313432835821
gen >11, new best = 550.000
gen: 11 best: 550.0 mean: 614.2014925373135
gen >12, new best = 540.800
gen: 12 best: 540.8 mean: 612.4880597014925
gen: 13 best: 540.8 mean: 611.0303482587065
gen: 14 best: 540.8 mean: 606.8213930348259
gen >15, new best = 536.300
gen: 15 best: 536.3 mean: 604.9104477611941
gen: 16 best: 536.3 mean: 602.5507462686567
gen: 17 best: 536.3 mean: 599.4925373134329
gen: 18 best: 536.3 mean: 597.8303482587065
gen: 19 best: 536.3 mean: 599.6358208955224
gen: 20 best: 536.3 mean: 597.9512437810945
gen >21, new best = 525.700
gen: 21 best: 525.7 mean: 594.2611940298508
gen: 22 best: 525.7 mean: 592.1796019900497
gen: 23 best: 525.7 mean: 588.6402985074627
gen: 24 best: 525.7 mean: 587.3800995024876
gen: 25 best: 525.7 mean: 583.392039800995
gen: 26 best: 525.7 mean: 584.6985074626866
gen: 27 best: 525.7 mean: 581.4606965174129
gen: 28 best: 525.7 mean: 581.6716417910447
gen >29, new best = 469.500
gen: 29 best: 469.5 mean: 579.9502487562189
gen: 30 best: 469.5 mean: 578.1940298507462
gen: 31 best: 469.5 mean: 578.4497512437811
gen: 32 best: 469.5 mean: 577.018407960199
gen: 33 best: 469.5 mean: 575.8880597014926
gen: 34 best: 469.5 mean: 573.7228855721393
gen: 35 best: 469.5 mean: 572.2338308457712
gen: 36 best: 469.5 mean: 571.8482587064676
gen: 37 best: 469.5 mean: 569.563184079602
gen: 38 best: 469.5 mean: 568.3004975124378
gen: 39 best: 469.5 mean: 567.5800995024875
gen: 40 best: 469.5 mean: 570.0223880597015
gen: 41 best: 469.5 mean: 565.0019900497513
gen: 42 best: 469.5 mean: 567.3069651741293
gen: 43 best: 469.5 mean: 564.5328358208956
gen: 44 best: 469.5 mean: 564.4930348258706
gen: 45 best: 469.5 mean: 567.0338308457711
gen: 46 best: 469.5 mean: 562.3611940298507
gen: 47 best: 469.5 mean: 563.3388059701492
gen: 48 best: 469.5 mean: 562.0417910447761
gen: 49 best: 469.5 mean: 562.8089552238806
gen: 50 best: 469.5 mean: 561.0159203980099
gen: 51 best: 469.5 mean: 559.9781094527364
gen: 52 best: 469.5 mean: 558.8875621890547
gen: 53 best: 469.5 mean: 557.2437810945273
gen: 54 best: 469.5 mean: 558.2960199004975
gen: 55 best: 469.5 mean: 556.8955223880597
gen: 56 best: 469.5 mean: 557.6820895522388
gen: 57 best: 469.5 mean: 554.8298507462687
gen: 58 best: 469.5 mean: 555.0074626865671
gen: 59 best: 469.5 mean: 557.1343283582089
gen: 60 best: 469.5 mean: 555.6467661691543
gen: 61 best: 469.5 mean: 552.4796019900498
gen: 62 best: 469.5 mean: 553.0477611940298
gen: 63 best: 469.5 mean: 554.544776119403
gen: 64 best: 469.5 mean: 553.6661691542289
gen: 65 best: 469.5 mean: 551.7109452736319
gen: 66 best: 469.5 mean: 553.6124378109453
gen: 67 best: 469.5 mean: 552.8870646766169
gen: 68 best: 469.5 mean: 548.1980099502488
gen: 69 best: 469.5 mean: 548.6248756218905
gen: 70 best: 469.5 mean: 550.2845771144279
gen >71, new best = 453.800
gen: 71 best: 453.8 mean: 549.7731343283582
gen: 72 best: 453.8 mean: 552.4741293532338
gen: 73 best: 453.8 mean: 549.3786069651742
gen: 74 best: 453.8 mean: 546.8706467661691
gen: 75 best: 453.8 mean: 546.5348258706467
gen: 76 best: 453.8 mean: 547.6064676616916
gen: 77 best: 453.8 mean: 548.3970149253731
gen: 78 best: 453.8 mean: 549.6243781094528
gen: 79 best: 453.8 mean: 548.7487562189054
gen: 80 best: 453.8 mean: 550.344776119403
gen: 81 best: 453.8 mean: 546.5691542288557
gen: 82 best: 453.8 mean: 548.7726368159204
gen: 83 best: 453.8 mean: 548.2059701492537
gen: 84 best: 453.8 mean: 546.3666666666667
gen: 85 best: 453.8 mean: 544.4049751243781
gen: 86 best: 453.8 mean: 545.5870646766169
gen: 87 best: 453.8 mean: 545.8119402985075
gen: 88 best: 453.8 mean: 545.9567164179105
gen: 89 best: 453.8 mean: 546.5975124378109
gen: 90 best: 453.8 mean: 545.8990049751244
gen: 91 best: 453.8 mean: 543.7358208955224
gen: 92 best: 453.8 mean: 543.5696517412936
gen: 93 best: 453.8 mean: 543.8855721393035
gen: 94 best: 453.8 mean: 543.1318407960199
gen: 95 best: 453.8 mean: 542.8407960199005
gen: 96 best: 453.8 mean: 545.1930348258707
gen: 97 best: 453.8 mean: 543.8233830845771
gen: 98 best: 453.8 mean: 544.5860696517412
gen: 99 best: 453.8 mean: 544.9149253731343
[7, 8, 10, 8, 8, 8, 7, 8, 8, 8, 8, 8, 8, 8, 8, 8, 7, 7, 8, 7, 8, 7, 8, 8, 7, 8, 8, 8, 7, 7, 9, 8, 8, 10, 8, 8, 7, 8, 7, 9]
Test count of edges: 1947
cat
