Defaulting to user installation because normal site-packages is not writeable
Looking in links: /cvmfs/soft.computecanada.ca/custom/python/wheelhouse/gentoo/avx2, /cvmfs/soft.computecanada.ca/custom/python/wheelhouse/gentoo/generic, /cvmfs/soft.computecanada.ca/custom/python/wheelhouse/generic
Requirement already satisfied: graphviz in /home/js17sy/.local/lib/python3.10/site-packages (0.20)
705; python ga.py 26 1024N_graph26.dat 0.1 0.04 0.7 0.9 0.1 201 1024N_graph26leerygen3rem70_ 428415
/project/6008788/js17sy/reopenga/1024c/ga.py:291: DeprecationWarning: Sampling from a set deprecated
since Python 3.9 and will be removed in a subsequent version.
  child1 = set(random.sample(
gen >0, new best = 668.500
gen >0, new best = 655.600
gen >0, new best = 632.100
gen >0, new best = 626.200
gen >0, new best = 594.100
gen: 0 best: 594.1 mean: 659.757960199005
gen: 1 best: 594.1 mean: 657.6278606965174
gen: 2 best: 594.1 mean: 656.0338308457711
gen: 3 best: 594.1 mean: 655.9363184079602
gen: 4 best: 594.1 mean: 654.1084577114428
gen >5, new best = 587.200
gen: 5 best: 587.2 mean: 650.6975124378109
gen: 6 best: 587.2 mean: 648.505472636816
gen: 7 best: 587.2 mean: 644.0472636815921
gen: 8 best: 587.2 mean: 645.1671641791045
gen: 9 best: 587.2 mean: 645.8805970149253
gen: 10 best: 587.2 mean: 642.944776119403
gen: 11 best: 587.2 mean: 642.2318407960199
gen: 12 best: 587.2 mean: 640.8547263681592
gen >13, new best = 572.200
gen: 13 best: 572.2 mean: 637.5059701492537
gen: 14 best: 572.2 mean: 637.6840796019901
gen: 15 best: 572.2 mean: 636.5746268656717
gen: 16 best: 572.2 mean: 634.6258706467662
gen: 17 best: 572.2 mean: 635.3079601990049
gen: 18 best: 572.2 mean: 631.1049751243781
gen: 19 best: 572.2 mean: 632.6034825870647
gen: 20 best: 572.2 mean: 631.4900497512438
gen >21, new best = 554.100
gen: 21 best: 554.1 mean: 628.0567164179105
gen: 22 best: 554.1 mean: 627.4
gen: 23 best: 554.1 mean: 625.8358208955224
gen: 24 best: 554.1 mean: 625.4422885572139
gen: 25 best: 554.1 mean: 623.6781094527363
gen: 26 best: 554.1 mean: 624.5761194029851
gen: 27 best: 554.1 mean: 620.494527363184
gen: 28 best: 554.1 mean: 621.9761194029851
gen: 29 best: 554.1 mean: 620.1577114427861
gen: 30 best: 554.1 mean: 619.457711442786
gen: 31 best: 554.1 mean: 619.0338308457711
gen: 32 best: 554.1 mean: 617.4
gen: 33 best: 554.1 mean: 619.5427860696517
gen: 34 best: 554.1 mean: 618.7363184079602
gen: 35 best: 554.1 mean: 617.4417910447761
gen: 36 best: 554.1 mean: 616.2278606965174
gen: 37 best: 554.1 mean: 615.763184079602
gen: 38 best: 554.1 mean: 615.1343283582089
gen: 39 best: 554.1 mean: 614.4417910447761
gen: 40 best: 554.1 mean: 615.4935323383085
gen: 41 best: 554.1 mean: 614.7900497512438
gen >42, new best = 553.000
gen: 42 best: 553.0 mean: 614.2532338308458
gen: 43 best: 553.0 mean: 613.928855721393
gen: 44 best: 553.0 mean: 612.8427860696518
gen: 45 best: 553.0 mean: 613.0487562189055
gen: 46 best: 553.0 mean: 611.2218905472637
gen: 47 best: 553.0 mean: 611.4890547263682
gen: 48 best: 553.0 mean: 611.1388059701493
gen: 49 best: 553.0 mean: 609.2378109452736
gen: 50 best: 553.0 mean: 608.760696517413
gen: 51 best: 553.0 mean: 610.1129353233831
gen: 52 best: 553.0 mean: 608.031343283582
gen: 53 best: 553.0 mean: 607.3149253731343
gen: 54 best: 553.0 mean: 609.2910447761194
gen: 55 best: 553.0 mean: 608.0731343283582
gen: 56 best: 553.0 mean: 607.5542288557214
gen: 57 best: 553.0 mean: 609.773631840796
gen: 58 best: 553.0 mean: 608.0537313432836
gen: 59 best: 553.0 mean: 607.150248756219
gen: 60 best: 553.0 mean: 605.9791044776119
gen: 61 best: 553.0 mean: 607.3348258706468
gen >62, new best = 532.600
gen: 62 best: 532.6 mean: 606.4293532338309
gen: 63 best: 532.6 mean: 604.7626865671642
gen: 64 best: 532.6 mean: 606.3084577114428
gen: 65 best: 532.6 mean: 606.78407960199
gen: 66 best: 532.6 mean: 604.2383084577115
gen: 67 best: 532.6 mean: 606.0910447761194
gen: 68 best: 532.6 mean: 604.8323383084577
gen: 69 best: 532.6 mean: 602.8417910447761
gen: 70 best: 532.6 mean: 603.5373134328358
gen: 71 best: 532.6 mean: 604.3218905472637
gen: 72 best: 532.6 mean: 604.2174129353234
gen: 73 best: 532.6 mean: 603.9069651741294
gen: 74 best: 532.6 mean: 604.4457711442786
gen: 75 best: 532.6 mean: 604.0761194029851
gen: 76 best: 532.6 mean: 603.4606965174129
gen: 77 best: 532.6 mean: 602.868656716418
gen: 78 best: 532.6 mean: 600.7398009950249
gen: 79 best: 532.6 mean: 604.026368159204
gen: 80 best: 532.6 mean: 601.4109452736318
gen: 81 best: 532.6 mean: 602.3805970149253
gen: 82 best: 532.6 mean: 598.6990049751244
gen: 83 best: 532.6 mean: 601.752736318408
gen >84, new best = 524.000
gen: 84 best: 524.0 mean: 601.5776119402985
gen: 85 best: 524.0 mean: 600.0796019900498
gen: 86 best: 524.0 mean: 602.2378109452736
gen: 87 best: 524.0 mean: 602.7572139303483
gen: 88 best: 524.0 mean: 602.9880597014925
gen: 89 best: 524.0 mean: 602.21592039801
gen: 90 best: 524.0 mean: 603.4353233830846
gen: 91 best: 524.0 mean: 601.3651741293532
gen: 92 best: 524.0 mean: 601.8601990049751
gen >93, new best = 519.400
gen: 93 best: 519.4 mean: 600.0616915422886
gen: 94 best: 519.4 mean: 599.139303482587
gen: 95 best: 519.4 mean: 598.3970149253731
gen: 96 best: 519.4 mean: 599.3955223880597
gen: 97 best: 519.4 mean: 598.8358208955224
gen: 98 best: 519.4 mean: 600.5522388059701
gen: 99 best: 519.4 mean: 601.7034825870646
[7, 8, 7, 8, 8, 8, 7, 7, 7, 8, 7, 8, 9, 8, 8, 7, 7, 7, 7, 7, 7, 7, 8, 7, 7, 8, 9, 7, 7, 6, 7, 7, 7, 7, 8, 7, 8, 6, 7, 8]
Test count of edges: 1949
cat
