Defaulting to user installation because normal site-packages is not writeable
Looking in links: /cvmfs/soft.computecanada.ca/custom/python/wheelhouse/gentoo/avx2, /cvmfs/soft.computecanada.ca/custom/python/wheelhouse/gentoo/generic, /cvmfs/soft.computecanada.ca/custom/python/wheelhouse/generic
Requirement already satisfied: graphviz in /home/js17sy/.local/lib/python3.10/site-packages (0.20)
456; python ga.py 26 1024N_graph26.dat 0.075 0.03 0.7 0.5 0.5 201 1024N_graph26laxgen1rem70_ 171366
/project/6008788/js17sy/reopenga/1024c/ga.py:291: DeprecationWarning: Sampling from a set deprecated
since Python 3.9 and will be removed in a subsequent version.
  child1 = set(random.sample(
gen >0, new best = 658.600
gen >0, new best = 651.300
gen >0, new best = 646.400
gen >0, new best = 629.100
gen >0, new best = 620.900
gen >0, new best = 607.800
gen >0, new best = 606.100
gen >0, new best = 589.800
gen: 0 best: 589.8 mean: 651.1509950248757
gen >1, new best = 576.500
gen: 1 best: 576.5 mean: 648.8557213930349
gen: 2 best: 576.5 mean: 641.9741293532338
gen >3, new best = 563.000
gen: 3 best: 563.0 mean: 637.1636815920398
gen: 4 best: 563.0 mean: 638.502487562189
gen: 5 best: 563.0 mean: 635.5487562189055
gen: 6 best: 563.0 mean: 632.110447761194
gen: 7 best: 563.0 mean: 630.3492537313433
gen: 8 best: 563.0 mean: 625.726368159204
gen: 9 best: 563.0 mean: 620.1139303482587
gen >10, new best = 558.900
gen >10, new best = 558.500
gen: 10 best: 558.5 mean: 618.0482587064677
gen: 11 best: 558.5 mean: 617.1945273631841
gen: 12 best: 558.5 mean: 611.9472636815921
gen >13, new best = 555.800
gen >13, new best = 547.000
gen >13, new best = 542.500
gen: 13 best: 542.5 mean: 610.2233830845771
gen >14, new best = 539.500
gen: 14 best: 539.5 mean: 609.2199004975124
gen: 15 best: 539.5 mean: 607.2805970149253
gen: 16 best: 539.5 mean: 606.2303482587065
gen: 17 best: 539.5 mean: 603.7218905472637
gen: 18 best: 539.5 mean: 603.2054726368159
gen: 19 best: 539.5 mean: 600.7691542288558
gen >20, new best = 534.900
gen: 20 best: 534.9 mean: 599.6089552238806
gen: 21 best: 534.9 mean: 598.1462686567164
gen: 22 best: 534.9 mean: 598.3542288557214
gen: 23 best: 534.9 mean: 598.079104477612
gen: 24 best: 534.9 mean: 595.789552238806
gen >25, new best = 532.200
gen: 25 best: 532.2 mean: 591.7905472636816
gen: 26 best: 532.2 mean: 592.7616915422885
gen >27, new best = 532.100
gen: 27 best: 532.1 mean: 588.455223880597
gen: 28 best: 532.1 mean: 588.4965174129353
gen >29, new best = 531.900
gen: 29 best: 531.9 mean: 589.0990049751243
gen: 30 best: 531.9 mean: 588.1402985074627
gen: 31 best: 531.9 mean: 584.9985074626866
gen: 32 best: 531.9 mean: 587.5502487562189
gen >33, new best = 520.900
gen: 33 best: 520.9 mean: 585.9383084577114
gen: 34 best: 520.9 mean: 586.8338308457711
gen: 35 best: 520.9 mean: 585.673631840796
gen: 36 best: 520.9 mean: 583.1905472636817
gen: 37 best: 520.9 mean: 581.5666666666667
gen: 38 best: 520.9 mean: 581.9154228855722
gen >39, new best = 519.900
gen: 39 best: 519.9 mean: 581.2492537313433
gen: 40 best: 519.9 mean: 578.5741293532338
gen: 41 best: 519.9 mean: 577.849751243781
gen: 42 best: 519.9 mean: 577.0721393034826
gen >43, new best = 507.600
gen: 43 best: 507.6 mean: 576.5517412935324
gen: 44 best: 507.6 mean: 577.0542288557214
gen: 45 best: 507.6 mean: 576.610447761194
gen: 46 best: 507.6 mean: 575.9691542288557
gen: 47 best: 507.6 mean: 577.4328358208955
gen: 48 best: 507.6 mean: 575.1726368159204
gen: 49 best: 507.6 mean: 574.5796019900497
gen: 50 best: 507.6 mean: 576.2502487562189
gen: 51 best: 507.6 mean: 575.1179104477612
gen: 52 best: 507.6 mean: 573.0925373134328
gen: 53 best: 507.6 mean: 574.2383084577115
gen: 54 best: 507.6 mean: 573.2965174129354
gen: 55 best: 507.6 mean: 574.1248756218905
gen: 56 best: 507.6 mean: 573.7970149253731
gen: 57 best: 507.6 mean: 570.5721393034826
gen >58, new best = 501.900
gen: 58 best: 501.9 mean: 572.3582089552239
gen: 59 best: 501.9 mean: 570.4074626865672
gen: 60 best: 501.9 mean: 571.1114427860697
gen: 61 best: 501.9 mean: 571.6492537313433
gen: 62 best: 501.9 mean: 568.3069651741293
gen: 63 best: 501.9 mean: 567.173631840796
gen: 64 best: 501.9 mean: 567.2597014925373
gen: 65 best: 501.9 mean: 568.9900497512438
gen: 66 best: 501.9 mean: 565.9014925373134
gen: 67 best: 501.9 mean: 567.2800995024876
gen: 68 best: 501.9 mean: 564.3885572139303
gen: 69 best: 501.9 mean: 564.9532338308458
gen: 70 best: 501.9 mean: 564.5437810945274
gen: 71 best: 501.9 mean: 565.8134328358209
gen: 72 best: 501.9 mean: 565.1646766169155
gen: 73 best: 501.9 mean: 566.1278606965174
gen: 74 best: 501.9 mean: 564.1940298507462
gen: 75 best: 501.9 mean: 565.6537313432835
gen: 76 best: 501.9 mean: 565.1766169154229
gen: 77 best: 501.9 mean: 561.5810945273632
gen >78, new best = 484.700
gen: 78 best: 484.7 mean: 561.5
gen: 79 best: 484.7 mean: 563.0179104477612
gen: 80 best: 484.7 mean: 562.0925373134328
gen: 81 best: 484.7 mean: 561.4751243781094
gen: 82 best: 484.7 mean: 563.1950248756219
gen: 83 best: 484.7 mean: 563.1203980099502
gen: 84 best: 484.7 mean: 561.347263681592
gen: 85 best: 484.7 mean: 558.8144278606965
gen: 86 best: 484.7 mean: 560.0014925373134
gen: 87 best: 484.7 mean: 559.9970149253732
gen >88, new best = 484.300
gen: 88 best: 484.3 mean: 560.8621890547264
gen: 89 best: 484.3 mean: 559.4810945273632
gen: 90 best: 484.3 mean: 560.704975124378
gen: 91 best: 484.3 mean: 562.4338308457711
gen: 92 best: 484.3 mean: 561.1845771144278
gen: 93 best: 484.3 mean: 559.687064676617
gen: 94 best: 484.3 mean: 561.0014925373134
gen: 95 best: 484.3 mean: 559.9059701492537
gen: 96 best: 484.3 mean: 560.4507462686568
gen: 97 best: 484.3 mean: 561.1358208955224
gen: 98 best: 484.3 mean: 560.4587064676617
gen: 99 best: 484.3 mean: 559.5517412935324
[7, 7, 8, 9, 7, 8, 8, 7, 8, 7, 8, 9, 8, 8, 8, 8, 8, 8, 8, 8, 7, 8, 9, 7, 8, 8, 8, 8, 7, 9, 8, 8, 7, 8, 8, 8, 8, 8, 8, 8, 8, 8, 7, 9, 8]
Test count of edges: 1981
cat
