Defaulting to user installation because normal site-packages is not writeable
Looking in links: /cvmfs/soft.computecanada.ca/custom/python/wheelhouse/gentoo/avx2, /cvmfs/soft.computecanada.ca/custom/python/wheelhouse/gentoo/generic, /cvmfs/soft.computecanada.ca/custom/python/wheelhouse/generic
Requirement already satisfied: graphviz in /home/js17sy/.local/lib/python3.10/site-packages (0.20)
703; python ga.py 26 1024N_graph26.dat 0.1 0.04 0.7 0.9 0.1 201 1024N_graph26leerygen3rem70_ 371293
/project/6008788/js17sy/reopenga/1024c/ga.py:291: DeprecationWarning: Sampling from a set deprecated
since Python 3.9 and will be removed in a subsequent version.
  child1 = set(random.sample(
gen >0, new best = 650.300
gen >0, new best = 646.600
gen >0, new best = 646.200
gen >0, new best = 637.400
gen >0, new best = 629.000
gen >0, new best = 628.400
gen >0, new best = 628.200
gen >0, new best = 624.400
gen: 0 best: 624.4 mean: 661.2522388059701
gen >1, new best = 624.200
gen >1, new best = 621.800
gen: 1 best: 621.8 mean: 657.5303482587065
gen >2, new best = 611.000
gen >2, new best = 603.200
gen: 2 best: 603.2 mean: 655.681592039801
gen: 3 best: 603.2 mean: 654.5492537313432
gen: 4 best: 603.2 mean: 651.4557213930349
gen: 5 best: 603.2 mean: 651.3323383084577
gen >6, new best = 603.000
gen >6, new best = 586.700
gen: 6 best: 586.7 mean: 650.1890547263681
gen >7, new best = 563.800
gen: 7 best: 563.8 mean: 647.428855721393
gen: 8 best: 563.8 mean: 648.8950248756219
gen: 9 best: 563.8 mean: 646.3174129353234
gen: 10 best: 563.8 mean: 644.9746268656717
gen: 11 best: 563.8 mean: 643.2293532338308
gen: 12 best: 563.8 mean: 643.573631840796
gen: 13 best: 563.8 mean: 641.0671641791045
gen: 14 best: 563.8 mean: 640.5975124378109
gen: 15 best: 563.8 mean: 639.1492537313433
gen: 16 best: 563.8 mean: 637.2457711442786
gen: 17 best: 563.8 mean: 636.7487562189054
gen: 18 best: 563.8 mean: 633.9253731343283
gen: 19 best: 563.8 mean: 634.5467661691542
gen: 20 best: 563.8 mean: 632.5398009950248
gen: 21 best: 563.8 mean: 631.5089552238805
gen: 22 best: 563.8 mean: 628.9378109452737
gen: 23 best: 563.8 mean: 626.857711442786
gen: 24 best: 563.8 mean: 626.6686567164179
gen: 25 best: 563.8 mean: 626.8567164179104
gen: 26 best: 563.8 mean: 625.0069651741294
gen: 27 best: 563.8 mean: 625.2253731343284
gen: 28 best: 563.8 mean: 625.1537313432835
gen: 29 best: 563.8 mean: 622.6383084577114
gen: 30 best: 563.8 mean: 622.0293532338309
gen: 31 best: 563.8 mean: 621.2562189054727
gen >32, new best = 544.600
gen: 32 best: 544.6 mean: 618.3960199004975
gen: 33 best: 544.6 mean: 617.7029850746269
gen: 34 best: 544.6 mean: 616.6134328358208
gen: 35 best: 544.6 mean: 612.9398009950248
gen: 36 best: 544.6 mean: 616.7084577114427
gen: 37 best: 544.6 mean: 612.1522388059701
gen >38, new best = 516.800
gen: 38 best: 516.8 mean: 615.9462686567164
gen: 39 best: 516.8 mean: 614.239303482587
gen: 40 best: 516.8 mean: 613.6766169154229
gen: 41 best: 516.8 mean: 610.5437810945274
gen: 42 best: 516.8 mean: 611.0402985074627
gen: 43 best: 516.8 mean: 609.7039800995025
gen >44, new best = 486.800
gen: 44 best: 486.8 mean: 607.6208955223881
gen: 45 best: 486.8 mean: 610.6218905472637
gen: 46 best: 486.8 mean: 608.2686567164179
gen: 47 best: 486.8 mean: 607.1975124378109
gen: 48 best: 486.8 mean: 606.392039800995
gen: 49 best: 486.8 mean: 606.5303482587065
gen: 50 best: 486.8 mean: 606.5164179104478
gen: 51 best: 486.8 mean: 605.828855721393
gen: 52 best: 486.8 mean: 605.9522388059702
gen: 53 best: 486.8 mean: 603.1686567164179
gen: 54 best: 486.8 mean: 602.9114427860696
gen: 55 best: 486.8 mean: 602.0761194029851
gen: 56 best: 486.8 mean: 602.650248756219
gen: 57 best: 486.8 mean: 603.6751243781094
gen: 58 best: 486.8 mean: 601.1990049751244
gen: 59 best: 486.8 mean: 601.4417910447761
gen: 60 best: 486.8 mean: 601.3955223880597
gen: 61 best: 486.8 mean: 599.9875621890548
gen: 62 best: 486.8 mean: 599.3338308457711
gen: 63 best: 486.8 mean: 599.4701492537314
gen: 64 best: 486.8 mean: 601.88407960199
gen: 65 best: 486.8 mean: 602.3014925373134
gen: 66 best: 486.8 mean: 600.1084577114428
gen: 67 best: 486.8 mean: 600.7034825870646
gen: 68 best: 486.8 mean: 600.2706467661692
gen: 69 best: 486.8 mean: 598.7417910447762
gen: 70 best: 486.8 mean: 597.9069651741294
gen: 71 best: 486.8 mean: 599.1348258706468
gen: 72 best: 486.8 mean: 598.9810945273632
gen: 73 best: 486.8 mean: 599.4691542288557
gen: 74 best: 486.8 mean: 598.0830845771144
gen: 75 best: 486.8 mean: 597.9164179104478
gen: 76 best: 486.8 mean: 597.9442786069652
gen: 77 best: 486.8 mean: 596.3199004975124
gen: 78 best: 486.8 mean: 598.131343283582
gen: 79 best: 486.8 mean: 597.0099502487562
gen: 80 best: 486.8 mean: 594.8358208955224
gen: 81 best: 486.8 mean: 596.9338308457711
gen: 82 best: 486.8 mean: 596.907960199005
gen: 83 best: 486.8 mean: 596.6865671641791
gen: 84 best: 486.8 mean: 595.5432835820895
gen: 85 best: 486.8 mean: 595.4746268656717
gen: 86 best: 486.8 mean: 596.1955223880597
gen: 87 best: 486.8 mean: 595.5676616915423
gen: 88 best: 486.8 mean: 596.8492537313433
gen: 89 best: 486.8 mean: 594.6766169154229
gen: 90 best: 486.8 mean: 595.0437810945274
gen: 91 best: 486.8 mean: 595.7965174129354
gen: 92 best: 486.8 mean: 596.8223880597016
gen: 93 best: 486.8 mean: 595.8482587064676
gen: 94 best: 486.8 mean: 594.8388059701492
gen: 95 best: 486.8 mean: 594.6945273631841
gen: 96 best: 486.8 mean: 593.2925373134328
gen: 97 best: 486.8 mean: 594.9199004975125
gen: 98 best: 486.8 mean: 594.2328358208955
gen: 99 best: 486.8 mean: 594.2711442786069
[7, 8, 8, 8, 7, 7, 7, 8, 7, 7, 8, 8, 7, 7, 8, 7, 8, 7, 8, 7, 7, 7, 7, 8, 8, 8, 7, 6, 9, 7, 7, 8, 9, 6, 8, 7, 7, 8, 7, 7, 7, 8]
Test count of edges: 1945
cat
