Defaulting to user installation because normal site-packages is not writeable
Looking in links: /cvmfs/soft.computecanada.ca/custom/python/wheelhouse/gentoo/avx2, /cvmfs/soft.computecanada.ca/custom/python/wheelhouse/gentoo/generic, /cvmfs/soft.computecanada.ca/custom/python/wheelhouse/generic
Requirement already satisfied: graphviz in /home/js17sy/.local/lib/python3.10/site-packages (0.20)
545; python ga.py 26 1024N_graph26.dat 0.1 0.04 0.5 0.5 0.5 201 1024N_graph26leerygen1rem50_ 142805
/project/6008788/js17sy/reopenga/1024c/ga.py:291: DeprecationWarning: Sampling from a set deprecated
since Python 3.9 and will be removed in a subsequent version.
  child1 = set(random.sample(
gen >0, new best = 707.700
gen >0, new best = 706.900
gen >0, new best = 693.500
gen >0, new best = 690.200
gen >0, new best = 638.500
gen: 0 best: 638.5 mean: 715.5151741293532
gen: 1 best: 638.5 mean: 715.8283582089553
gen: 2 best: 638.5 mean: 712.971144278607
gen >3, new best = 629.000
gen: 3 best: 629.0 mean: 713.4900497512438
gen: 4 best: 629.0 mean: 713.2601990049751
gen: 5 best: 629.0 mean: 711.8611940298507
gen: 6 best: 629.0 mean: 711.4850746268656
gen: 7 best: 629.0 mean: 711.7587064676617
gen: 8 best: 629.0 mean: 712.4900497512438
gen: 9 best: 629.0 mean: 712.6830845771144
gen: 10 best: 629.0 mean: 710.8412935323383
gen: 11 best: 629.0 mean: 709.2273631840796
gen: 12 best: 629.0 mean: 710.7363184079602
gen: 13 best: 629.0 mean: 707.9701492537314
gen: 14 best: 629.0 mean: 707.5597014925373
gen: 15 best: 629.0 mean: 707.9522388059702
gen: 16 best: 629.0 mean: 706.2273631840796
gen: 17 best: 629.0 mean: 706.1268656716418
gen: 18 best: 629.0 mean: 705.797512437811
gen: 19 best: 629.0 mean: 704.0512437810945
gen: 20 best: 629.0 mean: 705.6960199004975
gen: 21 best: 629.0 mean: 704.128855721393
gen: 22 best: 629.0 mean: 702.5059701492537
gen: 23 best: 629.0 mean: 702.320895522388
gen: 24 best: 629.0 mean: 701.9626865671642
gen: 25 best: 629.0 mean: 702.5572139303482
gen: 26 best: 629.0 mean: 701.8124378109453
gen: 27 best: 629.0 mean: 700.5069651741294
gen: 28 best: 629.0 mean: 700.2328358208955
gen: 29 best: 629.0 mean: 701.1960199004975
gen: 30 best: 629.0 mean: 700.7388059701492
gen: 31 best: 629.0 mean: 699.5865671641791
gen: 32 best: 629.0 mean: 699.8422885572139
gen: 33 best: 629.0 mean: 701.4159203980099
gen: 34 best: 629.0 mean: 699.9830845771145
gen >35, new best = 620.100
gen: 35 best: 620.1 mean: 697.7786069651742
gen: 36 best: 620.1 mean: 699.1985074626866
gen: 37 best: 620.1 mean: 699.0796019900497
gen: 38 best: 620.1 mean: 696.8014925373134
gen: 39 best: 620.1 mean: 697.8432835820896
gen: 40 best: 620.1 mean: 697.0771144278607
gen: 41 best: 620.1 mean: 696.5955223880597
gen: 42 best: 620.1 mean: 696.0109452736318
gen: 43 best: 620.1 mean: 696.773631840796
gen: 44 best: 620.1 mean: 695.9542288557213
gen: 45 best: 620.1 mean: 696.8522388059702
gen: 46 best: 620.1 mean: 695.8293532338308
gen: 47 best: 620.1 mean: 694.3313432835821
gen: 48 best: 620.1 mean: 695.9786069651741
gen: 49 best: 620.1 mean: 694.6388059701493
gen: 50 best: 620.1 mean: 696.702487562189
gen: 51 best: 620.1 mean: 695.5019900497513
gen: 52 best: 620.1 mean: 695.6900497512438
gen: 53 best: 620.1 mean: 695.7726368159204
gen: 54 best: 620.1 mean: 696.0208955223881
gen: 55 best: 620.1 mean: 696.5119402985075
gen: 56 best: 620.1 mean: 694.5965174129353
gen: 57 best: 620.1 mean: 694.8965174129353
gen: 58 best: 620.1 mean: 694.3676616915423
gen >59, new best = 618.700
gen: 59 best: 618.7 mean: 693.781592039801
gen: 60 best: 618.7 mean: 694.4636815920398
gen: 61 best: 618.7 mean: 694.7059701492537
gen >62, new best = 618.100
gen: 62 best: 618.1 mean: 693.457711442786
gen: 63 best: 618.1 mean: 693.0452736318408
gen: 64 best: 618.1 mean: 694.4870646766169
gen: 65 best: 618.1 mean: 693.9716417910448
gen: 66 best: 618.1 mean: 695.2432835820896
gen: 67 best: 618.1 mean: 692.4199004975125
gen: 68 best: 618.1 mean: 693.3616915422886
gen: 69 best: 618.1 mean: 694.6706467661692
gen: 70 best: 618.1 mean: 691.9885572139303
gen: 71 best: 618.1 mean: 691.7711442786069
gen: 72 best: 618.1 mean: 691.8875621890547
gen: 73 best: 618.1 mean: 692.6467661691543
gen: 74 best: 618.1 mean: 692.9323383084577
gen: 75 best: 618.1 mean: 691.897512437811
gen >76, new best = 616.600
gen: 76 best: 616.6 mean: 691.7885572139304
gen: 77 best: 616.6 mean: 691.2587064676617
gen: 78 best: 616.6 mean: 691.6487562189054
gen: 79 best: 616.6 mean: 691.4452736318408
gen: 80 best: 616.6 mean: 690.9542288557213
gen: 81 best: 616.6 mean: 691.6228855721394
gen >82, new best = 616.400
gen: 82 best: 616.4 mean: 690.631343283582
gen: 83 best: 616.4 mean: 690.9950248756219
gen >84, new best = 612.100
gen: 84 best: 612.1 mean: 689.9567164179105
gen: 85 best: 612.1 mean: 690.9830845771145
gen: 86 best: 612.1 mean: 689.7154228855721
gen: 87 best: 612.1 mean: 690.1905472636815
gen: 88 best: 612.1 mean: 689.6925373134328
gen: 89 best: 612.1 mean: 688.8223880597014
gen: 90 best: 612.1 mean: 690.2213930348258
gen: 91 best: 612.1 mean: 691.0412935323383
gen: 92 best: 612.1 mean: 690.7144278606966
gen: 93 best: 612.1 mean: 690.7014925373135
gen: 94 best: 612.1 mean: 690.6955223880597
gen: 95 best: 612.1 mean: 690.6213930348259
gen: 96 best: 612.1 mean: 690.9482587064676
gen: 97 best: 612.1 mean: 690.5258706467662
gen: 98 best: 612.1 mean: 689.5860696517412
gen: 99 best: 612.1 mean: 692.5203980099502
[7, 9, 10, 8, 8, 8, 8, 8, 7, 8, 8, 8, 7, 7, 8, 8, 8, 8, 7, 8, 8, 8, 8, 8, 9, 9, 10, 8, 8, 8, 8, 8, 9, 9, 9, 10, 8, 8, 9, 7, 8]
Test count of edges: 3274
cat
