Defaulting to user installation because normal site-packages is not writeable
Looking in links: /cvmfs/soft.computecanada.ca/custom/python/wheelhouse/gentoo/avx2, /cvmfs/soft.computecanada.ca/custom/python/wheelhouse/gentoo/generic, /cvmfs/soft.computecanada.ca/custom/python/wheelhouse/generic
Requirement already satisfied: graphviz in /home/js17sy/.local/lib/python3.10/site-packages (0.20)
129; python ga.py 26 1024N_graph26.dat 0.025 0.01 0.7 0.7 0.3 201 1024N_graph26strictgen2rem70_ 257049
/project/6008788/js17sy/reopenga/1024c/ga.py:291: DeprecationWarning: Sampling from a set deprecated
since Python 3.9 and will be removed in a subsequent version.
  child1 = set(random.sample(
gen >0, new best = 566.400
gen >0, new best = 513.900
gen >0, new best = 497.000
gen >0, new best = 476.700
gen: 0 best: 476.7 mean: 582.3388059701492
gen: 1 best: 476.7 mean: 576.6741293532339
gen: 2 best: 476.7 mean: 576.8328358208955
gen: 3 best: 476.7 mean: 570.7203980099503
gen: 4 best: 476.7 mean: 563.4636815920398
gen: 5 best: 476.7 mean: 560.0019900497513
gen >6, new best = 471.000
gen: 6 best: 471.0 mean: 561.0477611940298
gen: 7 best: 471.0 mean: 557.3910447761194
gen >8, new best = 444.300
gen: 8 best: 444.3 mean: 552.0487562189055
gen: 9 best: 444.3 mean: 549.6940298507462
gen: 10 best: 444.3 mean: 546.2283582089552
gen: 11 best: 444.3 mean: 546.3293532338308
gen: 12 best: 444.3 mean: 542.2328358208955
gen: 13 best: 444.3 mean: 541.4691542288557
gen: 14 best: 444.3 mean: 540.1298507462686
gen >15, new best = 443.600
gen: 15 best: 443.6 mean: 533.1567164179105
gen: 16 best: 443.6 mean: 528.997512437811
gen: 17 best: 443.6 mean: 525.5597014925373
gen: 18 best: 443.6 mean: 529.3666666666667
gen: 19 best: 443.6 mean: 523.0592039800995
gen: 20 best: 443.6 mean: 519.6243781094528
gen: 21 best: 443.6 mean: 518.0492537313432
gen >22, new best = 441.800
gen: 22 best: 441.8 mean: 515.5855721393035
gen: 23 best: 441.8 mean: 515.3099502487562
gen: 24 best: 441.8 mean: 513.7442786069652
gen >25, new best = 436.900
gen: 25 best: 436.9 mean: 514.7651741293532
gen: 26 best: 436.9 mean: 512.1671641791045
gen: 27 best: 436.9 mean: 509.1268656716418
gen: 28 best: 436.9 mean: 508.70796019900496
gen: 29 best: 436.9 mean: 508.93880597014925
gen: 30 best: 436.9 mean: 508.36019900497513
gen: 31 best: 436.9 mean: 508.93333333333334
gen: 32 best: 436.9 mean: 504.2781094527363
gen >33, new best = 420.500
gen: 33 best: 420.5 mean: 504.98457711442785
gen: 34 best: 420.5 mean: 504.4925373134328
gen: 35 best: 420.5 mean: 500.89253731343285
gen: 36 best: 420.5 mean: 502.02885572139303
gen >37, new best = 416.000
gen: 37 best: 416.0 mean: 498.86716417910446
gen: 38 best: 416.0 mean: 502.46567164179106
gen: 39 best: 416.0 mean: 500.3860696517413
gen: 40 best: 416.0 mean: 498.51044776119403
gen: 41 best: 416.0 mean: 498.14776119402984
gen: 42 best: 416.0 mean: 495.36218905472634
gen: 43 best: 416.0 mean: 496.34676616915425
gen: 44 best: 416.0 mean: 497.1194029850746
gen: 45 best: 416.0 mean: 496.4378109452736
gen: 46 best: 416.0 mean: 493.2636815920398
gen: 47 best: 416.0 mean: 492.7228855721393
gen: 48 best: 416.0 mean: 490.8771144278607
gen: 49 best: 416.0 mean: 495.7044776119403
gen: 50 best: 416.0 mean: 494.60149253731345
gen: 51 best: 416.0 mean: 489.6910447761194
gen: 52 best: 416.0 mean: 492.50298507462685
gen: 53 best: 416.0 mean: 488.66169154228857
gen: 54 best: 416.0 mean: 490.5422885572139
gen: 55 best: 416.0 mean: 489.44029850746267
gen: 56 best: 416.0 mean: 490.5
gen: 57 best: 416.0 mean: 488.7820895522388
gen: 58 best: 416.0 mean: 489.0233830845771
gen: 59 best: 416.0 mean: 489.1542288557214
gen: 60 best: 416.0 mean: 487.7905472636816
gen: 61 best: 416.0 mean: 488.18358208955226
gen: 62 best: 416.0 mean: 488.4283582089552
gen: 63 best: 416.0 mean: 487.4686567164179
gen: 64 best: 416.0 mean: 484.86567164179104
gen: 65 best: 416.0 mean: 488.0129353233831
gen: 66 best: 416.0 mean: 483.8179104477612
gen: 67 best: 416.0 mean: 487.69502487562187
gen: 68 best: 416.0 mean: 484.37512437810943
gen: 69 best: 416.0 mean: 484.7318407960199
gen: 70 best: 416.0 mean: 487.21691542288556
gen: 71 best: 416.0 mean: 480.3641791044776
gen: 72 best: 416.0 mean: 486.0179104477612
gen: 73 best: 416.0 mean: 484.65223880597017
gen: 74 best: 416.0 mean: 482.6049751243781
gen: 75 best: 416.0 mean: 482.9154228855721
gen: 76 best: 416.0 mean: 484.37810945273634
gen: 77 best: 416.0 mean: 480.6358208955224
gen: 78 best: 416.0 mean: 480.3542288557214
gen: 79 best: 416.0 mean: 481.77363184079604
gen: 80 best: 416.0 mean: 483.97164179104476
gen: 81 best: 416.0 mean: 479.37412935323385
gen >82, new best = 408.800
gen: 82 best: 408.8 mean: 480.21542288557214
gen: 83 best: 408.8 mean: 475.5965174129353
gen: 84 best: 408.8 mean: 475.463184079602
gen: 85 best: 408.8 mean: 478.0
gen: 86 best: 408.8 mean: 477.4497512437811
gen: 87 best: 408.8 mean: 478.65621890547266
gen >88, new best = 403.100
gen: 88 best: 403.1 mean: 476.90547263681594
gen: 89 best: 403.1 mean: 477.3358208955224
gen: 90 best: 403.1 mean: 479.7601990049751
gen: 91 best: 403.1 mean: 475.2855721393035
gen: 92 best: 403.1 mean: 475.6457711442786
gen: 93 best: 403.1 mean: 475.75671641791047
gen: 94 best: 403.1 mean: 475.52985074626866
gen: 95 best: 403.1 mean: 477.981592039801
gen: 96 best: 403.1 mean: 475.74776119402986
gen: 97 best: 403.1 mean: 473.88905472636816
gen: 98 best: 403.1 mean: 476.4766169154229
gen: 99 best: 403.1 mean: 477.5726368159204
[11, 9, 10, 9, 8, 8, 10, 10, 10, 10, 9, 9, 9, 10, 9, 8, 8, 9, 9, 12, 8, 10, 9, 10, 9, 11, 9, 9, 9, 10, 9, 10, 8, 9, 11, 9, 9, 8, 9, 9, 9]
Test count of edges: 1964
cat
