Defaulting to user installation because normal site-packages is not writeable
Looking in links: /cvmfs/soft.computecanada.ca/custom/python/wheelhouse/gentoo/avx2, /cvmfs/soft.computecanada.ca/custom/python/wheelhouse/gentoo/generic, /cvmfs/soft.computecanada.ca/custom/python/wheelhouse/generic
Requirement already satisfied: graphviz in /home/js17sy/.local/lib/python3.10/site-packages (0.20)
76; python ga.py 26 1024N_graph26.dat 0.025 0.01 0.5 0.9 0.1 201 1024N_graph26strictgen3rem50_ 456976
/project/6008788/js17sy/reopenga/1024c/ga.py:291: DeprecationWarning: Sampling from a set deprecated
since Python 3.9 and will be removed in a subsequent version.
  child1 = set(random.sample(
gen >0, new best = 655.700
gen >0, new best = 650.400
gen >0, new best = 640.600
gen >0, new best = 633.400
gen >0, new best = 632.000
gen: 0 best: 632.0 mean: 655.5283582089552
gen >1, new best = 629.300
gen >1, new best = 612.300
gen: 1 best: 612.3 mean: 653.6771144278607
gen: 2 best: 612.3 mean: 652.144776119403
gen: 3 best: 612.3 mean: 652.0835820895522
gen: 4 best: 612.3 mean: 650.3587064676617
gen: 5 best: 612.3 mean: 649.1029850746269
gen: 6 best: 612.3 mean: 649.0572139303482
gen >7, new best = 580.400
gen: 7 best: 580.4 mean: 648.3736318407961
gen >8, new best = 575.700
gen: 8 best: 575.7 mean: 647.3641791044776
gen: 9 best: 575.7 mean: 647.3427860696518
gen: 10 best: 575.7 mean: 644.3756218905472
gen: 11 best: 575.7 mean: 643.8338308457711
gen: 12 best: 575.7 mean: 643.2696517412935
gen: 13 best: 575.7 mean: 641.2855721393034
gen: 14 best: 575.7 mean: 641.1412935323383
gen: 15 best: 575.7 mean: 639.6835820895523
gen: 16 best: 575.7 mean: 639.0865671641791
gen: 17 best: 575.7 mean: 638.9935323383085
gen: 18 best: 575.7 mean: 638.4268656716417
gen: 19 best: 575.7 mean: 636.4492537313433
gen: 20 best: 575.7 mean: 634.4174129353233
gen: 21 best: 575.7 mean: 633.9373134328358
gen >22, new best = 569.900
gen: 22 best: 569.9 mean: 632.7616915422885
gen: 23 best: 569.9 mean: 632.202487562189
gen: 24 best: 569.9 mean: 630.6323383084577
gen: 25 best: 569.9 mean: 629.1875621890547
gen >26, new best = 566.500
gen: 26 best: 566.5 mean: 629.2318407960199
gen: 27 best: 566.5 mean: 628.0119402985075
gen: 28 best: 566.5 mean: 627.5437810945274
gen: 29 best: 566.5 mean: 625.7243781094527
gen: 30 best: 566.5 mean: 623.9442786069652
gen >31, new best = 561.000
gen: 31 best: 561.0 mean: 624.1124378109453
gen: 32 best: 561.0 mean: 622.7119402985074
gen: 33 best: 561.0 mean: 621.2303482587065
gen: 34 best: 561.0 mean: 622.3721393034826
gen: 35 best: 561.0 mean: 620.6965174129353
gen: 36 best: 561.0 mean: 620.0069651741294
gen: 37 best: 561.0 mean: 618.071144278607
gen: 38 best: 561.0 mean: 618.8835820895522
gen: 39 best: 561.0 mean: 617.7870646766169
gen: 40 best: 561.0 mean: 616.5432835820895
gen: 41 best: 561.0 mean: 615.1965174129353
gen: 42 best: 561.0 mean: 615.2587064676617
gen: 43 best: 561.0 mean: 614.3253731343284
gen: 44 best: 561.0 mean: 614.2497512437811
gen: 45 best: 561.0 mean: 613.1626865671642
gen >46, new best = 548.100
gen: 46 best: 548.1 mean: 610.5870646766169
gen >47, new best = 541.600
gen: 47 best: 541.6 mean: 611.8348258706468
gen: 48 best: 541.6 mean: 609.7960199004975
gen: 49 best: 541.6 mean: 610.9562189054726
gen: 50 best: 541.6 mean: 610.0164179104478
gen: 51 best: 541.6 mean: 609.1691542288557
gen: 52 best: 541.6 mean: 607.2741293532339
gen: 53 best: 541.6 mean: 607.797512437811
gen: 54 best: 541.6 mean: 606.1900497512438
gen: 55 best: 541.6 mean: 605.6273631840796
gen: 56 best: 541.6 mean: 605.3766169154229
gen: 57 best: 541.6 mean: 605.6149253731344
gen: 58 best: 541.6 mean: 603.5587064676616
gen: 59 best: 541.6 mean: 603.6796019900497
gen >60, new best = 537.500
gen: 60 best: 537.5 mean: 602.5487562189055
gen: 61 best: 537.5 mean: 602.8437810945273
gen: 62 best: 537.5 mean: 601.5169154228855
gen: 63 best: 537.5 mean: 600.8935323383084
gen >64, new best = 533.700
gen: 64 best: 533.7 mean: 599.671144278607
gen: 65 best: 533.7 mean: 598.2134328358209
gen: 66 best: 533.7 mean: 598.9427860696518
gen: 67 best: 533.7 mean: 597.420895522388
gen: 68 best: 533.7 mean: 596.7164179104477
gen: 69 best: 533.7 mean: 596.9457711442786
gen: 70 best: 533.7 mean: 597.4940298507463
gen: 71 best: 533.7 mean: 597.4119402985075
gen: 72 best: 533.7 mean: 596.68407960199
gen: 73 best: 533.7 mean: 597.5597014925373
gen: 74 best: 533.7 mean: 596.1825870646766
gen: 75 best: 533.7 mean: 596.5522388059701
gen: 76 best: 533.7 mean: 595.110447761194
gen: 77 best: 533.7 mean: 595.7825870646766
gen: 78 best: 533.7 mean: 594.9661691542289
gen: 79 best: 533.7 mean: 594.0731343283583
gen: 80 best: 533.7 mean: 593.4776119402985
gen: 81 best: 533.7 mean: 592.8741293532338
gen: 82 best: 533.7 mean: 591.928855721393
gen >83, new best = 532.800
gen: 83 best: 532.8 mean: 593.0208955223881
gen: 84 best: 532.8 mean: 593.0681592039801
gen >85, new best = 517.700
gen: 85 best: 517.7 mean: 592.0328358208956
gen: 86 best: 517.7 mean: 592.0407960199005
gen: 87 best: 517.7 mean: 591.0557213930348
gen: 88 best: 517.7 mean: 590.0437810945274
gen: 89 best: 517.7 mean: 590.9398009950248
gen: 90 best: 517.7 mean: 591.9402985074627
gen: 91 best: 517.7 mean: 588.418407960199
gen: 92 best: 517.7 mean: 590.4910447761195
gen: 93 best: 517.7 mean: 589.1169154228855
gen: 94 best: 517.7 mean: 586.6542288557214
gen >95, new best = 487.500
gen: 95 best: 487.5 mean: 587.8502487562189
gen: 96 best: 487.5 mean: 588.2288557213931
gen: 97 best: 487.5 mean: 587.236815920398
gen: 98 best: 487.5 mean: 587.5865671641791
gen: 99 best: 487.5 mean: 587.2094527363184
[10, 10, 11, 9, 10, 10, 9, 9, 9, 11, 12, 10, 11, 11, 10, 9, 10, 9, 11, 9, 12, 10, 11, 9, 11, 10, 10, 9, 9, 9, 10, 12, 11, 10, 11, 9]
Test count of edges: 3240
cat
