Defaulting to user installation because normal site-packages is not writeable
Looking in links: /cvmfs/soft.computecanada.ca/custom/python/wheelhouse/gentoo/avx2, /cvmfs/soft.computecanada.ca/custom/python/wheelhouse/gentoo/generic, /cvmfs/soft.computecanada.ca/custom/python/wheelhouse/generic
Requirement already satisfied: graphviz in /home/js17sy/.local/lib/python3.10/site-packages (0.20)
69; python ga.py 26 1024N_graph26.dat 0.025 0.01 0.5 0.9 0.1 201 1024N_graph26strictgen3rem50_ 257049
/project/6008788/js17sy/reopenga/1024c/ga.py:291: DeprecationWarning: Sampling from a set deprecated
since Python 3.9 and will be removed in a subsequent version.
  child1 = set(random.sample(
gen >0, new best = 664.100
gen >0, new best = 659.700
gen >0, new best = 650.800
gen >0, new best = 642.300
gen >0, new best = 640.900
gen >0, new best = 636.300
gen >0, new best = 629.200
gen >0, new best = 625.500
gen: 0 best: 625.5 mean: 655.2669154228855
gen: 1 best: 625.5 mean: 653.8194029850746
gen: 2 best: 625.5 mean: 653.0109452736318
gen >3, new best = 624.700
gen: 3 best: 624.7 mean: 650.9089552238806
gen >4, new best = 620.900
gen: 4 best: 620.9 mean: 648.5119402985075
gen >5, new best = 620.600
gen: 5 best: 620.6 mean: 648.1169154228855
gen: 6 best: 620.6 mean: 647.8626865671641
gen: 7 best: 620.6 mean: 645.7119402985074
gen >8, new best = 619.800
gen >8, new best = 572.200
gen: 8 best: 572.2 mean: 643.2353233830846
gen: 9 best: 572.2 mean: 642.9502487562189
gen: 10 best: 572.2 mean: 642.5402985074627
gen: 11 best: 572.2 mean: 641.7587064676617
gen: 12 best: 572.2 mean: 641.3437810945273
gen: 13 best: 572.2 mean: 638.3567164179104
gen: 14 best: 572.2 mean: 638.1333333333333
gen: 15 best: 572.2 mean: 637.1651741293532
gen: 16 best: 572.2 mean: 635.8751243781095
gen: 17 best: 572.2 mean: 634.3567164179104
gen: 18 best: 572.2 mean: 631.3661691542288
gen: 19 best: 572.2 mean: 630.9149253731343
gen: 20 best: 572.2 mean: 630.5124378109452
gen: 21 best: 572.2 mean: 629.8676616915423
gen: 22 best: 572.2 mean: 628.8756218905472
gen >23, new best = 567.000
gen >23, new best = 564.500
gen: 23 best: 564.5 mean: 627.1726368159204
gen: 24 best: 564.5 mean: 625.7915422885573
gen: 25 best: 564.5 mean: 627.2233830845771
gen: 26 best: 564.5 mean: 626.0199004975125
gen: 27 best: 564.5 mean: 624.7885572139304
gen >28, new best = 542.500
gen: 28 best: 542.5 mean: 623.3114427860696
gen: 29 best: 542.5 mean: 623.881592039801
gen: 30 best: 542.5 mean: 621.5930348258706
gen: 31 best: 542.5 mean: 621.1497512437811
gen: 32 best: 542.5 mean: 619.7860696517413
gen: 33 best: 542.5 mean: 619.1601990049751
gen: 34 best: 542.5 mean: 618.5393034825871
gen: 35 best: 542.5 mean: 617.752736318408
gen: 36 best: 542.5 mean: 616.8268656716418
gen: 37 best: 542.5 mean: 615.1303482587065
gen: 38 best: 542.5 mean: 614.3820895522388
gen: 39 best: 542.5 mean: 613.2587064676617
gen: 40 best: 542.5 mean: 613.3721393034826
gen: 41 best: 542.5 mean: 612.9427860696518
gen: 42 best: 542.5 mean: 611.6606965174129
gen: 43 best: 542.5 mean: 610.2034825870646
gen: 44 best: 542.5 mean: 611.3273631840796
gen: 45 best: 542.5 mean: 609.5855721393035
gen: 46 best: 542.5 mean: 608.7805970149253
gen: 47 best: 542.5 mean: 608.9885572139303
gen: 48 best: 542.5 mean: 607.6731343283582
gen: 49 best: 542.5 mean: 605.7646766169154
gen: 50 best: 542.5 mean: 605.244776119403
gen: 51 best: 542.5 mean: 607.0706467661691
gen: 52 best: 542.5 mean: 604.8273631840796
gen: 53 best: 542.5 mean: 603.6721393034826
gen: 54 best: 542.5 mean: 604.0845771144278
gen: 55 best: 542.5 mean: 604.173631840796
gen: 56 best: 542.5 mean: 604.0273631840796
gen: 57 best: 542.5 mean: 603.1671641791045
gen: 58 best: 542.5 mean: 602.4134328358209
gen >59, new best = 541.900
gen >59, new best = 527.500
gen: 59 best: 527.5 mean: 601.6
gen: 60 best: 527.5 mean: 601.2741293532339
gen >61, new best = 526.600
gen: 61 best: 526.6 mean: 600.392039800995
gen: 62 best: 526.6 mean: 600.2502487562189
gen: 63 best: 526.6 mean: 599.8363184079602
gen: 64 best: 526.6 mean: 599.3980099502487
gen: 65 best: 526.6 mean: 599.6592039800995
gen: 66 best: 526.6 mean: 598.3378109452736
gen: 67 best: 526.6 mean: 599.1830845771144
gen: 68 best: 526.6 mean: 597.4149253731343
gen: 69 best: 526.6 mean: 598.4353233830846
gen: 70 best: 526.6 mean: 597.5616915422886
gen: 71 best: 526.6 mean: 595.9159203980099
gen: 72 best: 526.6 mean: 596.3477611940299
gen: 73 best: 526.6 mean: 596.2935323383084
gen: 74 best: 526.6 mean: 596.4701492537314
gen: 75 best: 526.6 mean: 594.9701492537314
gen: 76 best: 526.6 mean: 593.818407960199
gen: 77 best: 526.6 mean: 593.5283582089552
gen: 78 best: 526.6 mean: 592.0895522388059
gen: 79 best: 526.6 mean: 592.2746268656716
gen: 80 best: 526.6 mean: 591.247263681592
gen: 81 best: 526.6 mean: 592.1084577114428
gen: 82 best: 526.6 mean: 591.3925373134329
gen: 83 best: 526.6 mean: 592.1492537313433
gen: 84 best: 526.6 mean: 591.8422885572139
gen: 85 best: 526.6 mean: 591.0935323383085
gen: 86 best: 526.6 mean: 590.0771144278607
gen: 87 best: 526.6 mean: 591.3601990049751
gen: 88 best: 526.6 mean: 591.1119402985074
gen: 89 best: 526.6 mean: 591.4651741293533
gen: 90 best: 526.6 mean: 590.849751243781
gen >91, new best = 519.100
gen: 91 best: 519.1 mean: 589.6328358208955
gen: 92 best: 519.1 mean: 590.6149253731344
gen >93, new best = 509.800
gen: 93 best: 509.8 mean: 589.5174129353234
gen: 94 best: 509.8 mean: 588.6129353233831
gen: 95 best: 509.8 mean: 590.2288557213931
gen: 96 best: 509.8 mean: 590.1054726368159
gen: 97 best: 509.8 mean: 588.2417910447762
gen: 98 best: 509.8 mean: 589.1218905472637
gen: 99 best: 509.8 mean: 589.534328358209
[9, 10, 10, 9, 10, 9, 9, 10, 9, 11, 10, 11, 10, 10, 9, 9, 9, 10, 9, 9, 9, 10, 11, 10, 10, 12, 9, 10, 10, 10, 9, 10, 10, 9, 11, 10, 10, 9]
Test count of edges: 3242
cat
