Defaulting to user installation because normal site-packages is not writeable
Looking in links: /cvmfs/soft.computecanada.ca/custom/python/wheelhouse/gentoo/avx2, /cvmfs/soft.computecanada.ca/custom/python/wheelhouse/gentoo/generic, /cvmfs/soft.computecanada.ca/custom/python/wheelhouse/generic
Requirement already satisfied: graphviz in /home/js17sy/.local/lib/python3.10/site-packages (0.20)
446; python ga.py 26 1024N_graph26.dat 0.075 0.03 0.5 0.9 0.1 201 1024N_graph26laxgen3rem50_ 742586
/project/6008788/js17sy/reopenga/1024c/ga.py:291: DeprecationWarning: Sampling from a set deprecated
since Python 3.9 and will be removed in a subsequent version.
  child1 = set(random.sample(
gen >0, new best = 697.900
gen >0, new best = 690.700
gen >0, new best = 687.900
gen >0, new best = 681.200
gen >0, new best = 673.200
gen >0, new best = 664.200
gen >0, new best = 659.200
gen: 0 best: 659.2 mean: 687.7166666666667
gen: 1 best: 659.2 mean: 686.1119402985074
gen: 2 best: 659.2 mean: 685.2890547263681
gen >3, new best = 621.800
gen: 3 best: 621.8 mean: 685.4542288557213
gen: 4 best: 621.8 mean: 686.0293532338309
gen: 5 best: 621.8 mean: 685.9900497512438
gen >6, new best = 609.500
gen: 6 best: 609.5 mean: 684.0671641791045
gen: 7 best: 609.5 mean: 683.8457711442786
gen: 8 best: 609.5 mean: 682.9641791044776
gen: 9 best: 609.5 mean: 682.4606965174129
gen: 10 best: 609.5 mean: 682.2034825870646
gen: 11 best: 609.5 mean: 680.7288557213931
gen: 12 best: 609.5 mean: 681.4955223880597
gen: 13 best: 609.5 mean: 680.407960199005
gen: 14 best: 609.5 mean: 679.0492537313432
gen >15, new best = 608.300
gen: 15 best: 608.3 mean: 677.6029850746269
gen: 16 best: 608.3 mean: 677.6293532338309
gen: 17 best: 608.3 mean: 676.7875621890547
gen >18, new best = 606.100
gen: 18 best: 606.1 mean: 677.0338308457711
gen: 19 best: 606.1 mean: 675.0223880597015
gen >20, new best = 597.100
gen: 20 best: 597.1 mean: 675.152736318408
gen: 21 best: 597.1 mean: 673.9303482587064
gen: 22 best: 597.1 mean: 674.2711442786069
gen: 23 best: 597.1 mean: 672.2855721393034
gen: 24 best: 597.1 mean: 671.5840796019901
gen: 25 best: 597.1 mean: 672.4442786069652
gen: 26 best: 597.1 mean: 671.7492537313433
gen: 27 best: 597.1 mean: 670.2791044776119
gen: 28 best: 597.1 mean: 668.3199004975124
gen: 29 best: 597.1 mean: 668.063184079602
gen: 30 best: 597.1 mean: 667.1089552238806
gen: 31 best: 597.1 mean: 665.744776119403
gen: 32 best: 597.1 mean: 666.3796019900498
gen >33, new best = 592.900
gen: 33 best: 592.9 mean: 665.187064676617
gen: 34 best: 592.9 mean: 665.3726368159204
gen: 35 best: 592.9 mean: 664.702487562189
gen: 36 best: 592.9 mean: 664.6303482587065
gen: 37 best: 592.9 mean: 665.0935323383085
gen: 38 best: 592.9 mean: 662.1771144278607
gen: 39 best: 592.9 mean: 662.834328358209
gen: 40 best: 592.9 mean: 662.4845771144279
gen: 41 best: 592.9 mean: 661.687064676617
gen: 42 best: 592.9 mean: 661.5507462686567
gen: 43 best: 592.9 mean: 660.5547263681592
gen: 44 best: 592.9 mean: 659.0995024875622
gen: 45 best: 592.9 mean: 658.9283582089553
gen: 46 best: 592.9 mean: 657.7656716417911
gen: 47 best: 592.9 mean: 658.0452736318408
gen: 48 best: 592.9 mean: 657.7870646766169
gen: 49 best: 592.9 mean: 657.8741293532338
gen: 50 best: 592.9 mean: 656.3905472636816
gen: 51 best: 592.9 mean: 656.0124378109452
gen: 52 best: 592.9 mean: 655.3835820895522
gen: 53 best: 592.9 mean: 653.4298507462687
gen: 54 best: 592.9 mean: 654.9840796019901
gen: 55 best: 592.9 mean: 654.8109452736319
gen: 56 best: 592.9 mean: 655.252736318408
gen >57, new best = 568.100
gen: 57 best: 568.1 mean: 653.2248756218905
gen: 58 best: 568.1 mean: 653.5149253731344
gen: 59 best: 568.1 mean: 652.4671641791044
gen: 60 best: 568.1 mean: 651.9960199004975
gen: 61 best: 568.1 mean: 652.8094527363185
gen: 62 best: 568.1 mean: 651.3462686567165
gen: 63 best: 568.1 mean: 651.3945273631841
gen: 64 best: 568.1 mean: 651.5308457711443
gen: 65 best: 568.1 mean: 650.6308457711443
gen: 66 best: 568.1 mean: 650.8333333333334
gen: 67 best: 568.1 mean: 649.9786069651741
gen: 68 best: 568.1 mean: 649.2532338308457
gen: 69 best: 568.1 mean: 650.9796019900498
gen: 70 best: 568.1 mean: 648.8
gen: 71 best: 568.1 mean: 647.4676616915423
gen: 72 best: 568.1 mean: 647.6990049751244
gen: 73 best: 568.1 mean: 647.002487562189
gen: 74 best: 568.1 mean: 647.66815920398
gen: 75 best: 568.1 mean: 646.2731343283582
gen: 76 best: 568.1 mean: 647.0482587064677
gen: 77 best: 568.1 mean: 645.61592039801
gen: 78 best: 568.1 mean: 646.5308457711443
gen: 79 best: 568.1 mean: 646.9388059701492
gen: 80 best: 568.1 mean: 645.7308457711442
gen: 81 best: 568.1 mean: 644.8706467661691
gen: 82 best: 568.1 mean: 646.1154228855721
gen: 83 best: 568.1 mean: 645.8676616915423
gen: 84 best: 568.1 mean: 645.7985074626865
gen: 85 best: 568.1 mean: 644.2507462686567
gen: 86 best: 568.1 mean: 643.9761194029851
gen: 87 best: 568.1 mean: 644.9835820895522
gen: 88 best: 568.1 mean: 644.8457711442786
gen: 89 best: 568.1 mean: 643.2980099502488
gen: 90 best: 568.1 mean: 643.955223880597
gen: 91 best: 568.1 mean: 643.1542288557214
gen: 92 best: 568.1 mean: 643.1601990049751
gen: 93 best: 568.1 mean: 644.1328358208955
gen: 94 best: 568.1 mean: 642.1920398009951
gen: 95 best: 568.1 mean: 643.210447761194
gen: 96 best: 568.1 mean: 644.0527363184079
gen >97, new best = 564.500
gen: 97 best: 564.5 mean: 642.0527363184079
gen: 98 best: 564.5 mean: 642.7457711442786
gen: 99 best: 564.5 mean: 643.3378109452736
[8, 8, 9, 9, 9, 9, 8, 8, 8, 8, 8, 10, 8, 9, 9, 8, 9, 9, 9, 8, 9, 9, 8, 8, 9, 9, 9, 8, 9, 9, 8, 9, 11, 9, 8, 9, 9, 9, 9, 9]
Test count of edges: 3242
cat
