Defaulting to user installation because normal site-packages is not writeable
Looking in links: /cvmfs/soft.computecanada.ca/custom/python/wheelhouse/gentoo/avx2, /cvmfs/soft.computecanada.ca/custom/python/wheelhouse/gentoo/generic, /cvmfs/soft.computecanada.ca/custom/python/wheelhouse/generic
Requirement already satisfied: graphviz in /home/js17sy/.local/lib/python3.10/site-packages (0.20)
326; python ga.py 26 1024N_graph26.dat 0.05 0.02 0.7 0.7 0.3 201 1024N_graph26mediumgen2rem70_ 742586
/project/6008788/js17sy/reopenga/1024c/ga.py:291: DeprecationWarning: Sampling from a set deprecated
since Python 3.9 and will be removed in a subsequent version.
  child1 = set(random.sample(
gen >0, new best = 604.600
gen >0, new best = 600.300
gen >0, new best = 584.200
gen >0, new best = 583.000
gen >0, new best = 563.700
gen >0, new best = 534.800
gen: 0 best: 534.8 mean: 625.2497512437811
gen: 1 best: 534.8 mean: 622.4995024875622
gen: 2 best: 534.8 mean: 615.7134328358209
gen: 3 best: 534.8 mean: 610.31592039801
gen: 4 best: 534.8 mean: 605.0696517412936
gen >5, new best = 531.400
gen: 5 best: 531.4 mean: 602.1044776119403
gen: 6 best: 531.4 mean: 598.7855721393034
gen: 7 best: 531.4 mean: 595.7985074626865
gen: 8 best: 531.4 mean: 594.8049751243781
gen >9, new best = 503.100
gen: 9 best: 503.1 mean: 590.9194029850746
gen: 10 best: 503.1 mean: 589.2900497512438
gen: 11 best: 503.1 mean: 586.6328358208955
gen: 12 best: 503.1 mean: 582.263184079602
gen: 13 best: 503.1 mean: 582.957711442786
gen: 14 best: 503.1 mean: 576.5641791044776
gen: 15 best: 503.1 mean: 577.1402985074627
gen: 16 best: 503.1 mean: 572.4572139303483
gen: 17 best: 503.1 mean: 570.1373134328359
gen: 18 best: 503.1 mean: 566.7995024875622
gen: 19 best: 503.1 mean: 568.0223880597015
gen >20, new best = 499.600
gen >20, new best = 484.200
gen: 20 best: 484.2 mean: 567.5930348258706
gen: 21 best: 484.2 mean: 565.4258706467662
gen: 22 best: 484.2 mean: 559.5960199004975
gen: 23 best: 484.2 mean: 559.7611940298508
gen >24, new best = 483.100
gen: 24 best: 483.1 mean: 557.6691542288557
gen: 25 best: 483.1 mean: 557.4766169154229
gen: 26 best: 483.1 mean: 558.5731343283583
gen: 27 best: 483.1 mean: 554.9318407960199
gen: 28 best: 483.1 mean: 548.8467661691542
gen >29, new best = 478.400
gen: 29 best: 478.4 mean: 551.3119402985075
gen: 30 best: 478.4 mean: 550.4323383084577
gen >31, new best = 473.000
gen: 31 best: 473.0 mean: 548.0611940298508
gen: 32 best: 473.0 mean: 550.5154228855721
gen: 33 best: 473.0 mean: 544.9353233830846
gen: 34 best: 473.0 mean: 545.8298507462687
gen: 35 best: 473.0 mean: 541.9965174129353
gen: 36 best: 473.0 mean: 543.2189054726368
gen: 37 best: 473.0 mean: 542.1402985074627
gen: 38 best: 473.0 mean: 541.3890547263682
gen: 39 best: 473.0 mean: 538.7681592039801
gen: 40 best: 473.0 mean: 540.5208955223881
gen: 41 best: 473.0 mean: 538.7
gen: 42 best: 473.0 mean: 538.392039800995
gen >43, new best = 469.200
gen: 43 best: 469.2 mean: 536.0895522388059
gen: 44 best: 469.2 mean: 534.9129353233831
gen: 45 best: 469.2 mean: 537.0865671641791
gen: 46 best: 469.2 mean: 536.4805970149254
gen: 47 best: 469.2 mean: 531.8373134328358
gen: 48 best: 469.2 mean: 533.110447761194
gen: 49 best: 469.2 mean: 530.5786069651741
gen: 50 best: 469.2 mean: 530.4985074626866
gen: 51 best: 469.2 mean: 531.1477611940298
gen: 52 best: 469.2 mean: 530.2597014925373
gen: 53 best: 469.2 mean: 530.5741293532338
gen: 54 best: 469.2 mean: 532.0930348258706
gen: 55 best: 469.2 mean: 530.752736318408
gen: 56 best: 469.2 mean: 528.7771144278607
gen: 57 best: 469.2 mean: 530.7965174129354
gen: 58 best: 469.2 mean: 531.176119402985
gen: 59 best: 469.2 mean: 528.4592039800995
gen: 60 best: 469.2 mean: 529.1606965174129
gen: 61 best: 469.2 mean: 529.9786069651741
gen: 62 best: 469.2 mean: 528.1253731343284
gen: 63 best: 469.2 mean: 524.3910447761194
gen: 64 best: 469.2 mean: 522.5124378109452
gen: 65 best: 469.2 mean: 526.6477611940298
gen >66, new best = 463.100
gen: 66 best: 463.1 mean: 526.3398009950249
gen: 67 best: 463.1 mean: 524.4199004975125
gen: 68 best: 463.1 mean: 527.1487562189054
gen: 69 best: 463.1 mean: 522.810447761194
gen: 70 best: 463.1 mean: 523.1174129353234
gen: 71 best: 463.1 mean: 520.5348258706467
gen: 72 best: 463.1 mean: 521.494527363184
gen >73, new best = 451.000
gen: 73 best: 451.0 mean: 523.1542288557214
gen: 74 best: 451.0 mean: 523.7268656716418
gen: 75 best: 451.0 mean: 523.0646766169154
gen: 76 best: 451.0 mean: 521.347263681592
gen: 77 best: 451.0 mean: 521.8074626865672
gen: 78 best: 451.0 mean: 522.4776119402985
gen: 79 best: 451.0 mean: 521.434328358209
gen: 80 best: 451.0 mean: 520.2134328358209
gen: 81 best: 451.0 mean: 519.9611940298507
gen: 82 best: 451.0 mean: 520.5154228855721
gen: 83 best: 451.0 mean: 519.6308457711443
gen: 84 best: 451.0 mean: 522.1651741293532
gen: 85 best: 451.0 mean: 518.3726368159204
gen: 86 best: 451.0 mean: 519.3691542288557
gen: 87 best: 451.0 mean: 519.2029850746269
gen: 88 best: 451.0 mean: 520.8671641791045
gen: 89 best: 451.0 mean: 519.7363184079602
gen: 90 best: 451.0 mean: 517.0044776119403
gen: 91 best: 451.0 mean: 518.5203980099502
gen >92, new best = 436.900
gen: 92 best: 436.9 mean: 515.997512437811
gen: 93 best: 436.9 mean: 516.9726368159204
gen: 94 best: 436.9 mean: 518.0233830845771
gen: 95 best: 436.9 mean: 516.7577114427861
gen: 96 best: 436.9 mean: 517.171144278607
gen: 97 best: 436.9 mean: 517.0522388059702
gen: 98 best: 436.9 mean: 515.9432835820895
gen: 99 best: 436.9 mean: 518.2208955223881
[9, 8, 7, 8, 8, 8, 8, 9, 9, 9, 9, 8, 8, 7, 9, 8, 9, 8, 8, 8, 8, 8, 9, 10, 9, 8, 10, 8, 8, 9, 8, 8, 8, 8, 8, 8, 10, 8, 9, 10, 8, 10, 9]
Test count of edges: 1968
cat
