Defaulting to user installation because normal site-packages is not writeable
Looking in links: /cvmfs/soft.computecanada.ca/custom/python/wheelhouse/gentoo/avx2, /cvmfs/soft.computecanada.ca/custom/python/wheelhouse/gentoo/generic, /cvmfs/soft.computecanada.ca/custom/python/wheelhouse/generic
Requirement already satisfied: graphviz in /home/js17sy/.local/lib/python3.10/site-packages (0.20)
79; python ga.py 26 1024N_graph26.dat 0.025 0.01 0.5 0.9 0.1 201 1024N_graph26strictgen3rem50_ 542659
/project/6008788/js17sy/reopenga/1024c/ga.py:291: DeprecationWarning: Sampling from a set deprecated
since Python 3.9 and will be removed in a subsequent version.
  child1 = set(random.sample(
gen >0, new best = 638.000
gen >0, new best = 631.200
gen >0, new best = 590.600
gen: 0 best: 590.6 mean: 655.3758706467662
gen: 1 best: 590.6 mean: 654.357711442786
gen: 2 best: 590.6 mean: 653.0781094527363
gen: 3 best: 590.6 mean: 652.4358208955224
gen: 4 best: 590.6 mean: 651.5611940298508
gen: 5 best: 590.6 mean: 649.9179104477612
gen >6, new best = 583.700
gen: 6 best: 583.7 mean: 648.3164179104477
gen >7, new best = 583.400
gen: 7 best: 583.4 mean: 646.5935323383085
gen: 8 best: 583.4 mean: 643.9278606965174
gen: 9 best: 583.4 mean: 642.8582089552239
gen: 10 best: 583.4 mean: 643.1990049751244
gen >11, new best = 580.500
gen: 11 best: 580.5 mean: 641.797512437811
gen: 12 best: 580.5 mean: 641.1258706467662
gen >13, new best = 575.900
gen: 13 best: 575.9 mean: 641.139303482587
gen: 14 best: 575.9 mean: 640.4243781094527
gen >15, new best = 570.100
gen: 15 best: 570.1 mean: 637.5965174129353
gen: 16 best: 570.1 mean: 638.4417910447761
gen: 17 best: 570.1 mean: 635.7477611940299
gen: 18 best: 570.1 mean: 635.4353233830846
gen: 19 best: 570.1 mean: 634.7417910447762
gen: 20 best: 570.1 mean: 634.2990049751244
gen >21, new best = 561.800
gen: 21 best: 561.8 mean: 632.665671641791
gen: 22 best: 561.8 mean: 633.4407960199005
gen: 23 best: 561.8 mean: 632.5273631840796
gen: 24 best: 561.8 mean: 632.7383084577115
gen >25, new best = 558.700
gen: 25 best: 558.7 mean: 631.9462686567164
gen: 26 best: 558.7 mean: 629.5218905472636
gen: 27 best: 558.7 mean: 627.7189054726368
gen: 28 best: 558.7 mean: 628.3119402985075
gen: 29 best: 558.7 mean: 627.6542288557214
gen: 30 best: 558.7 mean: 626.6975124378109
gen: 31 best: 558.7 mean: 626.1034825870647
gen: 32 best: 558.7 mean: 624.1810945273631
gen: 33 best: 558.7 mean: 625.1467661691543
gen: 34 best: 558.7 mean: 623.1786069651741
gen: 35 best: 558.7 mean: 622.4228855721393
gen: 36 best: 558.7 mean: 621.0681592039801
gen: 37 best: 558.7 mean: 618.7054726368159
gen: 38 best: 558.7 mean: 619.247263681592
gen: 39 best: 558.7 mean: 617.9572139303483
gen: 40 best: 558.7 mean: 618.4527363184079
gen: 41 best: 558.7 mean: 617.3154228855722
gen: 42 best: 558.7 mean: 616.6751243781094
gen >43, new best = 552.100
gen: 43 best: 552.1 mean: 615.6955223880597
gen: 44 best: 552.1 mean: 615.6487562189055
gen: 45 best: 552.1 mean: 615.4248756218906
gen: 46 best: 552.1 mean: 614.0517412935324
gen: 47 best: 552.1 mean: 613.0452736318408
gen: 48 best: 552.1 mean: 613.0049751243781
gen: 49 best: 552.1 mean: 613.6601990049751
gen: 50 best: 552.1 mean: 612.7741293532338
gen >51, new best = 547.400
gen: 51 best: 547.4 mean: 609.8223880597014
gen: 52 best: 547.4 mean: 608.9537313432836
gen >53, new best = 527.900
gen: 53 best: 527.9 mean: 609.5452736318408
gen: 54 best: 527.9 mean: 608.8452736318408
gen: 55 best: 527.9 mean: 608.1442786069651
gen: 56 best: 527.9 mean: 607.2328358208955
gen: 57 best: 527.9 mean: 607.9900497512438
gen: 58 best: 527.9 mean: 605.6786069651741
gen: 59 best: 527.9 mean: 606.3243781094527
gen: 60 best: 527.9 mean: 603.5303482587065
gen: 61 best: 527.9 mean: 604.6547263681592
gen: 62 best: 527.9 mean: 604.3323383084577
gen: 63 best: 527.9 mean: 603.3029850746269
gen: 64 best: 527.9 mean: 603.2487562189054
gen: 65 best: 527.9 mean: 602.7825870646766
gen: 66 best: 527.9 mean: 602.9696517412935
gen: 67 best: 527.9 mean: 602.5835820895522
gen: 68 best: 527.9 mean: 599.5701492537313
gen: 69 best: 527.9 mean: 600.4174129353233
gen: 70 best: 527.9 mean: 600.4348258706468
gen: 71 best: 527.9 mean: 600.868656716418
gen: 72 best: 527.9 mean: 599.7412935323383
gen: 73 best: 527.9 mean: 599.8154228855722
gen: 74 best: 527.9 mean: 598.6243781094528
gen: 75 best: 527.9 mean: 597.9701492537314
gen >76, new best = 521.200
gen: 76 best: 521.2 mean: 598.1497512437811
gen: 77 best: 521.2 mean: 598.6034825870647
gen: 78 best: 521.2 mean: 598.2935323383084
gen: 79 best: 521.2 mean: 596.9960199004976
gen: 80 best: 521.2 mean: 596.297512437811
gen: 81 best: 521.2 mean: 594.3094527363185
gen: 82 best: 521.2 mean: 595.0303482587065
gen: 83 best: 521.2 mean: 594.3726368159204
gen: 84 best: 521.2 mean: 594.9865671641791
gen: 85 best: 521.2 mean: 594.9487562189055
gen: 86 best: 521.2 mean: 591.0144278606965
gen: 87 best: 521.2 mean: 591.5388059701493
gen: 88 best: 521.2 mean: 591.8338308457711
gen: 89 best: 521.2 mean: 591.7756218905473
gen: 90 best: 521.2 mean: 591.9646766169154
gen: 91 best: 521.2 mean: 591.8034825870647
gen: 92 best: 521.2 mean: 592.1144278606965
gen: 93 best: 521.2 mean: 591.2562189054727
gen: 94 best: 521.2 mean: 589.0905472636816
gen: 95 best: 521.2 mean: 590.5159203980099
gen: 96 best: 521.2 mean: 589.4940298507463
gen: 97 best: 521.2 mean: 589.3044776119403
gen: 98 best: 521.2 mean: 587.5009950248756
gen: 99 best: 521.2 mean: 588.144776119403
[11, 9, 10, 9, 10, 10, 10, 10, 9, 11, 10, 10, 9, 10, 10, 9, 10, 10, 10, 10, 10, 11, 10, 11, 10, 11, 9, 10, 11, 10, 10, 10, 10, 11, 12, 10, 11, 10, 10, 10, 10, 10, 12]
Test count of edges: 3241
cat
