Defaulting to user installation because normal site-packages is not writeable
Looking in links: /cvmfs/soft.computecanada.ca/custom/python/wheelhouse/gentoo/avx2, /cvmfs/soft.computecanada.ca/custom/python/wheelhouse/gentoo/generic, /cvmfs/soft.computecanada.ca/custom/python/wheelhouse/generic
Requirement already satisfied: graphviz in /home/js17sy/.local/lib/python3.10/site-packages (0.20)
581; python ga.py 26 1024N_graph26.dat 0.1 0.04 0.5 0.7 0.3 201 1024N_graph26leerygen2rem50_ 314171
/project/6008788/js17sy/reopenga/1024c/ga.py:291: DeprecationWarning: Sampling from a set deprecated
since Python 3.9 and will be removed in a subsequent version.
  child1 = set(random.sample(
gen >0, new best = 723.300
gen >0, new best = 717.200
gen >0, new best = 688.800
gen: 0 best: 688.8 mean: 714.7201492537314
gen >1, new best = 683.100
gen: 1 best: 683.1 mean: 715.3661691542288
gen: 2 best: 683.1 mean: 715.7965174129354
gen >3, new best = 679.700
gen >3, new best = 660.300
gen: 3 best: 660.3 mean: 712.7776119402985
gen: 4 best: 660.3 mean: 712.0477611940298
gen: 5 best: 660.3 mean: 713.6253731343284
gen: 6 best: 660.3 mean: 711.5796019900497
gen >7, new best = 648.900
gen: 7 best: 648.9 mean: 710.2522388059701
gen: 8 best: 648.9 mean: 710.8582089552239
gen: 9 best: 648.9 mean: 710.5880597014925
gen: 10 best: 648.9 mean: 708.2751243781095
gen: 11 best: 648.9 mean: 710.755223880597
gen: 12 best: 648.9 mean: 708.5696517412936
gen: 13 best: 648.9 mean: 708.2810945273632
gen >14, new best = 647.000
gen >14, new best = 643.100
gen: 14 best: 643.1 mean: 707.273631840796
gen: 15 best: 643.1 mean: 706.907960199005
gen: 16 best: 643.1 mean: 706.4791044776119
gen: 17 best: 643.1 mean: 705.8587064676617
gen: 18 best: 643.1 mean: 704.4338308457711
gen: 19 best: 643.1 mean: 703.4771144278607
gen: 20 best: 643.1 mean: 703.8990049751244
gen >21, new best = 628.500
gen: 21 best: 628.5 mean: 703.2363184079602
gen >22, new best = 622.200
gen: 22 best: 622.2 mean: 703.0044776119403
gen: 23 best: 622.2 mean: 702.4681592039801
gen: 24 best: 622.2 mean: 702.8532338308457
gen: 25 best: 622.2 mean: 702.2810945273632
gen: 26 best: 622.2 mean: 702.5636815920398
gen: 27 best: 622.2 mean: 701.0990049751243
gen: 28 best: 622.2 mean: 700.0890547263682
gen: 29 best: 622.2 mean: 701.8701492537314
gen: 30 best: 622.2 mean: 700.9592039800995
gen: 31 best: 622.2 mean: 699.9099502487562
gen: 32 best: 622.2 mean: 699.2880597014926
gen: 33 best: 622.2 mean: 698.1875621890547
gen: 34 best: 622.2 mean: 698.8442786069652
gen: 35 best: 622.2 mean: 699.042288557214
gen: 36 best: 622.2 mean: 698.9597014925373
gen: 37 best: 622.2 mean: 698.1308457711443
gen: 38 best: 622.2 mean: 698.473631840796
gen: 39 best: 622.2 mean: 698.6233830845771
gen: 40 best: 622.2 mean: 698.8213930348259
gen: 41 best: 622.2 mean: 696.9925373134329
gen: 42 best: 622.2 mean: 696.4363184079602
gen: 43 best: 622.2 mean: 695.5189054726368
gen: 44 best: 622.2 mean: 695.11592039801
gen: 45 best: 622.2 mean: 696.3487562189055
gen: 46 best: 622.2 mean: 695.9696517412935
gen: 47 best: 622.2 mean: 696.0985074626866
gen >48, new best = 611.900
gen: 48 best: 611.9 mean: 694.6253731343284
gen: 49 best: 611.9 mean: 694.644776119403
gen: 50 best: 611.9 mean: 694.0298507462686
gen >51, new best = 609.400
gen: 51 best: 609.4 mean: 693.8955223880597
gen: 52 best: 609.4 mean: 694.3960199004975
gen: 53 best: 609.4 mean: 693.5298507462686
gen: 54 best: 609.4 mean: 693.3771144278606
gen: 55 best: 609.4 mean: 694.2716417910448
gen: 56 best: 609.4 mean: 693.6980099502488
gen: 57 best: 609.4 mean: 692.4805970149254
gen: 58 best: 609.4 mean: 692.755223880597
gen: 59 best: 609.4 mean: 692.6930348258707
gen: 60 best: 609.4 mean: 692.2721393034826
gen: 61 best: 609.4 mean: 692.6606965174129
gen: 62 best: 609.4 mean: 690.8885572139303
gen: 63 best: 609.4 mean: 692.8353233830845
gen: 64 best: 609.4 mean: 690.9905472636816
gen: 65 best: 609.4 mean: 689.5805970149254
gen: 66 best: 609.4 mean: 690.8119402985075
gen: 67 best: 609.4 mean: 690.0676616915423
gen: 68 best: 609.4 mean: 689.3492537313433
gen: 69 best: 609.4 mean: 688.9293532338309
gen: 70 best: 609.4 mean: 690.2268656716418
gen: 71 best: 609.4 mean: 689.1293532338309
gen: 72 best: 609.4 mean: 690.8417910447761
gen: 73 best: 609.4 mean: 689.5905472636816
gen: 74 best: 609.4 mean: 689.710447761194
gen: 75 best: 609.4 mean: 689.8
gen: 76 best: 609.4 mean: 687.8213930348259
gen: 77 best: 609.4 mean: 688.4109452736318
gen >78, new best = 604.300
gen >78, new best = 598.500
gen: 78 best: 598.5 mean: 687.9029850746268
gen: 79 best: 598.5 mean: 688.2228855721393
gen: 80 best: 598.5 mean: 687.7
gen: 81 best: 598.5 mean: 687.7189054726368
gen: 82 best: 598.5 mean: 686.8283582089553
gen: 83 best: 598.5 mean: 687.1164179104478
gen: 84 best: 598.5 mean: 686.3547263681592
gen: 85 best: 598.5 mean: 687.7636815920398
gen: 86 best: 598.5 mean: 687.5134328358209
gen: 87 best: 598.5 mean: 687.5800995024875
gen: 88 best: 598.5 mean: 686.3427860696518
gen: 89 best: 598.5 mean: 686.66815920398
gen: 90 best: 598.5 mean: 686.8985074626866
gen: 91 best: 598.5 mean: 684.7288557213931
gen: 92 best: 598.5 mean: 687.1611940298508
gen: 93 best: 598.5 mean: 685.3412935323383
gen: 94 best: 598.5 mean: 685.8243781094527
gen: 95 best: 598.5 mean: 686.2776119402985
gen: 96 best: 598.5 mean: 685.6487562189054
gen: 97 best: 598.5 mean: 686.5412935323383
gen: 98 best: 598.5 mean: 685.507960199005
gen: 99 best: 598.5 mean: 685.3179104477612
[7, 7, 8, 10, 8, 8, 8, 7, 10, 8, 8, 9, 8, 7, 9, 8, 8, 7, 9, 8, 8, 8, 9, 9, 9, 8, 9, 9, 8, 9, 10, 8, 9, 8, 7, 9, 8, 9, 8, 8, 9]
Test count of edges: 3251
cat
