Defaulting to user installation because normal site-packages is not writeable
Looking in links: /cvmfs/soft.computecanada.ca/custom/python/wheelhouse/gentoo/avx2, /cvmfs/soft.computecanada.ca/custom/python/wheelhouse/gentoo/generic, /cvmfs/soft.computecanada.ca/custom/python/wheelhouse/generic
Requirement already satisfied: graphviz in /home/js17sy/.local/lib/python3.10/site-packages (0.20)
338; python ga.py 26 1024N_graph26.dat 0.05 0.02 0.7 0.9 0.1 201 1024N_graph26mediumgen3rem70_ 228488
/project/6008788/js17sy/reopenga/1024c/ga.py:291: DeprecationWarning: Sampling from a set deprecated
since Python 3.9 and will be removed in a subsequent version.
  child1 = set(random.sample(
gen >0, new best = 615.400
gen >0, new best = 584.200
gen >0, new best = 569.500
gen >0, new best = 565.900
gen >0, new best = 564.400
gen: 0 best: 564.4 mean: 628.0773631840796
gen >1, new best = 534.900
gen: 1 best: 534.9 mean: 625.3621890547264
gen: 2 best: 534.9 mean: 614.2915422885573
gen >3, new best = 533.300
gen: 3 best: 533.3 mean: 610.8199004975124
gen: 4 best: 533.3 mean: 605.818407960199
gen: 5 best: 533.3 mean: 603.1716417910447
gen: 6 best: 533.3 mean: 597.8378109452736
gen >7, new best = 519.700
gen: 7 best: 519.7 mean: 595.0910447761194
gen: 8 best: 519.7 mean: 594.7905472636816
gen: 9 best: 519.7 mean: 588.9646766169154
gen: 10 best: 519.7 mean: 588.8880597014926
gen >11, new best = 517.200
gen >11, new best = 514.500
gen: 11 best: 514.5 mean: 584.4716417910448
gen: 12 best: 514.5 mean: 578.1830845771144
gen: 13 best: 514.5 mean: 578.7313432835821
gen >14, new best = 501.300
gen: 14 best: 501.3 mean: 575.6940298507462
gen >15, new best = 481.800
gen: 15 best: 481.8 mean: 571.7835820895523
gen: 16 best: 481.8 mean: 566.2074626865672
gen: 17 best: 481.8 mean: 565.9950248756219
gen: 18 best: 481.8 mean: 560.9970149253732
gen: 19 best: 481.8 mean: 559.7845771144279
gen: 20 best: 481.8 mean: 559.2537313432836
gen: 21 best: 481.8 mean: 560.0223880597015
gen: 22 best: 481.8 mean: 557.5363184079602
gen: 23 best: 481.8 mean: 557.3726368159204
gen: 24 best: 481.8 mean: 553.6542288557214
gen: 25 best: 481.8 mean: 550.9970149253732
gen >26, new best = 480.500
gen: 26 best: 480.5 mean: 549.9990049751244
gen: 27 best: 480.5 mean: 547.3601990049751
gen: 28 best: 480.5 mean: 549.0353233830846
gen: 29 best: 480.5 mean: 546.7616915422885
gen: 30 best: 480.5 mean: 546.7154228855721
gen: 31 best: 480.5 mean: 544.6034825870647
gen >32, new best = 476.200
gen: 32 best: 476.2 mean: 544.3094527363185
gen: 33 best: 476.2 mean: 542.8218905472637
gen: 34 best: 476.2 mean: 540.7407960199005
gen: 35 best: 476.2 mean: 542.1492537313433
gen: 36 best: 476.2 mean: 539.5189054726368
gen: 37 best: 476.2 mean: 539.8646766169154
gen: 38 best: 476.2 mean: 538.1477611940298
gen: 39 best: 476.2 mean: 536.5611940298508
gen: 40 best: 476.2 mean: 536.2452736318407
gen: 41 best: 476.2 mean: 535.1507462686567
gen: 42 best: 476.2 mean: 533.9895522388059
gen: 43 best: 476.2 mean: 530.0756218905473
gen >44, new best = 470.800
gen: 44 best: 470.8 mean: 529.4194029850746
gen: 45 best: 470.8 mean: 526.6756218905473
gen: 46 best: 470.8 mean: 528.689552238806
gen: 47 best: 470.8 mean: 526.773631840796
gen: 48 best: 470.8 mean: 527.9029850746268
gen: 49 best: 470.8 mean: 528.0970149253732
gen >50, new best = 452.100
gen: 50 best: 452.1 mean: 526.1223880597015
gen: 51 best: 452.1 mean: 528.7945273631841
gen: 52 best: 452.1 mean: 526.8875621890547
gen: 53 best: 452.1 mean: 527.0716417910447
gen: 54 best: 452.1 mean: 526.5402985074627
gen: 55 best: 452.1 mean: 525.6845771144278
gen: 56 best: 452.1 mean: 523.2890547263681
gen: 57 best: 452.1 mean: 523.2616915422885
gen: 58 best: 452.1 mean: 521.6139303482587
gen: 59 best: 452.1 mean: 522.2626865671642
gen: 60 best: 452.1 mean: 522.189552238806
gen: 61 best: 452.1 mean: 522.3940298507463
gen: 62 best: 452.1 mean: 520.9850746268656
gen: 63 best: 452.1 mean: 522.8432835820895
gen >64, new best = 444.000
gen: 64 best: 444.0 mean: 520.4482587064676
gen: 65 best: 444.0 mean: 519.5203980099502
gen: 66 best: 444.0 mean: 519.8955223880597
gen: 67 best: 444.0 mean: 518.1258706467662
gen: 68 best: 444.0 mean: 517.4114427860696
gen: 69 best: 444.0 mean: 520.9597014925373
gen: 70 best: 444.0 mean: 517.7562189054727
gen: 71 best: 444.0 mean: 520.8243781094527
gen: 72 best: 444.0 mean: 518.6009950248756
gen: 73 best: 444.0 mean: 519.726368159204
gen: 74 best: 444.0 mean: 519.5592039800995
gen: 75 best: 444.0 mean: 517.4671641791044
gen: 76 best: 444.0 mean: 517.5134328358209
gen: 77 best: 444.0 mean: 515.4129353233831
gen: 78 best: 444.0 mean: 515.2164179104477
gen: 79 best: 444.0 mean: 516.534328358209
gen: 80 best: 444.0 mean: 515.2228855721393
gen: 81 best: 444.0 mean: 514.7940298507463
gen: 82 best: 444.0 mean: 515.8
gen: 83 best: 444.0 mean: 511.2965174129353
gen: 84 best: 444.0 mean: 513.4756218905472
gen: 85 best: 444.0 mean: 517.2601990049751
gen: 86 best: 444.0 mean: 516.818407960199
gen: 87 best: 444.0 mean: 516.5009950248756
gen: 88 best: 444.0 mean: 514.3945273631841
gen: 89 best: 444.0 mean: 515.0721393034826
gen: 90 best: 444.0 mean: 516.0099502487562
gen: 91 best: 444.0 mean: 514.0830845771144
gen: 92 best: 444.0 mean: 513.2223880597015
gen: 93 best: 444.0 mean: 516.4218905472637
gen: 94 best: 444.0 mean: 512.6432835820896
gen: 95 best: 444.0 mean: 514.2174129353234
gen: 96 best: 444.0 mean: 514.295024875622
gen: 97 best: 444.0 mean: 512.6278606965174
gen: 98 best: 444.0 mean: 515.179104477612
gen: 99 best: 444.0 mean: 510.771144278607
[8, 9, 8, 9, 7, 8, 9, 9, 9, 9, 8, 9, 7, 8, 7, 9, 10, 9, 8, 9, 8, 8, 8, 8, 7, 8, 8, 8, 8, 9, 9, 7, 8, 8, 9, 8, 9, 9, 8]
Test count of edges: 1946
cat
