Defaulting to user installation because normal site-packages is not writeable
Looking in links: /cvmfs/soft.computecanada.ca/custom/python/wheelhouse/gentoo/avx2, /cvmfs/soft.computecanada.ca/custom/python/wheelhouse/gentoo/generic, /cvmfs/soft.computecanada.ca/custom/python/wheelhouse/generic
Requirement already satisfied: graphviz in /home/js17sy/.local/lib/python3.10/site-packages (0.20)
649; python ga.py 26 1024N_graph26.dat 0.1 0.04 0.7 0.5 0.5 201 1024N_graph26leerygen1rem70_ 542659
/project/6008788/js17sy/reopenga/1024c/ga.py:291: DeprecationWarning: Sampling from a set deprecated
since Python 3.9 and will be removed in a subsequent version.
  child1 = set(random.sample(
gen >0, new best = 672.900
gen >0, new best = 670.700
gen >0, new best = 660.900
gen >0, new best = 658.500
gen >0, new best = 652.400
gen >0, new best = 646.900
gen >0, new best = 646.500
gen >0, new best = 619.000
gen >0, new best = 614.200
gen >0, new best = 606.900
gen: 0 best: 606.9 mean: 661.1462686567164
gen: 1 best: 606.9 mean: 657.187064676617
gen >2, new best = 600.700
gen >2, new best = 569.400
gen: 2 best: 569.4 mean: 654.3995024875621
gen: 3 best: 569.4 mean: 652.2189054726368
gen: 4 best: 569.4 mean: 650.4985074626866
gen: 5 best: 569.4 mean: 647.9830845771145
gen: 6 best: 569.4 mean: 645.8049751243781
gen: 7 best: 569.4 mean: 645.3716417910448
gen: 8 best: 569.4 mean: 644.2522388059701
gen: 9 best: 569.4 mean: 645.2661691542288
gen: 10 best: 569.4 mean: 644.7756218905473
gen: 11 best: 569.4 mean: 642.3587064676617
gen: 12 best: 569.4 mean: 644.3054726368159
gen: 13 best: 569.4 mean: 641.2696517412935
gen: 14 best: 569.4 mean: 640.6069651741293
gen: 15 best: 569.4 mean: 638.1
gen: 16 best: 569.4 mean: 639.4786069651741
gen: 17 best: 569.4 mean: 638.7179104477611
gen: 18 best: 569.4 mean: 637.834328358209
gen: 19 best: 569.4 mean: 636.4203980099503
gen >20, new best = 567.400
gen: 20 best: 567.4 mean: 635.2378109452736
gen: 21 best: 567.4 mean: 632.9651741293533
gen: 22 best: 567.4 mean: 633.110447761194
gen >23, new best = 522.500
gen: 23 best: 522.5 mean: 631.2756218905473
gen: 24 best: 522.5 mean: 628.671144278607
gen: 25 best: 522.5 mean: 630.2850746268657
gen: 26 best: 522.5 mean: 628.3353233830845
gen: 27 best: 522.5 mean: 628.0009950248756
gen: 28 best: 522.5 mean: 626.3616915422886
gen: 29 best: 522.5 mean: 627.1009950248756
gen: 30 best: 522.5 mean: 626.7144278606966
gen: 31 best: 522.5 mean: 624.9313432835821
gen: 32 best: 522.5 mean: 624.3417910447761
gen: 33 best: 522.5 mean: 627.2910447761194
gen: 34 best: 522.5 mean: 627.2616915422885
gen: 35 best: 522.5 mean: 624.9850746268656
gen: 36 best: 522.5 mean: 625.2054726368159
gen: 37 best: 522.5 mean: 624.6756218905473
gen: 38 best: 522.5 mean: 623.4407960199005
gen: 39 best: 522.5 mean: 623.0323383084577
gen: 40 best: 522.5 mean: 622.2855721393034
gen: 41 best: 522.5 mean: 619.4880597014925
gen: 42 best: 522.5 mean: 618.1134328358208
gen: 43 best: 522.5 mean: 620.7343283582089
gen: 44 best: 522.5 mean: 619.4338308457711
gen: 45 best: 522.5 mean: 618.4845771144279
gen: 46 best: 522.5 mean: 618.2502487562189
gen: 47 best: 522.5 mean: 617.2885572139303
gen: 48 best: 522.5 mean: 616.8870646766169
gen: 49 best: 522.5 mean: 618.1417910447761
gen: 50 best: 522.5 mean: 617.3074626865672
gen: 51 best: 522.5 mean: 616.2681592039801
gen: 52 best: 522.5 mean: 615.352736318408
gen: 53 best: 522.5 mean: 615.1572139303482
gen: 54 best: 522.5 mean: 614.652736318408
gen: 55 best: 522.5 mean: 614.1467661691543
gen: 56 best: 522.5 mean: 614.5154228855721
gen: 57 best: 522.5 mean: 614.7402985074627
gen: 58 best: 522.5 mean: 615.6522388059701
gen: 59 best: 522.5 mean: 613.7283582089552
gen: 60 best: 522.5 mean: 613.4601990049752
gen: 61 best: 522.5 mean: 614.3930348258707
gen: 62 best: 522.5 mean: 612.6517412935324
gen: 63 best: 522.5 mean: 615.6835820895523
gen: 64 best: 522.5 mean: 610.2810945273632
gen: 65 best: 522.5 mean: 612.1134328358208
gen: 66 best: 522.5 mean: 612.4298507462687
gen: 67 best: 522.5 mean: 611.4452736318408
gen: 68 best: 522.5 mean: 610.6109452736318
gen: 69 best: 522.5 mean: 612.4651741293533
gen: 70 best: 522.5 mean: 612.9248756218906
gen: 71 best: 522.5 mean: 611.7616915422885
gen: 72 best: 522.5 mean: 608.8716417910448
gen: 73 best: 522.5 mean: 611.368656716418
gen: 74 best: 522.5 mean: 611.9333333333333
gen: 75 best: 522.5 mean: 611.5830845771144
gen: 76 best: 522.5 mean: 608.0452736318408
gen: 77 best: 522.5 mean: 608.6497512437811
gen: 78 best: 522.5 mean: 609.4258706467662
gen: 79 best: 522.5 mean: 607.181592039801
gen: 80 best: 522.5 mean: 609.9179104477612
gen: 81 best: 522.5 mean: 609.2756218905473
gen: 82 best: 522.5 mean: 606.8915422885572
gen: 83 best: 522.5 mean: 610.2830845771144
gen: 84 best: 522.5 mean: 610.4835820895522
gen: 85 best: 522.5 mean: 609.3771144278606
gen: 86 best: 522.5 mean: 608.7716417910448
gen: 87 best: 522.5 mean: 608.9432835820895
gen: 88 best: 522.5 mean: 605.5925373134328
gen: 89 best: 522.5 mean: 606.792039800995
gen: 90 best: 522.5 mean: 607.179104477612
gen: 91 best: 522.5 mean: 607.0363184079602
gen: 92 best: 522.5 mean: 607.4995024875622
gen: 93 best: 522.5 mean: 606.6228855721394
gen: 94 best: 522.5 mean: 607.5835820895522
gen: 95 best: 522.5 mean: 609.4985074626866
gen: 96 best: 522.5 mean: 607.9865671641791
gen: 97 best: 522.5 mean: 606.4686567164179
gen: 98 best: 522.5 mean: 606.7383084577115
gen: 99 best: 522.5 mean: 604.5726368159204
[7, 8, 7, 7, 8, 7, 8, 7, 7, 7, 8, 8, 7, 8, 6, 7, 8, 7, 8, 7, 8, 7, 6, 8, 7, 7, 7, 7, 8, 7, 7, 7, 7, 9, 7, 7, 7, 7, 7, 7, 8, 7]
Test count of edges: 1949
cat
