Defaulting to user installation because normal site-packages is not writeable
Looking in links: /cvmfs/soft.computecanada.ca/custom/python/wheelhouse/gentoo/avx2, /cvmfs/soft.computecanada.ca/custom/python/wheelhouse/gentoo/generic, /cvmfs/soft.computecanada.ca/custom/python/wheelhouse/generic
Requirement already satisfied: graphviz in /home/js17sy/.local/lib/python3.10/site-packages (0.20)
493; python ga.py 26 1024N_graph26.dat 0.075 0.03 0.7 0.7 0.3 201 1024N_graph26laxgen2rem70_ 371293
/project/6008788/js17sy/reopenga/1024c/ga.py:291: DeprecationWarning: Sampling from a set deprecated
since Python 3.9 and will be removed in a subsequent version.
  child1 = set(random.sample(
gen >0, new best = 630.800
gen >0, new best = 630.600
gen >0, new best = 614.400
gen >0, new best = 603.900
gen >0, new best = 593.500
gen: 0 best: 593.5 mean: 651.5838308457711
gen >1, new best = 592.100
gen >1, new best = 580.000
gen >1, new best = 551.500
gen: 1 best: 551.5 mean: 644.8457711442786
gen: 2 best: 551.5 mean: 641.0407960199005
gen: 3 best: 551.5 mean: 638.6467661691543
gen: 4 best: 551.5 mean: 635.5636815920398
gen: 5 best: 551.5 mean: 635.3029850746269
gen: 6 best: 551.5 mean: 633.8228855721393
gen: 7 best: 551.5 mean: 629.6318407960199
gen: 8 best: 551.5 mean: 625.5950248756219
gen: 9 best: 551.5 mean: 620.5497512437811
gen: 10 best: 551.5 mean: 618.9691542288557
gen >11, new best = 542.900
gen: 11 best: 542.9 mean: 613.1840796019901
gen >12, new best = 532.600
gen: 12 best: 532.6 mean: 610.7845771144279
gen: 13 best: 532.6 mean: 607.4696517412935
gen: 14 best: 532.6 mean: 606.0626865671642
gen: 15 best: 532.6 mean: 603.9298507462687
gen >16, new best = 522.200
gen: 16 best: 522.2 mean: 603.9432835820895
gen: 17 best: 522.2 mean: 602.9004975124378
gen: 18 best: 522.2 mean: 598.2845771144279
gen: 19 best: 522.2 mean: 599.236815920398
gen: 20 best: 522.2 mean: 599.3024875621891
gen: 21 best: 522.2 mean: 597.3179104477612
gen: 22 best: 522.2 mean: 595.5457711442785
gen: 23 best: 522.2 mean: 594.0169154228855
gen: 24 best: 522.2 mean: 593.8671641791045
gen: 25 best: 522.2 mean: 595.5194029850746
gen: 26 best: 522.2 mean: 591.4064676616915
gen: 27 best: 522.2 mean: 592.2378109452736
gen: 28 best: 522.2 mean: 589.2457711442786
gen: 29 best: 522.2 mean: 588.9029850746268
gen >30, new best = 521.900
gen: 30 best: 521.9 mean: 584.4467661691542
gen >31, new best = 512.800
gen: 31 best: 512.8 mean: 585.0412935323383
gen: 32 best: 512.8 mean: 585.1268656716418
gen: 33 best: 512.8 mean: 584.9243781094527
gen: 34 best: 512.8 mean: 584.2601990049751
gen: 35 best: 512.8 mean: 583.0442786069651
gen: 36 best: 512.8 mean: 583.0174129353234
gen: 37 best: 512.8 mean: 579.9885572139303
gen: 38 best: 512.8 mean: 579.5547263681592
gen: 39 best: 512.8 mean: 579.3855721393035
gen: 40 best: 512.8 mean: 576.2691542288558
gen: 41 best: 512.8 mean: 577.9855721393035
gen: 42 best: 512.8 mean: 575.3661691542288
gen: 43 best: 512.8 mean: 574.8905472636816
gen: 44 best: 512.8 mean: 573.6308457711443
gen: 45 best: 512.8 mean: 573.4651741293533
gen: 46 best: 512.8 mean: 573.9965174129353
gen: 47 best: 512.8 mean: 571.707960199005
gen: 48 best: 512.8 mean: 572.1960199004975
gen >49, new best = 502.800
gen: 49 best: 502.8 mean: 570.21592039801
gen: 50 best: 502.8 mean: 568.6129353233831
gen >51, new best = 502.600
gen >51, new best = 492.400
gen: 51 best: 492.4 mean: 567.6129353233831
gen: 52 best: 492.4 mean: 568.83184079602
gen: 53 best: 492.4 mean: 568.3298507462687
gen: 54 best: 492.4 mean: 567.2970149253731
gen: 55 best: 492.4 mean: 568.2129353233831
gen: 56 best: 492.4 mean: 563.4666666666667
gen: 57 best: 492.4 mean: 566.0706467661691
gen: 58 best: 492.4 mean: 566.4592039800995
gen: 59 best: 492.4 mean: 565.5537313432836
gen: 60 best: 492.4 mean: 564.7313432835821
gen: 61 best: 492.4 mean: 565.1308457711443
gen: 62 best: 492.4 mean: 565.2373134328358
gen: 63 best: 492.4 mean: 564.7656716417911
gen: 64 best: 492.4 mean: 566.2646766169154
gen: 65 best: 492.4 mean: 562.2194029850747
gen: 66 best: 492.4 mean: 560.7870646766169
gen: 67 best: 492.4 mean: 562.4004975124378
gen: 68 best: 492.4 mean: 563.6328358208955
gen: 69 best: 492.4 mean: 562.5537313432836
gen: 70 best: 492.4 mean: 562.071144278607
gen: 71 best: 492.4 mean: 561.150248756219
gen: 72 best: 492.4 mean: 560.7398009950249
gen: 73 best: 492.4 mean: 563.036815920398
gen: 74 best: 492.4 mean: 560.6492537313433
gen: 75 best: 492.4 mean: 563.5402985074627
gen: 76 best: 492.4 mean: 560.0537313432836
gen: 77 best: 492.4 mean: 560.907960199005
gen: 78 best: 492.4 mean: 560.218407960199
gen: 79 best: 492.4 mean: 558.4373134328358
gen: 80 best: 492.4 mean: 557.0616915422886
gen: 81 best: 492.4 mean: 559.6885572139304
gen: 82 best: 492.4 mean: 559.4159203980099
gen: 83 best: 492.4 mean: 561.0393034825871
gen: 84 best: 492.4 mean: 558.3786069651742
gen: 85 best: 492.4 mean: 561.3537313432836
gen: 86 best: 492.4 mean: 558.1960199004975
gen: 87 best: 492.4 mean: 560.1213930348258
gen: 88 best: 492.4 mean: 558.7298507462687
gen: 89 best: 492.4 mean: 558.2686567164179
gen: 90 best: 492.4 mean: 559.6467661691543
gen: 91 best: 492.4 mean: 556.5950248756219
gen: 92 best: 492.4 mean: 556.8651741293532
gen: 93 best: 492.4 mean: 557.0402985074627
gen: 94 best: 492.4 mean: 559.3945273631841
gen: 95 best: 492.4 mean: 556.3432835820895
gen >96, new best = 486.800
gen: 96 best: 486.8 mean: 556.8666666666667
gen: 97 best: 486.8 mean: 555.0378109452737
gen: 98 best: 486.8 mean: 557.4084577114428
gen: 99 best: 486.8 mean: 556.1353233830846
[10, 8, 8, 7, 7, 8, 7, 8, 7, 9, 8, 8, 7, 9, 8, 8, 7, 8, 8, 9, 7, 7, 8, 7, 8, 7, 7, 8, 9, 7, 8, 8, 8, 8, 7, 8, 10]
Test count of edges: 1970
cat
