Defaulting to user installation because normal site-packages is not writeable
Looking in links: /cvmfs/soft.computecanada.ca/custom/python/wheelhouse/gentoo/avx2, /cvmfs/soft.computecanada.ca/custom/python/wheelhouse/gentoo/generic, /cvmfs/soft.computecanada.ca/custom/python/wheelhouse/generic
Requirement already satisfied: graphviz in /home/js17sy/.local/lib/python3.10/site-packages (0.20)
206; python ga.py 26 1024N_graph26.dat 0.05 0.02 0.5 0.5 0.5 201 1024N_graph26mediumgen1rem50_ 742586
/project/6008788/js17sy/reopenga/1024c/ga.py:291: DeprecationWarning: Sampling from a set deprecated
since Python 3.9 and will be removed in a subsequent version.
  child1 = set(random.sample(
gen >0, new best = 665.400
gen >0, new best = 661.800
gen >0, new best = 656.600
gen >0, new best = 654.400
gen >0, new best = 649.000
gen: 0 best: 649.0 mean: 670.902736318408
gen >1, new best = 645.500
gen: 1 best: 645.5 mean: 670.502487562189
gen >2, new best = 640.800
gen: 2 best: 640.8 mean: 669.7681592039801
gen >3, new best = 612.000
gen: 3 best: 612.0 mean: 667.0109452736318
gen: 4 best: 612.0 mean: 666.1701492537313
gen >5, new best = 611.800
gen: 5 best: 611.8 mean: 664.66815920398
gen: 6 best: 611.8 mean: 665.1467661691543
gen: 7 best: 611.8 mean: 664.528855721393
gen: 8 best: 611.8 mean: 663.7194029850747
gen: 9 best: 611.8 mean: 662.0109452736318
gen: 10 best: 611.8 mean: 660.7283582089552
gen >11, new best = 573.300
gen: 11 best: 573.3 mean: 659.1174129353234
gen: 12 best: 573.3 mean: 660.1467661691543
gen: 13 best: 573.3 mean: 659.2985074626865
gen: 14 best: 573.3 mean: 660.0935323383085
gen: 15 best: 573.3 mean: 657.3323383084577
gen: 16 best: 573.3 mean: 655.6228855721394
gen: 17 best: 573.3 mean: 655.1412935323383
gen: 18 best: 573.3 mean: 654.4527363184079
gen: 19 best: 573.3 mean: 653.8492537313433
gen: 20 best: 573.3 mean: 654.6099502487563
gen: 21 best: 573.3 mean: 654.9791044776119
gen: 22 best: 573.3 mean: 654.6646766169155
gen: 23 best: 573.3 mean: 653.4323383084577
gen: 24 best: 573.3 mean: 654.0651741293532
gen: 25 best: 573.3 mean: 653.4278606965174
gen: 26 best: 573.3 mean: 651.3353233830845
gen: 27 best: 573.3 mean: 650.273631840796
gen: 28 best: 573.3 mean: 650.9407960199005
gen: 29 best: 573.3 mean: 649.7049751243782
gen: 30 best: 573.3 mean: 650.3995024875621
gen: 31 best: 573.3 mean: 649.2039800995025
gen: 32 best: 573.3 mean: 648.3064676616915
gen: 33 best: 573.3 mean: 648.926368159204
gen: 34 best: 573.3 mean: 647.9298507462687
gen: 35 best: 573.3 mean: 647.1810945273631
gen: 36 best: 573.3 mean: 645.5766169154228
gen: 37 best: 573.3 mean: 646.1980099502488
gen: 38 best: 573.3 mean: 645.2402985074627
gen: 39 best: 573.3 mean: 644.8825870646766
gen: 40 best: 573.3 mean: 645.5149253731344
gen: 41 best: 573.3 mean: 642.8537313432836
gen: 42 best: 573.3 mean: 643.0900497512438
gen: 43 best: 573.3 mean: 644.5592039800995
gen: 44 best: 573.3 mean: 644.1597014925374
gen: 45 best: 573.3 mean: 642.2383084577115
gen: 46 best: 573.3 mean: 645.21592039801
gen: 47 best: 573.3 mean: 642.0985074626866
gen: 48 best: 573.3 mean: 642.1119402985074
gen: 49 best: 573.3 mean: 642.1243781094528
gen: 50 best: 573.3 mean: 641.5477611940298
gen: 51 best: 573.3 mean: 641.0805970149254
gen: 52 best: 573.3 mean: 641.5278606965175
gen: 53 best: 573.3 mean: 641.1567164179105
gen: 54 best: 573.3 mean: 641.6398009950249
gen: 55 best: 573.3 mean: 638.8870646766169
gen: 56 best: 573.3 mean: 640.3338308457711
gen >57, new best = 569.900
gen: 57 best: 569.9 mean: 640.0477611940298
gen: 58 best: 569.9 mean: 639.8258706467661
gen: 59 best: 569.9 mean: 640.0865671641791
gen: 60 best: 569.9 mean: 639.5253731343283
gen: 61 best: 569.9 mean: 638.5069651741294
gen: 62 best: 569.9 mean: 639.3880597014926
gen: 63 best: 569.9 mean: 637.7800995024876
gen: 64 best: 569.9 mean: 637.4502487562189
gen: 65 best: 569.9 mean: 637.8701492537314
gen: 66 best: 569.9 mean: 637.6223880597015
gen: 67 best: 569.9 mean: 637.2014925373135
gen: 68 best: 569.9 mean: 636.3517412935323
gen: 69 best: 569.9 mean: 637.7407960199005
gen: 70 best: 569.9 mean: 635.2099502487562
gen >71, new best = 568.700
gen: 71 best: 568.7 mean: 635.2388059701492
gen: 72 best: 568.7 mean: 635.4129353233831
gen: 73 best: 568.7 mean: 636.3786069651742
gen: 74 best: 568.7 mean: 636.3462686567165
gen: 75 best: 568.7 mean: 635.4452736318408
gen: 76 best: 568.7 mean: 635.8970149253731
gen: 77 best: 568.7 mean: 636.6810945273631
gen: 78 best: 568.7 mean: 635.1805970149254
gen: 79 best: 568.7 mean: 635.0850746268657
gen: 80 best: 568.7 mean: 634.4562189054726
gen: 81 best: 568.7 mean: 634.5985074626866
gen: 82 best: 568.7 mean: 635.1965174129353
gen: 83 best: 568.7 mean: 634.9562189054726
gen: 84 best: 568.7 mean: 634.436815920398
gen: 85 best: 568.7 mean: 635.3890547263682
gen: 86 best: 568.7 mean: 636.1686567164179
gen: 87 best: 568.7 mean: 635.1174129353234
gen: 88 best: 568.7 mean: 634.9557213930349
gen: 89 best: 568.7 mean: 635.1383084577114
gen: 90 best: 568.7 mean: 636.6512437810945
gen: 91 best: 568.7 mean: 634.1412935323383
gen >92, new best = 564.500
gen: 92 best: 564.5 mean: 634.707960199005
gen: 93 best: 564.5 mean: 635.3427860696518
gen: 94 best: 564.5 mean: 635.3363184079602
gen: 95 best: 564.5 mean: 635.5472636815921
gen: 96 best: 564.5 mean: 633.7228855721393
gen: 97 best: 564.5 mean: 634.6776119402986
gen: 98 best: 564.5 mean: 635.0805970149254
gen: 99 best: 564.5 mean: 635.207960199005
[9, 9, 9, 9, 10, 11, 9, 9, 10, 9, 10, 11, 11, 10, 9, 10, 8, 9, 9, 9, 10, 9, 9, 9, 9, 9, 9, 10, 9, 10, 9, 9, 8, 10, 9, 9, 9, 9, 10, 10]
Test count of edges: 3278
cat
