Defaulting to user installation because normal site-packages is not writeable
Looking in links: /cvmfs/soft.computecanada.ca/custom/python/wheelhouse/gentoo/avx2, /cvmfs/soft.computecanada.ca/custom/python/wheelhouse/gentoo/generic, /cvmfs/soft.computecanada.ca/custom/python/wheelhouse/generic
Requirement already satisfied: graphviz in /home/js17sy/.local/lib/python3.10/site-packages (0.20)
302; python ga.py 26 1024N_graph26.dat 0.05 0.02 0.7 0.7 0.3 201 1024N_graph26mediumgen2rem70_ 57122
/project/6008788/js17sy/reopenga/1024c/ga.py:291: DeprecationWarning: Sampling from a set deprecated
since Python 3.9 and will be removed in a subsequent version.
  child1 = set(random.sample(
gen >0, new best = 636.700
gen >0, new best = 632.000
gen >0, new best = 595.600
gen >0, new best = 589.700
gen >0, new best = 579.600
gen >0, new best = 576.500
gen >0, new best = 560.700
gen: 0 best: 560.7 mean: 627.3460199004975
gen >1, new best = 557.700
gen >1, new best = 537.500
gen: 1 best: 537.5 mean: 620.9626865671642
gen: 2 best: 537.5 mean: 617.5407960199005
gen: 3 best: 537.5 mean: 612.9522388059702
gen: 4 best: 537.5 mean: 607.5885572139304
gen: 5 best: 537.5 mean: 604.8601990049751
gen >6, new best = 511.300
gen: 6 best: 511.3 mean: 596.3338308457711
gen: 7 best: 511.3 mean: 594.7054726368159
gen: 8 best: 511.3 mean: 592.652736318408
gen: 9 best: 511.3 mean: 592.5109452736318
gen: 10 best: 511.3 mean: 589.3791044776119
gen: 11 best: 511.3 mean: 585.7711442786069
gen: 12 best: 511.3 mean: 583.5059701492537
gen: 13 best: 511.3 mean: 582.628855721393
gen: 14 best: 511.3 mean: 579.4402985074627
gen >15, new best = 508.600
gen: 15 best: 508.6 mean: 581.6885572139304
gen >16, new best = 500.300
gen: 16 best: 500.3 mean: 575.8383084577115
gen: 17 best: 500.3 mean: 576.639303482587
gen: 18 best: 500.3 mean: 573.5169154228855
gen: 19 best: 500.3 mean: 575.510447761194
gen: 20 best: 500.3 mean: 571.78407960199
gen: 21 best: 500.3 mean: 571.002487562189
gen: 22 best: 500.3 mean: 569.6577114427861
gen: 23 best: 500.3 mean: 567.9955223880597
gen: 24 best: 500.3 mean: 566.4716417910448
gen >25, new best = 486.300
gen: 25 best: 486.3 mean: 561.0517412935324
gen: 26 best: 486.3 mean: 564.1542288557214
gen >27, new best = 475.600
gen: 27 best: 475.6 mean: 561.147263681592
gen: 28 best: 475.6 mean: 559.5975124378109
gen: 29 best: 475.6 mean: 557.2746268656716
gen: 30 best: 475.6 mean: 556.6278606965174
gen: 31 best: 475.6 mean: 557.5109452736318
gen: 32 best: 475.6 mean: 556.5328358208956
gen: 33 best: 475.6 mean: 554.3950248756219
gen: 34 best: 475.6 mean: 554.823880597015
gen: 35 best: 475.6 mean: 553.1930348258707
gen: 36 best: 475.6 mean: 551.6283582089552
gen: 37 best: 475.6 mean: 552.9402985074627
gen: 38 best: 475.6 mean: 551.636815920398
gen: 39 best: 475.6 mean: 551.6810945273631
gen >40, new best = 468.900
gen: 40 best: 468.9 mean: 550.3597014925373
gen >41, new best = 467.200
gen: 41 best: 467.2 mean: 546.1248756218905
gen: 42 best: 467.2 mean: 546.8706467661691
gen: 43 best: 467.2 mean: 547.4213930348259
gen: 44 best: 467.2 mean: 546.826368159204
gen: 45 best: 467.2 mean: 545.4676616915423
gen: 46 best: 467.2 mean: 546.1676616915423
gen: 47 best: 467.2 mean: 546.0358208955224
gen: 48 best: 467.2 mean: 544.0039800995025
gen: 49 best: 467.2 mean: 543.8587064676617
gen: 50 best: 467.2 mean: 543.7965174129354
gen: 51 best: 467.2 mean: 543.2149253731343
gen: 52 best: 467.2 mean: 540.2358208955224
gen: 53 best: 467.2 mean: 543.9825870646766
gen: 54 best: 467.2 mean: 541.2601990049751
gen: 55 best: 467.2 mean: 538.9283582089553
gen: 56 best: 467.2 mean: 541.9228855721393
gen: 57 best: 467.2 mean: 536.9955223880597
gen: 58 best: 467.2 mean: 538.7303482587065
gen >59, new best = 456.200
gen: 59 best: 456.2 mean: 536.1577114427861
gen: 60 best: 456.2 mean: 535.7383084577115
gen: 61 best: 456.2 mean: 536.292039800995
gen: 62 best: 456.2 mean: 536.5243781094528
gen: 63 best: 456.2 mean: 536.4119402985075
gen: 64 best: 456.2 mean: 536.1940298507462
gen: 65 best: 456.2 mean: 532.7825870646766
gen: 66 best: 456.2 mean: 530.6348258706468
gen: 67 best: 456.2 mean: 532.4766169154229
gen: 68 best: 456.2 mean: 532.8522388059702
gen: 69 best: 456.2 mean: 533.7278606965174
gen: 70 best: 456.2 mean: 532.7800995024876
gen: 71 best: 456.2 mean: 530.5865671641791
gen: 72 best: 456.2 mean: 529.2661691542288
gen: 73 best: 456.2 mean: 531.9233830845772
gen: 74 best: 456.2 mean: 531.7930348258707
gen: 75 best: 456.2 mean: 529.6965174129353
gen: 76 best: 456.2 mean: 529.3492537313433
gen: 77 best: 456.2 mean: 529.7189054726368
gen: 78 best: 456.2 mean: 528.6726368159204
gen: 79 best: 456.2 mean: 527.739303482587
gen: 80 best: 456.2 mean: 529.7149253731343
gen: 81 best: 456.2 mean: 524.4532338308458
gen: 82 best: 456.2 mean: 527.2671641791045
gen: 83 best: 456.2 mean: 529.0935323383085
gen: 84 best: 456.2 mean: 530.2721393034826
gen: 85 best: 456.2 mean: 527.8721393034826
gen: 86 best: 456.2 mean: 528.9706467661691
gen: 87 best: 456.2 mean: 525.1582089552239
gen: 88 best: 456.2 mean: 526.9039800995025
gen: 89 best: 456.2 mean: 528.7696517412935
gen: 90 best: 456.2 mean: 526.7139303482587
gen: 91 best: 456.2 mean: 525.7407960199005
gen: 92 best: 456.2 mean: 527.5149253731344
gen: 93 best: 456.2 mean: 528.005472636816
gen: 94 best: 456.2 mean: 527.6592039800995
gen: 95 best: 456.2 mean: 523.9900497512438
gen: 96 best: 456.2 mean: 526.1925373134328
gen: 97 best: 456.2 mean: 527.9457711442786
gen: 98 best: 456.2 mean: 524.3149253731343
gen: 99 best: 456.2 mean: 524.7298507462687
[9, 9, 8, 9, 9, 8, 8, 9, 9, 8, 8, 9, 8, 8, 9, 10, 9, 7, 9, 9, 7, 8, 9, 9, 9, 8, 8, 8, 8, 8, 8, 9, 8, 8, 8, 9, 10, 9, 8, 8]
Test count of edges: 1958
cat
