Defaulting to user installation because normal site-packages is not writeable
Looking in links: /cvmfs/soft.computecanada.ca/custom/python/wheelhouse/gentoo/avx2, /cvmfs/soft.computecanada.ca/custom/python/wheelhouse/gentoo/generic, /cvmfs/soft.computecanada.ca/custom/python/wheelhouse/generic
Requirement already satisfied: graphviz in /home/js17sy/.local/lib/python3.10/site-packages (0.20)
142; python ga.py 26 1024N_graph26.dat 0.025 0.01 0.7 0.7 0.3 201 1024N_graph26strictgen2rem70_ 628342
/project/6008788/js17sy/reopenga/1024c/ga.py:291: DeprecationWarning: Sampling from a set deprecated
since Python 3.9 and will be removed in a subsequent version.
  child1 = set(random.sample(
gen >0, new best = 523.900
gen >0, new best = 516.400
gen >0, new best = 509.600
gen >0, new best = 506.600
gen: 0 best: 506.6 mean: 579.4497512437811
gen >1, new best = 504.200
gen >1, new best = 495.800
gen: 1 best: 495.8 mean: 571.7925373134328
gen >2, new best = 493.800
gen >2, new best = 460.100
gen: 2 best: 460.1 mean: 575.5417910447761
gen: 3 best: 460.1 mean: 567.5512437810945
gen: 4 best: 460.1 mean: 563.0049751243781
gen: 5 best: 460.1 mean: 553.4791044776119
gen: 6 best: 460.1 mean: 558.7383084577115
gen: 7 best: 460.1 mean: 555.1885572139304
gen: 8 best: 460.1 mean: 551.7049751243782
gen: 9 best: 460.1 mean: 540.7706467661692
gen: 10 best: 460.1 mean: 539.9661691542289
gen: 11 best: 460.1 mean: 540.2885572139304
gen >12, new best = 459.900
gen >12, new best = 456.800
gen >12, new best = 445.300
gen: 12 best: 445.3 mean: 539.1189054726368
gen: 13 best: 445.3 mean: 533.349751243781
gen: 14 best: 445.3 mean: 533.9432835820895
gen >15, new best = 437.400
gen: 15 best: 437.4 mean: 531.4373134328358
gen: 16 best: 437.4 mean: 530.5119402985075
gen: 17 best: 437.4 mean: 535.4139303482588
gen: 18 best: 437.4 mean: 527.8746268656716
gen: 19 best: 437.4 mean: 526.5975124378109
gen: 20 best: 437.4 mean: 523.1955223880597
gen: 21 best: 437.4 mean: 520.7880597014926
gen: 22 best: 437.4 mean: 519.8776119402985
gen: 23 best: 437.4 mean: 520.9303482587064
gen: 24 best: 437.4 mean: 515.3651741293532
gen: 25 best: 437.4 mean: 517.1457711442786
gen: 26 best: 437.4 mean: 518.6412935323383
gen: 27 best: 437.4 mean: 514.8203980099503
gen: 28 best: 437.4 mean: 512.6283582089552
gen >29, new best = 432.500
gen: 29 best: 432.5 mean: 511.55273631840794
gen: 30 best: 432.5 mean: 514.4646766169154
gen: 31 best: 432.5 mean: 507.4706467661692
gen: 32 best: 432.5 mean: 507.0407960199005
gen: 33 best: 432.5 mean: 505.0995024875622
gen: 34 best: 432.5 mean: 505.8900497512438
gen: 35 best: 432.5 mean: 503.3333333333333
gen >36, new best = 421.300
gen: 36 best: 421.3 mean: 501.9741293532338
gen: 37 best: 421.3 mean: 502.2084577114428
gen: 38 best: 421.3 mean: 504.6542288557214
gen: 39 best: 421.3 mean: 498.7905472636816
gen: 40 best: 421.3 mean: 502.11293532338306
gen: 41 best: 421.3 mean: 496.74427860696517
gen: 42 best: 421.3 mean: 499.0855721393035
gen: 43 best: 421.3 mean: 495.8373134328358
gen: 44 best: 421.3 mean: 493.58159203980097
gen: 45 best: 421.3 mean: 494.2029850746269
gen: 46 best: 421.3 mean: 492.93830845771146
gen: 47 best: 421.3 mean: 490.47860696517415
gen: 48 best: 421.3 mean: 490.6636815920398
gen: 49 best: 421.3 mean: 491.2681592039801
gen: 50 best: 421.3 mean: 491.392039800995
gen: 51 best: 421.3 mean: 488.31094527363183
gen >52, new best = 411.600
gen: 52 best: 411.6 mean: 491.30149253731344
gen: 53 best: 411.6 mean: 489.39104477611943
gen: 54 best: 411.6 mean: 486.1885572139303
gen: 55 best: 411.6 mean: 488.74626865671644
gen: 56 best: 411.6 mean: 486.81990049751244
gen: 57 best: 411.6 mean: 484.94029850746267
gen: 58 best: 411.6 mean: 485.9875621890547
gen: 59 best: 411.6 mean: 483.86716417910446
gen: 60 best: 411.6 mean: 485.4089552238806
gen: 61 best: 411.6 mean: 485.9875621890547
gen: 62 best: 411.6 mean: 484.0223880597015
gen: 63 best: 411.6 mean: 486.81641791044774
gen: 64 best: 411.6 mean: 482.2144278606965
gen: 65 best: 411.6 mean: 484.20746268656717
gen: 66 best: 411.6 mean: 482.0034825870647
gen: 67 best: 411.6 mean: 479.6905472636816
gen: 68 best: 411.6 mean: 480.0144278606965
gen: 69 best: 411.6 mean: 480.7716417910448
gen: 70 best: 411.6 mean: 482.97462686567167
gen: 71 best: 411.6 mean: 480.1761194029851
gen: 72 best: 411.6 mean: 480.3830845771144
gen: 73 best: 411.6 mean: 479.8636815920398
gen: 74 best: 411.6 mean: 480.8512437810945
gen: 75 best: 411.6 mean: 478.87412935323385
gen: 76 best: 411.6 mean: 479.0094527363184
gen: 77 best: 411.6 mean: 480.29253731343283
gen: 78 best: 411.6 mean: 478.9965174129353
gen: 79 best: 411.6 mean: 479.65621890547266
gen: 80 best: 411.6 mean: 480.3915422885572
gen: 81 best: 411.6 mean: 477.11243781094527
gen: 82 best: 411.6 mean: 477.9542288557214
gen: 83 best: 411.6 mean: 478.20298507462684
gen: 84 best: 411.6 mean: 477.33233830845774
gen: 85 best: 411.6 mean: 479.06119402985075
gen: 86 best: 411.6 mean: 477.6194029850746
gen: 87 best: 411.6 mean: 477.8373134328358
gen: 88 best: 411.6 mean: 474.2870646766169
gen: 89 best: 411.6 mean: 475.0910447761194
gen: 90 best: 411.6 mean: 478.7786069651741
gen: 91 best: 411.6 mean: 474.5910447761194
gen >92, new best = 407.200
gen: 92 best: 407.2 mean: 474.20796019900496
gen: 93 best: 407.2 mean: 475.4965174129353
gen: 94 best: 407.2 mean: 475.6407960199005
gen: 95 best: 407.2 mean: 472.98457711442785
gen: 96 best: 407.2 mean: 475.9910447761194
gen: 97 best: 407.2 mean: 473.5293532338308
gen: 98 best: 407.2 mean: 471.58009950248754
gen: 99 best: 407.2 mean: 474.0766169154229
[9, 9, 10, 10, 9, 10, 9, 10, 8, 11, 9, 7, 8, 10, 9, 10, 9, 8, 9, 8, 8, 9, 9, 10, 10, 8, 10, 9, 8, 8, 9, 9, 8, 9, 10, 10, 8, 10, 9, 10]
Test count of edges: 1968
cat
