Defaulting to user installation because normal site-packages is not writeable
Looking in links: /cvmfs/soft.computecanada.ca/custom/python/wheelhouse/gentoo/avx2, /cvmfs/soft.computecanada.ca/custom/python/wheelhouse/gentoo/generic, /cvmfs/soft.computecanada.ca/custom/python/wheelhouse/generic
Requirement already satisfied: graphviz in /home/js17sy/.local/lib/python3.10/site-packages (0.20)
641; python ga.py 26 1024N_graph26.dat 0.1 0.04 0.7 0.5 0.5 201 1024N_graph26leerygen1rem70_ 314171
/project/6008788/js17sy/reopenga/1024c/ga.py:291: DeprecationWarning: Sampling from a set deprecated
since Python 3.9 and will be removed in a subsequent version.
  child1 = set(random.sample(
gen >0, new best = 688.700
gen >0, new best = 676.200
gen >0, new best = 658.400
gen >0, new best = 641.700
gen >0, new best = 638.000
gen >0, new best = 637.900
gen >0, new best = 627.400
gen >0, new best = 625.400
gen >0, new best = 624.500
gen >0, new best = 611.200
gen: 0 best: 611.2 mean: 660.244527363184
gen >1, new best = 576.300
gen: 1 best: 576.3 mean: 657.4522388059702
gen: 2 best: 576.3 mean: 657.2199004975124
gen >3, new best = 572.000
gen: 3 best: 572.0 mean: 653.8019900497512
gen: 4 best: 572.0 mean: 652.7
gen: 5 best: 572.0 mean: 651.3865671641792
gen: 6 best: 572.0 mean: 649.7208955223881
gen: 7 best: 572.0 mean: 646.6462686567164
gen: 8 best: 572.0 mean: 641.5601990049752
gen: 9 best: 572.0 mean: 642.1741293532339
gen: 10 best: 572.0 mean: 640.9716417910448
gen >11, new best = 559.400
gen: 11 best: 559.4 mean: 638.9771144278607
gen: 12 best: 559.4 mean: 638.3701492537314
gen: 13 best: 559.4 mean: 637.3393034825871
gen: 14 best: 559.4 mean: 636.9701492537314
gen: 15 best: 559.4 mean: 635.3228855721393
gen: 16 best: 559.4 mean: 633.4099502487562
gen: 17 best: 559.4 mean: 630.6845771144278
gen: 18 best: 559.4 mean: 630.2009950248756
gen: 19 best: 559.4 mean: 628.9034825870647
gen: 20 best: 559.4 mean: 628.0830845771144
gen: 21 best: 559.4 mean: 625.8950248756219
gen: 22 best: 559.4 mean: 625.8074626865672
gen: 23 best: 559.4 mean: 623.397512437811
gen >24, new best = 541.600
gen: 24 best: 541.6 mean: 622.7870646766169
gen: 25 best: 541.6 mean: 623.5059701492537
gen: 26 best: 541.6 mean: 621.789552238806
gen: 27 best: 541.6 mean: 619.3985074626866
gen: 28 best: 541.6 mean: 619.7203980099503
gen: 29 best: 541.6 mean: 621.5432835820895
gen: 30 best: 541.6 mean: 620.3323383084577
gen: 31 best: 541.6 mean: 620.0820895522388
gen: 32 best: 541.6 mean: 619.397512437811
gen: 33 best: 541.6 mean: 618.5323383084577
gen: 34 best: 541.6 mean: 618.7014925373135
gen: 35 best: 541.6 mean: 616.3243781094527
gen: 36 best: 541.6 mean: 618.6731343283582
gen: 37 best: 541.6 mean: 617.3865671641792
gen: 38 best: 541.6 mean: 616.8761194029851
gen: 39 best: 541.6 mean: 620.5402985074627
gen: 40 best: 541.6 mean: 618.6880597014925
gen: 41 best: 541.6 mean: 617.3258706467661
gen: 42 best: 541.6 mean: 617.9258706467662
gen: 43 best: 541.6 mean: 616.492039800995
gen: 44 best: 541.6 mean: 617.4407960199005
gen: 45 best: 541.6 mean: 616.165671641791
gen >46, new best = 535.100
gen: 46 best: 535.1 mean: 615.4621890547264
gen: 47 best: 535.1 mean: 616.9726368159204
gen: 48 best: 535.1 mean: 616.3716417910448
gen: 49 best: 535.1 mean: 613.8383084577115
gen: 50 best: 535.1 mean: 615.61592039801
gen: 51 best: 535.1 mean: 615.1686567164179
gen: 52 best: 535.1 mean: 616.3930348258707
gen: 53 best: 535.1 mean: 615.6
gen: 54 best: 535.1 mean: 615.6373134328359
gen: 55 best: 535.1 mean: 615.6731343283582
gen: 56 best: 535.1 mean: 612.0014925373134
gen: 57 best: 535.1 mean: 614.8905472636816
gen: 58 best: 535.1 mean: 614.5865671641791
gen: 59 best: 535.1 mean: 613.823880597015
gen: 60 best: 535.1 mean: 614.2756218905473
gen: 61 best: 535.1 mean: 614.6631840796019
gen: 62 best: 535.1 mean: 613.6482587064677
gen: 63 best: 535.1 mean: 613.7507462686567
gen: 64 best: 535.1 mean: 613.7029850746269
gen: 65 best: 535.1 mean: 614.3880597014926
gen: 66 best: 535.1 mean: 611.8099502487562
gen: 67 best: 535.1 mean: 611.8402985074626
gen: 68 best: 535.1 mean: 612.1830845771144
gen: 69 best: 535.1 mean: 612.5189054726368
gen: 70 best: 535.1 mean: 613.3950248756219
gen: 71 best: 535.1 mean: 610.8363184079602
gen: 72 best: 535.1 mean: 612.4104477611941
gen: 73 best: 535.1 mean: 610.9676616915423
gen: 74 best: 535.1 mean: 611.2482587064677
gen: 75 best: 535.1 mean: 610.1179104477612
gen: 76 best: 535.1 mean: 610.0850746268657
gen: 77 best: 535.1 mean: 610.4134328358209
gen: 78 best: 535.1 mean: 611.9706467661691
gen: 79 best: 535.1 mean: 611.8393034825871
gen: 80 best: 535.1 mean: 610.7223880597015
gen: 81 best: 535.1 mean: 610.4985074626866
gen: 82 best: 535.1 mean: 611.0308457711443
gen: 83 best: 535.1 mean: 609.328855721393
gen: 84 best: 535.1 mean: 609.4199004975125
gen: 85 best: 535.1 mean: 609.463184079602
gen: 86 best: 535.1 mean: 609.7154228855721
gen: 87 best: 535.1 mean: 608.2860696517413
gen: 88 best: 535.1 mean: 608.1099502487563
gen: 89 best: 535.1 mean: 608.3661691542288
gen: 90 best: 535.1 mean: 608.3383084577115
gen: 91 best: 535.1 mean: 609.5253731343283
gen: 92 best: 535.1 mean: 607.1194029850747
gen: 93 best: 535.1 mean: 608.8676616915423
gen: 94 best: 535.1 mean: 608.9522388059702
gen: 95 best: 535.1 mean: 606.1970149253731
gen: 96 best: 535.1 mean: 608.2547263681593
gen: 97 best: 535.1 mean: 607.5517412935324
gen: 98 best: 535.1 mean: 607.7542288557214
gen: 99 best: 535.1 mean: 607.6084577114428
[7, 7, 7, 8, 7, 8, 7, 8, 7, 7, 8, 7, 7, 7, 8, 7, 7, 7, 7, 7, 8, 7, 7, 6, 8, 8, 7, 7, 7, 7, 7, 8, 7, 7, 8, 8, 7, 9, 7, 7]
Test count of edges: 1963
cat
