Defaulting to user installation because normal site-packages is not writeable
Looking in links: /cvmfs/soft.computecanada.ca/custom/python/wheelhouse/gentoo/avx2, /cvmfs/soft.computecanada.ca/custom/python/wheelhouse/gentoo/generic, /cvmfs/soft.computecanada.ca/custom/python/wheelhouse/generic
Requirement already satisfied: graphviz in /home/js17sy/.local/lib/python3.10/site-packages (0.20)
85; python ga.py 26 1024N_graph26.dat 0.025 0.01 0.5 0.9 0.1 201 1024N_graph26strictgen3rem50_ 714025
/project/6008788/js17sy/reopenga/1024c/ga.py:291: DeprecationWarning: Sampling from a set deprecated
since Python 3.9 and will be removed in a subsequent version.
  child1 = set(random.sample(
gen >0, new best = 664.200
gen >0, new best = 656.800
gen >0, new best = 654.500
gen >0, new best = 653.400
gen >0, new best = 642.900
gen >0, new best = 640.100
gen >0, new best = 639.600
gen >0, new best = 634.700
gen >0, new best = 632.500
gen >0, new best = 630.600
gen: 0 best: 630.6 mean: 655.9139303482588
gen >1, new best = 630.500
gen >1, new best = 630.000
gen: 1 best: 630.0 mean: 652.9786069651741
gen >2, new best = 626.400
gen >2, new best = 598.700
gen: 2 best: 598.7 mean: 653.4686567164179
gen: 3 best: 598.7 mean: 652.4223880597015
gen: 4 best: 598.7 mean: 651.2363184079602
gen: 5 best: 598.7 mean: 650.0771144278607
gen: 6 best: 598.7 mean: 648.4084577114428
gen >7, new best = 594.700
gen: 7 best: 594.7 mean: 646.8751243781095
gen >8, new best = 590.300
gen: 8 best: 590.3 mean: 645.9114427860696
gen: 9 best: 590.3 mean: 646.436815920398
gen: 10 best: 590.3 mean: 643.8323383084577
gen: 11 best: 590.3 mean: 641.7283582089552
gen: 12 best: 590.3 mean: 643.1273631840796
gen: 13 best: 590.3 mean: 640.9845771144279
gen: 14 best: 590.3 mean: 639.4880597014925
gen: 15 best: 590.3 mean: 639.1119402985074
gen: 16 best: 590.3 mean: 636.1029850746269
gen: 17 best: 590.3 mean: 636.8069651741293
gen: 18 best: 590.3 mean: 634.997512437811
gen: 19 best: 590.3 mean: 633.8273631840796
gen >20, new best = 577.300
gen: 20 best: 577.3 mean: 633.1542288557214
gen >21, new best = 564.900
gen: 21 best: 564.9 mean: 631.4069651741294
gen: 22 best: 564.9 mean: 630.1487562189054
gen: 23 best: 564.9 mean: 630.3825870646766
gen: 24 best: 564.9 mean: 628.4462686567164
gen: 25 best: 564.9 mean: 628.2398009950249
gen: 26 best: 564.9 mean: 627.3522388059702
gen: 27 best: 564.9 mean: 626.6537313432835
gen >28, new best = 561.200
gen: 28 best: 561.2 mean: 626.010447761194
gen: 29 best: 561.2 mean: 624.7139303482587
gen: 30 best: 561.2 mean: 624.1686567164179
gen: 31 best: 561.2 mean: 623.5930348258706
gen: 32 best: 561.2 mean: 624.0009950248756
gen >33, new best = 552.600
gen >33, new best = 546.800
gen: 33 best: 546.8 mean: 621.2278606965174
gen: 34 best: 546.8 mean: 621.4522388059702
gen: 35 best: 546.8 mean: 620.6388059701493
gen: 36 best: 546.8 mean: 618.6348258706468
gen: 37 best: 546.8 mean: 619.1701492537313
gen: 38 best: 546.8 mean: 618.4880597014925
gen: 39 best: 546.8 mean: 618.2990049751244
gen: 40 best: 546.8 mean: 617.0208955223881
gen: 41 best: 546.8 mean: 614.6228855721394
gen: 42 best: 546.8 mean: 615.2542288557214
gen: 43 best: 546.8 mean: 613.9422885572139
gen: 44 best: 546.8 mean: 612.9243781094527
gen: 45 best: 546.8 mean: 612.6517412935324
gen: 46 best: 546.8 mean: 611.1199004975124
gen: 47 best: 546.8 mean: 610.5348258706467
gen: 48 best: 546.8 mean: 610.6572139303482
gen: 49 best: 546.8 mean: 609.9089552238806
gen: 50 best: 546.8 mean: 608.4721393034825
gen: 51 best: 546.8 mean: 607.997512437811
gen: 52 best: 546.8 mean: 608.044776119403
gen: 53 best: 546.8 mean: 608.4308457711443
gen >54, new best = 542.300
gen: 54 best: 542.3 mean: 606.4144278606965
gen: 55 best: 542.3 mean: 605.8398009950249
gen: 56 best: 542.3 mean: 604.8134328358209
gen: 57 best: 542.3 mean: 604.4875621890548
gen >58, new best = 532.900
gen: 58 best: 532.9 mean: 603.5805970149254
gen: 59 best: 532.9 mean: 602.2746268656716
gen: 60 best: 532.9 mean: 603.3587064676617
gen: 61 best: 532.9 mean: 602.2542288557214
gen: 62 best: 532.9 mean: 601.3248756218906
gen: 63 best: 532.9 mean: 600.0323383084577
gen: 64 best: 532.9 mean: 599.607960199005
gen >65, new best = 532.600
gen: 65 best: 532.6 mean: 599.8512437810946
gen: 66 best: 532.6 mean: 598.5487562189055
gen: 67 best: 532.6 mean: 598.5766169154228
gen: 68 best: 532.6 mean: 598.1338308457712
gen: 69 best: 532.6 mean: 596.9089552238806
gen: 70 best: 532.6 mean: 598.4661691542289
gen: 71 best: 532.6 mean: 596.5940298507462
gen: 72 best: 532.6 mean: 595.8781094527363
gen: 73 best: 532.6 mean: 596.0099502487562
gen: 74 best: 532.6 mean: 594.3039800995025
gen: 75 best: 532.6 mean: 593.9835820895522
gen: 76 best: 532.6 mean: 592.6378109452736
gen: 77 best: 532.6 mean: 593.0517412935324
gen: 78 best: 532.6 mean: 592.9870646766169
gen: 79 best: 532.6 mean: 592.9422885572139
gen: 80 best: 532.6 mean: 592.0432835820895
gen: 81 best: 532.6 mean: 592.4452736318408
gen: 82 best: 532.6 mean: 592.2870646766169
gen >83, new best = 532.500
gen: 83 best: 532.5 mean: 591.7044776119403
gen: 84 best: 532.5 mean: 590.7004975124378
gen: 85 best: 532.5 mean: 591.5970149253732
gen: 86 best: 532.5 mean: 590.3805970149253
gen: 87 best: 532.5 mean: 590.2582089552238
gen: 88 best: 532.5 mean: 590.7487562189054
gen: 89 best: 532.5 mean: 589.5527363184079
gen: 90 best: 532.5 mean: 589.3427860696518
gen: 91 best: 532.5 mean: 589.8980099502487
gen: 92 best: 532.5 mean: 589.9696517412935
gen >93, new best = 529.900
gen: 93 best: 529.9 mean: 587.8258706467661
gen: 94 best: 529.9 mean: 588.9442786069652
gen: 95 best: 529.9 mean: 588.3900497512437
gen: 96 best: 529.9 mean: 587.5238805970149
gen: 97 best: 529.9 mean: 588.3398009950249
gen: 98 best: 529.9 mean: 589.2407960199005
gen: 99 best: 529.9 mean: 587.7328358208955
[10, 10, 10, 9, 10, 11, 10, 11, 10, 10, 10, 9, 9, 10, 10, 9, 12, 11, 10, 9, 9, 10, 9, 10, 9, 11, 9, 9, 10, 11, 10, 11, 9, 10, 10, 9, 10, 10, 9, 9, 10, 11, 10, 9]
Test count of edges: 3241
cat
