Defaulting to user installation because normal site-packages is not writeable
Looking in links: /cvmfs/soft.computecanada.ca/custom/python/wheelhouse/gentoo/avx2, /cvmfs/soft.computecanada.ca/custom/python/wheelhouse/gentoo/generic, /cvmfs/soft.computecanada.ca/custom/python/wheelhouse/generic
Requirement already satisfied: graphviz in /home/js17sy/.local/lib/python3.10/site-packages (0.20)
504; python ga.py 26 1024N_graph26.dat 0.075 0.03 0.7 0.7 0.3 201 1024N_graph26laxgen2rem70_ 685464
/project/6008788/js17sy/reopenga/1024c/ga.py:291: DeprecationWarning: Sampling from a set deprecated
since Python 3.9 and will be removed in a subsequent version.
  child1 = set(random.sample(
gen >0, new best = 662.200
gen >0, new best = 641.800
gen >0, new best = 636.600
gen >0, new best = 635.100
gen >0, new best = 627.300
gen >0, new best = 593.400
gen: 0 best: 593.4 mean: 649.715671641791
gen >1, new best = 592.400
gen >1, new best = 591.100
gen >1, new best = 576.500
gen: 1 best: 576.5 mean: 644.1437810945274
gen: 2 best: 576.5 mean: 642.881592039801
gen: 3 best: 576.5 mean: 638.936815920398
gen: 4 best: 576.5 mean: 634.9378109452737
gen: 5 best: 576.5 mean: 632.8870646766169
gen >6, new best = 546.100
gen: 6 best: 546.1 mean: 630.760696517413
gen: 7 best: 546.1 mean: 627.671144278607
gen >8, new best = 542.700
gen: 8 best: 542.7 mean: 623.3706467661691
gen: 9 best: 542.7 mean: 623.5492537313432
gen: 10 best: 542.7 mean: 618.9398009950248
gen: 11 best: 542.7 mean: 615.463184079602
gen: 12 best: 542.7 mean: 614.4024875621891
gen: 13 best: 542.7 mean: 613.5358208955224
gen: 14 best: 542.7 mean: 609.3880597014926
gen: 15 best: 542.7 mean: 610.5099502487562
gen >16, new best = 528.900
gen: 16 best: 528.9 mean: 608.2358208955224
gen: 17 best: 528.9 mean: 605.3577114427861
gen: 18 best: 528.9 mean: 602.1766169154229
gen: 19 best: 528.9 mean: 601.1054726368159
gen: 20 best: 528.9 mean: 600.989552238806
gen: 21 best: 528.9 mean: 598.3865671641792
gen: 22 best: 528.9 mean: 598.3323383084577
gen: 23 best: 528.9 mean: 598.1517412935324
gen: 24 best: 528.9 mean: 593.7995024875622
gen: 25 best: 528.9 mean: 595.744776119403
gen: 26 best: 528.9 mean: 595.581592039801
gen: 27 best: 528.9 mean: 590.6786069651741
gen: 28 best: 528.9 mean: 592.2149253731343
gen: 29 best: 528.9 mean: 588.8383084577115
gen >30, new best = 526.300
gen: 30 best: 526.3 mean: 589.8273631840796
gen: 31 best: 526.3 mean: 586.6348258706468
gen: 32 best: 526.3 mean: 589.9462686567164
gen >33, new best = 514.200
gen: 33 best: 514.2 mean: 588.8870646766169
gen: 34 best: 514.2 mean: 585.7363184079602
gen: 35 best: 514.2 mean: 586.8736318407961
gen: 36 best: 514.2 mean: 587.0487562189055
gen: 37 best: 514.2 mean: 582.9452736318408
gen: 38 best: 514.2 mean: 583.3587064676617
gen: 39 best: 514.2 mean: 584.7248756218905
gen: 40 best: 514.2 mean: 579.5512437810945
gen: 41 best: 514.2 mean: 578.2149253731343
gen: 42 best: 514.2 mean: 579.510447761194
gen: 43 best: 514.2 mean: 579.7273631840796
gen: 44 best: 514.2 mean: 577.9547263681592
gen: 45 best: 514.2 mean: 573.631343283582
gen: 46 best: 514.2 mean: 574.8059701492538
gen >47, new best = 503.000
gen: 47 best: 503.0 mean: 571.7149253731343
gen: 48 best: 503.0 mean: 572.0751243781094
gen: 49 best: 503.0 mean: 571.1054726368159
gen: 50 best: 503.0 mean: 571.2039800995025
gen: 51 best: 503.0 mean: 572.9323383084577
gen: 52 best: 503.0 mean: 572.1213930348258
gen: 53 best: 503.0 mean: 571.7437810945273
gen: 54 best: 503.0 mean: 569.5661691542289
gen: 55 best: 503.0 mean: 568.3338308457711
gen: 56 best: 503.0 mean: 567.7502487562189
gen: 57 best: 503.0 mean: 564.9800995024875
gen: 58 best: 503.0 mean: 565.5218905472636
gen: 59 best: 503.0 mean: 565.7402985074627
gen: 60 best: 503.0 mean: 565.3218905472637
gen: 61 best: 503.0 mean: 564.3358208955224
gen >62, new best = 497.200
gen: 62 best: 497.2 mean: 566.3955223880597
gen: 63 best: 497.2 mean: 565.1014925373134
gen: 64 best: 497.2 mean: 563.83184079602
gen: 65 best: 497.2 mean: 562.9781094527364
gen: 66 best: 497.2 mean: 564.8671641791045
gen: 67 best: 497.2 mean: 564.0482587064677
gen >68, new best = 467.100
gen: 68 best: 467.1 mean: 561.5597014925373
gen: 69 best: 467.1 mean: 562.631343283582
gen: 70 best: 467.1 mean: 560.4477611940298
gen: 71 best: 467.1 mean: 560.7965174129354
gen: 72 best: 467.1 mean: 561.810447761194
gen: 73 best: 467.1 mean: 558.8059701492538
gen: 74 best: 467.1 mean: 560.8835820895522
gen: 75 best: 467.1 mean: 562.2353233830846
gen: 76 best: 467.1 mean: 561.473631840796
gen: 77 best: 467.1 mean: 559.9009950248757
gen: 78 best: 467.1 mean: 556.9174129353233
gen: 79 best: 467.1 mean: 559.66815920398
gen: 80 best: 467.1 mean: 560.3218905472637
gen: 81 best: 467.1 mean: 557.3616915422886
gen: 82 best: 467.1 mean: 558.5781094527363
gen: 83 best: 467.1 mean: 557.2363184079602
gen: 84 best: 467.1 mean: 557.9661691542289
gen: 85 best: 467.1 mean: 557.2069651741293
gen: 86 best: 467.1 mean: 555.9109452736318
gen: 87 best: 467.1 mean: 556.3358208955224
gen: 88 best: 467.1 mean: 556.6920398009951
gen: 89 best: 467.1 mean: 555.1920398009951
gen: 90 best: 467.1 mean: 557.6308457711443
gen >91, new best = 446.500
gen: 91 best: 446.5 mean: 553.4383084577114
gen: 92 best: 446.5 mean: 553.5487562189055
gen: 93 best: 446.5 mean: 556.7930348258707
gen: 94 best: 446.5 mean: 555.7611940298507
gen: 95 best: 446.5 mean: 553.6691542288557
gen: 96 best: 446.5 mean: 555.5144278606965
gen: 97 best: 446.5 mean: 553.8442786069652
gen: 98 best: 446.5 mean: 554.3965174129353
gen: 99 best: 446.5 mean: 554.028855721393
[7, 9, 8, 8, 7, 8, 7, 9, 8, 8, 8, 7, 8, 8, 7, 8, 7, 8, 9, 8, 10, 8, 7, 7, 8, 6, 9, 8, 8, 7, 7, 9, 9, 8, 8, 7, 7, 8, 8, 8]
Test count of edges: 1968
cat
