Defaulting to user installation because normal site-packages is not writeable
Looking in links: /cvmfs/soft.computecanada.ca/custom/python/wheelhouse/gentoo/avx2, /cvmfs/soft.computecanada.ca/custom/python/wheelhouse/gentoo/generic, /cvmfs/soft.computecanada.ca/custom/python/wheelhouse/generic
Requirement already satisfied: graphviz in /home/js17sy/.local/lib/python3.10/site-packages (0.20)
370; python ga.py 26 1024N_graph26.dat 0.075 0.03 0.5 0.5 0.5 201 1024N_graph26laxgen1rem50_ 285610
/project/6008788/js17sy/reopenga/1024c/ga.py:291: DeprecationWarning: Sampling from a set deprecated
since Python 3.9 and will be removed in a subsequent version.
  child1 = set(random.sample(
gen >0, new best = 695.400
gen >0, new best = 690.500
gen >0, new best = 678.000
gen >0, new best = 676.700
gen >0, new best = 673.400
gen >0, new best = 670.200
gen >0, new best = 662.300
gen >0, new best = 621.300
gen: 0 best: 621.3 mean: 687.38407960199
gen: 1 best: 621.3 mean: 686.5253731343283
gen >2, new best = 614.300
gen: 2 best: 614.3 mean: 685.965671641791
gen: 3 best: 614.3 mean: 685.2512437810946
gen: 4 best: 614.3 mean: 684.3875621890547
gen: 5 best: 614.3 mean: 684.5582089552239
gen >6, new best = 612.700
gen: 6 best: 612.7 mean: 682.2124378109453
gen >7, new best = 601.300
gen: 7 best: 601.3 mean: 681.0149253731344
gen: 8 best: 601.3 mean: 681.1189054726368
gen: 9 best: 601.3 mean: 679.8601990049751
gen: 10 best: 601.3 mean: 678.9417910447761
gen: 11 best: 601.3 mean: 677.3930348258707
gen: 12 best: 601.3 mean: 678.5039800995025
gen: 13 best: 601.3 mean: 676.3074626865672
gen >14, new best = 600.600
gen: 14 best: 600.6 mean: 675.7507462686567
gen: 15 best: 600.6 mean: 673.7064676616916
gen: 16 best: 600.6 mean: 673.8293532338308
gen: 17 best: 600.6 mean: 673.3353233830845
gen: 18 best: 600.6 mean: 672.2358208955224
gen: 19 best: 600.6 mean: 671.6616915422885
gen: 20 best: 600.6 mean: 671.5462686567164
gen: 21 best: 600.6 mean: 671.1950248756219
gen: 22 best: 600.6 mean: 670.0064676616915
gen >23, new best = 594.400
gen: 23 best: 594.4 mean: 671.6099502487563
gen: 24 best: 594.4 mean: 670.5661691542289
gen: 25 best: 594.4 mean: 671.2029850746269
gen: 26 best: 594.4 mean: 670.0567164179105
gen: 27 best: 594.4 mean: 670.5965174129353
gen: 28 best: 594.4 mean: 667.8169154228856
gen >29, new best = 594.100
gen: 29 best: 594.1 mean: 668.5402985074627
gen: 30 best: 594.1 mean: 667.094527363184
gen: 31 best: 594.1 mean: 666.3980099502487
gen: 32 best: 594.1 mean: 667.7218905472637
gen: 33 best: 594.1 mean: 667.5437810945274
gen: 34 best: 594.1 mean: 666.5970149253732
gen: 35 best: 594.1 mean: 666.457711442786
gen: 36 best: 594.1 mean: 666.428855721393
gen: 37 best: 594.1 mean: 665.6975124378109
gen: 38 best: 594.1 mean: 666.2611940298508
gen: 39 best: 594.1 mean: 665.8467661691542
gen: 40 best: 594.1 mean: 666.6562189054727
gen: 41 best: 594.1 mean: 666.1651741293532
gen: 42 best: 594.1 mean: 664.7547263681593
gen >43, new best = 593.300
gen: 43 best: 593.3 mean: 664.5442786069651
gen: 44 best: 593.3 mean: 663.4293532338309
gen: 45 best: 593.3 mean: 664.4646766169154
gen: 46 best: 593.3 mean: 664.4358208955224
gen: 47 best: 593.3 mean: 664.1611940298508
gen: 48 best: 593.3 mean: 664.2890547263681
gen: 49 best: 593.3 mean: 663.4139303482588
gen: 50 best: 593.3 mean: 663.9213930348259
gen: 51 best: 593.3 mean: 662.4716417910448
gen: 52 best: 593.3 mean: 661.4059701492537
gen: 53 best: 593.3 mean: 663.0840796019901
gen: 54 best: 593.3 mean: 661.9567164179105
gen: 55 best: 593.3 mean: 662.3099502487562
gen >56, new best = 586.900
gen: 56 best: 586.9 mean: 660.565671641791
gen: 57 best: 586.9 mean: 661.9243781094527
gen: 58 best: 586.9 mean: 661.1084577114428
gen: 59 best: 586.9 mean: 661.0
gen: 60 best: 586.9 mean: 660.0144278606965
gen: 61 best: 586.9 mean: 659.3094527363185
gen: 62 best: 586.9 mean: 659.6706467661692
gen: 63 best: 586.9 mean: 659.1935323383085
gen: 64 best: 586.9 mean: 660.9199004975125
gen: 65 best: 586.9 mean: 658.9850746268656
gen: 66 best: 586.9 mean: 660.8452736318408
gen: 67 best: 586.9 mean: 660.4810945273632
gen: 68 best: 586.9 mean: 658.7955223880597
gen: 69 best: 586.9 mean: 659.2562189054727
gen: 70 best: 586.9 mean: 658.3029850746269
gen: 71 best: 586.9 mean: 657.8800995024876
gen: 72 best: 586.9 mean: 659.1671641791045
gen: 73 best: 586.9 mean: 657.8422885572139
gen: 74 best: 586.9 mean: 657.3577114427861
gen: 75 best: 586.9 mean: 659.6855721393035
gen: 76 best: 586.9 mean: 658.7457711442786
gen: 77 best: 586.9 mean: 658.5253731343283
gen: 78 best: 586.9 mean: 656.9572139303483
gen: 79 best: 586.9 mean: 657.9129353233831
gen: 80 best: 586.9 mean: 658.3049751243781
gen >81, new best = 585.100
gen: 81 best: 585.1 mean: 656.812935323383
gen: 82 best: 585.1 mean: 657.6129353233831
gen: 83 best: 585.1 mean: 657.7358208955224
gen: 84 best: 585.1 mean: 658.6631840796019
gen: 85 best: 585.1 mean: 657.3791044776119
gen: 86 best: 585.1 mean: 658.8691542288557
gen: 87 best: 585.1 mean: 656.6154228855721
gen >88, new best = 580.100
gen: 88 best: 580.1 mean: 656.6343283582089
gen: 89 best: 580.1 mean: 656.2547263681593
gen: 90 best: 580.1 mean: 655.3417910447761
gen: 91 best: 580.1 mean: 656.6542288557214
gen: 92 best: 580.1 mean: 654.7338308457712
gen: 93 best: 580.1 mean: 656.6099502487563
gen: 94 best: 580.1 mean: 656.4194029850746
gen: 95 best: 580.1 mean: 655.3522388059702
gen: 96 best: 580.1 mean: 656.4746268656717
gen: 97 best: 580.1 mean: 654.7169154228856
gen: 98 best: 580.1 mean: 654.3726368159204
gen: 99 best: 580.1 mean: 654.7666666666667
[9, 9, 9, 10, 8, 11, 8, 8, 10, 8, 9, 9, 9, 9, 9, 9, 9, 8, 8, 10, 9, 9, 8, 9, 9, 8, 9, 9, 9, 8, 8, 9, 9, 9, 8, 8, 9, 8, 9, 8, 9, 8, 9]
Test count of edges: 3274
cat
