Defaulting to user installation because normal site-packages is not writeable
Looking in links: /cvmfs/soft.computecanada.ca/custom/python/wheelhouse/gentoo/avx2, /cvmfs/soft.computecanada.ca/custom/python/wheelhouse/gentoo/generic, /cvmfs/soft.computecanada.ca/custom/python/wheelhouse/generic
Requirement already satisfied: graphviz in /home/js17sy/.local/lib/python3.10/site-packages (0.20)
596; python ga.py 26 1024N_graph26.dat 0.1 0.04 0.5 0.7 0.3 201 1024N_graph26leerygen2rem50_ 742586
/project/6008788/js17sy/reopenga/1024c/ga.py:291: DeprecationWarning: Sampling from a set deprecated
since Python 3.9 and will be removed in a subsequent version.
  child1 = set(random.sample(
gen >0, new best = 711.900
gen >0, new best = 708.300
gen >0, new best = 703.800
gen >0, new best = 688.200
gen: 0 best: 688.2 mean: 716.5646766169154
gen >1, new best = 687.100
gen: 1 best: 687.1 mean: 715.3248756218906
gen >2, new best = 679.600
gen: 2 best: 679.6 mean: 713.0905472636816
gen: 3 best: 679.6 mean: 712.16815920398
gen: 4 best: 679.6 mean: 711.2427860696517
gen: 5 best: 679.6 mean: 711.6383084577114
gen: 6 best: 679.6 mean: 711.357711442786
gen >7, new best = 678.400
gen: 7 best: 678.4 mean: 710.1253731343284
gen >8, new best = 674.300
gen >8, new best = 640.500
gen: 8 best: 640.5 mean: 710.0492537313432
gen >9, new best = 632.300
gen: 9 best: 632.3 mean: 708.5646766169154
gen: 10 best: 632.3 mean: 708.6830845771144
gen: 11 best: 632.3 mean: 709.83184079602
gen: 12 best: 632.3 mean: 708.0870646766169
gen: 13 best: 632.3 mean: 706.8766169154229
gen: 14 best: 632.3 mean: 707.1985074626866
gen: 15 best: 632.3 mean: 707.3820895522388
gen: 16 best: 632.3 mean: 706.0507462686567
gen: 17 best: 632.3 mean: 705.763184079602
gen: 18 best: 632.3 mean: 705.1412935323383
gen: 19 best: 632.3 mean: 704.3641791044776
gen: 20 best: 632.3 mean: 702.7009950248756
gen: 21 best: 632.3 mean: 703.7656716417911
gen: 22 best: 632.3 mean: 702.7955223880597
gen: 23 best: 632.3 mean: 702.3701492537314
gen: 24 best: 632.3 mean: 701.420895522388
gen: 25 best: 632.3 mean: 699.1537313432835
gen: 26 best: 632.3 mean: 699.5696517412936
gen: 27 best: 632.3 mean: 700.2721393034826
gen: 28 best: 632.3 mean: 698.7577114427861
gen: 29 best: 632.3 mean: 697.0562189054726
gen >30, new best = 623.800
gen: 30 best: 623.8 mean: 696.3512437810946
gen: 31 best: 623.8 mean: 694.9318407960199
gen: 32 best: 623.8 mean: 697.455223880597
gen: 33 best: 623.8 mean: 696.2985074626865
gen: 34 best: 623.8 mean: 695.3965174129353
gen: 35 best: 623.8 mean: 693.9223880597015
gen: 36 best: 623.8 mean: 694.2283582089552
gen: 37 best: 623.8 mean: 693.565671641791
gen: 38 best: 623.8 mean: 692.5029850746268
gen: 39 best: 623.8 mean: 692.2348258706468
gen: 40 best: 623.8 mean: 691.4019900497512
gen: 41 best: 623.8 mean: 692.0313432835821
gen: 42 best: 623.8 mean: 691.4338308457711
gen: 43 best: 623.8 mean: 691.9154228855722
gen: 44 best: 623.8 mean: 690.3582089552239
gen: 45 best: 623.8 mean: 690.7781094527363
gen: 46 best: 623.8 mean: 690.9940298507463
gen >47, new best = 618.300
gen: 47 best: 618.3 mean: 690.66815920398
gen >48, new best = 605.500
gen: 48 best: 605.5 mean: 689.6646766169155
gen: 49 best: 605.5 mean: 691.1268656716418
gen: 50 best: 605.5 mean: 689.83184079602
gen: 51 best: 605.5 mean: 689.187064676617
gen: 52 best: 605.5 mean: 689.1691542288557
gen: 53 best: 605.5 mean: 688.7353233830846
gen: 54 best: 605.5 mean: 689.4432835820895
gen: 55 best: 605.5 mean: 689.7825870646766
gen: 56 best: 605.5 mean: 687.4039800995025
gen: 57 best: 605.5 mean: 687.4900497512438
gen: 58 best: 605.5 mean: 687.7119402985074
gen: 59 best: 605.5 mean: 685.5572139303482
gen: 60 best: 605.5 mean: 687.6134328358208
gen: 61 best: 605.5 mean: 685.7985074626865
gen: 62 best: 605.5 mean: 686.420895522388
gen: 63 best: 605.5 mean: 685.9472636815921
gen: 64 best: 605.5 mean: 685.1194029850747
gen >65, new best = 602.900
gen: 65 best: 602.9 mean: 685.2746268656716
gen: 66 best: 602.9 mean: 685.4597014925373
gen: 67 best: 602.9 mean: 685.1820895522388
gen: 68 best: 602.9 mean: 685.3985074626866
gen: 69 best: 602.9 mean: 685.0990049751243
gen: 70 best: 602.9 mean: 685.2905472636816
gen: 71 best: 602.9 mean: 684.7850746268657
gen: 72 best: 602.9 mean: 685.2910447761194
gen: 73 best: 602.9 mean: 685.5373134328358
gen: 74 best: 602.9 mean: 684.4636815920398
gen: 75 best: 602.9 mean: 683.9179104477612
gen: 76 best: 602.9 mean: 683.0283582089552
gen: 77 best: 602.9 mean: 683.5363184079602
gen: 78 best: 602.9 mean: 683.1009950248756
gen: 79 best: 602.9 mean: 682.3353233830845
gen: 80 best: 602.9 mean: 683.2029850746269
gen: 81 best: 602.9 mean: 682.5845771144278
gen: 82 best: 602.9 mean: 682.918407960199
gen: 83 best: 602.9 mean: 681.7248756218905
gen: 84 best: 602.9 mean: 682.2119402985074
gen: 85 best: 602.9 mean: 682.3542288557214
gen: 86 best: 602.9 mean: 681.9611940298507
gen: 87 best: 602.9 mean: 681.8746268656716
gen: 88 best: 602.9 mean: 682.3681592039801
gen: 89 best: 602.9 mean: 681.8736318407961
gen: 90 best: 602.9 mean: 680.0925373134328
gen: 91 best: 602.9 mean: 681.5567164179105
gen: 92 best: 602.9 mean: 680.6835820895523
gen: 93 best: 602.9 mean: 680.7905472636816
gen: 94 best: 602.9 mean: 680.8766169154229
gen: 95 best: 602.9 mean: 680.5328358208956
gen: 96 best: 602.9 mean: 680.4835820895522
gen: 97 best: 602.9 mean: 678.7915422885573
gen: 98 best: 602.9 mean: 680.1671641791045
gen >99, new best = 598.900
gen: 99 best: 598.9 mean: 678.1238805970149
[8, 9, 8, 8, 8, 7, 9, 9, 8, 8, 8, 8, 8, 8, 7, 8, 9, 7, 10, 9, 8, 8, 8, 8, 8, 8, 8, 9, 9, 10, 9, 7, 8, 8, 8, 8, 8, 9, 7, 8, 8]
Test count of edges: 3260
cat
