Defaulting to user installation because normal site-packages is not writeable
Looking in links: /cvmfs/soft.computecanada.ca/custom/python/wheelhouse/gentoo/avx2, /cvmfs/soft.computecanada.ca/custom/python/wheelhouse/gentoo/generic, /cvmfs/soft.computecanada.ca/custom/python/wheelhouse/generic
Requirement already satisfied: graphviz in /home/js17sy/.local/lib/python3.10/site-packages (0.20)
261; python ga.py 26 1024N_graph26.dat 0.05 0.02 0.5 0.9 0.1 201 1024N_graph26mediumgen3rem50_ 599781
/project/6008788/js17sy/reopenga/1024c/ga.py:291: DeprecationWarning: Sampling from a set deprecated
since Python 3.9 and will be removed in a subsequent version.
  child1 = set(random.sample(
gen >0, new best = 667.700
gen >0, new best = 663.900
gen >0, new best = 657.500
gen >0, new best = 656.100
gen >0, new best = 653.800
gen >0, new best = 652.800
gen >0, new best = 647.600
gen >0, new best = 641.600
gen: 0 best: 641.6 mean: 670.6945273631841
gen: 1 best: 641.6 mean: 669.4393034825871
gen: 2 best: 641.6 mean: 668.4154228855722
gen: 3 best: 641.6 mean: 665.9238805970149
gen >4, new best = 640.100
gen: 4 best: 640.1 mean: 666.5671641791045
gen: 5 best: 640.1 mean: 666.6049751243781
gen >6, new best = 603.000
gen: 6 best: 603.0 mean: 664.9129353233831
gen: 7 best: 603.0 mean: 664.655223880597
gen: 8 best: 603.0 mean: 661.8800995024876
gen: 9 best: 603.0 mean: 662.2547263681593
gen >10, new best = 602.100
gen >10, new best = 592.200
gen: 10 best: 592.2 mean: 659.8577114427861
gen: 11 best: 592.2 mean: 660.2870646766169
gen: 12 best: 592.2 mean: 658.0109452736318
gen: 13 best: 592.2 mean: 657.3378109452736
gen: 14 best: 592.2 mean: 657.2119402985074
gen: 15 best: 592.2 mean: 657.3522388059702
gen: 16 best: 592.2 mean: 656.8164179104477
gen: 17 best: 592.2 mean: 655.2402985074627
gen: 18 best: 592.2 mean: 653.4074626865672
gen: 19 best: 592.2 mean: 653.9796019900498
gen >20, new best = 590.900
gen: 20 best: 590.9 mean: 652.5114427860697
gen: 21 best: 590.9 mean: 651.6920398009951
gen >22, new best = 583.400
gen: 22 best: 583.4 mean: 650.407960199005
gen: 23 best: 583.4 mean: 649.8492537313433
gen: 24 best: 583.4 mean: 648.7781094527363
gen: 25 best: 583.4 mean: 646.3890547263682
gen: 26 best: 583.4 mean: 647.3019900497512
gen >27, new best = 570.300
gen: 27 best: 570.3 mean: 646.0208955223881
gen: 28 best: 570.3 mean: 644.2502487562189
gen: 29 best: 570.3 mean: 644.8880597014926
gen: 30 best: 570.3 mean: 644.2835820895523
gen: 31 best: 570.3 mean: 643.8467661691542
gen: 32 best: 570.3 mean: 644.2223880597015
gen: 33 best: 570.3 mean: 642.8870646766169
gen: 34 best: 570.3 mean: 642.7144278606966
gen: 35 best: 570.3 mean: 643.0398009950248
gen: 36 best: 570.3 mean: 640.5134328358209
gen: 37 best: 570.3 mean: 639.3626865671641
gen: 38 best: 570.3 mean: 638.3139303482587
gen: 39 best: 570.3 mean: 634.7308457711442
gen: 40 best: 570.3 mean: 636.3611940298507
gen: 41 best: 570.3 mean: 633.5507462686567
gen: 42 best: 570.3 mean: 632.7497512437811
gen: 43 best: 570.3 mean: 633.1442786069651
gen >44, new best = 567.100
gen: 44 best: 567.1 mean: 631.0955223880597
gen: 45 best: 567.1 mean: 630.5517412935324
gen: 46 best: 567.1 mean: 629.6482587064677
gen >47, new best = 563.000
gen: 47 best: 563.0 mean: 628.8915422885572
gen: 48 best: 563.0 mean: 628.0383084577114
gen: 49 best: 563.0 mean: 629.094527363184
gen: 50 best: 563.0 mean: 628.065671641791
gen: 51 best: 563.0 mean: 627.7800995024876
gen >52, new best = 560.300
gen >52, new best = 540.100
gen: 52 best: 540.1 mean: 625.6487562189054
gen: 53 best: 540.1 mean: 625.3233830845771
gen: 54 best: 540.1 mean: 624.944776119403
gen: 55 best: 540.1 mean: 625.9348258706467
gen: 56 best: 540.1 mean: 623.7328358208955
gen: 57 best: 540.1 mean: 623.6462686567164
gen: 58 best: 540.1 mean: 623.8348258706468
gen: 59 best: 540.1 mean: 623.7512437810946
gen: 60 best: 540.1 mean: 624.1671641791045
gen: 61 best: 540.1 mean: 622.8995024875621
gen: 62 best: 540.1 mean: 623.055223880597
gen: 63 best: 540.1 mean: 621.6238805970149
gen: 64 best: 540.1 mean: 622.0686567164179
gen: 65 best: 540.1 mean: 621.1945273631841
gen: 66 best: 540.1 mean: 621.7064676616916
gen: 67 best: 540.1 mean: 621.6482587064677
gen: 68 best: 540.1 mean: 620.3835820895522
gen: 69 best: 540.1 mean: 619.7820895522389
gen: 70 best: 540.1 mean: 618.3601990049751
gen: 71 best: 540.1 mean: 619.8248756218906
gen: 72 best: 540.1 mean: 618.7825870646766
gen: 73 best: 540.1 mean: 618.7572139303483
gen: 74 best: 540.1 mean: 617.1975124378109
gen: 75 best: 540.1 mean: 618.6457711442786
gen: 76 best: 540.1 mean: 618.5328358208956
gen: 77 best: 540.1 mean: 617.0825870646767
gen: 78 best: 540.1 mean: 616.2990049751244
gen: 79 best: 540.1 mean: 616.5910447761194
gen: 80 best: 540.1 mean: 615.61592039801
gen: 81 best: 540.1 mean: 616.1691542288557
gen: 82 best: 540.1 mean: 615.6119402985074
gen: 83 best: 540.1 mean: 615.2452736318407
gen: 84 best: 540.1 mean: 613.7313432835821
gen: 85 best: 540.1 mean: 614.5995024875622
gen: 86 best: 540.1 mean: 613.4562189054726
gen: 87 best: 540.1 mean: 613.4223880597015
gen: 88 best: 540.1 mean: 613.7995024875622
gen: 89 best: 540.1 mean: 614.247263681592
gen: 90 best: 540.1 mean: 613.718407960199
gen: 91 best: 540.1 mean: 611.2776119402985
gen: 92 best: 540.1 mean: 611.8333333333334
gen: 93 best: 540.1 mean: 612.7258706467661
gen: 94 best: 540.1 mean: 611.5427860696517
gen: 95 best: 540.1 mean: 611.5189054726368
gen: 96 best: 540.1 mean: 611.5139303482587
gen: 97 best: 540.1 mean: 611.9104477611941
gen: 98 best: 540.1 mean: 611.3666666666667
gen: 99 best: 540.1 mean: 611.9393034825871
[9, 9, 8, 9, 9, 10, 9, 9, 10, 10, 9, 9, 9, 9, 9, 11, 9, 10, 10, 9, 9, 10, 10, 9, 9, 9, 10, 10, 9, 10, 10, 9, 10, 8, 10, 10, 9, 9, 9, 8, 10, 10, 10]
Test count of edges: 3237
cat
