Defaulting to user installation because normal site-packages is not writeable
Looking in links: /cvmfs/soft.computecanada.ca/custom/python/wheelhouse/gentoo/avx2, /cvmfs/soft.computecanada.ca/custom/python/wheelhouse/gentoo/generic, /cvmfs/soft.computecanada.ca/custom/python/wheelhouse/generic
Requirement already satisfied: graphviz in /home/js17sy/.local/lib/python3.10/site-packages (0.20)
18; python ga.py 26 1024N_graph26.dat 0.025 0.01 0.5 0.5 0.5 201 1024N_graph26strictgen1rem50_ 514098
/project/6008788/js17sy/reopenga/1024c/ga.py:291: DeprecationWarning: Sampling from a set deprecated
since Python 3.9 and will be removed in a subsequent version.
  child1 = set(random.sample(
gen >0, new best = 645.000
gen >0, new best = 641.400
gen >0, new best = 584.100
gen: 0 best: 584.1 mean: 654.7639303482587
gen: 1 best: 584.1 mean: 654.5587064676616
gen: 2 best: 584.1 mean: 652.7860696517413
gen: 3 best: 584.1 mean: 652.0104477611941
gen: 4 best: 584.1 mean: 650.6810945273631
gen: 5 best: 584.1 mean: 651.8626865671641
gen: 6 best: 584.1 mean: 649.9114427860696
gen: 7 best: 584.1 mean: 649.0716417910447
gen: 8 best: 584.1 mean: 649.6741293532339
gen: 9 best: 584.1 mean: 647.5169154228855
gen: 10 best: 584.1 mean: 646.5646766169154
gen >11, new best = 571.700
gen: 11 best: 571.7 mean: 646.0542288557214
gen: 12 best: 571.7 mean: 645.9542288557213
gen: 13 best: 571.7 mean: 645.4199004975125
gen: 14 best: 571.7 mean: 643.7850746268657
gen: 15 best: 571.7 mean: 642.4049751243781
gen: 16 best: 571.7 mean: 640.4437810945274
gen: 17 best: 571.7 mean: 640.2497512437811
gen: 18 best: 571.7 mean: 638.163184079602
gen: 19 best: 571.7 mean: 638.9502487562189
gen: 20 best: 571.7 mean: 638.0935323383085
gen: 21 best: 571.7 mean: 637.555223880597
gen: 22 best: 571.7 mean: 637.1741293532339
gen: 23 best: 571.7 mean: 635.7363184079602
gen: 24 best: 571.7 mean: 635.2129353233831
gen: 25 best: 571.7 mean: 634.5820895522388
gen >26, new best = 563.900
gen: 26 best: 563.9 mean: 631.9144278606965
gen: 27 best: 563.9 mean: 631.3557213930349
gen: 28 best: 563.9 mean: 631.3084577114428
gen: 29 best: 563.9 mean: 630.9810945273632
gen: 30 best: 563.9 mean: 631.3174129353234
gen: 31 best: 563.9 mean: 630.5646766169154
gen: 32 best: 563.9 mean: 629.5527363184079
gen: 33 best: 563.9 mean: 630.7203980099503
gen: 34 best: 563.9 mean: 629.2796019900497
gen: 35 best: 563.9 mean: 629.6303482587065
gen: 36 best: 563.9 mean: 629.3786069651741
gen: 37 best: 563.9 mean: 630.0771144278607
gen: 38 best: 563.9 mean: 628.3875621890547
gen: 39 best: 563.9 mean: 628.2572139303483
gen: 40 best: 563.9 mean: 628.1507462686567
gen: 41 best: 563.9 mean: 626.6253731343284
gen: 42 best: 563.9 mean: 626.4880597014925
gen: 43 best: 563.9 mean: 627.0597014925373
gen: 44 best: 563.9 mean: 627.9527363184079
gen: 45 best: 563.9 mean: 628.0850746268657
gen: 46 best: 563.9 mean: 626.0353233830846
gen: 47 best: 563.9 mean: 625.6218905472637
gen: 48 best: 563.9 mean: 625.8467661691542
gen: 49 best: 563.9 mean: 625.1517412935324
gen: 50 best: 563.9 mean: 625.0213930348259
gen >51, new best = 562.900
gen: 51 best: 562.9 mean: 623.8577114427861
gen: 52 best: 562.9 mean: 624.4676616915423
gen: 53 best: 562.9 mean: 624.2203980099503
gen: 54 best: 562.9 mean: 624.1248756218905
gen: 55 best: 562.9 mean: 623.0895522388059
gen: 56 best: 562.9 mean: 624.7865671641791
gen >57, new best = 539.900
gen: 57 best: 539.9 mean: 622.5636815920398
gen: 58 best: 539.9 mean: 622.1676616915423
gen: 59 best: 539.9 mean: 623.1154228855721
gen: 60 best: 539.9 mean: 620.8736318407961
gen: 61 best: 539.9 mean: 621.7532338308457
gen: 62 best: 539.9 mean: 620.9442786069652
gen: 63 best: 539.9 mean: 621.8412935323383
gen: 64 best: 539.9 mean: 619.0208955223881
gen: 65 best: 539.9 mean: 619.7358208955224
gen: 66 best: 539.9 mean: 619.1636815920398
gen: 67 best: 539.9 mean: 619.0069651741294
gen: 68 best: 539.9 mean: 620.3402985074626
gen: 69 best: 539.9 mean: 619.5099502487562
gen: 70 best: 539.9 mean: 618.7542288557214
gen: 71 best: 539.9 mean: 617.3597014925373
gen: 72 best: 539.9 mean: 617.702487562189
gen: 73 best: 539.9 mean: 618.4960199004975
gen: 74 best: 539.9 mean: 618.081592039801
gen: 75 best: 539.9 mean: 618.2850746268657
gen: 76 best: 539.9 mean: 617.0348258706467
gen: 77 best: 539.9 mean: 618.202487562189
gen: 78 best: 539.9 mean: 618.0716417910447
gen: 79 best: 539.9 mean: 617.0557213930348
gen: 80 best: 539.9 mean: 618.0134328358209
gen: 81 best: 539.9 mean: 615.9477611940298
gen: 82 best: 539.9 mean: 616.7203980099503
gen: 83 best: 539.9 mean: 617.0402985074627
gen: 84 best: 539.9 mean: 615.1686567164179
gen: 85 best: 539.9 mean: 615.8402985074626
gen: 86 best: 539.9 mean: 616.7990049751244
gen: 87 best: 539.9 mean: 616.0597014925373
gen: 88 best: 539.9 mean: 615.5980099502488
gen: 89 best: 539.9 mean: 616.4059701492537
gen: 90 best: 539.9 mean: 615.6203980099502
gen: 91 best: 539.9 mean: 615.1482587064677
gen: 92 best: 539.9 mean: 615.4278606965174
gen: 93 best: 539.9 mean: 615.8099502487562
gen: 94 best: 539.9 mean: 614.6741293532339
gen: 95 best: 539.9 mean: 614.9915422885572
gen: 96 best: 539.9 mean: 616.4497512437811
gen: 97 best: 539.9 mean: 615.5218905472636
gen: 98 best: 539.9 mean: 616.473631840796
gen: 99 best: 539.9 mean: 615.6641791044776
[9, 9, 11, 10, 10, 10, 10, 11, 10, 11, 11, 10, 10, 10, 10, 11, 9, 11, 11, 11, 10, 10, 10, 9, 11, 10, 10, 10, 11, 10, 10, 9, 10, 10, 11, 10, 11]
Test count of edges: 3261
cat
