Defaulting to user installation because normal site-packages is not writeable
Looking in links: /cvmfs/soft.computecanada.ca/custom/python/wheelhouse/gentoo/avx2, /cvmfs/soft.computecanada.ca/custom/python/wheelhouse/gentoo/generic, /cvmfs/soft.computecanada.ca/custom/python/wheelhouse/generic
Requirement already satisfied: graphviz in /home/js17sy/.local/lib/python3.10/site-packages (0.20)
332; python ga.py 26 1024N_graph26.dat 0.05 0.02 0.7 0.9 0.1 201 1024N_graph26mediumgen3rem70_ 57122
/project/6008788/js17sy/reopenga/1024c/ga.py:291: DeprecationWarning: Sampling from a set deprecated
since Python 3.9 and will be removed in a subsequent version.
  child1 = set(random.sample(
gen >0, new best = 636.700
gen >0, new best = 632.000
gen >0, new best = 595.600
gen >0, new best = 589.700
gen >0, new best = 579.600
gen >0, new best = 576.500
gen >0, new best = 560.700
gen: 0 best: 560.7 mean: 627.3460199004975
gen >1, new best = 545.100
gen: 1 best: 545.1 mean: 620.5572139303482
gen: 2 best: 545.1 mean: 616.5442786069651
gen >3, new best = 544.100
gen: 3 best: 544.1 mean: 611.5313432835821
gen: 4 best: 544.1 mean: 609.1054726368159
gen >5, new best = 525.700
gen: 5 best: 525.7 mean: 602.2288557213931
gen >6, new best = 511.700
gen: 6 best: 511.7 mean: 598.8278606965174
gen: 7 best: 511.7 mean: 597.1318407960199
gen: 8 best: 511.7 mean: 595.4029850746268
gen: 9 best: 511.7 mean: 591.7930348258707
gen: 10 best: 511.7 mean: 588.0626865671642
gen: 11 best: 511.7 mean: 585.318407960199
gen: 12 best: 511.7 mean: 580.1427860696517
gen: 13 best: 511.7 mean: 577.1706467661692
gen: 14 best: 511.7 mean: 573.5199004975125
gen >15, new best = 507.100
gen >15, new best = 506.600
gen: 15 best: 506.6 mean: 574.2074626865672
gen: 16 best: 506.6 mean: 567.8930348258707
gen >17, new best = 506.200
gen: 17 best: 506.2 mean: 567.7537313432836
gen: 18 best: 506.2 mean: 563.4149253731343
gen >19, new best = 500.700
gen: 19 best: 500.7 mean: 560.3800995024876
gen: 20 best: 500.7 mean: 561.7402985074627
gen >21, new best = 498.300
gen: 21 best: 498.3 mean: 558.4467661691542
gen: 22 best: 498.3 mean: 556.6203980099502
gen >23, new best = 494.500
gen: 23 best: 494.5 mean: 552.418407960199
gen >24, new best = 491.100
gen: 24 best: 491.1 mean: 553.0412935323383
gen: 25 best: 491.1 mean: 551.5721393034826
gen: 26 best: 491.1 mean: 550.9701492537314
gen: 27 best: 491.1 mean: 549.0547263681592
gen >28, new best = 489.000
gen >28, new best = 468.900
gen: 28 best: 468.9 mean: 544.5049751243781
gen: 29 best: 468.9 mean: 544.3616915422886
gen: 30 best: 468.9 mean: 544.8860696517413
gen: 31 best: 468.9 mean: 543.3825870646766
gen: 32 best: 468.9 mean: 540.936815920398
gen: 33 best: 468.9 mean: 538.0388059701493
gen >34, new best = 463.300
gen: 34 best: 463.3 mean: 542.2412935323383
gen: 35 best: 463.3 mean: 539.0318407960199
gen: 36 best: 463.3 mean: 540.4671641791044
gen: 37 best: 463.3 mean: 538.0179104477612
gen: 38 best: 463.3 mean: 535.7094527363184
gen: 39 best: 463.3 mean: 535.4308457711443
gen: 40 best: 463.3 mean: 537.1348258706468
gen: 41 best: 463.3 mean: 536.8810945273632
gen: 42 best: 463.3 mean: 534.1213930348258
gen: 43 best: 463.3 mean: 531.9786069651741
gen >44, new best = 458.700
gen: 44 best: 458.7 mean: 530.7860696517413
gen: 45 best: 458.7 mean: 530.4880597014925
gen: 46 best: 458.7 mean: 529.9766169154229
gen: 47 best: 458.7 mean: 525.9228855721393
gen: 48 best: 458.7 mean: 528.7467661691542
gen >49, new best = 437.700
gen: 49 best: 437.7 mean: 525.2611940298508
gen: 50 best: 437.7 mean: 528.8099502487562
gen: 51 best: 437.7 mean: 526.6388059701493
gen: 52 best: 437.7 mean: 524.2059701492537
gen: 53 best: 437.7 mean: 525.9049751243781
gen: 54 best: 437.7 mean: 526.5273631840796
gen: 55 best: 437.7 mean: 525.9383084577114
gen: 56 best: 437.7 mean: 524.8393034825871
gen: 57 best: 437.7 mean: 524.1213930348259
gen: 58 best: 437.7 mean: 523.718407960199
gen: 59 best: 437.7 mean: 524.3557213930349
gen: 60 best: 437.7 mean: 521.7796019900497
gen: 61 best: 437.7 mean: 521.1651741293532
gen: 62 best: 437.7 mean: 520.8676616915423
gen: 63 best: 437.7 mean: 520.4855721393035
gen: 64 best: 437.7 mean: 520.4437810945274
gen: 65 best: 437.7 mean: 520.3766169154229
gen: 66 best: 437.7 mean: 519.4562189054726
gen: 67 best: 437.7 mean: 520.0208955223881
gen: 68 best: 437.7 mean: 518.5119402985075
gen: 69 best: 437.7 mean: 517.7343283582089
gen: 70 best: 437.7 mean: 519.1243781094528
gen: 71 best: 437.7 mean: 518.0900497512438
gen: 72 best: 437.7 mean: 517.4965174129353
gen: 73 best: 437.7 mean: 517.8094527363185
gen: 74 best: 437.7 mean: 516.9333333333333
gen: 75 best: 437.7 mean: 518.9412935323382
gen: 76 best: 437.7 mean: 516.3179104477612
gen: 77 best: 437.7 mean: 516.2243781094527
gen: 78 best: 437.7 mean: 514.7900497512438
gen: 79 best: 437.7 mean: 514.1139303482587
gen: 80 best: 437.7 mean: 514.6522388059701
gen: 81 best: 437.7 mean: 515.6009950248756
gen: 82 best: 437.7 mean: 515.2512437810946
gen: 83 best: 437.7 mean: 514.1228855721394
gen: 84 best: 437.7 mean: 515.8179104477612
gen: 85 best: 437.7 mean: 515.2746268656716
gen: 86 best: 437.7 mean: 513.6427860696517
gen: 87 best: 437.7 mean: 515.639303482587
gen: 88 best: 437.7 mean: 512.4587064676617
gen: 89 best: 437.7 mean: 513.2124378109453
gen: 90 best: 437.7 mean: 514.5512437810945
gen: 91 best: 437.7 mean: 514.3990049751244
gen: 92 best: 437.7 mean: 513.5298507462686
gen: 93 best: 437.7 mean: 515.3412935323383
gen: 94 best: 437.7 mean: 513.7587064676617
gen: 95 best: 437.7 mean: 512.218407960199
gen >96, new best = 436.700
gen: 96 best: 436.7 mean: 513.9189054726368
gen: 97 best: 436.7 mean: 513.9915422885572
gen: 98 best: 436.7 mean: 514.0194029850746
gen: 99 best: 436.7 mean: 513.3865671641792
[8, 8, 8, 8, 8, 8, 9, 8, 8, 9, 7, 8, 8, 7, 9, 11, 8, 8, 8, 9, 9, 8, 8, 8, 8, 8, 9, 9, 8, 7, 9, 8, 8, 8, 8, 10, 9, 9, 9, 10, 9, 9, 9]
Test count of edges: 1950
cat
