Defaulting to user installation because normal site-packages is not writeable
Looking in links: /cvmfs/soft.computecanada.ca/custom/python/wheelhouse/gentoo/avx2, /cvmfs/soft.computecanada.ca/custom/python/wheelhouse/gentoo/generic, /cvmfs/soft.computecanada.ca/custom/python/wheelhouse/generic
Requirement already satisfied: graphviz in /home/js17sy/.local/lib/python3.10/site-packages (0.20)
458; python ga.py 26 1024N_graph26.dat 0.075 0.03 0.7 0.5 0.5 201 1024N_graph26laxgen1rem70_ 228488
/project/6008788/js17sy/reopenga/1024c/ga.py:291: DeprecationWarning: Sampling from a set deprecated
since Python 3.9 and will be removed in a subsequent version.
  child1 = set(random.sample(
gen >0, new best = 661.000
gen >0, new best = 633.500
gen >0, new best = 630.300
gen >0, new best = 622.400
gen >0, new best = 608.300
gen >0, new best = 596.800
gen: 0 best: 596.8 mean: 654.2087064676617
gen: 1 best: 596.8 mean: 650.1034825870647
gen >2, new best = 587.500
gen >2, new best = 582.700
gen: 2 best: 582.7 mean: 643.9796019900498
gen >3, new best = 578.100
gen: 3 best: 578.1 mean: 642.0134328358209
gen >4, new best = 576.900
gen: 4 best: 576.9 mean: 636.136815920398
gen >5, new best = 574.200
gen: 5 best: 574.2 mean: 632.189552238806
gen >6, new best = 573.100
gen: 6 best: 573.1 mean: 626.3134328358209
gen: 7 best: 573.1 mean: 624.6009950248756
gen >8, new best = 568.100
gen >8, new best = 566.200
gen: 8 best: 566.2 mean: 623.4746268656717
gen: 9 best: 566.2 mean: 621.5721393034826
gen >10, new best = 566.000
gen: 10 best: 566.0 mean: 620.2512437810946
gen >11, new best = 558.500
gen: 11 best: 558.5 mean: 618.4363184079602
gen: 12 best: 558.5 mean: 616.4203980099502
gen >13, new best = 550.500
gen: 13 best: 550.5 mean: 615.7189054726368
gen >14, new best = 542.100
gen: 14 best: 542.1 mean: 614.9582089552239
gen: 15 best: 542.1 mean: 613.2970149253731
gen: 16 best: 542.1 mean: 608.4965174129353
gen: 17 best: 542.1 mean: 606.2482587064677
gen: 18 best: 542.1 mean: 603.2696517412935
gen: 19 best: 542.1 mean: 602.8641791044776
gen >20, new best = 539.500
gen: 20 best: 539.5 mean: 603.7169154228856
gen: 21 best: 539.5 mean: 599.9388059701492
gen: 22 best: 539.5 mean: 601.776119402985
gen: 23 best: 539.5 mean: 599.1706467661692
gen: 24 best: 539.5 mean: 596.6338308457712
gen >25, new best = 528.600
gen: 25 best: 528.6 mean: 595.7462686567164
gen: 26 best: 528.6 mean: 593.6089552238806
gen: 27 best: 528.6 mean: 596.1164179104478
gen: 28 best: 528.6 mean: 592.9696517412935
gen: 29 best: 528.6 mean: 592.7587064676617
gen: 30 best: 528.6 mean: 591.9
gen: 31 best: 528.6 mean: 588.7786069651742
gen: 32 best: 528.6 mean: 587.602487562189
gen: 33 best: 528.6 mean: 586.3328358208955
gen: 34 best: 528.6 mean: 587.897512437811
gen >35, new best = 522.600
gen: 35 best: 522.6 mean: 587.2601990049751
gen: 36 best: 522.6 mean: 586.1049751243781
gen: 37 best: 522.6 mean: 586.7233830845771
gen: 38 best: 522.6 mean: 586.8890547263682
gen: 39 best: 522.6 mean: 586.2905472636816
gen >40, new best = 514.400
gen: 40 best: 514.4 mean: 585.8701492537314
gen: 41 best: 514.4 mean: 584.8273631840796
gen: 42 best: 514.4 mean: 585.3134328358209
gen: 43 best: 514.4 mean: 584.1323383084577
gen >44, new best = 496.500
gen: 44 best: 496.5 mean: 581.4522388059702
gen: 45 best: 496.5 mean: 582.5283582089552
gen: 46 best: 496.5 mean: 580.4940298507463
gen: 47 best: 496.5 mean: 580.5029850746268
gen: 48 best: 496.5 mean: 581.4895522388059
gen: 49 best: 496.5 mean: 580.7402985074627
gen: 50 best: 496.5 mean: 582.9751243781095
gen: 51 best: 496.5 mean: 581.5845771144278
gen: 52 best: 496.5 mean: 579.0169154228855
gen: 53 best: 496.5 mean: 579.0303482587065
gen: 54 best: 496.5 mean: 580.3383084577115
gen: 55 best: 496.5 mean: 579.2094527363184
gen: 56 best: 496.5 mean: 577.6771144278607
gen: 57 best: 496.5 mean: 578.0522388059702
gen: 58 best: 496.5 mean: 578.3771144278606
gen: 59 best: 496.5 mean: 576.9542288557213
gen: 60 best: 496.5 mean: 577.1432835820896
gen: 61 best: 496.5 mean: 578.4597014925373
gen: 62 best: 496.5 mean: 577.7865671641791
gen: 63 best: 496.5 mean: 575.3074626865672
gen: 64 best: 496.5 mean: 572.7786069651742
gen: 65 best: 496.5 mean: 575.7955223880597
gen: 66 best: 496.5 mean: 575.4223880597015
gen: 67 best: 496.5 mean: 575.2925373134328
gen >68, new best = 492.600
gen: 68 best: 492.6 mean: 574.9039800995025
gen: 69 best: 492.6 mean: 574.7323383084577
gen: 70 best: 492.6 mean: 572.2711442786069
gen: 71 best: 492.6 mean: 573.9766169154229
gen: 72 best: 492.6 mean: 573.2781094527363
gen: 73 best: 492.6 mean: 569.723880597015
gen: 74 best: 492.6 mean: 576.1278606965174
gen >75, new best = 480.700
gen: 75 best: 480.7 mean: 573.8980099502487
gen: 76 best: 480.7 mean: 575.5820895522388
gen: 77 best: 480.7 mean: 574.0248756218906
gen: 78 best: 480.7 mean: 572.3442786069652
gen: 79 best: 480.7 mean: 572.9621890547264
gen: 80 best: 480.7 mean: 574.673631840796
gen: 81 best: 480.7 mean: 573.1363184079602
gen: 82 best: 480.7 mean: 572.1601990049751
gen: 83 best: 480.7 mean: 574.236815920398
gen: 84 best: 480.7 mean: 573.0776119402985
gen: 85 best: 480.7 mean: 572.7029850746269
gen: 86 best: 480.7 mean: 573.4970149253732
gen: 87 best: 480.7 mean: 572.6019900497513
gen: 88 best: 480.7 mean: 571.565671641791
gen: 89 best: 480.7 mean: 570.002487562189
gen: 90 best: 480.7 mean: 568.3641791044776
gen: 91 best: 480.7 mean: 570.7995024875622
gen: 92 best: 480.7 mean: 570.0393034825871
gen: 93 best: 480.7 mean: 571.9532338308458
gen: 94 best: 480.7 mean: 569.1517412935324
gen: 95 best: 480.7 mean: 569.8094527363185
gen: 96 best: 480.7 mean: 570.9875621890548
gen: 97 best: 480.7 mean: 568.7592039800995
gen: 98 best: 480.7 mean: 569.7522388059701
gen: 99 best: 480.7 mean: 567.9855721393035
[7, 8, 8, 8, 8, 7, 8, 7, 8, 8, 7, 7, 8, 7, 8, 8, 7, 8, 9, 8, 8, 8, 9, 8, 9, 9, 7, 7, 8, 9, 8, 8, 7, 7, 7, 8, 7, 8, 7, 8, 8, 8, 7, 8]
Test count of edges: 1981
cat
