Defaulting to user installation because normal site-packages is not writeable
Looking in links: /cvmfs/soft.computecanada.ca/custom/python/wheelhouse/gentoo/avx2, /cvmfs/soft.computecanada.ca/custom/python/wheelhouse/gentoo/generic, /cvmfs/soft.computecanada.ca/custom/python/wheelhouse/generic
Requirement already satisfied: graphviz in /home/js17sy/.local/lib/python3.10/site-packages (0.20)
275; python ga.py 26 1024N_graph26.dat 0.05 0.02 0.7 0.5 0.5 201 1024N_graph26mediumgen1rem70_ 142805
/project/6008788/js17sy/reopenga/1024c/ga.py:291: DeprecationWarning: Sampling from a set deprecated
since Python 3.9 and will be removed in a subsequent version.
  child1 = set(random.sample(
gen >0, new best = 633.900
gen >0, new best = 608.400
gen >0, new best = 605.100
gen >0, new best = 585.000
gen >0, new best = 570.200
gen >0, new best = 567.800
gen: 0 best: 567.8 mean: 626.1054726368159
gen >1, new best = 551.800
gen: 1 best: 551.8 mean: 622.4895522388059
gen: 2 best: 551.8 mean: 614.9009950248757
gen >3, new best = 518.900
gen: 3 best: 518.9 mean: 612.8507462686567
gen: 4 best: 518.9 mean: 607.3601990049751
gen: 5 best: 518.9 mean: 605.236815920398
gen: 6 best: 518.9 mean: 600.7820895522389
gen: 7 best: 518.9 mean: 600.8761194029851
gen: 8 best: 518.9 mean: 596.6383084577114
gen: 9 best: 518.9 mean: 591.155223880597
gen: 10 best: 518.9 mean: 589.4457711442786
gen >11, new best = 511.500
gen: 11 best: 511.5 mean: 586.8014925373134
gen: 12 best: 511.5 mean: 583.3054726368159
gen >13, new best = 511.300
gen: 13 best: 511.3 mean: 577.0009950248756
gen: 14 best: 511.3 mean: 577.9412935323384
gen: 15 best: 511.3 mean: 577.1716417910447
gen: 16 best: 511.3 mean: 574.4900497512438
gen: 17 best: 511.3 mean: 571.2880597014926
gen >18, new best = 505.900
gen: 18 best: 505.9 mean: 568.4696517412935
gen: 19 best: 505.9 mean: 565.9651741293533
gen: 20 best: 505.9 mean: 565.0741293532338
gen >21, new best = 481.100
gen: 21 best: 481.1 mean: 565.0641791044776
gen: 22 best: 481.1 mean: 562.9194029850746
gen: 23 best: 481.1 mean: 563.0407960199005
gen: 24 best: 481.1 mean: 561.4532338308458
gen: 25 best: 481.1 mean: 560.142288557214
gen: 26 best: 481.1 mean: 556.8109452736319
gen: 27 best: 481.1 mean: 556.1099502487563
gen >28, new best = 475.000
gen: 28 best: 475.0 mean: 555.9666666666667
gen: 29 best: 475.0 mean: 553.0129353233831
gen: 30 best: 475.0 mean: 551.7711442786069
gen: 31 best: 475.0 mean: 551.920895522388
gen: 32 best: 475.0 mean: 550.7308457711442
gen: 33 best: 475.0 mean: 549.4487562189055
gen: 34 best: 475.0 mean: 549.4398009950248
gen: 35 best: 475.0 mean: 547.9840796019901
gen: 36 best: 475.0 mean: 545.3159203980099
gen: 37 best: 475.0 mean: 544.9786069651741
gen: 38 best: 475.0 mean: 545.3517412935323
gen >39, new best = 449.800
gen: 39 best: 449.8 mean: 543.7174129353234
gen: 40 best: 449.8 mean: 543.9900497512438
gen: 41 best: 449.8 mean: 541.4990049751244
gen: 42 best: 449.8 mean: 541.9537313432836
gen: 43 best: 449.8 mean: 540.4567164179105
gen: 44 best: 449.8 mean: 540.4651741293533
gen: 45 best: 449.8 mean: 542.0353233830846
gen: 46 best: 449.8 mean: 539.4124378109452
gen: 47 best: 449.8 mean: 540.3666666666667
gen: 48 best: 449.8 mean: 538.5084577114428
gen: 49 best: 449.8 mean: 536.9233830845772
gen: 50 best: 449.8 mean: 538.1134328358208
gen: 51 best: 449.8 mean: 534.6194029850747
gen: 52 best: 449.8 mean: 536.0950248756219
gen: 53 best: 449.8 mean: 536.3358208955224
gen: 54 best: 449.8 mean: 536.0915422885572
gen: 55 best: 449.8 mean: 535.5064676616915
gen: 56 best: 449.8 mean: 532.4333333333334
gen: 57 best: 449.8 mean: 533.9572139303483
gen: 58 best: 449.8 mean: 534.2945273631841
gen: 59 best: 449.8 mean: 534.0253731343283
gen: 60 best: 449.8 mean: 531.7313432835821
gen: 61 best: 449.8 mean: 535.3905472636816
gen: 62 best: 449.8 mean: 534.2189054726368
gen: 63 best: 449.8 mean: 534.565671641791
gen: 64 best: 449.8 mean: 534.1004975124378
gen: 65 best: 449.8 mean: 530.4835820895522
gen: 66 best: 449.8 mean: 532.5238805970149
gen: 67 best: 449.8 mean: 532.3169154228856
gen: 68 best: 449.8 mean: 530.1547263681592
gen: 69 best: 449.8 mean: 533.0990049751243
gen: 70 best: 449.8 mean: 530.7940298507463
gen: 71 best: 449.8 mean: 532.4800995024875
gen: 72 best: 449.8 mean: 530.5855721393035
gen: 73 best: 449.8 mean: 530.0129353233831
gen: 74 best: 449.8 mean: 530.9855721393035
gen: 75 best: 449.8 mean: 529.8696517412935
gen: 76 best: 449.8 mean: 532.4860696517413
gen: 77 best: 449.8 mean: 529.5437810945274
gen: 78 best: 449.8 mean: 529.1338308457712
gen: 79 best: 449.8 mean: 528.5925373134328
gen: 80 best: 449.8 mean: 528.8970149253731
gen: 81 best: 449.8 mean: 531.407960199005
gen: 82 best: 449.8 mean: 528.3298507462687
gen: 83 best: 449.8 mean: 527.8910447761194
gen: 84 best: 449.8 mean: 527.9805970149254
gen: 85 best: 449.8 mean: 530.1666666666666
gen: 86 best: 449.8 mean: 529.1746268656716
gen: 87 best: 449.8 mean: 525.5691542288557
gen: 88 best: 449.8 mean: 527.9825870646766
gen: 89 best: 449.8 mean: 526.0353233830846
gen: 90 best: 449.8 mean: 526.4900497512438
gen: 91 best: 449.8 mean: 527.4044776119403
gen: 92 best: 449.8 mean: 527.8099502487562
gen: 93 best: 449.8 mean: 527.3965174129353
gen: 94 best: 449.8 mean: 527.3218905472637
gen >95, new best = 437.200
gen: 95 best: 437.2 mean: 526.3900497512437
gen: 96 best: 437.2 mean: 526.71592039801
gen: 97 best: 437.2 mean: 526.6646766169155
gen: 98 best: 437.2 mean: 524.1810945273631
gen: 99 best: 437.2 mean: 525.3099502487562
[9, 8, 9, 8, 8, 9, 8, 9, 9, 8, 9, 8, 9, 9, 8, 10, 8, 9, 8, 9, 7, 7, 8, 8, 8, 8, 8, 8, 8, 8, 9, 11, 8, 8, 10, 9, 10, 9, 8, 8, 9, 9, 9, 8, 8]
Test count of edges: 1986
cat
