Defaulting to user installation because normal site-packages is not writeable
Looking in links: /cvmfs/soft.computecanada.ca/custom/python/wheelhouse/gentoo/avx2, /cvmfs/soft.computecanada.ca/custom/python/wheelhouse/gentoo/generic, /cvmfs/soft.computecanada.ca/custom/python/wheelhouse/generic
Requirement already satisfied: graphviz in /home/js17sy/.local/lib/python3.10/site-packages (0.20)
449; python ga.py 26 1024N_graph26.dat 0.075 0.03 0.5 0.9 0.1 201 1024N_graph26laxgen3rem50_ 828269
/project/6008788/js17sy/reopenga/1024c/ga.py:291: DeprecationWarning: Sampling from a set deprecated
since Python 3.9 and will be removed in a subsequent version.
  child1 = set(random.sample(
gen >0, new best = 686.500
gen >0, new best = 675.200
gen >0, new best = 671.100
gen >0, new best = 664.000
gen >0, new best = 658.300
gen >0, new best = 654.100
gen: 0 best: 654.1 mean: 687.2164179104477
gen: 1 best: 654.1 mean: 687.0975124378109
gen >2, new best = 610.600
gen: 2 best: 610.6 mean: 686.7721393034826
gen: 3 best: 610.6 mean: 685.5741293532338
gen: 4 best: 610.6 mean: 683.3661691542288
gen: 5 best: 610.6 mean: 684.0203980099502
gen: 6 best: 610.6 mean: 682.4636815920398
gen: 7 best: 610.6 mean: 681.0567164179105
gen: 8 best: 610.6 mean: 679.9139303482588
gen: 9 best: 610.6 mean: 679.6233830845771
gen: 10 best: 610.6 mean: 677.8442786069652
gen: 11 best: 610.6 mean: 677.210447761194
gen >12, new best = 603.100
gen: 12 best: 603.1 mean: 675.28407960199
gen: 13 best: 603.1 mean: 675.8253731343284
gen: 14 best: 603.1 mean: 673.4995024875622
gen: 15 best: 603.1 mean: 674.0457711442787
gen >16, new best = 598.500
gen: 16 best: 598.5 mean: 672.8736318407961
gen: 17 best: 598.5 mean: 670.665671641791
gen: 18 best: 598.5 mean: 670.0716417910447
gen: 19 best: 598.5 mean: 669.6422885572139
gen: 20 best: 598.5 mean: 669.092039800995
gen: 21 best: 598.5 mean: 669.3741293532338
gen: 22 best: 598.5 mean: 669.2427860696517
gen: 23 best: 598.5 mean: 666.8303482587065
gen: 24 best: 598.5 mean: 666.9885572139303
gen: 25 best: 598.5 mean: 665.8044776119403
gen: 26 best: 598.5 mean: 664.9980099502487
gen: 27 best: 598.5 mean: 666.1686567164179
gen: 28 best: 598.5 mean: 664.4915422885572
gen: 29 best: 598.5 mean: 662.5253731343283
gen: 30 best: 598.5 mean: 664.1253731343284
gen >31, new best = 593.900
gen: 31 best: 593.9 mean: 663.2323383084578
gen: 32 best: 593.9 mean: 663.1457711442786
gen >33, new best = 592.300
gen: 33 best: 592.3 mean: 660.2746268656716
gen: 34 best: 592.3 mean: 661.4567164179105
gen: 35 best: 592.3 mean: 660.4532338308458
gen: 36 best: 592.3 mean: 660.4134328358209
gen: 37 best: 592.3 mean: 660.4407960199005
gen: 38 best: 592.3 mean: 657.3243781094527
gen >39, new best = 581.800
gen: 39 best: 581.8 mean: 657.9935323383085
gen >40, new best = 578.300
gen: 40 best: 578.3 mean: 656.8532338308457
gen: 41 best: 578.3 mean: 655.2323383084577
gen: 42 best: 578.3 mean: 657.6253731343284
gen: 43 best: 578.3 mean: 656.679104477612
gen: 44 best: 578.3 mean: 656.3930348258707
gen: 45 best: 578.3 mean: 656.1805970149254
gen: 46 best: 578.3 mean: 654.928855721393
gen: 47 best: 578.3 mean: 655.2587064676617
gen: 48 best: 578.3 mean: 655.7522388059701
gen: 49 best: 578.3 mean: 652.8970149253731
gen: 50 best: 578.3 mean: 652.2084577114427
gen: 51 best: 578.3 mean: 651.8169154228856
gen: 52 best: 578.3 mean: 652.2711442786069
gen: 53 best: 578.3 mean: 652.855223880597
gen: 54 best: 578.3 mean: 652.063184079602
gen: 55 best: 578.3 mean: 650.8696517412935
gen: 56 best: 578.3 mean: 650.4870646766169
gen: 57 best: 578.3 mean: 650.3651741293532
gen: 58 best: 578.3 mean: 649.9990049751244
gen: 59 best: 578.3 mean: 649.6542288557214
gen: 60 best: 578.3 mean: 650.7616915422885
gen >61, new best = 569.300
gen: 61 best: 569.3 mean: 648.7109452736319
gen: 62 best: 569.3 mean: 649.7089552238806
gen: 63 best: 569.3 mean: 648.6825870646766
gen: 64 best: 569.3 mean: 648.0970149253732
gen: 65 best: 569.3 mean: 647.5860696517412
gen: 66 best: 569.3 mean: 646.3751243781095
gen: 67 best: 569.3 mean: 647.1796019900497
gen: 68 best: 569.3 mean: 646.3412935323383
gen: 69 best: 569.3 mean: 645.3253731343284
gen: 70 best: 569.3 mean: 645.9378109452737
gen: 71 best: 569.3 mean: 645.8930348258707
gen: 72 best: 569.3 mean: 644.955223880597
gen >73, new best = 561.900
gen: 73 best: 561.9 mean: 645.2960199004975
gen: 74 best: 561.9 mean: 646.0592039800995
gen: 75 best: 561.9 mean: 644.0855721393035
gen: 76 best: 561.9 mean: 644.0771144278607
gen: 77 best: 561.9 mean: 643.7885572139304
gen: 78 best: 561.9 mean: 642.5293532338309
gen: 79 best: 561.9 mean: 642.2706467661692
gen: 80 best: 561.9 mean: 642.4039800995025
gen: 81 best: 561.9 mean: 642.6512437810945
gen: 82 best: 561.9 mean: 641.494527363184
gen: 83 best: 561.9 mean: 641.297512437811
gen: 84 best: 561.9 mean: 642.028855721393
gen: 85 best: 561.9 mean: 641.1253731343284
gen: 86 best: 561.9 mean: 641.2383084577115
gen: 87 best: 561.9 mean: 641.9333333333333
gen: 88 best: 561.9 mean: 642.4268656716417
gen: 89 best: 561.9 mean: 641.5457711442787
gen: 90 best: 561.9 mean: 642.5661691542289
gen: 91 best: 561.9 mean: 642.5069651741294
gen: 92 best: 561.9 mean: 641.7014925373135
gen: 93 best: 561.9 mean: 642.1139303482587
gen: 94 best: 561.9 mean: 640.1686567164179
gen: 95 best: 561.9 mean: 641.6039800995025
gen: 96 best: 561.9 mean: 640.0099502487562
gen: 97 best: 561.9 mean: 641.5935323383085
gen: 98 best: 561.9 mean: 640.3537313432836
gen: 99 best: 561.9 mean: 640.4452736318408
[8, 8, 9, 8, 9, 9, 8, 8, 9, 9, 9, 9, 8, 9, 8, 8, 9, 9, 8, 9, 8, 9, 8, 9, 8, 9, 9, 8, 8, 8, 8, 8, 8, 8, 9, 8, 10, 9, 8, 8, 10, 11]
Test count of edges: 3240
cat
