Defaulting to user installation because normal site-packages is not writeable
Looking in links: /cvmfs/soft.computecanada.ca/custom/python/wheelhouse/gentoo/avx2, /cvmfs/soft.computecanada.ca/custom/python/wheelhouse/gentoo/generic, /cvmfs/soft.computecanada.ca/custom/python/wheelhouse/generic
Requirement already satisfied: graphviz in /home/js17sy/.local/lib/python3.10/site-packages (0.20)
546; python ga.py 26 1024N_graph26.dat 0.1 0.04 0.5 0.5 0.5 201 1024N_graph26leerygen1rem50_ 171366
/project/6008788/js17sy/reopenga/1024c/ga.py:291: DeprecationWarning: Sampling from a set deprecated
since Python 3.9 and will be removed in a subsequent version.
  child1 = set(random.sample(
gen >0, new best = 716.900
gen >0, new best = 714.600
gen >0, new best = 714.300
gen >0, new best = 699.400
gen >0, new best = 696.300
gen >0, new best = 696.100
gen >0, new best = 695.100
gen >0, new best = 690.200
gen: 0 best: 690.2 mean: 716.4333333333333
gen: 1 best: 690.2 mean: 714.1965174129353
gen >2, new best = 690.100
gen: 2 best: 690.1 mean: 714.5353233830846
gen: 3 best: 690.1 mean: 713.7094527363184
gen >4, new best = 689.300
gen >4, new best = 678.500
gen: 4 best: 678.5 mean: 712.9338308457711
gen >5, new best = 646.800
gen: 5 best: 646.8 mean: 711.763184079602
gen: 6 best: 646.8 mean: 711.9900497512438
gen: 7 best: 646.8 mean: 711.4104477611941
gen >8, new best = 627.800
gen: 8 best: 627.8 mean: 709.2462686567164
gen: 9 best: 627.8 mean: 710.2248756218905
gen: 10 best: 627.8 mean: 708.9427860696518
gen: 11 best: 627.8 mean: 708.5756218905473
gen: 12 best: 627.8 mean: 707.7905472636816
gen: 13 best: 627.8 mean: 708.2950248756218
gen: 14 best: 627.8 mean: 708.7507462686567
gen: 15 best: 627.8 mean: 706.3407960199005
gen: 16 best: 627.8 mean: 705.0572139303482
gen: 17 best: 627.8 mean: 705.0865671641791
gen: 18 best: 627.8 mean: 703.7980099502488
gen: 19 best: 627.8 mean: 703.8646766169154
gen: 20 best: 627.8 mean: 703.7144278606966
gen: 21 best: 627.8 mean: 702.136815920398
gen: 22 best: 627.8 mean: 703.1442786069651
gen >23, new best = 624.200
gen: 23 best: 624.2 mean: 702.650248756219
gen: 24 best: 624.2 mean: 702.4741293532338
gen: 25 best: 624.2 mean: 702.7373134328358
gen: 26 best: 624.2 mean: 702.1039800995025
gen: 27 best: 624.2 mean: 701.3736318407961
gen: 28 best: 624.2 mean: 701.4800995024875
gen: 29 best: 624.2 mean: 700.007960199005
gen: 30 best: 624.2 mean: 700.3825870646766
gen: 31 best: 624.2 mean: 701.5084577114428
gen: 32 best: 624.2 mean: 700.0716417910447
gen: 33 best: 624.2 mean: 700.9706467661691
gen: 34 best: 624.2 mean: 698.8422885572139
gen: 35 best: 624.2 mean: 700.0716417910447
gen: 36 best: 624.2 mean: 698.1442786069651
gen: 37 best: 624.2 mean: 699.8019900497512
gen: 38 best: 624.2 mean: 697.4049751243781
gen: 39 best: 624.2 mean: 698.6034825870647
gen: 40 best: 624.2 mean: 698.4218905472637
gen: 41 best: 624.2 mean: 698.6577114427861
gen: 42 best: 624.2 mean: 697.8950248756219
gen: 43 best: 624.2 mean: 696.7169154228856
gen: 44 best: 624.2 mean: 696.3452736318408
gen >45, new best = 616.500
gen: 45 best: 616.5 mean: 695.0805970149254
gen: 46 best: 616.5 mean: 696.610447761194
gen: 47 best: 616.5 mean: 696.6293532338309
gen: 48 best: 616.5 mean: 693.992039800995
gen: 49 best: 616.5 mean: 696.8766169154229
gen: 50 best: 616.5 mean: 695.1985074626866
gen: 51 best: 616.5 mean: 693.9477611940298
gen: 52 best: 616.5 mean: 695.3422885572139
gen: 53 best: 616.5 mean: 692.1925373134328
gen: 54 best: 616.5 mean: 692.0094527363184
gen: 55 best: 616.5 mean: 692.7338308457712
gen: 56 best: 616.5 mean: 693.2253731343284
gen: 57 best: 616.5 mean: 691.4786069651741
gen: 58 best: 616.5 mean: 691.6696517412935
gen: 59 best: 616.5 mean: 694.0487562189055
gen: 60 best: 616.5 mean: 692.3950248756219
gen: 61 best: 616.5 mean: 691.2855721393034
gen: 62 best: 616.5 mean: 691.9164179104478
gen: 63 best: 616.5 mean: 692.555223880597
gen: 64 best: 616.5 mean: 691.9527363184079
gen: 65 best: 616.5 mean: 693.2039800995025
gen: 66 best: 616.5 mean: 693.518407960199
gen: 67 best: 616.5 mean: 692.173631840796
gen: 68 best: 616.5 mean: 691.2452736318407
gen: 69 best: 616.5 mean: 692.3611940298507
gen: 70 best: 616.5 mean: 693.4248756218906
gen: 71 best: 616.5 mean: 690.9039800995025
gen: 72 best: 616.5 mean: 690.0721393034826
gen >73, new best = 611.400
gen: 73 best: 611.4 mean: 691.534328358209
gen: 74 best: 611.4 mean: 691.2273631840796
gen: 75 best: 611.4 mean: 692.0034825870647
gen: 76 best: 611.4 mean: 690.5875621890548
gen: 77 best: 611.4 mean: 690.6124378109453
gen: 78 best: 611.4 mean: 691.473631840796
gen: 79 best: 611.4 mean: 691.0472636815921
gen: 80 best: 611.4 mean: 690.0960199004975
gen >81, new best = 610.400
gen: 81 best: 610.4 mean: 690.4114427860696
gen: 82 best: 610.4 mean: 690.1865671641791
gen: 83 best: 610.4 mean: 690.1855721393035
gen: 84 best: 610.4 mean: 690.687064676617
gen: 85 best: 610.4 mean: 689.0850746268657
gen: 86 best: 610.4 mean: 690.88407960199
gen: 87 best: 610.4 mean: 689.7691542288558
gen: 88 best: 610.4 mean: 689.9094527363184
gen: 89 best: 610.4 mean: 690.0373134328358
gen: 90 best: 610.4 mean: 690.3084577114428
gen: 91 best: 610.4 mean: 689.7373134328358
gen: 92 best: 610.4 mean: 687.8542288557214
gen: 93 best: 610.4 mean: 688.5597014925373
gen: 94 best: 610.4 mean: 689.8557213930349
gen: 95 best: 610.4 mean: 688.9034825870647
gen: 96 best: 610.4 mean: 688.5696517412936
gen: 97 best: 610.4 mean: 690.9502487562189
gen: 98 best: 610.4 mean: 689.1950248756219
gen: 99 best: 610.4 mean: 689.0139303482587
[8, 8, 8, 8, 8, 8, 9, 8, 8, 8, 8, 8, 8, 8, 8, 8, 9, 8, 8, 8, 9, 8, 8, 8, 9, 8, 8, 8, 9, 8, 7, 7, 8, 8, 8, 8, 8, 8, 8, 8]
Test count of edges: 3268
cat
