Defaulting to user installation because normal site-packages is not writeable
Looking in links: /cvmfs/soft.computecanada.ca/custom/python/wheelhouse/gentoo/avx2, /cvmfs/soft.computecanada.ca/custom/python/wheelhouse/gentoo/generic, /cvmfs/soft.computecanada.ca/custom/python/wheelhouse/generic
Requirement already satisfied: graphviz in /home/js17sy/.local/lib/python3.10/site-packages (0.20)
463; python ga.py 26 1024N_graph26.dat 0.075 0.03 0.7 0.5 0.5 201 1024N_graph26laxgen1rem70_ 371293
/project/6008788/js17sy/reopenga/1024c/ga.py:291: DeprecationWarning: Sampling from a set deprecated
since Python 3.9 and will be removed in a subsequent version.
  child1 = set(random.sample(
gen >0, new best = 630.800
gen >0, new best = 630.600
gen >0, new best = 614.400
gen >0, new best = 603.900
gen >0, new best = 593.500
gen: 0 best: 593.5 mean: 651.5838308457711
gen >1, new best = 586.500
gen >1, new best = 567.100
gen: 1 best: 567.1 mean: 644.1641791044776
gen: 2 best: 567.1 mean: 644.5064676616915
gen: 3 best: 567.1 mean: 638.4179104477612
gen: 4 best: 567.1 mean: 636.0099502487562
gen: 5 best: 567.1 mean: 634.1064676616916
gen: 6 best: 567.1 mean: 630.8189054726369
gen: 7 best: 567.1 mean: 630.28407960199
gen: 8 best: 567.1 mean: 625.3084577114428
gen: 9 best: 567.1 mean: 621.8283582089553
gen >10, new best = 560.800
gen: 10 best: 560.8 mean: 621.0104477611941
gen: 11 best: 560.8 mean: 619.6328358208955
gen >12, new best = 553.900
gen >12, new best = 539.500
gen: 12 best: 539.5 mean: 615.0567164179105
gen: 13 best: 539.5 mean: 613.4467661691542
gen: 14 best: 539.5 mean: 613.5114427860697
gen >15, new best = 536.900
gen: 15 best: 536.9 mean: 613.0686567164179
gen: 16 best: 536.9 mean: 610.4497512437811
gen: 17 best: 536.9 mean: 610.0746268656717
gen >18, new best = 531.300
gen: 18 best: 531.3 mean: 607.1258706467662
gen: 19 best: 531.3 mean: 607.6253731343284
gen: 20 best: 531.3 mean: 603.1059701492537
gen: 21 best: 531.3 mean: 607.9721393034825
gen: 22 best: 531.3 mean: 603.9358208955224
gen >23, new best = 521.900
gen: 23 best: 521.9 mean: 598.5601990049752
gen: 24 best: 521.9 mean: 601.1378109452736
gen: 25 best: 521.9 mean: 599.7661691542288
gen: 26 best: 521.9 mean: 598.0517412935324
gen: 27 best: 521.9 mean: 598.1865671641791
gen: 28 best: 521.9 mean: 597.7955223880597
gen: 29 best: 521.9 mean: 594.2278606965174
gen: 30 best: 521.9 mean: 590.179104477612
gen: 31 best: 521.9 mean: 593.1054726368159
gen >32, new best = 519.500
gen: 32 best: 519.5 mean: 590.7318407960199
gen: 33 best: 519.5 mean: 591.5467661691542
gen: 34 best: 519.5 mean: 590.2706467661692
gen: 35 best: 519.5 mean: 588.0353233830846
gen: 36 best: 519.5 mean: 588.8741293532338
gen: 37 best: 519.5 mean: 586.6243781094528
gen: 38 best: 519.5 mean: 587.9636815920398
gen: 39 best: 519.5 mean: 583.1766169154229
gen: 40 best: 519.5 mean: 582.8905472636816
gen: 41 best: 519.5 mean: 585.3412935323383
gen: 42 best: 519.5 mean: 580.5363184079602
gen: 43 best: 519.5 mean: 578.8427860696518
gen: 44 best: 519.5 mean: 580.2034825870646
gen >45, new best = 513.700
gen: 45 best: 513.7 mean: 580.389552238806
gen: 46 best: 513.7 mean: 578.436815920398
gen: 47 best: 513.7 mean: 573.5696517412936
gen: 48 best: 513.7 mean: 576.6422885572139
gen: 49 best: 513.7 mean: 573.1557213930348
gen: 50 best: 513.7 mean: 573.8044776119403
gen >51, new best = 510.500
gen: 51 best: 510.5 mean: 572.6781094527363
gen: 52 best: 510.5 mean: 574.9353233830846
gen: 53 best: 510.5 mean: 571.7442786069652
gen: 54 best: 510.5 mean: 574.7985074626865
gen: 55 best: 510.5 mean: 571.973631840796
gen: 56 best: 510.5 mean: 570.3398009950249
gen >57, new best = 506.400
gen: 57 best: 506.4 mean: 570.6990049751244
gen >58, new best = 492.200
gen: 58 best: 492.2 mean: 568.6522388059701
gen: 59 best: 492.2 mean: 570.7567164179104
gen: 60 best: 492.2 mean: 569.3850746268656
gen: 61 best: 492.2 mean: 572.4303482587064
gen: 62 best: 492.2 mean: 570.8258706467661
gen: 63 best: 492.2 mean: 572.7139303482587
gen: 64 best: 492.2 mean: 569.6880597014925
gen: 65 best: 492.2 mean: 571.4243781094527
gen: 66 best: 492.2 mean: 573.6885572139304
gen: 67 best: 492.2 mean: 569.2567164179104
gen: 68 best: 492.2 mean: 568.0995024875622
gen: 69 best: 492.2 mean: 569.5014925373134
gen: 70 best: 492.2 mean: 568.5383084577114
gen: 71 best: 492.2 mean: 568.8950248756219
gen: 72 best: 492.2 mean: 572.2860696517413
gen: 73 best: 492.2 mean: 569.5527363184079
gen: 74 best: 492.2 mean: 571.2363184079602
gen: 75 best: 492.2 mean: 566.239303482587
gen: 76 best: 492.2 mean: 565.468656716418
gen: 77 best: 492.2 mean: 569.2611940298508
gen: 78 best: 492.2 mean: 566.8512437810946
gen: 79 best: 492.2 mean: 568.2830845771144
gen: 80 best: 492.2 mean: 566.2348258706468
gen: 81 best: 492.2 mean: 566.0572139303482
gen: 82 best: 492.2 mean: 566.7850746268657
gen: 83 best: 492.2 mean: 566.4019900497512
gen: 84 best: 492.2 mean: 568.010447761194
gen: 85 best: 492.2 mean: 568.1353233830846
gen: 86 best: 492.2 mean: 566.2233830845771
gen: 87 best: 492.2 mean: 565.9636815920398
gen: 88 best: 492.2 mean: 566.9248756218906
gen: 89 best: 492.2 mean: 566.8791044776119
gen: 90 best: 492.2 mean: 568.3796019900498
gen: 91 best: 492.2 mean: 568.5243781094528
gen: 92 best: 492.2 mean: 566.1661691542289
gen: 93 best: 492.2 mean: 565.8
gen: 94 best: 492.2 mean: 568.2537313432836
gen: 95 best: 492.2 mean: 567.2039800995025
gen: 96 best: 492.2 mean: 565.28407960199
gen: 97 best: 492.2 mean: 568.0915422885572
gen: 98 best: 492.2 mean: 566.5910447761194
gen: 99 best: 492.2 mean: 564.8009950248756
[7, 7, 8, 7, 8, 8, 8, 9, 8, 8, 8, 8, 8, 9, 8, 8, 8, 7, 9, 8, 8, 8, 9, 7, 7, 8, 7, 7, 8, 7, 8, 8, 8, 8, 8, 7, 7, 8, 8, 9, 8, 8, 9]
Test count of edges: 1969
cat
