Defaulting to user installation because normal site-packages is not writeable
Looking in links: /cvmfs/soft.computecanada.ca/custom/python/wheelhouse/gentoo/avx2, /cvmfs/soft.computecanada.ca/custom/python/wheelhouse/gentoo/generic, /cvmfs/soft.computecanada.ca/custom/python/wheelhouse/generic
Requirement already satisfied: graphviz in /home/js17sy/.local/lib/python3.10/site-packages (0.20)
36; python ga.py 26 1024N_graph26.dat 0.025 0.01 0.5 0.7 0.3 201 1024N_graph26strictgen2rem50_ 171366
/project/6008788/js17sy/reopenga/1024c/ga.py:291: DeprecationWarning: Sampling from a set deprecated
since Python 3.9 and will be removed in a subsequent version.
  child1 = set(random.sample(
gen >0, new best = 641.800
gen >0, new best = 637.700
gen >0, new best = 636.500
gen: 0 best: 636.5 mean: 655.468407960199
gen >1, new best = 634.700
gen >1, new best = 634.000
gen: 1 best: 634.0 mean: 653.5562189054726
gen >2, new best = 630.100
gen >2, new best = 611.600
gen: 2 best: 611.6 mean: 652.4671641791044
gen >3, new best = 584.500
gen >3, new best = 576.700
gen: 3 best: 576.7 mean: 651.3746268656716
gen: 4 best: 576.7 mean: 649.963184079602
gen: 5 best: 576.7 mean: 649.8368159203981
gen: 6 best: 576.7 mean: 647.957711442786
gen: 7 best: 576.7 mean: 647.1492537313433
gen: 8 best: 576.7 mean: 647.920895522388
gen >9, new best = 573.100
gen: 9 best: 573.1 mean: 645.418407960199
gen: 10 best: 573.1 mean: 644.7268656716418
gen: 11 best: 573.1 mean: 643.1577114427861
gen: 12 best: 573.1 mean: 642.3393034825871
gen: 13 best: 573.1 mean: 640.2437810945273
gen: 14 best: 573.1 mean: 641.1049751243781
gen: 15 best: 573.1 mean: 640.957711442786
gen: 16 best: 573.1 mean: 639.0850746268657
gen: 17 best: 573.1 mean: 639.7990049751244
gen: 18 best: 573.1 mean: 638.8587064676617
gen: 19 best: 573.1 mean: 636.9935323383085
gen: 20 best: 573.1 mean: 637.4497512437811
gen: 21 best: 573.1 mean: 635.0348258706467
gen: 22 best: 573.1 mean: 634.4482587064676
gen: 23 best: 573.1 mean: 635.2666666666667
gen: 24 best: 573.1 mean: 632.8885572139303
gen: 25 best: 573.1 mean: 633.4721393034825
gen: 26 best: 573.1 mean: 632.0273631840796
gen: 27 best: 573.1 mean: 632.0512437810945
gen: 28 best: 573.1 mean: 631.0492537313432
gen >29, new best = 549.100
gen: 29 best: 549.1 mean: 629.8422885572139
gen >30, new best = 543.500
gen: 30 best: 543.5 mean: 630.2706467661692
gen: 31 best: 543.5 mean: 629.6726368159204
gen: 32 best: 543.5 mean: 628.849751243781
gen: 33 best: 543.5 mean: 626.6930348258707
gen: 34 best: 543.5 mean: 625.8995024875622
gen: 35 best: 543.5 mean: 625.9731343283582
gen: 36 best: 543.5 mean: 626.5651741293532
gen: 37 best: 543.5 mean: 625.9109452736318
gen: 38 best: 543.5 mean: 625.8174129353234
gen: 39 best: 543.5 mean: 624.3870646766169
gen: 40 best: 543.5 mean: 623.4094527363184
gen: 41 best: 543.5 mean: 622.8492537313433
gen: 42 best: 543.5 mean: 623.0825870646767
gen: 43 best: 543.5 mean: 622.0512437810945
gen: 44 best: 543.5 mean: 621.6696517412936
gen: 45 best: 543.5 mean: 622.1636815920398
gen: 46 best: 543.5 mean: 621.9502487562189
gen: 47 best: 543.5 mean: 620.8353233830845
gen: 48 best: 543.5 mean: 619.3323383084577
gen: 49 best: 543.5 mean: 618.9069651741294
gen: 50 best: 543.5 mean: 617.8313432835821
gen: 51 best: 543.5 mean: 618.4089552238806
gen: 52 best: 543.5 mean: 618.8164179104477
gen: 53 best: 543.5 mean: 617.1109452736318
gen: 54 best: 543.5 mean: 618.352736318408
gen: 55 best: 543.5 mean: 617.173631840796
gen: 56 best: 543.5 mean: 617.6741293532339
gen: 57 best: 543.5 mean: 616.5796019900497
gen: 58 best: 543.5 mean: 616.4074626865672
gen: 59 best: 543.5 mean: 614.9124378109452
gen: 60 best: 543.5 mean: 615.8766169154229
gen: 61 best: 543.5 mean: 615.9034825870647
gen: 62 best: 543.5 mean: 615.9557213930349
gen >63, new best = 543.300
gen: 63 best: 543.3 mean: 613.1606965174129
gen: 64 best: 543.3 mean: 613.5985074626866
gen: 65 best: 543.3 mean: 613.2223880597015
gen: 66 best: 543.3 mean: 612.5233830845771
gen: 67 best: 543.3 mean: 611.7930348258707
gen: 68 best: 543.3 mean: 612.3646766169154
gen: 69 best: 543.3 mean: 611.3402985074626
gen: 70 best: 543.3 mean: 611.2457711442786
gen: 71 best: 543.3 mean: 612.0258706467662
gen: 72 best: 543.3 mean: 610.6124378109453
gen: 73 best: 543.3 mean: 610.3059701492538
gen: 74 best: 543.3 mean: 611.3333333333334
gen: 75 best: 543.3 mean: 609.8477611940299
gen >76, new best = 531.600
gen: 76 best: 531.6 mean: 608.5850746268657
gen: 77 best: 531.6 mean: 610.165671641791
gen: 78 best: 531.6 mean: 610.9890547263682
gen: 79 best: 531.6 mean: 609.3363184079602
gen: 80 best: 531.6 mean: 609.5721393034826
gen: 81 best: 531.6 mean: 609.1512437810945
gen: 82 best: 531.6 mean: 608.8910447761194
gen: 83 best: 531.6 mean: 608.4980099502487
gen: 84 best: 531.6 mean: 608.0517412935324
gen: 85 best: 531.6 mean: 607.7820895522389
gen: 86 best: 531.6 mean: 607.289552238806
gen: 87 best: 531.6 mean: 607.3243781094527
gen: 88 best: 531.6 mean: 605.6144278606965
gen: 89 best: 531.6 mean: 606.7338308457712
gen: 90 best: 531.6 mean: 606.7019900497512
gen: 91 best: 531.6 mean: 606.2701492537313
gen: 92 best: 531.6 mean: 606.7696517412935
gen: 93 best: 531.6 mean: 606.0373134328358
gen: 94 best: 531.6 mean: 605.8049751243781
gen: 95 best: 531.6 mean: 605.6985074626866
gen: 96 best: 531.6 mean: 604.4099502487562
gen: 97 best: 531.6 mean: 604.2348258706468
gen: 98 best: 531.6 mean: 604.6238805970149
gen: 99 best: 531.6 mean: 604.2542288557214
[10, 10, 13, 10, 11, 11, 9, 10, 9, 9, 10, 10, 10, 10, 9, 10, 9, 11, 10, 10, 10, 10, 10, 9, 11, 9, 10, 10, 10, 11, 10, 10, 11, 10, 10, 10]
Test count of edges: 3253
cat
