Defaulting to user installation because normal site-packages is not writeable
Looking in links: /cvmfs/soft.computecanada.ca/custom/python/wheelhouse/gentoo/avx2, /cvmfs/soft.computecanada.ca/custom/python/wheelhouse/gentoo/generic, /cvmfs/soft.computecanada.ca/custom/python/wheelhouse/generic
Requirement already satisfied: graphviz in /home/js17sy/.local/lib/python3.10/site-packages (0.20)
399; python ga.py 26 1024N_graph26.dat 0.075 0.03 0.5 0.7 0.3 201 1024N_graph26laxgen2rem50_ 257049
/project/6008788/js17sy/reopenga/1024c/ga.py:291: DeprecationWarning: Sampling from a set deprecated
since Python 3.9 and will be removed in a subsequent version.
  child1 = set(random.sample(
gen >0, new best = 689.400
gen >0, new best = 687.500
gen >0, new best = 684.200
gen >0, new best = 681.400
gen >0, new best = 660.600
gen >0, new best = 660.400
gen >0, new best = 612.200
gen: 0 best: 612.2 mean: 687.2231343283582
gen: 1 best: 612.2 mean: 685.7805970149253
gen: 2 best: 612.2 mean: 686.6248756218905
gen: 3 best: 612.2 mean: 685.650248756219
gen: 4 best: 612.2 mean: 683.3323383084577
gen: 5 best: 612.2 mean: 683.4810945273632
gen: 6 best: 612.2 mean: 682.0895522388059
gen: 7 best: 612.2 mean: 682.1049751243781
gen: 8 best: 612.2 mean: 681.6716417910447
gen: 9 best: 612.2 mean: 680.7731343283582
gen: 10 best: 612.2 mean: 680.4880597014925
gen: 11 best: 612.2 mean: 680.5756218905473
gen: 12 best: 612.2 mean: 679.2611940298508
gen: 13 best: 612.2 mean: 679.1980099502488
gen: 14 best: 612.2 mean: 676.5094527363184
gen: 15 best: 612.2 mean: 677.6273631840796
gen: 16 best: 612.2 mean: 676.1776119402984
gen: 17 best: 612.2 mean: 675.0686567164179
gen: 18 best: 612.2 mean: 674.9422885572139
gen: 19 best: 612.2 mean: 674.6636815920398
gen >20, new best = 597.300
gen: 20 best: 597.3 mean: 673.1726368159204
gen: 21 best: 597.3 mean: 674.4159203980099
gen: 22 best: 597.3 mean: 673.3915422885572
gen: 23 best: 597.3 mean: 673.2751243781095
gen >24, new best = 590.700
gen: 24 best: 590.7 mean: 672.8855721393035
gen: 25 best: 590.7 mean: 672.9532338308458
gen: 26 best: 590.7 mean: 672.6154228855721
gen: 27 best: 590.7 mean: 670.7900497512438
gen: 28 best: 590.7 mean: 671.2378109452736
gen: 29 best: 590.7 mean: 671.6671641791045
gen: 30 best: 590.7 mean: 669.5825870646767
gen: 31 best: 590.7 mean: 670.1701492537313
gen: 32 best: 590.7 mean: 670.0572139303482
gen: 33 best: 590.7 mean: 667.9542288557213
gen: 34 best: 590.7 mean: 668.5094527363184
gen: 35 best: 590.7 mean: 667.7228855721393
gen: 36 best: 590.7 mean: 666.9985074626866
gen: 37 best: 590.7 mean: 667.0776119402985
gen: 38 best: 590.7 mean: 668.2194029850747
gen: 39 best: 590.7 mean: 667.0796019900497
gen: 40 best: 590.7 mean: 666.397512437811
gen: 41 best: 590.7 mean: 665.3940298507463
gen: 42 best: 590.7 mean: 666.0810945273632
gen: 43 best: 590.7 mean: 663.7487562189054
gen: 44 best: 590.7 mean: 664.4676616915423
gen: 45 best: 590.7 mean: 663.8218905472637
gen: 46 best: 590.7 mean: 662.7835820895523
gen: 47 best: 590.7 mean: 662.5636815920398
gen: 48 best: 590.7 mean: 663.0905472636816
gen: 49 best: 590.7 mean: 663.7880597014926
gen: 50 best: 590.7 mean: 662.2791044776119
gen: 51 best: 590.7 mean: 662.3348258706468
gen >52, new best = 590.600
gen: 52 best: 590.6 mean: 663.0641791044776
gen: 53 best: 590.6 mean: 661.3014925373134
gen: 54 best: 590.6 mean: 659.5850746268657
gen: 55 best: 590.6 mean: 660.4223880597015
gen: 56 best: 590.6 mean: 659.1228855721394
gen: 57 best: 590.6 mean: 659.4537313432836
gen: 58 best: 590.6 mean: 657.7402985074627
gen: 59 best: 590.6 mean: 658.6786069651741
gen: 60 best: 590.6 mean: 657.8621890547264
gen: 61 best: 590.6 mean: 658.889552238806
gen: 62 best: 590.6 mean: 656.6567164179105
gen: 63 best: 590.6 mean: 656.6452736318408
gen: 64 best: 590.6 mean: 656.7208955223881
gen: 65 best: 590.6 mean: 657.2781094527363
gen: 66 best: 590.6 mean: 657.1129353233831
gen: 67 best: 590.6 mean: 655.3800995024876
gen: 68 best: 590.6 mean: 656.092039800995
gen: 69 best: 590.6 mean: 655.8487562189055
gen: 70 best: 590.6 mean: 657.0114427860697
gen: 71 best: 590.6 mean: 656.1940298507462
gen: 72 best: 590.6 mean: 655.5268656716418
gen: 73 best: 590.6 mean: 653.852736318408
gen: 74 best: 590.6 mean: 654.2995024875622
gen: 75 best: 590.6 mean: 654.8796019900498
gen: 76 best: 590.6 mean: 654.6407960199004
gen: 77 best: 590.6 mean: 653.2587064676617
gen: 78 best: 590.6 mean: 653.6363184079602
gen: 79 best: 590.6 mean: 653.3746268656716
gen: 80 best: 590.6 mean: 654.4756218905472
gen >81, new best = 577.800
gen: 81 best: 577.8 mean: 651.7860696517413
gen: 82 best: 577.8 mean: 652.5179104477612
gen: 83 best: 577.8 mean: 652.1343283582089
gen: 84 best: 577.8 mean: 652.6318407960199
gen: 85 best: 577.8 mean: 652.4139303482588
gen: 86 best: 577.8 mean: 652.363184079602
gen: 87 best: 577.8 mean: 653.2208955223881
gen: 88 best: 577.8 mean: 652.2691542288558
gen: 89 best: 577.8 mean: 652.0980099502488
gen: 90 best: 577.8 mean: 652.2223880597015
gen: 91 best: 577.8 mean: 650.5278606965175
gen: 92 best: 577.8 mean: 651.8945273631841
gen: 93 best: 577.8 mean: 652.7502487562189
gen: 94 best: 577.8 mean: 653.2179104477611
gen: 95 best: 577.8 mean: 652.5517412935324
gen: 96 best: 577.8 mean: 651.3308457711443
gen: 97 best: 577.8 mean: 652.9686567164179
gen: 98 best: 577.8 mean: 653.063184079602
gen: 99 best: 577.8 mean: 651.7124378109453
[9, 9, 8, 9, 9, 8, 9, 9, 8, 10, 8, 9, 9, 10, 8, 8, 9, 8, 9, 8, 8, 8, 11, 9, 10, 8, 9, 9, 9, 8, 8, 9, 8, 8, 9, 9]
Test count of edges: 3257
cat
