Defaulting to user installation because normal site-packages is not writeable
Looking in links: /cvmfs/soft.computecanada.ca/custom/python/wheelhouse/gentoo/avx2, /cvmfs/soft.computecanada.ca/custom/python/wheelhouse/gentoo/generic, /cvmfs/soft.computecanada.ca/custom/python/wheelhouse/generic
Requirement already satisfied: graphviz in /home/js17sy/.local/lib/python3.10/site-packages (0.20)
317; python ga.py 26 1024N_graph26.dat 0.05 0.02 0.7 0.7 0.3 201 1024N_graph26mediumgen2rem70_ 485537
/project/6008788/js17sy/reopenga/1024c/ga.py:291: DeprecationWarning: Sampling from a set deprecated
since Python 3.9 and will be removed in a subsequent version.
  child1 = set(random.sample(
gen >0, new best = 601.800
gen >0, new best = 580.100
gen >0, new best = 559.600
gen: 0 best: 559.6 mean: 627.2646766169154
gen >1, new best = 548.600
gen: 1 best: 548.6 mean: 622.4203980099503
gen >2, new best = 534.300
gen: 2 best: 534.3 mean: 615.0567164179105
gen >3, new best = 505.900
gen: 3 best: 505.9 mean: 614.1532338308458
gen: 4 best: 505.9 mean: 609.5661691542289
gen: 5 best: 505.9 mean: 608.0139303482587
gen: 6 best: 505.9 mean: 603.9477611940299
gen: 7 best: 505.9 mean: 598.8582089552239
gen: 8 best: 505.9 mean: 595.9835820895522
gen: 9 best: 505.9 mean: 589.3512437810946
gen >10, new best = 495.200
gen: 10 best: 495.2 mean: 587.5666666666666
gen: 11 best: 495.2 mean: 583.8179104477612
gen: 12 best: 495.2 mean: 581.781592039801
gen: 13 best: 495.2 mean: 577.7830845771144
gen: 14 best: 495.2 mean: 575.312935323383
gen: 15 best: 495.2 mean: 572.0149253731344
gen: 16 best: 495.2 mean: 568.7875621890547
gen: 17 best: 495.2 mean: 566.610447761194
gen: 18 best: 495.2 mean: 564.8776119402985
gen: 19 best: 495.2 mean: 568.6940298507462
gen >20, new best = 486.400
gen: 20 best: 486.4 mean: 564.0134328358209
gen >21, new best = 475.800
gen: 21 best: 475.8 mean: 560.5039800995025
gen: 22 best: 475.8 mean: 560.6014925373134
gen: 23 best: 475.8 mean: 558.2353233830846
gen: 24 best: 475.8 mean: 555.4681592039801
gen: 25 best: 475.8 mean: 557.8243781094527
gen: 26 best: 475.8 mean: 552.8228855721393
gen: 27 best: 475.8 mean: 553.8492537313433
gen: 28 best: 475.8 mean: 550.8731343283582
gen: 29 best: 475.8 mean: 548.0467661691542
gen: 30 best: 475.8 mean: 548.0955223880597
gen: 31 best: 475.8 mean: 545.5159203980099
gen: 32 best: 475.8 mean: 546.8761194029851
gen: 33 best: 475.8 mean: 548.131343283582
gen: 34 best: 475.8 mean: 543.1910447761194
gen >35, new best = 472.900
gen: 35 best: 472.9 mean: 542.592039800995
gen: 36 best: 472.9 mean: 540.3741293532338
gen: 37 best: 472.9 mean: 540.2402985074627
gen: 38 best: 472.9 mean: 541.5522388059701
gen: 39 best: 472.9 mean: 538.2278606965174
gen: 40 best: 472.9 mean: 536.252736318408
gen: 41 best: 472.9 mean: 537.9318407960199
gen: 42 best: 472.9 mean: 534.8791044776119
gen: 43 best: 472.9 mean: 535.5164179104478
gen: 44 best: 472.9 mean: 532.6900497512438
gen: 45 best: 472.9 mean: 533.0308457711443
gen: 46 best: 472.9 mean: 532.150248756219
gen >47, new best = 460.900
gen: 47 best: 460.9 mean: 529.297512437811
gen: 48 best: 460.9 mean: 532.0706467661691
gen: 49 best: 460.9 mean: 528.173631840796
gen: 50 best: 460.9 mean: 529.3228855721393
gen: 51 best: 460.9 mean: 529.118407960199
gen: 52 best: 460.9 mean: 524.9641791044776
gen: 53 best: 460.9 mean: 525.8373134328358
gen: 54 best: 460.9 mean: 527.8990049751244
gen: 55 best: 460.9 mean: 525.812935323383
gen: 56 best: 460.9 mean: 525.9273631840796
gen: 57 best: 460.9 mean: 522.6646766169155
gen: 58 best: 460.9 mean: 521.6661691542289
gen: 59 best: 460.9 mean: 520.926368159204
gen: 60 best: 460.9 mean: 523.0407960199005
gen >61, new best = 459.800
gen: 61 best: 459.8 mean: 520.8333333333334
gen: 62 best: 459.8 mean: 518.9507462686568
gen: 63 best: 459.8 mean: 518.7343283582089
gen >64, new best = 453.500
gen: 64 best: 453.5 mean: 518.8985074626866
gen: 65 best: 453.5 mean: 520.9885572139303
gen: 66 best: 453.5 mean: 520.7721393034826
gen: 67 best: 453.5 mean: 518.3
gen: 68 best: 453.5 mean: 519.3721393034826
gen: 69 best: 453.5 mean: 517.7169154228856
gen: 70 best: 453.5 mean: 517.1203980099502
gen: 71 best: 453.5 mean: 517.5328358208956
gen: 72 best: 453.5 mean: 516.4681592039801
gen >73, new best = 450.700
gen: 73 best: 450.7 mean: 514.0900497512438
gen: 74 best: 450.7 mean: 515.4925373134329
gen: 75 best: 450.7 mean: 514.4766169154229
gen: 76 best: 450.7 mean: 512.6243781094528
gen: 77 best: 450.7 mean: 511.8373134328358
gen: 78 best: 450.7 mean: 513.2766169154229
gen >79, new best = 445.400
gen: 79 best: 445.4 mean: 512.1129353233831
gen: 80 best: 445.4 mean: 511.4248756218905
gen >81, new best = 444.000
gen: 81 best: 444.0 mean: 511.06467661691545
gen: 82 best: 444.0 mean: 511.14378109452736
gen: 83 best: 444.0 mean: 512.3805970149253
gen: 84 best: 444.0 mean: 510.35970149253734
gen: 85 best: 444.0 mean: 512.6825870646766
gen: 86 best: 444.0 mean: 510.16915422885575
gen: 87 best: 444.0 mean: 510.481592039801
gen: 88 best: 444.0 mean: 510.8298507462687
gen: 89 best: 444.0 mean: 510.8044776119403
gen: 90 best: 444.0 mean: 508.13980099502487
gen: 91 best: 444.0 mean: 508.47462686567167
gen: 92 best: 444.0 mean: 508.15621890547266
gen: 93 best: 444.0 mean: 505.74825870646765
gen: 94 best: 444.0 mean: 509.52636815920397
gen: 95 best: 444.0 mean: 511.0512437810945
gen: 96 best: 444.0 mean: 507.52039800995027
gen: 97 best: 444.0 mean: 508.6243781094527
gen: 98 best: 444.0 mean: 505.6268656716418
gen: 99 best: 444.0 mean: 506.2766169154229
[9, 9, 8, 8, 8, 9, 8, 8, 8, 8, 11, 8, 8, 8, 9, 8, 9, 9, 8, 9, 8, 9, 8, 8, 9, 9, 9, 9, 10, 7, 10, 9, 8, 9, 8, 8, 8, 8, 8, 8, 8]
Test count of edges: 1967
cat
