Defaulting to user installation because normal site-packages is not writeable
Looking in links: /cvmfs/soft.computecanada.ca/custom/python/wheelhouse/gentoo/avx2, /cvmfs/soft.computecanada.ca/custom/python/wheelhouse/gentoo/generic, /cvmfs/soft.computecanada.ca/custom/python/wheelhouse/generic
Requirement already satisfied: graphviz in /home/js17sy/.local/lib/python3.10/site-packages (0.20)
408; python ga.py 26 1024N_graph26.dat 0.075 0.03 0.5 0.7 0.3 201 1024N_graph26laxgen2rem50_ 514098
/project/6008788/js17sy/reopenga/1024c/ga.py:291: DeprecationWarning: Sampling from a set deprecated
since Python 3.9 and will be removed in a subsequent version.
  child1 = set(random.sample(
gen >0, new best = 696.700
gen >0, new best = 693.200
gen >0, new best = 688.800
gen >0, new best = 680.800
gen >0, new best = 678.300
gen >0, new best = 672.100
gen >0, new best = 662.900
gen >0, new best = 617.400
gen: 0 best: 617.4 mean: 688.2181592039801
gen: 1 best: 617.4 mean: 687.7109452736319
gen: 2 best: 617.4 mean: 687.0174129353234
gen: 3 best: 617.4 mean: 684.3950248756219
gen: 4 best: 617.4 mean: 685.4223880597015
gen: 5 best: 617.4 mean: 683.9412935323384
gen: 6 best: 617.4 mean: 682.8905472636816
gen: 7 best: 617.4 mean: 681.1537313432835
gen: 8 best: 617.4 mean: 681.3004975124378
gen: 9 best: 617.4 mean: 680.944776119403
gen: 10 best: 617.4 mean: 680.0930348258706
gen: 11 best: 617.4 mean: 678.7313432835821
gen: 12 best: 617.4 mean: 677.5726368159204
gen: 13 best: 617.4 mean: 675.189552238806
gen: 14 best: 617.4 mean: 675.2044776119403
gen: 15 best: 617.4 mean: 674.5472636815921
gen: 16 best: 617.4 mean: 674.4890547263682
gen: 17 best: 617.4 mean: 671.6805970149254
gen: 18 best: 617.4 mean: 670.8671641791045
gen: 19 best: 617.4 mean: 669.7293532338308
gen: 20 best: 617.4 mean: 668.8965174129353
gen: 21 best: 617.4 mean: 668.7119402985074
gen: 22 best: 617.4 mean: 668.352736318408
gen: 23 best: 617.4 mean: 667.4442786069652
gen >24, new best = 599.800
gen: 24 best: 599.8 mean: 667.763184079602
gen: 25 best: 599.8 mean: 665.0064676616915
gen >26, new best = 583.500
gen: 26 best: 583.5 mean: 665.855223880597
gen: 27 best: 583.5 mean: 664.4179104477612
gen: 28 best: 583.5 mean: 663.0925373134328
gen: 29 best: 583.5 mean: 661.8034825870647
gen: 30 best: 583.5 mean: 662.3925373134329
gen: 31 best: 583.5 mean: 662.6437810945274
gen: 32 best: 583.5 mean: 662.3666666666667
gen: 33 best: 583.5 mean: 660.2671641791045
gen: 34 best: 583.5 mean: 660.0233830845771
gen: 35 best: 583.5 mean: 658.8358208955224
gen: 36 best: 583.5 mean: 658.481592039801
gen: 37 best: 583.5 mean: 658.0557213930348
gen: 38 best: 583.5 mean: 658.2099502487562
gen: 39 best: 583.5 mean: 656.5940298507462
gen: 40 best: 583.5 mean: 656.7955223880597
gen >41, new best = 580.400
gen: 41 best: 580.4 mean: 656.6781094527363
gen: 42 best: 580.4 mean: 656.544776119403
gen: 43 best: 580.4 mean: 656.565671641791
gen: 44 best: 580.4 mean: 655.7119402985074
gen: 45 best: 580.4 mean: 655.8213930348259
gen: 46 best: 580.4 mean: 655.0587064676618
gen: 47 best: 580.4 mean: 654.5587064676616
gen: 48 best: 580.4 mean: 651.963184079602
gen: 49 best: 580.4 mean: 653.6208955223881
gen: 50 best: 580.4 mean: 653.9756218905472
gen: 51 best: 580.4 mean: 655.4900497512438
gen: 52 best: 580.4 mean: 651.5099502487562
gen: 53 best: 580.4 mean: 653.9890547263682
gen: 54 best: 580.4 mean: 653.3935323383084
gen: 55 best: 580.4 mean: 652.7910447761194
gen: 56 best: 580.4 mean: 651.5577114427861
gen: 57 best: 580.4 mean: 652.38407960199
gen: 58 best: 580.4 mean: 651.7388059701492
gen: 59 best: 580.4 mean: 650.9223880597015
gen: 60 best: 580.4 mean: 650.4855721393035
gen: 61 best: 580.4 mean: 651.0970149253732
gen: 62 best: 580.4 mean: 651.0104477611941
gen: 63 best: 580.4 mean: 648.781592039801
gen: 64 best: 580.4 mean: 648.5597014925373
gen: 65 best: 580.4 mean: 650.5960199004975
gen: 66 best: 580.4 mean: 650.0497512437811
gen: 67 best: 580.4 mean: 648.1756218905473
gen: 68 best: 580.4 mean: 648.655223880597
gen: 69 best: 580.4 mean: 648.2587064676617
gen: 70 best: 580.4 mean: 647.5293532338309
gen: 71 best: 580.4 mean: 648.7611940298508
gen: 72 best: 580.4 mean: 649.7208955223881
gen: 73 best: 580.4 mean: 648.0990049751243
gen: 74 best: 580.4 mean: 647.360696517413
gen: 75 best: 580.4 mean: 648.4104477611941
gen: 76 best: 580.4 mean: 645.8905472636816
gen: 77 best: 580.4 mean: 648.8124378109453
gen: 78 best: 580.4 mean: 646.1194029850747
gen: 79 best: 580.4 mean: 647.7890547263681
gen: 80 best: 580.4 mean: 646.4203980099503
gen: 81 best: 580.4 mean: 647.5303482587065
gen: 82 best: 580.4 mean: 645.5333333333333
gen: 83 best: 580.4 mean: 644.4940298507463
gen: 84 best: 580.4 mean: 646.1358208955224
gen: 85 best: 580.4 mean: 644.0094527363184
gen: 86 best: 580.4 mean: 643.4084577114428
gen >87, new best = 567.500
gen: 87 best: 567.5 mean: 642.0492537313432
gen: 88 best: 567.5 mean: 642.5761194029851
gen: 89 best: 567.5 mean: 643.6029850746269
gen: 90 best: 567.5 mean: 642.8945273631841
gen >91, new best = 561.100
gen: 91 best: 561.1 mean: 644.0661691542289
gen: 92 best: 561.1 mean: 641.8965174129353
gen: 93 best: 561.1 mean: 643.5805970149254
gen: 94 best: 561.1 mean: 643.4417910447761
gen: 95 best: 561.1 mean: 642.9820895522388
gen: 96 best: 561.1 mean: 642.255223880597
gen: 97 best: 561.1 mean: 643.0601990049752
gen: 98 best: 561.1 mean: 643.5611940298508
gen: 99 best: 561.1 mean: 644.542288557214
[8, 8, 9, 8, 8, 8, 9, 8, 9, 8, 8, 8, 9, 9, 8, 8, 8, 9, 9, 9, 8, 10, 8, 10, 9, 10, 9, 8, 9, 8, 8, 9, 8, 9, 9, 8, 9, 8, 9]
Test count of edges: 3256
cat
