Defaulting to user installation because normal site-packages is not writeable
Looking in links: /cvmfs/soft.computecanada.ca/custom/python/wheelhouse/gentoo/avx2, /cvmfs/soft.computecanada.ca/custom/python/wheelhouse/gentoo/generic, /cvmfs/soft.computecanada.ca/custom/python/wheelhouse/generic
Requirement already satisfied: graphviz in /home/js17sy/.local/lib/python3.10/site-packages (0.20)
550; python ga.py 26 1024N_graph26.dat 0.1 0.04 0.5 0.5 0.5 201 1024N_graph26leerygen1rem50_ 285610
/project/6008788/js17sy/reopenga/1024c/ga.py:291: DeprecationWarning: Sampling from a set deprecated
since Python 3.9 and will be removed in a subsequent version.
  child1 = set(random.sample(
gen >0, new best = 711.400
gen >0, new best = 709.000
gen >0, new best = 708.200
gen >0, new best = 691.400
gen: 0 best: 691.4 mean: 716.4987562189054
gen >1, new best = 690.400
gen: 1 best: 690.4 mean: 715.9616915422886
gen >2, new best = 690.100
gen >2, new best = 689.900
gen: 2 best: 689.9 mean: 714.5890547263682
gen: 3 best: 689.9 mean: 712.7034825870646
gen >4, new best = 682.500
gen: 4 best: 682.5 mean: 713.6805970149254
gen >5, new best = 681.400
gen: 5 best: 681.4 mean: 712.0388059701493
gen >6, new best = 649.800
gen: 6 best: 649.8 mean: 710.9034825870647
gen: 7 best: 649.8 mean: 711.7422885572139
gen >8, new best = 620.900
gen: 8 best: 620.9 mean: 711.5154228855721
gen: 9 best: 620.9 mean: 710.2512437810946
gen: 10 best: 620.9 mean: 711.1582089552239
gen: 11 best: 620.9 mean: 710.0820895522388
gen: 12 best: 620.9 mean: 709.6378109452736
gen: 13 best: 620.9 mean: 707.4253731343283
gen: 14 best: 620.9 mean: 708.1139303482587
gen: 15 best: 620.9 mean: 707.8039800995025
gen: 16 best: 620.9 mean: 708.8149253731343
gen: 17 best: 620.9 mean: 708.6965174129353
gen: 18 best: 620.9 mean: 708.468656716418
gen: 19 best: 620.9 mean: 707.7144278606966
gen: 20 best: 620.9 mean: 708.3398009950249
gen: 21 best: 620.9 mean: 704.9562189054726
gen: 22 best: 620.9 mean: 706.4044776119403
gen: 23 best: 620.9 mean: 705.6766169154229
gen: 24 best: 620.9 mean: 705.1019900497513
gen: 25 best: 620.9 mean: 704.3751243781095
gen: 26 best: 620.9 mean: 704.8820895522388
gen: 27 best: 620.9 mean: 703.5547263681592
gen: 28 best: 620.9 mean: 702.689552238806
gen: 29 best: 620.9 mean: 703.8945273631841
gen: 30 best: 620.9 mean: 703.144776119403
gen: 31 best: 620.9 mean: 702.7243781094527
gen: 32 best: 620.9 mean: 700.9895522388059
gen: 33 best: 620.9 mean: 701.6263681592039
gen: 34 best: 620.9 mean: 700.7805970149253
gen: 35 best: 620.9 mean: 701.1517412935324
gen: 36 best: 620.9 mean: 700.6676616915423
gen: 37 best: 620.9 mean: 700.8572139303483
gen: 38 best: 620.9 mean: 700.9069651741294
gen: 39 best: 620.9 mean: 700.5084577114428
gen: 40 best: 620.9 mean: 700.0388059701493
gen: 41 best: 620.9 mean: 700.4666666666667
gen: 42 best: 620.9 mean: 699.5557213930348
gen: 43 best: 620.9 mean: 700.2641791044776
gen: 44 best: 620.9 mean: 698.6412935323383
gen: 45 best: 620.9 mean: 697.5746268656717
gen: 46 best: 620.9 mean: 699.2771144278607
gen: 47 best: 620.9 mean: 699.3820895522388
gen: 48 best: 620.9 mean: 700.4995024875622
gen: 49 best: 620.9 mean: 698.6910447761194
gen: 50 best: 620.9 mean: 697.6850746268657
gen: 51 best: 620.9 mean: 698.6646766169155
gen: 52 best: 620.9 mean: 698.8124378109453
gen: 53 best: 620.9 mean: 697.7905472636816
gen: 54 best: 620.9 mean: 699.1497512437811
gen: 55 best: 620.9 mean: 697.3507462686567
gen: 56 best: 620.9 mean: 698.6616915422885
gen: 57 best: 620.9 mean: 698.4965174129353
gen: 58 best: 620.9 mean: 696.7970149253731
gen: 59 best: 620.9 mean: 697.7751243781095
gen: 60 best: 620.9 mean: 694.3870646766169
gen: 61 best: 620.9 mean: 696.4363184079602
gen: 62 best: 620.9 mean: 695.5721393034826
gen: 63 best: 620.9 mean: 695.0592039800995
gen: 64 best: 620.9 mean: 696.2621890547264
gen: 65 best: 620.9 mean: 694.7751243781095
gen: 66 best: 620.9 mean: 694.8646766169154
gen: 67 best: 620.9 mean: 695.2611940298508
gen: 68 best: 620.9 mean: 695.3601990049751
gen: 69 best: 620.9 mean: 694.7164179104477
gen: 70 best: 620.9 mean: 694.7009950248756
gen: 71 best: 620.9 mean: 693.8611940298507
gen: 72 best: 620.9 mean: 694.9796019900498
gen: 73 best: 620.9 mean: 695.3492537313433
gen: 74 best: 620.9 mean: 695.3855721393035
gen: 75 best: 620.9 mean: 694.0174129353234
gen: 76 best: 620.9 mean: 695.1995024875622
gen: 77 best: 620.9 mean: 693.9278606965174
gen: 78 best: 620.9 mean: 693.3825870646766
gen: 79 best: 620.9 mean: 693.8666666666667
gen: 80 best: 620.9 mean: 695.2353233830846
gen: 81 best: 620.9 mean: 693.8970149253731
gen: 82 best: 620.9 mean: 693.7363184079602
gen: 83 best: 620.9 mean: 693.994527363184
gen: 84 best: 620.9 mean: 692.7303482587065
gen: 85 best: 620.9 mean: 694.2696517412935
gen: 86 best: 620.9 mean: 694.7776119402985
gen: 87 best: 620.9 mean: 692.5318407960199
gen: 88 best: 620.9 mean: 693.8223880597014
gen: 89 best: 620.9 mean: 692.0830845771144
gen: 90 best: 620.9 mean: 693.0701492537313
gen: 91 best: 620.9 mean: 692.8487562189055
gen >92, new best = 617.900
gen: 92 best: 617.9 mean: 690.9442786069652
gen >93, new best = 607.700
gen: 93 best: 607.7 mean: 691.2791044776119
gen: 94 best: 607.7 mean: 692.7109452736319
gen: 95 best: 607.7 mean: 693.892039800995
gen: 96 best: 607.7 mean: 693.2383084577115
gen: 97 best: 607.7 mean: 692.9427860696518
gen: 98 best: 607.7 mean: 692.9791044776119
gen: 99 best: 607.7 mean: 692.6547263681592
[9, 7, 8, 8, 8, 9, 9, 9, 8, 9, 8, 8, 9, 8, 8, 8, 9, 8, 8, 8, 8, 7, 8, 8, 10, 8, 8, 8, 8, 8, 9, 8, 9, 9, 8, 8, 8, 8, 8]
Test count of edges: 3273
cat
