Defaulting to user installation because normal site-packages is not writeable
Looking in links: /cvmfs/soft.computecanada.ca/custom/python/wheelhouse/gentoo/avx2, /cvmfs/soft.computecanada.ca/custom/python/wheelhouse/gentoo/generic, /cvmfs/soft.computecanada.ca/custom/python/wheelhouse/generic
Requirement already satisfied: graphviz in /home/js17sy/.local/lib/python3.10/site-packages (0.20)
240; python ga.py 26 1024N_graph26.dat 0.05 0.02 0.5 0.7 0.3 201 1024N_graph26mediumgen2rem50_ 856830
/project/6008788/js17sy/reopenga/1024c/ga.py:291: DeprecationWarning: Sampling from a set deprecated
since Python 3.9 and will be removed in a subsequent version.
  child1 = set(random.sample(
gen >0, new best = 654.200
gen >0, new best = 650.200
gen >0, new best = 645.300
gen: 0 best: 645.3 mean: 671.3796019900498
gen: 1 best: 645.3 mean: 669.4019900497512
gen >2, new best = 633.700
gen: 2 best: 633.7 mean: 669.0258706467662
gen: 3 best: 633.7 mean: 667.7900497512438
gen >4, new best = 613.300
gen: 4 best: 613.3 mean: 665.7129353233831
gen: 5 best: 613.3 mean: 666.1741293532339
gen >6, new best = 590.700
gen: 6 best: 590.7 mean: 664.736815920398
gen: 7 best: 590.7 mean: 663.9726368159204
gen: 8 best: 590.7 mean: 662.5412935323383
gen: 9 best: 590.7 mean: 661.8646766169154
gen: 10 best: 590.7 mean: 661.1860696517413
gen: 11 best: 590.7 mean: 658.8358208955224
gen >12, new best = 588.700
gen: 12 best: 588.7 mean: 657.9388059701492
gen: 13 best: 588.7 mean: 657.3507462686567
gen: 14 best: 588.7 mean: 657.3328358208955
gen: 15 best: 588.7 mean: 657.6497512437811
gen: 16 best: 588.7 mean: 657.1373134328359
gen: 17 best: 588.7 mean: 655.4164179104478
gen: 18 best: 588.7 mean: 655.3532338308457
gen: 19 best: 588.7 mean: 654.5293532338309
gen: 20 best: 588.7 mean: 653.6358208955224
gen: 21 best: 588.7 mean: 653.718407960199
gen: 22 best: 588.7 mean: 652.0577114427861
gen: 23 best: 588.7 mean: 651.6786069651741
gen: 24 best: 588.7 mean: 652.602487562189
gen: 25 best: 588.7 mean: 650.7258706467662
gen: 26 best: 588.7 mean: 650.2417910447762
gen: 27 best: 588.7 mean: 648.6427860696517
gen >28, new best = 574.700
gen: 28 best: 574.7 mean: 646.9278606965174
gen: 29 best: 574.7 mean: 648.0353233830846
gen: 30 best: 574.7 mean: 646.844776119403
gen: 31 best: 574.7 mean: 644.997512437811
gen: 32 best: 574.7 mean: 644.1611940298508
gen: 33 best: 574.7 mean: 643.4805970149254
gen: 34 best: 574.7 mean: 644.1487562189054
gen: 35 best: 574.7 mean: 642.5805970149254
gen: 36 best: 574.7 mean: 642.036815920398
gen: 37 best: 574.7 mean: 641.7955223880597
gen: 38 best: 574.7 mean: 641.3393034825871
gen: 39 best: 574.7 mean: 639.9915422885572
gen >40, new best = 573.800
gen: 40 best: 573.8 mean: 638.8761194029851
gen: 41 best: 573.8 mean: 639.0094527363184
gen: 42 best: 573.8 mean: 638.1701492537313
gen >43, new best = 562.700
gen: 43 best: 562.7 mean: 638.1139303482587
gen: 44 best: 562.7 mean: 638.4701492537314
gen: 45 best: 562.7 mean: 636.6243781094528
gen: 46 best: 562.7 mean: 637.834328358209
gen: 47 best: 562.7 mean: 635.6706467661692
gen: 48 best: 562.7 mean: 634.1427860696517
gen: 49 best: 562.7 mean: 635.3373134328358
gen: 50 best: 562.7 mean: 633.1796019900497
gen: 51 best: 562.7 mean: 633.9572139303483
gen: 52 best: 562.7 mean: 632.9004975124378
gen: 53 best: 562.7 mean: 632.7676616915423
gen: 54 best: 562.7 mean: 632.7805970149253
gen: 55 best: 562.7 mean: 632.5009950248756
gen: 56 best: 562.7 mean: 631.0363184079602
gen: 57 best: 562.7 mean: 631.8029850746269
gen: 58 best: 562.7 mean: 630.2721393034826
gen: 59 best: 562.7 mean: 630.0930348258706
gen: 60 best: 562.7 mean: 629.4174129353233
gen: 61 best: 562.7 mean: 628.7303482587065
gen: 62 best: 562.7 mean: 629.4278606965174
gen: 63 best: 562.7 mean: 629.3810945273632
gen: 64 best: 562.7 mean: 628.2069651741293
gen: 65 best: 562.7 mean: 629.8084577114428
gen: 66 best: 562.7 mean: 629.2955223880597
gen: 67 best: 562.7 mean: 627.3109452736319
gen: 68 best: 562.7 mean: 626.9174129353233
gen: 69 best: 562.7 mean: 627.3059701492538
gen: 70 best: 562.7 mean: 627.3298507462687
gen: 71 best: 562.7 mean: 625.2751243781095
gen: 72 best: 562.7 mean: 625.4606965174129
gen: 73 best: 562.7 mean: 626.5218905472636
gen: 74 best: 562.7 mean: 624.4039800995025
gen: 75 best: 562.7 mean: 625.9691542288557
gen: 76 best: 562.7 mean: 626.9830845771145
gen: 77 best: 562.7 mean: 624.005472636816
gen: 78 best: 562.7 mean: 626.1800995024876
gen: 79 best: 562.7 mean: 624.3850746268656
gen: 80 best: 562.7 mean: 624.3378109452736
gen >81, new best = 553.300
gen: 81 best: 553.3 mean: 624.6293532338309
gen: 82 best: 553.3 mean: 623.5582089552239
gen: 83 best: 553.3 mean: 623.3905472636816
gen: 84 best: 553.3 mean: 623.5970149253732
gen: 85 best: 553.3 mean: 623.255223880597
gen: 86 best: 553.3 mean: 622.7796019900497
gen: 87 best: 553.3 mean: 624.6507462686567
gen: 88 best: 553.3 mean: 623.9029850746268
gen: 89 best: 553.3 mean: 623.1253731343284
gen: 90 best: 553.3 mean: 621.5402985074627
gen: 91 best: 553.3 mean: 622.707960199005
gen: 92 best: 553.3 mean: 623.5910447761194
gen: 93 best: 553.3 mean: 624.0238805970149
gen: 94 best: 553.3 mean: 620.9502487562189
gen: 95 best: 553.3 mean: 622.4253731343283
gen: 96 best: 553.3 mean: 622.2308457711442
gen: 97 best: 553.3 mean: 620.9348258706468
gen: 98 best: 553.3 mean: 622.571144278607
gen: 99 best: 553.3 mean: 622.6950248756219
[9, 10, 8, 10, 9, 9, 9, 10, 9, 9, 9, 9, 9, 9, 10, 10, 10, 9, 9, 11, 9, 9, 9, 10, 9, 8, 9, 9, 9, 9, 10, 9, 9, 9, 9, 9, 10, 9, 9, 8, 10]
Test count of edges: 3253
cat
