Defaulting to user installation because normal site-packages is not writeable
Looking in links: /cvmfs/soft.computecanada.ca/custom/python/wheelhouse/gentoo/avx2, /cvmfs/soft.computecanada.ca/custom/python/wheelhouse/gentoo/generic, /cvmfs/soft.computecanada.ca/custom/python/wheelhouse/generic
Requirement already satisfied: graphviz in /home/js17sy/.local/lib/python3.10/site-packages (0.20)
359; python ga.py 26 1024N_graph26.dat 0.05 0.02 0.7 0.9 0.1 201 1024N_graph26mediumgen3rem70_ 828269
/project/6008788/js17sy/reopenga/1024c/ga.py:291: DeprecationWarning: Sampling from a set deprecated
since Python 3.9 and will be removed in a subsequent version.
  child1 = set(random.sample(
gen >0, new best = 604.000
gen >0, new best = 594.000
gen >0, new best = 569.200
gen >0, new best = 568.900
gen >0, new best = 568.400
gen >0, new best = 559.500
gen >0, new best = 554.100
gen: 0 best: 554.1 mean: 624.2519900497513
gen >1, new best = 529.900
gen >1, new best = 515.100
gen: 1 best: 515.1 mean: 618.263184079602
gen: 2 best: 515.1 mean: 613.8885572139303
gen: 3 best: 515.1 mean: 613.7009950248756
gen: 4 best: 515.1 mean: 608.2621890547264
gen: 5 best: 515.1 mean: 605.3432835820895
gen: 6 best: 515.1 mean: 601.239303482587
gen: 7 best: 515.1 mean: 597.723880597015
gen: 8 best: 515.1 mean: 598.3990049751244
gen >9, new best = 510.900
gen: 9 best: 510.9 mean: 591.9776119402985
gen: 10 best: 510.9 mean: 590.6830845771144
gen: 11 best: 510.9 mean: 590.2756218905473
gen: 12 best: 510.9 mean: 587.7467661691542
gen: 13 best: 510.9 mean: 583.7218905472637
gen: 14 best: 510.9 mean: 578.9940298507463
gen >15, new best = 509.800
gen: 15 best: 509.8 mean: 575.4955223880597
gen >16, new best = 503.300
gen: 16 best: 503.3 mean: 573.5786069651741
gen: 17 best: 503.3 mean: 574.1129353233831
gen: 18 best: 503.3 mean: 571.6338308457712
gen: 19 best: 503.3 mean: 569.463184079602
gen >20, new best = 494.300
gen: 20 best: 494.3 mean: 565.2288557213931
gen: 21 best: 494.3 mean: 565.349751243781
gen: 22 best: 494.3 mean: 564.4970149253732
gen: 23 best: 494.3 mean: 562.8024875621891
gen: 24 best: 494.3 mean: 563.828855721393
gen: 25 best: 494.3 mean: 561.9980099502487
gen: 26 best: 494.3 mean: 558.4601990049752
gen: 27 best: 494.3 mean: 558.5915422885572
gen: 28 best: 494.3 mean: 558.2452736318407
gen: 29 best: 494.3 mean: 558.5800995024875
gen: 30 best: 494.3 mean: 554.0636815920398
gen >31, new best = 469.500
gen: 31 best: 469.5 mean: 552.7935323383084
gen: 32 best: 469.5 mean: 551.6691542288557
gen: 33 best: 469.5 mean: 552.7517412935323
gen: 34 best: 469.5 mean: 547.2009950248756
gen: 35 best: 469.5 mean: 546.9139303482588
gen: 36 best: 469.5 mean: 549.860696517413
gen: 37 best: 469.5 mean: 546.2223880597015
gen: 38 best: 469.5 mean: 546.6154228855721
gen: 39 best: 469.5 mean: 542.5208955223881
gen: 40 best: 469.5 mean: 542.6995024875622
gen: 41 best: 469.5 mean: 541.428855721393
gen: 42 best: 469.5 mean: 541.1810945273631
gen: 43 best: 469.5 mean: 540.9358208955224
gen: 44 best: 469.5 mean: 537.3069651741293
gen: 45 best: 469.5 mean: 536.3830845771145
gen: 46 best: 469.5 mean: 538.1507462686567
gen: 47 best: 469.5 mean: 534.2318407960199
gen: 48 best: 469.5 mean: 536.2835820895523
gen: 49 best: 469.5 mean: 534.602487562189
gen: 50 best: 469.5 mean: 534.4676616915423
gen: 51 best: 469.5 mean: 534.7731343283582
gen: 52 best: 469.5 mean: 534.4865671641791
gen: 53 best: 469.5 mean: 535.3582089552239
gen: 54 best: 469.5 mean: 533.7805970149253
gen: 55 best: 469.5 mean: 533.868656716418
gen: 56 best: 469.5 mean: 534.4587064676617
gen: 57 best: 469.5 mean: 529.4915422885572
gen: 58 best: 469.5 mean: 528.6995024875622
gen >59, new best = 460.500
gen: 59 best: 460.5 mean: 530.9666666666667
gen: 60 best: 460.5 mean: 529.9442786069652
gen: 61 best: 460.5 mean: 528.9139303482588
gen: 62 best: 460.5 mean: 527.5149253731344
gen: 63 best: 460.5 mean: 527.7019900497512
gen: 64 best: 460.5 mean: 525.4890547263682
gen: 65 best: 460.5 mean: 525.5940298507463
gen: 66 best: 460.5 mean: 524.7213930348258
gen: 67 best: 460.5 mean: 526.8676616915423
gen: 68 best: 460.5 mean: 523.5034825870647
gen: 69 best: 460.5 mean: 528.2119402985074
gen: 70 best: 460.5 mean: 524.7064676616916
gen: 71 best: 460.5 mean: 524.0960199004975
gen: 72 best: 460.5 mean: 524.7189054726368
gen: 73 best: 460.5 mean: 523.1258706467662
gen: 74 best: 460.5 mean: 521.3398009950249
gen: 75 best: 460.5 mean: 524.8114427860696
gen: 76 best: 460.5 mean: 523.502487562189
gen: 77 best: 460.5 mean: 520.6407960199004
gen: 78 best: 460.5 mean: 524.0139303482587
gen: 79 best: 460.5 mean: 521.1860696517413
gen: 80 best: 460.5 mean: 520.9348258706468
gen: 81 best: 460.5 mean: 522.2009950248756
gen >82, new best = 449.100
gen: 82 best: 449.1 mean: 520.5388059701493
gen: 83 best: 449.1 mean: 520.9606965174129
gen: 84 best: 449.1 mean: 518.3701492537314
gen: 85 best: 449.1 mean: 520.3587064676617
gen: 86 best: 449.1 mean: 522.2537313432836
gen: 87 best: 449.1 mean: 519.9029850746268
gen: 88 best: 449.1 mean: 520.7398009950249
gen: 89 best: 449.1 mean: 521.3407960199005
gen: 90 best: 449.1 mean: 519.5084577114428
gen: 91 best: 449.1 mean: 518.8731343283582
gen: 92 best: 449.1 mean: 517.3611940298507
gen: 93 best: 449.1 mean: 518.3930348258707
gen: 94 best: 449.1 mean: 519.0179104477612
gen: 95 best: 449.1 mean: 520.610447761194
gen: 96 best: 449.1 mean: 519.7621890547264
gen: 97 best: 449.1 mean: 520.3925373134329
gen: 98 best: 449.1 mean: 521.4427860696518
gen: 99 best: 449.1 mean: 519.3517412935323
[8, 8, 9, 8, 8, 8, 8, 8, 9, 9, 8, 7, 8, 8, 8, 8, 8, 8, 8, 8, 9, 8, 9, 8, 8, 8, 8, 8, 8, 9, 8, 8, 8, 8, 8, 8, 9, 8, 9, 9, 9, 9, 8]
Test count of edges: 1947
cat
