Defaulting to user installation because normal site-packages is not writeable
Looking in links: /cvmfs/soft.computecanada.ca/custom/python/wheelhouse/gentoo/avx2, /cvmfs/soft.computecanada.ca/custom/python/wheelhouse/gentoo/generic, /cvmfs/soft.computecanada.ca/custom/python/wheelhouse/generic
Requirement already satisfied: graphviz in /home/js17sy/.local/lib/python3.10/site-packages (0.20)
75; python ga.py 26 1024N_graph26.dat 0.025 0.01 0.5 0.9 0.1 201 1024N_graph26strictgen3rem50_ 428415
/project/6008788/js17sy/reopenga/1024c/ga.py:291: DeprecationWarning: Sampling from a set deprecated
since Python 3.9 and will be removed in a subsequent version.
  child1 = set(random.sample(
gen >0, new best = 665.400
gen >0, new best = 649.400
gen >0, new best = 648.600
gen >0, new best = 644.500
gen >0, new best = 635.000
gen >0, new best = 628.600
gen: 0 best: 628.6 mean: 654.9415422885572
gen >1, new best = 626.600
gen: 1 best: 626.6 mean: 654.5865671641791
gen: 2 best: 626.6 mean: 653.1522388059701
gen: 3 best: 626.6 mean: 651.4915422885572
gen >4, new best = 623.900
gen: 4 best: 623.9 mean: 650.389552238806
gen >5, new best = 620.700
gen: 5 best: 620.7 mean: 648.1542288557214
gen: 6 best: 620.7 mean: 648.3621890547264
gen >7, new best = 619.000
gen >7, new best = 615.500
gen: 7 best: 615.5 mean: 647.8139303482587
gen: 8 best: 615.5 mean: 645.9985074626866
gen: 9 best: 615.5 mean: 644.1278606965175
gen: 10 best: 615.5 mean: 644.0437810945274
gen: 11 best: 615.5 mean: 641.7577114427861
gen >12, new best = 578.500
gen: 12 best: 578.5 mean: 640.7701492537313
gen: 13 best: 578.5 mean: 639.0577114427861
gen >14, new best = 568.200
gen: 14 best: 568.2 mean: 638.2557213930348
gen: 15 best: 568.2 mean: 637.5746268656717
gen: 16 best: 568.2 mean: 638.0771144278607
gen: 17 best: 568.2 mean: 635.9059701492537
gen: 18 best: 568.2 mean: 634.4099502487562
gen: 19 best: 568.2 mean: 634.297512437811
gen: 20 best: 568.2 mean: 632.6149253731344
gen: 21 best: 568.2 mean: 632.4611940298507
gen >22, new best = 565.900
gen: 22 best: 565.9 mean: 629.392039800995
gen >23, new best = 560.100
gen: 23 best: 560.1 mean: 629.1019900497513
gen: 24 best: 560.1 mean: 629.9686567164179
gen: 25 best: 560.1 mean: 629.1830845771144
gen: 26 best: 560.1 mean: 628.16815920398
gen: 27 best: 560.1 mean: 626.187064676617
gen: 28 best: 560.1 mean: 626.4840796019901
gen: 29 best: 560.1 mean: 625.1084577114428
gen: 30 best: 560.1 mean: 624.8223880597014
gen: 31 best: 560.1 mean: 622.9810945273632
gen: 32 best: 560.1 mean: 624.8199004975124
gen: 33 best: 560.1 mean: 621.0616915422886
gen: 34 best: 560.1 mean: 621.6577114427861
gen >35, new best = 548.100
gen: 35 best: 548.1 mean: 620.8577114427861
gen: 36 best: 548.1 mean: 619.0293532338309
gen: 37 best: 548.1 mean: 619.6233830845771
gen: 38 best: 548.1 mean: 617.971144278607
gen: 39 best: 548.1 mean: 616.8800995024876
gen: 40 best: 548.1 mean: 616.2009950248756
gen: 41 best: 548.1 mean: 614.2487562189054
gen: 42 best: 548.1 mean: 614.0437810945274
gen: 43 best: 548.1 mean: 612.8099502487562
gen: 44 best: 548.1 mean: 611.6452736318408
gen >45, new best = 547.300
gen: 45 best: 547.3 mean: 612.4333333333333
gen: 46 best: 547.3 mean: 611.2810945273632
gen: 47 best: 547.3 mean: 610.9885572139303
gen: 48 best: 547.3 mean: 609.3383084577115
gen: 49 best: 547.3 mean: 608.9487562189055
gen: 50 best: 547.3 mean: 609.4472636815921
gen: 51 best: 547.3 mean: 607.0134328358209
gen: 52 best: 547.3 mean: 607.2298507462687
gen: 53 best: 547.3 mean: 606.1099502487563
gen: 54 best: 547.3 mean: 606.4203980099503
gen: 55 best: 547.3 mean: 603.6014925373134
gen: 56 best: 547.3 mean: 604.0810945273632
gen: 57 best: 547.3 mean: 604.1940298507462
gen >58, new best = 539.200
gen: 58 best: 539.2 mean: 601.5069651741294
gen: 59 best: 539.2 mean: 602.3393034825871
gen: 60 best: 539.2 mean: 601.7746268656716
gen: 61 best: 539.2 mean: 600.8119402985075
gen: 62 best: 539.2 mean: 600.6890547263681
gen: 63 best: 539.2 mean: 600.9930348258706
gen: 64 best: 539.2 mean: 600.3293532338308
gen: 65 best: 539.2 mean: 599.171144278607
gen: 66 best: 539.2 mean: 598.4791044776119
gen: 67 best: 539.2 mean: 597.9328358208955
gen >68, new best = 522.300
gen: 68 best: 522.3 mean: 595.8333333333334
gen: 69 best: 522.3 mean: 596.0363184079602
gen: 70 best: 522.3 mean: 596.4333333333334
gen: 71 best: 522.3 mean: 594.6800995024876
gen: 72 best: 522.3 mean: 595.8601990049751
gen: 73 best: 522.3 mean: 596.0412935323383
gen: 74 best: 522.3 mean: 594.036815920398
gen: 75 best: 522.3 mean: 594.5348258706467
gen: 76 best: 522.3 mean: 594.4228855721393
gen: 77 best: 522.3 mean: 593.4084577114428
gen: 78 best: 522.3 mean: 593.6378109452736
gen: 79 best: 522.3 mean: 592.4308457711443
gen: 80 best: 522.3 mean: 592.5606965174129
gen: 81 best: 522.3 mean: 593.031343283582
gen >82, new best = 512.500
gen: 82 best: 512.5 mean: 590.1955223880597
gen: 83 best: 512.5 mean: 589.6263681592039
gen: 84 best: 512.5 mean: 588.9218905472637
gen: 85 best: 512.5 mean: 589.2557213930348
gen: 86 best: 512.5 mean: 589.797512437811
gen: 87 best: 512.5 mean: 587.9771144278607
gen: 88 best: 512.5 mean: 587.4726368159204
gen: 89 best: 512.5 mean: 587.8746268656716
gen: 90 best: 512.5 mean: 588.1860696517413
gen: 91 best: 512.5 mean: 587.2228855721393
gen: 92 best: 512.5 mean: 585.7567164179104
gen: 93 best: 512.5 mean: 586.4029850746268
gen: 94 best: 512.5 mean: 587.4796019900498
gen: 95 best: 512.5 mean: 586.4611940298507
gen: 96 best: 512.5 mean: 586.1796019900497
gen: 97 best: 512.5 mean: 586.1412935323383
gen: 98 best: 512.5 mean: 586.3502487562189
gen: 99 best: 512.5 mean: 585.063184079602
[9, 9, 10, 10, 9, 11, 10, 11, 10, 10, 9, 9, 10, 10, 11, 10, 10, 8, 10, 10, 11, 10, 10, 10, 10, 10, 10, 9, 10, 9, 9, 9, 11, 10, 10, 10, 9, 11, 9, 10, 9, 11, 11]
Test count of edges: 3240
cat
