Defaulting to user installation because normal site-packages is not writeable
Looking in links: /cvmfs/soft.computecanada.ca/custom/python/wheelhouse/gentoo/avx2, /cvmfs/soft.computecanada.ca/custom/python/wheelhouse/gentoo/generic, /cvmfs/soft.computecanada.ca/custom/python/wheelhouse/generic
Requirement already satisfied: graphviz in /home/js17sy/.local/lib/python3.10/site-packages (0.20)
210; python ga.py 26 1024N_graph26.dat 0.05 0.02 0.5 0.5 0.5 201 1024N_graph26mediumgen1rem50_ 856830
/project/6008788/js17sy/reopenga/1024c/ga.py:291: DeprecationWarning: Sampling from a set deprecated
since Python 3.9 and will be removed in a subsequent version.
  child1 = set(random.sample(
gen >0, new best = 654.200
gen >0, new best = 650.200
gen >0, new best = 645.300
gen: 0 best: 645.3 mean: 671.3796019900498
gen >1, new best = 641.100
gen: 1 best: 641.1 mean: 670.0074626865671
gen: 2 best: 641.1 mean: 669.7179104477613
gen: 3 best: 641.1 mean: 667.8582089552239
gen >4, new best = 638.300
gen >4, new best = 593.400
gen: 4 best: 593.4 mean: 665.5194029850746
gen: 5 best: 593.4 mean: 664.8741293532338
gen: 6 best: 593.4 mean: 663.5218905472636
gen: 7 best: 593.4 mean: 663.2094527363184
gen: 8 best: 593.4 mean: 661.2064676616916
gen: 9 best: 593.4 mean: 662.2412935323383
gen: 10 best: 593.4 mean: 659.6800995024876
gen: 11 best: 593.4 mean: 658.4955223880597
gen: 12 best: 593.4 mean: 658.0751243781094
gen: 13 best: 593.4 mean: 655.4014925373134
gen: 14 best: 593.4 mean: 655.4676616915423
gen: 15 best: 593.4 mean: 654.6
gen: 16 best: 593.4 mean: 651.2930348258707
gen: 17 best: 593.4 mean: 651.2323383084577
gen: 18 best: 593.4 mean: 651.9980099502487
gen: 19 best: 593.4 mean: 652.1194029850747
gen: 20 best: 593.4 mean: 650.5393034825871
gen: 21 best: 593.4 mean: 650.4442786069652
gen: 22 best: 593.4 mean: 650.0611940298508
gen: 23 best: 593.4 mean: 650.1114427860697
gen >24, new best = 574.900
gen: 24 best: 574.9 mean: 649.6865671641791
gen: 25 best: 574.9 mean: 648.1805970149254
gen: 26 best: 574.9 mean: 647.9348258706468
gen: 27 best: 574.9 mean: 648.5701492537313
gen: 28 best: 574.9 mean: 646.7731343283582
gen: 29 best: 574.9 mean: 645.6457711442786
gen: 30 best: 574.9 mean: 646.8820895522388
gen: 31 best: 574.9 mean: 644.6597014925374
gen: 32 best: 574.9 mean: 644.7791044776119
gen: 33 best: 574.9 mean: 644.5905472636816
gen: 34 best: 574.9 mean: 643.3935323383084
gen: 35 best: 574.9 mean: 644.6253731343284
gen: 36 best: 574.9 mean: 643.4298507462687
gen: 37 best: 574.9 mean: 643.3562189054726
gen: 38 best: 574.9 mean: 642.857711442786
gen >39, new best = 570.200
gen: 39 best: 570.2 mean: 642.2850746268657
gen: 40 best: 570.2 mean: 642.6049751243781
gen >41, new best = 565.500
gen: 41 best: 565.5 mean: 641.2064676616916
gen: 42 best: 565.5 mean: 640.9482587064676
gen: 43 best: 565.5 mean: 640.7208955223881
gen >44, new best = 563.000
gen: 44 best: 563.0 mean: 639.4497512437811
gen: 45 best: 563.0 mean: 639.3432835820895
gen: 46 best: 563.0 mean: 638.8766169154229
gen: 47 best: 563.0 mean: 639.8144278606965
gen: 48 best: 563.0 mean: 637.7995024875622
gen: 49 best: 563.0 mean: 639.289552238806
gen: 50 best: 563.0 mean: 638.1955223880597
gen: 51 best: 563.0 mean: 638.6771144278607
gen: 52 best: 563.0 mean: 636.9308457711443
gen: 53 best: 563.0 mean: 637.6004975124379
gen: 54 best: 563.0 mean: 636.2318407960199
gen: 55 best: 563.0 mean: 636.6587064676617
gen: 56 best: 563.0 mean: 635.6631840796019
gen: 57 best: 563.0 mean: 635.139303482587
gen: 58 best: 563.0 mean: 634.7373134328358
gen: 59 best: 563.0 mean: 635.5407960199005
gen: 60 best: 563.0 mean: 634.9109452736318
gen: 61 best: 563.0 mean: 634.3905472636816
gen: 62 best: 563.0 mean: 633.7925373134328
gen: 63 best: 563.0 mean: 633.7915422885573
gen >64, new best = 553.500
gen: 64 best: 553.5 mean: 633.7676616915422
gen: 65 best: 553.5 mean: 634.5208955223881
gen: 66 best: 553.5 mean: 633.971144278607
gen: 67 best: 553.5 mean: 633.2288557213931
gen: 68 best: 553.5 mean: 633.5776119402985
gen: 69 best: 553.5 mean: 633.5009950248756
gen: 70 best: 553.5 mean: 632.9253731343283
gen: 71 best: 553.5 mean: 633.0462686567164
gen: 72 best: 553.5 mean: 633.5124378109452
gen: 73 best: 553.5 mean: 633.5437810945274
gen: 74 best: 553.5 mean: 632.4995024875622
gen: 75 best: 553.5 mean: 632.8398009950249
gen: 76 best: 553.5 mean: 633.3059701492538
gen: 77 best: 553.5 mean: 633.5248756218906
gen: 78 best: 553.5 mean: 633.5626865671642
gen: 79 best: 553.5 mean: 634.4487562189055
gen: 80 best: 553.5 mean: 633.9303482587064
gen: 81 best: 553.5 mean: 632.8915422885572
gen: 82 best: 553.5 mean: 632.4880597014925
gen: 83 best: 553.5 mean: 633.0472636815921
gen: 84 best: 553.5 mean: 632.1373134328359
gen: 85 best: 553.5 mean: 631.5532338308458
gen: 86 best: 553.5 mean: 632.739303482587
gen: 87 best: 553.5 mean: 633.1487562189054
gen: 88 best: 553.5 mean: 631.2333333333333
gen: 89 best: 553.5 mean: 631.6149253731344
gen: 90 best: 553.5 mean: 631.0099502487562
gen: 91 best: 553.5 mean: 631.8985074626866
gen: 92 best: 553.5 mean: 631.5313432835821
gen: 93 best: 553.5 mean: 632.4850746268656
gen: 94 best: 553.5 mean: 631.9218905472637
gen: 95 best: 553.5 mean: 631.9407960199005
gen: 96 best: 553.5 mean: 630.7990049751244
gen: 97 best: 553.5 mean: 631.6582089552239
gen: 98 best: 553.5 mean: 631.3542288557214
gen: 99 best: 553.5 mean: 630.1034825870647
[9, 9, 9, 10, 9, 9, 9, 10, 11, 8, 10, 10, 9, 10, 10, 9, 10, 8, 9, 9, 9, 8, 11, 9, 9, 9, 9, 9, 9, 10, 9, 9, 9, 9, 9, 10]
Test count of edges: 3262
cat
