Defaulting to user installation because normal site-packages is not writeable
Looking in links: /cvmfs/soft.computecanada.ca/custom/python/wheelhouse/gentoo/avx2, /cvmfs/soft.computecanada.ca/custom/python/wheelhouse/gentoo/generic, /cvmfs/soft.computecanada.ca/custom/python/wheelhouse/generic
Requirement already satisfied: graphviz in /home/js17sy/.local/lib/python3.10/site-packages (0.20)
353; python ga.py 26 1024N_graph26.dat 0.05 0.02 0.7 0.9 0.1 201 1024N_graph26mediumgen3rem70_ 656903
/project/6008788/js17sy/reopenga/1024c/ga.py:291: DeprecationWarning: Sampling from a set deprecated
since Python 3.9 and will be removed in a subsequent version.
  child1 = set(random.sample(
gen >0, new best = 648.000
gen >0, new best = 597.500
gen >0, new best = 585.300
gen >0, new best = 572.000
gen >0, new best = 568.700
gen >0, new best = 564.400
gen: 0 best: 564.4 mean: 627.0497512437811
gen: 1 best: 564.4 mean: 620.6621890547264
gen >2, new best = 543.600
gen >2, new best = 536.700
gen: 2 best: 536.7 mean: 616.2746268656716
gen: 3 best: 536.7 mean: 610.8412935323383
gen >4, new best = 525.500
gen: 4 best: 525.5 mean: 610.1975124378109
gen: 5 best: 525.5 mean: 609.034328358209
gen >6, new best = 524.200
gen: 6 best: 524.2 mean: 603.044776119403
gen >7, new best = 513.700
gen: 7 best: 513.7 mean: 604.0915422885572
gen: 8 best: 513.7 mean: 600.5840796019901
gen: 9 best: 513.7 mean: 599.4731343283582
gen: 10 best: 513.7 mean: 595.4228855721393
gen: 11 best: 513.7 mean: 591.6786069651741
gen: 12 best: 513.7 mean: 588.2616915422885
gen: 13 best: 513.7 mean: 587.1606965174129
gen >14, new best = 510.500
gen: 14 best: 510.5 mean: 581.6497512437811
gen >15, new best = 508.500
gen: 15 best: 508.5 mean: 578.2691542288558
gen: 16 best: 508.5 mean: 575.2562189054727
gen >17, new best = 502.700
gen: 17 best: 502.7 mean: 572.3970149253731
gen: 18 best: 502.7 mean: 570.1517412935324
gen: 19 best: 502.7 mean: 569.0253731343283
gen >20, new best = 478.300
gen: 20 best: 478.3 mean: 566.3746268656716
gen: 21 best: 478.3 mean: 558.9671641791044
gen: 22 best: 478.3 mean: 558.8646766169154
gen: 23 best: 478.3 mean: 558.2054726368159
gen: 24 best: 478.3 mean: 557.9124378109452
gen: 25 best: 478.3 mean: 551.0532338308458
gen: 26 best: 478.3 mean: 553.5218905472636
gen: 27 best: 478.3 mean: 550.4512437810945
gen: 28 best: 478.3 mean: 550.2223880597015
gen: 29 best: 478.3 mean: 548.6512437810945
gen: 30 best: 478.3 mean: 544.8985074626866
gen: 31 best: 478.3 mean: 544.6492537313433
gen: 32 best: 478.3 mean: 545.9517412935323
gen: 33 best: 478.3 mean: 543.5338308457711
gen: 34 best: 478.3 mean: 541.6154228855721
gen: 35 best: 478.3 mean: 538.8512437810946
gen: 36 best: 478.3 mean: 537.6338308457712
gen: 37 best: 478.3 mean: 541.5442786069651
gen: 38 best: 478.3 mean: 539.218407960199
gen: 39 best: 478.3 mean: 535.102487562189
gen >40, new best = 471.400
gen >40, new best = 470.900
gen: 40 best: 470.9 mean: 535.6542288557214
gen: 41 best: 470.9 mean: 534.5572139303482
gen: 42 best: 470.9 mean: 536.2233830845771
gen: 43 best: 470.9 mean: 532.4835820895522
gen: 44 best: 470.9 mean: 530.0427860696517
gen >45, new best = 467.900
gen: 45 best: 467.9 mean: 529.8492537313433
gen: 46 best: 467.9 mean: 527.8995024875622
gen: 47 best: 467.9 mean: 528.5338308457711
gen: 48 best: 467.9 mean: 526.6218905472637
gen: 49 best: 467.9 mean: 525.2398009950249
gen: 50 best: 467.9 mean: 524.7054726368159
gen: 51 best: 467.9 mean: 521.6263681592039
gen >52, new best = 466.800
gen >52, new best = 459.600
gen: 52 best: 459.6 mean: 521.3567164179104
gen: 53 best: 459.6 mean: 522.2134328358209
gen: 54 best: 459.6 mean: 519.6164179104478
gen: 55 best: 459.6 mean: 521.107960199005
gen: 56 best: 459.6 mean: 519.7388059701492
gen: 57 best: 459.6 mean: 517.397512437811
gen: 58 best: 459.6 mean: 515.5940298507462
gen >59, new best = 448.700
gen: 59 best: 448.7 mean: 516.8850746268656
gen: 60 best: 448.7 mean: 516.4636815920398
gen: 61 best: 448.7 mean: 516.1457711442786
gen: 62 best: 448.7 mean: 516.7462686567164
gen: 63 best: 448.7 mean: 517.4313432835821
gen: 64 best: 448.7 mean: 516.7930348258707
gen: 65 best: 448.7 mean: 514.4149253731343
gen: 66 best: 448.7 mean: 514.1601990049751
gen: 67 best: 448.7 mean: 515.4074626865672
gen: 68 best: 448.7 mean: 513.5870646766169
gen >69, new best = 445.200
gen: 69 best: 445.2 mean: 513.5900497512438
gen: 70 best: 445.2 mean: 516.5786069651741
gen: 71 best: 445.2 mean: 512.9402985074627
gen: 72 best: 445.2 mean: 511.89850746268655
gen: 73 best: 445.2 mean: 513.6328358208955
gen: 74 best: 445.2 mean: 513.702487562189
gen: 75 best: 445.2 mean: 511.89850746268655
gen: 76 best: 445.2 mean: 513.0990049751243
gen: 77 best: 445.2 mean: 512.4601990049752
gen >78, new best = 441.900
gen: 78 best: 441.9 mean: 511.8532338308458
gen: 79 best: 441.9 mean: 515.0213930348259
gen: 80 best: 441.9 mean: 512.3233830845771
gen: 81 best: 441.9 mean: 509.5199004975124
gen: 82 best: 441.9 mean: 510.76616915422886
gen: 83 best: 441.9 mean: 511.0134328358209
gen: 84 best: 441.9 mean: 510.99701492537315
gen: 85 best: 441.9 mean: 510.6457711442786
gen >86, new best = 434.200
gen: 86 best: 434.2 mean: 509.78855721393035
gen: 87 best: 434.2 mean: 509.4507462686567
gen: 88 best: 434.2 mean: 509.27960199004974
gen: 89 best: 434.2 mean: 509.0587064676617
gen: 90 best: 434.2 mean: 506.1059701492537
gen: 91 best: 434.2 mean: 509.23532338308456
gen: 92 best: 434.2 mean: 508.1885572139303
gen: 93 best: 434.2 mean: 508.84179104477613
gen: 94 best: 434.2 mean: 509.6820895522388
gen: 95 best: 434.2 mean: 504.8845771144279
gen: 96 best: 434.2 mean: 508.9462686567164
gen: 97 best: 434.2 mean: 505.9358208955224
gen: 98 best: 434.2 mean: 506.48059701492537
gen: 99 best: 434.2 mean: 509.2840796019901
[9, 8, 7, 8, 8, 8, 9, 8, 8, 8, 8, 8, 8, 8, 9, 11, 9, 8, 7, 8, 8, 9, 7, 9, 8, 8, 8, 8, 9, 8, 9, 8, 8, 10, 8, 9, 12, 8, 8, 9, 8, 7, 8, 9]
Test count of edges: 1950
cat
