Defaulting to user installation because normal site-packages is not writeable
Looking in links: /cvmfs/soft.computecanada.ca/custom/python/wheelhouse/gentoo/avx2, /cvmfs/soft.computecanada.ca/custom/python/wheelhouse/gentoo/generic, /cvmfs/soft.computecanada.ca/custom/python/wheelhouse/generic
Requirement already satisfied: graphviz in /home/js17sy/.local/lib/python3.10/site-packages (0.20)
717; python ga.py 9 512N_graph9.dat 0.1 0.04 0.7 0.9 0.1 201 512N_graph9leerygen3rem70_ 771147
/project/6008788/js17sy/reopenga/512b/ga.py:291: DeprecationWarning: Sampling from a set deprecated
since Python 3.9 and will be removed in a subsequent version.
  child1 = set(random.sample(
gen >0, new best = 307.900
gen >0, new best = 306.300
gen >0, new best = 303.600
gen >0, new best = 301.600
gen >0, new best = 299.900
gen: 0 best: 299.9 mean: 327.818407960199
gen: 1 best: 299.9 mean: 326.181592039801
gen >2, new best = 298.000
gen: 2 best: 298.0 mean: 326.8636815920398
gen >3, new best = 279.200
gen: 3 best: 279.2 mean: 324.8731343283582
gen: 4 best: 279.2 mean: 323.644776119403
gen: 5 best: 279.2 mean: 322.3686567164179
gen: 6 best: 279.2 mean: 319.2766169154229
gen: 7 best: 279.2 mean: 318.66169154228857
gen: 8 best: 279.2 mean: 318.91293532338307
gen: 9 best: 279.2 mean: 316.5462686567164
gen: 10 best: 279.2 mean: 315.61293532338306
gen: 11 best: 279.2 mean: 316.43283582089555
gen: 12 best: 279.2 mean: 315.7417910447761
gen: 13 best: 279.2 mean: 316.1482587064677
gen: 14 best: 279.2 mean: 313.3044776119403
gen: 15 best: 279.2 mean: 314.68955223880596
gen: 16 best: 279.2 mean: 313.2910447761194
gen: 17 best: 279.2 mean: 312.3572139303483
gen >18, new best = 274.400
gen: 18 best: 274.4 mean: 313.02636815920397
gen: 19 best: 274.4 mean: 312.3278606965174
gen: 20 best: 274.4 mean: 311.826368159204
gen: 21 best: 274.4 mean: 310.1830845771144
gen: 22 best: 274.4 mean: 310.48258706467664
gen: 23 best: 274.4 mean: 310.00597014925376
gen: 24 best: 274.4 mean: 308.5880597014925
gen: 25 best: 274.4 mean: 308.79402985074626
gen: 26 best: 274.4 mean: 308.355223880597
gen: 27 best: 274.4 mean: 308.44029850746267
gen: 28 best: 274.4 mean: 305.7771144278607
gen: 29 best: 274.4 mean: 308.1283582089552
gen: 30 best: 274.4 mean: 306.58855721393036
gen: 31 best: 274.4 mean: 306.9228855721393
gen >32, new best = 266.500
gen: 32 best: 266.5 mean: 306.3592039800995
gen: 33 best: 266.5 mean: 304.9776119402985
gen: 34 best: 266.5 mean: 305.73532338308456
gen: 35 best: 266.5 mean: 305.99353233830846
gen: 36 best: 266.5 mean: 303.49701492537315
gen: 37 best: 266.5 mean: 303.8273631840796
gen: 38 best: 266.5 mean: 303.21890547263683
gen: 39 best: 266.5 mean: 302.1666666666667
gen: 40 best: 266.5 mean: 302.01044776119403
gen >41, new best = 266.100
gen: 41 best: 266.1 mean: 301.0592039800995
gen: 42 best: 266.1 mean: 302.9179104477612
gen: 43 best: 266.1 mean: 302.82885572139304
gen: 44 best: 266.1 mean: 303.2238805970149
gen: 45 best: 266.1 mean: 302.38955223880595
gen: 46 best: 266.1 mean: 301.2636815920398
gen: 47 best: 266.1 mean: 302.62885572139305
gen: 48 best: 266.1 mean: 301.73034825870644
gen: 49 best: 266.1 mean: 300.51940298507463
gen: 50 best: 266.1 mean: 302.02537313432833
gen: 51 best: 266.1 mean: 300.444776119403
gen >52, new best = 253.200
gen: 52 best: 253.2 mean: 298.37114427860695
gen: 53 best: 253.2 mean: 297.6945273631841
gen: 54 best: 253.2 mean: 299.41492537313434
gen: 55 best: 253.2 mean: 296.58855721393036
gen: 56 best: 253.2 mean: 297.67064676616917
gen: 57 best: 253.2 mean: 295.6129353233831
gen: 58 best: 253.2 mean: 297.97960199004973
gen: 59 best: 253.2 mean: 296.40597014925373
gen: 60 best: 253.2 mean: 296.82487562189056
gen: 61 best: 253.2 mean: 297.0626865671642
gen: 62 best: 253.2 mean: 297.3054726368159
gen: 63 best: 253.2 mean: 295.0860696517413
gen: 64 best: 253.2 mean: 295.01741293532336
gen: 65 best: 253.2 mean: 295.8537313432836
gen: 66 best: 253.2 mean: 295.13880597014924
gen: 67 best: 253.2 mean: 295.7039800995025
gen: 68 best: 253.2 mean: 294.981592039801
gen: 69 best: 253.2 mean: 294.9268656716418
gen: 70 best: 253.2 mean: 293.95522388059703
gen: 71 best: 253.2 mean: 295.7502487562189
gen: 72 best: 253.2 mean: 294.25721393034826
gen: 73 best: 253.2 mean: 295.381592039801
gen: 74 best: 253.2 mean: 293.64776119402984
gen: 75 best: 253.2 mean: 295.27512437810947
gen: 76 best: 253.2 mean: 293.9890547263682
gen: 77 best: 253.2 mean: 295.5492537313433
gen: 78 best: 253.2 mean: 294.9502487562189
gen: 79 best: 253.2 mean: 293.6820895522388
gen: 80 best: 253.2 mean: 294.53383084577115
gen: 81 best: 253.2 mean: 294.18407960199005
gen: 82 best: 253.2 mean: 294.692039800995
gen >83, new best = 250.200
gen: 83 best: 250.2 mean: 293.42089552238804
gen >84, new best = 249.000
gen: 84 best: 249.0 mean: 293.60199004975124
gen: 85 best: 249.0 mean: 293.9338308457711
gen: 86 best: 249.0 mean: 292.8044776119403
gen: 87 best: 249.0 mean: 294.1666666666667
gen: 88 best: 249.0 mean: 294.0696517412935
gen: 89 best: 249.0 mean: 292.87810945273634
gen: 90 best: 249.0 mean: 292.6084577114428
gen: 91 best: 249.0 mean: 293.6407960199005
gen: 92 best: 249.0 mean: 292.37114427860695
gen: 93 best: 249.0 mean: 292.39452736318407
gen: 94 best: 249.0 mean: 291.3537313432836
gen: 95 best: 249.0 mean: 292.03980099502485
gen: 96 best: 249.0 mean: 291.5383084577114
gen: 97 best: 249.0 mean: 291.16019900497514
gen: 98 best: 249.0 mean: 291.5507462686567
gen: 99 best: 249.0 mean: 291.39104477611943
[7, 8, 10, 7, 7, 8, 9, 7, 9, 7, 8, 7, 13, 7, 7, 7, 7, 8, 8, 7, 7, 7, 8, 9, 7, 9, 7, 8, 8, 9, 7, 9, 7, 8, 7, 8, 6, 8, 6, 7, 7, 7, 7, 7, 11, 9, 6, 9, 7]
Test count of edges: 951
cat
