Defaulting to user installation because normal site-packages is not writeable
Looking in links: /cvmfs/soft.computecanada.ca/custom/python/wheelhouse/gentoo/avx2, /cvmfs/soft.computecanada.ca/custom/python/wheelhouse/gentoo/generic, /cvmfs/soft.computecanada.ca/custom/python/wheelhouse/generic
Requirement already satisfied: graphviz in /home/js17sy/.local/lib/python3.10/site-packages (0.20)
561; python ga.py 9 512N_graph9.dat 0.1 0.04 0.5 0.5 0.5 201 512N_graph9leerygen1rem50_ 599781
/project/6008788/js17sy/reopenga/512b/ga.py:291: DeprecationWarning: Sampling from a set deprecated
since Python 3.9 and will be removed in a subsequent version.
  child1 = set(random.sample(
gen >0, new best = 356.800
gen >0, new best = 353.000
gen >0, new best = 346.400
gen >0, new best = 344.700
gen >0, new best = 341.800
gen >0, new best = 340.900
gen >0, new best = 335.500
gen: 0 best: 335.5 mean: 357.0139303482587
gen: 1 best: 335.5 mean: 356.35621890547264
gen: 2 best: 335.5 mean: 355.37412935323385
gen >3, new best = 317.700
gen: 3 best: 317.7 mean: 354.1084577114428
gen: 4 best: 317.7 mean: 354.3860696517413
gen: 5 best: 317.7 mean: 354.67512437810944
gen: 6 best: 317.7 mean: 353.6850746268657
gen: 7 best: 317.7 mean: 353.3422885572139
gen: 8 best: 317.7 mean: 353.0258706467662
gen: 9 best: 317.7 mean: 353.4592039800995
gen: 10 best: 317.7 mean: 352.4671641791045
gen: 11 best: 317.7 mean: 352.0641791044776
gen: 12 best: 317.7 mean: 352.4303482587065
gen: 13 best: 317.7 mean: 352.1870646766169
gen: 14 best: 317.7 mean: 351.5646766169154
gen: 15 best: 317.7 mean: 351.27014925373135
gen: 16 best: 317.7 mean: 350.58855721393036
gen: 17 best: 317.7 mean: 349.336815920398
gen: 18 best: 317.7 mean: 349.6885572139303
gen: 19 best: 317.7 mean: 349.81990049751244
gen >20, new best = 310.000
gen: 20 best: 310.0 mean: 349.2358208955224
gen: 21 best: 310.0 mean: 348.2467661691542
gen: 22 best: 310.0 mean: 348.8517412935323
gen: 23 best: 310.0 mean: 347.44825870646764
gen: 24 best: 310.0 mean: 347.33830845771143
gen: 25 best: 310.0 mean: 348.23731343283583
gen >26, new best = 308.200
gen: 26 best: 308.2 mean: 347.289552238806
gen: 27 best: 308.2 mean: 346.67512437810944
gen: 28 best: 308.2 mean: 345.7328358208955
gen: 29 best: 308.2 mean: 345.9009950248756
gen: 30 best: 308.2 mean: 345.7960199004975
gen: 31 best: 308.2 mean: 345.50995024875624
gen >32, new best = 307.900
gen: 32 best: 307.9 mean: 344.59850746268654
gen: 33 best: 307.9 mean: 344.61293532338306
gen: 34 best: 307.9 mean: 344.0681592039801
gen: 35 best: 307.9 mean: 344.47014925373134
gen: 36 best: 307.9 mean: 344.58358208955224
gen: 37 best: 307.9 mean: 343.8626865671642
gen: 38 best: 307.9 mean: 343.01592039800994
gen: 39 best: 307.9 mean: 343.04278606965175
gen >40, new best = 303.000
gen: 40 best: 303.0 mean: 343.0970149253731
gen: 41 best: 303.0 mean: 342.2417910447761
gen: 42 best: 303.0 mean: 342.50298507462685
gen: 43 best: 303.0 mean: 342.1119402985075
gen: 44 best: 303.0 mean: 341.96417910447764
gen: 45 best: 303.0 mean: 341.5990049751244
gen: 46 best: 303.0 mean: 341.3990049751244
gen: 47 best: 303.0 mean: 341.9432835820896
gen: 48 best: 303.0 mean: 340.44029850746267
gen: 49 best: 303.0 mean: 340.4681592039801
gen: 50 best: 303.0 mean: 340.40796019900495
gen: 51 best: 303.0 mean: 339.7467661691542
gen: 52 best: 303.0 mean: 340.8169154228856
gen: 53 best: 303.0 mean: 340.37064676616916
gen: 54 best: 303.0 mean: 339.55970149253733
gen: 55 best: 303.0 mean: 339.11592039800996
gen: 56 best: 303.0 mean: 339.6796019900498
gen: 57 best: 303.0 mean: 338.85223880597016
gen: 58 best: 303.0 mean: 339.3805970149254
gen: 59 best: 303.0 mean: 338.9507462686567
gen: 60 best: 303.0 mean: 337.1626865671642
gen: 61 best: 303.0 mean: 337.68955223880596
gen: 62 best: 303.0 mean: 337.55223880597015
gen: 63 best: 303.0 mean: 337.03383084577115
gen: 64 best: 303.0 mean: 336.39800995024876
gen: 65 best: 303.0 mean: 336.15621890547266
gen: 66 best: 303.0 mean: 335.0497512437811
gen: 67 best: 303.0 mean: 335.34179104477613
gen: 68 best: 303.0 mean: 336.1004975124378
gen: 69 best: 303.0 mean: 336.48457711442785
gen: 70 best: 303.0 mean: 335.90696517412937
gen: 71 best: 303.0 mean: 334.9338308457711
gen: 72 best: 303.0 mean: 333.4766169154229
gen: 73 best: 303.0 mean: 333.98059701492537
gen: 74 best: 303.0 mean: 333.80248756218907
gen: 75 best: 303.0 mean: 333.9412935323383
gen: 76 best: 303.0 mean: 333.8845771144279
gen: 77 best: 303.0 mean: 333.53333333333336
gen: 78 best: 303.0 mean: 333.72935323383086
gen >79, new best = 292.300
gen: 79 best: 292.3 mean: 332.7512437810945
gen: 80 best: 292.3 mean: 333.16069651741293
gen: 81 best: 292.3 mean: 333.2771144278607
gen: 82 best: 292.3 mean: 333.96268656716416
gen: 83 best: 292.3 mean: 333.4646766169154
gen: 84 best: 292.3 mean: 333.2398009950249
gen: 85 best: 292.3 mean: 332.8407960199005
gen: 86 best: 292.3 mean: 333.2313432835821
gen: 87 best: 292.3 mean: 331.8776119402985
gen: 88 best: 292.3 mean: 332.7930348258706
gen: 89 best: 292.3 mean: 332.76467661691544
gen: 90 best: 292.3 mean: 331.7945273631841
gen: 91 best: 292.3 mean: 332.1407960199005
gen: 92 best: 292.3 mean: 332.7348258706468
gen: 93 best: 292.3 mean: 332.2641791044776
gen: 94 best: 292.3 mean: 331.7950248756219
gen: 95 best: 292.3 mean: 332.234328358209
gen >96, new best = 282.700
gen: 96 best: 282.7 mean: 331.10149253731345
gen: 97 best: 282.7 mean: 331.7
gen: 98 best: 282.7 mean: 332.4776119402985
gen: 99 best: 282.7 mean: 331.1592039800995
[8, 8, 8, 8, 8, 8, 8, 7, 9, 8, 9, 8, 7, 8, 8, 8, 8, 9, 7, 8, 8, 8, 8, 7, 10, 9, 9, 10, 8, 8, 10, 7, 8, 8, 10, 7, 9, 8, 10, 9, 9, 7, 8, 8, 8, 8, 11, 8, 8, 10]
Test count of edges: 1616
cat
