Defaulting to user installation because normal site-packages is not writeable
Looking in links: /cvmfs/soft.computecanada.ca/custom/python/wheelhouse/gentoo/avx2, /cvmfs/soft.computecanada.ca/custom/python/wheelhouse/gentoo/generic, /cvmfs/soft.computecanada.ca/custom/python/wheelhouse/generic
Requirement already satisfied: graphviz in /home/js17sy/.local/lib/python3.10/site-packages (0.20)
183; python ga.py 9 512N_graph9.dat 0.05 0.02 0.5 0.5 0.5 201 512N_graph9mediumgen1rem50_ 85683
/project/6008788/js17sy/reopenga/512b/ga.py:291: DeprecationWarning: Sampling from a set deprecated
since Python 3.9 and will be removed in a subsequent version.
  child1 = set(random.sample(
gen >0, new best = 324.400
gen >0, new best = 323.700
gen >0, new best = 323.500
gen >0, new best = 314.500
gen >0, new best = 313.800
gen >0, new best = 309.300
gen >0, new best = 283.700
gen: 0 best: 283.7 mean: 328.0004975124378
gen: 1 best: 283.7 mean: 327.0661691542289
gen: 2 best: 283.7 mean: 326.3776119402985
gen: 3 best: 283.7 mean: 325.9338308457711
gen: 4 best: 283.7 mean: 325.1323383084577
gen: 5 best: 283.7 mean: 324.80497512437813
gen: 6 best: 283.7 mean: 324.12935323383084
gen: 7 best: 283.7 mean: 323.8731343283582
gen: 8 best: 283.7 mean: 324.163184079602
gen: 9 best: 283.7 mean: 322.89850746268655
gen: 10 best: 283.7 mean: 321.69154228855723
gen: 11 best: 283.7 mean: 321.80298507462686
gen: 12 best: 283.7 mean: 320.897512437811
gen: 13 best: 283.7 mean: 319.2487562189055
gen: 14 best: 283.7 mean: 319.5353233830846
gen >15, new best = 276.600
gen: 15 best: 276.6 mean: 318.6024875621891
gen: 16 best: 276.6 mean: 317.9502487562189
gen: 17 best: 276.6 mean: 316.99154228855724
gen: 18 best: 276.6 mean: 317.4636815920398
gen: 19 best: 276.6 mean: 316.2402985074627
gen: 20 best: 276.6 mean: 315.8731343283582
gen: 21 best: 276.6 mean: 315.0587064676617
gen: 22 best: 276.6 mean: 314.36716417910446
gen: 23 best: 276.6 mean: 314.7179104477612
gen >24, new best = 273.900
gen: 24 best: 273.9 mean: 313.5323383084577
gen: 25 best: 273.9 mean: 313.0716417910448
gen: 26 best: 273.9 mean: 312.54825870646766
gen: 27 best: 273.9 mean: 312.38358208955225
gen: 28 best: 273.9 mean: 311.6955223880597
gen: 29 best: 273.9 mean: 311.4905472636816
gen: 30 best: 273.9 mean: 310.2965174129353
gen: 31 best: 273.9 mean: 310.7776119402985
gen >32, new best = 268.100
gen: 32 best: 268.1 mean: 310.6303482587065
gen: 33 best: 268.1 mean: 310.9029850746269
gen: 34 best: 268.1 mean: 309.5402985074627
gen: 35 best: 268.1 mean: 310.8422885572139
gen: 36 best: 268.1 mean: 310.1208955223881
gen: 37 best: 268.1 mean: 310.17512437810944
gen: 38 best: 268.1 mean: 308.9582089552239
gen: 39 best: 268.1 mean: 309.2164179104478
gen: 40 best: 268.1 mean: 309.7164179104478
gen: 41 best: 268.1 mean: 308.2676616915423
gen: 42 best: 268.1 mean: 308.83084577114425
gen: 43 best: 268.1 mean: 308.08308457711445
gen: 44 best: 268.1 mean: 308.6094527363184
gen: 45 best: 268.1 mean: 308.6194029850746
gen: 46 best: 268.1 mean: 307.1223880597015
gen: 47 best: 268.1 mean: 307.6671641791045
gen: 48 best: 268.1 mean: 307.9393034825871
gen: 49 best: 268.1 mean: 307.7825870646766
gen: 50 best: 268.1 mean: 307.0721393034826
gen: 51 best: 268.1 mean: 306.57114427860694
gen: 52 best: 268.1 mean: 306.93880597014925
gen: 53 best: 268.1 mean: 306.83383084577116
gen >54, new best = 262.300
gen: 54 best: 262.3 mean: 305.14776119402984
gen: 55 best: 262.3 mean: 306.2726368159204
gen: 56 best: 262.3 mean: 305.65472636815923
gen: 57 best: 262.3 mean: 305.173631840796
gen: 58 best: 262.3 mean: 306.43482587064676
gen: 59 best: 262.3 mean: 305.5044776119403
gen: 60 best: 262.3 mean: 306.1139303482587
gen: 61 best: 262.3 mean: 306.1393034825871
gen: 62 best: 262.3 mean: 305.3587064676617
gen: 63 best: 262.3 mean: 305.21542288557214
gen: 64 best: 262.3 mean: 305.0820895522388
gen: 65 best: 262.3 mean: 304.48805970149255
gen: 66 best: 262.3 mean: 305.3333333333333
gen: 67 best: 262.3 mean: 303.7582089552239
gen: 68 best: 262.3 mean: 303.6995024875622
gen: 69 best: 262.3 mean: 303.7507462686567
gen: 70 best: 262.3 mean: 304.65223880597017
gen: 71 best: 262.3 mean: 303.66169154228857
gen: 72 best: 262.3 mean: 303.7318407960199
gen: 73 best: 262.3 mean: 303.0820895522388
gen: 74 best: 262.3 mean: 303.0825870646766
gen: 75 best: 262.3 mean: 303.6502487562189
gen: 76 best: 262.3 mean: 302.3905472636816
gen >77, new best = 262.000
gen: 77 best: 262.0 mean: 301.66766169154226
gen: 78 best: 262.0 mean: 303.2547263681592
gen: 79 best: 262.0 mean: 302.35771144278607
gen: 80 best: 262.0 mean: 302.90398009950246
gen: 81 best: 262.0 mean: 301.88407960199004
gen: 82 best: 262.0 mean: 301.75373134328356
gen: 83 best: 262.0 mean: 301.9049751243781
gen: 84 best: 262.0 mean: 302.9467661691542
gen: 85 best: 262.0 mean: 301.58905472636815
gen: 86 best: 262.0 mean: 302.2487562189055
gen: 87 best: 262.0 mean: 302.2855721393035
gen: 88 best: 262.0 mean: 302.3681592039801
gen >89, new best = 260.100
gen: 89 best: 260.1 mean: 302.01194029850745
gen: 90 best: 260.1 mean: 301.9965174129353
gen: 91 best: 260.1 mean: 302.8592039800995
gen: 92 best: 260.1 mean: 302.4865671641791
gen: 93 best: 260.1 mean: 301.78457711442786
gen: 94 best: 260.1 mean: 302.34676616915425
gen: 95 best: 260.1 mean: 302.35771144278607
gen: 96 best: 260.1 mean: 301.9925373134328
gen: 97 best: 260.1 mean: 302.14925373134326
gen: 98 best: 260.1 mean: 301.71343283582087
gen: 99 best: 260.1 mean: 302.0407960199005
[9, 11, 10, 9, 11, 11, 10, 10, 10, 10, 9, 10, 9, 8, 9, 10, 8, 10, 9, 8, 10, 8, 10, 11, 10, 9, 10, 10, 9, 8, 12, 11, 9, 10, 11, 10, 12, 9, 12, 8, 11, 11, 12, 11, 9, 11]
Test count of edges: 1614
cat
