Defaulting to user installation because normal site-packages is not writeable
Looking in links: /cvmfs/soft.computecanada.ca/custom/python/wheelhouse/gentoo/avx2, /cvmfs/soft.computecanada.ca/custom/python/wheelhouse/gentoo/generic, /cvmfs/soft.computecanada.ca/custom/python/wheelhouse/generic
Requirement already satisfied: graphviz in /home/js17sy/.local/lib/python3.10/site-packages (0.20)
577; python ga.py 9 512N_graph9.dat 0.1 0.04 0.5 0.7 0.3 201 512N_graph9leerygen2rem50_ 199927
/project/6008788/js17sy/reopenga/512b/ga.py:291: DeprecationWarning: Sampling from a set deprecated
since Python 3.9 and will be removed in a subsequent version.
  child1 = set(random.sample(
gen >0, new best = 345.600
gen >0, new best = 343.600
gen >0, new best = 341.300
gen: 0 best: 341.3 mean: 356.73258706467664
gen >1, new best = 340.900
gen >1, new best = 339.500
gen: 1 best: 339.5 mean: 356.5442786069652
gen: 2 best: 339.5 mean: 356.00248756218906
gen >3, new best = 325.400
gen: 3 best: 325.4 mean: 355.4134328358209
gen >4, new best = 322.500
gen: 4 best: 322.5 mean: 354.7965174129353
gen: 5 best: 322.5 mean: 353.52537313432833
gen: 6 best: 322.5 mean: 352.49203980099503
gen: 7 best: 322.5 mean: 353.21094527363186
gen >8, new best = 318.100
gen: 8 best: 318.1 mean: 350.61094527363184
gen: 9 best: 318.1 mean: 351.37114427860695
gen: 10 best: 318.1 mean: 351.5880597014925
gen: 11 best: 318.1 mean: 349.9985074626866
gen: 12 best: 318.1 mean: 350.09751243781096
gen: 13 best: 318.1 mean: 349.6542288557214
gen: 14 best: 318.1 mean: 349.80149253731344
gen >15, new best = 315.700
gen: 15 best: 315.7 mean: 348.1154228855721
gen: 16 best: 315.7 mean: 348.0626865671642
gen: 17 best: 315.7 mean: 347.42437810945273
gen: 18 best: 315.7 mean: 347.644776119403
gen >19, new best = 315.500
gen >19, new best = 310.500
gen: 19 best: 310.5 mean: 347.4099502487562
gen: 20 best: 310.5 mean: 347.2492537313433
gen: 21 best: 310.5 mean: 346.32537313432834
gen: 22 best: 310.5 mean: 346.1452736318408
gen: 23 best: 310.5 mean: 345.636815920398
gen: 24 best: 310.5 mean: 345.1393034825871
gen >25, new best = 297.900
gen: 25 best: 297.9 mean: 345.2457711442786
gen: 26 best: 297.9 mean: 344.94776119402985
gen: 27 best: 297.9 mean: 344.2547263681592
gen: 28 best: 297.9 mean: 344.2283582089552
gen: 29 best: 297.9 mean: 343.31990049751244
gen: 30 best: 297.9 mean: 343.7213930348259
gen: 31 best: 297.9 mean: 343.2308457711443
gen: 32 best: 297.9 mean: 342.6283582089552
gen: 33 best: 297.9 mean: 342.9646766169154
gen >34, new best = 291.600
gen: 34 best: 291.6 mean: 342.5218905472637
gen: 35 best: 291.6 mean: 341.4835820895522
gen: 36 best: 291.6 mean: 341.34378109452734
gen: 37 best: 291.6 mean: 341.79800995024874
gen: 38 best: 291.6 mean: 341.8114427860697
gen: 39 best: 291.6 mean: 341.71492537313435
gen: 40 best: 291.6 mean: 340.92039800995025
gen: 41 best: 291.6 mean: 340.7761194029851
gen: 42 best: 291.6 mean: 340.31990049751244
gen: 43 best: 291.6 mean: 339.83980099502486
gen: 44 best: 291.6 mean: 339.86218905472634
gen: 45 best: 291.6 mean: 340.3134328358209
gen: 46 best: 291.6 mean: 340.1323383084577
gen: 47 best: 291.6 mean: 339.9562189054726
gen: 48 best: 291.6 mean: 339.626368159204
gen: 49 best: 291.6 mean: 339.1641791044776
gen: 50 best: 291.6 mean: 338.4830845771144
gen: 51 best: 291.6 mean: 338.70298507462684
gen: 52 best: 291.6 mean: 337.85572139303486
gen: 53 best: 291.6 mean: 338.17164179104475
gen: 54 best: 291.6 mean: 338.50696517412933
gen: 55 best: 291.6 mean: 338.4467661691542
gen: 56 best: 291.6 mean: 338.0507462686567
gen: 57 best: 291.6 mean: 336.82089552238807
gen: 58 best: 291.6 mean: 336.7512437810945
gen: 59 best: 291.6 mean: 336.89651741293534
gen: 60 best: 291.6 mean: 336.38955223880595
gen: 61 best: 291.6 mean: 334.9726368159204
gen: 62 best: 291.6 mean: 336.2363184079602
gen: 63 best: 291.6 mean: 335.4462686567164
gen: 64 best: 291.6 mean: 335.85223880597016
gen: 65 best: 291.6 mean: 336.9721393034826
gen: 66 best: 291.6 mean: 335.7358208955224
gen: 67 best: 291.6 mean: 335.08358208955224
gen: 68 best: 291.6 mean: 335.1009950248756
gen: 69 best: 291.6 mean: 335.1885572139303
gen: 70 best: 291.6 mean: 335.93482587064676
gen: 71 best: 291.6 mean: 335.1313432835821
gen: 72 best: 291.6 mean: 334.9870646766169
gen: 73 best: 291.6 mean: 334.5786069651741
gen: 74 best: 291.6 mean: 334.3129353233831
gen: 75 best: 291.6 mean: 333.9706467661692
gen: 76 best: 291.6 mean: 333.92587064676616
gen: 77 best: 291.6 mean: 334.11144278606963
gen: 78 best: 291.6 mean: 332.9800995024876
gen: 79 best: 291.6 mean: 333.78507462686565
gen: 80 best: 291.6 mean: 333.5223880597015
gen: 81 best: 291.6 mean: 334.0442786069652
gen: 82 best: 291.6 mean: 333.86218905472634
gen: 83 best: 291.6 mean: 332.94825870646764
gen: 84 best: 291.6 mean: 332.7363184079602
gen: 85 best: 291.6 mean: 333.76069651741295
gen: 86 best: 291.6 mean: 332.1039800995025
gen: 87 best: 291.6 mean: 332.50796019900497
gen: 88 best: 291.6 mean: 332.6960199004975
gen: 89 best: 291.6 mean: 332.08905472636815
gen: 90 best: 291.6 mean: 332.7014925373134
gen >91, new best = 289.100
gen: 91 best: 289.1 mean: 332.3328358208955
gen: 92 best: 289.1 mean: 332.18905472636817
gen: 93 best: 289.1 mean: 331.7960199004975
gen: 94 best: 289.1 mean: 331.9
gen: 95 best: 289.1 mean: 331.8502487562189
gen: 96 best: 289.1 mean: 331.8328358208955
gen: 97 best: 289.1 mean: 331.59203980099505
gen: 98 best: 289.1 mean: 331.37462686567164
gen: 99 best: 289.1 mean: 331.08507462686566
[7, 7, 8, 8, 9, 8, 8, 8, 11, 8, 9, 10, 9, 8, 7, 8, 7, 7, 10, 7, 7, 7, 8, 9, 10, 8, 9, 8, 9, 8, 8, 8, 8, 9, 8, 10, 8, 8, 8, 8, 10, 9, 8, 8, 7, 8, 7, 8, 8, 8]
Test count of edges: 1599
cat
