Defaulting to user installation because normal site-packages is not writeable
Looking in links: /cvmfs/soft.computecanada.ca/custom/python/wheelhouse/gentoo/avx2, /cvmfs/soft.computecanada.ca/custom/python/wheelhouse/gentoo/generic, /cvmfs/soft.computecanada.ca/custom/python/wheelhouse/generic
Requirement already satisfied: graphviz in /home/js17sy/.local/lib/python3.10/site-packages (0.20)
127; python ga.py 9 512N_graph9.dat 0.025 0.01 0.7 0.7 0.3 201 512N_graph9strictgen2rem70_ 199927
/project/6008788/js17sy/reopenga/512b/ga.py:291: DeprecationWarning: Sampling from a set deprecated
since Python 3.9 and will be removed in a subsequent version.
  child1 = set(random.sample(
gen >0, new best = 341.800
gen >0, new best = 278.100
gen >0, new best = 271.500
gen >0, new best = 218.500
gen >0, new best = 209.500
gen: 0 best: 209.5 mean: 307.7057213930348
gen >1, new best = 207.100
gen: 1 best: 207.1 mean: 300.0661691542289
gen: 2 best: 207.1 mean: 295.3139303482587
gen: 3 best: 207.1 mean: 291.910447761194
gen: 4 best: 207.1 mean: 285.0189054726368
gen: 5 best: 207.1 mean: 278.8169154228856
gen >6, new best = 195.500
gen: 6 best: 195.5 mean: 278.79701492537316
gen >7, new best = 183.700
gen: 7 best: 183.7 mean: 275.72636815920396
gen: 8 best: 183.7 mean: 272.21691542288556
gen: 9 best: 183.7 mean: 272.6452736318408
gen: 10 best: 183.7 mean: 262.29800995024874
gen: 11 best: 183.7 mean: 263.80348258706465
gen: 12 best: 183.7 mean: 260.1333333333333
gen: 13 best: 183.7 mean: 259.90696517412937
gen: 14 best: 183.7 mean: 259.9407960199005
gen: 15 best: 183.7 mean: 253.29154228855722
gen: 16 best: 183.7 mean: 253.84676616915422
gen: 17 best: 183.7 mean: 251.6189054726368
gen: 18 best: 183.7 mean: 251.7582089552239
gen >19, new best = 181.100
gen: 19 best: 181.1 mean: 250.22039800995026
gen: 20 best: 181.1 mean: 250.35721393034825
gen: 21 best: 181.1 mean: 245.93930348258706
gen: 22 best: 181.1 mean: 245.62089552238805
gen: 23 best: 181.1 mean: 242.92089552238807
gen: 24 best: 181.1 mean: 240.46766169154228
gen: 25 best: 181.1 mean: 241.49651741293533
gen: 26 best: 181.1 mean: 240.681592039801
gen: 27 best: 181.1 mean: 238.86119402985074
gen: 28 best: 181.1 mean: 236.68805970149253
gen: 29 best: 181.1 mean: 240.71044776119402
gen: 30 best: 181.1 mean: 232.6820895522388
gen: 31 best: 181.1 mean: 235.56965174129354
gen: 32 best: 181.1 mean: 235.00696517412936
gen: 33 best: 181.1 mean: 234.96218905472637
gen: 34 best: 181.1 mean: 232.58358208955224
gen: 35 best: 181.1 mean: 231.89502487562189
gen: 36 best: 181.1 mean: 231.93283582089552
gen: 37 best: 181.1 mean: 229.20298507462687
gen: 38 best: 181.1 mean: 230.77014925373135
gen: 39 best: 181.1 mean: 230.27910447761195
gen: 40 best: 181.1 mean: 230.17860696517414
gen: 41 best: 181.1 mean: 230.0452736318408
gen: 42 best: 181.1 mean: 229.51940298507463
gen: 43 best: 181.1 mean: 228.3582089552239
gen: 44 best: 181.1 mean: 226.86865671641792
gen: 45 best: 181.1 mean: 227.60149253731342
gen >46, new best = 178.700
gen >46, new best = 175.300
gen: 46 best: 175.3 mean: 229.80447761194029
gen: 47 best: 175.3 mean: 228.02089552238806
gen: 48 best: 175.3 mean: 224.05572139303482
gen: 49 best: 175.3 mean: 226.86965174129352
gen: 50 best: 175.3 mean: 228.77512437810944
gen: 51 best: 175.3 mean: 227.2681592039801
gen: 52 best: 175.3 mean: 224.66915422885572
gen: 53 best: 175.3 mean: 226.90298507462686
gen: 54 best: 175.3 mean: 226.35124378109452
gen: 55 best: 175.3 mean: 223.97512437810946
gen: 56 best: 175.3 mean: 223.72935323383084
gen: 57 best: 175.3 mean: 224.7134328358209
gen: 58 best: 175.3 mean: 225.10845771144278
gen: 59 best: 175.3 mean: 224.26716417910447
gen: 60 best: 175.3 mean: 221.74676616915423
gen: 61 best: 175.3 mean: 221.62786069651742
gen: 62 best: 175.3 mean: 222.5174129353234
gen: 63 best: 175.3 mean: 223.85024875621892
gen: 64 best: 175.3 mean: 223.08955223880596
gen: 65 best: 175.3 mean: 224.70547263681593
gen: 66 best: 175.3 mean: 222.65721393034826
gen: 67 best: 175.3 mean: 220.8671641791045
gen: 68 best: 175.3 mean: 219.97611940298506
gen: 69 best: 175.3 mean: 221.5273631840796
gen: 70 best: 175.3 mean: 219.75771144278607
gen: 71 best: 175.3 mean: 218.15621890547263
gen >72, new best = 172.800
gen: 72 best: 172.8 mean: 218.53383084577115
gen: 73 best: 172.8 mean: 219.21044776119402
gen: 74 best: 172.8 mean: 217.4223880597015
gen: 75 best: 172.8 mean: 221.2308457711443
gen: 76 best: 172.8 mean: 220.44925373134328
gen: 77 best: 172.8 mean: 219.70696517412935
gen: 78 best: 172.8 mean: 221.20646766169153
gen: 79 best: 172.8 mean: 220.02985074626866
gen: 80 best: 172.8 mean: 218.50945273631842
gen: 81 best: 172.8 mean: 217.7681592039801
gen: 82 best: 172.8 mean: 218.37611940298507
gen: 83 best: 172.8 mean: 218.21144278606965
gen: 84 best: 172.8 mean: 218.0497512437811
gen: 85 best: 172.8 mean: 219.1452736318408
gen: 86 best: 172.8 mean: 216.67263681592038
gen >87, new best = 169.700
gen: 87 best: 169.7 mean: 216.65970149253732
gen: 88 best: 169.7 mean: 216.71194029850747
gen: 89 best: 169.7 mean: 219.7268656716418
gen: 90 best: 169.7 mean: 217.4686567164179
gen: 91 best: 169.7 mean: 217.96965174129355
gen: 92 best: 169.7 mean: 217.46268656716418
gen: 93 best: 169.7 mean: 217.72935323383084
gen: 94 best: 169.7 mean: 216.94925373134328
gen: 95 best: 169.7 mean: 216.15721393034826
gen: 96 best: 169.7 mean: 217.39751243781095
gen: 97 best: 169.7 mean: 216.28009950248756
gen: 98 best: 169.7 mean: 216.8
gen: 99 best: 169.7 mean: 216.14726368159205
[8, 9, 10, 8, 10, 8, 10, 10, 11, 10, 8, 8, 9, 9, 9, 9, 10, 10, 11, 10, 10, 10, 9, 10, 10, 12, 9, 9, 9, 9, 9, 10, 9, 8, 11, 11, 10, 13, 10, 9, 9, 9, 9]
Test count of edges: 970
cat
