Defaulting to user installation because normal site-packages is not writeable
Looking in links: /cvmfs/soft.computecanada.ca/custom/python/wheelhouse/gentoo/avx2, /cvmfs/soft.computecanada.ca/custom/python/wheelhouse/gentoo/generic, /cvmfs/soft.computecanada.ca/custom/python/wheelhouse/generic
Requirement already satisfied: graphviz in /home/js17sy/.local/lib/python3.10/site-packages (0.20)
579; python ga.py 9 512N_graph9.dat 0.1 0.04 0.5 0.7 0.3 201 512N_graph9leerygen2rem50_ 257049
/project/6008788/js17sy/reopenga/512b/ga.py:291: DeprecationWarning: Sampling from a set deprecated
since Python 3.9 and will be removed in a subsequent version.
  child1 = set(random.sample(
gen >0, new best = 345.400
gen >0, new best = 338.600
gen: 0 best: 338.6 mean: 356.31318407960197
gen: 1 best: 338.6 mean: 356.86716417910446
gen >2, new best = 336.700
gen >2, new best = 336.300
gen: 2 best: 336.3 mean: 355.28507462686565
gen: 3 best: 336.3 mean: 354.2621890547264
gen: 4 best: 336.3 mean: 353.96666666666664
gen >5, new best = 312.500
gen: 5 best: 312.5 mean: 352.75572139303483
gen: 6 best: 312.5 mean: 353.2273631840796
gen: 7 best: 312.5 mean: 353.46666666666664
gen: 8 best: 312.5 mean: 352.9601990049751
gen: 9 best: 312.5 mean: 351.95124378109455
gen: 10 best: 312.5 mean: 351.9741293532338
gen: 11 best: 312.5 mean: 351.56169154228854
gen: 12 best: 312.5 mean: 350.3054726368159
gen: 13 best: 312.5 mean: 350.34676616915425
gen: 14 best: 312.5 mean: 350.32139303482586
gen: 15 best: 312.5 mean: 349.6004975124378
gen: 16 best: 312.5 mean: 348.5044776119403
gen: 17 best: 312.5 mean: 348.5129353233831
gen: 18 best: 312.5 mean: 348.0771144278607
gen: 19 best: 312.5 mean: 347.33034825870647
gen: 20 best: 312.5 mean: 347.0676616915423
gen >21, new best = 309.600
gen: 21 best: 309.6 mean: 346.2139303482587
gen: 22 best: 309.6 mean: 347.35970149253734
gen: 23 best: 309.6 mean: 347.11144278606963
gen: 24 best: 309.6 mean: 346.3731343283582
gen >25, new best = 305.700
gen: 25 best: 305.7 mean: 345.5810945273632
gen: 26 best: 305.7 mean: 345.6169154228856
gen >27, new best = 303.100
gen: 27 best: 303.1 mean: 345.52985074626866
gen: 28 best: 303.1 mean: 345.2084577114428
gen: 29 best: 303.1 mean: 344.86567164179104
gen: 30 best: 303.1 mean: 344.4985074626866
gen: 31 best: 303.1 mean: 344.1358208955224
gen: 32 best: 303.1 mean: 344.3353233830846
gen: 33 best: 303.1 mean: 343.6099502487562
gen: 34 best: 303.1 mean: 344.04278606965175
gen: 35 best: 303.1 mean: 343.50796019900497
gen: 36 best: 303.1 mean: 343.38407960199004
gen: 37 best: 303.1 mean: 342.52537313432833
gen: 38 best: 303.1 mean: 343.1741293532338
gen: 39 best: 303.1 mean: 342.5880597014925
gen: 40 best: 303.1 mean: 342.20248756218905
gen: 41 best: 303.1 mean: 342.3358208955224
gen: 42 best: 303.1 mean: 341.09253731343284
gen: 43 best: 303.1 mean: 341.2910447761194
gen: 44 best: 303.1 mean: 341.97114427860697
gen >45, new best = 294.000
gen: 45 best: 294.0 mean: 341.7870646766169
gen: 46 best: 294.0 mean: 341.11144278606963
gen: 47 best: 294.0 mean: 340.78457711442786
gen: 48 best: 294.0 mean: 341.20298507462684
gen: 49 best: 294.0 mean: 340.71194029850744
gen: 50 best: 294.0 mean: 339.58308457711445
gen: 51 best: 294.0 mean: 340.3681592039801
gen: 52 best: 294.0 mean: 339.6825870646766
gen: 53 best: 294.0 mean: 339.7407960199005
gen: 54 best: 294.0 mean: 339.13880597014924
gen: 55 best: 294.0 mean: 339.4557213930348
gen: 56 best: 294.0 mean: 338.76666666666665
gen: 57 best: 294.0 mean: 338.55771144278606
gen: 58 best: 294.0 mean: 338.16169154228857
gen: 59 best: 294.0 mean: 338.92388059701494
gen: 60 best: 294.0 mean: 338.10746268656715
gen >61, new best = 291.300
gen: 61 best: 291.3 mean: 337.50995024875624
gen: 62 best: 291.3 mean: 338.31542288557216
gen: 63 best: 291.3 mean: 337.25721393034826
gen: 64 best: 291.3 mean: 337.89253731343285
gen: 65 best: 291.3 mean: 337.4850746268657
gen: 66 best: 291.3 mean: 336.1955223880597
gen: 67 best: 291.3 mean: 336.09402985074627
gen: 68 best: 291.3 mean: 336.93333333333334
gen: 69 best: 291.3 mean: 335.73880597014926
gen: 70 best: 291.3 mean: 337.2268656716418
gen: 71 best: 291.3 mean: 336.31094527363183
gen: 72 best: 291.3 mean: 336.27213930348256
gen: 73 best: 291.3 mean: 335.392039800995
gen: 74 best: 291.3 mean: 335.8950248756219
gen: 75 best: 291.3 mean: 334.6487562189055
gen: 76 best: 291.3 mean: 335.3134328358209
gen: 77 best: 291.3 mean: 335.11990049751245
gen: 78 best: 291.3 mean: 335.63830845771145
gen: 79 best: 291.3 mean: 335.14925373134326
gen: 80 best: 291.3 mean: 334.855223880597
gen: 81 best: 291.3 mean: 334.69651741293535
gen: 82 best: 291.3 mean: 334.5532338308458
gen: 83 best: 291.3 mean: 333.6303482587065
gen: 84 best: 291.3 mean: 334.5860696517413
gen: 85 best: 291.3 mean: 333.6487562189055
gen: 86 best: 291.3 mean: 333.38706467661694
gen: 87 best: 291.3 mean: 334.3850746268657
gen: 88 best: 291.3 mean: 333.9144278606965
gen: 89 best: 291.3 mean: 333.1507462686567
gen: 90 best: 291.3 mean: 333.50248756218906
gen: 91 best: 291.3 mean: 333.8407960199005
gen: 92 best: 291.3 mean: 333.42985074626864
gen: 93 best: 291.3 mean: 333.34278606965177
gen: 94 best: 291.3 mean: 333.3144278606965
gen: 95 best: 291.3 mean: 333.92089552238804
gen: 96 best: 291.3 mean: 333.5905472636816
gen: 97 best: 291.3 mean: 332.72039800995026
gen: 98 best: 291.3 mean: 333.0731343283582
gen: 99 best: 291.3 mean: 333.1681592039801
[8, 8, 8, 8, 9, 8, 8, 9, 7, 9, 7, 8, 8, 9, 7, 7, 7, 7, 10, 11, 10, 8, 8, 8, 7, 7, 8, 11, 9, 10, 9, 8, 8, 8, 10, 8, 7, 8, 7, 8, 8, 7, 7, 7, 7, 8, 8]
Test count of edges: 1592
cat
