Defaulting to user installation because normal site-packages is not writeable
Looking in links: /cvmfs/soft.computecanada.ca/custom/python/wheelhouse/gentoo/avx2, /cvmfs/soft.computecanada.ca/custom/python/wheelhouse/gentoo/generic, /cvmfs/soft.computecanada.ca/custom/python/wheelhouse/generic
Requirement already satisfied: graphviz in /home/js17sy/.local/lib/python3.10/site-packages (0.20)
272; python ga.py 9 512N_graph9.dat 0.05 0.02 0.7 0.5 0.5 201 512N_graph9mediumgen1rem70_ 57122
/project/6008788/js17sy/reopenga/512b/ga.py:291: DeprecationWarning: Sampling from a set deprecated
since Python 3.9 and will be removed in a subsequent version.
  child1 = set(random.sample(
gen >0, new best = 289.000
gen >0, new best = 283.300
gen >0, new best = 282.000
gen >0, new best = 278.700
gen >0, new best = 265.000
gen >0, new best = 236.400
gen: 0 best: 236.4 mean: 310.5728855721393
gen: 1 best: 236.4 mean: 307.9686567164179
gen: 2 best: 236.4 mean: 306.2955223880597
gen: 3 best: 236.4 mean: 303.0716417910448
gen: 4 best: 236.4 mean: 294.4278606965174
gen: 5 best: 236.4 mean: 294.28656716417913
gen >6, new best = 236.200
gen: 6 best: 236.2 mean: 291.14925373134326
gen: 7 best: 236.2 mean: 286.518407960199
gen: 8 best: 236.2 mean: 286.3825870646766
gen: 9 best: 236.2 mean: 282.5696517412935
gen: 10 best: 236.2 mean: 281.65621890547266
gen >11, new best = 234.100
gen >11, new best = 227.100
gen: 11 best: 227.1 mean: 280.5134328358209
gen: 12 best: 227.1 mean: 279.68059701492535
gen: 13 best: 227.1 mean: 277.4582089552239
gen: 14 best: 227.1 mean: 273.1427860696517
gen >15, new best = 221.900
gen: 15 best: 221.9 mean: 273.82537313432834
gen: 16 best: 221.9 mean: 273.8771144278607
gen: 17 best: 221.9 mean: 271.3870646766169
gen: 18 best: 221.9 mean: 270.1955223880597
gen: 19 best: 221.9 mean: 266.44726368159206
gen >20, new best = 221.000
gen: 20 best: 221.0 mean: 267.452736318408
gen: 21 best: 221.0 mean: 268.33383084577116
gen: 22 best: 221.0 mean: 268.2069651741294
gen: 23 best: 221.0 mean: 267.16965174129353
gen: 24 best: 221.0 mean: 266.53731343283584
gen: 25 best: 221.0 mean: 266.03930348258706
gen: 26 best: 221.0 mean: 263.6905472636816
gen: 27 best: 221.0 mean: 263.6960199004975
gen: 28 best: 221.0 mean: 264.00845771144276
gen: 29 best: 221.0 mean: 263.7139303482587
gen >30, new best = 220.800
gen: 30 best: 220.8 mean: 262.6497512437811
gen: 31 best: 220.8 mean: 263.01144278606967
gen: 32 best: 220.8 mean: 260.8587064676617
gen: 33 best: 220.8 mean: 262.56716417910445
gen >34, new best = 216.800
gen: 34 best: 216.8 mean: 260.3273631840796
gen: 35 best: 216.8 mean: 259.7835820895522
gen: 36 best: 216.8 mean: 260.87462686567164
gen: 37 best: 216.8 mean: 259.42437810945273
gen: 38 best: 216.8 mean: 259.9034825870647
gen: 39 best: 216.8 mean: 260.2601990049751
gen: 40 best: 216.8 mean: 259.7726368159204
gen >41, new best = 216.400
gen: 41 best: 216.4 mean: 259.00199004975127
gen: 42 best: 216.4 mean: 257.33034825870647
gen: 43 best: 216.4 mean: 257.2218905472637
gen: 44 best: 216.4 mean: 256.49303482587067
gen: 45 best: 216.4 mean: 255.14328358208954
gen: 46 best: 216.4 mean: 255.33034825870647
gen: 47 best: 216.4 mean: 254.65124378109454
gen: 48 best: 216.4 mean: 255.91990049751243
gen: 49 best: 216.4 mean: 253.22189054726368
gen >50, new best = 215.600
gen: 50 best: 215.6 mean: 253.28905472636816
gen: 51 best: 215.6 mean: 253.92835820895522
gen: 52 best: 215.6 mean: 252.381592039801
gen: 53 best: 215.6 mean: 253.2452736318408
gen: 54 best: 215.6 mean: 254.273631840796
gen: 55 best: 215.6 mean: 253.1995024875622
gen: 56 best: 215.6 mean: 251.10597014925372
gen: 57 best: 215.6 mean: 250.17064676616914
gen >58, new best = 214.700
gen: 58 best: 214.7 mean: 254.47014925373134
gen: 59 best: 214.7 mean: 253.12089552238805
gen: 60 best: 214.7 mean: 251.9094527363184
gen: 61 best: 214.7 mean: 252.95074626865673
gen: 62 best: 214.7 mean: 251.2089552238806
gen: 63 best: 214.7 mean: 251.26268656716417
gen: 64 best: 214.7 mean: 252.1363184079602
gen: 65 best: 214.7 mean: 253.51492537313433
gen: 66 best: 214.7 mean: 252.21144278606965
gen: 67 best: 214.7 mean: 254.28706467661692
gen: 68 best: 214.7 mean: 252.39900497512437
gen: 69 best: 214.7 mean: 251.48557213930349
gen: 70 best: 214.7 mean: 252.04378109452736
gen: 71 best: 214.7 mean: 250.91890547263682
gen: 72 best: 214.7 mean: 252.29601990049753
gen: 73 best: 214.7 mean: 251.74278606965174
gen: 74 best: 214.7 mean: 250.43283582089552
gen: 75 best: 214.7 mean: 250.20298507462687
gen: 76 best: 214.7 mean: 250.33880597014925
gen: 77 best: 214.7 mean: 250.28955223880598
gen: 78 best: 214.7 mean: 250.48855721393033
gen >79, new best = 214.600
gen: 79 best: 214.6 mean: 250.98756218905473
gen >80, new best = 210.000
gen: 80 best: 210.0 mean: 247.6233830845771
gen: 81 best: 210.0 mean: 251.67064676616914
gen: 82 best: 210.0 mean: 249.57363184079603
gen: 83 best: 210.0 mean: 250.22537313432835
gen: 84 best: 210.0 mean: 250.34676616915422
gen: 85 best: 210.0 mean: 252.06567164179106
gen: 86 best: 210.0 mean: 249.17562189054726
gen: 87 best: 210.0 mean: 249.86666666666667
gen: 88 best: 210.0 mean: 250.10845771144278
gen: 89 best: 210.0 mean: 250.5228855721393
gen: 90 best: 210.0 mean: 248.6771144278607
gen >91, new best = 208.700
gen: 91 best: 208.7 mean: 251.30149253731344
gen: 92 best: 208.7 mean: 247.11194029850745
gen: 93 best: 208.7 mean: 249.71592039800996
gen: 94 best: 208.7 mean: 248.97462686567164
gen: 95 best: 208.7 mean: 248.43432835820894
gen: 96 best: 208.7 mean: 247.5910447761194
gen >97, new best = 198.300
gen: 97 best: 198.3 mean: 248.57363184079603
gen: 98 best: 198.3 mean: 248.61393034825872
gen: 99 best: 198.3 mean: 246.40149253731343
[9, 8, 9, 8, 9, 8, 10, 9, 9, 9, 8, 8, 8, 10, 11, 10, 8, 9, 8, 9, 10, 8, 9, 8, 8, 8, 8, 8, 12, 9, 8, 11, 8, 9, 9, 9, 8, 10, 10, 10, 9, 9, 8, 9, 9, 9, 7, 10, 9]
Test count of edges: 989
cat
