Defaulting to user installation because normal site-packages is not writeable
Looking in links: /cvmfs/soft.computecanada.ca/custom/python/wheelhouse/gentoo/avx2, /cvmfs/soft.computecanada.ca/custom/python/wheelhouse/gentoo/generic, /cvmfs/soft.computecanada.ca/custom/python/wheelhouse/generic
Requirement already satisfied: graphviz in /home/js17sy/.local/lib/python3.10/site-packages (0.20)
551; python ga.py 9 512N_graph9.dat 0.1 0.04 0.5 0.5 0.5 201 512N_graph9leerygen1rem50_ 314171
/project/6008788/js17sy/reopenga/512b/ga.py:291: DeprecationWarning: Sampling from a set deprecated
since Python 3.9 and will be removed in a subsequent version.
  child1 = set(random.sample(
gen >0, new best = 355.700
gen >0, new best = 345.600
gen >0, new best = 340.100
gen: 0 best: 340.1 mean: 356.2233830845771
gen >1, new best = 329.500
gen: 1 best: 329.5 mean: 355.79353233830847
gen: 2 best: 329.5 mean: 355.78855721393035
gen: 3 best: 329.5 mean: 355.23383084577114
gen: 4 best: 329.5 mean: 355.4248756218905
gen: 5 best: 329.5 mean: 354.1761194029851
gen >6, new best = 312.900
gen: 6 best: 312.9 mean: 354.3313432835821
gen: 7 best: 312.9 mean: 353.7487562189055
gen: 8 best: 312.9 mean: 353.34527363184077
gen: 9 best: 312.9 mean: 353.5726368159204
gen: 10 best: 312.9 mean: 352.5681592039801
gen: 11 best: 312.9 mean: 352.1303482587065
gen: 12 best: 312.9 mean: 351.8771144278607
gen: 13 best: 312.9 mean: 351.98805970149255
gen: 14 best: 312.9 mean: 351.581592039801
gen: 15 best: 312.9 mean: 351.1119402985075
gen: 16 best: 312.9 mean: 351.1761194029851
gen >17, new best = 310.200
gen: 17 best: 310.2 mean: 350.46567164179106
gen: 18 best: 310.2 mean: 349.89651741293534
gen >19, new best = 308.400
gen: 19 best: 308.4 mean: 349.6646766169154
gen: 20 best: 308.4 mean: 349.3517412935323
gen: 21 best: 308.4 mean: 349.3731343283582
gen: 22 best: 308.4 mean: 348.61442786069654
gen: 23 best: 308.4 mean: 348.5328358208955
gen: 24 best: 308.4 mean: 347.7159203980099
gen: 25 best: 308.4 mean: 346.907960199005
gen: 26 best: 308.4 mean: 346.78656716417913
gen: 27 best: 308.4 mean: 347.1208955223881
gen: 28 best: 308.4 mean: 345.81044776119404
gen: 29 best: 308.4 mean: 346.61144278606963
gen: 30 best: 308.4 mean: 346.84726368159204
gen: 31 best: 308.4 mean: 345.8134328358209
gen: 32 best: 308.4 mean: 345.38955223880595
gen: 33 best: 308.4 mean: 345.34527363184077
gen: 34 best: 308.4 mean: 344.6278606965174
gen: 35 best: 308.4 mean: 344.1517412935323
gen: 36 best: 308.4 mean: 344.13781094527366
gen: 37 best: 308.4 mean: 344.1149253731343
gen: 38 best: 308.4 mean: 343.3686567164179
gen >39, new best = 302.300
gen: 39 best: 302.3 mean: 343.38557213930346
gen: 40 best: 302.3 mean: 342.9497512437811
gen: 41 best: 302.3 mean: 342.76268656716417
gen: 42 best: 302.3 mean: 343.2592039800995
gen: 43 best: 302.3 mean: 343.747263681592
gen: 44 best: 302.3 mean: 343.4457711442786
gen: 45 best: 302.3 mean: 342.5626865671642
gen: 46 best: 302.3 mean: 343.5507462686567
gen: 47 best: 302.3 mean: 342.53383084577115
gen: 48 best: 302.3 mean: 343.3328358208955
gen: 49 best: 302.3 mean: 343.1671641791045
gen: 50 best: 302.3 mean: 341.77014925373135
gen: 51 best: 302.3 mean: 342.53781094527363
gen: 52 best: 302.3 mean: 341.6129353233831
gen: 53 best: 302.3 mean: 341.9044776119403
gen: 54 best: 302.3 mean: 341.1940298507463
gen: 55 best: 302.3 mean: 341.13880597014924
gen: 56 best: 302.3 mean: 341.5592039800995
gen: 57 best: 302.3 mean: 341.1412935323383
gen: 58 best: 302.3 mean: 340.6139303482587
gen: 59 best: 302.3 mean: 339.9004975124378
gen: 60 best: 302.3 mean: 340.636815920398
gen >61, new best = 302.100
gen: 61 best: 302.1 mean: 339.9044776119403
gen: 62 best: 302.1 mean: 340.5781094527363
gen: 63 best: 302.1 mean: 339.21691542288556
gen: 64 best: 302.1 mean: 339.173631840796
gen: 65 best: 302.1 mean: 339.21492537313435
gen >66, new best = 267.600
gen: 66 best: 267.6 mean: 339.09402985074627
gen: 67 best: 267.6 mean: 339.0805970149254
gen: 68 best: 267.6 mean: 339.29004975124377
gen: 69 best: 267.6 mean: 339.9855721393035
gen: 70 best: 267.6 mean: 339.8004975124378
gen: 71 best: 267.6 mean: 339.07412935323384
gen: 72 best: 267.6 mean: 340.18457711442784
gen: 73 best: 267.6 mean: 339.54278606965175
gen: 74 best: 267.6 mean: 338.8880597014925
gen: 75 best: 267.6 mean: 339.6681592039801
gen: 76 best: 267.6 mean: 339.2985074626866
gen: 77 best: 267.6 mean: 338.9154228855721
gen: 78 best: 267.6 mean: 338.4283582089552
gen: 79 best: 267.6 mean: 339.12537313432836
gen: 80 best: 267.6 mean: 338.4417910447761
gen: 81 best: 267.6 mean: 339.9761194029851
gen: 82 best: 267.6 mean: 339.9676616915423
gen: 83 best: 267.6 mean: 338.6771144278607
gen: 84 best: 267.6 mean: 339.4407960199005
gen: 85 best: 267.6 mean: 339.00646766169154
gen: 86 best: 267.6 mean: 339.3587064676617
gen: 87 best: 267.6 mean: 339.2412935323383
gen: 88 best: 267.6 mean: 338.49004975124376
gen: 89 best: 267.6 mean: 338.51940298507463
gen: 90 best: 267.6 mean: 338.0537313432836
gen: 91 best: 267.6 mean: 339.06865671641793
gen: 92 best: 267.6 mean: 338.18955223880596
gen: 93 best: 267.6 mean: 338.63283582089554
gen: 94 best: 267.6 mean: 337.77412935323383
gen: 95 best: 267.6 mean: 338.61243781094527
gen: 96 best: 267.6 mean: 338.70796019900496
gen: 97 best: 267.6 mean: 337.95522388059703
gen: 98 best: 267.6 mean: 338.6900497512438
gen: 99 best: 267.6 mean: 337.96567164179106
[8, 8, 9, 10, 8, 10, 8, 8, 10, 8, 8, 8, 8, 8, 8, 8, 8, 8, 8, 8, 7, 8, 8, 9, 9, 10, 8, 8, 9, 8, 9, 10, 9, 8, 8, 11, 8, 8, 8, 8, 7, 8, 9, 10, 7]
Test count of edges: 1608
cat
