Defaulting to user installation because normal site-packages is not writeable
Looking in links: /cvmfs/soft.computecanada.ca/custom/python/wheelhouse/gentoo/avx2, /cvmfs/soft.computecanada.ca/custom/python/wheelhouse/gentoo/generic, /cvmfs/soft.computecanada.ca/custom/python/wheelhouse/generic
Requirement already satisfied: graphviz in /home/js17sy/.local/lib/python3.10/site-packages (0.20)
539; python ga.py 9 512N_graph9.dat 0.075 0.03 0.7 0.9 0.1 201 512N_graph9laxgen3rem70_ 828269
/project/6008788/js17sy/reopenga/512b/ga.py:291: DeprecationWarning: Sampling from a set deprecated
since Python 3.9 and will be removed in a subsequent version.
  child1 = set(random.sample(
gen >0, new best = 305.100
gen >0, new best = 299.500
gen >0, new best = 294.400
gen >0, new best = 287.400
gen: 0 best: 287.4 mean: 322.14104477611943
gen >1, new best = 282.700
gen: 1 best: 282.7 mean: 317.1910447761194
gen >2, new best = 271.400
gen >2, new best = 267.800
gen: 2 best: 267.8 mean: 313.88557213930346
gen: 3 best: 267.8 mean: 311.81940298507465
gen >4, new best = 263.400
gen: 4 best: 263.4 mean: 307.5507462686567
gen: 5 best: 263.4 mean: 307.3273631840796
gen >6, new best = 259.200
gen: 6 best: 259.2 mean: 304.0054726368159
gen >7, new best = 246.200
gen: 7 best: 246.2 mean: 301.31044776119404
gen: 8 best: 246.2 mean: 298.718407960199
gen: 9 best: 246.2 mean: 297.0965174129353
gen: 10 best: 246.2 mean: 296.0845771144279
gen: 11 best: 246.2 mean: 295.8039800995025
gen: 12 best: 246.2 mean: 294.11144278606963
gen: 13 best: 246.2 mean: 294.31940298507465
gen: 14 best: 246.2 mean: 290.2746268656716
gen: 15 best: 246.2 mean: 291.0398009950249
gen: 16 best: 246.2 mean: 290.53383084577115
gen: 17 best: 246.2 mean: 291.2129353233831
gen: 18 best: 246.2 mean: 289.1482587064677
gen: 19 best: 246.2 mean: 289.8502487562189
gen: 20 best: 246.2 mean: 287.5587064676617
gen >21, new best = 241.800
gen: 21 best: 241.8 mean: 286.8298507462687
gen: 22 best: 241.8 mean: 285.6268656716418
gen: 23 best: 241.8 mean: 285.2601990049751
gen: 24 best: 241.8 mean: 283.4044776119403
gen: 25 best: 241.8 mean: 284.37860696517413
gen: 26 best: 241.8 mean: 282.0507462686567
gen: 27 best: 241.8 mean: 284.43333333333334
gen >28, new best = 241.600
gen: 28 best: 241.6 mean: 281.91492537313434
gen: 29 best: 241.6 mean: 279.6820895522388
gen: 30 best: 241.6 mean: 282.4119402985075
gen >31, new best = 239.800
gen: 31 best: 239.8 mean: 282.9681592039801
gen: 32 best: 239.8 mean: 283.0582089552239
gen: 33 best: 239.8 mean: 280.17313432835823
gen: 34 best: 239.8 mean: 280.16019900497514
gen: 35 best: 239.8 mean: 276.7412935323383
gen: 36 best: 239.8 mean: 278.22089552238805
gen: 37 best: 239.8 mean: 278.873631840796
gen: 38 best: 239.8 mean: 279.15671641791045
gen: 39 best: 239.8 mean: 277.79800995024874
gen: 40 best: 239.8 mean: 277.3353233830846
gen: 41 best: 239.8 mean: 277.65124378109454
gen: 42 best: 239.8 mean: 276.20199004975126
gen: 43 best: 239.8 mean: 276.0537313432836
gen >44, new best = 229.500
gen: 44 best: 229.5 mean: 275.7776119402985
gen: 45 best: 229.5 mean: 276.53034825870645
gen: 46 best: 229.5 mean: 276.1278606965174
gen: 47 best: 229.5 mean: 276.6850746268657
gen: 48 best: 229.5 mean: 275.4562189054726
gen: 49 best: 229.5 mean: 276.83084577114425
gen: 50 best: 229.5 mean: 274.94776119402985
gen: 51 best: 229.5 mean: 274.3243781094527
gen: 52 best: 229.5 mean: 274.0457711442786
gen: 53 best: 229.5 mean: 272.90547263681594
gen: 54 best: 229.5 mean: 273.9044776119403
gen: 55 best: 229.5 mean: 273.66517412935326
gen: 56 best: 229.5 mean: 273.7363184079602
gen: 57 best: 229.5 mean: 273.77910447761195
gen: 58 best: 229.5 mean: 273.9875621890547
gen >59, new best = 228.600
gen: 59 best: 228.6 mean: 270.6646766169154
gen: 60 best: 228.6 mean: 274.3363184079602
gen: 61 best: 228.6 mean: 272.9457711442786
gen >62, new best = 226.800
gen: 62 best: 226.8 mean: 273.4676616915423
gen >63, new best = 222.100
gen: 63 best: 222.1 mean: 271.74825870646765
gen: 64 best: 222.1 mean: 271.61094527363184
gen: 65 best: 222.1 mean: 272.53333333333336
gen: 66 best: 222.1 mean: 272.1855721393035
gen: 67 best: 222.1 mean: 271.55572139303484
gen: 68 best: 222.1 mean: 269.06716417910445
gen: 69 best: 222.1 mean: 269.4731343283582
gen: 70 best: 222.1 mean: 270.52985074626866
gen: 71 best: 222.1 mean: 268.72487562189053
gen: 72 best: 222.1 mean: 271.11094527363184
gen: 73 best: 222.1 mean: 270.4064676616915
gen: 74 best: 222.1 mean: 269.6641791044776
gen: 75 best: 222.1 mean: 270.7228855721393
gen: 76 best: 222.1 mean: 270.6955223880597
gen: 77 best: 222.1 mean: 270.8258706467662
gen: 78 best: 222.1 mean: 270.8791044776119
gen: 79 best: 222.1 mean: 268.14228855721393
gen: 80 best: 222.1 mean: 269.0383084577114
gen: 81 best: 222.1 mean: 268.6358208955224
gen: 82 best: 222.1 mean: 268.8915422885572
gen: 83 best: 222.1 mean: 268.8422885572139
gen: 84 best: 222.1 mean: 269.1442786069652
gen: 85 best: 222.1 mean: 269.76069651741295
gen: 86 best: 222.1 mean: 268.9492537313433
gen: 87 best: 222.1 mean: 267.5199004975124
gen: 88 best: 222.1 mean: 268.30696517412935
gen: 89 best: 222.1 mean: 268.3402985074627
gen: 90 best: 222.1 mean: 268.7905472636816
gen: 91 best: 222.1 mean: 269.08855721393036
gen: 92 best: 222.1 mean: 268.49303482587067
gen: 93 best: 222.1 mean: 267.22437810945274
gen: 94 best: 222.1 mean: 265.8388059701493
gen: 95 best: 222.1 mean: 266.1855721393035
gen: 96 best: 222.1 mean: 266.73034825870644
gen: 97 best: 222.1 mean: 266.58159203980097
gen: 98 best: 222.1 mean: 266.65323383084575
gen: 99 best: 222.1 mean: 266.4562189054726
[9, 9, 8, 8, 9, 9, 7, 9, 7, 7, 7, 9, 8, 8, 7, 7, 8, 9, 8, 9, 9, 10, 10, 7, 8, 8, 7, 8, 8, 8, 9, 7, 9, 9, 10, 8, 7, 10, 8, 7, 9, 8, 7, 8, 8, 9, 8, 8, 9]
Test count of edges: 951
cat
