Defaulting to user installation because normal site-packages is not writeable
Looking in links: /cvmfs/soft.computecanada.ca/custom/python/wheelhouse/gentoo/avx2, /cvmfs/soft.computecanada.ca/custom/python/wheelhouse/gentoo/generic, /cvmfs/soft.computecanada.ca/custom/python/wheelhouse/generic
Requirement already satisfied: graphviz in /home/js17sy/.local/lib/python3.10/site-packages (0.20)
492; python ga.py 9 512N_graph9.dat 0.075 0.03 0.7 0.7 0.3 201 512N_graph9laxgen2rem70_ 342732
/project/6008788/js17sy/reopenga/512b/ga.py:291: DeprecationWarning: Sampling from a set deprecated
since Python 3.9 and will be removed in a subsequent version.
  child1 = set(random.sample(
gen >0, new best = 313.400
gen >0, new best = 297.400
gen >0, new best = 282.700
gen >0, new best = 272.900
gen: 0 best: 272.9 mean: 320.83706467661693
gen: 1 best: 272.9 mean: 317.2950248756219
gen: 2 best: 272.9 mean: 314.5776119402985
gen >3, new best = 268.700
gen >3, new best = 265.200
gen: 3 best: 265.2 mean: 309.7089552238806
gen: 4 best: 265.2 mean: 309.4338308457711
gen >5, new best = 239.800
gen: 5 best: 239.8 mean: 308.2875621890547
gen: 6 best: 239.8 mean: 305.1099502487562
gen: 7 best: 239.8 mean: 302.7412935323383
gen: 8 best: 239.8 mean: 303.626368159204
gen: 9 best: 239.8 mean: 302.3492537313433
gen: 10 best: 239.8 mean: 299.4646766169154
gen: 11 best: 239.8 mean: 297.434328358209
gen: 12 best: 239.8 mean: 297.02636815920397
gen: 13 best: 239.8 mean: 294.37014925373137
gen: 14 best: 239.8 mean: 294.5537313432836
gen: 15 best: 239.8 mean: 294.5437810945274
gen: 16 best: 239.8 mean: 292.58407960199
gen: 17 best: 239.8 mean: 294.02039800995027
gen: 18 best: 239.8 mean: 290.8606965174129
gen: 19 best: 239.8 mean: 292.21542288557214
gen: 20 best: 239.8 mean: 290.7651741293532
gen: 21 best: 239.8 mean: 290.210447761194
gen: 22 best: 239.8 mean: 289.23830845771147
gen: 23 best: 239.8 mean: 286.9577114427861
gen: 24 best: 239.8 mean: 288.62338308457714
gen: 25 best: 239.8 mean: 287.9905472636816
gen: 26 best: 239.8 mean: 285.62139303482587
gen: 27 best: 239.8 mean: 284.5293532338309
gen: 28 best: 239.8 mean: 285.0786069651741
gen: 29 best: 239.8 mean: 284.5900497512438
gen: 30 best: 239.8 mean: 283.8144278606965
gen: 31 best: 239.8 mean: 281.136815920398
gen: 32 best: 239.8 mean: 283.03731343283584
gen: 33 best: 239.8 mean: 283.4004975124378
gen >34, new best = 237.400
gen: 34 best: 237.4 mean: 280.7825870646766
gen: 35 best: 237.4 mean: 282.37611940298507
gen >36, new best = 233.700
gen: 36 best: 233.7 mean: 280.37114427860695
gen: 37 best: 233.7 mean: 279.75223880597014
gen: 38 best: 233.7 mean: 279.1363184079602
gen: 39 best: 233.7 mean: 278.21194029850744
gen: 40 best: 233.7 mean: 278.1094527363184
gen: 41 best: 233.7 mean: 278.99751243781094
gen: 42 best: 233.7 mean: 277.1323383084577
gen: 43 best: 233.7 mean: 279.29701492537316
gen >44, new best = 231.800
gen: 44 best: 231.8 mean: 277.3955223880597
gen: 45 best: 231.8 mean: 277.56517412935324
gen: 46 best: 231.8 mean: 279.0601990049751
gen: 47 best: 231.8 mean: 277.42437810945273
gen: 48 best: 231.8 mean: 277.91641791044776
gen: 49 best: 231.8 mean: 277.17661691542287
gen: 50 best: 231.8 mean: 277.5313432835821
gen: 51 best: 231.8 mean: 277.03333333333336
gen: 52 best: 231.8 mean: 275.7945273631841
gen: 53 best: 231.8 mean: 274.84328358208955
gen: 54 best: 231.8 mean: 276.09203980099505
gen: 55 best: 231.8 mean: 276.7253731343284
gen: 56 best: 231.8 mean: 275.0258706467662
gen: 57 best: 231.8 mean: 275.4273631840796
gen: 58 best: 231.8 mean: 275.66069651741293
gen: 59 best: 231.8 mean: 274.536815920398
gen: 60 best: 231.8 mean: 274.88955223880595
gen: 61 best: 231.8 mean: 274.38855721393037
gen: 62 best: 231.8 mean: 274.5950248756219
gen: 63 best: 231.8 mean: 272.6771144278607
gen: 64 best: 231.8 mean: 274.55771144278606
gen: 65 best: 231.8 mean: 273.4950248756219
gen: 66 best: 231.8 mean: 273.69651741293535
gen: 67 best: 231.8 mean: 273.8587064676617
gen: 68 best: 231.8 mean: 274.3099502487562
gen: 69 best: 231.8 mean: 273.02139303482585
gen: 70 best: 231.8 mean: 272.0547263681592
gen: 71 best: 231.8 mean: 274.33233830845774
gen: 72 best: 231.8 mean: 272.2437810945274
gen: 73 best: 231.8 mean: 272.37860696517413
gen: 74 best: 231.8 mean: 273.4303482587065
gen: 75 best: 231.8 mean: 272.2955223880597
gen: 76 best: 231.8 mean: 271.73383084577114
gen: 77 best: 231.8 mean: 273.3626865671642
gen: 78 best: 231.8 mean: 271.56467661691545
gen: 79 best: 231.8 mean: 272.6467661691542
gen: 80 best: 231.8 mean: 272.2213930348259
gen: 81 best: 231.8 mean: 273.7726368159204
gen: 82 best: 231.8 mean: 270.25522388059704
gen: 83 best: 231.8 mean: 272.3905472636816
gen: 84 best: 231.8 mean: 272.0970149253731
gen: 85 best: 231.8 mean: 271.94228855721394
gen: 86 best: 231.8 mean: 273.0049751243781
gen: 87 best: 231.8 mean: 272.19751243781093
gen >88, new best = 229.200
gen: 88 best: 229.2 mean: 273.34776119402983
gen: 89 best: 229.2 mean: 272.2283582089552
gen: 90 best: 229.2 mean: 272.15323383084575
gen: 91 best: 229.2 mean: 272.5532338308458
gen: 92 best: 229.2 mean: 273.5398009950249
gen: 93 best: 229.2 mean: 273.2402985074627
gen: 94 best: 229.2 mean: 273.2144278606965
gen: 95 best: 229.2 mean: 271.58358208955224
gen: 96 best: 229.2 mean: 272.0731343283582
gen: 97 best: 229.2 mean: 272.12985074626863
gen: 98 best: 229.2 mean: 274.228855721393
gen: 99 best: 229.2 mean: 273.5258706467662
[9, 8, 8, 7, 7, 7, 7, 9, 11, 10, 7, 9, 7, 8, 8, 10, 8, 7, 7, 7, 8, 8, 8, 8, 8, 9, 8, 9, 10, 8, 8, 8, 7, 10, 7, 7, 8, 8, 8, 8, 8, 7, 10, 7, 8, 7, 9, 8, 7]
Test count of edges: 973
cat
