Defaulting to user installation because normal site-packages is not writeable
Looking in links: /cvmfs/soft.computecanada.ca/custom/python/wheelhouse/gentoo/avx2, /cvmfs/soft.computecanada.ca/custom/python/wheelhouse/gentoo/generic, /cvmfs/soft.computecanada.ca/custom/python/wheelhouse/generic
Requirement already satisfied: graphviz in /home/js17sy/.local/lib/python3.10/site-packages (0.20)
527; python ga.py 9 512N_graph9.dat 0.075 0.03 0.7 0.9 0.1 201 512N_graph9laxgen3rem70_ 485537
/project/6008788/js17sy/reopenga/512b/ga.py:291: DeprecationWarning: Sampling from a set deprecated
since Python 3.9 and will be removed in a subsequent version.
  child1 = set(random.sample(
gen >0, new best = 310.600
gen >0, new best = 301.200
gen >0, new best = 300.100
gen >0, new best = 293.000
gen >0, new best = 289.300
gen >0, new best = 283.800
gen: 0 best: 283.8 mean: 321.1256218905473
gen >1, new best = 281.600
gen >1, new best = 277.600
gen: 1 best: 277.6 mean: 316.80099502487565
gen >2, new best = 275.700
gen >2, new best = 269.200
gen: 2 best: 269.2 mean: 312.34179104477613
gen: 3 best: 269.2 mean: 314.27213930348256
gen >4, new best = 266.100
gen: 4 best: 266.1 mean: 309.6646766169154
gen: 5 best: 266.1 mean: 308.626368159204
gen: 6 best: 266.1 mean: 306.64029850746266
gen >7, new best = 262.600
gen: 7 best: 262.6 mean: 307.0776119402985
gen: 8 best: 262.6 mean: 303.5915422885572
gen: 9 best: 262.6 mean: 302.95870646766167
gen >10, new best = 259.300
gen: 10 best: 259.3 mean: 301.60696517412936
gen: 11 best: 259.3 mean: 298.2870646766169
gen: 12 best: 259.3 mean: 296.88358208955225
gen >13, new best = 257.900
gen: 13 best: 257.9 mean: 296.24825870646765
gen: 14 best: 257.9 mean: 296.01741293532336
gen >15, new best = 248.300
gen >15, new best = 245.400
gen: 15 best: 245.4 mean: 294.90149253731346
gen: 16 best: 245.4 mean: 293.69751243781093
gen: 17 best: 245.4 mean: 294.8850746268657
gen: 18 best: 245.4 mean: 290.2009950248756
gen: 19 best: 245.4 mean: 292.1174129353234
gen: 20 best: 245.4 mean: 290.26119402985074
gen: 21 best: 245.4 mean: 287.4781094527363
gen: 22 best: 245.4 mean: 288.34726368159204
gen >23, new best = 244.900
gen: 23 best: 244.9 mean: 286.02437810945275
gen: 24 best: 244.9 mean: 285.9945273631841
gen: 25 best: 244.9 mean: 283.77213930348256
gen: 26 best: 244.9 mean: 285.80099502487565
gen: 27 best: 244.9 mean: 283.02039800995027
gen: 28 best: 244.9 mean: 283.71094527363186
gen: 29 best: 244.9 mean: 280.48457711442785
gen >30, new best = 241.600
gen: 30 best: 241.6 mean: 280.8502487562189
gen >31, new best = 239.200
gen: 31 best: 239.2 mean: 281.0542288557214
gen: 32 best: 239.2 mean: 279.7781094527363
gen: 33 best: 239.2 mean: 281.2621890547264
gen >34, new best = 239.100
gen: 34 best: 239.1 mean: 278.4134328358209
gen: 35 best: 239.1 mean: 279.79751243781095
gen: 36 best: 239.1 mean: 278.718407960199
gen: 37 best: 239.1 mean: 277.9860696517413
gen >38, new best = 235.800
gen: 38 best: 235.8 mean: 277.41592039801
gen: 39 best: 235.8 mean: 277.6412935323383
gen: 40 best: 235.8 mean: 279.6855721393035
gen: 41 best: 235.8 mean: 276.3318407960199
gen: 42 best: 235.8 mean: 277.3149253731343
gen: 43 best: 235.8 mean: 277.51940298507463
gen: 44 best: 235.8 mean: 274.4487562189055
gen: 45 best: 235.8 mean: 277.3845771144279
gen: 46 best: 235.8 mean: 276.29751243781095
gen: 47 best: 235.8 mean: 277.02985074626866
gen: 48 best: 235.8 mean: 275.3681592039801
gen: 49 best: 235.8 mean: 273.9950248756219
gen: 50 best: 235.8 mean: 274.0452736318408
gen: 51 best: 235.8 mean: 275.60199004975124
gen: 52 best: 235.8 mean: 274.05621890547263
gen: 53 best: 235.8 mean: 272.7786069651741
gen: 54 best: 235.8 mean: 274.2323383084577
gen: 55 best: 235.8 mean: 275.8865671641791
gen: 56 best: 235.8 mean: 273.6373134328358
gen: 57 best: 235.8 mean: 275.1666666666667
gen: 58 best: 235.8 mean: 273.71194029850744
gen: 59 best: 235.8 mean: 272.8666666666667
gen: 60 best: 235.8 mean: 273.6626865671642
gen: 61 best: 235.8 mean: 273.47562189054725
gen: 62 best: 235.8 mean: 272.3537313432836
gen: 63 best: 235.8 mean: 273.37412935323385
gen: 64 best: 235.8 mean: 271.3388059701493
gen: 65 best: 235.8 mean: 272.4865671641791
gen: 66 best: 235.8 mean: 272.42587064676616
gen: 67 best: 235.8 mean: 271.91144278606964
gen: 68 best: 235.8 mean: 270.9835820895522
gen >69, new best = 233.800
gen: 69 best: 233.8 mean: 271.2014925373134
gen: 70 best: 233.8 mean: 272.15323383084575
gen >71, new best = 231.900
gen: 71 best: 231.9 mean: 270.73333333333335
gen: 72 best: 231.9 mean: 270.1358208955224
gen: 73 best: 231.9 mean: 270.4273631840796
gen >74, new best = 231.600
gen: 74 best: 231.6 mean: 270.82537313432834
gen: 75 best: 231.6 mean: 272.20995024875623
gen: 76 best: 231.6 mean: 269.89800995024876
gen: 77 best: 231.6 mean: 269.06119402985075
gen: 78 best: 231.6 mean: 269.76616915422886
gen: 79 best: 231.6 mean: 268.9303482587065
gen: 80 best: 231.6 mean: 269.3258706467662
gen: 81 best: 231.6 mean: 270.265671641791
gen: 82 best: 231.6 mean: 269.5567164179104
gen: 83 best: 231.6 mean: 269.89800995024876
gen: 84 best: 231.6 mean: 269.3462686567164
gen: 85 best: 231.6 mean: 269.8915422885572
gen: 86 best: 231.6 mean: 269.21343283582087
gen: 87 best: 231.6 mean: 269.51592039800994
gen: 88 best: 231.6 mean: 268.79253731343283
gen: 89 best: 231.6 mean: 267.9213930348259
gen: 90 best: 231.6 mean: 269.76268656716417
gen: 91 best: 231.6 mean: 268.0786069651741
gen: 92 best: 231.6 mean: 267.8258706467662
gen: 93 best: 231.6 mean: 268.3592039800995
gen: 94 best: 231.6 mean: 268.21094527363186
gen: 95 best: 231.6 mean: 267.77910447761195
gen >96, new best = 219.000
gen: 96 best: 219.0 mean: 268.8686567164179
gen: 97 best: 219.0 mean: 269.2323383084577
gen: 98 best: 219.0 mean: 268.77562189054726
gen: 99 best: 219.0 mean: 268.1179104477612
[8, 9, 8, 7, 8, 9, 8, 9, 8, 8, 8, 7, 9, 8, 9, 8, 8, 10, 7, 8, 8, 7, 8, 9, 7, 7, 7, 7, 10, 8, 8, 7, 7, 7, 8, 8, 7, 8, 8, 10, 8, 7, 7, 7, 7, 7, 9, 8, 7]
Test count of edges: 953
cat
