Defaulting to user installation because normal site-packages is not writeable
Looking in links: /cvmfs/soft.computecanada.ca/custom/python/wheelhouse/gentoo/avx2, /cvmfs/soft.computecanada.ca/custom/python/wheelhouse/gentoo/generic, /cvmfs/soft.computecanada.ca/custom/python/wheelhouse/generic
Requirement already satisfied: graphviz in /home/js17sy/.local/lib/python3.10/site-packages (0.20)
573; python ga.py 9 512N_graph9.dat 0.1 0.04 0.5 0.7 0.3 201 512N_graph9leerygen2rem50_ 85683
/project/6008788/js17sy/reopenga/512b/ga.py:291: DeprecationWarning: Sampling from a set deprecated
since Python 3.9 and will be removed in a subsequent version.
  child1 = set(random.sample(
gen >0, new best = 350.800
gen >0, new best = 347.200
gen >0, new best = 346.000
gen >0, new best = 344.900
gen >0, new best = 343.400
gen >0, new best = 342.800
gen: 0 best: 342.8 mean: 356.497263681592
gen >1, new best = 338.300
gen: 1 best: 338.3 mean: 355.42388059701494
gen: 2 best: 338.3 mean: 354.9651741293532
gen >3, new best = 336.000
gen: 3 best: 336.0 mean: 355.25223880597014
gen: 4 best: 336.0 mean: 354.4064676616915
gen >5, new best = 321.900
gen: 5 best: 321.9 mean: 353.13084577114427
gen: 6 best: 321.9 mean: 353.70597014925374
gen >7, new best = 321.800
gen: 7 best: 321.8 mean: 353.4044776119403
gen >8, new best = 314.600
gen: 8 best: 314.6 mean: 351.58855721393036
gen: 9 best: 314.6 mean: 352.29751243781095
gen: 10 best: 314.6 mean: 351.5592039800995
gen: 11 best: 314.6 mean: 350.81243781094526
gen: 12 best: 314.6 mean: 351.2268656716418
gen: 13 best: 314.6 mean: 350.60547263681593
gen: 14 best: 314.6 mean: 350.3626865671642
gen: 15 best: 314.6 mean: 349.6233830845771
gen >16, new best = 311.200
gen: 16 best: 311.2 mean: 349.89353233830843
gen: 17 best: 311.2 mean: 350.102487562189
gen: 18 best: 311.2 mean: 349.25572139303483
gen: 19 best: 311.2 mean: 347.173631840796
gen: 20 best: 311.2 mean: 347.5865671641791
gen: 21 best: 311.2 mean: 347.15223880597017
gen: 22 best: 311.2 mean: 346.59402985074627
gen >23, new best = 309.500
gen: 23 best: 309.5 mean: 345.73930348258705
gen: 24 best: 309.5 mean: 346.75771144278605
gen: 25 best: 309.5 mean: 346.755223880597
gen: 26 best: 309.5 mean: 344.95870646766167
gen >27, new best = 305.900
gen: 27 best: 305.9 mean: 344.72587064676617
gen >28, new best = 297.400
gen: 28 best: 297.4 mean: 343.736815920398
gen: 29 best: 297.4 mean: 344.5641791044776
gen: 30 best: 297.4 mean: 343.434328358209
gen: 31 best: 297.4 mean: 342.9960199004975
gen: 32 best: 297.4 mean: 342.7343283582089
gen: 33 best: 297.4 mean: 343.16766169154226
gen: 34 best: 297.4 mean: 342.7223880597015
gen: 35 best: 297.4 mean: 341.84278606965177
gen: 36 best: 297.4 mean: 341.4582089552239
gen: 37 best: 297.4 mean: 341.0935323383085
gen: 38 best: 297.4 mean: 340.3726368159204
gen: 39 best: 297.4 mean: 341.22587064676617
gen: 40 best: 297.4 mean: 340.5915422885572
gen: 41 best: 297.4 mean: 340.59601990049754
gen: 42 best: 297.4 mean: 339.6442786069652
gen: 43 best: 297.4 mean: 339.6129353233831
gen: 44 best: 297.4 mean: 339.1980099502488
gen: 45 best: 297.4 mean: 339.4308457711443
gen: 46 best: 297.4 mean: 338.4686567164179
gen: 47 best: 297.4 mean: 338.55024875621893
gen: 48 best: 297.4 mean: 338.3716417910448
gen: 49 best: 297.4 mean: 339.03930348258706
gen: 50 best: 297.4 mean: 338.0805970149254
gen: 51 best: 297.4 mean: 337.3542288557214
gen: 52 best: 297.4 mean: 336.18009950248756
gen: 53 best: 297.4 mean: 336.89353233830843
gen: 54 best: 297.4 mean: 336.7621890547264
gen: 55 best: 297.4 mean: 335.8099502487562
gen: 56 best: 297.4 mean: 336.4432835820896
gen: 57 best: 297.4 mean: 335.7233830845771
gen: 58 best: 297.4 mean: 335.66915422885575
gen: 59 best: 297.4 mean: 335.88557213930346
gen: 60 best: 297.4 mean: 334.74825870646765
gen: 61 best: 297.4 mean: 335.1681592039801
gen: 62 best: 297.4 mean: 335.0452736318408
gen: 63 best: 297.4 mean: 335.18407960199005
gen: 64 best: 297.4 mean: 333.62537313432836
gen: 65 best: 297.4 mean: 334.2398009950249
gen: 66 best: 297.4 mean: 334.14726368159205
gen: 67 best: 297.4 mean: 334.2781094527363
gen: 68 best: 297.4 mean: 333.6796019900498
gen: 69 best: 297.4 mean: 333.58855721393036
gen: 70 best: 297.4 mean: 333.65621890547266
gen >71, new best = 296.400
gen: 71 best: 296.4 mean: 332.47910447761194
gen >72, new best = 293.900
gen: 72 best: 293.9 mean: 333.2084577114428
gen: 73 best: 293.9 mean: 332.9467661691542
gen: 74 best: 293.9 mean: 332.87860696517413
gen: 75 best: 293.9 mean: 332.82835820895525
gen: 76 best: 293.9 mean: 332.62388059701493
gen: 77 best: 293.9 mean: 331.44975124378107
gen: 78 best: 293.9 mean: 331.6502487562189
gen: 79 best: 293.9 mean: 331.38557213930346
gen: 80 best: 293.9 mean: 331.90248756218904
gen: 81 best: 293.9 mean: 331.77611940298505
gen: 82 best: 293.9 mean: 330.9457711442786
gen: 83 best: 293.9 mean: 331.744776119403
gen: 84 best: 293.9 mean: 331.7592039800995
gen: 85 best: 293.9 mean: 330.3442786069652
gen >86, new best = 290.300
gen: 86 best: 290.3 mean: 330.79800995024874
gen: 87 best: 290.3 mean: 331.79751243781095
gen: 88 best: 290.3 mean: 330.4044776119403
gen: 89 best: 290.3 mean: 330.96567164179106
gen: 90 best: 290.3 mean: 331.73930348258705
gen: 91 best: 290.3 mean: 331.8328358208955
gen: 92 best: 290.3 mean: 331.88905472636816
gen: 93 best: 290.3 mean: 330.9378109452736
gen: 94 best: 290.3 mean: 330.86119402985076
gen: 95 best: 290.3 mean: 330.4004975124378
gen: 96 best: 290.3 mean: 331.5497512437811
gen: 97 best: 290.3 mean: 330.69651741293535
gen: 98 best: 290.3 mean: 330.31592039800995
gen: 99 best: 290.3 mean: 330.9741293532338
[9, 8, 7, 8, 9, 8, 8, 7, 8, 8, 9, 8, 8, 7, 7, 8, 8, 7, 7, 9, 7, 8, 7, 8, 8, 7, 7, 8, 9, 8, 7, 8, 10, 9, 9, 8, 7, 7, 10, 7, 8, 8, 8, 9, 9, 8, 8]
Test count of edges: 1603
cat
