Defaulting to user installation because normal site-packages is not writeable
Looking in links: /cvmfs/soft.computecanada.ca/custom/python/wheelhouse/gentoo/avx2, /cvmfs/soft.computecanada.ca/custom/python/wheelhouse/gentoo/generic, /cvmfs/soft.computecanada.ca/custom/python/wheelhouse/generic
Requirement already satisfied: graphviz in /home/js17sy/.local/lib/python3.10/site-packages (0.20)
361; python ga.py 9 512N_graph9.dat 0.075 0.03 0.5 0.5 0.5 201 512N_graph9laxgen1rem50_ 28561
/project/6008788/js17sy/reopenga/512b/ga.py:291: DeprecationWarning: Sampling from a set deprecated
since Python 3.9 and will be removed in a subsequent version.
  child1 = set(random.sample(
gen >0, new best = 348.200
gen >0, new best = 346.600
gen >0, new best = 342.900
gen >0, new best = 332.300
gen >0, new best = 305.300
gen: 0 best: 305.3 mean: 340.9522388059701
gen: 1 best: 305.3 mean: 340.25572139303483
gen: 2 best: 305.3 mean: 339.426368159204
gen: 3 best: 305.3 mean: 338.5880597014925
gen: 4 best: 305.3 mean: 338.6910447761194
gen: 5 best: 305.3 mean: 337.897512437811
gen >6, new best = 304.100
gen: 6 best: 304.1 mean: 337.4134328358209
gen: 7 best: 304.1 mean: 335.9671641791045
gen: 8 best: 304.1 mean: 334.6577114427861
gen: 9 best: 304.1 mean: 334.4537313432836
gen: 10 best: 304.1 mean: 334.0502487562189
gen: 11 best: 304.1 mean: 334.77213930348256
gen: 12 best: 304.1 mean: 333.86517412935325
gen >13, new best = 295.800
gen: 13 best: 295.8 mean: 332.50995024875624
gen: 14 best: 295.8 mean: 333.14029850746266
gen: 15 best: 295.8 mean: 332.49701492537315
gen: 16 best: 295.8 mean: 331.77562189054726
gen: 17 best: 295.8 mean: 330.4557213930348
gen: 18 best: 295.8 mean: 330.9910447761194
gen: 19 best: 295.8 mean: 330.47512437810946
gen: 20 best: 295.8 mean: 329.3388059701493
gen >21, new best = 283.300
gen: 21 best: 283.3 mean: 329.18407960199005
gen: 22 best: 283.3 mean: 328.9009950248756
gen: 23 best: 283.3 mean: 328.1721393034826
gen: 24 best: 283.3 mean: 327.6283582089552
gen: 25 best: 283.3 mean: 328.27562189054726
gen: 26 best: 283.3 mean: 326.99800995024873
gen: 27 best: 283.3 mean: 326.83383084577116
gen: 28 best: 283.3 mean: 326.5054726368159
gen: 29 best: 283.3 mean: 327.52288557213933
gen: 30 best: 283.3 mean: 325.6452736318408
gen: 31 best: 283.3 mean: 325.6412935323383
gen: 32 best: 283.3 mean: 325.28805970149256
gen >33, new best = 283.200
gen: 33 best: 283.2 mean: 324.7238805970149
gen: 34 best: 283.2 mean: 325.3880597014925
gen: 35 best: 283.2 mean: 323.77064676616914
gen: 36 best: 283.2 mean: 324.17462686567166
gen: 37 best: 283.2 mean: 323.3666666666667
gen: 38 best: 283.2 mean: 324.0691542288557
gen: 39 best: 283.2 mean: 323.2398009950249
gen: 40 best: 283.2 mean: 322.2213930348259
gen: 41 best: 283.2 mean: 322.2308457711443
gen: 42 best: 283.2 mean: 322.0149253731343
gen: 43 best: 283.2 mean: 322.90696517412937
gen: 44 best: 283.2 mean: 321.8532338308458
gen: 45 best: 283.2 mean: 321.67462686567166
gen: 46 best: 283.2 mean: 322.3089552238806
gen: 47 best: 283.2 mean: 321.62537313432836
gen: 48 best: 283.2 mean: 321.7651741293532
gen: 49 best: 283.2 mean: 321.95721393034825
gen: 50 best: 283.2 mean: 321.40547263681594
gen: 51 best: 283.2 mean: 320.42388059701494
gen: 52 best: 283.2 mean: 320.7402985074627
gen: 53 best: 283.2 mean: 320.96069651741294
gen: 54 best: 283.2 mean: 321.0313432835821
gen: 55 best: 283.2 mean: 320.45522388059703
gen: 56 best: 283.2 mean: 320.7268656716418
gen: 57 best: 283.2 mean: 320.44378109452737
gen: 58 best: 283.2 mean: 320.69303482587065
gen: 59 best: 283.2 mean: 319.66965174129353
gen: 60 best: 283.2 mean: 320.4044776119403
gen: 61 best: 283.2 mean: 319.4213930348259
gen: 62 best: 283.2 mean: 319.3363184079602
gen: 63 best: 283.2 mean: 318.7771144278607
gen: 64 best: 283.2 mean: 318.76268656716417
gen: 65 best: 283.2 mean: 319.08507462686566
gen: 66 best: 283.2 mean: 319.8019900497512
gen: 67 best: 283.2 mean: 318.8646766169154
gen: 68 best: 283.2 mean: 318.0363184079602
gen: 69 best: 283.2 mean: 319.3407960199005
gen: 70 best: 283.2 mean: 318.55621890547263
gen: 71 best: 283.2 mean: 319.1517412935323
gen: 72 best: 283.2 mean: 318.79751243781095
gen: 73 best: 283.2 mean: 318.20298507462684
gen: 74 best: 283.2 mean: 318.6039800995025
gen: 75 best: 283.2 mean: 317.27910447761195
gen: 76 best: 283.2 mean: 318.3606965174129
gen: 77 best: 283.2 mean: 318.5537313432836
gen: 78 best: 283.2 mean: 317.4860696517413
gen: 79 best: 283.2 mean: 318.2681592039801
gen: 80 best: 283.2 mean: 317.944776119403
gen: 81 best: 283.2 mean: 317.83930348258707
gen: 82 best: 283.2 mean: 317.9467661691542
gen: 83 best: 283.2 mean: 317.6557213930348
gen: 84 best: 283.2 mean: 317.3830845771144
gen: 85 best: 283.2 mean: 317.0641791044776
gen: 86 best: 283.2 mean: 316.76119402985074
gen: 87 best: 283.2 mean: 317.7547263681592
gen: 88 best: 283.2 mean: 317.0039800995025
gen >89, new best = 282.700
gen: 89 best: 282.7 mean: 317.4228855721393
gen: 90 best: 282.7 mean: 317.0109452736318
gen: 91 best: 282.7 mean: 317.09253731343284
gen: 92 best: 282.7 mean: 316.72487562189053
gen: 93 best: 282.7 mean: 315.7034825870647
gen: 94 best: 282.7 mean: 316.6189054726368
gen: 95 best: 282.7 mean: 316.3462686567164
gen: 96 best: 282.7 mean: 315.80099502487565
gen: 97 best: 282.7 mean: 316.5636815920398
gen >98, new best = 281.700
gen: 98 best: 281.7 mean: 316.02039800995027
gen: 99 best: 281.7 mean: 316.24278606965174
[9, 8, 9, 8, 9, 10, 10, 8, 9, 9, 8, 8, 11, 9, 8, 8, 9, 9, 8, 9, 10, 10, 9, 9, 9, 9, 9, 10, 8, 11, 8, 8, 10, 8, 9, 10, 10, 11, 8, 8, 9, 8, 8, 8, 10, 10, 11]
Test count of edges: 1618
cat
