Defaulting to user installation because normal site-packages is not writeable
Looking in links: /cvmfs/soft.computecanada.ca/custom/python/wheelhouse/gentoo/avx2, /cvmfs/soft.computecanada.ca/custom/python/wheelhouse/gentoo/generic, /cvmfs/soft.computecanada.ca/custom/python/wheelhouse/generic
Requirement already satisfied: graphviz in /home/js17sy/.local/lib/python3.10/site-packages (0.20)
598; python ga.py 9 512N_graph9.dat 0.1 0.04 0.5 0.7 0.3 201 512N_graph9leerygen2rem50_ 799708
/project/6008788/js17sy/reopenga/512b/ga.py:291: DeprecationWarning: Sampling from a set deprecated
since Python 3.9 and will be removed in a subsequent version.
  child1 = set(random.sample(
gen >0, new best = 340.900
gen: 0 best: 340.9 mean: 356.4624378109453
gen: 1 best: 340.9 mean: 356.45671641791046
gen >2, new best = 340.300
gen: 2 best: 340.3 mean: 354.80298507462686
gen >3, new best = 324.400
gen: 3 best: 324.4 mean: 354.00597014925376
gen: 4 best: 324.4 mean: 354.3661691542289
gen: 5 best: 324.4 mean: 353.3402985074627
gen: 6 best: 324.4 mean: 352.5691542288557
gen >7, new best = 321.500
gen >7, new best = 316.900
gen: 7 best: 316.9 mean: 351.98805970149255
gen: 8 best: 316.9 mean: 351.99800995024873
gen: 9 best: 316.9 mean: 350.4955223880597
gen: 10 best: 316.9 mean: 350.21144278606965
gen >11, new best = 310.800
gen: 11 best: 310.8 mean: 349.2825870646766
gen: 12 best: 310.8 mean: 347.96417910447764
gen: 13 best: 310.8 mean: 348.0751243781095
gen: 14 best: 310.8 mean: 347.8726368159204
gen: 15 best: 310.8 mean: 347.42039800995025
gen: 16 best: 310.8 mean: 346.27213930348256
gen: 17 best: 310.8 mean: 346.5696517412935
gen: 18 best: 310.8 mean: 346.5865671641791
gen: 19 best: 310.8 mean: 345.67114427860696
gen: 20 best: 310.8 mean: 344.910447761194
gen: 21 best: 310.8 mean: 344.57562189054727
gen: 22 best: 310.8 mean: 343.2348258706468
gen: 23 best: 310.8 mean: 343.5034825870647
gen: 24 best: 310.8 mean: 342.6149253731343
gen: 25 best: 310.8 mean: 342.69850746268656
gen: 26 best: 310.8 mean: 342.21691542288556
gen: 27 best: 310.8 mean: 341.7174129353234
gen: 28 best: 310.8 mean: 340.7915422885572
gen: 29 best: 310.8 mean: 340.8592039800995
gen: 30 best: 310.8 mean: 340.9248756218905
gen >31, new best = 300.500
gen: 31 best: 300.5 mean: 341.2129353233831
gen: 32 best: 300.5 mean: 340.76965174129356
gen: 33 best: 300.5 mean: 340.0731343283582
gen: 34 best: 300.5 mean: 339.5567164179104
gen: 35 best: 300.5 mean: 338.59601990049754
gen: 36 best: 300.5 mean: 339.9407960199005
gen: 37 best: 300.5 mean: 339.07462686567163
gen: 38 best: 300.5 mean: 339.00796019900497
gen: 39 best: 300.5 mean: 337.9432835820896
gen: 40 best: 300.5 mean: 337.5805970149254
gen: 41 best: 300.5 mean: 337.463184079602
gen: 42 best: 300.5 mean: 337.0542288557214
gen: 43 best: 300.5 mean: 336.0820895522388
gen: 44 best: 300.5 mean: 337.1497512437811
gen: 45 best: 300.5 mean: 335.57611940298506
gen: 46 best: 300.5 mean: 335.90248756218904
gen: 47 best: 300.5 mean: 335.89651741293534
gen: 48 best: 300.5 mean: 334.43134328358207
gen: 49 best: 300.5 mean: 334.1870646766169
gen: 50 best: 300.5 mean: 333.863184079602
gen: 51 best: 300.5 mean: 333.62189054726366
gen: 52 best: 300.5 mean: 333.7044776119403
gen: 53 best: 300.5 mean: 333.9189054726368
gen >54, new best = 298.700
gen: 54 best: 298.7 mean: 332.6134328358209
gen: 55 best: 298.7 mean: 333.29800995024874
gen: 56 best: 298.7 mean: 332.73034825870644
gen: 57 best: 298.7 mean: 332.4487562189055
gen: 58 best: 298.7 mean: 332.36517412935325
gen: 59 best: 298.7 mean: 332.1189054726368
gen >60, new best = 295.100
gen: 60 best: 295.1 mean: 330.88905472636816
gen: 61 best: 295.1 mean: 332.5995024875622
gen: 62 best: 295.1 mean: 331.87860696517413
gen: 63 best: 295.1 mean: 331.8547263681592
gen: 64 best: 295.1 mean: 331.51144278606967
gen: 65 best: 295.1 mean: 330.6
gen: 66 best: 295.1 mean: 330.6009950248756
gen >67, new best = 293.600
gen: 67 best: 293.6 mean: 330.68457711442784
gen: 68 best: 293.6 mean: 330.97860696517415
gen: 69 best: 293.6 mean: 330.5348258706468
gen: 70 best: 293.6 mean: 330.9487562189055
gen >71, new best = 291.300
gen: 71 best: 291.3 mean: 330.03582089552236
gen: 72 best: 291.3 mean: 329.9761194029851
gen: 73 best: 291.3 mean: 329.9492537313433
gen: 74 best: 291.3 mean: 329.8716417910448
gen: 75 best: 291.3 mean: 329.83930348258707
gen: 76 best: 291.3 mean: 328.8388059701493
gen >77, new best = 284.700
gen: 77 best: 284.7 mean: 329.75572139303483
gen: 78 best: 284.7 mean: 329.6303482587065
gen: 79 best: 284.7 mean: 329.7378109452736
gen: 80 best: 284.7 mean: 328.8054726368159
gen: 81 best: 284.7 mean: 329.91691542288555
gen: 82 best: 284.7 mean: 329.62537313432836
gen: 83 best: 284.7 mean: 329.08358208955224
gen: 84 best: 284.7 mean: 328.44427860696516
gen: 85 best: 284.7 mean: 329.75522388059704
gen: 86 best: 284.7 mean: 329.13432835820896
gen: 87 best: 284.7 mean: 328.06716417910445
gen: 88 best: 284.7 mean: 329.19502487562187
gen: 89 best: 284.7 mean: 328.6412935323383
gen: 90 best: 284.7 mean: 328.77363184079604
gen: 91 best: 284.7 mean: 328.4467661691542
gen: 92 best: 284.7 mean: 327.8776119402985
gen: 93 best: 284.7 mean: 328.7805970149254
gen: 94 best: 284.7 mean: 328.7766169154229
gen: 95 best: 284.7 mean: 328.5641791044776
gen: 96 best: 284.7 mean: 328.2786069651741
gen: 97 best: 284.7 mean: 328.1960199004975
gen: 98 best: 284.7 mean: 328.32835820895525
gen: 99 best: 284.7 mean: 328.4318407960199
[8, 10, 10, 8, 7, 9, 8, 8, 9, 10, 9, 9, 8, 7, 8, 8, 10, 9, 8, 8, 7, 10, 8, 8, 8, 8, 8, 8, 7, 13, 10, 7, 9, 7, 8, 9, 8, 9, 7, 9, 8, 7, 8, 7, 7, 8]
Test count of edges: 1596
cat
