Defaulting to user installation because normal site-packages is not writeable
Looking in links: /cvmfs/soft.computecanada.ca/custom/python/wheelhouse/gentoo/avx2, /cvmfs/soft.computecanada.ca/custom/python/wheelhouse/gentoo/generic, /cvmfs/soft.computecanada.ca/custom/python/wheelhouse/generic
Requirement already satisfied: graphviz in /home/js17sy/.local/lib/python3.10/site-packages (0.20)
604; python ga.py 9 512N_graph9.dat 0.1 0.04 0.5 0.9 0.1 201 512N_graph9leerygen3rem50_ 114244
/project/6008788/js17sy/reopenga/512b/ga.py:291: DeprecationWarning: Sampling from a set deprecated
since Python 3.9 and will be removed in a subsequent version.
  child1 = set(random.sample(
gen >0, new best = 355.500
gen >0, new best = 351.700
gen >0, new best = 340.200
gen: 0 best: 340.2 mean: 356.3990049751244
gen: 1 best: 340.2 mean: 355.9592039800995
gen >2, new best = 318.500
gen: 2 best: 318.5 mean: 355.7746268656716
gen: 3 best: 318.5 mean: 355.0537313432836
gen: 4 best: 318.5 mean: 354.49701492537315
gen: 5 best: 318.5 mean: 353.83432835820895
gen: 6 best: 318.5 mean: 353.21343283582087
gen: 7 best: 318.5 mean: 352.48805970149255
gen: 8 best: 318.5 mean: 352.452736318408
gen: 9 best: 318.5 mean: 351.7199004975124
gen: 10 best: 318.5 mean: 350.99751243781094
gen: 11 best: 318.5 mean: 350.7502487562189
gen: 12 best: 318.5 mean: 350.2492537313433
gen >13, new best = 317.400
gen: 13 best: 317.4 mean: 349.0532338308458
gen: 14 best: 317.4 mean: 349.32338308457713
gen: 15 best: 317.4 mean: 348.5507462686567
gen >16, new best = 305.200
gen: 16 best: 305.2 mean: 347.0696517412935
gen: 17 best: 305.2 mean: 347.107960199005
gen: 18 best: 305.2 mean: 346.1009950248756
gen: 19 best: 305.2 mean: 346.47512437810946
gen: 20 best: 305.2 mean: 345.9925373134328
gen: 21 best: 305.2 mean: 345.3537313432836
gen: 22 best: 305.2 mean: 344.1726368159204
gen: 23 best: 305.2 mean: 343.981592039801
gen: 24 best: 305.2 mean: 343.4721393034826
gen: 25 best: 305.2 mean: 343.4582089552239
gen: 26 best: 305.2 mean: 342.5955223880597
gen: 27 best: 305.2 mean: 342.6129353233831
gen >28, new best = 303.400
gen: 28 best: 303.4 mean: 342.10348258706466
gen: 29 best: 303.4 mean: 341.8880597014925
gen: 30 best: 303.4 mean: 340.61990049751245
gen: 31 best: 303.4 mean: 340.3318407960199
gen: 32 best: 303.4 mean: 338.4507462686567
gen: 33 best: 303.4 mean: 339.38009950248755
gen >34, new best = 302.900
gen: 34 best: 302.9 mean: 338.41990049751246
gen: 35 best: 302.9 mean: 338.5089552238806
gen: 36 best: 302.9 mean: 337.9303482587065
gen: 37 best: 302.9 mean: 337.7218905472637
gen: 38 best: 302.9 mean: 337.90149253731346
gen: 39 best: 302.9 mean: 337.5626865671642
gen: 40 best: 302.9 mean: 337.61243781094527
gen: 41 best: 302.9 mean: 337.43681592039803
gen: 42 best: 302.9 mean: 337.15323383084575
gen: 43 best: 302.9 mean: 336.12935323383084
gen: 44 best: 302.9 mean: 335.86218905472634
gen >45, new best = 299.400
gen: 45 best: 299.4 mean: 335.4945273631841
gen: 46 best: 299.4 mean: 335.41691542288555
gen: 47 best: 299.4 mean: 334.5681592039801
gen >48, new best = 297.200
gen: 48 best: 297.2 mean: 334.0139303482587
gen: 49 best: 297.2 mean: 334.22487562189053
gen: 50 best: 297.2 mean: 333.19502487562187
gen >51, new best = 290.100
gen: 51 best: 290.1 mean: 332.1442786069652
gen: 52 best: 290.1 mean: 332.56318407960197
gen: 53 best: 290.1 mean: 330.7194029850746
gen: 54 best: 290.1 mean: 331.82338308457713
gen: 55 best: 290.1 mean: 331.5089552238806
gen: 56 best: 290.1 mean: 331.581592039801
gen: 57 best: 290.1 mean: 332.41492537313434
gen: 58 best: 290.1 mean: 330.9651741293532
gen: 59 best: 290.1 mean: 331.05572139303484
gen: 60 best: 290.1 mean: 331.16616915422884
gen: 61 best: 290.1 mean: 330.47462686567167
gen: 62 best: 290.1 mean: 330.4547263681592
gen: 63 best: 290.1 mean: 331.39253731343285
gen: 64 best: 290.1 mean: 330.0771144278607
gen: 65 best: 290.1 mean: 329.48457711442785
gen: 66 best: 290.1 mean: 330.1323383084577
gen: 67 best: 290.1 mean: 329.16616915422884
gen: 68 best: 290.1 mean: 328.7318407960199
gen: 69 best: 290.1 mean: 329.2960199004975
gen: 70 best: 290.1 mean: 328.7407960199005
gen: 71 best: 290.1 mean: 328.4835820895522
gen: 72 best: 290.1 mean: 328.7228855721393
gen: 73 best: 290.1 mean: 329.247263681592
gen: 74 best: 290.1 mean: 328.13830845771145
gen: 75 best: 290.1 mean: 327.8512437810945
gen: 76 best: 290.1 mean: 327.6537313432836
gen: 77 best: 290.1 mean: 327.81940298507465
gen: 78 best: 290.1 mean: 327.5199004975124
gen: 79 best: 290.1 mean: 327.83482587064674
gen: 80 best: 290.1 mean: 328.2014925373134
gen: 81 best: 290.1 mean: 327.46417910447764
gen: 82 best: 290.1 mean: 327.89850746268655
gen >83, new best = 289.600
gen: 83 best: 289.6 mean: 327.6636815920398
gen: 84 best: 289.6 mean: 327.1776119402985
gen: 85 best: 289.6 mean: 328.2049751243781
gen: 86 best: 289.6 mean: 327.4273631840796
gen: 87 best: 289.6 mean: 327.81990049751244
gen: 88 best: 289.6 mean: 326.8442786069652
gen: 89 best: 289.6 mean: 327.2218905472637
gen >90, new best = 285.600
gen: 90 best: 285.6 mean: 326.6865671641791
gen: 91 best: 285.6 mean: 327.0363184079602
gen: 92 best: 285.6 mean: 326.5233830845771
gen: 93 best: 285.6 mean: 327.4890547263682
gen: 94 best: 285.6 mean: 326.7597014925373
gen: 95 best: 285.6 mean: 327.12537313432836
gen: 96 best: 285.6 mean: 326.31592039800995
gen: 97 best: 285.6 mean: 326.281592039801
gen: 98 best: 285.6 mean: 326.3726368159204
gen: 99 best: 285.6 mean: 327.0691542288557
[8, 9, 9, 8, 11, 7, 8, 12, 8, 10, 8, 8, 8, 11, 8, 8, 10, 8, 7, 9, 10, 9, 8, 10, 9, 8, 9, 9, 8, 8, 10, 7, 10, 8, 8, 7, 7, 10, 8, 8, 8, 10, 7, 10]
Test count of edges: 1582
cat
