Defaulting to user installation because normal site-packages is not writeable
Looking in links: /cvmfs/soft.computecanada.ca/custom/python/wheelhouse/gentoo/avx2, /cvmfs/soft.computecanada.ca/custom/python/wheelhouse/gentoo/generic, /cvmfs/soft.computecanada.ca/custom/python/wheelhouse/generic
Requirement already satisfied: graphviz in /home/js17sy/.local/lib/python3.10/site-packages (0.20)
592; python ga.py 9 512N_graph9.dat 0.1 0.04 0.5 0.7 0.3 201 512N_graph9leerygen2rem50_ 628342
/project/6008788/js17sy/reopenga/512b/ga.py:291: DeprecationWarning: Sampling from a set deprecated
since Python 3.9 and will be removed in a subsequent version.
  child1 = set(random.sample(
gen >0, new best = 353.900
gen >0, new best = 353.000
gen >0, new best = 352.300
gen >0, new best = 346.700
gen >0, new best = 345.400
gen >0, new best = 326.700
gen >0, new best = 321.100
gen >0, new best = 319.300
gen: 0 best: 319.3 mean: 356.03905472636814
gen >1, new best = 314.800
gen: 1 best: 314.8 mean: 355.1960199004975
gen: 2 best: 314.8 mean: 355.8169154228856
gen: 3 best: 314.8 mean: 354.05024875621893
gen: 4 best: 314.8 mean: 354.6507462686567
gen >5, new best = 314.500
gen: 5 best: 314.5 mean: 353.66616915422884
gen: 6 best: 314.5 mean: 353.6099502487562
gen: 7 best: 314.5 mean: 352.6119402985075
gen: 8 best: 314.5 mean: 352.2691542288557
gen: 9 best: 314.5 mean: 352.1587064676617
gen: 10 best: 314.5 mean: 351.45124378109455
gen >11, new best = 310.900
gen: 11 best: 310.9 mean: 350.8970149253731
gen: 12 best: 310.9 mean: 349.7597014925373
gen: 13 best: 310.9 mean: 349.5621890547264
gen: 14 best: 310.9 mean: 349.2731343283582
gen: 15 best: 310.9 mean: 348.73532338308456
gen: 16 best: 310.9 mean: 347.8462686567164
gen: 17 best: 310.9 mean: 347.7820895522388
gen: 18 best: 310.9 mean: 347.53880597014927
gen: 19 best: 310.9 mean: 347.3805970149254
gen: 20 best: 310.9 mean: 347.1452736318408
gen: 21 best: 310.9 mean: 347.618407960199
gen: 22 best: 310.9 mean: 346.83781094527365
gen: 23 best: 310.9 mean: 346.4412935323383
gen >24, new best = 310.800
gen: 24 best: 310.8 mean: 345.69502487562187
gen: 25 best: 310.8 mean: 344.8686567164179
gen: 26 best: 310.8 mean: 345.1925373134328
gen: 27 best: 310.8 mean: 344.72786069651744
gen: 28 best: 310.8 mean: 344.6860696517413
gen: 29 best: 310.8 mean: 344.5278606965174
gen >30, new best = 306.600
gen: 30 best: 306.6 mean: 343.81243781094526
gen: 31 best: 306.6 mean: 343.63482587064675
gen >32, new best = 303.800
gen: 32 best: 303.8 mean: 342.6855721393035
gen: 33 best: 303.8 mean: 341.8313432835821
gen: 34 best: 303.8 mean: 342.2233830845771
gen: 35 best: 303.8 mean: 342.0681592039801
gen >36, new best = 303.300
gen: 36 best: 303.3 mean: 341.12039800995024
gen: 37 best: 303.3 mean: 340.9248756218905
gen: 38 best: 303.3 mean: 341.14228855721393
gen: 39 best: 303.3 mean: 340.54825870646766
gen: 40 best: 303.3 mean: 340.24626865671644
gen: 41 best: 303.3 mean: 339.30248756218907
gen: 42 best: 303.3 mean: 339.8313432835821
gen: 43 best: 303.3 mean: 339.19701492537314
gen: 44 best: 303.3 mean: 339.3517412935323
gen: 45 best: 303.3 mean: 338.7318407960199
gen: 46 best: 303.3 mean: 340.0049751243781
gen: 47 best: 303.3 mean: 339.1721393034826
gen >48, new best = 299.700
gen: 48 best: 299.7 mean: 338.20248756218905
gen: 49 best: 299.7 mean: 337.97363184079603
gen: 50 best: 299.7 mean: 338.0004975124378
gen: 51 best: 299.7 mean: 337.53930348258706
gen: 52 best: 299.7 mean: 337.66218905472635
gen: 53 best: 299.7 mean: 337.55223880597015
gen: 54 best: 299.7 mean: 336.6268656716418
gen: 55 best: 299.7 mean: 336.79800995024874
gen >56, new best = 298.600
gen: 56 best: 298.6 mean: 335.76268656716417
gen: 57 best: 298.6 mean: 336.1900497512438
gen: 58 best: 298.6 mean: 336.5134328358209
gen: 59 best: 298.6 mean: 336.7009950248756
gen: 60 best: 298.6 mean: 335.82885572139304
gen: 61 best: 298.6 mean: 335.70796019900496
gen: 62 best: 298.6 mean: 334.8258706467662
gen: 63 best: 298.6 mean: 335.181592039801
gen >64, new best = 297.900
gen: 64 best: 297.9 mean: 334.644776119403
gen: 65 best: 297.9 mean: 334.46965174129355
gen: 66 best: 297.9 mean: 334.65820895522387
gen: 67 best: 297.9 mean: 333.70199004975126
gen >68, new best = 297.300
gen: 68 best: 297.3 mean: 334.2034825870647
gen: 69 best: 297.3 mean: 334.2930348258706
gen: 70 best: 297.3 mean: 333.1323383084577
gen: 71 best: 297.3 mean: 333.53880597014927
gen: 72 best: 297.3 mean: 333.3144278606965
gen: 73 best: 297.3 mean: 333.6577114427861
gen: 74 best: 297.3 mean: 332.9487562189055
gen: 75 best: 297.3 mean: 332.6955223880597
gen: 76 best: 297.3 mean: 333.2124378109453
gen >77, new best = 286.200
gen: 77 best: 286.2 mean: 332.2875621890547
gen: 78 best: 286.2 mean: 333.0457711442786
gen: 79 best: 286.2 mean: 332.9139303482587
gen: 80 best: 286.2 mean: 332.2029850746269
gen: 81 best: 286.2 mean: 332.0293532338308
gen: 82 best: 286.2 mean: 331.51592039800994
gen: 83 best: 286.2 mean: 331.1865671641791
gen: 84 best: 286.2 mean: 332.3497512437811
gen: 85 best: 286.2 mean: 331.6577114427861
gen: 86 best: 286.2 mean: 332.2651741293532
gen: 87 best: 286.2 mean: 331.7049751243781
gen: 88 best: 286.2 mean: 331.4452736318408
gen: 89 best: 286.2 mean: 330.8149253731343
gen: 90 best: 286.2 mean: 331.07562189054727
gen: 91 best: 286.2 mean: 330.62388059701493
gen: 92 best: 286.2 mean: 330.9776119402985
gen: 93 best: 286.2 mean: 330.2965174129353
gen: 94 best: 286.2 mean: 329.5626865671642
gen: 95 best: 286.2 mean: 329.6
gen: 96 best: 286.2 mean: 330.80348258706465
gen: 97 best: 286.2 mean: 329.52835820895524
gen: 98 best: 286.2 mean: 329.6452736318408
gen: 99 best: 286.2 mean: 330.3860696517413
[8, 8, 8, 9, 8, 7, 10, 8, 8, 9, 7, 9, 7, 7, 8, 8, 7, 9, 8, 8, 10, 8, 9, 11, 8, 7, 7, 8, 9, 7, 11, 7, 10, 9, 8, 8, 9, 7, 8, 8, 8, 10, 9, 9, 8, 8]
Test count of edges: 1596
cat
