Defaulting to user installation because normal site-packages is not writeable
Looking in links: /cvmfs/soft.computecanada.ca/custom/python/wheelhouse/gentoo/avx2, /cvmfs/soft.computecanada.ca/custom/python/wheelhouse/gentoo/generic, /cvmfs/soft.computecanada.ca/custom/python/wheelhouse/generic
Requirement already satisfied: graphviz in /home/js17sy/.local/lib/python3.10/site-packages (0.20)
99; python ga.py 9 512N_graph9.dat 0.025 0.01 0.7 0.5 0.5 201 512N_graph9strictgen1rem70_ 257049
/project/6008788/js17sy/reopenga/512b/ga.py:291: DeprecationWarning: Sampling from a set deprecated
since Python 3.9 and will be removed in a subsequent version.
  child1 = set(random.sample(
gen >0, new best = 293.700
gen >0, new best = 280.700
gen >0, new best = 277.300
gen >0, new best = 273.600
gen >0, new best = 257.800
gen >0, new best = 257.500
gen >0, new best = 239.300
gen >0, new best = 223.600
gen: 0 best: 223.6 mean: 309.50771144278605
gen >1, new best = 193.800
gen: 1 best: 193.8 mean: 297.42437810945273
gen: 2 best: 193.8 mean: 297.6223880597015
gen: 3 best: 193.8 mean: 292.37960199004976
gen: 4 best: 193.8 mean: 287.9119402985075
gen: 5 best: 193.8 mean: 283.6577114427861
gen: 6 best: 193.8 mean: 274.2726368159204
gen: 7 best: 193.8 mean: 276.9134328358209
gen: 8 best: 193.8 mean: 275.03383084577115
gen >9, new best = 191.700
gen: 9 best: 191.7 mean: 268.2651741293532
gen >10, new best = 171.900
gen: 10 best: 171.9 mean: 267.8592039800995
gen: 11 best: 171.9 mean: 267.78855721393035
gen: 12 best: 171.9 mean: 258.9452736318408
gen: 13 best: 171.9 mean: 259.3686567164179
gen: 14 best: 171.9 mean: 256.9676616915423
gen: 15 best: 171.9 mean: 257.2945273631841
gen: 16 best: 171.9 mean: 255.0402985074627
gen: 17 best: 171.9 mean: 253.28507462686568
gen: 18 best: 171.9 mean: 251.7910447761194
gen: 19 best: 171.9 mean: 249.17810945273632
gen: 20 best: 171.9 mean: 247.35671641791043
gen: 21 best: 171.9 mean: 246.19552238805971
gen: 22 best: 171.9 mean: 243.71243781094526
gen: 23 best: 171.9 mean: 245.30547263681592
gen: 24 best: 171.9 mean: 243.855223880597
gen: 25 best: 171.9 mean: 241.70298507462687
gen: 26 best: 171.9 mean: 238.32736318407962
gen: 27 best: 171.9 mean: 241.87860696517413
gen: 28 best: 171.9 mean: 240.99353233830846
gen: 29 best: 171.9 mean: 238.7820895522388
gen: 30 best: 171.9 mean: 237.30149253731344
gen: 31 best: 171.9 mean: 239.81144278606965
gen: 32 best: 171.9 mean: 239.10945273631842
gen: 33 best: 171.9 mean: 235.73582089552238
gen: 34 best: 171.9 mean: 234.73582089552238
gen: 35 best: 171.9 mean: 233.94228855721394
gen: 36 best: 171.9 mean: 237.15124378109454
gen: 37 best: 171.9 mean: 233.47512437810946
gen: 38 best: 171.9 mean: 232.04925373134327
gen: 39 best: 171.9 mean: 235.5218905472637
gen: 40 best: 171.9 mean: 232.53383084577115
gen: 41 best: 171.9 mean: 231.70298507462687
gen: 42 best: 171.9 mean: 233.69552238805971
gen: 43 best: 171.9 mean: 233.84179104477613
gen: 44 best: 171.9 mean: 234.36865671641792
gen: 45 best: 171.9 mean: 235.2228855721393
gen: 46 best: 171.9 mean: 230.1502487562189
gen: 47 best: 171.9 mean: 233.53731343283582
gen: 48 best: 171.9 mean: 232.2233830845771
gen: 49 best: 171.9 mean: 231.73980099502486
gen: 50 best: 171.9 mean: 232.8582089552239
gen: 51 best: 171.9 mean: 229.7049751243781
gen: 52 best: 171.9 mean: 232.42587064676616
gen: 53 best: 171.9 mean: 230.91691542288558
gen: 54 best: 171.9 mean: 230.27412935323383
gen: 55 best: 171.9 mean: 231.69353233830844
gen: 56 best: 171.9 mean: 231.4358208955224
gen: 57 best: 171.9 mean: 227.55373134328357
gen: 58 best: 171.9 mean: 228.99800995024876
gen: 59 best: 171.9 mean: 228.6089552238806
gen: 60 best: 171.9 mean: 231.37860696517413
gen: 61 best: 171.9 mean: 229.30348258706468
gen: 62 best: 171.9 mean: 227.92935323383085
gen: 63 best: 171.9 mean: 225.99402985074627
gen: 64 best: 171.9 mean: 225.38606965174128
gen: 65 best: 171.9 mean: 228.57910447761193
gen: 66 best: 171.9 mean: 227.41442786069652
gen: 67 best: 171.9 mean: 226.62835820895523
gen: 68 best: 171.9 mean: 227.80646766169153
gen: 69 best: 171.9 mean: 228.3810945273632
gen: 70 best: 171.9 mean: 226.72487562189053
gen: 71 best: 171.9 mean: 226.0134328358209
gen: 72 best: 171.9 mean: 226.03880597014924
gen: 73 best: 171.9 mean: 227.75223880597014
gen: 74 best: 171.9 mean: 225.34328358208955
gen: 75 best: 171.9 mean: 224.65671641791045
gen: 76 best: 171.9 mean: 226.87412935323383
gen: 77 best: 171.9 mean: 223.10646766169154
gen: 78 best: 171.9 mean: 227.00746268656715
gen: 79 best: 171.9 mean: 224.70248756218905
gen: 80 best: 171.9 mean: 224.63432835820896
gen: 81 best: 171.9 mean: 223.12985074626866
gen: 82 best: 171.9 mean: 223.65970149253732
gen: 83 best: 171.9 mean: 223.83582089552237
gen: 84 best: 171.9 mean: 225.05771144278606
gen: 85 best: 171.9 mean: 222.71940298507462
gen: 86 best: 171.9 mean: 223.03084577114427
gen: 87 best: 171.9 mean: 223.48009950248755
gen: 88 best: 171.9 mean: 223.66965174129353
gen: 89 best: 171.9 mean: 222.12786069651742
gen: 90 best: 171.9 mean: 223.981592039801
gen: 91 best: 171.9 mean: 223.07910447761193
gen: 92 best: 171.9 mean: 223.83930348258707
gen: 93 best: 171.9 mean: 222.1865671641791
gen: 94 best: 171.9 mean: 223.44378109452737
gen: 95 best: 171.9 mean: 221.1218905472637
gen: 96 best: 171.9 mean: 222.6686567164179
gen: 97 best: 171.9 mean: 222.98756218905473
gen: 98 best: 171.9 mean: 220.75422885572138
gen: 99 best: 171.9 mean: 221.21691542288556
[9, 10, 12, 14, 10, 9, 12, 11, 11, 9, 9, 10, 11, 11, 11, 12, 10, 5, 10, 8, 12, 9, 10, 10, 10, 11, 14, 3, 10, 12, 12, 9, 12, 10, 9, 10, 7, 9, 13, 10, 12, 11, 12, 10, 11]
Test count of edges: 947
cat
