Defaulting to user installation because normal site-packages is not writeable
Looking in links: /cvmfs/soft.computecanada.ca/custom/python/wheelhouse/gentoo/avx2, /cvmfs/soft.computecanada.ca/custom/python/wheelhouse/gentoo/generic, /cvmfs/soft.computecanada.ca/custom/python/wheelhouse/generic
Requirement already satisfied: graphviz in /home/js17sy/.local/lib/python3.10/site-packages (0.20)
23; python ga.py 9 512N_graph9.dat 0.025 0.01 0.5 0.5 0.5 201 512N_graph9strictgen1rem50_ 656903
/project/6008788/js17sy/reopenga/512b/ga.py:291: DeprecationWarning: Sampling from a set deprecated
since Python 3.9 and will be removed in a subsequent version.
  child1 = set(random.sample(
gen >0, new best = 301.600
gen >0, new best = 299.900
gen >0, new best = 298.500
gen >0, new best = 297.800
gen >0, new best = 283.300
gen >0, new best = 266.600
gen: 0 best: 266.6 mean: 312.3281094527363
gen: 1 best: 266.6 mean: 312.5278606965174
gen: 2 best: 266.6 mean: 311.8865671641791
gen: 3 best: 266.6 mean: 310.6855721393035
gen: 4 best: 266.6 mean: 309.381592039801
gen: 5 best: 266.6 mean: 309.93482587064676
gen >6, new best = 261.500
gen: 6 best: 261.5 mean: 309.53880597014927
gen: 7 best: 261.5 mean: 307.755223880597
gen: 8 best: 261.5 mean: 306.70646766169153
gen: 9 best: 261.5 mean: 307.5238805970149
gen: 10 best: 261.5 mean: 307.4373134328358
gen: 11 best: 261.5 mean: 307.37014925373137
gen: 12 best: 261.5 mean: 306.0935323383085
gen: 13 best: 261.5 mean: 305.1497512437811
gen: 14 best: 261.5 mean: 305.2069651741293
gen: 15 best: 261.5 mean: 304.8318407960199
gen: 16 best: 261.5 mean: 304.30099502487565
gen: 17 best: 261.5 mean: 303.7641791044776
gen: 18 best: 261.5 mean: 303.45721393034825
gen: 19 best: 261.5 mean: 302.8457711442786
gen: 20 best: 261.5 mean: 302.9363184079602
gen: 21 best: 261.5 mean: 301.50646766169154
gen: 22 best: 261.5 mean: 301.5771144278607
gen >23, new best = 260.900
gen >23, new best = 259.000
gen: 23 best: 259.0 mean: 300.7945273631841
gen: 24 best: 259.0 mean: 301.21194029850744
gen >25, new best = 255.500
gen: 25 best: 255.5 mean: 300.4273631840796
gen: 26 best: 255.5 mean: 300.7542288557214
gen: 27 best: 255.5 mean: 300.5492537313433
gen: 28 best: 255.5 mean: 299.1905472636816
gen: 29 best: 255.5 mean: 299.0268656716418
gen: 30 best: 255.5 mean: 298.28457711442786
gen: 31 best: 255.5 mean: 298.57960199004975
gen: 32 best: 255.5 mean: 297.2009950248756
gen: 33 best: 255.5 mean: 296.4985074626866
gen: 34 best: 255.5 mean: 295.8059701492537
gen: 35 best: 255.5 mean: 295.1243781094527
gen: 36 best: 255.5 mean: 294.42587064676616
gen: 37 best: 255.5 mean: 294.40696517412937
gen: 38 best: 255.5 mean: 294.47363184079603
gen: 39 best: 255.5 mean: 293.9646766169154
gen: 40 best: 255.5 mean: 294.05273631840794
gen: 41 best: 255.5 mean: 293.87860696517413
gen: 42 best: 255.5 mean: 293.0328358208955
gen: 43 best: 255.5 mean: 292.2407960199005
gen: 44 best: 255.5 mean: 290.9577114427861
gen: 45 best: 255.5 mean: 292.1407960199005
gen: 46 best: 255.5 mean: 291.66965174129353
gen: 47 best: 255.5 mean: 291.5855721393035
gen: 48 best: 255.5 mean: 290.35671641791043
gen: 49 best: 255.5 mean: 290.42437810945273
gen: 50 best: 255.5 mean: 290.16169154228857
gen: 51 best: 255.5 mean: 290.35621890547264
gen: 52 best: 255.5 mean: 289.0721393034826
gen: 53 best: 255.5 mean: 290.03781094527363
gen >54, new best = 252.500
gen: 54 best: 252.5 mean: 289.06666666666666
gen: 55 best: 252.5 mean: 289.6900497512438
gen: 56 best: 252.5 mean: 288.98805970149255
gen: 57 best: 252.5 mean: 288.0696517412935
gen: 58 best: 252.5 mean: 288.47164179104476
gen: 59 best: 252.5 mean: 288.27910447761195
gen: 60 best: 252.5 mean: 288.34278606965177
gen: 61 best: 252.5 mean: 287.6756218905473
gen: 62 best: 252.5 mean: 288.036815920398
gen >63, new best = 250.100
gen: 63 best: 250.1 mean: 287.4213930348259
gen: 64 best: 250.1 mean: 287.5636815920398
gen: 65 best: 250.1 mean: 286.8502487562189
gen: 66 best: 250.1 mean: 286.2601990049751
gen: 67 best: 250.1 mean: 286.69850746268656
gen: 68 best: 250.1 mean: 286.2034825870647
gen: 69 best: 250.1 mean: 285.8572139303483
gen: 70 best: 250.1 mean: 285.7497512437811
gen: 71 best: 250.1 mean: 285.7507462686567
gen: 72 best: 250.1 mean: 285.692039800995
gen: 73 best: 250.1 mean: 284.763184079602
gen: 74 best: 250.1 mean: 284.62537313432836
gen: 75 best: 250.1 mean: 284.1945273631841
gen: 76 best: 250.1 mean: 284.2855721393035
gen: 77 best: 250.1 mean: 284.4084577114428
gen >78, new best = 244.100
gen: 78 best: 244.1 mean: 284.15820895522387
gen: 79 best: 244.1 mean: 284.52487562189054
gen: 80 best: 244.1 mean: 283.9597014925373
gen: 81 best: 244.1 mean: 284.04328358208954
gen: 82 best: 244.1 mean: 283.31542288557216
gen: 83 best: 244.1 mean: 283.92985074626864
gen: 84 best: 244.1 mean: 283.66517412935326
gen: 85 best: 244.1 mean: 283.09303482587063
gen: 86 best: 244.1 mean: 283.30696517412935
gen: 87 best: 244.1 mean: 283.4467661691542
gen: 88 best: 244.1 mean: 283.97960199004973
gen: 89 best: 244.1 mean: 284.2437810945274
gen: 90 best: 244.1 mean: 283.073631840796
gen: 91 best: 244.1 mean: 282.96417910447764
gen: 92 best: 244.1 mean: 283.09800995024875
gen: 93 best: 244.1 mean: 282.1029850746269
gen: 94 best: 244.1 mean: 281.40547263681594
gen: 95 best: 244.1 mean: 281.2542288557214
gen: 96 best: 244.1 mean: 281.9507462686567
gen: 97 best: 244.1 mean: 281.5860696517413
gen: 98 best: 244.1 mean: 280.6452736318408
gen: 99 best: 244.1 mean: 280.87611940298507
[11, 9, 10, 10, 12, 11, 10, 13, 12, 11, 11, 9, 9, 10, 11, 9, 11, 10, 9, 12, 12, 12, 10, 13, 11, 10, 11, 9, 12, 11, 11, 12, 10, 12, 12, 11, 12, 10, 14, 10, 12, 11, 11, 12, 11, 11, 12]
Test count of edges: 1609
cat
