Defaulting to user installation because normal site-packages is not writeable
Looking in links: /cvmfs/soft.computecanada.ca/custom/python/wheelhouse/gentoo/avx2, /cvmfs/soft.computecanada.ca/custom/python/wheelhouse/gentoo/generic, /cvmfs/soft.computecanada.ca/custom/python/wheelhouse/generic
Requirement already satisfied: graphviz in /home/js17sy/.local/lib/python3.10/site-packages (0.20)
497; python ga.py 9 512N_graph9.dat 0.075 0.03 0.7 0.7 0.3 201 512N_graph9laxgen2rem70_ 485537
/project/6008788/js17sy/reopenga/512b/ga.py:291: DeprecationWarning: Sampling from a set deprecated
since Python 3.9 and will be removed in a subsequent version.
  child1 = set(random.sample(
gen >0, new best = 310.600
gen >0, new best = 301.200
gen >0, new best = 300.100
gen >0, new best = 293.000
gen >0, new best = 289.300
gen >0, new best = 283.800
gen: 0 best: 283.8 mean: 321.1256218905473
gen >1, new best = 271.400
gen: 1 best: 271.4 mean: 317.35671641791043
gen >2, new best = 256.900
gen: 2 best: 256.9 mean: 317.5169154228856
gen: 3 best: 256.9 mean: 315.00995024875624
gen: 4 best: 256.9 mean: 312.59402985074627
gen >5, new best = 246.500
gen: 5 best: 246.5 mean: 310.0601990049751
gen: 6 best: 246.5 mean: 310.1194029850746
gen: 7 best: 246.5 mean: 309.80497512437813
gen: 8 best: 246.5 mean: 308.6303482587065
gen: 9 best: 246.5 mean: 306.9890547263682
gen: 10 best: 246.5 mean: 304.94378109452737
gen: 11 best: 246.5 mean: 303.6323383084577
gen: 12 best: 246.5 mean: 303.03880597014927
gen: 13 best: 246.5 mean: 300.30099502487565
gen: 14 best: 246.5 mean: 300.50995024875624
gen: 15 best: 246.5 mean: 297.9174129353234
gen: 16 best: 246.5 mean: 295.4820895522388
gen: 17 best: 246.5 mean: 296.0477611940299
gen: 18 best: 246.5 mean: 293.65820895522387
gen: 19 best: 246.5 mean: 294.0910447761194
gen: 20 best: 246.5 mean: 293.56716417910445
gen: 21 best: 246.5 mean: 291.70298507462684
gen: 22 best: 246.5 mean: 290.9522388059701
gen: 23 best: 246.5 mean: 290.11442786069654
gen: 24 best: 246.5 mean: 288.81592039800995
gen: 25 best: 246.5 mean: 287.8686567164179
gen: 26 best: 246.5 mean: 286.40796019900495
gen: 27 best: 246.5 mean: 287.0965174129353
gen: 28 best: 246.5 mean: 284.22437810945274
gen: 29 best: 246.5 mean: 286.30646766169156
gen: 30 best: 246.5 mean: 284.80099502487565
gen: 31 best: 246.5 mean: 284.8865671641791
gen: 32 best: 246.5 mean: 283.263184079602
gen: 33 best: 246.5 mean: 283.87412935323385
gen: 34 best: 246.5 mean: 282.8059701492537
gen: 35 best: 246.5 mean: 282.79203980099504
gen: 36 best: 246.5 mean: 282.5258706467662
gen: 37 best: 246.5 mean: 283.00298507462685
gen: 38 best: 246.5 mean: 282.42935323383085
gen: 39 best: 246.5 mean: 281.2686567164179
gen >40, new best = 243.900
gen >40, new best = 242.500
gen: 40 best: 242.5 mean: 280.1427860696517
gen: 41 best: 242.5 mean: 281.7343283582089
gen: 42 best: 242.5 mean: 282.02288557213933
gen: 43 best: 242.5 mean: 281.2313432835821
gen: 44 best: 242.5 mean: 280.2124378109453
gen: 45 best: 242.5 mean: 279.0437810945274
gen: 46 best: 242.5 mean: 279.0407960199005
gen: 47 best: 242.5 mean: 280.00796019900497
gen: 48 best: 242.5 mean: 278.410447761194
gen: 49 best: 242.5 mean: 278.6412935323383
gen >50, new best = 241.500
gen: 50 best: 241.5 mean: 278.5542288557214
gen: 51 best: 241.5 mean: 277.68805970149253
gen: 52 best: 241.5 mean: 276.2965174129353
gen: 53 best: 241.5 mean: 275.42587064676616
gen >54, new best = 229.800
gen: 54 best: 229.8 mean: 277.3731343283582
gen: 55 best: 229.8 mean: 277.5089552238806
gen: 56 best: 229.8 mean: 277.3363184079602
gen: 57 best: 229.8 mean: 276.5547263681592
gen: 58 best: 229.8 mean: 276.3054726368159
gen: 59 best: 229.8 mean: 275.7034825870647
gen: 60 best: 229.8 mean: 276.69751243781093
gen: 61 best: 229.8 mean: 276.7034825870647
gen: 62 best: 229.8 mean: 276.7945273631841
gen: 63 best: 229.8 mean: 276.6303482587065
gen: 64 best: 229.8 mean: 274.68457711442784
gen: 65 best: 229.8 mean: 275.43482587064676
gen: 66 best: 229.8 mean: 274.7034825870647
gen: 67 best: 229.8 mean: 274.5139303482587
gen: 68 best: 229.8 mean: 272.7144278606965
gen: 69 best: 229.8 mean: 273.6955223880597
gen: 70 best: 229.8 mean: 275.0507462686567
gen: 71 best: 229.8 mean: 272.70049751243783
gen >72, new best = 220.200
gen: 72 best: 220.2 mean: 273.7766169154229
gen: 73 best: 220.2 mean: 274.9691542288557
gen: 74 best: 220.2 mean: 272.60746268656715
gen: 75 best: 220.2 mean: 275.8059701492537
gen: 76 best: 220.2 mean: 274.3537313432836
gen: 77 best: 220.2 mean: 273.50099502487564
gen: 78 best: 220.2 mean: 272.44278606965173
gen: 79 best: 220.2 mean: 272.99900497512436
gen: 80 best: 220.2 mean: 273.16019900497514
gen: 81 best: 220.2 mean: 273.1393034825871
gen: 82 best: 220.2 mean: 272.57412935323384
gen: 83 best: 220.2 mean: 271.5606965174129
gen: 84 best: 220.2 mean: 272.3402985074627
gen: 85 best: 220.2 mean: 271.5786069651741
gen: 86 best: 220.2 mean: 272.9273631840796
gen: 87 best: 220.2 mean: 273.75920398009947
gen: 88 best: 220.2 mean: 273.15621890547266
gen: 89 best: 220.2 mean: 272.07910447761196
gen: 90 best: 220.2 mean: 273.23532338308456
gen: 91 best: 220.2 mean: 272.618407960199
gen: 92 best: 220.2 mean: 270.92985074626864
gen: 93 best: 220.2 mean: 271.4776119402985
gen: 94 best: 220.2 mean: 272.8318407960199
gen: 95 best: 220.2 mean: 272.16517412935326
gen: 96 best: 220.2 mean: 274.64776119402984
gen: 97 best: 220.2 mean: 273.04875621890545
gen: 98 best: 220.2 mean: 273.5129353233831
gen: 99 best: 220.2 mean: 272.5845771144279
[7, 8, 9, 8, 8, 8, 9, 8, 9, 8, 8, 7, 7, 8, 8, 7, 8, 11, 9, 9, 8, 7, 10, 9, 8, 7, 8, 9, 7, 8, 7, 7, 7, 10, 8, 9, 9, 7, 7, 7, 9, 7, 8, 10, 7, 10, 8, 8, 7]
Test count of edges: 968
cat
