Defaulting to user installation because normal site-packages is not writeable
Looking in links: /cvmfs/soft.computecanada.ca/custom/python/wheelhouse/gentoo/avx2, /cvmfs/soft.computecanada.ca/custom/python/wheelhouse/gentoo/generic, /cvmfs/soft.computecanada.ca/custom/python/wheelhouse/generic
Requirement already satisfied: graphviz in /home/js17sy/.local/lib/python3.10/site-packages (0.20)
613; python ga.py 9 512N_graph9.dat 0.1 0.04 0.5 0.9 0.1 201 512N_graph9leerygen3rem50_ 371293
/project/6008788/js17sy/reopenga/512b/ga.py:291: DeprecationWarning: Sampling from a set deprecated
since Python 3.9 and will be removed in a subsequent version.
  child1 = set(random.sample(
gen >0, new best = 351.900
gen >0, new best = 344.900
gen >0, new best = 343.000
gen: 0 best: 343.0 mean: 356.21492537313435
gen >1, new best = 341.800
gen: 1 best: 341.8 mean: 356.4636815920398
gen >2, new best = 340.900
gen >2, new best = 340.400
gen >2, new best = 326.400
gen: 2 best: 326.4 mean: 355.02089552238806
gen >3, new best = 323.200
gen: 3 best: 323.2 mean: 354.00995024875624
gen: 4 best: 323.2 mean: 354.5313432835821
gen: 5 best: 323.2 mean: 353.98955223880597
gen: 6 best: 323.2 mean: 353.12189054726366
gen: 7 best: 323.2 mean: 352.24825870646765
gen: 8 best: 323.2 mean: 352.8044776119403
gen >9, new best = 315.800
gen: 9 best: 315.8 mean: 351.52636815920397
gen >10, new best = 307.600
gen: 10 best: 307.6 mean: 350.82089552238807
gen: 11 best: 307.6 mean: 350.0293532338309
gen: 12 best: 307.6 mean: 349.9462686567164
gen: 13 best: 307.6 mean: 349.1482587064677
gen: 14 best: 307.6 mean: 348.5089552238806
gen: 15 best: 307.6 mean: 348.1885572139303
gen: 16 best: 307.6 mean: 348.5383084577114
gen: 17 best: 307.6 mean: 347.4417910447761
gen: 18 best: 307.6 mean: 346.9910447761194
gen: 19 best: 307.6 mean: 345.9547263681592
gen: 20 best: 307.6 mean: 345.926368159204
gen: 21 best: 307.6 mean: 345.52835820895524
gen: 22 best: 307.6 mean: 345.46666666666664
gen: 23 best: 307.6 mean: 345.34875621890546
gen: 24 best: 307.6 mean: 344.91592039801
gen: 25 best: 307.6 mean: 343.8721393034826
gen: 26 best: 307.6 mean: 343.6039800995025
gen: 27 best: 307.6 mean: 343.4273631840796
gen: 28 best: 307.6 mean: 343.07412935323384
gen: 29 best: 307.6 mean: 343.4865671641791
gen: 30 best: 307.6 mean: 342.59452736318406
gen: 31 best: 307.6 mean: 342.3412935323383
gen: 32 best: 307.6 mean: 341.9646766169154
gen: 33 best: 307.6 mean: 341.28905472636814
gen: 34 best: 307.6 mean: 340.33233830845774
gen: 35 best: 307.6 mean: 339.79402985074626
gen >36, new best = 297.900
gen: 36 best: 297.9 mean: 339.36517412935325
gen: 37 best: 297.9 mean: 339.8144278606965
gen: 38 best: 297.9 mean: 339.33482587064674
gen: 39 best: 297.9 mean: 338.6830845771144
gen: 40 best: 297.9 mean: 337.3089552238806
gen: 41 best: 297.9 mean: 337.9497512437811
gen >42, new best = 292.200
gen: 42 best: 292.2 mean: 338.21144278606965
gen: 43 best: 292.2 mean: 337.33830845771143
gen: 44 best: 292.2 mean: 336.79402985074626
gen: 45 best: 292.2 mean: 336.8358208955224
gen: 46 best: 292.2 mean: 335.82935323383083
gen: 47 best: 292.2 mean: 336.0845771144279
gen: 48 best: 292.2 mean: 335.56716417910445
gen: 49 best: 292.2 mean: 335.7716417910448
gen: 50 best: 292.2 mean: 336.073631840796
gen: 51 best: 292.2 mean: 334.49751243781094
gen: 52 best: 292.2 mean: 334.13283582089554
gen: 53 best: 292.2 mean: 334.44825870646764
gen: 54 best: 292.2 mean: 333.9323383084577
gen: 55 best: 292.2 mean: 333.11641791044775
gen: 56 best: 292.2 mean: 332.8089552238806
gen: 57 best: 292.2 mean: 333.2457711442786
gen: 58 best: 292.2 mean: 333.463184079602
gen: 59 best: 292.2 mean: 332.47960199004973
gen: 60 best: 292.2 mean: 332.1303482587065
gen: 61 best: 292.2 mean: 332.46069651741294
gen: 62 best: 292.2 mean: 331.0865671641791
gen: 63 best: 292.2 mean: 330.76119402985074
gen: 64 best: 292.2 mean: 330.7716417910448
gen: 65 best: 292.2 mean: 330.9134328358209
gen: 66 best: 292.2 mean: 330.93930348258704
gen: 67 best: 292.2 mean: 330.03034825870645
gen: 68 best: 292.2 mean: 329.644776119403
gen: 69 best: 292.2 mean: 330.0641791044776
gen >70, new best = 286.200
gen: 70 best: 286.2 mean: 329.66567164179105
gen: 71 best: 286.2 mean: 329.47910447761194
gen: 72 best: 286.2 mean: 330.22487562189053
gen: 73 best: 286.2 mean: 329.86218905472634
gen: 74 best: 286.2 mean: 329.44825870646764
gen: 75 best: 286.2 mean: 328.8537313432836
gen: 76 best: 286.2 mean: 329.5238805970149
gen: 77 best: 286.2 mean: 329.27611940298505
gen: 78 best: 286.2 mean: 328.5169154228856
gen: 79 best: 286.2 mean: 328.4412935323383
gen: 80 best: 286.2 mean: 327.97562189054725
gen: 81 best: 286.2 mean: 328.45522388059703
gen: 82 best: 286.2 mean: 328.33830845771143
gen: 83 best: 286.2 mean: 327.4044776119403
gen: 84 best: 286.2 mean: 327.0731343283582
gen: 85 best: 286.2 mean: 327.4139303482587
gen: 86 best: 286.2 mean: 327.58507462686566
gen: 87 best: 286.2 mean: 326.7671641791045
gen: 88 best: 286.2 mean: 327.1587064676617
gen: 89 best: 286.2 mean: 326.31393034825874
gen: 90 best: 286.2 mean: 326.0363184079602
gen: 91 best: 286.2 mean: 327.24776119402986
gen: 92 best: 286.2 mean: 326.4492537313433
gen: 93 best: 286.2 mean: 326.2159203980099
gen: 94 best: 286.2 mean: 326.2582089552239
gen: 95 best: 286.2 mean: 325.10646766169157
gen: 96 best: 286.2 mean: 325.79353233830847
gen: 97 best: 286.2 mean: 324.7323383084577
gen: 98 best: 286.2 mean: 324.04825870646766
gen: 99 best: 286.2 mean: 325.2761194029851
[9, 7, 7, 9, 8, 8, 8, 8, 8, 7, 9, 8, 7, 10, 8, 9, 9, 8, 9, 8, 8, 8, 7, 7, 7, 7, 7, 9, 8, 10, 8, 7, 10, 7, 7, 8, 9, 9, 9, 8, 8, 7, 7, 8, 8, 8, 10]
Test count of edges: 1582
cat
