Defaulting to user installation because normal site-packages is not writeable
Looking in links: /cvmfs/soft.computecanada.ca/custom/python/wheelhouse/gentoo/avx2, /cvmfs/soft.computecanada.ca/custom/python/wheelhouse/gentoo/generic, /cvmfs/soft.computecanada.ca/custom/python/wheelhouse/generic
Requirement already satisfied: graphviz in /home/js17sy/.local/lib/python3.10/site-packages (0.20)
258; python ga.py 9 512N_graph9.dat 0.05 0.02 0.5 0.9 0.1 201 512N_graph9mediumgen3rem50_ 514098
/project/6008788/js17sy/reopenga/512b/ga.py:291: DeprecationWarning: Sampling from a set deprecated
since Python 3.9 and will be removed in a subsequent version.
  child1 = set(random.sample(
gen >0, new best = 321.100
gen >0, new best = 317.600
gen >0, new best = 314.000
gen >0, new best = 311.900
gen >0, new best = 310.800
gen: 0 best: 310.8 mean: 328.3094527363184
gen >1, new best = 277.200
gen: 1 best: 277.2 mean: 327.7014925373134
gen: 2 best: 277.2 mean: 327.30497512437813
gen: 3 best: 277.2 mean: 326.33980099502486
gen: 4 best: 277.2 mean: 325.1318407960199
gen: 5 best: 277.2 mean: 323.9905472636816
gen: 6 best: 277.2 mean: 323.4960199004975
gen: 7 best: 277.2 mean: 322.8278606965174
gen: 8 best: 277.2 mean: 322.8915422885572
gen: 9 best: 277.2 mean: 322.02537313432833
gen: 10 best: 277.2 mean: 320.42537313432837
gen: 11 best: 277.2 mean: 321.0318407960199
gen: 12 best: 277.2 mean: 320.1995024875622
gen: 13 best: 277.2 mean: 319.7726368159204
gen: 14 best: 277.2 mean: 318.7676616915423
gen: 15 best: 277.2 mean: 317.80696517412935
gen: 16 best: 277.2 mean: 316.92885572139306
gen: 17 best: 277.2 mean: 316.31094527363183
gen: 18 best: 277.2 mean: 317.10149253731345
gen: 19 best: 277.2 mean: 315.10746268656715
gen: 20 best: 277.2 mean: 315.32686567164177
gen: 21 best: 277.2 mean: 314.1960199004975
gen: 22 best: 277.2 mean: 312.2601990049751
gen: 23 best: 277.2 mean: 312.2049751243781
gen: 24 best: 277.2 mean: 311.61641791044775
gen: 25 best: 277.2 mean: 310.5497512437811
gen: 26 best: 277.2 mean: 309.5278606965174
gen >27, new best = 274.900
gen: 27 best: 274.9 mean: 308.2328358208955
gen: 28 best: 274.9 mean: 308.4726368159204
gen: 29 best: 274.9 mean: 307.5786069651741
gen: 30 best: 274.9 mean: 307.0592039800995
gen: 31 best: 274.9 mean: 306.54825870646766
gen: 32 best: 274.9 mean: 304.9308457711443
gen: 33 best: 274.9 mean: 305.0417910447761
gen >34, new best = 271.800
gen: 34 best: 271.8 mean: 303.31194029850747
gen: 35 best: 271.8 mean: 303.0179104477612
gen: 36 best: 271.8 mean: 302.3845771144279
gen: 37 best: 271.8 mean: 302.34726368159204
gen: 38 best: 271.8 mean: 302.9223880597015
gen: 39 best: 271.8 mean: 301.1467661691542
gen: 40 best: 271.8 mean: 301.89353233830843
gen: 41 best: 271.8 mean: 299.4671641791045
gen: 42 best: 271.8 mean: 300.35074626865674
gen: 43 best: 271.8 mean: 299.3537313432836
gen: 44 best: 271.8 mean: 299.48059701492537
gen >45, new best = 265.000
gen: 45 best: 265.0 mean: 298.83084577114425
gen: 46 best: 265.0 mean: 298.62189054726366
gen: 47 best: 265.0 mean: 297.4681592039801
gen: 48 best: 265.0 mean: 297.28656716417913
gen: 49 best: 265.0 mean: 296.6537313432836
gen: 50 best: 265.0 mean: 296.20199004975126
gen: 51 best: 265.0 mean: 295.4139303482587
gen: 52 best: 265.0 mean: 296.0233830845771
gen: 53 best: 265.0 mean: 295.03930348258706
gen: 54 best: 265.0 mean: 295.0542288557214
gen: 55 best: 265.0 mean: 295.40597014925373
gen: 56 best: 265.0 mean: 295.38756218905473
gen: 57 best: 265.0 mean: 294.21691542288556
gen: 58 best: 265.0 mean: 294.9562189054726
gen >59, new best = 260.600
gen: 59 best: 260.6 mean: 292.18358208955226
gen: 60 best: 260.6 mean: 293.39452736318407
gen >61, new best = 258.800
gen >61, new best = 253.000
gen: 61 best: 253.0 mean: 292.2407960199005
gen: 62 best: 253.0 mean: 292.9547263681592
gen: 63 best: 253.0 mean: 292.281592039801
gen: 64 best: 253.0 mean: 292.6044776119403
gen: 65 best: 253.0 mean: 293.03930348258706
gen: 66 best: 253.0 mean: 291.82487562189056
gen: 67 best: 253.0 mean: 291.31094527363183
gen: 68 best: 253.0 mean: 290.9358208955224
gen >69, new best = 245.300
gen: 69 best: 245.3 mean: 290.6243781094527
gen: 70 best: 245.3 mean: 290.4407960199005
gen: 71 best: 245.3 mean: 290.0691542288557
gen: 72 best: 245.3 mean: 290.96069651741294
gen: 73 best: 245.3 mean: 289.97960199004973
gen: 74 best: 245.3 mean: 289.2955223880597
gen: 75 best: 245.3 mean: 289.163184079602
gen: 76 best: 245.3 mean: 289.52437810945275
gen: 77 best: 245.3 mean: 289.7597014925373
gen: 78 best: 245.3 mean: 288.77512437810947
gen: 79 best: 245.3 mean: 288.60895522388057
gen: 80 best: 245.3 mean: 289.0512437810945
gen: 81 best: 245.3 mean: 287.78308457711444
gen: 82 best: 245.3 mean: 288.1049751243781
gen: 83 best: 245.3 mean: 289.271144278607
gen: 84 best: 245.3 mean: 287.84328358208955
gen: 85 best: 245.3 mean: 288.4134328358209
gen: 86 best: 245.3 mean: 287.1154228855721
gen: 87 best: 245.3 mean: 287.9810945273632
gen: 88 best: 245.3 mean: 286.6597014925373
gen: 89 best: 245.3 mean: 287.7835820895522
gen: 90 best: 245.3 mean: 286.19751243781093
gen: 91 best: 245.3 mean: 286.18407960199005
gen: 92 best: 245.3 mean: 285.89800995024876
gen: 93 best: 245.3 mean: 286.4671641791045
gen: 94 best: 245.3 mean: 286.49900497512436
gen: 95 best: 245.3 mean: 285.7437810945274
gen: 96 best: 245.3 mean: 286.83980099502486
gen: 97 best: 245.3 mean: 286.844776119403
gen: 98 best: 245.3 mean: 286.3278606965174
gen: 99 best: 245.3 mean: 285.27562189054726
[9, 8, 11, 9, 10, 10, 8, 9, 9, 11, 10, 10, 9, 9, 11, 10, 10, 12, 8, 11, 10, 9, 11, 9, 11, 10, 8, 9, 8, 9, 11, 10, 10, 10, 9, 9, 11, 12, 9, 8, 11, 10, 9, 12, 11, 11, 8, 10, 9]
Test count of edges: 1580
cat
