Defaulting to user installation because normal site-packages is not writeable
Looking in links: /cvmfs/soft.computecanada.ca/custom/python/wheelhouse/gentoo/avx2, /cvmfs/soft.computecanada.ca/custom/python/wheelhouse/gentoo/generic, /cvmfs/soft.computecanada.ca/custom/python/wheelhouse/generic
Requirement already satisfied: graphviz in /home/js17sy/.local/lib/python3.10/site-packages (0.20)
328; python ga.py 9 512N_graph9.dat 0.05 0.02 0.7 0.7 0.3 201 512N_graph9mediumgen2rem70_ 799708
/project/6008788/js17sy/reopenga/512b/ga.py:291: DeprecationWarning: Sampling from a set deprecated
since Python 3.9 and will be removed in a subsequent version.
  child1 = set(random.sample(
gen >0, new best = 304.300
gen >0, new best = 303.900
gen >0, new best = 289.600
gen >0, new best = 264.700
gen >0, new best = 263.000
gen >0, new best = 259.400
gen: 0 best: 259.4 mean: 312.210447761194
gen >1, new best = 248.100
gen: 1 best: 248.1 mean: 306.09402985074627
gen >2, new best = 246.000
gen: 2 best: 246.0 mean: 303.9547263681592
gen >3, new best = 244.300
gen: 3 best: 244.3 mean: 298.892039800995
gen: 4 best: 244.3 mean: 298.3865671641791
gen >5, new best = 240.700
gen: 5 best: 240.7 mean: 295.54875621890545
gen: 6 best: 240.7 mean: 291.40796019900495
gen: 7 best: 240.7 mean: 292.0144278606965
gen: 8 best: 240.7 mean: 287.62189054726366
gen: 9 best: 240.7 mean: 285.45870646766167
gen: 10 best: 240.7 mean: 283.14776119402984
gen >11, new best = 240.400
gen >11, new best = 235.300
gen: 11 best: 235.3 mean: 282.03930348258706
gen: 12 best: 235.3 mean: 282.19303482587065
gen >13, new best = 234.400
gen: 13 best: 234.4 mean: 278.8915422885572
gen >14, new best = 231.900
gen: 14 best: 231.9 mean: 275.881592039801
gen: 15 best: 231.9 mean: 279.089552238806
gen: 16 best: 231.9 mean: 276.5328358208955
gen: 17 best: 231.9 mean: 275.23034825870644
gen: 18 best: 231.9 mean: 275.47960199004973
gen: 19 best: 231.9 mean: 273.934328358209
gen >20, new best = 230.500
gen >20, new best = 229.400
gen: 20 best: 229.4 mean: 272.45522388059703
gen: 21 best: 229.4 mean: 272.81592039800995
gen >22, new best = 225.700
gen: 22 best: 225.7 mean: 269.63432835820896
gen: 23 best: 225.7 mean: 268.34676616915425
gen: 24 best: 225.7 mean: 265.41094527363185
gen: 25 best: 225.7 mean: 265.2124378109453
gen >26, new best = 224.800
gen: 26 best: 224.8 mean: 264.03582089552236
gen >27, new best = 222.700
gen: 27 best: 222.7 mean: 261.70796019900496
gen: 28 best: 222.7 mean: 263.6825870646766
gen: 29 best: 222.7 mean: 264.6721393034826
gen >30, new best = 215.600
gen: 30 best: 215.6 mean: 263.3641791044776
gen: 31 best: 215.6 mean: 262.0
gen: 32 best: 215.6 mean: 263.35771144278607
gen: 33 best: 215.6 mean: 263.33383084577116
gen >34, new best = 207.800
gen: 34 best: 207.8 mean: 261.34776119402983
gen: 35 best: 207.8 mean: 261.9179104477612
gen: 36 best: 207.8 mean: 260.2457711442786
gen: 37 best: 207.8 mean: 258.87860696517413
gen: 38 best: 207.8 mean: 260.4034825870647
gen: 39 best: 207.8 mean: 258.44029850746267
gen: 40 best: 207.8 mean: 256.3407960199005
gen: 41 best: 207.8 mean: 257.9781094527363
gen: 42 best: 207.8 mean: 257.9651741293532
gen: 43 best: 207.8 mean: 257.7348258706468
gen: 44 best: 207.8 mean: 255.74378109452735
gen: 45 best: 207.8 mean: 255.93930348258706
gen: 46 best: 207.8 mean: 254.43532338308458
gen: 47 best: 207.8 mean: 253.69303482587065
gen: 48 best: 207.8 mean: 255.52935323383085
gen: 49 best: 207.8 mean: 252.54825870646766
gen >50, new best = 206.200
gen: 50 best: 206.2 mean: 252.62437810945275
gen: 51 best: 206.2 mean: 250.90646766169155
gen: 52 best: 206.2 mean: 251.7955223880597
gen: 53 best: 206.2 mean: 252.92935323383085
gen: 54 best: 206.2 mean: 253.3407960199005
gen: 55 best: 206.2 mean: 251.92636815920397
gen: 56 best: 206.2 mean: 250.72437810945274
gen: 57 best: 206.2 mean: 250.43980099502488
gen: 58 best: 206.2 mean: 250.68059701492538
gen: 59 best: 206.2 mean: 250.91243781094528
gen >60, new best = 202.500
gen: 60 best: 202.5 mean: 249.4597014925373
gen: 61 best: 202.5 mean: 248.2537313432836
gen: 62 best: 202.5 mean: 248.5676616915423
gen: 63 best: 202.5 mean: 250.35024875621892
gen: 64 best: 202.5 mean: 250.1144278606965
gen: 65 best: 202.5 mean: 248.75124378109453
gen: 66 best: 202.5 mean: 246.64676616915423
gen: 67 best: 202.5 mean: 249.65572139303484
gen: 68 best: 202.5 mean: 248.16119402985075
gen: 69 best: 202.5 mean: 249.68557213930347
gen: 70 best: 202.5 mean: 247.61144278606966
gen: 71 best: 202.5 mean: 247.37512437810946
gen: 72 best: 202.5 mean: 248.92487562189055
gen: 73 best: 202.5 mean: 248.32139303482586
gen: 74 best: 202.5 mean: 248.47412935323382
gen: 75 best: 202.5 mean: 248.5686567164179
gen: 76 best: 202.5 mean: 247.5273631840796
gen: 77 best: 202.5 mean: 249.95820895522388
gen: 78 best: 202.5 mean: 247.98457711442785
gen: 79 best: 202.5 mean: 248.6641791044776
gen: 80 best: 202.5 mean: 247.4313432835821
gen: 81 best: 202.5 mean: 247.2507462686567
gen: 82 best: 202.5 mean: 248.5273631840796
gen: 83 best: 202.5 mean: 249.30099502487562
gen: 84 best: 202.5 mean: 247.45771144278606
gen: 85 best: 202.5 mean: 246.83432835820895
gen: 86 best: 202.5 mean: 247.93432835820894
gen: 87 best: 202.5 mean: 247.0452736318408
gen: 88 best: 202.5 mean: 246.95074626865673
gen: 89 best: 202.5 mean: 247.16069651741293
gen: 90 best: 202.5 mean: 245.9497512437811
gen: 91 best: 202.5 mean: 243.7278606965174
gen: 92 best: 202.5 mean: 245.88009950248755
gen: 93 best: 202.5 mean: 245.8726368159204
gen: 94 best: 202.5 mean: 246.0412935323383
gen: 95 best: 202.5 mean: 244.8995024875622
gen: 96 best: 202.5 mean: 246.28905472636816
gen: 97 best: 202.5 mean: 247.0641791044776
gen: 98 best: 202.5 mean: 244.94477611940297
gen: 99 best: 202.5 mean: 244.32487562189056
[8, 9, 8, 7, 7, 10, 9, 8, 9, 8, 10, 9, 10, 10, 7, 7, 8, 8, 9, 10, 8, 8, 9, 8, 10, 9, 8, 9, 11, 9, 9, 8, 9, 8, 10, 7, 10, 8, 9, 9, 8, 8, 10, 10, 9, 10, 9, 12]
Test count of edges: 963
cat
