Defaulting to user installation because normal site-packages is not writeable
Looking in links: /cvmfs/soft.computecanada.ca/custom/python/wheelhouse/gentoo/avx2, /cvmfs/soft.computecanada.ca/custom/python/wheelhouse/gentoo/generic, /cvmfs/soft.computecanada.ca/custom/python/wheelhouse/generic
Requirement already satisfied: graphviz in /home/js17sy/.local/lib/python3.10/site-packages (0.20)
461; python ga.py 9 512N_graph9.dat 0.075 0.03 0.7 0.5 0.5 201 512N_graph9laxgen1rem70_ 314171
/project/6008788/js17sy/reopenga/512b/ga.py:291: DeprecationWarning: Sampling from a set deprecated
since Python 3.9 and will be removed in a subsequent version.
  child1 = set(random.sample(
gen >0, new best = 313.500
gen >0, new best = 309.500
gen >0, new best = 303.100
gen >0, new best = 302.000
gen >0, new best = 295.500
gen >0, new best = 288.400
gen >0, new best = 279.200
gen: 0 best: 279.2 mean: 321.2417910447761
gen >1, new best = 256.300
gen: 1 best: 256.3 mean: 317.56666666666666
gen: 2 best: 256.3 mean: 314.87810945273634
gen: 3 best: 256.3 mean: 313.6009950248756
gen: 4 best: 256.3 mean: 310.963184079602
gen: 5 best: 256.3 mean: 302.2965174129353
gen: 6 best: 256.3 mean: 304.20646766169153
gen: 7 best: 256.3 mean: 303.9522388059701
gen >8, new best = 253.100
gen: 8 best: 253.1 mean: 301.9761194029851
gen: 9 best: 253.1 mean: 301.3860696517413
gen: 10 best: 253.1 mean: 300.6955223880597
gen: 11 best: 253.1 mean: 299.3388059701493
gen: 12 best: 253.1 mean: 297.0
gen >13, new best = 251.800
gen: 13 best: 251.8 mean: 294.2502487562189
gen: 14 best: 251.8 mean: 293.6865671641791
gen >15, new best = 246.500
gen: 15 best: 246.5 mean: 292.68905472636817
gen: 16 best: 246.5 mean: 293.1995024875622
gen: 17 best: 246.5 mean: 293.09751243781096
gen: 18 best: 246.5 mean: 291.49751243781094
gen: 19 best: 246.5 mean: 289.86517412935325
gen: 20 best: 246.5 mean: 288.66517412935326
gen: 21 best: 246.5 mean: 288.2597014925373
gen: 22 best: 246.5 mean: 287.78805970149256
gen: 23 best: 246.5 mean: 287.2582089552239
gen: 24 best: 246.5 mean: 285.4870646766169
gen: 25 best: 246.5 mean: 285.47014925373134
gen >26, new best = 245.000
gen: 26 best: 245.0 mean: 284.6776119402985
gen: 27 best: 245.0 mean: 284.2069651741294
gen: 28 best: 245.0 mean: 285.2691542288557
gen: 29 best: 245.0 mean: 284.5039800995025
gen >30, new best = 244.700
gen: 30 best: 244.7 mean: 282.0865671641791
gen >31, new best = 244.200
gen >31, new best = 231.600
gen: 31 best: 231.6 mean: 283.47910447761194
gen: 32 best: 231.6 mean: 284.31940298507465
gen: 33 best: 231.6 mean: 283.59601990049754
gen: 34 best: 231.6 mean: 282.46268656716416
gen: 35 best: 231.6 mean: 284.0955223880597
gen: 36 best: 231.6 mean: 281.38955223880595
gen: 37 best: 231.6 mean: 284.3278606965174
gen: 38 best: 231.6 mean: 282.99800995024873
gen: 39 best: 231.6 mean: 283.7164179104478
gen: 40 best: 231.6 mean: 282.8169154228856
gen: 41 best: 231.6 mean: 281.2069651741294
gen: 42 best: 231.6 mean: 280.9338308457711
gen: 43 best: 231.6 mean: 281.27412935323383
gen: 44 best: 231.6 mean: 281.41840796019903
gen: 45 best: 231.6 mean: 279.6825870646766
gen: 46 best: 231.6 mean: 280.2502487562189
gen: 47 best: 231.6 mean: 282.12587064676615
gen: 48 best: 231.6 mean: 279.57960199004975
gen: 49 best: 231.6 mean: 279.34776119402983
gen: 50 best: 231.6 mean: 279.19651741293535
gen: 51 best: 231.6 mean: 279.7049751243781
gen: 52 best: 231.6 mean: 279.5751243781095
gen: 53 best: 231.6 mean: 280.70796019900496
gen: 54 best: 231.6 mean: 279.63980099502487
gen: 55 best: 231.6 mean: 280.7835820895522
gen: 56 best: 231.6 mean: 278.03582089552236
gen: 57 best: 231.6 mean: 279.565671641791
gen: 58 best: 231.6 mean: 276.86119402985076
gen: 59 best: 231.6 mean: 278.8019900497512
gen: 60 best: 231.6 mean: 278.0074626865672
gen: 61 best: 231.6 mean: 279.3587064676617
gen: 62 best: 231.6 mean: 279.3696517412935
gen: 63 best: 231.6 mean: 277.3636815920398
gen: 64 best: 231.6 mean: 278.53731343283584
gen: 65 best: 231.6 mean: 278.0900497512438
gen: 66 best: 231.6 mean: 278.37810945273634
gen: 67 best: 231.6 mean: 278.1487562189055
gen: 68 best: 231.6 mean: 277.8169154228856
gen: 69 best: 231.6 mean: 280.07960199004975
gen: 70 best: 231.6 mean: 278.452736318408
gen: 71 best: 231.6 mean: 278.0865671641791
gen: 72 best: 231.6 mean: 277.67661691542287
gen: 73 best: 231.6 mean: 278.79203980099504
gen: 74 best: 231.6 mean: 276.3641791044776
gen: 75 best: 231.6 mean: 278.31194029850747
gen: 76 best: 231.6 mean: 278.68805970149253
gen: 77 best: 231.6 mean: 276.72487562189053
gen: 78 best: 231.6 mean: 278.36019900497513
gen: 79 best: 231.6 mean: 278.12388059701493
gen: 80 best: 231.6 mean: 277.0547263681592
gen: 81 best: 231.6 mean: 279.426368159204
gen: 82 best: 231.6 mean: 277.9910447761194
gen: 83 best: 231.6 mean: 276.55572139303484
gen: 84 best: 231.6 mean: 277.7313432835821
gen: 85 best: 231.6 mean: 277.12388059701493
gen: 86 best: 231.6 mean: 278.13283582089554
gen: 87 best: 231.6 mean: 275.6243781094527
gen: 88 best: 231.6 mean: 276.7039800995025
gen: 89 best: 231.6 mean: 278.5179104477612
gen: 90 best: 231.6 mean: 276.3512437810945
gen: 91 best: 231.6 mean: 277.5970149253731
gen: 92 best: 231.6 mean: 276.31542288557216
gen: 93 best: 231.6 mean: 278.57611940298506
gen: 94 best: 231.6 mean: 278.0900497512438
gen: 95 best: 231.6 mean: 278.19751243781093
gen: 96 best: 231.6 mean: 277.2014925373134
gen: 97 best: 231.6 mean: 277.9094527363184
gen: 98 best: 231.6 mean: 276.9706467661692
gen: 99 best: 231.6 mean: 279.0691542288557
[11, 9, 9, 8, 8, 8, 9, 10, 8, 7, 9, 9, 8, 9, 8, 10, 8, 7, 8, 7, 8, 7, 7, 8, 12, 7, 7, 9, 8, 8, 7, 7, 9, 8, 7, 8, 8, 7, 9, 8, 7, 7, 8, 7, 7, 9, 7, 10]
Test count of edges: 961
cat
