Defaulting to user installation because normal site-packages is not writeable
Looking in links: /cvmfs/soft.computecanada.ca/custom/python/wheelhouse/gentoo/avx2, /cvmfs/soft.computecanada.ca/custom/python/wheelhouse/gentoo/generic, /cvmfs/soft.computecanada.ca/custom/python/wheelhouse/generic
Requirement already satisfied: graphviz in /home/js17sy/.local/lib/python3.10/site-packages (0.20)
506; python ga.py 9 512N_graph9.dat 0.075 0.03 0.7 0.7 0.3 201 512N_graph9laxgen2rem70_ 742586
/project/6008788/js17sy/reopenga/512b/ga.py:291: DeprecationWarning: Sampling from a set deprecated
since Python 3.9 and will be removed in a subsequent version.
  child1 = set(random.sample(
gen >0, new best = 312.800
gen >0, new best = 311.500
gen >0, new best = 309.600
gen >0, new best = 307.400
gen >0, new best = 303.600
gen >0, new best = 296.700
gen >0, new best = 294.200
gen >0, new best = 287.100
gen >0, new best = 285.600
gen: 0 best: 285.6 mean: 320.7883084577114
gen >1, new best = 267.700
gen: 1 best: 267.7 mean: 318.63283582089554
gen: 2 best: 267.7 mean: 315.37412935323385
gen >3, new best = 266.500
gen: 3 best: 266.5 mean: 312.8686567164179
gen: 4 best: 266.5 mean: 311.7800995024876
gen >5, new best = 265.400
gen: 5 best: 265.4 mean: 309.0776119402985
gen: 6 best: 265.4 mean: 306.73532338308456
gen >7, new best = 265.000
gen: 7 best: 265.0 mean: 302.9761194029851
gen >8, new best = 256.800
gen: 8 best: 256.8 mean: 302.2273631840796
gen: 9 best: 256.8 mean: 301.6850746268657
gen: 10 best: 256.8 mean: 298.2492537313433
gen: 11 best: 256.8 mean: 297.98855721393033
gen >12, new best = 246.500
gen: 12 best: 246.5 mean: 296.48855721393033
gen: 13 best: 246.5 mean: 294.60348258706466
gen: 14 best: 246.5 mean: 293.68407960199005
gen: 15 best: 246.5 mean: 294.52089552238806
gen: 16 best: 246.5 mean: 292.11144278606963
gen >17, new best = 243.600
gen: 17 best: 243.6 mean: 292.01044776119403
gen: 18 best: 243.6 mean: 290.7731343283582
gen: 19 best: 243.6 mean: 288.2457711442786
gen: 20 best: 243.6 mean: 289.0716417910448
gen: 21 best: 243.6 mean: 289.7597014925373
gen: 22 best: 243.6 mean: 286.85771144278607
gen: 23 best: 243.6 mean: 287.3129353233831
gen: 24 best: 243.6 mean: 287.27512437810947
gen: 25 best: 243.6 mean: 284.46069651741294
gen: 26 best: 243.6 mean: 285.4855721393035
gen: 27 best: 243.6 mean: 285.22587064676617
gen: 28 best: 243.6 mean: 284.02089552238806
gen: 29 best: 243.6 mean: 283.2641791044776
gen >30, new best = 240.100
gen: 30 best: 240.1 mean: 283.08009950248754
gen: 31 best: 240.1 mean: 281.92935323383085
gen: 32 best: 240.1 mean: 281.6353233830846
gen: 33 best: 240.1 mean: 280.05721393034827
gen: 34 best: 240.1 mean: 279.710447761194
gen: 35 best: 240.1 mean: 279.24278606965174
gen: 36 best: 240.1 mean: 278.8074626865672
gen: 37 best: 240.1 mean: 278.06716417910445
gen: 38 best: 240.1 mean: 277.5124378109453
gen: 39 best: 240.1 mean: 276.95174129353234
gen >40, new best = 239.200
gen: 40 best: 239.2 mean: 276.4731343283582
gen >41, new best = 232.700
gen: 41 best: 232.7 mean: 277.1099502487562
gen: 42 best: 232.7 mean: 275.93482587064676
gen: 43 best: 232.7 mean: 277.363184079602
gen: 44 best: 232.7 mean: 275.47562189054725
gen: 45 best: 232.7 mean: 276.2651741293532
gen: 46 best: 232.7 mean: 275.4452736318408
gen: 47 best: 232.7 mean: 277.3696517412935
gen: 48 best: 232.7 mean: 275.96666666666664
gen: 49 best: 232.7 mean: 274.7358208955224
gen: 50 best: 232.7 mean: 275.7800995024876
gen: 51 best: 232.7 mean: 273.8223880597015
gen: 52 best: 232.7 mean: 274.43930348258704
gen: 53 best: 232.7 mean: 274.0278606965174
gen: 54 best: 232.7 mean: 272.74776119402986
gen: 55 best: 232.7 mean: 272.16218905472635
gen: 56 best: 232.7 mean: 273.5074626865672
gen: 57 best: 232.7 mean: 273.28308457711444
gen: 58 best: 232.7 mean: 273.2233830845771
gen >59, new best = 226.800
gen: 59 best: 226.8 mean: 272.17661691542287
gen: 60 best: 226.8 mean: 272.7417910447761
gen: 61 best: 226.8 mean: 272.34676616915425
gen: 62 best: 226.8 mean: 271.43880597014925
gen: 63 best: 226.8 mean: 272.00796019900497
gen: 64 best: 226.8 mean: 271.636815920398
gen: 65 best: 226.8 mean: 271.8676616915423
gen: 66 best: 226.8 mean: 272.78308457711444
gen: 67 best: 226.8 mean: 270.73034825870644
gen: 68 best: 226.8 mean: 271.29800995024874
gen: 69 best: 226.8 mean: 269.6860696517413
gen: 70 best: 226.8 mean: 270.6771144278607
gen: 71 best: 226.8 mean: 271.0820895522388
gen: 72 best: 226.8 mean: 270.1303482587065
gen: 73 best: 226.8 mean: 270.3059701492537
gen: 74 best: 226.8 mean: 269.2915422885572
gen: 75 best: 226.8 mean: 270.50248756218906
gen: 76 best: 226.8 mean: 271.62985074626863
gen: 77 best: 226.8 mean: 269.9
gen: 78 best: 226.8 mean: 269.9781094527363
gen: 79 best: 226.8 mean: 268.90696517412937
gen: 80 best: 226.8 mean: 269.6980099502488
gen: 81 best: 226.8 mean: 269.7308457711443
gen: 82 best: 226.8 mean: 269.9875621890547
gen: 83 best: 226.8 mean: 269.30646766169156
gen: 84 best: 226.8 mean: 270.5149253731343
gen: 85 best: 226.8 mean: 270.18756218905474
gen: 86 best: 226.8 mean: 269.1283582089552
gen: 87 best: 226.8 mean: 269.8179104477612
gen: 88 best: 226.8 mean: 268.54825870646766
gen: 89 best: 226.8 mean: 268.9557213930348
gen: 90 best: 226.8 mean: 268.9363184079602
gen: 91 best: 226.8 mean: 269.57910447761196
gen: 92 best: 226.8 mean: 267.90597014925373
gen: 93 best: 226.8 mean: 268.6646766169154
gen: 94 best: 226.8 mean: 268.57910447761196
gen: 95 best: 226.8 mean: 266.96119402985073
gen: 96 best: 226.8 mean: 268.1885572139303
gen: 97 best: 226.8 mean: 269.8407960199005
gen: 98 best: 226.8 mean: 268.1452736318408
gen: 99 best: 226.8 mean: 267.6318407960199
[7, 7, 9, 8, 7, 8, 8, 7, 7, 10, 8, 8, 7, 7, 8, 8, 8, 8, 7, 9, 8, 7, 9, 7, 9, 8, 12, 7, 8, 9, 8, 7, 8, 8, 8, 8, 7, 7, 8, 9, 7, 9, 8, 7, 9, 10, 8, 7, 9]
Test count of edges: 961
cat
