Defaulting to user installation because normal site-packages is not writeable
Looking in links: /cvmfs/soft.computecanada.ca/custom/python/wheelhouse/gentoo/avx2, /cvmfs/soft.computecanada.ca/custom/python/wheelhouse/gentoo/generic, /cvmfs/soft.computecanada.ca/custom/python/wheelhouse/generic
Requirement already satisfied: graphviz in /home/js17sy/.local/lib/python3.10/site-packages (0.20)
311; python ga.py 9 512N_graph9.dat 0.05 0.02 0.7 0.7 0.3 201 512N_graph9mediumgen2rem70_ 314171
/project/6008788/js17sy/reopenga/512b/ga.py:291: DeprecationWarning: Sampling from a set deprecated
since Python 3.9 and will be removed in a subsequent version.
  child1 = set(random.sample(
gen >0, new best = 291.000
gen >0, new best = 282.800
gen >0, new best = 276.800
gen >0, new best = 272.200
gen >0, new best = 272.000
gen >0, new best = 249.600
gen: 0 best: 249.6 mean: 310.2512437810945
gen >1, new best = 237.000
gen >1, new best = 231.700
gen: 1 best: 231.7 mean: 306.5497512437811
gen: 2 best: 231.7 mean: 300.5442786069652
gen: 3 best: 231.7 mean: 298.44278606965173
gen: 4 best: 231.7 mean: 291.96268656716416
gen: 5 best: 231.7 mean: 289.51940298507463
gen: 6 best: 231.7 mean: 286.31990049751244
gen: 7 best: 231.7 mean: 285.27213930348256
gen: 8 best: 231.7 mean: 280.1149253731343
gen: 9 best: 231.7 mean: 280.8970149253731
gen: 10 best: 231.7 mean: 279.6701492537313
gen: 11 best: 231.7 mean: 279.65124378109454
gen: 12 best: 231.7 mean: 277.66567164179105
gen >13, new best = 230.400
gen: 13 best: 230.4 mean: 275.6119402985075
gen: 14 best: 230.4 mean: 275.42437810945273
gen: 15 best: 230.4 mean: 274.3820895522388
gen >16, new best = 225.000
gen: 16 best: 225.0 mean: 272.50995024875624
gen: 17 best: 225.0 mean: 271.09452736318406
gen: 18 best: 225.0 mean: 272.6646766169154
gen: 19 best: 225.0 mean: 268.18955223880596
gen >20, new best = 224.300
gen >20, new best = 219.500
gen: 20 best: 219.5 mean: 268.5089552238806
gen: 21 best: 219.5 mean: 266.4542288557214
gen: 22 best: 219.5 mean: 268.08855721393036
gen: 23 best: 219.5 mean: 266.2497512437811
gen >24, new best = 214.500
gen: 24 best: 214.5 mean: 266.1412935323383
gen: 25 best: 214.5 mean: 264.271144278607
gen: 26 best: 214.5 mean: 262.9925373134328
gen: 27 best: 214.5 mean: 260.1134328358209
gen: 28 best: 214.5 mean: 262.5781094527363
gen: 29 best: 214.5 mean: 260.771144278607
gen: 30 best: 214.5 mean: 261.77960199004974
gen: 31 best: 214.5 mean: 259.247263681592
gen: 32 best: 214.5 mean: 258.392039800995
gen: 33 best: 214.5 mean: 259.63432835820896
gen: 34 best: 214.5 mean: 258.2592039800995
gen: 35 best: 214.5 mean: 257.573631840796
gen: 36 best: 214.5 mean: 257.1681592039801
gen: 37 best: 214.5 mean: 256.9363184079602
gen: 38 best: 214.5 mean: 255.62437810945275
gen: 39 best: 214.5 mean: 255.6179104477612
gen: 40 best: 214.5 mean: 253.9542288557214
gen >41, new best = 211.500
gen: 41 best: 211.5 mean: 254.41343283582088
gen: 42 best: 211.5 mean: 254.1139303482587
gen: 43 best: 211.5 mean: 255.5636815920398
gen: 44 best: 211.5 mean: 253.3587064676617
gen: 45 best: 211.5 mean: 252.03731343283582
gen: 46 best: 211.5 mean: 253.57462686567163
gen: 47 best: 211.5 mean: 252.3587064676617
gen: 48 best: 211.5 mean: 253.13482587064678
gen >49, new best = 204.500
gen: 49 best: 204.5 mean: 253.10845771144278
gen: 50 best: 204.5 mean: 252.40049751243782
gen: 51 best: 204.5 mean: 254.2452736318408
gen: 52 best: 204.5 mean: 251.78009950248756
gen: 53 best: 204.5 mean: 251.4686567164179
gen: 54 best: 204.5 mean: 250.63233830845772
gen: 55 best: 204.5 mean: 250.6189054726368
gen: 56 best: 204.5 mean: 250.52636815920397
gen: 57 best: 204.5 mean: 249.58557213930348
gen: 58 best: 204.5 mean: 251.3039800995025
gen: 59 best: 204.5 mean: 249.43432835820894
gen: 60 best: 204.5 mean: 249.97512437810946
gen: 61 best: 204.5 mean: 250.85174129353234
gen: 62 best: 204.5 mean: 250.50199004975124
gen: 63 best: 204.5 mean: 247.99253731343285
gen: 64 best: 204.5 mean: 250.9587064676617
gen: 65 best: 204.5 mean: 250.01791044776118
gen: 66 best: 204.5 mean: 250.22587064676617
gen: 67 best: 204.5 mean: 248.45920398009952
gen: 68 best: 204.5 mean: 248.18507462686568
gen: 69 best: 204.5 mean: 247.37313432835822
gen: 70 best: 204.5 mean: 250.04776119402985
gen: 71 best: 204.5 mean: 249.08258706467663
gen: 72 best: 204.5 mean: 248.17064676616914
gen: 73 best: 204.5 mean: 250.34378109452737
gen: 74 best: 204.5 mean: 248.60497512437811
gen >75, new best = 197.700
gen: 75 best: 197.7 mean: 248.50597014925373
gen: 76 best: 197.7 mean: 248.70746268656717
gen: 77 best: 197.7 mean: 247.34776119402986
gen: 78 best: 197.7 mean: 247.1721393034826
gen: 79 best: 197.7 mean: 248.26716417910447
gen: 80 best: 197.7 mean: 246.81094527363183
gen: 81 best: 197.7 mean: 247.9915422885572
gen: 82 best: 197.7 mean: 247.6417910447761
gen: 83 best: 197.7 mean: 246.64278606965175
gen: 84 best: 197.7 mean: 246.1547263681592
gen: 85 best: 197.7 mean: 245.97213930348258
gen: 86 best: 197.7 mean: 246.3089552238806
gen: 87 best: 197.7 mean: 244.7039800995025
gen: 88 best: 197.7 mean: 246.4542288557214
gen: 89 best: 197.7 mean: 247.35621890547264
gen: 90 best: 197.7 mean: 247.9870646766169
gen: 91 best: 197.7 mean: 245.36169154228855
gen: 92 best: 197.7 mean: 246.07661691542287
gen: 93 best: 197.7 mean: 245.34278606965174
gen: 94 best: 197.7 mean: 246.8223880597015
gen: 95 best: 197.7 mean: 245.6417910447761
gen: 96 best: 197.7 mean: 245.0547263681592
gen: 97 best: 197.7 mean: 245.42039800995025
gen: 98 best: 197.7 mean: 244.46567164179103
gen: 99 best: 197.7 mean: 245.02238805970148
[7, 9, 8, 8, 11, 8, 8, 8, 10, 9, 8, 11, 9, 7, 8, 9, 8, 8, 12, 9, 10, 7, 9, 12, 9, 9, 9, 10, 9, 9, 8, 11, 8, 8, 9, 10, 9, 9, 8, 7, 9, 8, 8, 10, 9, 8, 8]
Test count of edges: 966
cat
