Defaulting to user installation because normal site-packages is not writeable
Looking in links: /cvmfs/soft.computecanada.ca/custom/python/wheelhouse/gentoo/avx2, /cvmfs/soft.computecanada.ca/custom/python/wheelhouse/gentoo/generic, /cvmfs/soft.computecanada.ca/custom/python/wheelhouse/generic
Requirement already satisfied: graphviz in /home/js17sy/.local/lib/python3.10/site-packages (0.20)
456; python ga.py 9 512N_graph9.dat 0.075 0.03 0.7 0.5 0.5 201 512N_graph9laxgen1rem70_ 171366
/project/6008788/js17sy/reopenga/512b/ga.py:291: DeprecationWarning: Sampling from a set deprecated
since Python 3.9 and will be removed in a subsequent version.
  child1 = set(random.sample(
gen >0, new best = 322.500
gen >0, new best = 316.700
gen >0, new best = 315.600
gen >0, new best = 315.300
gen >0, new best = 310.600
gen >0, new best = 303.600
gen >0, new best = 290.800
gen >0, new best = 283.000
gen >0, new best = 269.400
gen: 0 best: 269.4 mean: 320.67437810945273
gen: 1 best: 269.4 mean: 316.0676616915423
gen: 2 best: 269.4 mean: 314.8497512437811
gen: 3 best: 269.4 mean: 312.1323383084577
gen: 4 best: 269.4 mean: 308.54875621890545
gen: 5 best: 269.4 mean: 305.24278606965174
gen >6, new best = 252.700
gen: 6 best: 252.7 mean: 303.0402985074627
gen: 7 best: 252.7 mean: 299.96965174129355
gen >8, new best = 246.600
gen: 8 best: 246.6 mean: 300.3636815920398
gen: 9 best: 246.6 mean: 298.44029850746267
gen: 10 best: 246.6 mean: 295.8462686567164
gen: 11 best: 246.6 mean: 295.38009950248755
gen: 12 best: 246.6 mean: 294.12537313432836
gen: 13 best: 246.6 mean: 294.6671641791045
gen: 14 best: 246.6 mean: 292.99303482587067
gen: 15 best: 246.6 mean: 291.344776119403
gen: 16 best: 246.6 mean: 290.74626865671644
gen: 17 best: 246.6 mean: 291.4875621890547
gen: 18 best: 246.6 mean: 290.0845771144279
gen >19, new best = 246.000
gen: 19 best: 246.0 mean: 289.2512437810945
gen: 20 best: 246.0 mean: 289.10199004975124
gen: 21 best: 246.0 mean: 288.8731343283582
gen: 22 best: 246.0 mean: 286.20746268656717
gen: 23 best: 246.0 mean: 287.76616915422886
gen: 24 best: 246.0 mean: 284.9910447761194
gen: 25 best: 246.0 mean: 285.76666666666665
gen: 26 best: 246.0 mean: 286.2457711442786
gen: 27 best: 246.0 mean: 285.3129353233831
gen: 28 best: 246.0 mean: 282.19353233830844
gen >29, new best = 245.100
gen: 29 best: 245.1 mean: 283.3830845771144
gen: 30 best: 245.1 mean: 285.76069651741295
gen: 31 best: 245.1 mean: 283.77512437810947
gen: 32 best: 245.1 mean: 283.1776119402985
gen: 33 best: 245.1 mean: 282.6592039800995
gen: 34 best: 245.1 mean: 282.4308457711443
gen >35, new best = 244.600
gen: 35 best: 244.6 mean: 281.30646766169156
gen >36, new best = 239.900
gen: 36 best: 239.9 mean: 280.26965174129356
gen: 37 best: 239.9 mean: 280.34278606965177
gen: 38 best: 239.9 mean: 278.50099502487564
gen: 39 best: 239.9 mean: 281.3830845771144
gen: 40 best: 239.9 mean: 278.8517412935323
gen: 41 best: 239.9 mean: 278.45721393034825
gen: 42 best: 239.9 mean: 278.6776119402985
gen: 43 best: 239.9 mean: 276.4487562189055
gen: 44 best: 239.9 mean: 277.82537313432834
gen: 45 best: 239.9 mean: 279.18358208955226
gen: 46 best: 239.9 mean: 277.5049751243781
gen: 47 best: 239.9 mean: 277.1243781094527
gen: 48 best: 239.9 mean: 278.1318407960199
gen: 49 best: 239.9 mean: 277.0845771144279
gen: 50 best: 239.9 mean: 276.71691542288556
gen: 51 best: 239.9 mean: 276.14378109452736
gen: 52 best: 239.9 mean: 277.2601990049751
gen: 53 best: 239.9 mean: 275.5014925373134
gen: 54 best: 239.9 mean: 277.47014925373134
gen: 55 best: 239.9 mean: 276.07562189054727
gen: 56 best: 239.9 mean: 276.2039800995025
gen: 57 best: 239.9 mean: 274.97114427860697
gen: 58 best: 239.9 mean: 275.9597014925373
gen: 59 best: 239.9 mean: 277.4323383084577
gen: 60 best: 239.9 mean: 275.60348258706466
gen: 61 best: 239.9 mean: 275.1686567164179
gen: 62 best: 239.9 mean: 276.373631840796
gen: 63 best: 239.9 mean: 276.4094527363184
gen: 64 best: 239.9 mean: 275.99353233830846
gen: 65 best: 239.9 mean: 276.54328358208954
gen: 66 best: 239.9 mean: 275.97164179104476
gen: 67 best: 239.9 mean: 276.4537313432836
gen >68, new best = 235.000
gen: 68 best: 235.0 mean: 275.16766169154226
gen: 69 best: 235.0 mean: 276.2905472636816
gen: 70 best: 235.0 mean: 275.1442786069652
gen >71, new best = 225.400
gen: 71 best: 225.4 mean: 276.34676616915425
gen: 72 best: 225.4 mean: 275.71194029850744
gen: 73 best: 225.4 mean: 275.61144278606963
gen: 74 best: 225.4 mean: 274.418407960199
gen: 75 best: 225.4 mean: 274.91641791044776
gen: 76 best: 225.4 mean: 274.136815920398
gen: 77 best: 225.4 mean: 274.5915422885572
gen: 78 best: 225.4 mean: 274.43482587064676
gen: 79 best: 225.4 mean: 274.52985074626866
gen: 80 best: 225.4 mean: 275.4781094527363
gen: 81 best: 225.4 mean: 273.2507462686567
gen: 82 best: 225.4 mean: 275.34179104477613
gen: 83 best: 225.4 mean: 274.91691542288555
gen: 84 best: 225.4 mean: 273.6721393034826
gen: 85 best: 225.4 mean: 273.02835820895524
gen: 86 best: 225.4 mean: 273.0442786069652
gen: 87 best: 225.4 mean: 273.28805970149256
gen: 88 best: 225.4 mean: 275.24776119402986
gen: 89 best: 225.4 mean: 272.7691542288557
gen: 90 best: 225.4 mean: 274.27014925373135
gen: 91 best: 225.4 mean: 274.8592039800995
gen: 92 best: 225.4 mean: 274.27412935323383
gen: 93 best: 225.4 mean: 273.1771144278607
gen >94, new best = 223.700
gen: 94 best: 223.7 mean: 272.9522388059701
gen: 95 best: 223.7 mean: 274.4965174129353
gen: 96 best: 223.7 mean: 273.4417910447761
gen: 97 best: 223.7 mean: 273.02089552238806
gen: 98 best: 223.7 mean: 273.69651741293535
gen >99, new best = 220.800
gen: 99 best: 220.8 mean: 274.74776119402986
[7, 7, 8, 9, 7, 9, 9, 8, 9, 9, 8, 7, 8, 9, 8, 9, 8, 9, 9, 8, 7, 8, 8, 10, 7, 8, 7, 9, 9, 8, 11, 11, 8, 9, 10, 8, 8, 7, 7, 8, 9, 9, 7, 8, 8, 8]
Test count of edges: 994
cat
