Defaulting to user installation because normal site-packages is not writeable
Looking in links: /cvmfs/soft.computecanada.ca/custom/python/wheelhouse/gentoo/avx2, /cvmfs/soft.computecanada.ca/custom/python/wheelhouse/gentoo/generic, /cvmfs/soft.computecanada.ca/custom/python/wheelhouse/generic
Requirement already satisfied: graphviz in /home/js17sy/.local/lib/python3.10/site-packages (0.20)
428; python ga.py 9 512N_graph9.dat 0.075 0.03 0.5 0.9 0.1 201 512N_graph9laxgen3rem50_ 228488
/project/6008788/js17sy/reopenga/512b/ga.py:291: DeprecationWarning: Sampling from a set deprecated
since Python 3.9 and will be removed in a subsequent version.
  child1 = set(random.sample(
gen >0, new best = 344.500
gen >0, new best = 338.300
gen >0, new best = 330.100
gen >0, new best = 326.400
gen >0, new best = 324.400
gen >0, new best = 318.000
gen: 0 best: 318.0 mean: 340.7771144278607
gen: 1 best: 318.0 mean: 340.16915422885575
gen >2, new best = 311.700
gen: 2 best: 311.7 mean: 339.863184079602
gen: 3 best: 311.7 mean: 338.83034825870647
gen: 4 best: 311.7 mean: 338.13283582089554
gen >5, new best = 302.800
gen: 5 best: 302.8 mean: 338.6597014925373
gen: 6 best: 302.8 mean: 337.381592039801
gen: 7 best: 302.8 mean: 337.5910447761194
gen: 8 best: 302.8 mean: 336.9084577114428
gen: 9 best: 302.8 mean: 335.5238805970149
gen: 10 best: 302.8 mean: 334.65671641791045
gen: 11 best: 302.8 mean: 334.4268656716418
gen >12, new best = 301.900
gen: 12 best: 301.9 mean: 334.22437810945274
gen: 13 best: 301.9 mean: 332.66616915422884
gen: 14 best: 301.9 mean: 331.65323383084575
gen: 15 best: 301.9 mean: 331.93482587064676
gen >16, new best = 290.400
gen: 16 best: 290.4 mean: 330.6373134328358
gen: 17 best: 290.4 mean: 330.5955223880597
gen: 18 best: 290.4 mean: 329.7467661691542
gen: 19 best: 290.4 mean: 328.8462686567164
gen: 20 best: 290.4 mean: 328.0124378109453
gen: 21 best: 290.4 mean: 326.5308457711443
gen: 22 best: 290.4 mean: 327.4373134328358
gen: 23 best: 290.4 mean: 326.24427860696517
gen: 24 best: 290.4 mean: 325.88855721393037
gen: 25 best: 290.4 mean: 324.65124378109454
gen: 26 best: 290.4 mean: 324.50796019900497
gen: 27 best: 290.4 mean: 324.14776119402984
gen: 28 best: 290.4 mean: 322.87860696517413
gen: 29 best: 290.4 mean: 322.9875621890547
gen: 30 best: 290.4 mean: 321.8850746268657
gen: 31 best: 290.4 mean: 322.2348258706468
gen: 32 best: 290.4 mean: 321.57910447761196
gen: 33 best: 290.4 mean: 320.4542288557214
gen: 34 best: 290.4 mean: 320.6646766169154
gen: 35 best: 290.4 mean: 319.6980099502488
gen: 36 best: 290.4 mean: 320.3174129353234
gen: 37 best: 290.4 mean: 319.6318407960199
gen: 38 best: 290.4 mean: 319.04825870646766
gen: 39 best: 290.4 mean: 319.6029850746269
gen: 40 best: 290.4 mean: 320.047263681592
gen >41, new best = 284.500
gen: 41 best: 284.5 mean: 318.5452736318408
gen >42, new best = 270.200
gen: 42 best: 270.2 mean: 317.7049751243781
gen: 43 best: 270.2 mean: 318.1646766169154
gen: 44 best: 270.2 mean: 317.1139303482587
gen: 45 best: 270.2 mean: 316.9960199004975
gen: 46 best: 270.2 mean: 316.67661691542287
gen: 47 best: 270.2 mean: 316.21492537313435
gen: 48 best: 270.2 mean: 316.736815920398
gen: 49 best: 270.2 mean: 315.32835820895525
gen: 50 best: 270.2 mean: 315.3313432835821
gen: 51 best: 270.2 mean: 314.56318407960197
gen: 52 best: 270.2 mean: 315.61044776119405
gen: 53 best: 270.2 mean: 314.59601990049754
gen: 54 best: 270.2 mean: 314.5626865671642
gen: 55 best: 270.2 mean: 313.1502487562189
gen: 56 best: 270.2 mean: 312.54825870646766
gen: 57 best: 270.2 mean: 314.12189054726366
gen: 58 best: 270.2 mean: 311.8353233830846
gen: 59 best: 270.2 mean: 312.82338308457713
gen: 60 best: 270.2 mean: 313.0636815920398
gen: 61 best: 270.2 mean: 313.1129353233831
gen: 62 best: 270.2 mean: 311.84676616915425
gen: 63 best: 270.2 mean: 311.41990049751246
gen: 64 best: 270.2 mean: 311.97014925373134
gen: 65 best: 270.2 mean: 311.9597014925373
gen: 66 best: 270.2 mean: 310.7671641791045
gen: 67 best: 270.2 mean: 311.7840796019901
gen: 68 best: 270.2 mean: 311.52139303482585
gen: 69 best: 270.2 mean: 310.62587064676615
gen: 70 best: 270.2 mean: 310.50796019900497
gen: 71 best: 270.2 mean: 310.1855721393035
gen: 72 best: 270.2 mean: 310.4004975124378
gen: 73 best: 270.2 mean: 310.2044776119403
gen: 74 best: 270.2 mean: 309.2771144278607
gen: 75 best: 270.2 mean: 310.06517412935324
gen: 76 best: 270.2 mean: 309.55572139303484
gen: 77 best: 270.2 mean: 309.01144278606967
gen: 78 best: 270.2 mean: 309.0587064676617
gen: 79 best: 270.2 mean: 307.4228855721393
gen: 80 best: 270.2 mean: 308.1945273631841
gen: 81 best: 270.2 mean: 307.8019900497512
gen: 82 best: 270.2 mean: 308.01592039800994
gen: 83 best: 270.2 mean: 307.53582089552236
gen: 84 best: 270.2 mean: 307.96069651741294
gen: 85 best: 270.2 mean: 307.80298507462686
gen: 86 best: 270.2 mean: 306.84328358208955
gen: 87 best: 270.2 mean: 307.0094527363184
gen: 88 best: 270.2 mean: 305.7144278606965
gen: 89 best: 270.2 mean: 307.0258706467662
gen: 90 best: 270.2 mean: 306.3721393034826
gen: 91 best: 270.2 mean: 307.1626865671642
gen: 92 best: 270.2 mean: 306.5323383084577
gen: 93 best: 270.2 mean: 305.0223880597015
gen: 94 best: 270.2 mean: 304.97462686567167
gen: 95 best: 270.2 mean: 305.44378109452737
gen: 96 best: 270.2 mean: 304.53930348258706
gen: 97 best: 270.2 mean: 304.6646766169154
gen: 98 best: 270.2 mean: 304.55273631840794
gen: 99 best: 270.2 mean: 304.91144278606964
[10, 9, 9, 8, 9, 9, 8, 9, 10, 8, 8, 9, 8, 9, 8, 8, 9, 9, 11, 8, 8, 10, 9, 9, 9, 9, 8, 9, 9, 11, 10, 10, 9, 8, 9, 10, 10, 9, 8, 10, 10, 9, 9, 8, 8, 10, 8]
Test count of edges: 1579
cat
