Defaulting to user installation because normal site-packages is not writeable
Looking in links: /cvmfs/soft.computecanada.ca/custom/python/wheelhouse/gentoo/avx2, /cvmfs/soft.computecanada.ca/custom/python/wheelhouse/gentoo/generic, /cvmfs/soft.computecanada.ca/custom/python/wheelhouse/generic
Requirement already satisfied: graphviz in /home/js17sy/.local/lib/python3.10/site-packages (0.20)
426; python ga.py 9 512N_graph9.dat 0.075 0.03 0.5 0.9 0.1 201 512N_graph9laxgen3rem50_ 171366
/project/6008788/js17sy/reopenga/512b/ga.py:291: DeprecationWarning: Sampling from a set deprecated
since Python 3.9 and will be removed in a subsequent version.
  child1 = set(random.sample(
gen >0, new best = 340.500
gen >0, new best = 335.100
gen >0, new best = 323.800
gen >0, new best = 323.200
gen: 0 best: 323.2 mean: 341.30174129353236
gen: 1 best: 323.2 mean: 340.6427860696517
gen >2, new best = 321.300
gen: 2 best: 321.3 mean: 340.1353233830846
gen: 3 best: 321.3 mean: 339.91641791044776
gen >4, new best = 318.700
gen >4, new best = 297.500
gen >4, new best = 296.200
gen: 4 best: 296.2 mean: 337.53432835820894
gen: 5 best: 296.2 mean: 338.1338308457711
gen: 6 best: 296.2 mean: 337.7825870646766
gen: 7 best: 296.2 mean: 336.81641791044774
gen: 8 best: 296.2 mean: 337.0144278606965
gen: 9 best: 296.2 mean: 336.0537313432836
gen: 10 best: 296.2 mean: 335.2597014925373
gen: 11 best: 296.2 mean: 335.1641791044776
gen: 12 best: 296.2 mean: 334.85273631840795
gen: 13 best: 296.2 mean: 333.5402985074627
gen: 14 best: 296.2 mean: 333.4318407960199
gen: 15 best: 296.2 mean: 333.01592039800994
gen: 16 best: 296.2 mean: 333.0592039800995
gen: 17 best: 296.2 mean: 332.4278606965174
gen: 18 best: 296.2 mean: 331.5218905472637
gen: 19 best: 296.2 mean: 330.9417910447761
gen: 20 best: 296.2 mean: 330.3587064676617
gen: 21 best: 296.2 mean: 330.02537313432833
gen: 22 best: 296.2 mean: 329.93283582089555
gen: 23 best: 296.2 mean: 329.61641791044775
gen: 24 best: 296.2 mean: 330.2089552238806
gen >25, new best = 290.600
gen: 25 best: 290.6 mean: 328.24825870646765
gen: 26 best: 290.6 mean: 328.66169154228857
gen: 27 best: 290.6 mean: 328.10348258706466
gen: 28 best: 290.6 mean: 326.82089552238807
gen: 29 best: 290.6 mean: 326.5845771144279
gen: 30 best: 290.6 mean: 326.536815920398
gen: 31 best: 290.6 mean: 326.5825870646766
gen: 32 best: 290.6 mean: 326.06318407960197
gen: 33 best: 290.6 mean: 324.55174129353236
gen: 34 best: 290.6 mean: 324.3114427860697
gen: 35 best: 290.6 mean: 323.0189054726368
gen: 36 best: 290.6 mean: 323.5223880597015
gen >37, new best = 278.200
gen: 37 best: 278.2 mean: 322.3099502487562
gen: 38 best: 278.2 mean: 322.52139303482585
gen: 39 best: 278.2 mean: 321.39651741293534
gen: 40 best: 278.2 mean: 321.0805970149254
gen: 41 best: 278.2 mean: 319.50995024875624
gen >42, new best = 277.900
gen: 42 best: 277.9 mean: 319.326368159204
gen: 43 best: 277.9 mean: 318.6756218905473
gen: 44 best: 277.9 mean: 317.7781094527363
gen: 45 best: 277.9 mean: 318.56119402985075
gen: 46 best: 277.9 mean: 317.6039800995025
gen: 47 best: 277.9 mean: 317.6910447761194
gen: 48 best: 277.9 mean: 317.81542288557216
gen: 49 best: 277.9 mean: 316.4761194029851
gen: 50 best: 277.9 mean: 316.2955223880597
gen: 51 best: 277.9 mean: 316.45323383084576
gen: 52 best: 277.9 mean: 316.0497512437811
gen: 53 best: 277.9 mean: 315.3179104477612
gen: 54 best: 277.9 mean: 315.0751243781095
gen: 55 best: 277.9 mean: 314.77412935323383
gen: 56 best: 277.9 mean: 315.48258706467664
gen: 57 best: 277.9 mean: 314.8358208955224
gen: 58 best: 277.9 mean: 314.136815920398
gen: 59 best: 277.9 mean: 313.8756218905473
gen: 60 best: 277.9 mean: 314.247263681592
gen: 61 best: 277.9 mean: 314.102487562189
gen: 62 best: 277.9 mean: 313.2039800995025
gen: 63 best: 277.9 mean: 313.5502487562189
gen: 64 best: 277.9 mean: 313.3870646766169
gen >65, new best = 268.400
gen: 65 best: 268.4 mean: 311.97462686567167
gen: 66 best: 268.4 mean: 313.32885572139304
gen: 67 best: 268.4 mean: 311.50248756218906
gen: 68 best: 268.4 mean: 312.3532338308458
gen: 69 best: 268.4 mean: 311.21144278606965
gen: 70 best: 268.4 mean: 310.4562189054726
gen: 71 best: 268.4 mean: 309.9616915422886
gen: 72 best: 268.4 mean: 310.5935323383085
gen: 73 best: 268.4 mean: 309.70597014925374
gen: 74 best: 268.4 mean: 309.4965174129353
gen: 75 best: 268.4 mean: 310.08358208955224
gen: 76 best: 268.4 mean: 309.1283582089552
gen: 77 best: 268.4 mean: 309.07462686567163
gen: 78 best: 268.4 mean: 308.5875621890547
gen: 79 best: 268.4 mean: 309.34726368159204
gen: 80 best: 268.4 mean: 309.618407960199
gen: 81 best: 268.4 mean: 308.9154228855721
gen: 82 best: 268.4 mean: 308.7343283582089
gen: 83 best: 268.4 mean: 309.37412935323385
gen: 84 best: 268.4 mean: 308.10547263681593
gen: 85 best: 268.4 mean: 308.8462686567164
gen: 86 best: 268.4 mean: 308.48805970149255
gen: 87 best: 268.4 mean: 307.8636815920398
gen: 88 best: 268.4 mean: 308.06119402985075
gen: 89 best: 268.4 mean: 307.03383084577115
gen: 90 best: 268.4 mean: 307.6860696517413
gen: 91 best: 268.4 mean: 308.08706467661693
gen: 92 best: 268.4 mean: 307.8094527363184
gen: 93 best: 268.4 mean: 306.11044776119405
gen: 94 best: 268.4 mean: 306.3407960199005
gen: 95 best: 268.4 mean: 307.18756218905474
gen: 96 best: 268.4 mean: 306.8278606965174
gen: 97 best: 268.4 mean: 306.07910447761196
gen: 98 best: 268.4 mean: 305.6189054726368
gen: 99 best: 268.4 mean: 306.11442786069654
[9, 8, 7, 11, 9, 8, 8, 10, 8, 9, 8, 9, 8, 8, 8, 8, 9, 8, 12, 8, 9, 11, 9, 8, 9, 9, 8, 9, 8, 10, 8, 9, 9, 9, 9, 8, 8, 8, 8, 8, 8, 7, 10, 10, 8, 11, 9, 10]
Test count of edges: 1581
cat
