Defaulting to user installation because normal site-packages is not writeable
Looking in links: /cvmfs/soft.computecanada.ca/custom/python/wheelhouse/gentoo/avx2, /cvmfs/soft.computecanada.ca/custom/python/wheelhouse/gentoo/generic, /cvmfs/soft.computecanada.ca/custom/python/wheelhouse/generic
Requirement already satisfied: graphviz in /home/js17sy/.local/lib/python3.10/site-packages (0.20)
44; python ga.py 9 512N_graph9.dat 0.025 0.01 0.5 0.7 0.3 201 512N_graph9strictgen2rem50_ 399854
/project/6008788/js17sy/reopenga/512b/ga.py:291: DeprecationWarning: Sampling from a set deprecated
since Python 3.9 and will be removed in a subsequent version.
  child1 = set(random.sample(
gen >0, new best = 316.800
gen >0, new best = 306.000
gen >0, new best = 297.800
gen >0, new best = 297.300
gen >0, new best = 282.800
gen: 0 best: 282.8 mean: 311.7907960199005
gen: 1 best: 282.8 mean: 311.7950248756219
gen: 2 best: 282.8 mean: 310.565671641791
gen: 3 best: 282.8 mean: 309.28905472636814
gen: 4 best: 282.8 mean: 309.44029850746267
gen: 5 best: 282.8 mean: 307.8497512437811
gen >6, new best = 274.500
gen: 6 best: 274.5 mean: 306.7820895522388
gen: 7 best: 274.5 mean: 307.5547263681592
gen: 8 best: 274.5 mean: 306.036815920398
gen: 9 best: 274.5 mean: 304.0477611940299
gen: 10 best: 274.5 mean: 304.1756218905473
gen: 11 best: 274.5 mean: 302.79004975124377
gen: 12 best: 274.5 mean: 302.39850746268655
gen >13, new best = 268.700
gen: 13 best: 268.7 mean: 301.6318407960199
gen: 14 best: 268.7 mean: 299.85970149253734
gen >15, new best = 262.100
gen: 15 best: 262.1 mean: 299.80149253731344
gen: 16 best: 262.1 mean: 300.0328358208955
gen: 17 best: 262.1 mean: 299.5880597014925
gen: 18 best: 262.1 mean: 298.5860696517413
gen: 19 best: 262.1 mean: 296.73383084577114
gen: 20 best: 262.1 mean: 296.018407960199
gen: 21 best: 262.1 mean: 294.41641791044776
gen: 22 best: 262.1 mean: 294.22089552238805
gen: 23 best: 262.1 mean: 293.9009950248756
gen: 24 best: 262.1 mean: 294.3587064676617
gen: 25 best: 262.1 mean: 293.8039800995025
gen: 26 best: 262.1 mean: 293.6009950248756
gen: 27 best: 262.1 mean: 293.71890547263683
gen: 28 best: 262.1 mean: 291.57114427860694
gen: 29 best: 262.1 mean: 292.48059701492537
gen: 30 best: 262.1 mean: 291.91641791044776
gen: 31 best: 262.1 mean: 291.5875621890547
gen >32, new best = 261.200
gen: 32 best: 261.2 mean: 290.8039800995025
gen: 33 best: 261.2 mean: 290.2179104477612
gen: 34 best: 261.2 mean: 290.0462686567164
gen: 35 best: 261.2 mean: 290.5049751243781
gen: 36 best: 261.2 mean: 289.5691542288557
gen: 37 best: 261.2 mean: 288.67114427860696
gen: 38 best: 261.2 mean: 288.3412935323383
gen: 39 best: 261.2 mean: 288.0601990049751
gen: 40 best: 261.2 mean: 285.7348258706468
gen: 41 best: 261.2 mean: 286.40746268656716
gen: 42 best: 261.2 mean: 286.57910447761196
gen: 43 best: 261.2 mean: 287.3805970149254
gen: 44 best: 261.2 mean: 287.1810945273632
gen: 45 best: 261.2 mean: 285.0144278606965
gen: 46 best: 261.2 mean: 284.90248756218904
gen >47, new best = 253.900
gen: 47 best: 253.9 mean: 283.62388059701493
gen: 48 best: 253.9 mean: 284.12139303482587
gen: 49 best: 253.9 mean: 282.42587064676616
gen: 50 best: 253.9 mean: 283.4049751243781
gen >51, new best = 241.100
gen: 51 best: 241.1 mean: 281.7233830845771
gen: 52 best: 241.1 mean: 280.2014925373134
gen: 53 best: 241.1 mean: 280.1268656716418
gen: 54 best: 241.1 mean: 280.43681592039803
gen: 55 best: 241.1 mean: 280.01194029850745
gen: 56 best: 241.1 mean: 280.05572139303484
gen: 57 best: 241.1 mean: 280.11641791044775
gen: 58 best: 241.1 mean: 279.3636815920398
gen: 59 best: 241.1 mean: 279.4228855721393
gen: 60 best: 241.1 mean: 278.38756218905473
gen: 61 best: 241.1 mean: 278.59850746268654
gen: 62 best: 241.1 mean: 277.3363184079602
gen: 63 best: 241.1 mean: 278.7840796019901
gen: 64 best: 241.1 mean: 277.7786069651741
gen: 65 best: 241.1 mean: 277.4870646766169
gen: 66 best: 241.1 mean: 277.23034825870644
gen: 67 best: 241.1 mean: 276.5820895522388
gen: 68 best: 241.1 mean: 275.67164179104475
gen: 69 best: 241.1 mean: 276.58507462686566
gen: 70 best: 241.1 mean: 275.636815920398
gen: 71 best: 241.1 mean: 276.0169154228856
gen: 72 best: 241.1 mean: 276.6039800995025
gen: 73 best: 241.1 mean: 276.4636815920398
gen: 74 best: 241.1 mean: 275.918407960199
gen: 75 best: 241.1 mean: 275.64228855721393
gen: 76 best: 241.1 mean: 273.94825870646764
gen: 77 best: 241.1 mean: 273.93283582089555
gen: 78 best: 241.1 mean: 273.7875621890547
gen: 79 best: 241.1 mean: 274.7044776119403
gen: 80 best: 241.1 mean: 273.20796019900496
gen: 81 best: 241.1 mean: 273.9233830845771
gen: 82 best: 241.1 mean: 273.01592039800994
gen: 83 best: 241.1 mean: 272.8646766169154
gen: 84 best: 241.1 mean: 273.0636815920398
gen: 85 best: 241.1 mean: 273.01144278606967
gen: 86 best: 241.1 mean: 271.46965174129355
gen: 87 best: 241.1 mean: 272.5786069651741
gen: 88 best: 241.1 mean: 272.19751243781093
gen: 89 best: 241.1 mean: 271.39850746268655
gen: 90 best: 241.1 mean: 272.3313432835821
gen >91, new best = 239.500
gen: 91 best: 239.5 mean: 271.6427860696517
gen: 92 best: 239.5 mean: 271.50646766169154
gen: 93 best: 239.5 mean: 271.29701492537316
gen: 94 best: 239.5 mean: 270.80099502487565
gen: 95 best: 239.5 mean: 271.27363184079604
gen: 96 best: 239.5 mean: 271.24328358208953
gen: 97 best: 239.5 mean: 270.6189054726368
gen >98, new best = 239.400
gen: 98 best: 239.4 mean: 271.5089552238806
gen: 99 best: 239.4 mean: 269.6228855721393
[10, 13, 11, 12, 11, 11, 9, 10, 11, 10, 11, 9, 9, 11, 10, 11, 13, 10, 10, 11, 11, 11, 9, 11, 12, 12, 9, 11, 12, 13, 12, 8, 8, 10, 9, 9, 11, 12, 11, 12, 10, 10, 9, 10, 9, 9]
Test count of edges: 1603
cat
