Defaulting to user installation because normal site-packages is not writeable
Looking in links: /cvmfs/soft.computecanada.ca/custom/python/wheelhouse/gentoo/avx2, /cvmfs/soft.computecanada.ca/custom/python/wheelhouse/gentoo/generic, /cvmfs/soft.computecanada.ca/custom/python/wheelhouse/generic
Requirement already satisfied: graphviz in /home/js17sy/.local/lib/python3.10/site-packages (0.20)
85; python ga.py 9 512N_graph9.dat 0.025 0.01 0.5 0.9 0.1 201 512N_graph9strictgen3rem50_ 714025
/project/6008788/js17sy/reopenga/512b/ga.py:291: DeprecationWarning: Sampling from a set deprecated
since Python 3.9 and will be removed in a subsequent version.
  child1 = set(random.sample(
gen >0, new best = 308.300
gen >0, new best = 301.600
gen >0, new best = 291.100
gen: 0 best: 291.1 mean: 312.6072139303483
gen >1, new best = 287.200
gen: 1 best: 287.2 mean: 311.07562189054727
gen >2, new best = 275.200
gen: 2 best: 275.2 mean: 309.14776119402984
gen: 3 best: 275.2 mean: 308.30298507462686
gen: 4 best: 275.2 mean: 308.065671641791
gen: 5 best: 275.2 mean: 307.0621890547264
gen: 6 best: 275.2 mean: 307.4781094527363
gen >7, new best = 270.500
gen: 7 best: 270.5 mean: 305.94029850746267
gen: 8 best: 270.5 mean: 304.9089552238806
gen: 9 best: 270.5 mean: 303.99203980099503
gen: 10 best: 270.5 mean: 302.5144278606965
gen: 11 best: 270.5 mean: 301.49701492537315
gen: 12 best: 270.5 mean: 300.4417910447761
gen: 13 best: 270.5 mean: 298.7950248756219
gen >14, new best = 263.900
gen: 14 best: 263.9 mean: 299.0845771144279
gen: 15 best: 263.9 mean: 297.6373134328358
gen: 16 best: 263.9 mean: 295.6223880597015
gen >17, new best = 251.700
gen: 17 best: 251.7 mean: 295.7985074626866
gen: 18 best: 251.7 mean: 295.16169154228857
gen: 19 best: 251.7 mean: 293.7601990049751
gen: 20 best: 251.7 mean: 293.50646766169154
gen: 21 best: 251.7 mean: 291.8990049751244
gen: 22 best: 251.7 mean: 290.99751243781094
gen: 23 best: 251.7 mean: 289.7502487562189
gen: 24 best: 251.7 mean: 288.0905472636816
gen: 25 best: 251.7 mean: 288.7283582089552
gen: 26 best: 251.7 mean: 287.98855721393033
gen: 27 best: 251.7 mean: 287.94776119402985
gen: 28 best: 251.7 mean: 287.3457711442786
gen: 29 best: 251.7 mean: 284.84328358208955
gen: 30 best: 251.7 mean: 285.60646766169157
gen: 31 best: 251.7 mean: 284.41840796019903
gen: 32 best: 251.7 mean: 284.42388059701494
gen: 33 best: 251.7 mean: 282.3592039800995
gen: 34 best: 251.7 mean: 282.5661691542289
gen: 35 best: 251.7 mean: 281.4373134328358
gen >36, new best = 242.500
gen: 36 best: 242.5 mean: 279.881592039801
gen: 37 best: 242.5 mean: 278.9915422885572
gen: 38 best: 242.5 mean: 279.0134328358209
gen: 39 best: 242.5 mean: 278.28805970149256
gen: 40 best: 242.5 mean: 277.0
gen: 41 best: 242.5 mean: 277.51542288557215
gen: 42 best: 242.5 mean: 276.7805970149254
gen: 43 best: 242.5 mean: 277.0621890547264
gen: 44 best: 242.5 mean: 275.44726368159206
gen: 45 best: 242.5 mean: 274.8139303482587
gen: 46 best: 242.5 mean: 274.0054726368159
gen: 47 best: 242.5 mean: 273.73830845771147
gen: 48 best: 242.5 mean: 272.56069651741296
gen: 49 best: 242.5 mean: 271.2746268656716
gen: 50 best: 242.5 mean: 270.6457711442786
gen >51, new best = 238.800
gen: 51 best: 238.8 mean: 271.0049751243781
gen: 52 best: 238.8 mean: 270.2328358208955
gen: 53 best: 238.8 mean: 269.9318407960199
gen: 54 best: 238.8 mean: 269.2676616915423
gen: 55 best: 238.8 mean: 269.7223880597015
gen: 56 best: 238.8 mean: 268.4308457711443
gen: 57 best: 238.8 mean: 268.81194029850747
gen: 58 best: 238.8 mean: 267.72487562189053
gen: 59 best: 238.8 mean: 268.4139303482587
gen >60, new best = 234.400
gen: 60 best: 234.4 mean: 267.4124378109453
gen: 61 best: 234.4 mean: 268.54129353233833
gen: 62 best: 234.4 mean: 268.17462686567166
gen: 63 best: 234.4 mean: 267.3517412935323
gen: 64 best: 234.4 mean: 266.31194029850747
gen >65, new best = 233.700
gen: 65 best: 233.7 mean: 264.8587064676617
gen: 66 best: 233.7 mean: 264.6636815920398
gen: 67 best: 233.7 mean: 264.9800995024876
gen: 68 best: 233.7 mean: 264.94726368159206
gen: 69 best: 233.7 mean: 263.9865671641791
gen: 70 best: 233.7 mean: 263.62039800995024
gen: 71 best: 233.7 mean: 263.6119402985075
gen: 72 best: 233.7 mean: 263.03880597014927
gen: 73 best: 233.7 mean: 264.5442786069652
gen: 74 best: 233.7 mean: 263.0407960199005
gen >75, new best = 227.900
gen: 75 best: 227.9 mean: 262.93532338308455
gen: 76 best: 227.9 mean: 262.607960199005
gen: 77 best: 227.9 mean: 262.6592039800995
gen: 78 best: 227.9 mean: 262.83383084577116
gen: 79 best: 227.9 mean: 262.93333333333334
gen: 80 best: 227.9 mean: 262.9686567164179
gen: 81 best: 227.9 mean: 261.3358208955224
gen: 82 best: 227.9 mean: 262.48059701492537
gen: 83 best: 227.9 mean: 262.0293532338308
gen: 84 best: 227.9 mean: 263.02487562189054
gen: 85 best: 227.9 mean: 260.78507462686565
gen: 86 best: 227.9 mean: 262.10696517412936
gen: 87 best: 227.9 mean: 261.96567164179106
gen: 88 best: 227.9 mean: 262.1850746268657
gen: 89 best: 227.9 mean: 261.3970149253731
gen: 90 best: 227.9 mean: 260.8641791044776
gen: 91 best: 227.9 mean: 260.54825870646766
gen >92, new best = 222.300
gen: 92 best: 222.3 mean: 259.7343283582089
gen: 93 best: 222.3 mean: 260.51144278606967
gen: 94 best: 222.3 mean: 259.41144278606964
gen: 95 best: 222.3 mean: 260.5512437810945
gen: 96 best: 222.3 mean: 259.7910447761194
gen >97, new best = 220.200
gen: 97 best: 220.2 mean: 258.16766169154226
gen: 98 best: 220.2 mean: 259.90149253731346
gen: 99 best: 220.2 mean: 259.4577114427861
[10, 12, 12, 9, 9, 10, 11, 13, 14, 10, 11, 11, 12, 11, 11, 13, 9, 10, 10, 10, 10, 11, 12, 10, 12, 10, 11, 11, 10, 10, 9, 12, 9, 11, 11, 11, 13, 9, 10, 11, 10, 9, 12, 10, 11, 12, 11, 9, 11]
Test count of edges: 1582
cat
