Defaulting to user installation because normal site-packages is not writeable
Looking in links: /cvmfs/soft.computecanada.ca/custom/python/wheelhouse/gentoo/avx2, /cvmfs/soft.computecanada.ca/custom/python/wheelhouse/gentoo/generic, /cvmfs/soft.computecanada.ca/custom/python/wheelhouse/generic
Requirement already satisfied: graphviz in /home/js17sy/.local/lib/python3.10/site-packages (0.20)
255; python ga.py 9 512N_graph9.dat 0.05 0.02 0.5 0.9 0.1 201 512N_graph9mediumgen3rem50_ 428415
/project/6008788/js17sy/reopenga/512b/ga.py:291: DeprecationWarning: Sampling from a set deprecated
since Python 3.9 and will be removed in a subsequent version.
  child1 = set(random.sample(
gen >0, new best = 326.300
gen >0, new best = 322.200
gen >0, new best = 320.000
gen >0, new best = 315.800
gen >0, new best = 314.500
gen >0, new best = 308.500
gen: 0 best: 308.5 mean: 328.463184079602
gen >1, new best = 287.200
gen: 1 best: 287.2 mean: 326.934328358209
gen: 2 best: 287.2 mean: 326.61641791044775
gen: 3 best: 287.2 mean: 326.3333333333333
gen: 4 best: 287.2 mean: 325.7562189054726
gen: 5 best: 287.2 mean: 324.77213930348256
gen: 6 best: 287.2 mean: 323.9562189054726
gen: 7 best: 287.2 mean: 322.88557213930346
gen: 8 best: 287.2 mean: 322.36567164179104
gen: 9 best: 287.2 mean: 322.0532338308458
gen >10, new best = 285.200
gen: 10 best: 285.2 mean: 321.10199004975124
gen: 11 best: 285.2 mean: 320.35820895522386
gen: 12 best: 285.2 mean: 319.2855721393035
gen: 13 best: 285.2 mean: 318.72487562189053
gen >14, new best = 281.900
gen: 14 best: 281.9 mean: 317.97711442786067
gen: 15 best: 281.9 mean: 317.5880597014925
gen: 16 best: 281.9 mean: 316.7328358208955
gen: 17 best: 281.9 mean: 315.2363184079602
gen >18, new best = 281.300
gen: 18 best: 281.3 mean: 314.4283582089552
gen: 19 best: 281.3 mean: 314.4412935323383
gen: 20 best: 281.3 mean: 313.9462686567164
gen: 21 best: 281.3 mean: 313.1452736318408
gen >22, new best = 273.700
gen: 22 best: 273.7 mean: 311.6338308457711
gen: 23 best: 273.7 mean: 310.46965174129355
gen: 24 best: 273.7 mean: 310.7129353233831
gen: 25 best: 273.7 mean: 308.99004975124376
gen: 26 best: 273.7 mean: 309.37064676616916
gen: 27 best: 273.7 mean: 307.6009950248756
gen: 28 best: 273.7 mean: 307.1029850746269
gen: 29 best: 273.7 mean: 305.97512437810946
gen: 30 best: 273.7 mean: 306.2179104477612
gen: 31 best: 273.7 mean: 305.90597014925373
gen: 32 best: 273.7 mean: 305.11442786069654
gen: 33 best: 273.7 mean: 304.87014925373137
gen: 34 best: 273.7 mean: 303.9761194029851
gen: 35 best: 273.7 mean: 302.8900497512438
gen >36, new best = 267.100
gen: 36 best: 267.1 mean: 302.4303482587065
gen: 37 best: 267.1 mean: 301.3044776119403
gen: 38 best: 267.1 mean: 300.3626865671642
gen: 39 best: 267.1 mean: 300.0268656716418
gen: 40 best: 267.1 mean: 299.0144278606965
gen: 41 best: 267.1 mean: 299.3686567164179
gen: 42 best: 267.1 mean: 297.39104477611943
gen: 43 best: 267.1 mean: 297.3149253731343
gen: 44 best: 267.1 mean: 297.05572139303484
gen: 45 best: 267.1 mean: 296.77213930348256
gen: 46 best: 267.1 mean: 295.4820895522388
gen: 47 best: 267.1 mean: 296.4820895522388
gen: 48 best: 267.1 mean: 293.8845771144279
gen: 49 best: 267.1 mean: 295.7194029850746
gen: 50 best: 267.1 mean: 292.7820895522388
gen: 51 best: 267.1 mean: 293.0089552238806
gen: 52 best: 267.1 mean: 292.7412935323383
gen: 53 best: 267.1 mean: 291.60646766169157
gen: 54 best: 267.1 mean: 290.4706467661691
gen >55, new best = 265.500
gen: 55 best: 265.5 mean: 289.9995024875622
gen: 56 best: 265.5 mean: 290.27512437810947
gen: 57 best: 265.5 mean: 289.20995024875623
gen >58, new best = 259.900
gen: 58 best: 259.9 mean: 288.78109452736317
gen: 59 best: 259.9 mean: 288.5402985074627
gen: 60 best: 259.9 mean: 288.67064676616917
gen: 61 best: 259.9 mean: 287.7805970149254
gen: 62 best: 259.9 mean: 287.32089552238807
gen: 63 best: 259.9 mean: 287.0606965174129
gen: 64 best: 259.9 mean: 286.1905472636816
gen: 65 best: 259.9 mean: 286.00696517412933
gen: 66 best: 259.9 mean: 284.57412935323384
gen >67, new best = 249.300
gen: 67 best: 249.3 mean: 285.65671641791045
gen: 68 best: 249.3 mean: 284.3
gen: 69 best: 249.3 mean: 284.0268656716418
gen: 70 best: 249.3 mean: 283.48955223880597
gen: 71 best: 249.3 mean: 283.81641791044774
gen: 72 best: 249.3 mean: 283.58308457711445
gen: 73 best: 249.3 mean: 282.8641791044776
gen: 74 best: 249.3 mean: 282.3407960199005
gen: 75 best: 249.3 mean: 282.59303482587063
gen: 76 best: 249.3 mean: 282.28905472636814
gen: 77 best: 249.3 mean: 282.210447761194
gen >78, new best = 246.900
gen: 78 best: 246.9 mean: 280.60199004975124
gen: 79 best: 246.9 mean: 281.2870646766169
gen: 80 best: 246.9 mean: 281.4955223880597
gen: 81 best: 246.9 mean: 281.2587064676617
gen: 82 best: 246.9 mean: 280.45124378109455
gen: 83 best: 246.9 mean: 280.26965174129356
gen: 84 best: 246.9 mean: 280.3452736318408
gen >85, new best = 245.200
gen: 85 best: 245.2 mean: 280.7656716417911
gen: 86 best: 245.2 mean: 279.86169154228855
gen: 87 best: 245.2 mean: 279.3587064676617
gen: 88 best: 245.2 mean: 279.45124378109455
gen: 89 best: 245.2 mean: 278.592039800995
gen: 90 best: 245.2 mean: 278.963184079602
gen: 91 best: 245.2 mean: 279.2950248756219
gen: 92 best: 245.2 mean: 278.56716417910445
gen: 93 best: 245.2 mean: 278.04328358208954
gen: 94 best: 245.2 mean: 277.98855721393033
gen: 95 best: 245.2 mean: 277.83781094527365
gen: 96 best: 245.2 mean: 278.1
gen: 97 best: 245.2 mean: 277.06666666666666
gen: 98 best: 245.2 mean: 278.6781094527363
gen: 99 best: 245.2 mean: 278.01890547263685
[11, 10, 11, 10, 9, 11, 10, 9, 9, 8, 8, 9, 9, 10, 8, 9, 9, 8, 10, 8, 11, 9, 9, 8, 8, 9, 9, 9, 8, 9, 9, 8, 8, 9, 8, 9, 8, 8, 10, 11, 9, 8, 10, 10, 11, 9, 9, 10]
Test count of edges: 1583
cat
