Defaulting to user installation because normal site-packages is not writeable
Looking in links: /cvmfs/soft.computecanada.ca/custom/python/wheelhouse/gentoo/avx2, /cvmfs/soft.computecanada.ca/custom/python/wheelhouse/gentoo/generic, /cvmfs/soft.computecanada.ca/custom/python/wheelhouse/generic
Requirement already satisfied: graphviz in /home/js17sy/.local/lib/python3.10/site-packages (0.20)
14; python ga.py 9 512N_graph9.dat 0.025 0.01 0.5 0.5 0.5 201 512N_graph9strictgen1rem50_ 399854
/project/6008788/js17sy/reopenga/512b/ga.py:291: DeprecationWarning: Sampling from a set deprecated
since Python 3.9 and will be removed in a subsequent version.
  child1 = set(random.sample(
gen >0, new best = 316.800
gen >0, new best = 306.000
gen >0, new best = 297.800
gen >0, new best = 297.300
gen >0, new best = 282.800
gen: 0 best: 282.8 mean: 311.7907960199005
gen >1, new best = 273.200
gen: 1 best: 273.2 mean: 311.5696517412935
gen: 2 best: 273.2 mean: 309.3950248756219
gen: 3 best: 273.2 mean: 309.29402985074626
gen: 4 best: 273.2 mean: 309.6139303482587
gen: 5 best: 273.2 mean: 308.6149253731343
gen: 6 best: 273.2 mean: 307.4850746268657
gen >7, new best = 263.700
gen: 7 best: 263.7 mean: 306.3258706467662
gen: 8 best: 263.7 mean: 306.49900497512436
gen: 9 best: 263.7 mean: 305.39452736318407
gen: 10 best: 263.7 mean: 303.87810945273634
gen: 11 best: 263.7 mean: 304.2915422885572
gen: 12 best: 263.7 mean: 303.31243781094526
gen: 13 best: 263.7 mean: 303.8
gen: 14 best: 263.7 mean: 303.37114427860695
gen >15, new best = 260.000
gen: 15 best: 260.0 mean: 302.46616915422885
gen: 16 best: 260.0 mean: 302.79353233830847
gen >17, new best = 259.100
gen: 17 best: 259.1 mean: 302.4681592039801
gen: 18 best: 259.1 mean: 301.63283582089554
gen: 19 best: 259.1 mean: 299.90199004975125
gen: 20 best: 259.1 mean: 301.1318407960199
gen: 21 best: 259.1 mean: 299.89800995024876
gen: 22 best: 259.1 mean: 299.12189054726366
gen: 23 best: 259.1 mean: 298.70049751243783
gen: 24 best: 259.1 mean: 298.2402985074627
gen: 25 best: 259.1 mean: 297.1885572139303
gen: 26 best: 259.1 mean: 296.99303482587067
gen: 27 best: 259.1 mean: 296.2671641791045
gen: 28 best: 259.1 mean: 296.58706467661693
gen: 29 best: 259.1 mean: 296.86567164179104
gen: 30 best: 259.1 mean: 296.1044776119403
gen: 31 best: 259.1 mean: 295.79950248756217
gen: 32 best: 259.1 mean: 296.19701492537314
gen: 33 best: 259.1 mean: 295.2960199004975
gen: 34 best: 259.1 mean: 295.32686567164177
gen: 35 best: 259.1 mean: 295.8422885572139
gen: 36 best: 259.1 mean: 295.1487562189055
gen: 37 best: 259.1 mean: 294.5402985074627
gen: 38 best: 259.1 mean: 295.1338308457712
gen: 39 best: 259.1 mean: 294.7144278606965
gen: 40 best: 259.1 mean: 293.4761194029851
gen: 41 best: 259.1 mean: 293.55572139303484
gen: 42 best: 259.1 mean: 292.2407960199005
gen: 43 best: 259.1 mean: 293.4228855721393
gen: 44 best: 259.1 mean: 292.6925373134328
gen: 45 best: 259.1 mean: 291.863184079602
gen: 46 best: 259.1 mean: 291.8641791044776
gen: 47 best: 259.1 mean: 292.710447761194
gen: 48 best: 259.1 mean: 292.63283582089554
gen >49, new best = 258.700
gen: 49 best: 258.7 mean: 290.4965174129353
gen: 50 best: 258.7 mean: 291.32338308457713
gen: 51 best: 258.7 mean: 291.64179104477614
gen: 52 best: 258.7 mean: 290.49800995024873
gen: 53 best: 258.7 mean: 290.5179104477612
gen: 54 best: 258.7 mean: 289.37512437810943
gen: 55 best: 258.7 mean: 288.4009950248756
gen: 56 best: 258.7 mean: 288.2592039800995
gen: 57 best: 258.7 mean: 288.03432835820894
gen >58, new best = 245.800
gen: 58 best: 245.8 mean: 288.71890547263683
gen: 59 best: 245.8 mean: 287.4009950248756
gen: 60 best: 245.8 mean: 287.1507462686567
gen: 61 best: 245.8 mean: 287.3776119402985
gen: 62 best: 245.8 mean: 288.41094527363185
gen: 63 best: 245.8 mean: 287.62139303482587
gen: 64 best: 245.8 mean: 286.8004975124378
gen: 65 best: 245.8 mean: 286.8134328358209
gen: 66 best: 245.8 mean: 287.72039800995026
gen: 67 best: 245.8 mean: 285.44726368159206
gen: 68 best: 245.8 mean: 285.51592039800994
gen: 69 best: 245.8 mean: 286.97960199004973
gen: 70 best: 245.8 mean: 286.62587064676615
gen: 71 best: 245.8 mean: 286.45174129353234
gen: 72 best: 245.8 mean: 285.95870646766167
gen: 73 best: 245.8 mean: 286.46666666666664
gen: 74 best: 245.8 mean: 286.08905472636815
gen: 75 best: 245.8 mean: 285.50845771144276
gen: 76 best: 245.8 mean: 285.271144278607
gen: 77 best: 245.8 mean: 284.263184079602
gen: 78 best: 245.8 mean: 282.56666666666666
gen: 79 best: 245.8 mean: 283.9099502487562
gen: 80 best: 245.8 mean: 283.718407960199
gen: 81 best: 245.8 mean: 283.9044776119403
gen: 82 best: 245.8 mean: 283.2273631840796
gen: 83 best: 245.8 mean: 283.29253731343283
gen: 84 best: 245.8 mean: 283.14726368159205
gen: 85 best: 245.8 mean: 283.2512437810945
gen >86, new best = 240.300
gen: 86 best: 240.3 mean: 281.7323383084577
gen: 87 best: 240.3 mean: 281.86716417910446
gen: 88 best: 240.3 mean: 281.6721393034826
gen: 89 best: 240.3 mean: 282.62039800995024
gen: 90 best: 240.3 mean: 281.64179104477614
gen: 91 best: 240.3 mean: 281.5318407960199
gen: 92 best: 240.3 mean: 280.54328358208954
gen: 93 best: 240.3 mean: 280.9034825870647
gen: 94 best: 240.3 mean: 280.1681592039801
gen: 95 best: 240.3 mean: 280.8955223880597
gen: 96 best: 240.3 mean: 279.04676616915424
gen: 97 best: 240.3 mean: 278.7985074626866
gen: 98 best: 240.3 mean: 278.789552238806
gen: 99 best: 240.3 mean: 279.281592039801
[13, 12, 10, 11, 10, 13, 10, 12, 12, 13, 11, 11, 11, 9, 11, 14, 11, 11, 11, 11, 12, 10, 10, 11, 13, 10, 12, 12, 10, 11, 11, 9, 12, 11, 12, 13, 10, 9, 10, 13, 14, 13, 9, 12, 13, 12, 14, 10]
Test count of edges: 1609
cat
