Defaulting to user installation because normal site-packages is not writeable
Looking in links: /cvmfs/soft.computecanada.ca/custom/python/wheelhouse/gentoo/avx2, /cvmfs/soft.computecanada.ca/custom/python/wheelhouse/gentoo/generic, /cvmfs/soft.computecanada.ca/custom/python/wheelhouse/generic
Requirement already satisfied: graphviz in /home/js17sy/.local/lib/python3.10/site-packages (0.20)
70; python ga.py 9 512N_graph9.dat 0.025 0.01 0.5 0.9 0.1 201 512N_graph9strictgen3rem50_ 285610
/project/6008788/js17sy/reopenga/512b/ga.py:291: DeprecationWarning: Sampling from a set deprecated
since Python 3.9 and will be removed in a subsequent version.
  child1 = set(random.sample(
gen >0, new best = 313.300
gen >0, new best = 310.100
gen >0, new best = 309.600
gen >0, new best = 307.800
gen >0, new best = 302.500
gen >0, new best = 297.400
gen >0, new best = 293.400
gen: 0 best: 293.4 mean: 312.2997512437811
gen: 1 best: 293.4 mean: 311.9691542288557
gen >2, new best = 292.200
gen: 2 best: 292.2 mean: 310.1318407960199
gen >3, new best = 290.800
gen >3, new best = 276.200
gen: 3 best: 276.2 mean: 309.18955223880596
gen: 4 best: 276.2 mean: 308.1303482587065
gen: 5 best: 276.2 mean: 307.67064676616917
gen: 6 best: 276.2 mean: 307.77562189054726
gen: 7 best: 276.2 mean: 306.9
gen: 8 best: 276.2 mean: 306.4233830845771
gen: 9 best: 276.2 mean: 305.00845771144276
gen: 10 best: 276.2 mean: 304.8865671641791
gen: 11 best: 276.2 mean: 304.25223880597014
gen: 12 best: 276.2 mean: 302.9452736318408
gen >13, new best = 276.000
gen: 13 best: 276.0 mean: 302.18059701492535
gen >14, new best = 275.000
gen: 14 best: 275.0 mean: 301.45671641791046
gen: 15 best: 275.0 mean: 299.61990049751245
gen: 16 best: 275.0 mean: 298.4502487562189
gen >17, new best = 274.700
gen: 17 best: 274.7 mean: 297.7616915422886
gen >18, new best = 265.100
gen: 18 best: 265.1 mean: 297.4965174129353
gen: 19 best: 265.1 mean: 296.6044776119403
gen: 20 best: 265.1 mean: 294.6134328358209
gen: 21 best: 265.1 mean: 293.60646766169157
gen: 22 best: 265.1 mean: 293.7159203980099
gen: 23 best: 265.1 mean: 293.62388059701493
gen: 24 best: 265.1 mean: 291.9616915422886
gen: 25 best: 265.1 mean: 291.9726368159204
gen: 26 best: 265.1 mean: 290.76666666666665
gen >27, new best = 259.600
gen: 27 best: 259.6 mean: 289.3144278606965
gen: 28 best: 259.6 mean: 288.57412935323384
gen: 29 best: 259.6 mean: 287.9910447761194
gen: 30 best: 259.6 mean: 288.33034825870647
gen: 31 best: 259.6 mean: 287.00298507462685
gen: 32 best: 259.6 mean: 288.00696517412933
gen: 33 best: 259.6 mean: 285.7781094527363
gen: 34 best: 259.6 mean: 284.5094527363184
gen >35, new best = 258.200
gen: 35 best: 258.2 mean: 284.8179104477612
gen >36, new best = 254.500
gen: 36 best: 254.5 mean: 283.85273631840795
gen: 37 best: 254.5 mean: 284.3074626865672
gen >38, new best = 248.100
gen: 38 best: 248.1 mean: 283.1283582089552
gen: 39 best: 248.1 mean: 283.72039800995026
gen: 40 best: 248.1 mean: 283.0542288557214
gen: 41 best: 248.1 mean: 283.2691542288557
gen: 42 best: 248.1 mean: 282.45323383084576
gen: 43 best: 248.1 mean: 282.28905472636814
gen: 44 best: 248.1 mean: 281.5910447761194
gen: 45 best: 248.1 mean: 280.4965174129353
gen >46, new best = 242.300
gen: 46 best: 242.3 mean: 280.0109452736318
gen: 47 best: 242.3 mean: 279.85970149253734
gen: 48 best: 242.3 mean: 278.53333333333336
gen: 49 best: 242.3 mean: 279.8422885572139
gen: 50 best: 242.3 mean: 278.2029850746269
gen: 51 best: 242.3 mean: 277.9452736318408
gen: 52 best: 242.3 mean: 277.5900497512438
gen: 53 best: 242.3 mean: 276.5681592039801
gen: 54 best: 242.3 mean: 276.8492537313433
gen: 55 best: 242.3 mean: 277.3457711442786
gen: 56 best: 242.3 mean: 276.75373134328356
gen: 57 best: 242.3 mean: 275.97711442786067
gen >58, new best = 238.000
gen: 58 best: 238.0 mean: 274.836815920398
gen: 59 best: 238.0 mean: 275.73034825870644
gen: 60 best: 238.0 mean: 274.1830845771144
gen: 61 best: 238.0 mean: 273.80845771144277
gen: 62 best: 238.0 mean: 274.35074626865674
gen: 63 best: 238.0 mean: 273.281592039801
gen: 64 best: 238.0 mean: 273.247263681592
gen: 65 best: 238.0 mean: 271.99900497512436
gen: 66 best: 238.0 mean: 272.0626865671642
gen: 67 best: 238.0 mean: 272.1427860696517
gen: 68 best: 238.0 mean: 271.1462686567164
gen: 69 best: 238.0 mean: 271.87661691542286
gen: 70 best: 238.0 mean: 271.43830845771146
gen: 71 best: 238.0 mean: 270.4094527363184
gen: 72 best: 238.0 mean: 271.20248756218905
gen: 73 best: 238.0 mean: 270.5781094527363
gen: 74 best: 238.0 mean: 269.8756218905473
gen: 75 best: 238.0 mean: 270.07910447761196
gen: 76 best: 238.0 mean: 269.6726368159204
gen: 77 best: 238.0 mean: 270.1427860696517
gen: 78 best: 238.0 mean: 269.8273631840796
gen: 79 best: 238.0 mean: 269.2124378109453
gen: 80 best: 238.0 mean: 269.80845771144277
gen: 81 best: 238.0 mean: 270.1094527363184
gen: 82 best: 238.0 mean: 268.8462686567164
gen: 83 best: 238.0 mean: 269.97960199004973
gen >84, new best = 235.500
gen: 84 best: 235.5 mean: 268.23830845771147
gen: 85 best: 235.5 mean: 268.7273631840796
gen: 86 best: 235.5 mean: 267.7467661691542
gen: 87 best: 235.5 mean: 268.43134328358207
gen: 88 best: 235.5 mean: 267.56716417910445
gen: 89 best: 235.5 mean: 267.52089552238806
gen: 90 best: 235.5 mean: 266.6636815920398
gen: 91 best: 235.5 mean: 267.5004975124378
gen: 92 best: 235.5 mean: 266.8189054726368
gen: 93 best: 235.5 mean: 265.5497512437811
gen: 94 best: 235.5 mean: 266.2194029850746
gen: 95 best: 235.5 mean: 266.8388059701493
gen: 96 best: 235.5 mean: 266.8900497512438
gen: 97 best: 235.5 mean: 265.9905472636816
gen >98, new best = 232.000
gen: 98 best: 232.0 mean: 265.47512437810946
gen: 99 best: 232.0 mean: 265.60348258706466
[13, 13, 11, 10, 10, 10, 10, 10, 14, 10, 10, 11, 11, 9, 9, 10, 9, 11, 9, 11, 12, 12, 10, 10, 11, 9, 11, 10, 9, 10, 11, 9, 13, 10, 11, 11, 8, 10, 11, 12, 11, 10, 10, 11, 9, 10]
Test count of edges: 1583
cat
