Defaulting to user installation because normal site-packages is not writeable
Looking in links: /cvmfs/soft.computecanada.ca/custom/python/wheelhouse/gentoo/avx2, /cvmfs/soft.computecanada.ca/custom/python/wheelhouse/gentoo/generic, /cvmfs/soft.computecanada.ca/custom/python/wheelhouse/generic
Requirement already satisfied: graphviz in /home/js17sy/.local/lib/python3.10/site-packages (0.20)
393; python ga.py 9 512N_graph9.dat 0.075 0.03 0.5 0.7 0.3 201 512N_graph9laxgen2rem50_ 85683
/project/6008788/js17sy/reopenga/512b/ga.py:291: DeprecationWarning: Sampling from a set deprecated
since Python 3.9 and will be removed in a subsequent version.
  child1 = set(random.sample(
gen >0, new best = 335.000
gen >0, new best = 333.100
gen >0, new best = 329.800
gen >0, new best = 327.700
gen >0, new best = 325.900
gen >0, new best = 325.600
gen >0, new best = 320.500
gen: 0 best: 320.5 mean: 340.70870646766167
gen >1, new best = 319.200
gen >1, new best = 310.400
gen: 1 best: 310.4 mean: 340.31243781094526
gen: 2 best: 310.4 mean: 339.8900497512438
gen: 3 best: 310.4 mean: 339.52039800995027
gen: 4 best: 310.4 mean: 338.27611940298505
gen: 5 best: 310.4 mean: 337.43532338308455
gen: 6 best: 310.4 mean: 336.24228855721395
gen >7, new best = 304.700
gen >7, new best = 303.100
gen: 7 best: 303.1 mean: 336.45870646766167
gen: 8 best: 303.1 mean: 335.7985074626866
gen: 9 best: 303.1 mean: 335.3532338308458
gen: 10 best: 303.1 mean: 334.7502487562189
gen: 11 best: 303.1 mean: 335.0328358208955
gen: 12 best: 303.1 mean: 334.4616915422886
gen: 13 best: 303.1 mean: 333.1004975124378
gen: 14 best: 303.1 mean: 333.326368159204
gen: 15 best: 303.1 mean: 332.318407960199
gen: 16 best: 303.1 mean: 331.74427860696517
gen >17, new best = 302.800
gen: 17 best: 302.8 mean: 330.96417910447764
gen: 18 best: 302.8 mean: 332.30248756218907
gen >19, new best = 288.400
gen: 19 best: 288.4 mean: 330.73830845771147
gen: 20 best: 288.4 mean: 330.0721393034826
gen: 21 best: 288.4 mean: 329.86119402985076
gen: 22 best: 288.4 mean: 329.5825870646766
gen: 23 best: 288.4 mean: 329.4452736318408
gen: 24 best: 288.4 mean: 329.2054726368159
gen: 25 best: 288.4 mean: 328.66517412935326
gen: 26 best: 288.4 mean: 327.24776119402986
gen: 27 best: 288.4 mean: 327.4860696517413
gen: 28 best: 288.4 mean: 327.3776119402985
gen: 29 best: 288.4 mean: 327.3905472636816
gen: 30 best: 288.4 mean: 325.6850746268657
gen: 31 best: 288.4 mean: 326.3134328358209
gen: 32 best: 288.4 mean: 325.0318407960199
gen: 33 best: 288.4 mean: 324.7930348258706
gen: 34 best: 288.4 mean: 324.73830845771147
gen: 35 best: 288.4 mean: 323.63482587064675
gen >36, new best = 281.300
gen: 36 best: 281.3 mean: 324.16517412935326
gen: 37 best: 281.3 mean: 323.55970149253733
gen: 38 best: 281.3 mean: 322.9651741293532
gen: 39 best: 281.3 mean: 322.9029850746269
gen: 40 best: 281.3 mean: 322.90199004975125
gen: 41 best: 281.3 mean: 321.93532338308455
gen: 42 best: 281.3 mean: 322.3179104477612
gen: 43 best: 281.3 mean: 321.9029850746269
gen: 44 best: 281.3 mean: 321.72786069651744
gen: 45 best: 281.3 mean: 321.9890547263682
gen: 46 best: 281.3 mean: 321.5129353233831
gen: 47 best: 281.3 mean: 320.31990049751244
gen >48, new best = 280.700
gen: 48 best: 280.7 mean: 320.12487562189057
gen: 49 best: 280.7 mean: 319.40796019900495
gen: 50 best: 280.7 mean: 317.85074626865674
gen: 51 best: 280.7 mean: 317.9522388059701
gen: 52 best: 280.7 mean: 317.73034825870644
gen: 53 best: 280.7 mean: 318.0144278606965
gen: 54 best: 280.7 mean: 316.9497512437811
gen: 55 best: 280.7 mean: 316.1323383084577
gen: 56 best: 280.7 mean: 315.6945273631841
gen: 57 best: 280.7 mean: 316.37611940298507
gen: 58 best: 280.7 mean: 315.0492537313433
gen: 59 best: 280.7 mean: 314.7218905472637
gen: 60 best: 280.7 mean: 314.4462686567164
gen: 61 best: 280.7 mean: 314.2313432835821
gen: 62 best: 280.7 mean: 314.24776119402986
gen: 63 best: 280.7 mean: 313.3189054726368
gen: 64 best: 280.7 mean: 314.4616915422886
gen: 65 best: 280.7 mean: 313.5383084577114
gen >66, new best = 274.700
gen: 66 best: 274.7 mean: 312.9089552238806
gen: 67 best: 274.7 mean: 312.271144278607
gen: 68 best: 274.7 mean: 312.08706467661693
gen: 69 best: 274.7 mean: 311.2616915422886
gen: 70 best: 274.7 mean: 312.2502487562189
gen: 71 best: 274.7 mean: 311.0452736318408
gen: 72 best: 274.7 mean: 311.7582089552239
gen: 73 best: 274.7 mean: 310.192039800995
gen: 74 best: 274.7 mean: 310.72786069651744
gen: 75 best: 274.7 mean: 309.99203980099503
gen: 76 best: 274.7 mean: 310.17512437810944
gen: 77 best: 274.7 mean: 309.43333333333334
gen: 78 best: 274.7 mean: 310.13781094527366
gen: 79 best: 274.7 mean: 310.12885572139305
gen >80, new best = 272.200
gen: 80 best: 272.2 mean: 309.39303482587064
gen: 81 best: 272.2 mean: 310.64328358208957
gen: 82 best: 272.2 mean: 310.04676616915424
gen: 83 best: 272.2 mean: 309.1189054726368
gen: 84 best: 272.2 mean: 309.8830845771144
gen: 85 best: 272.2 mean: 309.5139303482587
gen: 86 best: 272.2 mean: 308.43830845771146
gen: 87 best: 272.2 mean: 308.565671641791
gen: 88 best: 272.2 mean: 308.20796019900496
gen >89, new best = 265.000
gen: 89 best: 265.0 mean: 307.84676616915425
gen: 90 best: 265.0 mean: 307.69701492537314
gen: 91 best: 265.0 mean: 308.1412935323383
gen: 92 best: 265.0 mean: 307.9616915422886
gen: 93 best: 265.0 mean: 306.6830845771144
gen: 94 best: 265.0 mean: 306.94228855721394
gen: 95 best: 265.0 mean: 307.94776119402985
gen: 96 best: 265.0 mean: 307.4875621890547
gen: 97 best: 265.0 mean: 306.80746268656713
gen: 98 best: 265.0 mean: 307.30746268656713
gen: 99 best: 265.0 mean: 306.84328358208955
[9, 10, 8, 8, 11, 10, 10, 8, 8, 8, 9, 10, 8, 9, 10, 8, 9, 8, 8, 9, 8, 9, 8, 9, 10, 8, 8, 8, 9, 8, 8, 9, 10, 8, 8, 10, 10, 8, 8, 11, 8, 11, 10, 7, 9, 8, 8, 9, 8]
Test count of edges: 1596
cat
