Defaulting to user installation because normal site-packages is not writeable
Looking in links: /cvmfs/soft.computecanada.ca/custom/python/wheelhouse/gentoo/avx2, /cvmfs/soft.computecanada.ca/custom/python/wheelhouse/gentoo/generic, /cvmfs/soft.computecanada.ca/custom/python/wheelhouse/generic
Requirement already satisfied: graphviz in /home/js17sy/.local/lib/python3.10/site-packages (0.20)
358; python ga.py 9 512N_graph9.dat 0.05 0.02 0.7 0.9 0.1 201 512N_graph9mediumgen3rem70_ 799708
/project/6008788/js17sy/reopenga/512b/ga.py:291: DeprecationWarning: Sampling from a set deprecated
since Python 3.9 and will be removed in a subsequent version.
  child1 = set(random.sample(
gen >0, new best = 304.300
gen >0, new best = 303.900
gen >0, new best = 289.600
gen >0, new best = 264.700
gen >0, new best = 263.000
gen >0, new best = 259.400
gen: 0 best: 259.4 mean: 312.210447761194
gen >1, new best = 255.600
gen: 1 best: 255.6 mean: 306.9686567164179
gen >2, new best = 253.500
gen >2, new best = 251.300
gen: 2 best: 251.3 mean: 302.3223880597015
gen >3, new best = 238.500
gen: 3 best: 238.5 mean: 299.31194029850747
gen: 4 best: 238.5 mean: 297.8273631840796
gen: 5 best: 238.5 mean: 293.96417910447764
gen >6, new best = 234.400
gen: 6 best: 234.4 mean: 289.6855721393035
gen: 7 best: 234.4 mean: 289.02835820895524
gen >8, new best = 227.300
gen: 8 best: 227.3 mean: 284.07114427860694
gen: 9 best: 227.3 mean: 282.52537313432833
gen >10, new best = 225.600
gen: 10 best: 225.6 mean: 278.0875621890547
gen: 11 best: 225.6 mean: 280.7164179104478
gen: 12 best: 225.6 mean: 275.3358208955224
gen: 13 best: 225.6 mean: 273.8422885572139
gen: 14 best: 225.6 mean: 273.59751243781096
gen >15, new best = 217.300
gen: 15 best: 217.3 mean: 271.33980099502486
gen: 16 best: 217.3 mean: 271.78855721393035
gen: 17 best: 217.3 mean: 268.03432835820894
gen: 18 best: 217.3 mean: 267.6666666666667
gen: 19 best: 217.3 mean: 265.28656716417913
gen: 20 best: 217.3 mean: 266.01144278606967
gen: 21 best: 217.3 mean: 263.8462686567164
gen: 22 best: 217.3 mean: 261.981592039801
gen: 23 best: 217.3 mean: 262.6313432835821
gen >24, new best = 205.900
gen: 24 best: 205.9 mean: 259.7323383084577
gen: 25 best: 205.9 mean: 258.44776119402985
gen: 26 best: 205.9 mean: 256.5626865671642
gen: 27 best: 205.9 mean: 254.8597014925373
gen: 28 best: 205.9 mean: 253.99950248756218
gen: 29 best: 205.9 mean: 255.9731343283582
gen: 30 best: 205.9 mean: 254.27611940298507
gen: 31 best: 205.9 mean: 253.5318407960199
gen: 32 best: 205.9 mean: 254.6601990049751
gen: 33 best: 205.9 mean: 252.94328358208955
gen: 34 best: 205.9 mean: 252.87562189054725
gen: 35 best: 205.9 mean: 250.90597014925373
gen: 36 best: 205.9 mean: 250.5044776119403
gen: 37 best: 205.9 mean: 251.05671641791045
gen: 38 best: 205.9 mean: 251.273631840796
gen: 39 best: 205.9 mean: 247.59651741293533
gen: 40 best: 205.9 mean: 249.3597014925373
gen: 41 best: 205.9 mean: 246.05373134328357
gen: 42 best: 205.9 mean: 247.4860696517413
gen: 43 best: 205.9 mean: 247.59751243781093
gen: 44 best: 205.9 mean: 247.5681592039801
gen >45, new best = 200.900
gen: 45 best: 200.9 mean: 248.07014925373133
gen: 46 best: 200.9 mean: 246.3139303482587
gen: 47 best: 200.9 mean: 246.14825870646766
gen: 48 best: 200.9 mean: 245.17462686567163
gen: 49 best: 200.9 mean: 244.4402985074627
gen: 50 best: 200.9 mean: 244.8781094527363
gen: 51 best: 200.9 mean: 245.68706467661693
gen: 52 best: 200.9 mean: 244.44427860696518
gen: 53 best: 200.9 mean: 245.7502487562189
gen: 54 best: 200.9 mean: 245.10248756218905
gen: 55 best: 200.9 mean: 245.41741293532337
gen: 56 best: 200.9 mean: 242.80298507462686
gen: 57 best: 200.9 mean: 242.90049751243782
gen: 58 best: 200.9 mean: 241.95820895522388
gen >59, new best = 200.800
gen: 59 best: 200.8 mean: 244.53830845771145
gen: 60 best: 200.8 mean: 243.13383084577114
gen: 61 best: 200.8 mean: 244.32189054726368
gen: 62 best: 200.8 mean: 242.39402985074628
gen >63, new best = 199.100
gen: 63 best: 199.1 mean: 242.8810945273632
gen: 64 best: 199.1 mean: 242.07810945273633
gen: 65 best: 199.1 mean: 241.51990049751245
gen: 66 best: 199.1 mean: 240.91641791044776
gen: 67 best: 199.1 mean: 240.2810945273632
gen >68, new best = 195.100
gen: 68 best: 195.1 mean: 240.7592039800995
gen: 69 best: 195.1 mean: 240.0587064676617
gen: 70 best: 195.1 mean: 241.7407960199005
gen: 71 best: 195.1 mean: 240.7089552238806
gen: 72 best: 195.1 mean: 240.42885572139303
gen: 73 best: 195.1 mean: 240.51940298507463
gen: 74 best: 195.1 mean: 238.25124378109453
gen >75, new best = 191.500
gen: 75 best: 191.5 mean: 238.60547263681593
gen: 76 best: 191.5 mean: 239.51990049751242
gen: 77 best: 191.5 mean: 238.8497512437811
gen: 78 best: 191.5 mean: 236.74776119402986
gen: 79 best: 191.5 mean: 238.6910447761194
gen: 80 best: 191.5 mean: 237.4457711442786
gen: 81 best: 191.5 mean: 237.39502487562189
gen: 82 best: 191.5 mean: 236.86666666666667
gen: 83 best: 191.5 mean: 236.14228855721393
gen: 84 best: 191.5 mean: 235.95323383084576
gen: 85 best: 191.5 mean: 236.37611940298507
gen: 86 best: 191.5 mean: 237.16965174129353
gen: 87 best: 191.5 mean: 236.83532338308459
gen: 88 best: 191.5 mean: 237.45323383084576
gen: 89 best: 191.5 mean: 238.16666666666666
gen: 90 best: 191.5 mean: 235.7308457711443
gen: 91 best: 191.5 mean: 237.17860696517414
gen: 92 best: 191.5 mean: 236.6417910447761
gen: 93 best: 191.5 mean: 237.7582089552239
gen: 94 best: 191.5 mean: 235.63482587064678
gen: 95 best: 191.5 mean: 235.72139303482587
gen: 96 best: 191.5 mean: 236.08955223880596
gen: 97 best: 191.5 mean: 235.24328358208956
gen: 98 best: 191.5 mean: 235.2223880597015
gen: 99 best: 191.5 mean: 236.84278606965174
[8, 9, 8, 8, 8, 8, 10, 9, 9, 10, 8, 9, 9, 8, 8, 9, 8, 8, 9, 8, 8, 9, 8, 10, 8, 9, 9, 12, 8, 9, 8, 9, 8, 11, 8, 8, 9, 7, 8, 9, 9, 8, 8, 8, 10, 9, 8, 9]
Test count of edges: 952
cat
