Defaulting to user installation because normal site-packages is not writeable
Looking in links: /cvmfs/soft.computecanada.ca/custom/python/wheelhouse/gentoo/avx2, /cvmfs/soft.computecanada.ca/custom/python/wheelhouse/gentoo/generic, /cvmfs/soft.computecanada.ca/custom/python/wheelhouse/generic
Requirement already satisfied: graphviz in /home/js17sy/.local/lib/python3.10/site-packages (0.20)
522; python ga.py 9 512N_graph9.dat 0.075 0.03 0.7 0.9 0.1 201 512N_graph9laxgen3rem70_ 342732
/project/6008788/js17sy/reopenga/512b/ga.py:291: DeprecationWarning: Sampling from a set deprecated
since Python 3.9 and will be removed in a subsequent version.
  child1 = set(random.sample(
gen >0, new best = 313.400
gen >0, new best = 297.400
gen >0, new best = 282.700
gen >0, new best = 272.900
gen: 0 best: 272.9 mean: 320.83706467661693
gen >1, new best = 268.900
gen: 1 best: 268.9 mean: 317.8114427860697
gen >2, new best = 246.200
gen: 2 best: 246.2 mean: 312.6179104477612
gen: 3 best: 246.2 mean: 310.8940298507463
gen: 4 best: 246.2 mean: 308.87611940298507
gen: 5 best: 246.2 mean: 306.57611940298506
gen: 6 best: 246.2 mean: 306.78457711442786
gen: 7 best: 246.2 mean: 305.1666666666667
gen: 8 best: 246.2 mean: 302.85621890547264
gen: 9 best: 246.2 mean: 299.9676616915423
gen: 10 best: 246.2 mean: 299.8388059701493
gen: 11 best: 246.2 mean: 297.8850746268657
gen: 12 best: 246.2 mean: 299.10895522388057
gen: 13 best: 246.2 mean: 297.9044776119403
gen: 14 best: 246.2 mean: 294.8537313432836
gen: 15 best: 246.2 mean: 294.0313432835821
gen: 16 best: 246.2 mean: 292.48059701492537
gen: 17 best: 246.2 mean: 294.34278606965177
gen >18, new best = 231.900
gen: 18 best: 231.9 mean: 293.6407960199005
gen: 19 best: 231.9 mean: 294.85771144278607
gen: 20 best: 231.9 mean: 293.5218905472637
gen: 21 best: 231.9 mean: 290.0661691542289
gen: 22 best: 231.9 mean: 290.1273631840796
gen: 23 best: 231.9 mean: 289.3402985074627
gen: 24 best: 231.9 mean: 289.57910447761196
gen: 25 best: 231.9 mean: 287.6905472636816
gen: 26 best: 231.9 mean: 287.69751243781093
gen: 27 best: 231.9 mean: 286.5492537313433
gen: 28 best: 231.9 mean: 286.2766169154229
gen: 29 best: 231.9 mean: 283.4502487562189
gen: 30 best: 231.9 mean: 284.0054726368159
gen >31, new best = 225.800
gen: 31 best: 225.8 mean: 282.9910447761194
gen: 32 best: 225.8 mean: 284.21492537313435
gen: 33 best: 225.8 mean: 281.4721393034826
gen: 34 best: 225.8 mean: 279.6686567164179
gen: 35 best: 225.8 mean: 280.8592039800995
gen: 36 best: 225.8 mean: 280.4228855721393
gen: 37 best: 225.8 mean: 279.7273631840796
gen: 38 best: 225.8 mean: 278.62587064676615
gen: 39 best: 225.8 mean: 278.8970149253731
gen: 40 best: 225.8 mean: 279.9318407960199
gen: 41 best: 225.8 mean: 278.9452736318408
gen: 42 best: 225.8 mean: 277.8726368159204
gen: 43 best: 225.8 mean: 277.62487562189057
gen: 44 best: 225.8 mean: 277.2497512437811
gen: 45 best: 225.8 mean: 275.84179104477613
gen: 46 best: 225.8 mean: 276.17860696517414
gen: 47 best: 225.8 mean: 276.1208955223881
gen: 48 best: 225.8 mean: 275.6636815920398
gen: 49 best: 225.8 mean: 273.83084577114425
gen: 50 best: 225.8 mean: 274.0751243781095
gen: 51 best: 225.8 mean: 276.2054726368159
gen: 52 best: 225.8 mean: 274.65223880597017
gen: 53 best: 225.8 mean: 273.2487562189055
gen: 54 best: 225.8 mean: 272.67910447761193
gen >55, new best = 224.300
gen: 55 best: 224.3 mean: 273.67064676616917
gen: 56 best: 224.3 mean: 272.80646766169156
gen: 57 best: 224.3 mean: 272.8412935323383
gen: 58 best: 224.3 mean: 272.7318407960199
gen: 59 best: 224.3 mean: 271.52537313432833
gen: 60 best: 224.3 mean: 271.9616915422886
gen: 61 best: 224.3 mean: 271.24825870646765
gen: 62 best: 224.3 mean: 270.88706467661694
gen >63, new best = 217.700
gen: 63 best: 217.7 mean: 271.97512437810946
gen: 64 best: 217.7 mean: 270.1208955223881
gen: 65 best: 217.7 mean: 270.69850746268656
gen: 66 best: 217.7 mean: 267.97860696517415
gen: 67 best: 217.7 mean: 271.44726368159206
gen: 68 best: 217.7 mean: 271.92935323383085
gen: 69 best: 217.7 mean: 271.46417910447764
gen: 70 best: 217.7 mean: 270.1059701492537
gen: 71 best: 217.7 mean: 270.41492537313434
gen: 72 best: 217.7 mean: 269.5273631840796
gen: 73 best: 217.7 mean: 269.0383084577114
gen: 74 best: 217.7 mean: 271.01592039800994
gen: 75 best: 217.7 mean: 268.6139303482587
gen: 76 best: 217.7 mean: 268.5582089552239
gen: 77 best: 217.7 mean: 269.29402985074626
gen: 78 best: 217.7 mean: 268.99751243781094
gen: 79 best: 217.7 mean: 269.6223880597015
gen: 80 best: 217.7 mean: 267.7084577114428
gen: 81 best: 217.7 mean: 269.3174129353234
gen: 82 best: 217.7 mean: 269.01044776119403
gen: 83 best: 217.7 mean: 268.76965174129356
gen: 84 best: 217.7 mean: 267.8203980099502
gen: 85 best: 217.7 mean: 267.98855721393033
gen: 86 best: 217.7 mean: 268.05572139303484
gen >87, new best = 217.300
gen: 87 best: 217.3 mean: 267.84328358208955
gen: 88 best: 217.3 mean: 267.12487562189057
gen: 89 best: 217.3 mean: 266.3646766169154
gen: 90 best: 217.3 mean: 266.5507462686567
gen: 91 best: 217.3 mean: 265.981592039801
gen: 92 best: 217.3 mean: 266.92437810945273
gen: 93 best: 217.3 mean: 265.04129353233833
gen: 94 best: 217.3 mean: 265.6412935323383
gen: 95 best: 217.3 mean: 267.2039800995025
gen: 96 best: 217.3 mean: 265.49751243781094
gen: 97 best: 217.3 mean: 265.95323383084576
gen: 98 best: 217.3 mean: 265.0805970149254
gen: 99 best: 217.3 mean: 266.5875621890547
[7, 8, 9, 7, 9, 7, 8, 7, 9, 7, 8, 7, 8, 7, 8, 8, 7, 7, 8, 8, 7, 8, 8, 7, 9, 8, 8, 8, 7, 7, 7, 9, 9, 8, 9, 9, 7, 8, 7, 8, 9, 9, 9, 8, 8, 8, 8, 7, 8]
Test count of edges: 954
cat
