Defaulting to user installation because normal site-packages is not writeable
Looking in links: /cvmfs/soft.computecanada.ca/custom/python/wheelhouse/gentoo/avx2, /cvmfs/soft.computecanada.ca/custom/python/wheelhouse/gentoo/generic, /cvmfs/soft.computecanada.ca/custom/python/wheelhouse/generic
Requirement already satisfied: graphviz in /home/js17sy/.local/lib/python3.10/site-packages (0.20)
267; python ga.py 9 512N_graph9.dat 0.05 0.02 0.5 0.9 0.1 201 512N_graph9mediumgen3rem50_ 771147
/project/6008788/js17sy/reopenga/512b/ga.py:291: DeprecationWarning: Sampling from a set deprecated
since Python 3.9 and will be removed in a subsequent version.
  child1 = set(random.sample(
gen >0, new best = 323.000
gen >0, new best = 311.400
gen: 0 best: 311.4 mean: 327.8325870646766
gen: 1 best: 311.4 mean: 327.5149253731343
gen >2, new best = 308.800
gen >2, new best = 308.100
gen: 2 best: 308.1 mean: 326.50796019900497
gen >3, new best = 285.900
gen: 3 best: 285.9 mean: 324.7512437810945
gen: 4 best: 285.9 mean: 323.7651741293532
gen: 5 best: 285.9 mean: 322.6517412935323
gen: 6 best: 285.9 mean: 321.7034825870647
gen: 7 best: 285.9 mean: 321.1467661691542
gen: 8 best: 285.9 mean: 321.392039800995
gen: 9 best: 285.9 mean: 320.53432835820894
gen >10, new best = 280.900
gen: 10 best: 280.9 mean: 319.33781094527365
gen: 11 best: 280.9 mean: 318.97114427860697
gen: 12 best: 280.9 mean: 320.02537313432833
gen: 13 best: 280.9 mean: 317.9363184079602
gen: 14 best: 280.9 mean: 317.60199004975124
gen: 15 best: 280.9 mean: 317.76467661691544
gen: 16 best: 280.9 mean: 316.426368159204
gen: 17 best: 280.9 mean: 315.8059701492537
gen: 18 best: 280.9 mean: 316.43482587064676
gen: 19 best: 280.9 mean: 315.0313432835821
gen: 20 best: 280.9 mean: 314.3512437810945
gen: 21 best: 280.9 mean: 313.46567164179106
gen: 22 best: 280.9 mean: 313.1228855721393
gen: 23 best: 280.9 mean: 312.43681592039803
gen: 24 best: 280.9 mean: 312.0
gen: 25 best: 280.9 mean: 310.7228855721393
gen >26, new best = 279.000
gen: 26 best: 279.0 mean: 310.2253731343284
gen: 27 best: 279.0 mean: 310.12935323383084
gen: 28 best: 279.0 mean: 308.73930348258705
gen: 29 best: 279.0 mean: 308.0905472636816
gen: 30 best: 279.0 mean: 307.1741293532338
gen: 31 best: 279.0 mean: 307.1537313432836
gen: 32 best: 279.0 mean: 305.8258706467662
gen: 33 best: 279.0 mean: 304.98457711442785
gen: 34 best: 279.0 mean: 305.3482587064677
gen: 35 best: 279.0 mean: 303.6771144278607
gen: 36 best: 279.0 mean: 302.37512437810943
gen: 37 best: 279.0 mean: 301.72437810945274
gen >38, new best = 278.400
gen >38, new best = 278.300
gen: 38 best: 278.3 mean: 299.8278606965174
gen: 39 best: 278.3 mean: 301.3089552238806
gen >40, new best = 269.700
gen: 40 best: 269.7 mean: 299.71542288557214
gen: 41 best: 269.7 mean: 299.2363184079602
gen: 42 best: 269.7 mean: 297.8960199004975
gen: 43 best: 269.7 mean: 298.4910447761194
gen >44, new best = 263.700
gen: 44 best: 263.7 mean: 298.08507462686566
gen: 45 best: 263.7 mean: 297.2990049751244
gen: 46 best: 263.7 mean: 296.9910447761194
gen: 47 best: 263.7 mean: 296.2781094527363
gen: 48 best: 263.7 mean: 295.88009950248755
gen >49, new best = 260.700
gen: 49 best: 260.7 mean: 295.25223880597014
gen: 50 best: 260.7 mean: 294.76169154228853
gen: 51 best: 260.7 mean: 295.16766169154226
gen: 52 best: 260.7 mean: 294.3039800995025
gen: 53 best: 260.7 mean: 294.6004975124378
gen: 54 best: 260.7 mean: 294.56865671641793
gen: 55 best: 260.7 mean: 293.055223880597
gen: 56 best: 260.7 mean: 293.51542288557215
gen: 57 best: 260.7 mean: 292.8114427860697
gen: 58 best: 260.7 mean: 290.93880597014925
gen: 59 best: 260.7 mean: 292.2253731343284
gen >60, new best = 259.100
gen: 60 best: 259.1 mean: 291.56119402985075
gen: 61 best: 259.1 mean: 290.5900497512438
gen: 62 best: 259.1 mean: 290.3174129353234
gen: 63 best: 259.1 mean: 290.0507462686567
gen >64, new best = 251.500
gen: 64 best: 251.5 mean: 290.79950248756217
gen: 65 best: 251.5 mean: 290.38009950248755
gen: 66 best: 251.5 mean: 288.9064676616915
gen: 67 best: 251.5 mean: 289.42437810945273
gen: 68 best: 251.5 mean: 289.34776119402983
gen: 69 best: 251.5 mean: 288.8388059701493
gen >70, new best = 244.100
gen: 70 best: 244.1 mean: 288.68059701492535
gen: 71 best: 244.1 mean: 288.0587064676617
gen: 72 best: 244.1 mean: 287.72587064676617
gen: 73 best: 244.1 mean: 287.9651741293532
gen: 74 best: 244.1 mean: 286.6756218905473
gen: 75 best: 244.1 mean: 285.67313432835823
gen: 76 best: 244.1 mean: 286.7313432835821
gen: 77 best: 244.1 mean: 285.99900497512436
gen: 78 best: 244.1 mean: 285.79402985074626
gen: 79 best: 244.1 mean: 285.1268656716418
gen: 80 best: 244.1 mean: 285.8497512437811
gen: 81 best: 244.1 mean: 285.49353233830846
gen: 82 best: 244.1 mean: 284.9487562189055
gen: 83 best: 244.1 mean: 284.7402985074627
gen: 84 best: 244.1 mean: 284.92437810945273
gen: 85 best: 244.1 mean: 284.789552238806
gen >86, new best = 239.900
gen: 86 best: 239.9 mean: 283.2905472636816
gen: 87 best: 239.9 mean: 285.28805970149256
gen: 88 best: 239.9 mean: 284.1810945273632
gen: 89 best: 239.9 mean: 283.53383084577115
gen: 90 best: 239.9 mean: 284.2378109452736
gen: 91 best: 239.9 mean: 284.61094527363184
gen: 92 best: 239.9 mean: 283.32338308457713
gen: 93 best: 239.9 mean: 283.6701492537313
gen: 94 best: 239.9 mean: 283.9398009950249
gen: 95 best: 239.9 mean: 284.02039800995027
gen: 96 best: 239.9 mean: 283.344776119403
gen: 97 best: 239.9 mean: 283.0313432835821
gen: 98 best: 239.9 mean: 283.47960199004973
gen: 99 best: 239.9 mean: 284.5402985074627
[8, 9, 10, 8, 11, 11, 9, 8, 10, 11, 9, 8, 8, 9, 9, 9, 9, 11, 9, 8, 9, 8, 10, 9, 10, 9, 8, 9, 10, 10, 10, 10, 9, 8, 9, 9, 11, 11, 8, 10, 10, 8, 8, 10, 10, 10, 9, 10, 8]
Test count of edges: 1583
cat
