Defaulting to user installation because normal site-packages is not writeable
Looking in links: /cvmfs/soft.computecanada.ca/custom/python/wheelhouse/gentoo/avx2, /cvmfs/soft.computecanada.ca/custom/python/wheelhouse/gentoo/generic, /cvmfs/soft.computecanada.ca/custom/python/wheelhouse/generic
Requirement already satisfied: graphviz in /home/js17sy/.local/lib/python3.10/site-packages (0.20)
275; python ga.py 9 512N_graph9.dat 0.05 0.02 0.7 0.5 0.5 201 512N_graph9mediumgen1rem70_ 142805
/project/6008788/js17sy/reopenga/512b/ga.py:291: DeprecationWarning: Sampling from a set deprecated
since Python 3.9 and will be removed in a subsequent version.
  child1 = set(random.sample(
gen >0, new best = 310.100
gen >0, new best = 301.200
gen >0, new best = 285.100
gen >0, new best = 277.200
gen >0, new best = 268.800
gen >0, new best = 266.500
gen >0, new best = 262.400
gen >0, new best = 254.000
gen: 0 best: 254.0 mean: 307.58358208955224
gen: 1 best: 254.0 mean: 307.410447761194
gen >2, new best = 237.700
gen: 2 best: 237.7 mean: 298.934328358209
gen: 3 best: 237.7 mean: 300.08706467661693
gen: 4 best: 237.7 mean: 296.0014925373134
gen: 5 best: 237.7 mean: 294.99800995024873
gen >6, new best = 236.600
gen: 6 best: 236.6 mean: 294.68009950248756
gen >7, new best = 225.200
gen: 7 best: 225.2 mean: 288.9542288557214
gen: 8 best: 225.2 mean: 285.00796019900497
gen: 9 best: 225.2 mean: 284.2955223880597
gen: 10 best: 225.2 mean: 283.2407960199005
gen: 11 best: 225.2 mean: 280.5681592039801
gen: 12 best: 225.2 mean: 278.94427860696516
gen: 13 best: 225.2 mean: 277.8900497512438
gen: 14 best: 225.2 mean: 276.72089552238805
gen >15, new best = 222.800
gen: 15 best: 222.8 mean: 275.5567164179104
gen: 16 best: 222.8 mean: 273.4945273631841
gen: 17 best: 222.8 mean: 269.7159203980099
gen: 18 best: 222.8 mean: 271.96417910447764
gen: 19 best: 222.8 mean: 269.5462686567164
gen: 20 best: 222.8 mean: 268.61094527363184
gen >21, new best = 222.300
gen: 21 best: 222.3 mean: 268.95870646766167
gen: 22 best: 222.3 mean: 266.4905472636816
gen >23, new best = 220.000
gen: 23 best: 220.0 mean: 263.7786069651741
gen >24, new best = 219.500
gen: 24 best: 219.5 mean: 263.0323383084577
gen >25, new best = 218.200
gen: 25 best: 218.2 mean: 263.9034825870647
gen >26, new best = 213.800
gen: 26 best: 213.8 mean: 261.7905472636816
gen: 27 best: 213.8 mean: 264.13830845771145
gen: 28 best: 213.8 mean: 262.2179104477612
gen: 29 best: 213.8 mean: 260.7820895522388
gen: 30 best: 213.8 mean: 262.8726368159204
gen: 31 best: 213.8 mean: 263.934328358209
gen >32, new best = 210.800
gen: 32 best: 210.8 mean: 261.84328358208955
gen: 33 best: 210.8 mean: 258.4562189054726
gen: 34 best: 210.8 mean: 258.29800995024874
gen: 35 best: 210.8 mean: 258.43681592039803
gen: 36 best: 210.8 mean: 258.90597014925373
gen: 37 best: 210.8 mean: 258.9179104477612
gen >38, new best = 206.600
gen: 38 best: 206.6 mean: 255.2308457711443
gen: 39 best: 206.6 mean: 255.15572139303484
gen: 40 best: 206.6 mean: 255.1089552238806
gen: 41 best: 206.6 mean: 251.89701492537313
gen: 42 best: 206.6 mean: 253.43532338308458
gen: 43 best: 206.6 mean: 250.5915422885572
gen: 44 best: 206.6 mean: 254.23482587064677
gen: 45 best: 206.6 mean: 252.81144278606965
gen: 46 best: 206.6 mean: 252.17014925373135
gen: 47 best: 206.6 mean: 250.75621890547265
gen: 48 best: 206.6 mean: 250.46169154228855
gen: 49 best: 206.6 mean: 251.58756218905472
gen: 50 best: 206.6 mean: 250.48905472636815
gen: 51 best: 206.6 mean: 250.16567164179105
gen: 52 best: 206.6 mean: 251.90248756218907
gen: 53 best: 206.6 mean: 249.38606965174128
gen: 54 best: 206.6 mean: 248.15671641791045
gen: 55 best: 206.6 mean: 249.1771144278607
gen: 56 best: 206.6 mean: 249.26517412935323
gen: 57 best: 206.6 mean: 249.19253731343284
gen: 58 best: 206.6 mean: 248.07462686567163
gen: 59 best: 206.6 mean: 249.80547263681592
gen: 60 best: 206.6 mean: 248.31144278606965
gen: 61 best: 206.6 mean: 248.79900497512438
gen: 62 best: 206.6 mean: 247.24378109452735
gen: 63 best: 206.6 mean: 249.3681592039801
gen: 64 best: 206.6 mean: 247.7955223880597
gen: 65 best: 206.6 mean: 246.8855721393035
gen >66, new best = 206.300
gen: 66 best: 206.3 mean: 246.84776119402986
gen: 67 best: 206.3 mean: 247.46965174129355
gen: 68 best: 206.3 mean: 246.56517412935324
gen: 69 best: 206.3 mean: 246.62437810945275
gen >70, new best = 204.600
gen: 70 best: 204.6 mean: 245.44427860696518
gen: 71 best: 204.6 mean: 246.19203980099502
gen: 72 best: 204.6 mean: 245.4139303482587
gen: 73 best: 204.6 mean: 244.07860696517412
gen: 74 best: 204.6 mean: 245.92537313432837
gen: 75 best: 204.6 mean: 245.51641791044776
gen: 76 best: 204.6 mean: 243.6363184079602
gen: 77 best: 204.6 mean: 245.06965174129354
gen: 78 best: 204.6 mean: 243.93383084577115
gen: 79 best: 204.6 mean: 245.455223880597
gen: 80 best: 204.6 mean: 243.28159203980098
gen: 81 best: 204.6 mean: 242.23482587064677
gen: 82 best: 204.6 mean: 243.12835820895523
gen: 83 best: 204.6 mean: 242.46517412935324
gen: 84 best: 204.6 mean: 244.32835820895522
gen >85, new best = 201.600
gen: 85 best: 201.6 mean: 243.7995024875622
gen: 86 best: 201.6 mean: 245.49701492537312
gen: 87 best: 201.6 mean: 243.45671641791046
gen: 88 best: 201.6 mean: 243.22885572139305
gen: 89 best: 201.6 mean: 243.31990049751244
gen: 90 best: 201.6 mean: 242.6776119402985
gen: 91 best: 201.6 mean: 242.03930348258706
gen: 92 best: 201.6 mean: 241.51990049751242
gen: 93 best: 201.6 mean: 241.2223880597015
gen: 94 best: 201.6 mean: 242.81492537313432
gen: 95 best: 201.6 mean: 241.03333333333333
gen: 96 best: 201.6 mean: 242.3910447761194
gen: 97 best: 201.6 mean: 241.87462686567164
gen: 98 best: 201.6 mean: 240.66616915422887
gen: 99 best: 201.6 mean: 242.86616915422886
[9, 8, 9, 8, 8, 10, 8, 8, 7, 7, 10, 8, 9, 7, 9, 8, 8, 10, 9, 9, 9, 8, 9, 8, 9, 8, 10, 8, 9, 8, 10, 9, 10, 7, 9, 10, 8, 8, 10, 9, 8, 7, 8, 8, 9, 8, 10, 8, 9, 8]
Test count of edges: 983
cat
