Defaulting to user installation because normal site-packages is not writeable
Looking in links: /cvmfs/soft.computecanada.ca/custom/python/wheelhouse/gentoo/avx2, /cvmfs/soft.computecanada.ca/custom/python/wheelhouse/gentoo/generic, /cvmfs/soft.computecanada.ca/custom/python/wheelhouse/generic
Requirement already satisfied: graphviz in /home/js17sy/.local/lib/python3.10/site-packages (0.20)
28; python ga.py 9 512N_graph9.dat 0.025 0.01 0.5 0.5 0.5 201 512N_graph9strictgen1rem50_ 799708
/project/6008788/js17sy/reopenga/512b/ga.py:291: DeprecationWarning: Sampling from a set deprecated
since Python 3.9 and will be removed in a subsequent version.
  child1 = set(random.sample(
gen >0, new best = 300.700
gen >0, new best = 299.800
gen >0, new best = 295.200
gen >0, new best = 294.100
gen: 0 best: 294.1 mean: 312.047263681592
gen >1, new best = 294.000
gen >1, new best = 267.200
gen: 1 best: 267.2 mean: 311.3696517412935
gen: 2 best: 267.2 mean: 310.33383084577116
gen: 3 best: 267.2 mean: 309.96616915422885
gen: 4 best: 267.2 mean: 309.7875621890547
gen: 5 best: 267.2 mean: 308.43134328358207
gen: 6 best: 267.2 mean: 307.18059701492535
gen: 7 best: 267.2 mean: 306.10646766169157
gen: 8 best: 267.2 mean: 305.41592039801
gen: 9 best: 267.2 mean: 305.10348258706466
gen: 10 best: 267.2 mean: 303.58855721393036
gen: 11 best: 267.2 mean: 303.99701492537315
gen: 12 best: 267.2 mean: 303.35572139303486
gen: 13 best: 267.2 mean: 302.46567164179106
gen: 14 best: 267.2 mean: 301.72487562189053
gen: 15 best: 267.2 mean: 302.4134328358209
gen: 16 best: 267.2 mean: 301.72985074626865
gen: 17 best: 267.2 mean: 301.1393034825871
gen: 18 best: 267.2 mean: 299.6592039800995
gen: 19 best: 267.2 mean: 299.0721393034826
gen: 20 best: 267.2 mean: 298.4726368159204
gen: 21 best: 267.2 mean: 299.036815920398
gen: 22 best: 267.2 mean: 297.2
gen: 23 best: 267.2 mean: 297.3139303482587
gen: 24 best: 267.2 mean: 296.3402985074627
gen: 25 best: 267.2 mean: 295.76069651741295
gen >26, new best = 261.500
gen >26, new best = 257.600
gen: 26 best: 257.6 mean: 295.1671641791045
gen: 27 best: 257.6 mean: 293.5054726368159
gen: 28 best: 257.6 mean: 292.710447761194
gen: 29 best: 257.6 mean: 292.6870646766169
gen: 30 best: 257.6 mean: 291.91492537313434
gen: 31 best: 257.6 mean: 291.8661691542288
gen: 32 best: 257.6 mean: 291.36119402985076
gen: 33 best: 257.6 mean: 292.1039800995025
gen: 34 best: 257.6 mean: 291.6870646766169
gen: 35 best: 257.6 mean: 289.8412935323383
gen: 36 best: 257.6 mean: 290.2781094527363
gen: 37 best: 257.6 mean: 289.4228855721393
gen: 38 best: 257.6 mean: 290.74278606965174
gen: 39 best: 257.6 mean: 290.6084577114428
gen: 40 best: 257.6 mean: 290.00995024875624
gen: 41 best: 257.6 mean: 290.3139303482587
gen >42, new best = 254.900
gen: 42 best: 254.9 mean: 288.80845771144277
gen: 43 best: 254.9 mean: 289.118407960199
gen: 44 best: 254.9 mean: 288.3850746268657
gen: 45 best: 254.9 mean: 288.62139303482587
gen: 46 best: 254.9 mean: 289.0044776119403
gen: 47 best: 254.9 mean: 288.65124378109454
gen >48, new best = 254.300
gen >48, new best = 250.600
gen: 48 best: 250.6 mean: 287.92935323383085
gen: 49 best: 250.6 mean: 288.3363184079602
gen: 50 best: 250.6 mean: 289.0810945273632
gen: 51 best: 250.6 mean: 287.1169154228856
gen >52, new best = 249.900
gen: 52 best: 249.9 mean: 287.3825870646766
gen: 53 best: 249.9 mean: 287.6228855721393
gen: 54 best: 249.9 mean: 287.7134328358209
gen: 55 best: 249.9 mean: 287.8313432835821
gen: 56 best: 249.9 mean: 286.8189054726368
gen: 57 best: 249.9 mean: 287.01592039800994
gen: 58 best: 249.9 mean: 287.87064676616916
gen: 59 best: 249.9 mean: 286.6761194029851
gen: 60 best: 249.9 mean: 287.6825870646766
gen: 61 best: 249.9 mean: 287.47114427860697
gen: 62 best: 249.9 mean: 286.32487562189056
gen: 63 best: 249.9 mean: 286.7363184079602
gen: 64 best: 249.9 mean: 286.5626865671642
gen: 65 best: 249.9 mean: 285.83930348258707
gen: 66 best: 249.9 mean: 286.6810945273632
gen: 67 best: 249.9 mean: 285.4761194029851
gen: 68 best: 249.9 mean: 286.06517412935324
gen: 69 best: 249.9 mean: 285.1776119402985
gen: 70 best: 249.9 mean: 284.83383084577116
gen: 71 best: 249.9 mean: 285.5273631840796
gen: 72 best: 249.9 mean: 285.1592039800995
gen: 73 best: 249.9 mean: 285.6955223880597
gen: 74 best: 249.9 mean: 285.20796019900496
gen: 75 best: 249.9 mean: 285.4
gen: 76 best: 249.9 mean: 285.14925373134326
gen: 77 best: 249.9 mean: 284.94427860696516
gen: 78 best: 249.9 mean: 285.589552238806
gen: 79 best: 249.9 mean: 284.807960199005
gen: 80 best: 249.9 mean: 284.53781094527363
gen: 81 best: 249.9 mean: 283.66517412935326
gen: 82 best: 249.9 mean: 283.8592039800995
gen: 83 best: 249.9 mean: 284.60895522388057
gen: 84 best: 249.9 mean: 284.2487562189055
gen: 85 best: 249.9 mean: 284.41293532338307
gen: 86 best: 249.9 mean: 284.5407960199005
gen: 87 best: 249.9 mean: 283.84776119402983
gen: 88 best: 249.9 mean: 283.4915422885572
gen: 89 best: 249.9 mean: 284.9925373134328
gen >90, new best = 244.600
gen: 90 best: 244.6 mean: 283.79203980099504
gen >91, new best = 239.900
gen: 91 best: 239.9 mean: 284.16218905472635
gen: 92 best: 239.9 mean: 285.24228855721395
gen: 93 best: 239.9 mean: 284.4393034825871
gen: 94 best: 239.9 mean: 285.12338308457714
gen: 95 best: 239.9 mean: 283.51940298507463
gen: 96 best: 239.9 mean: 283.7054726368159
gen: 97 best: 239.9 mean: 284.2348258706468
gen: 98 best: 239.9 mean: 284.1905472636816
gen: 99 best: 239.9 mean: 284.44427860696516
[12, 10, 11, 10, 13, 9, 14, 10, 10, 15, 10, 9, 14, 11, 10, 10, 12, 13, 10, 9, 14, 9, 11, 10, 12, 12, 10, 15, 11, 12, 10, 8, 11, 9, 10, 10, 10, 10, 10, 12, 11, 11, 10, 10, 11, 11]
Test count of edges: 1613
cat
