Defaulting to user installation because normal site-packages is not writeable
Looking in links: /cvmfs/soft.computecanada.ca/custom/python/wheelhouse/gentoo/avx2, /cvmfs/soft.computecanada.ca/custom/python/wheelhouse/gentoo/generic, /cvmfs/soft.computecanada.ca/custom/python/wheelhouse/generic
Requirement already satisfied: graphviz in /home/js17sy/.local/lib/python3.10/site-packages (0.20)
533; python ga.py 9 512N_graph9.dat 0.075 0.03 0.7 0.9 0.1 201 512N_graph9laxgen3rem70_ 656903
/project/6008788/js17sy/reopenga/512b/ga.py:291: DeprecationWarning: Sampling from a set deprecated
since Python 3.9 and will be removed in a subsequent version.
  child1 = set(random.sample(
gen >0, new best = 355.300
gen >0, new best = 326.700
gen >0, new best = 322.300
gen >0, new best = 316.400
gen >0, new best = 315.900
gen >0, new best = 311.300
gen >0, new best = 308.900
gen >0, new best = 295.900
gen >0, new best = 289.000
gen >0, new best = 282.700
gen >0, new best = 282.200
gen >0, new best = 281.800
gen >0, new best = 265.300
gen: 0 best: 265.3 mean: 320.4713930348259
gen: 1 best: 265.3 mean: 318.6119402985075
gen: 2 best: 265.3 mean: 314.51542288557215
gen: 3 best: 265.3 mean: 312.2800995024876
gen >4, new best = 259.000
gen >4, new best = 254.900
gen: 4 best: 254.9 mean: 309.94228855721394
gen: 5 best: 254.9 mean: 307.2985074626866
gen: 6 best: 254.9 mean: 307.452736318408
gen: 7 best: 254.9 mean: 302.6
gen: 8 best: 254.9 mean: 301.9004975124378
gen: 9 best: 254.9 mean: 301.4830845771144
gen: 10 best: 254.9 mean: 299.0278606965174
gen: 11 best: 254.9 mean: 297.04129353233833
gen: 12 best: 254.9 mean: 296.4950248756219
gen: 13 best: 254.9 mean: 295.69353233830844
gen: 14 best: 254.9 mean: 294.16965174129353
gen: 15 best: 254.9 mean: 292.7502487562189
gen >16, new best = 244.000
gen: 16 best: 244.0 mean: 292.5169154228856
gen: 17 best: 244.0 mean: 292.83980099502486
gen: 18 best: 244.0 mean: 290.25223880597014
gen: 19 best: 244.0 mean: 289.7547263681592
gen: 20 best: 244.0 mean: 288.0238805970149
gen: 21 best: 244.0 mean: 287.87810945273634
gen: 22 best: 244.0 mean: 288.05721393034827
gen: 23 best: 244.0 mean: 285.9835820895522
gen: 24 best: 244.0 mean: 286.30298507462686
gen: 25 best: 244.0 mean: 285.1557213930348
gen: 26 best: 244.0 mean: 285.0014925373134
gen: 27 best: 244.0 mean: 284.0129353233831
gen: 28 best: 244.0 mean: 283.33482587064674
gen: 29 best: 244.0 mean: 283.00796019900497
gen: 30 best: 244.0 mean: 282.49203980099503
gen: 31 best: 244.0 mean: 283.70646766169153
gen: 32 best: 244.0 mean: 283.289552238806
gen: 33 best: 244.0 mean: 281.7089552238806
gen: 34 best: 244.0 mean: 280.7089552238806
gen: 35 best: 244.0 mean: 279.41094527363185
gen >36, new best = 242.100
gen >36, new best = 225.700
gen: 36 best: 225.7 mean: 280.4363184079602
gen: 37 best: 225.7 mean: 281.4417910447761
gen: 38 best: 225.7 mean: 281.08407960199
gen: 39 best: 225.7 mean: 279.8114427860697
gen: 40 best: 225.7 mean: 278.7746268656716
gen: 41 best: 225.7 mean: 278.38756218905473
gen: 42 best: 225.7 mean: 279.18805970149253
gen: 43 best: 225.7 mean: 278.6885572139303
gen: 44 best: 225.7 mean: 276.7905472636816
gen: 45 best: 225.7 mean: 276.10646766169157
gen: 46 best: 225.7 mean: 275.10149253731345
gen: 47 best: 225.7 mean: 276.9502487562189
gen: 48 best: 225.7 mean: 274.19900497512435
gen: 49 best: 225.7 mean: 276.4119402985075
gen: 50 best: 225.7 mean: 274.48756218905476
gen: 51 best: 225.7 mean: 274.38358208955225
gen: 52 best: 225.7 mean: 275.9273631840796
gen: 53 best: 225.7 mean: 275.2547263681592
gen: 54 best: 225.7 mean: 273.90398009950246
gen: 55 best: 225.7 mean: 274.72935323383086
gen: 56 best: 225.7 mean: 273.1044776119403
gen: 57 best: 225.7 mean: 272.9577114427861
gen: 58 best: 225.7 mean: 273.0452736318408
gen: 59 best: 225.7 mean: 272.2781094527363
gen: 60 best: 225.7 mean: 271.9318407960199
gen: 61 best: 225.7 mean: 271.0094527363184
gen: 62 best: 225.7 mean: 272.5457711442786
gen: 63 best: 225.7 mean: 271.4915422885572
gen: 64 best: 225.7 mean: 271.7398009950249
gen: 65 best: 225.7 mean: 271.1462686567164
gen: 66 best: 225.7 mean: 270.7437810945274
gen >67, new best = 222.200
gen: 67 best: 222.2 mean: 270.74328358208953
gen: 68 best: 222.2 mean: 271.1502487562189
gen: 69 best: 222.2 mean: 270.5532338308458
gen: 70 best: 222.2 mean: 271.16218905472635
gen: 71 best: 222.2 mean: 269.42935323383085
gen: 72 best: 222.2 mean: 270.15671641791045
gen: 73 best: 222.2 mean: 269.2094527363184
gen: 74 best: 222.2 mean: 269.7860696517413
gen: 75 best: 222.2 mean: 269.5621890547264
gen: 76 best: 222.2 mean: 269.33383084577116
gen: 77 best: 222.2 mean: 267.98059701492537
gen: 78 best: 222.2 mean: 269.0776119402985
gen: 79 best: 222.2 mean: 267.2084577114428
gen: 80 best: 222.2 mean: 270.23383084577114
gen >81, new best = 220.300
gen: 81 best: 220.3 mean: 266.5223880597015
gen: 82 best: 220.3 mean: 266.7268656716418
gen: 83 best: 220.3 mean: 268.33432835820895
gen: 84 best: 220.3 mean: 267.36218905472634
gen: 85 best: 220.3 mean: 267.14179104477614
gen: 86 best: 220.3 mean: 266.6457711442786
gen: 87 best: 220.3 mean: 266.5422885572139
gen: 88 best: 220.3 mean: 266.0820895522388
gen: 89 best: 220.3 mean: 266.3134328358209
gen: 90 best: 220.3 mean: 266.91293532338307
gen: 91 best: 220.3 mean: 267.9995024875622
gen: 92 best: 220.3 mean: 266.2915422885572
gen: 93 best: 220.3 mean: 266.64328358208957
gen: 94 best: 220.3 mean: 266.2800995024876
gen: 95 best: 220.3 mean: 267.5233830845771
gen: 96 best: 220.3 mean: 265.2587064676617
gen: 97 best: 220.3 mean: 266.2955223880597
gen: 98 best: 220.3 mean: 267.06119402985075
gen: 99 best: 220.3 mean: 265.763184079602
[8, 8, 10, 9, 9, 10, 7, 9, 8, 8, 8, 10, 8, 8, 8, 8, 9, 7, 9, 9, 7, 8, 7, 7, 7, 7, 7, 8, 9, 7, 8, 7, 8, 7, 8, 8, 8, 7, 7, 8, 9, 9, 8, 9, 7, 10, 8, 8, 7, 8]
Test count of edges: 953
cat
