Defaulting to user installation because normal site-packages is not writeable
Looking in links: /cvmfs/soft.computecanada.ca/custom/python/wheelhouse/gentoo/avx2, /cvmfs/soft.computecanada.ca/custom/python/wheelhouse/gentoo/generic, /cvmfs/soft.computecanada.ca/custom/python/wheelhouse/generic
Requirement already satisfied: graphviz in /home/js17sy/.local/lib/python3.10/site-packages (0.20)
326; python ga.py 9 512N_graph9.dat 0.05 0.02 0.7 0.7 0.3 201 512N_graph9mediumgen2rem70_ 742586
/project/6008788/js17sy/reopenga/512b/ga.py:291: DeprecationWarning: Sampling from a set deprecated
since Python 3.9 and will be removed in a subsequent version.
  child1 = set(random.sample(
gen >0, new best = 326.700
gen >0, new best = 321.100
gen >0, new best = 312.400
gen >0, new best = 278.500
gen >0, new best = 276.000
gen >0, new best = 255.400
gen >0, new best = 254.800
gen >0, new best = 248.000
gen: 0 best: 248.0 mean: 310.09850746268654
gen: 1 best: 248.0 mean: 303.76169154228853
gen: 2 best: 248.0 mean: 301.87412935323385
gen: 3 best: 248.0 mean: 298.97164179104476
gen: 4 best: 248.0 mean: 298.5661691542289
gen: 5 best: 248.0 mean: 299.08358208955224
gen >6, new best = 236.700
gen: 6 best: 236.7 mean: 296.0164179104478
gen: 7 best: 236.7 mean: 293.0457711442786
gen: 8 best: 236.7 mean: 291.5402985074627
gen >9, new best = 234.800
gen: 9 best: 234.8 mean: 289.09751243781096
gen: 10 best: 234.8 mean: 287.2139303482587
gen: 11 best: 234.8 mean: 281.95522388059703
gen: 12 best: 234.8 mean: 280.6194029850746
gen: 13 best: 234.8 mean: 281.37860696517413
gen: 14 best: 234.8 mean: 275.80845771144277
gen >15, new best = 227.200
gen: 15 best: 227.2 mean: 277.1686567164179
gen: 16 best: 227.2 mean: 275.36567164179104
gen: 17 best: 227.2 mean: 275.5273631840796
gen: 18 best: 227.2 mean: 275.64925373134326
gen: 19 best: 227.2 mean: 274.6636815920398
gen: 20 best: 227.2 mean: 272.5
gen: 21 best: 227.2 mean: 272.4363184079602
gen: 22 best: 227.2 mean: 270.54875621890545
gen: 23 best: 227.2 mean: 269.9358208955224
gen: 24 best: 227.2 mean: 269.9855721393035
gen >25, new best = 222.500
gen: 25 best: 222.5 mean: 268.6243781094527
gen: 26 best: 222.5 mean: 265.49353233830846
gen: 27 best: 222.5 mean: 269.602487562189
gen: 28 best: 222.5 mean: 266.10149253731345
gen: 29 best: 222.5 mean: 268.22935323383086
gen >30, new best = 222.000
gen >30, new best = 221.100
gen: 30 best: 221.1 mean: 263.7487562189055
gen: 31 best: 221.1 mean: 265.21691542288556
gen: 32 best: 221.1 mean: 263.8278606965174
gen >33, new best = 220.600
gen: 33 best: 220.6 mean: 261.89104477611943
gen: 34 best: 220.6 mean: 261.9174129353234
gen: 35 best: 220.6 mean: 263.31194029850747
gen: 36 best: 220.6 mean: 262.126368159204
gen: 37 best: 220.6 mean: 260.636815920398
gen: 38 best: 220.6 mean: 259.35074626865674
gen: 39 best: 220.6 mean: 259.6
gen: 40 best: 220.6 mean: 257.05273631840794
gen: 41 best: 220.6 mean: 258.6024875621891
gen >42, new best = 214.100
gen: 42 best: 214.1 mean: 256.9800995024876
gen: 43 best: 214.1 mean: 255.3825870646766
gen: 44 best: 214.1 mean: 256.4870646766169
gen: 45 best: 214.1 mean: 256.13880597014924
gen >46, new best = 212.700
gen: 46 best: 212.7 mean: 256.8174129353234
gen: 47 best: 212.7 mean: 255.80646766169156
gen: 48 best: 212.7 mean: 256.7686567164179
gen: 49 best: 212.7 mean: 253.1910447761194
gen: 50 best: 212.7 mean: 254.72935323383084
gen: 51 best: 212.7 mean: 253.9865671641791
gen >52, new best = 209.300
gen: 52 best: 209.3 mean: 251.418407960199
gen: 53 best: 209.3 mean: 253.8398009950249
gen: 54 best: 209.3 mean: 251.03432835820897
gen: 55 best: 209.3 mean: 252.31293532338307
gen: 56 best: 209.3 mean: 252.39054726368158
gen: 57 best: 209.3 mean: 253.13432835820896
gen: 58 best: 209.3 mean: 251.45273631840797
gen: 59 best: 209.3 mean: 251.62039800995026
gen: 60 best: 209.3 mean: 249.97562189054727
gen: 61 best: 209.3 mean: 252.20547263681593
gen: 62 best: 209.3 mean: 251.15124378109454
gen: 63 best: 209.3 mean: 249.68805970149253
gen: 64 best: 209.3 mean: 250.74477611940299
gen: 65 best: 209.3 mean: 250.1174129353234
gen: 66 best: 209.3 mean: 249.10796019900496
gen: 67 best: 209.3 mean: 250.6358208955224
gen: 68 best: 209.3 mean: 250.3626865671642
gen: 69 best: 209.3 mean: 249.55771144278606
gen: 70 best: 209.3 mean: 247.4915422885572
gen: 71 best: 209.3 mean: 247.64626865671642
gen: 72 best: 209.3 mean: 248.29402985074626
gen: 73 best: 209.3 mean: 248.34726368159204
gen: 74 best: 209.3 mean: 248.90199004975125
gen: 75 best: 209.3 mean: 247.4900497512438
gen >76, new best = 206.600
gen: 76 best: 206.6 mean: 248.23383084577114
gen: 77 best: 206.6 mean: 247.68059701492538
gen: 78 best: 206.6 mean: 247.7691542288557
gen: 79 best: 206.6 mean: 247.75273631840795
gen: 80 best: 206.6 mean: 248.1830845771144
gen: 81 best: 206.6 mean: 247.1358208955224
gen: 82 best: 206.6 mean: 245.84875621890546
gen: 83 best: 206.6 mean: 246.89601990049752
gen: 84 best: 206.6 mean: 247.30199004975125
gen: 85 best: 206.6 mean: 244.96268656716418
gen: 86 best: 206.6 mean: 246.06567164179106
gen >87, new best = 203.800
gen: 87 best: 203.8 mean: 245.49601990049752
gen: 88 best: 203.8 mean: 247.11094527363184
gen: 89 best: 203.8 mean: 245.86666666666667
gen: 90 best: 203.8 mean: 245.60945273631842
gen: 91 best: 203.8 mean: 244.06965174129354
gen: 92 best: 203.8 mean: 242.14825870646766
gen: 93 best: 203.8 mean: 244.06616915422885
gen: 94 best: 203.8 mean: 245.10248756218905
gen: 95 best: 203.8 mean: 246.05671641791045
gen: 96 best: 203.8 mean: 244.40149253731343
gen: 97 best: 203.8 mean: 243.7636815920398
gen: 98 best: 203.8 mean: 241.75273631840795
gen: 99 best: 203.8 mean: 244.4278606965174
[7, 9, 9, 7, 8, 8, 8, 9, 8, 9, 8, 7, 9, 8, 9, 9, 11, 7, 10, 10, 8, 10, 10, 7, 10, 9, 10, 8, 8, 9, 10, 8, 8, 9, 11, 8, 10, 11, 9, 8, 8, 11, 8, 8, 8, 9, 8]
Test count of edges: 972
cat
