Defaulting to user installation because normal site-packages is not writeable
Looking in links: /cvmfs/soft.computecanada.ca/custom/python/wheelhouse/gentoo/avx2, /cvmfs/soft.computecanada.ca/custom/python/wheelhouse/gentoo/generic, /cvmfs/soft.computecanada.ca/custom/python/wheelhouse/generic
Requirement already satisfied: graphviz in /home/js17sy/.local/lib/python3.10/site-packages (0.20)
134; python ga.py 9 512N_graph9.dat 0.025 0.01 0.7 0.7 0.3 201 512N_graph9strictgen2rem70_ 399854
/project/6008788/js17sy/reopenga/512b/ga.py:291: DeprecationWarning: Sampling from a set deprecated
since Python 3.9 and will be removed in a subsequent version.
  child1 = set(random.sample(
gen >0, new best = 254.500
gen >0, new best = 246.200
gen >0, new best = 220.000
gen >0, new best = 203.400
gen: 0 best: 203.4 mean: 306.8880597014925
gen: 1 best: 203.4 mean: 299.3422885572139
gen >2, new best = 195.000
gen: 2 best: 195.0 mean: 293.19303482587065
gen >3, new best = 189.000
gen: 3 best: 189.0 mean: 291.22636815920396
gen: 4 best: 189.0 mean: 286.57910447761196
gen: 5 best: 189.0 mean: 282.29800995024874
gen >6, new best = 187.800
gen: 6 best: 187.8 mean: 281.05273631840794
gen: 7 best: 187.8 mean: 278.2965174129353
gen: 8 best: 187.8 mean: 271.3900497512438
gen: 9 best: 187.8 mean: 264.7268656716418
gen: 10 best: 187.8 mean: 263.6318407960199
gen: 11 best: 187.8 mean: 264.1059701492537
gen: 12 best: 187.8 mean: 259.46218905472637
gen >13, new best = 177.200
gen: 13 best: 177.2 mean: 255.8955223880597
gen: 14 best: 177.2 mean: 254.90298507462686
gen: 15 best: 177.2 mean: 252.31243781094528
gen: 16 best: 177.2 mean: 252.14726368159205
gen: 17 best: 177.2 mean: 248.58308457711442
gen: 18 best: 177.2 mean: 245.23482587064677
gen: 19 best: 177.2 mean: 246.9223880597015
gen: 20 best: 177.2 mean: 242.98955223880597
gen: 21 best: 177.2 mean: 239.72039800995026
gen: 22 best: 177.2 mean: 238.70248756218905
gen: 23 best: 177.2 mean: 239.02786069651742
gen: 24 best: 177.2 mean: 242.16169154228857
gen: 25 best: 177.2 mean: 236.5084577114428
gen: 26 best: 177.2 mean: 234.1358208955224
gen: 27 best: 177.2 mean: 230.91492537313434
gen: 28 best: 177.2 mean: 235.23034825870647
gen: 29 best: 177.2 mean: 234.20597014925374
gen: 30 best: 177.2 mean: 230.65572139303484
gen: 31 best: 177.2 mean: 230.9318407960199
gen: 32 best: 177.2 mean: 231.81990049751244
gen: 33 best: 177.2 mean: 230.57562189054727
gen: 34 best: 177.2 mean: 228.5502487562189
gen: 35 best: 177.2 mean: 228.19353233830847
gen: 36 best: 177.2 mean: 227.8313432835821
gen: 37 best: 177.2 mean: 225.94179104477612
gen: 38 best: 177.2 mean: 226.67114427860696
gen: 39 best: 177.2 mean: 225.78358208955223
gen: 40 best: 177.2 mean: 225.52537313432836
gen >41, new best = 175.500
gen: 41 best: 175.5 mean: 227.8313432835821
gen: 42 best: 175.5 mean: 227.9686567164179
gen: 43 best: 175.5 mean: 227.48507462686567
gen: 44 best: 175.5 mean: 228.25572139303483
gen: 45 best: 175.5 mean: 227.96069651741294
gen: 46 best: 175.5 mean: 226.97213930348258
gen: 47 best: 175.5 mean: 225.6865671641791
gen: 48 best: 175.5 mean: 226.292039800995
gen: 49 best: 175.5 mean: 225.7452736318408
gen: 50 best: 175.5 mean: 225.28805970149253
gen: 51 best: 175.5 mean: 226.80348258706468
gen: 52 best: 175.5 mean: 228.29402985074626
gen: 53 best: 175.5 mean: 225.14676616915423
gen: 54 best: 175.5 mean: 225.83482587064677
gen: 55 best: 175.5 mean: 225.63233830845772
gen: 56 best: 175.5 mean: 225.01691542288557
gen: 57 best: 175.5 mean: 226.30646766169156
gen: 58 best: 175.5 mean: 223.7134328358209
gen: 59 best: 175.5 mean: 225.49701492537312
gen: 60 best: 175.5 mean: 225.68507462686568
gen: 61 best: 175.5 mean: 223.5910447761194
gen: 62 best: 175.5 mean: 221.5134328358209
gen >63, new best = 173.500
gen: 63 best: 173.5 mean: 222.48507462686567
gen: 64 best: 173.5 mean: 222.99950248756218
gen >65, new best = 171.000
gen: 65 best: 171.0 mean: 221.57462686567163
gen: 66 best: 171.0 mean: 221.21641791044777
gen: 67 best: 171.0 mean: 220.82636815920398
gen: 68 best: 171.0 mean: 220.8587064676617
gen: 69 best: 171.0 mean: 220.22139303482587
gen: 70 best: 171.0 mean: 220.17363184079602
gen >71, new best = 169.400
gen: 71 best: 169.4 mean: 219.8636815920398
gen: 72 best: 169.4 mean: 222.2592039800995
gen: 73 best: 169.4 mean: 222.16268656716417
gen: 74 best: 169.4 mean: 218.7318407960199
gen: 75 best: 169.4 mean: 218.05174129353233
gen: 76 best: 169.4 mean: 220.626368159204
gen: 77 best: 169.4 mean: 218.4179104477612
gen: 78 best: 169.4 mean: 219.53980099502488
gen >79, new best = 150.000
gen: 79 best: 150.0 mean: 218.59303482587066
gen: 80 best: 150.0 mean: 220.34726368159204
gen: 81 best: 150.0 mean: 220.0731343283582
gen: 82 best: 150.0 mean: 220.9358208955224
gen: 83 best: 150.0 mean: 220.04925373134327
gen: 84 best: 150.0 mean: 218.536815920398
gen: 85 best: 150.0 mean: 219.19751243781096
gen: 86 best: 150.0 mean: 217.7681592039801
gen: 87 best: 150.0 mean: 217.373631840796
gen: 88 best: 150.0 mean: 218.50597014925373
gen: 89 best: 150.0 mean: 215.5870646766169
gen: 90 best: 150.0 mean: 217.4278606965174
gen: 91 best: 150.0 mean: 217.1592039800995
gen: 92 best: 150.0 mean: 217.41144278606964
gen: 93 best: 150.0 mean: 217.3089552238806
gen: 94 best: 150.0 mean: 217.7547263681592
gen: 95 best: 150.0 mean: 216.96915422885573
gen: 96 best: 150.0 mean: 214.94626865671643
gen: 97 best: 150.0 mean: 215.59402985074627
gen: 98 best: 150.0 mean: 215.74129353233832
gen: 99 best: 150.0 mean: 217.7950248756219
[9, 11, 8, 4, 10, 11, 14, 11, 9, 10, 10, 11, 8, 9, 9, 8, 8, 10, 10, 11, 11, 9, 10, 12, 11, 11, 11, 8, 12, 10, 12, 10, 7, 12, 9, 10, 8, 9, 11, 10, 9, 8, 9, 12, 10, 9, 10]
Test count of edges: 967
cat
