Defaulting to user installation because normal site-packages is not writeable
Looking in links: /cvmfs/soft.computecanada.ca/custom/python/wheelhouse/gentoo/avx2, /cvmfs/soft.computecanada.ca/custom/python/wheelhouse/gentoo/generic, /cvmfs/soft.computecanada.ca/custom/python/wheelhouse/generic
Requirement already satisfied: graphviz in /home/js17sy/.local/lib/python3.10/site-packages (0.20)
436; python ga.py 24 768N_graph24.dat 0.075 0.03 0.5 0.9 0.1 201 768N_graph24laxgen3rem50_ 456976
/project/6008788/js17sy/reopenga/768c/ga.py:291: DeprecationWarning: Sampling from a set deprecated
since Python 3.9 and will be removed in a subsequent version.
  child1 = set(random.sample(
gen >0, new best = 509.800
gen >0, new best = 507.300
gen >0, new best = 504.500
gen >0, new best = 500.000
gen >0, new best = 499.300
gen >0, new best = 495.800
gen: 0 best: 495.8 mean: 517.1412935323383
gen >1, new best = 495.600
gen: 1 best: 495.6 mean: 515.6119402985074
gen >2, new best = 494.600
gen: 2 best: 494.6 mean: 514.1706467661692
gen >3, new best = 491.300
gen: 3 best: 491.3 mean: 514.2189054726368
gen: 4 best: 491.3 mean: 512.4363184079602
gen >5, new best = 491.000
gen >5, new best = 490.200
gen: 5 best: 490.2 mean: 511.4283582089552
gen >6, new best = 489.300
gen >6, new best = 486.200
gen: 6 best: 486.2 mean: 511.52437810945275
gen >7, new best = 484.100
gen: 7 best: 484.1 mean: 511.22935323383086
gen: 8 best: 484.1 mean: 510.163184079602
gen: 9 best: 484.1 mean: 509.5875621890547
gen >10, new best = 480.400
gen: 10 best: 480.4 mean: 508.6208955223881
gen: 11 best: 480.4 mean: 508.08706467661693
gen: 12 best: 480.4 mean: 507.1462686567164
gen: 13 best: 480.4 mean: 506.0054726368159
gen: 14 best: 480.4 mean: 505.47562189054725
gen: 15 best: 480.4 mean: 504.3820895522388
gen: 16 best: 480.4 mean: 503.97960199004973
gen: 17 best: 480.4 mean: 502.99303482587067
gen: 18 best: 480.4 mean: 502.9338308457711
gen: 19 best: 480.4 mean: 502.092039800995
gen >20, new best = 478.700
gen: 20 best: 478.7 mean: 500.6825870646766
gen >21, new best = 477.200
gen: 21 best: 477.2 mean: 500.2512437810945
gen: 22 best: 477.2 mean: 500.444776119403
gen >23, new best = 471.600
gen: 23 best: 471.6 mean: 499.8681592039801
gen: 24 best: 471.6 mean: 499.09402985074627
gen: 25 best: 471.6 mean: 499.41592039801
gen: 26 best: 471.6 mean: 498.7990049751244
gen: 27 best: 471.6 mean: 496.355223880597
gen: 28 best: 471.6 mean: 495.9194029850746
gen: 29 best: 471.6 mean: 495.57462686567163
gen: 30 best: 471.6 mean: 495.9194029850746
gen: 31 best: 471.6 mean: 495.50845771144276
gen >32, new best = 468.000
gen: 32 best: 468.0 mean: 493.4835820895522
gen: 33 best: 468.0 mean: 492.7139303482587
gen: 34 best: 468.0 mean: 493.3139303482587
gen >35, new best = 467.100
gen: 35 best: 467.1 mean: 492.68407960199005
gen: 36 best: 467.1 mean: 491.24427860696517
gen: 37 best: 467.1 mean: 491.16915422885575
gen: 38 best: 467.1 mean: 490.11044776119405
gen: 39 best: 467.1 mean: 490.12985074626863
gen: 40 best: 467.1 mean: 490.1855721393035
gen >41, new best = 466.500
gen: 41 best: 466.5 mean: 490.0641791044776
gen: 42 best: 466.5 mean: 489.2875621890547
gen: 43 best: 466.5 mean: 488.144776119403
gen: 44 best: 466.5 mean: 489.65820895522387
gen >45, new best = 465.800
gen >45, new best = 462.700
gen: 45 best: 462.7 mean: 488.2089552238806
gen: 46 best: 462.7 mean: 487.42437810945273
gen: 47 best: 462.7 mean: 486.84328358208955
gen: 48 best: 462.7 mean: 486.05970149253733
gen >49, new best = 461.500
gen: 49 best: 461.5 mean: 486.9452736318408
gen >50, new best = 457.800
gen: 50 best: 457.8 mean: 485.70298507462684
gen: 51 best: 457.8 mean: 485.0641791044776
gen: 52 best: 457.8 mean: 484.97164179104476
gen: 53 best: 457.8 mean: 484.56666666666666
gen: 54 best: 457.8 mean: 484.66616915422884
gen: 55 best: 457.8 mean: 483.43333333333334
gen: 56 best: 457.8 mean: 483.1119402985075
gen: 57 best: 457.8 mean: 482.17910447761193
gen: 58 best: 457.8 mean: 482.3587064676617
gen >59, new best = 457.000
gen: 59 best: 457.0 mean: 481.89253731343285
gen: 60 best: 457.0 mean: 481.565671641791
gen >61, new best = 455.300
gen: 61 best: 455.3 mean: 480.4268656716418
gen: 62 best: 455.3 mean: 480.047263681592
gen >63, new best = 454.800
gen: 63 best: 454.8 mean: 480.8019900497512
gen: 64 best: 454.8 mean: 480.2512437810945
gen >65, new best = 451.100
gen: 65 best: 451.1 mean: 479.7044776119403
gen: 66 best: 451.1 mean: 479.5169154228856
gen: 67 best: 451.1 mean: 479.69751243781093
gen: 68 best: 451.1 mean: 478.2582089552239
gen: 69 best: 451.1 mean: 478.2786069651741
gen: 70 best: 451.1 mean: 478.8333333333333
gen: 71 best: 451.1 mean: 477.92985074626864
gen: 72 best: 451.1 mean: 477.9557213930348
gen: 73 best: 451.1 mean: 476.7686567164179
gen >74, new best = 448.100
gen: 74 best: 448.1 mean: 476.66965174129353
gen: 75 best: 448.1 mean: 477.2641791044776
gen: 76 best: 448.1 mean: 478.1179104477612
gen: 77 best: 448.1 mean: 477.9875621890547
gen: 78 best: 448.1 mean: 476.05223880597015
gen: 79 best: 448.1 mean: 476.3318407960199
gen: 80 best: 448.1 mean: 475.9467661691542
gen: 81 best: 448.1 mean: 475.7452736318408
gen: 82 best: 448.1 mean: 476.16766169154226
gen: 83 best: 448.1 mean: 475.2144278606965
gen >84, new best = 447.300
gen: 84 best: 447.3 mean: 475.31094527363183
gen: 85 best: 447.3 mean: 474.81940298507465
gen: 86 best: 447.3 mean: 474.16069651741293
gen: 87 best: 447.3 mean: 473.4378109452736
gen: 88 best: 447.3 mean: 474.04278606965175
gen: 89 best: 447.3 mean: 473.192039800995
gen: 90 best: 447.3 mean: 473.53432835820894
gen: 91 best: 447.3 mean: 473.30149253731344
gen: 92 best: 447.3 mean: 472.29950248756217
gen: 93 best: 447.3 mean: 471.4467661691542
gen >94, new best = 446.300
gen: 94 best: 446.3 mean: 472.692039800995
gen: 95 best: 446.3 mean: 472.5089552238806
gen: 96 best: 446.3 mean: 472.29203980099504
gen: 97 best: 446.3 mean: 471.5273631840796
gen: 98 best: 446.3 mean: 471.5179104477612
gen >99, new best = 445.000
gen: 99 best: 445.0 mean: 471.42039800995025
[8, 8, 7, 8, 9, 8, 8, 8, 7, 8, 7, 9, 7, 7, 8, 8, 8, 7, 7, 8, 8, 8, 7, 8, 8, 7, 8, 7, 9, 9, 7, 8, 8, 7, 7, 7, 8, 8, 9, 8, 8, 8, 8]
Test count of edges: 2358
cat
