Defaulting to user installation because normal site-packages is not writeable
Looking in links: /cvmfs/soft.computecanada.ca/custom/python/wheelhouse/gentoo/avx2, /cvmfs/soft.computecanada.ca/custom/python/wheelhouse/gentoo/generic, /cvmfs/soft.computecanada.ca/custom/python/wheelhouse/generic
Requirement already satisfied: graphviz in /home/js17sy/.local/lib/python3.10/site-packages (0.20)
500; python ga.py 24 768N_graph24.dat 0.075 0.03 0.7 0.7 0.3 201 768N_graph24laxgen2rem70_ 571220
/project/6008788/js17sy/reopenga/768c/ga.py:291: DeprecationWarning: Sampling from a set deprecated
since Python 3.9 and will be removed in a subsequent version.
  child1 = set(random.sample(
gen >0, new best = 487.200
gen >0, new best = 467.200
gen >0, new best = 459.200
gen >0, new best = 456.900
gen >0, new best = 443.400
gen: 0 best: 443.4 mean: 498.94353233830844
gen >1, new best = 438.800
gen: 1 best: 438.8 mean: 496.34726368159204
gen: 2 best: 438.8 mean: 491.31641791044774
gen: 3 best: 438.8 mean: 489.70746268656717
gen >4, new best = 429.800
gen: 4 best: 429.8 mean: 485.73830845771147
gen: 5 best: 429.8 mean: 481.74427860696517
gen >6, new best = 427.300
gen >6, new best = 423.300
gen: 6 best: 423.3 mean: 481.1084577114428
gen: 7 best: 423.3 mean: 478.5547263681592
gen: 8 best: 423.3 mean: 479.12935323383084
gen: 9 best: 423.3 mean: 476.7761194029851
gen >10, new best = 409.600
gen: 10 best: 409.6 mean: 473.8492537313433
gen: 11 best: 409.6 mean: 473.5606965174129
gen: 12 best: 409.6 mean: 472.4144278606965
gen: 13 best: 409.6 mean: 470.27412935323383
gen: 14 best: 409.6 mean: 469.42587064676616
gen: 15 best: 409.6 mean: 468.5497512437811
gen: 16 best: 409.6 mean: 466.7805970149254
gen: 17 best: 409.6 mean: 468.11641791044775
gen: 18 best: 409.6 mean: 465.59601990049754
gen: 19 best: 409.6 mean: 465.8905472636816
gen: 20 best: 409.6 mean: 462.20248756218905
gen: 21 best: 409.6 mean: 464.6154228855721
gen: 22 best: 409.6 mean: 461.4537313432836
gen >23, new best = 403.400
gen: 23 best: 403.4 mean: 457.7601990049751
gen: 24 best: 403.4 mean: 458.41641791044776
gen: 25 best: 403.4 mean: 459.0990049751244
gen: 26 best: 403.4 mean: 457.5323383084577
gen: 27 best: 403.4 mean: 454.50696517412933
gen: 28 best: 403.4 mean: 456.4154228855721
gen: 29 best: 403.4 mean: 455.78109452736317
gen: 30 best: 403.4 mean: 452.1169154228856
gen: 31 best: 403.4 mean: 451.72587064676617
gen: 32 best: 403.4 mean: 453.80348258706465
gen: 33 best: 403.4 mean: 451.2348258706468
gen: 34 best: 403.4 mean: 452.69751243781093
gen: 35 best: 403.4 mean: 452.5676616915423
gen: 36 best: 403.4 mean: 448.86716417910446
gen: 37 best: 403.4 mean: 447.1313432835821
gen: 38 best: 403.4 mean: 449.0970149253731
gen: 39 best: 403.4 mean: 449.4457711442786
gen >40, new best = 402.100
gen: 40 best: 402.1 mean: 449.21890547263683
gen: 41 best: 402.1 mean: 448.63980099502487
gen: 42 best: 402.1 mean: 449.0781094527363
gen >43, new best = 389.300
gen: 43 best: 389.3 mean: 444.49353233830846
gen: 44 best: 389.3 mean: 449.56119402985075
gen: 45 best: 389.3 mean: 447.7761194029851
gen: 46 best: 389.3 mean: 446.7716417910448
gen: 47 best: 389.3 mean: 449.04875621890545
gen: 48 best: 389.3 mean: 446.8074626865672
gen: 49 best: 389.3 mean: 446.31940298507465
gen: 50 best: 389.3 mean: 445.8442786069652
gen: 51 best: 389.3 mean: 446.07412935323384
gen: 52 best: 389.3 mean: 446.1865671641791
gen: 53 best: 389.3 mean: 443.70248756218905
gen: 54 best: 389.3 mean: 442.7159203980099
gen: 55 best: 389.3 mean: 443.3223880597015
gen: 56 best: 389.3 mean: 443.9218905472637
gen: 57 best: 389.3 mean: 443.9268656716418
gen: 58 best: 389.3 mean: 445.30646766169156
gen: 59 best: 389.3 mean: 442.9179104477612
gen: 60 best: 389.3 mean: 442.2587064676617
gen: 61 best: 389.3 mean: 441.22935323383086
gen: 62 best: 389.3 mean: 439.573631840796
gen: 63 best: 389.3 mean: 442.72388059701495
gen: 64 best: 389.3 mean: 440.6955223880597
gen: 65 best: 389.3 mean: 442.30099502487565
gen: 66 best: 389.3 mean: 441.0676616915423
gen: 67 best: 389.3 mean: 440.765671641791
gen: 68 best: 389.3 mean: 439.173631840796
gen: 69 best: 389.3 mean: 437.57611940298506
gen: 70 best: 389.3 mean: 441.13084577114427
gen: 71 best: 389.3 mean: 439.071144278607
gen: 72 best: 389.3 mean: 438.07462686567163
gen: 73 best: 389.3 mean: 437.6671641791045
gen: 74 best: 389.3 mean: 440.1353233830846
gen >75, new best = 387.500
gen: 75 best: 387.5 mean: 436.78805970149256
gen: 76 best: 387.5 mean: 437.74427860696517
gen: 77 best: 387.5 mean: 438.7601990049751
gen: 78 best: 387.5 mean: 437.86019900497513
gen: 79 best: 387.5 mean: 438.12985074626863
gen: 80 best: 387.5 mean: 438.67860696517414
gen: 81 best: 387.5 mean: 437.67313432835823
gen: 82 best: 387.5 mean: 436.7507462686567
gen: 83 best: 387.5 mean: 435.0532338308458
gen: 84 best: 387.5 mean: 435.42537313432837
gen: 85 best: 387.5 mean: 434.72587064676617
gen: 86 best: 387.5 mean: 434.45870646766167
gen: 87 best: 387.5 mean: 434.9124378109453
gen: 88 best: 387.5 mean: 436.5691542288557
gen: 89 best: 387.5 mean: 432.28805970149256
gen: 90 best: 387.5 mean: 434.19850746268656
gen: 91 best: 387.5 mean: 434.2766169154229
gen: 92 best: 387.5 mean: 434.1174129353234
gen >93, new best = 383.900
gen: 93 best: 383.9 mean: 436.573631840796
gen: 94 best: 383.9 mean: 433.52039800995027
gen: 95 best: 383.9 mean: 435.16567164179105
gen: 96 best: 383.9 mean: 433.49004975124376
gen: 97 best: 383.9 mean: 435.2587064676617
gen: 98 best: 383.9 mean: 435.6099502487562
gen: 99 best: 383.9 mean: 434.03880597014927
[6, 7, 8, 7, 8, 8, 6, 7, 6, 8, 7, 8, 7, 7, 7, 8, 6, 7, 7, 7, 8, 7, 7, 7, 8, 7, 7, 7, 8, 9, 7, 7, 7, 7, 7, 7, 7, 7, 8, 7, 7, 8, 8, 9, 8]
Test count of edges: 1435
cat
