Defaulting to user installation because normal site-packages is not writeable
Looking in links: /cvmfs/soft.computecanada.ca/custom/python/wheelhouse/gentoo/avx2, /cvmfs/soft.computecanada.ca/custom/python/wheelhouse/gentoo/generic, /cvmfs/soft.computecanada.ca/custom/python/wheelhouse/generic
Requirement already satisfied: graphviz in /home/js17sy/.local/lib/python3.10/site-packages (0.20)
221; python ga.py 24 768N_graph24.dat 0.05 0.02 0.5 0.7 0.3 201 768N_graph24mediumgen2rem50_ 314171
/project/6008788/js17sy/reopenga/768c/ga.py:291: DeprecationWarning: Sampling from a set deprecated
since Python 3.9 and will be removed in a subsequent version.
  child1 = set(random.sample(
gen >0, new best = 490.600
gen >0, new best = 489.900
gen >0, new best = 486.600
gen >0, new best = 481.700
gen >0, new best = 480.800
gen >0, new best = 479.700
gen >0, new best = 475.600
gen >0, new best = 473.100
gen >0, new best = 467.500
gen: 0 best: 467.5 mean: 492.1865671641791
gen: 1 best: 467.5 mean: 490.7218905472637
gen >2, new best = 465.100
gen >2, new best = 460.600
gen: 2 best: 460.6 mean: 489.19303482587065
gen: 3 best: 460.6 mean: 489.2601990049751
gen: 4 best: 460.6 mean: 487.8641791044776
gen: 5 best: 460.6 mean: 487.2054726368159
gen: 6 best: 460.6 mean: 486.56716417910445
gen: 7 best: 460.6 mean: 487.3572139303483
gen: 8 best: 460.6 mean: 486.18955223880596
gen: 9 best: 460.6 mean: 485.3218905472637
gen >10, new best = 459.800
gen: 10 best: 459.8 mean: 484.4338308457711
gen >11, new best = 458.400
gen >11, new best = 457.300
gen: 11 best: 457.3 mean: 482.9218905472637
gen: 12 best: 457.3 mean: 484.89800995024876
gen: 13 best: 457.3 mean: 482.22587064676617
gen >14, new best = 454.700
gen: 14 best: 454.7 mean: 480.84179104477613
gen: 15 best: 454.7 mean: 480.3905472636816
gen: 16 best: 454.7 mean: 480.8114427860697
gen >17, new best = 454.000
gen: 17 best: 454.0 mean: 479.25572139303483
gen: 18 best: 454.0 mean: 479.4497512437811
gen >19, new best = 452.600
gen: 19 best: 452.6 mean: 477.41990049751246
gen >20, new best = 445.700
gen: 20 best: 445.7 mean: 477.09800995024875
gen: 21 best: 445.7 mean: 476.52487562189054
gen >22, new best = 442.400
gen: 22 best: 442.4 mean: 475.4676616915423
gen: 23 best: 442.4 mean: 475.3666666666667
gen >24, new best = 441.800
gen: 24 best: 441.8 mean: 473.43532338308455
gen: 25 best: 441.8 mean: 473.7218905472637
gen: 26 best: 441.8 mean: 474.8592039800995
gen: 27 best: 441.8 mean: 473.4218905472637
gen >28, new best = 441.100
gen: 28 best: 441.1 mean: 473.7507462686567
gen: 29 best: 441.1 mean: 474.5547263681592
gen: 30 best: 441.1 mean: 472.9965174129353
gen: 31 best: 441.1 mean: 473.66567164179105
gen >32, new best = 438.700
gen: 32 best: 438.7 mean: 471.96069651741294
gen: 33 best: 438.7 mean: 472.04477611940297
gen: 34 best: 438.7 mean: 471.7009950248756
gen: 35 best: 438.7 mean: 470.6810945273632
gen: 36 best: 438.7 mean: 471.33482587064674
gen: 37 best: 438.7 mean: 470.62388059701493
gen: 38 best: 438.7 mean: 470.1134328358209
gen: 39 best: 438.7 mean: 469.6830845771144
gen: 40 best: 438.7 mean: 469.47711442786067
gen: 41 best: 438.7 mean: 469.181592039801
gen: 42 best: 438.7 mean: 468.9273631840796
gen: 43 best: 438.7 mean: 468.7398009950249
gen: 44 best: 438.7 mean: 468.13880597014924
gen: 45 best: 438.7 mean: 468.4139303482587
gen: 46 best: 438.7 mean: 468.4407960199005
gen: 47 best: 438.7 mean: 467.63084577114427
gen: 48 best: 438.7 mean: 467.34278606965177
gen: 49 best: 438.7 mean: 467.75223880597014
gen: 50 best: 438.7 mean: 468.1995024875622
gen: 51 best: 438.7 mean: 467.0034825870647
gen >52, new best = 437.700
gen: 52 best: 437.7 mean: 466.5532338308458
gen: 53 best: 437.7 mean: 466.1208955223881
gen: 54 best: 437.7 mean: 466.3422885572139
gen: 55 best: 437.7 mean: 466.4691542288557
gen: 56 best: 437.7 mean: 466.8731343283582
gen >57, new best = 436.100
gen: 57 best: 436.1 mean: 464.9766169154229
gen: 58 best: 436.1 mean: 465.02139303482585
gen: 59 best: 436.1 mean: 464.8676616915423
gen: 60 best: 436.1 mean: 465.2069651741294
gen: 61 best: 436.1 mean: 465.27014925373135
gen: 62 best: 436.1 mean: 464.6393034825871
gen: 63 best: 436.1 mean: 464.3149253731343
gen: 64 best: 436.1 mean: 463.56467661691545
gen: 65 best: 436.1 mean: 463.77014925373135
gen: 66 best: 436.1 mean: 462.06169154228854
gen: 67 best: 436.1 mean: 463.04676616915424
gen >68, new best = 434.400
gen: 68 best: 434.4 mean: 463.1910447761194
gen >69, new best = 427.600
gen: 69 best: 427.6 mean: 460.54129353233833
gen: 70 best: 427.6 mean: 461.7621890547264
gen: 71 best: 427.6 mean: 461.4189054726368
gen: 72 best: 427.6 mean: 460.3830845771144
gen: 73 best: 427.6 mean: 461.26268656716417
gen: 74 best: 427.6 mean: 460.3422885572139
gen: 75 best: 427.6 mean: 460.63432835820896
gen: 76 best: 427.6 mean: 458.88756218905473
gen: 77 best: 427.6 mean: 459.6223880597015
gen: 78 best: 427.6 mean: 459.50845771144276
gen: 79 best: 427.6 mean: 458.8223880597015
gen: 80 best: 427.6 mean: 459.00995024875624
gen: 81 best: 427.6 mean: 458.3606965174129
gen: 82 best: 427.6 mean: 458.326368159204
gen: 83 best: 427.6 mean: 457.66915422885575
gen: 84 best: 427.6 mean: 458.218407960199
gen: 85 best: 427.6 mean: 458.73034825870644
gen: 86 best: 427.6 mean: 456.2835820895522
gen: 87 best: 427.6 mean: 456.3686567164179
gen: 88 best: 427.6 mean: 456.16965174129353
gen: 89 best: 427.6 mean: 457.01940298507463
gen: 90 best: 427.6 mean: 456.6666666666667
gen: 91 best: 427.6 mean: 455.2174129353234
gen: 92 best: 427.6 mean: 455.73333333333335
gen: 93 best: 427.6 mean: 456.155223880597
gen: 94 best: 427.6 mean: 454.3626865671642
gen: 95 best: 427.6 mean: 455.60746268656715
gen >96, new best = 426.300
gen: 96 best: 426.3 mean: 454.1313432835821
gen: 97 best: 426.3 mean: 454.4582089552239
gen: 98 best: 426.3 mean: 454.63830845771145
gen >99, new best = 418.100
gen: 99 best: 418.1 mean: 455.2582089552239
[9, 8, 9, 9, 9, 9, 8, 8, 8, 9, 9, 9, 8, 8, 9, 8, 10, 9, 8, 10, 9, 8, 10, 9, 8, 8, 10, 9, 8, 8, 10, 8, 10, 8, 9, 9, 8, 11, 9, 8, 9, 9, 9, 8, 8]
Test count of edges: 2372
cat
