Defaulting to user installation because normal site-packages is not writeable
Looking in links: /cvmfs/soft.computecanada.ca/custom/python/wheelhouse/gentoo/avx2, /cvmfs/soft.computecanada.ca/custom/python/wheelhouse/gentoo/generic, /cvmfs/soft.computecanada.ca/custom/python/wheelhouse/generic
Requirement already satisfied: graphviz in /home/js17sy/.local/lib/python3.10/site-packages (0.20)
483; python ga.py 24 768N_graph24.dat 0.075 0.03 0.7 0.7 0.3 201 768N_graph24laxgen2rem70_ 85683
/project/6008788/js17sy/reopenga/768c/ga.py:291: DeprecationWarning: Sampling from a set deprecated
since Python 3.9 and will be removed in a subsequent version.
  child1 = set(random.sample(
gen >0, new best = 516.300
gen >0, new best = 511.000
gen >0, new best = 497.100
gen >0, new best = 483.300
gen >0, new best = 467.900
gen >0, new best = 467.800
gen >0, new best = 460.900
gen >0, new best = 456.000
gen >0, new best = 448.900
gen: 0 best: 448.9 mean: 499.7363184079602
gen: 1 best: 448.9 mean: 497.65323383084575
gen >2, new best = 448.400
gen: 2 best: 448.4 mean: 492.8820895522388
gen: 3 best: 448.4 mean: 493.78656716417913
gen >4, new best = 442.100
gen >4, new best = 441.500
gen: 4 best: 441.5 mean: 491.77213930348256
gen: 5 best: 441.5 mean: 489.91691542288555
gen >6, new best = 434.200
gen >6, new best = 431.400
gen: 6 best: 431.4 mean: 487.5353233830846
gen: 7 best: 431.4 mean: 484.8099502487562
gen: 8 best: 431.4 mean: 483.3402985074627
gen: 9 best: 431.4 mean: 480.75223880597014
gen: 10 best: 431.4 mean: 481.46218905472637
gen: 11 best: 431.4 mean: 478.64776119402984
gen >12, new best = 429.900
gen: 12 best: 429.9 mean: 478.96119402985073
gen: 13 best: 429.9 mean: 476.173631840796
gen >14, new best = 421.800
gen: 14 best: 421.8 mean: 473.6537313432836
gen: 15 best: 421.8 mean: 474.83482587064674
gen: 16 best: 421.8 mean: 473.0233830845771
gen: 17 best: 421.8 mean: 469.9557213930348
gen: 18 best: 421.8 mean: 469.30696517412935
gen: 19 best: 421.8 mean: 468.4681592039801
gen: 20 best: 421.8 mean: 465.7776119402985
gen >21, new best = 420.600
gen >21, new best = 418.100
gen: 21 best: 418.1 mean: 464.55024875621893
gen >22, new best = 414.000
gen: 22 best: 414.0 mean: 464.7129353233831
gen: 23 best: 414.0 mean: 460.4213930348259
gen: 24 best: 414.0 mean: 462.1830845771144
gen: 25 best: 414.0 mean: 459.6467661691542
gen: 26 best: 414.0 mean: 458.1810945273632
gen: 27 best: 414.0 mean: 456.9691542288557
gen: 28 best: 414.0 mean: 458.8129353233831
gen >29, new best = 412.400
gen: 29 best: 412.4 mean: 456.95323383084576
gen >30, new best = 409.200
gen: 30 best: 409.2 mean: 455.84875621890546
gen: 31 best: 409.2 mean: 455.99751243781094
gen: 32 best: 409.2 mean: 453.80696517412935
gen >33, new best = 407.400
gen: 33 best: 407.4 mean: 451.7308457711443
gen >34, new best = 406.700
gen >34, new best = 396.300
gen: 34 best: 396.3 mean: 450.20646766169153
gen: 35 best: 396.3 mean: 448.03582089552236
gen: 36 best: 396.3 mean: 445.97562189054725
gen: 37 best: 396.3 mean: 445.9676616915423
gen: 38 best: 396.3 mean: 446.9034825870647
gen: 39 best: 396.3 mean: 447.43532338308455
gen: 40 best: 396.3 mean: 446.8218905472637
gen: 41 best: 396.3 mean: 445.8179104477612
gen: 42 best: 396.3 mean: 445.91094527363185
gen: 43 best: 396.3 mean: 446.52288557213933
gen: 44 best: 396.3 mean: 446.06467661691545
gen: 45 best: 396.3 mean: 441.7283582089552
gen: 46 best: 396.3 mean: 441.4810945273632
gen: 47 best: 396.3 mean: 442.0905472636816
gen: 48 best: 396.3 mean: 443.9049751243781
gen: 49 best: 396.3 mean: 443.90547263681594
gen: 50 best: 396.3 mean: 442.07960199004975
gen >51, new best = 393.600
gen: 51 best: 393.6 mean: 441.02985074626866
gen: 52 best: 393.6 mean: 440.9616915422886
gen: 53 best: 393.6 mean: 442.3004975124378
gen: 54 best: 393.6 mean: 442.4273631840796
gen: 55 best: 393.6 mean: 439.80348258706465
gen: 56 best: 393.6 mean: 439.8721393034826
gen: 57 best: 393.6 mean: 438.9338308457711
gen: 58 best: 393.6 mean: 438.8915422885572
gen: 59 best: 393.6 mean: 439.9925373134328
gen >60, new best = 386.300
gen: 60 best: 386.3 mean: 436.98457711442785
gen: 61 best: 386.3 mean: 438.6885572139303
gen: 62 best: 386.3 mean: 437.51044776119403
gen: 63 best: 386.3 mean: 438.8542288557214
gen: 64 best: 386.3 mean: 438.30497512437813
gen: 65 best: 386.3 mean: 436.06716417910445
gen: 66 best: 386.3 mean: 436.6208955223881
gen: 67 best: 386.3 mean: 436.87114427860695
gen: 68 best: 386.3 mean: 437.18059701492535
gen >69, new best = 385.600
gen: 69 best: 385.6 mean: 433.3019900497512
gen: 70 best: 385.6 mean: 433.95323383084576
gen: 71 best: 385.6 mean: 432.98855721393033
gen: 72 best: 385.6 mean: 434.49203980099503
gen: 73 best: 385.6 mean: 433.6029850746269
gen: 74 best: 385.6 mean: 431.95671641791046
gen: 75 best: 385.6 mean: 434.1029850746269
gen: 76 best: 385.6 mean: 433.35820895522386
gen: 77 best: 385.6 mean: 433.95721393034825
gen: 78 best: 385.6 mean: 433.8273631840796
gen: 79 best: 385.6 mean: 435.56865671641793
gen: 80 best: 385.6 mean: 432.818407960199
gen: 81 best: 385.6 mean: 435.0039800995025
gen: 82 best: 385.6 mean: 433.30248756218907
gen: 83 best: 385.6 mean: 432.7328358208955
gen: 84 best: 385.6 mean: 432.82487562189056
gen: 85 best: 385.6 mean: 433.1820895522388
gen >86, new best = 378.800
gen: 86 best: 378.8 mean: 431.1194029850746
gen: 87 best: 378.8 mean: 432.0691542288557
gen: 88 best: 378.8 mean: 432.4781094527363
gen: 89 best: 378.8 mean: 431.16169154228857
gen: 90 best: 378.8 mean: 432.2691542288557
gen: 91 best: 378.8 mean: 432.144776119403
gen: 92 best: 378.8 mean: 431.5308457711443
gen: 93 best: 378.8 mean: 431.0034825870647
gen: 94 best: 378.8 mean: 431.47711442786067
gen: 95 best: 378.8 mean: 428.5636815920398
gen: 96 best: 378.8 mean: 431.1268656716418
gen: 97 best: 378.8 mean: 431.2164179104478
gen: 98 best: 378.8 mean: 433.61144278606963
gen: 99 best: 378.8 mean: 431.82686567164177
[8, 7, 8, 7, 7, 5, 8, 9, 7, 7, 7, 7, 7, 7, 7, 7, 7, 7, 7, 8, 6, 7, 7, 7, 7, 7, 6, 9, 7, 8, 7, 7, 8, 8, 8, 7, 7, 7, 6, 8, 9, 7, 7, 8, 7, 6, 10, 7]
Test count of edges: 1435
cat
