Defaulting to user installation because normal site-packages is not writeable
Looking in links: /cvmfs/soft.computecanada.ca/custom/python/wheelhouse/gentoo/avx2, /cvmfs/soft.computecanada.ca/custom/python/wheelhouse/gentoo/generic, /cvmfs/soft.computecanada.ca/custom/python/wheelhouse/generic
Requirement already satisfied: graphviz in /home/js17sy/.local/lib/python3.10/site-packages (0.20)
701; python ga.py 24 768N_graph24.dat 0.1 0.04 0.7 0.9 0.1 201 768N_graph24leerygen3rem70_ 314171
/project/6008788/js17sy/reopenga/768c/ga.py:291: DeprecationWarning: Sampling from a set deprecated
since Python 3.9 and will be removed in a subsequent version.
  child1 = set(random.sample(
gen >0, new best = 478.900
gen >0, new best = 478.800
gen >0, new best = 475.600
gen: 0 best: 475.6 mean: 511.4358208955224
gen >1, new best = 463.500
gen: 1 best: 463.5 mean: 509.66069651741293
gen: 2 best: 463.5 mean: 509.30696517412935
gen: 3 best: 463.5 mean: 505.92537313432837
gen >4, new best = 458.400
gen >4, new best = 454.200
gen: 4 best: 454.2 mean: 501.30099502487565
gen: 5 best: 454.2 mean: 502.75572139303483
gen: 6 best: 454.2 mean: 499.1
gen: 7 best: 454.2 mean: 499.03582089552236
gen: 8 best: 454.2 mean: 498.60547263681593
gen: 9 best: 454.2 mean: 495.59601990049754
gen >10, new best = 449.700
gen: 10 best: 449.7 mean: 493.45522388059703
gen >11, new best = 444.800
gen: 11 best: 444.8 mean: 490.93134328358207
gen: 12 best: 444.8 mean: 490.95721393034825
gen: 13 best: 444.8 mean: 491.2094527363184
gen: 14 best: 444.8 mean: 489.0318407960199
gen: 15 best: 444.8 mean: 486.50248756218906
gen: 16 best: 444.8 mean: 484.7771144278607
gen >17, new best = 442.800
gen: 17 best: 442.8 mean: 484.66517412935326
gen >18, new best = 441.300
gen >18, new best = 429.900
gen: 18 best: 429.9 mean: 483.59253731343284
gen: 19 best: 429.9 mean: 480.1318407960199
gen: 20 best: 429.9 mean: 480.85671641791043
gen: 21 best: 429.9 mean: 476.8970149253731
gen >22, new best = 429.400
gen: 22 best: 429.4 mean: 479.73930348258705
gen: 23 best: 429.4 mean: 476.95671641791046
gen: 24 best: 429.4 mean: 474.61243781094527
gen: 25 best: 429.4 mean: 477.7805970149254
gen: 26 best: 429.4 mean: 475.1557213930348
gen >27, new best = 427.700
gen: 27 best: 427.7 mean: 473.31592039800995
gen >28, new best = 423.900
gen: 28 best: 423.9 mean: 474.40547263681594
gen: 29 best: 423.9 mean: 473.88955223880595
gen: 30 best: 423.9 mean: 472.8905472636816
gen: 31 best: 423.9 mean: 470.963184079602
gen: 32 best: 423.9 mean: 471.18059701492535
gen: 33 best: 423.9 mean: 470.60895522388057
gen >34, new best = 418.500
gen: 34 best: 418.5 mean: 467.2542288557214
gen: 35 best: 418.5 mean: 467.45174129353234
gen: 36 best: 418.5 mean: 468.2582089552239
gen: 37 best: 418.5 mean: 465.33432835820895
gen >38, new best = 416.500
gen: 38 best: 416.5 mean: 465.7407960199005
gen: 39 best: 416.5 mean: 466.28109452736317
gen: 40 best: 416.5 mean: 465.46417910447764
gen: 41 best: 416.5 mean: 465.16616915422884
gen: 42 best: 416.5 mean: 463.74776119402986
gen: 43 best: 416.5 mean: 462.9686567164179
gen >44, new best = 413.200
gen: 44 best: 413.2 mean: 460.9592039800995
gen: 45 best: 413.2 mean: 459.8950248756219
gen: 46 best: 413.2 mean: 460.9034825870647
gen: 47 best: 413.2 mean: 461.7213930348259
gen: 48 best: 413.2 mean: 462.02437810945275
gen: 49 best: 413.2 mean: 460.2716417910448
gen: 50 best: 413.2 mean: 458.83980099502486
gen: 51 best: 413.2 mean: 459.72786069651744
gen: 52 best: 413.2 mean: 457.934328358209
gen: 53 best: 413.2 mean: 457.49303482587067
gen: 54 best: 413.2 mean: 459.07960199004975
gen >55, new best = 412.400
gen: 55 best: 412.4 mean: 458.17114427860696
gen: 56 best: 412.4 mean: 458.236815920398
gen: 57 best: 412.4 mean: 456.2840796019901
gen: 58 best: 412.4 mean: 458.87960199004976
gen: 59 best: 412.4 mean: 455.4218905472637
gen: 60 best: 412.4 mean: 456.3900497512438
gen: 61 best: 412.4 mean: 455.99900497512436
gen >62, new best = 407.400
gen: 62 best: 407.4 mean: 454.7179104477612
gen: 63 best: 407.4 mean: 456.36119402985076
gen: 64 best: 407.4 mean: 455.3099502487562
gen: 65 best: 407.4 mean: 453.9582089552239
gen: 66 best: 407.4 mean: 453.6099502487562
gen: 67 best: 407.4 mean: 455.57412935323384
gen: 68 best: 407.4 mean: 454.1855721393035
gen: 69 best: 407.4 mean: 454.5905472636816
gen: 70 best: 407.4 mean: 452.4124378109453
gen: 71 best: 407.4 mean: 452.3726368159204
gen >72, new best = 405.300
gen: 72 best: 405.3 mean: 451.8636815920398
gen: 73 best: 405.3 mean: 452.655223880597
gen: 74 best: 405.3 mean: 451.710447761194
gen: 75 best: 405.3 mean: 450.57412935323384
gen: 76 best: 405.3 mean: 451.80497512437813
gen: 77 best: 405.3 mean: 452.5860696517413
gen: 78 best: 405.3 mean: 451.1850746268657
gen: 79 best: 405.3 mean: 450.0781094527363
gen: 80 best: 405.3 mean: 449.4009950248756
gen: 81 best: 405.3 mean: 449.60348258706466
gen: 82 best: 405.3 mean: 448.392039800995
gen: 83 best: 405.3 mean: 450.1318407960199
gen: 84 best: 405.3 mean: 450.07910447761196
gen: 85 best: 405.3 mean: 448.363184079602
gen: 86 best: 405.3 mean: 448.4547263681592
gen: 87 best: 405.3 mean: 448.90696517412937
gen: 88 best: 405.3 mean: 449.84776119402983
gen: 89 best: 405.3 mean: 448.5875621890547
gen: 90 best: 405.3 mean: 450.3990049751244
gen: 91 best: 405.3 mean: 451.41592039801
gen: 92 best: 405.3 mean: 449.3592039800995
gen: 93 best: 405.3 mean: 450.55223880597015
gen: 94 best: 405.3 mean: 448.1009950248756
gen >95, new best = 403.900
gen: 95 best: 403.9 mean: 448.09402985074627
gen: 96 best: 403.9 mean: 449.3223880597015
gen: 97 best: 403.9 mean: 448.44776119402985
gen: 98 best: 403.9 mean: 448.77512437810947
gen: 99 best: 403.9 mean: 446.4179104477612
[6, 6, 6, 5, 6, 7, 6, 6, 6, 7, 7, 7, 8, 6, 6, 6, 7, 8, 6, 6, 7, 6, 6, 6, 7, 6, 7, 7, 6, 6, 6, 8, 6, 8, 7, 7, 7, 7, 6, 6, 6, 7]
Test count of edges: 1418
cat
