Defaulting to user installation because normal site-packages is not writeable
Looking in links: /cvmfs/soft.computecanada.ca/custom/python/wheelhouse/gentoo/avx2, /cvmfs/soft.computecanada.ca/custom/python/wheelhouse/gentoo/generic, /cvmfs/soft.computecanada.ca/custom/python/wheelhouse/generic
Requirement already satisfied: graphviz in /home/js17sy/.local/lib/python3.10/site-packages (0.20)
195; python ga.py 24 768N_graph24.dat 0.05 0.02 0.5 0.5 0.5 201 768N_graph24mediumgen1rem50_ 428415
/project/6008788/js17sy/reopenga/768c/ga.py:291: DeprecationWarning: Sampling from a set deprecated
since Python 3.9 and will be removed in a subsequent version.
  child1 = set(random.sample(
gen >0, new best = 490.200
gen >0, new best = 473.600
gen >0, new best = 472.600
gen >0, new best = 471.500
gen: 0 best: 471.5 mean: 491.8995024875622
gen >1, new best = 469.600
gen >1, new best = 467.100
gen: 1 best: 467.1 mean: 489.7597014925373
gen >2, new best = 465.700
gen: 2 best: 465.7 mean: 489.97462686567167
gen >3, new best = 459.600
gen: 3 best: 459.6 mean: 488.28805970149256
gen: 4 best: 459.6 mean: 487.87512437810943
gen >5, new best = 455.700
gen: 5 best: 455.7 mean: 486.8412935323383
gen: 6 best: 455.7 mean: 486.86019900497513
gen: 7 best: 455.7 mean: 486.263184079602
gen: 8 best: 455.7 mean: 483.8537313432836
gen: 9 best: 455.7 mean: 484.3228855721393
gen: 10 best: 455.7 mean: 483.92537313432837
gen: 11 best: 455.7 mean: 481.9492537313433
gen: 12 best: 455.7 mean: 483.08407960199
gen >13, new best = 455.600
gen: 13 best: 455.6 mean: 481.52139303482585
gen: 14 best: 455.6 mean: 480.5641791044776
gen >15, new best = 448.900
gen: 15 best: 448.9 mean: 481.0278606965174
gen: 16 best: 448.9 mean: 479.99353233830846
gen: 17 best: 448.9 mean: 478.1497512437811
gen: 18 best: 448.9 mean: 478.3870646766169
gen: 19 best: 448.9 mean: 477.1094527363184
gen >20, new best = 448.800
gen: 20 best: 448.8 mean: 477.2950248756219
gen: 21 best: 448.8 mean: 477.17512437810944
gen: 22 best: 448.8 mean: 476.0636815920398
gen: 23 best: 448.8 mean: 475.8636815920398
gen: 24 best: 448.8 mean: 476.19502487562187
gen: 25 best: 448.8 mean: 475.2676616915423
gen: 26 best: 448.8 mean: 473.62537313432836
gen: 27 best: 448.8 mean: 474.7945273631841
gen >28, new best = 445.500
gen: 28 best: 445.5 mean: 472.4144278606965
gen >29, new best = 441.600
gen: 29 best: 441.6 mean: 473.2686567164179
gen: 30 best: 441.6 mean: 473.79751243781095
gen: 31 best: 441.6 mean: 472.5676616915423
gen: 32 best: 441.6 mean: 472.2781094527363
gen: 33 best: 441.6 mean: 472.47014925373134
gen: 34 best: 441.6 mean: 471.6945273631841
gen >35, new best = 441.500
gen: 35 best: 441.5 mean: 470.7
gen: 36 best: 441.5 mean: 471.56666666666666
gen: 37 best: 441.5 mean: 469.96268656716416
gen >38, new best = 440.100
gen: 38 best: 440.1 mean: 470.88557213930346
gen: 39 best: 440.1 mean: 470.60547263681593
gen: 40 best: 440.1 mean: 469.6850746268657
gen: 41 best: 440.1 mean: 468.72587064676617
gen: 42 best: 440.1 mean: 469.18805970149253
gen: 43 best: 440.1 mean: 469.2233830845771
gen: 44 best: 440.1 mean: 467.75771144278605
gen: 45 best: 440.1 mean: 467.02487562189054
gen >46, new best = 436.400
gen: 46 best: 436.4 mean: 466.67512437810944
gen: 47 best: 436.4 mean: 466.7139303482587
gen: 48 best: 436.4 mean: 467.00099502487564
gen: 49 best: 436.4 mean: 466.2039800995025
gen: 50 best: 436.4 mean: 464.9592039800995
gen: 51 best: 436.4 mean: 465.2681592039801
gen: 52 best: 436.4 mean: 466.3402985074627
gen: 53 best: 436.4 mean: 466.00696517412933
gen: 54 best: 436.4 mean: 466.8402985074627
gen: 55 best: 436.4 mean: 465.3223880597015
gen: 56 best: 436.4 mean: 465.3407960199005
gen: 57 best: 436.4 mean: 464.72089552238805
gen >58, new best = 425.700
gen: 58 best: 425.7 mean: 464.9363184079602
gen: 59 best: 425.7 mean: 463.1129353233831
gen: 60 best: 425.7 mean: 463.8805970149254
gen: 61 best: 425.7 mean: 463.1373134328358
gen: 62 best: 425.7 mean: 464.19850746268656
gen: 63 best: 425.7 mean: 463.71144278606965
gen: 64 best: 425.7 mean: 463.6885572139303
gen: 65 best: 425.7 mean: 462.66019900497514
gen: 66 best: 425.7 mean: 463.3089552238806
gen: 67 best: 425.7 mean: 463.70049751243783
gen: 68 best: 425.7 mean: 462.6825870646766
gen: 69 best: 425.7 mean: 462.5810945273632
gen: 70 best: 425.7 mean: 461.66965174129353
gen: 71 best: 425.7 mean: 463.02636815920397
gen: 72 best: 425.7 mean: 462.89800995024876
gen: 73 best: 425.7 mean: 461.47512437810946
gen: 74 best: 425.7 mean: 462.4577114427861
gen: 75 best: 425.7 mean: 461.78457711442786
gen: 76 best: 425.7 mean: 461.59850746268654
gen: 77 best: 425.7 mean: 461.107960199005
gen: 78 best: 425.7 mean: 461.6910447761194
gen: 79 best: 425.7 mean: 461.1169154228856
gen: 80 best: 425.7 mean: 461.4910447761194
gen: 81 best: 425.7 mean: 462.0348258706468
gen: 82 best: 425.7 mean: 460.42935323383085
gen: 83 best: 425.7 mean: 461.29751243781095
gen: 84 best: 425.7 mean: 461.247263681592
gen: 85 best: 425.7 mean: 461.0910447761194
gen: 86 best: 425.7 mean: 462.2253731343284
gen: 87 best: 425.7 mean: 460.08009950248754
gen: 88 best: 425.7 mean: 460.95671641791046
gen: 89 best: 425.7 mean: 461.4761194029851
gen: 90 best: 425.7 mean: 460.39104477611943
gen: 91 best: 425.7 mean: 460.33980099502486
gen: 92 best: 425.7 mean: 459.6039800995025
gen: 93 best: 425.7 mean: 460.1557213930348
gen: 94 best: 425.7 mean: 459.89651741293534
gen: 95 best: 425.7 mean: 458.8482587064677
gen: 96 best: 425.7 mean: 458.5726368159204
gen: 97 best: 425.7 mean: 460.8059701492537
gen: 98 best: 425.7 mean: 459.3587064676617
gen: 99 best: 425.7 mean: 459.410447761194
[11, 9, 8, 8, 9, 8, 9, 9, 10, 9, 11, 9, 10, 9, 11, 8, 9, 8, 9, 8, 9, 9, 8, 8, 9, 9, 9, 8, 10, 10, 10, 8, 8, 8, 8, 9, 8, 10, 9, 8, 9, 10, 7, 8, 8]
Test count of edges: 2374
cat
