Defaulting to user installation because normal site-packages is not writeable
Looking in links: /cvmfs/soft.computecanada.ca/custom/python/wheelhouse/gentoo/avx2, /cvmfs/soft.computecanada.ca/custom/python/wheelhouse/gentoo/generic, /cvmfs/soft.computecanada.ca/custom/python/wheelhouse/generic
Requirement already satisfied: graphviz in /home/js17sy/.local/lib/python3.10/site-packages (0.20)
396; python ga.py 24 768N_graph24.dat 0.075 0.03 0.5 0.7 0.3 201 768N_graph24laxgen2rem50_ 171366
/project/6008788/js17sy/reopenga/768c/ga.py:291: DeprecationWarning: Sampling from a set deprecated
since Python 3.9 and will be removed in a subsequent version.
  child1 = set(random.sample(
gen >0, new best = 514.300
gen >0, new best = 497.500
gen >0, new best = 490.000
gen: 0 best: 490.0 mean: 516.957960199005
gen: 1 best: 490.0 mean: 516.1935323383085
gen: 2 best: 490.0 mean: 516.0462686567164
gen >3, new best = 489.700
gen: 3 best: 489.7 mean: 514.7597014925373
gen: 4 best: 489.7 mean: 513.2009950248756
gen: 5 best: 489.7 mean: 513.3417910447761
gen >6, new best = 462.900
gen: 6 best: 462.9 mean: 511.44029850746267
gen: 7 best: 462.9 mean: 511.4955223880597
gen: 8 best: 462.9 mean: 509.9781094527363
gen: 9 best: 462.9 mean: 510.32338308457713
gen: 10 best: 462.9 mean: 509.33233830845774
gen: 11 best: 462.9 mean: 509.25671641791047
gen: 12 best: 462.9 mean: 507.5089552238806
gen: 13 best: 462.9 mean: 507.247263681592
gen: 14 best: 462.9 mean: 507.8865671641791
gen: 15 best: 462.9 mean: 505.5855721393035
gen: 16 best: 462.9 mean: 506.39850746268655
gen: 17 best: 462.9 mean: 504.71144278606965
gen: 18 best: 462.9 mean: 502.7910447761194
gen: 19 best: 462.9 mean: 502.4741293532338
gen: 20 best: 462.9 mean: 502.2398009950249
gen: 21 best: 462.9 mean: 501.51542288557215
gen: 22 best: 462.9 mean: 502.2328358208955
gen: 23 best: 462.9 mean: 501.307960199005
gen: 24 best: 462.9 mean: 500.68955223880596
gen: 25 best: 462.9 mean: 500.02089552238806
gen: 26 best: 462.9 mean: 499.4592039800995
gen: 27 best: 462.9 mean: 499.4582089552239
gen: 28 best: 462.9 mean: 498.5139303482587
gen: 29 best: 462.9 mean: 497.79203980099504
gen: 30 best: 462.9 mean: 497.1641791044776
gen: 31 best: 462.9 mean: 497.29402985074626
gen: 32 best: 462.9 mean: 496.747263681592
gen: 33 best: 462.9 mean: 496.5074626865672
gen: 34 best: 462.9 mean: 496.1004975124378
gen: 35 best: 462.9 mean: 495.4706467661692
gen: 36 best: 462.9 mean: 494.718407960199
gen: 37 best: 462.9 mean: 494.5223880597015
gen: 38 best: 462.9 mean: 493.94726368159206
gen: 39 best: 462.9 mean: 493.6044776119403
gen: 40 best: 462.9 mean: 492.1323383084577
gen: 41 best: 462.9 mean: 492.7582089552239
gen: 42 best: 462.9 mean: 492.03333333333336
gen: 43 best: 462.9 mean: 491.855223880597
gen: 44 best: 462.9 mean: 491.86517412935325
gen: 45 best: 462.9 mean: 490.93880597014925
gen: 46 best: 462.9 mean: 490.89850746268655
gen: 47 best: 462.9 mean: 490.44776119402985
gen: 48 best: 462.9 mean: 490.76616915422886
gen: 49 best: 462.9 mean: 489.41293532338307
gen: 50 best: 462.9 mean: 489.2771144278607
gen: 51 best: 462.9 mean: 489.72786069651744
gen >52, new best = 462.500
gen: 52 best: 462.5 mean: 489.4860696517413
gen: 53 best: 462.5 mean: 487.39452736318407
gen: 54 best: 462.5 mean: 487.59751243781096
gen: 55 best: 462.5 mean: 487.8228855721393
gen: 56 best: 462.5 mean: 487.40746268656716
gen: 57 best: 462.5 mean: 486.592039800995
gen: 58 best: 462.5 mean: 486.5238805970149
gen >59, new best = 460.600
gen: 59 best: 460.6 mean: 486.34527363184077
gen: 60 best: 460.6 mean: 484.863184079602
gen: 61 best: 460.6 mean: 485.7726368159204
gen: 62 best: 460.6 mean: 485.7592039800995
gen: 63 best: 460.6 mean: 486.11442786069654
gen: 64 best: 460.6 mean: 486.4407960199005
gen: 65 best: 460.6 mean: 486.3820895522388
gen >66, new best = 460.000
gen: 66 best: 460.0 mean: 484.50845771144276
gen: 67 best: 460.0 mean: 485.9686567164179
gen: 68 best: 460.0 mean: 486.8547263681592
gen: 69 best: 460.0 mean: 485.69701492537314
gen: 70 best: 460.0 mean: 484.5696517412935
gen: 71 best: 460.0 mean: 485.2164179104478
gen: 72 best: 460.0 mean: 483.8203980099502
gen: 73 best: 460.0 mean: 484.8825870646766
gen: 74 best: 460.0 mean: 483.51940298507463
gen: 75 best: 460.0 mean: 483.28805970149256
gen: 76 best: 460.0 mean: 482.9577114427861
gen: 77 best: 460.0 mean: 483.9283582089552
gen: 78 best: 460.0 mean: 482.5139303482587
gen: 79 best: 460.0 mean: 482.4363184079602
gen: 80 best: 460.0 mean: 480.90547263681594
gen: 81 best: 460.0 mean: 481.75671641791047
gen >82, new best = 457.500
gen: 82 best: 457.5 mean: 481.6577114427861
gen: 83 best: 457.5 mean: 481.90248756218904
gen: 84 best: 457.5 mean: 482.407960199005
gen: 85 best: 457.5 mean: 481.4308457711443
gen: 86 best: 457.5 mean: 480.4393034825871
gen >87, new best = 454.400
gen: 87 best: 454.4 mean: 480.10149253731345
gen: 88 best: 454.4 mean: 480.68955223880596
gen: 89 best: 454.4 mean: 480.163184079602
gen: 90 best: 454.4 mean: 480.3462686567164
gen: 91 best: 454.4 mean: 480.75522388059704
gen: 92 best: 454.4 mean: 480.4432835820896
gen: 93 best: 454.4 mean: 479.7905472636816
gen: 94 best: 454.4 mean: 479.7601990049751
gen: 95 best: 454.4 mean: 479.24626865671644
gen: 96 best: 454.4 mean: 479.1865671641791
gen: 97 best: 454.4 mean: 480.0970149253731
gen: 98 best: 454.4 mean: 479.09253731343284
gen: 99 best: 454.4 mean: 479.3149253731343
[9, 8, 8, 8, 8, 9, 7, 9, 7, 10, 8, 8, 9, 8, 8, 7, 8, 7, 9, 8, 7, 8, 8, 8, 7, 8, 7, 8, 8, 8, 8, 7, 9, 7, 8, 8, 7, 9, 7, 8, 8, 8, 8]
Test count of edges: 2369
cat
