Defaulting to user installation because normal site-packages is not writeable
Looking in links: /cvmfs/soft.computecanada.ca/custom/python/wheelhouse/gentoo/avx2, /cvmfs/soft.computecanada.ca/custom/python/wheelhouse/gentoo/generic, /cvmfs/soft.computecanada.ca/custom/python/wheelhouse/generic
Requirement already satisfied: graphviz in /home/js17sy/.local/lib/python3.10/site-packages (0.20)
420; python ga.py 24 768N_graph24.dat 0.075 0.03 0.5 0.7 0.3 201 768N_graph24laxgen2rem50_ 856830
/project/6008788/js17sy/reopenga/768c/ga.py:291: DeprecationWarning: Sampling from a set deprecated
since Python 3.9 and will be removed in a subsequent version.
  child1 = set(random.sample(
gen >0, new best = 506.700
gen >0, new best = 502.900
gen >0, new best = 491.800
gen: 0 best: 491.8 mean: 516.4435323383085
gen: 1 best: 491.8 mean: 515.1636815920398
gen: 2 best: 491.8 mean: 514.2940298507463
gen: 3 best: 491.8 mean: 514.0442786069651
gen: 4 best: 491.8 mean: 514.5597014925373
gen: 5 best: 491.8 mean: 513.3890547263682
gen: 6 best: 491.8 mean: 511.7139303482587
gen: 7 best: 491.8 mean: 511.92587064676616
gen >8, new best = 489.100
gen: 8 best: 489.1 mean: 509.77412935323383
gen: 9 best: 489.1 mean: 510.07462686567163
gen: 10 best: 489.1 mean: 509.5766169154229
gen >11, new best = 486.400
gen: 11 best: 486.4 mean: 508.14328358208957
gen: 12 best: 486.4 mean: 508.3094527363184
gen >13, new best = 484.300
gen: 13 best: 484.3 mean: 507.2587064676617
gen: 14 best: 484.3 mean: 508.27363184079604
gen: 15 best: 484.3 mean: 505.7308457711443
gen >16, new best = 481.300
gen: 16 best: 481.3 mean: 504.2671641791045
gen: 17 best: 481.3 mean: 505.73930348258705
gen: 18 best: 481.3 mean: 504.7009950248756
gen >19, new best = 476.200
gen: 19 best: 476.2 mean: 504.36517412935325
gen: 20 best: 476.2 mean: 503.76666666666665
gen: 21 best: 476.2 mean: 503.4850746268657
gen: 22 best: 476.2 mean: 502.3592039800995
gen: 23 best: 476.2 mean: 501.8358208955224
gen: 24 best: 476.2 mean: 500.91094527363185
gen: 25 best: 476.2 mean: 500.0855721393035
gen: 26 best: 476.2 mean: 499.8776119402985
gen >27, new best = 475.000
gen: 27 best: 475.0 mean: 498.3810945273632
gen: 28 best: 475.0 mean: 497.8905472636816
gen: 29 best: 475.0 mean: 497.1641791044776
gen >30, new best = 466.100
gen: 30 best: 466.1 mean: 496.9542288557214
gen: 31 best: 466.1 mean: 495.7084577114428
gen: 32 best: 466.1 mean: 494.44776119402985
gen: 33 best: 466.1 mean: 494.1781094527363
gen: 34 best: 466.1 mean: 492.99800995024873
gen: 35 best: 466.1 mean: 491.5422885572139
gen >36, new best = 465.700
gen: 36 best: 465.7 mean: 492.8606965174129
gen: 37 best: 465.7 mean: 491.84378109452734
gen: 38 best: 465.7 mean: 491.86915422885573
gen: 39 best: 465.7 mean: 490.5995024875622
gen: 40 best: 465.7 mean: 490.15124378109454
gen: 41 best: 465.7 mean: 490.16766169154226
gen: 42 best: 465.7 mean: 489.81243781094526
gen >43, new best = 463.300
gen: 43 best: 463.3 mean: 489.29203980099504
gen: 44 best: 463.3 mean: 486.9124378109453
gen: 45 best: 463.3 mean: 488.4228855721393
gen >46, new best = 463.000
gen: 46 best: 463.0 mean: 487.6119402985075
gen: 47 best: 463.0 mean: 487.15124378109454
gen: 48 best: 463.0 mean: 487.2870646766169
gen: 49 best: 463.0 mean: 486.7582089552239
gen: 50 best: 463.0 mean: 485.7641791044776
gen >51, new best = 457.600
gen: 51 best: 457.6 mean: 487.74825870646765
gen >52, new best = 457.100
gen: 52 best: 457.1 mean: 484.8412935323383
gen: 53 best: 457.1 mean: 485.0900497512438
gen: 54 best: 457.1 mean: 485.8512437810945
gen: 55 best: 457.1 mean: 484.99800995024873
gen: 56 best: 457.1 mean: 484.52885572139303
gen: 57 best: 457.1 mean: 484.5089552238806
gen: 58 best: 457.1 mean: 484.67910447761193
gen: 59 best: 457.1 mean: 483.26169154228853
gen: 60 best: 457.1 mean: 483.6442786069652
gen: 61 best: 457.1 mean: 483.85074626865674
gen: 62 best: 457.1 mean: 482.24626865671644
gen: 63 best: 457.1 mean: 482.6358208955224
gen >64, new best = 452.400
gen: 64 best: 452.4 mean: 481.9800995024876
gen: 65 best: 452.4 mean: 480.7875621890547
gen: 66 best: 452.4 mean: 481.81094527363183
gen: 67 best: 452.4 mean: 480.04825870646766
gen: 68 best: 452.4 mean: 480.30099502487565
gen: 69 best: 452.4 mean: 480.6825870646766
gen: 70 best: 452.4 mean: 479.7905472636816
gen: 71 best: 452.4 mean: 478.89303482587064
gen: 72 best: 452.4 mean: 480.7820895522388
gen: 73 best: 452.4 mean: 480.28805970149256
gen: 74 best: 452.4 mean: 479.6009950248756
gen: 75 best: 452.4 mean: 479.53383084577115
gen: 76 best: 452.4 mean: 479.1686567164179
gen: 77 best: 452.4 mean: 479.53980099502485
gen: 78 best: 452.4 mean: 479.2174129353234
gen: 79 best: 452.4 mean: 479.0164179104478
gen: 80 best: 452.4 mean: 478.4925373134328
gen: 81 best: 452.4 mean: 478.4139303482587
gen: 82 best: 452.4 mean: 478.3054726368159
gen: 83 best: 452.4 mean: 477.9
gen: 84 best: 452.4 mean: 478.4507462686567
gen: 85 best: 452.4 mean: 478.3626865671642
gen: 86 best: 452.4 mean: 477.50696517412933
gen: 87 best: 452.4 mean: 477.40149253731346
gen: 88 best: 452.4 mean: 476.79402985074626
gen >89, new best = 451.500
gen >89, new best = 449.600
gen: 89 best: 449.6 mean: 476.87014925373137
gen: 90 best: 449.6 mean: 477.0014925373134
gen: 91 best: 449.6 mean: 477.12935323383084
gen: 92 best: 449.6 mean: 476.8074626865672
gen: 93 best: 449.6 mean: 475.7651741293532
gen: 94 best: 449.6 mean: 476.89303482587064
gen: 95 best: 449.6 mean: 476.644776119403
gen: 96 best: 449.6 mean: 476.4905472636816
gen: 97 best: 449.6 mean: 475.5731343283582
gen: 98 best: 449.6 mean: 475.31940298507465
gen: 99 best: 449.6 mean: 475.373631840796
[8, 7, 8, 8, 8, 8, 8, 7, 9, 7, 9, 8, 9, 9, 7, 9, 8, 8, 8, 8, 8, 9, 8, 9, 8, 8, 8, 7, 8, 7, 9, 8, 7, 7, 9, 7, 9, 9, 8, 10, 8, 8, 8, 8, 7, 8, 7]
Test count of edges: 2372
cat
