Defaulting to user installation because normal site-packages is not writeable
Looking in links: /cvmfs/soft.computecanada.ca/custom/python/wheelhouse/gentoo/avx2, /cvmfs/soft.computecanada.ca/custom/python/wheelhouse/gentoo/generic, /cvmfs/soft.computecanada.ca/custom/python/wheelhouse/generic
Requirement already satisfied: graphviz in /home/js17sy/.local/lib/python3.10/site-packages (0.20)
347; python ga.py 24 768N_graph24.dat 0.05 0.02 0.7 0.9 0.1 201 768N_graph24mediumgen3rem70_ 485537
/project/6008788/js17sy/reopenga/768c/ga.py:291: DeprecationWarning: Sampling from a set deprecated
since Python 3.9 and will be removed in a subsequent version.
  child1 = set(random.sample(
gen >0, new best = 489.300
gen >0, new best = 450.300
gen >0, new best = 435.200
gen: 0 best: 435.2 mean: 497.7047263681592
gen: 1 best: 435.2 mean: 496.1995024875622
gen: 2 best: 435.2 mean: 490.23532338308456
gen >3, new best = 399.400
gen: 3 best: 399.4 mean: 487.2985074626866
gen: 4 best: 399.4 mean: 481.71343283582087
gen >5, new best = 392.000
gen: 5 best: 392.0 mean: 479.66169154228857
gen: 6 best: 392.0 mean: 473.65820895522387
gen: 7 best: 392.0 mean: 475.89353233830843
gen >8, new best = 389.900
gen: 8 best: 389.9 mean: 469.7582089552239
gen: 9 best: 389.9 mean: 467.58905472636815
gen: 10 best: 389.9 mean: 469.0134328358209
gen: 11 best: 389.9 mean: 461.4064676616915
gen >12, new best = 389.800
gen: 12 best: 389.8 mean: 456.2159203980099
gen: 13 best: 389.8 mean: 452.3333333333333
gen: 14 best: 389.8 mean: 451.48855721393033
gen: 15 best: 389.8 mean: 444.218407960199
gen >16, new best = 380.700
gen >16, new best = 375.800
gen: 16 best: 375.8 mean: 443.9616915422886
gen: 17 best: 375.8 mean: 442.36517412935325
gen: 18 best: 375.8 mean: 441.6139303482587
gen: 19 best: 375.8 mean: 436.2547263681592
gen: 20 best: 375.8 mean: 433.2049751243781
gen >21, new best = 371.600
gen >21, new best = 363.000
gen: 21 best: 363.0 mean: 431.7049751243781
gen >22, new best = 349.800
gen >22, new best = 347.700
gen: 22 best: 347.7 mean: 427.2761194029851
gen: 23 best: 347.7 mean: 426.8273631840796
gen: 24 best: 347.7 mean: 421.71194029850744
gen: 25 best: 347.7 mean: 421.5189054726368
gen: 26 best: 347.7 mean: 421.30248756218907
gen: 27 best: 347.7 mean: 422.96019900497515
gen: 28 best: 347.7 mean: 419.7825870646766
gen: 29 best: 347.7 mean: 418.0537313432836
gen: 30 best: 347.7 mean: 418.7930348258706
gen: 31 best: 347.7 mean: 414.9273631840796
gen: 32 best: 347.7 mean: 414.1980099502488
gen: 33 best: 347.7 mean: 410.42089552238804
gen: 34 best: 347.7 mean: 414.3318407960199
gen: 35 best: 347.7 mean: 412.35074626865674
gen: 36 best: 347.7 mean: 411.03034825870645
gen: 37 best: 347.7 mean: 407.8
gen: 38 best: 347.7 mean: 407.073631840796
gen >39, new best = 342.500
gen: 39 best: 342.5 mean: 407.4870646766169
gen: 40 best: 342.5 mean: 405.1442786069652
gen: 41 best: 342.5 mean: 408.0407960199005
gen >42, new best = 340.400
gen: 42 best: 340.4 mean: 403.87611940298507
gen: 43 best: 340.4 mean: 405.5049751243781
gen: 44 best: 340.4 mean: 399.4139303482587
gen: 45 best: 340.4 mean: 401.06716417910445
gen: 46 best: 340.4 mean: 400.47562189054725
gen: 47 best: 340.4 mean: 401.47512437810946
gen: 48 best: 340.4 mean: 399.3407960199005
gen: 49 best: 340.4 mean: 399.32338308457713
gen: 50 best: 340.4 mean: 399.3960199004975
gen >51, new best = 339.400
gen: 51 best: 339.4 mean: 397.3139303482587
gen: 52 best: 339.4 mean: 397.61990049751245
gen: 53 best: 339.4 mean: 396.90149253731346
gen: 54 best: 339.4 mean: 395.3114427860697
gen: 55 best: 339.4 mean: 395.22985074626865
gen: 56 best: 339.4 mean: 392.307960199005
gen: 57 best: 339.4 mean: 392.3805970149254
gen: 58 best: 339.4 mean: 392.50646766169154
gen >59, new best = 338.200
gen: 59 best: 338.2 mean: 392.9686567164179
gen: 60 best: 338.2 mean: 391.87064676616916
gen >61, new best = 327.600
gen: 61 best: 327.6 mean: 392.02437810945275
gen: 62 best: 327.6 mean: 390.907960199005
gen: 63 best: 327.6 mean: 390.72437810945274
gen: 64 best: 327.6 mean: 392.0507462686567
gen: 65 best: 327.6 mean: 390.3
gen: 66 best: 327.6 mean: 390.289552238806
gen: 67 best: 327.6 mean: 391.03930348258706
gen: 68 best: 327.6 mean: 388.6587064676617
gen: 69 best: 327.6 mean: 387.4985074626866
gen: 70 best: 327.6 mean: 388.7452736318408
gen: 71 best: 327.6 mean: 389.24427860696517
gen: 72 best: 327.6 mean: 386.44029850746267
gen: 73 best: 327.6 mean: 386.24228855721395
gen: 74 best: 327.6 mean: 386.4636815920398
gen: 75 best: 327.6 mean: 385.6363184079602
gen: 76 best: 327.6 mean: 385.03432835820894
gen: 77 best: 327.6 mean: 383.42935323383085
gen: 78 best: 327.6 mean: 384.25671641791047
gen: 79 best: 327.6 mean: 382.41840796019903
gen: 80 best: 327.6 mean: 384.83980099502486
gen: 81 best: 327.6 mean: 382.47512437810946
gen: 82 best: 327.6 mean: 381.09800995024875
gen: 83 best: 327.6 mean: 380.39104477611943
gen: 84 best: 327.6 mean: 380.3388059701493
gen >85, new best = 289.900
gen: 85 best: 289.9 mean: 383.15671641791045
gen: 86 best: 289.9 mean: 381.5636815920398
gen: 87 best: 289.9 mean: 379.4890547263682
gen: 88 best: 289.9 mean: 382.51194029850745
gen: 89 best: 289.9 mean: 380.7686567164179
gen: 90 best: 289.9 mean: 380.9945273631841
gen: 91 best: 289.9 mean: 380.1577114427861
gen: 92 best: 289.9 mean: 382.1756218905473
gen: 93 best: 289.9 mean: 380.94825870646764
gen: 94 best: 289.9 mean: 379.4213930348259
gen: 95 best: 289.9 mean: 380.7955223880597
gen: 96 best: 289.9 mean: 378.46965174129355
gen: 97 best: 289.9 mean: 380.08407960199
gen: 98 best: 289.9 mean: 379.3169154228856
gen: 99 best: 289.9 mean: 377.7716417910448
[8, 8, 8, 7, 7, 8, 9, 8, 8, 7, 8, 8, 8, 9, 8, 9, 8, 7, 8, 7, 8, 8, 9, 9, 8, 9, 7, 9, 8, 7, 8, 9, 7, 9, 8, 8, 9, 7, 8, 9, 8, 8, 9, 9, 10, 8]
Test count of edges: 1418
cat
