Defaulting to user installation because normal site-packages is not writeable
Looking in links: /cvmfs/soft.computecanada.ca/custom/python/wheelhouse/gentoo/avx2, /cvmfs/soft.computecanada.ca/custom/python/wheelhouse/gentoo/generic, /cvmfs/soft.computecanada.ca/custom/python/wheelhouse/generic
Requirement already satisfied: graphviz in /home/js17sy/.local/lib/python3.10/site-packages (0.20)
519; python ga.py 24 768N_graph24.dat 0.075 0.03 0.7 0.9 0.1 201 768N_graph24laxgen3rem70_ 257049
/project/6008788/js17sy/reopenga/768c/ga.py:291: DeprecationWarning: Sampling from a set deprecated
since Python 3.9 and will be removed in a subsequent version.
  child1 = set(random.sample(
gen >0, new best = 494.200
gen >0, new best = 472.100
gen >0, new best = 469.600
gen >0, new best = 469.000
gen >0, new best = 459.800
gen: 0 best: 459.8 mean: 500.5261194029851
gen >1, new best = 448.000
gen: 1 best: 448.0 mean: 495.6169154228856
gen >2, new best = 441.800
gen: 2 best: 441.8 mean: 493.69154228855723
gen >3, new best = 427.700
gen: 3 best: 427.7 mean: 490.463184079602
gen >4, new best = 410.000
gen: 4 best: 410.0 mean: 485.41094527363185
gen: 5 best: 410.0 mean: 486.2960199004975
gen: 6 best: 410.0 mean: 484.0935323383085
gen: 7 best: 410.0 mean: 481.3363184079602
gen: 8 best: 410.0 mean: 479.49751243781094
gen: 9 best: 410.0 mean: 476.90696517412937
gen: 10 best: 410.0 mean: 476.2328358208955
gen: 11 best: 410.0 mean: 474.42039800995025
gen: 12 best: 410.0 mean: 474.11592039800996
gen: 13 best: 410.0 mean: 472.02139303482585
gen: 14 best: 410.0 mean: 468.54477611940297
gen: 15 best: 410.0 mean: 467.0437810945274
gen: 16 best: 410.0 mean: 466.97114427860697
gen >17, new best = 404.600
gen: 17 best: 404.6 mean: 464.2308457711443
gen: 18 best: 404.6 mean: 463.0955223880597
gen: 19 best: 404.6 mean: 462.8313432835821
gen: 20 best: 404.6 mean: 460.5457711442786
gen >21, new best = 402.000
gen: 21 best: 402.0 mean: 457.20597014925374
gen: 22 best: 402.0 mean: 456.03432835820894
gen: 23 best: 402.0 mean: 455.0363184079602
gen: 24 best: 402.0 mean: 455.7044776119403
gen: 25 best: 402.0 mean: 453.7597014925373
gen: 26 best: 402.0 mean: 452.05970149253733
gen: 27 best: 402.0 mean: 451.6855721393035
gen: 28 best: 402.0 mean: 449.18955223880596
gen: 29 best: 402.0 mean: 451.0810945273632
gen: 30 best: 402.0 mean: 447.0457711442786
gen: 31 best: 402.0 mean: 446.55174129353236
gen: 32 best: 402.0 mean: 444.7825870646766
gen: 33 best: 402.0 mean: 446.03930348258706
gen >34, new best = 394.700
gen: 34 best: 394.7 mean: 443.27412935323383
gen: 35 best: 394.7 mean: 443.555223880597
gen: 36 best: 394.7 mean: 445.63432835820896
gen: 37 best: 394.7 mean: 443.31094527363183
gen: 38 best: 394.7 mean: 441.7671641791045
gen: 39 best: 394.7 mean: 440.1502487562189
gen >40, new best = 393.200
gen: 40 best: 393.2 mean: 440.5512437810945
gen: 41 best: 393.2 mean: 438.71890547263683
gen: 42 best: 393.2 mean: 438.036815920398
gen: 43 best: 393.2 mean: 438.85820895522386
gen: 44 best: 393.2 mean: 438.8641791044776
gen: 45 best: 393.2 mean: 437.48059701492537
gen: 46 best: 393.2 mean: 437.64328358208957
gen >47, new best = 392.600
gen: 47 best: 392.6 mean: 435.4308457711443
gen: 48 best: 392.6 mean: 436.307960199005
gen: 49 best: 392.6 mean: 437.66766169154226
gen >50, new best = 386.500
gen: 50 best: 386.5 mean: 434.9616915422886
gen: 51 best: 386.5 mean: 436.69353233830844
gen: 52 best: 386.5 mean: 436.1900497512438
gen: 53 best: 386.5 mean: 433.9850746268657
gen: 54 best: 386.5 mean: 433.60895522388057
gen: 55 best: 386.5 mean: 434.1955223880597
gen: 56 best: 386.5 mean: 433.75671641791047
gen: 57 best: 386.5 mean: 433.6452736318408
gen: 58 best: 386.5 mean: 432.98059701492537
gen: 59 best: 386.5 mean: 431.3512437810945
gen: 60 best: 386.5 mean: 433.2253731343284
gen: 61 best: 386.5 mean: 431.944776119403
gen: 62 best: 386.5 mean: 430.9009950248756
gen: 63 best: 386.5 mean: 431.21691542288556
gen: 64 best: 386.5 mean: 432.3373134328358
gen: 65 best: 386.5 mean: 431.03930348258706
gen: 66 best: 386.5 mean: 431.0323383084577
gen: 67 best: 386.5 mean: 431.3731343283582
gen: 68 best: 386.5 mean: 430.102487562189
gen: 69 best: 386.5 mean: 431.8174129353234
gen: 70 best: 386.5 mean: 433.06716417910445
gen: 71 best: 386.5 mean: 430.7467661691542
gen: 72 best: 386.5 mean: 427.5189054726368
gen >73, new best = 385.300
gen: 73 best: 385.3 mean: 429.6487562189055
gen: 74 best: 385.3 mean: 429.4890547263682
gen: 75 best: 385.3 mean: 430.363184079602
gen >76, new best = 382.200
gen: 76 best: 382.2 mean: 429.6
gen: 77 best: 382.2 mean: 429.68457711442784
gen: 78 best: 382.2 mean: 426.9562189054726
gen: 79 best: 382.2 mean: 429.9452736318408
gen: 80 best: 382.2 mean: 428.1597014925373
gen: 81 best: 382.2 mean: 428.9890547263682
gen: 82 best: 382.2 mean: 429.0751243781095
gen: 83 best: 382.2 mean: 427.94378109452737
gen: 84 best: 382.2 mean: 425.9731343283582
gen: 85 best: 382.2 mean: 427.40398009950246
gen: 86 best: 382.2 mean: 426.6353233830846
gen: 87 best: 382.2 mean: 428.0134328358209
gen: 88 best: 382.2 mean: 427.5965174129353
gen: 89 best: 382.2 mean: 426.12985074626863
gen: 90 best: 382.2 mean: 423.8791044776119
gen: 91 best: 382.2 mean: 427.5189054726368
gen: 92 best: 382.2 mean: 425.65721393034823
gen: 93 best: 382.2 mean: 424.39800995024876
gen: 94 best: 382.2 mean: 426.40597014925373
gen: 95 best: 382.2 mean: 425.60696517412936
gen: 96 best: 382.2 mean: 424.8880597014925
gen: 97 best: 382.2 mean: 425.93681592039803
gen: 98 best: 382.2 mean: 424.45721393034825
gen: 99 best: 382.2 mean: 422.8915422885572
[7, 6, 8, 8, 7, 6, 7, 6, 7, 7, 7, 9, 7, 8, 6, 7, 8, 8, 6, 8, 7, 7, 8, 6, 7, 7, 7, 7, 8, 7, 7, 8, 7, 7, 7, 7, 7, 9, 6, 9, 8, 7, 7, 8, 6, 7, 7]
Test count of edges: 1416
cat
