Defaulting to user installation because normal site-packages is not writeable
Looking in links: /cvmfs/soft.computecanada.ca/custom/python/wheelhouse/gentoo/avx2, /cvmfs/soft.computecanada.ca/custom/python/wheelhouse/gentoo/generic, /cvmfs/soft.computecanada.ca/custom/python/wheelhouse/generic
Requirement already satisfied: graphviz in /home/js17sy/.local/lib/python3.10/site-packages (0.20)
367; python ga.py 24 768N_graph24.dat 0.075 0.03 0.5 0.5 0.5 201 768N_graph24laxgen1rem50_ 199927
/project/6008788/js17sy/reopenga/768c/ga.py:291: DeprecationWarning: Sampling from a set deprecated
since Python 3.9 and will be removed in a subsequent version.
  child1 = set(random.sample(
gen >0, new best = 520.300
gen >0, new best = 514.300
gen >0, new best = 513.000
gen >0, new best = 507.800
gen >0, new best = 495.200
gen >0, new best = 494.000
gen >0, new best = 493.900
gen: 0 best: 493.9 mean: 516.6378109452736
gen: 1 best: 493.9 mean: 515.7562189054727
gen: 2 best: 493.9 mean: 516.0164179104478
gen: 3 best: 493.9 mean: 515.0527363184079
gen >4, new best = 492.600
gen: 4 best: 492.6 mean: 513.5373134328358
gen: 5 best: 492.6 mean: 512.8119402985075
gen: 6 best: 492.6 mean: 513.0965174129353
gen: 7 best: 492.6 mean: 511.40199004975125
gen >8, new best = 485.800
gen: 8 best: 485.8 mean: 509.7547263681592
gen: 9 best: 485.8 mean: 510.76666666666665
gen: 10 best: 485.8 mean: 509.36169154228855
gen: 11 best: 485.8 mean: 508.6497512437811
gen >12, new best = 485.200
gen >12, new best = 481.100
gen: 12 best: 481.1 mean: 509.33233830845774
gen: 13 best: 481.1 mean: 508.3636815920398
gen: 14 best: 481.1 mean: 507.5318407960199
gen: 15 best: 481.1 mean: 508.0323383084577
gen: 16 best: 481.1 mean: 507.1885572139303
gen: 17 best: 481.1 mean: 507.34378109452734
gen: 18 best: 481.1 mean: 506.77512437810947
gen: 19 best: 481.1 mean: 505.7731343283582
gen: 20 best: 481.1 mean: 505.95323383084576
gen: 21 best: 481.1 mean: 504.9507462686567
gen: 22 best: 481.1 mean: 504.79800995024874
gen: 23 best: 481.1 mean: 504.71343283582087
gen >24, new best = 480.800
gen >24, new best = 480.400
gen >24, new best = 477.900
gen: 24 best: 477.9 mean: 504.63084577114427
gen: 25 best: 477.9 mean: 504.21094527363186
gen: 26 best: 477.9 mean: 504.54676616915424
gen: 27 best: 477.9 mean: 502.5532338308458
gen: 28 best: 477.9 mean: 502.3203980099502
gen: 29 best: 477.9 mean: 500.70199004975126
gen: 30 best: 477.9 mean: 500.72039800995026
gen: 31 best: 477.9 mean: 500.52835820895524
gen: 32 best: 477.9 mean: 499.6412935323383
gen: 33 best: 477.9 mean: 499.6855721393035
gen >34, new best = 475.500
gen: 34 best: 475.5 mean: 498.43134328358207
gen: 35 best: 475.5 mean: 497.1313432835821
gen: 36 best: 475.5 mean: 498.8039800995025
gen: 37 best: 475.5 mean: 497.1099502487562
gen >38, new best = 473.900
gen: 38 best: 473.9 mean: 497.0696517412935
gen: 39 best: 473.9 mean: 497.271144278607
gen: 40 best: 473.9 mean: 497.107960199005
gen >41, new best = 470.600
gen: 41 best: 470.6 mean: 496.4960199004975
gen: 42 best: 470.6 mean: 496.8462686567164
gen: 43 best: 470.6 mean: 496.8278606965174
gen: 44 best: 470.6 mean: 496.0457711442786
gen: 45 best: 470.6 mean: 495.626368159204
gen >46, new best = 466.400
gen: 46 best: 466.4 mean: 495.97363184079603
gen: 47 best: 466.4 mean: 495.5004975124378
gen: 48 best: 466.4 mean: 494.5323383084577
gen: 49 best: 466.4 mean: 494.2915422885572
gen: 50 best: 466.4 mean: 493.52885572139303
gen: 51 best: 466.4 mean: 494.79701492537316
gen: 52 best: 466.4 mean: 494.0477611940299
gen: 53 best: 466.4 mean: 494.3144278606965
gen: 54 best: 466.4 mean: 494.02139303482585
gen: 55 best: 466.4 mean: 494.09253731343284
gen: 56 best: 466.4 mean: 493.8074626865672
gen: 57 best: 466.4 mean: 492.88358208955225
gen: 58 best: 466.4 mean: 493.12189054726366
gen: 59 best: 466.4 mean: 492.1373134328358
gen: 60 best: 466.4 mean: 492.74825870646765
gen: 61 best: 466.4 mean: 492.5169154228856
gen: 62 best: 466.4 mean: 492.62189054726366
gen: 63 best: 466.4 mean: 491.48258706467664
gen: 64 best: 466.4 mean: 492.20298507462684
gen: 65 best: 466.4 mean: 492.1870646766169
gen: 66 best: 466.4 mean: 491.53034825870645
gen: 67 best: 466.4 mean: 492.31940298507465
gen: 68 best: 466.4 mean: 491.2930348258706
gen: 69 best: 466.4 mean: 491.41990049751246
gen: 70 best: 466.4 mean: 491.7
gen: 71 best: 466.4 mean: 493.2273631840796
gen >72, new best = 465.500
gen: 72 best: 465.5 mean: 492.04477611940297
gen: 73 best: 465.5 mean: 492.2805970149254
gen >74, new best = 464.400
gen: 74 best: 464.4 mean: 490.5781094527363
gen: 75 best: 464.4 mean: 491.0691542288557
gen: 76 best: 464.4 mean: 490.7825870646766
gen: 77 best: 464.4 mean: 491.1860696517413
gen: 78 best: 464.4 mean: 491.16616915422884
gen: 79 best: 464.4 mean: 490.7164179104478
gen: 80 best: 464.4 mean: 490.12487562189057
gen: 81 best: 464.4 mean: 489.8497512437811
gen: 82 best: 464.4 mean: 489.34875621890546
gen: 83 best: 464.4 mean: 489.74477611940296
gen >84, new best = 462.900
gen: 84 best: 462.9 mean: 489.16169154228857
gen: 85 best: 462.9 mean: 490.9835820895522
gen: 86 best: 462.9 mean: 490.2044776119403
gen: 87 best: 462.9 mean: 489.6995024875622
gen: 88 best: 462.9 mean: 489.7840796019901
gen: 89 best: 462.9 mean: 489.47114427860697
gen: 90 best: 462.9 mean: 487.7417910447761
gen: 91 best: 462.9 mean: 488.7378109452736
gen: 92 best: 462.9 mean: 488.53333333333336
gen: 93 best: 462.9 mean: 489.13482587064675
gen: 94 best: 462.9 mean: 488.08706467661693
gen: 95 best: 462.9 mean: 488.5353233830846
gen: 96 best: 462.9 mean: 488.0437810945274
gen: 97 best: 462.9 mean: 487.607960199005
gen: 98 best: 462.9 mean: 489.0681592039801
gen: 99 best: 462.9 mean: 487.9124378109453
[8, 8, 7, 9, 7, 8, 8, 8, 8, 8, 8, 9, 7, 8, 9, 8, 7, 9, 8, 9, 8, 9, 7, 7, 8, 8, 8, 8, 7, 8, 9, 8, 7, 9, 8, 7, 7, 10, 8, 7, 7, 7, 8, 9, 8, 8, 8]
Test count of edges: 2387
cat
