Defaulting to user installation because normal site-packages is not writeable
Looking in links: /cvmfs/soft.computecanada.ca/custom/python/wheelhouse/gentoo/avx2, /cvmfs/soft.computecanada.ca/custom/python/wheelhouse/gentoo/generic, /cvmfs/soft.computecanada.ca/custom/python/wheelhouse/generic
Requirement already satisfied: graphviz in /home/js17sy/.local/lib/python3.10/site-packages (0.20)
582; python ga.py 24 768N_graph24.dat 0.1 0.04 0.5 0.7 0.3 201 768N_graph24leerygen2rem50_ 342732
/project/6008788/js17sy/reopenga/768c/ga.py:291: DeprecationWarning: Sampling from a set deprecated
since Python 3.9 and will be removed in a subsequent version.
  child1 = set(random.sample(
gen >0, new best = 524.100
gen >0, new best = 520.900
gen >0, new best = 520.400
gen >0, new best = 518.100
gen >0, new best = 516.200
gen >0, new best = 515.900
gen >0, new best = 513.000
gen >0, new best = 508.900
gen >0, new best = 508.500
gen: 0 best: 508.5 mean: 528.5888059701492
gen: 1 best: 508.5 mean: 527.165671641791
gen >2, new best = 503.200
gen: 2 best: 503.2 mean: 527.7995024875622
gen: 3 best: 503.2 mean: 527.0636815920398
gen: 4 best: 503.2 mean: 525.9253731343283
gen: 5 best: 503.2 mean: 527.0587064676616
gen: 6 best: 503.2 mean: 525.7855721393034
gen: 7 best: 503.2 mean: 524.0233830845771
gen: 8 best: 503.2 mean: 523.6084577114428
gen: 9 best: 503.2 mean: 523.9512437810945
gen >10, new best = 501.200
gen: 10 best: 501.2 mean: 523.8746268656716
gen: 11 best: 501.2 mean: 522.3696517412935
gen >12, new best = 499.800
gen: 12 best: 499.8 mean: 522.4039800995025
gen: 13 best: 499.8 mean: 522.4855721393035
gen >14, new best = 498.800
gen: 14 best: 498.8 mean: 521.7616915422885
gen >15, new best = 497.000
gen >15, new best = 494.100
gen: 15 best: 494.1 mean: 520.007960199005
gen: 16 best: 494.1 mean: 518.7154228855721
gen: 17 best: 494.1 mean: 519.8522388059702
gen: 18 best: 494.1 mean: 518.363184079602
gen >19, new best = 493.700
gen: 19 best: 493.7 mean: 518.1557213930348
gen: 20 best: 493.7 mean: 518.2422885572139
gen >21, new best = 489.300
gen: 21 best: 489.3 mean: 517.4462686567164
gen: 22 best: 489.3 mean: 516.2557213930348
gen: 23 best: 489.3 mean: 515.6716417910447
gen: 24 best: 489.3 mean: 514.9855721393035
gen: 25 best: 489.3 mean: 514.2129353233831
gen: 26 best: 489.3 mean: 513.0890547263682
gen >27, new best = 488.600
gen: 27 best: 488.6 mean: 512.9512437810945
gen: 28 best: 488.6 mean: 512.1776119402986
gen: 29 best: 488.6 mean: 511.80298507462686
gen: 30 best: 488.6 mean: 511.37860696517413
gen: 31 best: 488.6 mean: 511.19651741293535
gen: 32 best: 488.6 mean: 509.65323383084575
gen: 33 best: 488.6 mean: 508.8845771144279
gen >34, new best = 487.800
gen: 34 best: 487.8 mean: 508.95124378109455
gen >35, new best = 487.400
gen: 35 best: 487.4 mean: 508.62139303482587
gen >36, new best = 465.100
gen: 36 best: 465.1 mean: 508.18955223880596
gen: 37 best: 465.1 mean: 507.4915422885572
gen: 38 best: 465.1 mean: 506.7651741293532
gen: 39 best: 465.1 mean: 506.5626865671642
gen: 40 best: 465.1 mean: 504.76069651741295
gen: 41 best: 465.1 mean: 507.3592039800995
gen: 42 best: 465.1 mean: 505.62189054726366
gen: 43 best: 465.1 mean: 504.78308457711444
gen: 44 best: 465.1 mean: 505.7253731343284
gen: 45 best: 465.1 mean: 505.0189054726368
gen: 46 best: 465.1 mean: 504.8139303482587
gen: 47 best: 465.1 mean: 504.48407960199006
gen: 48 best: 465.1 mean: 504.2870646766169
gen: 49 best: 465.1 mean: 504.05223880597015
gen: 50 best: 465.1 mean: 503.93532338308455
gen: 51 best: 465.1 mean: 502.95124378109455
gen: 52 best: 465.1 mean: 503.2497512437811
gen: 53 best: 465.1 mean: 502.36567164179104
gen: 54 best: 465.1 mean: 502.1373134328358
gen: 55 best: 465.1 mean: 501.47910447761194
gen: 56 best: 465.1 mean: 499.4577114427861
gen: 57 best: 465.1 mean: 500.5860696517413
gen: 58 best: 465.1 mean: 501.03880597014927
gen: 59 best: 465.1 mean: 499.80845771144277
gen: 60 best: 465.1 mean: 499.3273631840796
gen: 61 best: 465.1 mean: 500.2437810945274
gen: 62 best: 465.1 mean: 499.18905472636817
gen: 63 best: 465.1 mean: 499.68955223880596
gen: 64 best: 465.1 mean: 499.3975124378109
gen: 65 best: 465.1 mean: 498.81542288557216
gen: 66 best: 465.1 mean: 499.30497512437813
gen: 67 best: 465.1 mean: 498.79800995024874
gen: 68 best: 465.1 mean: 499.28109452736317
gen: 69 best: 465.1 mean: 497.26965174129356
gen: 70 best: 465.1 mean: 498.64228855721393
gen: 71 best: 465.1 mean: 498.6810945273632
gen: 72 best: 465.1 mean: 498.0437810945274
gen: 73 best: 465.1 mean: 497.56517412935324
gen: 74 best: 465.1 mean: 496.80845771144277
gen: 75 best: 465.1 mean: 497.10547263681593
gen: 76 best: 465.1 mean: 496.89651741293534
gen: 77 best: 465.1 mean: 496.4507462686567
gen: 78 best: 465.1 mean: 497.20995024875623
gen: 79 best: 465.1 mean: 495.37661691542286
gen: 80 best: 465.1 mean: 496.0726368159204
gen: 81 best: 465.1 mean: 496.57611940298506
gen: 82 best: 465.1 mean: 496.00199004975127
gen: 83 best: 465.1 mean: 495.00298507462685
gen: 84 best: 465.1 mean: 493.9691542288557
gen: 85 best: 465.1 mean: 495.8960199004975
gen: 86 best: 465.1 mean: 494.80099502487565
gen: 87 best: 465.1 mean: 494.618407960199
gen: 88 best: 465.1 mean: 494.0860696517413
gen: 89 best: 465.1 mean: 494.23383084577114
gen: 90 best: 465.1 mean: 494.2621890547264
gen: 91 best: 465.1 mean: 493.87810945273634
gen: 92 best: 465.1 mean: 494.2129353233831
gen: 93 best: 465.1 mean: 493.12885572139305
gen: 94 best: 465.1 mean: 494.1273631840796
gen: 95 best: 465.1 mean: 494.37462686567164
gen: 96 best: 465.1 mean: 492.3681592039801
gen: 97 best: 465.1 mean: 493.4004975124378
gen: 98 best: 465.1 mean: 493.5308457711443
gen: 99 best: 465.1 mean: 493.7686567164179
[8, 7, 9, 7, 7, 8, 7, 7, 8, 8, 7, 8, 8, 8, 7, 7, 9, 7, 8, 7, 7, 9, 8, 8, 7, 8, 8, 8, 8, 7, 8, 7, 9, 8, 7, 7, 9, 7, 7, 8, 8, 8]
Test count of edges: 2357
cat
