Defaulting to user installation because normal site-packages is not writeable
Looking in links: /cvmfs/soft.computecanada.ca/custom/python/wheelhouse/gentoo/avx2, /cvmfs/soft.computecanada.ca/custom/python/wheelhouse/gentoo/generic, /cvmfs/soft.computecanada.ca/custom/python/wheelhouse/generic
Requirement already satisfied: graphviz in /home/js17sy/.local/lib/python3.10/site-packages (0.20)
632; python ga.py 24 768N_graph24.dat 0.1 0.04 0.7 0.5 0.5 201 768N_graph24leerygen1rem70_ 57122
/project/6008788/js17sy/reopenga/768c/ga.py:291: DeprecationWarning: Sampling from a set deprecated
since Python 3.9 and will be removed in a subsequent version.
  child1 = set(random.sample(
gen >0, new best = 523.700
gen >0, new best = 510.000
gen >0, new best = 491.200
gen >0, new best = 469.100
gen: 0 best: 469.1 mean: 513.0696517412936
gen: 1 best: 469.1 mean: 509.8950248756219
gen: 2 best: 469.1 mean: 509.38756218905473
gen >3, new best = 463.400
gen: 3 best: 463.4 mean: 505.8422885572139
gen >4, new best = 457.300
gen: 4 best: 457.3 mean: 503.07611940298506
gen: 5 best: 457.3 mean: 500.7233830845771
gen: 6 best: 457.3 mean: 498.2358208955224
gen >7, new best = 456.500
gen: 7 best: 456.5 mean: 499.2691542288557
gen >8, new best = 449.200
gen: 8 best: 449.2 mean: 500.265671641791
gen >9, new best = 441.200
gen: 9 best: 441.2 mean: 499.5049751243781
gen: 10 best: 441.2 mean: 496.7328358208955
gen: 11 best: 441.2 mean: 495.94278606965173
gen: 12 best: 441.2 mean: 494.5422885572139
gen: 13 best: 441.2 mean: 494.1776119402985
gen: 14 best: 441.2 mean: 493.69502487562187
gen: 15 best: 441.2 mean: 489.771144278607
gen: 16 best: 441.2 mean: 490.655223880597
gen: 17 best: 441.2 mean: 488.1626865671642
gen: 18 best: 441.2 mean: 488.5716417910448
gen: 19 best: 441.2 mean: 486.34179104477613
gen: 20 best: 441.2 mean: 486.54129353233833
gen >21, new best = 433.400
gen: 21 best: 433.4 mean: 487.97014925373134
gen: 22 best: 433.4 mean: 485.3830845771144
gen: 23 best: 433.4 mean: 485.7641791044776
gen: 24 best: 433.4 mean: 483.06467661691545
gen: 25 best: 433.4 mean: 483.94726368159206
gen: 26 best: 433.4 mean: 481.944776119403
gen: 27 best: 433.4 mean: 482.2875621890547
gen >28, new best = 431.700
gen: 28 best: 431.7 mean: 482.36019900497513
gen: 29 best: 431.7 mean: 482.22089552238805
gen: 30 best: 431.7 mean: 481.1542288557214
gen: 31 best: 431.7 mean: 478.2179104477612
gen: 32 best: 431.7 mean: 478.3094527363184
gen: 33 best: 431.7 mean: 479.17462686567166
gen: 34 best: 431.7 mean: 479.21890547263683
gen: 35 best: 431.7 mean: 478.8318407960199
gen: 36 best: 431.7 mean: 476.2731343283582
gen >37, new best = 430.900
gen: 37 best: 430.9 mean: 475.7955223880597
gen: 38 best: 430.9 mean: 477.18407960199005
gen: 39 best: 430.9 mean: 475.8537313432836
gen >40, new best = 419.900
gen: 40 best: 419.9 mean: 476.3547263681592
gen: 41 best: 419.9 mean: 476.2139303482587
gen: 42 best: 419.9 mean: 476.42437810945273
gen: 43 best: 419.9 mean: 474.9636815920398
gen: 44 best: 419.9 mean: 474.4412935323383
gen: 45 best: 419.9 mean: 475.1960199004975
gen: 46 best: 419.9 mean: 476.29950248756217
gen: 47 best: 419.9 mean: 473.99203980099503
gen: 48 best: 419.9 mean: 475.6452736318408
gen: 49 best: 419.9 mean: 474.9582089552239
gen: 50 best: 419.9 mean: 474.90696517412937
gen: 51 best: 419.9 mean: 473.39303482587064
gen: 52 best: 419.9 mean: 474.8880597014925
gen: 53 best: 419.9 mean: 473.02487562189054
gen: 54 best: 419.9 mean: 473.2139303482587
gen: 55 best: 419.9 mean: 472.4706467661692
gen: 56 best: 419.9 mean: 472.5751243781095
gen: 57 best: 419.9 mean: 472.2855721393035
gen: 58 best: 419.9 mean: 469.33233830845774
gen: 59 best: 419.9 mean: 472.2348258706468
gen: 60 best: 419.9 mean: 471.46417910447764
gen: 61 best: 419.9 mean: 471.2860696517413
gen: 62 best: 419.9 mean: 471.34278606965177
gen: 63 best: 419.9 mean: 469.80099502487565
gen: 64 best: 419.9 mean: 471.10746268656715
gen: 65 best: 419.9 mean: 468.1671641791045
gen: 66 best: 419.9 mean: 471.39651741293534
gen: 67 best: 419.9 mean: 469.4363184079602
gen: 68 best: 419.9 mean: 472.0582089552239
gen: 69 best: 419.9 mean: 467.3880597014925
gen: 70 best: 419.9 mean: 468.5402985074627
gen: 71 best: 419.9 mean: 468.0995024875622
gen: 72 best: 419.9 mean: 468.4646766169154
gen: 73 best: 419.9 mean: 467.93681592039803
gen: 74 best: 419.9 mean: 469.5587064676617
gen: 75 best: 419.9 mean: 470.0004975124378
gen: 76 best: 419.9 mean: 467.52835820895524
gen: 77 best: 419.9 mean: 468.7855721393035
gen: 78 best: 419.9 mean: 469.0457711442786
gen: 79 best: 419.9 mean: 469.8004975124378
gen: 80 best: 419.9 mean: 466.8950248756219
gen: 81 best: 419.9 mean: 467.57960199004975
gen: 82 best: 419.9 mean: 469.85273631840795
gen: 83 best: 419.9 mean: 468.59800995024875
gen: 84 best: 419.9 mean: 468.73532338308456
gen: 85 best: 419.9 mean: 467.79253731343283
gen: 86 best: 419.9 mean: 468.2179104477612
gen: 87 best: 419.9 mean: 467.8114427860697
gen >88, new best = 415.700
gen: 88 best: 415.7 mean: 466.24776119402986
gen: 89 best: 415.7 mean: 465.66616915422884
gen: 90 best: 415.7 mean: 466.24427860696517
gen: 91 best: 415.7 mean: 466.8278606965174
gen: 92 best: 415.7 mean: 466.06318407960197
gen: 93 best: 415.7 mean: 465.6825870646766
gen: 94 best: 415.7 mean: 465.82537313432834
gen: 95 best: 415.7 mean: 467.19303482587065
gen: 96 best: 415.7 mean: 465.42587064676616
gen: 97 best: 415.7 mean: 466.3825870646766
gen: 98 best: 415.7 mean: 465.7676616915423
gen: 99 best: 415.7 mean: 466.4417910447761
[8, 7, 8, 6, 7, 6, 7, 8, 6, 6, 8, 6, 7, 8, 7, 7, 8, 7, 7, 7, 6, 6, 6, 6, 6, 8, 6, 6, 8, 6, 8, 6, 7, 7, 7, 7, 7, 6, 8, 7, 7]
Test count of edges: 1452
cat
