Defaulting to user installation because normal site-packages is not writeable
Looking in links: /cvmfs/soft.computecanada.ca/custom/python/wheelhouse/gentoo/avx2, /cvmfs/soft.computecanada.ca/custom/python/wheelhouse/gentoo/generic, /cvmfs/soft.computecanada.ca/custom/python/wheelhouse/generic
Requirement already satisfied: graphviz in /home/js17sy/.local/lib/python3.10/site-packages (0.20)
571; python ga.py 24 768N_graph24.dat 0.1 0.04 0.5 0.7 0.3 201 768N_graph24leerygen2rem50_ 28561
/project/6008788/js17sy/reopenga/768c/ga.py:291: DeprecationWarning: Sampling from a set deprecated
since Python 3.9 and will be removed in a subsequent version.
  child1 = set(random.sample(
gen >0, new best = 529.600
gen >0, new best = 515.600
gen >0, new best = 515.500
gen >0, new best = 509.400
gen >0, new best = 505.800
gen: 0 best: 505.8 mean: 528.9435323383085
gen >1, new best = 504.700
gen: 1 best: 504.7 mean: 528.5029850746268
gen >2, new best = 503.300
gen: 2 best: 503.3 mean: 527.1522388059701
gen >3, new best = 502.200
gen: 3 best: 502.2 mean: 525.8174129353234
gen: 4 best: 502.2 mean: 524.6741293532339
gen: 5 best: 502.2 mean: 525.5149253731344
gen: 6 best: 502.2 mean: 523.4955223880597
gen: 7 best: 502.2 mean: 523.3398009950249
gen >8, new best = 502.000
gen: 8 best: 502.0 mean: 522.0268656716418
gen: 9 best: 502.0 mean: 520.9109452736318
gen >10, new best = 500.600
gen: 10 best: 500.6 mean: 520.7746268656716
gen >11, new best = 499.800
gen: 11 best: 499.8 mean: 521.739303482587
gen: 12 best: 499.8 mean: 521.018407960199
gen >13, new best = 497.600
gen: 13 best: 497.6 mean: 519.2258706467662
gen >14, new best = 496.200
gen: 14 best: 496.2 mean: 518.7751243781095
gen >15, new best = 495.700
gen: 15 best: 495.7 mean: 518.4069651741294
gen: 16 best: 495.7 mean: 518.2820895522389
gen: 17 best: 495.7 mean: 516.818407960199
gen: 18 best: 495.7 mean: 515.1348258706468
gen: 19 best: 495.7 mean: 515.7218905472637
gen: 20 best: 495.7 mean: 515.5363184079602
gen >21, new best = 494.900
gen: 21 best: 494.9 mean: 514.5194029850746
gen >22, new best = 494.400
gen: 22 best: 494.4 mean: 512.9582089552239
gen: 23 best: 494.4 mean: 512.5800995024875
gen >24, new best = 492.200
gen: 24 best: 492.2 mean: 511.8641791044776
gen >25, new best = 491.500
gen: 25 best: 491.5 mean: 511.81194029850747
gen: 26 best: 491.5 mean: 511.28855721393035
gen >27, new best = 487.500
gen >27, new best = 487.100
gen: 27 best: 487.1 mean: 511.51940298507463
gen: 28 best: 487.1 mean: 511.8860696517413
gen: 29 best: 487.1 mean: 511.42039800995025
gen: 30 best: 487.1 mean: 511.2955223880597
gen: 31 best: 487.1 mean: 510.2960199004975
gen: 32 best: 487.1 mean: 508.99751243781094
gen: 33 best: 487.1 mean: 509.57014925373136
gen >34, new best = 487.000
gen: 34 best: 487.0 mean: 509.4248756218905
gen: 35 best: 487.0 mean: 509.3363184079602
gen: 36 best: 487.0 mean: 508.90597014925373
gen: 37 best: 487.0 mean: 509.6497512437811
gen: 38 best: 487.0 mean: 507.2398009950249
gen: 39 best: 487.0 mean: 508.4452736318408
gen: 40 best: 487.0 mean: 507.4985074626866
gen >41, new best = 485.500
gen: 41 best: 485.5 mean: 506.9004975124378
gen: 42 best: 485.5 mean: 506.10547263681593
gen: 43 best: 485.5 mean: 506.25522388059704
gen: 44 best: 485.5 mean: 505.4592039800995
gen: 45 best: 485.5 mean: 504.6029850746269
gen >46, new best = 482.600
gen: 46 best: 482.6 mean: 504.70248756218905
gen: 47 best: 482.6 mean: 503.7950248756219
gen >48, new best = 478.700
gen: 48 best: 478.7 mean: 503.71194029850744
gen: 49 best: 478.7 mean: 503.2746268656716
gen >50, new best = 478.300
gen: 50 best: 478.3 mean: 502.0915422885572
gen: 51 best: 478.3 mean: 502.23830845771147
gen >52, new best = 457.700
gen: 52 best: 457.7 mean: 501.73880597014926
gen: 53 best: 457.7 mean: 501.40746268656716
gen: 54 best: 457.7 mean: 500.8537313432836
gen: 55 best: 457.7 mean: 500.93134328358207
gen: 56 best: 457.7 mean: 499.36119402985076
gen: 57 best: 457.7 mean: 500.2144278606965
gen: 58 best: 457.7 mean: 499.73731343283583
gen: 59 best: 457.7 mean: 500.0164179104478
gen: 60 best: 457.7 mean: 499.51741293532336
gen: 61 best: 457.7 mean: 499.5900497512438
gen: 62 best: 457.7 mean: 499.4636815920398
gen: 63 best: 457.7 mean: 499.02636815920397
gen: 64 best: 457.7 mean: 499.01542288557215
gen: 65 best: 457.7 mean: 497.94029850746267
gen: 66 best: 457.7 mean: 498.67114427860696
gen: 67 best: 457.7 mean: 497.3960199004975
gen: 68 best: 457.7 mean: 497.1666666666667
gen: 69 best: 457.7 mean: 497.1587064676617
gen: 70 best: 457.7 mean: 496.7213930348259
gen: 71 best: 457.7 mean: 496.43283582089555
gen: 72 best: 457.7 mean: 497.3592039800995
gen: 73 best: 457.7 mean: 497.5109452736318
gen: 74 best: 457.7 mean: 495.62885572139305
gen: 75 best: 457.7 mean: 496.1313432835821
gen: 76 best: 457.7 mean: 496.00248756218906
gen: 77 best: 457.7 mean: 495.7233830845771
gen: 78 best: 457.7 mean: 496.271144278607
gen: 79 best: 457.7 mean: 496.49900497512436
gen: 80 best: 457.7 mean: 496.05223880597015
gen: 81 best: 457.7 mean: 495.25174129353235
gen: 82 best: 457.7 mean: 496.08009950248754
gen: 83 best: 457.7 mean: 495.6945273631841
gen: 84 best: 457.7 mean: 494.8492537313433
gen: 85 best: 457.7 mean: 494.4562189054726
gen: 86 best: 457.7 mean: 493.72636815920396
gen: 87 best: 457.7 mean: 494.218407960199
gen: 88 best: 457.7 mean: 494.55223880597015
gen: 89 best: 457.7 mean: 493.63880597014924
gen: 90 best: 457.7 mean: 493.4830845771144
gen: 91 best: 457.7 mean: 493.38557213930346
gen: 92 best: 457.7 mean: 492.7069651741294
gen: 93 best: 457.7 mean: 492.47562189054725
gen: 94 best: 457.7 mean: 492.836815920398
gen: 95 best: 457.7 mean: 492.3970149253731
gen: 96 best: 457.7 mean: 491.09253731343284
gen: 97 best: 457.7 mean: 491.55223880597015
gen: 98 best: 457.7 mean: 491.5905472636816
gen: 99 best: 457.7 mean: 490.9671641791045
[8, 8, 8, 7, 7, 8, 9, 7, 8, 7, 7, 9, 7, 7, 7, 7, 7, 7, 8, 7, 8, 8, 8, 7, 8, 7, 7, 7, 7, 8, 8, 8, 7, 7, 7, 8, 7, 8, 8, 7, 7, 8, 7, 8, 8, 7, 8]
Test count of edges: 2362
cat
