Defaulting to user installation because normal site-packages is not writeable
Looking in links: /cvmfs/soft.computecanada.ca/custom/python/wheelhouse/gentoo/avx2, /cvmfs/soft.computecanada.ca/custom/python/wheelhouse/gentoo/generic, /cvmfs/soft.computecanada.ca/custom/python/wheelhouse/generic
Requirement already satisfied: graphviz in /home/js17sy/.local/lib/python3.10/site-packages (0.20)
653; python ga.py 24 768N_graph24.dat 0.1 0.04 0.7 0.5 0.5 201 768N_graph24leerygen1rem70_ 656903
/project/6008788/js17sy/reopenga/768c/ga.py:291: DeprecationWarning: Sampling from a set deprecated
since Python 3.9 and will be removed in a subsequent version.
  child1 = set(random.sample(
gen >0, new best = 530.800
gen >0, new best = 516.700
gen >0, new best = 493.000
gen >0, new best = 487.200
gen >0, new best = 473.900
gen: 0 best: 473.9 mean: 511.98383084577114
gen >1, new best = 458.800
gen: 1 best: 458.8 mean: 509.7049751243781
gen: 2 best: 458.8 mean: 506.6223880597015
gen: 3 best: 458.8 mean: 505.25671641791047
gen >4, new best = 454.700
gen: 4 best: 454.7 mean: 502.57611940298506
gen: 5 best: 454.7 mean: 500.8179104477612
gen: 6 best: 454.7 mean: 497.63781094527366
gen >7, new best = 450.800
gen: 7 best: 450.8 mean: 496.33432835820895
gen: 8 best: 450.8 mean: 496.42437810945273
gen >9, new best = 450.000
gen: 9 best: 450.0 mean: 495.4910447761194
gen: 10 best: 450.0 mean: 492.3422885572139
gen: 11 best: 450.0 mean: 492.42437810945273
gen: 12 best: 450.0 mean: 493.9965174129353
gen: 13 best: 450.0 mean: 491.8457711442786
gen >14, new best = 448.100
gen >14, new best = 444.500
gen: 14 best: 444.5 mean: 489.5457711442786
gen: 15 best: 444.5 mean: 489.4766169154229
gen: 16 best: 444.5 mean: 488.17114427860696
gen: 17 best: 444.5 mean: 486.06716417910445
gen >18, new best = 440.900
gen >18, new best = 437.200
gen: 18 best: 437.2 mean: 486.19502487562187
gen: 19 best: 437.2 mean: 486.6129353233831
gen: 20 best: 437.2 mean: 485.2402985074627
gen: 21 best: 437.2 mean: 481.6587064676617
gen: 22 best: 437.2 mean: 483.5810945273632
gen >23, new best = 427.800
gen: 23 best: 427.8 mean: 483.57412935323384
gen: 24 best: 427.8 mean: 481.59800995024875
gen: 25 best: 427.8 mean: 483.43681592039803
gen: 26 best: 427.8 mean: 478.98855721393033
gen: 27 best: 427.8 mean: 478.1208955223881
gen: 28 best: 427.8 mean: 478.1502487562189
gen: 29 best: 427.8 mean: 479.46119402985073
gen: 30 best: 427.8 mean: 477.5348258706468
gen: 31 best: 427.8 mean: 477.45721393034825
gen: 32 best: 427.8 mean: 477.84676616915425
gen: 33 best: 427.8 mean: 477.4537313432836
gen: 34 best: 427.8 mean: 477.6885572139303
gen: 35 best: 427.8 mean: 476.589552238806
gen: 36 best: 427.8 mean: 474.3537313432836
gen: 37 best: 427.8 mean: 474.763184079602
gen >38, new best = 421.900
gen: 38 best: 421.9 mean: 475.43880597014925
gen: 39 best: 421.9 mean: 473.15124378109454
gen: 40 best: 421.9 mean: 473.38855721393037
gen: 41 best: 421.9 mean: 475.4542288557214
gen: 42 best: 421.9 mean: 474.6029850746269
gen: 43 best: 421.9 mean: 474.18955223880596
gen: 44 best: 421.9 mean: 471.82885572139304
gen: 45 best: 421.9 mean: 472.65820895522387
gen: 46 best: 421.9 mean: 472.8258706467662
gen: 47 best: 421.9 mean: 474.98955223880597
gen: 48 best: 421.9 mean: 472.8134328358209
gen: 49 best: 421.9 mean: 470.91691542288555
gen: 50 best: 421.9 mean: 471.90199004975125
gen: 51 best: 421.9 mean: 470.27562189054726
gen: 52 best: 421.9 mean: 469.6855721393035
gen: 53 best: 421.9 mean: 470.90248756218904
gen: 54 best: 421.9 mean: 470.63084577114427
gen: 55 best: 421.9 mean: 470.6049751243781
gen: 56 best: 421.9 mean: 471.18905472636817
gen: 57 best: 421.9 mean: 470.4278606965174
gen: 58 best: 421.9 mean: 470.90597014925373
gen: 59 best: 421.9 mean: 468.3940298507463
gen: 60 best: 421.9 mean: 468.21094527363186
gen: 61 best: 421.9 mean: 470.1865671641791
gen: 62 best: 421.9 mean: 469.2134328358209
gen: 63 best: 421.9 mean: 467.9174129353234
gen: 64 best: 421.9 mean: 467.46567164179106
gen: 65 best: 421.9 mean: 467.81243781094526
gen: 66 best: 421.9 mean: 467.4452736318408
gen: 67 best: 421.9 mean: 467.82935323383083
gen: 68 best: 421.9 mean: 468.03731343283584
gen: 69 best: 421.9 mean: 466.84278606965177
gen: 70 best: 421.9 mean: 467.47014925373134
gen: 71 best: 421.9 mean: 465.82537313432834
gen: 72 best: 421.9 mean: 467.8701492537313
gen >73, new best = 420.600
gen: 73 best: 420.6 mean: 465.5084577114428
gen: 74 best: 420.6 mean: 465.24776119402986
gen: 75 best: 420.6 mean: 465.64179104477614
gen: 76 best: 420.6 mean: 464.65124378109454
gen: 77 best: 420.6 mean: 465.8144278606965
gen: 78 best: 420.6 mean: 463.3721393034826
gen: 79 best: 420.6 mean: 464.7597014925373
gen: 80 best: 420.6 mean: 465.5636815920398
gen: 81 best: 420.6 mean: 465.41144278606964
gen: 82 best: 420.6 mean: 464.8696517412935
gen: 83 best: 420.6 mean: 464.96119402985073
gen: 84 best: 420.6 mean: 465.66965174129353
gen: 85 best: 420.6 mean: 463.4318407960199
gen: 86 best: 420.6 mean: 465.2582089552239
gen: 87 best: 420.6 mean: 463.50199004975127
gen: 88 best: 420.6 mean: 464.192039800995
gen: 89 best: 420.6 mean: 464.3149253731343
gen: 90 best: 420.6 mean: 465.07960199004975
gen: 91 best: 420.6 mean: 464.3825870646766
gen: 92 best: 420.6 mean: 462.53034825870645
gen: 93 best: 420.6 mean: 465.3089552238806
gen: 94 best: 420.6 mean: 462.84676616915425
gen: 95 best: 420.6 mean: 463.1338308457712
gen: 96 best: 420.6 mean: 464.77064676616914
gen: 97 best: 420.6 mean: 463.0273631840796
gen >98, new best = 420.400
gen: 98 best: 420.4 mean: 462.5716417910448
gen: 99 best: 420.4 mean: 462.47114427860697
[7, 6, 6, 6, 6, 8, 7, 6, 9, 7, 7, 6, 7, 7, 6, 8, 6, 6, 5, 7, 7, 7, 7, 8, 8, 7, 6, 7, 6, 6, 6, 6, 8, 8, 7, 6, 7, 7, 7, 7, 8, 7, 6]
Test count of edges: 1455
cat
