Defaulting to user installation because normal site-packages is not writeable
Looking in links: /cvmfs/soft.computecanada.ca/custom/python/wheelhouse/gentoo/avx2, /cvmfs/soft.computecanada.ca/custom/python/wheelhouse/gentoo/generic, /cvmfs/soft.computecanada.ca/custom/python/wheelhouse/generic
Requirement already satisfied: graphviz in /home/js17sy/.local/lib/python3.10/site-packages (0.20)
87; python ga.py 24 768N_graph24.dat 0.025 0.01 0.5 0.9 0.1 201 768N_graph24strictgen3rem50_ 771147
/project/6008788/js17sy/reopenga/768c/ga.py:291: DeprecationWarning: Sampling from a set deprecated
since Python 3.9 and will be removed in a subsequent version.
  child1 = set(random.sample(
gen >0, new best = 463.800
gen >0, new best = 453.500
gen >0, new best = 453.300
gen >0, new best = 450.700
gen >0, new best = 444.300
gen >0, new best = 443.700
gen: 0 best: 443.7 mean: 466.18880597014925
gen >1, new best = 442.900
gen >1, new best = 440.700
gen: 1 best: 440.7 mean: 465.8452736318408
gen: 2 best: 440.7 mean: 465.03333333333336
gen: 3 best: 440.7 mean: 463.3089552238806
gen: 4 best: 440.7 mean: 462.58407960199
gen >5, new best = 434.100
gen: 5 best: 434.1 mean: 462.4577114427861
gen: 6 best: 434.1 mean: 460.7417910447761
gen >7, new best = 432.100
gen: 7 best: 432.1 mean: 460.14328358208957
gen: 8 best: 432.1 mean: 458.5875621890547
gen: 9 best: 432.1 mean: 457.64179104477614
gen: 10 best: 432.1 mean: 456.9139303482587
gen >11, new best = 427.100
gen: 11 best: 427.1 mean: 457.536815920398
gen: 12 best: 427.1 mean: 456.9547263681592
gen: 13 best: 427.1 mean: 455.1756218905473
gen: 14 best: 427.1 mean: 454.2965174129353
gen: 15 best: 427.1 mean: 453.1442786069652
gen >16, new best = 422.800
gen: 16 best: 422.8 mean: 452.4154228855721
gen: 17 best: 422.8 mean: 451.39800995024876
gen >18, new best = 422.700
gen: 18 best: 422.7 mean: 450.20646766169153
gen: 19 best: 422.7 mean: 450.1756218905473
gen: 20 best: 422.7 mean: 450.88756218905473
gen: 21 best: 422.7 mean: 449.1024875621891
gen >22, new best = 418.200
gen: 22 best: 418.2 mean: 447.84378109452734
gen: 23 best: 418.2 mean: 448.4004975124378
gen: 24 best: 418.2 mean: 445.6502487562189
gen: 25 best: 418.2 mean: 444.9766169154229
gen: 26 best: 418.2 mean: 445.7860696517413
gen: 27 best: 418.2 mean: 443.74825870646765
gen >28, new best = 410.800
gen: 28 best: 410.8 mean: 443.81641791044774
gen: 29 best: 410.8 mean: 443.45621890547267
gen: 30 best: 410.8 mean: 441.7054726368159
gen: 31 best: 410.8 mean: 442.236815920398
gen: 32 best: 410.8 mean: 440.42587064676616
gen: 33 best: 410.8 mean: 441.17661691542287
gen >34, new best = 409.800
gen: 34 best: 409.8 mean: 438.5810945273632
gen: 35 best: 409.8 mean: 436.7915422885572
gen >36, new best = 409.500
gen >36, new best = 406.900
gen: 36 best: 406.9 mean: 436.807960199005
gen: 37 best: 406.9 mean: 434.74776119402986
gen: 38 best: 406.9 mean: 435.5726368159204
gen: 39 best: 406.9 mean: 434.19751243781093
gen >40, new best = 406.000
gen: 40 best: 406.0 mean: 433.99353233830846
gen: 41 best: 406.0 mean: 433.3587064676617
gen >42, new best = 398.800
gen: 42 best: 398.8 mean: 432.20199004975126
gen: 43 best: 398.8 mean: 431.17462686567166
gen: 44 best: 398.8 mean: 429.9029850746269
gen: 45 best: 398.8 mean: 430.66218905472635
gen: 46 best: 398.8 mean: 431.0318407960199
gen: 47 best: 398.8 mean: 429.55970149253733
gen: 48 best: 398.8 mean: 429.8457711442786
gen: 49 best: 398.8 mean: 429.2437810945274
gen: 50 best: 398.8 mean: 428.61592039800996
gen: 51 best: 398.8 mean: 427.6980099502488
gen: 52 best: 398.8 mean: 427.3716417910448
gen: 53 best: 398.8 mean: 428.20298507462684
gen: 54 best: 398.8 mean: 425.59303482587063
gen >55, new best = 398.300
gen: 55 best: 398.3 mean: 426.6462686567164
gen: 56 best: 398.3 mean: 424.20796019900496
gen >57, new best = 394.800
gen: 57 best: 394.8 mean: 424.8019900497512
gen >58, new best = 391.800
gen: 58 best: 391.8 mean: 422.6825870646766
gen: 59 best: 391.8 mean: 422.78507462686565
gen: 60 best: 391.8 mean: 421.91144278606964
gen: 61 best: 391.8 mean: 422.6537313432836
gen: 62 best: 391.8 mean: 421.60696517412936
gen: 63 best: 391.8 mean: 421.6452736318408
gen: 64 best: 391.8 mean: 421.87860696517413
gen: 65 best: 391.8 mean: 421.4004975124378
gen: 66 best: 391.8 mean: 419.8532338308458
gen: 67 best: 391.8 mean: 421.065671641791
gen: 68 best: 391.8 mean: 422.4044776119403
gen: 69 best: 391.8 mean: 420.607960199005
gen >70, new best = 391.600
gen >70, new best = 390.200
gen: 70 best: 390.2 mean: 419.0054726368159
gen: 71 best: 390.2 mean: 418.5626865671642
gen: 72 best: 390.2 mean: 419.58308457711445
gen: 73 best: 390.2 mean: 418.8731343283582
gen: 74 best: 390.2 mean: 419.31990049751244
gen >75, new best = 386.100
gen: 75 best: 386.1 mean: 416.60696517412936
gen >76, new best = 385.100
gen: 76 best: 385.1 mean: 418.0402985074627
gen: 77 best: 385.1 mean: 417.59850746268654
gen: 78 best: 385.1 mean: 417.5825870646766
gen: 79 best: 385.1 mean: 417.11592039800996
gen: 80 best: 385.1 mean: 415.5139303482587
gen >81, new best = 382.600
gen: 81 best: 382.6 mean: 416.073631840796
gen: 82 best: 382.6 mean: 416.01542288557215
gen: 83 best: 382.6 mean: 416.43681592039803
gen: 84 best: 382.6 mean: 415.47711442786067
gen: 85 best: 382.6 mean: 415.3970149253731
gen: 86 best: 382.6 mean: 415.1223880597015
gen: 87 best: 382.6 mean: 414.5990049751244
gen: 88 best: 382.6 mean: 414.53383084577115
gen: 89 best: 382.6 mean: 414.9960199004975
gen: 90 best: 382.6 mean: 414.3373134328358
gen: 91 best: 382.6 mean: 413.9960199004975
gen: 92 best: 382.6 mean: 413.56169154228854
gen >93, new best = 381.900
gen: 93 best: 381.9 mean: 414.6099502487562
gen: 94 best: 381.9 mean: 414.236815920398
gen >95, new best = 381.100
gen: 95 best: 381.1 mean: 412.7457711442786
gen: 96 best: 381.1 mean: 414.1542288557214
gen: 97 best: 381.1 mean: 414.23731343283583
gen: 98 best: 381.1 mean: 412.88955223880595
gen: 99 best: 381.1 mean: 412.2159203980099
[10, 11, 10, 10, 8, 10, 10, 10, 10, 9, 11, 10, 9, 11, 9, 8, 12, 11, 12, 11, 10, 10, 12, 9, 12, 9, 9, 11, 9, 10, 11, 9, 9, 9, 11, 9, 12, 11, 10, 12, 9, 10, 10, 10, 8, 10, 10]
Test count of edges: 2355
cat
