Defaulting to user installation because normal site-packages is not writeable
Looking in links: /cvmfs/soft.computecanada.ca/custom/python/wheelhouse/gentoo/avx2, /cvmfs/soft.computecanada.ca/custom/python/wheelhouse/gentoo/generic, /cvmfs/soft.computecanada.ca/custom/python/wheelhouse/generic
Requirement already satisfied: graphviz in /home/js17sy/.local/lib/python3.10/site-packages (0.20)
193; python ga.py 24 768N_graph24.dat 0.05 0.02 0.5 0.5 0.5 201 768N_graph24mediumgen1rem50_ 371293
/project/6008788/js17sy/reopenga/768c/ga.py:291: DeprecationWarning: Sampling from a set deprecated
since Python 3.9 and will be removed in a subsequent version.
  child1 = set(random.sample(
gen >0, new best = 485.000
gen >0, new best = 472.400
gen >0, new best = 467.600
gen >0, new best = 465.100
gen >0, new best = 457.500
gen: 0 best: 457.5 mean: 491.1320895522388
gen: 1 best: 457.5 mean: 490.5363184079602
gen: 2 best: 457.5 mean: 490.3243781094527
gen: 3 best: 457.5 mean: 488.6587064676617
gen >4, new best = 454.400
gen: 4 best: 454.4 mean: 487.9691542288557
gen: 5 best: 454.4 mean: 487.9218905472637
gen: 6 best: 454.4 mean: 486.9417910447761
gen: 7 best: 454.4 mean: 487.0915422885572
gen: 8 best: 454.4 mean: 485.7835820895522
gen: 9 best: 454.4 mean: 485.26666666666665
gen: 10 best: 454.4 mean: 485.3865671641791
gen: 11 best: 454.4 mean: 484.22636815920396
gen: 12 best: 454.4 mean: 484.2283582089552
gen: 13 best: 454.4 mean: 483.4283582089552
gen: 14 best: 454.4 mean: 482.271144278607
gen >15, new best = 453.400
gen: 15 best: 453.4 mean: 481.8810945273632
gen: 16 best: 453.4 mean: 481.95174129353234
gen: 17 best: 453.4 mean: 481.9034825870647
gen: 18 best: 453.4 mean: 480.9064676616915
gen: 19 best: 453.4 mean: 479.83980099502486
gen: 20 best: 453.4 mean: 482.09203980099505
gen: 21 best: 453.4 mean: 481.4278606965174
gen >22, new best = 452.000
gen: 22 best: 452.0 mean: 480.62189054726366
gen >23, new best = 448.900
gen: 23 best: 448.9 mean: 479.6363184079602
gen: 24 best: 448.9 mean: 479.50597014925376
gen >25, new best = 448.300
gen: 25 best: 448.3 mean: 478.3676616915423
gen: 26 best: 448.3 mean: 479.2597014925373
gen: 27 best: 448.3 mean: 477.51741293532336
gen: 28 best: 448.3 mean: 477.90248756218904
gen: 29 best: 448.3 mean: 478.20646766169153
gen: 30 best: 448.3 mean: 477.59601990049754
gen: 31 best: 448.3 mean: 476.46616915422885
gen: 32 best: 448.3 mean: 475.84378109452734
gen: 33 best: 448.3 mean: 474.8646766169154
gen >34, new best = 448.100
gen: 34 best: 448.1 mean: 475.09253731343284
gen: 35 best: 448.1 mean: 475.42537313432837
gen >36, new best = 440.900
gen: 36 best: 440.9 mean: 475.0004975124378
gen: 37 best: 440.9 mean: 474.41840796019903
gen >38, new best = 437.100
gen: 38 best: 437.1 mean: 473.2820895522388
gen: 39 best: 437.1 mean: 473.6771144278607
gen: 40 best: 437.1 mean: 472.1278606965174
gen: 41 best: 437.1 mean: 472.8641791044776
gen: 42 best: 437.1 mean: 472.3865671641791
gen: 43 best: 437.1 mean: 471.9731343283582
gen: 44 best: 437.1 mean: 470.3179104477612
gen: 45 best: 437.1 mean: 469.9363184079602
gen: 46 best: 437.1 mean: 470.5164179104478
gen: 47 best: 437.1 mean: 469.3542288557214
gen: 48 best: 437.1 mean: 469.41691542288555
gen: 49 best: 437.1 mean: 468.7199004975124
gen: 50 best: 437.1 mean: 469.3716417910448
gen: 51 best: 437.1 mean: 469.06467661691545
gen: 52 best: 437.1 mean: 468.77960199004974
gen: 53 best: 437.1 mean: 469.6855721393035
gen: 54 best: 437.1 mean: 468.3054726368159
gen: 55 best: 437.1 mean: 468.8333333333333
gen: 56 best: 437.1 mean: 468.05223880597015
gen: 57 best: 437.1 mean: 467.29402985074626
gen: 58 best: 437.1 mean: 468.2915422885572
gen: 59 best: 437.1 mean: 466.91691542288555
gen >60, new best = 435.500
gen: 60 best: 435.5 mean: 468.0716417910448
gen: 61 best: 435.5 mean: 465.9393034825871
gen >62, new best = 434.400
gen: 62 best: 434.4 mean: 466.33781094527365
gen: 63 best: 434.4 mean: 466.16616915422884
gen: 64 best: 434.4 mean: 466.8810945273632
gen: 65 best: 434.4 mean: 466.963184079602
gen: 66 best: 434.4 mean: 465.27562189054726
gen: 67 best: 434.4 mean: 466.089552238806
gen: 68 best: 434.4 mean: 466.64228855721393
gen: 69 best: 434.4 mean: 465.92388059701494
gen: 70 best: 434.4 mean: 465.91641791044776
gen: 71 best: 434.4 mean: 465.1338308457712
gen: 72 best: 434.4 mean: 464.5990049751244
gen >73, new best = 432.200
gen: 73 best: 432.2 mean: 464.5233830845771
gen: 74 best: 432.2 mean: 464.0626865671642
gen: 75 best: 432.2 mean: 464.9960199004975
gen: 76 best: 432.2 mean: 465.1094527363184
gen: 77 best: 432.2 mean: 464.5786069651741
gen: 78 best: 432.2 mean: 463.79353233830847
gen: 79 best: 432.2 mean: 464.31044776119404
gen: 80 best: 432.2 mean: 464.3547263681592
gen: 81 best: 432.2 mean: 463.99900497512436
gen: 82 best: 432.2 mean: 464.271144278607
gen: 83 best: 432.2 mean: 463.047263681592
gen: 84 best: 432.2 mean: 463.16169154228857
gen: 85 best: 432.2 mean: 463.49900497512436
gen: 86 best: 432.2 mean: 463.38358208955225
gen >87, new best = 431.900
gen: 87 best: 431.9 mean: 464.17164179104475
gen: 88 best: 431.9 mean: 463.234328358209
gen >89, new best = 429.000
gen: 89 best: 429.0 mean: 463.0139303482587
gen: 90 best: 429.0 mean: 464.1338308457712
gen: 91 best: 429.0 mean: 463.336815920398
gen: 92 best: 429.0 mean: 463.02288557213933
gen: 93 best: 429.0 mean: 462.3960199004975
gen: 94 best: 429.0 mean: 462.61442786069654
gen: 95 best: 429.0 mean: 462.62338308457714
gen: 96 best: 429.0 mean: 463.28855721393035
gen: 97 best: 429.0 mean: 463.4134328358209
gen: 98 best: 429.0 mean: 462.663184079602
gen: 99 best: 429.0 mean: 463.2601990049751
[10, 8, 9, 9, 7, 10, 9, 8, 9, 8, 8, 8, 9, 11, 9, 8, 10, 8, 8, 8, 11, 8, 9, 8, 11, 9, 9, 10, 9, 9, 8, 9, 9, 9, 8, 8, 10, 10, 9, 9, 8, 9, 8, 10, 8, 8]
Test count of edges: 2389
cat
