Defaulting to user installation because normal site-packages is not writeable
Looking in links: /cvmfs/soft.computecanada.ca/custom/python/wheelhouse/gentoo/avx2, /cvmfs/soft.computecanada.ca/custom/python/wheelhouse/gentoo/generic, /cvmfs/soft.computecanada.ca/custom/python/wheelhouse/generic
Requirement already satisfied: graphviz in /home/js17sy/.local/lib/python3.10/site-packages (0.20)
281; python ga.py 24 768N_graph24.dat 0.05 0.02 0.7 0.5 0.5 201 768N_graph24mediumgen1rem70_ 314171
/project/6008788/js17sy/reopenga/768c/ga.py:291: DeprecationWarning: Sampling from a set deprecated
since Python 3.9 and will be removed in a subsequent version.
  child1 = set(random.sample(
gen >0, new best = 493.600
gen >0, new best = 478.000
gen >0, new best = 458.700
gen >0, new best = 457.900
gen >0, new best = 445.800
gen >0, new best = 444.100
gen >0, new best = 441.400
gen >0, new best = 429.200
gen >0, new best = 421.100
gen: 0 best: 421.1 mean: 498.24004975124376
gen >1, new best = 416.100
gen: 1 best: 416.1 mean: 494.7
gen >2, new best = 413.400
gen >2, new best = 412.700
gen: 2 best: 412.7 mean: 488.9925373134328
gen >3, new best = 411.600
gen >3, new best = 410.800
gen: 3 best: 410.8 mean: 480.77562189054726
gen: 4 best: 410.8 mean: 482.0865671641791
gen >5, new best = 396.300
gen: 5 best: 396.3 mean: 478.8099502487562
gen: 6 best: 396.3 mean: 474.96666666666664
gen: 7 best: 396.3 mean: 471.26616915422886
gen: 8 best: 396.3 mean: 465.3721393034826
gen: 9 best: 396.3 mean: 465.5935323383085
gen >10, new best = 383.600
gen: 10 best: 383.6 mean: 463.91144278606964
gen: 11 best: 383.6 mean: 462.5492537313433
gen: 12 best: 383.6 mean: 460.0860696517413
gen: 13 best: 383.6 mean: 455.4134328358209
gen: 14 best: 383.6 mean: 455.98955223880597
gen: 15 best: 383.6 mean: 452.63283582089554
gen: 16 best: 383.6 mean: 451.6671641791045
gen >17, new best = 371.900
gen: 17 best: 371.9 mean: 449.21094527363186
gen: 18 best: 371.9 mean: 446.2910447761194
gen: 19 best: 371.9 mean: 448.1721393034826
gen: 20 best: 371.9 mean: 444.5089552238806
gen: 21 best: 371.9 mean: 439.3517412935323
gen >22, new best = 371.500
gen: 22 best: 371.5 mean: 438.40149253731346
gen: 23 best: 371.5 mean: 439.1084577114428
gen: 24 best: 371.5 mean: 436.1194029850746
gen: 25 best: 371.5 mean: 433.25572139303483
gen: 26 best: 371.5 mean: 434.33980099502486
gen: 27 best: 371.5 mean: 432.3422885572139
gen: 28 best: 371.5 mean: 431.6507462686567
gen >29, new best = 339.900
gen: 29 best: 339.9 mean: 432.1756218905473
gen: 30 best: 339.9 mean: 428.8547263681592
gen: 31 best: 339.9 mean: 431.26119402985074
gen: 32 best: 339.9 mean: 426.6024875621891
gen: 33 best: 339.9 mean: 427.4417910447761
gen: 34 best: 339.9 mean: 427.36716417910446
gen: 35 best: 339.9 mean: 421.9582089552239
gen: 36 best: 339.9 mean: 421.7512437810945
gen: 37 best: 339.9 mean: 422.8333333333333
gen: 38 best: 339.9 mean: 421.0621890547264
gen: 39 best: 339.9 mean: 419.1776119402985
gen: 40 best: 339.9 mean: 418.9582089552239
gen: 41 best: 339.9 mean: 418.3169154228856
gen: 42 best: 339.9 mean: 417.7781094527363
gen: 43 best: 339.9 mean: 415.8313432835821
gen: 44 best: 339.9 mean: 413.0905472636816
gen: 45 best: 339.9 mean: 413.6004975124378
gen: 46 best: 339.9 mean: 414.0935323383085
gen: 47 best: 339.9 mean: 413.5004975124378
gen: 48 best: 339.9 mean: 410.79004975124377
gen: 49 best: 339.9 mean: 410.65820895522387
gen: 50 best: 339.9 mean: 410.1587064676617
gen: 51 best: 339.9 mean: 411.081592039801
gen: 52 best: 339.9 mean: 409.8039800995025
gen: 53 best: 339.9 mean: 408.99353233830846
gen: 54 best: 339.9 mean: 408.22388059701495
gen: 55 best: 339.9 mean: 407.981592039801
gen: 56 best: 339.9 mean: 406.47910447761194
gen: 57 best: 339.9 mean: 409.34726368159204
gen: 58 best: 339.9 mean: 406.85223880597016
gen: 59 best: 339.9 mean: 405.40746268656716
gen: 60 best: 339.9 mean: 407.3805970149254
gen: 61 best: 339.9 mean: 406.3174129353234
gen: 62 best: 339.9 mean: 407.6681592039801
gen: 63 best: 339.9 mean: 404.32487562189056
gen: 64 best: 339.9 mean: 406.2378109452736
gen: 65 best: 339.9 mean: 404.8676616915423
gen: 66 best: 339.9 mean: 404.3442786069652
gen: 67 best: 339.9 mean: 405.6333333333333
gen: 68 best: 339.9 mean: 405.4194029850746
gen: 69 best: 339.9 mean: 403.1721393034826
gen: 70 best: 339.9 mean: 403.1830845771144
gen: 71 best: 339.9 mean: 403.8363184079602
gen: 72 best: 339.9 mean: 404.29950248756217
gen: 73 best: 339.9 mean: 402.22786069651744
gen: 74 best: 339.9 mean: 405.4412935323383
gen: 75 best: 339.9 mean: 402.3905472636816
gen: 76 best: 339.9 mean: 402.38955223880595
gen: 77 best: 339.9 mean: 402.70995024875623
gen: 78 best: 339.9 mean: 402.78855721393035
gen: 79 best: 339.9 mean: 406.0179104477612
gen: 80 best: 339.9 mean: 403.33383084577116
gen: 81 best: 339.9 mean: 402.02487562189054
gen >82, new best = 339.600
gen >82, new best = 338.300
gen: 82 best: 338.3 mean: 401.35273631840795
gen: 83 best: 338.3 mean: 403.8865671641791
gen: 84 best: 338.3 mean: 402.4592039800995
gen: 85 best: 338.3 mean: 403.6243781094527
gen: 86 best: 338.3 mean: 403.1283582089552
gen: 87 best: 338.3 mean: 405.73880597014926
gen: 88 best: 338.3 mean: 402.1243781094527
gen: 89 best: 338.3 mean: 406.4417910447761
gen: 90 best: 338.3 mean: 402.9154228855721
gen: 91 best: 338.3 mean: 402.51144278606967
gen: 92 best: 338.3 mean: 401.42587064676616
gen: 93 best: 338.3 mean: 401.2691542288557
gen: 94 best: 338.3 mean: 401.7407960199005
gen: 95 best: 338.3 mean: 402.3557213930348
gen: 96 best: 338.3 mean: 402.46119402985073
gen: 97 best: 338.3 mean: 403.34676616915425
gen: 98 best: 338.3 mean: 401.65273631840796
gen: 99 best: 338.3 mean: 400.94278606965173
[8, 9, 8, 9, 8, 8, 7, 7, 7, 8, 6, 9, 11, 7, 8, 8, 7, 10, 9, 7, 7, 9, 8, 8, 8, 8, 8, 7, 9, 7, 7, 7, 8, 6, 7, 7, 7, 7, 7, 8, 7, 7, 7, 9]
Test count of edges: 1451
cat
