Defaulting to user installation because normal site-packages is not writeable
Looking in links: /cvmfs/soft.computecanada.ca/custom/python/wheelhouse/gentoo/avx2, /cvmfs/soft.computecanada.ca/custom/python/wheelhouse/gentoo/generic, /cvmfs/soft.computecanada.ca/custom/python/wheelhouse/generic
Requirement already satisfied: graphviz in /home/js17sy/.local/lib/python3.10/site-packages (0.20)
97; python ga.py 24 768N_graph24.dat 0.025 0.01 0.7 0.5 0.5 201 768N_graph24strictgen1rem70_ 199927
/project/6008788/js17sy/reopenga/768c/ga.py:291: DeprecationWarning: Sampling from a set deprecated
since Python 3.9 and will be removed in a subsequent version.
  child1 = set(random.sample(
gen >0, new best = 512.500
gen >0, new best = 482.800
gen >0, new best = 476.300
gen >0, new best = 457.700
gen >0, new best = 455.800
gen >0, new best = 385.000
gen >0, new best = 379.400
gen >0, new best = 356.800
gen >0, new best = 355.800
gen: 0 best: 355.8 mean: 468.3636815920398
gen >1, new best = 343.600
gen: 1 best: 343.6 mean: 465.00646766169154
gen: 2 best: 343.6 mean: 459.13781094527366
gen: 3 best: 343.6 mean: 453.9776119402985
gen: 4 best: 343.6 mean: 449.8845771144279
gen >5, new best = 330.100
gen: 5 best: 330.1 mean: 443.3845771144279
gen >6, new best = 324.500
gen: 6 best: 324.5 mean: 442.01044776119403
gen: 7 best: 324.5 mean: 436.7014925373134
gen: 8 best: 324.5 mean: 426.3666666666667
gen: 9 best: 324.5 mean: 423.72587064676617
gen: 10 best: 324.5 mean: 423.6686567164179
gen >11, new best = 319.300
gen: 11 best: 319.3 mean: 421.1333333333333
gen: 12 best: 319.3 mean: 415.3870646766169
gen >13, new best = 317.300
gen: 13 best: 317.3 mean: 411.8149253731343
gen: 14 best: 317.3 mean: 408.76069651741295
gen: 15 best: 317.3 mean: 407.192039800995
gen: 16 best: 317.3 mean: 404.4955223880597
gen >17, new best = 313.200
gen: 17 best: 313.2 mean: 393.70248756218905
gen: 18 best: 313.2 mean: 392.4179104477612
gen: 19 best: 313.2 mean: 389.12885572139305
gen >20, new best = 312.400
gen >20, new best = 302.800
gen: 20 best: 302.8 mean: 389.44726368159206
gen: 21 best: 302.8 mean: 392.14179104477614
gen: 22 best: 302.8 mean: 385.3129353233831
gen: 23 best: 302.8 mean: 389.53333333333336
gen: 24 best: 302.8 mean: 386.7825870646766
gen: 25 best: 302.8 mean: 382.84179104477613
gen >26, new best = 300.400
gen: 26 best: 300.4 mean: 378.5905472636816
gen: 27 best: 300.4 mean: 377.2960199004975
gen: 28 best: 300.4 mean: 374.95721393034825
gen >29, new best = 299.700
gen: 29 best: 299.7 mean: 375.59203980099505
gen >30, new best = 292.100
gen: 30 best: 292.1 mean: 373.8641791044776
gen: 31 best: 292.1 mean: 370.4393034825871
gen: 32 best: 292.1 mean: 370.4278606965174
gen: 33 best: 292.1 mean: 368.65472636815923
gen: 34 best: 292.1 mean: 361.17164179104475
gen: 35 best: 292.1 mean: 363.66517412935326
gen >36, new best = 289.700
gen: 36 best: 289.7 mean: 363.3646766169154
gen: 37 best: 289.7 mean: 364.58407960199
gen: 38 best: 289.7 mean: 357.9323383084577
gen: 39 best: 289.7 mean: 359.43482587064676
gen >40, new best = 287.200
gen: 40 best: 287.2 mean: 358.1741293532338
gen: 41 best: 287.2 mean: 360.6029850746269
gen: 42 best: 287.2 mean: 362.118407960199
gen: 43 best: 287.2 mean: 355.2452736318408
gen >44, new best = 280.300
gen: 44 best: 280.3 mean: 355.2671641791045
gen: 45 best: 280.3 mean: 359.76666666666665
gen: 46 best: 280.3 mean: 356.8318407960199
gen: 47 best: 280.3 mean: 355.11990049751245
gen: 48 best: 280.3 mean: 355.80845771144277
gen: 49 best: 280.3 mean: 357.67512437810944
gen: 50 best: 280.3 mean: 356.53880597014927
gen: 51 best: 280.3 mean: 351.8059701492537
gen: 52 best: 280.3 mean: 351.89253731343285
gen: 53 best: 280.3 mean: 354.56517412935324
gen: 54 best: 280.3 mean: 353.7139303482587
gen: 55 best: 280.3 mean: 352.3676616915423
gen: 56 best: 280.3 mean: 350.2621890547264
gen: 57 best: 280.3 mean: 354.40597014925373
gen: 58 best: 280.3 mean: 354.1338308457712
gen: 59 best: 280.3 mean: 353.4800995024876
gen: 60 best: 280.3 mean: 346.9308457711443
gen: 61 best: 280.3 mean: 358.59203980099505
gen: 62 best: 280.3 mean: 350.2950248756219
gen: 63 best: 280.3 mean: 351.1228855721393
gen: 64 best: 280.3 mean: 352.76069651741295
gen >65, new best = 276.700
gen: 65 best: 276.7 mean: 353.8606965174129
gen: 66 best: 276.7 mean: 355.37512437810943
gen: 67 best: 276.7 mean: 348.34676616915425
gen: 68 best: 276.7 mean: 351.41094527363185
gen: 69 best: 276.7 mean: 351.26965174129356
gen: 70 best: 276.7 mean: 350.94975124378107
gen: 71 best: 276.7 mean: 351.23930348258705
gen: 72 best: 276.7 mean: 346.92935323383085
gen: 73 best: 276.7 mean: 351.5398009950249
gen: 74 best: 276.7 mean: 348.31592039800995
gen: 75 best: 276.7 mean: 349.77960199004974
gen: 76 best: 276.7 mean: 351.1825870646766
gen: 77 best: 276.7 mean: 348.43134328358207
gen: 78 best: 276.7 mean: 350.38855721393037
gen: 79 best: 276.7 mean: 347.9099502487562
gen: 80 best: 276.7 mean: 345.34875621890546
gen: 81 best: 276.7 mean: 346.9
gen: 82 best: 276.7 mean: 348.6955223880597
gen: 83 best: 276.7 mean: 348.3348258706468
gen: 84 best: 276.7 mean: 346.59601990049754
gen: 85 best: 276.7 mean: 348.10746268656715
gen: 86 best: 276.7 mean: 346.7323383084577
gen: 87 best: 276.7 mean: 347.72089552238805
gen: 88 best: 276.7 mean: 345.547263681592
gen: 89 best: 276.7 mean: 344.718407960199
gen: 90 best: 276.7 mean: 346.77014925373135
gen: 91 best: 276.7 mean: 346.2487562189055
gen >92, new best = 274.000
gen: 92 best: 274.0 mean: 344.58905472636815
gen: 93 best: 274.0 mean: 345.29800995024874
gen: 94 best: 274.0 mean: 343.36119402985076
gen: 95 best: 274.0 mean: 345.6855721393035
gen: 96 best: 274.0 mean: 343.9592039800995
gen: 97 best: 274.0 mean: 345.1154228855721
gen: 98 best: 274.0 mean: 342.79253731343283
gen: 99 best: 274.0 mean: 342.49701492537315
[10, 10, 10, 8, 10, 8, 11, 13, 8, 8, 9, 10, 12, 9, 12, 11, 7, 9, 8, 11, 9, 10, 9, 10, 10, 9, 10, 7, 8, 10, 8, 10, 9, 11, 10, 10, 8, 10, 9, 7, 11, 12, 9, 10]
Test count of edges: 1455
cat
