Defaulting to user installation because normal site-packages is not writeable
Looking in links: /cvmfs/soft.computecanada.ca/custom/python/wheelhouse/gentoo/avx2, /cvmfs/soft.computecanada.ca/custom/python/wheelhouse/gentoo/generic, /cvmfs/soft.computecanada.ca/custom/python/wheelhouse/generic
Requirement already satisfied: graphviz in /home/js17sy/.local/lib/python3.10/site-packages (0.20)
690; python ga.py 24 768N_graph24.dat 0.1 0.04 0.7 0.7 0.3 201 768N_graph24leerygen2rem70_ 856830
/project/6008788/js17sy/reopenga/768c/ga.py:291: DeprecationWarning: Sampling from a set deprecated
since Python 3.9 and will be removed in a subsequent version.
  child1 = set(random.sample(
gen >0, new best = 499.200
gen >0, new best = 495.700
gen >0, new best = 489.200
gen >0, new best = 476.000
gen >0, new best = 474.200
gen >0, new best = 470.200
gen: 0 best: 470.2 mean: 512.6258706467662
gen >1, new best = 463.400
gen: 1 best: 463.4 mean: 509.4781094527363
gen: 2 best: 463.4 mean: 508.826368159204
gen: 3 best: 463.4 mean: 507.02288557213933
gen >4, new best = 461.700
gen: 4 best: 461.7 mean: 506.35223880597016
gen >5, new best = 453.200
gen: 5 best: 453.2 mean: 502.4009950248756
gen: 6 best: 453.2 mean: 503.2512437810945
gen: 7 best: 453.2 mean: 500.418407960199
gen: 8 best: 453.2 mean: 501.00298507462685
gen >9, new best = 452.200
gen: 9 best: 452.2 mean: 498.6830845771144
gen >10, new best = 447.600
gen: 10 best: 447.6 mean: 499.52537313432833
gen: 11 best: 447.6 mean: 497.4154228855721
gen: 12 best: 447.6 mean: 496.8298507462687
gen: 13 best: 447.6 mean: 497.46666666666664
gen: 14 best: 447.6 mean: 496.2044776119403
gen: 15 best: 447.6 mean: 490.82885572139304
gen >16, new best = 443.600
gen: 16 best: 443.6 mean: 489.8358208955224
gen: 17 best: 443.6 mean: 490.3810945273632
gen: 18 best: 443.6 mean: 490.3825870646766
gen: 19 best: 443.6 mean: 490.5004975124378
gen >20, new best = 439.900
gen: 20 best: 439.9 mean: 487.31990049751244
gen: 21 best: 439.9 mean: 485.22786069651744
gen >22, new best = 438.900
gen: 22 best: 438.9 mean: 482.52537313432833
gen: 23 best: 438.9 mean: 483.2213930348259
gen: 24 best: 438.9 mean: 480.7870646766169
gen: 25 best: 438.9 mean: 480.47014925373134
gen >26, new best = 438.700
gen: 26 best: 438.7 mean: 480.42985074626864
gen: 27 best: 438.7 mean: 480.45870646766167
gen: 28 best: 438.7 mean: 479.0905472636816
gen: 29 best: 438.7 mean: 479.2855721393035
gen >30, new best = 437.900
gen >30, new best = 433.800
gen: 30 best: 433.8 mean: 480.23880597014926
gen: 31 best: 433.8 mean: 477.5238805970149
gen: 32 best: 433.8 mean: 478.19303482587065
gen: 33 best: 433.8 mean: 476.14228855721393
gen: 34 best: 433.8 mean: 477.76467661691544
gen: 35 best: 433.8 mean: 474.5582089552239
gen: 36 best: 433.8 mean: 476.75721393034826
gen >37, new best = 426.200
gen: 37 best: 426.2 mean: 474.38557213930346
gen: 38 best: 426.2 mean: 473.0995024875622
gen: 39 best: 426.2 mean: 473.0805970149254
gen >40, new best = 424.700
gen: 40 best: 424.7 mean: 469.23731343283583
gen: 41 best: 424.7 mean: 470.0497512437811
gen: 42 best: 424.7 mean: 470.4960199004975
gen: 43 best: 424.7 mean: 470.16019900497514
gen: 44 best: 424.7 mean: 468.5199004975124
gen: 45 best: 424.7 mean: 468.18756218905474
gen: 46 best: 424.7 mean: 467.11990049751245
gen: 47 best: 424.7 mean: 467.62587064676615
gen: 48 best: 424.7 mean: 466.61592039800996
gen: 49 best: 424.7 mean: 465.5094527363184
gen: 50 best: 424.7 mean: 465.4268656716418
gen: 51 best: 424.7 mean: 466.17313432835823
gen: 52 best: 424.7 mean: 465.5149253731343
gen: 53 best: 424.7 mean: 464.77014925373135
gen: 54 best: 424.7 mean: 464.9507462686567
gen: 55 best: 424.7 mean: 465.67114427860696
gen: 56 best: 424.7 mean: 463.1223880597015
gen >57, new best = 424.300
gen: 57 best: 424.3 mean: 463.3666666666667
gen: 58 best: 424.3 mean: 462.93880597014925
gen: 59 best: 424.3 mean: 464.0457711442786
gen: 60 best: 424.3 mean: 460.9432835820896
gen: 61 best: 424.3 mean: 460.74278606965174
gen: 62 best: 424.3 mean: 460.9582089552239
gen: 63 best: 424.3 mean: 461.0189054726368
gen: 64 best: 424.3 mean: 459.56716417910445
gen >65, new best = 423.800
gen >65, new best = 421.700
gen: 65 best: 421.7 mean: 458.844776119403
gen >66, new best = 418.400
gen >66, new best = 397.400
gen: 66 best: 397.4 mean: 459.88557213930346
gen: 67 best: 397.4 mean: 461.4268656716418
gen: 68 best: 397.4 mean: 459.2825870646766
gen: 69 best: 397.4 mean: 460.1318407960199
gen: 70 best: 397.4 mean: 460.16915422885575
gen: 71 best: 397.4 mean: 458.45522388059703
gen: 72 best: 397.4 mean: 459.9577114427861
gen: 73 best: 397.4 mean: 460.2308457711443
gen: 74 best: 397.4 mean: 459.5601990049751
gen: 75 best: 397.4 mean: 459.83980099502486
gen: 76 best: 397.4 mean: 459.234328358209
gen: 77 best: 397.4 mean: 456.61641791044775
gen: 78 best: 397.4 mean: 458.90199004975125
gen: 79 best: 397.4 mean: 456.86567164179104
gen: 80 best: 397.4 mean: 459.3457711442786
gen: 81 best: 397.4 mean: 458.118407960199
gen: 82 best: 397.4 mean: 459.38756218905473
gen: 83 best: 397.4 mean: 457.952736318408
gen: 84 best: 397.4 mean: 458.30248756218907
gen: 85 best: 397.4 mean: 458.28507462686565
gen: 86 best: 397.4 mean: 458.76467661691544
gen: 87 best: 397.4 mean: 457.53880597014927
gen: 88 best: 397.4 mean: 458.4671641791045
gen: 89 best: 397.4 mean: 457.95870646766167
gen: 90 best: 397.4 mean: 458.98059701492537
gen: 91 best: 397.4 mean: 457.573631840796
gen: 92 best: 397.4 mean: 458.37860696517413
gen: 93 best: 397.4 mean: 457.5039800995025
gen: 94 best: 397.4 mean: 456.93930348258704
gen: 95 best: 397.4 mean: 457.1268656716418
gen: 96 best: 397.4 mean: 456.3950248756219
gen: 97 best: 397.4 mean: 457.2746268656716
gen: 98 best: 397.4 mean: 454.88009950248755
gen: 99 best: 397.4 mean: 456.4597014925373
[9, 7, 6, 7, 7, 8, 7, 7, 7, 7, 7, 6, 6, 8, 6, 7, 6, 7, 7, 7, 7, 7, 7, 7, 7, 7, 6, 7, 7, 7, 7, 6, 7, 7, 7, 7, 7, 7, 7, 7, 7, 7, 7, 7, 7, 6, 7]
Test count of edges: 1426
cat
