Defaulting to user installation because normal site-packages is not writeable
Looking in links: /cvmfs/soft.computecanada.ca/custom/python/wheelhouse/gentoo/avx2, /cvmfs/soft.computecanada.ca/custom/python/wheelhouse/gentoo/generic, /cvmfs/soft.computecanada.ca/custom/python/wheelhouse/generic
Requirement already satisfied: graphviz in /home/js17sy/.local/lib/python3.10/site-packages (0.20)
441; python ga.py 24 768N_graph24.dat 0.075 0.03 0.5 0.9 0.1 201 768N_graph24laxgen3rem50_ 599781
/project/6008788/js17sy/reopenga/768c/ga.py:291: DeprecationWarning: Sampling from a set deprecated
since Python 3.9 and will be removed in a subsequent version.
  child1 = set(random.sample(
gen >0, new best = 507.600
gen >0, new best = 504.800
gen >0, new best = 502.700
gen >0, new best = 501.000
gen >0, new best = 497.500
gen >0, new best = 495.600
gen: 0 best: 495.6 mean: 517.1303482587065
gen >1, new best = 492.800
gen: 1 best: 492.8 mean: 516.0577114427861
gen >2, new best = 492.400
gen: 2 best: 492.4 mean: 513.7820895522389
gen >3, new best = 492.300
gen: 3 best: 492.3 mean: 514.2323383084577
gen >4, new best = 490.000
gen: 4 best: 490.0 mean: 511.94278606965173
gen: 5 best: 490.0 mean: 512.8587064676617
gen >6, new best = 489.600
gen: 6 best: 489.6 mean: 511.4985074626866
gen: 7 best: 489.6 mean: 511.344776119403
gen >8, new best = 489.200
gen: 8 best: 489.2 mean: 509.9194029850746
gen: 9 best: 489.2 mean: 510.61592039800996
gen >10, new best = 487.800
gen: 10 best: 487.8 mean: 508.8696517412935
gen >11, new best = 485.100
gen: 11 best: 485.1 mean: 507.77562189054726
gen >12, new best = 484.900
gen: 12 best: 484.9 mean: 506.47114427860697
gen >13, new best = 477.900
gen: 13 best: 477.9 mean: 506.7089552238806
gen: 14 best: 477.9 mean: 505.247263681592
gen: 15 best: 477.9 mean: 504.98407960199006
gen: 16 best: 477.9 mean: 504.52985074626866
gen: 17 best: 477.9 mean: 501.7731343283582
gen >18, new best = 477.800
gen: 18 best: 477.8 mean: 502.5781094527363
gen: 19 best: 477.8 mean: 501.0661691542289
gen: 20 best: 477.8 mean: 501.1149253731343
gen: 21 best: 477.8 mean: 500.3044776119403
gen >22, new best = 472.600
gen: 22 best: 472.6 mean: 499.15472636815923
gen: 23 best: 472.6 mean: 498.163184079602
gen: 24 best: 472.6 mean: 496.6487562189055
gen: 25 best: 472.6 mean: 495.2691542288557
gen: 26 best: 472.6 mean: 494.54477611940297
gen: 27 best: 472.6 mean: 494.9089552238806
gen >28, new best = 469.300
gen: 28 best: 469.3 mean: 493.50099502487564
gen >29, new best = 468.800
gen: 29 best: 468.8 mean: 493.6303482587065
gen: 30 best: 468.8 mean: 491.426368159204
gen: 31 best: 468.8 mean: 491.6223880597015
gen: 32 best: 468.8 mean: 491.5512437810945
gen: 33 best: 468.8 mean: 489.5273631840796
gen >34, new best = 467.200
gen: 34 best: 467.2 mean: 490.0318407960199
gen: 35 best: 467.2 mean: 489.4875621890547
gen: 36 best: 467.2 mean: 489.0497512437811
gen >37, new best = 463.400
gen >37, new best = 453.200
gen: 37 best: 453.2 mean: 487.7691542288557
gen: 38 best: 453.2 mean: 487.0990049751244
gen: 39 best: 453.2 mean: 486.44378109452737
gen: 40 best: 453.2 mean: 487.2716417910448
gen: 41 best: 453.2 mean: 487.38557213930346
gen: 42 best: 453.2 mean: 486.4721393034826
gen: 43 best: 453.2 mean: 484.31791044776116
gen: 44 best: 453.2 mean: 483.9134328358209
gen: 45 best: 453.2 mean: 484.8039800995025
gen: 46 best: 453.2 mean: 483.8278606965174
gen: 47 best: 453.2 mean: 483.7398009950249
gen: 48 best: 453.2 mean: 483.6885572139303
gen: 49 best: 453.2 mean: 482.2786069651741
gen: 50 best: 453.2 mean: 483.4154228855721
gen: 51 best: 453.2 mean: 482.03432835820894
gen: 52 best: 453.2 mean: 481.6457711442786
gen: 53 best: 453.2 mean: 482.271144278607
gen: 54 best: 453.2 mean: 480.47512437810946
gen >55, new best = 451.600
gen: 55 best: 451.6 mean: 480.80298507462686
gen: 56 best: 451.6 mean: 480.67661691542287
gen: 57 best: 451.6 mean: 480.35671641791043
gen: 58 best: 451.6 mean: 480.83930348258707
gen: 59 best: 451.6 mean: 479.17164179104475
gen: 60 best: 451.6 mean: 478.3636815920398
gen: 61 best: 451.6 mean: 479.4557213930348
gen: 62 best: 451.6 mean: 479.97014925373134
gen: 63 best: 451.6 mean: 478.9228855721393
gen: 64 best: 451.6 mean: 479.35223880597016
gen: 65 best: 451.6 mean: 478.75373134328356
gen: 66 best: 451.6 mean: 476.8407960199005
gen: 67 best: 451.6 mean: 476.8771144278607
gen: 68 best: 451.6 mean: 476.2686567164179
gen: 69 best: 451.6 mean: 476.247263681592
gen: 70 best: 451.6 mean: 477.27014925373135
gen: 71 best: 451.6 mean: 476.18407960199005
gen: 72 best: 451.6 mean: 475.9179104477612
gen: 73 best: 451.6 mean: 475.83034825870647
gen: 74 best: 451.6 mean: 474.93880597014925
gen >75, new best = 449.000
gen: 75 best: 449.0 mean: 474.85621890547264
gen: 76 best: 449.0 mean: 475.2960199004975
gen: 77 best: 449.0 mean: 474.45522388059703
gen: 78 best: 449.0 mean: 473.9955223880597
gen >79, new best = 448.900
gen: 79 best: 448.9 mean: 473.81044776119404
gen: 80 best: 448.9 mean: 473.8059701492537
gen: 81 best: 448.9 mean: 473.0805970149254
gen: 82 best: 448.9 mean: 473.08358208955224
gen >83, new best = 446.700
gen: 83 best: 446.7 mean: 472.3661691542288
gen: 84 best: 446.7 mean: 472.6358208955224
gen: 85 best: 446.7 mean: 472.44427860696516
gen: 86 best: 446.7 mean: 473.3059701492537
gen: 87 best: 446.7 mean: 473.1149253731343
gen: 88 best: 446.7 mean: 471.5089552238806
gen: 89 best: 446.7 mean: 471.11442786069654
gen: 90 best: 446.7 mean: 472.073631840796
gen: 91 best: 446.7 mean: 470.83930348258707
gen: 92 best: 446.7 mean: 470.407960199005
gen: 93 best: 446.7 mean: 470.0691542288557
gen: 94 best: 446.7 mean: 469.8970149253731
gen: 95 best: 446.7 mean: 468.93283582089555
gen: 96 best: 446.7 mean: 469.68756218905474
gen: 97 best: 446.7 mean: 469.6542288557214
gen: 98 best: 446.7 mean: 468.24477611940296
gen >99, new best = 446.400
gen: 99 best: 446.4 mean: 469.5781094527363
[7, 8, 8, 9, 7, 8, 8, 8, 7, 7, 8, 8, 8, 8, 8, 7, 8, 8, 9, 7, 8, 9, 8, 8, 7, 8, 8, 8, 9, 7, 7, 8, 7, 8, 8, 7, 8, 7, 7, 7, 8, 8, 7, 8, 7, 8]
Test count of edges: 2356
cat
