Defaulting to user installation because normal site-packages is not writeable
Looking in links: /cvmfs/soft.computecanada.ca/custom/python/wheelhouse/gentoo/avx2, /cvmfs/soft.computecanada.ca/custom/python/wheelhouse/gentoo/generic, /cvmfs/soft.computecanada.ca/custom/python/wheelhouse/generic
Requirement already satisfied: graphviz in /home/js17sy/.local/lib/python3.10/site-packages (0.20)
6; python ga.py 24 768N_graph24.dat 0.025 0.01 0.5 0.5 0.5 201 768N_graph24strictgen1rem50_ 171366
/project/6008788/js17sy/reopenga/768c/ga.py:291: DeprecationWarning: Sampling from a set deprecated
since Python 3.9 and will be removed in a subsequent version.
  child1 = set(random.sample(
gen >0, new best = 456.700
gen >0, new best = 451.700
gen >0, new best = 448.200
gen >0, new best = 447.700
gen >0, new best = 435.500
gen: 0 best: 435.5 mean: 465.89850746268655
gen: 1 best: 435.5 mean: 465.5661691542289
gen: 2 best: 435.5 mean: 464.4139303482587
gen: 3 best: 435.5 mean: 463.1626865671642
gen: 4 best: 435.5 mean: 462.118407960199
gen: 5 best: 435.5 mean: 460.5716417910448
gen: 6 best: 435.5 mean: 461.2766169154229
gen: 7 best: 435.5 mean: 459.87014925373137
gen: 8 best: 435.5 mean: 460.64378109452736
gen: 9 best: 435.5 mean: 459.29353233830847
gen: 10 best: 435.5 mean: 459.0049751243781
gen >11, new best = 432.700
gen: 11 best: 432.7 mean: 459.1059701492537
gen: 12 best: 432.7 mean: 458.565671641791
gen: 13 best: 432.7 mean: 457.9800995024876
gen: 14 best: 432.7 mean: 455.9139303482587
gen >15, new best = 430.600
gen >15, new best = 428.500
gen: 15 best: 428.5 mean: 455.07462686567163
gen: 16 best: 428.5 mean: 454.7029850746269
gen: 17 best: 428.5 mean: 454.4223880597015
gen: 18 best: 428.5 mean: 453.2034825870647
gen >19, new best = 428.100
gen: 19 best: 428.1 mean: 453.289552238806
gen >20, new best = 422.700
gen: 20 best: 422.7 mean: 451.752736318408
gen: 21 best: 422.7 mean: 451.0855721393035
gen: 22 best: 422.7 mean: 450.15124378109454
gen: 23 best: 422.7 mean: 448.97711442786067
gen >24, new best = 419.400
gen: 24 best: 419.4 mean: 448.51044776119403
gen: 25 best: 419.4 mean: 449.27910447761195
gen: 26 best: 419.4 mean: 447.83980099502486
gen >27, new best = 418.800
gen: 27 best: 418.8 mean: 447.5014925373134
gen: 28 best: 418.8 mean: 446.44726368159206
gen: 29 best: 418.8 mean: 446.0452736318408
gen: 30 best: 418.8 mean: 446.80497512437813
gen: 31 best: 418.8 mean: 446.22039800995026
gen: 32 best: 418.8 mean: 445.69154228855723
gen: 33 best: 418.8 mean: 446.18756218905474
gen: 34 best: 418.8 mean: 444.62139303482587
gen: 35 best: 418.8 mean: 444.51592039800994
gen: 36 best: 418.8 mean: 444.5990049751244
gen: 37 best: 418.8 mean: 443.71194029850744
gen: 38 best: 418.8 mean: 444.6233830845771
gen: 39 best: 418.8 mean: 442.21094527363186
gen: 40 best: 418.8 mean: 442.4044776119403
gen >41, new best = 415.700
gen: 41 best: 415.7 mean: 441.318407960199
gen: 42 best: 415.7 mean: 442.01592039800994
gen >43, new best = 414.100
gen: 43 best: 414.1 mean: 441.236815920398
gen: 44 best: 414.1 mean: 440.5233830845771
gen: 45 best: 414.1 mean: 439.8462686567164
gen: 46 best: 414.1 mean: 440.37114427860695
gen: 47 best: 414.1 mean: 438.0900497512438
gen: 48 best: 414.1 mean: 440.3054726368159
gen >49, new best = 412.100
gen: 49 best: 412.1 mean: 438.58855721393036
gen: 50 best: 412.1 mean: 438.5129353233831
gen: 51 best: 412.1 mean: 437.9995024875622
gen: 52 best: 412.1 mean: 439.27512437810947
gen >53, new best = 411.400
gen >53, new best = 406.200
gen: 53 best: 406.2 mean: 438.71691542288556
gen: 54 best: 406.2 mean: 438.64427860696514
gen: 55 best: 406.2 mean: 438.1900497512438
gen: 56 best: 406.2 mean: 436.54676616915424
gen: 57 best: 406.2 mean: 436.8830845771144
gen: 58 best: 406.2 mean: 436.99402985074624
gen: 59 best: 406.2 mean: 435.91094527363185
gen: 60 best: 406.2 mean: 436.64179104477614
gen: 61 best: 406.2 mean: 436.7860696517413
gen: 62 best: 406.2 mean: 436.26268656716417
gen >63, new best = 400.500
gen: 63 best: 400.5 mean: 436.11442786069654
gen: 64 best: 400.5 mean: 434.1278606965174
gen: 65 best: 400.5 mean: 434.2840796019901
gen: 66 best: 400.5 mean: 435.4507462686567
gen: 67 best: 400.5 mean: 433.3358208955224
gen: 68 best: 400.5 mean: 435.1497512437811
gen: 69 best: 400.5 mean: 434.0532338308458
gen: 70 best: 400.5 mean: 433.96218905472637
gen: 71 best: 400.5 mean: 432.981592039801
gen: 72 best: 400.5 mean: 433.4213930348259
gen: 73 best: 400.5 mean: 432.85671641791043
gen: 74 best: 400.5 mean: 433.589552238806
gen: 75 best: 400.5 mean: 432.03980099502485
gen: 76 best: 400.5 mean: 432.42935323383085
gen: 77 best: 400.5 mean: 431.75671641791047
gen: 78 best: 400.5 mean: 431.78308457711444
gen: 79 best: 400.5 mean: 432.67114427860696
gen: 80 best: 400.5 mean: 432.0407960199005
gen: 81 best: 400.5 mean: 431.40398009950246
gen: 82 best: 400.5 mean: 431.35820895522386
gen: 83 best: 400.5 mean: 431.7497512437811
gen: 84 best: 400.5 mean: 431.5532338308458
gen: 85 best: 400.5 mean: 431.22089552238805
gen: 86 best: 400.5 mean: 431.62935323383084
gen: 87 best: 400.5 mean: 433.1457711442786
gen: 88 best: 400.5 mean: 430.94029850746267
gen: 89 best: 400.5 mean: 430.77562189054726
gen: 90 best: 400.5 mean: 433.23930348258705
gen: 91 best: 400.5 mean: 431.5149253731343
gen: 92 best: 400.5 mean: 432.63880597014924
gen: 93 best: 400.5 mean: 431.9233830845771
gen: 94 best: 400.5 mean: 431.0273631840796
gen >95, new best = 400.000
gen: 95 best: 400.0 mean: 430.3547263681592
gen: 96 best: 400.0 mean: 430.15820895522387
gen: 97 best: 400.0 mean: 430.7840796019901
gen: 98 best: 400.0 mean: 430.2507462686567
gen: 99 best: 400.0 mean: 429.7383084577114
[10, 9, 10, 10, 11, 9, 11, 10, 10, 10, 11, 9, 9, 10, 11, 9, 10, 11, 14, 10, 8, 13, 13, 10, 10, 9, 9, 10, 12, 9, 10, 11, 9, 11, 11, 10, 12, 9, 10, 10, 11, 9, 12, 10, 9, 9, 9]
Test count of edges: 2387
cat
