Defaulting to user installation because normal site-packages is not writeable
Looking in links: /cvmfs/soft.computecanada.ca/custom/python/wheelhouse/gentoo/avx2, /cvmfs/soft.computecanada.ca/custom/python/wheelhouse/gentoo/generic, /cvmfs/soft.computecanada.ca/custom/python/wheelhouse/generic
Requirement already satisfied: graphviz in /home/js17sy/.local/lib/python3.10/site-packages (0.20)
354; python ga.py 24 768N_graph24.dat 0.05 0.02 0.7 0.9 0.1 201 768N_graph24mediumgen3rem70_ 685464
/project/6008788/js17sy/reopenga/768c/ga.py:291: DeprecationWarning: Sampling from a set deprecated
since Python 3.9 and will be removed in a subsequent version.
  child1 = set(random.sample(
gen >0, new best = 529.400
gen >0, new best = 488.900
gen >0, new best = 486.600
gen >0, new best = 484.100
gen >0, new best = 469.000
gen >0, new best = 459.900
gen >0, new best = 453.300
gen >0, new best = 451.400
gen >0, new best = 446.000
gen >0, new best = 428.400
gen: 0 best: 428.4 mean: 498.07462686567163
gen >1, new best = 412.500
gen: 1 best: 412.5 mean: 493.4965174129353
gen >2, new best = 404.100
gen >2, new best = 384.000
gen: 2 best: 384.0 mean: 484.2731343283582
gen: 3 best: 384.0 mean: 484.58159203980097
gen: 4 best: 384.0 mean: 477.1810945273632
gen: 5 best: 384.0 mean: 473.6194029850746
gen: 6 best: 384.0 mean: 471.0223880597015
gen: 7 best: 384.0 mean: 466.46965174129355
gen: 8 best: 384.0 mean: 459.10895522388057
gen: 9 best: 384.0 mean: 456.3995024875622
gen: 10 best: 384.0 mean: 455.3174129353234
gen >11, new best = 373.300
gen: 11 best: 373.3 mean: 448.7069651741294
gen >12, new best = 361.900
gen: 12 best: 361.9 mean: 446.2955223880597
gen: 13 best: 361.9 mean: 441.54477611940297
gen: 14 best: 361.9 mean: 439.83830845771143
gen >15, new best = 360.600
gen: 15 best: 360.6 mean: 436.36019900497513
gen: 16 best: 360.6 mean: 431.67860696517414
gen: 17 best: 360.6 mean: 431.1870646766169
gen: 18 best: 360.6 mean: 431.1497512437811
gen: 19 best: 360.6 mean: 424.589552238806
gen: 20 best: 360.6 mean: 425.6771144278607
gen: 21 best: 360.6 mean: 424.2502487562189
gen >22, new best = 352.000
gen: 22 best: 352.0 mean: 423.4223880597015
gen: 23 best: 352.0 mean: 420.06517412935324
gen: 24 best: 352.0 mean: 418.8054726368159
gen: 25 best: 352.0 mean: 419.91840796019903
gen: 26 best: 352.0 mean: 413.70199004975126
gen: 27 best: 352.0 mean: 414.7502487562189
gen: 28 best: 352.0 mean: 414.4009950248756
gen: 29 best: 352.0 mean: 412.18955223880596
gen >30, new best = 350.700
gen: 30 best: 350.7 mean: 408.2034825870647
gen >31, new best = 344.900
gen: 31 best: 344.9 mean: 408.1338308457712
gen: 32 best: 344.9 mean: 407.5402985074627
gen: 33 best: 344.9 mean: 405.9726368159204
gen: 34 best: 344.9 mean: 405.0278606965174
gen: 35 best: 344.9 mean: 404.7542288557214
gen >36, new best = 335.100
gen: 36 best: 335.1 mean: 405.836815920398
gen: 37 best: 335.1 mean: 402.11442786069654
gen: 38 best: 335.1 mean: 396.94378109452737
gen: 39 best: 335.1 mean: 399.15721393034823
gen: 40 best: 335.1 mean: 402.53582089552236
gen: 41 best: 335.1 mean: 399.61094527363184
gen: 42 best: 335.1 mean: 398.089552238806
gen: 43 best: 335.1 mean: 395.48258706467664
gen: 44 best: 335.1 mean: 394.28109452736317
gen: 45 best: 335.1 mean: 395.91990049751246
gen: 46 best: 335.1 mean: 394.2965174129353
gen: 47 best: 335.1 mean: 394.4502487562189
gen: 48 best: 335.1 mean: 396.0766169154229
gen: 49 best: 335.1 mean: 394.45870646766167
gen: 50 best: 335.1 mean: 393.29402985074626
gen: 51 best: 335.1 mean: 396.53930348258706
gen: 52 best: 335.1 mean: 392.065671641791
gen: 53 best: 335.1 mean: 394.0442786069652
gen: 54 best: 335.1 mean: 392.05721393034827
gen: 55 best: 335.1 mean: 390.7089552238806
gen: 56 best: 335.1 mean: 389.75373134328356
gen: 57 best: 335.1 mean: 394.51592039800994
gen: 58 best: 335.1 mean: 389.3537313432836
gen: 59 best: 335.1 mean: 394.2930348258706
gen: 60 best: 335.1 mean: 389.5318407960199
gen >61, new best = 330.800
gen: 61 best: 330.8 mean: 389.2805970149254
gen: 62 best: 330.8 mean: 387.2228855721393
gen: 63 best: 330.8 mean: 387.48407960199006
gen: 64 best: 330.8 mean: 388.82338308457713
gen: 65 best: 330.8 mean: 388.97462686567167
gen: 66 best: 330.8 mean: 386.1223880597015
gen: 67 best: 330.8 mean: 386.6029850746269
gen: 68 best: 330.8 mean: 387.1223880597015
gen: 69 best: 330.8 mean: 385.3228855721393
gen: 70 best: 330.8 mean: 384.1776119402985
gen >71, new best = 326.100
gen: 71 best: 326.1 mean: 385.4218905472637
gen: 72 best: 326.1 mean: 385.2587064676617
gen: 73 best: 326.1 mean: 383.51592039800994
gen: 74 best: 326.1 mean: 383.5875621890547
gen: 75 best: 326.1 mean: 382.8850746268657
gen: 76 best: 326.1 mean: 382.37412935323385
gen: 77 best: 326.1 mean: 381.13432835820896
gen: 78 best: 326.1 mean: 385.373631840796
gen: 79 best: 326.1 mean: 379.2049751243781
gen: 80 best: 326.1 mean: 382.2855721393035
gen: 81 best: 326.1 mean: 381.7502487562189
gen: 82 best: 326.1 mean: 382.3348258706468
gen >83, new best = 320.300
gen: 83 best: 320.3 mean: 379.7343283582089
gen >84, new best = 315.300
gen: 84 best: 315.3 mean: 380.13432835820896
gen: 85 best: 315.3 mean: 381.1940298507463
gen: 86 best: 315.3 mean: 379.8731343283582
gen: 87 best: 315.3 mean: 381.6557213930348
gen: 88 best: 315.3 mean: 381.02437810945275
gen: 89 best: 315.3 mean: 381.3273631840796
gen: 90 best: 315.3 mean: 380.192039800995
gen: 91 best: 315.3 mean: 380.4338308457711
gen: 92 best: 315.3 mean: 379.5004975124378
gen: 93 best: 315.3 mean: 381.5965174129353
gen: 94 best: 315.3 mean: 379.2094527363184
gen: 95 best: 315.3 mean: 381.28805970149256
gen: 96 best: 315.3 mean: 378.30696517412935
gen: 97 best: 315.3 mean: 380.26119402985074
gen: 98 best: 315.3 mean: 381.244776119403
gen: 99 best: 315.3 mean: 380.03432835820894
[8, 7, 9, 8, 7, 9, 9, 9, 8, 7, 7, 9, 7, 7, 8, 6, 7, 8, 8, 7, 7, 9, 8, 7, 8, 7, 8, 7, 7, 7, 7, 8, 7, 7, 8, 8, 8, 6, 10, 7, 7, 10, 7, 8, 8, 7]
Test count of edges: 1416
cat
