Defaulting to user installation because normal site-packages is not writeable
Looking in links: /cvmfs/soft.computecanada.ca/custom/python/wheelhouse/gentoo/avx2, /cvmfs/soft.computecanada.ca/custom/python/wheelhouse/gentoo/generic, /cvmfs/soft.computecanada.ca/custom/python/wheelhouse/generic
Requirement already satisfied: graphviz in /home/js17sy/.local/lib/python3.10/site-packages (0.20)
641; python ga.py 24 768N_graph24.dat 0.1 0.04 0.7 0.5 0.5 201 768N_graph24leerygen1rem70_ 314171
/project/6008788/js17sy/reopenga/768c/ga.py:291: DeprecationWarning: Sampling from a set deprecated
since Python 3.9 and will be removed in a subsequent version.
  child1 = set(random.sample(
gen >0, new best = 478.900
gen >0, new best = 478.800
gen >0, new best = 475.600
gen: 0 best: 475.6 mean: 511.4358208955224
gen >1, new best = 475.200
gen >1, new best = 471.900
gen: 1 best: 471.9 mean: 508.44278606965173
gen >2, new best = 458.800
gen: 2 best: 458.8 mean: 507.20796019900496
gen: 3 best: 458.8 mean: 505.9174129353234
gen: 4 best: 458.8 mean: 502.84179104477613
gen: 5 best: 458.8 mean: 502.3099502487562
gen >6, new best = 458.600
gen: 6 best: 458.6 mean: 497.50845771144276
gen >7, new best = 455.900
gen: 7 best: 455.9 mean: 496.00099502487564
gen: 8 best: 455.9 mean: 496.4228855721393
gen: 9 best: 455.9 mean: 495.19701492537314
gen >10, new best = 451.800
gen: 10 best: 451.8 mean: 491.844776119403
gen: 11 best: 451.8 mean: 492.6208955223881
gen >12, new best = 451.600
gen >12, new best = 445.600
gen: 12 best: 445.6 mean: 490.53333333333336
gen >13, new best = 443.800
gen: 13 best: 443.8 mean: 490.8587064676617
gen: 14 best: 443.8 mean: 486.1761194029851
gen >15, new best = 441.700
gen: 15 best: 441.7 mean: 487.70746268656717
gen: 16 best: 441.7 mean: 485.4318407960199
gen: 17 best: 441.7 mean: 486.4766169154229
gen >18, new best = 438.300
gen: 18 best: 438.3 mean: 485.56467661691545
gen: 19 best: 438.3 mean: 484.7835820895522
gen: 20 best: 438.3 mean: 482.9955223880597
gen >21, new best = 430.900
gen: 21 best: 430.9 mean: 482.0044776119403
gen: 22 best: 430.9 mean: 481.8203980099502
gen: 23 best: 430.9 mean: 481.49402985074624
gen: 24 best: 430.9 mean: 481.57611940298506
gen: 25 best: 430.9 mean: 479.6363184079602
gen: 26 best: 430.9 mean: 479.1442786069652
gen: 27 best: 430.9 mean: 480.5547263681592
gen: 28 best: 430.9 mean: 475.93880597014925
gen: 29 best: 430.9 mean: 476.71194029850744
gen: 30 best: 430.9 mean: 476.08905472636815
gen: 31 best: 430.9 mean: 476.6557213930348
gen >32, new best = 423.100
gen: 32 best: 423.1 mean: 475.4417910447761
gen: 33 best: 423.1 mean: 473.91144278606964
gen: 34 best: 423.1 mean: 473.95671641791046
gen: 35 best: 423.1 mean: 473.2323383084577
gen: 36 best: 423.1 mean: 474.5880597014925
gen: 37 best: 423.1 mean: 472.12388059701493
gen: 38 best: 423.1 mean: 470.681592039801
gen: 39 best: 423.1 mean: 472.8313432835821
gen: 40 best: 423.1 mean: 470.0786069651741
gen: 41 best: 423.1 mean: 470.83233830845774
gen: 42 best: 423.1 mean: 468.79751243781095
gen: 43 best: 423.1 mean: 466.7323383084577
gen: 44 best: 423.1 mean: 470.04875621890545
gen >45, new best = 419.200
gen: 45 best: 419.2 mean: 467.05970149253733
gen: 46 best: 419.2 mean: 467.56069651741296
gen: 47 best: 419.2 mean: 468.98955223880597
gen: 48 best: 419.2 mean: 466.3218905472637
gen: 49 best: 419.2 mean: 467.28507462686565
gen: 50 best: 419.2 mean: 466.57562189054727
gen: 51 best: 419.2 mean: 467.663184079602
gen: 52 best: 419.2 mean: 466.6099502487562
gen: 53 best: 419.2 mean: 465.8791044776119
gen: 54 best: 419.2 mean: 464.62935323383084
gen: 55 best: 419.2 mean: 466.4820895522388
gen: 56 best: 419.2 mean: 464.1761194029851
gen: 57 best: 419.2 mean: 464.93333333333334
gen: 58 best: 419.2 mean: 464.30149253731344
gen: 59 best: 419.2 mean: 462.6686567164179
gen: 60 best: 419.2 mean: 464.47512437810946
gen >61, new best = 418.400
gen: 61 best: 418.4 mean: 464.4945273631841
gen: 62 best: 418.4 mean: 462.42537313432837
gen: 63 best: 418.4 mean: 464.41691542288555
gen: 64 best: 418.4 mean: 463.88905472636816
gen: 65 best: 418.4 mean: 464.1179104477612
gen: 66 best: 418.4 mean: 462.9890547263682
gen: 67 best: 418.4 mean: 463.1243781094527
gen: 68 best: 418.4 mean: 460.8313432835821
gen: 69 best: 418.4 mean: 463.0189054726368
gen >70, new best = 416.200
gen: 70 best: 416.2 mean: 460.7323383084577
gen >71, new best = 413.600
gen: 71 best: 413.6 mean: 461.6427860696517
gen: 72 best: 413.6 mean: 463.2124378109453
gen: 73 best: 413.6 mean: 461.97164179104476
gen: 74 best: 413.6 mean: 461.0915422885572
gen: 75 best: 413.6 mean: 462.88955223880595
gen: 76 best: 413.6 mean: 461.53383084577115
gen: 77 best: 413.6 mean: 460.3373134328358
gen: 78 best: 413.6 mean: 460.20049751243783
gen: 79 best: 413.6 mean: 462.2089552238806
gen: 80 best: 413.6 mean: 461.5278606965174
gen: 81 best: 413.6 mean: 460.8870646766169
gen: 82 best: 413.6 mean: 461.3094527363184
gen: 83 best: 413.6 mean: 461.7492537313433
gen: 84 best: 413.6 mean: 461.7950248756219
gen: 85 best: 413.6 mean: 460.85074626865674
gen: 86 best: 413.6 mean: 460.1373134328358
gen: 87 best: 413.6 mean: 460.95522388059703
gen: 88 best: 413.6 mean: 460.8298507462687
gen: 89 best: 413.6 mean: 458.40398009950246
gen: 90 best: 413.6 mean: 460.27064676616914
gen: 91 best: 413.6 mean: 457.1830845771144
gen: 92 best: 413.6 mean: 458.40199004975125
gen: 93 best: 413.6 mean: 459.46567164179106
gen: 94 best: 413.6 mean: 459.1592039800995
gen: 95 best: 413.6 mean: 458.04477611940297
gen: 96 best: 413.6 mean: 459.9139303482587
gen: 97 best: 413.6 mean: 458.47711442786067
gen: 98 best: 413.6 mean: 456.36716417910446
gen: 99 best: 413.6 mean: 456.44825870646764
[8, 6, 6, 7, 6, 7, 6, 7, 6, 8, 6, 7, 7, 7, 6, 8, 7, 7, 7, 6, 7, 7, 6, 7, 7, 6, 7, 6, 7, 6, 6, 6, 6, 7, 8, 7, 7, 8, 6, 8, 8, 6, 7]
Test count of edges: 1440
cat
