Defaulting to user installation because normal site-packages is not writeable
Looking in links: /cvmfs/soft.computecanada.ca/custom/python/wheelhouse/gentoo/avx2, /cvmfs/soft.computecanada.ca/custom/python/wheelhouse/gentoo/generic, /cvmfs/soft.computecanada.ca/custom/python/wheelhouse/generic
Requirement already satisfied: graphviz in /home/js17sy/.local/lib/python3.10/site-packages (0.20)
670; python ga.py 24 768N_graph24.dat 0.1 0.04 0.7 0.7 0.3 201 768N_graph24leerygen2rem70_ 285610
/project/6008788/js17sy/reopenga/768c/ga.py:291: DeprecationWarning: Sampling from a set deprecated
since Python 3.9 and will be removed in a subsequent version.
  child1 = set(random.sample(
gen >0, new best = 512.200
gen >0, new best = 503.400
gen >0, new best = 500.400
gen >0, new best = 498.500
gen >0, new best = 490.100
gen >0, new best = 488.600
gen >0, new best = 485.700
gen >0, new best = 481.800
gen >0, new best = 467.500
gen: 0 best: 467.5 mean: 511.9034825870647
gen: 1 best: 467.5 mean: 510.05223880597015
gen: 2 best: 467.5 mean: 507.7542288557214
gen >3, new best = 457.500
gen: 3 best: 457.5 mean: 508.0810945273632
gen: 4 best: 457.5 mean: 503.7502487562189
gen >5, new best = 446.700
gen: 5 best: 446.7 mean: 502.7905472636816
gen: 6 best: 446.7 mean: 503.2716417910448
gen: 7 best: 446.7 mean: 500.4616915422886
gen: 8 best: 446.7 mean: 498.61641791044775
gen >9, new best = 439.600
gen: 9 best: 439.6 mean: 494.4154228855721
gen: 10 best: 439.6 mean: 493.1955223880597
gen: 11 best: 439.6 mean: 491.37860696517413
gen: 12 best: 439.6 mean: 491.77960199004974
gen: 13 best: 439.6 mean: 488.9830845771144
gen: 14 best: 439.6 mean: 489.1179104477612
gen: 15 best: 439.6 mean: 486.8462686567164
gen: 16 best: 439.6 mean: 485.18955223880596
gen: 17 best: 439.6 mean: 486.61442786069654
gen: 18 best: 439.6 mean: 482.68756218905474
gen >19, new best = 439.300
gen: 19 best: 439.3 mean: 484.79004975124377
gen: 20 best: 439.3 mean: 483.9363184079602
gen: 21 best: 439.3 mean: 482.37810945273634
gen >22, new best = 429.500
gen: 22 best: 429.5 mean: 483.16616915422884
gen: 23 best: 429.5 mean: 479.34676616915425
gen: 24 best: 429.5 mean: 479.4636815920398
gen: 25 best: 429.5 mean: 478.47960199004973
gen: 26 best: 429.5 mean: 478.5422885572139
gen >27, new best = 428.800
gen >27, new best = 421.000
gen: 27 best: 421.0 mean: 476.2915422885572
gen: 28 best: 421.0 mean: 475.081592039801
gen: 29 best: 421.0 mean: 476.01542288557215
gen: 30 best: 421.0 mean: 475.54477611940297
gen: 31 best: 421.0 mean: 473.9965174129353
gen: 32 best: 421.0 mean: 473.88955223880595
gen: 33 best: 421.0 mean: 472.9044776119403
gen: 34 best: 421.0 mean: 472.2407960199005
gen: 35 best: 421.0 mean: 471.31940298507465
gen: 36 best: 421.0 mean: 471.0383084577114
gen: 37 best: 421.0 mean: 470.73532338308456
gen: 38 best: 421.0 mean: 470.5582089552239
gen: 39 best: 421.0 mean: 469.736815920398
gen: 40 best: 421.0 mean: 468.99154228855724
gen: 41 best: 421.0 mean: 468.37412935323385
gen: 42 best: 421.0 mean: 468.66616915422884
gen: 43 best: 421.0 mean: 467.4577114427861
gen: 44 best: 421.0 mean: 468.2457711442786
gen: 45 best: 421.0 mean: 465.4726368159204
gen: 46 best: 421.0 mean: 465.5004975124378
gen: 47 best: 421.0 mean: 465.48059701492537
gen: 48 best: 421.0 mean: 464.49800995024873
gen: 49 best: 421.0 mean: 462.6223880597015
gen: 50 best: 421.0 mean: 462.4766169154229
gen: 51 best: 421.0 mean: 463.1666666666667
gen >52, new best = 418.100
gen: 52 best: 418.1 mean: 463.88557213930346
gen: 53 best: 418.1 mean: 463.9681592039801
gen: 54 best: 418.1 mean: 461.77910447761195
gen: 55 best: 418.1 mean: 461.65820895522387
gen: 56 best: 418.1 mean: 462.62587064676615
gen >57, new best = 418.000
gen: 57 best: 418.0 mean: 462.25373134328356
gen: 58 best: 418.0 mean: 462.77412935323383
gen: 59 best: 418.0 mean: 458.30248756218907
gen: 60 best: 418.0 mean: 459.64378109452736
gen: 61 best: 418.0 mean: 459.7805970149254
gen: 62 best: 418.0 mean: 459.1850746268657
gen: 63 best: 418.0 mean: 461.14776119402984
gen: 64 best: 418.0 mean: 457.41691542288555
gen: 65 best: 418.0 mean: 458.44776119402985
gen: 66 best: 418.0 mean: 456.2283582089552
gen: 67 best: 418.0 mean: 458.7776119402985
gen: 68 best: 418.0 mean: 455.8512437810945
gen: 69 best: 418.0 mean: 457.636815920398
gen: 70 best: 418.0 mean: 455.9995024875622
gen: 71 best: 418.0 mean: 458.43830845771146
gen: 72 best: 418.0 mean: 457.6646766169154
gen: 73 best: 418.0 mean: 457.12487562189057
gen: 74 best: 418.0 mean: 457.0363184079602
gen: 75 best: 418.0 mean: 454.6885572139303
gen >76, new best = 409.700
gen: 76 best: 409.7 mean: 455.2398009950249
gen: 77 best: 409.7 mean: 456.7915422885572
gen: 78 best: 409.7 mean: 453.19701492537314
gen: 79 best: 409.7 mean: 455.1363184079602
gen >80, new best = 408.600
gen: 80 best: 408.6 mean: 454.08407960199
gen: 81 best: 408.6 mean: 453.27064676616914
gen: 82 best: 408.6 mean: 454.41691542288555
gen: 83 best: 408.6 mean: 455.2094527363184
gen: 84 best: 408.6 mean: 453.9154228855721
gen: 85 best: 408.6 mean: 452.44278606965173
gen: 86 best: 408.6 mean: 454.1333333333333
gen: 87 best: 408.6 mean: 451.8099502487562
gen: 88 best: 408.6 mean: 452.0696517412935
gen: 89 best: 408.6 mean: 451.9283582089552
gen: 90 best: 408.6 mean: 451.49004975124376
gen: 91 best: 408.6 mean: 452.42587064676616
gen: 92 best: 408.6 mean: 451.99402985074624
gen: 93 best: 408.6 mean: 451.6024875621891
gen: 94 best: 408.6 mean: 452.0587064676617
gen: 95 best: 408.6 mean: 451.9577114427861
gen: 96 best: 408.6 mean: 449.91094527363185
gen: 97 best: 408.6 mean: 450.33482587064674
gen: 98 best: 408.6 mean: 452.8766169154229
gen: 99 best: 408.6 mean: 449.53582089552236
[6, 6, 7, 7, 7, 7, 7, 6, 7, 6, 7, 7, 7, 7, 7, 8, 6, 7, 7, 6, 6, 7, 7, 7, 6, 7, 8, 7, 6, 6, 8, 8, 6, 7, 7, 7, 6, 6, 8, 7, 6, 7, 6]
Test count of edges: 1434
cat
