Defaulting to user installation because normal site-packages is not writeable
Looking in links: /cvmfs/soft.computecanada.ca/custom/python/wheelhouse/gentoo/avx2, /cvmfs/soft.computecanada.ca/custom/python/wheelhouse/gentoo/generic, /cvmfs/soft.computecanada.ca/custom/python/wheelhouse/generic
Requirement already satisfied: graphviz in /home/js17sy/.local/lib/python3.10/site-packages (0.20)
205; python ga.py 24 768N_graph24.dat 0.05 0.02 0.5 0.5 0.5 201 768N_graph24mediumgen1rem50_ 714025
/project/6008788/js17sy/reopenga/768c/ga.py:291: DeprecationWarning: Sampling from a set deprecated
since Python 3.9 and will be removed in a subsequent version.
  child1 = set(random.sample(
gen >0, new best = 506.400
gen >0, new best = 504.400
gen >0, new best = 477.700
gen >0, new best = 474.700
gen >0, new best = 470.700
gen >0, new best = 468.700
gen >0, new best = 464.000
gen: 0 best: 464.0 mean: 491.3039800995025
gen >1, new best = 463.000
gen: 1 best: 463.0 mean: 490.54825870646766
gen >2, new best = 461.700
gen: 2 best: 461.7 mean: 490.9855721393035
gen: 3 best: 461.7 mean: 489.0437810945274
gen: 4 best: 461.7 mean: 488.3144278606965
gen >5, new best = 460.500
gen: 5 best: 460.5 mean: 487.02985074626866
gen: 6 best: 460.5 mean: 486.90696517412937
gen: 7 best: 460.5 mean: 485.6273631840796
gen: 8 best: 460.5 mean: 484.46666666666664
gen: 9 best: 460.5 mean: 483.3845771144279
gen: 10 best: 460.5 mean: 483.51044776119403
gen: 11 best: 460.5 mean: 481.9248756218905
gen: 12 best: 460.5 mean: 483.8532338308458
gen: 13 best: 460.5 mean: 482.39452736318407
gen >14, new best = 454.600
gen: 14 best: 454.6 mean: 481.6467661691542
gen: 15 best: 454.6 mean: 482.263184079602
gen: 16 best: 454.6 mean: 480.7910447761194
gen: 17 best: 454.6 mean: 480.255223880597
gen: 18 best: 454.6 mean: 479.9945273631841
gen >19, new best = 452.800
gen: 19 best: 452.8 mean: 479.8547263681592
gen: 20 best: 452.8 mean: 479.9094527363184
gen: 21 best: 452.8 mean: 479.10348258706466
gen: 22 best: 452.8 mean: 479.1776119402985
gen: 23 best: 452.8 mean: 476.8149253731343
gen: 24 best: 452.8 mean: 476.87810945273634
gen: 25 best: 452.8 mean: 476.29402985074626
gen: 26 best: 452.8 mean: 474.8497512437811
gen: 27 best: 452.8 mean: 476.5721393034826
gen >28, new best = 447.400
gen: 28 best: 447.4 mean: 476.66766169154226
gen: 29 best: 447.4 mean: 475.7676616915423
gen: 30 best: 447.4 mean: 473.97014925373134
gen: 31 best: 447.4 mean: 474.84676616915425
gen: 32 best: 447.4 mean: 474.13980099502487
gen: 33 best: 447.4 mean: 473.6318407960199
gen: 34 best: 447.4 mean: 473.18905472636817
gen: 35 best: 447.4 mean: 472.8880597014925
gen: 36 best: 447.4 mean: 472.43532338308455
gen >37, new best = 446.100
gen: 37 best: 446.1 mean: 471.38955223880595
gen >38, new best = 440.100
gen: 38 best: 440.1 mean: 470.82487562189056
gen: 39 best: 440.1 mean: 471.9945273631841
gen: 40 best: 440.1 mean: 470.3004975124378
gen: 41 best: 440.1 mean: 469.6004975124378
gen: 42 best: 440.1 mean: 469.3860696517413
gen: 43 best: 440.1 mean: 469.82139303482586
gen: 44 best: 440.1 mean: 469.58009950248754
gen: 45 best: 440.1 mean: 468.3572139303483
gen: 46 best: 440.1 mean: 467.892039800995
gen: 47 best: 440.1 mean: 468.63283582089554
gen: 48 best: 440.1 mean: 467.2268656716418
gen: 49 best: 440.1 mean: 468.3532338308458
gen: 50 best: 440.1 mean: 468.18955223880596
gen: 51 best: 440.1 mean: 467.3915422885572
gen: 52 best: 440.1 mean: 468.1905472636816
gen >53, new best = 435.400
gen: 53 best: 435.4 mean: 467.4597014925373
gen: 54 best: 435.4 mean: 468.11641791044775
gen: 55 best: 435.4 mean: 468.6
gen: 56 best: 435.4 mean: 467.46616915422885
gen: 57 best: 435.4 mean: 466.8696517412935
gen: 58 best: 435.4 mean: 467.2417910447761
gen: 59 best: 435.4 mean: 467.88557213930346
gen: 60 best: 435.4 mean: 467.65124378109454
gen: 61 best: 435.4 mean: 466.7875621890547
gen: 62 best: 435.4 mean: 466.07114427860694
gen: 63 best: 435.4 mean: 466.72487562189053
gen: 64 best: 435.4 mean: 466.81592039800995
gen: 65 best: 435.4 mean: 464.3776119402985
gen: 66 best: 435.4 mean: 466.7950248756219
gen: 67 best: 435.4 mean: 464.3537313432836
gen: 68 best: 435.4 mean: 466.84527363184077
gen: 69 best: 435.4 mean: 465.2960199004975
gen >70, new best = 430.700
gen: 70 best: 430.7 mean: 466.0970149253731
gen: 71 best: 430.7 mean: 466.07014925373136
gen: 72 best: 430.7 mean: 464.0273631840796
gen: 73 best: 430.7 mean: 465.76467661691544
gen: 74 best: 430.7 mean: 465.97562189054725
gen: 75 best: 430.7 mean: 464.7268656716418
gen: 76 best: 430.7 mean: 463.61641791044775
gen: 77 best: 430.7 mean: 464.771144278607
gen: 78 best: 430.7 mean: 463.55273631840794
gen >79, new best = 424.900
gen: 79 best: 424.9 mean: 463.3950248756219
gen: 80 best: 424.9 mean: 463.5955223880597
gen: 81 best: 424.9 mean: 463.06169154228854
gen: 82 best: 424.9 mean: 462.01144278606967
gen: 83 best: 424.9 mean: 460.7084577114428
gen: 84 best: 424.9 mean: 462.72487562189053
gen: 85 best: 424.9 mean: 461.52139303482585
gen: 86 best: 424.9 mean: 461.42089552238804
gen: 87 best: 424.9 mean: 461.23034825870644
gen: 88 best: 424.9 mean: 461.7507462686567
gen: 89 best: 424.9 mean: 462.7084577114428
gen: 90 best: 424.9 mean: 461.0218905472637
gen: 91 best: 424.9 mean: 460.94378109452737
gen: 92 best: 424.9 mean: 462.1542288557214
gen: 93 best: 424.9 mean: 460.80696517412935
gen: 94 best: 424.9 mean: 460.77412935323383
gen: 95 best: 424.9 mean: 460.34776119402983
gen: 96 best: 424.9 mean: 461.8805970149254
gen: 97 best: 424.9 mean: 461.57960199004975
gen: 98 best: 424.9 mean: 461.97562189054725
gen: 99 best: 424.9 mean: 461.3358208955224
[8, 10, 10, 9, 8, 8, 11, 9, 10, 9, 9, 8, 10, 9, 9, 10, 8, 9, 8, 8, 11, 8, 9, 9, 9, 9, 9, 9, 9, 8, 9, 10, 8, 10, 9, 8, 8, 10, 9, 9, 8, 10, 8]
Test count of edges: 2383
cat
