Defaulting to user installation because normal site-packages is not writeable
Looking in links: /cvmfs/soft.computecanada.ca/custom/python/wheelhouse/gentoo/avx2, /cvmfs/soft.computecanada.ca/custom/python/wheelhouse/gentoo/generic, /cvmfs/soft.computecanada.ca/custom/python/wheelhouse/generic
Requirement already satisfied: graphviz in /home/js17sy/.local/lib/python3.10/site-packages (0.20)
356; python ga.py 24 768N_graph24.dat 0.05 0.02 0.7 0.9 0.1 201 768N_graph24mediumgen3rem70_ 742586
/project/6008788/js17sy/reopenga/768c/ga.py:291: DeprecationWarning: Sampling from a set deprecated
since Python 3.9 and will be removed in a subsequent version.
  child1 = set(random.sample(
gen >0, new best = 507.100
gen >0, new best = 497.500
gen >0, new best = 493.400
gen >0, new best = 471.700
gen >0, new best = 467.700
gen >0, new best = 436.400
gen: 0 best: 436.4 mean: 499.0644278606965
gen >1, new best = 435.100
gen: 1 best: 435.1 mean: 494.98955223880597
gen >2, new best = 417.700
gen: 2 best: 417.7 mean: 490.11641791044775
gen: 3 best: 417.7 mean: 481.3174129353234
gen >4, new best = 415.500
gen: 4 best: 415.5 mean: 481.7825870646766
gen >5, new best = 412.900
gen: 5 best: 412.9 mean: 473.16069651741293
gen >6, new best = 386.000
gen: 6 best: 386.0 mean: 471.09303482587063
gen: 7 best: 386.0 mean: 462.6134328358209
gen: 8 best: 386.0 mean: 463.9995024875622
gen >9, new best = 385.600
gen: 9 best: 385.6 mean: 460.5621890547264
gen: 10 best: 385.6 mean: 456.2726368159204
gen >11, new best = 380.900
gen: 11 best: 380.9 mean: 455.15124378109454
gen: 12 best: 380.9 mean: 451.51194029850745
gen: 13 best: 380.9 mean: 449.1024875621891
gen: 14 best: 380.9 mean: 446.9776119402985
gen: 15 best: 380.9 mean: 443.7621890547264
gen >16, new best = 374.900
gen: 16 best: 374.9 mean: 438.76616915422886
gen: 17 best: 374.9 mean: 439.7965174129353
gen >18, new best = 374.600
gen: 18 best: 374.6 mean: 433.1830845771144
gen >19, new best = 373.700
gen: 19 best: 373.7 mean: 432.3388059701493
gen: 20 best: 373.7 mean: 433.8512437810945
gen >21, new best = 365.000
gen: 21 best: 365.0 mean: 426.45870646766167
gen: 22 best: 365.0 mean: 428.35273631840795
gen: 23 best: 365.0 mean: 427.1243781094527
gen >24, new best = 362.900
gen: 24 best: 362.9 mean: 426.8776119402985
gen: 25 best: 362.9 mean: 424.03432835820894
gen >26, new best = 358.800
gen: 26 best: 358.8 mean: 422.2437810945274
gen: 27 best: 358.8 mean: 420.3830845771144
gen: 28 best: 358.8 mean: 419.37611940298507
gen: 29 best: 358.8 mean: 418.17164179104475
gen: 30 best: 358.8 mean: 415.08855721393036
gen: 31 best: 358.8 mean: 413.96119402985073
gen: 32 best: 358.8 mean: 413.5189054726368
gen: 33 best: 358.8 mean: 413.4950248756219
gen >34, new best = 345.800
gen: 34 best: 345.8 mean: 409.13084577114427
gen: 35 best: 345.8 mean: 407.573631840796
gen: 36 best: 345.8 mean: 405.3646766169154
gen: 37 best: 345.8 mean: 406.76616915422886
gen: 38 best: 345.8 mean: 405.49004975124376
gen: 39 best: 345.8 mean: 403.8089552238806
gen: 40 best: 345.8 mean: 402.6373134328358
gen: 41 best: 345.8 mean: 403.66766169154226
gen: 42 best: 345.8 mean: 402.92587064676616
gen: 43 best: 345.8 mean: 402.7786069651741
gen >44, new best = 334.900
gen: 44 best: 334.9 mean: 398.8865671641791
gen: 45 best: 334.9 mean: 399.2597014925373
gen: 46 best: 334.9 mean: 399.62139303482587
gen: 47 best: 334.9 mean: 397.3328358208955
gen: 48 best: 334.9 mean: 397.67860696517414
gen: 49 best: 334.9 mean: 399.76467661691544
gen: 50 best: 334.9 mean: 394.90248756218904
gen: 51 best: 334.9 mean: 397.45721393034825
gen: 52 best: 334.9 mean: 395.15721393034823
gen: 53 best: 334.9 mean: 395.3572139303483
gen: 54 best: 334.9 mean: 396.38407960199004
gen: 55 best: 334.9 mean: 396.1427860696517
gen: 56 best: 334.9 mean: 396.55721393034827
gen: 57 best: 334.9 mean: 394.5731343283582
gen: 58 best: 334.9 mean: 392.48059701492537
gen: 59 best: 334.9 mean: 394.144776119403
gen: 60 best: 334.9 mean: 392.73930348258705
gen: 61 best: 334.9 mean: 390.1462686567164
gen: 62 best: 334.9 mean: 390.52089552238806
gen: 63 best: 334.9 mean: 392.5875621890547
gen: 64 best: 334.9 mean: 390.2164179104478
gen: 65 best: 334.9 mean: 390.30149253731344
gen: 66 best: 334.9 mean: 389.55771144278606
gen: 67 best: 334.9 mean: 388.58706467661693
gen: 68 best: 334.9 mean: 387.54129353233833
gen: 69 best: 334.9 mean: 391.2681592039801
gen: 70 best: 334.9 mean: 387.6860696517413
gen: 71 best: 334.9 mean: 389.9507462686567
gen: 72 best: 334.9 mean: 388.43681592039803
gen: 73 best: 334.9 mean: 390.1313432835821
gen >74, new best = 320.600
gen: 74 best: 320.6 mean: 386.71144278606965
gen: 75 best: 320.6 mean: 386.5233830845771
gen: 76 best: 320.6 mean: 385.33930348258707
gen: 77 best: 320.6 mean: 386.8502487562189
gen: 78 best: 320.6 mean: 386.5766169154229
gen: 79 best: 320.6 mean: 385.6462686567164
gen: 80 best: 320.6 mean: 386.3970149253731
gen: 81 best: 320.6 mean: 384.14228855721393
gen: 82 best: 320.6 mean: 384.40597014925373
gen: 83 best: 320.6 mean: 385.88855721393037
gen: 84 best: 320.6 mean: 384.12487562189057
gen: 85 best: 320.6 mean: 386.45870646766167
gen: 86 best: 320.6 mean: 385.34875621890546
gen: 87 best: 320.6 mean: 384.3139303482587
gen: 88 best: 320.6 mean: 384.0547263681592
gen: 89 best: 320.6 mean: 384.0805970149254
gen >90, new best = 313.800
gen: 90 best: 313.8 mean: 382.3547263681592
gen: 91 best: 313.8 mean: 383.626368159204
gen: 92 best: 313.8 mean: 384.24477611940296
gen: 93 best: 313.8 mean: 383.36716417910446
gen: 94 best: 313.8 mean: 382.1557213930348
gen: 95 best: 313.8 mean: 381.655223880597
gen: 96 best: 313.8 mean: 382.2597014925373
gen: 97 best: 313.8 mean: 382.51741293532336
gen: 98 best: 313.8 mean: 383.51592039800994
gen: 99 best: 313.8 mean: 383.47512437810946
[8, 10, 8, 8, 7, 8, 8, 8, 7, 8, 10, 8, 8, 8, 9, 8, 11, 8, 7, 7, 8, 8, 8, 7, 9, 8, 8, 9, 7, 8, 7, 7, 7, 7, 9, 7, 8, 7, 9, 10, 7, 9]
Test count of edges: 1416
cat
