Defaulting to user installation because normal site-packages is not writeable
Looking in links: /cvmfs/soft.computecanada.ca/custom/python/wheelhouse/gentoo/avx2, /cvmfs/soft.computecanada.ca/custom/python/wheelhouse/gentoo/generic, /cvmfs/soft.computecanada.ca/custom/python/wheelhouse/generic
Requirement already satisfied: graphviz in /home/js17sy/.local/lib/python3.10/site-packages (0.20)
133; python ga.py 24 768N_graph24.dat 0.025 0.01 0.7 0.7 0.3 201 768N_graph24strictgen2rem70_ 371293
/project/6008788/js17sy/reopenga/768c/ga.py:291: DeprecationWarning: Sampling from a set deprecated
since Python 3.9 and will be removed in a subsequent version.
  child1 = set(random.sample(
gen >0, new best = 468.800
gen >0, new best = 459.000
gen >0, new best = 426.000
gen >0, new best = 416.300
gen >0, new best = 400.900
gen >0, new best = 397.000
gen >0, new best = 394.300
gen >0, new best = 374.100
gen: 0 best: 374.1 mean: 474.63855721393037
gen >1, new best = 360.500
gen: 1 best: 360.5 mean: 464.80348258706465
gen: 2 best: 360.5 mean: 458.7039800995025
gen: 3 best: 360.5 mean: 451.7671641791045
gen >4, new best = 344.300
gen: 4 best: 344.3 mean: 440.05970149253733
gen: 5 best: 344.3 mean: 440.3915422885572
gen >6, new best = 315.600
gen >6, new best = 313.800
gen: 6 best: 313.8 mean: 431.2009950248756
gen: 7 best: 313.8 mean: 420.7855721393035
gen: 8 best: 313.8 mean: 416.44278606965173
gen: 9 best: 313.8 mean: 411.4228855721393
gen: 10 best: 313.8 mean: 411.2990049751244
gen: 11 best: 313.8 mean: 407.2875621890547
gen >12, new best = 313.600
gen: 12 best: 313.6 mean: 403.22437810945274
gen: 13 best: 313.6 mean: 399.18756218905474
gen: 14 best: 313.6 mean: 399.2905472636816
gen >15, new best = 309.500
gen: 15 best: 309.5 mean: 393.118407960199
gen: 16 best: 309.5 mean: 393.163184079602
gen >17, new best = 307.400
gen >17, new best = 303.100
gen >17, new best = 291.500
gen: 17 best: 291.5 mean: 390.4616915422886
gen: 18 best: 291.5 mean: 386.42437810945273
gen: 19 best: 291.5 mean: 386.39253731343285
gen: 20 best: 291.5 mean: 382.2965174129353
gen: 21 best: 291.5 mean: 381.2223880597015
gen: 22 best: 291.5 mean: 383.24825870646765
gen: 23 best: 291.5 mean: 385.2562189054726
gen: 24 best: 291.5 mean: 378.9850746268657
gen: 25 best: 291.5 mean: 375.9119402985075
gen: 26 best: 291.5 mean: 375.89353233830843
gen: 27 best: 291.5 mean: 377.9890547263682
gen: 28 best: 291.5 mean: 374.807960199005
gen: 29 best: 291.5 mean: 370.1412935323383
gen: 30 best: 291.5 mean: 371.77412935323383
gen: 31 best: 291.5 mean: 369.3661691542288
gen: 32 best: 291.5 mean: 367.6517412935323
gen >33, new best = 280.800
gen: 33 best: 280.8 mean: 369.22587064676617
gen: 34 best: 280.8 mean: 365.9
gen: 35 best: 280.8 mean: 366.84328358208955
gen: 36 best: 280.8 mean: 363.1850746268657
gen: 37 best: 280.8 mean: 365.15223880597017
gen: 38 best: 280.8 mean: 365.9985074626866
gen: 39 best: 280.8 mean: 365.5238805970149
gen: 40 best: 280.8 mean: 362.99751243781094
gen: 41 best: 280.8 mean: 360.39651741293534
gen: 42 best: 280.8 mean: 363.03980099502485
gen: 43 best: 280.8 mean: 356.8059701492537
gen: 44 best: 280.8 mean: 362.952736318408
gen: 45 best: 280.8 mean: 357.54129353233833
gen: 46 best: 280.8 mean: 360.49900497512436
gen: 47 best: 280.8 mean: 355.53333333333336
gen: 48 best: 280.8 mean: 362.71542288557214
gen: 49 best: 280.8 mean: 357.90149253731346
gen: 50 best: 280.8 mean: 357.4228855721393
gen >51, new best = 278.400
gen: 51 best: 278.4 mean: 353.3179104477612
gen: 52 best: 278.4 mean: 355.0039800995025
gen: 53 best: 278.4 mean: 355.92985074626864
gen: 54 best: 278.4 mean: 353.8044776119403
gen: 55 best: 278.4 mean: 351.86218905472634
gen: 56 best: 278.4 mean: 351.0716417910448
gen: 57 best: 278.4 mean: 352.3278606965174
gen: 58 best: 278.4 mean: 353.692039800995
gen: 59 best: 278.4 mean: 352.9651741293532
gen: 60 best: 278.4 mean: 353.42388059701494
gen: 61 best: 278.4 mean: 348.33482587064674
gen: 62 best: 278.4 mean: 349.681592039801
gen: 63 best: 278.4 mean: 349.5462686567164
gen: 64 best: 278.4 mean: 347.77064676616914
gen: 65 best: 278.4 mean: 348.1910447761194
gen: 66 best: 278.4 mean: 352.9890547263682
gen: 67 best: 278.4 mean: 351.24328358208953
gen: 68 best: 278.4 mean: 349.49701492537315
gen: 69 best: 278.4 mean: 351.9029850746269
gen: 70 best: 278.4 mean: 349.2691542288557
gen: 71 best: 278.4 mean: 351.6373134328358
gen: 72 best: 278.4 mean: 347.30298507462686
gen: 73 best: 278.4 mean: 347.6029850746269
gen: 74 best: 278.4 mean: 346.4099502487562
gen: 75 best: 278.4 mean: 347.1099502487562
gen >76, new best = 275.300
gen: 76 best: 275.3 mean: 345.644776119403
gen: 77 best: 275.3 mean: 346.67910447761193
gen: 78 best: 275.3 mean: 342.66965174129353
gen: 79 best: 275.3 mean: 347.0691542288557
gen: 80 best: 275.3 mean: 340.1223880597015
gen: 81 best: 275.3 mean: 346.37114427860695
gen: 82 best: 275.3 mean: 342.7820895522388
gen: 83 best: 275.3 mean: 342.6592039800995
gen: 84 best: 275.3 mean: 342.20049751243783
gen: 85 best: 275.3 mean: 342.20049751243783
gen: 86 best: 275.3 mean: 341.53880597014927
gen: 87 best: 275.3 mean: 345.5691542288557
gen: 88 best: 275.3 mean: 343.22487562189053
gen: 89 best: 275.3 mean: 342.78507462686565
gen: 90 best: 275.3 mean: 345.15671641791045
gen: 91 best: 275.3 mean: 343.3900497512438
gen: 92 best: 275.3 mean: 344.28805970149256
gen: 93 best: 275.3 mean: 340.9925373134328
gen: 94 best: 275.3 mean: 339.51940298507463
gen: 95 best: 275.3 mean: 341.06467661691545
gen: 96 best: 275.3 mean: 340.7164179104478
gen: 97 best: 275.3 mean: 341.84676616915425
gen: 98 best: 275.3 mean: 338.1577114427861
gen: 99 best: 275.3 mean: 339.1701492537313
[10, 8, 8, 8, 8, 9, 11, 8, 8, 12, 8, 9, 11, 11, 10, 9, 9, 9, 11, 10, 8, 10, 11, 8, 11, 10, 9, 7, 8, 8, 11, 9, 10, 10, 9, 9, 7, 10, 11, 9]
Test count of edges: 1433
cat
