Defaulting to user installation because normal site-packages is not writeable
Looking in links: /cvmfs/soft.computecanada.ca/custom/python/wheelhouse/gentoo/avx2, /cvmfs/soft.computecanada.ca/custom/python/wheelhouse/gentoo/generic, /cvmfs/soft.computecanada.ca/custom/python/wheelhouse/generic
Requirement already satisfied: graphviz in /home/js17sy/.local/lib/python3.10/site-packages (0.20)
359; python ga.py 24 768N_graph24.dat 0.05 0.02 0.7 0.9 0.1 201 768N_graph24mediumgen3rem70_ 828269
/project/6008788/js17sy/reopenga/768c/ga.py:291: DeprecationWarning: Sampling from a set deprecated
since Python 3.9 and will be removed in a subsequent version.
  child1 = set(random.sample(
gen >0, new best = 507.200
gen >0, new best = 501.500
gen >0, new best = 489.200
gen >0, new best = 477.700
gen >0, new best = 463.300
gen >0, new best = 448.500
gen >0, new best = 440.900
gen: 0 best: 440.9 mean: 498.89104477611943
gen >1, new best = 437.900
gen >1, new best = 435.800
gen >1, new best = 426.300
gen: 1 best: 426.3 mean: 494.69701492537314
gen >2, new best = 424.400
gen: 2 best: 424.4 mean: 492.1407960199005
gen: 3 best: 424.4 mean: 486.4318407960199
gen >4, new best = 418.600
gen: 4 best: 418.6 mean: 480.74278606965174
gen >5, new best = 417.700
gen: 5 best: 417.7 mean: 478.92985074626864
gen >6, new best = 402.600
gen >6, new best = 391.600
gen: 6 best: 391.6 mean: 474.3532338308458
gen: 7 best: 391.6 mean: 471.04825870646766
gen: 8 best: 391.6 mean: 468.0407960199005
gen: 9 best: 391.6 mean: 461.2716417910448
gen: 10 best: 391.6 mean: 462.6223880597015
gen: 11 best: 391.6 mean: 455.0955223880597
gen: 12 best: 391.6 mean: 458.9278606965174
gen >13, new best = 391.000
gen: 13 best: 391.0 mean: 453.39850746268655
gen: 14 best: 391.0 mean: 447.37014925373137
gen >15, new best = 387.000
gen >15, new best = 371.000
gen: 15 best: 371.0 mean: 444.90199004975125
gen: 16 best: 371.0 mean: 443.4089552238806
gen: 17 best: 371.0 mean: 439.855223880597
gen: 18 best: 371.0 mean: 437.1358208955224
gen: 19 best: 371.0 mean: 429.6268656716418
gen: 20 best: 371.0 mean: 427.6338308457711
gen >21, new best = 367.600
gen: 21 best: 367.6 mean: 426.66567164179105
gen: 22 best: 367.6 mean: 429.19353233830844
gen: 23 best: 367.6 mean: 427.61243781094527
gen: 24 best: 367.6 mean: 423.5532338308458
gen >25, new best = 353.900
gen: 25 best: 353.9 mean: 422.20746268656717
gen: 26 best: 353.9 mean: 416.4636815920398
gen: 27 best: 353.9 mean: 414.45721393034825
gen: 28 best: 353.9 mean: 413.73034825870644
gen >29, new best = 349.000
gen: 29 best: 349.0 mean: 411.1268656716418
gen: 30 best: 349.0 mean: 409.64029850746266
gen >31, new best = 348.500
gen: 31 best: 348.5 mean: 408.45870646766167
gen: 32 best: 348.5 mean: 405.79701492537316
gen: 33 best: 348.5 mean: 406.89651741293534
gen: 34 best: 348.5 mean: 404.27960199004974
gen: 35 best: 348.5 mean: 402.6756218905473
gen: 36 best: 348.5 mean: 401.8532338308458
gen: 37 best: 348.5 mean: 398.90547263681594
gen >38, new best = 336.800
gen: 38 best: 336.8 mean: 399.6373134328358
gen: 39 best: 336.8 mean: 398.56467661691545
gen: 40 best: 336.8 mean: 398.1358208955224
gen: 41 best: 336.8 mean: 400.1467661691542
gen: 42 best: 336.8 mean: 397.7049751243781
gen: 43 best: 336.8 mean: 397.4850746268657
gen: 44 best: 336.8 mean: 395.55223880597015
gen >45, new best = 314.000
gen: 45 best: 314.0 mean: 393.426368159204
gen: 46 best: 314.0 mean: 394.0124378109453
gen: 47 best: 314.0 mean: 393.77960199004974
gen: 48 best: 314.0 mean: 394.6407960199005
gen: 49 best: 314.0 mean: 395.8686567164179
gen: 50 best: 314.0 mean: 392.32338308457713
gen: 51 best: 314.0 mean: 392.2009950248756
gen: 52 best: 314.0 mean: 392.2268656716418
gen: 53 best: 314.0 mean: 393.7358208955224
gen: 54 best: 314.0 mean: 389.83084577114425
gen: 55 best: 314.0 mean: 391.87462686567164
gen: 56 best: 314.0 mean: 392.58358208955224
gen: 57 best: 314.0 mean: 389.0422885572139
gen: 58 best: 314.0 mean: 388.5621890547264
gen: 59 best: 314.0 mean: 388.952736318408
gen: 60 best: 314.0 mean: 388.67462686567166
gen: 61 best: 314.0 mean: 389.5900497512438
gen: 62 best: 314.0 mean: 387.02835820895524
gen: 63 best: 314.0 mean: 384.9338308457711
gen: 64 best: 314.0 mean: 386.83034825870647
gen: 65 best: 314.0 mean: 387.6154228855721
gen: 66 best: 314.0 mean: 386.8388059701493
gen: 67 best: 314.0 mean: 387.8139303482587
gen: 68 best: 314.0 mean: 386.8243781094527
gen: 69 best: 314.0 mean: 382.4248756218906
gen: 70 best: 314.0 mean: 385.1412935323383
gen: 71 best: 314.0 mean: 385.944776119403
gen: 72 best: 314.0 mean: 383.8975124378109
gen: 73 best: 314.0 mean: 381.6925373134328
gen: 74 best: 314.0 mean: 383.66915422885575
gen: 75 best: 314.0 mean: 384.0089552238806
gen: 76 best: 314.0 mean: 383.3203980099502
gen: 77 best: 314.0 mean: 384.96965174129355
gen: 78 best: 314.0 mean: 384.52437810945275
gen: 79 best: 314.0 mean: 385.6681592039801
gen: 80 best: 314.0 mean: 383.281592039801
gen: 81 best: 314.0 mean: 384.3412935323383
gen: 82 best: 314.0 mean: 380.7800995024876
gen: 83 best: 314.0 mean: 384.47711442786067
gen: 84 best: 314.0 mean: 383.13980099502487
gen: 85 best: 314.0 mean: 381.91144278606964
gen: 86 best: 314.0 mean: 381.37462686567164
gen: 87 best: 314.0 mean: 381.3756218905473
gen: 88 best: 314.0 mean: 381.8547263681592
gen: 89 best: 314.0 mean: 381.04825870646766
gen: 90 best: 314.0 mean: 383.75671641791047
gen: 91 best: 314.0 mean: 382.3975124378109
gen: 92 best: 314.0 mean: 380.8756218905473
gen: 93 best: 314.0 mean: 381.5691542288557
gen: 94 best: 314.0 mean: 379.81940298507465
gen: 95 best: 314.0 mean: 380.6243781094527
gen: 96 best: 314.0 mean: 380.5771144278607
gen: 97 best: 314.0 mean: 380.2213930348259
gen: 98 best: 314.0 mean: 379.91144278606964
gen: 99 best: 314.0 mean: 381.1597014925373
[9, 8, 8, 7, 8, 7, 8, 8, 8, 9, 9, 8, 8, 9, 8, 9, 9, 9, 8, 7, 8, 7, 7, 9, 7, 8, 8, 10, 8, 8, 9, 8, 9, 9, 8, 10, 7, 8, 7, 9, 8, 10, 8, 7, 7]
Test count of edges: 1415
cat
