Defaulting to user installation because normal site-packages is not writeable
Looking in links: /cvmfs/soft.computecanada.ca/custom/python/wheelhouse/gentoo/avx2, /cvmfs/soft.computecanada.ca/custom/python/wheelhouse/gentoo/generic, /cvmfs/soft.computecanada.ca/custom/python/wheelhouse/generic
Requirement already satisfied: graphviz in /home/js17sy/.local/lib/python3.10/site-packages (0.20)
619; python ga.py 24 768N_graph24.dat 0.1 0.04 0.5 0.9 0.1 201 768N_graph24leerygen3rem50_ 542659
/project/6008788/js17sy/reopenga/768c/ga.py:291: DeprecationWarning: Sampling from a set deprecated
since Python 3.9 and will be removed in a subsequent version.
  child1 = set(random.sample(
gen >0, new best = 528.100
gen >0, new best = 524.800
gen >0, new best = 523.600
gen >0, new best = 521.500
gen >0, new best = 515.800
gen >0, new best = 514.500
gen >0, new best = 513.500
gen: 0 best: 513.5 mean: 529.5246268656716
gen >1, new best = 507.700
gen >1, new best = 507.300
gen: 1 best: 507.3 mean: 528.6059701492537
gen >2, new best = 506.600
gen: 2 best: 506.6 mean: 527.4895522388059
gen >3, new best = 505.800
gen: 3 best: 505.8 mean: 526.0597014925373
gen: 4 best: 505.8 mean: 525.7427860696517
gen >5, new best = 503.200
gen: 5 best: 503.2 mean: 524.6636815920398
gen >6, new best = 500.500
gen: 6 best: 500.5 mean: 523.7935323383084
gen: 7 best: 500.5 mean: 523.1169154228855
gen >8, new best = 498.800
gen: 8 best: 498.8 mean: 522.2621890547264
gen: 9 best: 498.8 mean: 520.6014925373134
gen: 10 best: 498.8 mean: 519.7427860696517
gen: 11 best: 498.8 mean: 519.9626865671642
gen: 12 best: 498.8 mean: 519.3940298507463
gen: 13 best: 498.8 mean: 518.3885572139303
gen >14, new best = 494.300
gen: 14 best: 494.3 mean: 518.2034825870646
gen >15, new best = 490.400
gen: 15 best: 490.4 mean: 518.0910447761194
gen: 16 best: 490.4 mean: 516.6537313432835
gen: 17 best: 490.4 mean: 516.5393034825871
gen: 18 best: 490.4 mean: 516.4830845771144
gen: 19 best: 490.4 mean: 515.6532338308458
gen: 20 best: 490.4 mean: 515.2054726368159
gen >21, new best = 489.600
gen: 21 best: 489.6 mean: 514.042288557214
gen: 22 best: 489.6 mean: 512.8363184079602
gen: 23 best: 489.6 mean: 511.4044776119403
gen >24, new best = 489.500
gen: 24 best: 489.5 mean: 510.6925373134328
gen: 25 best: 489.5 mean: 510.0
gen: 26 best: 489.5 mean: 508.5422885572139
gen: 27 best: 489.5 mean: 510.26169154228853
gen: 28 best: 489.5 mean: 509.1029850746269
gen >29, new best = 487.800
gen: 29 best: 487.8 mean: 508.7308457711443
gen >30, new best = 487.600
gen >30, new best = 487.300
gen: 30 best: 487.3 mean: 507.7582089552239
gen: 31 best: 487.3 mean: 508.07462686567163
gen: 32 best: 487.3 mean: 507.27213930348256
gen >33, new best = 484.200
gen: 33 best: 484.2 mean: 506.78457711442786
gen: 34 best: 484.2 mean: 506.05174129353236
gen >35, new best = 482.600
gen: 35 best: 482.6 mean: 506.0218905472637
gen >36, new best = 476.500
gen: 36 best: 476.5 mean: 504.7507462686567
gen: 37 best: 476.5 mean: 505.1830845771144
gen: 38 best: 476.5 mean: 504.75721393034826
gen: 39 best: 476.5 mean: 504.4373134328358
gen: 40 best: 476.5 mean: 503.5547263681592
gen: 41 best: 476.5 mean: 502.97363184079603
gen: 42 best: 476.5 mean: 502.40796019900495
gen: 43 best: 476.5 mean: 502.41990049751246
gen: 44 best: 476.5 mean: 502.5014925373134
gen: 45 best: 476.5 mean: 501.19900497512435
gen: 46 best: 476.5 mean: 500.73034825870644
gen: 47 best: 476.5 mean: 501.7716417910448
gen: 48 best: 476.5 mean: 500.73383084577114
gen: 49 best: 476.5 mean: 500.4776119402985
gen: 50 best: 476.5 mean: 499.8144278606965
gen: 51 best: 476.5 mean: 499.89353233830843
gen: 52 best: 476.5 mean: 498.8975124378109
gen: 53 best: 476.5 mean: 498.4487562189055
gen >54, new best = 475.900
gen: 54 best: 475.9 mean: 498.4432835820896
gen: 55 best: 475.9 mean: 497.5164179104478
gen >56, new best = 474.800
gen >56, new best = 470.500
gen: 56 best: 470.5 mean: 496.3238805970149
gen: 57 best: 470.5 mean: 497.2039800995025
gen: 58 best: 470.5 mean: 495.6796019900498
gen >59, new best = 469.500
gen: 59 best: 469.5 mean: 495.34179104477613
gen: 60 best: 469.5 mean: 495.6940298507463
gen >61, new best = 466.400
gen: 61 best: 466.4 mean: 495.2129353233831
gen: 62 best: 466.4 mean: 494.93134328358207
gen: 63 best: 466.4 mean: 494.04875621890545
gen: 64 best: 466.4 mean: 493.77014925373135
gen: 65 best: 466.4 mean: 494.0532338308458
gen: 66 best: 466.4 mean: 493.83233830845774
gen: 67 best: 466.4 mean: 493.97910447761194
gen: 68 best: 466.4 mean: 493.9925373134328
gen: 69 best: 466.4 mean: 494.37810945273634
gen: 70 best: 466.4 mean: 493.6995024875622
gen: 71 best: 466.4 mean: 493.51940298507463
gen: 72 best: 466.4 mean: 493.7930348258706
gen >73, new best = 463.200
gen: 73 best: 463.2 mean: 492.0542288557214
gen: 74 best: 463.2 mean: 492.72786069651744
gen: 75 best: 463.2 mean: 493.818407960199
gen: 76 best: 463.2 mean: 491.8482587064677
gen: 77 best: 463.2 mean: 490.55223880597015
gen: 78 best: 463.2 mean: 490.8716417910448
gen: 79 best: 463.2 mean: 491.64328358208957
gen: 80 best: 463.2 mean: 489.907960199005
gen: 81 best: 463.2 mean: 490.92388059701494
gen: 82 best: 463.2 mean: 490.2582089552239
gen: 83 best: 463.2 mean: 490.3721393034826
gen: 84 best: 463.2 mean: 488.9616915422886
gen: 85 best: 463.2 mean: 489.8766169154229
gen: 86 best: 463.2 mean: 489.3502487562189
gen: 87 best: 463.2 mean: 490.1905472636816
gen: 88 best: 463.2 mean: 489.2343283582089
gen: 89 best: 463.2 mean: 489.42985074626864
gen >90, new best = 461.300
gen: 90 best: 461.3 mean: 489.5402985074627
gen: 91 best: 461.3 mean: 490.18358208955226
gen: 92 best: 461.3 mean: 488.1820895522388
gen: 93 best: 461.3 mean: 488.72935323383086
gen: 94 best: 461.3 mean: 488.0179104477612
gen: 95 best: 461.3 mean: 487.60348258706466
gen: 96 best: 461.3 mean: 487.12388059701493
gen: 97 best: 461.3 mean: 488.7686567164179
gen: 98 best: 461.3 mean: 487.89850746268655
gen: 99 best: 461.3 mean: 488.31044776119404
[7, 7, 8, 8, 7, 7, 8, 9, 7, 8, 8, 8, 7, 7, 8, 7, 7, 8, 7, 7, 7, 7, 8, 7, 7, 7, 7, 7, 8, 7, 7, 8, 8, 8, 7, 8, 7, 8, 8, 7, 8, 6, 7, 7, 7]
Test count of edges: 2355
cat
