Defaulting to user installation because normal site-packages is not writeable
Looking in links: /cvmfs/soft.computecanada.ca/custom/python/wheelhouse/gentoo/avx2, /cvmfs/soft.computecanada.ca/custom/python/wheelhouse/gentoo/generic, /cvmfs/soft.computecanada.ca/custom/python/wheelhouse/generic
Requirement already satisfied: graphviz in /home/js17sy/.local/lib/python3.10/site-packages (0.20)
673; python ga.py 24 768N_graph24.dat 0.1 0.04 0.7 0.7 0.3 201 768N_graph24leerygen2rem70_ 371293
/project/6008788/js17sy/reopenga/768c/ga.py:291: DeprecationWarning: Sampling from a set deprecated
since Python 3.9 and will be removed in a subsequent version.
  child1 = set(random.sample(
gen >0, new best = 527.800
gen >0, new best = 509.300
gen >0, new best = 494.100
gen >0, new best = 462.700
gen: 0 best: 462.7 mean: 511.9616915422886
gen: 1 best: 462.7 mean: 511.518407960199
gen: 2 best: 462.7 mean: 509.32935323383083
gen >3, new best = 461.400
gen: 3 best: 461.4 mean: 507.75771144278605
gen: 4 best: 461.4 mean: 507.5606965174129
gen >5, new best = 460.500
gen: 5 best: 460.5 mean: 507.1412935323383
gen >6, new best = 453.500
gen: 6 best: 453.5 mean: 503.9398009950249
gen: 7 best: 453.5 mean: 505.2144278606965
gen: 8 best: 453.5 mean: 501.60199004975124
gen: 9 best: 453.5 mean: 500.33084577114425
gen >10, new best = 451.100
gen: 10 best: 451.1 mean: 500.31592039800995
gen: 11 best: 451.1 mean: 498.765671641791
gen: 12 best: 451.1 mean: 494.8243781094527
gen: 13 best: 451.1 mean: 495.33980099502486
gen: 14 best: 451.1 mean: 493.83233830845774
gen: 15 best: 451.1 mean: 492.86915422885573
gen: 16 best: 451.1 mean: 491.12189054726366
gen: 17 best: 451.1 mean: 490.9955223880597
gen >18, new best = 445.100
gen: 18 best: 445.1 mean: 489.96417910447764
gen: 19 best: 445.1 mean: 486.0676616915423
gen >20, new best = 438.700
gen: 20 best: 438.7 mean: 485.4691542288557
gen: 21 best: 438.7 mean: 482.86915422885573
gen >22, new best = 437.600
gen: 22 best: 437.6 mean: 481.6024875621891
gen: 23 best: 437.6 mean: 482.0422885572139
gen: 24 best: 437.6 mean: 481.1502487562189
gen: 25 best: 437.6 mean: 483.3004975124378
gen: 26 best: 437.6 mean: 479.06467661691545
gen >27, new best = 433.800
gen: 27 best: 433.8 mean: 479.6825870646766
gen: 28 best: 433.8 mean: 479.5189054726368
gen: 29 best: 433.8 mean: 479.16766169154226
gen: 30 best: 433.8 mean: 478.3542288557214
gen: 31 best: 433.8 mean: 477.6641791044776
gen: 32 best: 433.8 mean: 474.4835820895522
gen: 33 best: 433.8 mean: 473.50298507462685
gen >34, new best = 430.800
gen: 34 best: 430.8 mean: 474.6597014925373
gen >35, new best = 426.300
gen: 35 best: 426.3 mean: 470.2233830845771
gen: 36 best: 426.3 mean: 472.12885572139305
gen: 37 best: 426.3 mean: 471.13781094527366
gen >38, new best = 421.600
gen: 38 best: 421.6 mean: 471.0731343283582
gen: 39 best: 421.6 mean: 470.055223880597
gen: 40 best: 421.6 mean: 468.9741293532338
gen: 41 best: 421.6 mean: 468.736815920398
gen: 42 best: 421.6 mean: 467.6855721393035
gen: 43 best: 421.6 mean: 467.08308457711445
gen: 44 best: 421.6 mean: 464.8442786069652
gen: 45 best: 421.6 mean: 464.1756218905473
gen: 46 best: 421.6 mean: 464.8039800995025
gen >47, new best = 415.100
gen: 47 best: 415.1 mean: 463.9776119402985
gen: 48 best: 415.1 mean: 464.907960199005
gen: 49 best: 415.1 mean: 464.155223880597
gen: 50 best: 415.1 mean: 463.65223880597017
gen: 51 best: 415.1 mean: 464.39651741293534
gen: 52 best: 415.1 mean: 461.97114427860697
gen: 53 best: 415.1 mean: 463.09303482587063
gen: 54 best: 415.1 mean: 462.34328358208955
gen: 55 best: 415.1 mean: 463.892039800995
gen: 56 best: 415.1 mean: 462.14179104477614
gen: 57 best: 415.1 mean: 461.1721393034826
gen: 58 best: 415.1 mean: 461.28308457711444
gen: 59 best: 415.1 mean: 460.4910447761194
gen: 60 best: 415.1 mean: 461.7716417910448
gen: 61 best: 415.1 mean: 459.70995024875623
gen: 62 best: 415.1 mean: 458.49402985074624
gen: 63 best: 415.1 mean: 459.48805970149255
gen >64, new best = 411.000
gen: 64 best: 411.0 mean: 459.57611940298506
gen: 65 best: 411.0 mean: 457.68805970149253
gen: 66 best: 411.0 mean: 458.5
gen: 67 best: 411.0 mean: 456.8970149253731
gen: 68 best: 411.0 mean: 456.44975124378107
gen: 69 best: 411.0 mean: 457.30298507462686
gen: 70 best: 411.0 mean: 456.90746268656716
gen: 71 best: 411.0 mean: 456.4228855721393
gen: 72 best: 411.0 mean: 454.74776119402986
gen >73, new best = 409.300
gen: 73 best: 409.3 mean: 456.07412935323384
gen: 74 best: 409.3 mean: 456.00995024875624
gen >75, new best = 408.100
gen: 75 best: 408.1 mean: 453.4507462686567
gen: 76 best: 408.1 mean: 456.52437810945275
gen: 77 best: 408.1 mean: 455.8940298507463
gen: 78 best: 408.1 mean: 456.4084577114428
gen: 79 best: 408.1 mean: 455.28805970149256
gen: 80 best: 408.1 mean: 454.2069651741294
gen: 81 best: 408.1 mean: 453.5751243781095
gen: 82 best: 408.1 mean: 452.1313432835821
gen: 83 best: 408.1 mean: 455.08407960199
gen: 84 best: 408.1 mean: 452.8169154228856
gen: 85 best: 408.1 mean: 454.32686567164177
gen: 86 best: 408.1 mean: 452.97164179104476
gen: 87 best: 408.1 mean: 453.5810945273632
gen: 88 best: 408.1 mean: 453.7467661691542
gen: 89 best: 408.1 mean: 454.1358208955224
gen: 90 best: 408.1 mean: 452.35621890547264
gen: 91 best: 408.1 mean: 453.7960199004975
gen: 92 best: 408.1 mean: 452.98407960199006
gen: 93 best: 408.1 mean: 454.59253731343284
gen: 94 best: 408.1 mean: 452.3666666666667
gen: 95 best: 408.1 mean: 454.4820895522388
gen: 96 best: 408.1 mean: 451.7621890547264
gen: 97 best: 408.1 mean: 453.5313432835821
gen: 98 best: 408.1 mean: 451.7
gen: 99 best: 408.1 mean: 452.9318407960199
[6, 7, 6, 8, 7, 7, 7, 7, 6, 7, 6, 6, 7, 6, 6, 7, 6, 6, 6, 7, 6, 7, 9, 7, 8, 7, 7, 7, 6, 7, 6, 8, 6, 7, 7, 6, 6, 6, 6, 6, 6, 7, 7, 6, 7, 6, 7, 6]
Test count of edges: 1432
cat
