Defaulting to user installation because normal site-packages is not writeable
Looking in links: /cvmfs/soft.computecanada.ca/custom/python/wheelhouse/gentoo/avx2, /cvmfs/soft.computecanada.ca/custom/python/wheelhouse/gentoo/generic, /cvmfs/soft.computecanada.ca/custom/python/wheelhouse/generic
Requirement already satisfied: graphviz in /home/js17sy/.local/lib/python3.10/site-packages (0.20)
536; python ga.py 24 768N_graph24.dat 0.075 0.03 0.7 0.9 0.1 201 768N_graph24laxgen3rem70_ 742586
/project/6008788/js17sy/reopenga/768c/ga.py:291: DeprecationWarning: Sampling from a set deprecated
since Python 3.9 and will be removed in a subsequent version.
  child1 = set(random.sample(
gen >0, new best = 501.100
gen >0, new best = 496.400
gen >0, new best = 494.200
gen >0, new best = 490.700
gen >0, new best = 490.000
gen >0, new best = 485.400
gen >0, new best = 473.000
gen >0, new best = 452.600
gen: 0 best: 452.6 mean: 497.8858208955224
gen >1, new best = 442.700
gen: 1 best: 442.7 mean: 493.9398009950249
gen: 2 best: 442.7 mean: 494.02885572139303
gen: 3 best: 442.7 mean: 489.4766169154229
gen >4, new best = 441.800
gen >4, new best = 441.300
gen: 4 best: 441.3 mean: 488.1487562189055
gen >5, new best = 441.200
gen: 5 best: 441.2 mean: 486.4855721393035
gen >6, new best = 436.900
gen: 6 best: 436.9 mean: 482.5771144278607
gen >7, new best = 431.100
gen: 7 best: 431.1 mean: 480.4432835820896
gen >8, new best = 425.500
gen >8, new best = 422.600
gen: 8 best: 422.6 mean: 479.6393034825871
gen: 9 best: 422.6 mean: 475.2955223880597
gen: 10 best: 422.6 mean: 477.4303482587065
gen >11, new best = 421.300
gen: 11 best: 421.3 mean: 473.9492537313433
gen: 12 best: 421.3 mean: 472.12388059701493
gen: 13 best: 421.3 mean: 469.1084577114428
gen: 14 best: 421.3 mean: 467.9034825870647
gen >15, new best = 417.100
gen: 15 best: 417.1 mean: 465.14029850746266
gen: 16 best: 417.1 mean: 465.4393034825871
gen: 17 best: 417.1 mean: 464.8273631840796
gen >18, new best = 413.900
gen: 18 best: 413.9 mean: 459.5621890547264
gen >19, new best = 413.300
gen: 19 best: 413.3 mean: 458.8880597014925
gen: 20 best: 413.3 mean: 460.4044776119403
gen: 21 best: 413.3 mean: 458.4417910447761
gen: 22 best: 413.3 mean: 456.434328358209
gen >23, new best = 403.100
gen: 23 best: 403.1 mean: 455.771144278607
gen: 24 best: 403.1 mean: 451.5477611940299
gen: 25 best: 403.1 mean: 452.25671641791047
gen: 26 best: 403.1 mean: 451.19651741293535
gen: 27 best: 403.1 mean: 447.8606965174129
gen: 28 best: 403.1 mean: 446.5318407960199
gen >29, new best = 400.700
gen: 29 best: 400.7 mean: 445.0074626865672
gen: 30 best: 400.7 mean: 445.82338308457713
gen: 31 best: 400.7 mean: 444.25671641791047
gen: 32 best: 400.7 mean: 441.92537313432837
gen >33, new best = 398.200
gen: 33 best: 398.2 mean: 442.7562189054726
gen >34, new best = 387.000
gen: 34 best: 387.0 mean: 441.65721393034823
gen: 35 best: 387.0 mean: 443.4676616915423
gen: 36 best: 387.0 mean: 437.19154228855723
gen: 37 best: 387.0 mean: 439.4064676616915
gen: 38 best: 387.0 mean: 439.24427860696517
gen: 39 best: 387.0 mean: 439.74427860696517
gen: 40 best: 387.0 mean: 436.16915422885575
gen: 41 best: 387.0 mean: 436.0860696517413
gen: 42 best: 387.0 mean: 438.4044776119403
gen: 43 best: 387.0 mean: 434.589552238806
gen: 44 best: 387.0 mean: 433.91840796019903
gen: 45 best: 387.0 mean: 434.7771144278607
gen: 46 best: 387.0 mean: 433.055223880597
gen: 47 best: 387.0 mean: 434.0492537313433
gen: 48 best: 387.0 mean: 433.7273631840796
gen: 49 best: 387.0 mean: 433.107960199005
gen: 50 best: 387.0 mean: 430.5258706467662
gen >51, new best = 386.000
gen: 51 best: 386.0 mean: 433.9363184079602
gen: 52 best: 386.0 mean: 429.428855721393
gen: 53 best: 386.0 mean: 431.15273631840796
gen: 54 best: 386.0 mean: 432.90547263681594
gen: 55 best: 386.0 mean: 429.863184079602
gen >56, new best = 382.900
gen: 56 best: 382.9 mean: 428.95721393034825
gen: 57 best: 382.9 mean: 428.39253731343285
gen >58, new best = 381.300
gen: 58 best: 381.3 mean: 428.11144278606963
gen: 59 best: 381.3 mean: 429.6587064676617
gen: 60 best: 381.3 mean: 426.17313432835823
gen: 61 best: 381.3 mean: 428.7084577114428
gen: 62 best: 381.3 mean: 427.98955223880597
gen: 63 best: 381.3 mean: 426.5696517412935
gen: 64 best: 381.3 mean: 428.55223880597015
gen: 65 best: 381.3 mean: 426.363184079602
gen: 66 best: 381.3 mean: 427.36218905472634
gen: 67 best: 381.3 mean: 425.7771144278607
gen: 68 best: 381.3 mean: 428.3407960199005
gen: 69 best: 381.3 mean: 427.4800995024876
gen: 70 best: 381.3 mean: 425.3238805970149
gen: 71 best: 381.3 mean: 425.33383084577116
gen: 72 best: 381.3 mean: 423.7985074626866
gen: 73 best: 381.3 mean: 422.43830845771146
gen: 74 best: 381.3 mean: 425.49154228855724
gen: 75 best: 381.3 mean: 425.4273631840796
gen >76, new best = 380.800
gen: 76 best: 380.8 mean: 425.09402985074627
gen: 77 best: 380.8 mean: 423.3626865671642
gen: 78 best: 380.8 mean: 423.1482587064677
gen: 79 best: 380.8 mean: 425.3313432835821
gen: 80 best: 380.8 mean: 422.4651741293532
gen: 81 best: 380.8 mean: 423.2049751243781
gen: 82 best: 380.8 mean: 422.1666666666667
gen: 83 best: 380.8 mean: 422.3865671641791
gen: 84 best: 380.8 mean: 422.3258706467662
gen: 85 best: 380.8 mean: 421.02288557213933
gen >86, new best = 378.300
gen: 86 best: 378.3 mean: 421.8850746268657
gen: 87 best: 378.3 mean: 419.97114427860697
gen >88, new best = 375.300
gen: 88 best: 375.3 mean: 420.4890547263682
gen: 89 best: 375.3 mean: 420.573631840796
gen: 90 best: 375.3 mean: 420.34179104477613
gen: 91 best: 375.3 mean: 420.19751243781093
gen: 92 best: 375.3 mean: 418.7044776119403
gen: 93 best: 375.3 mean: 421.2039800995025
gen: 94 best: 375.3 mean: 420.8537313432836
gen: 95 best: 375.3 mean: 419.62935323383084
gen: 96 best: 375.3 mean: 419.62487562189057
gen: 97 best: 375.3 mean: 418.79004975124377
gen: 98 best: 375.3 mean: 421.71542288557214
gen: 99 best: 375.3 mean: 418.84527363184077
[7, 7, 7, 8, 6, 7, 6, 7, 6, 7, 6, 7, 6, 8, 8, 7, 9, 7, 8, 6, 7, 7, 7, 8, 8, 7, 8, 7, 7, 6, 9, 8, 7, 7, 6, 7, 7, 6, 7, 7, 7, 7]
Test count of edges: 1420
cat
