Defaulting to user installation because normal site-packages is not writeable
Looking in links: /cvmfs/soft.computecanada.ca/custom/python/wheelhouse/gentoo/avx2, /cvmfs/soft.computecanada.ca/custom/python/wheelhouse/gentoo/generic, /cvmfs/soft.computecanada.ca/custom/python/wheelhouse/generic
Requirement already satisfied: graphviz in /home/js17sy/.local/lib/python3.10/site-packages (0.20)
117; python ga.py 24 768N_graph24.dat 0.025 0.01 0.7 0.5 0.5 201 768N_graph24strictgen1rem70_ 771147
/project/6008788/js17sy/reopenga/768c/ga.py:291: DeprecationWarning: Sampling from a set deprecated
since Python 3.9 and will be removed in a subsequent version.
  child1 = set(random.sample(
gen >0, new best = 444.400
gen >0, new best = 434.600
gen >0, new best = 425.800
gen >0, new best = 406.500
gen >0, new best = 400.900
gen >0, new best = 362.000
gen: 0 best: 362.0 mean: 471.39452736318407
gen: 1 best: 362.0 mean: 468.68756218905474
gen: 2 best: 362.0 mean: 459.9597014925373
gen >3, new best = 355.100
gen: 3 best: 355.1 mean: 456.09800995024875
gen: 4 best: 355.1 mean: 448.1507462686567
gen >5, new best = 352.100
gen: 5 best: 352.1 mean: 434.57462686567163
gen >6, new best = 351.700
gen: 6 best: 351.7 mean: 435.4139303482587
gen >7, new best = 349.500
gen: 7 best: 349.5 mean: 430.7870646766169
gen >8, new best = 344.500
gen: 8 best: 344.5 mean: 429.1358208955224
gen >9, new best = 332.900
gen >9, new best = 331.100
gen: 9 best: 331.1 mean: 426.2676616915423
gen >10, new best = 298.300
gen: 10 best: 298.3 mean: 420.6626865671642
gen: 11 best: 298.3 mean: 417.2233830845771
gen: 12 best: 298.3 mean: 416.99303482587067
gen: 13 best: 298.3 mean: 414.99402985074624
gen: 14 best: 298.3 mean: 412.7308457711443
gen: 15 best: 298.3 mean: 405.7905472636816
gen: 16 best: 298.3 mean: 406.1517412935323
gen: 17 best: 298.3 mean: 402.0875621890547
gen: 18 best: 298.3 mean: 402.33084577114425
gen: 19 best: 298.3 mean: 400.5537313432836
gen: 20 best: 298.3 mean: 399.8681592039801
gen: 21 best: 298.3 mean: 394.24328358208953
gen: 22 best: 298.3 mean: 395.4800995024876
gen: 23 best: 298.3 mean: 392.807960199005
gen: 24 best: 298.3 mean: 393.82537313432834
gen: 25 best: 298.3 mean: 393.75174129353235
gen: 26 best: 298.3 mean: 392.69701492537314
gen: 27 best: 298.3 mean: 387.1825870646766
gen: 28 best: 298.3 mean: 387.0661691542289
gen: 29 best: 298.3 mean: 384.23532338308456
gen: 30 best: 298.3 mean: 386.8407960199005
gen: 31 best: 298.3 mean: 384.7502487562189
gen: 32 best: 298.3 mean: 378.9393034825871
gen >33, new best = 296.300
gen: 33 best: 296.3 mean: 377.9830845771144
gen: 34 best: 296.3 mean: 378.55721393034827
gen: 35 best: 296.3 mean: 378.7253731343284
gen: 36 best: 296.3 mean: 376.36218905472634
gen: 37 best: 296.3 mean: 375.16019900497514
gen: 38 best: 296.3 mean: 374.0497512437811
gen: 39 best: 296.3 mean: 376.83830845771143
gen: 40 best: 296.3 mean: 373.32139303482586
gen >41, new best = 284.200
gen: 41 best: 284.2 mean: 374.428855721393
gen: 42 best: 284.2 mean: 373.0880597014925
gen: 43 best: 284.2 mean: 368.3900497512438
gen: 44 best: 284.2 mean: 368.881592039801
gen: 45 best: 284.2 mean: 364.83781094527365
gen: 46 best: 284.2 mean: 368.82537313432834
gen: 47 best: 284.2 mean: 365.6303482587065
gen: 48 best: 284.2 mean: 365.2194029850746
gen: 49 best: 284.2 mean: 365.5238805970149
gen: 50 best: 284.2 mean: 364.67164179104475
gen: 51 best: 284.2 mean: 365.5915422885572
gen: 52 best: 284.2 mean: 365.3412935323383
gen: 53 best: 284.2 mean: 361.2860696517413
gen: 54 best: 284.2 mean: 362.57412935323384
gen: 55 best: 284.2 mean: 362.6597014925373
gen: 56 best: 284.2 mean: 364.3333333333333
gen: 57 best: 284.2 mean: 361.3960199004975
gen: 58 best: 284.2 mean: 361.22935323383086
gen: 59 best: 284.2 mean: 363.5810945273632
gen: 60 best: 284.2 mean: 361.92985074626864
gen: 61 best: 284.2 mean: 359.4213930348259
gen: 62 best: 284.2 mean: 360.0547263681592
gen: 63 best: 284.2 mean: 358.02885572139303
gen: 64 best: 284.2 mean: 358.3149253731343
gen: 65 best: 284.2 mean: 355.58308457711445
gen: 66 best: 284.2 mean: 359.12537313432836
gen: 67 best: 284.2 mean: 359.281592039801
gen: 68 best: 284.2 mean: 356.26965174129356
gen: 69 best: 284.2 mean: 357.80149253731344
gen: 70 best: 284.2 mean: 355.67910447761193
gen: 71 best: 284.2 mean: 357.252736318408
gen: 72 best: 284.2 mean: 360.5164179104478
gen: 73 best: 284.2 mean: 357.3532338308458
gen: 74 best: 284.2 mean: 354.79800995024874
gen: 75 best: 284.2 mean: 355.33383084577116
gen: 76 best: 284.2 mean: 355.1228855721393
gen: 77 best: 284.2 mean: 355.7820895522388
gen: 78 best: 284.2 mean: 355.5860696517413
gen: 79 best: 284.2 mean: 356.4323383084577
gen: 80 best: 284.2 mean: 354.1905472636816
gen: 81 best: 284.2 mean: 355.8776119402985
gen: 82 best: 284.2 mean: 354.0189054726368
gen: 83 best: 284.2 mean: 356.16766169154226
gen: 84 best: 284.2 mean: 353.69502487562187
gen: 85 best: 284.2 mean: 355.8726368159204
gen: 86 best: 284.2 mean: 357.7855721393035
gen: 87 best: 284.2 mean: 354.4865671641791
gen: 88 best: 284.2 mean: 355.118407960199
gen: 89 best: 284.2 mean: 354.29950248756217
gen: 90 best: 284.2 mean: 355.59850746268654
gen: 91 best: 284.2 mean: 354.32935323383083
gen: 92 best: 284.2 mean: 353.62537313432836
gen: 93 best: 284.2 mean: 355.42089552238804
gen: 94 best: 284.2 mean: 355.14925373134326
gen: 95 best: 284.2 mean: 355.2228855721393
gen: 96 best: 284.2 mean: 352.363184079602
gen: 97 best: 284.2 mean: 354.6
gen: 98 best: 284.2 mean: 351.56318407960197
gen: 99 best: 284.2 mean: 352.181592039801
[9, 10, 9, 10, 8, 11, 9, 8, 10, 11, 9, 8, 9, 8, 11, 10, 8, 9, 8, 12, 11, 9, 9, 9, 9, 8, 10, 9, 9, 9, 10, 11, 11, 8, 11, 8, 9, 9, 10, 9, 9, 10]
Test count of edges: 1430
cat
