Defaulting to user installation because normal site-packages is not writeable
Looking in links: /cvmfs/soft.computecanada.ca/custom/python/wheelhouse/gentoo/avx2, /cvmfs/soft.computecanada.ca/custom/python/wheelhouse/gentoo/generic, /cvmfs/soft.computecanada.ca/custom/python/wheelhouse/generic
Requirement already satisfied: graphviz in /home/js17sy/.local/lib/python3.10/site-packages (0.20)
573; python ga.py 24 768N_graph24.dat 0.1 0.04 0.5 0.7 0.3 201 768N_graph24leerygen2rem50_ 85683
/project/6008788/js17sy/reopenga/768c/ga.py:291: DeprecationWarning: Sampling from a set deprecated
since Python 3.9 and will be removed in a subsequent version.
  child1 = set(random.sample(
gen >0, new best = 522.600
gen >0, new best = 520.100
gen >0, new best = 513.400
gen >0, new best = 509.100
gen: 0 best: 509.1 mean: 529.4465174129353
gen >1, new best = 505.300
gen: 1 best: 505.3 mean: 528.4119402985075
gen: 2 best: 505.3 mean: 527.7681592039801
gen >3, new best = 492.400
gen: 3 best: 492.4 mean: 525.8706467661691
gen: 4 best: 492.4 mean: 526.5109452736318
gen: 5 best: 492.4 mean: 526.0099502487562
gen: 6 best: 492.4 mean: 524.2517412935323
gen: 7 best: 492.4 mean: 522.7756218905473
gen: 8 best: 492.4 mean: 523.647263681592
gen: 9 best: 492.4 mean: 521.8203980099503
gen: 10 best: 492.4 mean: 522.3656716417911
gen: 11 best: 492.4 mean: 521.8014925373134
gen: 12 best: 492.4 mean: 521.2661691542288
gen: 13 best: 492.4 mean: 521.5457711442787
gen: 14 best: 492.4 mean: 520.8019900497512
gen: 15 best: 492.4 mean: 519.4756218905472
gen: 16 best: 492.4 mean: 518.3064676616915
gen: 17 best: 492.4 mean: 517.6308457711443
gen: 18 best: 492.4 mean: 517.0875621890548
gen: 19 best: 492.4 mean: 516.9611940298507
gen: 20 best: 492.4 mean: 518.1353233830846
gen: 21 best: 492.4 mean: 517.5338308457711
gen: 22 best: 492.4 mean: 516.4582089552239
gen: 23 best: 492.4 mean: 513.573631840796
gen: 24 best: 492.4 mean: 513.2064676616916
gen: 25 best: 492.4 mean: 513.7646766169154
gen: 26 best: 492.4 mean: 512.0676616915423
gen: 27 best: 492.4 mean: 512.034328358209
gen >28, new best = 490.700
gen: 28 best: 490.7 mean: 510.5442786069652
gen: 29 best: 490.7 mean: 509.9731343283582
gen >30, new best = 486.600
gen >30, new best = 486.500
gen: 30 best: 486.5 mean: 509.00099502487564
gen: 31 best: 486.5 mean: 508.8950248756219
gen >32, new best = 486.100
gen >32, new best = 482.500
gen: 32 best: 482.5 mean: 508.0502487562189
gen: 33 best: 482.5 mean: 507.3442786069652
gen: 34 best: 482.5 mean: 507.9691542288557
gen: 35 best: 482.5 mean: 506.58159203980097
gen >36, new best = 481.500
gen: 36 best: 481.5 mean: 505.42985074626864
gen: 37 best: 481.5 mean: 505.20199004975126
gen: 38 best: 481.5 mean: 505.2407960199005
gen: 39 best: 481.5 mean: 504.38009950248755
gen >40, new best = 478.900
gen: 40 best: 478.9 mean: 504.3
gen: 41 best: 478.9 mean: 504.7766169154229
gen >42, new best = 478.200
gen: 42 best: 478.2 mean: 503.8174129353234
gen: 43 best: 478.2 mean: 503.7771144278607
gen: 44 best: 478.2 mean: 503.55273631840794
gen: 45 best: 478.2 mean: 503.06169154228854
gen: 46 best: 478.2 mean: 502.5134328358209
gen: 47 best: 478.2 mean: 502.7855721393035
gen: 48 best: 478.2 mean: 501.67860696517414
gen: 49 best: 478.2 mean: 501.5691542288557
gen: 50 best: 478.2 mean: 501.14925373134326
gen >51, new best = 473.700
gen: 51 best: 473.7 mean: 500.2124378109453
gen: 52 best: 473.7 mean: 500.7308457711443
gen: 53 best: 473.7 mean: 500.7686567164179
gen: 54 best: 473.7 mean: 500.4890547263682
gen >55, new best = 455.800
gen: 55 best: 455.8 mean: 499.5144278606965
gen: 56 best: 455.8 mean: 500.1084577114428
gen: 57 best: 455.8 mean: 499.9547263681592
gen: 58 best: 455.8 mean: 500.055223880597
gen: 59 best: 455.8 mean: 498.80696517412935
gen: 60 best: 455.8 mean: 498.5935323383085
gen: 61 best: 455.8 mean: 499.2681592039801
gen: 62 best: 455.8 mean: 499.0442786069652
gen: 63 best: 455.8 mean: 498.01542288557215
gen: 64 best: 455.8 mean: 497.6273631840796
gen: 65 best: 455.8 mean: 498.3532338308458
gen: 66 best: 455.8 mean: 496.8532338308458
gen: 67 best: 455.8 mean: 496.87064676616916
gen: 68 best: 455.8 mean: 497.23830845771147
gen: 69 best: 455.8 mean: 497.42935323383085
gen: 70 best: 455.8 mean: 497.49004975124376
gen: 71 best: 455.8 mean: 496.5417910447761
gen: 72 best: 455.8 mean: 496.4412935323383
gen: 73 best: 455.8 mean: 496.5353233830846
gen: 74 best: 455.8 mean: 496.25174129353235
gen: 75 best: 455.8 mean: 495.87960199004976
gen: 76 best: 455.8 mean: 496.37014925373137
gen: 77 best: 455.8 mean: 495.05771144278606
gen: 78 best: 455.8 mean: 495.4218905472637
gen: 79 best: 455.8 mean: 494.30696517412935
gen: 80 best: 455.8 mean: 494.26169154228853
gen: 81 best: 455.8 mean: 493.9323383084577
gen: 82 best: 455.8 mean: 494.16965174129353
gen: 83 best: 455.8 mean: 494.3144278606965
gen: 84 best: 455.8 mean: 494.08905472636815
gen: 85 best: 455.8 mean: 493.50995024875624
gen: 86 best: 455.8 mean: 493.3915422885572
gen: 87 best: 455.8 mean: 493.9124378109453
gen: 88 best: 455.8 mean: 493.4278606965174
gen: 89 best: 455.8 mean: 493.7761194029851
gen: 90 best: 455.8 mean: 494.6502487562189
gen: 91 best: 455.8 mean: 493.43681592039803
gen: 92 best: 455.8 mean: 492.5601990049751
gen: 93 best: 455.8 mean: 493.0477611940299
gen: 94 best: 455.8 mean: 492.7507462686567
gen: 95 best: 455.8 mean: 492.8318407960199
gen: 96 best: 455.8 mean: 493.2771144278607
gen: 97 best: 455.8 mean: 492.8139303482587
gen: 98 best: 455.8 mean: 491.9174129353234
gen: 99 best: 455.8 mean: 492.4089552238806
[8, 7, 7, 7, 8, 8, 7, 9, 8, 9, 8, 7, 8, 8, 8, 7, 8, 8, 7, 7, 8, 8, 7, 7, 7, 7, 8, 8, 8, 7, 7, 8, 7, 8, 7, 7, 7, 7, 7, 7, 8, 7, 7, 7]
Test count of edges: 2362
cat
