Defaulting to user installation because normal site-packages is not writeable
Looking in links: /cvmfs/soft.computecanada.ca/custom/python/wheelhouse/gentoo/avx2, /cvmfs/soft.computecanada.ca/custom/python/wheelhouse/gentoo/generic, /cvmfs/soft.computecanada.ca/custom/python/wheelhouse/generic
Requirement already satisfied: graphviz in /home/js17sy/.local/lib/python3.10/site-packages (0.20)
255; python ga.py 24 768N_graph24.dat 0.05 0.02 0.5 0.9 0.1 201 768N_graph24mediumgen3rem50_ 428415
/project/6008788/js17sy/reopenga/768c/ga.py:291: DeprecationWarning: Sampling from a set deprecated
since Python 3.9 and will be removed in a subsequent version.
  child1 = set(random.sample(
gen >0, new best = 490.200
gen >0, new best = 473.600
gen >0, new best = 472.600
gen >0, new best = 471.500
gen: 0 best: 471.5 mean: 491.8995024875622
gen >1, new best = 470.200
gen >1, new best = 467.600
gen: 1 best: 467.6 mean: 490.10149253731345
gen >2, new best = 466.900
gen: 2 best: 466.9 mean: 490.2412935323383
gen >3, new best = 465.500
gen >3, new best = 458.300
gen: 3 best: 458.3 mean: 487.74328358208953
gen >4, new best = 456.400
gen: 4 best: 456.4 mean: 487.9273631840796
gen: 5 best: 456.4 mean: 487.6810945273632
gen: 6 best: 456.4 mean: 487.7562189054726
gen: 7 best: 456.4 mean: 485.8845771144279
gen: 8 best: 456.4 mean: 484.3144278606965
gen: 9 best: 456.4 mean: 484.2950248756219
gen >10, new best = 454.200
gen: 10 best: 454.2 mean: 483.37462686567164
gen >11, new best = 452.400
gen: 11 best: 452.4 mean: 482.6208955223881
gen: 12 best: 452.4 mean: 482.90547263681594
gen: 13 best: 452.4 mean: 481.0407960199005
gen: 14 best: 452.4 mean: 481.0452736318408
gen >15, new best = 451.800
gen: 15 best: 451.8 mean: 480.71144278606965
gen: 16 best: 451.8 mean: 480.02636815920397
gen >17, new best = 448.800
gen: 17 best: 448.8 mean: 479.2218905472637
gen: 18 best: 448.8 mean: 478.0049751243781
gen: 19 best: 448.8 mean: 477.7512437810945
gen >20, new best = 448.400
gen >20, new best = 446.800
gen: 20 best: 446.8 mean: 476.5905472636816
gen: 21 best: 446.8 mean: 476.7223880597015
gen: 22 best: 446.8 mean: 475.71890547263683
gen: 23 best: 446.8 mean: 474.47960199004973
gen: 24 best: 446.8 mean: 475.12039800995024
gen >25, new best = 444.900
gen: 25 best: 444.9 mean: 471.60895522388057
gen: 26 best: 444.9 mean: 473.43283582089555
gen >27, new best = 440.300
gen: 27 best: 440.3 mean: 471.2308457711443
gen: 28 best: 440.3 mean: 470.99751243781094
gen: 29 best: 440.3 mean: 471.518407960199
gen: 30 best: 440.3 mean: 470.8905472636816
gen: 31 best: 440.3 mean: 470.7218905472637
gen: 32 best: 440.3 mean: 469.8482587064677
gen: 33 best: 440.3 mean: 469.71691542288556
gen: 34 best: 440.3 mean: 470.5681592039801
gen: 35 best: 440.3 mean: 470.2820895522388
gen: 36 best: 440.3 mean: 467.589552238806
gen: 37 best: 440.3 mean: 467.93482587064676
gen: 38 best: 440.3 mean: 467.87412935323385
gen: 39 best: 440.3 mean: 467.03034825870645
gen >40, new best = 436.200
gen: 40 best: 436.2 mean: 466.7233830845771
gen: 41 best: 436.2 mean: 465.7776119402985
gen: 42 best: 436.2 mean: 466.26616915422886
gen: 43 best: 436.2 mean: 464.22487562189053
gen: 44 best: 436.2 mean: 465.0950248756219
gen: 45 best: 436.2 mean: 463.9407960199005
gen: 46 best: 436.2 mean: 464.0696517412935
gen: 47 best: 436.2 mean: 463.56865671641793
gen >48, new best = 427.800
gen: 48 best: 427.8 mean: 462.2771144278607
gen: 49 best: 427.8 mean: 462.1134328358209
gen: 50 best: 427.8 mean: 461.5915422885572
gen: 51 best: 427.8 mean: 461.59402985074627
gen: 52 best: 427.8 mean: 461.8044776119403
gen: 53 best: 427.8 mean: 460.34328358208955
gen: 54 best: 427.8 mean: 459.9179104477612
gen: 55 best: 427.8 mean: 459.8318407960199
gen: 56 best: 427.8 mean: 460.11243781094527
gen: 57 best: 427.8 mean: 460.01044776119403
gen: 58 best: 427.8 mean: 459.3810945273632
gen: 59 best: 427.8 mean: 459.23034825870644
gen: 60 best: 427.8 mean: 457.7726368159204
gen: 61 best: 427.8 mean: 456.6393034825871
gen: 62 best: 427.8 mean: 457.2223880597015
gen: 63 best: 427.8 mean: 456.9283582089552
gen: 64 best: 427.8 mean: 457.5353233830846
gen: 65 best: 427.8 mean: 457.1666666666667
gen >66, new best = 426.600
gen: 66 best: 426.6 mean: 456.51890547263685
gen: 67 best: 426.6 mean: 456.06069651741296
gen: 68 best: 426.6 mean: 455.3905472636816
gen: 69 best: 426.6 mean: 454.95671641791046
gen: 70 best: 426.6 mean: 454.43333333333334
gen: 71 best: 426.6 mean: 454.2402985074627
gen: 72 best: 426.6 mean: 454.64029850746266
gen: 73 best: 426.6 mean: 454.1900497512438
gen >74, new best = 425.500
gen: 74 best: 425.5 mean: 453.7507462686567
gen: 75 best: 425.5 mean: 454.8169154228856
gen: 76 best: 425.5 mean: 452.8179104477612
gen: 77 best: 425.5 mean: 452.9124378109453
gen: 78 best: 425.5 mean: 454.45124378109455
gen >79, new best = 423.800
gen: 79 best: 423.8 mean: 452.9721393034826
gen: 80 best: 423.8 mean: 452.4457711442786
gen: 81 best: 423.8 mean: 452.63830845771145
gen: 82 best: 423.8 mean: 452.88557213930346
gen: 83 best: 423.8 mean: 451.89353233830843
gen: 84 best: 423.8 mean: 450.6825870646766
gen: 85 best: 423.8 mean: 452.61990049751245
gen: 86 best: 423.8 mean: 451.844776119403
gen: 87 best: 423.8 mean: 452.9721393034826
gen: 88 best: 423.8 mean: 452.3731343283582
gen: 89 best: 423.8 mean: 451.15621890547266
gen: 90 best: 423.8 mean: 451.34378109452734
gen: 91 best: 423.8 mean: 453.036815920398
gen: 92 best: 423.8 mean: 451.48059701492537
gen >93, new best = 416.300
gen: 93 best: 416.3 mean: 450.5233830845771
gen: 94 best: 416.3 mean: 451.1059701492537
gen: 95 best: 416.3 mean: 450.36119402985076
gen: 96 best: 416.3 mean: 450.8975124378109
gen: 97 best: 416.3 mean: 451.3134328358209
gen: 98 best: 416.3 mean: 449.53880597014927
gen: 99 best: 416.3 mean: 450.26467661691544
[9, 9, 9, 7, 9, 10, 8, 8, 8, 8, 9, 11, 9, 10, 9, 8, 8, 7, 8, 10, 10, 9, 8, 9, 9, 9, 8, 8, 8, 10, 8, 9, 9, 8, 9, 10, 8, 11, 9, 8]
Test count of edges: 2354
cat
