Defaulting to user installation because normal site-packages is not writeable
Looking in links: /cvmfs/soft.computecanada.ca/custom/python/wheelhouse/gentoo/avx2, /cvmfs/soft.computecanada.ca/custom/python/wheelhouse/gentoo/generic, /cvmfs/soft.computecanada.ca/custom/python/wheelhouse/generic
Requirement already satisfied: graphviz in /home/js17sy/.local/lib/python3.10/site-packages (0.20)
665; python ga.py 24 768N_graph24.dat 0.1 0.04 0.7 0.7 0.3 201 768N_graph24leerygen2rem70_ 142805
/project/6008788/js17sy/reopenga/768c/ga.py:291: DeprecationWarning: Sampling from a set deprecated
since Python 3.9 and will be removed in a subsequent version.
  child1 = set(random.sample(
gen >0, new best = 525.600
gen >0, new best = 515.800
gen >0, new best = 506.800
gen >0, new best = 492.900
gen >0, new best = 489.200
gen >0, new best = 462.600
gen: 0 best: 462.6 mean: 512.2912935323383
gen: 1 best: 462.6 mean: 510.06318407960197
gen: 2 best: 462.6 mean: 506.2771144278607
gen: 3 best: 462.6 mean: 507.63830845771145
gen >4, new best = 458.100
gen: 4 best: 458.1 mean: 504.0134328358209
gen: 5 best: 458.1 mean: 502.565671641791
gen: 6 best: 458.1 mean: 499.7412935323383
gen: 7 best: 458.1 mean: 500.91990049751246
gen >8, new best = 456.400
gen: 8 best: 456.4 mean: 501.8074626865672
gen >9, new best = 447.700
gen: 9 best: 447.7 mean: 497.8223880597015
gen: 10 best: 447.7 mean: 497.22437810945274
gen >11, new best = 443.600
gen: 11 best: 443.6 mean: 494.963184079602
gen: 12 best: 443.6 mean: 494.24328358208953
gen: 13 best: 443.6 mean: 491.9412935323383
gen: 14 best: 443.6 mean: 492.3462686567164
gen: 15 best: 443.6 mean: 487.66965174129353
gen: 16 best: 443.6 mean: 488.9233830845771
gen: 17 best: 443.6 mean: 487.35970149253734
gen: 18 best: 443.6 mean: 485.64776119402984
gen >19, new best = 438.200
gen: 19 best: 438.2 mean: 485.752736318408
gen: 20 best: 438.2 mean: 485.0875621890547
gen >21, new best = 434.400
gen: 21 best: 434.4 mean: 482.0308457711443
gen: 22 best: 434.4 mean: 480.90199004975125
gen >23, new best = 429.800
gen: 23 best: 429.8 mean: 481.32338308457713
gen: 24 best: 429.8 mean: 480.9761194029851
gen: 25 best: 429.8 mean: 478.907960199005
gen: 26 best: 429.8 mean: 479.10746268656715
gen: 27 best: 429.8 mean: 477.3149253731343
gen: 28 best: 429.8 mean: 476.88009950248755
gen: 29 best: 429.8 mean: 477.73532338308456
gen: 30 best: 429.8 mean: 476.0825870646766
gen: 31 best: 429.8 mean: 474.6557213930348
gen: 32 best: 429.8 mean: 473.65223880597017
gen: 33 best: 429.8 mean: 474.3313432835821
gen: 34 best: 429.8 mean: 471.6189054726368
gen: 35 best: 429.8 mean: 471.5696517412935
gen >36, new best = 426.400
gen: 36 best: 426.4 mean: 471.6009950248756
gen: 37 best: 426.4 mean: 469.2955223880597
gen: 38 best: 426.4 mean: 472.87860696517413
gen: 39 best: 426.4 mean: 469.6502487562189
gen >40, new best = 419.400
gen: 40 best: 419.4 mean: 469.03880597014927
gen: 41 best: 419.4 mean: 467.23731343283583
gen: 42 best: 419.4 mean: 466.32885572139304
gen: 43 best: 419.4 mean: 466.2044776119403
gen: 44 best: 419.4 mean: 465.1945273631841
gen: 45 best: 419.4 mean: 466.93681592039803
gen: 46 best: 419.4 mean: 466.10348258706466
gen: 47 best: 419.4 mean: 464.7497512437811
gen: 48 best: 419.4 mean: 463.79751243781095
gen: 49 best: 419.4 mean: 464.35820895522386
gen: 50 best: 419.4 mean: 463.0164179104478
gen: 51 best: 419.4 mean: 463.7950248756219
gen: 52 best: 419.4 mean: 463.75174129353235
gen: 53 best: 419.4 mean: 463.85771144278607
gen: 54 best: 419.4 mean: 461.72935323383086
gen: 55 best: 419.4 mean: 461.37611940298507
gen: 56 best: 419.4 mean: 460.8278606965174
gen: 57 best: 419.4 mean: 460.6850746268657
gen >58, new best = 418.700
gen: 58 best: 418.7 mean: 461.3572139303483
gen: 59 best: 418.7 mean: 461.55174129353236
gen: 60 best: 418.7 mean: 460.31044776119404
gen >61, new best = 414.000
gen: 61 best: 414.0 mean: 459.4179104477612
gen: 62 best: 414.0 mean: 460.2945273631841
gen >63, new best = 410.900
gen: 63 best: 410.9 mean: 458.02537313432833
gen: 64 best: 410.9 mean: 459.98457711442785
gen: 65 best: 410.9 mean: 458.3805970149254
gen: 66 best: 410.9 mean: 457.63432835820896
gen: 67 best: 410.9 mean: 456.581592039801
gen: 68 best: 410.9 mean: 458.9213930348259
gen: 69 best: 410.9 mean: 457.84328358208955
gen: 70 best: 410.9 mean: 456.95124378109455
gen: 71 best: 410.9 mean: 459.39452736318407
gen: 72 best: 410.9 mean: 458.32537313432834
gen: 73 best: 410.9 mean: 457.4154228855721
gen: 74 best: 410.9 mean: 457.13880597014924
gen: 75 best: 410.9 mean: 456.04875621890545
gen >76, new best = 402.300
gen: 76 best: 402.3 mean: 455.0731343283582
gen: 77 best: 402.3 mean: 457.95124378109455
gen: 78 best: 402.3 mean: 454.8298507462687
gen: 79 best: 402.3 mean: 455.19651741293535
gen: 80 best: 402.3 mean: 455.35820895522386
gen: 81 best: 402.3 mean: 455.2671641791045
gen: 82 best: 402.3 mean: 455.7144278606965
gen: 83 best: 402.3 mean: 454.92089552238804
gen: 84 best: 402.3 mean: 453.0109452736318
gen: 85 best: 402.3 mean: 453.55572139303484
gen: 86 best: 402.3 mean: 453.8089552238806
gen: 87 best: 402.3 mean: 453.0786069651741
gen: 88 best: 402.3 mean: 452.56865671641793
gen: 89 best: 402.3 mean: 451.9766169154229
gen: 90 best: 402.3 mean: 452.13084577114427
gen: 91 best: 402.3 mean: 451.8776119402985
gen: 92 best: 402.3 mean: 451.75771144278605
gen: 93 best: 402.3 mean: 451.76616915422886
gen: 94 best: 402.3 mean: 453.07412935323384
gen: 95 best: 402.3 mean: 450.3353233830846
gen >96, new best = 397.200
gen: 96 best: 397.2 mean: 450.79701492537316
gen: 97 best: 397.2 mean: 450.4955223880597
gen: 98 best: 397.2 mean: 448.9965174129353
gen: 99 best: 397.2 mean: 451.8537313432836
[6, 7, 6, 6, 6, 9, 6, 7, 7, 8, 7, 6, 7, 7, 8, 7, 7, 6, 7, 6, 6, 6, 7, 8, 7, 6, 7, 6, 6, 6, 6, 7, 7, 7, 7, 8, 7, 7, 7, 6, 6, 8, 6, 6]
Test count of edges: 1433
cat
