Defaulting to user installation because normal site-packages is not writeable
Looking in links: /cvmfs/soft.computecanada.ca/custom/python/wheelhouse/gentoo/avx2, /cvmfs/soft.computecanada.ca/custom/python/wheelhouse/gentoo/generic, /cvmfs/soft.computecanada.ca/custom/python/wheelhouse/generic
Requirement already satisfied: graphviz in /home/js17sy/.local/lib/python3.10/site-packages (0.20)
603; python ga.py 24 768N_graph24.dat 0.1 0.04 0.5 0.9 0.1 201 768N_graph24leerygen3rem50_ 85683
/project/6008788/js17sy/reopenga/768c/ga.py:291: DeprecationWarning: Sampling from a set deprecated
since Python 3.9 and will be removed in a subsequent version.
  child1 = set(random.sample(
gen >0, new best = 522.600
gen >0, new best = 520.100
gen >0, new best = 513.400
gen >0, new best = 509.100
gen: 0 best: 509.1 mean: 529.4465174129353
gen >1, new best = 509.000
gen: 1 best: 509.0 mean: 529.0084577114428
gen >2, new best = 508.300
gen: 2 best: 508.3 mean: 527.5900497512438
gen >3, new best = 505.400
gen: 3 best: 505.4 mean: 526.528855721393
gen >4, new best = 501.000
gen: 4 best: 501.0 mean: 526.1248756218905
gen: 5 best: 501.0 mean: 525.3119402985075
gen: 6 best: 501.0 mean: 524.5442786069651
gen >7, new best = 500.600
gen: 7 best: 500.6 mean: 523.4935323383085
gen: 8 best: 500.6 mean: 523.7497512437811
gen: 9 best: 500.6 mean: 523.4865671641791
gen: 10 best: 500.6 mean: 522.6611940298508
gen >11, new best = 500.300
gen >11, new best = 496.600
gen: 11 best: 496.6 mean: 521.7915422885573
gen: 12 best: 496.6 mean: 521.2134328358209
gen: 13 best: 496.6 mean: 519.2174129353234
gen >14, new best = 492.800
gen: 14 best: 492.8 mean: 519.4412935323384
gen: 15 best: 492.8 mean: 518.239303482587
gen: 16 best: 492.8 mean: 517.7507462686567
gen: 17 best: 492.8 mean: 517.223880597015
gen: 18 best: 492.8 mean: 516.2358208955224
gen: 19 best: 492.8 mean: 516.2124378109453
gen: 20 best: 492.8 mean: 516.0671641791045
gen: 21 best: 492.8 mean: 515.4323383084577
gen >22, new best = 487.800
gen: 22 best: 487.8 mean: 514.579104477612
gen: 23 best: 487.8 mean: 514.1965174129353
gen: 24 best: 487.8 mean: 513.6049751243781
gen: 25 best: 487.8 mean: 512.6492537313433
gen: 26 best: 487.8 mean: 512.0363184079602
gen: 27 best: 487.8 mean: 511.3626865671642
gen: 28 best: 487.8 mean: 509.8223880597015
gen: 29 best: 487.8 mean: 511.14328358208957
gen: 30 best: 487.8 mean: 510.2955223880597
gen: 31 best: 487.8 mean: 508.771144278607
gen: 32 best: 487.8 mean: 508.0786069651741
gen: 33 best: 487.8 mean: 507.4407960199005
gen: 34 best: 487.8 mean: 508.1825870646766
gen >35, new best = 485.800
gen: 35 best: 485.8 mean: 507.31940298507465
gen: 36 best: 485.8 mean: 507.58855721393036
gen >37, new best = 478.800
gen: 37 best: 478.8 mean: 506.0845771144279
gen: 38 best: 478.8 mean: 506.0880597014925
gen: 39 best: 478.8 mean: 506.0268656716418
gen: 40 best: 478.8 mean: 505.36119402985076
gen: 41 best: 478.8 mean: 504.25174129353235
gen: 42 best: 478.8 mean: 503.9542288557214
gen: 43 best: 478.8 mean: 505.21343283582087
gen: 44 best: 478.8 mean: 503.8502487562189
gen: 45 best: 478.8 mean: 504.2009950248756
gen >46, new best = 477.700
gen: 46 best: 477.7 mean: 503.5820895522388
gen: 47 best: 477.7 mean: 502.16616915422884
gen: 48 best: 477.7 mean: 503.4925373134328
gen: 49 best: 477.7 mean: 502.71094527363186
gen >50, new best = 476.900
gen: 50 best: 476.9 mean: 501.28308457711444
gen: 51 best: 476.9 mean: 501.18358208955226
gen: 52 best: 476.9 mean: 500.5223880597015
gen: 53 best: 476.9 mean: 500.34676616915425
gen: 54 best: 476.9 mean: 500.3860696517413
gen: 55 best: 476.9 mean: 499.81243781094526
gen: 56 best: 476.9 mean: 499.3004975124378
gen: 57 best: 476.9 mean: 498.94228855721394
gen >58, new best = 474.400
gen: 58 best: 474.4 mean: 498.6487562189055
gen: 59 best: 474.4 mean: 497.94825870646764
gen: 60 best: 474.4 mean: 497.69651741293535
gen: 61 best: 474.4 mean: 497.49303482587067
gen: 62 best: 474.4 mean: 496.65820895522387
gen: 63 best: 474.4 mean: 496.8537313432836
gen: 64 best: 474.4 mean: 496.9636815920398
gen >65, new best = 468.700
gen: 65 best: 468.7 mean: 494.50248756218906
gen: 66 best: 468.7 mean: 496.10348258706466
gen: 67 best: 468.7 mean: 496.27512437810947
gen: 68 best: 468.7 mean: 495.78805970149256
gen >69, new best = 467.100
gen: 69 best: 467.1 mean: 496.23880597014926
gen: 70 best: 467.1 mean: 494.6885572139303
gen: 71 best: 467.1 mean: 495.1373134328358
gen: 72 best: 467.1 mean: 494.6910447761194
gen: 73 best: 467.1 mean: 494.1154228855721
gen: 74 best: 467.1 mean: 494.8407960199005
gen: 75 best: 467.1 mean: 493.4910447761194
gen: 76 best: 467.1 mean: 495.0328358208955
gen: 77 best: 467.1 mean: 494.3771144278607
gen: 78 best: 467.1 mean: 493.2363184079602
gen: 79 best: 467.1 mean: 492.22039800995026
gen: 80 best: 467.1 mean: 491.96218905472637
gen >81, new best = 465.500
gen: 81 best: 465.5 mean: 492.61243781094527
gen: 82 best: 465.5 mean: 492.0134328358209
gen: 83 best: 465.5 mean: 492.74626865671644
gen: 84 best: 465.5 mean: 492.2124378109453
gen: 85 best: 465.5 mean: 493.67860696517414
gen: 86 best: 465.5 mean: 492.3731343283582
gen: 87 best: 465.5 mean: 491.8810945273632
gen: 88 best: 465.5 mean: 490.7512437810945
gen: 89 best: 465.5 mean: 490.95522388059703
gen: 90 best: 465.5 mean: 491.6681592039801
gen: 91 best: 465.5 mean: 490.5457711442786
gen: 92 best: 465.5 mean: 490.4308457711443
gen: 93 best: 465.5 mean: 489.72587064676617
gen >94, new best = 461.800
gen: 94 best: 461.8 mean: 489.3940298507463
gen: 95 best: 461.8 mean: 488.63880597014924
gen: 96 best: 461.8 mean: 489.228855721393
gen: 97 best: 461.8 mean: 489.34726368159204
gen: 98 best: 461.8 mean: 490.02487562189054
gen: 99 best: 461.8 mean: 489.3298507462687
[7, 8, 7, 9, 8, 8, 7, 9, 9, 9, 7, 8, 9, 7, 7, 7, 7, 7, 8, 7, 7, 7, 8, 7, 7, 7, 7, 7, 9, 8, 7, 7, 7, 8, 8, 7, 8, 7, 9, 8, 9, 9, 7]
Test count of edges: 2357
cat
