Defaulting to user installation because normal site-packages is not writeable
Looking in links: /cvmfs/soft.computecanada.ca/custom/python/wheelhouse/gentoo/avx2, /cvmfs/soft.computecanada.ca/custom/python/wheelhouse/gentoo/generic, /cvmfs/soft.computecanada.ca/custom/python/wheelhouse/generic
Requirement already satisfied: graphviz in /home/js17sy/.local/lib/python3.10/site-packages (0.20)
99; python ga.py 24 768N_graph24.dat 0.025 0.01 0.7 0.5 0.5 201 768N_graph24strictgen1rem70_ 257049
/project/6008788/js17sy/reopenga/768c/ga.py:291: DeprecationWarning: Sampling from a set deprecated
since Python 3.9 and will be removed in a subsequent version.
  child1 = set(random.sample(
gen >0, new best = 463.500
gen >0, new best = 461.600
gen >0, new best = 417.100
gen >0, new best = 410.500
gen >0, new best = 409.400
gen >0, new best = 397.000
gen >0, new best = 395.100
gen >0, new best = 328.500
gen: 0 best: 328.5 mean: 469.4455223880597
gen: 1 best: 328.5 mean: 468.7009950248756
gen: 2 best: 328.5 mean: 464.87611940298507
gen: 3 best: 328.5 mean: 454.8865671641791
gen: 4 best: 328.5 mean: 452.0109452736318
gen: 5 best: 328.5 mean: 444.5820895522388
gen: 6 best: 328.5 mean: 437.92388059701494
gen: 7 best: 328.5 mean: 434.3756218905473
gen >8, new best = 328.200
gen: 8 best: 328.2 mean: 434.4537313432836
gen >9, new best = 321.600
gen: 9 best: 321.6 mean: 427.80646766169156
gen: 10 best: 321.6 mean: 428.99900497512436
gen: 11 best: 321.6 mean: 426.2930348258706
gen: 12 best: 321.6 mean: 419.80696517412935
gen: 13 best: 321.6 mean: 419.80497512437813
gen >14, new best = 317.800
gen: 14 best: 317.8 mean: 415.1756218905473
gen >15, new best = 316.300
gen: 15 best: 316.3 mean: 415.01144278606967
gen: 16 best: 316.3 mean: 407.4189054726368
gen >17, new best = 311.600
gen: 17 best: 311.6 mean: 404.33383084577116
gen: 18 best: 311.6 mean: 401.42089552238804
gen: 19 best: 311.6 mean: 396.84278606965177
gen >20, new best = 309.100
gen: 20 best: 309.1 mean: 397.60696517412936
gen >21, new best = 308.100
gen: 21 best: 308.1 mean: 396.89850746268655
gen: 22 best: 308.1 mean: 394.31990049751244
gen >23, new best = 292.700
gen: 23 best: 292.7 mean: 390.94825870646764
gen: 24 best: 292.7 mean: 390.49154228855724
gen: 25 best: 292.7 mean: 382.963184079602
gen: 26 best: 292.7 mean: 379.0905472636816
gen >27, new best = 287.800
gen: 27 best: 287.8 mean: 380.981592039801
gen: 28 best: 287.8 mean: 381.5771144278607
gen: 29 best: 287.8 mean: 375.09850746268654
gen: 30 best: 287.8 mean: 376.5477611940299
gen: 31 best: 287.8 mean: 375.5169154228856
gen: 32 best: 287.8 mean: 371.7159203980099
gen: 33 best: 287.8 mean: 371.7766169154229
gen: 34 best: 287.8 mean: 369.84378109452734
gen: 35 best: 287.8 mean: 368.3243781094527
gen: 36 best: 287.8 mean: 370.8557213930348
gen: 37 best: 287.8 mean: 366.37462686567164
gen: 38 best: 287.8 mean: 366.85223880597016
gen: 39 best: 287.8 mean: 363.0537313432836
gen: 40 best: 287.8 mean: 364.7268656716418
gen: 41 best: 287.8 mean: 364.14328358208957
gen: 42 best: 287.8 mean: 366.9855721393035
gen: 43 best: 287.8 mean: 365.397512437811
gen: 44 best: 287.8 mean: 360.1338308457712
gen >45, new best = 285.900
gen: 45 best: 285.9 mean: 363.39651741293534
gen: 46 best: 285.9 mean: 359.9
gen: 47 best: 285.9 mean: 356.2681592039801
gen: 48 best: 285.9 mean: 354.78457711442786
gen: 49 best: 285.9 mean: 360.64328358208957
gen: 50 best: 285.9 mean: 355.9820895522388
gen: 51 best: 285.9 mean: 357.2601990049751
gen: 52 best: 285.9 mean: 356.736815920398
gen: 53 best: 285.9 mean: 357.19850746268656
gen: 54 best: 285.9 mean: 359.0139303482587
gen >55, new best = 284.300
gen: 55 best: 284.3 mean: 354.80696517412935
gen: 56 best: 284.3 mean: 355.663184079602
gen: 57 best: 284.3 mean: 353.4800995024876
gen: 58 best: 284.3 mean: 353.7044776119403
gen: 59 best: 284.3 mean: 353.0462686567164
gen: 60 best: 284.3 mean: 350.22786069651744
gen: 61 best: 284.3 mean: 349.66169154228857
gen: 62 best: 284.3 mean: 354.8407960199005
gen: 63 best: 284.3 mean: 352.4577114427861
gen: 64 best: 284.3 mean: 353.5676616915423
gen: 65 best: 284.3 mean: 353.14378109452736
gen: 66 best: 284.3 mean: 352.1830845771144
gen: 67 best: 284.3 mean: 349.0318407960199
gen: 68 best: 284.3 mean: 351.13830845771145
gen: 69 best: 284.3 mean: 349.3820895522388
gen: 70 best: 284.3 mean: 351.952736318408
gen: 71 best: 284.3 mean: 350.2328358208955
gen: 72 best: 284.3 mean: 347.89651741293534
gen >73, new best = 274.000
gen: 73 best: 274.0 mean: 349.144776119403
gen >74, new best = 271.200
gen: 74 best: 271.2 mean: 348.5990049751244
gen: 75 best: 271.2 mean: 348.60895522388057
gen: 76 best: 271.2 mean: 347.0328358208955
gen: 77 best: 271.2 mean: 351.5990049751244
gen: 78 best: 271.2 mean: 349.9497512437811
gen: 79 best: 271.2 mean: 349.82537313432834
gen: 80 best: 271.2 mean: 348.61243781094527
gen: 81 best: 271.2 mean: 348.3955223880597
gen: 82 best: 271.2 mean: 348.2651741293532
gen: 83 best: 271.2 mean: 346.99353233830846
gen: 84 best: 271.2 mean: 346.0004975124378
gen: 85 best: 271.2 mean: 346.5437810945274
gen: 86 best: 271.2 mean: 342.8686567164179
gen: 87 best: 271.2 mean: 347.3422885572139
gen: 88 best: 271.2 mean: 345.1910447761194
gen: 89 best: 271.2 mean: 348.4034825870647
gen: 90 best: 271.2 mean: 345.1243781094527
gen: 91 best: 271.2 mean: 344.2835820895522
gen: 92 best: 271.2 mean: 343.7910447761194
gen: 93 best: 271.2 mean: 346.75223880597014
gen: 94 best: 271.2 mean: 347.7502487562189
gen: 95 best: 271.2 mean: 345.7039800995025
gen: 96 best: 271.2 mean: 344.47562189054725
gen: 97 best: 271.2 mean: 346.7094527363184
gen: 98 best: 271.2 mean: 346.56069651741296
gen: 99 best: 271.2 mean: 344.83830845771143
[10, 8, 10, 10, 8, 10, 10, 9, 12, 8, 9, 11, 10, 8, 9, 10, 11, 9, 8, 8, 9, 9, 9, 11, 11, 13, 12, 8, 10, 8, 11, 8, 9, 10, 8, 12, 8, 9, 10, 8, 10, 8, 8]
Test count of edges: 1449
cat
