Defaulting to user installation because normal site-packages is not writeable
Looking in links: /cvmfs/soft.computecanada.ca/custom/python/wheelhouse/gentoo/avx2, /cvmfs/soft.computecanada.ca/custom/python/wheelhouse/gentoo/generic, /cvmfs/soft.computecanada.ca/custom/python/wheelhouse/generic
Requirement already satisfied: graphviz in /home/js17sy/.local/lib/python3.10/site-packages (0.20)
383; python ga.py 24 768N_graph24.dat 0.075 0.03 0.5 0.5 0.5 201 768N_graph24laxgen1rem50_ 656903
/project/6008788/js17sy/reopenga/768c/ga.py:291: DeprecationWarning: Sampling from a set deprecated
since Python 3.9 and will be removed in a subsequent version.
  child1 = set(random.sample(
gen >0, new best = 525.000
gen >0, new best = 523.000
gen >0, new best = 514.900
gen >0, new best = 509.200
gen >0, new best = 508.700
gen >0, new best = 494.100
gen: 0 best: 494.1 mean: 516.7323383084577
gen: 1 best: 494.1 mean: 515.4626865671642
gen >2, new best = 485.300
gen: 2 best: 485.3 mean: 514.2825870646766
gen: 3 best: 485.3 mean: 512.8412935323383
gen: 4 best: 485.3 mean: 512.7786069651742
gen: 5 best: 485.3 mean: 512.5199004975125
gen: 6 best: 485.3 mean: 510.82338308457713
gen >7, new best = 481.900
gen: 7 best: 481.9 mean: 509.74328358208953
gen: 8 best: 481.9 mean: 509.8532338308458
gen: 9 best: 481.9 mean: 508.37014925373137
gen: 10 best: 481.9 mean: 508.4616915422886
gen >11, new best = 480.800
gen: 11 best: 480.8 mean: 508.0900497512438
gen: 12 best: 480.8 mean: 507.7582089552239
gen: 13 best: 480.8 mean: 507.6761194029851
gen: 14 best: 480.8 mean: 506.0512437810945
gen: 15 best: 480.8 mean: 505.33084577114425
gen >16, new best = 480.400
gen: 16 best: 480.4 mean: 504.826368159204
gen: 17 best: 480.4 mean: 504.43134328358207
gen: 18 best: 480.4 mean: 503.2686567164179
gen: 19 best: 480.4 mean: 502.5691542288557
gen: 20 best: 480.4 mean: 502.0422885572139
gen >21, new best = 478.100
gen: 21 best: 478.1 mean: 500.3905472636816
gen >22, new best = 477.400
gen: 22 best: 477.4 mean: 500.23930348258705
gen: 23 best: 477.4 mean: 499.7039800995025
gen: 24 best: 477.4 mean: 498.34726368159204
gen >25, new best = 474.200
gen: 25 best: 474.2 mean: 498.8412935323383
gen: 26 best: 474.2 mean: 497.9497512437811
gen: 27 best: 474.2 mean: 498.0661691542289
gen: 28 best: 474.2 mean: 497.2089552238806
gen: 29 best: 474.2 mean: 496.75572139303483
gen: 30 best: 474.2 mean: 496.644776119403
gen >31, new best = 472.500
gen: 31 best: 472.5 mean: 495.9049751243781
gen: 32 best: 472.5 mean: 496.21492537313435
gen >33, new best = 471.700
gen: 33 best: 471.7 mean: 496.08507462686566
gen: 34 best: 471.7 mean: 495.1945273631841
gen: 35 best: 471.7 mean: 496.32835820895525
gen: 36 best: 471.7 mean: 494.71343283582087
gen: 37 best: 471.7 mean: 495.66069651741293
gen >38, new best = 467.400
gen: 38 best: 467.4 mean: 495.4278606965174
gen >39, new best = 465.700
gen: 39 best: 465.7 mean: 494.9766169154229
gen: 40 best: 465.7 mean: 494.72935323383086
gen: 41 best: 465.7 mean: 494.41592039801
gen: 42 best: 465.7 mean: 493.9432835820896
gen: 43 best: 465.7 mean: 493.18407960199005
gen: 44 best: 465.7 mean: 493.22786069651744
gen: 45 best: 465.7 mean: 493.9850746268657
gen >46, new best = 461.100
gen: 46 best: 461.1 mean: 493.32835820895525
gen: 47 best: 461.1 mean: 492.2761194029851
gen: 48 best: 461.1 mean: 492.5492537313433
gen: 49 best: 461.1 mean: 492.9776119402985
gen: 50 best: 461.1 mean: 491.49353233830846
gen: 51 best: 461.1 mean: 492.0990049751244
gen: 52 best: 461.1 mean: 491.2676616915423
gen: 53 best: 461.1 mean: 492.271144278607
gen: 54 best: 461.1 mean: 490.9995024875622
gen: 55 best: 461.1 mean: 491.48955223880597
gen: 56 best: 461.1 mean: 491.50646766169154
gen: 57 best: 461.1 mean: 490.2592039800995
gen: 58 best: 461.1 mean: 490.96417910447764
gen: 59 best: 461.1 mean: 489.3407960199005
gen: 60 best: 461.1 mean: 491.34676616915425
gen: 61 best: 461.1 mean: 489.6507462686567
gen: 62 best: 461.1 mean: 489.6174129353234
gen: 63 best: 461.1 mean: 489.54278606965175
gen >64, new best = 461.000
gen: 64 best: 461.0 mean: 489.9542288557214
gen: 65 best: 461.0 mean: 489.24328358208953
gen: 66 best: 461.0 mean: 489.8243781094527
gen: 67 best: 461.0 mean: 489.6134328358209
gen: 68 best: 461.0 mean: 489.45870646766167
gen: 69 best: 461.0 mean: 488.60895522388057
gen: 70 best: 461.0 mean: 488.5452736318408
gen: 71 best: 461.0 mean: 488.0681592039801
gen: 72 best: 461.0 mean: 488.5781094527363
gen: 73 best: 461.0 mean: 487.444776119403
gen: 74 best: 461.0 mean: 487.17164179104475
gen: 75 best: 461.0 mean: 487.46965174129355
gen: 76 best: 461.0 mean: 487.02636815920397
gen: 77 best: 461.0 mean: 487.81044776119404
gen: 78 best: 461.0 mean: 486.8955223880597
gen >79, new best = 460.200
gen: 79 best: 460.2 mean: 487.3223880597015
gen: 80 best: 460.2 mean: 487.4273631840796
gen >81, new best = 459.600
gen: 81 best: 459.6 mean: 487.5268656716418
gen: 82 best: 459.6 mean: 486.4761194029851
gen: 83 best: 459.6 mean: 487.9303482587065
gen: 84 best: 459.6 mean: 486.5089552238806
gen: 85 best: 459.6 mean: 487.0422885572139
gen: 86 best: 459.6 mean: 486.4228855721393
gen: 87 best: 459.6 mean: 485.7223880597015
gen: 88 best: 459.6 mean: 486.6119402985075
gen: 89 best: 459.6 mean: 486.17164179104475
gen: 90 best: 459.6 mean: 487.3218905472637
gen: 91 best: 459.6 mean: 487.5716417910448
gen: 92 best: 459.6 mean: 485.9850746268657
gen: 93 best: 459.6 mean: 486.2437810945274
gen: 94 best: 459.6 mean: 486.4462686567164
gen: 95 best: 459.6 mean: 486.11990049751245
gen: 96 best: 459.6 mean: 485.7129353233831
gen: 97 best: 459.6 mean: 486.39452736318407
gen: 98 best: 459.6 mean: 486.61044776119405
gen >99, new best = 459.200
gen: 99 best: 459.2 mean: 485.47363184079603
[9, 8, 8, 7, 7, 9, 9, 10, 7, 8, 7, 7, 7, 9, 9, 10, 8, 8, 8, 7, 7, 8, 7, 9, 8, 7, 7, 9, 8, 7, 9, 9, 9, 7, 8, 8, 9, 7, 9, 7, 8, 8, 8, 9, 9, 7, 8]
Test count of edges: 2396
cat
