Defaulting to user installation because normal site-packages is not writeable
Looking in links: /cvmfs/soft.computecanada.ca/custom/python/wheelhouse/gentoo/avx2, /cvmfs/soft.computecanada.ca/custom/python/wheelhouse/gentoo/generic, /cvmfs/soft.computecanada.ca/custom/python/wheelhouse/generic
Requirement already satisfied: graphviz in /home/js17sy/.local/lib/python3.10/site-packages (0.20)
116; python ga.py 24 768N_graph24.dat 0.025 0.01 0.7 0.5 0.5 201 768N_graph24strictgen1rem70_ 742586
/project/6008788/js17sy/reopenga/768c/ga.py:291: DeprecationWarning: Sampling from a set deprecated
since Python 3.9 and will be removed in a subsequent version.
  child1 = set(random.sample(
gen >0, new best = 491.600
gen >0, new best = 470.100
gen >0, new best = 441.500
gen >0, new best = 441.100
gen >0, new best = 424.100
gen >0, new best = 412.500
gen >0, new best = 377.800
gen: 0 best: 377.8 mean: 470.4099502487562
gen >1, new best = 353.200
gen: 1 best: 353.2 mean: 461.95323383084576
gen >2, new best = 346.500
gen: 2 best: 346.5 mean: 460.4671641791045
gen >3, new best = 341.900
gen: 3 best: 341.9 mean: 455.49203980099503
gen: 4 best: 341.9 mean: 452.944776119403
gen >5, new best = 340.300
gen: 5 best: 340.3 mean: 448.4771144278607
gen: 6 best: 340.3 mean: 449.4318407960199
gen: 7 best: 340.3 mean: 442.86716417910446
gen: 8 best: 340.3 mean: 435.6497512437811
gen: 9 best: 340.3 mean: 435.4955223880597
gen: 10 best: 340.3 mean: 426.5
gen >11, new best = 310.800
gen: 11 best: 310.8 mean: 419.9810945273632
gen: 12 best: 310.8 mean: 419.99004975124376
gen: 13 best: 310.8 mean: 412.8482587064677
gen: 14 best: 310.8 mean: 411.16069651741293
gen: 15 best: 310.8 mean: 413.09850746268654
gen: 16 best: 310.8 mean: 404.55223880597015
gen: 17 best: 310.8 mean: 407.0437810945274
gen: 18 best: 310.8 mean: 404.53034825870645
gen: 19 best: 310.8 mean: 397.2855721393035
gen >20, new best = 286.200
gen: 20 best: 286.2 mean: 393.6830845771144
gen: 21 best: 286.2 mean: 395.25223880597014
gen: 22 best: 286.2 mean: 388.5273631840796
gen: 23 best: 286.2 mean: 392.03781094527363
gen: 24 best: 286.2 mean: 384.1487562189055
gen: 25 best: 286.2 mean: 383.8915422885572
gen: 26 best: 286.2 mean: 380.126368159204
gen: 27 best: 286.2 mean: 384.80497512437813
gen: 28 best: 286.2 mean: 380.73532338308456
gen: 29 best: 286.2 mean: 379.8318407960199
gen: 30 best: 286.2 mean: 379.77512437810947
gen: 31 best: 286.2 mean: 377.87661691542286
gen: 32 best: 286.2 mean: 374.2417910447761
gen: 33 best: 286.2 mean: 374.7238805970149
gen: 34 best: 286.2 mean: 375.42537313432837
gen: 35 best: 286.2 mean: 371.99004975124376
gen: 36 best: 286.2 mean: 373.37810945273634
gen: 37 best: 286.2 mean: 373.855223880597
gen: 38 best: 286.2 mean: 370.99004975124376
gen: 39 best: 286.2 mean: 367.43830845771146
gen: 40 best: 286.2 mean: 368.9412935323383
gen: 41 best: 286.2 mean: 370.45174129353234
gen: 42 best: 286.2 mean: 369.68905472636817
gen: 43 best: 286.2 mean: 368.36517412935325
gen: 44 best: 286.2 mean: 366.17114427860696
gen: 45 best: 286.2 mean: 361.9761194029851
gen: 46 best: 286.2 mean: 364.00796019900497
gen: 47 best: 286.2 mean: 365.4691542288557
gen: 48 best: 286.2 mean: 365.68358208955226
gen: 49 best: 286.2 mean: 363.80696517412935
gen: 50 best: 286.2 mean: 366.20646766169153
gen: 51 best: 286.2 mean: 361.6517412935323
gen: 52 best: 286.2 mean: 362.86915422885573
gen: 53 best: 286.2 mean: 360.210447761194
gen: 54 best: 286.2 mean: 363.71890547263683
gen >55, new best = 274.600
gen: 55 best: 274.6 mean: 363.855223880597
gen: 56 best: 274.6 mean: 360.2825870646766
gen: 57 best: 274.6 mean: 359.22587064676617
gen: 58 best: 274.6 mean: 360.9034825870647
gen: 59 best: 274.6 mean: 357.1039800995025
gen: 60 best: 274.6 mean: 363.91592039801
gen: 61 best: 274.6 mean: 358.7502487562189
gen: 62 best: 274.6 mean: 359.2417910447761
gen: 63 best: 274.6 mean: 358.52039800995027
gen: 64 best: 274.6 mean: 357.692039800995
gen: 65 best: 274.6 mean: 361.39353233830843
gen: 66 best: 274.6 mean: 358.47512437810946
gen: 67 best: 274.6 mean: 357.1029850746269
gen: 68 best: 274.6 mean: 357.3900497512438
gen: 69 best: 274.6 mean: 357.45174129353234
gen: 70 best: 274.6 mean: 356.47960199004973
gen: 71 best: 274.6 mean: 353.65124378109454
gen: 72 best: 274.6 mean: 354.6810945273632
gen: 73 best: 274.6 mean: 356.8174129353234
gen: 74 best: 274.6 mean: 356.1741293532338
gen: 75 best: 274.6 mean: 353.80298507462686
gen: 76 best: 274.6 mean: 353.2840796019901
gen: 77 best: 274.6 mean: 357.1980099502488
gen: 78 best: 274.6 mean: 352.0716417910448
gen: 79 best: 274.6 mean: 352.1353233830846
gen: 80 best: 274.6 mean: 353.3810945273632
gen: 81 best: 274.6 mean: 354.1810945273632
gen: 82 best: 274.6 mean: 351.49800995024873
gen: 83 best: 274.6 mean: 355.3228855721393
gen: 84 best: 274.6 mean: 350.9547263681592
gen: 85 best: 274.6 mean: 352.3940298507463
gen: 86 best: 274.6 mean: 350.547263681592
gen: 87 best: 274.6 mean: 351.0457711442786
gen: 88 best: 274.6 mean: 348.3313432835821
gen: 89 best: 274.6 mean: 345.04875621890545
gen: 90 best: 274.6 mean: 351.33482587064674
gen: 91 best: 274.6 mean: 349.41144278606964
gen: 92 best: 274.6 mean: 349.17860696517414
gen: 93 best: 274.6 mean: 346.44427860696516
gen: 94 best: 274.6 mean: 347.1059701492537
gen: 95 best: 274.6 mean: 349.9741293532338
gen: 96 best: 274.6 mean: 347.06318407960197
gen: 97 best: 274.6 mean: 351.5512437810945
gen: 98 best: 274.6 mean: 348.9820895522388
gen: 99 best: 274.6 mean: 348.5328358208955
[11, 9, 11, 10, 9, 10, 9, 11, 8, 7, 9, 8, 10, 10, 9, 7, 9, 8, 11, 8, 7, 8, 11, 9, 8, 9, 11, 8, 9, 9, 12, 8, 9, 12, 9, 8, 10, 11, 11, 10, 9, 10, 11, 8, 9, 9]
Test count of edges: 1436
cat
