Defaulting to user installation because normal site-packages is not writeable
Looking in links: /cvmfs/soft.computecanada.ca/custom/python/wheelhouse/gentoo/avx2, /cvmfs/soft.computecanada.ca/custom/python/wheelhouse/gentoo/generic, /cvmfs/soft.computecanada.ca/custom/python/wheelhouse/generic
Requirement already satisfied: graphviz in /home/js17sy/.local/lib/python3.10/site-packages (0.20)
521; python ga.py 24 768N_graph24.dat 0.075 0.03 0.7 0.9 0.1 201 768N_graph24laxgen3rem70_ 314171
/project/6008788/js17sy/reopenga/768c/ga.py:291: DeprecationWarning: Sampling from a set deprecated
since Python 3.9 and will be removed in a subsequent version.
  child1 = set(random.sample(
gen >0, new best = 465.200
gen >0, new best = 455.600
gen >0, new best = 454.200
gen >0, new best = 454.100
gen >0, new best = 451.800
gen: 0 best: 451.8 mean: 499.2223880597015
gen >1, new best = 444.900
gen >1, new best = 442.500
gen: 1 best: 442.5 mean: 497.00995024875624
gen >2, new best = 435.100
gen: 2 best: 435.1 mean: 492.6129353233831
gen: 3 best: 435.1 mean: 491.64228855721393
gen: 4 best: 435.1 mean: 485.8512437810945
gen: 5 best: 435.1 mean: 483.44825870646764
gen >6, new best = 431.500
gen: 6 best: 431.5 mean: 481.34776119402983
gen: 7 best: 431.5 mean: 481.04875621890545
gen: 8 best: 431.5 mean: 479.72587064676617
gen: 9 best: 431.5 mean: 480.2358208955224
gen: 10 best: 431.5 mean: 478.17064676616917
gen: 11 best: 431.5 mean: 474.90696517412937
gen >12, new best = 428.700
gen >12, new best = 425.800
gen: 12 best: 425.8 mean: 469.6283582089552
gen: 13 best: 425.8 mean: 474.2875621890547
gen >14, new best = 424.100
gen >14, new best = 408.400
gen: 14 best: 408.4 mean: 469.3462686567164
gen: 15 best: 408.4 mean: 469.7164179104478
gen: 16 best: 408.4 mean: 464.771144278607
gen: 17 best: 408.4 mean: 464.38955223880595
gen: 18 best: 408.4 mean: 465.65820895522387
gen: 19 best: 408.4 mean: 460.34278606965177
gen: 20 best: 408.4 mean: 457.30696517412935
gen >21, new best = 406.400
gen: 21 best: 406.4 mean: 459.20597014925374
gen: 22 best: 406.4 mean: 458.5492537313433
gen: 23 best: 406.4 mean: 457.1
gen >24, new best = 398.100
gen: 24 best: 398.1 mean: 453.3865671641791
gen: 25 best: 398.1 mean: 456.35074626865674
gen: 26 best: 398.1 mean: 454.82885572139304
gen: 27 best: 398.1 mean: 451.99353233830846
gen: 28 best: 398.1 mean: 452.1671641791045
gen: 29 best: 398.1 mean: 451.03930348258706
gen: 30 best: 398.1 mean: 449.29253731343283
gen: 31 best: 398.1 mean: 450.6850746268657
gen: 32 best: 398.1 mean: 451.3995024875622
gen: 33 best: 398.1 mean: 448.2601990049751
gen: 34 best: 398.1 mean: 446.6049751243781
gen: 35 best: 398.1 mean: 445.81592039800995
gen: 36 best: 398.1 mean: 445.344776119403
gen: 37 best: 398.1 mean: 444.61641791044775
gen: 38 best: 398.1 mean: 444.43830845771146
gen: 39 best: 398.1 mean: 443.1427860696517
gen: 40 best: 398.1 mean: 443.60746268656715
gen: 41 best: 398.1 mean: 444.50597014925376
gen: 42 best: 398.1 mean: 443.46268656716416
gen >43, new best = 397.200
gen: 43 best: 397.2 mean: 443.4820895522388
gen: 44 best: 397.2 mean: 444.54825870646766
gen: 45 best: 397.2 mean: 443.3129353233831
gen: 46 best: 397.2 mean: 443.344776119403
gen: 47 best: 397.2 mean: 440.8422885572139
gen: 48 best: 397.2 mean: 440.4855721393035
gen: 49 best: 397.2 mean: 441.5532338308458
gen >50, new best = 396.300
gen >50, new best = 395.500
gen: 50 best: 395.5 mean: 439.85273631840795
gen: 51 best: 395.5 mean: 436.76965174129356
gen >52, new best = 390.000
gen: 52 best: 390.0 mean: 438.1462686567164
gen: 53 best: 390.0 mean: 437.0681592039801
gen: 54 best: 390.0 mean: 437.54278606965175
gen: 55 best: 390.0 mean: 437.30646766169156
gen >56, new best = 388.800
gen: 56 best: 388.8 mean: 434.1547263681592
gen: 57 best: 388.8 mean: 435.3805970149254
gen: 58 best: 388.8 mean: 434.047263681592
gen >59, new best = 388.700
gen: 59 best: 388.7 mean: 432.32935323383083
gen: 60 best: 388.7 mean: 433.4766169154229
gen: 61 best: 388.7 mean: 432.8990049751244
gen: 62 best: 388.7 mean: 432.03034825870645
gen >63, new best = 384.100
gen: 63 best: 384.1 mean: 431.9636815920398
gen: 64 best: 384.1 mean: 432.2253731343284
gen: 65 best: 384.1 mean: 433.8353233830846
gen: 66 best: 384.1 mean: 430.3004975124378
gen: 67 best: 384.1 mean: 430.37412935323385
gen: 68 best: 384.1 mean: 431.8820895522388
gen: 69 best: 384.1 mean: 430.8228855721393
gen: 70 best: 384.1 mean: 429.8402985074627
gen: 71 best: 384.1 mean: 430.2542288557214
gen >72, new best = 379.000
gen: 72 best: 379.0 mean: 429.2084577114428
gen: 73 best: 379.0 mean: 429.2805970149254
gen: 74 best: 379.0 mean: 429.33034825870647
gen: 75 best: 379.0 mean: 429.85223880597016
gen: 76 best: 379.0 mean: 429.2417910447761
gen: 77 best: 379.0 mean: 429.37860696517413
gen: 78 best: 379.0 mean: 427.73532338308456
gen: 79 best: 379.0 mean: 426.48258706467664
gen >80, new best = 378.000
gen: 80 best: 378.0 mean: 427.43532338308455
gen: 81 best: 378.0 mean: 426.19751243781093
gen: 82 best: 378.0 mean: 427.24626865671644
gen: 83 best: 378.0 mean: 425.96069651741294
gen: 84 best: 378.0 mean: 426.82338308457713
gen: 85 best: 378.0 mean: 425.747263681592
gen >86, new best = 370.000
gen: 86 best: 370.0 mean: 425.5328358208955
gen: 87 best: 370.0 mean: 424.25522388059704
gen: 88 best: 370.0 mean: 424.9766169154229
gen: 89 best: 370.0 mean: 423.9865671641791
gen: 90 best: 370.0 mean: 425.1363184079602
gen: 91 best: 370.0 mean: 425.81940298507465
gen: 92 best: 370.0 mean: 425.8532338308458
gen: 93 best: 370.0 mean: 424.2144278606965
gen: 94 best: 370.0 mean: 425.5268656716418
gen: 95 best: 370.0 mean: 425.09452736318406
gen: 96 best: 370.0 mean: 423.58407960199
gen: 97 best: 370.0 mean: 424.09601990049754
gen: 98 best: 370.0 mean: 426.26616915422886
gen: 99 best: 370.0 mean: 423.7199004975124
[7, 8, 6, 8, 7, 7, 7, 7, 7, 7, 8, 7, 7, 7, 8, 7, 8, 8, 8, 7, 8, 7, 6, 7, 7, 7, 7, 8, 7, 8, 8, 7, 7, 8, 7, 7, 7, 7, 7, 7, 7, 7]
Test count of edges: 1418
cat
