Defaulting to user installation because normal site-packages is not writeable
Looking in links: /cvmfs/soft.computecanada.ca/custom/python/wheelhouse/gentoo/avx2, /cvmfs/soft.computecanada.ca/custom/python/wheelhouse/gentoo/generic, /cvmfs/soft.computecanada.ca/custom/python/wheelhouse/generic
Requirement already satisfied: graphviz in /home/js17sy/.local/lib/python3.10/site-packages (0.20)
497; python ga.py 24 768N_graph24.dat 0.075 0.03 0.7 0.7 0.3 201 768N_graph24laxgen2rem70_ 485537
/project/6008788/js17sy/reopenga/768c/ga.py:291: DeprecationWarning: Sampling from a set deprecated
since Python 3.9 and will be removed in a subsequent version.
  child1 = set(random.sample(
gen >0, new best = 527.000
gen >0, new best = 515.500
gen >0, new best = 481.000
gen >0, new best = 478.300
gen >0, new best = 477.200
gen >0, new best = 467.000
gen >0, new best = 463.700
gen >0, new best = 454.700
gen: 0 best: 454.7 mean: 499.0129353233831
gen >1, new best = 435.200
gen: 1 best: 435.2 mean: 498.27412935323383
gen: 2 best: 435.2 mean: 491.7044776119403
gen: 3 best: 435.2 mean: 489.3139303482587
gen >4, new best = 419.100
gen: 4 best: 419.1 mean: 488.92388059701494
gen: 5 best: 419.1 mean: 485.2835820895522
gen: 6 best: 419.1 mean: 482.0935323383085
gen: 7 best: 419.1 mean: 480.98258706467664
gen: 8 best: 419.1 mean: 478.1870646766169
gen: 9 best: 419.1 mean: 476.2855721393035
gen: 10 best: 419.1 mean: 475.1353233830846
gen: 11 best: 419.1 mean: 472.2910447761194
gen: 12 best: 419.1 mean: 469.1741293532338
gen: 13 best: 419.1 mean: 467.5626865671642
gen: 14 best: 419.1 mean: 467.5328358208955
gen: 15 best: 419.1 mean: 468.2144278606965
gen: 16 best: 419.1 mean: 463.3990049751244
gen: 17 best: 419.1 mean: 461.0507462686567
gen: 18 best: 419.1 mean: 461.163184079602
gen >19, new best = 411.500
gen >19, new best = 406.400
gen: 19 best: 406.4 mean: 459.93134328358207
gen: 20 best: 406.4 mean: 456.35771144278607
gen >21, new best = 401.200
gen: 21 best: 401.2 mean: 455.4179104477612
gen: 22 best: 401.2 mean: 454.30298507462686
gen: 23 best: 401.2 mean: 454.57412935323384
gen: 24 best: 401.2 mean: 451.10646766169157
gen: 25 best: 401.2 mean: 452.5278606965174
gen: 26 best: 401.2 mean: 452.83781094527365
gen: 27 best: 401.2 mean: 452.5776119402985
gen >28, new best = 399.700
gen: 28 best: 399.7 mean: 451.67114427860696
gen: 29 best: 399.7 mean: 451.60348258706466
gen: 30 best: 399.7 mean: 449.0039800995025
gen: 31 best: 399.7 mean: 448.36119402985076
gen: 32 best: 399.7 mean: 449.08905472636815
gen: 33 best: 399.7 mean: 447.08009950248754
gen: 34 best: 399.7 mean: 445.5676616915423
gen: 35 best: 399.7 mean: 443.93482587064676
gen: 36 best: 399.7 mean: 446.4
gen: 37 best: 399.7 mean: 443.37661691542286
gen: 38 best: 399.7 mean: 442.5781094527363
gen: 39 best: 399.7 mean: 443.0452736318408
gen: 40 best: 399.7 mean: 441.8820895522388
gen: 41 best: 399.7 mean: 442.59402985074627
gen: 42 best: 399.7 mean: 439.7805970149254
gen: 43 best: 399.7 mean: 440.72636815920396
gen: 44 best: 399.7 mean: 439.3457711442786
gen: 45 best: 399.7 mean: 439.76169154228853
gen: 46 best: 399.7 mean: 438.6701492537313
gen: 47 best: 399.7 mean: 439.7402985074627
gen: 48 best: 399.7 mean: 439.5497512437811
gen >49, new best = 394.300
gen: 49 best: 394.3 mean: 438.7786069651741
gen: 50 best: 394.3 mean: 436.2199004975124
gen: 51 best: 394.3 mean: 436.9407960199005
gen: 52 best: 394.3 mean: 436.1059701492537
gen: 53 best: 394.3 mean: 434.2532338308458
gen: 54 best: 394.3 mean: 436.5164179104478
gen: 55 best: 394.3 mean: 434.27960199004974
gen: 56 best: 394.3 mean: 434.05970149253733
gen: 57 best: 394.3 mean: 433.71542288557214
gen >58, new best = 385.000
gen: 58 best: 385.0 mean: 433.22786069651744
gen: 59 best: 385.0 mean: 432.2965174129353
gen: 60 best: 385.0 mean: 432.9119402985075
gen: 61 best: 385.0 mean: 433.6363184079602
gen: 62 best: 385.0 mean: 431.2497512437811
gen: 63 best: 385.0 mean: 432.74228855721395
gen: 64 best: 385.0 mean: 432.1363184079602
gen: 65 best: 385.0 mean: 432.61094527363184
gen >66, new best = 383.100
gen: 66 best: 383.1 mean: 429.85223880597016
gen: 67 best: 383.1 mean: 431.96268656716416
gen: 68 best: 383.1 mean: 431.5786069651741
gen: 69 best: 383.1 mean: 430.76965174129356
gen: 70 best: 383.1 mean: 429.065671641791
gen >71, new best = 381.200
gen: 71 best: 381.2 mean: 430.34328358208955
gen: 72 best: 381.2 mean: 427.6099502487562
gen: 73 best: 381.2 mean: 429.56318407960197
gen: 74 best: 381.2 mean: 429.05970149253733
gen: 75 best: 381.2 mean: 428.210447761194
gen: 76 best: 381.2 mean: 427.3457711442786
gen: 77 best: 381.2 mean: 428.8636815920398
gen: 78 best: 381.2 mean: 426.93283582089555
gen: 79 best: 381.2 mean: 425.87412935323385
gen: 80 best: 381.2 mean: 428.03880597014927
gen >81, new best = 379.100
gen: 81 best: 379.1 mean: 426.771144278607
gen: 82 best: 379.1 mean: 427.7915422885572
gen: 83 best: 379.1 mean: 424.55970149253733
gen: 84 best: 379.1 mean: 425.2457711442786
gen: 85 best: 379.1 mean: 425.3771144278607
gen: 86 best: 379.1 mean: 426.03383084577115
gen: 87 best: 379.1 mean: 427.39452736318407
gen: 88 best: 379.1 mean: 424.12487562189057
gen: 89 best: 379.1 mean: 426.5676616915423
gen: 90 best: 379.1 mean: 424.75771144278605
gen: 91 best: 379.1 mean: 423.1482587064677
gen: 92 best: 379.1 mean: 425.1626865671642
gen: 93 best: 379.1 mean: 424.83482587064674
gen: 94 best: 379.1 mean: 423.6283582089552
gen: 95 best: 379.1 mean: 423.7174129353234
gen: 96 best: 379.1 mean: 423.3114427860697
gen: 97 best: 379.1 mean: 424.2587064676617
gen: 98 best: 379.1 mean: 423.6900497512438
gen: 99 best: 379.1 mean: 425.18407960199005
[6, 7, 8, 9, 7, 7, 8, 7, 7, 8, 7, 7, 9, 7, 8, 7, 8, 7, 7, 7, 7, 7, 8, 8, 7, 7, 8, 7, 7, 7, 8, 6, 7, 8, 8, 7, 8]
Test count of edges: 1430
cat
