Defaulting to user installation because normal site-packages is not writeable
Looking in links: /cvmfs/soft.computecanada.ca/custom/python/wheelhouse/gentoo/avx2, /cvmfs/soft.computecanada.ca/custom/python/wheelhouse/gentoo/generic, /cvmfs/soft.computecanada.ca/custom/python/wheelhouse/generic
Requirement already satisfied: graphviz in /home/js17sy/.local/lib/python3.10/site-packages (0.20)
79; python ga.py 24 768N_graph24.dat 0.025 0.01 0.5 0.9 0.1 201 768N_graph24strictgen3rem50_ 542659
/project/6008788/js17sy/reopenga/768c/ga.py:291: DeprecationWarning: Sampling from a set deprecated
since Python 3.9 and will be removed in a subsequent version.
  child1 = set(random.sample(
gen >0, new best = 480.700
gen >0, new best = 456.900
gen >0, new best = 455.500
gen >0, new best = 444.200
gen >0, new best = 442.100
gen: 0 best: 442.1 mean: 466.6726368159204
gen >1, new best = 438.300
gen: 1 best: 438.3 mean: 465.07412935323384
gen: 2 best: 438.3 mean: 464.1333333333333
gen >3, new best = 435.100
gen: 3 best: 435.1 mean: 464.2069651741294
gen: 4 best: 435.1 mean: 462.65621890547266
gen: 5 best: 435.1 mean: 462.2179104477612
gen: 6 best: 435.1 mean: 462.36517412935325
gen: 7 best: 435.1 mean: 460.69303482587065
gen >8, new best = 433.800
gen: 8 best: 433.8 mean: 460.0348258706468
gen: 9 best: 433.8 mean: 458.6905472636816
gen >10, new best = 424.100
gen: 10 best: 424.1 mean: 458.10348258706466
gen: 11 best: 424.1 mean: 456.89651741293534
gen: 12 best: 424.1 mean: 455.7218905472637
gen: 13 best: 424.1 mean: 454.57910447761196
gen: 14 best: 424.1 mean: 453.69303482587065
gen: 15 best: 424.1 mean: 452.84726368159204
gen: 16 best: 424.1 mean: 452.73532338308456
gen: 17 best: 424.1 mean: 450.6542288557214
gen >18, new best = 421.800
gen: 18 best: 421.8 mean: 450.3039800995025
gen: 19 best: 421.8 mean: 450.5905472636816
gen: 20 best: 421.8 mean: 448.5781094527363
gen: 21 best: 421.8 mean: 448.136815920398
gen: 22 best: 421.8 mean: 448.3860696517413
gen >23, new best = 420.400
gen >23, new best = 415.800
gen: 23 best: 415.8 mean: 446.0507462686567
gen: 24 best: 415.8 mean: 444.0144278606965
gen: 25 best: 415.8 mean: 443.2039800995025
gen: 26 best: 415.8 mean: 441.53930348258706
gen >27, new best = 415.200
gen: 27 best: 415.2 mean: 442.16965174129353
gen: 28 best: 415.2 mean: 442.67313432835823
gen >29, new best = 413.400
gen: 29 best: 413.4 mean: 439.96069651741294
gen >30, new best = 411.400
gen: 30 best: 411.4 mean: 440.56467661691545
gen >31, new best = 410.800
gen: 31 best: 410.8 mean: 438.4
gen >32, new best = 408.200
gen: 32 best: 408.2 mean: 438.789552238806
gen: 33 best: 408.2 mean: 438.0189054726368
gen >34, new best = 408.000
gen >34, new best = 407.700
gen: 34 best: 407.7 mean: 436.0497512437811
gen: 35 best: 407.7 mean: 437.5905472636816
gen: 36 best: 407.7 mean: 435.44825870646764
gen: 37 best: 407.7 mean: 435.0805970149254
gen >38, new best = 398.500
gen: 38 best: 398.5 mean: 433.94776119402985
gen: 39 best: 398.5 mean: 433.7129353233831
gen: 40 best: 398.5 mean: 434.13283582089554
gen: 41 best: 398.5 mean: 432.3189054726368
gen: 42 best: 398.5 mean: 433.4616915422886
gen: 43 best: 398.5 mean: 432.86915422885573
gen: 44 best: 398.5 mean: 431.71890547263683
gen: 45 best: 398.5 mean: 430.36716417910446
gen: 46 best: 398.5 mean: 429.0218905472637
gen: 47 best: 398.5 mean: 430.43532338308455
gen: 48 best: 398.5 mean: 428.81940298507465
gen >49, new best = 391.300
gen: 49 best: 391.3 mean: 426.90746268656716
gen: 50 best: 391.3 mean: 427.29253731343283
gen: 51 best: 391.3 mean: 426.9995024875622
gen: 52 best: 391.3 mean: 425.57064676616915
gen: 53 best: 391.3 mean: 424.036815920398
gen: 54 best: 391.3 mean: 426.3482587064677
gen: 55 best: 391.3 mean: 423.25174129353235
gen: 56 best: 391.3 mean: 422.73930348258705
gen: 57 best: 391.3 mean: 422.5497512437811
gen: 58 best: 391.3 mean: 420.82935323383083
gen: 59 best: 391.3 mean: 421.2412935323383
gen: 60 best: 391.3 mean: 421.2134328358209
gen: 61 best: 391.3 mean: 419.7726368159204
gen: 62 best: 391.3 mean: 420.4985074626866
gen: 63 best: 391.3 mean: 416.8462686567164
gen: 64 best: 391.3 mean: 417.28109452736317
gen >65, new best = 390.600
gen: 65 best: 390.6 mean: 416.18407960199005
gen >66, new best = 386.400
gen: 66 best: 386.4 mean: 416.4492537313433
gen >67, new best = 385.800
gen: 67 best: 385.8 mean: 416.74626865671644
gen: 68 best: 385.8 mean: 415.89253731343285
gen: 69 best: 385.8 mean: 414.6303482587065
gen: 70 best: 385.8 mean: 415.97711442786067
gen: 71 best: 385.8 mean: 415.6273631840796
gen >72, new best = 381.800
gen: 72 best: 381.8 mean: 415.8089552238806
gen: 73 best: 381.8 mean: 415.3412935323383
gen: 74 best: 381.8 mean: 414.29800995024874
gen: 75 best: 381.8 mean: 413.7597014925373
gen: 76 best: 381.8 mean: 413.7174129353234
gen >77, new best = 367.800
gen: 77 best: 367.8 mean: 412.02089552238806
gen: 78 best: 367.8 mean: 412.2731343283582
gen: 79 best: 367.8 mean: 411.08358208955224
gen: 80 best: 367.8 mean: 412.5149253731343
gen: 81 best: 367.8 mean: 410.626368159204
gen: 82 best: 367.8 mean: 409.934328358209
gen: 83 best: 367.8 mean: 408.63880597014924
gen: 84 best: 367.8 mean: 409.96268656716416
gen: 85 best: 367.8 mean: 409.5567164179104
gen: 86 best: 367.8 mean: 409.4417910447761
gen: 87 best: 367.8 mean: 409.355223880597
gen: 88 best: 367.8 mean: 408.1323383084577
gen: 89 best: 367.8 mean: 408.49701492537315
gen: 90 best: 367.8 mean: 407.17313432835823
gen: 91 best: 367.8 mean: 408.3950248756219
gen: 92 best: 367.8 mean: 406.33034825870647
gen: 93 best: 367.8 mean: 407.2621890547264
gen: 94 best: 367.8 mean: 407.6467661691542
gen: 95 best: 367.8 mean: 406.15820895522387
gen: 96 best: 367.8 mean: 405.7402985074627
gen: 97 best: 367.8 mean: 406.62388059701493
gen: 98 best: 367.8 mean: 406.11094527363184
gen: 99 best: 367.8 mean: 407.26268656716417
[9, 10, 10, 10, 12, 10, 10, 10, 12, 10, 11, 8, 11, 11, 10, 9, 8, 9, 11, 11, 10, 8, 9, 8, 10, 10, 9, 10, 9, 9, 10, 8, 9, 10, 9, 9, 9, 9, 10, 11, 9, 9, 11]
Test count of edges: 2353
cat
