Defaulting to user installation because normal site-packages is not writeable
Looking in links: /cvmfs/soft.computecanada.ca/custom/python/wheelhouse/gentoo/avx2, /cvmfs/soft.computecanada.ca/custom/python/wheelhouse/gentoo/generic, /cvmfs/soft.computecanada.ca/custom/python/wheelhouse/generic
Requirement already satisfied: graphviz in /home/js17sy/.local/lib/python3.10/site-packages (0.20)
417; python ga.py 19 256N_graph19.dat 0.075 0.03 0.5 0.7 0.3 201 256N_graph19laxgen2rem50_ 771147
/project/6008788/js17sy/reopenga/256b/ga.py:291: DeprecationWarning: Sampling from a set deprecated
since Python 3.9 and will be removed in a subsequent version.
  child1 = set(random.sample(
gen >0, new best = 164.500
gen >0, new best = 163.000
gen >0, new best = 162.600
gen >0, new best = 162.400
gen >0, new best = 160.500
gen >0, new best = 153.600
gen: 0 best: 153.6 mean: 173.8405472636816
gen >1, new best = 150.700
gen: 1 best: 150.7 mean: 173.77064676616916
gen >2, new best = 148.100
gen: 2 best: 148.1 mean: 173.29353233830847
gen: 3 best: 148.1 mean: 173.02139303482588
gen: 4 best: 148.1 mean: 171.0402985074627
gen: 5 best: 148.1 mean: 171.75721393034826
gen: 6 best: 148.1 mean: 170.39850746268658
gen: 7 best: 148.1 mean: 170.62686567164178
gen >8, new best = 141.900
gen: 8 best: 141.9 mean: 169.57611940298509
gen: 9 best: 141.9 mean: 169.08109452736318
gen: 10 best: 141.9 mean: 168.9318407960199
gen: 11 best: 141.9 mean: 168.33731343283583
gen: 12 best: 141.9 mean: 167.7134328358209
gen: 13 best: 141.9 mean: 167.2223880597015
gen: 14 best: 141.9 mean: 167.00099502487564
gen: 15 best: 141.9 mean: 166.73830845771144
gen: 16 best: 141.9 mean: 165.45074626865673
gen: 17 best: 141.9 mean: 166.26965174129353
gen: 18 best: 141.9 mean: 165.6950248756219
gen >19, new best = 139.800
gen: 19 best: 139.8 mean: 165.00199004975124
gen >20, new best = 139.600
gen: 20 best: 139.6 mean: 164.71243781094526
gen: 21 best: 139.6 mean: 164.55820895522388
gen: 22 best: 139.6 mean: 163.918407960199
gen: 23 best: 139.6 mean: 164.06019900497512
gen: 24 best: 139.6 mean: 162.48457711442785
gen: 25 best: 139.6 mean: 163.16965174129353
gen: 26 best: 139.6 mean: 162.35124378109452
gen: 27 best: 139.6 mean: 162.03532338308457
gen: 28 best: 139.6 mean: 162.33532338308459
gen: 29 best: 139.6 mean: 161.72189054726368
gen: 30 best: 139.6 mean: 161.2502487562189
gen: 31 best: 139.6 mean: 161.06467661691542
gen: 32 best: 139.6 mean: 161.49651741293533
gen: 33 best: 139.6 mean: 160.58109452736318
gen: 34 best: 139.6 mean: 160.89751243781095
gen: 35 best: 139.6 mean: 160.43880597014925
gen >36, new best = 139.200
gen: 36 best: 139.2 mean: 159.69253731343284
gen: 37 best: 139.2 mean: 159.90298507462686
gen: 38 best: 139.2 mean: 159.89850746268658
gen: 39 best: 139.2 mean: 158.61691542288557
gen: 40 best: 139.2 mean: 159.23283582089553
gen >41, new best = 138.600
gen: 41 best: 138.6 mean: 158.26417910447762
gen >42, new best = 133.800
gen: 42 best: 133.8 mean: 158.48208955223882
gen: 43 best: 133.8 mean: 157.5721393034826
gen: 44 best: 133.8 mean: 157.72089552238805
gen: 45 best: 133.8 mean: 158.2731343283582
gen: 46 best: 133.8 mean: 157.9
gen: 47 best: 133.8 mean: 157.99701492537312
gen: 48 best: 133.8 mean: 157.53034825870645
gen: 49 best: 133.8 mean: 157.29751243781095
gen: 50 best: 133.8 mean: 156.79701492537313
gen: 51 best: 133.8 mean: 157.07014925373133
gen: 52 best: 133.8 mean: 156.58258706467663
gen >53, new best = 133.000
gen: 53 best: 133.0 mean: 157.2049751243781
gen: 54 best: 133.0 mean: 156.31542288557213
gen: 55 best: 133.0 mean: 156.62935323383084
gen: 56 best: 133.0 mean: 157.0
gen: 57 best: 133.0 mean: 156.3278606965174
gen: 58 best: 133.0 mean: 155.83383084577113
gen >59, new best = 132.300
gen: 59 best: 132.3 mean: 155.3855721393035
gen: 60 best: 132.3 mean: 155.63681592039802
gen: 61 best: 132.3 mean: 156.00248756218906
gen >62, new best = 131.800
gen: 62 best: 131.8 mean: 155.3089552238806
gen: 63 best: 131.8 mean: 154.59651741293533
gen: 64 best: 131.8 mean: 154.82487562189056
gen: 65 best: 131.8 mean: 154.2995024875622
gen: 66 best: 131.8 mean: 154.2417910447761
gen: 67 best: 131.8 mean: 154.23283582089553
gen: 68 best: 131.8 mean: 153.86318407960198
gen: 69 best: 131.8 mean: 153.3825870646766
gen: 70 best: 131.8 mean: 153.32388059701492
gen: 71 best: 131.8 mean: 153.33930348258707
gen: 72 best: 131.8 mean: 152.39502487562189
gen: 73 best: 131.8 mean: 152.4
gen >74, new best = 128.900
gen: 74 best: 128.9 mean: 152.72537313432835
gen: 75 best: 128.9 mean: 152.63532338308457
gen: 76 best: 128.9 mean: 152.06069651741294
gen: 77 best: 128.9 mean: 151.96616915422885
gen: 78 best: 128.9 mean: 152.22885572139305
gen: 79 best: 128.9 mean: 151.19751243781096
gen: 80 best: 128.9 mean: 151.63681592039802
gen >81, new best = 128.800
gen: 81 best: 128.8 mean: 151.60099502487563
gen: 82 best: 128.8 mean: 152.12388059701493
gen: 83 best: 128.8 mean: 151.24875621890547
gen: 84 best: 128.8 mean: 151.3323383084577
gen: 85 best: 128.8 mean: 150.87910447761195
gen: 86 best: 128.8 mean: 151.55323383084576
gen: 87 best: 128.8 mean: 151.3169154228856
gen: 88 best: 128.8 mean: 151.66666666666666
gen >89, new best = 127.500
gen: 89 best: 127.5 mean: 150.85373134328358
gen: 90 best: 127.5 mean: 151.33482587064677
gen: 91 best: 127.5 mean: 150.57462686567163
gen: 92 best: 127.5 mean: 150.98905472636815
gen: 93 best: 127.5 mean: 150.55174129353233
gen: 94 best: 127.5 mean: 150.57213930348257
gen: 95 best: 127.5 mean: 151.10248756218905
gen: 96 best: 127.5 mean: 151.35771144278607
gen: 97 best: 127.5 mean: 150.03432835820897
gen: 98 best: 127.5 mean: 150.7860696517413
gen: 99 best: 127.5 mean: 150.31741293532338
[11, 11, 12, 10, 11, 10, 10, 9, 11, 10, 11, 12, 11, 11, 9, 10, 11, 10, 11, 12, 8, 9, 11, 9, 8, 10, 11, 10, 9, 9, 8, 12, 8, 11]
Test count of edges: 788
cat
