Defaulting to user installation because normal site-packages is not writeable
Looking in links: /cvmfs/soft.computecanada.ca/custom/python/wheelhouse/gentoo/avx2, /cvmfs/soft.computecanada.ca/custom/python/wheelhouse/gentoo/generic, /cvmfs/soft.computecanada.ca/custom/python/wheelhouse/generic
Requirement already satisfied: graphviz in /home/js17sy/.local/lib/python3.10/site-packages (0.20)
86; python ga.py 19 256N_graph19.dat 0.025 0.01 0.5 0.9 0.1 201 256N_graph19strictgen3rem50_ 742586
/project/6008788/js17sy/reopenga/256b/ga.py:291: DeprecationWarning: Sampling from a set deprecated
since Python 3.9 and will be removed in a subsequent version.
  child1 = set(random.sample(
gen >0, new best = 159.700
gen >0, new best = 147.500
gen >0, new best = 147.200
gen >0, new best = 143.000
gen >0, new best = 138.300
gen >0, new best = 137.500
gen >0, new best = 134.700
gen: 0 best: 134.7 mean: 151.43059701492538
gen >1, new best = 131.900
gen >1, new best = 126.900
gen >1, new best = 124.000
gen >1, new best = 116.000
gen: 1 best: 116.0 mean: 150.51990049751242
gen: 2 best: 116.0 mean: 149.70099502487562
gen: 3 best: 116.0 mean: 150.76169154228856
gen: 4 best: 116.0 mean: 148.92786069651743
gen: 5 best: 116.0 mean: 148.707960199005
gen: 6 best: 116.0 mean: 149.18358208955223
gen: 7 best: 116.0 mean: 147.51094527363185
gen >8, new best = 110.700
gen: 8 best: 110.7 mean: 147.31592039800995
gen >9, new best = 100.800
gen: 9 best: 100.8 mean: 146.64427860696517
gen: 10 best: 100.8 mean: 146.49353233830846
gen: 11 best: 100.8 mean: 146.8223880597015
gen: 12 best: 100.8 mean: 147.69353233830844
gen: 13 best: 100.8 mean: 145.48009950248758
gen: 14 best: 100.8 mean: 145.66666666666666
gen: 15 best: 100.8 mean: 144.91492537313434
gen: 16 best: 100.8 mean: 144.24328358208956
gen: 17 best: 100.8 mean: 145.41990049751243
gen: 18 best: 100.8 mean: 144.00398009950248
gen: 19 best: 100.8 mean: 143.9597014925373
gen: 20 best: 100.8 mean: 143.20547263681593
gen: 21 best: 100.8 mean: 142.81940298507462
gen: 22 best: 100.8 mean: 142.98955223880597
gen: 23 best: 100.8 mean: 143.53432835820897
gen: 24 best: 100.8 mean: 141.01442786069651
gen: 25 best: 100.8 mean: 141.62388059701493
gen: 26 best: 100.8 mean: 142.118407960199
gen: 27 best: 100.8 mean: 142.5771144278607
gen: 28 best: 100.8 mean: 141.81990049751244
gen: 29 best: 100.8 mean: 142.5905472636816
gen: 30 best: 100.8 mean: 141.2228855721393
gen: 31 best: 100.8 mean: 142.01691542288557
gen: 32 best: 100.8 mean: 142.70696517412935
gen >33, new best = 99.300
gen: 33 best: 99.3 mean: 139.9323383084577
gen: 34 best: 99.3 mean: 142.21940298507462
gen >35, new best = 90.500
gen: 35 best: 90.5 mean: 141.1830845771144
gen: 36 best: 90.5 mean: 139.6
gen: 37 best: 90.5 mean: 139.73880597014926
gen: 38 best: 90.5 mean: 139.41641791044776
gen: 39 best: 90.5 mean: 140.67611940298508
gen: 40 best: 90.5 mean: 140.02487562189054
gen: 41 best: 90.5 mean: 138.06616915422885
gen: 42 best: 90.5 mean: 140.08855721393036
gen: 43 best: 90.5 mean: 137.21243781094526
gen: 44 best: 90.5 mean: 136.31542288557213
gen >45, new best = 88.800
gen: 45 best: 88.8 mean: 137.57611940298509
gen >46, new best = 86.300
gen: 46 best: 86.3 mean: 138.00597014925373
gen: 47 best: 86.3 mean: 135.6318407960199
gen: 48 best: 86.3 mean: 137.01542288557215
gen: 49 best: 86.3 mean: 135.4771144278607
gen >50, new best = 73.200
gen: 50 best: 73.2 mean: 134.90597014925373
gen: 51 best: 73.2 mean: 134.69004975124378
gen: 52 best: 73.2 mean: 132.936815920398
gen: 53 best: 73.2 mean: 133.27014925373135
gen: 54 best: 73.2 mean: 132.81592039800995
gen: 55 best: 73.2 mean: 130.99203980099503
gen: 56 best: 73.2 mean: 132.16915422885572
gen: 57 best: 73.2 mean: 131.6830845771144
gen: 58 best: 73.2 mean: 130.60646766169154
gen: 59 best: 73.2 mean: 129.75572139303483
gen: 60 best: 73.2 mean: 128.36318407960198
gen: 61 best: 73.2 mean: 129.83383084577113
gen: 62 best: 73.2 mean: 126.68557213930349
gen >63, new best = 68.200
gen: 63 best: 68.2 mean: 127.2044776119403
gen >64, new best = 61.200
gen: 64 best: 61.2 mean: 125.73333333333333
gen: 65 best: 61.2 mean: 125.91094527363184
gen: 66 best: 61.2 mean: 124.09353233830846
gen: 67 best: 61.2 mean: 122.00099502487562
gen: 68 best: 61.2 mean: 125.91044776119404
gen >69, new best = 51.300
gen: 69 best: 51.3 mean: 123.7452736318408
gen: 70 best: 51.3 mean: 124.02786069651741
gen: 71 best: 51.3 mean: 123.44427860696517
gen: 72 best: 51.3 mean: 121.69253731343284
gen: 73 best: 51.3 mean: 121.27462686567165
gen: 74 best: 51.3 mean: 119.38706467661692
gen: 75 best: 51.3 mean: 120.70497512437811
gen: 76 best: 51.3 mean: 121.5910447761194
gen: 77 best: 51.3 mean: 121.63084577114428
gen: 78 best: 51.3 mean: 121.86268656716418
gen: 79 best: 51.3 mean: 120.70746268656717
gen: 80 best: 51.3 mean: 120.76616915422886
gen: 81 best: 51.3 mean: 118.63731343283582
gen: 82 best: 51.3 mean: 119.74477611940299
gen: 83 best: 51.3 mean: 118.14278606965175
gen: 84 best: 51.3 mean: 119.22835820895523
gen: 85 best: 51.3 mean: 120.07462686567165
gen: 86 best: 51.3 mean: 117.563184079602
gen: 87 best: 51.3 mean: 118.50248756218906
gen: 88 best: 51.3 mean: 120.26616915422886
gen: 89 best: 51.3 mean: 121.27562189054727
gen: 90 best: 51.3 mean: 120.48457711442786
gen: 91 best: 51.3 mean: 121.55323383084577
gen: 92 best: 51.3 mean: 122.11144278606965
gen: 93 best: 51.3 mean: 121.36915422885572
gen: 94 best: 51.3 mean: 122.02338308457712
gen: 95 best: 51.3 mean: 120.58358208955224
gen: 96 best: 51.3 mean: 117.92786069651741
gen: 97 best: 51.3 mean: 120.61243781094528
gen: 98 best: 51.3 mean: 117.70597014925373
gen: 99 best: 51.3 mean: 118.63432835820896
[14, 7, 11, 12, 6, 12, 12, 5, 14, 11, 14, 6, 12, 6, 7, 13, 12, 15, 7, 11, 11, 6, 6, 13, 6, 11, 12, 5, 11, 6, 13, 6, 15]
Test count of edges: 768
cat
