Defaulting to user installation because normal site-packages is not writeable
Looking in links: /cvmfs/soft.computecanada.ca/custom/python/wheelhouse/gentoo/avx2, /cvmfs/soft.computecanada.ca/custom/python/wheelhouse/gentoo/generic, /cvmfs/soft.computecanada.ca/custom/python/wheelhouse/generic
Requirement already satisfied: graphviz in /home/js17sy/.local/lib/python3.10/site-packages (0.20)
287; python ga.py 19 256N_graph19.dat 0.05 0.02 0.7 0.5 0.5 201 256N_graph19mediumgen1rem70_ 485537
/project/6008788/js17sy/reopenga/256b/ga.py:291: DeprecationWarning: Sampling from a set deprecated
since Python 3.9 and will be removed in a subsequent version.
  child1 = set(random.sample(
gen >0, new best = 188.300
gen >0, new best = 166.100
gen >0, new best = 152.700
gen >0, new best = 133.800
gen >0, new best = 133.700
gen >0, new best = 119.600
gen: 0 best: 119.6 mean: 169.6679104477612
gen: 1 best: 119.6 mean: 169.54278606965175
gen: 2 best: 119.6 mean: 166.7268656716418
gen: 3 best: 119.6 mean: 165.34776119402986
gen: 4 best: 119.6 mean: 167.56567164179106
gen: 5 best: 119.6 mean: 164.16268656716417
gen: 6 best: 119.6 mean: 165.37164179104477
gen: 7 best: 119.6 mean: 165.4497512437811
gen: 8 best: 119.6 mean: 164.19850746268656
gen: 9 best: 119.6 mean: 163.28507462686568
gen >10, new best = 102.700
gen: 10 best: 102.7 mean: 163.14228855721393
gen: 11 best: 102.7 mean: 162.95373134328358
gen: 12 best: 102.7 mean: 163.76965174129353
gen: 13 best: 102.7 mean: 162.34676616915422
gen: 14 best: 102.7 mean: 162.69203980099502
gen: 15 best: 102.7 mean: 160.54378109452736
gen: 16 best: 102.7 mean: 159.21691542288556
gen: 17 best: 102.7 mean: 157.98507462686567
gen: 18 best: 102.7 mean: 158.7049751243781
gen: 19 best: 102.7 mean: 157.98805970149255
gen: 20 best: 102.7 mean: 157.50199004975124
gen: 21 best: 102.7 mean: 157.55223880597015
gen: 22 best: 102.7 mean: 157.3641791044776
gen: 23 best: 102.7 mean: 157.37064676616916
gen: 24 best: 102.7 mean: 157.00398009950248
gen: 25 best: 102.7 mean: 156.37960199004976
gen: 26 best: 102.7 mean: 156.4044776119403
gen: 27 best: 102.7 mean: 155.9268656716418
gen: 28 best: 102.7 mean: 153.38855721393034
gen: 29 best: 102.7 mean: 154.24676616915423
gen: 30 best: 102.7 mean: 152.89203980099504
gen: 31 best: 102.7 mean: 152.86766169154228
gen: 32 best: 102.7 mean: 153.1492537313433
gen: 33 best: 102.7 mean: 151.05771144278606
gen: 34 best: 102.7 mean: 151.6766169154229
gen: 35 best: 102.7 mean: 150.51890547263682
gen >36, new best = 100.000
gen: 36 best: 100.0 mean: 150.47213930348258
gen: 37 best: 100.0 mean: 150.01990049751242
gen: 38 best: 100.0 mean: 152.3452736318408
gen: 39 best: 100.0 mean: 151.03532338308457
gen: 40 best: 100.0 mean: 150.25572139303483
gen: 41 best: 100.0 mean: 148.97512437810946
gen: 42 best: 100.0 mean: 148.08557213930348
gen: 43 best: 100.0 mean: 147.74378109452735
gen: 44 best: 100.0 mean: 148.01940298507463
gen: 45 best: 100.0 mean: 149.23930348258708
gen: 46 best: 100.0 mean: 146.83432835820895
gen: 47 best: 100.0 mean: 147.35323383084577
gen: 48 best: 100.0 mean: 146.73333333333332
gen: 49 best: 100.0 mean: 147.80099502487562
gen: 50 best: 100.0 mean: 147.05074626865672
gen: 51 best: 100.0 mean: 144.11592039800996
gen: 52 best: 100.0 mean: 145.65721393034826
gen: 53 best: 100.0 mean: 144.80248756218904
gen: 54 best: 100.0 mean: 144.07910447761193
gen: 55 best: 100.0 mean: 144.42089552238807
gen: 56 best: 100.0 mean: 145.8547263681592
gen: 57 best: 100.0 mean: 144.39054726368158
gen >58, new best = 98.200
gen: 58 best: 98.2 mean: 143.83383084577113
gen: 59 best: 98.2 mean: 142.23930348258708
gen: 60 best: 98.2 mean: 143.22885572139305
gen: 61 best: 98.2 mean: 142.21194029850747
gen: 62 best: 98.2 mean: 142.75671641791044
gen: 63 best: 98.2 mean: 141.85373134328358
gen: 64 best: 98.2 mean: 141.88407960199004
gen: 65 best: 98.2 mean: 142.96019900497512
gen: 66 best: 98.2 mean: 141.23830845771144
gen: 67 best: 98.2 mean: 140.26318407960198
gen: 68 best: 98.2 mean: 138.8726368159204
gen: 69 best: 98.2 mean: 140.5726368159204
gen: 70 best: 98.2 mean: 139.9044776119403
gen: 71 best: 98.2 mean: 138.90547263681592
gen: 72 best: 98.2 mean: 138.12388059701493
gen: 73 best: 98.2 mean: 138.5358208955224
gen >74, new best = 93.900
gen: 74 best: 93.9 mean: 138.54925373134327
gen: 75 best: 93.9 mean: 140.02786069651742
gen: 76 best: 93.9 mean: 138.3233830845771
gen: 77 best: 93.9 mean: 138.4597014925373
gen: 78 best: 93.9 mean: 137.38706467661692
gen: 79 best: 93.9 mean: 138.1995024875622
gen: 80 best: 93.9 mean: 136.98557213930349
gen: 81 best: 93.9 mean: 136.5283582089552
gen: 82 best: 93.9 mean: 135.1731343283582
gen >83, new best = 93.200
gen: 83 best: 93.2 mean: 135.28855721393035
gen: 84 best: 93.2 mean: 134.69452736318408
gen: 85 best: 93.2 mean: 133.09751243781093
gen: 86 best: 93.2 mean: 134.42636815920397
gen: 87 best: 93.2 mean: 134.2582089552239
gen: 88 best: 93.2 mean: 133.27064676616916
gen: 89 best: 93.2 mean: 133.00597014925373
gen: 90 best: 93.2 mean: 133.49651741293533
gen: 91 best: 93.2 mean: 132.21592039800996
gen: 92 best: 93.2 mean: 132.4681592039801
gen >93, new best = 91.100
gen: 93 best: 91.1 mean: 132.12885572139302
gen >94, new best = 86.000
gen: 94 best: 86.0 mean: 131.0094527363184
gen: 95 best: 86.0 mean: 129.92437810945273
gen: 96 best: 86.0 mean: 129.95174129353234
gen: 97 best: 86.0 mean: 128.76567164179104
gen: 98 best: 86.0 mean: 131.23482587064677
gen: 99 best: 86.0 mean: 130.69452736318408
[9, 8, 8, 9, 9, 10, 9, 6, 8, 8, 10, 10, 8, 8, 8, 10, 7, 6, 8, 10, 8, 6, 9, 8, 11, 6, 9, 9, 7, 8, 10, 8, 8, 10, 6, 7, 7, 8, 9]
Test count of edges: 508
cat
