Defaulting to user installation because normal site-packages is not writeable
Looking in links: /cvmfs/soft.computecanada.ca/custom/python/wheelhouse/gentoo/avx2, /cvmfs/soft.computecanada.ca/custom/python/wheelhouse/gentoo/generic, /cvmfs/soft.computecanada.ca/custom/python/wheelhouse/generic
Requirement already satisfied: graphviz in /home/js17sy/.local/lib/python3.10/site-packages (0.20)
371; python ga.py 19 256N_graph19.dat 0.075 0.03 0.5 0.5 0.5 201 256N_graph19laxgen1rem50_ 314171
/project/6008788/js17sy/reopenga/256b/ga.py:291: DeprecationWarning: Sampling from a set deprecated
since Python 3.9 and will be removed in a subsequent version.
  child1 = set(random.sample(
gen >0, new best = 162.400
gen >0, new best = 161.300
gen >0, new best = 161.000
gen >0, new best = 160.000
gen >0, new best = 152.400
gen: 0 best: 152.4 mean: 173.855223880597
gen >1, new best = 149.600
gen: 1 best: 149.6 mean: 173.54626865671642
gen: 2 best: 149.6 mean: 173.34179104477613
gen: 3 best: 149.6 mean: 172.46119402985076
gen >4, new best = 145.600
gen: 4 best: 145.6 mean: 172.0592039800995
gen: 5 best: 145.6 mean: 171.7771144278607
gen: 6 best: 145.6 mean: 171.24577114427862
gen: 7 best: 145.6 mean: 170.88855721393034
gen >8, new best = 139.400
gen: 8 best: 139.4 mean: 170.15522388059702
gen: 9 best: 139.4 mean: 170.3049751243781
gen: 10 best: 139.4 mean: 169.0990049751244
gen: 11 best: 139.4 mean: 167.79900497512438
gen: 12 best: 139.4 mean: 168.66119402985075
gen: 13 best: 139.4 mean: 167.43731343283582
gen: 14 best: 139.4 mean: 166.6681592039801
gen: 15 best: 139.4 mean: 166.67014925373135
gen: 16 best: 139.4 mean: 165.5129353233831
gen: 17 best: 139.4 mean: 165.15771144278608
gen: 18 best: 139.4 mean: 164.65820895522387
gen: 19 best: 139.4 mean: 163.3452736318408
gen: 20 best: 139.4 mean: 163.27860696517413
gen: 21 best: 139.4 mean: 162.84875621890546
gen: 22 best: 139.4 mean: 162.67462686567166
gen: 23 best: 139.4 mean: 162.53233830845772
gen: 24 best: 139.4 mean: 161.80447761194029
gen: 25 best: 139.4 mean: 161.71691542288556
gen: 26 best: 139.4 mean: 161.044776119403
gen: 27 best: 139.4 mean: 160.69452736318408
gen: 28 best: 139.4 mean: 161.418407960199
gen >29, new best = 138.200
gen: 29 best: 138.2 mean: 160.59452736318408
gen >30, new best = 133.200
gen: 30 best: 133.2 mean: 160.5512437810945
gen: 31 best: 133.2 mean: 160.4671641791045
gen: 32 best: 133.2 mean: 159.30547263681592
gen: 33 best: 133.2 mean: 159.1089552238806
gen: 34 best: 133.2 mean: 157.80447761194029
gen: 35 best: 133.2 mean: 158.56467661691542
gen >36, new best = 132.800
gen: 36 best: 132.8 mean: 158.27014925373135
gen: 37 best: 132.8 mean: 158.03233830845772
gen: 38 best: 132.8 mean: 156.8766169154229
gen >39, new best = 128.000
gen: 39 best: 128.0 mean: 157.26019900497514
gen: 40 best: 128.0 mean: 156.83830845771143
gen: 41 best: 128.0 mean: 156.60248756218905
gen: 42 best: 128.0 mean: 156.91691542288558
gen: 43 best: 128.0 mean: 156.51791044776118
gen: 44 best: 128.0 mean: 156.336815920398
gen: 45 best: 128.0 mean: 156.7189054726368
gen: 46 best: 128.0 mean: 156.67263681592038
gen: 47 best: 128.0 mean: 155.55323383084578
gen: 48 best: 128.0 mean: 155.23482587064677
gen: 49 best: 128.0 mean: 156.10646766169154
gen: 50 best: 128.0 mean: 155.67960199004975
gen: 51 best: 128.0 mean: 155.13880597014926
gen: 52 best: 128.0 mean: 155.04228855721394
gen: 53 best: 128.0 mean: 155.7353233830846
gen: 54 best: 128.0 mean: 155.0089552238806
gen: 55 best: 128.0 mean: 154.75771144278607
gen: 56 best: 128.0 mean: 155.31144278606965
gen: 57 best: 128.0 mean: 155.03880597014924
gen: 58 best: 128.0 mean: 154.91940298507464
gen: 59 best: 128.0 mean: 155.3398009950249
gen: 60 best: 128.0 mean: 154.9502487562189
gen: 61 best: 128.0 mean: 154.99701492537312
gen: 62 best: 128.0 mean: 154.0860696517413
gen: 63 best: 128.0 mean: 154.62985074626866
gen: 64 best: 128.0 mean: 154.936815920398
gen: 65 best: 128.0 mean: 154.66666666666666
gen: 66 best: 128.0 mean: 154.08855721393036
gen: 67 best: 128.0 mean: 153.8313432835821
gen: 68 best: 128.0 mean: 153.8084577114428
gen: 69 best: 128.0 mean: 153.68706467661693
gen: 70 best: 128.0 mean: 153.9825870646766
gen: 71 best: 128.0 mean: 153.3
gen: 72 best: 128.0 mean: 152.87611940298507
gen: 73 best: 128.0 mean: 152.8820895522388
gen: 74 best: 128.0 mean: 153.77562189054726
gen: 75 best: 128.0 mean: 153.21741293532338
gen: 76 best: 128.0 mean: 153.11144278606966
gen >77, new best = 119.700
gen: 77 best: 119.7 mean: 153.01641791044776
gen: 78 best: 119.7 mean: 152.20099502487562
gen: 79 best: 119.7 mean: 152.51592039800994
gen: 80 best: 119.7 mean: 151.8313432835821
gen: 81 best: 119.7 mean: 151.56965174129354
gen: 82 best: 119.7 mean: 151.226368159204
gen: 83 best: 119.7 mean: 151.7353233830846
gen: 84 best: 119.7 mean: 151.57363184079603
gen: 85 best: 119.7 mean: 151.46268656716418
gen: 86 best: 119.7 mean: 151.04626865671642
gen: 87 best: 119.7 mean: 151.30547263681592
gen: 88 best: 119.7 mean: 151.14975124378108
gen: 89 best: 119.7 mean: 151.36666666666667
gen: 90 best: 119.7 mean: 150.92338308457713
gen: 91 best: 119.7 mean: 151.09950248756218
gen: 92 best: 119.7 mean: 151.2810945273632
gen: 93 best: 119.7 mean: 150.72089552238805
gen: 94 best: 119.7 mean: 151.3039800995025
gen: 95 best: 119.7 mean: 151.54427860696518
gen: 96 best: 119.7 mean: 151.08557213930348
gen: 97 best: 119.7 mean: 151.62487562189054
gen: 98 best: 119.7 mean: 151.81542288557213
gen: 99 best: 119.7 mean: 150.75721393034826
[15, 8, 11, 8, 9, 9, 7, 13, 9, 6, 12, 10, 10, 10, 11, 12, 12, 10, 10, 11, 9, 9, 10, 9, 12, 10, 10, 10, 10, 9, 6, 10, 10, 10, 11, 9, 11]
Test count of edges: 796
cat
