Defaulting to user installation because normal site-packages is not writeable
Looking in links: /cvmfs/soft.computecanada.ca/custom/python/wheelhouse/gentoo/avx2, /cvmfs/soft.computecanada.ca/custom/python/wheelhouse/gentoo/generic, /cvmfs/soft.computecanada.ca/custom/python/wheelhouse/generic
Requirement already satisfied: graphviz in /home/js17sy/.local/lib/python3.10/site-packages (0.20)
663; python ga.py 19 256N_graph19.dat 0.1 0.04 0.7 0.7 0.3 201 256N_graph19leerygen2rem70_ 85683
/project/6008788/js17sy/reopenga/256b/ga.py:291: DeprecationWarning: Sampling from a set deprecated
since Python 3.9 and will be removed in a subsequent version.
  child1 = set(random.sample(
gen >0, new best = 179.600
gen >0, new best = 177.700
gen >0, new best = 176.700
gen >0, new best = 176.600
gen >0, new best = 168.100
gen >0, new best = 166.600
gen >0, new best = 161.500
gen: 0 best: 161.5 mean: 187.205223880597
gen >1, new best = 159.900
gen >1, new best = 159.600
gen: 1 best: 159.6 mean: 185.707960199005
gen: 2 best: 159.6 mean: 184.49900497512436
gen: 3 best: 159.6 mean: 185.25671641791044
gen >4, new best = 150.200
gen: 4 best: 150.2 mean: 183.96766169154228
gen: 5 best: 150.2 mean: 184.26318407960198
gen: 6 best: 150.2 mean: 183.72587064676617
gen: 7 best: 150.2 mean: 183.2407960199005
gen: 8 best: 150.2 mean: 182.7910447761194
gen: 9 best: 150.2 mean: 182.42835820895522
gen: 10 best: 150.2 mean: 180.92189054726367
gen: 11 best: 150.2 mean: 181.4641791044776
gen: 12 best: 150.2 mean: 181.1865671641791
gen: 13 best: 150.2 mean: 179.07064676616915
gen: 14 best: 150.2 mean: 178.5731343283582
gen >15, new best = 149.000
gen: 15 best: 149.0 mean: 178.20696517412935
gen: 16 best: 149.0 mean: 177.70547263681593
gen >17, new best = 143.300
gen: 17 best: 143.3 mean: 178.33830845771143
gen: 18 best: 143.3 mean: 176.59452736318408
gen: 19 best: 143.3 mean: 176.23980099502486
gen >20, new best = 142.500
gen: 20 best: 142.5 mean: 176.044776119403
gen: 21 best: 142.5 mean: 176.14328358208954
gen: 22 best: 142.5 mean: 176.0228855721393
gen: 23 best: 142.5 mean: 176.37412935323383
gen: 24 best: 142.5 mean: 174.53233830845772
gen: 25 best: 142.5 mean: 174.96019900497512
gen: 26 best: 142.5 mean: 175.51243781094527
gen: 27 best: 142.5 mean: 174.53333333333333
gen: 28 best: 142.5 mean: 174.10646766169154
gen: 29 best: 142.5 mean: 173.98407960199006
gen: 30 best: 142.5 mean: 173.7139303482587
gen: 31 best: 142.5 mean: 172.83930348258707
gen: 32 best: 142.5 mean: 173.15721393034826
gen >33, new best = 141.600
gen: 33 best: 141.6 mean: 172.33532338308459
gen: 34 best: 141.6 mean: 172.42139303482588
gen >35, new best = 137.000
gen: 35 best: 137.0 mean: 172.8587064676617
gen: 36 best: 137.0 mean: 171.66716417910447
gen: 37 best: 137.0 mean: 171.3900497512438
gen: 38 best: 137.0 mean: 170.98955223880597
gen: 39 best: 137.0 mean: 171.50149253731342
gen: 40 best: 137.0 mean: 170.96965174129352
gen: 41 best: 137.0 mean: 170.78009950248756
gen: 42 best: 137.0 mean: 169.63781094527363
gen: 43 best: 137.0 mean: 170.95572139303482
gen: 44 best: 137.0 mean: 169.7407960199005
gen: 45 best: 137.0 mean: 168.58009950248757
gen: 46 best: 137.0 mean: 169.51442786069651
gen: 47 best: 137.0 mean: 170.33333333333334
gen: 48 best: 137.0 mean: 169.10149253731342
gen: 49 best: 137.0 mean: 168.1417910447761
gen: 50 best: 137.0 mean: 167.98009950248758
gen: 51 best: 137.0 mean: 168.78457711442786
gen: 52 best: 137.0 mean: 166.64825870646766
gen: 53 best: 137.0 mean: 168.17562189054726
gen: 54 best: 137.0 mean: 167.44179104477612
gen: 55 best: 137.0 mean: 167.84875621890546
gen: 56 best: 137.0 mean: 166.04676616915424
gen: 57 best: 137.0 mean: 165.9910447761194
gen: 58 best: 137.0 mean: 166.42039800995025
gen >59, new best = 135.200
gen: 59 best: 135.2 mean: 164.355223880597
gen >60, new best = 134.200
gen: 60 best: 134.2 mean: 164.80696517412935
gen >61, new best = 130.200
gen: 61 best: 130.2 mean: 165.4194029850746
gen: 62 best: 130.2 mean: 164.9870646766169
gen: 63 best: 130.2 mean: 166.66069651741293
gen: 64 best: 130.2 mean: 165.46119402985076
gen: 65 best: 130.2 mean: 165.74477611940299
gen: 66 best: 130.2 mean: 164.36467661691543
gen: 67 best: 130.2 mean: 164.5218905472637
gen: 68 best: 130.2 mean: 163.75970149253732
gen: 69 best: 130.2 mean: 163.8
gen >70, new best = 127.300
gen: 70 best: 127.3 mean: 164.43930348258706
gen: 71 best: 127.3 mean: 164.67462686567166
gen: 72 best: 127.3 mean: 164.09203980099502
gen: 73 best: 127.3 mean: 164.40746268656716
gen: 74 best: 127.3 mean: 162.98358208955224
gen: 75 best: 127.3 mean: 162.373631840796
gen >76, new best = 120.400
gen: 76 best: 120.4 mean: 163.73383084577114
gen: 77 best: 120.4 mean: 164.02885572139303
gen: 78 best: 120.4 mean: 163.33731343283583
gen: 79 best: 120.4 mean: 163.38457711442786
gen: 80 best: 120.4 mean: 163.62238805970148
gen: 81 best: 120.4 mean: 165.7955223880597
gen: 82 best: 120.4 mean: 162.34328358208955
gen: 83 best: 120.4 mean: 163.5726368159204
gen: 84 best: 120.4 mean: 163.52537313432836
gen: 85 best: 120.4 mean: 162.936815920398
gen: 86 best: 120.4 mean: 164.12587064676617
gen: 87 best: 120.4 mean: 164.38507462686567
gen: 88 best: 120.4 mean: 162.28308457711444
gen: 89 best: 120.4 mean: 162.39054726368158
gen: 90 best: 120.4 mean: 161.52338308457712
gen: 91 best: 120.4 mean: 163.3268656716418
gen: 92 best: 120.4 mean: 161.6189054726368
gen: 93 best: 120.4 mean: 161.26467661691544
gen: 94 best: 120.4 mean: 160.2417910447761
gen: 95 best: 120.4 mean: 162.56467661691542
gen: 96 best: 120.4 mean: 161.06716417910448
gen: 97 best: 120.4 mean: 162.381592039801
gen: 98 best: 120.4 mean: 161.07014925373133
gen: 99 best: 120.4 mean: 162.27114427860695
[7, 7, 8, 8, 7, 8, 9, 6, 7, 6, 6, 8, 7, 9, 6, 7, 8, 9, 7, 13, 12, 5, 8, 7, 6, 9, 7, 8, 9, 8, 7, 8, 9, 8]
Test count of edges: 480
cat
