Defaulting to user installation because normal site-packages is not writeable
Looking in links: /cvmfs/soft.computecanada.ca/custom/python/wheelhouse/gentoo/avx2, /cvmfs/soft.computecanada.ca/custom/python/wheelhouse/gentoo/generic, /cvmfs/soft.computecanada.ca/custom/python/wheelhouse/generic
Requirement already satisfied: graphviz in /home/js17sy/.local/lib/python3.10/site-packages (0.20)
109; python ga.py 19 256N_graph19.dat 0.025 0.01 0.7 0.5 0.5 201 256N_graph19strictgen1rem70_ 542659
/project/6008788/js17sy/reopenga/256b/ga.py:291: DeprecationWarning: Sampling from a set deprecated
since Python 3.9 and will be removed in a subsequent version.
  child1 = set(random.sample(
gen >0, new best = 120.800
gen >0, new best = 111.500
gen >0, new best = 103.000
gen >0, new best = 101.500
gen >0, new best = 96.100
gen >0, new best = 84.000
gen >0, new best = 73.700
gen >0, new best = 69.000
gen >0, new best = 67.300
gen: 0 best: 67.3 mean: 130.64378109452736
gen: 1 best: 67.3 mean: 129.50248756218906
gen: 2 best: 67.3 mean: 129.30199004975125
gen >3, new best = 66.300
gen: 3 best: 66.3 mean: 129.34427860696516
gen: 4 best: 66.3 mean: 131.82487562189056
gen >5, new best = 56.600
gen: 5 best: 56.6 mean: 128.67960199004975
gen: 6 best: 56.6 mean: 128.98457711442785
gen: 7 best: 56.6 mean: 127.42238805970149
gen: 8 best: 56.6 mean: 127.53980099502488
gen: 9 best: 56.6 mean: 124.77014925373135
gen: 10 best: 56.6 mean: 129.76019900497514
gen: 11 best: 56.6 mean: 128.81592039800995
gen >12, new best = 51.800
gen: 12 best: 51.8 mean: 129.21542288557214
gen: 13 best: 51.8 mean: 125.98258706467662
gen: 14 best: 51.8 mean: 125.13532338308458
gen: 15 best: 51.8 mean: 126.7089552238806
gen: 16 best: 51.8 mean: 127.0502487562189
gen: 17 best: 51.8 mean: 125.8
gen: 18 best: 51.8 mean: 128.12686567164178
gen: 19 best: 51.8 mean: 126.16318407960199
gen: 20 best: 51.8 mean: 125.8547263681592
gen: 21 best: 51.8 mean: 126.55074626865672
gen: 22 best: 51.8 mean: 123.72089552238806
gen: 23 best: 51.8 mean: 123.281592039801
gen: 24 best: 51.8 mean: 121.45174129353234
gen: 25 best: 51.8 mean: 125.7412935323383
gen: 26 best: 51.8 mean: 123.01741293532338
gen: 27 best: 51.8 mean: 123.22089552238806
gen: 28 best: 51.8 mean: 125.54129353233832
gen: 29 best: 51.8 mean: 120.40298507462687
gen: 30 best: 51.8 mean: 117.88706467661692
gen: 31 best: 51.8 mean: 116.26517412935323
gen: 32 best: 51.8 mean: 120.86218905472637
gen: 33 best: 51.8 mean: 119.91940298507463
gen: 34 best: 51.8 mean: 121.22686567164179
gen: 35 best: 51.8 mean: 118.80199004975124
gen: 36 best: 51.8 mean: 120.60049751243781
gen: 37 best: 51.8 mean: 118.84328358208955
gen >38, new best = 48.300
gen: 38 best: 48.3 mean: 116.82636815920398
gen: 39 best: 48.3 mean: 114.77761194029851
gen: 40 best: 48.3 mean: 114.37910447761195
gen: 41 best: 48.3 mean: 114.42587064676617
gen >42, new best = 46.700
gen: 42 best: 46.7 mean: 113.77412935323383
gen: 43 best: 46.7 mean: 112.0228855721393
gen: 44 best: 46.7 mean: 114.54626865671642
gen: 45 best: 46.7 mean: 109.9139303482587
gen >46, new best = 38.800
gen: 46 best: 38.8 mean: 108.71243781094527
gen: 47 best: 38.8 mean: 105.7457711442786
gen: 48 best: 38.8 mean: 107.16915422885572
gen: 49 best: 38.8 mean: 105.04975124378109
gen: 50 best: 38.8 mean: 105.67014925373134
gen: 51 best: 38.8 mean: 101.27014925373135
gen >52, new best = 37.800
gen: 52 best: 37.8 mean: 104.21094527363184
gen: 53 best: 37.8 mean: 101.08805970149254
gen: 54 best: 37.8 mean: 100.83084577114428
gen: 55 best: 37.8 mean: 100.49651741293532
gen >56, new best = 36.500
gen: 56 best: 36.5 mean: 98.3273631840796
gen: 57 best: 36.5 mean: 96.30796019900498
gen: 58 best: 36.5 mean: 96.6950248756219
gen: 59 best: 36.5 mean: 99.18606965174129
gen: 60 best: 36.5 mean: 95.7228855721393
gen: 61 best: 36.5 mean: 93.54179104477612
gen: 62 best: 36.5 mean: 91.52935323383085
gen: 63 best: 36.5 mean: 91.76467661691542
gen: 64 best: 36.5 mean: 89.5273631840796
gen: 65 best: 36.5 mean: 90.84626865671642
gen >66, new best = 36.100
gen: 66 best: 36.1 mean: 88.48358208955224
gen: 67 best: 36.1 mean: 91.52039800995026
gen: 68 best: 36.1 mean: 92.59751243781095
gen: 69 best: 36.1 mean: 93.7641791044776
gen: 70 best: 36.1 mean: 90.4636815920398
gen: 71 best: 36.1 mean: 89.18258706467661
gen: 72 best: 36.1 mean: 92.46019900497512
gen: 73 best: 36.1 mean: 91.7681592039801
gen: 74 best: 36.1 mean: 91.26218905472636
gen: 75 best: 36.1 mean: 87.95074626865672
gen: 76 best: 36.1 mean: 86.45721393034826
gen >77, new best = 33.400
gen: 77 best: 33.4 mean: 88.063184079602
gen: 78 best: 33.4 mean: 84.77761194029851
gen: 79 best: 33.4 mean: 88.0502487562189
gen: 80 best: 33.4 mean: 85.55820895522388
gen: 81 best: 33.4 mean: 85.92089552238807
gen: 82 best: 33.4 mean: 85.53432835820895
gen: 83 best: 33.4 mean: 88.45572139303482
gen: 84 best: 33.4 mean: 86.40398009950249
gen: 85 best: 33.4 mean: 89.00049751243782
gen: 86 best: 33.4 mean: 87.22835820895523
gen: 87 best: 33.4 mean: 87.38159203980099
gen: 88 best: 33.4 mean: 83.23084577114427
gen: 89 best: 33.4 mean: 89.30746268656716
gen: 90 best: 33.4 mean: 88.62935323383084
gen: 91 best: 33.4 mean: 86.02636815920398
gen: 92 best: 33.4 mean: 85.45870646766168
gen: 93 best: 33.4 mean: 88.72437810945273
gen: 94 best: 33.4 mean: 85.48258706467662
gen: 95 best: 33.4 mean: 88.5134328358209
gen: 96 best: 33.4 mean: 90.26467661691542
gen: 97 best: 33.4 mean: 87.92338308457711
gen: 98 best: 33.4 mean: 86.72636815920399
gen: 99 best: 33.4 mean: 87.97860696517412
[5, 7, 6, 9, 9, 7, 7, 6, 6, 5, 7, 6, 5, 9, 7, 6, 7, 7, 7, 7, 11, 7, 7, 7, 7, 7, 7]
Test count of edges: 494
cat
