Defaulting to user installation because normal site-packages is not writeable
Looking in links: /cvmfs/soft.computecanada.ca/custom/python/wheelhouse/gentoo/avx2, /cvmfs/soft.computecanada.ca/custom/python/wheelhouse/gentoo/generic, /cvmfs/soft.computecanada.ca/custom/python/wheelhouse/generic
Requirement already satisfied: graphviz in /home/js17sy/.local/lib/python3.10/site-packages (0.20)
424; python ga.py 19 256N_graph19.dat 0.075 0.03 0.5 0.9 0.1 201 256N_graph19laxgen3rem50_ 114244
/project/6008788/js17sy/reopenga/256b/ga.py:291: DeprecationWarning: Sampling from a set deprecated
since Python 3.9 and will be removed in a subsequent version.
  child1 = set(random.sample(
gen >0, new best = 176.800
gen >0, new best = 176.100
gen >0, new best = 155.400
gen >0, new best = 150.600
gen: 0 best: 150.6 mean: 174.3169154228856
gen: 1 best: 150.6 mean: 173.6601990049751
gen: 2 best: 150.6 mean: 172.68457711442787
gen: 3 best: 150.6 mean: 172.15820895522387
gen: 4 best: 150.6 mean: 172.02935323383085
gen: 5 best: 150.6 mean: 171.73880597014926
gen >6, new best = 149.700
gen >6, new best = 147.200
gen: 6 best: 147.2 mean: 169.92338308457713
gen >7, new best = 142.600
gen: 7 best: 142.6 mean: 169.4
gen: 8 best: 142.6 mean: 168.89900497512437
gen: 9 best: 142.6 mean: 168.3412935323383
gen: 10 best: 142.6 mean: 168.42985074626867
gen: 11 best: 142.6 mean: 167.20597014925374
gen: 12 best: 142.6 mean: 166.74776119402986
gen: 13 best: 142.6 mean: 165.9039800995025
gen >14, new best = 139.600
gen: 14 best: 139.6 mean: 165.60398009950248
gen: 15 best: 139.6 mean: 165.0592039800995
gen >16, new best = 136.500
gen: 16 best: 136.5 mean: 164.01194029850745
gen: 17 best: 136.5 mean: 163.87761194029852
gen: 18 best: 136.5 mean: 163.55273631840797
gen: 19 best: 136.5 mean: 162.58557213930348
gen: 20 best: 136.5 mean: 162.7189054726368
gen: 21 best: 136.5 mean: 162.33781094527365
gen: 22 best: 136.5 mean: 161.77412935323383
gen: 23 best: 136.5 mean: 160.58258706467663
gen: 24 best: 136.5 mean: 160.56915422885572
gen: 25 best: 136.5 mean: 159.7462686567164
gen: 26 best: 136.5 mean: 159.63830845771145
gen: 27 best: 136.5 mean: 159.618407960199
gen: 28 best: 136.5 mean: 159.26069651741292
gen: 29 best: 136.5 mean: 158.71741293532338
gen: 30 best: 136.5 mean: 158.41243781094528
gen: 31 best: 136.5 mean: 157.94278606965173
gen: 32 best: 136.5 mean: 158.05671641791045
gen >33, new best = 131.000
gen: 33 best: 131.0 mean: 157.52587064676618
gen: 34 best: 131.0 mean: 157.28855721393035
gen: 35 best: 131.0 mean: 157.2094527363184
gen: 36 best: 131.0 mean: 157.4129353233831
gen: 37 best: 131.0 mean: 156.41592039800994
gen: 38 best: 131.0 mean: 156.40149253731343
gen >39, new best = 130.000
gen: 39 best: 130.0 mean: 155.9990049751244
gen: 40 best: 130.0 mean: 155.5731343283582
gen: 41 best: 130.0 mean: 154.89154228855722
gen: 42 best: 130.0 mean: 155.1686567164179
gen: 43 best: 130.0 mean: 154.39303482587064
gen: 44 best: 130.0 mean: 154.28905472636816
gen: 45 best: 130.0 mean: 154.14825870646766
gen: 46 best: 130.0 mean: 153.53034825870648
gen: 47 best: 130.0 mean: 153.04228855721394
gen: 48 best: 130.0 mean: 152.67512437810944
gen: 49 best: 130.0 mean: 152.72089552238805
gen: 50 best: 130.0 mean: 152.65721393034826
gen: 51 best: 130.0 mean: 152.18805970149253
gen: 52 best: 130.0 mean: 151.81542288557213
gen: 53 best: 130.0 mean: 151.98109452736318
gen: 54 best: 130.0 mean: 151.58109452736318
gen: 55 best: 130.0 mean: 151.89154228855722
gen: 56 best: 130.0 mean: 151.86865671641792
gen >57, new best = 127.900
gen: 57 best: 127.9 mean: 151.29303482587065
gen: 58 best: 127.9 mean: 151.0129353233831
gen >59, new best = 116.000
gen: 59 best: 116.0 mean: 151.00099502487564
gen: 60 best: 116.0 mean: 150.78507462686568
gen: 61 best: 116.0 mean: 150.6960199004975
gen: 62 best: 116.0 mean: 150.4860696517413
gen: 63 best: 116.0 mean: 150.36169154228855
gen: 64 best: 116.0 mean: 149.73930348258708
gen: 65 best: 116.0 mean: 150.0094527363184
gen: 66 best: 116.0 mean: 148.92985074626867
gen: 67 best: 116.0 mean: 149.45671641791046
gen: 68 best: 116.0 mean: 149.6
gen: 69 best: 116.0 mean: 149.24029850746268
gen: 70 best: 116.0 mean: 149.07661691542287
gen: 71 best: 116.0 mean: 149.43980099502488
gen: 72 best: 116.0 mean: 148.64676616915423
gen: 73 best: 116.0 mean: 149.31442786069653
gen: 74 best: 116.0 mean: 149.12388059701493
gen: 75 best: 116.0 mean: 149.22487562189056
gen: 76 best: 116.0 mean: 148.46616915422885
gen: 77 best: 116.0 mean: 148.43383084577115
gen: 78 best: 116.0 mean: 148.06218905472636
gen: 79 best: 116.0 mean: 148.26318407960198
gen: 80 best: 116.0 mean: 147.97412935323382
gen: 81 best: 116.0 mean: 148.00746268656715
gen: 82 best: 116.0 mean: 148.32935323383086
gen: 83 best: 116.0 mean: 147.98955223880597
gen: 84 best: 116.0 mean: 146.81890547263683
gen: 85 best: 116.0 mean: 147.44427860696518
gen: 86 best: 116.0 mean: 148.04925373134327
gen: 87 best: 116.0 mean: 148.1537313432836
gen: 88 best: 116.0 mean: 147.3955223880597
gen: 89 best: 116.0 mean: 147.4
gen: 90 best: 116.0 mean: 146.98208955223882
gen: 91 best: 116.0 mean: 147.1099502487562
gen: 92 best: 116.0 mean: 147.3776119402985
gen: 93 best: 116.0 mean: 147.6134328358209
gen: 94 best: 116.0 mean: 146.82985074626865
gen: 95 best: 116.0 mean: 146.62835820895523
gen: 96 best: 116.0 mean: 146.76069651741292
gen: 97 best: 116.0 mean: 146.91890547263682
gen: 98 best: 116.0 mean: 146.88756218905473
gen: 99 best: 116.0 mean: 146.40597014925373
[11, 12, 12, 9, 10, 10, 11, 10, 12, 9, 10, 9, 10, 9, 11, 10, 10, 11, 9, 9, 9, 8, 9, 9, 10, 10, 11, 11, 12, 11, 12]
Test count of edges: 767
cat
