Defaulting to user installation because normal site-packages is not writeable
Looking in links: /cvmfs/soft.computecanada.ca/custom/python/wheelhouse/gentoo/avx2, /cvmfs/soft.computecanada.ca/custom/python/wheelhouse/gentoo/generic, /cvmfs/soft.computecanada.ca/custom/python/wheelhouse/generic
Requirement already satisfied: graphviz in /home/js17sy/.local/lib/python3.10/site-packages (0.20)
505; python ga.py 19 256N_graph19.dat 0.075 0.03 0.7 0.7 0.3 201 256N_graph19laxgen2rem70_ 714025
/project/6008788/js17sy/reopenga/256b/ga.py:291: DeprecationWarning: Sampling from a set deprecated
since Python 3.9 and will be removed in a subsequent version.
  child1 = set(random.sample(
gen >0, new best = 188.700
gen >0, new best = 178.200
gen >0, new best = 173.000
gen >0, new best = 166.800
gen >0, new best = 145.400
gen >0, new best = 141.500
gen: 0 best: 141.5 mean: 178.47189054726368
gen: 1 best: 141.5 mean: 178.2134328358209
gen >2, new best = 141.100
gen >2, new best = 132.700
gen: 2 best: 132.7 mean: 175.10149253731342
gen: 3 best: 132.7 mean: 175.4228855721393
gen: 4 best: 132.7 mean: 176.77014925373135
gen: 5 best: 132.7 mean: 176.48457711442785
gen: 6 best: 132.7 mean: 175.71243781094526
gen: 7 best: 132.7 mean: 172.9039800995025
gen >8, new best = 113.800
gen: 8 best: 113.8 mean: 174.3407960199005
gen: 9 best: 113.8 mean: 173.4716417910448
gen: 10 best: 113.8 mean: 173.37562189054725
gen: 11 best: 113.8 mean: 170.7318407960199
gen: 12 best: 113.8 mean: 171.6776119402985
gen: 13 best: 113.8 mean: 170.35572139303483
gen: 14 best: 113.8 mean: 169.3452736318408
gen: 15 best: 113.8 mean: 170.03880597014924
gen: 16 best: 113.8 mean: 169.22139303482587
gen: 17 best: 113.8 mean: 169.03233830845772
gen: 18 best: 113.8 mean: 167.04776119402985
gen: 19 best: 113.8 mean: 166.68009950248756
gen: 20 best: 113.8 mean: 166.1820895522388
gen: 21 best: 113.8 mean: 165.3636815920398
gen: 22 best: 113.8 mean: 166.54726368159203
gen: 23 best: 113.8 mean: 165.29004975124377
gen: 24 best: 113.8 mean: 164.46616915422885
gen: 25 best: 113.8 mean: 164.4900497512438
gen: 26 best: 113.8 mean: 164.3810945273632
gen: 27 best: 113.8 mean: 163.618407960199
gen: 28 best: 113.8 mean: 162.98308457711443
gen: 29 best: 113.8 mean: 161.68059701492538
gen: 30 best: 113.8 mean: 162.94726368159203
gen: 31 best: 113.8 mean: 161.39353233830846
gen: 32 best: 113.8 mean: 160.00746268656715
gen: 33 best: 113.8 mean: 162.3089552238806
gen: 34 best: 113.8 mean: 161.2233830845771
gen: 35 best: 113.8 mean: 159.90646766169155
gen: 36 best: 113.8 mean: 158.5358208955224
gen: 37 best: 113.8 mean: 159.3597014925373
gen: 38 best: 113.8 mean: 158.2318407960199
gen: 39 best: 113.8 mean: 159.58855721393036
gen: 40 best: 113.8 mean: 157.30746268656716
gen: 41 best: 113.8 mean: 156.72189054726368
gen: 42 best: 113.8 mean: 156.0776119402985
gen: 43 best: 113.8 mean: 158.60597014925372
gen >44, new best = 113.100
gen: 44 best: 113.1 mean: 157.08656716417912
gen: 45 best: 113.1 mean: 155.16716417910447
gen: 46 best: 113.1 mean: 154.14228855721393
gen: 47 best: 113.1 mean: 155.8094527363184
gen: 48 best: 113.1 mean: 156.72089552238805
gen: 49 best: 113.1 mean: 153.9
gen: 50 best: 113.1 mean: 153.60845771144278
gen: 51 best: 113.1 mean: 154.5134328358209
gen >52, new best = 112.000
gen: 52 best: 112.0 mean: 154.18358208955223
gen: 53 best: 112.0 mean: 153.6681592039801
gen: 54 best: 112.0 mean: 151.8542288557214
gen: 55 best: 112.0 mean: 151.90796019900498
gen: 56 best: 112.0 mean: 154.0099502487562
gen: 57 best: 112.0 mean: 152.0547263681592
gen: 58 best: 112.0 mean: 149.94925373134328
gen >59, new best = 110.300
gen: 59 best: 110.3 mean: 150.92885572139303
gen >60, new best = 108.000
gen: 60 best: 108.0 mean: 148.97661691542288
gen: 61 best: 108.0 mean: 148.76069651741292
gen: 62 best: 108.0 mean: 148.38905472636816
gen: 63 best: 108.0 mean: 146.95273631840797
gen: 64 best: 108.0 mean: 146.8825870646766
gen: 65 best: 108.0 mean: 147.55074626865672
gen: 66 best: 108.0 mean: 147.07860696517412
gen: 67 best: 108.0 mean: 146.0084577114428
gen: 68 best: 108.0 mean: 148.18756218905472
gen >69, new best = 103.400
gen: 69 best: 103.4 mean: 146.4094527363184
gen: 70 best: 103.4 mean: 146.8233830845771
gen >71, new best = 102.700
gen: 71 best: 102.7 mean: 146.26567164179104
gen: 72 best: 102.7 mean: 145.8781094527363
gen: 73 best: 102.7 mean: 145.6865671641791
gen: 74 best: 102.7 mean: 146.83880597014925
gen: 75 best: 102.7 mean: 146.50696517412936
gen: 76 best: 102.7 mean: 144.79452736318407
gen: 77 best: 102.7 mean: 143.99701492537312
gen: 78 best: 102.7 mean: 145.63134328358208
gen: 79 best: 102.7 mean: 144.4781094527363
gen >80, new best = 101.500
gen: 80 best: 101.5 mean: 143.39054726368158
gen: 81 best: 101.5 mean: 145.35124378109452
gen: 82 best: 101.5 mean: 142.97960199004976
gen: 83 best: 101.5 mean: 144.20298507462687
gen >84, new best = 100.700
gen: 84 best: 100.7 mean: 143.30547263681592
gen: 85 best: 100.7 mean: 140.82537313432834
gen: 86 best: 100.7 mean: 142.48457711442785
gen: 87 best: 100.7 mean: 140.7955223880597
gen: 88 best: 100.7 mean: 141.61940298507463
gen: 89 best: 100.7 mean: 141.6537313432836
gen: 90 best: 100.7 mean: 141.64726368159205
gen: 91 best: 100.7 mean: 142.02089552238806
gen: 92 best: 100.7 mean: 140.00199004975124
gen: 93 best: 100.7 mean: 139.34378109452737
gen: 94 best: 100.7 mean: 142.32736318407962
gen: 95 best: 100.7 mean: 141.44776119402985
gen: 96 best: 100.7 mean: 142.1273631840796
gen: 97 best: 100.7 mean: 140.0726368159204
gen >98, new best = 99.800
gen: 98 best: 99.8 mean: 141.93084577114428
gen: 99 best: 99.8 mean: 140.4592039800995
[8, 9, 8, 8, 7, 8, 8, 8, 8, 9, 8, 10, 9, 7, 9, 9, 9, 9, 7, 8, 8, 8, 7, 8, 7, 8, 7, 8, 9, 10, 8, 8, 7, 9, 7, 8, 7]
Test count of edges: 485
cat
