Defaulting to user installation because normal site-packages is not writeable
Looking in links: /cvmfs/soft.computecanada.ca/custom/python/wheelhouse/gentoo/avx2, /cvmfs/soft.computecanada.ca/custom/python/wheelhouse/gentoo/generic, /cvmfs/soft.computecanada.ca/custom/python/wheelhouse/generic
Requirement already satisfied: graphviz in /home/js17sy/.local/lib/python3.10/site-packages (0.20)
661; python ga.py 19 256N_graph19.dat 0.1 0.04 0.7 0.7 0.3 201 256N_graph19leerygen2rem70_ 28561
/project/6008788/js17sy/reopenga/256b/ga.py:291: DeprecationWarning: Sampling from a set deprecated
since Python 3.9 and will be removed in a subsequent version.
  child1 = set(random.sample(
gen >0, new best = 196.600
gen >0, new best = 185.100
gen >0, new best = 183.100
gen >0, new best = 179.100
gen >0, new best = 173.800
gen >0, new best = 169.800
gen >0, new best = 167.300
gen >0, new best = 167.000
gen >0, new best = 166.500
gen >0, new best = 161.300
gen: 0 best: 161.3 mean: 186.713184079602
gen >1, new best = 156.400
gen: 1 best: 156.4 mean: 185.99502487562188
gen: 2 best: 156.4 mean: 185.31144278606965
gen: 3 best: 156.4 mean: 185.80746268656716
gen: 4 best: 156.4 mean: 184.3139303482587
gen: 5 best: 156.4 mean: 184.8507462686567
gen: 6 best: 156.4 mean: 183.8318407960199
gen >7, new best = 153.900
gen >7, new best = 144.300
gen: 7 best: 144.3 mean: 183.88606965174128
gen: 8 best: 144.3 mean: 181.68009950248756
gen: 9 best: 144.3 mean: 180.60298507462687
gen: 10 best: 144.3 mean: 181.5412935323383
gen: 11 best: 144.3 mean: 181.6766169154229
gen: 12 best: 144.3 mean: 181.7278606965174
gen: 13 best: 144.3 mean: 181.05074626865672
gen: 14 best: 144.3 mean: 180.83084577114428
gen: 15 best: 144.3 mean: 181.40995024875622
gen: 16 best: 144.3 mean: 180.0955223880597
gen: 17 best: 144.3 mean: 180.35671641791046
gen >18, new best = 142.500
gen: 18 best: 142.5 mean: 180.25621890547265
gen: 19 best: 142.5 mean: 179.5
gen: 20 best: 142.5 mean: 178.59751243781093
gen: 21 best: 142.5 mean: 178.9358208955224
gen: 22 best: 142.5 mean: 177.93034825870646
gen: 23 best: 142.5 mean: 178.55174129353233
gen: 24 best: 142.5 mean: 177.36965174129352
gen: 25 best: 142.5 mean: 177.2492537313433
gen: 26 best: 142.5 mean: 176.25124378109453
gen >27, new best = 138.800
gen: 27 best: 138.8 mean: 176.23681592039802
gen: 28 best: 138.8 mean: 176.7134328358209
gen: 29 best: 138.8 mean: 176.70845771144278
gen: 30 best: 138.8 mean: 175.06616915422885
gen: 31 best: 138.8 mean: 175.0547263681592
gen: 32 best: 138.8 mean: 174.45373134328358
gen: 33 best: 138.8 mean: 174.53383084577115
gen >34, new best = 136.900
gen: 34 best: 136.9 mean: 173.7507462686567
gen: 35 best: 136.9 mean: 174.19004975124378
gen: 36 best: 136.9 mean: 173.83432835820895
gen: 37 best: 136.9 mean: 174.65373134328357
gen: 38 best: 136.9 mean: 172.66218905472635
gen: 39 best: 136.9 mean: 171.37910447761195
gen: 40 best: 136.9 mean: 172.6273631840796
gen: 41 best: 136.9 mean: 172.8084577114428
gen: 42 best: 136.9 mean: 171.62885572139302
gen: 43 best: 136.9 mean: 171.77810945273632
gen: 44 best: 136.9 mean: 172.14378109452736
gen: 45 best: 136.9 mean: 170.9084577114428
gen: 46 best: 136.9 mean: 171.78507462686568
gen: 47 best: 136.9 mean: 171.09651741293533
gen: 48 best: 136.9 mean: 170.5776119402985
gen: 49 best: 136.9 mean: 171.48756218905473
gen: 50 best: 136.9 mean: 171.14726368159205
gen: 51 best: 136.9 mean: 170.38009950248755
gen: 52 best: 136.9 mean: 170.21442786069653
gen: 53 best: 136.9 mean: 170.69800995024875
gen: 54 best: 136.9 mean: 170.79651741293532
gen: 55 best: 136.9 mean: 170.14975124378108
gen: 56 best: 136.9 mean: 169.79651741293532
gen: 57 best: 136.9 mean: 169.5218905472637
gen: 58 best: 136.9 mean: 169.86567164179104
gen: 59 best: 136.9 mean: 169.3995024875622
gen: 60 best: 136.9 mean: 168.7004975124378
gen: 61 best: 136.9 mean: 169.1179104477612
gen: 62 best: 136.9 mean: 169.05721393034827
gen: 63 best: 136.9 mean: 169.10746268656717
gen: 64 best: 136.9 mean: 168.4452736318408
gen: 65 best: 136.9 mean: 168.86517412935322
gen: 66 best: 136.9 mean: 168.1860696517413
gen: 67 best: 136.9 mean: 168.6910447761194
gen: 68 best: 136.9 mean: 168.18009950248756
gen: 69 best: 136.9 mean: 167.52089552238806
gen: 70 best: 136.9 mean: 167.56467661691542
gen: 71 best: 136.9 mean: 168.0681592039801
gen: 72 best: 136.9 mean: 168.1731343283582
gen: 73 best: 136.9 mean: 167.59253731343284
gen: 74 best: 136.9 mean: 168.20547263681593
gen: 75 best: 136.9 mean: 166.83880597014925
gen: 76 best: 136.9 mean: 167.34328358208955
gen: 77 best: 136.9 mean: 166.58407960199006
gen: 78 best: 136.9 mean: 167.07363184079603
gen: 79 best: 136.9 mean: 167.5587064676617
gen: 80 best: 136.9 mean: 167.8497512437811
gen: 81 best: 136.9 mean: 167.18507462686568
gen: 82 best: 136.9 mean: 167.60796019900496
gen: 83 best: 136.9 mean: 166.72537313432835
gen >84, new best = 136.200
gen: 84 best: 136.2 mean: 167.03830845771145
gen: 85 best: 136.2 mean: 165.92537313432837
gen: 86 best: 136.2 mean: 166.7278606965174
gen: 87 best: 136.2 mean: 166.61194029850745
gen: 88 best: 136.2 mean: 167.02885572139303
gen: 89 best: 136.2 mean: 167.05820895522388
gen: 90 best: 136.2 mean: 167.3582089552239
gen: 91 best: 136.2 mean: 167.26119402985074
gen: 92 best: 136.2 mean: 166.89054726368158
gen: 93 best: 136.2 mean: 165.34228855721392
gen: 94 best: 136.2 mean: 166.37860696517413
gen: 95 best: 136.2 mean: 166.35124378109452
gen >96, new best = 133.800
gen: 96 best: 133.8 mean: 166.63980099502487
gen: 97 best: 133.8 mean: 166.1402985074627
gen: 98 best: 133.8 mean: 166.0084577114428
gen: 99 best: 133.8 mean: 166.7139303482587
[9, 9, 11, 9, 7, 8, 7, 9, 8, 6, 9, 8, 8, 6, 10, 10, 10, 9, 8, 11, 11, 10, 7, 7, 6, 10, 5, 7, 10, 7, 9, 8, 8, 9, 10, 8]
Test count of edges: 485
cat
