Defaulting to user installation because normal site-packages is not writeable
Looking in links: /cvmfs/soft.computecanada.ca/custom/python/wheelhouse/gentoo/avx2, /cvmfs/soft.computecanada.ca/custom/python/wheelhouse/gentoo/generic, /cvmfs/soft.computecanada.ca/custom/python/wheelhouse/generic
Requirement already satisfied: graphviz in /home/js17sy/.local/lib/python3.10/site-packages (0.20)
491; python ga.py 19 256N_graph19.dat 0.075 0.03 0.7 0.7 0.3 201 256N_graph19laxgen2rem70_ 314171
/project/6008788/js17sy/reopenga/256b/ga.py:291: DeprecationWarning: Sampling from a set deprecated
since Python 3.9 and will be removed in a subsequent version.
  child1 = set(random.sample(
gen >0, new best = 185.600
gen >0, new best = 174.000
gen >0, new best = 165.600
gen >0, new best = 156.900
gen >0, new best = 156.200
gen >0, new best = 152.100
gen >0, new best = 151.100
gen >0, new best = 150.600
gen: 0 best: 150.6 mean: 178.15646766169155
gen >1, new best = 150.100
gen: 1 best: 150.1 mean: 177.5721393034826
gen >2, new best = 145.400
gen: 2 best: 145.4 mean: 176.90298507462686
gen >3, new best = 144.800
gen: 3 best: 144.8 mean: 176.42089552238807
gen >4, new best = 143.400
gen: 4 best: 143.4 mean: 176.70646766169153
gen >5, new best = 142.100
gen: 5 best: 142.1 mean: 175.55621890547263
gen: 6 best: 142.1 mean: 175.4681592039801
gen >7, new best = 140.000
gen: 7 best: 140.0 mean: 175.3049751243781
gen: 8 best: 140.0 mean: 174.25721393034826
gen: 9 best: 140.0 mean: 172.29900497512438
gen >10, new best = 130.400
gen: 10 best: 130.4 mean: 171.88706467661692
gen: 11 best: 130.4 mean: 171.93034825870646
gen >12, new best = 125.000
gen: 12 best: 125.0 mean: 169.70199004975123
gen: 13 best: 125.0 mean: 170.21293532338308
gen: 14 best: 125.0 mean: 169.58457711442787
gen: 15 best: 125.0 mean: 168.9
gen: 16 best: 125.0 mean: 167.7497512437811
gen: 17 best: 125.0 mean: 170.04825870646766
gen: 18 best: 125.0 mean: 166.9731343283582
gen: 19 best: 125.0 mean: 165.92388059701491
gen: 20 best: 125.0 mean: 166.18457711442787
gen: 21 best: 125.0 mean: 165.91592039800994
gen: 22 best: 125.0 mean: 163.81542288557213
gen >23, new best = 124.400
gen: 23 best: 124.4 mean: 164.20298507462687
gen: 24 best: 124.4 mean: 164.9139303482587
gen: 25 best: 124.4 mean: 164.0731343283582
gen: 26 best: 124.4 mean: 163.59751243781093
gen: 27 best: 124.4 mean: 163.13233830845772
gen: 28 best: 124.4 mean: 162.77064676616916
gen: 29 best: 124.4 mean: 162.6547263681592
gen: 30 best: 124.4 mean: 161.57114427860697
gen: 31 best: 124.4 mean: 162.22537313432835
gen: 32 best: 124.4 mean: 159.98557213930349
gen: 33 best: 124.4 mean: 160.6363184079602
gen: 34 best: 124.4 mean: 160.59850746268657
gen: 35 best: 124.4 mean: 160.07412935323384
gen: 36 best: 124.4 mean: 159.83283582089553
gen: 37 best: 124.4 mean: 157.72935323383084
gen: 38 best: 124.4 mean: 158.79651741293532
gen: 39 best: 124.4 mean: 158.4
gen: 40 best: 124.4 mean: 157.90149253731343
gen: 41 best: 124.4 mean: 158.34228855721392
gen: 42 best: 124.4 mean: 158.3900497512438
gen: 43 best: 124.4 mean: 158.15820895522387
gen: 44 best: 124.4 mean: 156.83830845771143
gen: 45 best: 124.4 mean: 156.38606965174128
gen: 46 best: 124.4 mean: 156.7910447761194
gen: 47 best: 124.4 mean: 157.1865671641791
gen: 48 best: 124.4 mean: 156.8139303482587
gen: 49 best: 124.4 mean: 156.22835820895523
gen: 50 best: 124.4 mean: 155.61691542288557
gen: 51 best: 124.4 mean: 154.55323383084578
gen: 52 best: 124.4 mean: 154.42587064676616
gen: 53 best: 124.4 mean: 155.20248756218905
gen: 54 best: 124.4 mean: 154.25572139303483
gen >55, new best = 121.600
gen: 55 best: 121.6 mean: 154.52388059701494
gen: 56 best: 121.6 mean: 153.57960199004975
gen: 57 best: 121.6 mean: 153.70199004975123
gen: 58 best: 121.6 mean: 153.89054726368158
gen: 59 best: 121.6 mean: 153.76218905472638
gen: 60 best: 121.6 mean: 153.37064676616916
gen: 61 best: 121.6 mean: 152.50497512437812
gen: 62 best: 121.6 mean: 152.90248756218907
gen: 63 best: 121.6 mean: 152.86019900497513
gen: 64 best: 121.6 mean: 154.2910447761194
gen: 65 best: 121.6 mean: 152.69402985074626
gen: 66 best: 121.6 mean: 152.99054726368158
gen: 67 best: 121.6 mean: 151.2592039800995
gen: 68 best: 121.6 mean: 150.87014925373134
gen: 69 best: 121.6 mean: 152.51691542288557
gen: 70 best: 121.6 mean: 152.6955223880597
gen: 71 best: 121.6 mean: 152.0283582089552
gen: 72 best: 121.6 mean: 151.6273631840796
gen: 73 best: 121.6 mean: 152.1358208955224
gen: 74 best: 121.6 mean: 151.17860696517414
gen: 75 best: 121.6 mean: 151.97412935323382
gen: 76 best: 121.6 mean: 152.29900497512438
gen: 77 best: 121.6 mean: 151.32885572139304
gen: 78 best: 121.6 mean: 150.89452736318407
gen: 79 best: 121.6 mean: 150.66716417910447
gen: 80 best: 121.6 mean: 149.4865671641791
gen: 81 best: 121.6 mean: 149.8547263681592
gen: 82 best: 121.6 mean: 150.20248756218905
gen: 83 best: 121.6 mean: 149.7582089552239
gen: 84 best: 121.6 mean: 149.55223880597015
gen: 85 best: 121.6 mean: 149.47661691542288
gen >86, new best = 120.500
gen: 86 best: 120.5 mean: 149.5721393034826
gen: 87 best: 120.5 mean: 148.71641791044777
gen: 88 best: 120.5 mean: 148.53830845771145
gen >89, new best = 117.600
gen: 89 best: 117.6 mean: 148.6089552238806
gen: 90 best: 117.6 mean: 149.15621890547263
gen: 91 best: 117.6 mean: 148.78706467661692
gen: 92 best: 117.6 mean: 148.6721393034826
gen: 93 best: 117.6 mean: 149.41741293532337
gen: 94 best: 117.6 mean: 149.74228855721393
gen: 95 best: 117.6 mean: 148.46616915422885
gen: 96 best: 117.6 mean: 149.62039800995024
gen: 97 best: 117.6 mean: 147.6686567164179
gen: 98 best: 117.6 mean: 149.03482587064676
gen: 99 best: 117.6 mean: 147.80646766169156
[6, 8, 9, 8, 11, 10, 5, 10, 9, 9, 8, 7, 9, 10, 9, 8, 8, 8, 8, 5, 9, 10, 8, 8, 8, 10, 8, 8, 12, 11, 9, 9, 8, 10, 10]
Test count of edges: 481
cat
