Defaulting to user installation because normal site-packages is not writeable
Looking in links: /cvmfs/soft.computecanada.ca/custom/python/wheelhouse/gentoo/avx2, /cvmfs/soft.computecanada.ca/custom/python/wheelhouse/gentoo/generic, /cvmfs/soft.computecanada.ca/custom/python/wheelhouse/generic
Requirement already satisfied: graphviz in /home/js17sy/.local/lib/python3.10/site-packages (0.20)
678; python ga.py 19 256N_graph19.dat 0.1 0.04 0.7 0.7 0.3 201 256N_graph19leerygen2rem70_ 514098
/project/6008788/js17sy/reopenga/256b/ga.py:291: DeprecationWarning: Sampling from a set deprecated
since Python 3.9 and will be removed in a subsequent version.
  child1 = set(random.sample(
gen >0, new best = 192.800
gen >0, new best = 183.900
gen >0, new best = 177.600
gen >0, new best = 177.500
gen >0, new best = 168.800
gen >0, new best = 165.300
gen: 0 best: 165.3 mean: 186.5139303482587
gen >1, new best = 163.100
gen: 1 best: 163.1 mean: 186.75870646766168
gen >2, new best = 161.200
gen: 2 best: 161.2 mean: 185.92537313432837
gen >3, new best = 160.100
gen >3, new best = 159.200
gen: 3 best: 159.2 mean: 184.61094527363184
gen >4, new best = 153.000
gen: 4 best: 153.0 mean: 185.78805970149253
gen: 5 best: 153.0 mean: 184.82537313432834
gen: 6 best: 153.0 mean: 184.82537313432834
gen: 7 best: 153.0 mean: 184.38905472636816
gen: 8 best: 153.0 mean: 183.70099502487562
gen: 9 best: 153.0 mean: 183.35273631840795
gen: 10 best: 153.0 mean: 181.8910447761194
gen: 11 best: 153.0 mean: 181.81194029850747
gen >12, new best = 150.300
gen: 12 best: 150.3 mean: 181.42636815920397
gen: 13 best: 150.3 mean: 181.74328358208956
gen >14, new best = 148.100
gen: 14 best: 148.1 mean: 180.04776119402985
gen: 15 best: 148.1 mean: 179.80199004975125
gen: 16 best: 148.1 mean: 180.59751243781093
gen: 17 best: 148.1 mean: 180.1407960199005
gen: 18 best: 148.1 mean: 178.67164179104478
gen: 19 best: 148.1 mean: 179.2492537313433
gen: 20 best: 148.1 mean: 178.13930348258705
gen: 21 best: 148.1 mean: 178.28855721393035
gen: 22 best: 148.1 mean: 178.04179104477612
gen: 23 best: 148.1 mean: 177.27810945273632
gen: 24 best: 148.1 mean: 177.9641791044776
gen: 25 best: 148.1 mean: 176.72587064676617
gen: 26 best: 148.1 mean: 177.3771144278607
gen >27, new best = 146.600
gen: 27 best: 146.6 mean: 177.39303482587064
gen: 28 best: 146.6 mean: 175.881592039801
gen: 29 best: 146.6 mean: 175.8681592039801
gen: 30 best: 146.6 mean: 175.9915422885572
gen: 31 best: 146.6 mean: 175.49253731343285
gen: 32 best: 146.6 mean: 174.2820895522388
gen >33, new best = 143.600
gen: 33 best: 143.6 mean: 174.8049751243781
gen: 34 best: 143.6 mean: 173.9502487562189
gen: 35 best: 143.6 mean: 174.81243781094528
gen: 36 best: 143.6 mean: 174.54626865671642
gen: 37 best: 143.6 mean: 174.918407960199
gen: 38 best: 143.6 mean: 174.24875621890547
gen: 39 best: 143.6 mean: 173.3766169154229
gen: 40 best: 143.6 mean: 173.31144278606965
gen: 41 best: 143.6 mean: 172.57462686567163
gen: 42 best: 143.6 mean: 172.3134328358209
gen: 43 best: 143.6 mean: 172.9781094527363
gen >44, new best = 142.700
gen: 44 best: 142.7 mean: 171.7502487562189
gen: 45 best: 142.7 mean: 173.33283582089553
gen: 46 best: 142.7 mean: 172.3004975124378
gen: 47 best: 142.7 mean: 172.3641791044776
gen: 48 best: 142.7 mean: 172.74228855721393
gen: 49 best: 142.7 mean: 172.29900497512438
gen: 50 best: 142.7 mean: 171.59701492537314
gen: 51 best: 142.7 mean: 171.88009950248755
gen: 52 best: 142.7 mean: 170.18308457711444
gen: 53 best: 142.7 mean: 172.03084577114427
gen: 54 best: 142.7 mean: 171.34875621890546
gen: 55 best: 142.7 mean: 171.38059701492537
gen: 56 best: 142.7 mean: 170.8965174129353
gen: 57 best: 142.7 mean: 170.65323383084578
gen: 58 best: 142.7 mean: 170.75771144278607
gen: 59 best: 142.7 mean: 171.7044776119403
gen: 60 best: 142.7 mean: 171.21840796019902
gen: 61 best: 142.7 mean: 170.03383084577115
gen: 62 best: 142.7 mean: 170.55373134328357
gen: 63 best: 142.7 mean: 169.87313432835822
gen: 64 best: 142.7 mean: 169.87860696517413
gen: 65 best: 142.7 mean: 169.9273631840796
gen: 66 best: 142.7 mean: 170.06467661691542
gen: 67 best: 142.7 mean: 170.25422885572138
gen: 68 best: 142.7 mean: 169.29651741293532
gen: 69 best: 142.7 mean: 168.9452736318408
gen: 70 best: 142.7 mean: 168.5542288557214
gen: 71 best: 142.7 mean: 168.50049751243782
gen: 72 best: 142.7 mean: 168.12835820895523
gen: 73 best: 142.7 mean: 169.12985074626866
gen: 74 best: 142.7 mean: 168.2731343283582
gen: 75 best: 142.7 mean: 168.24577114427862
gen: 76 best: 142.7 mean: 167.3771144278607
gen >77, new best = 141.200
gen: 77 best: 141.2 mean: 168.13482587064678
gen: 78 best: 141.2 mean: 167.38059701492537
gen: 79 best: 141.2 mean: 167.4731343283582
gen >80, new best = 131.400
gen: 80 best: 131.4 mean: 166.64328358208957
gen: 81 best: 131.4 mean: 167.61990049751245
gen: 82 best: 131.4 mean: 167.12089552238805
gen: 83 best: 131.4 mean: 166.66567164179105
gen: 84 best: 131.4 mean: 166.34328358208955
gen: 85 best: 131.4 mean: 166.6363184079602
gen: 86 best: 131.4 mean: 167.1910447761194
gen: 87 best: 131.4 mean: 167.14427860696517
gen: 88 best: 131.4 mean: 166.68009950248756
gen: 89 best: 131.4 mean: 166.44626865671643
gen: 90 best: 131.4 mean: 165.87213930348258
gen: 91 best: 131.4 mean: 165.78059701492538
gen: 92 best: 131.4 mean: 166.11243781094527
gen: 93 best: 131.4 mean: 165.6915422885572
gen: 94 best: 131.4 mean: 165.45771144278606
gen: 95 best: 131.4 mean: 165.3597014925373
gen: 96 best: 131.4 mean: 164.82537313432837
gen: 97 best: 131.4 mean: 165.40597014925373
gen: 98 best: 131.4 mean: 165.3547263681592
gen: 99 best: 131.4 mean: 166.27412935323383
[9, 8, 6, 9, 8, 9, 9, 7, 7, 7, 6, 9, 7, 10, 9, 9, 7, 9, 8, 9, 8, 8, 8, 7, 8, 9, 7, 8, 9, 8, 8, 10, 8]
Test count of edges: 478
cat
