Defaulting to user installation because normal site-packages is not writeable
Looking in links: /cvmfs/soft.computecanada.ca/custom/python/wheelhouse/gentoo/avx2, /cvmfs/soft.computecanada.ca/custom/python/wheelhouse/gentoo/generic, /cvmfs/soft.computecanada.ca/custom/python/wheelhouse/generic
Requirement already satisfied: graphviz in /home/js17sy/.local/lib/python3.10/site-packages (0.20)
16; python ga.py 19 256N_graph19.dat 0.025 0.01 0.5 0.5 0.5 201 256N_graph19strictgen1rem50_ 456976
/project/6008788/js17sy/reopenga/256b/ga.py:291: DeprecationWarning: Sampling from a set deprecated
since Python 3.9 and will be removed in a subsequent version.
  child1 = set(random.sample(
gen >0, new best = 146.200
gen >0, new best = 129.700
gen >0, new best = 127.900
gen >0, new best = 125.000
gen: 0 best: 125.0 mean: 151.30621890547263
gen >1, new best = 124.500
gen >1, new best = 115.500
gen: 1 best: 115.5 mean: 150.61243781094527
gen: 2 best: 115.5 mean: 148.96517412935324
gen: 3 best: 115.5 mean: 149.96019900497512
gen: 4 best: 115.5 mean: 150.26119402985074
gen: 5 best: 115.5 mean: 149.30547263681592
gen: 6 best: 115.5 mean: 150.1537313432836
gen: 7 best: 115.5 mean: 149.13134328358208
gen: 8 best: 115.5 mean: 149.39452736318407
gen: 9 best: 115.5 mean: 149.73980099502486
gen: 10 best: 115.5 mean: 148.73432835820896
gen: 11 best: 115.5 mean: 147.48009950248758
gen: 12 best: 115.5 mean: 149.34179104477613
gen: 13 best: 115.5 mean: 148.42885572139303
gen: 14 best: 115.5 mean: 147.84029850746268
gen: 15 best: 115.5 mean: 147.6641791044776
gen: 16 best: 115.5 mean: 148.69004975124378
gen: 17 best: 115.5 mean: 146.7134328358209
gen: 18 best: 115.5 mean: 147.76019900497514
gen: 19 best: 115.5 mean: 146.08258706467663
gen: 20 best: 115.5 mean: 145.42089552238807
gen: 21 best: 115.5 mean: 145.24378109452735
gen >22, new best = 108.200
gen: 22 best: 108.2 mean: 144.05721393034827
gen: 23 best: 108.2 mean: 145.6731343283582
gen: 24 best: 108.2 mean: 143.75124378109453
gen: 25 best: 108.2 mean: 144.7228855721393
gen: 26 best: 108.2 mean: 144.01094527363185
gen: 27 best: 108.2 mean: 143.75124378109453
gen: 28 best: 108.2 mean: 144.00149253731342
gen: 29 best: 108.2 mean: 142.46218905472637
gen: 30 best: 108.2 mean: 143.44378109452737
gen: 31 best: 108.2 mean: 143.3412935323383
gen >32, new best = 106.300
gen: 32 best: 106.3 mean: 142.60597014925372
gen: 33 best: 106.3 mean: 143.90995024875622
gen: 34 best: 106.3 mean: 143.07810945273633
gen: 35 best: 106.3 mean: 142.84925373134328
gen: 36 best: 106.3 mean: 142.71592039800996
gen: 37 best: 106.3 mean: 142.4731343283582
gen: 38 best: 106.3 mean: 142.1373134328358
gen: 39 best: 106.3 mean: 141.85273631840795
gen: 40 best: 106.3 mean: 141.4671641791045
gen: 41 best: 106.3 mean: 141.25621890547265
gen: 42 best: 106.3 mean: 141.83532338308459
gen: 43 best: 106.3 mean: 140.24825870646765
gen: 44 best: 106.3 mean: 140.44228855721394
gen: 45 best: 106.3 mean: 140.6412935323383
gen: 46 best: 106.3 mean: 140.7004975124378
gen: 47 best: 106.3 mean: 140.55522388059703
gen: 48 best: 106.3 mean: 140.16467661691541
gen: 49 best: 106.3 mean: 140.60597014925372
gen: 50 best: 106.3 mean: 141.36517412935322
gen: 51 best: 106.3 mean: 139.8497512437811
gen: 52 best: 106.3 mean: 139.2497512437811
gen: 53 best: 106.3 mean: 139.68756218905472
gen: 54 best: 106.3 mean: 140.34676616915422
gen: 55 best: 106.3 mean: 140.8134328358209
gen: 56 best: 106.3 mean: 140.78407960199004
gen: 57 best: 106.3 mean: 139.68756218905472
gen: 58 best: 106.3 mean: 140.43432835820894
gen: 59 best: 106.3 mean: 140.38955223880598
gen: 60 best: 106.3 mean: 140.24776119402986
gen: 61 best: 106.3 mean: 138.95074626865673
gen: 62 best: 106.3 mean: 139.118407960199
gen: 63 best: 106.3 mean: 139.80547263681592
gen: 64 best: 106.3 mean: 139.75572139303483
gen: 65 best: 106.3 mean: 139.9592039800995
gen: 66 best: 106.3 mean: 140.13383084577114
gen: 67 best: 106.3 mean: 139.78557213930347
gen: 68 best: 106.3 mean: 140.84577114427861
gen: 69 best: 106.3 mean: 141.23880597014926
gen: 70 best: 106.3 mean: 140.44228855721394
gen: 71 best: 106.3 mean: 140.1636815920398
gen: 72 best: 106.3 mean: 140.82487562189056
gen: 73 best: 106.3 mean: 140.87114427860698
gen: 74 best: 106.3 mean: 141.3592039800995
gen: 75 best: 106.3 mean: 139.13233830845772
gen: 76 best: 106.3 mean: 140.35124378109452
gen: 77 best: 106.3 mean: 139.31442786069653
gen: 78 best: 106.3 mean: 139.65671641791045
gen: 79 best: 106.3 mean: 139.67064676616914
gen: 80 best: 106.3 mean: 139.47512437810946
gen: 81 best: 106.3 mean: 139.13781094527363
gen: 82 best: 106.3 mean: 140.2044776119403
gen: 83 best: 106.3 mean: 140.1004975124378
gen: 84 best: 106.3 mean: 139.65621890547263
gen: 85 best: 106.3 mean: 139.8497512437811
gen: 86 best: 106.3 mean: 139.00049751243782
gen: 87 best: 106.3 mean: 139.09850746268657
gen: 88 best: 106.3 mean: 139.7547263681592
gen: 89 best: 106.3 mean: 139.29850746268656
gen: 90 best: 106.3 mean: 139.58407960199006
gen: 91 best: 106.3 mean: 139.11641791044775
gen >92, new best = 104.600
gen: 92 best: 104.6 mean: 138.1358208955224
gen: 93 best: 104.6 mean: 138.83034825870647
gen: 94 best: 104.6 mean: 139.30199004975125
gen: 95 best: 104.6 mean: 139.03383084577115
gen: 96 best: 104.6 mean: 139.38805970149252
gen: 97 best: 104.6 mean: 139.036815920398
gen: 98 best: 104.6 mean: 138.5139303482587
gen: 99 best: 104.6 mean: 139.0771144278607
[16, 8, 15, 11, 14, 15, 16, 12, 8, 15, 10, 8, 11, 13, 15, 13, 14, 7, 14, 11, 13, 11, 12, 7, 14, 13, 13, 11, 14]
Test count of edges: 801
cat
