Defaulting to user installation because normal site-packages is not writeable
Looking in links: /cvmfs/soft.computecanada.ca/custom/python/wheelhouse/gentoo/avx2, /cvmfs/soft.computecanada.ca/custom/python/wheelhouse/gentoo/generic, /cvmfs/soft.computecanada.ca/custom/python/wheelhouse/generic
Requirement already satisfied: graphviz in /home/js17sy/.local/lib/python3.10/site-packages (0.20)
300; python ga.py 19 256N_graph19.dat 0.05 0.02 0.7 0.5 0.5 201 256N_graph19mediumgen1rem70_ 856830
/project/6008788/js17sy/reopenga/256b/ga.py:291: DeprecationWarning: Sampling from a set deprecated
since Python 3.9 and will be removed in a subsequent version.
  child1 = set(random.sample(
gen >0, new best = 168.700
gen >0, new best = 158.100
gen >0, new best = 148.800
gen >0, new best = 147.400
gen >0, new best = 142.900
gen >0, new best = 138.500
gen >0, new best = 135.200
gen >0, new best = 120.600
gen >0, new best = 118.400
gen >0, new best = 110.300
gen: 0 best: 110.3 mean: 166.55771144278606
gen: 1 best: 110.3 mean: 167.68009950248756
gen: 2 best: 110.3 mean: 168.04179104477612
gen: 3 best: 110.3 mean: 167.12786069651742
gen: 4 best: 110.3 mean: 165.06119402985075
gen: 5 best: 110.3 mean: 165.35572139303483
gen: 6 best: 110.3 mean: 164.23582089552238
gen: 7 best: 110.3 mean: 163.58358208955224
gen: 8 best: 110.3 mean: 163.68805970149253
gen: 9 best: 110.3 mean: 164.53084577114427
gen: 10 best: 110.3 mean: 161.61990049751245
gen: 11 best: 110.3 mean: 159.8776119402985
gen: 12 best: 110.3 mean: 161.54378109452736
gen: 13 best: 110.3 mean: 160.0910447761194
gen: 14 best: 110.3 mean: 159.40746268656716
gen: 15 best: 110.3 mean: 159.44278606965173
gen: 16 best: 110.3 mean: 155.21144278606965
gen >17, new best = 105.800
gen: 17 best: 105.8 mean: 155.0412935323383
gen: 18 best: 105.8 mean: 154.63333333333333
gen: 19 best: 105.8 mean: 153.7507462686567
gen: 20 best: 105.8 mean: 153.30547263681592
gen: 21 best: 105.8 mean: 154.21741293532338
gen >22, new best = 95.300
gen: 22 best: 95.3 mean: 154.62985074626866
gen: 23 best: 95.3 mean: 151.87462686567164
gen: 24 best: 95.3 mean: 151.45820895522388
gen: 25 best: 95.3 mean: 150.40298507462686
gen: 26 best: 95.3 mean: 147.00696517412936
gen: 27 best: 95.3 mean: 147.5218905472637
gen: 28 best: 95.3 mean: 147.75721393034826
gen: 29 best: 95.3 mean: 144.13930348258705
gen: 30 best: 95.3 mean: 146.0860696517413
gen >31, new best = 91.200
gen: 31 best: 91.2 mean: 143.28507462686568
gen: 32 best: 91.2 mean: 140.72388059701493
gen: 33 best: 91.2 mean: 140.27114427860695
gen: 34 best: 91.2 mean: 142.05223880597015
gen: 35 best: 91.2 mean: 139.4636815920398
gen: 36 best: 91.2 mean: 139.21293532338308
gen: 37 best: 91.2 mean: 138.64776119402984
gen: 38 best: 91.2 mean: 136.73383084577114
gen: 39 best: 91.2 mean: 136.33582089552237
gen: 40 best: 91.2 mean: 139.21840796019902
gen: 41 best: 91.2 mean: 139.69751243781096
gen: 42 best: 91.2 mean: 137.48358208955224
gen: 43 best: 91.2 mean: 132.29452736318407
gen: 44 best: 91.2 mean: 133.5726368159204
gen >45, new best = 86.000
gen: 45 best: 86.0 mean: 136.46119402985076
gen: 46 best: 86.0 mean: 134.8363184079602
gen: 47 best: 86.0 mean: 136.82537313432834
gen >48, new best = 85.700
gen: 48 best: 85.7 mean: 133.16616915422887
gen: 49 best: 85.7 mean: 134.52587064676618
gen >50, new best = 79.900
gen: 50 best: 79.9 mean: 133.30248756218904
gen: 51 best: 79.9 mean: 135.49502487562188
gen: 52 best: 79.9 mean: 134.50248756218906
gen: 53 best: 79.9 mean: 131.7417910447761
gen: 54 best: 79.9 mean: 132.4179104477612
gen: 55 best: 79.9 mean: 133.85373134328358
gen: 56 best: 79.9 mean: 133.39502487562189
gen: 57 best: 79.9 mean: 132.7676616915423
gen: 58 best: 79.9 mean: 132.0686567164179
gen: 59 best: 79.9 mean: 131.47363184079603
gen: 60 best: 79.9 mean: 131.73681592039802
gen: 61 best: 79.9 mean: 131.13681592039802
gen: 62 best: 79.9 mean: 131.47412935323382
gen: 63 best: 79.9 mean: 133.39203980099504
gen: 64 best: 79.9 mean: 130.91890547263682
gen: 65 best: 79.9 mean: 129.37910447761195
gen: 66 best: 79.9 mean: 128.5054726368159
gen: 67 best: 79.9 mean: 128.41990049751243
gen: 68 best: 79.9 mean: 128.8169154228856
gen: 69 best: 79.9 mean: 131.40796019900498
gen: 70 best: 79.9 mean: 129.76069651741292
gen: 71 best: 79.9 mean: 129.55572139303482
gen: 72 best: 79.9 mean: 129.2731343283582
gen: 73 best: 79.9 mean: 128.0960199004975
gen: 74 best: 79.9 mean: 129.34328358208955
gen: 75 best: 79.9 mean: 127.16517412935323
gen: 76 best: 79.9 mean: 126.11791044776119
gen: 77 best: 79.9 mean: 128.044776119403
gen: 78 best: 79.9 mean: 125.20248756218905
gen: 79 best: 79.9 mean: 125.52537313432836
gen: 80 best: 79.9 mean: 125.95373134328358
gen: 81 best: 79.9 mean: 127.30099502487562
gen: 82 best: 79.9 mean: 126.4776119402985
gen: 83 best: 79.9 mean: 124.62885572139304
gen: 84 best: 79.9 mean: 125.91492537313432
gen: 85 best: 79.9 mean: 124.58457711442786
gen: 86 best: 79.9 mean: 125.43482587064676
gen: 87 best: 79.9 mean: 125.29353233830845
gen: 88 best: 79.9 mean: 124.67810945273632
gen: 89 best: 79.9 mean: 125.39253731343284
gen: 90 best: 79.9 mean: 124.67810945273632
gen: 91 best: 79.9 mean: 125.44278606965175
gen: 92 best: 79.9 mean: 124.7273631840796
gen: 93 best: 79.9 mean: 123.7363184079602
gen: 94 best: 79.9 mean: 126.29004975124379
gen: 95 best: 79.9 mean: 123.33034825870647
gen: 96 best: 79.9 mean: 122.73532338308458
gen: 97 best: 79.9 mean: 124.96965174129353
gen: 98 best: 79.9 mean: 123.50398009950248
gen: 99 best: 79.9 mean: 123.29353233830845
[8, 8, 6, 11, 9, 8, 7, 7, 7, 8, 9, 8, 7, 9, 8, 10, 7, 9, 8, 7, 7, 7, 8, 7, 7, 7, 7, 8, 8, 7, 9, 8, 9, 9, 7]
Test count of edges: 482
cat
