Defaulting to user installation because normal site-packages is not writeable
Looking in links: /cvmfs/soft.computecanada.ca/custom/python/wheelhouse/gentoo/avx2, /cvmfs/soft.computecanada.ca/custom/python/wheelhouse/gentoo/generic, /cvmfs/soft.computecanada.ca/custom/python/wheelhouse/generic
Requirement already satisfied: graphviz in /home/js17sy/.local/lib/python3.10/site-packages (0.20)
247; python ga.py 19 256N_graph19.dat 0.05 0.02 0.5 0.9 0.1 201 256N_graph19mediumgen3rem50_ 199927
/project/6008788/js17sy/reopenga/256b/ga.py:291: DeprecationWarning: Sampling from a set deprecated
since Python 3.9 and will be removed in a subsequent version.
  child1 = set(random.sample(
gen >0, new best = 159.500
gen >0, new best = 158.600
gen >0, new best = 157.400
gen >0, new best = 149.700
gen >0, new best = 140.600
gen: 0 best: 140.6 mean: 164.20074626865673
gen: 1 best: 140.6 mean: 163.5228855721393
gen: 2 best: 140.6 mean: 163.1452736318408
gen: 3 best: 140.6 mean: 161.94825870646767
gen >4, new best = 139.700
gen: 4 best: 139.7 mean: 161.71691542288556
gen >5, new best = 139.000
gen: 5 best: 139.0 mean: 161.81243781094528
gen: 6 best: 139.0 mean: 161.80746268656716
gen: 7 best: 139.0 mean: 160.1099502487562
gen: 8 best: 139.0 mean: 159.97761194029852
gen >9, new best = 134.900
gen: 9 best: 134.9 mean: 158.4457711442786
gen: 10 best: 134.9 mean: 158.43482587064676
gen: 11 best: 134.9 mean: 157.56915422885572
gen: 12 best: 134.9 mean: 157.03980099502488
gen: 13 best: 134.9 mean: 155.39054726368158
gen >14, new best = 134.000
gen: 14 best: 134.0 mean: 155.5
gen >15, new best = 128.500
gen: 15 best: 128.5 mean: 154.21293532338308
gen: 16 best: 128.5 mean: 155.0268656716418
gen: 17 best: 128.5 mean: 153.74577114427862
gen: 18 best: 128.5 mean: 153.21691542288556
gen: 19 best: 128.5 mean: 152.0587064676617
gen: 20 best: 128.5 mean: 151.15422885572139
gen: 21 best: 128.5 mean: 150.8039800995025
gen >22, new best = 127.100
gen: 22 best: 127.1 mean: 150.11940298507463
gen: 23 best: 127.1 mean: 148.91542288557213
gen: 24 best: 127.1 mean: 148.66517412935323
gen: 25 best: 127.1 mean: 148.07462686567163
gen >26, new best = 124.300
gen: 26 best: 124.3 mean: 146.7004975124378
gen: 27 best: 124.3 mean: 146.63880597014926
gen: 28 best: 124.3 mean: 146.1910447761194
gen: 29 best: 124.3 mean: 145.55223880597015
gen >30, new best = 123.100
gen: 30 best: 123.1 mean: 144.55174129353233
gen: 31 best: 123.1 mean: 144.68009950248756
gen: 32 best: 123.1 mean: 143.5641791044776
gen >33, new best = 119.100
gen: 33 best: 119.1 mean: 143.00248756218906
gen: 34 best: 119.1 mean: 143.9686567164179
gen: 35 best: 119.1 mean: 143.47412935323382
gen: 36 best: 119.1 mean: 143.30746268656716
gen: 37 best: 119.1 mean: 143.18855721393035
gen: 38 best: 119.1 mean: 142.17810945273632
gen: 39 best: 119.1 mean: 143.12786069651742
gen: 40 best: 119.1 mean: 142.32487562189056
gen: 41 best: 119.1 mean: 142.47910447761194
gen >42, new best = 114.600
gen: 42 best: 114.6 mean: 141.5218905472637
gen: 43 best: 114.6 mean: 141.455223880597
gen: 44 best: 114.6 mean: 140.96467661691543
gen: 45 best: 114.6 mean: 141.54776119402985
gen: 46 best: 114.6 mean: 139.8179104477612
gen: 47 best: 114.6 mean: 139.89303482587064
gen: 48 best: 114.6 mean: 139.39751243781095
gen: 49 best: 114.6 mean: 139.6492537313433
gen: 50 best: 114.6 mean: 138.65074626865672
gen: 51 best: 114.6 mean: 139.05621890547263
gen: 52 best: 114.6 mean: 138.6
gen: 53 best: 114.6 mean: 138.40248756218907
gen: 54 best: 114.6 mean: 138.6034825870647
gen: 55 best: 114.6 mean: 139.08557213930348
gen: 56 best: 114.6 mean: 138.15522388059702
gen >57, new best = 110.400
gen: 57 best: 110.4 mean: 137.60199004975124
gen: 58 best: 110.4 mean: 137.89253731343283
gen: 59 best: 110.4 mean: 137.64228855721393
gen: 60 best: 110.4 mean: 137.7766169154229
gen >61, new best = 106.900
gen: 61 best: 106.9 mean: 136.51144278606967
gen: 62 best: 106.9 mean: 136.0318407960199
gen: 63 best: 106.9 mean: 136.01094527363185
gen: 64 best: 106.9 mean: 135.92039800995025
gen: 65 best: 106.9 mean: 135.64328358208957
gen: 66 best: 106.9 mean: 135.70845771144278
gen: 67 best: 106.9 mean: 135.76865671641792
gen: 68 best: 106.9 mean: 135.15671641791045
gen: 69 best: 106.9 mean: 135.1044776119403
gen: 70 best: 106.9 mean: 135.0412935323383
gen: 71 best: 106.9 mean: 135.00696517412936
gen: 72 best: 106.9 mean: 134.3597014925373
gen: 73 best: 106.9 mean: 134.4412935323383
gen: 74 best: 106.9 mean: 135.74328358208956
gen: 75 best: 106.9 mean: 134.55572139303482
gen: 76 best: 106.9 mean: 134.03482587064676
gen: 77 best: 106.9 mean: 133.83482587064677
gen: 78 best: 106.9 mean: 133.77164179104477
gen: 79 best: 106.9 mean: 132.7452736318408
gen: 80 best: 106.9 mean: 133.93482587064676
gen: 81 best: 106.9 mean: 133.53482587064676
gen: 82 best: 106.9 mean: 132.82437810945274
gen: 83 best: 106.9 mean: 133.78557213930347
gen: 84 best: 106.9 mean: 133.39154228855722
gen: 85 best: 106.9 mean: 133.34726368159204
gen: 86 best: 106.9 mean: 133.02487562189054
gen: 87 best: 106.9 mean: 132.86318407960198
gen: 88 best: 106.9 mean: 132.95323383084576
gen: 89 best: 106.9 mean: 133.1273631840796
gen: 90 best: 106.9 mean: 133.30149253731344
gen: 91 best: 106.9 mean: 132.68855721393035
gen: 92 best: 106.9 mean: 131.98756218905473
gen: 93 best: 106.9 mean: 132.7731343283582
gen: 94 best: 106.9 mean: 132.42587064676616
gen >95, new best = 106.500
gen: 95 best: 106.5 mean: 131.67960199004975
gen: 96 best: 106.5 mean: 132.0228855721393
gen: 97 best: 106.5 mean: 132.48507462686567
gen: 98 best: 106.5 mean: 131.66616915422887
gen: 99 best: 106.5 mean: 131.6223880597015
[13, 12, 11, 9, 12, 11, 12, 12, 13, 12, 12, 14, 12, 5, 11, 11, 11, 13, 13, 11, 12, 11, 9, 13, 11, 10, 11, 13, 11, 10, 11, 12, 9, 12, 12, 13, 10, 11, 11, 10, 11, 11, 13]
Test count of edges: 773
cat
