Defaulting to user installation because normal site-packages is not writeable
Looking in links: /cvmfs/soft.computecanada.ca/custom/python/wheelhouse/gentoo/avx2, /cvmfs/soft.computecanada.ca/custom/python/wheelhouse/gentoo/generic, /cvmfs/soft.computecanada.ca/custom/python/wheelhouse/generic
Requirement already satisfied: graphviz in /home/js17sy/.local/lib/python3.10/site-packages (0.20)
167; python ga.py 19 256N_graph19.dat 0.025 0.01 0.7 0.9 0.1 201 256N_graph19strictgen3rem70_ 485537
/project/6008788/js17sy/reopenga/256b/ga.py:291: DeprecationWarning: Sampling from a set deprecated
since Python 3.9 and will be removed in a subsequent version.
  child1 = set(random.sample(
gen >0, new best = 99.200
gen >0, new best = 96.300
gen >0, new best = 89.600
gen >0, new best = 87.500
gen >0, new best = 78.100
gen >0, new best = 71.000
gen: 0 best: 71.0 mean: 129.67587064676616
gen >1, new best = 69.900
gen: 1 best: 69.9 mean: 129.51890547263682
gen: 2 best: 69.9 mean: 130.16417910447763
gen >3, new best = 67.400
gen: 3 best: 67.4 mean: 127.34179104477612
gen >4, new best = 45.600
gen: 4 best: 45.6 mean: 125.1273631840796
gen: 5 best: 45.6 mean: 126.63383084577114
gen: 6 best: 45.6 mean: 125.77761194029851
gen: 7 best: 45.6 mean: 127.65074626865672
gen: 8 best: 45.6 mean: 127.10995024875622
gen: 9 best: 45.6 mean: 123.23283582089552
gen: 10 best: 45.6 mean: 122.13482587064676
gen: 11 best: 45.6 mean: 122.63880597014925
gen: 12 best: 45.6 mean: 125.05671641791045
gen: 13 best: 45.6 mean: 123.4865671641791
gen: 14 best: 45.6 mean: 122.67810945273632
gen: 15 best: 45.6 mean: 121.99950248756218
gen: 16 best: 45.6 mean: 119.85621890547263
gen: 17 best: 45.6 mean: 122.62835820895522
gen: 18 best: 45.6 mean: 121.40149253731343
gen: 19 best: 45.6 mean: 119.64328358208955
gen: 20 best: 45.6 mean: 116.78059701492538
gen: 21 best: 45.6 mean: 118.60995024875622
gen >22, new best = 43.200
gen: 22 best: 43.2 mean: 115.32636815920398
gen: 23 best: 43.2 mean: 117.91990049751244
gen: 24 best: 43.2 mean: 116.28955223880597
gen: 25 best: 43.2 mean: 119.79154228855721
gen: 26 best: 43.2 mean: 113.15621890547264
gen: 27 best: 43.2 mean: 115.06517412935324
gen: 28 best: 43.2 mean: 115.13383084577114
gen: 29 best: 43.2 mean: 113.7592039800995
gen: 30 best: 43.2 mean: 112.7771144278607
gen >31, new best = 41.100
gen: 31 best: 41.1 mean: 111.89651741293532
gen: 32 best: 41.1 mean: 109.89452736318408
gen: 33 best: 41.1 mean: 108.56666666666666
gen: 34 best: 41.1 mean: 110.32388059701492
gen: 35 best: 41.1 mean: 107.81641791044777
gen >36, new best = 39.400
gen: 36 best: 39.4 mean: 106.44875621890547
gen: 37 best: 39.4 mean: 103.6363184079602
gen: 38 best: 39.4 mean: 105.72487562189055
gen: 39 best: 39.4 mean: 104.96965174129353
gen: 40 best: 39.4 mean: 102.5592039800995
gen: 41 best: 39.4 mean: 103.03582089552239
gen >42, new best = 37.900
gen: 42 best: 37.9 mean: 99.36417910447761
gen >43, new best = 36.200
gen >43, new best = 35.400
gen >43, new best = 34.200
gen: 43 best: 34.2 mean: 98.23233830845771
gen: 44 best: 34.2 mean: 98.7412935323383
gen: 45 best: 34.2 mean: 95.25174129353233
gen: 46 best: 34.2 mean: 93.52089552238806
gen: 47 best: 34.2 mean: 96.08955223880596
gen: 48 best: 34.2 mean: 90.83383084577115
gen >49, new best = 33.500
gen: 49 best: 33.5 mean: 91.32139303482587
gen: 50 best: 33.5 mean: 92.4363184079602
gen: 51 best: 33.5 mean: 86.69800995024876
gen: 52 best: 33.5 mean: 89.38457711442786
gen: 53 best: 33.5 mean: 85.31442786069651
gen: 54 best: 33.5 mean: 86.0860696517413
gen: 55 best: 33.5 mean: 84.1094527363184
gen: 56 best: 33.5 mean: 84.67810945273632
gen: 57 best: 33.5 mean: 85.83582089552239
gen >58, new best = 30.900
gen: 58 best: 30.9 mean: 83.23681592039802
gen: 59 best: 30.9 mean: 84.29502487562189
gen: 60 best: 30.9 mean: 83.38557213930348
gen: 61 best: 30.9 mean: 84.4681592039801
gen: 62 best: 30.9 mean: 84.00696517412935
gen: 63 best: 30.9 mean: 82.83781094527363
gen: 64 best: 30.9 mean: 85.07014925373134
gen: 65 best: 30.9 mean: 81.3681592039801
gen: 66 best: 30.9 mean: 81.26517412935323
gen: 67 best: 30.9 mean: 84.50099502487562
gen: 68 best: 30.9 mean: 82.01293532338309
gen: 69 best: 30.9 mean: 80.72039800995024
gen: 70 best: 30.9 mean: 82.66965174129353
gen: 71 best: 30.9 mean: 80.19303482587064
gen: 72 best: 30.9 mean: 80.00845771144279
gen: 73 best: 30.9 mean: 83.60099502487562
gen: 74 best: 30.9 mean: 77.80398009950248
gen: 75 best: 30.9 mean: 78.59054726368159
gen: 76 best: 30.9 mean: 80.4313432835821
gen: 77 best: 30.9 mean: 79.37960199004975
gen >78, new best = 30.600
gen: 78 best: 30.6 mean: 76.85721393034827
gen: 79 best: 30.6 mean: 82.54875621890547
gen: 80 best: 30.6 mean: 80.13582089552239
gen: 81 best: 30.6 mean: 80.80298507462686
gen: 82 best: 30.6 mean: 78.55323383084577
gen: 83 best: 30.6 mean: 77.9771144278607
gen >84, new best = 29.900
gen: 84 best: 29.9 mean: 78.49303482587065
gen: 85 best: 29.9 mean: 78.47114427860697
gen: 86 best: 29.9 mean: 78.02686567164179
gen: 87 best: 29.9 mean: 78.56766169154228
gen: 88 best: 29.9 mean: 79.918407960199
gen: 89 best: 29.9 mean: 77.42487562189055
gen: 90 best: 29.9 mean: 77.21990049751244
gen: 91 best: 29.9 mean: 75.66368159203981
gen: 92 best: 29.9 mean: 74.98009950248756
gen: 93 best: 29.9 mean: 75.46268656716418
gen: 94 best: 29.9 mean: 75.83034825870647
gen: 95 best: 29.9 mean: 76.11791044776119
gen: 96 best: 29.9 mean: 73.28059701492538
gen: 97 best: 29.9 mean: 74.14577114427861
gen: 98 best: 29.9 mean: 74.49004975124379
gen: 99 best: 29.9 mean: 72.44825870646766
[8, 6, 6, 5, 7, 7, 7, 6, 9, 6, 8, 5, 7, 6, 6, 8, 6, 8, 7, 7, 6, 6, 6]
Test count of edges: 467
cat
