Defaulting to user installation because normal site-packages is not writeable
Looking in links: /cvmfs/soft.computecanada.ca/custom/python/wheelhouse/gentoo/avx2, /cvmfs/soft.computecanada.ca/custom/python/wheelhouse/gentoo/generic, /cvmfs/soft.computecanada.ca/custom/python/wheelhouse/generic
Requirement already satisfied: graphviz in /home/js17sy/.local/lib/python3.10/site-packages (0.20)
437; python ga.py 19 256N_graph19.dat 0.075 0.03 0.5 0.9 0.1 201 256N_graph19laxgen3rem50_ 485537
/project/6008788/js17sy/reopenga/256b/ga.py:291: DeprecationWarning: Sampling from a set deprecated
since Python 3.9 and will be removed in a subsequent version.
  child1 = set(random.sample(
gen >0, new best = 174.900
gen >0, new best = 165.700
gen >0, new best = 164.800
gen >0, new best = 160.200
gen >0, new best = 155.700
gen: 0 best: 155.7 mean: 173.99502487562188
gen: 1 best: 155.7 mean: 173.28457711442786
gen >2, new best = 154.400
gen: 2 best: 154.4 mean: 172.24726368159205
gen >3, new best = 143.700
gen: 3 best: 143.7 mean: 172.49303482587064
gen: 4 best: 143.7 mean: 172.1358208955224
gen: 5 best: 143.7 mean: 171.48009950248758
gen: 6 best: 143.7 mean: 170.89402985074628
gen: 7 best: 143.7 mean: 170.25771144278607
gen: 8 best: 143.7 mean: 169.9089552238806
gen: 9 best: 143.7 mean: 169.24328358208956
gen: 10 best: 143.7 mean: 168.0721393034826
gen: 11 best: 143.7 mean: 167.89800995024876
gen: 12 best: 143.7 mean: 167.54328358208954
gen: 13 best: 143.7 mean: 167.30646766169156
gen: 14 best: 143.7 mean: 166.09701492537314
gen >15, new best = 143.000
gen: 15 best: 143.0 mean: 165.4915422885572
gen: 16 best: 143.0 mean: 165.03930348258706
gen >17, new best = 142.100
gen: 17 best: 142.1 mean: 164.90995024875622
gen: 18 best: 142.1 mean: 164.08009950248757
gen >19, new best = 141.700
gen: 19 best: 141.7 mean: 163.5955223880597
gen: 20 best: 141.7 mean: 162.79004975124377
gen >21, new best = 137.100
gen: 21 best: 137.1 mean: 162.30298507462686
gen: 22 best: 137.1 mean: 162.18905472636817
gen: 23 best: 137.1 mean: 162.1044776119403
gen: 24 best: 137.1 mean: 161.70646766169153
gen: 25 best: 137.1 mean: 161.6218905472637
gen: 26 best: 137.1 mean: 160.67164179104478
gen: 27 best: 137.1 mean: 160.39203980099504
gen: 28 best: 137.1 mean: 159.88059701492537
gen: 29 best: 137.1 mean: 159.72487562189053
gen >30, new best = 136.000
gen: 30 best: 136.0 mean: 159.32189054726368
gen: 31 best: 136.0 mean: 159.75671641791044
gen: 32 best: 136.0 mean: 158.40049751243782
gen: 33 best: 136.0 mean: 159.0860696517413
gen: 34 best: 136.0 mean: 158.58756218905472
gen: 35 best: 136.0 mean: 157.77512437810944
gen: 36 best: 136.0 mean: 157.82587064676616
gen: 37 best: 136.0 mean: 158.1174129353234
gen: 38 best: 136.0 mean: 156.86318407960198
gen: 39 best: 136.0 mean: 156.6179104477612
gen: 40 best: 136.0 mean: 156.6189054726368
gen >41, new best = 135.400
gen: 41 best: 135.4 mean: 156.44626865671643
gen >42, new best = 134.100
gen: 42 best: 134.1 mean: 156.65671641791045
gen: 43 best: 134.1 mean: 156.27164179104477
gen: 44 best: 134.1 mean: 156.0452736318408
gen: 45 best: 134.1 mean: 156.6179104477612
gen: 46 best: 134.1 mean: 155.9094527363184
gen: 47 best: 134.1 mean: 156.89850746268655
gen: 48 best: 134.1 mean: 156.08407960199006
gen: 49 best: 134.1 mean: 155.49950248756218
gen: 50 best: 134.1 mean: 155.144776119403
gen: 51 best: 134.1 mean: 155.181592039801
gen: 52 best: 134.1 mean: 155.28059701492538
gen: 53 best: 134.1 mean: 155.26169154228856
gen: 54 best: 134.1 mean: 155.21492537313432
gen: 55 best: 134.1 mean: 154.5547263681592
gen: 56 best: 134.1 mean: 154.61641791044775
gen: 57 best: 134.1 mean: 154.22039800995026
gen: 58 best: 134.1 mean: 154.59353233830845
gen: 59 best: 134.1 mean: 153.9716417910448
gen >60, new best = 133.000
gen: 60 best: 133.0 mean: 153.5915422885572
gen >61, new best = 132.700
gen: 61 best: 132.7 mean: 153.6960199004975
gen: 62 best: 132.7 mean: 153.17462686567166
gen >63, new best = 131.000
gen: 63 best: 131.0 mean: 152.93830845771143
gen >64, new best = 128.700
gen: 64 best: 128.7 mean: 152.83532338308459
gen: 65 best: 128.7 mean: 153.00796019900497
gen: 66 best: 128.7 mean: 153.31741293532338
gen: 67 best: 128.7 mean: 152.52786069651742
gen: 68 best: 128.7 mean: 152.84776119402986
gen: 69 best: 128.7 mean: 152.4497512437811
gen: 70 best: 128.7 mean: 151.85323383084577
gen: 71 best: 128.7 mean: 151.88606965174128
gen: 72 best: 128.7 mean: 152.0776119402985
gen: 73 best: 128.7 mean: 152.47611940298506
gen: 74 best: 128.7 mean: 151.99651741293533
gen: 75 best: 128.7 mean: 151.78756218905474
gen >76, new best = 127.200
gen: 76 best: 127.2 mean: 151.43084577114428
gen: 77 best: 127.2 mean: 151.71243781094526
gen: 78 best: 127.2 mean: 151.59701492537314
gen: 79 best: 127.2 mean: 151.56019900497512
gen: 80 best: 127.2 mean: 151.16467661691541
gen: 81 best: 127.2 mean: 151.20398009950247
gen: 82 best: 127.2 mean: 150.9636815920398
gen: 83 best: 127.2 mean: 150.836815920398
gen: 84 best: 127.2 mean: 150.08656716417912
gen: 85 best: 127.2 mean: 150.10945273631842
gen: 86 best: 127.2 mean: 149.1830845771144
gen: 87 best: 127.2 mean: 149.6592039800995
gen: 88 best: 127.2 mean: 150.3089552238806
gen: 89 best: 127.2 mean: 150.46467661691543
gen: 90 best: 127.2 mean: 149.98955223880597
gen: 91 best: 127.2 mean: 150.2955223880597
gen: 92 best: 127.2 mean: 150.21691542288556
gen >93, new best = 127.000
gen: 93 best: 127.0 mean: 150.03233830845772
gen: 94 best: 127.0 mean: 149.56218905472636
gen: 95 best: 127.0 mean: 149.46119402985076
gen: 96 best: 127.0 mean: 148.88507462686567
gen: 97 best: 127.0 mean: 149.22935323383084
gen: 98 best: 127.0 mean: 149.3233830845771
gen: 99 best: 127.0 mean: 149.52238805970148
[12, 10, 10, 11, 11, 10, 9, 11, 10, 10, 12, 10, 10, 7, 8, 12, 11, 11, 8, 11, 10, 9, 10, 9, 11, 8, 10, 12, 10, 10, 8, 11, 11, 10, 11, 10, 12, 8, 10, 11, 11]
Test count of edges: 772
cat
