Defaulting to user installation because normal site-packages is not writeable
Looking in links: /cvmfs/soft.computecanada.ca/custom/python/wheelhouse/gentoo/avx2, /cvmfs/soft.computecanada.ca/custom/python/wheelhouse/gentoo/generic, /cvmfs/soft.computecanada.ca/custom/python/wheelhouse/generic
Requirement already satisfied: graphviz in /home/js17sy/.local/lib/python3.10/site-packages (0.20)
229; python ga.py 19 256N_graph19.dat 0.05 0.02 0.5 0.7 0.3 201 256N_graph19mediumgen2rem50_ 542659
/project/6008788/js17sy/reopenga/256b/ga.py:291: DeprecationWarning: Sampling from a set deprecated
since Python 3.9 and will be removed in a subsequent version.
  child1 = set(random.sample(
gen >0, new best = 171.800
gen >0, new best = 167.700
gen >0, new best = 160.900
gen >0, new best = 160.500
gen >0, new best = 156.300
gen >0, new best = 151.300
gen >0, new best = 145.800
gen >0, new best = 139.300
gen: 0 best: 139.3 mean: 164.77587064676618
gen >1, new best = 136.600
gen: 1 best: 136.6 mean: 163.9457711442786
gen: 2 best: 136.6 mean: 163.5174129353234
gen: 3 best: 136.6 mean: 163.82885572139304
gen: 4 best: 136.6 mean: 162.2228855721393
gen: 5 best: 136.6 mean: 162.33432835820895
gen: 6 best: 136.6 mean: 161.09800995024875
gen >7, new best = 136.000
gen: 7 best: 136.0 mean: 161.01194029850745
gen: 8 best: 136.0 mean: 160.21542288557214
gen: 9 best: 136.0 mean: 160.51990049751242
gen: 10 best: 136.0 mean: 159.3965174129353
gen: 11 best: 136.0 mean: 159.49054726368158
gen: 12 best: 136.0 mean: 158.90049751243782
gen: 13 best: 136.0 mean: 159.08955223880596
gen: 14 best: 136.0 mean: 158.226368159204
gen: 15 best: 136.0 mean: 157.436815920398
gen: 16 best: 136.0 mean: 157.1134328358209
gen >17, new best = 125.100
gen: 17 best: 125.1 mean: 156.44825870646767
gen: 18 best: 125.1 mean: 155.80547263681592
gen: 19 best: 125.1 mean: 155.04726368159203
gen: 20 best: 125.1 mean: 154.4915422885572
gen: 21 best: 125.1 mean: 154.13781094527363
gen: 22 best: 125.1 mean: 153.49402985074627
gen: 23 best: 125.1 mean: 153.28308457711444
gen: 24 best: 125.1 mean: 152.66218905472635
gen: 25 best: 125.1 mean: 152.13532338308457
gen: 26 best: 125.1 mean: 152.46069651741294
gen: 27 best: 125.1 mean: 152.47213930348258
gen: 28 best: 125.1 mean: 152.14228855721393
gen: 29 best: 125.1 mean: 151.2592039800995
gen: 30 best: 125.1 mean: 150.37014925373134
gen: 31 best: 125.1 mean: 151.21492537313432
gen: 32 best: 125.1 mean: 150.19701492537314
gen: 33 best: 125.1 mean: 149.5318407960199
gen: 34 best: 125.1 mean: 149.80696517412935
gen: 35 best: 125.1 mean: 149.19850746268656
gen: 36 best: 125.1 mean: 147.27462686567165
gen: 37 best: 125.1 mean: 147.00497512437812
gen >38, new best = 123.800
gen: 38 best: 123.8 mean: 146.98905472636815
gen: 39 best: 123.8 mean: 147.22935323383084
gen: 40 best: 123.8 mean: 146.68258706467662
gen: 41 best: 123.8 mean: 146.97611940298506
gen: 42 best: 123.8 mean: 146.1308457711443
gen: 43 best: 123.8 mean: 146.15323383084578
gen: 44 best: 123.8 mean: 145.16119402985075
gen: 45 best: 123.8 mean: 145.14726368159205
gen: 46 best: 123.8 mean: 144.54676616915424
gen: 47 best: 123.8 mean: 143.9547263681592
gen >48, new best = 123.200
gen: 48 best: 123.2 mean: 143.62039800995024
gen: 49 best: 123.2 mean: 143.15273631840796
gen >50, new best = 121.800
gen >50, new best = 121.200
gen: 50 best: 121.2 mean: 142.7766169154229
gen: 51 best: 121.2 mean: 142.20298507462687
gen: 52 best: 121.2 mean: 141.95721393034825
gen: 53 best: 121.2 mean: 141.79253731343283
gen >54, new best = 119.900
gen: 54 best: 119.9 mean: 141.75174129353235
gen: 55 best: 119.9 mean: 141.36069651741295
gen: 56 best: 119.9 mean: 141.22835820895523
gen: 57 best: 119.9 mean: 141.69900497512438
gen: 58 best: 119.9 mean: 140.91641791044776
gen >59, new best = 118.200
gen: 59 best: 118.2 mean: 140.68407960199005
gen: 60 best: 118.2 mean: 140.43930348258706
gen >61, new best = 114.000
gen: 61 best: 114.0 mean: 140.6721393034826
gen: 62 best: 114.0 mean: 140.0860696517413
gen: 63 best: 114.0 mean: 140.16467661691541
gen: 64 best: 114.0 mean: 140.5726368159204
gen: 65 best: 114.0 mean: 138.65572139303484
gen: 66 best: 114.0 mean: 140.23582089552238
gen: 67 best: 114.0 mean: 139.33731343283583
gen: 68 best: 114.0 mean: 140.46965174129352
gen: 69 best: 114.0 mean: 139.0402985074627
gen: 70 best: 114.0 mean: 138.75174129353235
gen: 71 best: 114.0 mean: 139.33333333333334
gen: 72 best: 114.0 mean: 138.6955223880597
gen: 73 best: 114.0 mean: 138.3955223880597
gen: 74 best: 114.0 mean: 138.23034825870647
gen: 75 best: 114.0 mean: 137.93084577114428
gen: 76 best: 114.0 mean: 138.18756218905472
gen: 77 best: 114.0 mean: 137.3671641791045
gen: 78 best: 114.0 mean: 137.64776119402984
gen: 79 best: 114.0 mean: 137.5273631840796
gen: 80 best: 114.0 mean: 137.53482587064676
gen: 81 best: 114.0 mean: 137.3462686567164
gen: 82 best: 114.0 mean: 137.25671641791044
gen: 83 best: 114.0 mean: 136.47363184079603
gen: 84 best: 114.0 mean: 136.8278606965174
gen: 85 best: 114.0 mean: 136.4497512437811
gen: 86 best: 114.0 mean: 136.14875621890548
gen: 87 best: 114.0 mean: 136.2308457711443
gen >88, new best = 113.400
gen: 88 best: 113.4 mean: 135.41343283582088
gen: 89 best: 113.4 mean: 136.38407960199004
gen: 90 best: 113.4 mean: 135.75422885572138
gen >91, new best = 105.400
gen: 91 best: 105.4 mean: 135.37064676616916
gen: 92 best: 105.4 mean: 135.65970149253732
gen: 93 best: 105.4 mean: 135.95174129353234
gen: 94 best: 105.4 mean: 135.7507462686567
gen: 95 best: 105.4 mean: 135.03333333333333
gen: 96 best: 105.4 mean: 134.63134328358208
gen: 97 best: 105.4 mean: 135.95771144278606
gen: 98 best: 105.4 mean: 135.09950248756218
gen: 99 best: 105.4 mean: 134.02139303482588
[11, 11, 9, 10, 9, 13, 10, 10, 12, 9, 11, 11, 12, 11, 9, 10, 12, 11, 11, 8, 10, 9, 11, 9, 13, 10, 7, 11, 9, 11, 12, 13, 11, 9, 12, 12, 14, 11]
Test count of edges: 787
cat
