Defaulting to user installation because normal site-packages is not writeable
Looking in links: /cvmfs/soft.computecanada.ca/custom/python/wheelhouse/gentoo/avx2, /cvmfs/soft.computecanada.ca/custom/python/wheelhouse/gentoo/generic, /cvmfs/soft.computecanada.ca/custom/python/wheelhouse/generic
Requirement already satisfied: graphviz in /home/js17sy/.local/lib/python3.10/site-packages (0.20)
185; python ga.py 19 256N_graph19.dat 0.05 0.02 0.5 0.5 0.5 201 256N_graph19mediumgen1rem50_ 142805
/project/6008788/js17sy/reopenga/256b/ga.py:291: DeprecationWarning: Sampling from a set deprecated
since Python 3.9 and will be removed in a subsequent version.
  child1 = set(random.sample(
gen >0, new best = 164.600
gen >0, new best = 163.500
gen >0, new best = 153.100
gen >0, new best = 144.400
gen: 0 best: 144.4 mean: 164.58482587064677
gen >1, new best = 141.600
gen: 1 best: 141.6 mean: 164.02537313432836
gen >2, new best = 140.400
gen: 2 best: 140.4 mean: 162.83830845771143
gen: 3 best: 140.4 mean: 161.54328358208954
gen >4, new best = 134.900
gen: 4 best: 134.9 mean: 161.46915422885573
gen: 5 best: 134.9 mean: 161.53880597014924
gen: 6 best: 134.9 mean: 160.38805970149255
gen: 7 best: 134.9 mean: 161.05522388059703
gen: 8 best: 134.9 mean: 161.0497512437811
gen: 9 best: 134.9 mean: 160.12388059701493
gen: 10 best: 134.9 mean: 159.26069651741292
gen: 11 best: 134.9 mean: 159.60497512437811
gen: 12 best: 134.9 mean: 159.28308457711444
gen: 13 best: 134.9 mean: 158.45721393034825
gen: 14 best: 134.9 mean: 158.9009950248756
gen: 15 best: 134.9 mean: 157.3671641791045
gen: 16 best: 134.9 mean: 156.73582089552238
gen >17, new best = 134.600
gen: 17 best: 134.6 mean: 156.66616915422887
gen: 18 best: 134.6 mean: 156.90646766169155
gen: 19 best: 134.6 mean: 155.98557213930349
gen: 20 best: 134.6 mean: 155.8910447761194
gen: 21 best: 134.6 mean: 155.65671641791045
gen: 22 best: 134.6 mean: 154.74129353233832
gen: 23 best: 134.6 mean: 155.4860696517413
gen >24, new best = 131.300
gen: 24 best: 131.3 mean: 154.40248756218907
gen: 25 best: 131.3 mean: 153.7049751243781
gen: 26 best: 131.3 mean: 152.98507462686567
gen: 27 best: 131.3 mean: 153.2268656716418
gen: 28 best: 131.3 mean: 153.24427860696517
gen: 29 best: 131.3 mean: 152.5676616915423
gen >30, new best = 123.700
gen: 30 best: 123.7 mean: 151.66119402985075
gen: 31 best: 123.7 mean: 151.48756218905473
gen: 32 best: 123.7 mean: 152.02537313432836
gen: 33 best: 123.7 mean: 152.07164179104478
gen: 34 best: 123.7 mean: 151.23383084577114
gen: 35 best: 123.7 mean: 151.0870646766169
gen: 36 best: 123.7 mean: 150.35273631840795
gen: 37 best: 123.7 mean: 150.9497512437811
gen: 38 best: 123.7 mean: 150.56965174129354
gen: 39 best: 123.7 mean: 150.67810945273632
gen: 40 best: 123.7 mean: 150.7
gen: 41 best: 123.7 mean: 149.03880597014924
gen: 42 best: 123.7 mean: 151.0
gen: 43 best: 123.7 mean: 149.93880597014925
gen: 44 best: 123.7 mean: 150.0497512437811
gen: 45 best: 123.7 mean: 148.83034825870647
gen: 46 best: 123.7 mean: 148.58109452736318
gen: 47 best: 123.7 mean: 148.4910447761194
gen: 48 best: 123.7 mean: 149.0915422885572
gen: 49 best: 123.7 mean: 148.01194029850745
gen: 50 best: 123.7 mean: 147.99253731343285
gen: 51 best: 123.7 mean: 148.34776119402986
gen: 52 best: 123.7 mean: 147.8398009950249
gen: 53 best: 123.7 mean: 147.81492537313432
gen: 54 best: 123.7 mean: 147.4363184079602
gen: 55 best: 123.7 mean: 147.71592039800996
gen: 56 best: 123.7 mean: 147.7537313432836
gen: 57 best: 123.7 mean: 146.11542288557214
gen: 58 best: 123.7 mean: 146.88805970149255
gen: 59 best: 123.7 mean: 146.6995024875622
gen: 60 best: 123.7 mean: 147.01243781094527
gen: 61 best: 123.7 mean: 146.51442786069651
gen: 62 best: 123.7 mean: 146.57363184079603
gen: 63 best: 123.7 mean: 146.38706467661692
gen: 64 best: 123.7 mean: 145.93283582089552
gen: 65 best: 123.7 mean: 145.68706467661693
gen: 66 best: 123.7 mean: 146.43333333333334
gen >67, new best = 119.200
gen: 67 best: 119.2 mean: 145.5676616915423
gen: 68 best: 119.2 mean: 145.45373134328358
gen: 69 best: 119.2 mean: 145.55074626865672
gen: 70 best: 119.2 mean: 145.3452736318408
gen: 71 best: 119.2 mean: 145.49701492537312
gen: 72 best: 119.2 mean: 145.18457711442787
gen: 73 best: 119.2 mean: 145.16965174129353
gen: 74 best: 119.2 mean: 145.02786069651742
gen: 75 best: 119.2 mean: 145.44676616915422
gen: 76 best: 119.2 mean: 143.99402985074627
gen: 77 best: 119.2 mean: 144.94726368159203
gen: 78 best: 119.2 mean: 144.79651741293532
gen: 79 best: 119.2 mean: 144.518407960199
gen: 80 best: 119.2 mean: 144.93383084577115
gen: 81 best: 119.2 mean: 145.32189054726368
gen: 82 best: 119.2 mean: 144.83383084577113
gen: 83 best: 119.2 mean: 144.31890547263683
gen: 84 best: 119.2 mean: 143.72189054726368
gen: 85 best: 119.2 mean: 144.21243781094526
gen: 86 best: 119.2 mean: 144.8547263681592
gen: 87 best: 119.2 mean: 144.47213930348258
gen: 88 best: 119.2 mean: 143.4089552238806
gen: 89 best: 119.2 mean: 144.77960199004974
gen: 90 best: 119.2 mean: 144.5129353233831
gen: 91 best: 119.2 mean: 144.77860696517413
gen: 92 best: 119.2 mean: 144.24825870646765
gen: 93 best: 119.2 mean: 143.93830845771143
gen: 94 best: 119.2 mean: 144.3358208955224
gen: 95 best: 119.2 mean: 144.47761194029852
gen: 96 best: 119.2 mean: 145.036815920398
gen: 97 best: 119.2 mean: 144.45771144278606
gen: 98 best: 119.2 mean: 143.96616915422885
gen: 99 best: 119.2 mean: 144.05174129353233
[11, 11, 11, 10, 10, 13, 11, 11, 12, 10, 11, 12, 12, 10, 12, 12, 10, 12, 12, 5, 12, 11, 7, 12, 13, 13, 11, 11, 10, 6, 11, 11, 9, 11, 12]
Test count of edges: 794
cat
