Defaulting to user installation because normal site-packages is not writeable
Looking in links: /cvmfs/soft.computecanada.ca/custom/python/wheelhouse/gentoo/avx2, /cvmfs/soft.computecanada.ca/custom/python/wheelhouse/gentoo/generic, /cvmfs/soft.computecanada.ca/custom/python/wheelhouse/generic
Requirement already satisfied: graphviz in /home/js17sy/.local/lib/python3.10/site-packages (0.20)
541; python ga.py 19 256N_graph19.dat 0.1 0.04 0.5 0.5 0.5 201 256N_graph19leerygen1rem50_ 28561
/project/6008788/js17sy/reopenga/256b/ga.py:291: DeprecationWarning: Sampling from a set deprecated
since Python 3.9 and will be removed in a subsequent version.
  child1 = set(random.sample(
gen >0, new best = 182.800
gen >0, new best = 181.200
gen >0, new best = 178.600
gen >0, new best = 176.600
gen >0, new best = 169.800
gen >0, new best = 165.800
gen >0, new best = 163.400
gen: 0 best: 163.4 mean: 183.74950248756218
gen: 1 best: 163.4 mean: 182.94776119402985
gen >2, new best = 161.900
gen: 2 best: 161.9 mean: 182.93482587064676
gen: 3 best: 161.9 mean: 182.4716417910448
gen >4, new best = 161.200
gen: 4 best: 161.2 mean: 181.9945273631841
gen >5, new best = 152.400
gen: 5 best: 152.4 mean: 181.04228855721394
gen: 6 best: 152.4 mean: 181.03333333333333
gen: 7 best: 152.4 mean: 179.8910447761194
gen: 8 best: 152.4 mean: 179.78507462686568
gen: 9 best: 152.4 mean: 179.15223880597014
gen: 10 best: 152.4 mean: 178.618407960199
gen: 11 best: 152.4 mean: 178.86218905472637
gen: 12 best: 152.4 mean: 178.15323383084578
gen: 13 best: 152.4 mean: 178.31094527363183
gen: 14 best: 152.4 mean: 177.37960199004976
gen >15, new best = 151.800
gen: 15 best: 151.8 mean: 176.88805970149255
gen: 16 best: 151.8 mean: 176.55621890547263
gen: 17 best: 151.8 mean: 175.70597014925374
gen: 18 best: 151.8 mean: 176.41542288557213
gen: 19 best: 151.8 mean: 176.53333333333333
gen: 20 best: 151.8 mean: 176.2860696517413
gen: 21 best: 151.8 mean: 176.0009950248756
gen: 22 best: 151.8 mean: 175.51044776119403
gen: 23 best: 151.8 mean: 175.07910447761193
gen: 24 best: 151.8 mean: 175.03482587064676
gen: 25 best: 151.8 mean: 174.85771144278607
gen: 26 best: 151.8 mean: 174.17014925373135
gen >27, new best = 149.800
gen: 27 best: 149.8 mean: 173.85671641791043
gen: 28 best: 149.8 mean: 173.37014925373134
gen: 29 best: 149.8 mean: 173.181592039801
gen: 30 best: 149.8 mean: 172.7278606965174
gen: 31 best: 149.8 mean: 172.82437810945274
gen: 32 best: 149.8 mean: 173.13482587064675
gen: 33 best: 149.8 mean: 172.80248756218904
gen: 34 best: 149.8 mean: 172.20597014925374
gen >35, new best = 144.800
gen: 35 best: 144.8 mean: 171.88009950248755
gen: 36 best: 144.8 mean: 171.25124378109453
gen: 37 best: 144.8 mean: 170.96019900497512
gen: 38 best: 144.8 mean: 171.35572139303483
gen: 39 best: 144.8 mean: 171.2731343283582
gen: 40 best: 144.8 mean: 170.89054726368158
gen: 41 best: 144.8 mean: 170.68955223880596
gen: 42 best: 144.8 mean: 170.30746268656716
gen: 43 best: 144.8 mean: 170.52636815920397
gen: 44 best: 144.8 mean: 170.61691542288557
gen: 45 best: 144.8 mean: 170.226368159204
gen: 46 best: 144.8 mean: 169.2492537313433
gen: 47 best: 144.8 mean: 169.05721393034827
gen: 48 best: 144.8 mean: 169.7089552238806
gen: 49 best: 144.8 mean: 169.773631840796
gen: 50 best: 144.8 mean: 168.8542288557214
gen: 51 best: 144.8 mean: 169.05174129353233
gen: 52 best: 144.8 mean: 169.13781094527363
gen: 53 best: 144.8 mean: 169.318407960199
gen: 54 best: 144.8 mean: 168.76019900497514
gen: 55 best: 144.8 mean: 168.10099502487563
gen: 56 best: 144.8 mean: 168.81990049751244
gen: 57 best: 144.8 mean: 168.81940298507462
gen >58, new best = 141.500
gen: 58 best: 141.5 mean: 167.93731343283582
gen: 59 best: 141.5 mean: 168.37064676616916
gen: 60 best: 141.5 mean: 168.12885572139302
gen: 61 best: 141.5 mean: 167.66915422885572
gen: 62 best: 141.5 mean: 167.6776119402985
gen: 63 best: 141.5 mean: 167.40298507462686
gen: 64 best: 141.5 mean: 167.4407960199005
gen: 65 best: 141.5 mean: 167.70696517412935
gen: 66 best: 141.5 mean: 167.87562189054725
gen: 67 best: 141.5 mean: 167.144776119403
gen: 68 best: 141.5 mean: 167.07164179104478
gen: 69 best: 141.5 mean: 166.34825870646767
gen: 70 best: 141.5 mean: 166.46666666666667
gen: 71 best: 141.5 mean: 166.77562189054726
gen: 72 best: 141.5 mean: 166.9174129353234
gen: 73 best: 141.5 mean: 166.7955223880597
gen: 74 best: 141.5 mean: 166.47661691542288
gen: 75 best: 141.5 mean: 166.57412935323384
gen: 76 best: 141.5 mean: 167.0174129353234
gen: 77 best: 141.5 mean: 166.65820895522387
gen: 78 best: 141.5 mean: 167.01940298507463
gen: 79 best: 141.5 mean: 166.59253731343284
gen: 80 best: 141.5 mean: 166.4363184079602
gen: 81 best: 141.5 mean: 166.77114427860695
gen: 82 best: 141.5 mean: 166.79004975124377
gen: 83 best: 141.5 mean: 167.2268656716418
gen: 84 best: 141.5 mean: 167.23980099502486
gen: 85 best: 141.5 mean: 166.3049751243781
gen: 86 best: 141.5 mean: 166.39751243781095
gen: 87 best: 141.5 mean: 166.84825870646767
gen: 88 best: 141.5 mean: 166.01044776119403
gen: 89 best: 141.5 mean: 165.64626865671642
gen: 90 best: 141.5 mean: 166.0676616915423
gen: 91 best: 141.5 mean: 166.36169154228855
gen: 92 best: 141.5 mean: 165.9318407960199
gen: 93 best: 141.5 mean: 166.663184079602
gen: 94 best: 141.5 mean: 166.17363184079602
gen: 95 best: 141.5 mean: 166.4547263681592
gen: 96 best: 141.5 mean: 165.65074626865672
gen: 97 best: 141.5 mean: 165.8855721393035
gen: 98 best: 141.5 mean: 165.80149253731344
gen: 99 best: 141.5 mean: 165.47064676616915
[8, 10, 8, 11, 6, 11, 9, 8, 10, 10, 9, 10, 10, 11, 9, 10, 11, 10, 10, 10, 10, 10, 9, 9, 8, 9, 12, 11, 11, 10, 9, 10, 8]
Test count of edges: 794
cat
