Defaulting to user installation because normal site-packages is not writeable
Looking in links: /cvmfs/soft.computecanada.ca/custom/python/wheelhouse/gentoo/avx2, /cvmfs/soft.computecanada.ca/custom/python/wheelhouse/gentoo/generic, /cvmfs/soft.computecanada.ca/custom/python/wheelhouse/generic
Requirement already satisfied: graphviz in /home/js17sy/.local/lib/python3.10/site-packages (0.20)
410; python ga.py 19 256N_graph19.dat 0.075 0.03 0.5 0.7 0.3 201 256N_graph19laxgen2rem50_ 571220
/project/6008788/js17sy/reopenga/256b/ga.py:291: DeprecationWarning: Sampling from a set deprecated
since Python 3.9 and will be removed in a subsequent version.
  child1 = set(random.sample(
gen >0, new best = 175.100
gen >0, new best = 172.800
gen >0, new best = 159.500
gen >0, new best = 155.600
gen: 0 best: 155.6 mean: 173.97213930348258
gen >1, new best = 149.400
gen: 1 best: 149.4 mean: 173.3313432835821
gen >2, new best = 147.700
gen: 2 best: 147.7 mean: 172.25721393034826
gen: 3 best: 147.7 mean: 170.8587064676617
gen: 4 best: 147.7 mean: 170.4731343283582
gen: 5 best: 147.7 mean: 170.92139303482588
gen: 6 best: 147.7 mean: 170.0542288557214
gen: 7 best: 147.7 mean: 168.7497512437811
gen: 8 best: 147.7 mean: 167.8592039800995
gen >9, new best = 144.400
gen: 9 best: 144.4 mean: 167.81492537313432
gen: 10 best: 144.4 mean: 167.55174129353233
gen: 11 best: 144.4 mean: 166.7681592039801
gen: 12 best: 144.4 mean: 166.47014925373134
gen: 13 best: 144.4 mean: 166.463184079602
gen >14, new best = 136.300
gen: 14 best: 136.3 mean: 166.25223880597014
gen: 15 best: 136.3 mean: 165.95223880597015
gen: 16 best: 136.3 mean: 165.0870646766169
gen: 17 best: 136.3 mean: 165.05074626865672
gen: 18 best: 136.3 mean: 164.8
gen: 19 best: 136.3 mean: 164.04825870646766
gen: 20 best: 136.3 mean: 163.663184079602
gen: 21 best: 136.3 mean: 163.36666666666667
gen: 22 best: 136.3 mean: 162.67562189054726
gen: 23 best: 136.3 mean: 163.16965174129353
gen: 24 best: 136.3 mean: 161.70248756218905
gen: 25 best: 136.3 mean: 161.27164179104477
gen: 26 best: 136.3 mean: 160.55323383084578
gen: 27 best: 136.3 mean: 160.33333333333334
gen: 28 best: 136.3 mean: 160.14875621890548
gen: 29 best: 136.3 mean: 160.08855721393036
gen: 30 best: 136.3 mean: 160.16417910447763
gen: 31 best: 136.3 mean: 160.29900497512438
gen: 32 best: 136.3 mean: 159.5731343283582
gen >33, new best = 134.400
gen: 33 best: 134.4 mean: 159.84726368159204
gen: 34 best: 134.4 mean: 158.6731343283582
gen: 35 best: 134.4 mean: 159.18855721393035
gen: 36 best: 134.4 mean: 158.98756218905473
gen: 37 best: 134.4 mean: 158.48208955223882
gen: 38 best: 134.4 mean: 158.42537313432837
gen: 39 best: 134.4 mean: 158.53532338308457
gen: 40 best: 134.4 mean: 158.11940298507463
gen: 41 best: 134.4 mean: 158.49850746268658
gen: 42 best: 134.4 mean: 159.15572139303484
gen: 43 best: 134.4 mean: 157.97412935323382
gen: 44 best: 134.4 mean: 157.42189054726367
gen: 45 best: 134.4 mean: 157.11990049751245
gen: 46 best: 134.4 mean: 156.73333333333332
gen: 47 best: 134.4 mean: 156.41492537313434
gen: 48 best: 134.4 mean: 156.23582089552238
gen: 49 best: 134.4 mean: 157.4323383084577
gen: 50 best: 134.4 mean: 156.69353233830847
gen: 51 best: 134.4 mean: 156.0497512437811
gen >52, new best = 132.300
gen: 52 best: 132.3 mean: 155.855223880597
gen: 53 best: 132.3 mean: 155.5870646766169
gen: 54 best: 132.3 mean: 155.49253731343285
gen: 55 best: 132.3 mean: 155.59004975124378
gen: 56 best: 132.3 mean: 154.7323383084577
gen: 57 best: 132.3 mean: 154.87860696517413
gen: 58 best: 132.3 mean: 154.36965174129352
gen: 59 best: 132.3 mean: 153.9781094527363
gen: 60 best: 132.3 mean: 154.3865671641791
gen: 61 best: 132.3 mean: 154.06965174129354
gen: 62 best: 132.3 mean: 154.3139303482587
gen: 63 best: 132.3 mean: 153.6457711442786
gen >64, new best = 131.000
gen: 64 best: 131.0 mean: 152.6089552238806
gen >65, new best = 127.600
gen: 65 best: 127.6 mean: 152.5044776119403
gen: 66 best: 127.6 mean: 153.12437810945275
gen: 67 best: 127.6 mean: 153.39502487562189
gen: 68 best: 127.6 mean: 153.563184079602
gen: 69 best: 127.6 mean: 153.50348258706467
gen: 70 best: 127.6 mean: 153.1502487562189
gen: 71 best: 127.6 mean: 153.15223880597014
gen: 72 best: 127.6 mean: 153.43980099502488
gen: 73 best: 127.6 mean: 152.28308457711444
gen: 74 best: 127.6 mean: 153.30099502487562
gen: 75 best: 127.6 mean: 152.53532338308457
gen: 76 best: 127.6 mean: 152.80248756218904
gen: 77 best: 127.6 mean: 151.94925373134328
gen: 78 best: 127.6 mean: 152.96218905472637
gen: 79 best: 127.6 mean: 151.6910447761194
gen: 80 best: 127.6 mean: 151.67512437810944
gen: 81 best: 127.6 mean: 151.75771144278607
gen: 82 best: 127.6 mean: 152.12238805970148
gen: 83 best: 127.6 mean: 152.03034825870645
gen: 84 best: 127.6 mean: 151.50746268656715
gen: 85 best: 127.6 mean: 151.05373134328357
gen: 86 best: 127.6 mean: 151.3910447761194
gen >87, new best = 125.500
gen: 87 best: 125.5 mean: 150.96069651741294
gen: 88 best: 125.5 mean: 150.67860696517414
gen: 89 best: 125.5 mean: 151.20398009950247
gen: 90 best: 125.5 mean: 151.13432835820896
gen: 91 best: 125.5 mean: 150.42636815920397
gen: 92 best: 125.5 mean: 149.11393034825872
gen: 93 best: 125.5 mean: 149.96268656716418
gen: 94 best: 125.5 mean: 150.62786069651742
gen: 95 best: 125.5 mean: 150.30447761194029
gen: 96 best: 125.5 mean: 150.29900497512438
gen: 97 best: 125.5 mean: 149.5512437810945
gen: 98 best: 125.5 mean: 150.00049751243782
gen: 99 best: 125.5 mean: 150.31592039800995
[11, 10, 12, 10, 10, 10, 10, 12, 6, 8, 10, 10, 8, 11, 11, 10, 11, 11, 10, 9, 7, 9, 10, 9, 7, 11, 11, 9, 11, 13, 13, 10, 10, 10, 11]
Test count of edges: 786
cat
