Defaulting to user installation because normal site-packages is not writeable
Looking in links: /cvmfs/soft.computecanada.ca/custom/python/wheelhouse/gentoo/avx2, /cvmfs/soft.computecanada.ca/custom/python/wheelhouse/gentoo/generic, /cvmfs/soft.computecanada.ca/custom/python/wheelhouse/generic
Requirement already satisfied: graphviz in /home/js17sy/.local/lib/python3.10/site-packages (0.20)
356; python ga.py 19 256N_graph19.dat 0.05 0.02 0.7 0.9 0.1 201 256N_graph19mediumgen3rem70_ 742586
/project/6008788/js17sy/reopenga/256b/ga.py:291: DeprecationWarning: Sampling from a set deprecated
since Python 3.9 and will be removed in a subsequent version.
  child1 = set(random.sample(
gen >0, new best = 165.100
gen >0, new best = 148.800
gen >0, new best = 135.600
gen >0, new best = 119.700
gen >0, new best = 103.200
gen: 0 best: 103.2 mean: 168.05746268656716
gen: 1 best: 103.2 mean: 168.6089552238806
gen: 2 best: 103.2 mean: 168.29402985074626
gen: 3 best: 103.2 mean: 168.5218905472637
gen: 4 best: 103.2 mean: 166.34278606965174
gen: 5 best: 103.2 mean: 167.33482587064677
gen: 6 best: 103.2 mean: 165.1318407960199
gen: 7 best: 103.2 mean: 166.33582089552237
gen: 8 best: 103.2 mean: 164.90995024875622
gen: 9 best: 103.2 mean: 163.31741293532338
gen: 10 best: 103.2 mean: 162.45223880597015
gen: 11 best: 103.2 mean: 161.28358208955223
gen: 12 best: 103.2 mean: 159.25323383084577
gen: 13 best: 103.2 mean: 160.3139303482587
gen: 14 best: 103.2 mean: 161.6218905472637
gen: 15 best: 103.2 mean: 158.818407960199
gen: 16 best: 103.2 mean: 160.0587064676617
gen: 17 best: 103.2 mean: 158.94726368159203
gen: 18 best: 103.2 mean: 158.59701492537314
gen: 19 best: 103.2 mean: 157.68905472636817
gen: 20 best: 103.2 mean: 155.94875621890546
gen: 21 best: 103.2 mean: 156.89800995024876
gen: 22 best: 103.2 mean: 156.82935323383086
gen: 23 best: 103.2 mean: 155.0636815920398
gen: 24 best: 103.2 mean: 155.00796019900497
gen: 25 best: 103.2 mean: 155.51243781094527
gen: 26 best: 103.2 mean: 155.47014925373134
gen: 27 best: 103.2 mean: 153.76716417910447
gen: 28 best: 103.2 mean: 155.47014925373134
gen: 29 best: 103.2 mean: 153.48557213930349
gen: 30 best: 103.2 mean: 154.33930348258707
gen: 31 best: 103.2 mean: 154.0587064676617
gen: 32 best: 103.2 mean: 152.5820895522388
gen: 33 best: 103.2 mean: 154.9641791044776
gen: 34 best: 103.2 mean: 155.2228855721393
gen: 35 best: 103.2 mean: 154.69900497512438
gen: 36 best: 103.2 mean: 154.18557213930347
gen: 37 best: 103.2 mean: 151.85273631840795
gen: 38 best: 103.2 mean: 151.51890547263682
gen: 39 best: 103.2 mean: 151.7582089552239
gen: 40 best: 103.2 mean: 152.2646766169154
gen: 41 best: 103.2 mean: 151.16119402985075
gen: 42 best: 103.2 mean: 151.13980099502487
gen: 43 best: 103.2 mean: 149.26417910447762
gen: 44 best: 103.2 mean: 150.96915422885573
gen: 45 best: 103.2 mean: 150.03930348258706
gen: 46 best: 103.2 mean: 148.99203980099503
gen: 47 best: 103.2 mean: 148.83383084577113
gen: 48 best: 103.2 mean: 150.84477611940298
gen: 49 best: 103.2 mean: 149.07363184079603
gen >50, new best = 101.800
gen: 50 best: 101.8 mean: 148.707960199005
gen: 51 best: 101.8 mean: 148.63084577114427
gen: 52 best: 101.8 mean: 148.2950248756219
gen: 53 best: 101.8 mean: 148.00696517412936
gen: 54 best: 101.8 mean: 147.02537313432836
gen: 55 best: 101.8 mean: 148.86766169154228
gen: 56 best: 101.8 mean: 151.09651741293533
gen: 57 best: 101.8 mean: 146.74825870646765
gen: 58 best: 101.8 mean: 148.06467661691542
gen: 59 best: 101.8 mean: 146.3587064676617
gen: 60 best: 101.8 mean: 146.15522388059702
gen: 61 best: 101.8 mean: 146.30099502487562
gen: 62 best: 101.8 mean: 146.72985074626865
gen: 63 best: 101.8 mean: 146.47611940298506
gen: 64 best: 101.8 mean: 146.35671641791043
gen: 65 best: 101.8 mean: 145.98855721393033
gen: 66 best: 101.8 mean: 148.0089552238806
gen: 67 best: 101.8 mean: 145.51044776119403
gen: 68 best: 101.8 mean: 145.17114427860696
gen: 69 best: 101.8 mean: 143.12786069651742
gen: 70 best: 101.8 mean: 144.71840796019902
gen: 71 best: 101.8 mean: 145.61243781094527
gen: 72 best: 101.8 mean: 145.73930348258708
gen: 73 best: 101.8 mean: 145.24129353233832
gen: 74 best: 101.8 mean: 144.67164179104478
gen: 75 best: 101.8 mean: 145.0681592039801
gen: 76 best: 101.8 mean: 144.68805970149253
gen: 77 best: 101.8 mean: 144.97412935323382
gen: 78 best: 101.8 mean: 145.16965174129353
gen: 79 best: 101.8 mean: 144.71741293532338
gen: 80 best: 101.8 mean: 144.21144278606965
gen: 81 best: 101.8 mean: 142.7094527363184
gen: 82 best: 101.8 mean: 146.0681592039801
gen: 83 best: 101.8 mean: 144.0084577114428
gen: 84 best: 101.8 mean: 143.89850746268658
gen: 85 best: 101.8 mean: 143.62935323383084
gen: 86 best: 101.8 mean: 144.8820895522388
gen: 87 best: 101.8 mean: 143.2407960199005
gen: 88 best: 101.8 mean: 143.73333333333332
gen: 89 best: 101.8 mean: 142.75174129353235
gen: 90 best: 101.8 mean: 142.9910447761194
gen: 91 best: 101.8 mean: 142.92835820895522
gen: 92 best: 101.8 mean: 144.36567164179104
gen: 93 best: 101.8 mean: 142.47910447761194
gen: 94 best: 101.8 mean: 144.2223880597015
gen: 95 best: 101.8 mean: 142.6233830845771
gen: 96 best: 101.8 mean: 142.22189054726368
gen: 97 best: 101.8 mean: 141.58507462686566
gen: 98 best: 101.8 mean: 141.9955223880597
gen: 99 best: 101.8 mean: 141.7955223880597
[8, 8, 8, 8, 9, 7, 11, 9, 10, 13, 9, 7, 10, 9, 7, 10, 9, 9, 7, 11, 8, 8, 13, 8, 7, 9, 7, 8, 12, 10, 10, 9, 10, 9, 9, 9, 10]
Test count of edges: 462
cat
