Defaulting to user installation because normal site-packages is not writeable
Looking in links: /cvmfs/soft.computecanada.ca/custom/python/wheelhouse/gentoo/avx2, /cvmfs/soft.computecanada.ca/custom/python/wheelhouse/gentoo/generic, /cvmfs/soft.computecanada.ca/custom/python/wheelhouse/generic
Requirement already satisfied: graphviz in /home/js17sy/.local/lib/python3.10/site-packages (0.20)
406; python ga.py 19 256N_graph19.dat 0.075 0.03 0.5 0.7 0.3 201 256N_graph19laxgen2rem50_ 456976
/project/6008788/js17sy/reopenga/256b/ga.py:291: DeprecationWarning: Sampling from a set deprecated
since Python 3.9 and will be removed in a subsequent version.
  child1 = set(random.sample(
gen >0, new best = 177.400
gen >0, new best = 173.500
gen >0, new best = 171.200
gen >0, new best = 170.100
gen >0, new best = 167.900
gen >0, new best = 166.900
gen >0, new best = 163.000
gen >0, new best = 154.500
gen: 0 best: 154.5 mean: 174.33283582089553
gen: 1 best: 154.5 mean: 174.19900497512438
gen >2, new best = 150.200
gen: 2 best: 150.2 mean: 172.85373134328358
gen: 3 best: 150.2 mean: 171.4641791044776
gen >4, new best = 149.100
gen: 4 best: 149.1 mean: 170.85721393034825
gen >5, new best = 148.800
gen: 5 best: 148.8 mean: 170.46169154228855
gen >6, new best = 147.100
gen: 6 best: 147.1 mean: 169.68059701492538
gen: 7 best: 147.1 mean: 169.4313432835821
gen: 8 best: 147.1 mean: 168.6601990049751
gen: 9 best: 147.1 mean: 168.32388059701492
gen >10, new best = 141.700
gen: 10 best: 141.7 mean: 166.51194029850745
gen: 11 best: 141.7 mean: 165.94278606965173
gen >12, new best = 141.100
gen: 12 best: 141.1 mean: 164.8681592039801
gen: 13 best: 141.1 mean: 163.82885572139304
gen: 14 best: 141.1 mean: 164.02238805970148
gen >15, new best = 126.200
gen: 15 best: 126.2 mean: 164.7
gen: 16 best: 126.2 mean: 163.5950248756219
gen: 17 best: 126.2 mean: 163.18258706467662
gen: 18 best: 126.2 mean: 162.83731343283583
gen: 19 best: 126.2 mean: 162.01940298507463
gen: 20 best: 126.2 mean: 161.59253731343284
gen: 21 best: 126.2 mean: 161.04179104477612
gen: 22 best: 126.2 mean: 161.8223880597015
gen: 23 best: 126.2 mean: 161.17910447761193
gen: 24 best: 126.2 mean: 160.33532338308459
gen: 25 best: 126.2 mean: 160.22935323383084
gen: 26 best: 126.2 mean: 160.5731343283582
gen: 27 best: 126.2 mean: 159.68457711442787
gen: 28 best: 126.2 mean: 159.34477611940298
gen: 29 best: 126.2 mean: 158.8169154228856
gen: 30 best: 126.2 mean: 158.91094527363185
gen: 31 best: 126.2 mean: 158.89751243781095
gen: 32 best: 126.2 mean: 159.32388059701492
gen: 33 best: 126.2 mean: 158.16467661691541
gen: 34 best: 126.2 mean: 157.7542288557214
gen: 35 best: 126.2 mean: 157.6995024875622
gen: 36 best: 126.2 mean: 157.9681592039801
gen: 37 best: 126.2 mean: 157.36318407960198
gen: 38 best: 126.2 mean: 156.955223880597
gen: 39 best: 126.2 mean: 156.61194029850745
gen: 40 best: 126.2 mean: 156.41641791044776
gen: 41 best: 126.2 mean: 156.26268656716417
gen: 42 best: 126.2 mean: 156.73383084577114
gen: 43 best: 126.2 mean: 156.34228855721392
gen: 44 best: 126.2 mean: 156.05373134328357
gen: 45 best: 126.2 mean: 155.12985074626866
gen: 46 best: 126.2 mean: 155.58109452736318
gen: 47 best: 126.2 mean: 154.98855721393033
gen: 48 best: 126.2 mean: 155.618407960199
gen: 49 best: 126.2 mean: 155.60796019900496
gen: 50 best: 126.2 mean: 154.65074626865672
gen: 51 best: 126.2 mean: 154.75273631840795
gen: 52 best: 126.2 mean: 154.84875621890546
gen: 53 best: 126.2 mean: 155.06019900497512
gen: 54 best: 126.2 mean: 154.86865671641792
gen: 55 best: 126.2 mean: 154.15223880597014
gen: 56 best: 126.2 mean: 154.2507462686567
gen: 57 best: 126.2 mean: 153.87164179104477
gen: 58 best: 126.2 mean: 154.43482587064676
gen: 59 best: 126.2 mean: 153.6771144278607
gen: 60 best: 126.2 mean: 153.74278606965174
gen: 61 best: 126.2 mean: 152.85572139303483
gen: 62 best: 126.2 mean: 152.86915422885573
gen: 63 best: 126.2 mean: 153.61293532338308
gen: 64 best: 126.2 mean: 152.84577114427861
gen: 65 best: 126.2 mean: 153.00049751243782
gen: 66 best: 126.2 mean: 152.7582089552239
gen: 67 best: 126.2 mean: 152.07114427860697
gen: 68 best: 126.2 mean: 152.69552238805971
gen: 69 best: 126.2 mean: 152.88308457711443
gen: 70 best: 126.2 mean: 152.59751243781093
gen: 71 best: 126.2 mean: 153.26517412935323
gen: 72 best: 126.2 mean: 152.9671641791045
gen: 73 best: 126.2 mean: 152.1034825870647
gen: 74 best: 126.2 mean: 152.41442786069652
gen: 75 best: 126.2 mean: 152.63333333333333
gen: 76 best: 126.2 mean: 152.7223880597015
gen: 77 best: 126.2 mean: 152.15771144278608
gen: 78 best: 126.2 mean: 151.69751243781096
gen: 79 best: 126.2 mean: 151.76169154228856
gen: 80 best: 126.2 mean: 151.84577114427861
gen: 81 best: 126.2 mean: 151.69552238805971
gen: 82 best: 126.2 mean: 152.43432835820894
gen: 83 best: 126.2 mean: 152.43930348258706
gen: 84 best: 126.2 mean: 151.83880597014925
gen: 85 best: 126.2 mean: 151.8049751243781
gen >86, new best = 120.500
gen: 86 best: 120.5 mean: 152.273631840796
gen: 87 best: 120.5 mean: 151.9402985074627
gen: 88 best: 120.5 mean: 151.57611940298509
gen: 89 best: 120.5 mean: 151.3726368159204
gen: 90 best: 120.5 mean: 151.61144278606966
gen: 91 best: 120.5 mean: 151.66716417910447
gen: 92 best: 120.5 mean: 151.41890547263682
gen: 93 best: 120.5 mean: 151.16616915422887
gen: 94 best: 120.5 mean: 151.12537313432836
gen: 95 best: 120.5 mean: 150.71144278606965
gen: 96 best: 120.5 mean: 150.63084577114427
gen: 97 best: 120.5 mean: 151.6686567164179
gen: 98 best: 120.5 mean: 151.37562189054725
gen: 99 best: 120.5 mean: 150.38507462686567
[7, 9, 12, 12, 12, 11, 11, 10, 10, 9, 11, 9, 11, 10, 10, 11, 11, 9, 13, 12, 11, 12, 11, 10, 11, 10, 11, 10, 11, 11, 11, 10, 12, 9, 11, 10]
Test count of edges: 784
cat
