Defaulting to user installation because normal site-packages is not writeable
Looking in links: /cvmfs/soft.computecanada.ca/custom/python/wheelhouse/gentoo/avx2, /cvmfs/soft.computecanada.ca/custom/python/wheelhouse/gentoo/generic, /cvmfs/soft.computecanada.ca/custom/python/wheelhouse/generic
Requirement already satisfied: graphviz in /home/js17sy/.local/lib/python3.10/site-packages (0.20)
709; python ga.py 19 256N_graph19.dat 0.1 0.04 0.7 0.9 0.1 201 256N_graph19leerygen3rem70_ 542659
/project/6008788/js17sy/reopenga/256b/ga.py:291: DeprecationWarning: Sampling from a set deprecated
since Python 3.9 and will be removed in a subsequent version.
  child1 = set(random.sample(
gen >0, new best = 194.700
gen >0, new best = 189.000
gen >0, new best = 188.900
gen >0, new best = 188.400
gen >0, new best = 177.300
gen >0, new best = 169.100
gen >0, new best = 163.100
gen >0, new best = 158.900
gen: 0 best: 158.9 mean: 186.39228855721393
gen >1, new best = 154.500
gen: 1 best: 154.5 mean: 185.47114427860697
gen: 2 best: 154.5 mean: 185.4825870646766
gen: 3 best: 154.5 mean: 184.681592039801
gen >4, new best = 149.000
gen >4, new best = 147.400
gen: 4 best: 147.4 mean: 183.98208955223882
gen: 5 best: 147.4 mean: 182.6960199004975
gen: 6 best: 147.4 mean: 183.21492537313432
gen: 7 best: 147.4 mean: 182.55771144278606
gen: 8 best: 147.4 mean: 182.918407960199
gen: 9 best: 147.4 mean: 182.62885572139302
gen: 10 best: 147.4 mean: 180.93084577114428
gen: 11 best: 147.4 mean: 181.40746268656716
gen: 12 best: 147.4 mean: 179.73880597014926
gen: 13 best: 147.4 mean: 178.90746268656716
gen >14, new best = 147.300
gen: 14 best: 147.3 mean: 178.80248756218904
gen: 15 best: 147.3 mean: 178.17064676616914
gen: 16 best: 147.3 mean: 178.40248756218907
gen: 17 best: 147.3 mean: 177.8278606965174
gen: 18 best: 147.3 mean: 177.6960199004975
gen: 19 best: 147.3 mean: 176.19651741293532
gen: 20 best: 147.3 mean: 176.84925373134328
gen: 21 best: 147.3 mean: 175.47562189054727
gen: 22 best: 147.3 mean: 175.7228855721393
gen >23, new best = 145.800
gen: 23 best: 145.8 mean: 174.9487562189055
gen: 24 best: 145.8 mean: 175.8865671641791
gen >25, new best = 142.800
gen: 25 best: 142.8 mean: 175.09203980099502
gen >26, new best = 142.500
gen: 26 best: 142.5 mean: 174.9716417910448
gen >27, new best = 134.900
gen: 27 best: 134.9 mean: 174.90199004975125
gen: 28 best: 134.9 mean: 174.0228855721393
gen: 29 best: 134.9 mean: 173.91144278606964
gen: 30 best: 134.9 mean: 173.43333333333334
gen: 31 best: 134.9 mean: 173.3398009950249
gen: 32 best: 134.9 mean: 173.8910447761194
gen: 33 best: 134.9 mean: 172.66616915422887
gen: 34 best: 134.9 mean: 172.84029850746268
gen: 35 best: 134.9 mean: 171.54676616915424
gen: 36 best: 134.9 mean: 171.06915422885572
gen: 37 best: 134.9 mean: 170.89502487562189
gen: 38 best: 134.9 mean: 170.96069651741294
gen: 39 best: 134.9 mean: 170.58407960199006
gen: 40 best: 134.9 mean: 169.32388059701492
gen: 41 best: 134.9 mean: 170.41044776119404
gen: 42 best: 134.9 mean: 171.1233830845771
gen: 43 best: 134.9 mean: 170.59751243781093
gen: 44 best: 134.9 mean: 170.87910447761195
gen: 45 best: 134.9 mean: 170.3363184079602
gen: 46 best: 134.9 mean: 168.84328358208955
gen: 47 best: 134.9 mean: 169.67611940298508
gen: 48 best: 134.9 mean: 168.48756218905473
gen: 49 best: 134.9 mean: 169.66467661691541
gen: 50 best: 134.9 mean: 169.21044776119402
gen: 51 best: 134.9 mean: 168.7681592039801
gen: 52 best: 134.9 mean: 169.1492537313433
gen: 53 best: 134.9 mean: 168.26119402985074
gen: 54 best: 134.9 mean: 167.53830845771145
gen: 55 best: 134.9 mean: 168.95820895522388
gen: 56 best: 134.9 mean: 168.38606965174128
gen: 57 best: 134.9 mean: 166.21840796019902
gen: 58 best: 134.9 mean: 167.20845771144278
gen: 59 best: 134.9 mean: 167.581592039801
gen: 60 best: 134.9 mean: 166.6233830845771
gen: 61 best: 134.9 mean: 166.9681592039801
gen >62, new best = 134.400
gen: 62 best: 134.4 mean: 166.34328358208955
gen: 63 best: 134.4 mean: 165.4268656716418
gen: 64 best: 134.4 mean: 166.6547263681592
gen: 65 best: 134.4 mean: 165.70099502487562
gen: 66 best: 134.4 mean: 165.9771144278607
gen: 67 best: 134.4 mean: 164.74029850746268
gen >68, new best = 132.700
gen: 68 best: 132.7 mean: 164.12885572139302
gen: 69 best: 132.7 mean: 165.52139303482588
gen >70, new best = 124.700
gen: 70 best: 124.7 mean: 163.45671641791046
gen: 71 best: 124.7 mean: 163.23582089552238
gen: 72 best: 124.7 mean: 164.22089552238805
gen: 73 best: 124.7 mean: 163.9497512437811
gen: 74 best: 124.7 mean: 164.69004975124378
gen: 75 best: 124.7 mean: 163.07810945273633
gen >76, new best = 121.800
gen: 76 best: 121.8 mean: 162.86766169154228
gen: 77 best: 121.8 mean: 162.64378109452736
gen: 78 best: 121.8 mean: 162.318407960199
gen: 79 best: 121.8 mean: 163.5950248756219
gen: 80 best: 121.8 mean: 162.89701492537313
gen: 81 best: 121.8 mean: 163.20995024875623
gen: 82 best: 121.8 mean: 162.28407960199004
gen: 83 best: 121.8 mean: 162.5955223880597
gen: 84 best: 121.8 mean: 160.9716417910448
gen: 85 best: 121.8 mean: 160.79900497512438
gen: 86 best: 121.8 mean: 162.08955223880596
gen: 87 best: 121.8 mean: 163.26318407960198
gen: 88 best: 121.8 mean: 161.99502487562188
gen >89, new best = 118.900
gen: 89 best: 118.9 mean: 161.18059701492538
gen: 90 best: 118.9 mean: 161.18358208955223
gen: 91 best: 118.9 mean: 162.726368159204
gen: 92 best: 118.9 mean: 161.6457711442786
gen: 93 best: 118.9 mean: 159.4587064676617
gen: 94 best: 118.9 mean: 160.25621890547265
gen: 95 best: 118.9 mean: 160.19800995024875
gen: 96 best: 118.9 mean: 159.75174129353235
gen: 97 best: 118.9 mean: 160.36318407960198
gen: 98 best: 118.9 mean: 160.71592039800996
gen: 99 best: 118.9 mean: 159.19800995024875
[7, 6, 8, 8, 7, 8, 10, 8, 6, 8, 9, 9, 10, 8, 5, 10, 9, 7, 10, 14, 8, 8, 5, 7, 6, 8, 8, 7, 8, 7, 7, 7, 8, 8, 7]
Test count of edges: 465
cat
