Defaulting to user installation because normal site-packages is not writeable
Looking in links: /cvmfs/soft.computecanada.ca/custom/python/wheelhouse/gentoo/avx2, /cvmfs/soft.computecanada.ca/custom/python/wheelhouse/gentoo/generic, /cvmfs/soft.computecanada.ca/custom/python/wheelhouse/generic
Requirement already satisfied: graphviz in /home/js17sy/.local/lib/python3.10/site-packages (0.20)
155; python ga.py 19 256N_graph19.dat 0.025 0.01 0.7 0.9 0.1 201 256N_graph19strictgen3rem70_ 142805
/project/6008788/js17sy/reopenga/256b/ga.py:291: DeprecationWarning: Sampling from a set deprecated
since Python 3.9 and will be removed in a subsequent version.
  child1 = set(random.sample(
gen >0, new best = 112.700
gen >0, new best = 87.100
gen >0, new best = 86.700
gen >0, new best = 64.300
gen: 0 best: 64.3 mean: 130.17437810945273
gen: 1 best: 64.3 mean: 129.9726368159204
gen: 2 best: 64.3 mean: 132.01691542288557
gen: 3 best: 64.3 mean: 129.09402985074627
gen >4, new best = 59.600
gen >4, new best = 56.500
gen: 4 best: 56.5 mean: 127.7004975124378
gen: 5 best: 56.5 mean: 128.42935323383085
gen: 6 best: 56.5 mean: 129.60298507462687
gen: 7 best: 56.5 mean: 129.36865671641792
gen: 8 best: 56.5 mean: 127.28805970149254
gen: 9 best: 56.5 mean: 129.21492537313432
gen: 10 best: 56.5 mean: 125.24378109452736
gen: 11 best: 56.5 mean: 126.16218905472637
gen: 12 best: 56.5 mean: 127.75820895522388
gen: 13 best: 56.5 mean: 126.89950248756219
gen: 14 best: 56.5 mean: 126.3049751243781
gen: 15 best: 56.5 mean: 125.51044776119403
gen: 16 best: 56.5 mean: 125.40746268656716
gen: 17 best: 56.5 mean: 123.89353233830846
gen: 18 best: 56.5 mean: 126.15223880597014
gen: 19 best: 56.5 mean: 124.06467661691542
gen: 20 best: 56.5 mean: 123.48258706467662
gen >21, new best = 49.400
gen: 21 best: 49.4 mean: 120.51442786069651
gen: 22 best: 49.4 mean: 121.18009950248756
gen: 23 best: 49.4 mean: 119.31094527363184
gen: 24 best: 49.4 mean: 119.8502487562189
gen >25, new best = 44.000
gen: 25 best: 44.0 mean: 122.29253731343283
gen: 26 best: 44.0 mean: 120.47412935323383
gen: 27 best: 44.0 mean: 120.87661691542289
gen: 28 best: 44.0 mean: 118.30547263681592
gen: 29 best: 44.0 mean: 121.22636815920399
gen: 30 best: 44.0 mean: 118.66019900497513
gen: 31 best: 44.0 mean: 118.41940298507463
gen: 32 best: 44.0 mean: 120.19701492537314
gen: 33 best: 44.0 mean: 120.80696517412936
gen: 34 best: 44.0 mean: 116.99651741293532
gen: 35 best: 44.0 mean: 115.08308457711443
gen: 36 best: 44.0 mean: 117.29402985074627
gen: 37 best: 44.0 mean: 115.90099502487563
gen: 38 best: 44.0 mean: 114.78358208955224
gen: 39 best: 44.0 mean: 118.89154228855722
gen: 40 best: 44.0 mean: 113.20845771144279
gen: 41 best: 44.0 mean: 115.1726368159204
gen: 42 best: 44.0 mean: 114.69452736318408
gen: 43 best: 44.0 mean: 116.33034825870647
gen: 44 best: 44.0 mean: 115.33482587064677
gen: 45 best: 44.0 mean: 115.80099502487562
gen: 46 best: 44.0 mean: 114.99054726368159
gen: 47 best: 44.0 mean: 115.32786069651742
gen: 48 best: 44.0 mean: 112.99950248756218
gen >49, new best = 43.300
gen: 49 best: 43.3 mean: 115.63532338308458
gen: 50 best: 43.3 mean: 113.31144278606965
gen: 51 best: 43.3 mean: 115.5318407960199
gen: 52 best: 43.3 mean: 110.34427860696518
gen: 53 best: 43.3 mean: 110.16169154228855
gen: 54 best: 43.3 mean: 113.97910447761194
gen: 55 best: 43.3 mean: 112.17860696517413
gen: 56 best: 43.3 mean: 112.66517412935323
gen >57, new best = 40.700
gen: 57 best: 40.7 mean: 112.92388059701493
gen: 58 best: 40.7 mean: 112.36467661691542
gen: 59 best: 40.7 mean: 110.7318407960199
gen: 60 best: 40.7 mean: 110.58507462686568
gen: 61 best: 40.7 mean: 107.91094527363184
gen: 62 best: 40.7 mean: 106.35124378109452
gen: 63 best: 40.7 mean: 106.98407960199005
gen >64, new best = 38.400
gen: 64 best: 38.4 mean: 107.65373134328358
gen: 65 best: 38.4 mean: 104.68109452736319
gen: 66 best: 38.4 mean: 103.02388059701492
gen: 67 best: 38.4 mean: 105.29601990049751
gen: 68 best: 38.4 mean: 103.11691542288557
gen: 69 best: 38.4 mean: 102.27960199004976
gen: 70 best: 38.4 mean: 102.46218905472637
gen: 71 best: 38.4 mean: 102.73482587064677
gen >72, new best = 36.800
gen: 72 best: 36.8 mean: 101.2542288557214
gen: 73 best: 36.8 mean: 101.70199004975125
gen: 74 best: 36.8 mean: 101.50845771144279
gen: 75 best: 36.8 mean: 100.76616915422886
gen: 76 best: 36.8 mean: 103.03830845771144
gen: 77 best: 36.8 mean: 101.56069651741294
gen: 78 best: 36.8 mean: 101.60845771144278
gen: 79 best: 36.8 mean: 99.31243781094527
gen: 80 best: 36.8 mean: 101.60149253731343
gen: 81 best: 36.8 mean: 100.02487562189054
gen: 82 best: 36.8 mean: 100.02786069651741
gen: 83 best: 36.8 mean: 101.74328358208955
gen: 84 best: 36.8 mean: 96.863184079602
gen: 85 best: 36.8 mean: 101.12288557213931
gen: 86 best: 36.8 mean: 95.5587064676617
gen: 87 best: 36.8 mean: 97.50099502487562
gen >88, new best = 33.800
gen: 88 best: 33.8 mean: 99.91890547263682
gen: 89 best: 33.8 mean: 101.27213930348259
gen: 90 best: 33.8 mean: 95.80547263681592
gen: 91 best: 33.8 mean: 98.23134328358209
gen: 92 best: 33.8 mean: 98.6820895522388
gen: 93 best: 33.8 mean: 96.05124378109453
gen: 94 best: 33.8 mean: 92.23532338308458
gen: 95 best: 33.8 mean: 96.7771144278607
gen: 96 best: 33.8 mean: 95.36169154228855
gen >97, new best = 30.800
gen: 97 best: 30.8 mean: 96.1592039800995
gen: 98 best: 30.8 mean: 96.69154228855722
gen: 99 best: 30.8 mean: 98.41492537313432
[12, 5, 8, 10, 7, 6, 5, 6, 6, 6, 7, 9, 5, 6, 6, 6, 6, 6, 6, 6, 6, 6, 6, 7, 5, 12, 11, 5, 7, 11, 6]
Test count of edges: 465
cat
