Defaulting to user installation because normal site-packages is not writeable
Looking in links: /cvmfs/soft.computecanada.ca/custom/python/wheelhouse/gentoo/avx2, /cvmfs/soft.computecanada.ca/custom/python/wheelhouse/gentoo/generic, /cvmfs/soft.computecanada.ca/custom/python/wheelhouse/generic
Requirement already satisfied: graphviz in /home/js17sy/.local/lib/python3.10/site-packages (0.20)
444; python ga.py 19 256N_graph19.dat 0.075 0.03 0.5 0.9 0.1 201 256N_graph19laxgen3rem50_ 685464
/project/6008788/js17sy/reopenga/256b/ga.py:291: DeprecationWarning: Sampling from a set deprecated
since Python 3.9 and will be removed in a subsequent version.
  child1 = set(random.sample(
gen >0, new best = 171.700
gen >0, new best = 170.500
gen >0, new best = 149.900
gen: 0 best: 149.9 mean: 174.26144278606967
gen: 1 best: 149.9 mean: 173.63233830845772
gen >2, new best = 147.000
gen: 2 best: 147.0 mean: 173.1860696517413
gen: 3 best: 147.0 mean: 172.97910447761194
gen: 4 best: 147.0 mean: 171.50199004975124
gen: 5 best: 147.0 mean: 170.873631840796
gen: 6 best: 147.0 mean: 170.26069651741292
gen: 7 best: 147.0 mean: 170.07960199004975
gen: 8 best: 147.0 mean: 168.6407960199005
gen >9, new best = 145.600
gen: 9 best: 145.6 mean: 168.292039800995
gen: 10 best: 145.6 mean: 167.1726368159204
gen: 11 best: 145.6 mean: 167.21940298507462
gen: 12 best: 145.6 mean: 167.5089552238806
gen: 13 best: 145.6 mean: 166.5313432835821
gen: 14 best: 145.6 mean: 165.2592039800995
gen >15, new best = 145.300
gen: 15 best: 145.3 mean: 165.23930348258708
gen: 16 best: 145.3 mean: 165.65572139303484
gen: 17 best: 145.3 mean: 165.0457711442786
gen: 18 best: 145.3 mean: 163.8766169154229
gen >19, new best = 137.700
gen: 19 best: 137.7 mean: 164.27114427860695
gen: 20 best: 137.7 mean: 163.8507462686567
gen: 21 best: 137.7 mean: 163.10149253731345
gen: 22 best: 137.7 mean: 162.55572139303482
gen: 23 best: 137.7 mean: 161.55223880597015
gen: 24 best: 137.7 mean: 161.1179104477612
gen: 25 best: 137.7 mean: 160.53233830845772
gen: 26 best: 137.7 mean: 159.3134328358209
gen: 27 best: 137.7 mean: 159.48507462686567
gen: 28 best: 137.7 mean: 159.2189054726368
gen >29, new best = 136.000
gen: 29 best: 136.0 mean: 159.56716417910448
gen: 30 best: 136.0 mean: 159.73980099502486
gen: 31 best: 136.0 mean: 158.82437810945274
gen: 32 best: 136.0 mean: 158.58308457711442
gen: 33 best: 136.0 mean: 158.62388059701493
gen: 34 best: 136.0 mean: 157.92338308457713
gen: 35 best: 136.0 mean: 158.00746268656715
gen >36, new best = 129.800
gen: 36 best: 129.8 mean: 156.44278606965173
gen: 37 best: 129.8 mean: 157.24825870646765
gen: 38 best: 129.8 mean: 157.4228855721393
gen: 39 best: 129.8 mean: 156.31144278606965
gen: 40 best: 129.8 mean: 156.42039800995025
gen >41, new best = 127.000
gen: 41 best: 127.0 mean: 155.10398009950248
gen: 42 best: 127.0 mean: 156.02089552238806
gen: 43 best: 127.0 mean: 155.54328358208954
gen: 44 best: 127.0 mean: 155.14726368159205
gen: 45 best: 127.0 mean: 154.85671641791043
gen: 46 best: 127.0 mean: 154.32089552238807
gen: 47 best: 127.0 mean: 154.6034825870647
gen: 48 best: 127.0 mean: 154.03333333333333
gen: 49 best: 127.0 mean: 154.34676616915422
gen: 50 best: 127.0 mean: 154.06268656716418
gen: 51 best: 127.0 mean: 153.54825870646766
gen: 52 best: 127.0 mean: 153.73980099502486
gen: 53 best: 127.0 mean: 153.4686567164179
gen: 54 best: 127.0 mean: 152.58308457711442
gen: 55 best: 127.0 mean: 153.16666666666666
gen: 56 best: 127.0 mean: 152.27611940298507
gen: 57 best: 127.0 mean: 151.5681592039801
gen: 58 best: 127.0 mean: 152.3363184079602
gen: 59 best: 127.0 mean: 151.6537313432836
gen: 60 best: 127.0 mean: 150.94626865671643
gen: 61 best: 127.0 mean: 151.35223880597016
gen: 62 best: 127.0 mean: 151.56517412935324
gen: 63 best: 127.0 mean: 151.18955223880596
gen: 64 best: 127.0 mean: 150.77810945273632
gen: 65 best: 127.0 mean: 150.32885572139304
gen: 66 best: 127.0 mean: 150.9865671641791
gen: 67 best: 127.0 mean: 150.45074626865673
gen: 68 best: 127.0 mean: 150.43034825870646
gen: 69 best: 127.0 mean: 149.83333333333334
gen: 70 best: 127.0 mean: 150.27562189054726
gen: 71 best: 127.0 mean: 150.33283582089553
gen: 72 best: 127.0 mean: 149.6776119402985
gen: 73 best: 127.0 mean: 150.38606965174128
gen: 74 best: 127.0 mean: 149.40298507462686
gen: 75 best: 127.0 mean: 149.8139303482587
gen: 76 best: 127.0 mean: 148.8547263681592
gen >77, new best = 125.900
gen: 77 best: 125.9 mean: 149.536815920398
gen: 78 best: 125.9 mean: 148.5955223880597
gen: 79 best: 125.9 mean: 149.4731343283582
gen: 80 best: 125.9 mean: 149.46069651741294
gen: 81 best: 125.9 mean: 148.90696517412934
gen: 82 best: 125.9 mean: 149.0905472636816
gen >83, new best = 124.800
gen: 83 best: 124.8 mean: 149.1363184079602
gen: 84 best: 124.8 mean: 148.55074626865672
gen: 85 best: 124.8 mean: 148.56616915422885
gen: 86 best: 124.8 mean: 148.29452736318407
gen: 87 best: 124.8 mean: 148.59751243781093
gen: 88 best: 124.8 mean: 148.01990049751245
gen: 89 best: 124.8 mean: 147.7323383084577
gen: 90 best: 124.8 mean: 148.0592039800995
gen: 91 best: 124.8 mean: 147.8965174129353
gen: 92 best: 124.8 mean: 148.57064676616915
gen: 93 best: 124.8 mean: 147.85721393034825
gen: 94 best: 124.8 mean: 148.00049751243782
gen: 95 best: 124.8 mean: 147.8771144278607
gen: 96 best: 124.8 mean: 147.26865671641792
gen: 97 best: 124.8 mean: 148.31044776119404
gen: 98 best: 124.8 mean: 147.5358208955224
gen: 99 best: 124.8 mean: 147.2542288557214
[11, 11, 8, 12, 12, 10, 9, 11, 12, 12, 13, 11, 11, 10, 9, 11, 9, 11, 12, 9, 11, 10, 12, 12, 11, 13, 10, 10, 9, 13, 9, 9, 11, 9, 15, 11, 10]
Test count of edges: 768
cat
