Defaulting to user installation because normal site-packages is not writeable
Looking in links: /cvmfs/soft.computecanada.ca/custom/python/wheelhouse/gentoo/avx2, /cvmfs/soft.computecanada.ca/custom/python/wheelhouse/gentoo/generic, /cvmfs/soft.computecanada.ca/custom/python/wheelhouse/generic
Requirement already satisfied: graphviz in /home/js17sy/.local/lib/python3.10/site-packages (0.20)
544; python ga.py 19 256N_graph19.dat 0.1 0.04 0.5 0.5 0.5 201 256N_graph19leerygen1rem50_ 114244
/project/6008788/js17sy/reopenga/256b/ga.py:291: DeprecationWarning: Sampling from a set deprecated
since Python 3.9 and will be removed in a subsequent version.
  child1 = set(random.sample(
gen >0, new best = 185.700
gen >0, new best = 184.100
gen >0, new best = 182.700
gen >0, new best = 179.600
gen >0, new best = 178.400
gen >0, new best = 176.100
gen >0, new best = 171.800
gen: 0 best: 171.8 mean: 184.5007462686567
gen >1, new best = 171.700
gen >1, new best = 167.400
gen: 1 best: 167.4 mean: 183.43482587064676
gen >2, new best = 158.700
gen: 2 best: 158.7 mean: 182.24676616915423
gen: 3 best: 158.7 mean: 181.67412935323384
gen >4, new best = 154.800
gen: 4 best: 154.8 mean: 181.57810945273633
gen: 5 best: 154.8 mean: 181.1502487562189
gen: 6 best: 154.8 mean: 180.36169154228855
gen: 7 best: 154.8 mean: 179.0502487562189
gen: 8 best: 154.8 mean: 178.60646766169154
gen >9, new best = 153.100
gen: 9 best: 153.1 mean: 176.87114427860698
gen >10, new best = 153.000
gen: 10 best: 153.0 mean: 176.48557213930349
gen >11, new best = 148.800
gen: 11 best: 148.8 mean: 176.21990049751244
gen >12, new best = 148.700
gen: 12 best: 148.7 mean: 176.20995024875623
gen: 13 best: 148.7 mean: 175.4
gen: 14 best: 148.7 mean: 175.21741293532338
gen: 15 best: 148.7 mean: 175.27810945273632
gen: 16 best: 148.7 mean: 175.22089552238805
gen: 17 best: 148.7 mean: 174.64228855721393
gen: 18 best: 148.7 mean: 174.8268656716418
gen: 19 best: 148.7 mean: 174.78855721393035
gen: 20 best: 148.7 mean: 174.1502487562189
gen: 21 best: 148.7 mean: 174.292039800995
gen: 22 best: 148.7 mean: 174.13432835820896
gen: 23 best: 148.7 mean: 174.33333333333334
gen: 24 best: 148.7 mean: 174.03084577114427
gen: 25 best: 148.7 mean: 173.52238805970148
gen: 26 best: 148.7 mean: 173.75174129353235
gen: 27 best: 148.7 mean: 172.59203980099502
gen: 28 best: 148.7 mean: 173.72935323383084
gen: 29 best: 148.7 mean: 172.8900497512438
gen: 30 best: 148.7 mean: 172.23731343283583
gen: 31 best: 148.7 mean: 172.47512437810946
gen >32, new best = 148.000
gen: 32 best: 148.0 mean: 171.86517412935322
gen: 33 best: 148.0 mean: 172.21691542288556
gen: 34 best: 148.0 mean: 172.0
gen: 35 best: 148.0 mean: 171.38706467661692
gen >36, new best = 146.900
gen: 36 best: 146.9 mean: 171.40199004975125
gen: 37 best: 146.9 mean: 171.61492537313433
gen >38, new best = 144.600
gen: 38 best: 144.6 mean: 171.46119402985076
gen >39, new best = 133.700
gen: 39 best: 133.7 mean: 171.34029850746268
gen: 40 best: 133.7 mean: 171.19253731343284
gen: 41 best: 133.7 mean: 170.2950248756219
gen: 42 best: 133.7 mean: 169.82736318407962
gen: 43 best: 133.7 mean: 170.1601990049751
gen: 44 best: 133.7 mean: 170.4363184079602
gen: 45 best: 133.7 mean: 169.81442786069653
gen: 46 best: 133.7 mean: 169.04726368159203
gen: 47 best: 133.7 mean: 169.46169154228855
gen: 48 best: 133.7 mean: 169.3955223880597
gen: 49 best: 133.7 mean: 169.39203980099504
gen: 50 best: 133.7 mean: 168.81542288557213
gen: 51 best: 133.7 mean: 168.60945273631842
gen: 52 best: 133.7 mean: 168.4945273631841
gen: 53 best: 133.7 mean: 168.5457711442786
gen: 54 best: 133.7 mean: 168.55124378109454
gen: 55 best: 133.7 mean: 169.07960199004975
gen: 56 best: 133.7 mean: 169.18009950248756
gen: 57 best: 133.7 mean: 168.8084577114428
gen: 58 best: 133.7 mean: 168.02487562189054
gen: 59 best: 133.7 mean: 168.8825870646766
gen: 60 best: 133.7 mean: 169.00199004975124
gen: 61 best: 133.7 mean: 168.89850746268658
gen: 62 best: 133.7 mean: 169.01592039800994
gen: 63 best: 133.7 mean: 168.46467661691543
gen: 64 best: 133.7 mean: 168.81542288557213
gen: 65 best: 133.7 mean: 168.25721393034826
gen: 66 best: 133.7 mean: 168.6179104477612
gen: 67 best: 133.7 mean: 168.56169154228854
gen: 68 best: 133.7 mean: 168.436815920398
gen: 69 best: 133.7 mean: 168.14776119402984
gen: 70 best: 133.7 mean: 168.02388059701494
gen: 71 best: 133.7 mean: 167.82587064676616
gen: 72 best: 133.7 mean: 167.77910447761195
gen: 73 best: 133.7 mean: 167.82437810945274
gen: 74 best: 133.7 mean: 167.9870646766169
gen: 75 best: 133.7 mean: 168.06616915422885
gen: 76 best: 133.7 mean: 167.64975124378108
gen: 77 best: 133.7 mean: 168.82885572139304
gen: 78 best: 133.7 mean: 167.8865671641791
gen: 79 best: 133.7 mean: 167.50497512437812
gen: 80 best: 133.7 mean: 168.63333333333333
gen: 81 best: 133.7 mean: 168.13781094527363
gen: 82 best: 133.7 mean: 168.2268656716418
gen: 83 best: 133.7 mean: 167.90796019900498
gen: 84 best: 133.7 mean: 167.8318407960199
gen: 85 best: 133.7 mean: 167.89402985074628
gen: 86 best: 133.7 mean: 167.6676616915423
gen: 87 best: 133.7 mean: 167.67363184079602
gen: 88 best: 133.7 mean: 167.31442786069653
gen: 89 best: 133.7 mean: 167.44925373134328
gen: 90 best: 133.7 mean: 167.41542288557213
gen: 91 best: 133.7 mean: 167.0915422885572
gen: 92 best: 133.7 mean: 166.75970149253732
gen: 93 best: 133.7 mean: 166.9223880597015
gen: 94 best: 133.7 mean: 166.54427860696518
gen: 95 best: 133.7 mean: 166.42537313432837
gen: 96 best: 133.7 mean: 166.81592039800995
gen: 97 best: 133.7 mean: 166.36965174129352
gen: 98 best: 133.7 mean: 166.58557213930348
gen: 99 best: 133.7 mean: 166.7681592039801
[10, 10, 10, 8, 11, 8, 9, 9, 12, 10, 8, 10, 10, 9, 12, 10, 11, 9, 10, 9, 9, 10, 9, 11, 9, 11, 10, 10, 13, 12, 10, 10, 11, 10, 11, 10, 8, 10]
Test count of edges: 781
cat
