Defaulting to user installation because normal site-packages is not writeable
Looking in links: /cvmfs/soft.computecanada.ca/custom/python/wheelhouse/gentoo/avx2, /cvmfs/soft.computecanada.ca/custom/python/wheelhouse/gentoo/generic, /cvmfs/soft.computecanada.ca/custom/python/wheelhouse/generic
Requirement already satisfied: graphviz in /home/js17sy/.local/lib/python3.10/site-packages (0.20)
213; python ga.py 19 256N_graph19.dat 0.05 0.02 0.5 0.7 0.3 201 256N_graph19mediumgen2rem50_ 85683
/project/6008788/js17sy/reopenga/256b/ga.py:291: DeprecationWarning: Sampling from a set deprecated
since Python 3.9 and will be removed in a subsequent version.
  child1 = set(random.sample(
gen >0, new best = 172.400
gen >0, new best = 160.600
gen >0, new best = 159.900
gen >0, new best = 157.000
gen >0, new best = 156.000
gen >0, new best = 142.800
gen: 0 best: 142.8 mean: 164.56094527363183
gen: 1 best: 142.8 mean: 163.42537313432837
gen >2, new best = 138.700
gen >2, new best = 137.700
gen: 2 best: 137.7 mean: 162.69552238805971
gen: 3 best: 137.7 mean: 162.7273631840796
gen: 4 best: 137.7 mean: 161.80149253731344
gen: 5 best: 137.7 mean: 161.04278606965175
gen >6, new best = 136.000
gen: 6 best: 136.0 mean: 161.2955223880597
gen: 7 best: 136.0 mean: 160.10099502487563
gen: 8 best: 136.0 mean: 159.5457711442786
gen: 9 best: 136.0 mean: 159.8507462686567
gen: 10 best: 136.0 mean: 159.07562189054727
gen: 11 best: 136.0 mean: 158.21990049751244
gen: 12 best: 136.0 mean: 158.30199004975125
gen: 13 best: 136.0 mean: 157.21194029850747
gen: 14 best: 136.0 mean: 156.2676616915423
gen: 15 best: 136.0 mean: 155.99253731343285
gen: 16 best: 136.0 mean: 155.9825870646766
gen: 17 best: 136.0 mean: 155.51194029850745
gen >18, new best = 133.500
gen: 18 best: 133.5 mean: 155.4731343283582
gen: 19 best: 133.5 mean: 155.15970149253732
gen >20, new best = 131.500
gen: 20 best: 131.5 mean: 154.15820895522387
gen: 21 best: 131.5 mean: 154.50497512437812
gen: 22 best: 131.5 mean: 154.46019900497512
gen >23, new best = 129.700
gen: 23 best: 129.7 mean: 153.3223880597015
gen: 24 best: 129.7 mean: 153.90646766169155
gen: 25 best: 129.7 mean: 153.93880597014925
gen: 26 best: 129.7 mean: 152.78407960199004
gen: 27 best: 129.7 mean: 152.9223880597015
gen >28, new best = 123.800
gen: 28 best: 123.8 mean: 151.43034825870646
gen: 29 best: 123.8 mean: 151.60845771144278
gen: 30 best: 123.8 mean: 151.3094527363184
gen: 31 best: 123.8 mean: 151.21194029850747
gen: 32 best: 123.8 mean: 151.18457711442787
gen: 33 best: 123.8 mean: 150.74477611940299
gen: 34 best: 123.8 mean: 150.618407960199
gen: 35 best: 123.8 mean: 150.62437810945275
gen: 36 best: 123.8 mean: 150.78855721393035
gen: 37 best: 123.8 mean: 150.29900497512438
gen: 38 best: 123.8 mean: 149.31293532338307
gen: 39 best: 123.8 mean: 149.47860696517412
gen: 40 best: 123.8 mean: 149.54776119402985
gen: 41 best: 123.8 mean: 149.30199004975125
gen: 42 best: 123.8 mean: 148.43034825870646
gen: 43 best: 123.8 mean: 148.7044776119403
gen: 44 best: 123.8 mean: 148.64378109452736
gen: 45 best: 123.8 mean: 148.5457711442786
gen >46, new best = 122.000
gen: 46 best: 122.0 mean: 148.2547263681592
gen: 47 best: 122.0 mean: 147.52139303482588
gen: 48 best: 122.0 mean: 147.86169154228855
gen: 49 best: 122.0 mean: 146.9094527363184
gen: 50 best: 122.0 mean: 147.77611940298507
gen: 51 best: 122.0 mean: 147.28706467661692
gen: 52 best: 122.0 mean: 146.76567164179104
gen: 53 best: 122.0 mean: 146.33930348258707
gen: 54 best: 122.0 mean: 145.663184079602
gen: 55 best: 122.0 mean: 146.93084577114428
gen: 56 best: 122.0 mean: 146.67363184079602
gen: 57 best: 122.0 mean: 145.30447761194029
gen: 58 best: 122.0 mean: 145.9179104477612
gen: 59 best: 122.0 mean: 145.94676616915422
gen: 60 best: 122.0 mean: 145.80447761194029
gen: 61 best: 122.0 mean: 144.92487562189055
gen: 62 best: 122.0 mean: 145.1587064676617
gen >63, new best = 121.900
gen: 63 best: 121.9 mean: 144.71592039800996
gen: 64 best: 121.9 mean: 145.14975124378108
gen: 65 best: 121.9 mean: 144.6099502487562
gen >66, new best = 115.200
gen: 66 best: 115.2 mean: 144.73930348258708
gen: 67 best: 115.2 mean: 144.53830845771145
gen: 68 best: 115.2 mean: 144.74477611940299
gen: 69 best: 115.2 mean: 144.98905472636815
gen: 70 best: 115.2 mean: 144.03084577114427
gen: 71 best: 115.2 mean: 144.73930348258708
gen: 72 best: 115.2 mean: 144.77611940298507
gen: 73 best: 115.2 mean: 143.9129353233831
gen: 74 best: 115.2 mean: 144.21990049751244
gen: 75 best: 115.2 mean: 143.35124378109452
gen: 76 best: 115.2 mean: 143.33084577114428
gen: 77 best: 115.2 mean: 144.2228855721393
gen: 78 best: 115.2 mean: 143.0726368159204
gen: 79 best: 115.2 mean: 143.63781094527363
gen: 80 best: 115.2 mean: 143.207960199005
gen: 81 best: 115.2 mean: 143.3318407960199
gen: 82 best: 115.2 mean: 142.97661691542288
gen: 83 best: 115.2 mean: 143.23582089552238
gen: 84 best: 115.2 mean: 143.0990049751244
gen: 85 best: 115.2 mean: 142.37412935323383
gen: 86 best: 115.2 mean: 142.20199004975123
gen: 87 best: 115.2 mean: 141.99203980099503
gen: 88 best: 115.2 mean: 141.74328358208956
gen: 89 best: 115.2 mean: 141.97860696517412
gen: 90 best: 115.2 mean: 141.65771144278608
gen: 91 best: 115.2 mean: 142.10646766169154
gen: 92 best: 115.2 mean: 142.68059701492538
gen: 93 best: 115.2 mean: 142.24477611940299
gen: 94 best: 115.2 mean: 142.3641791044776
gen: 95 best: 115.2 mean: 142.06119402985075
gen: 96 best: 115.2 mean: 141.85373134328358
gen: 97 best: 115.2 mean: 141.3910447761194
gen: 98 best: 115.2 mean: 141.95572139303482
gen: 99 best: 115.2 mean: 141.1820895522388
[12, 10, 12, 14, 6, 10, 12, 12, 11, 10, 10, 12, 11, 11, 11, 10, 12, 10, 12, 12, 11, 14, 11, 11, 10, 13, 14, 10, 10, 9, 11, 10, 13, 11, 11]
Test count of edges: 783
cat
