Defaulting to user installation because normal site-packages is not writeable
Looking in links: /cvmfs/soft.computecanada.ca/custom/python/wheelhouse/gentoo/avx2, /cvmfs/soft.computecanada.ca/custom/python/wheelhouse/gentoo/generic, /cvmfs/soft.computecanada.ca/custom/python/wheelhouse/generic
Requirement already satisfied: graphviz in /home/js17sy/.local/lib/python3.10/site-packages (0.20)
175; python ga.py 19 256N_graph19.dat 0.025 0.01 0.7 0.9 0.1 201 256N_graph19strictgen3rem70_ 714025
/project/6008788/js17sy/reopenga/256b/ga.py:291: DeprecationWarning: Sampling from a set deprecated
since Python 3.9 and will be removed in a subsequent version.
  child1 = set(random.sample(
gen >0, new best = 143.900
gen >0, new best = 127.500
gen >0, new best = 66.100
gen: 0 best: 66.1 mean: 130.43482587064676
gen: 1 best: 66.1 mean: 130.436815920398
gen: 2 best: 66.1 mean: 131.18507462686568
gen: 3 best: 66.1 mean: 126.94228855721393
gen: 4 best: 66.1 mean: 127.3502487562189
gen: 5 best: 66.1 mean: 128.51194029850745
gen >6, new best = 64.700
gen: 6 best: 64.7 mean: 126.8452736318408
gen >7, new best = 62.400
gen: 7 best: 62.4 mean: 130.24029850746268
gen >8, new best = 56.900
gen: 8 best: 56.9 mean: 127.36616915422886
gen >9, new best = 49.800
gen: 9 best: 49.8 mean: 127.0179104477612
gen: 10 best: 49.8 mean: 125.5681592039801
gen: 11 best: 49.8 mean: 126.29452736318407
gen: 12 best: 49.8 mean: 128.11393034825872
gen: 13 best: 49.8 mean: 123.0910447761194
gen: 14 best: 49.8 mean: 124.68756218905473
gen: 15 best: 49.8 mean: 125.87512437810945
gen: 16 best: 49.8 mean: 122.99452736318408
gen: 17 best: 49.8 mean: 122.92985074626866
gen: 18 best: 49.8 mean: 123.18855721393035
gen: 19 best: 49.8 mean: 119.44278606965175
gen: 20 best: 49.8 mean: 120.92686567164179
gen: 21 best: 49.8 mean: 120.12437810945273
gen: 22 best: 49.8 mean: 120.61094527363184
gen: 23 best: 49.8 mean: 118.27512437810945
gen: 24 best: 49.8 mean: 121.2134328358209
gen: 25 best: 49.8 mean: 116.99004975124379
gen: 26 best: 49.8 mean: 119.72587064676617
gen: 27 best: 49.8 mean: 118.49900497512438
gen: 28 best: 49.8 mean: 115.13084577114428
gen: 29 best: 49.8 mean: 118.30547263681592
gen: 30 best: 49.8 mean: 116.53283582089553
gen: 31 best: 49.8 mean: 116.69800995024876
gen: 32 best: 49.8 mean: 118.4587064676617
gen: 33 best: 49.8 mean: 115.51393034825871
gen >34, new best = 42.300
gen: 34 best: 42.3 mean: 111.51044776119403
gen: 35 best: 42.3 mean: 111.44825870646766
gen: 36 best: 42.3 mean: 112.9587064676617
gen >37, new best = 41.200
gen: 37 best: 41.2 mean: 108.56169154228856
gen >38, new best = 37.500
gen: 38 best: 37.5 mean: 110.26019900497512
gen: 39 best: 37.5 mean: 111.13731343283582
gen >40, new best = 35.900
gen: 40 best: 35.9 mean: 109.10248756218905
gen: 41 best: 35.9 mean: 109.05124378109453
gen: 42 best: 35.9 mean: 103.27810945273632
gen: 43 best: 35.9 mean: 104.61293532338308
gen: 44 best: 35.9 mean: 105.08507462686568
gen: 45 best: 35.9 mean: 106.54427860696518
gen: 46 best: 35.9 mean: 103.04626865671642
gen: 47 best: 35.9 mean: 103.15522388059702
gen: 48 best: 35.9 mean: 107.59701492537313
gen: 49 best: 35.9 mean: 102.74975124378109
gen: 50 best: 35.9 mean: 103.29054726368159
gen: 51 best: 35.9 mean: 103.52189054726368
gen: 52 best: 35.9 mean: 99.08706467661692
gen >53, new best = 35.300
gen: 53 best: 35.3 mean: 100.96616915422885
gen: 54 best: 35.3 mean: 95.74477611940299
gen >55, new best = 34.000
gen: 55 best: 34.0 mean: 97.81243781094527
gen: 56 best: 34.0 mean: 92.21691542288558
gen: 57 best: 34.0 mean: 92.8
gen: 58 best: 34.0 mean: 95.3502487562189
gen: 59 best: 34.0 mean: 94.11691542288557
gen: 60 best: 34.0 mean: 93.01641791044776
gen: 61 best: 34.0 mean: 90.60547263681592
gen: 62 best: 34.0 mean: 90.54875621890547
gen >63, new best = 32.300
gen: 63 best: 32.3 mean: 89.23134328358209
gen: 64 best: 32.3 mean: 91.11293532338308
gen: 65 best: 32.3 mean: 90.35920398009951
gen: 66 best: 32.3 mean: 89.96517412935323
gen: 67 best: 32.3 mean: 88.6820895522388
gen: 68 best: 32.3 mean: 90.13731343283582
gen: 69 best: 32.3 mean: 87.73930348258706
gen: 70 best: 32.3 mean: 88.44676616915423
gen: 71 best: 32.3 mean: 89.281592039801
gen: 72 best: 32.3 mean: 87.03233830845771
gen: 73 best: 32.3 mean: 89.72885572139303
gen: 74 best: 32.3 mean: 87.33383084577115
gen: 75 best: 32.3 mean: 88.3094527363184
gen: 76 best: 32.3 mean: 90.49253731343283
gen: 77 best: 32.3 mean: 83.96019900497512
gen: 78 best: 32.3 mean: 84.17412935323384
gen: 79 best: 32.3 mean: 84.70099502487562
gen: 80 best: 32.3 mean: 85.29751243781095
gen: 81 best: 32.3 mean: 87.0915422885572
gen: 82 best: 32.3 mean: 87.39253731343284
gen: 83 best: 32.3 mean: 85.9950248756219
gen: 84 best: 32.3 mean: 84.34776119402986
gen >85, new best = 31.700
gen: 85 best: 31.7 mean: 86.6726368159204
gen: 86 best: 31.7 mean: 83.83781094527363
gen: 87 best: 31.7 mean: 84.9089552238806
gen: 88 best: 31.7 mean: 82.44527363184079
gen: 89 best: 31.7 mean: 82.37462686567164
gen: 90 best: 31.7 mean: 85.76169154228856
gen: 91 best: 31.7 mean: 82.89800995024876
gen: 92 best: 31.7 mean: 85.26965174129353
gen: 93 best: 31.7 mean: 81.88457711442786
gen: 94 best: 31.7 mean: 82.9726368159204
gen: 95 best: 31.7 mean: 82.51691542288557
gen: 96 best: 31.7 mean: 84.59253731343284
gen: 97 best: 31.7 mean: 81.31393034825871
gen: 98 best: 31.7 mean: 82.01890547263682
gen: 99 best: 31.7 mean: 82.45522388059702
[6, 7, 6, 8, 8, 5, 6, 10, 6, 7, 7, 7, 7, 5, 6, 5, 7, 6, 8, 6, 13, 6]
Test count of edges: 466
cat
