Defaulting to user installation because normal site-packages is not writeable
Looking in links: /cvmfs/soft.computecanada.ca/custom/python/wheelhouse/gentoo/avx2, /cvmfs/soft.computecanada.ca/custom/python/wheelhouse/gentoo/generic, /cvmfs/soft.computecanada.ca/custom/python/wheelhouse/generic
Requirement already satisfied: graphviz in /home/js17sy/.local/lib/python3.10/site-packages (0.20)
49; python ga.py 19 256N_graph19.dat 0.025 0.01 0.5 0.7 0.3 201 256N_graph19strictgen2rem50_ 542659
/project/6008788/js17sy/reopenga/256b/ga.py:291: DeprecationWarning: Sampling from a set deprecated
since Python 3.9 and will be removed in a subsequent version.
  child1 = set(random.sample(
gen >0, new best = 142.300
gen >0, new best = 140.100
gen >0, new best = 131.200
gen >0, new best = 130.200
gen >0, new best = 129.400
gen: 0 best: 129.4 mean: 150.1365671641791
gen: 1 best: 129.4 mean: 151.1402985074627
gen >2, new best = 129.200
gen >2, new best = 128.600
gen: 2 best: 128.6 mean: 150.12089552238805
gen >3, new best = 124.300
gen: 3 best: 124.3 mean: 150.09203980099502
gen >4, new best = 122.100
gen >4, new best = 117.400
gen: 4 best: 117.4 mean: 148.7134328358209
gen >5, new best = 110.600
gen: 5 best: 110.6 mean: 148.70149253731344
gen: 6 best: 110.6 mean: 148.23781094527362
gen: 7 best: 110.6 mean: 149.0990049751244
gen: 8 best: 110.6 mean: 148.6910447761194
gen: 9 best: 110.6 mean: 146.76965174129353
gen: 10 best: 110.6 mean: 147.98358208955224
gen: 11 best: 110.6 mean: 146.3228855721393
gen: 12 best: 110.6 mean: 145.707960199005
gen: 13 best: 110.6 mean: 146.75422885572138
gen: 14 best: 110.6 mean: 145.75621890547265
gen: 15 best: 110.6 mean: 145.44925373134328
gen: 16 best: 110.6 mean: 144.44278606965173
gen: 17 best: 110.6 mean: 144.28905472636816
gen: 18 best: 110.6 mean: 143.82835820895522
gen: 19 best: 110.6 mean: 144.66218905472635
gen >20, new best = 109.100
gen: 20 best: 109.1 mean: 142.4636815920398
gen: 21 best: 109.1 mean: 144.11094527363184
gen: 22 best: 109.1 mean: 143.33532338308459
gen: 23 best: 109.1 mean: 143.16069651741293
gen: 24 best: 109.1 mean: 143.72985074626865
gen >25, new best = 107.600
gen >25, new best = 106.800
gen: 25 best: 106.8 mean: 143.49701492537312
gen: 26 best: 106.8 mean: 142.0268656716418
gen: 27 best: 106.8 mean: 142.56915422885572
gen: 28 best: 106.8 mean: 142.4407960199005
gen: 29 best: 106.8 mean: 142.84577114427861
gen: 30 best: 106.8 mean: 141.40149253731343
gen: 31 best: 106.8 mean: 143.2094527363184
gen >32, new best = 99.600
gen: 32 best: 99.6 mean: 141.84228855721392
gen: 33 best: 99.6 mean: 142.53034825870648
gen: 34 best: 99.6 mean: 140.6144278606965
gen: 35 best: 99.6 mean: 141.10746268656717
gen: 36 best: 99.6 mean: 140.4179104477612
gen: 37 best: 99.6 mean: 141.23830845771144
gen: 38 best: 99.6 mean: 139.62039800995024
gen: 39 best: 99.6 mean: 140.02985074626866
gen: 40 best: 99.6 mean: 139.23731343283583
gen: 41 best: 99.6 mean: 139.92437810945273
gen: 42 best: 99.6 mean: 139.9268656716418
gen: 43 best: 99.6 mean: 138.75124378109453
gen: 44 best: 99.6 mean: 138.82139303482586
gen: 45 best: 99.6 mean: 139.95572139303482
gen >46, new best = 98.800
gen: 46 best: 98.8 mean: 138.18756218905472
gen: 47 best: 98.8 mean: 137.91990049751243
gen: 48 best: 98.8 mean: 138.57611940298509
gen: 49 best: 98.8 mean: 137.85024875621892
gen: 50 best: 98.8 mean: 138.20597014925374
gen >51, new best = 98.400
gen: 51 best: 98.4 mean: 138.081592039801
gen >52, new best = 89.500
gen: 52 best: 89.5 mean: 137.82935323383086
gen >53, new best = 81.900
gen: 53 best: 81.9 mean: 137.0950248756219
gen: 54 best: 81.9 mean: 137.47064676616915
gen: 55 best: 81.9 mean: 137.90348258706467
gen: 56 best: 81.9 mean: 137.29751243781095
gen: 57 best: 81.9 mean: 135.83084577114428
gen: 58 best: 81.9 mean: 136.8776119402985
gen: 59 best: 81.9 mean: 137.3810945273632
gen: 60 best: 81.9 mean: 137.01492537313433
gen: 61 best: 81.9 mean: 137.12388059701493
gen: 62 best: 81.9 mean: 136.50646766169154
gen: 63 best: 81.9 mean: 135.71542288557214
gen: 64 best: 81.9 mean: 133.91990049751243
gen: 65 best: 81.9 mean: 135.30447761194029
gen: 66 best: 81.9 mean: 135.6233830845771
gen: 67 best: 81.9 mean: 135.54925373134327
gen: 68 best: 81.9 mean: 133.78407960199004
gen: 69 best: 81.9 mean: 135.11243781094527
gen: 70 best: 81.9 mean: 135.7771144278607
gen: 71 best: 81.9 mean: 135.2044776119403
gen: 72 best: 81.9 mean: 135.64726368159205
gen: 73 best: 81.9 mean: 133.78009950248756
gen >74, new best = 76.000
gen: 74 best: 76.0 mean: 134.98457711442785
gen: 75 best: 76.0 mean: 133.63134328358208
gen: 76 best: 76.0 mean: 133.8
gen: 77 best: 76.0 mean: 133.7995024875622
gen: 78 best: 76.0 mean: 133.80298507462686
gen: 79 best: 76.0 mean: 133.95074626865673
gen: 80 best: 76.0 mean: 133.24676616915423
gen: 81 best: 76.0 mean: 132.04378109452736
gen: 82 best: 76.0 mean: 133.42089552238807
gen: 83 best: 76.0 mean: 131.4273631840796
gen: 84 best: 76.0 mean: 133.8398009950249
gen: 85 best: 76.0 mean: 134.16268656716417
gen: 86 best: 76.0 mean: 131.77611940298507
gen >87, new best = 75.900
gen: 87 best: 75.9 mean: 131.4686567164179
gen: 88 best: 75.9 mean: 133.27412935323383
gen: 89 best: 75.9 mean: 131.48855721393033
gen: 90 best: 75.9 mean: 131.83283582089553
gen: 91 best: 75.9 mean: 134.68706467661693
gen: 92 best: 75.9 mean: 131.2228855721393
gen: 93 best: 75.9 mean: 129.83333333333334
gen: 94 best: 75.9 mean: 131.99353233830846
gen: 95 best: 75.9 mean: 130.9412935323383
gen: 96 best: 75.9 mean: 131.2089552238806
gen: 97 best: 75.9 mean: 131.6457711442786
gen: 98 best: 75.9 mean: 129.0228855721393
gen: 99 best: 75.9 mean: 131.9716417910448
[5, 13, 11, 15, 14, 14, 19, 7, 12, 14, 7, 12, 12, 15, 14, 12, 11, 11, 11, 12, 12, 12, 5, 14, 11, 11, 13, 14, 10]
Test count of edges: 789
cat
