Defaulting to user installation because normal site-packages is not writeable
Looking in links: /cvmfs/soft.computecanada.ca/custom/python/wheelhouse/gentoo/avx2, /cvmfs/soft.computecanada.ca/custom/python/wheelhouse/gentoo/generic, /cvmfs/soft.computecanada.ca/custom/python/wheelhouse/generic
Requirement already satisfied: graphviz in /home/js17sy/.local/lib/python3.10/site-packages (0.20)
309; python ga.py 19 256N_graph19.dat 0.05 0.02 0.7 0.7 0.3 201 256N_graph19mediumgen2rem70_ 257049
/project/6008788/js17sy/reopenga/256b/ga.py:291: DeprecationWarning: Sampling from a set deprecated
since Python 3.9 and will be removed in a subsequent version.
  child1 = set(random.sample(
gen >0, new best = 195.000
gen >0, new best = 178.100
gen >0, new best = 158.400
gen >0, new best = 154.900
gen >0, new best = 138.800
gen >0, new best = 124.800
gen: 0 best: 124.8 mean: 169.48059701492537
gen >1, new best = 110.500
gen: 1 best: 110.5 mean: 168.10597014925372
gen: 2 best: 110.5 mean: 166.87462686567164
gen: 3 best: 110.5 mean: 168.6407960199005
gen: 4 best: 110.5 mean: 168.55522388059703
gen: 5 best: 110.5 mean: 165.5771144278607
gen: 6 best: 110.5 mean: 166.47064676616915
gen: 7 best: 110.5 mean: 164.26666666666668
gen: 8 best: 110.5 mean: 162.98308457711443
gen: 9 best: 110.5 mean: 164.2592039800995
gen: 10 best: 110.5 mean: 162.6681592039801
gen: 11 best: 110.5 mean: 163.06069651741294
gen: 12 best: 110.5 mean: 161.15174129353233
gen >13, new best = 109.900
gen: 13 best: 109.9 mean: 161.34925373134328
gen: 14 best: 109.9 mean: 159.4452736318408
gen: 15 best: 109.9 mean: 158.7810945273632
gen: 16 best: 109.9 mean: 157.16169154228857
gen >17, new best = 105.000
gen: 17 best: 105.0 mean: 159.43930348258706
gen: 18 best: 105.0 mean: 158.28706467661692
gen: 19 best: 105.0 mean: 156.35771144278607
gen: 20 best: 105.0 mean: 157.51144278606967
gen >21, new best = 102.200
gen: 21 best: 102.2 mean: 155.7592039800995
gen: 22 best: 102.2 mean: 157.681592039801
gen: 23 best: 102.2 mean: 155.50646766169154
gen: 24 best: 102.2 mean: 155.70547263681593
gen: 25 best: 102.2 mean: 155.46517412935324
gen: 26 best: 102.2 mean: 154.18507462686568
gen: 27 best: 102.2 mean: 152.28756218905474
gen: 28 best: 102.2 mean: 152.54427860696518
gen: 29 best: 102.2 mean: 153.59452736318408
gen: 30 best: 102.2 mean: 153.26318407960198
gen: 31 best: 102.2 mean: 152.10199004975124
gen: 32 best: 102.2 mean: 150.77562189054726
gen: 33 best: 102.2 mean: 152.70348258706468
gen: 34 best: 102.2 mean: 151.7955223880597
gen: 35 best: 102.2 mean: 151.11393034825872
gen: 36 best: 102.2 mean: 149.85174129353234
gen: 37 best: 102.2 mean: 149.98756218905473
gen: 38 best: 102.2 mean: 148.13781094527363
gen: 39 best: 102.2 mean: 148.1905472636816
gen: 40 best: 102.2 mean: 148.2094527363184
gen: 41 best: 102.2 mean: 148.72537313432835
gen: 42 best: 102.2 mean: 147.91542288557213
gen: 43 best: 102.2 mean: 146.75323383084577
gen: 44 best: 102.2 mean: 149.25273631840795
gen: 45 best: 102.2 mean: 146.5910447761194
gen: 46 best: 102.2 mean: 146.32089552238807
gen >47, new best = 98.800
gen: 47 best: 98.8 mean: 146.96069651741294
gen: 48 best: 98.8 mean: 146.8726368159204
gen: 49 best: 98.8 mean: 148.3542288557214
gen: 50 best: 98.8 mean: 146.2452736318408
gen: 51 best: 98.8 mean: 144.4910447761194
gen >52, new best = 97.100
gen: 52 best: 97.1 mean: 144.2681592039801
gen: 53 best: 97.1 mean: 145.32189054726368
gen: 54 best: 97.1 mean: 143.86318407960198
gen: 55 best: 97.1 mean: 144.1676616915423
gen: 56 best: 97.1 mean: 146.30248756218904
gen: 57 best: 97.1 mean: 143.17512437810944
gen: 58 best: 97.1 mean: 142.61194029850745
gen: 59 best: 97.1 mean: 142.83781094527365
gen: 60 best: 97.1 mean: 142.6457711442786
gen: 61 best: 97.1 mean: 143.318407960199
gen: 62 best: 97.1 mean: 142.2537313432836
gen: 63 best: 97.1 mean: 142.14378109452736
gen: 64 best: 97.1 mean: 142.38805970149255
gen: 65 best: 97.1 mean: 142.33482587064677
gen: 66 best: 97.1 mean: 143.17512437810944
gen: 67 best: 97.1 mean: 142.58507462686566
gen: 68 best: 97.1 mean: 142.71194029850747
gen: 69 best: 97.1 mean: 141.88009950248755
gen: 70 best: 97.1 mean: 141.56467661691542
gen: 71 best: 97.1 mean: 139.79900497512438
gen: 72 best: 97.1 mean: 140.5218905472637
gen: 73 best: 97.1 mean: 141.49701492537312
gen: 74 best: 97.1 mean: 141.2547263681592
gen: 75 best: 97.1 mean: 141.3542288557214
gen: 76 best: 97.1 mean: 140.8497512437811
gen: 77 best: 97.1 mean: 141.4084577114428
gen: 78 best: 97.1 mean: 141.14875621890548
gen: 79 best: 97.1 mean: 142.0676616915423
gen: 80 best: 97.1 mean: 140.08258706467663
gen >81, new best = 92.700
gen: 81 best: 92.7 mean: 139.84776119402986
gen: 82 best: 92.7 mean: 140.10796019900496
gen: 83 best: 92.7 mean: 141.1910447761194
gen: 84 best: 92.7 mean: 141.16567164179105
gen: 85 best: 92.7 mean: 139.76865671641792
gen: 86 best: 92.7 mean: 140.04676616915424
gen: 87 best: 92.7 mean: 139.27164179104477
gen: 88 best: 92.7 mean: 140.8049751243781
gen: 89 best: 92.7 mean: 139.06218905472636
gen: 90 best: 92.7 mean: 138.53532338308457
gen: 91 best: 92.7 mean: 138.76268656716417
gen: 92 best: 92.7 mean: 138.42835820895522
gen: 93 best: 92.7 mean: 139.21194029850747
gen: 94 best: 92.7 mean: 140.57462686567163
gen: 95 best: 92.7 mean: 138.7417910447761
gen: 96 best: 92.7 mean: 139.72587064676617
gen: 97 best: 92.7 mean: 138.44427860696518
gen: 98 best: 92.7 mean: 137.76716417910447
gen: 99 best: 92.7 mean: 140.05820895522388
[8, 9, 8, 9, 9, 9, 9, 11, 7, 12, 8, 11, 8, 8, 10, 13, 10, 8, 6, 6, 9, 11, 13, 8, 10, 7, 7, 7, 11, 10, 6, 11, 8, 11, 8]
Test count of edges: 481
cat
