Defaulting to user installation because normal site-packages is not writeable
Looking in links: /cvmfs/soft.computecanada.ca/custom/python/wheelhouse/gentoo/avx2, /cvmfs/soft.computecanada.ca/custom/python/wheelhouse/gentoo/generic, /cvmfs/soft.computecanada.ca/custom/python/wheelhouse/generic
Requirement already satisfied: graphviz in /home/js17sy/.local/lib/python3.10/site-packages (0.20)
347; python ga.py 19 256N_graph19.dat 0.05 0.02 0.7 0.9 0.1 201 256N_graph19mediumgen3rem70_ 485537
/project/6008788/js17sy/reopenga/256b/ga.py:291: DeprecationWarning: Sampling from a set deprecated
since Python 3.9 and will be removed in a subsequent version.
  child1 = set(random.sample(
gen >0, new best = 188.300
gen >0, new best = 166.100
gen >0, new best = 152.700
gen >0, new best = 133.800
gen >0, new best = 133.700
gen >0, new best = 119.600
gen: 0 best: 119.6 mean: 169.6679104477612
gen: 1 best: 119.6 mean: 168.8865671641791
gen: 2 best: 119.6 mean: 168.71094527363184
gen: 3 best: 119.6 mean: 167.16616915422887
gen: 4 best: 119.6 mean: 166.41243781094528
gen >5, new best = 118.600
gen: 5 best: 118.6 mean: 166.56268656716418
gen: 6 best: 118.6 mean: 165.8004975124378
gen: 7 best: 118.6 mean: 163.7308457711443
gen: 8 best: 118.6 mean: 166.4905472636816
gen: 9 best: 118.6 mean: 163.9412935323383
gen: 10 best: 118.6 mean: 162.9771144278607
gen >11, new best = 113.500
gen >11, new best = 112.300
gen >11, new best = 109.000
gen: 11 best: 109.0 mean: 160.77462686567165
gen >12, new best = 100.700
gen: 12 best: 100.7 mean: 159.81592039800995
gen: 13 best: 100.7 mean: 157.79751243781095
gen: 14 best: 100.7 mean: 159.7268656716418
gen: 15 best: 100.7 mean: 158.10796019900496
gen: 16 best: 100.7 mean: 155.61144278606966
gen >17, new best = 99.800
gen: 17 best: 99.8 mean: 158.33830845771143
gen: 18 best: 99.8 mean: 156.31741293532338
gen: 19 best: 99.8 mean: 156.9860696517413
gen: 20 best: 99.8 mean: 157.35174129353234
gen: 21 best: 99.8 mean: 155.3776119402985
gen: 22 best: 99.8 mean: 156.40646766169155
gen: 23 best: 99.8 mean: 155.26069651741292
gen: 24 best: 99.8 mean: 152.99850746268658
gen: 25 best: 99.8 mean: 152.52338308457712
gen: 26 best: 99.8 mean: 151.62487562189054
gen: 27 best: 99.8 mean: 150.936815920398
gen: 28 best: 99.8 mean: 149.99303482587064
gen: 29 best: 99.8 mean: 149.8318407960199
gen: 30 best: 99.8 mean: 150.67910447761193
gen: 31 best: 99.8 mean: 150.5776119402985
gen: 32 best: 99.8 mean: 146.16069651741293
gen: 33 best: 99.8 mean: 150.01641791044776
gen: 34 best: 99.8 mean: 148.32985074626865
gen: 35 best: 99.8 mean: 146.50049751243782
gen: 36 best: 99.8 mean: 145.9009950248756
gen: 37 best: 99.8 mean: 146.72835820895523
gen >38, new best = 94.800
gen: 38 best: 94.8 mean: 145.85174129353234
gen: 39 best: 94.8 mean: 144.84228855721392
gen: 40 best: 94.8 mean: 144.88059701492537
gen: 41 best: 94.8 mean: 143.81890547263683
gen: 42 best: 94.8 mean: 144.88358208955225
gen: 43 best: 94.8 mean: 144.7547263681592
gen: 44 best: 94.8 mean: 142.36218905472637
gen >45, new best = 83.100
gen: 45 best: 83.1 mean: 141.47562189054727
gen: 46 best: 83.1 mean: 142.4825870646766
gen: 47 best: 83.1 mean: 141.39203980099504
gen: 48 best: 83.1 mean: 141.31990049751244
gen: 49 best: 83.1 mean: 141.68059701492538
gen: 50 best: 83.1 mean: 139.85373134328358
gen >51, new best = 79.400
gen: 51 best: 79.4 mean: 136.481592039801
gen: 52 best: 79.4 mean: 139.65621890547263
gen: 53 best: 79.4 mean: 137.17462686567166
gen: 54 best: 79.4 mean: 139.41243781094528
gen: 55 best: 79.4 mean: 136.71641791044777
gen: 56 best: 79.4 mean: 137.74577114427862
gen: 57 best: 79.4 mean: 137.06169154228857
gen: 58 best: 79.4 mean: 136.06616915422885
gen: 59 best: 79.4 mean: 136.42139303482588
gen: 60 best: 79.4 mean: 136.78308457711444
gen: 61 best: 79.4 mean: 135.37562189054725
gen: 62 best: 79.4 mean: 137.2905472636816
gen: 63 best: 79.4 mean: 136.49701492537312
gen: 64 best: 79.4 mean: 133.56666666666666
gen: 65 best: 79.4 mean: 132.96616915422885
gen >66, new best = 78.400
gen: 66 best: 78.4 mean: 132.04626865671642
gen: 67 best: 78.4 mean: 133.41990049751243
gen: 68 best: 78.4 mean: 131.1174129353234
gen: 69 best: 78.4 mean: 131.9825870646766
gen: 70 best: 78.4 mean: 132.17910447761193
gen: 71 best: 78.4 mean: 131.62089552238805
gen: 72 best: 78.4 mean: 129.3462686567164
gen: 73 best: 78.4 mean: 127.60995024875622
gen: 74 best: 78.4 mean: 128.16666666666666
gen: 75 best: 78.4 mean: 129.60149253731342
gen: 76 best: 78.4 mean: 128.7776119402985
gen: 77 best: 78.4 mean: 130.3497512437811
gen >78, new best = 70.500
gen: 78 best: 70.5 mean: 128.23830845771144
gen: 79 best: 70.5 mean: 130.21144278606965
gen: 80 best: 70.5 mean: 129.92089552238807
gen: 81 best: 70.5 mean: 129.49701492537312
gen: 82 best: 70.5 mean: 127.53333333333333
gen: 83 best: 70.5 mean: 127.25572139303482
gen: 84 best: 70.5 mean: 126.41243781094528
gen: 85 best: 70.5 mean: 128.0139303482587
gen: 86 best: 70.5 mean: 129.22139303482587
gen: 87 best: 70.5 mean: 125.73681592039802
gen: 88 best: 70.5 mean: 126.86716417910448
gen: 89 best: 70.5 mean: 127.28358208955224
gen: 90 best: 70.5 mean: 127.29651741293533
gen: 91 best: 70.5 mean: 126.29850746268657
gen: 92 best: 70.5 mean: 127.33582089552239
gen: 93 best: 70.5 mean: 127.02636815920398
gen: 94 best: 70.5 mean: 126.67611940298508
gen: 95 best: 70.5 mean: 125.51542288557214
gen: 96 best: 70.5 mean: 126.33731343283581
gen: 97 best: 70.5 mean: 123.51542288557214
gen: 98 best: 70.5 mean: 127.35174129353234
gen: 99 best: 70.5 mean: 124.27462686567164
[6, 6, 8, 8, 8, 8, 6, 8, 9, 7, 5, 9, 10, 8, 7, 8, 9, 9, 7, 7, 8, 6, 9, 9, 5, 7, 8, 7, 10, 7, 9, 8, 7, 9, 8]
Test count of edges: 466
cat
