Defaulting to user installation because normal site-packages is not writeable
Looking in links: /cvmfs/soft.computecanada.ca/custom/python/wheelhouse/gentoo/avx2, /cvmfs/soft.computecanada.ca/custom/python/wheelhouse/gentoo/generic, /cvmfs/soft.computecanada.ca/custom/python/wheelhouse/generic
Requirement already satisfied: graphviz in /home/js17sy/.local/lib/python3.10/site-packages (0.20)
33; python ga.py 19 256N_graph19.dat 0.025 0.01 0.5 0.7 0.3 201 256N_graph19strictgen2rem50_ 85683
/project/6008788/js17sy/reopenga/256b/ga.py:291: DeprecationWarning: Sampling from a set deprecated
since Python 3.9 and will be removed in a subsequent version.
  child1 = set(random.sample(
gen >0, new best = 145.200
gen >0, new best = 142.400
gen >0, new best = 139.700
gen >0, new best = 137.000
gen >0, new best = 135.800
gen >0, new best = 135.200
gen >0, new best = 127.800
gen >0, new best = 126.100
gen: 0 best: 126.1 mean: 150.9407960199005
gen: 1 best: 126.1 mean: 150.62835820895523
gen >2, new best = 125.100
gen: 2 best: 125.1 mean: 149.96218905472637
gen >3, new best = 114.000
gen: 3 best: 114.0 mean: 150.55223880597015
gen: 4 best: 114.0 mean: 150.47363184079603
gen: 5 best: 114.0 mean: 149.70199004975123
gen: 6 best: 114.0 mean: 149.30447761194029
gen: 7 best: 114.0 mean: 149.2363184079602
gen: 8 best: 114.0 mean: 149.28756218905474
gen: 9 best: 114.0 mean: 148.91542288557213
gen: 10 best: 114.0 mean: 147.6328358208955
gen: 11 best: 114.0 mean: 148.33830845771143
gen: 12 best: 114.0 mean: 147.1636815920398
gen: 13 best: 114.0 mean: 148.1592039800995
gen: 14 best: 114.0 mean: 147.73034825870647
gen: 15 best: 114.0 mean: 146.58457711442787
gen >16, new best = 106.900
gen >16, new best = 105.300
gen: 16 best: 105.3 mean: 147.10646766169154
gen: 17 best: 105.3 mean: 146.90746268656716
gen: 18 best: 105.3 mean: 146.98955223880597
gen: 19 best: 105.3 mean: 148.11691542288557
gen: 20 best: 105.3 mean: 146.6273631840796
gen: 21 best: 105.3 mean: 147.018407960199
gen: 22 best: 105.3 mean: 147.01791044776118
gen: 23 best: 105.3 mean: 146.0547263681592
gen: 24 best: 105.3 mean: 144.56517412935324
gen: 25 best: 105.3 mean: 146.2308457711443
gen: 26 best: 105.3 mean: 145.34378109452737
gen: 27 best: 105.3 mean: 146.44676616915422
gen: 28 best: 105.3 mean: 146.22835820895523
gen: 29 best: 105.3 mean: 145.32587064676616
gen: 30 best: 105.3 mean: 144.40895522388058
gen: 31 best: 105.3 mean: 144.55572139303482
gen: 32 best: 105.3 mean: 145.23432835820896
gen: 33 best: 105.3 mean: 145.53731343283582
gen >34, new best = 102.300
gen: 34 best: 102.3 mean: 144.7228855721393
gen: 35 best: 102.3 mean: 145.2860696517413
gen: 36 best: 102.3 mean: 145.68855721393035
gen: 37 best: 102.3 mean: 145.11243781094527
gen: 38 best: 102.3 mean: 143.4681592039801
gen: 39 best: 102.3 mean: 143.91044776119404
gen: 40 best: 102.3 mean: 143.77910447761195
gen: 41 best: 102.3 mean: 143.75422885572138
gen: 42 best: 102.3 mean: 144.05373134328357
gen >43, new best = 100.700
gen: 43 best: 100.7 mean: 141.97661691542288
gen: 44 best: 100.7 mean: 144.89900497512437
gen: 45 best: 100.7 mean: 141.80348258706468
gen: 46 best: 100.7 mean: 143.40199004975125
gen: 47 best: 100.7 mean: 143.03383084577115
gen: 48 best: 100.7 mean: 142.2502487562189
gen: 49 best: 100.7 mean: 141.2462686567164
gen: 50 best: 100.7 mean: 142.6189054726368
gen: 51 best: 100.7 mean: 141.0512437810945
gen: 52 best: 100.7 mean: 141.7
gen >53, new best = 94.400
gen: 53 best: 94.4 mean: 141.88507462686567
gen: 54 best: 94.4 mean: 141.46069651741294
gen: 55 best: 94.4 mean: 141.15223880597014
gen: 56 best: 94.4 mean: 141.044776119403
gen: 57 best: 94.4 mean: 139.77064676616916
gen: 58 best: 94.4 mean: 139.79850746268656
gen: 59 best: 94.4 mean: 140.1587064676617
gen: 60 best: 94.4 mean: 139.09452736318408
gen: 61 best: 94.4 mean: 139.82487562189056
gen: 62 best: 94.4 mean: 140.39402985074628
gen: 63 best: 94.4 mean: 139.88756218905473
gen: 64 best: 94.4 mean: 139.26716417910447
gen: 65 best: 94.4 mean: 138.818407960199
gen: 66 best: 94.4 mean: 141.17512437810944
gen: 67 best: 94.4 mean: 138.95572139303482
gen: 68 best: 94.4 mean: 138.73383084577114
gen: 69 best: 94.4 mean: 139.00199004975124
gen: 70 best: 94.4 mean: 139.10398009950248
gen: 71 best: 94.4 mean: 139.42139303482588
gen: 72 best: 94.4 mean: 137.44228855721394
gen: 73 best: 94.4 mean: 137.44726368159203
gen: 74 best: 94.4 mean: 138.73880597014926
gen: 75 best: 94.4 mean: 138.3407960199005
gen: 76 best: 94.4 mean: 138.0960199004975
gen >77, new best = 85.500
gen: 77 best: 85.5 mean: 136.11492537313433
gen: 78 best: 85.5 mean: 136.9900497512438
gen: 79 best: 85.5 mean: 135.70646766169153
gen: 80 best: 85.5 mean: 136.20298507462687
gen: 81 best: 85.5 mean: 136.97363184079603
gen >82, new best = 81.100
gen: 82 best: 81.1 mean: 137.02089552238806
gen: 83 best: 81.1 mean: 136.66716417910447
gen: 84 best: 81.1 mean: 135.43432835820894
gen: 85 best: 81.1 mean: 134.90597014925373
gen >86, new best = 72.200
gen: 86 best: 72.2 mean: 135.49253731343285
gen: 87 best: 72.2 mean: 135.46766169154228
gen: 88 best: 72.2 mean: 134.4597014925373
gen: 89 best: 72.2 mean: 135.4094527363184
gen: 90 best: 72.2 mean: 134.6417910447761
gen: 91 best: 72.2 mean: 134.0497512437811
gen: 92 best: 72.2 mean: 133.62139303482587
gen: 93 best: 72.2 mean: 135.9313432835821
gen: 94 best: 72.2 mean: 132.5910447761194
gen: 95 best: 72.2 mean: 134.08656716417912
gen: 96 best: 72.2 mean: 134.30796019900498
gen: 97 best: 72.2 mean: 133.79701492537313
gen: 98 best: 72.2 mean: 133.96567164179103
gen: 99 best: 72.2 mean: 132.77611940298507
[15, 6, 14, 16, 14, 13, 18, 14, 10, 7, 14, 16, 11, 16, 8, 15, 13, 12, 14, 14, 13, 13, 11, 15, 14, 13, 13, 17, 16]
Test count of edges: 787
cat
