Defaulting to user installation because normal site-packages is not writeable
Looking in links: /cvmfs/soft.computecanada.ca/custom/python/wheelhouse/gentoo/avx2, /cvmfs/soft.computecanada.ca/custom/python/wheelhouse/gentoo/generic, /cvmfs/soft.computecanada.ca/custom/python/wheelhouse/generic
Requirement already satisfied: graphviz in /home/js17sy/.local/lib/python3.10/site-packages (0.20)
306; python ga.py 19 256N_graph19.dat 0.05 0.02 0.7 0.7 0.3 201 256N_graph19mediumgen2rem70_ 171366
/project/6008788/js17sy/reopenga/256b/ga.py:291: DeprecationWarning: Sampling from a set deprecated
since Python 3.9 and will be removed in a subsequent version.
  child1 = set(random.sample(
gen >0, new best = 160.000
gen >0, new best = 146.200
gen >0, new best = 144.900
gen >0, new best = 137.400
gen >0, new best = 122.300
gen: 0 best: 122.3 mean: 169.20074626865673
gen >1, new best = 109.300
gen: 1 best: 109.3 mean: 167.15572139303484
gen >2, new best = 105.500
gen: 2 best: 105.5 mean: 166.48308457711443
gen: 3 best: 105.5 mean: 167.45920398009952
gen >4, new best = 97.900
gen: 4 best: 97.9 mean: 168.01044776119403
gen: 5 best: 97.9 mean: 167.31293532338307
gen: 6 best: 97.9 mean: 168.1189054726368
gen: 7 best: 97.9 mean: 165.13681592039802
gen: 8 best: 97.9 mean: 164.8462686567164
gen: 9 best: 97.9 mean: 164.4402985074627
gen: 10 best: 97.9 mean: 165.87164179104477
gen: 11 best: 97.9 mean: 164.5402985074627
gen: 12 best: 97.9 mean: 164.1681592039801
gen >13, new best = 91.400
gen: 13 best: 91.4 mean: 164.80646766169156
gen: 14 best: 91.4 mean: 163.04427860696518
gen: 15 best: 91.4 mean: 162.2497512437811
gen: 16 best: 91.4 mean: 161.36517412935322
gen: 17 best: 91.4 mean: 163.94179104477612
gen: 18 best: 91.4 mean: 161.27462686567165
gen: 19 best: 91.4 mean: 161.31194029850747
gen: 20 best: 91.4 mean: 161.9223880597015
gen: 21 best: 91.4 mean: 162.84029850746268
gen: 22 best: 91.4 mean: 162.12686567164178
gen: 23 best: 91.4 mean: 160.68457711442787
gen: 24 best: 91.4 mean: 161.1273631840796
gen: 25 best: 91.4 mean: 159.24776119402986
gen: 26 best: 91.4 mean: 159.49900497512436
gen: 27 best: 91.4 mean: 157.76965174129353
gen: 28 best: 91.4 mean: 159.02089552238806
gen: 29 best: 91.4 mean: 158.1537313432836
gen: 30 best: 91.4 mean: 158.51990049751242
gen: 31 best: 91.4 mean: 156.0084577114428
gen: 32 best: 91.4 mean: 157.27114427860695
gen: 33 best: 91.4 mean: 157.49402985074627
gen: 34 best: 91.4 mean: 158.2865671641791
gen: 35 best: 91.4 mean: 155.77512437810944
gen: 36 best: 91.4 mean: 155.56169154228857
gen: 37 best: 91.4 mean: 157.59651741293533
gen: 38 best: 91.4 mean: 155.6233830845771
gen: 39 best: 91.4 mean: 156.4915422885572
gen: 40 best: 91.4 mean: 156.90646766169155
gen: 41 best: 91.4 mean: 155.8089552238806
gen: 42 best: 91.4 mean: 154.99850746268658
gen: 43 best: 91.4 mean: 154.79651741293532
gen: 44 best: 91.4 mean: 154.44378109452737
gen: 45 best: 91.4 mean: 153.70298507462687
gen: 46 best: 91.4 mean: 153.8094527363184
gen: 47 best: 91.4 mean: 152.20696517412935
gen: 48 best: 91.4 mean: 151.21691542288556
gen: 49 best: 91.4 mean: 152.75174129353235
gen: 50 best: 91.4 mean: 151.94875621890546
gen: 51 best: 91.4 mean: 153.57960199004975
gen: 52 best: 91.4 mean: 152.09253731343284
gen: 53 best: 91.4 mean: 152.19203980099502
gen: 54 best: 91.4 mean: 150.8582089552239
gen: 55 best: 91.4 mean: 150.41691542288558
gen: 56 best: 91.4 mean: 150.31243781094528
gen: 57 best: 91.4 mean: 149.99950248756218
gen: 58 best: 91.4 mean: 151.2417910447761
gen: 59 best: 91.4 mean: 149.57661691542287
gen: 60 best: 91.4 mean: 147.97562189054727
gen: 61 best: 91.4 mean: 147.42835820895522
gen: 62 best: 91.4 mean: 148.43482587064676
gen: 63 best: 91.4 mean: 147.60497512437811
gen: 64 best: 91.4 mean: 146.10398009950248
gen: 65 best: 91.4 mean: 146.23333333333332
gen >66, new best = 84.600
gen: 66 best: 84.6 mean: 145.67960199004975
gen: 67 best: 84.6 mean: 143.11293532338308
gen: 68 best: 84.6 mean: 145.33930348258707
gen: 69 best: 84.6 mean: 143.74726368159205
gen: 70 best: 84.6 mean: 143.69651741293532
gen: 71 best: 84.6 mean: 144.1417910447761
gen: 72 best: 84.6 mean: 144.11691542288557
gen: 73 best: 84.6 mean: 144.13482587064678
gen: 74 best: 84.6 mean: 143.95124378109452
gen: 75 best: 84.6 mean: 142.13830845771145
gen: 76 best: 84.6 mean: 140.49850746268658
gen: 77 best: 84.6 mean: 141.09004975124378
gen: 78 best: 84.6 mean: 141.98208955223882
gen: 79 best: 84.6 mean: 143.1601990049751
gen: 80 best: 84.6 mean: 142.39303482587064
gen: 81 best: 84.6 mean: 139.21940298507462
gen: 82 best: 84.6 mean: 139.9412935323383
gen >83, new best = 81.000
gen: 83 best: 81.0 mean: 138.68407960199005
gen: 84 best: 81.0 mean: 137.7268656716418
gen: 85 best: 81.0 mean: 137.8587064676617
gen: 86 best: 81.0 mean: 139.24129353233832
gen: 87 best: 81.0 mean: 137.70298507462687
gen: 88 best: 81.0 mean: 138.1228855721393
gen: 89 best: 81.0 mean: 136.85124378109452
gen: 90 best: 81.0 mean: 135.67512437810944
gen: 91 best: 81.0 mean: 137.1492537313433
gen: 92 best: 81.0 mean: 134.88706467661692
gen: 93 best: 81.0 mean: 136.98557213930349
gen: 94 best: 81.0 mean: 135.0094527363184
gen: 95 best: 81.0 mean: 136.1830845771144
gen: 96 best: 81.0 mean: 136.34875621890546
gen: 97 best: 81.0 mean: 136.86119402985074
gen: 98 best: 81.0 mean: 134.7089552238806
gen: 99 best: 81.0 mean: 137.87562189054725
[7, 5, 6, 7, 7, 7, 7, 9, 8, 9, 8, 7, 8, 9, 8, 9, 9, 7, 9, 5, 12, 8, 11, 8, 8, 8, 9, 8, 8, 7, 10, 9, 9, 8, 8]
Test count of edges: 484
cat
