Defaulting to user installation because normal site-packages is not writeable
Looking in links: /cvmfs/soft.computecanada.ca/custom/python/wheelhouse/gentoo/avx2, /cvmfs/soft.computecanada.ca/custom/python/wheelhouse/gentoo/generic, /cvmfs/soft.computecanada.ca/custom/python/wheelhouse/generic
Requirement already satisfied: graphviz in /home/js17sy/.local/lib/python3.10/site-packages (0.20)
113; python ga.py 19 256N_graph19.dat 0.025 0.01 0.7 0.5 0.5 201 256N_graph19strictgen1rem70_ 656903
/project/6008788/js17sy/reopenga/256b/ga.py:291: DeprecationWarning: Sampling from a set deprecated
since Python 3.9 and will be removed in a subsequent version.
  child1 = set(random.sample(
gen >0, new best = 133.500
gen >0, new best = 127.800
gen >0, new best = 113.700
gen >0, new best = 106.700
gen >0, new best = 84.200
gen >0, new best = 74.300
gen >0, new best = 68.200
gen: 0 best: 68.2 mean: 131.11766169154228
gen >1, new best = 67.900
gen: 1 best: 67.9 mean: 129.35721393034825
gen >2, new best = 66.300
gen: 2 best: 66.3 mean: 128.6412935323383
gen: 3 best: 66.3 mean: 128.9089552238806
gen >4, new best = 62.200
gen: 4 best: 62.2 mean: 129.82537313432834
gen: 5 best: 62.2 mean: 130.28159203980098
gen: 6 best: 62.2 mean: 127.01094527363185
gen >7, new best = 60.900
gen: 7 best: 60.9 mean: 124.08706467661692
gen: 8 best: 60.9 mean: 127.17611940298508
gen: 9 best: 60.9 mean: 127.45223880597015
gen: 10 best: 60.9 mean: 129.36318407960198
gen: 11 best: 60.9 mean: 128.2049751243781
gen: 12 best: 60.9 mean: 125.34925373134328
gen: 13 best: 60.9 mean: 126.50597014925373
gen: 14 best: 60.9 mean: 128.25273631840795
gen: 15 best: 60.9 mean: 124.4592039800995
gen: 16 best: 60.9 mean: 124.53681592039801
gen: 17 best: 60.9 mean: 123.16169154228855
gen >18, new best = 57.300
gen >18, new best = 57.100
gen: 18 best: 57.1 mean: 120.29601990049751
gen: 19 best: 57.1 mean: 122.96965174129353
gen >20, new best = 55.900
gen: 20 best: 55.9 mean: 120.936815920398
gen: 21 best: 55.9 mean: 118.42288557213931
gen: 22 best: 55.9 mean: 120.04875621890547
gen >23, new best = 49.000
gen: 23 best: 49.0 mean: 119.65572139303482
gen: 24 best: 49.0 mean: 118.20845771144279
gen >25, new best = 45.400
gen: 25 best: 45.4 mean: 113.91044776119404
gen >26, new best = 35.500
gen: 26 best: 35.5 mean: 118.41094527363184
gen: 27 best: 35.5 mean: 113.60646766169154
gen: 28 best: 35.5 mean: 111.3905472636816
gen: 29 best: 35.5 mean: 114.94875621890547
gen: 30 best: 35.5 mean: 111.5407960199005
gen: 31 best: 35.5 mean: 110.7592039800995
gen: 32 best: 35.5 mean: 107.71940298507462
gen: 33 best: 35.5 mean: 110.03432835820895
gen: 34 best: 35.5 mean: 105.11044776119402
gen >35, new best = 34.400
gen: 35 best: 34.4 mean: 108.80248756218906
gen: 36 best: 34.4 mean: 108.46766169154229
gen: 37 best: 34.4 mean: 105.81990049751244
gen: 38 best: 34.4 mean: 105.93880597014926
gen: 39 best: 34.4 mean: 102.7995024875622
gen: 40 best: 34.4 mean: 102.42985074626866
gen: 41 best: 34.4 mean: 103.39452736318408
gen >42, new best = 30.800
gen: 42 best: 30.8 mean: 105.3273631840796
gen: 43 best: 30.8 mean: 103.74328358208955
gen: 44 best: 30.8 mean: 102.65870646766169
gen: 45 best: 30.8 mean: 101.6542288557214
gen >46, new best = 29.400
gen: 46 best: 29.4 mean: 104.09701492537313
gen: 47 best: 29.4 mean: 100.89701492537313
gen: 48 best: 29.4 mean: 99.03781094527363
gen: 49 best: 29.4 mean: 101.3044776119403
gen: 50 best: 29.4 mean: 99.56517412935324
gen: 51 best: 29.4 mean: 95.20547263681593
gen: 52 best: 29.4 mean: 97.35621890547263
gen: 53 best: 29.4 mean: 97.26865671641791
gen: 54 best: 29.4 mean: 97.49353233830846
gen: 55 best: 29.4 mean: 97.38855721393035
gen: 56 best: 29.4 mean: 93.56069651741294
gen: 57 best: 29.4 mean: 98.83830845771145
gen: 58 best: 29.4 mean: 92.51194029850747
gen: 59 best: 29.4 mean: 96.281592039801
gen: 60 best: 29.4 mean: 93.50199004975124
gen: 61 best: 29.4 mean: 94.45771144278606
gen: 62 best: 29.4 mean: 93.21243781094527
gen: 63 best: 29.4 mean: 90.57960199004975
gen: 64 best: 29.4 mean: 92.6094527363184
gen: 65 best: 29.4 mean: 94.67860696517413
gen: 66 best: 29.4 mean: 92.95074626865672
gen: 67 best: 29.4 mean: 90.10597014925374
gen: 68 best: 29.4 mean: 90.18308457711443
gen: 69 best: 29.4 mean: 92.8273631840796
gen: 70 best: 29.4 mean: 92.8502487562189
gen: 71 best: 29.4 mean: 92.63582089552239
gen: 72 best: 29.4 mean: 92.11144278606965
gen: 73 best: 29.4 mean: 92.50398009950248
gen: 74 best: 29.4 mean: 92.59800995024875
gen: 75 best: 29.4 mean: 91.53781094527363
gen: 76 best: 29.4 mean: 93.24179104477612
gen: 77 best: 29.4 mean: 89.37164179104478
gen: 78 best: 29.4 mean: 91.11741293532339
gen: 79 best: 29.4 mean: 92.5726368159204
gen: 80 best: 29.4 mean: 92.38159203980099
gen: 81 best: 29.4 mean: 89.09751243781095
gen: 82 best: 29.4 mean: 90.72885572139303
gen: 83 best: 29.4 mean: 89.03482587064677
gen: 84 best: 29.4 mean: 88.85970149253731
gen: 85 best: 29.4 mean: 87.69601990049752
gen: 86 best: 29.4 mean: 89.84776119402986
gen: 87 best: 29.4 mean: 91.54626865671642
gen: 88 best: 29.4 mean: 87.86666666666666
gen: 89 best: 29.4 mean: 87.8860696517413
gen: 90 best: 29.4 mean: 90.57213930348259
gen: 91 best: 29.4 mean: 86.98109452736318
gen: 92 best: 29.4 mean: 87.67562189054726
gen: 93 best: 29.4 mean: 87.00547263681592
gen: 94 best: 29.4 mean: 90.01243781094527
gen: 95 best: 29.4 mean: 89.26616915422886
gen: 96 best: 29.4 mean: 86.636815920398
gen: 97 best: 29.4 mean: 87.07512437810945
gen: 98 best: 29.4 mean: 88.06417910447762
gen: 99 best: 29.4 mean: 87.91144278606966
[5, 13, 7, 8, 13, 7, 6, 5, 7, 8, 11, 8, 7, 14, 6, 7, 8, 5, 6, 6, 4, 7, 6, 6, 5, 8, 8, 7, 6, 7]
Test count of edges: 479
cat
