Defaulting to user installation because normal site-packages is not writeable
Looking in links: /cvmfs/soft.computecanada.ca/custom/python/wheelhouse/gentoo/avx2, /cvmfs/soft.computecanada.ca/custom/python/wheelhouse/gentoo/generic, /cvmfs/soft.computecanada.ca/custom/python/wheelhouse/generic
Requirement already satisfied: graphviz in /home/js17sy/.local/lib/python3.10/site-packages (0.20)
625; python ga.py 19 256N_graph19.dat 0.1 0.04 0.5 0.9 0.1 201 256N_graph19leerygen3rem50_ 714025
/project/6008788/js17sy/reopenga/256b/ga.py:291: DeprecationWarning: Sampling from a set deprecated
since Python 3.9 and will be removed in a subsequent version.
  child1 = set(random.sample(
gen >0, new best = 184.400
gen >0, new best = 176.100
gen >0, new best = 173.100
gen >0, new best = 171.400
gen >0, new best = 166.900
gen >0, new best = 164.300
gen: 0 best: 164.3 mean: 184.19776119402985
gen >1, new best = 161.000
gen: 1 best: 161.0 mean: 183.22388059701493
gen >2, new best = 150.800
gen: 2 best: 150.8 mean: 183.06666666666666
gen: 3 best: 150.8 mean: 182.46965174129355
gen: 4 best: 150.8 mean: 182.05671641791045
gen: 5 best: 150.8 mean: 181.88407960199004
gen: 6 best: 150.8 mean: 180.86766169154228
gen: 7 best: 150.8 mean: 181.15323383084578
gen: 8 best: 150.8 mean: 180.59701492537314
gen: 9 best: 150.8 mean: 180.18358208955223
gen: 10 best: 150.8 mean: 179.681592039801
gen: 11 best: 150.8 mean: 178.82437810945274
gen: 12 best: 150.8 mean: 178.63383084577114
gen: 13 best: 150.8 mean: 177.29651741293532
gen: 14 best: 150.8 mean: 177.4915422885572
gen: 15 best: 150.8 mean: 177.08109452736318
gen: 16 best: 150.8 mean: 176.9049751243781
gen: 17 best: 150.8 mean: 176.53084577114427
gen: 18 best: 150.8 mean: 176.12039800995024
gen: 19 best: 150.8 mean: 175.45820895522388
gen: 20 best: 150.8 mean: 175.48756218905473
gen: 21 best: 150.8 mean: 174.9945273631841
gen: 22 best: 150.8 mean: 174.10796019900496
gen: 23 best: 150.8 mean: 174.207960199005
gen: 24 best: 150.8 mean: 173.45771144278606
gen >25, new best = 147.500
gen: 25 best: 147.5 mean: 173.02338308457712
gen: 26 best: 147.5 mean: 171.91990049751243
gen >27, new best = 145.100
gen: 27 best: 145.1 mean: 172.3776119402985
gen: 28 best: 145.1 mean: 170.93333333333334
gen >29, new best = 135.000
gen: 29 best: 135.0 mean: 170.8597014925373
gen: 30 best: 135.0 mean: 171.05323383084578
gen: 31 best: 135.0 mean: 170.64427860696517
gen: 32 best: 135.0 mean: 169.5731343283582
gen: 33 best: 135.0 mean: 169.9407960199005
gen: 34 best: 135.0 mean: 169.2905472636816
gen: 35 best: 135.0 mean: 169.10248756218905
gen: 36 best: 135.0 mean: 168.84825870646767
gen: 37 best: 135.0 mean: 168.65572139303484
gen: 38 best: 135.0 mean: 169.12935323383084
gen: 39 best: 135.0 mean: 168.13283582089554
gen: 40 best: 135.0 mean: 168.3592039800995
gen: 41 best: 135.0 mean: 168.1547263681592
gen: 42 best: 135.0 mean: 167.9358208955224
gen: 43 best: 135.0 mean: 167.3179104477612
gen: 44 best: 135.0 mean: 167.1860696517413
gen: 45 best: 135.0 mean: 166.29800995024877
gen: 46 best: 135.0 mean: 167.10298507462687
gen: 47 best: 135.0 mean: 166.42437810945273
gen: 48 best: 135.0 mean: 165.08656716417912
gen: 49 best: 135.0 mean: 165.65572139303484
gen: 50 best: 135.0 mean: 165.45074626865673
gen: 51 best: 135.0 mean: 165.49751243781094
gen: 52 best: 135.0 mean: 165.126368159204
gen: 53 best: 135.0 mean: 164.75124378109453
gen: 54 best: 135.0 mean: 165.17363184079602
gen: 55 best: 135.0 mean: 164.53034825870648
gen: 56 best: 135.0 mean: 164.72587064676617
gen: 57 best: 135.0 mean: 164.2582089552239
gen: 58 best: 135.0 mean: 164.19800995024875
gen: 59 best: 135.0 mean: 164.12487562189054
gen: 60 best: 135.0 mean: 163.8955223880597
gen: 61 best: 135.0 mean: 164.48507462686567
gen: 62 best: 135.0 mean: 163.43731343283582
gen: 63 best: 135.0 mean: 163.1721393034826
gen: 64 best: 135.0 mean: 162.39452736318407
gen: 65 best: 135.0 mean: 163.05074626865672
gen: 66 best: 135.0 mean: 162.61293532338308
gen: 67 best: 135.0 mean: 162.36666666666667
gen: 68 best: 135.0 mean: 162.98955223880597
gen: 69 best: 135.0 mean: 162.9179104477612
gen: 70 best: 135.0 mean: 162.163184079602
gen: 71 best: 135.0 mean: 162.48805970149255
gen: 72 best: 135.0 mean: 161.94726368159203
gen: 73 best: 135.0 mean: 162.41492537313434
gen: 74 best: 135.0 mean: 162.0407960199005
gen: 75 best: 135.0 mean: 161.93532338308458
gen: 76 best: 135.0 mean: 161.61094527363184
gen: 77 best: 135.0 mean: 161.8955223880597
gen: 78 best: 135.0 mean: 161.78159203980098
gen: 79 best: 135.0 mean: 162.40646766169155
gen: 80 best: 135.0 mean: 161.3855721393035
gen: 81 best: 135.0 mean: 161.47412935323382
gen: 82 best: 135.0 mean: 161.2462686567164
gen: 83 best: 135.0 mean: 161.3641791044776
gen: 84 best: 135.0 mean: 162.04378109452736
gen: 85 best: 135.0 mean: 161.58855721393036
gen: 86 best: 135.0 mean: 161.97014925373134
gen: 87 best: 135.0 mean: 161.45074626865673
gen: 88 best: 135.0 mean: 161.20248756218905
gen: 89 best: 135.0 mean: 161.78308457711444
gen: 90 best: 135.0 mean: 161.2776119402985
gen: 91 best: 135.0 mean: 161.03930348258706
gen: 92 best: 135.0 mean: 160.49850746268658
gen: 93 best: 135.0 mean: 160.97661691542288
gen: 94 best: 135.0 mean: 160.96218905472637
gen: 95 best: 135.0 mean: 160.89402985074628
gen: 96 best: 135.0 mean: 160.93830845771146
gen: 97 best: 135.0 mean: 160.66915422885572
gen: 98 best: 135.0 mean: 159.8626865671642
gen: 99 best: 135.0 mean: 160.47462686567164
[9, 9, 15, 10, 11, 8, 16, 9, 13, 9, 12, 11, 9, 10, 11, 9, 10, 12, 11, 10, 9, 13, 10, 12, 9, 9, 11, 11, 11, 10, 9]
Test count of edges: 768
cat
