Defaulting to user installation because normal site-packages is not writeable
Looking in links: /cvmfs/soft.computecanada.ca/custom/python/wheelhouse/gentoo/avx2, /cvmfs/soft.computecanada.ca/custom/python/wheelhouse/gentoo/generic, /cvmfs/soft.computecanada.ca/custom/python/wheelhouse/generic
Requirement already satisfied: graphviz in /home/js17sy/.local/lib/python3.10/site-packages (0.20)
87; python ga.py 19 256N_graph19.dat 0.025 0.01 0.5 0.9 0.1 201 256N_graph19strictgen3rem50_ 771147
/project/6008788/js17sy/reopenga/256b/ga.py:291: DeprecationWarning: Sampling from a set deprecated
since Python 3.9 and will be removed in a subsequent version.
  child1 = set(random.sample(
gen >0, new best = 131.500
gen >0, new best = 130.500
gen >0, new best = 127.900
gen >0, new best = 126.700
gen >0, new best = 110.900
gen: 0 best: 110.9 mean: 150.7171641791045
gen: 1 best: 110.9 mean: 149.82537313432834
gen: 2 best: 110.9 mean: 150.36019900497513
gen: 3 best: 110.9 mean: 149.46169154228855
gen: 4 best: 110.9 mean: 148.83482587064677
gen: 5 best: 110.9 mean: 148.21940298507462
gen >6, new best = 107.800
gen: 6 best: 107.8 mean: 148.55820895522388
gen: 7 best: 107.8 mean: 148.97064676616915
gen: 8 best: 107.8 mean: 148.3597014925373
gen >9, new best = 98.400
gen: 9 best: 98.4 mean: 147.66716417910447
gen: 10 best: 98.4 mean: 146.47810945273633
gen: 11 best: 98.4 mean: 145.45174129353234
gen: 12 best: 98.4 mean: 146.83383084577113
gen: 13 best: 98.4 mean: 145.98905472636815
gen: 14 best: 98.4 mean: 146.1318407960199
gen: 15 best: 98.4 mean: 145.62437810945275
gen: 16 best: 98.4 mean: 143.80199004975125
gen: 17 best: 98.4 mean: 144.37761194029852
gen: 18 best: 98.4 mean: 143.76865671641792
gen: 19 best: 98.4 mean: 144.0681592039801
gen: 20 best: 98.4 mean: 142.81940298507462
gen: 21 best: 98.4 mean: 144.6218905472637
gen: 22 best: 98.4 mean: 142.64228855721393
gen: 23 best: 98.4 mean: 144.20646766169153
gen: 24 best: 98.4 mean: 142.8323383084577
gen: 25 best: 98.4 mean: 142.78855721393035
gen: 26 best: 98.4 mean: 142.34726368159204
gen: 27 best: 98.4 mean: 141.92985074626867
gen: 28 best: 98.4 mean: 143.0084577114428
gen >29, new best = 97.800
gen: 29 best: 97.8 mean: 141.06517412935324
gen: 30 best: 97.8 mean: 141.98855721393033
gen >31, new best = 97.400
gen: 31 best: 97.4 mean: 140.90547263681592
gen: 32 best: 97.4 mean: 140.1402985074627
gen: 33 best: 97.4 mean: 141.2721393034826
gen: 34 best: 97.4 mean: 141.69452736318408
gen: 35 best: 97.4 mean: 141.03432835820897
gen: 36 best: 97.4 mean: 141.1233830845771
gen: 37 best: 97.4 mean: 141.20597014925374
gen: 38 best: 97.4 mean: 141.43781094527364
gen: 39 best: 97.4 mean: 139.91890547263682
gen: 40 best: 97.4 mean: 140.9323383084577
gen: 41 best: 97.4 mean: 140.7592039800995
gen: 42 best: 97.4 mean: 139.95621890547264
gen: 43 best: 97.4 mean: 140.4771144278607
gen: 44 best: 97.4 mean: 139.5402985074627
gen: 45 best: 97.4 mean: 138.2995024875622
gen: 46 best: 97.4 mean: 137.5512437810945
gen: 47 best: 97.4 mean: 137.94726368159203
gen: 48 best: 97.4 mean: 139.03830845771145
gen >49, new best = 93.800
gen: 49 best: 93.8 mean: 138.81492537313432
gen: 50 best: 93.8 mean: 136.81592039800995
gen: 51 best: 93.8 mean: 138.32736318407962
gen: 52 best: 93.8 mean: 138.6731343283582
gen: 53 best: 93.8 mean: 138.45124378109452
gen: 54 best: 93.8 mean: 138.28059701492538
gen: 55 best: 93.8 mean: 138.2139303482587
gen: 56 best: 93.8 mean: 139.61492537313433
gen: 57 best: 93.8 mean: 137.626368159204
gen: 58 best: 93.8 mean: 137.4860696517413
gen: 59 best: 93.8 mean: 136.67611940298508
gen: 60 best: 93.8 mean: 138.06616915422885
gen: 61 best: 93.8 mean: 137.4039800995025
gen: 62 best: 93.8 mean: 135.2452736318408
gen: 63 best: 93.8 mean: 135.96567164179103
gen >64, new best = 90.500
gen: 64 best: 90.5 mean: 135.43980099502488
gen: 65 best: 90.5 mean: 137.74427860696517
gen: 66 best: 90.5 mean: 137.83930348258707
gen: 67 best: 90.5 mean: 136.34726368159204
gen: 68 best: 90.5 mean: 137.0094527363184
gen: 69 best: 90.5 mean: 138.30597014925374
gen >70, new best = 84.500
gen: 70 best: 84.5 mean: 135.94726368159203
gen: 71 best: 84.5 mean: 135.82089552238807
gen: 72 best: 84.5 mean: 136.79800995024877
gen: 73 best: 84.5 mean: 136.10746268656717
gen: 74 best: 84.5 mean: 134.30796019900498
gen: 75 best: 84.5 mean: 135.35671641791046
gen: 76 best: 84.5 mean: 134.81442786069653
gen: 77 best: 84.5 mean: 133.56915422885572
gen: 78 best: 84.5 mean: 134.1771144278607
gen: 79 best: 84.5 mean: 135.26268656716417
gen: 80 best: 84.5 mean: 134.5283582089552
gen: 81 best: 84.5 mean: 135.47462686567164
gen: 82 best: 84.5 mean: 135.00646766169154
gen >83, new best = 83.500
gen: 83 best: 83.5 mean: 134.36766169154228
gen: 84 best: 83.5 mean: 135.01990049751242
gen: 85 best: 83.5 mean: 136.10646766169154
gen: 86 best: 83.5 mean: 135.81144278606965
gen >87, new best = 79.500
gen: 87 best: 79.5 mean: 134.87412935323383
gen: 88 best: 79.5 mean: 134.10597014925372
gen: 89 best: 79.5 mean: 133.4313432835821
gen: 90 best: 79.5 mean: 136.29751243781095
gen: 91 best: 79.5 mean: 135.8641791044776
gen: 92 best: 79.5 mean: 133.83034825870647
gen: 93 best: 79.5 mean: 135.6731343283582
gen: 94 best: 79.5 mean: 134.00149253731342
gen: 95 best: 79.5 mean: 134.98457711442785
gen: 96 best: 79.5 mean: 132.86567164179104
gen: 97 best: 79.5 mean: 133.06119402985075
gen: 98 best: 79.5 mean: 133.36567164179104
gen: 99 best: 79.5 mean: 133.29701492537313
[12, 14, 13, 6, 13, 14, 9, 16, 14, 15, 15, 7, 14, 16, 14, 9, 17, 11, 7, 8, 13, 13, 12, 14, 15, 15]
Test count of edges: 768
cat
