Defaulting to user installation because normal site-packages is not writeable
Looking in links: /cvmfs/soft.computecanada.ca/custom/python/wheelhouse/gentoo/avx2, /cvmfs/soft.computecanada.ca/custom/python/wheelhouse/gentoo/generic, /cvmfs/soft.computecanada.ca/custom/python/wheelhouse/generic
Requirement already satisfied: graphviz in /home/js17sy/.local/lib/python3.10/site-packages (0.20)
223; python ga.py 19 256N_graph19.dat 0.05 0.02 0.5 0.7 0.3 201 256N_graph19mediumgen2rem50_ 371293
/project/6008788/js17sy/reopenga/256b/ga.py:291: DeprecationWarning: Sampling from a set deprecated
since Python 3.9 and will be removed in a subsequent version.
  child1 = set(random.sample(
gen >0, new best = 167.700
gen >0, new best = 167.100
gen >0, new best = 158.200
gen >0, new best = 156.600
gen >0, new best = 147.600
gen >0, new best = 144.000
gen: 0 best: 144.0 mean: 164.668407960199
gen: 1 best: 144.0 mean: 164.53034825870645
gen >2, new best = 142.300
gen: 2 best: 142.3 mean: 164.25124378109453
gen: 3 best: 142.3 mean: 162.25422885572138
gen: 4 best: 142.3 mean: 161.5547263681592
gen >5, new best = 140.100
gen >5, new best = 138.800
gen: 5 best: 138.8 mean: 160.8507462686567
gen: 6 best: 138.8 mean: 161.28407960199004
gen: 7 best: 138.8 mean: 160.51940298507463
gen >8, new best = 135.800
gen: 8 best: 135.8 mean: 159.37910447761195
gen >9, new best = 133.800
gen: 9 best: 133.8 mean: 158.89054726368158
gen: 10 best: 133.8 mean: 159.39452736318407
gen: 11 best: 133.8 mean: 158.3582089552239
gen: 12 best: 133.8 mean: 157.41691542288558
gen: 13 best: 133.8 mean: 156.92487562189055
gen: 14 best: 133.8 mean: 156.70149253731344
gen: 15 best: 133.8 mean: 156.01044776119403
gen: 16 best: 133.8 mean: 155.63482587064678
gen: 17 best: 133.8 mean: 154.58358208955224
gen: 18 best: 133.8 mean: 154.86467661691543
gen: 19 best: 133.8 mean: 154.3507462686567
gen: 20 best: 133.8 mean: 154.87562189054725
gen: 21 best: 133.8 mean: 153.92487562189055
gen >22, new best = 128.600
gen: 22 best: 128.6 mean: 152.6363184079602
gen: 23 best: 128.6 mean: 153.27412935323383
gen: 24 best: 128.6 mean: 152.81890547263683
gen: 25 best: 128.6 mean: 152.57412935323384
gen: 26 best: 128.6 mean: 152.1407960199005
gen: 27 best: 128.6 mean: 151.61542288557214
gen: 28 best: 128.6 mean: 151.76268656716417
gen: 29 best: 128.6 mean: 150.44626865671643
gen: 30 best: 128.6 mean: 150.87910447761195
gen: 31 best: 128.6 mean: 150.6910447761194
gen: 32 best: 128.6 mean: 150.37611940298507
gen: 33 best: 128.6 mean: 150.31144278606965
gen: 34 best: 128.6 mean: 149.51194029850745
gen: 35 best: 128.6 mean: 149.8855721393035
gen: 36 best: 128.6 mean: 149.44477611940297
gen: 37 best: 128.6 mean: 148.4542288557214
gen >38, new best = 122.500
gen: 38 best: 122.5 mean: 148.1865671641791
gen: 39 best: 122.5 mean: 147.85124378109452
gen: 40 best: 122.5 mean: 148.43830845771143
gen: 41 best: 122.5 mean: 147.74776119402986
gen: 42 best: 122.5 mean: 147.16268656716417
gen: 43 best: 122.5 mean: 146.91691542288558
gen: 44 best: 122.5 mean: 146.30597014925374
gen: 45 best: 122.5 mean: 146.43532338308458
gen: 46 best: 122.5 mean: 145.64825870646766
gen: 47 best: 122.5 mean: 146.54825870646766
gen: 48 best: 122.5 mean: 146.46268656716418
gen: 49 best: 122.5 mean: 144.43781094527364
gen: 50 best: 122.5 mean: 144.86069651741295
gen: 51 best: 122.5 mean: 144.25422885572138
gen: 52 best: 122.5 mean: 144.2268656716418
gen: 53 best: 122.5 mean: 145.29402985074626
gen: 54 best: 122.5 mean: 145.41343283582088
gen: 55 best: 122.5 mean: 144.5363184079602
gen: 56 best: 122.5 mean: 144.26318407960198
gen: 57 best: 122.5 mean: 143.9781094527363
gen: 58 best: 122.5 mean: 145.36865671641792
gen: 59 best: 122.5 mean: 144.38308457711443
gen: 60 best: 122.5 mean: 144.96119402985076
gen: 61 best: 122.5 mean: 143.46169154228855
gen: 62 best: 122.5 mean: 144.78557213930347
gen: 63 best: 122.5 mean: 144.1910447761194
gen >64, new best = 118.800
gen: 64 best: 118.8 mean: 143.2955223880597
gen: 65 best: 118.8 mean: 142.70995024875623
gen: 66 best: 118.8 mean: 143.5776119402985
gen: 67 best: 118.8 mean: 142.61144278606966
gen: 68 best: 118.8 mean: 143.64975124378108
gen >69, new best = 118.700
gen: 69 best: 118.7 mean: 142.99751243781094
gen: 70 best: 118.7 mean: 142.1686567164179
gen: 71 best: 118.7 mean: 142.94676616915422
gen: 72 best: 118.7 mean: 142.46915422885573
gen: 73 best: 118.7 mean: 142.68855721393035
gen: 74 best: 118.7 mean: 142.69701492537314
gen: 75 best: 118.7 mean: 142.3955223880597
gen: 76 best: 118.7 mean: 142.12039800995024
gen: 77 best: 118.7 mean: 142.0497512437811
gen: 78 best: 118.7 mean: 141.21194029850747
gen: 79 best: 118.7 mean: 142.1417910447761
gen: 80 best: 118.7 mean: 140.97064676616915
gen: 81 best: 118.7 mean: 140.89701492537313
gen >82, new best = 112.100
gen: 82 best: 112.1 mean: 141.1915422885572
gen: 83 best: 112.1 mean: 141.03233830845772
gen: 84 best: 112.1 mean: 141.0825870646766
gen: 85 best: 112.1 mean: 140.6402985074627
gen: 86 best: 112.1 mean: 141.32885572139304
gen: 87 best: 112.1 mean: 141.08407960199006
gen: 88 best: 112.1 mean: 141.1865671641791
gen: 89 best: 112.1 mean: 140.84378109452737
gen: 90 best: 112.1 mean: 141.45920398009952
gen: 91 best: 112.1 mean: 140.5452736318408
gen: 92 best: 112.1 mean: 140.7452736318408
gen: 93 best: 112.1 mean: 139.8726368159204
gen: 94 best: 112.1 mean: 140.06119402985075
gen: 95 best: 112.1 mean: 140.42636815920397
gen: 96 best: 112.1 mean: 140.68258706467662
gen: 97 best: 112.1 mean: 140.5328358208955
gen: 98 best: 112.1 mean: 139.58457711442787
gen: 99 best: 112.1 mean: 139.3462686567164
[11, 10, 13, 12, 11, 14, 12, 12, 12, 10, 12, 11, 10, 13, 11, 11, 12, 11, 12, 12, 10, 12, 12, 12, 12, 12, 12, 10, 10, 9, 11, 13, 11]
Test count of edges: 784
cat
