Defaulting to user installation because normal site-packages is not writeable
Looking in links: /cvmfs/soft.computecanada.ca/custom/python/wheelhouse/gentoo/avx2, /cvmfs/soft.computecanada.ca/custom/python/wheelhouse/gentoo/generic, /cvmfs/soft.computecanada.ca/custom/python/wheelhouse/generic
Requirement already satisfied: graphviz in /home/js17sy/.local/lib/python3.10/site-packages (0.20)
42; python ga.py 19 256N_graph19.dat 0.025 0.01 0.5 0.7 0.3 201 256N_graph19strictgen2rem50_ 342732
/project/6008788/js17sy/reopenga/256b/ga.py:291: DeprecationWarning: Sampling from a set deprecated
since Python 3.9 and will be removed in a subsequent version.
  child1 = set(random.sample(
gen >0, new best = 153.500
gen >0, new best = 150.900
gen >0, new best = 146.500
gen >0, new best = 143.500
gen >0, new best = 139.500
gen >0, new best = 134.700
gen >0, new best = 128.500
gen >0, new best = 123.300
gen: 0 best: 123.3 mean: 151.05273631840797
gen >1, new best = 122.500
gen: 1 best: 122.5 mean: 150.56567164179106
gen: 2 best: 122.5 mean: 151.37960199004976
gen: 3 best: 122.5 mean: 150.74378109452735
gen: 4 best: 122.5 mean: 151.21442786069653
gen: 5 best: 122.5 mean: 150.32935323383086
gen: 6 best: 122.5 mean: 151.32985074626865
gen >7, new best = 114.900
gen: 7 best: 114.9 mean: 148.8771144278607
gen >8, new best = 112.300
gen: 8 best: 112.3 mean: 149.8507462686567
gen: 9 best: 112.3 mean: 149.56169154228854
gen: 10 best: 112.3 mean: 150.69701492537314
gen >11, new best = 110.700
gen: 11 best: 110.7 mean: 149.0905472636816
gen: 12 best: 110.7 mean: 148.77810945273632
gen: 13 best: 110.7 mean: 147.72587064676617
gen: 14 best: 110.7 mean: 146.9273631840796
gen: 15 best: 110.7 mean: 147.9412935323383
gen: 16 best: 110.7 mean: 147.23034825870647
gen: 17 best: 110.7 mean: 147.8900497512438
gen: 18 best: 110.7 mean: 147.95572139303482
gen: 19 best: 110.7 mean: 147.4870646766169
gen >20, new best = 109.200
gen: 20 best: 109.2 mean: 148.0597014925373
gen: 21 best: 109.2 mean: 147.40547263681592
gen: 22 best: 109.2 mean: 146.82885572139304
gen: 23 best: 109.2 mean: 146.77462686567165
gen: 24 best: 109.2 mean: 146.6592039800995
gen: 25 best: 109.2 mean: 147.16517412935323
gen: 26 best: 109.2 mean: 146.45920398009952
gen: 27 best: 109.2 mean: 146.09800995024875
gen: 28 best: 109.2 mean: 146.2995024875622
gen: 29 best: 109.2 mean: 146.6771144278607
gen: 30 best: 109.2 mean: 146.06119402985075
gen >31, new best = 99.700
gen: 31 best: 99.7 mean: 145.32587064676616
gen: 32 best: 99.7 mean: 144.2771144278607
gen >33, new best = 99.400
gen: 33 best: 99.4 mean: 144.57363184079603
gen: 34 best: 99.4 mean: 144.74427860696517
gen: 35 best: 99.4 mean: 145.39402985074628
gen: 36 best: 99.4 mean: 144.28955223880598
gen: 37 best: 99.4 mean: 143.36119402985074
gen: 38 best: 99.4 mean: 143.01044776119403
gen: 39 best: 99.4 mean: 144.8636815920398
gen: 40 best: 99.4 mean: 143.04825870646766
gen: 41 best: 99.4 mean: 142.78159203980098
gen >42, new best = 95.100
gen: 42 best: 95.1 mean: 142.618407960199
gen: 43 best: 95.1 mean: 141.50298507462688
gen: 44 best: 95.1 mean: 142.60547263681593
gen: 45 best: 95.1 mean: 141.55522388059703
gen: 46 best: 95.1 mean: 141.27114427860695
gen >47, new best = 91.100
gen: 47 best: 91.1 mean: 140.71044776119402
gen: 48 best: 91.1 mean: 142.13930348258705
gen: 49 best: 91.1 mean: 139.89154228855722
gen: 50 best: 91.1 mean: 140.39054726368158
gen: 51 best: 91.1 mean: 140.95920398009952
gen >52, new best = 81.300
gen: 52 best: 81.3 mean: 140.6960199004975
gen: 53 best: 81.3 mean: 140.72885572139305
gen: 54 best: 81.3 mean: 138.52935323383085
gen: 55 best: 81.3 mean: 140.68706467661693
gen: 56 best: 81.3 mean: 141.41044776119404
gen: 57 best: 81.3 mean: 138.963184079602
gen: 58 best: 81.3 mean: 139.95323383084576
gen: 59 best: 81.3 mean: 139.56616915422885
gen: 60 best: 81.3 mean: 138.98009950248755
gen: 61 best: 81.3 mean: 140.09402985074627
gen: 62 best: 81.3 mean: 137.57462686567163
gen: 63 best: 81.3 mean: 139.66119402985075
gen: 64 best: 81.3 mean: 138.56965174129354
gen: 65 best: 81.3 mean: 138.00398009950248
gen: 66 best: 81.3 mean: 136.96218905472637
gen: 67 best: 81.3 mean: 136.23333333333332
gen: 68 best: 81.3 mean: 138.14427860696517
gen: 69 best: 81.3 mean: 136.8084577114428
gen: 70 best: 81.3 mean: 137.76417910447762
gen >71, new best = 80.700
gen: 71 best: 80.7 mean: 135.60149253731342
gen: 72 best: 80.7 mean: 138.83034825870647
gen >73, new best = 70.600
gen: 73 best: 70.6 mean: 134.6402985074627
gen: 74 best: 70.6 mean: 135.1950248756219
gen: 75 best: 70.6 mean: 136.54378109452736
gen: 76 best: 70.6 mean: 134.08308457711442
gen: 77 best: 70.6 mean: 135.97661691542288
gen: 78 best: 70.6 mean: 135.66268656716417
gen: 79 best: 70.6 mean: 134.1373134328358
gen: 80 best: 70.6 mean: 135.42935323383085
gen: 81 best: 70.6 mean: 133.9587064676617
gen: 82 best: 70.6 mean: 134.9825870646766
gen: 83 best: 70.6 mean: 132.97213930348258
gen: 84 best: 70.6 mean: 134.69303482587065
gen: 85 best: 70.6 mean: 132.6910447761194
gen: 86 best: 70.6 mean: 132.72985074626865
gen: 87 best: 70.6 mean: 131.99601990049752
gen: 88 best: 70.6 mean: 129.81641791044777
gen: 89 best: 70.6 mean: 131.82985074626865
gen: 90 best: 70.6 mean: 130.53034825870648
gen: 91 best: 70.6 mean: 133.50049751243782
gen: 92 best: 70.6 mean: 132.6223880597015
gen >93, new best = 69.600
gen: 93 best: 69.6 mean: 131.17263681592038
gen: 94 best: 69.6 mean: 130.77860696517413
gen: 95 best: 69.6 mean: 131.6
gen: 96 best: 69.6 mean: 132.79353233830847
gen: 97 best: 69.6 mean: 130.90696517412937
gen: 98 best: 69.6 mean: 131.66915422885572
gen: 99 best: 69.6 mean: 128.77164179104477
[4, 19, 7, 7, 7, 13, 6, 15, 14, 10, 14, 7, 9, 10, 7, 17, 7, 10, 16, 6, 14, 6, 8, 8, 15, 7, 6, 7, 15, 5, 7, 6, 6]
Test count of edges: 785
cat
