Defaulting to user installation because normal site-packages is not writeable
Looking in links: /cvmfs/soft.computecanada.ca/custom/python/wheelhouse/gentoo/avx2, /cvmfs/soft.computecanada.ca/custom/python/wheelhouse/gentoo/generic, /cvmfs/soft.computecanada.ca/custom/python/wheelhouse/generic
Requirement already satisfied: graphviz in /home/js17sy/.local/lib/python3.10/site-packages (0.20)
513; python ga.py 19 256N_graph19.dat 0.075 0.03 0.7 0.9 0.1 201 256N_graph19laxgen3rem70_ 85683
/project/6008788/js17sy/reopenga/256b/ga.py:291: DeprecationWarning: Sampling from a set deprecated
since Python 3.9 and will be removed in a subsequent version.
  child1 = set(random.sample(
gen >0, new best = 162.300
gen >0, new best = 162.200
gen >0, new best = 157.900
gen >0, new best = 156.100
gen >0, new best = 147.400
gen: 0 best: 147.4 mean: 177.95124378109452
gen: 1 best: 147.4 mean: 176.74477611940299
gen >2, new best = 145.400
gen >2, new best = 143.400
gen: 2 best: 143.4 mean: 176.09651741293533
gen: 3 best: 143.4 mean: 176.518407960199
gen: 4 best: 143.4 mean: 174.61194029850748
gen >5, new best = 135.300
gen: 5 best: 135.3 mean: 174.61592039800996
gen: 6 best: 135.3 mean: 173.99900497512436
gen >7, new best = 126.600
gen: 7 best: 126.6 mean: 173.18557213930347
gen: 8 best: 126.6 mean: 171.08756218905472
gen: 9 best: 126.6 mean: 172.1601990049751
gen: 10 best: 126.6 mean: 170.45671641791046
gen: 11 best: 126.6 mean: 171.24676616915423
gen: 12 best: 126.6 mean: 170.3636815920398
gen: 13 best: 126.6 mean: 170.9681592039801
gen: 14 best: 126.6 mean: 169.80746268656716
gen: 15 best: 126.6 mean: 167.6865671641791
gen: 16 best: 126.6 mean: 168.55671641791045
gen: 17 best: 126.6 mean: 168.45671641791046
gen: 18 best: 126.6 mean: 168.47462686567164
gen: 19 best: 126.6 mean: 166.963184079602
gen: 20 best: 126.6 mean: 166.4825870646766
gen: 21 best: 126.6 mean: 166.2308457711443
gen: 22 best: 126.6 mean: 165.20646766169153
gen: 23 best: 126.6 mean: 164.81144278606965
gen: 24 best: 126.6 mean: 165.7507462686567
gen >25, new best = 123.000
gen: 25 best: 123.0 mean: 164.18457711442787
gen: 26 best: 123.0 mean: 163.45124378109452
gen: 27 best: 123.0 mean: 162.50049751243782
gen: 28 best: 123.0 mean: 164.41243781094528
gen: 29 best: 123.0 mean: 162.7268656716418
gen: 30 best: 123.0 mean: 162.11641791044775
gen: 31 best: 123.0 mean: 162.0955223880597
gen: 32 best: 123.0 mean: 162.3626865671642
gen: 33 best: 123.0 mean: 162.36616915422886
gen: 34 best: 123.0 mean: 160.4781094527363
gen: 35 best: 123.0 mean: 160.79850746268656
gen: 36 best: 123.0 mean: 161.84577114427861
gen: 37 best: 123.0 mean: 160.87860696517413
gen: 38 best: 123.0 mean: 159.09701492537314
gen: 39 best: 123.0 mean: 159.92388059701491
gen: 40 best: 123.0 mean: 159.9900497512438
gen: 41 best: 123.0 mean: 158.90298507462686
gen: 42 best: 123.0 mean: 158.69004975124378
gen: 43 best: 123.0 mean: 160.06119402985075
gen: 44 best: 123.0 mean: 159.381592039801
gen: 45 best: 123.0 mean: 159.47512437810946
gen: 46 best: 123.0 mean: 158.86716417910446
gen: 47 best: 123.0 mean: 159.32437810945274
gen >48, new best = 118.800
gen: 48 best: 118.8 mean: 159.26467661691544
gen: 49 best: 118.8 mean: 157.07661691542287
gen: 50 best: 118.8 mean: 157.94776119402985
gen: 51 best: 118.8 mean: 157.69552238805971
gen: 52 best: 118.8 mean: 155.7363184079602
gen: 53 best: 118.8 mean: 156.56218905472636
gen: 54 best: 118.8 mean: 157.18756218905472
gen: 55 best: 118.8 mean: 156.20696517412935
gen >56, new best = 110.200
gen: 56 best: 110.2 mean: 157.86169154228855
gen: 57 best: 110.2 mean: 156.1492537313433
gen: 58 best: 110.2 mean: 154.36169154228855
gen: 59 best: 110.2 mean: 155.37412935323383
gen: 60 best: 110.2 mean: 155.8323383084577
gen: 61 best: 110.2 mean: 155.48557213930349
gen: 62 best: 110.2 mean: 155.21592039800996
gen: 63 best: 110.2 mean: 154.2636815920398
gen: 64 best: 110.2 mean: 154.76169154228856
gen: 65 best: 110.2 mean: 154.84378109452737
gen: 66 best: 110.2 mean: 154.27462686567165
gen: 67 best: 110.2 mean: 154.24278606965174
gen: 68 best: 110.2 mean: 153.3134328358209
gen: 69 best: 110.2 mean: 153.40746268656716
gen: 70 best: 110.2 mean: 153.31243781094528
gen: 71 best: 110.2 mean: 153.3766169154229
gen: 72 best: 110.2 mean: 153.53084577114427
gen: 73 best: 110.2 mean: 152.93283582089552
gen: 74 best: 110.2 mean: 152.4870646766169
gen: 75 best: 110.2 mean: 152.82935323383086
gen: 76 best: 110.2 mean: 153.06915422885572
gen >77, new best = 108.400
gen: 77 best: 108.4 mean: 152.86666666666667
gen: 78 best: 108.4 mean: 151.53233830845772
gen: 79 best: 108.4 mean: 150.78905472636816
gen: 80 best: 108.4 mean: 151.03930348258706
gen: 81 best: 108.4 mean: 151.34378109452737
gen >82, new best = 106.900
gen: 82 best: 106.9 mean: 149.544776119403
gen: 83 best: 106.9 mean: 150.36965174129352
gen: 84 best: 106.9 mean: 151.01094527363185
gen: 85 best: 106.9 mean: 149.86218905472637
gen: 86 best: 106.9 mean: 150.66517412935323
gen: 87 best: 106.9 mean: 149.5228855721393
gen: 88 best: 106.9 mean: 151.06716417910448
gen: 89 best: 106.9 mean: 150.5820895522388
gen: 90 best: 106.9 mean: 151.20199004975123
gen: 91 best: 106.9 mean: 150.57960199004975
gen: 92 best: 106.9 mean: 149.74378109452735
gen: 93 best: 106.9 mean: 151.19203980099502
gen: 94 best: 106.9 mean: 150.01990049751242
gen: 95 best: 106.9 mean: 150.27611940298507
gen: 96 best: 106.9 mean: 149.22139303482587
gen: 97 best: 106.9 mean: 147.6547263681592
gen: 98 best: 106.9 mean: 149.00149253731342
gen: 99 best: 106.9 mean: 149.35621890547264
[9, 8, 10, 7, 8, 9, 9, 7, 9, 10, 9, 9, 7, 7, 9, 9, 8, 6, 7, 9, 10, 9, 8, 7, 7, 7, 10, 7, 6, 8, 8, 9, 8, 9, 8, 7, 8]
Test count of edges: 464
cat
