Defaulting to user installation because normal site-packages is not writeable
Looking in links: /cvmfs/soft.computecanada.ca/custom/python/wheelhouse/gentoo/avx2, /cvmfs/soft.computecanada.ca/custom/python/wheelhouse/gentoo/generic, /cvmfs/soft.computecanada.ca/custom/python/wheelhouse/generic
Requirement already satisfied: graphviz in /home/js17sy/.local/lib/python3.10/site-packages (0.20)
189; python ga.py 19 256N_graph19.dat 0.05 0.02 0.5 0.5 0.5 201 256N_graph19mediumgen1rem50_ 257049
/project/6008788/js17sy/reopenga/256b/ga.py:291: DeprecationWarning: Sampling from a set deprecated
since Python 3.9 and will be removed in a subsequent version.
  child1 = set(random.sample(
gen >0, new best = 147.200
gen >0, new best = 144.700
gen: 0 best: 144.7 mean: 164.7049751243781
gen >1, new best = 142.000
gen: 1 best: 142.0 mean: 163.5457711442786
gen: 2 best: 142.0 mean: 162.26318407960198
gen: 3 best: 142.0 mean: 163.59004975124378
gen >4, new best = 140.500
gen >4, new best = 139.000
gen >4, new best = 138.400
gen: 4 best: 138.4 mean: 161.10945273631842
gen >5, new best = 137.600
gen: 5 best: 137.6 mean: 160.91442786069652
gen: 6 best: 137.6 mean: 160.5218905472637
gen: 7 best: 137.6 mean: 159.10149253731342
gen: 8 best: 137.6 mean: 160.0731343283582
gen: 9 best: 137.6 mean: 160.3
gen: 10 best: 137.6 mean: 160.17611940298508
gen: 11 best: 137.6 mean: 160.19402985074626
gen: 12 best: 137.6 mean: 159.98955223880597
gen: 13 best: 137.6 mean: 158.50149253731342
gen: 14 best: 137.6 mean: 158.2950248756219
gen: 15 best: 137.6 mean: 158.71641791044777
gen: 16 best: 137.6 mean: 158.4129353233831
gen: 17 best: 137.6 mean: 158.34925373134328
gen >18, new best = 137.300
gen: 18 best: 137.3 mean: 156.3865671641791
gen >19, new best = 133.200
gen: 19 best: 133.2 mean: 156.90149253731343
gen: 20 best: 133.2 mean: 156.2910447761194
gen: 21 best: 133.2 mean: 156.7094527363184
gen >22, new best = 132.500
gen: 22 best: 132.5 mean: 156.6174129353234
gen: 23 best: 132.5 mean: 156.07910447761193
gen: 24 best: 132.5 mean: 155.80199004975125
gen: 25 best: 132.5 mean: 155.6915422885572
gen >26, new best = 124.800
gen: 26 best: 124.8 mean: 155.79452736318407
gen: 27 best: 124.8 mean: 154.52437810945273
gen: 28 best: 124.8 mean: 154.44328358208955
gen: 29 best: 124.8 mean: 153.06666666666666
gen: 30 best: 124.8 mean: 153.96567164179103
gen: 31 best: 124.8 mean: 153.69850746268656
gen: 32 best: 124.8 mean: 153.32388059701492
gen: 33 best: 124.8 mean: 153.7855721393035
gen: 34 best: 124.8 mean: 152.7820895522388
gen: 35 best: 124.8 mean: 153.3398009950249
gen: 36 best: 124.8 mean: 152.16915422885572
gen: 37 best: 124.8 mean: 151.3268656716418
gen: 38 best: 124.8 mean: 151.52885572139303
gen: 39 best: 124.8 mean: 153.0283582089552
gen: 40 best: 124.8 mean: 151.15124378109454
gen: 41 best: 124.8 mean: 151.14328358208957
gen: 42 best: 124.8 mean: 151.70746268656717
gen: 43 best: 124.8 mean: 150.47910447761194
gen: 44 best: 124.8 mean: 150.36567164179104
gen: 45 best: 124.8 mean: 151.5402985074627
gen: 46 best: 124.8 mean: 150.4358208955224
gen: 47 best: 124.8 mean: 150.7810945273632
gen: 48 best: 124.8 mean: 149.76517412935323
gen: 49 best: 124.8 mean: 150.6766169154229
gen: 50 best: 124.8 mean: 150.1915422885572
gen: 51 best: 124.8 mean: 149.77064676616916
gen: 52 best: 124.8 mean: 149.1228855721393
gen: 53 best: 124.8 mean: 149.83383084577113
gen: 54 best: 124.8 mean: 150.126368159204
gen: 55 best: 124.8 mean: 149.94328358208955
gen: 56 best: 124.8 mean: 150.1915422885572
gen: 57 best: 124.8 mean: 150.15124378109454
gen: 58 best: 124.8 mean: 149.8910447761194
gen: 59 best: 124.8 mean: 149.88507462686567
gen: 60 best: 124.8 mean: 149.21194029850747
gen: 61 best: 124.8 mean: 148.93283582089552
gen: 62 best: 124.8 mean: 149.84925373134328
gen: 63 best: 124.8 mean: 149.90646766169155
gen: 64 best: 124.8 mean: 148.98407960199006
gen: 65 best: 124.8 mean: 148.08905472636815
gen: 66 best: 124.8 mean: 148.09303482587066
gen: 67 best: 124.8 mean: 147.77860696517413
gen: 68 best: 124.8 mean: 147.41542288557213
gen: 69 best: 124.8 mean: 146.89253731343283
gen >70, new best = 124.600
gen: 70 best: 124.6 mean: 147.5089552238806
gen: 71 best: 124.6 mean: 146.54776119402985
gen >72, new best = 120.200
gen: 72 best: 120.2 mean: 146.69253731343284
gen: 73 best: 120.2 mean: 146.29452736318407
gen: 74 best: 120.2 mean: 147.0089552238806
gen: 75 best: 120.2 mean: 146.49601990049752
gen: 76 best: 120.2 mean: 146.62935323383084
gen: 77 best: 120.2 mean: 146.40796019900498
gen: 78 best: 120.2 mean: 146.85024875621892
gen: 79 best: 120.2 mean: 146.0990049751244
gen: 80 best: 120.2 mean: 145.9412935323383
gen: 81 best: 120.2 mean: 146.06517412935324
gen: 82 best: 120.2 mean: 146.46766169154228
gen: 83 best: 120.2 mean: 146.6502487562189
gen: 84 best: 120.2 mean: 145.86666666666667
gen: 85 best: 120.2 mean: 145.66616915422887
gen: 86 best: 120.2 mean: 146.2417910447761
gen: 87 best: 120.2 mean: 145.68557213930347
gen: 88 best: 120.2 mean: 145.79253731343283
gen: 89 best: 120.2 mean: 145.37462686567164
gen: 90 best: 120.2 mean: 145.98308457711443
gen: 91 best: 120.2 mean: 145.7094527363184
gen: 92 best: 120.2 mean: 145.85771144278607
gen: 93 best: 120.2 mean: 145.1492537313433
gen: 94 best: 120.2 mean: 145.59452736318408
gen: 95 best: 120.2 mean: 145.48756218905473
gen: 96 best: 120.2 mean: 144.96666666666667
gen: 97 best: 120.2 mean: 144.66616915422887
gen: 98 best: 120.2 mean: 144.4915422885572
gen: 99 best: 120.2 mean: 143.8497512437811
[13, 12, 11, 13, 11, 10, 13, 11, 12, 11, 11, 11, 13, 12, 12, 14, 13, 11, 11, 12, 10, 10, 12, 15, 12, 12, 11, 11, 12, 12, 10, 9, 11]
Test count of edges: 798
cat
