Defaulting to user installation because normal site-packages is not writeable
Looking in links: /cvmfs/soft.computecanada.ca/custom/python/wheelhouse/gentoo/avx2, /cvmfs/soft.computecanada.ca/custom/python/wheelhouse/gentoo/generic, /cvmfs/soft.computecanada.ca/custom/python/wheelhouse/generic
Requirement already satisfied: graphviz in /home/js17sy/.local/lib/python3.10/site-packages (0.20)
274; python ga.py 19 256N_graph19.dat 0.05 0.02 0.7 0.5 0.5 201 256N_graph19mediumgen1rem70_ 114244
/project/6008788/js17sy/reopenga/256b/ga.py:291: DeprecationWarning: Sampling from a set deprecated
since Python 3.9 and will be removed in a subsequent version.
  child1 = set(random.sample(
gen >0, new best = 150.100
gen >0, new best = 146.600
gen >0, new best = 136.900
gen >0, new best = 136.400
gen >0, new best = 134.600
gen: 0 best: 134.6 mean: 168.53855721393035
gen >1, new best = 133.000
gen >1, new best = 121.900
gen: 1 best: 121.9 mean: 167.89651741293534
gen: 2 best: 121.9 mean: 168.04079601990048
gen: 3 best: 121.9 mean: 168.4268656716418
gen: 4 best: 121.9 mean: 166.87910447761195
gen: 5 best: 121.9 mean: 164.98308457711443
gen: 6 best: 121.9 mean: 164.3865671641791
gen >7, new best = 121.100
gen: 7 best: 121.1 mean: 163.96019900497512
gen: 8 best: 121.1 mean: 164.63034825870648
gen: 9 best: 121.1 mean: 161.88706467661692
gen >10, new best = 114.000
gen: 10 best: 114.0 mean: 159.17412935323384
gen: 11 best: 114.0 mean: 158.463184079602
gen >12, new best = 112.800
gen: 12 best: 112.8 mean: 159.18706467661693
gen >13, new best = 110.200
gen: 13 best: 110.2 mean: 159.0218905472637
gen: 14 best: 110.2 mean: 158.70149253731344
gen: 15 best: 110.2 mean: 157.2492537313433
gen: 16 best: 110.2 mean: 156.5860696517413
gen: 17 best: 110.2 mean: 154.31243781094528
gen: 18 best: 110.2 mean: 155.38855721393034
gen >19, new best = 104.400
gen: 19 best: 104.4 mean: 155.955223880597
gen: 20 best: 104.4 mean: 154.75970149253732
gen: 21 best: 104.4 mean: 155.5094527363184
gen >22, new best = 94.700
gen: 22 best: 94.7 mean: 155.8781094527363
gen: 23 best: 94.7 mean: 155.7820895522388
gen: 24 best: 94.7 mean: 155.00348258706467
gen: 25 best: 94.7 mean: 153.9452736318408
gen: 26 best: 94.7 mean: 153.4716417910448
gen: 27 best: 94.7 mean: 153.56915422885572
gen: 28 best: 94.7 mean: 153.69552238805971
gen: 29 best: 94.7 mean: 155.13432835820896
gen: 30 best: 94.7 mean: 155.0273631840796
gen: 31 best: 94.7 mean: 152.8626865671642
gen: 32 best: 94.7 mean: 151.45273631840797
gen: 33 best: 94.7 mean: 152.08955223880596
gen: 34 best: 94.7 mean: 150.64975124378108
gen: 35 best: 94.7 mean: 149.25572139303483
gen: 36 best: 94.7 mean: 149.8820895522388
gen: 37 best: 94.7 mean: 149.38706467661692
gen: 38 best: 94.7 mean: 147.1547263681592
gen: 39 best: 94.7 mean: 149.04278606965175
gen: 40 best: 94.7 mean: 148.9731343283582
gen: 41 best: 94.7 mean: 148.73830845771144
gen: 42 best: 94.7 mean: 149.59452736318408
gen: 43 best: 94.7 mean: 150.33532338308459
gen: 44 best: 94.7 mean: 147.144776119403
gen: 45 best: 94.7 mean: 147.82437810945274
gen: 46 best: 94.7 mean: 148.09950248756218
gen: 47 best: 94.7 mean: 148.6771144278607
gen: 48 best: 94.7 mean: 147.80646766169153
gen: 49 best: 94.7 mean: 147.41343283582088
gen: 50 best: 94.7 mean: 149.66268656716417
gen: 51 best: 94.7 mean: 146.53830845771145
gen: 52 best: 94.7 mean: 148.7860696517413
gen: 53 best: 94.7 mean: 146.40348258706467
gen: 54 best: 94.7 mean: 146.8507462686567
gen: 55 best: 94.7 mean: 148.10099502487563
gen: 56 best: 94.7 mean: 146.63781094527363
gen: 57 best: 94.7 mean: 147.25721393034826
gen: 58 best: 94.7 mean: 147.90796019900498
gen: 59 best: 94.7 mean: 145.8407960199005
gen: 60 best: 94.7 mean: 148.7776119402985
gen: 61 best: 94.7 mean: 146.563184079602
gen >62, new best = 81.000
gen: 62 best: 81.0 mean: 144.8268656716418
gen: 63 best: 81.0 mean: 147.47114427860697
gen: 64 best: 81.0 mean: 143.90248756218907
gen: 65 best: 81.0 mean: 143.82736318407962
gen: 66 best: 81.0 mean: 144.08955223880596
gen: 67 best: 81.0 mean: 144.4547263681592
gen: 68 best: 81.0 mean: 144.5089552238806
gen: 69 best: 81.0 mean: 144.54278606965175
gen: 70 best: 81.0 mean: 142.24726368159205
gen: 71 best: 81.0 mean: 143.67611940298508
gen: 72 best: 81.0 mean: 143.1273631840796
gen: 73 best: 81.0 mean: 143.28009950248756
gen: 74 best: 81.0 mean: 141.81940298507462
gen: 75 best: 81.0 mean: 144.1273631840796
gen: 76 best: 81.0 mean: 143.26716417910447
gen: 77 best: 81.0 mean: 142.126368159204
gen: 78 best: 81.0 mean: 142.15174129353233
gen: 79 best: 81.0 mean: 141.37960199004976
gen: 80 best: 81.0 mean: 141.44626865671643
gen: 81 best: 81.0 mean: 142.06218905472636
gen: 82 best: 81.0 mean: 142.72935323383084
gen: 83 best: 81.0 mean: 142.19353233830847
gen: 84 best: 81.0 mean: 139.7
gen: 85 best: 81.0 mean: 139.74825870646765
gen: 86 best: 81.0 mean: 140.18955223880596
gen: 87 best: 81.0 mean: 140.61044776119402
gen: 88 best: 81.0 mean: 139.19701492537314
gen: 89 best: 81.0 mean: 138.518407960199
gen: 90 best: 81.0 mean: 137.77562189054726
gen: 91 best: 81.0 mean: 138.4049751243781
gen: 92 best: 81.0 mean: 138.7592039800995
gen: 93 best: 81.0 mean: 137.8363184079602
gen: 94 best: 81.0 mean: 137.81641791044777
gen: 95 best: 81.0 mean: 136.66915422885572
gen: 96 best: 81.0 mean: 136.07014925373133
gen: 97 best: 81.0 mean: 135.5990049751244
gen: 98 best: 81.0 mean: 136.563184079602
gen: 99 best: 81.0 mean: 137.19701492537314
[9, 7, 9, 10, 9, 5, 8, 8, 7, 8, 7, 9, 9, 10, 8, 6, 10, 10, 10, 7, 8, 8, 8, 9, 9, 11, 8, 9, 9, 8, 4, 9, 8, 9, 6, 9, 7]
Test count of edges: 488
cat
