Defaulting to user installation because normal site-packages is not writeable
Looking in links: /cvmfs/soft.computecanada.ca/custom/python/wheelhouse/gentoo/avx2, /cvmfs/soft.computecanada.ca/custom/python/wheelhouse/gentoo/generic, /cvmfs/soft.computecanada.ca/custom/python/wheelhouse/generic
Requirement already satisfied: graphviz in /home/js17sy/.local/lib/python3.10/site-packages (0.20)
379; python ga.py 19 256N_graph19.dat 0.075 0.03 0.5 0.5 0.5 201 256N_graph19laxgen1rem50_ 542659
/project/6008788/js17sy/reopenga/256b/ga.py:291: DeprecationWarning: Sampling from a set deprecated
since Python 3.9 and will be removed in a subsequent version.
  child1 = set(random.sample(
gen >0, new best = 171.300
gen >0, new best = 168.600
gen >0, new best = 165.800
gen >0, new best = 162.400
gen >0, new best = 162.000
gen >0, new best = 155.700
gen: 0 best: 155.7 mean: 174.29378109452736
gen: 1 best: 155.7 mean: 173.65572139303484
gen: 2 best: 155.7 mean: 172.97363184079603
gen >3, new best = 153.600
gen: 3 best: 153.6 mean: 172.73980099502486
gen >4, new best = 151.500
gen >4, new best = 149.700
gen: 4 best: 149.7 mean: 171.89203980099504
gen: 5 best: 149.7 mean: 170.79004975124377
gen: 6 best: 149.7 mean: 170.30597014925374
gen >7, new best = 147.400
gen: 7 best: 147.4 mean: 170.8820895522388
gen: 8 best: 147.4 mean: 169.3228855721393
gen >9, new best = 141.600
gen: 9 best: 141.6 mean: 169.7318407960199
gen: 10 best: 141.6 mean: 168.3592039800995
gen: 11 best: 141.6 mean: 168.03333333333333
gen: 12 best: 141.6 mean: 166.96268656716418
gen: 13 best: 141.6 mean: 165.71144278606965
gen: 14 best: 141.6 mean: 165.5089552238806
gen: 15 best: 141.6 mean: 164.4497512437811
gen >16, new best = 141.400
gen: 16 best: 141.4 mean: 164.05771144278606
gen: 17 best: 141.4 mean: 163.0721393034826
gen: 18 best: 141.4 mean: 163.67114427860696
gen: 19 best: 141.4 mean: 162.59701492537314
gen >20, new best = 140.500
gen: 20 best: 140.5 mean: 163.3323383084577
gen: 21 best: 140.5 mean: 161.89502487562189
gen: 22 best: 140.5 mean: 161.20746268656717
gen >23, new best = 139.300
gen >23, new best = 136.800
gen: 23 best: 136.8 mean: 161.73333333333332
gen: 24 best: 136.8 mean: 160.9084577114428
gen: 25 best: 136.8 mean: 160.9223880597015
gen: 26 best: 136.8 mean: 160.98955223880597
gen: 27 best: 136.8 mean: 160.8318407960199
gen: 28 best: 136.8 mean: 159.98009950248755
gen: 29 best: 136.8 mean: 160.14875621890548
gen: 30 best: 136.8 mean: 159.97412935323382
gen: 31 best: 136.8 mean: 160.48059701492537
gen: 32 best: 136.8 mean: 159.64626865671642
gen: 33 best: 136.8 mean: 159.07860696517412
gen: 34 best: 136.8 mean: 159.46467661691543
gen: 35 best: 136.8 mean: 158.4
gen: 36 best: 136.8 mean: 158.43383084577115
gen: 37 best: 136.8 mean: 158.4497512437811
gen: 38 best: 136.8 mean: 158.09253731343284
gen: 39 best: 136.8 mean: 158.05273631840797
gen: 40 best: 136.8 mean: 158.04875621890548
gen >41, new best = 136.500
gen: 41 best: 136.5 mean: 157.52587064676618
gen: 42 best: 136.5 mean: 157.42039800995025
gen: 43 best: 136.5 mean: 157.4641791044776
gen: 44 best: 136.5 mean: 156.7910447761194
gen: 45 best: 136.5 mean: 156.72189054726368
gen: 46 best: 136.5 mean: 156.66616915422887
gen >47, new best = 134.100
gen: 47 best: 134.1 mean: 156.09402985074627
gen: 48 best: 134.1 mean: 155.8681592039801
gen: 49 best: 134.1 mean: 155.29402985074626
gen: 50 best: 134.1 mean: 156.10547263681593
gen: 51 best: 134.1 mean: 155.82089552238807
gen: 52 best: 134.1 mean: 155.65621890547263
gen >53, new best = 134.000
gen: 53 best: 134.0 mean: 155.28507462686568
gen: 54 best: 134.0 mean: 155.28407960199004
gen: 55 best: 134.0 mean: 155.9278606965174
gen: 56 best: 134.0 mean: 155.32935323383086
gen: 57 best: 134.0 mean: 155.99203980099503
gen: 58 best: 134.0 mean: 155.1004975124378
gen: 59 best: 134.0 mean: 155.15522388059702
gen >60, new best = 133.600
gen: 60 best: 133.6 mean: 155.49601990049752
gen: 61 best: 133.6 mean: 155.70099502487562
gen: 62 best: 133.6 mean: 155.02885572139303
gen: 63 best: 133.6 mean: 154.43930348258706
gen: 64 best: 133.6 mean: 156.00497512437812
gen: 65 best: 133.6 mean: 154.29452736318407
gen: 66 best: 133.6 mean: 154.93084577114428
gen: 67 best: 133.6 mean: 154.67562189054726
gen >68, new best = 132.800
gen: 68 best: 132.8 mean: 154.32189054726368
gen: 69 best: 132.8 mean: 154.33432835820895
gen: 70 best: 132.8 mean: 154.17263681592038
gen: 71 best: 132.8 mean: 154.42935323383085
gen: 72 best: 132.8 mean: 154.07014925373133
gen: 73 best: 132.8 mean: 153.70746268656717
gen: 74 best: 132.8 mean: 154.19552238805971
gen: 75 best: 132.8 mean: 153.6905472636816
gen: 76 best: 132.8 mean: 153.77611940298507
gen >77, new best = 130.800
gen: 77 best: 130.8 mean: 153.79004975124377
gen: 78 best: 130.8 mean: 153.92039800995025
gen: 79 best: 130.8 mean: 153.41343283582088
gen >80, new best = 128.400
gen: 80 best: 128.4 mean: 153.06119402985075
gen: 81 best: 128.4 mean: 153.52786069651742
gen: 82 best: 128.4 mean: 153.53333333333333
gen: 83 best: 128.4 mean: 153.18905472636817
gen: 84 best: 128.4 mean: 152.7308457711443
gen: 85 best: 128.4 mean: 152.59651741293533
gen: 86 best: 128.4 mean: 153.01094527363185
gen: 87 best: 128.4 mean: 153.126368159204
gen: 88 best: 128.4 mean: 152.85621890547264
gen: 89 best: 128.4 mean: 152.50398009950248
gen: 90 best: 128.4 mean: 152.41144278606964
gen: 91 best: 128.4 mean: 153.06069651741294
gen: 92 best: 128.4 mean: 152.8507462686567
gen: 93 best: 128.4 mean: 153.41990049751243
gen: 94 best: 128.4 mean: 153.46218905472637
gen: 95 best: 128.4 mean: 153.2233830845771
gen: 96 best: 128.4 mean: 152.7910447761194
gen: 97 best: 128.4 mean: 152.87164179104477
gen: 98 best: 128.4 mean: 153.44427860696518
gen: 99 best: 128.4 mean: 153.22487562189056
[13, 11, 12, 9, 9, 10, 9, 8, 9, 10, 9, 9, 11, 10, 12, 11, 11, 11, 11, 10, 10, 13, 10, 11, 12, 10, 10, 10, 10, 12, 9, 10, 9, 11]
Test count of edges: 796
cat
