Defaulting to user installation because normal site-packages is not writeable
Looking in links: /cvmfs/soft.computecanada.ca/custom/python/wheelhouse/gentoo/avx2, /cvmfs/soft.computecanada.ca/custom/python/wheelhouse/gentoo/generic, /cvmfs/soft.computecanada.ca/custom/python/wheelhouse/generic
Requirement already satisfied: graphviz in /home/js17sy/.local/lib/python3.10/site-packages (0.20)
130; python ga.py 19 256N_graph19.dat 0.025 0.01 0.7 0.7 0.3 201 256N_graph19strictgen2rem70_ 285610
/project/6008788/js17sy/reopenga/256b/ga.py:291: DeprecationWarning: Sampling from a set deprecated
since Python 3.9 and will be removed in a subsequent version.
  child1 = set(random.sample(
gen >0, new best = 123.200
gen >0, new best = 106.500
gen >0, new best = 99.900
gen >0, new best = 96.100
gen >0, new best = 78.400
gen >0, new best = 76.700
gen >0, new best = 63.000
gen: 0 best: 63.0 mean: 130.20721393034825
gen: 1 best: 63.0 mean: 128.99900497512436
gen: 2 best: 63.0 mean: 128.9731343283582
gen: 3 best: 63.0 mean: 127.4273631840796
gen >4, new best = 61.300
gen: 4 best: 61.3 mean: 128.00248756218906
gen: 5 best: 61.3 mean: 125.86069651741293
gen: 6 best: 61.3 mean: 129.96567164179103
gen >7, new best = 60.800
gen: 7 best: 60.8 mean: 127.76069651741294
gen: 8 best: 60.8 mean: 126.80845771144278
gen: 9 best: 60.8 mean: 128.12686567164178
gen: 10 best: 60.8 mean: 124.09054726368159
gen: 11 best: 60.8 mean: 126.22189054726368
gen: 12 best: 60.8 mean: 126.64726368159204
gen: 13 best: 60.8 mean: 123.38557213930348
gen: 14 best: 60.8 mean: 124.0228855721393
gen: 15 best: 60.8 mean: 123.93930348258706
gen >16, new best = 57.400
gen: 16 best: 57.4 mean: 118.67462686567164
gen >17, new best = 42.300
gen: 17 best: 42.3 mean: 121.76666666666667
gen: 18 best: 42.3 mean: 118.23731343283582
gen: 19 best: 42.3 mean: 121.32487562189054
gen: 20 best: 42.3 mean: 117.50746268656717
gen: 21 best: 42.3 mean: 116.51542288557214
gen: 22 best: 42.3 mean: 116.46716417910447
gen: 23 best: 42.3 mean: 116.70298507462687
gen: 24 best: 42.3 mean: 116.86417910447761
gen: 25 best: 42.3 mean: 114.98855721393035
gen: 26 best: 42.3 mean: 115.03532338308457
gen: 27 best: 42.3 mean: 113.61990049751243
gen: 28 best: 42.3 mean: 114.3860696517413
gen: 29 best: 42.3 mean: 112.44676616915423
gen: 30 best: 42.3 mean: 115.68258706467661
gen: 31 best: 42.3 mean: 111.59253731343284
gen: 32 best: 42.3 mean: 110.15820895522388
gen: 33 best: 42.3 mean: 111.62487562189055
gen >34, new best = 37.600
gen: 34 best: 37.6 mean: 115.04776119402985
gen: 35 best: 37.6 mean: 109.35223880597015
gen: 36 best: 37.6 mean: 109.86119402985075
gen: 37 best: 37.6 mean: 111.42487562189055
gen: 38 best: 37.6 mean: 110.24477611940299
gen: 39 best: 37.6 mean: 109.8268656716418
gen: 40 best: 37.6 mean: 111.61940298507463
gen: 41 best: 37.6 mean: 110.32189054726368
gen: 42 best: 37.6 mean: 110.21592039800996
gen: 43 best: 37.6 mean: 111.20696517412935
gen: 44 best: 37.6 mean: 110.87860696517413
gen: 45 best: 37.6 mean: 108.08955223880596
gen: 46 best: 37.6 mean: 108.19253731343284
gen: 47 best: 37.6 mean: 109.8636815920398
gen: 48 best: 37.6 mean: 106.97960199004976
gen: 49 best: 37.6 mean: 107.1044776119403
gen: 50 best: 37.6 mean: 107.40995024875622
gen: 51 best: 37.6 mean: 107.64776119402985
gen: 52 best: 37.6 mean: 106.71293532338308
gen: 53 best: 37.6 mean: 109.93582089552238
gen: 54 best: 37.6 mean: 107.76616915422886
gen >55, new best = 29.200
gen: 55 best: 29.2 mean: 104.65771144278607
gen: 56 best: 29.2 mean: 108.27611940298507
gen: 57 best: 29.2 mean: 106.38109452736319
gen: 58 best: 29.2 mean: 106.69402985074628
gen: 59 best: 29.2 mean: 106.11094527363184
gen: 60 best: 29.2 mean: 104.39800995024875
gen: 61 best: 29.2 mean: 105.30199004975124
gen: 62 best: 29.2 mean: 106.44228855721393
gen: 63 best: 29.2 mean: 102.65572139303482
gen: 64 best: 29.2 mean: 99.98059701492538
gen: 65 best: 29.2 mean: 100.60497512437811
gen: 66 best: 29.2 mean: 101.30845771144278
gen: 67 best: 29.2 mean: 100.95124378109453
gen: 68 best: 29.2 mean: 101.06915422885572
gen: 69 best: 29.2 mean: 102.63084577114428
gen: 70 best: 29.2 mean: 102.70149253731343
gen: 71 best: 29.2 mean: 101.43333333333334
gen: 72 best: 29.2 mean: 100.95223880597015
gen: 73 best: 29.2 mean: 102.64726368159204
gen: 74 best: 29.2 mean: 101.22587064676617
gen: 75 best: 29.2 mean: 100.59701492537313
gen: 76 best: 29.2 mean: 100.45074626865672
gen: 77 best: 29.2 mean: 98.72089552238806
gen: 78 best: 29.2 mean: 103.97014925373135
gen: 79 best: 29.2 mean: 98.42388059701493
gen: 80 best: 29.2 mean: 98.2358208955224
gen: 81 best: 29.2 mean: 97.75323383084577
gen: 82 best: 29.2 mean: 99.40597014925373
gen: 83 best: 29.2 mean: 96.92238805970149
gen: 84 best: 29.2 mean: 95.81343283582089
gen: 85 best: 29.2 mean: 101.88407960199005
gen: 86 best: 29.2 mean: 100.40547263681592
gen: 87 best: 29.2 mean: 96.55671641791045
gen: 88 best: 29.2 mean: 99.11492537313433
gen: 89 best: 29.2 mean: 97.29751243781095
gen: 90 best: 29.2 mean: 98.0636815920398
gen: 91 best: 29.2 mean: 98.2179104477612
gen: 92 best: 29.2 mean: 93.1363184079602
gen: 93 best: 29.2 mean: 91.6044776119403
gen: 94 best: 29.2 mean: 93.84626865671642
gen: 95 best: 29.2 mean: 93.44726368159203
gen: 96 best: 29.2 mean: 95.09950248756219
gen: 97 best: 29.2 mean: 92.04676616915422
gen: 98 best: 29.2 mean: 96.18059701492537
gen: 99 best: 29.2 mean: 97.28358208955224
[6, 10, 4, 10, 4, 8, 7, 10, 8, 9, 7, 12, 6, 7, 6, 5, 8, 7, 5, 5, 6, 7, 7, 10, 7, 7, 6, 16, 8, 6]
Test count of edges: 474
cat
