Defaulting to user installation because normal site-packages is not writeable
Looking in links: /cvmfs/soft.computecanada.ca/custom/python/wheelhouse/gentoo/avx2, /cvmfs/soft.computecanada.ca/custom/python/wheelhouse/gentoo/generic, /cvmfs/soft.computecanada.ca/custom/python/wheelhouse/generic
Requirement already satisfied: graphviz in /home/js17sy/.local/lib/python3.10/site-packages (0.20)
652; python ga.py 19 256N_graph19.dat 0.1 0.04 0.7 0.5 0.5 201 256N_graph19leerygen1rem70_ 628342
/project/6008788/js17sy/reopenga/256b/ga.py:291: DeprecationWarning: Sampling from a set deprecated
since Python 3.9 and will be removed in a subsequent version.
  child1 = set(random.sample(
gen >0, new best = 191.600
gen >0, new best = 182.100
gen >0, new best = 178.300
gen >0, new best = 161.900
gen >0, new best = 160.600
gen: 0 best: 160.6 mean: 186.394776119403
gen >1, new best = 160.200
gen: 1 best: 160.2 mean: 184.955223880597
gen >2, new best = 152.700
gen: 2 best: 152.7 mean: 184.39751243781095
gen >3, new best = 149.700
gen: 3 best: 149.7 mean: 184.7995024875622
gen: 4 best: 149.7 mean: 184.26417910447762
gen: 5 best: 149.7 mean: 183.49203980099503
gen: 6 best: 149.7 mean: 183.5726368159204
gen: 7 best: 149.7 mean: 181.81940298507462
gen: 8 best: 149.7 mean: 181.50248756218906
gen: 9 best: 149.7 mean: 181.96965174129352
gen: 10 best: 149.7 mean: 182.09850746268657
gen: 11 best: 149.7 mean: 180.81243781094528
gen: 12 best: 149.7 mean: 181.1452736318408
gen: 13 best: 149.7 mean: 181.9323383084577
gen: 14 best: 149.7 mean: 180.49900497512436
gen: 15 best: 149.7 mean: 178.98756218905473
gen: 16 best: 149.7 mean: 178.98208955223882
gen: 17 best: 149.7 mean: 178.69402985074626
gen: 18 best: 149.7 mean: 179.51194029850745
gen: 19 best: 149.7 mean: 178.3582089552239
gen: 20 best: 149.7 mean: 177.45820895522388
gen: 21 best: 149.7 mean: 177.91243781094528
gen >22, new best = 142.100
gen: 22 best: 142.1 mean: 178.10746268656717
gen: 23 best: 142.1 mean: 176.98407960199006
gen: 24 best: 142.1 mean: 177.10248756218905
gen: 25 best: 142.1 mean: 175.48208955223882
gen: 26 best: 142.1 mean: 176.64726368159205
gen: 27 best: 142.1 mean: 176.1273631840796
gen: 28 best: 142.1 mean: 174.8955223880597
gen: 29 best: 142.1 mean: 176.481592039801
gen: 30 best: 142.1 mean: 176.27910447761195
gen: 31 best: 142.1 mean: 175.53432835820897
gen: 32 best: 142.1 mean: 175.32089552238807
gen: 33 best: 142.1 mean: 175.9502487562189
gen: 34 best: 142.1 mean: 175.15174129353233
gen: 35 best: 142.1 mean: 175.67064676616914
gen: 36 best: 142.1 mean: 175.5283582089552
gen: 37 best: 142.1 mean: 175.18407960199005
gen: 38 best: 142.1 mean: 173.62835820895523
gen >39, new best = 140.100
gen: 39 best: 140.1 mean: 173.836815920398
gen: 40 best: 140.1 mean: 173.50049751243782
gen: 41 best: 140.1 mean: 174.29850746268656
gen: 42 best: 140.1 mean: 173.6174129353234
gen: 43 best: 140.1 mean: 172.81144278606965
gen: 44 best: 140.1 mean: 172.26169154228856
gen: 45 best: 140.1 mean: 173.31542288557213
gen: 46 best: 140.1 mean: 172.9268656716418
gen: 47 best: 140.1 mean: 173.45323383084576
gen: 48 best: 140.1 mean: 172.72388059701493
gen: 49 best: 140.1 mean: 172.15223880597014
gen: 50 best: 140.1 mean: 173.3134328358209
gen: 51 best: 140.1 mean: 173.02388059701494
gen: 52 best: 140.1 mean: 172.34328358208955
gen: 53 best: 140.1 mean: 172.9039800995025
gen: 54 best: 140.1 mean: 171.92089552238807
gen: 55 best: 140.1 mean: 172.30298507462686
gen: 56 best: 140.1 mean: 171.84477611940298
gen: 57 best: 140.1 mean: 171.58258706467663
gen: 58 best: 140.1 mean: 172.60497512437811
gen: 59 best: 140.1 mean: 172.10547263681593
gen: 60 best: 140.1 mean: 171.20995024875623
gen: 61 best: 140.1 mean: 171.92437810945273
gen >62, new best = 137.100
gen: 62 best: 137.1 mean: 170.855223880597
gen: 63 best: 137.1 mean: 171.26865671641792
gen: 64 best: 137.1 mean: 169.86467661691543
gen: 65 best: 137.1 mean: 170.11194029850745
gen: 66 best: 137.1 mean: 169.49402985074627
gen: 67 best: 137.1 mean: 169.17910447761193
gen: 68 best: 137.1 mean: 169.7537313432836
gen: 69 best: 137.1 mean: 169.1905472636816
gen: 70 best: 137.1 mean: 168.27412935323383
gen: 71 best: 137.1 mean: 168.99651741293533
gen: 72 best: 137.1 mean: 168.33731343283583
gen: 73 best: 137.1 mean: 168.14776119402984
gen: 74 best: 137.1 mean: 169.43084577114428
gen: 75 best: 137.1 mean: 168.88457711442786
gen: 76 best: 137.1 mean: 168.24825870646765
gen >77, new best = 135.200
gen: 77 best: 135.2 mean: 167.50796019900497
gen: 78 best: 135.2 mean: 168.07412935323384
gen: 79 best: 135.2 mean: 168.30746268656716
gen: 80 best: 135.2 mean: 167.24228855721393
gen: 81 best: 135.2 mean: 166.92587064676616
gen: 82 best: 135.2 mean: 167.21194029850747
gen: 83 best: 135.2 mean: 166.25124378109453
gen: 84 best: 135.2 mean: 166.7
gen: 85 best: 135.2 mean: 167.10248756218905
gen: 86 best: 135.2 mean: 166.0
gen: 87 best: 135.2 mean: 166.33482587064677
gen: 88 best: 135.2 mean: 166.37860696517413
gen: 89 best: 135.2 mean: 164.8965174129353
gen: 90 best: 135.2 mean: 165.91592039800994
gen: 91 best: 135.2 mean: 163.74825870646765
gen: 92 best: 135.2 mean: 165.47562189054727
gen: 93 best: 135.2 mean: 165.5457711442786
gen: 94 best: 135.2 mean: 165.4641791044776
gen: 95 best: 135.2 mean: 164.78507462686568
gen: 96 best: 135.2 mean: 165.87164179104477
gen: 97 best: 135.2 mean: 164.67860696517414
gen: 98 best: 135.2 mean: 165.07014925373133
gen: 99 best: 135.2 mean: 164.74676616915423
[6, 9, 9, 9, 6, 8, 8, 9, 14, 8, 9, 6, 7, 7, 8, 7, 7, 10, 7, 9, 10, 5, 7, 7, 8, 6, 7, 9, 7, 8, 9, 9, 7, 5, 9, 7, 8, 9]
Test count of edges: 497
cat
