Defaulting to user installation because normal site-packages is not writeable
Looking in links: /cvmfs/soft.computecanada.ca/custom/python/wheelhouse/gentoo/avx2, /cvmfs/soft.computecanada.ca/custom/python/wheelhouse/gentoo/generic, /cvmfs/soft.computecanada.ca/custom/python/wheelhouse/generic
Requirement already satisfied: graphviz in /home/js17sy/.local/lib/python3.10/site-packages (0.20)
648; python ga.py 19 256N_graph19.dat 0.1 0.04 0.7 0.5 0.5 201 256N_graph19leerygen1rem70_ 514098
/project/6008788/js17sy/reopenga/256b/ga.py:291: DeprecationWarning: Sampling from a set deprecated
since Python 3.9 and will be removed in a subsequent version.
  child1 = set(random.sample(
gen >0, new best = 192.800
gen >0, new best = 183.900
gen >0, new best = 177.600
gen >0, new best = 177.500
gen >0, new best = 168.800
gen >0, new best = 165.300
gen: 0 best: 165.3 mean: 186.5139303482587
gen >1, new best = 161.800
gen >1, new best = 161.700
gen >1, new best = 147.100
gen: 1 best: 147.1 mean: 186.51492537313433
gen >2, new best = 146.100
gen: 2 best: 146.1 mean: 185.46666666666667
gen: 3 best: 146.1 mean: 185.11641791044775
gen: 4 best: 146.1 mean: 185.23930348258708
gen: 5 best: 146.1 mean: 184.71741293532338
gen: 6 best: 146.1 mean: 183.8223880597015
gen: 7 best: 146.1 mean: 183.5592039800995
gen: 8 best: 146.1 mean: 183.57462686567163
gen: 9 best: 146.1 mean: 181.56218905472636
gen: 10 best: 146.1 mean: 181.90746268656716
gen: 11 best: 146.1 mean: 181.65970149253732
gen: 12 best: 146.1 mean: 181.5686567164179
gen: 13 best: 146.1 mean: 179.99701492537312
gen: 14 best: 146.1 mean: 179.75771144278607
gen: 15 best: 146.1 mean: 180.10248756218905
gen: 16 best: 146.1 mean: 179.79253731343283
gen: 17 best: 146.1 mean: 177.39701492537313
gen: 18 best: 146.1 mean: 177.42935323383085
gen: 19 best: 146.1 mean: 176.7
gen: 20 best: 146.1 mean: 176.6452736318408
gen: 21 best: 146.1 mean: 176.9089552238806
gen: 22 best: 146.1 mean: 177.21592039800996
gen: 23 best: 146.1 mean: 175.89900497512437
gen: 24 best: 146.1 mean: 176.29800995024877
gen: 25 best: 146.1 mean: 176.2721393034826
gen: 26 best: 146.1 mean: 175.6218905472637
gen: 27 best: 146.1 mean: 176.60248756218905
gen: 28 best: 146.1 mean: 175.5771144278607
gen: 29 best: 146.1 mean: 175.2547263681592
gen: 30 best: 146.1 mean: 175.12686567164178
gen >31, new best = 142.700
gen: 31 best: 142.7 mean: 174.81442786069653
gen: 32 best: 142.7 mean: 174.2233830845771
gen: 33 best: 142.7 mean: 174.55621890547263
gen: 34 best: 142.7 mean: 174.56019900497512
gen: 35 best: 142.7 mean: 174.02139303482588
gen: 36 best: 142.7 mean: 173.65522388059702
gen: 37 best: 142.7 mean: 173.51144278606967
gen: 38 best: 142.7 mean: 173.70646766169153
gen: 39 best: 142.7 mean: 172.9402985074627
gen: 40 best: 142.7 mean: 173.4358208955224
gen: 41 best: 142.7 mean: 173.20845771144278
gen: 42 best: 142.7 mean: 173.118407960199
gen: 43 best: 142.7 mean: 172.97611940298506
gen: 44 best: 142.7 mean: 172.62587064676617
gen: 45 best: 142.7 mean: 172.13134328358208
gen: 46 best: 142.7 mean: 172.4457711442786
gen: 47 best: 142.7 mean: 171.81094527363183
gen: 48 best: 142.7 mean: 171.4268656716418
gen: 49 best: 142.7 mean: 172.18059701492538
gen: 50 best: 142.7 mean: 171.90696517412934
gen >51, new best = 139.200
gen: 51 best: 139.2 mean: 171.5587064676617
gen: 52 best: 139.2 mean: 170.8626865671642
gen: 53 best: 139.2 mean: 172.10646766169154
gen: 54 best: 139.2 mean: 170.66716417910447
gen: 55 best: 139.2 mean: 170.4497512437811
gen: 56 best: 139.2 mean: 171.0771144278607
gen: 57 best: 139.2 mean: 171.2417910447761
gen: 58 best: 139.2 mean: 170.41592039800994
gen: 59 best: 139.2 mean: 170.91094527363185
gen: 60 best: 139.2 mean: 170.6044776119403
gen: 61 best: 139.2 mean: 170.97910447761194
gen: 62 best: 139.2 mean: 171.14378109452736
gen: 63 best: 139.2 mean: 171.0870646766169
gen: 64 best: 139.2 mean: 169.74825870646765
gen: 65 best: 139.2 mean: 170.273631840796
gen: 66 best: 139.2 mean: 169.61592039800996
gen: 67 best: 139.2 mean: 169.87412935323383
gen: 68 best: 139.2 mean: 169.97661691542288
gen: 69 best: 139.2 mean: 170.25223880597014
gen: 70 best: 139.2 mean: 169.8597014925373
gen: 71 best: 139.2 mean: 169.40995024875622
gen: 72 best: 139.2 mean: 169.96467661691543
gen: 73 best: 139.2 mean: 168.69253731343284
gen: 74 best: 139.2 mean: 168.8278606965174
gen: 75 best: 139.2 mean: 170.21492537313432
gen: 76 best: 139.2 mean: 169.70099502487562
gen: 77 best: 139.2 mean: 168.95074626865673
gen: 78 best: 139.2 mean: 168.82935323383086
gen: 79 best: 139.2 mean: 168.52437810945273
gen: 80 best: 139.2 mean: 169.50796019900497
gen: 81 best: 139.2 mean: 168.75621890547265
gen >82, new best = 136.000
gen: 82 best: 136.0 mean: 169.17860696517414
gen: 83 best: 136.0 mean: 169.61990049751245
gen: 84 best: 136.0 mean: 168.97114427860697
gen: 85 best: 136.0 mean: 168.88507462686567
gen: 86 best: 136.0 mean: 168.8313432835821
gen: 87 best: 136.0 mean: 169.19004975124378
gen: 88 best: 136.0 mean: 168.0915422885572
gen: 89 best: 136.0 mean: 168.1820895522388
gen: 90 best: 136.0 mean: 168.28159203980098
gen: 91 best: 136.0 mean: 167.37114427860698
gen: 92 best: 136.0 mean: 167.88855721393034
gen: 93 best: 136.0 mean: 168.46965174129352
gen: 94 best: 136.0 mean: 166.98805970149255
gen: 95 best: 136.0 mean: 166.7417910447761
gen: 96 best: 136.0 mean: 167.58407960199006
gen: 97 best: 136.0 mean: 166.87960199004976
gen: 98 best: 136.0 mean: 166.6995024875622
gen: 99 best: 136.0 mean: 166.34278606965174
[9, 10, 6, 9, 8, 9, 7, 9, 8, 9, 8, 10, 9, 8, 7, 8, 7, 6, 7, 8, 10, 8, 5, 7, 9, 8, 10, 7, 10, 7, 7, 9]
Test count of edges: 497
cat
