Defaulting to user installation because normal site-packages is not writeable
Looking in links: /cvmfs/soft.computecanada.ca/custom/python/wheelhouse/gentoo/avx2, /cvmfs/soft.computecanada.ca/custom/python/wheelhouse/gentoo/generic, /cvmfs/soft.computecanada.ca/custom/python/wheelhouse/generic
Requirement already satisfied: graphviz in /home/js17sy/.local/lib/python3.10/site-packages (0.20)
170; python ga.py 19 256N_graph19.dat 0.025 0.01 0.7 0.9 0.1 201 256N_graph19strictgen3rem70_ 571220
/project/6008788/js17sy/reopenga/256b/ga.py:291: DeprecationWarning: Sampling from a set deprecated
since Python 3.9 and will be removed in a subsequent version.
  child1 = set(random.sample(
gen >0, new best = 132.700
gen >0, new best = 124.200
gen >0, new best = 84.500
gen >0, new best = 83.000
gen >0, new best = 82.700
gen: 0 best: 82.7 mean: 132.20174129353234
gen >1, new best = 80.700
gen >1, new best = 69.800
gen: 1 best: 69.8 mean: 128.75124378109453
gen: 2 best: 69.8 mean: 126.82636815920398
gen: 3 best: 69.8 mean: 128.3781094527363
gen: 4 best: 69.8 mean: 127.56218905472637
gen: 5 best: 69.8 mean: 126.87810945273633
gen >6, new best = 62.200
gen >6, new best = 60.500
gen: 6 best: 60.5 mean: 128.98358208955224
gen: 7 best: 60.5 mean: 128.7228855721393
gen: 8 best: 60.5 mean: 128.9597014925373
gen: 9 best: 60.5 mean: 127.71641791044776
gen: 10 best: 60.5 mean: 125.52437810945274
gen: 11 best: 60.5 mean: 123.6592039800995
gen: 12 best: 60.5 mean: 123.74676616915423
gen >13, new best = 58.500
gen: 13 best: 58.5 mean: 121.48109452736318
gen: 14 best: 58.5 mean: 124.42935323383085
gen: 15 best: 58.5 mean: 125.30796019900498
gen >16, new best = 57.100
gen: 16 best: 57.1 mean: 122.82139303482587
gen: 17 best: 57.1 mean: 122.4820895522388
gen >18, new best = 55.300
gen: 18 best: 55.3 mean: 119.73233830845771
gen >19, new best = 50.800
gen: 19 best: 50.8 mean: 120.87860696517413
gen: 20 best: 50.8 mean: 119.54228855721394
gen: 21 best: 50.8 mean: 119.92786069651741
gen: 22 best: 50.8 mean: 122.15522388059702
gen: 23 best: 50.8 mean: 118.64726368159204
gen: 24 best: 50.8 mean: 115.87910447761195
gen >25, new best = 50.700
gen: 25 best: 50.7 mean: 117.27960199004976
gen: 26 best: 50.7 mean: 117.05721393034825
gen: 27 best: 50.7 mean: 117.4771144278607
gen: 28 best: 50.7 mean: 114.20746268656717
gen: 29 best: 50.7 mean: 116.83532338308457
gen: 30 best: 50.7 mean: 114.31194029850747
gen >31, new best = 39.500
gen: 31 best: 39.5 mean: 113.88557213930348
gen: 32 best: 39.5 mean: 112.2407960199005
gen: 33 best: 39.5 mean: 113.22686567164179
gen: 34 best: 39.5 mean: 109.09900497512437
gen: 35 best: 39.5 mean: 107.70945273631841
gen: 36 best: 39.5 mean: 107.20995024875621
gen: 37 best: 39.5 mean: 109.936815920398
gen: 38 best: 39.5 mean: 103.89651741293532
gen: 39 best: 39.5 mean: 109.11542288557214
gen: 40 best: 39.5 mean: 104.59402985074627
gen >41, new best = 34.800
gen >41, new best = 34.500
gen: 41 best: 34.5 mean: 103.30398009950248
gen: 42 best: 34.5 mean: 106.20547263681593
gen: 43 best: 34.5 mean: 103.88308457711443
gen: 44 best: 34.5 mean: 103.03482587064677
gen: 45 best: 34.5 mean: 102.98606965174129
gen: 46 best: 34.5 mean: 103.54378109452736
gen: 47 best: 34.5 mean: 102.09701492537313
gen: 48 best: 34.5 mean: 101.37114427860696
gen: 49 best: 34.5 mean: 100.13930348258707
gen: 50 best: 34.5 mean: 95.8726368159204
gen: 51 best: 34.5 mean: 99.56517412935324
gen: 52 best: 34.5 mean: 96.63432835820896
gen: 53 best: 34.5 mean: 94.61840796019901
gen: 54 best: 34.5 mean: 97.07562189054727
gen: 55 best: 34.5 mean: 91.50199004975124
gen: 56 best: 34.5 mean: 99.25074626865671
gen >57, new best = 33.200
gen: 57 best: 33.2 mean: 96.89701492537313
gen: 58 best: 33.2 mean: 96.21542288557214
gen: 59 best: 33.2 mean: 91.5915422885572
gen: 60 best: 33.2 mean: 93.83781094527363
gen: 61 best: 33.2 mean: 96.7
gen: 62 best: 33.2 mean: 94.16616915422885
gen >63, new best = 29.700
gen: 63 best: 29.7 mean: 86.35422885572139
gen: 64 best: 29.7 mean: 84.95870646766168
gen: 65 best: 29.7 mean: 86.44477611940299
gen: 66 best: 29.7 mean: 91.64029850746269
gen: 67 best: 29.7 mean: 88.5636815920398
gen >68, new best = 27.400
gen: 68 best: 27.4 mean: 89.33532338308457
gen: 69 best: 27.4 mean: 89.7955223880597
gen: 70 best: 27.4 mean: 89.00248756218906
gen: 71 best: 27.4 mean: 89.49651741293532
gen: 72 best: 27.4 mean: 88.22835820895523
gen: 73 best: 27.4 mean: 88.44378109452737
gen: 74 best: 27.4 mean: 87.51641791044776
gen: 75 best: 27.4 mean: 86.60149253731343
gen: 76 best: 27.4 mean: 86.22238805970149
gen: 77 best: 27.4 mean: 88.64726368159204
gen: 78 best: 27.4 mean: 86.01293532338309
gen: 79 best: 27.4 mean: 84.57810945273631
gen: 80 best: 27.4 mean: 86.12985074626866
gen: 81 best: 27.4 mean: 84.06218905472637
gen: 82 best: 27.4 mean: 82.46915422885571
gen: 83 best: 27.4 mean: 81.88507462686567
gen: 84 best: 27.4 mean: 81.85273631840796
gen: 85 best: 27.4 mean: 83.95124378109453
gen: 86 best: 27.4 mean: 81.86119402985075
gen: 87 best: 27.4 mean: 81.1363184079602
gen: 88 best: 27.4 mean: 84.28109452736318
gen: 89 best: 27.4 mean: 79.17910447761194
gen: 90 best: 27.4 mean: 81.55422885572139
gen: 91 best: 27.4 mean: 82.69452736318408
gen: 92 best: 27.4 mean: 82.40796019900498
gen: 93 best: 27.4 mean: 83.22835820895523
gen: 94 best: 27.4 mean: 80.518407960199
gen: 95 best: 27.4 mean: 82.43333333333334
gen: 96 best: 27.4 mean: 79.34925373134328
gen: 97 best: 27.4 mean: 80.39452736318408
gen: 98 best: 27.4 mean: 84.02935323383085
gen: 99 best: 27.4 mean: 81.53582089552239
[7, 6, 10, 10, 7, 6, 6, 6, 9, 6, 7, 5, 6, 7, 5, 13, 4, 8, 6, 6, 9, 6, 6, 4, 10, 6, 6, 4, 7, 7]
Test count of edges: 464
cat
