Defaulting to user installation because normal site-packages is not writeable
Looking in links: /cvmfs/soft.computecanada.ca/custom/python/wheelhouse/gentoo/avx2, /cvmfs/soft.computecanada.ca/custom/python/wheelhouse/gentoo/generic, /cvmfs/soft.computecanada.ca/custom/python/wheelhouse/generic
Requirement already satisfied: graphviz in /home/js17sy/.local/lib/python3.10/site-packages (0.20)
517; python ga.py 19 256N_graph19.dat 0.075 0.03 0.7 0.9 0.1 201 256N_graph19laxgen3rem70_ 199927
/project/6008788/js17sy/reopenga/256b/ga.py:291: DeprecationWarning: Sampling from a set deprecated
since Python 3.9 and will be removed in a subsequent version.
  child1 = set(random.sample(
gen >0, new best = 161.400
gen >0, new best = 150.400
gen >0, new best = 149.400
gen >0, new best = 140.500
gen: 0 best: 140.5 mean: 177.51442786069651
gen: 1 best: 140.5 mean: 177.87313432835822
gen >2, new best = 138.300
gen: 2 best: 138.3 mean: 176.32835820895522
gen: 3 best: 138.3 mean: 174.77910447761195
gen: 4 best: 138.3 mean: 173.57114427860697
gen >5, new best = 138.200
gen: 5 best: 138.2 mean: 175.07014925373133
gen: 6 best: 138.2 mean: 171.69701492537314
gen: 7 best: 138.2 mean: 172.23333333333332
gen: 8 best: 138.2 mean: 171.45373134328358
gen: 9 best: 138.2 mean: 170.49203980099503
gen >10, new best = 134.300
gen: 10 best: 134.3 mean: 169.71592039800996
gen: 11 best: 134.3 mean: 171.05820895522388
gen: 12 best: 134.3 mean: 169.22089552238805
gen: 13 best: 134.3 mean: 169.00199004975124
gen >14, new best = 132.500
gen: 14 best: 132.5 mean: 167.80646766169156
gen: 15 best: 132.5 mean: 167.23283582089553
gen: 16 best: 132.5 mean: 165.72089552238805
gen: 17 best: 132.5 mean: 167.06467661691542
gen: 18 best: 132.5 mean: 165.7950248756219
gen: 19 best: 132.5 mean: 165.4129353233831
gen: 20 best: 132.5 mean: 164.9716417910448
gen >21, new best = 120.000
gen: 21 best: 120.0 mean: 164.62487562189054
gen: 22 best: 120.0 mean: 164.92985074626867
gen: 23 best: 120.0 mean: 165.17910447761193
gen: 24 best: 120.0 mean: 163.78059701492538
gen: 25 best: 120.0 mean: 161.94179104477612
gen: 26 best: 120.0 mean: 163.09751243781093
gen: 27 best: 120.0 mean: 160.97512437810946
gen: 28 best: 120.0 mean: 162.6228855721393
gen: 29 best: 120.0 mean: 161.00049751243782
gen: 30 best: 120.0 mean: 159.0273631840796
gen: 31 best: 120.0 mean: 159.75671641791044
gen: 32 best: 120.0 mean: 159.71641791044777
gen: 33 best: 120.0 mean: 159.19452736318408
gen: 34 best: 120.0 mean: 157.86567164179104
gen: 35 best: 120.0 mean: 157.96965174129352
gen: 36 best: 120.0 mean: 157.09751243781093
gen: 37 best: 120.0 mean: 159.13233830845772
gen: 38 best: 120.0 mean: 157.48457711442785
gen: 39 best: 120.0 mean: 158.05323383084578
gen: 40 best: 120.0 mean: 157.50746268656715
gen: 41 best: 120.0 mean: 157.32736318407962
gen: 42 best: 120.0 mean: 155.95621890547264
gen: 43 best: 120.0 mean: 156.98955223880597
gen: 44 best: 120.0 mean: 156.75671641791044
gen >45, new best = 119.800
gen: 45 best: 119.8 mean: 157.71840796019902
gen >46, new best = 119.600
gen: 46 best: 119.6 mean: 156.19203980099502
gen: 47 best: 119.6 mean: 155.57164179104478
gen: 48 best: 119.6 mean: 155.6134328358209
gen: 49 best: 119.6 mean: 156.12139303482587
gen: 50 best: 119.6 mean: 154.72587064676617
gen: 51 best: 119.6 mean: 156.18457711442787
gen: 52 best: 119.6 mean: 155.46069651741294
gen: 53 best: 119.6 mean: 154.78955223880598
gen: 54 best: 119.6 mean: 154.9318407960199
gen: 55 best: 119.6 mean: 155.2308457711443
gen: 56 best: 119.6 mean: 153.04328358208954
gen: 57 best: 119.6 mean: 153.29800995024877
gen: 58 best: 119.6 mean: 154.28855721393035
gen: 59 best: 119.6 mean: 154.10497512437811
gen >60, new best = 119.200
gen: 60 best: 119.2 mean: 153.26019900497514
gen: 61 best: 119.2 mean: 154.27412935323383
gen: 62 best: 119.2 mean: 153.48855721393033
gen: 63 best: 119.2 mean: 153.76019900497514
gen: 64 best: 119.2 mean: 153.0681592039801
gen >65, new best = 108.300
gen: 65 best: 108.3 mean: 152.9825870646766
gen: 66 best: 108.3 mean: 152.45323383084576
gen: 67 best: 108.3 mean: 154.49651741293533
gen: 68 best: 108.3 mean: 153.43532338308458
gen: 69 best: 108.3 mean: 153.4487562189055
gen: 70 best: 108.3 mean: 152.7507462686567
gen: 71 best: 108.3 mean: 153.28706467661692
gen: 72 best: 108.3 mean: 153.3278606965174
gen: 73 best: 108.3 mean: 152.31542288557213
gen: 74 best: 108.3 mean: 152.20597014925374
gen: 75 best: 108.3 mean: 152.29800995024877
gen: 76 best: 108.3 mean: 152.21990049751244
gen: 77 best: 108.3 mean: 151.34626865671643
gen: 78 best: 108.3 mean: 150.94875621890546
gen: 79 best: 108.3 mean: 150.98308457711443
gen: 80 best: 108.3 mean: 152.66218905472635
gen: 81 best: 108.3 mean: 151.89800995024876
gen: 82 best: 108.3 mean: 151.62139303482587
gen: 83 best: 108.3 mean: 151.5084577114428
gen: 84 best: 108.3 mean: 152.4358208955224
gen: 85 best: 108.3 mean: 153.31592039800995
gen: 86 best: 108.3 mean: 152.89502487562189
gen: 87 best: 108.3 mean: 152.45223880597015
gen: 88 best: 108.3 mean: 152.44776119402985
gen: 89 best: 108.3 mean: 151.95174129353234
gen: 90 best: 108.3 mean: 152.5313432835821
gen: 91 best: 108.3 mean: 152.563184079602
gen: 92 best: 108.3 mean: 152.37014925373134
gen: 93 best: 108.3 mean: 152.55721393034827
gen: 94 best: 108.3 mean: 151.28706467661692
gen: 95 best: 108.3 mean: 152.06268656716418
gen: 96 best: 108.3 mean: 152.936815920398
gen: 97 best: 108.3 mean: 152.42388059701491
gen: 98 best: 108.3 mean: 151.46268656716418
gen: 99 best: 108.3 mean: 152.24776119402986
[8, 7, 11, 6, 9, 9, 10, 8, 10, 7, 8, 7, 7, 8, 10, 9, 8, 7, 7, 8, 10, 8, 7, 9, 8, 11, 12, 6, 9, 8, 7]
Test count of edges: 464
cat
