Defaulting to user installation because normal site-packages is not writeable
Looking in links: /cvmfs/soft.computecanada.ca/custom/python/wheelhouse/gentoo/avx2, /cvmfs/soft.computecanada.ca/custom/python/wheelhouse/gentoo/generic, /cvmfs/soft.computecanada.ca/custom/python/wheelhouse/generic
Requirement already satisfied: graphviz in /home/js17sy/.local/lib/python3.10/site-packages (0.20)
708; python ga.py 19 256N_graph19.dat 0.1 0.04 0.7 0.9 0.1 201 256N_graph19leerygen3rem70_ 514098
/project/6008788/js17sy/reopenga/256b/ga.py:291: DeprecationWarning: Sampling from a set deprecated
since Python 3.9 and will be removed in a subsequent version.
  child1 = set(random.sample(
gen >0, new best = 192.800
gen >0, new best = 183.900
gen >0, new best = 177.600
gen >0, new best = 177.500
gen >0, new best = 168.800
gen >0, new best = 165.300
gen: 0 best: 165.3 mean: 186.5139303482587
gen >1, new best = 162.700
gen: 1 best: 162.7 mean: 186.47462686567164
gen: 2 best: 162.7 mean: 186.1537313432836
gen >3, new best = 137.800
gen: 3 best: 137.8 mean: 185.8268656716418
gen: 4 best: 137.8 mean: 185.5452736318408
gen: 5 best: 137.8 mean: 185.02885572139303
gen: 6 best: 137.8 mean: 183.42985074626867
gen: 7 best: 137.8 mean: 183.26716417910447
gen: 8 best: 137.8 mean: 183.01691542288557
gen: 9 best: 137.8 mean: 182.3268656716418
gen: 10 best: 137.8 mean: 182.38407960199004
gen: 11 best: 137.8 mean: 182.46616915422885
gen: 12 best: 137.8 mean: 182.26019900497514
gen: 13 best: 137.8 mean: 179.42786069651743
gen: 14 best: 137.8 mean: 178.55771144278606
gen: 15 best: 137.8 mean: 179.7955223880597
gen: 16 best: 137.8 mean: 179.36567164179104
gen: 17 best: 137.8 mean: 178.11990049751245
gen: 18 best: 137.8 mean: 178.61691542288557
gen: 19 best: 137.8 mean: 178.10696517412936
gen: 20 best: 137.8 mean: 177.40149253731343
gen: 21 best: 137.8 mean: 177.13333333333333
gen: 22 best: 137.8 mean: 177.27114427860695
gen: 23 best: 137.8 mean: 177.95920398009952
gen: 24 best: 137.8 mean: 177.2771144278607
gen: 25 best: 137.8 mean: 177.45820895522388
gen: 26 best: 137.8 mean: 178.21542288557214
gen: 27 best: 137.8 mean: 177.02537313432836
gen: 28 best: 137.8 mean: 177.36616915422886
gen: 29 best: 137.8 mean: 176.51990049751242
gen: 30 best: 137.8 mean: 177.29004975124377
gen: 31 best: 137.8 mean: 176.65323383084578
gen: 32 best: 137.8 mean: 176.67512437810944
gen: 33 best: 137.8 mean: 176.87014925373134
gen: 34 best: 137.8 mean: 176.42587064676616
gen: 35 best: 137.8 mean: 175.16467661691541
gen: 36 best: 137.8 mean: 175.8582089552239
gen: 37 best: 137.8 mean: 174.66069651741293
gen: 38 best: 137.8 mean: 174.99900497512436
gen: 39 best: 137.8 mean: 175.373631840796
gen: 40 best: 137.8 mean: 175.06218905472636
gen >41, new best = 136.700
gen: 41 best: 136.7 mean: 174.55223880597015
gen: 42 best: 136.7 mean: 173.8810945273632
gen: 43 best: 136.7 mean: 173.7776119402985
gen: 44 best: 136.7 mean: 174.3766169154229
gen: 45 best: 136.7 mean: 172.73980099502486
gen: 46 best: 136.7 mean: 172.66716417910447
gen: 47 best: 136.7 mean: 172.73383084577114
gen: 48 best: 136.7 mean: 172.36965174129352
gen: 49 best: 136.7 mean: 170.81492537313432
gen: 50 best: 136.7 mean: 172.4686567164179
gen: 51 best: 136.7 mean: 172.67263681592038
gen: 52 best: 136.7 mean: 171.96915422885573
gen: 53 best: 136.7 mean: 171.455223880597
gen: 54 best: 136.7 mean: 171.65771144278608
gen: 55 best: 136.7 mean: 172.46169154228855
gen: 56 best: 136.7 mean: 171.2547263681592
gen: 57 best: 136.7 mean: 171.94228855721394
gen: 58 best: 136.7 mean: 170.98805970149255
gen: 59 best: 136.7 mean: 171.30746268656716
gen >60, new best = 128.900
gen: 60 best: 128.9 mean: 170.87910447761195
gen: 61 best: 128.9 mean: 171.1960199004975
gen: 62 best: 128.9 mean: 171.28059701492538
gen: 63 best: 128.9 mean: 170.8626865671642
gen: 64 best: 128.9 mean: 171.20746268656717
gen: 65 best: 128.9 mean: 171.18507462686566
gen: 66 best: 128.9 mean: 171.463184079602
gen: 67 best: 128.9 mean: 170.07014925373133
gen: 68 best: 128.9 mean: 170.01592039800994
gen: 69 best: 128.9 mean: 169.90348258706467
gen: 70 best: 128.9 mean: 169.80298507462686
gen: 71 best: 128.9 mean: 169.50149253731342
gen: 72 best: 128.9 mean: 169.13233830845772
gen: 73 best: 128.9 mean: 169.95621890547264
gen: 74 best: 128.9 mean: 169.34179104477613
gen: 75 best: 128.9 mean: 168.06666666666666
gen: 76 best: 128.9 mean: 167.63980099502487
gen: 77 best: 128.9 mean: 167.62388059701493
gen: 78 best: 128.9 mean: 167.77562189054726
gen: 79 best: 128.9 mean: 169.13830845771145
gen: 80 best: 128.9 mean: 168.20597014925374
gen: 81 best: 128.9 mean: 168.57661691542287
gen: 82 best: 128.9 mean: 168.00398009950248
gen: 83 best: 128.9 mean: 167.2995024875622
gen: 84 best: 128.9 mean: 167.82089552238807
gen: 85 best: 128.9 mean: 167.82039800995025
gen: 86 best: 128.9 mean: 166.65422885572139
gen: 87 best: 128.9 mean: 166.0542288557214
gen: 88 best: 128.9 mean: 165.29751243781095
gen: 89 best: 128.9 mean: 164.67512437810944
gen: 90 best: 128.9 mean: 165.48308457711443
gen: 91 best: 128.9 mean: 165.8865671641791
gen: 92 best: 128.9 mean: 165.0641791044776
gen: 93 best: 128.9 mean: 165.34179104477613
gen: 94 best: 128.9 mean: 167.62835820895523
gen: 95 best: 128.9 mean: 165.29452736318407
gen: 96 best: 128.9 mean: 166.36965174129352
gen >97, new best = 128.400
gen: 97 best: 128.4 mean: 166.481592039801
gen: 98 best: 128.4 mean: 164.88606965174128
gen >99, new best = 126.900
gen: 99 best: 126.9 mean: 164.12835820895523
[7, 7, 8, 8, 9, 8, 8, 9, 9, 8, 7, 8, 6, 9, 8, 7, 6, 9, 6, 8, 7, 7, 8, 7, 8, 7, 8, 8, 7, 7, 6, 8, 6, 8, 7, 7, 7, 11]
Test count of edges: 469
cat
