Defaulting to user installation because normal site-packages is not writeable
Looking in links: /cvmfs/soft.computecanada.ca/custom/python/wheelhouse/gentoo/avx2, /cvmfs/soft.computecanada.ca/custom/python/wheelhouse/gentoo/generic, /cvmfs/soft.computecanada.ca/custom/python/wheelhouse/generic
Requirement already satisfied: graphviz in /home/js17sy/.local/lib/python3.10/site-packages (0.20)
22; python ga.py 19 256N_graph19.dat 0.025 0.01 0.5 0.5 0.5 201 256N_graph19strictgen1rem50_ 628342
/project/6008788/js17sy/reopenga/256b/ga.py:291: DeprecationWarning: Sampling from a set deprecated
since Python 3.9 and will be removed in a subsequent version.
  child1 = set(random.sample(
gen >0, new best = 148.800
gen >0, new best = 147.000
gen >0, new best = 146.900
gen >0, new best = 133.900
gen >0, new best = 132.000
gen >0, new best = 129.000
gen >0, new best = 128.600
gen: 0 best: 128.6 mean: 150.24253731343285
gen >1, new best = 128.100
gen: 1 best: 128.1 mean: 151.05273631840797
gen >2, new best = 123.300
gen: 2 best: 123.3 mean: 149.88955223880598
gen >3, new best = 101.300
gen: 3 best: 101.3 mean: 149.65124378109454
gen: 4 best: 101.3 mean: 149.32885572139304
gen: 5 best: 101.3 mean: 150.1144278606965
gen: 6 best: 101.3 mean: 148.65970149253732
gen: 7 best: 101.3 mean: 150.09253731343284
gen: 8 best: 101.3 mean: 149.43482587064676
gen: 9 best: 101.3 mean: 147.33880597014925
gen: 10 best: 101.3 mean: 147.9318407960199
gen: 11 best: 101.3 mean: 148.07562189054727
gen: 12 best: 101.3 mean: 146.60298507462687
gen: 13 best: 101.3 mean: 148.06019900497512
gen: 14 best: 101.3 mean: 147.53482587064676
gen: 15 best: 101.3 mean: 147.91641791044776
gen: 16 best: 101.3 mean: 147.16567164179105
gen: 17 best: 101.3 mean: 147.2820895522388
gen: 18 best: 101.3 mean: 147.20348258706468
gen: 19 best: 101.3 mean: 147.70746268656717
gen: 20 best: 101.3 mean: 146.6089552238806
gen: 21 best: 101.3 mean: 146.84875621890546
gen: 22 best: 101.3 mean: 145.90796019900498
gen: 23 best: 101.3 mean: 145.65422885572139
gen: 24 best: 101.3 mean: 145.6179104477612
gen: 25 best: 101.3 mean: 145.1601990049751
gen: 26 best: 101.3 mean: 145.44477611940297
gen: 27 best: 101.3 mean: 144.5950248756219
gen: 28 best: 101.3 mean: 145.62537313432836
gen: 29 best: 101.3 mean: 143.82885572139304
gen: 30 best: 101.3 mean: 144.09850746268657
gen: 31 best: 101.3 mean: 145.01243781094527
gen: 32 best: 101.3 mean: 144.32388059701492
gen: 33 best: 101.3 mean: 143.55223880597015
gen: 34 best: 101.3 mean: 142.8268656716418
gen: 35 best: 101.3 mean: 142.8497512437811
gen: 36 best: 101.3 mean: 142.00597014925373
gen: 37 best: 101.3 mean: 142.66268656716417
gen: 38 best: 101.3 mean: 143.7492537313433
gen: 39 best: 101.3 mean: 142.51691542288557
gen: 40 best: 101.3 mean: 142.01542288557215
gen: 41 best: 101.3 mean: 143.24825870646765
gen: 42 best: 101.3 mean: 142.86218905472637
gen: 43 best: 101.3 mean: 141.7407960199005
gen: 44 best: 101.3 mean: 142.74577114427862
gen: 45 best: 101.3 mean: 141.6223880597015
gen: 46 best: 101.3 mean: 140.981592039801
gen: 47 best: 101.3 mean: 142.32039800995025
gen: 48 best: 101.3 mean: 141.9009950248756
gen: 49 best: 101.3 mean: 142.97661691542288
gen: 50 best: 101.3 mean: 142.0542288557214
gen: 51 best: 101.3 mean: 141.17611940298508
gen: 52 best: 101.3 mean: 141.90746268656716
gen: 53 best: 101.3 mean: 141.67412935323384
gen: 54 best: 101.3 mean: 142.0
gen: 55 best: 101.3 mean: 141.681592039801
gen: 56 best: 101.3 mean: 141.65572139303484
gen: 57 best: 101.3 mean: 141.02537313432836
gen: 58 best: 101.3 mean: 141.42089552238807
gen: 59 best: 101.3 mean: 141.61243781094527
gen: 60 best: 101.3 mean: 141.15273631840796
gen: 61 best: 101.3 mean: 141.66616915422887
gen: 62 best: 101.3 mean: 141.85771144278607
gen: 63 best: 101.3 mean: 141.07810945273633
gen: 64 best: 101.3 mean: 141.97910447761194
gen: 65 best: 101.3 mean: 141.0174129353234
gen: 66 best: 101.3 mean: 141.4358208955224
gen: 67 best: 101.3 mean: 140.67412935323384
gen: 68 best: 101.3 mean: 140.19203980099502
gen: 69 best: 101.3 mean: 140.36666666666667
gen: 70 best: 101.3 mean: 140.4502487562189
gen: 71 best: 101.3 mean: 140.26318407960198
gen: 72 best: 101.3 mean: 140.61144278606966
gen: 73 best: 101.3 mean: 140.8781094527363
gen: 74 best: 101.3 mean: 139.70199004975123
gen: 75 best: 101.3 mean: 140.44328358208955
gen: 76 best: 101.3 mean: 138.41144278606964
gen: 77 best: 101.3 mean: 139.81194029850747
gen: 78 best: 101.3 mean: 139.92835820895522
gen: 79 best: 101.3 mean: 139.3323383084577
gen: 80 best: 101.3 mean: 138.9865671641791
gen: 81 best: 101.3 mean: 139.26716417910447
gen: 82 best: 101.3 mean: 139.81243781094528
gen: 83 best: 101.3 mean: 140.07810945273633
gen: 84 best: 101.3 mean: 139.69203980099502
gen: 85 best: 101.3 mean: 139.53880597014924
gen: 86 best: 101.3 mean: 139.68358208955223
gen: 87 best: 101.3 mean: 139.89054726368158
gen: 88 best: 101.3 mean: 139.84726368159204
gen: 89 best: 101.3 mean: 139.01194029850745
gen: 90 best: 101.3 mean: 138.29004975124377
gen: 91 best: 101.3 mean: 139.5502487562189
gen: 92 best: 101.3 mean: 139.81940298507462
gen: 93 best: 101.3 mean: 140.7547263681592
gen: 94 best: 101.3 mean: 139.0129353233831
gen: 95 best: 101.3 mean: 139.45671641791046
gen: 96 best: 101.3 mean: 138.41044776119404
gen: 97 best: 101.3 mean: 139.8900497512438
gen: 98 best: 101.3 mean: 139.62885572139302
gen: 99 best: 101.3 mean: 139.60746268656717
[11, 14, 17, 15, 15, 10, 16, 12, 13, 11, 7, 15, 17, 17, 15, 12, 14, 16, 10, 14, 12, 14, 12, 14, 10]
Test count of edges: 763
cat
