Defaulting to user installation because normal site-packages is not writeable
Looking in links: /cvmfs/soft.computecanada.ca/custom/python/wheelhouse/gentoo/avx2, /cvmfs/soft.computecanada.ca/custom/python/wheelhouse/gentoo/generic, /cvmfs/soft.computecanada.ca/custom/python/wheelhouse/generic
Requirement already satisfied: graphviz in /home/js17sy/.local/lib/python3.10/site-packages (0.20)
328; python ga.py 5 768N_graph5.dat 0.05 0.02 0.7 0.7 0.3 201 768N_graph5mediumgen2rem70_ 799708
/project/6008788/js17sy/reopenga/768a/ga.py:291: DeprecationWarning: Sampling from a set deprecated
since Python 3.9 and will be removed in a subsequent version.
  child1 = set(random.sample(
gen >0, new best = 466.400
gen >0, new best = 454.100
gen >0, new best = 449.700
gen >0, new best = 441.100
gen >0, new best = 437.000
gen >0, new best = 426.500
gen >0, new best = 402.800
gen: 0 best: 402.8 mean: 483.644776119403
gen: 1 best: 402.8 mean: 482.48955223880597
gen >2, new best = 382.000
gen: 2 best: 382.0 mean: 472.844776119403
gen: 3 best: 382.0 mean: 466.8681592039801
gen: 4 best: 382.0 mean: 467.90199004975125
gen: 5 best: 382.0 mean: 461.2835820895522
gen >6, new best = 379.600
gen: 6 best: 379.6 mean: 451.16766169154226
gen >7, new best = 370.400
gen: 7 best: 370.4 mean: 451.67860696517414
gen: 8 best: 370.4 mean: 447.2910447761194
gen: 9 best: 370.4 mean: 445.463184079602
gen: 10 best: 370.4 mean: 438.68805970149253
gen: 11 best: 370.4 mean: 437.1825870646766
gen >12, new best = 353.500
gen: 12 best: 353.5 mean: 434.3686567164179
gen: 13 best: 353.5 mean: 432.1681592039801
gen: 14 best: 353.5 mean: 428.03034825870645
gen: 15 best: 353.5 mean: 428.57462686567163
gen: 16 best: 353.5 mean: 424.73034825870644
gen: 17 best: 353.5 mean: 426.3805970149254
gen: 18 best: 353.5 mean: 421.23830845771147
gen: 19 best: 353.5 mean: 421.7731343283582
gen: 20 best: 353.5 mean: 422.4741293532338
gen >21, new best = 341.300
gen: 21 best: 341.3 mean: 419.1870646766169
gen: 22 best: 341.3 mean: 420.5731343283582
gen: 23 best: 341.3 mean: 412.5328358208955
gen: 24 best: 341.3 mean: 414.2681592039801
gen: 25 best: 341.3 mean: 416.5507462686567
gen: 26 best: 341.3 mean: 408.78109452736317
gen: 27 best: 341.3 mean: 408.78109452736317
gen: 28 best: 341.3 mean: 406.9562189054726
gen >29, new best = 340.800
gen: 29 best: 340.8 mean: 407.3756218905473
gen: 30 best: 340.8 mean: 406.19751243781093
gen: 31 best: 340.8 mean: 404.3238805970149
gen: 32 best: 340.8 mean: 404.07611940298506
gen: 33 best: 340.8 mean: 404.7587064676617
gen: 34 best: 340.8 mean: 401.1412935323383
gen >35, new best = 336.500
gen: 35 best: 336.5 mean: 397.48258706467664
gen: 36 best: 336.5 mean: 400.79353233830847
gen >37, new best = 333.600
gen: 37 best: 333.6 mean: 401.18407960199005
gen: 38 best: 333.6 mean: 397.4985074626866
gen >39, new best = 328.100
gen: 39 best: 328.1 mean: 394.90746268656716
gen: 40 best: 328.1 mean: 397.5258706467662
gen: 41 best: 328.1 mean: 396.1268656716418
gen: 42 best: 328.1 mean: 393.910447761194
gen: 43 best: 328.1 mean: 393.14776119402984
gen: 44 best: 328.1 mean: 394.41293532338307
gen: 45 best: 328.1 mean: 394.25373134328356
gen: 46 best: 328.1 mean: 394.20248756218905
gen: 47 best: 328.1 mean: 391.36567164179104
gen: 48 best: 328.1 mean: 392.0348258706468
gen: 49 best: 328.1 mean: 392.7825870646766
gen: 50 best: 328.1 mean: 391.79004975124377
gen: 51 best: 328.1 mean: 390.39800995024876
gen: 52 best: 328.1 mean: 388.055223880597
gen: 53 best: 328.1 mean: 389.0497512437811
gen: 54 best: 328.1 mean: 387.64029850746266
gen: 55 best: 328.1 mean: 386.32686567164177
gen: 56 best: 328.1 mean: 386.15273631840796
gen: 57 best: 328.1 mean: 385.90248756218904
gen: 58 best: 328.1 mean: 384.8960199004975
gen: 59 best: 328.1 mean: 382.8502487562189
gen: 60 best: 328.1 mean: 384.6995024875622
gen: 61 best: 328.1 mean: 385.6592039800995
gen: 62 best: 328.1 mean: 384.9731343283582
gen: 63 best: 328.1 mean: 381.50597014925376
gen: 64 best: 328.1 mean: 383.40746268656716
gen: 65 best: 328.1 mean: 381.2009950248756
gen: 66 best: 328.1 mean: 379.2582089552239
gen: 67 best: 328.1 mean: 381.3940298507463
gen: 68 best: 328.1 mean: 383.2343283582089
gen: 69 best: 328.1 mean: 380.26666666666665
gen >70, new best = 325.400
gen: 70 best: 325.4 mean: 380.00099502487564
gen: 71 best: 325.4 mean: 379.8970149253731
gen: 72 best: 325.4 mean: 380.1353233830846
gen: 73 best: 325.4 mean: 379.6363184079602
gen >74, new best = 324.300
gen: 74 best: 324.3 mean: 378.77014925373135
gen: 75 best: 324.3 mean: 378.5189054726368
gen: 76 best: 324.3 mean: 380.47114427860697
gen >77, new best = 319.800
gen: 77 best: 319.8 mean: 377.46417910447764
gen: 78 best: 319.8 mean: 377.48457711442785
gen: 79 best: 319.8 mean: 377.607960199005
gen: 80 best: 319.8 mean: 375.9761194029851
gen: 81 best: 319.8 mean: 375.0199004975124
gen: 82 best: 319.8 mean: 377.42089552238804
gen: 83 best: 319.8 mean: 376.1243781094527
gen: 84 best: 319.8 mean: 375.97014925373134
gen: 85 best: 319.8 mean: 376.42039800995025
gen >86, new best = 313.500
gen: 86 best: 313.5 mean: 376.45671641791046
gen: 87 best: 313.5 mean: 375.01940298507463
gen: 88 best: 313.5 mean: 376.11243781094527
gen: 89 best: 313.5 mean: 375.4417910447761
gen: 90 best: 313.5 mean: 375.6303482587065
gen >91, new best = 305.700
gen: 91 best: 305.7 mean: 373.76467661691544
gen: 92 best: 305.7 mean: 373.77910447761195
gen: 93 best: 305.7 mean: 376.2542288557214
gen: 94 best: 305.7 mean: 374.11990049751245
gen: 95 best: 305.7 mean: 374.9865671641791
gen: 96 best: 305.7 mean: 373.5726368159204
gen: 97 best: 305.7 mean: 375.4597014925373
gen: 98 best: 305.7 mean: 375.46268656716416
gen: 99 best: 305.7 mean: 372.43681592039803
[7, 9, 7, 7, 7, 7, 7, 8, 7, 7, 7, 7, 7, 7, 8, 7, 9, 8, 7, 6, 7, 8, 7, 9, 7, 6, 7, 7, 7, 7, 7, 7, 7, 8, 7, 6, 7, 8, 7, 7, 7, 7, 7, 7, 8, 8, 7, 7, 7, 7]
Test count of edges: 1409
cat
