Defaulting to user installation because normal site-packages is not writeable
Looking in links: /cvmfs/soft.computecanada.ca/custom/python/wheelhouse/gentoo/avx2, /cvmfs/soft.computecanada.ca/custom/python/wheelhouse/gentoo/generic, /cvmfs/soft.computecanada.ca/custom/python/wheelhouse/generic
Requirement already satisfied: graphviz in /home/js17sy/.local/lib/python3.10/site-packages (0.20)
537; python ga.py 5 768N_graph5.dat 0.075 0.03 0.7 0.9 0.1 201 768N_graph5laxgen3rem70_ 771147
/project/6008788/js17sy/reopenga/768a/ga.py:291: DeprecationWarning: Sampling from a set deprecated
since Python 3.9 and will be removed in a subsequent version.
  child1 = set(random.sample(
gen >0, new best = 510.200
gen >0, new best = 503.000
gen >0, new best = 477.700
gen >0, new best = 477.500
gen >0, new best = 465.000
gen >0, new best = 447.700
gen >0, new best = 444.000
gen >0, new best = 441.500
gen: 0 best: 441.5 mean: 492.54203980099504
gen >1, new best = 437.300
gen: 1 best: 437.3 mean: 488.46218905472637
gen >2, new best = 435.800
gen >2, new best = 421.000
gen: 2 best: 421.0 mean: 483.00995024875624
gen >3, new best = 417.200
gen: 3 best: 417.2 mean: 477.1537313432836
gen >4, new best = 416.100
gen >4, new best = 399.400
gen: 4 best: 399.4 mean: 470.5970149253731
gen: 5 best: 399.4 mean: 467.2348258706468
gen: 6 best: 399.4 mean: 462.0164179104478
gen >7, new best = 392.800
gen: 7 best: 392.8 mean: 458.53781094527363
gen: 8 best: 392.8 mean: 457.35223880597016
gen: 9 best: 392.8 mean: 452.0950248756219
gen >10, new best = 383.100
gen: 10 best: 383.1 mean: 450.0731343283582
gen: 11 best: 383.1 mean: 444.77412935323383
gen: 12 best: 383.1 mean: 444.4905472636816
gen: 13 best: 383.1 mean: 442.3189054726368
gen: 14 best: 383.1 mean: 439.50796019900497
gen: 15 best: 383.1 mean: 438.4592039800995
gen: 16 best: 383.1 mean: 437.42587064676616
gen: 17 best: 383.1 mean: 433.66218905472635
gen: 18 best: 383.1 mean: 434.6542288557214
gen: 19 best: 383.1 mean: 428.3776119402985
gen: 20 best: 383.1 mean: 429.09800995024875
gen: 21 best: 383.1 mean: 431.81243781094526
gen: 22 best: 383.1 mean: 429.4497512437811
gen >23, new best = 382.200
gen: 23 best: 382.2 mean: 426.0199004975124
gen: 24 best: 382.2 mean: 426.60895522388057
gen >25, new best = 377.900
gen: 25 best: 377.9 mean: 424.3258706467662
gen: 26 best: 377.9 mean: 423.05174129353236
gen: 27 best: 377.9 mean: 422.2990049751244
gen: 28 best: 377.9 mean: 423.98258706467664
gen: 29 best: 377.9 mean: 421.1049751243781
gen: 30 best: 377.9 mean: 420.8865671641791
gen >31, new best = 367.400
gen: 31 best: 367.4 mean: 418.5318407960199
gen: 32 best: 367.4 mean: 419.92089552238804
gen: 33 best: 367.4 mean: 416.9691542288557
gen: 34 best: 367.4 mean: 416.80099502487565
gen: 35 best: 367.4 mean: 416.3990049751244
gen: 36 best: 367.4 mean: 417.15472636815923
gen: 37 best: 367.4 mean: 413.36019900497513
gen: 38 best: 367.4 mean: 414.71144278606965
gen: 39 best: 367.4 mean: 415.68805970149253
gen: 40 best: 367.4 mean: 413.4
gen: 41 best: 367.4 mean: 412.6442786069652
gen: 42 best: 367.4 mean: 413.46965174129355
gen >43, new best = 365.200
gen: 43 best: 365.2 mean: 409.6094527363184
gen: 44 best: 365.2 mean: 411.45323383084576
gen >45, new best = 364.800
gen: 45 best: 364.8 mean: 412.74825870646765
gen >46, new best = 361.600
gen: 46 best: 361.6 mean: 410.66915422885575
gen: 47 best: 361.6 mean: 408.8592039800995
gen: 48 best: 361.6 mean: 408.91641791044776
gen: 49 best: 361.6 mean: 408.10746268656715
gen: 50 best: 361.6 mean: 407.74427860696517
gen: 51 best: 361.6 mean: 408.75174129353235
gen: 52 best: 361.6 mean: 408.3089552238806
gen: 53 best: 361.6 mean: 407.8004975124378
gen: 54 best: 361.6 mean: 407.0825870646766
gen: 55 best: 361.6 mean: 405.74626865671644
gen: 56 best: 361.6 mean: 407.25174129353235
gen: 57 best: 361.6 mean: 406.53333333333336
gen: 58 best: 361.6 mean: 405.5089552238806
gen: 59 best: 361.6 mean: 404.82487562189056
gen: 60 best: 361.6 mean: 404.57014925373136
gen: 61 best: 361.6 mean: 406.6059701492537
gen >62, new best = 358.500
gen: 62 best: 358.5 mean: 404.94726368159206
gen: 63 best: 358.5 mean: 401.43830845771146
gen >64, new best = 357.100
gen: 64 best: 357.1 mean: 404.39253731343285
gen: 65 best: 357.1 mean: 403.93830845771146
gen: 66 best: 357.1 mean: 403.83980099502486
gen >67, new best = 351.800
gen: 67 best: 351.8 mean: 403.58358208955224
gen: 68 best: 351.8 mean: 403.0681592039801
gen: 69 best: 351.8 mean: 401.51592039800994
gen: 70 best: 351.8 mean: 403.8054726368159
gen: 71 best: 351.8 mean: 404.5014925373134
gen: 72 best: 351.8 mean: 403.4378109452736
gen: 73 best: 351.8 mean: 403.78855721393035
gen: 74 best: 351.8 mean: 402.7562189054726
gen: 75 best: 351.8 mean: 401.4616915422886
gen: 76 best: 351.8 mean: 402.5716417910448
gen: 77 best: 351.8 mean: 400.3278606965174
gen: 78 best: 351.8 mean: 399.76965174129356
gen: 79 best: 351.8 mean: 400.45671641791046
gen: 80 best: 351.8 mean: 401.21542288557214
gen: 81 best: 351.8 mean: 399.8810945273632
gen: 82 best: 351.8 mean: 400.33383084577116
gen: 83 best: 351.8 mean: 401.3412935323383
gen: 84 best: 351.8 mean: 400.1462686567164
gen: 85 best: 351.8 mean: 400.7407960199005
gen: 86 best: 351.8 mean: 400.80845771144277
gen: 87 best: 351.8 mean: 400.9308457711443
gen: 88 best: 351.8 mean: 398.49751243781094
gen: 89 best: 351.8 mean: 400.3771144278607
gen: 90 best: 351.8 mean: 401.3850746268657
gen: 91 best: 351.8 mean: 398.9154228855721
gen: 92 best: 351.8 mean: 398.7502487562189
gen: 93 best: 351.8 mean: 398.05970149253733
gen: 94 best: 351.8 mean: 398.4303482587065
gen: 95 best: 351.8 mean: 398.50845771144276
gen: 96 best: 351.8 mean: 397.74278606965174
gen: 97 best: 351.8 mean: 399.81243781094526
gen: 98 best: 351.8 mean: 398.73880597014926
gen: 99 best: 351.8 mean: 397.5179104477612
[6, 8, 7, 7, 7, 7, 6, 7, 6, 6, 7, 6, 7, 7, 6, 7, 8, 7, 7, 7, 7, 7, 6, 6, 7, 7, 7, 7, 7, 7, 6, 6, 7, 6, 6, 7, 6, 6, 6, 7, 7, 6, 7, 6, 6, 6, 6, 6, 7, 7]
Test count of edges: 1386
cat
