Defaulting to user installation because normal site-packages is not writeable
Looking in links: /cvmfs/soft.computecanada.ca/custom/python/wheelhouse/gentoo/avx2, /cvmfs/soft.computecanada.ca/custom/python/wheelhouse/gentoo/generic, /cvmfs/soft.computecanada.ca/custom/python/wheelhouse/generic
Requirement already satisfied: graphviz in /home/js17sy/.local/lib/python3.10/site-packages (0.20)
143; python ga.py 5 768N_graph5.dat 0.025 0.01 0.7 0.7 0.3 201 768N_graph5strictgen2rem70_ 656903
/project/6008788/js17sy/reopenga/768a/ga.py:291: DeprecationWarning: Sampling from a set deprecated
since Python 3.9 and will be removed in a subsequent version.
  child1 = set(random.sample(
gen >0, new best = 550.300
gen >0, new best = 519.900
gen >0, new best = 505.400
gen >0, new best = 501.100
gen >0, new best = 472.600
gen >0, new best = 453.100
gen >0, new best = 442.300
gen >0, new best = 429.000
gen >0, new best = 421.900
gen >0, new best = 420.300
gen >0, new best = 419.500
gen >0, new best = 416.300
gen >0, new best = 415.300
gen: 0 best: 415.3 mean: 499.968407960199
gen >1, new best = 412.900
gen >1, new best = 409.400
gen >1, new best = 402.900
gen >1, new best = 388.100
gen >1, new best = 381.500
gen: 1 best: 381.5 mean: 497.0860696517413
gen >2, new best = 379.900
gen >2, new best = 367.200
gen: 2 best: 367.2 mean: 492.93830845771146
gen: 3 best: 367.2 mean: 485.7343283582089
gen >4, new best = 343.000
gen: 4 best: 343.0 mean: 479.981592039801
gen: 5 best: 343.0 mean: 475.04875621890545
gen: 6 best: 343.0 mean: 472.36915422885573
gen: 7 best: 343.0 mean: 466.11442786069654
gen: 8 best: 343.0 mean: 464.7378109452736
gen >9, new best = 319.900
gen: 9 best: 319.9 mean: 452.5348258706468
gen: 10 best: 319.9 mean: 447.4457711442786
gen: 11 best: 319.9 mean: 438.9
gen >12, new best = 312.500
gen: 12 best: 312.5 mean: 437.25771144278605
gen: 13 best: 312.5 mean: 429.57412935323384
gen: 14 best: 312.5 mean: 420.1179104477612
gen >15, new best = 311.400
gen: 15 best: 311.4 mean: 423.7990049751244
gen: 16 best: 311.4 mean: 414.9781094527363
gen: 17 best: 311.4 mean: 411.9119402985075
gen: 18 best: 311.4 mean: 416.7965174129353
gen >19, new best = 301.700
gen: 19 best: 301.7 mean: 413.92089552238804
gen >20, new best = 295.000
gen: 20 best: 295.0 mean: 409.53781094527363
gen: 21 best: 295.0 mean: 407.50199004975127
gen: 22 best: 295.0 mean: 402.3019900497512
gen: 23 best: 295.0 mean: 398.94975124378107
gen: 24 best: 295.0 mean: 397.49701492537315
gen: 25 best: 295.0 mean: 390.9338308457711
gen >26, new best = 248.700
gen: 26 best: 248.7 mean: 387.0592039800995
gen: 27 best: 248.7 mean: 389.3313432835821
gen: 28 best: 248.7 mean: 382.4820895522388
gen: 29 best: 248.7 mean: 381.3019900497512
gen: 30 best: 248.7 mean: 382.20049751243783
gen: 31 best: 248.7 mean: 380.1139303482587
gen: 32 best: 248.7 mean: 377.8203980099502
gen: 33 best: 248.7 mean: 378.3870646766169
gen: 34 best: 248.7 mean: 373.76119402985074
gen: 35 best: 248.7 mean: 369.2671641791045
gen: 36 best: 248.7 mean: 367.09601990049754
gen: 37 best: 248.7 mean: 367.0109452736318
gen: 38 best: 248.7 mean: 366.18407960199005
gen: 39 best: 248.7 mean: 365.74228855721395
gen: 40 best: 248.7 mean: 361.99402985074624
gen: 41 best: 248.7 mean: 365.11641791044775
gen: 42 best: 248.7 mean: 361.68059701492535
gen: 43 best: 248.7 mean: 361.07462686567163
gen: 44 best: 248.7 mean: 358.52885572139303
gen: 45 best: 248.7 mean: 360.5626865671642
gen: 46 best: 248.7 mean: 362.92089552238804
gen: 47 best: 248.7 mean: 358.80149253731344
gen: 48 best: 248.7 mean: 357.56467661691545
gen: 49 best: 248.7 mean: 357.734328358209
gen: 50 best: 248.7 mean: 354.89353233830843
gen: 51 best: 248.7 mean: 357.97512437810946
gen: 52 best: 248.7 mean: 356.0019900497512
gen: 53 best: 248.7 mean: 350.69651741293535
gen: 54 best: 248.7 mean: 354.5268656716418
gen: 55 best: 248.7 mean: 355.8019900497512
gen: 56 best: 248.7 mean: 355.0776119402985
gen: 57 best: 248.7 mean: 350.4398009950249
gen: 58 best: 248.7 mean: 350.50696517412933
gen: 59 best: 248.7 mean: 350.252736318408
gen: 60 best: 248.7 mean: 344.7805970149254
gen: 61 best: 248.7 mean: 346.77960199004974
gen: 62 best: 248.7 mean: 343.3228855721393
gen: 63 best: 248.7 mean: 343.5278606965174
gen: 64 best: 248.7 mean: 344.4537313432836
gen: 65 best: 248.7 mean: 340.92587064676616
gen: 66 best: 248.7 mean: 345.9681592039801
gen: 67 best: 248.7 mean: 342.06318407960197
gen: 68 best: 248.7 mean: 342.0771144278607
gen: 69 best: 248.7 mean: 342.5199004975124
gen: 70 best: 248.7 mean: 340.1427860696517
gen: 71 best: 248.7 mean: 336.9577114427861
gen: 72 best: 248.7 mean: 343.1597014925373
gen: 73 best: 248.7 mean: 338.4398009950249
gen: 74 best: 248.7 mean: 341.73532338308456
gen: 75 best: 248.7 mean: 342.5014925373134
gen: 76 best: 248.7 mean: 340.63084577114427
gen: 77 best: 248.7 mean: 337.397512437811
gen: 78 best: 248.7 mean: 338.7313432835821
gen: 79 best: 248.7 mean: 335.7328358208955
gen: 80 best: 248.7 mean: 339.1029850746269
gen: 81 best: 248.7 mean: 335.29701492537316
gen: 82 best: 248.7 mean: 335.82338308457713
gen: 83 best: 248.7 mean: 336.27910447761195
gen: 84 best: 248.7 mean: 337.39850746268655
gen: 85 best: 248.7 mean: 336.3756218905473
gen: 86 best: 248.7 mean: 334.326368159204
gen: 87 best: 248.7 mean: 331.92985074626864
gen: 88 best: 248.7 mean: 334.0845771144279
gen: 89 best: 248.7 mean: 331.82686567164177
gen: 90 best: 248.7 mean: 332.58308457711445
gen: 91 best: 248.7 mean: 335.44776119402985
gen: 92 best: 248.7 mean: 330.19303482587065
gen: 93 best: 248.7 mean: 330.41492537313434
gen: 94 best: 248.7 mean: 331.4398009950249
gen: 95 best: 248.7 mean: 330.2786069651741
gen: 96 best: 248.7 mean: 329.8776119402985
gen: 97 best: 248.7 mean: 329.5437810945274
gen: 98 best: 248.7 mean: 328.86567164179104
gen: 99 best: 248.7 mean: 330.24825870646765
[8, 8, 10, 10, 9, 8, 7, 9, 8, 8, 8, 11, 8, 8, 10, 8, 9, 8, 9, 9, 7, 9, 4, 9, 7, 8, 7, 9, 8, 9, 8, 8, 11, 8, 8, 8, 8, 8, 8, 10, 9, 8, 10, 9, 8, 9, 8, 9, 8]
Test count of edges: 1386
cat
