Defaulting to user installation because normal site-packages is not writeable
Looking in links: /cvmfs/soft.computecanada.ca/custom/python/wheelhouse/gentoo/avx2, /cvmfs/soft.computecanada.ca/custom/python/wheelhouse/gentoo/generic, /cvmfs/soft.computecanada.ca/custom/python/wheelhouse/generic
Requirement already satisfied: graphviz in /home/js17sy/.local/lib/python3.10/site-packages (0.20)
342; python ga.py 5 768N_graph5.dat 0.05 0.02 0.7 0.9 0.1 201 768N_graph5mediumgen3rem70_ 342732
/project/6008788/js17sy/reopenga/768a/ga.py:291: DeprecationWarning: Sampling from a set deprecated
since Python 3.9 and will be removed in a subsequent version.
  child1 = set(random.sample(
gen >0, new best = 509.400
gen >0, new best = 400.300
gen: 0 best: 400.3 mean: 485.66965174129353
gen: 1 best: 400.3 mean: 482.86119402985076
gen >2, new best = 370.000
gen: 2 best: 370.0 mean: 475.5751243781095
gen: 3 best: 370.0 mean: 467.6900497512438
gen: 4 best: 370.0 mean: 467.18457711442784
gen: 5 best: 370.0 mean: 459.4741293532338
gen: 6 best: 370.0 mean: 455.5880597014925
gen: 7 best: 370.0 mean: 452.14726368159205
gen: 8 best: 370.0 mean: 448.2915422885572
gen >9, new best = 367.900
gen: 9 best: 367.9 mean: 446.85671641791043
gen >10, new best = 366.800
gen: 10 best: 366.8 mean: 443.17512437810944
gen >11, new best = 361.900
gen: 11 best: 361.9 mean: 440.22786069651744
gen: 12 best: 361.9 mean: 439.62189054726366
gen: 13 best: 361.9 mean: 437.1820895522388
gen: 14 best: 361.9 mean: 433.6323383084577
gen >15, new best = 348.100
gen: 15 best: 348.1 mean: 429.5950248756219
gen: 16 best: 348.1 mean: 433.46119402985073
gen >17, new best = 340.100
gen: 17 best: 340.1 mean: 426.16218905472635
gen: 18 best: 340.1 mean: 425.53333333333336
gen: 19 best: 340.1 mean: 424.3462686567164
gen: 20 best: 340.1 mean: 425.61641791044775
gen: 21 best: 340.1 mean: 423.5039800995025
gen: 22 best: 340.1 mean: 417.5502487562189
gen: 23 best: 340.1 mean: 416.6870646766169
gen: 24 best: 340.1 mean: 416.3039800995025
gen >25, new best = 337.900
gen: 25 best: 337.9 mean: 411.7547263681592
gen: 26 best: 337.9 mean: 409.54129353233833
gen: 27 best: 337.9 mean: 411.62139303482587
gen: 28 best: 337.9 mean: 411.00199004975127
gen: 29 best: 337.9 mean: 406.5805970149254
gen: 30 best: 337.9 mean: 407.9044776119403
gen: 31 best: 337.9 mean: 407.3004975124378
gen: 32 best: 337.9 mean: 401.3960199004975
gen: 33 best: 337.9 mean: 404.68457711442784
gen: 34 best: 337.9 mean: 397.70646766169153
gen: 35 best: 337.9 mean: 399.6208955223881
gen: 36 best: 337.9 mean: 401.59601990049754
gen: 37 best: 337.9 mean: 396.4766169154229
gen: 38 best: 337.9 mean: 397.97960199004973
gen: 39 best: 337.9 mean: 398.57412935323384
gen: 40 best: 337.9 mean: 399.03980099502485
gen: 41 best: 337.9 mean: 398.19850746268656
gen: 42 best: 337.9 mean: 396.09253731343284
gen: 43 best: 337.9 mean: 398.1228855721393
gen: 44 best: 337.9 mean: 396.1323383084577
gen: 45 best: 337.9 mean: 395.3373134328358
gen: 46 best: 337.9 mean: 399.71144278606965
gen: 47 best: 337.9 mean: 394.3149253731343
gen: 48 best: 337.9 mean: 396.7651741293532
gen: 49 best: 337.9 mean: 392.81990049751244
gen: 50 best: 337.9 mean: 396.0383084577114
gen >51, new best = 320.400
gen: 51 best: 320.4 mean: 393.7621890547264
gen: 52 best: 320.4 mean: 394.16567164179105
gen: 53 best: 320.4 mean: 392.88358208955225
gen: 54 best: 320.4 mean: 392.9412935323383
gen: 55 best: 320.4 mean: 391.1945273631841
gen: 56 best: 320.4 mean: 392.68358208955226
gen: 57 best: 320.4 mean: 391.23383084577114
gen: 58 best: 320.4 mean: 389.2950248756219
gen: 59 best: 320.4 mean: 388.86218905472634
gen: 60 best: 320.4 mean: 389.6577114427861
gen: 61 best: 320.4 mean: 389.69154228855723
gen: 62 best: 320.4 mean: 389.7228855721393
gen: 63 best: 320.4 mean: 388.25522388059704
gen: 64 best: 320.4 mean: 386.6671641791045
gen: 65 best: 320.4 mean: 386.7049751243781
gen: 66 best: 320.4 mean: 389.7233830845771
gen: 67 best: 320.4 mean: 385.49751243781094
gen: 68 best: 320.4 mean: 384.3606965174129
gen: 69 best: 320.4 mean: 384.7124378109453
gen: 70 best: 320.4 mean: 385.55223880597015
gen: 71 best: 320.4 mean: 384.66069651741293
gen: 72 best: 320.4 mean: 385.9651741293532
gen >73, new best = 312.000
gen: 73 best: 312.0 mean: 385.0457711442786
gen: 74 best: 312.0 mean: 386.20597014925374
gen: 75 best: 312.0 mean: 385.763184079602
gen: 76 best: 312.0 mean: 385.1885572139303
gen: 77 best: 312.0 mean: 383.1268656716418
gen: 78 best: 312.0 mean: 383.3363184079602
gen: 79 best: 312.0 mean: 382.318407960199
gen: 80 best: 312.0 mean: 383.1716417910448
gen: 81 best: 312.0 mean: 383.4393034825871
gen: 82 best: 312.0 mean: 383.14378109452736
gen: 83 best: 312.0 mean: 382.9049751243781
gen: 84 best: 312.0 mean: 380.6771144278607
gen: 85 best: 312.0 mean: 383.63283582089554
gen: 86 best: 312.0 mean: 380.94029850746267
gen: 87 best: 312.0 mean: 383.1517412935323
gen: 88 best: 312.0 mean: 382.26268656716417
gen: 89 best: 312.0 mean: 380.13830845771145
gen: 90 best: 312.0 mean: 380.163184079602
gen: 91 best: 312.0 mean: 383.4407960199005
gen: 92 best: 312.0 mean: 378.6646766169154
gen: 93 best: 312.0 mean: 383.05572139303484
gen: 94 best: 312.0 mean: 383.1233830845771
gen: 95 best: 312.0 mean: 379.66517412935326
gen: 96 best: 312.0 mean: 381.1009950248756
gen: 97 best: 312.0 mean: 381.05572139303484
gen: 98 best: 312.0 mean: 381.7437810945274
gen: 99 best: 312.0 mean: 380.5721393034826
[6, 7, 7, 7, 7, 8, 7, 8, 7, 7, 7, 6, 7, 6, 7, 10, 7, 7, 7, 7, 7, 6, 7, 7, 7, 7, 7, 7, 6, 8, 8, 7, 7, 7, 6, 8, 7, 7, 7, 6, 6, 9, 9, 7, 9, 6, 7, 6, 8, 7]
Test count of edges: 1388
cat
