Defaulting to user installation because normal site-packages is not writeable
Looking in links: /cvmfs/soft.computecanada.ca/custom/python/wheelhouse/gentoo/avx2, /cvmfs/soft.computecanada.ca/custom/python/wheelhouse/gentoo/generic, /cvmfs/soft.computecanada.ca/custom/python/wheelhouse/generic
Requirement already satisfied: graphviz in /home/js17sy/.local/lib/python3.10/site-packages (0.20)
37; python ga.py 5 768N_graph5.dat 0.025 0.01 0.5 0.7 0.3 201 768N_graph5strictgen2rem50_ 199927
/project/6008788/js17sy/reopenga/768a/ga.py:291: DeprecationWarning: Sampling from a set deprecated
since Python 3.9 and will be removed in a subsequent version.
  child1 = set(random.sample(
gen >0, new best = 457.900
gen >0, new best = 450.400
gen >0, new best = 440.900
gen >0, new best = 436.400
gen >0, new best = 435.600
gen >0, new best = 434.000
gen: 0 best: 434.0 mean: 454.6363184079602
gen: 1 best: 434.0 mean: 454.7238805970149
gen >2, new best = 426.000
gen: 2 best: 426.0 mean: 451.96417910447764
gen: 3 best: 426.0 mean: 451.3661691542288
gen: 4 best: 426.0 mean: 451.1094527363184
gen >5, new best = 419.800
gen: 5 best: 419.8 mean: 449.79253731343283
gen: 6 best: 419.8 mean: 448.3731343283582
gen: 7 best: 419.8 mean: 447.81243781094526
gen: 8 best: 419.8 mean: 449.0477611940299
gen: 9 best: 419.8 mean: 447.24278606965174
gen: 10 best: 419.8 mean: 446.5293532338309
gen: 11 best: 419.8 mean: 446.09800995024875
gen: 12 best: 419.8 mean: 445.23034825870644
gen: 13 best: 419.8 mean: 445.68009950248756
gen >14, new best = 416.600
gen: 14 best: 416.6 mean: 443.65721393034823
gen >15, new best = 414.500
gen: 15 best: 414.5 mean: 443.7771144278607
gen: 16 best: 414.5 mean: 442.14378109452736
gen: 17 best: 414.5 mean: 442.7199004975124
gen: 18 best: 414.5 mean: 442.1666666666667
gen: 19 best: 414.5 mean: 440.6393034825871
gen: 20 best: 414.5 mean: 439.87860696517413
gen >21, new best = 413.700
gen >21, new best = 412.400
gen: 21 best: 412.4 mean: 439.4562189054726
gen >22, new best = 409.900
gen: 22 best: 409.9 mean: 438.3457711442786
gen: 23 best: 409.9 mean: 437.63283582089554
gen: 24 best: 409.9 mean: 438.3696517412935
gen >25, new best = 409.300
gen: 25 best: 409.3 mean: 436.4432835820896
gen >26, new best = 404.300
gen: 26 best: 404.3 mean: 435.38358208955225
gen: 27 best: 404.3 mean: 437.4378109452736
gen: 28 best: 404.3 mean: 435.2905472636816
gen >29, new best = 403.000
gen: 29 best: 403.0 mean: 435.7452736318408
gen >30, new best = 399.800
gen: 30 best: 399.8 mean: 434.86019900497513
gen: 31 best: 399.8 mean: 434.27363184079604
gen: 32 best: 399.8 mean: 434.74776119402986
gen: 33 best: 399.8 mean: 434.68358208955226
gen: 34 best: 399.8 mean: 433.63084577114427
gen: 35 best: 399.8 mean: 430.4094527363184
gen: 36 best: 399.8 mean: 431.7805970149254
gen: 37 best: 399.8 mean: 431.22487562189053
gen >38, new best = 399.600
gen >38, new best = 396.300
gen: 38 best: 396.3 mean: 431.37960199004976
gen: 39 best: 396.3 mean: 430.75572139303483
gen: 40 best: 396.3 mean: 430.1597014925373
gen: 41 best: 396.3 mean: 431.00696517412933
gen: 42 best: 396.3 mean: 429.0149253731343
gen: 43 best: 396.3 mean: 429.7960199004975
gen: 44 best: 396.3 mean: 430.4154228855721
gen: 45 best: 396.3 mean: 428.81940298507465
gen: 46 best: 396.3 mean: 429.1771144278607
gen: 47 best: 396.3 mean: 428.4761194029851
gen: 48 best: 396.3 mean: 428.27562189054726
gen >49, new best = 389.400
gen: 49 best: 389.4 mean: 427.90199004975125
gen: 50 best: 389.4 mean: 426.61144278606963
gen: 51 best: 389.4 mean: 426.2039800995025
gen: 52 best: 389.4 mean: 426.8905472636816
gen: 53 best: 389.4 mean: 426.1756218905473
gen: 54 best: 389.4 mean: 424.49900497512436
gen: 55 best: 389.4 mean: 423.7139303482587
gen >56, new best = 382.600
gen: 56 best: 382.6 mean: 423.1776119402985
gen: 57 best: 382.6 mean: 422.5313432835821
gen: 58 best: 382.6 mean: 422.4144278606965
gen: 59 best: 382.6 mean: 422.46069651741294
gen: 60 best: 382.6 mean: 423.0129353233831
gen: 61 best: 382.6 mean: 421.6338308457711
gen: 62 best: 382.6 mean: 420.7960199004975
gen: 63 best: 382.6 mean: 420.8218905472637
gen: 64 best: 382.6 mean: 420.60348258706466
gen: 65 best: 382.6 mean: 420.607960199005
gen: 66 best: 382.6 mean: 420.1039800995025
gen: 67 best: 382.6 mean: 419.34278606965177
gen: 68 best: 382.6 mean: 417.95721393034825
gen: 69 best: 382.6 mean: 419.102487562189
gen: 70 best: 382.6 mean: 418.7199004975124
gen: 71 best: 382.6 mean: 417.37960199004976
gen: 72 best: 382.6 mean: 417.78109452736317
gen: 73 best: 382.6 mean: 417.4417910447761
gen: 74 best: 382.6 mean: 415.7497512437811
gen: 75 best: 382.6 mean: 414.84726368159204
gen: 76 best: 382.6 mean: 416.6179104477612
gen >77, new best = 367.100
gen: 77 best: 367.1 mean: 415.1636815920398
gen: 78 best: 367.1 mean: 415.6597014925373
gen: 79 best: 367.1 mean: 416.2179104477612
gen: 80 best: 367.1 mean: 415.4432835820896
gen: 81 best: 367.1 mean: 413.4636815920398
gen: 82 best: 367.1 mean: 413.05174129353236
gen: 83 best: 367.1 mean: 414.35771144278607
gen: 84 best: 367.1 mean: 413.5258706467662
gen: 85 best: 367.1 mean: 412.5875621890547
gen: 86 best: 367.1 mean: 411.85223880597016
gen: 87 best: 367.1 mean: 412.1850746268657
gen: 88 best: 367.1 mean: 411.2174129353234
gen: 89 best: 367.1 mean: 411.2164179104478
gen: 90 best: 367.1 mean: 412.04328358208954
gen: 91 best: 367.1 mean: 410.62039800995024
gen: 92 best: 367.1 mean: 411.8661691542289
gen: 93 best: 367.1 mean: 410.6059701492537
gen: 94 best: 367.1 mean: 412.218407960199
gen: 95 best: 367.1 mean: 409.9228855721393
gen: 96 best: 367.1 mean: 410.53582089552236
gen: 97 best: 367.1 mean: 409.2318407960199
gen: 98 best: 367.1 mean: 410.31940298507465
gen: 99 best: 367.1 mean: 410.7915422885572
[9, 9, 10, 13, 11, 10, 11, 10, 10, 8, 9, 11, 9, 11, 12, 10, 9, 10, 10, 11, 10, 11, 10, 12, 11, 9, 10, 9, 11, 10, 11, 10, 9, 9, 11, 12, 11, 10, 10, 8, 10, 12, 10, 10, 10, 10, 8, 9, 12]
Test count of edges: 2319
cat
