Defaulting to user installation because normal site-packages is not writeable
Looking in links: /cvmfs/soft.computecanada.ca/custom/python/wheelhouse/gentoo/avx2, /cvmfs/soft.computecanada.ca/custom/python/wheelhouse/gentoo/generic, /cvmfs/soft.computecanada.ca/custom/python/wheelhouse/generic
Requirement already satisfied: graphviz in /home/js17sy/.local/lib/python3.10/site-packages (0.20)
127; python ga.py 5 768N_graph5.dat 0.025 0.01 0.7 0.7 0.3 201 768N_graph5strictgen2rem70_ 199927
/project/6008788/js17sy/reopenga/768a/ga.py:291: DeprecationWarning: Sampling from a set deprecated
since Python 3.9 and will be removed in a subsequent version.
  child1 = set(random.sample(
gen >0, new best = 474.300
gen >0, new best = 470.100
gen >0, new best = 422.700
gen >0, new best = 421.300
gen >0, new best = 367.400
gen: 0 best: 367.4 mean: 496.4181592039801
gen: 1 best: 367.4 mean: 495.2363184079602
gen >2, new best = 314.700
gen: 2 best: 314.7 mean: 479.04676616915424
gen: 3 best: 314.7 mean: 469.8721393034826
gen: 4 best: 314.7 mean: 468.1960199004975
gen: 5 best: 314.7 mean: 456.63084577114427
gen: 6 best: 314.7 mean: 454.0820895522388
gen: 7 best: 314.7 mean: 451.0676616915423
gen: 8 best: 314.7 mean: 443.8388059701493
gen: 9 best: 314.7 mean: 440.8203980099502
gen: 10 best: 314.7 mean: 440.44278606965173
gen: 11 best: 314.7 mean: 436.29950248756217
gen: 12 best: 314.7 mean: 431.4223880597015
gen: 13 best: 314.7 mean: 428.2582089552239
gen >14, new best = 310.300
gen: 14 best: 310.3 mean: 419.89353233830843
gen: 15 best: 310.3 mean: 416.8273631840796
gen: 16 best: 310.3 mean: 416.1467661691542
gen >17, new best = 308.500
gen: 17 best: 308.5 mean: 407.9671641791045
gen >18, new best = 286.100
gen: 18 best: 286.1 mean: 402.09303482587063
gen: 19 best: 286.1 mean: 403.3353233830846
gen: 20 best: 286.1 mean: 400.0004975124378
gen: 21 best: 286.1 mean: 397.7691542288557
gen: 22 best: 286.1 mean: 393.21343283582087
gen: 23 best: 286.1 mean: 389.42388059701494
gen: 24 best: 286.1 mean: 392.8407960199005
gen: 25 best: 286.1 mean: 386.46119402985073
gen >26, new best = 282.700
gen: 26 best: 282.7 mean: 382.0880597014925
gen: 27 best: 282.7 mean: 383.13880597014924
gen: 28 best: 282.7 mean: 373.5950248756219
gen >29, new best = 274.800
gen: 29 best: 274.8 mean: 378.83980099502486
gen: 30 best: 274.8 mean: 375.6761194029851
gen: 31 best: 274.8 mean: 371.7651741293532
gen: 32 best: 274.8 mean: 374.7910447761194
gen >33, new best = 271.100
gen: 33 best: 271.1 mean: 368.62388059701493
gen >34, new best = 269.000
gen: 34 best: 269.0 mean: 369.35621890547264
gen: 35 best: 269.0 mean: 368.49353233830846
gen: 36 best: 269.0 mean: 365.7587064676617
gen: 37 best: 269.0 mean: 366.7955223880597
gen: 38 best: 269.0 mean: 364.37412935323385
gen: 39 best: 269.0 mean: 365.44228855721394
gen: 40 best: 269.0 mean: 364.08358208955224
gen: 41 best: 269.0 mean: 363.7238805970149
gen: 42 best: 269.0 mean: 361.4497512437811
gen: 43 best: 269.0 mean: 362.14726368159205
gen: 44 best: 269.0 mean: 354.1900497512438
gen: 45 best: 269.0 mean: 352.82089552238807
gen: 46 best: 269.0 mean: 357.99203980099503
gen >47, new best = 265.700
gen: 47 best: 265.7 mean: 354.69701492537314
gen: 48 best: 265.7 mean: 352.22587064676617
gen: 49 best: 265.7 mean: 353.1771144278607
gen: 50 best: 265.7 mean: 350.6467661691542
gen: 51 best: 265.7 mean: 350.27960199004974
gen: 52 best: 265.7 mean: 350.0880597014925
gen: 53 best: 265.7 mean: 348.55273631840794
gen: 54 best: 265.7 mean: 350.3358208955224
gen: 55 best: 265.7 mean: 349.6611940298507
gen: 56 best: 265.7 mean: 351.4064676616915
gen: 57 best: 265.7 mean: 352.9492537313433
gen: 58 best: 265.7 mean: 351.12885572139305
gen: 59 best: 265.7 mean: 350.8810945273632
gen: 60 best: 265.7 mean: 347.9492537313433
gen: 61 best: 265.7 mean: 348.6134328358209
gen: 62 best: 265.7 mean: 341.68955223880596
gen: 63 best: 265.7 mean: 343.8039800995025
gen: 64 best: 265.7 mean: 341.72587064676617
gen: 65 best: 265.7 mean: 344.17512437810944
gen: 66 best: 265.7 mean: 340.82885572139304
gen: 67 best: 265.7 mean: 343.07960199004975
gen: 68 best: 265.7 mean: 338.83980099502486
gen >69, new best = 261.700
gen: 69 best: 261.7 mean: 340.210447761194
gen: 70 best: 261.7 mean: 339.5049751243781
gen: 71 best: 261.7 mean: 339.3388059701493
gen: 72 best: 261.7 mean: 339.2990049751244
gen: 73 best: 261.7 mean: 338.46268656716416
gen >74, new best = 252.900
gen: 74 best: 252.9 mean: 336.49303482587067
gen: 75 best: 252.9 mean: 332.86915422885573
gen: 76 best: 252.9 mean: 332.84776119402983
gen: 77 best: 252.9 mean: 337.12338308457714
gen: 78 best: 252.9 mean: 335.51144278606967
gen: 79 best: 252.9 mean: 331.6810945273632
gen: 80 best: 252.9 mean: 333.41691542288555
gen: 81 best: 252.9 mean: 334.27562189054726
gen: 82 best: 252.9 mean: 334.67910447761193
gen: 83 best: 252.9 mean: 334.9034825870647
gen: 84 best: 252.9 mean: 334.4492537313433
gen: 85 best: 252.9 mean: 334.2691542288557
gen: 86 best: 252.9 mean: 333.5995024875622
gen: 87 best: 252.9 mean: 334.11144278606963
gen: 88 best: 252.9 mean: 333.24477611940296
gen: 89 best: 252.9 mean: 333.64776119402984
gen: 90 best: 252.9 mean: 331.91691542288555
gen: 91 best: 252.9 mean: 333.37960199004976
gen: 92 best: 252.9 mean: 334.5910447761194
gen: 93 best: 252.9 mean: 335.8592039800995
gen: 94 best: 252.9 mean: 331.12985074626863
gen: 95 best: 252.9 mean: 332.9044776119403
gen: 96 best: 252.9 mean: 331.57412935323384
gen: 97 best: 252.9 mean: 330.2363184079602
gen: 98 best: 252.9 mean: 332.081592039801
gen: 99 best: 252.9 mean: 328.61641791044775
[10, 9, 8, 8, 8, 8, 9, 8, 8, 10, 9, 8, 8, 8, 10, 8, 9, 8, 9, 7, 10, 9, 8, 8, 10, 8, 8, 8, 8, 9, 11, 7, 7, 7, 10, 9, 9, 10, 8, 10, 7, 11, 8, 8, 8, 7, 7, 9, 8, 8]
Test count of edges: 1403
cat
