Defaulting to user installation because normal site-packages is not writeable
Looking in links: /cvmfs/soft.computecanada.ca/custom/python/wheelhouse/gentoo/avx2, /cvmfs/soft.computecanada.ca/custom/python/wheelhouse/gentoo/generic, /cvmfs/soft.computecanada.ca/custom/python/wheelhouse/generic
Requirement already satisfied: graphviz in /home/js17sy/.local/lib/python3.10/site-packages (0.20)
505; python ga.py 5 768N_graph5.dat 0.075 0.03 0.7 0.7 0.3 201 768N_graph5laxgen2rem70_ 714025
/project/6008788/js17sy/reopenga/768a/ga.py:291: DeprecationWarning: Sampling from a set deprecated
since Python 3.9 and will be removed in a subsequent version.
  child1 = set(random.sample(
gen >0, new best = 478.800
gen >0, new best = 473.200
gen >0, new best = 465.000
gen >0, new best = 453.800
gen >0, new best = 443.300
gen >0, new best = 442.100
gen: 0 best: 442.1 mean: 494.92661691542287
gen >1, new best = 421.900
gen >1, new best = 420.500
gen: 1 best: 420.5 mean: 488.3298507462687
gen >2, new best = 418.500
gen: 2 best: 418.5 mean: 482.2731343283582
gen: 3 best: 418.5 mean: 473.34179104477613
gen >4, new best = 416.900
gen >4, new best = 415.100
gen >4, new best = 410.300
gen: 4 best: 410.3 mean: 467.16069651741293
gen: 5 best: 410.3 mean: 465.52885572139303
gen >6, new best = 403.900
gen: 6 best: 403.9 mean: 461.40248756218904
gen: 7 best: 403.9 mean: 458.7164179104478
gen: 8 best: 403.9 mean: 454.86915422885573
gen: 9 best: 403.9 mean: 450.8975124378109
gen >10, new best = 395.200
gen: 10 best: 395.2 mean: 451.4800995024876
gen: 11 best: 395.2 mean: 449.06318407960197
gen: 12 best: 395.2 mean: 447.6542288557214
gen >13, new best = 394.100
gen: 13 best: 394.1 mean: 448.29203980099504
gen >14, new best = 384.400
gen: 14 best: 384.4 mean: 443.33084577114425
gen: 15 best: 384.4 mean: 444.45870646766167
gen: 16 best: 384.4 mean: 440.09253731343284
gen: 17 best: 384.4 mean: 440.99004975124376
gen: 18 best: 384.4 mean: 439.5601990049751
gen: 19 best: 384.4 mean: 439.4417910447761
gen: 20 best: 384.4 mean: 435.08855721393036
gen >21, new best = 383.500
gen: 21 best: 383.5 mean: 437.37661691542286
gen >22, new best = 378.200
gen: 22 best: 378.2 mean: 433.5164179104478
gen: 23 best: 378.2 mean: 434.52835820895524
gen: 24 best: 378.2 mean: 432.14029850746266
gen >25, new best = 375.700
gen: 25 best: 375.7 mean: 431.8955223880597
gen: 26 best: 375.7 mean: 432.53930348258706
gen: 27 best: 375.7 mean: 431.3512437810945
gen: 28 best: 375.7 mean: 427.9358208955224
gen: 29 best: 375.7 mean: 430.3532338308458
gen: 30 best: 375.7 mean: 430.5417910447761
gen: 31 best: 375.7 mean: 428.81990049751244
gen: 32 best: 375.7 mean: 431.46965174129355
gen: 33 best: 375.7 mean: 428.6298507462687
gen >34, new best = 371.800
gen: 34 best: 371.8 mean: 424.8373134328358
gen: 35 best: 371.8 mean: 420.89850746268655
gen: 36 best: 371.8 mean: 422.2681592039801
gen: 37 best: 371.8 mean: 422.06318407960197
gen >38, new best = 371.400
gen: 38 best: 371.4 mean: 418.83034825870647
gen: 39 best: 371.4 mean: 421.30746268656713
gen: 40 best: 371.4 mean: 418.37064676616916
gen: 41 best: 371.4 mean: 419.71343283582087
gen: 42 best: 371.4 mean: 417.9179104477612
gen: 43 best: 371.4 mean: 417.00995024875624
gen: 44 best: 371.4 mean: 416.9651741293532
gen >45, new best = 368.200
gen: 45 best: 368.2 mean: 416.05721393034827
gen: 46 best: 368.2 mean: 416.5124378109453
gen: 47 best: 368.2 mean: 416.0238805970149
gen: 48 best: 368.2 mean: 415.40746268656716
gen: 49 best: 368.2 mean: 416.12139303482587
gen: 50 best: 368.2 mean: 416.3716417910448
gen: 51 best: 368.2 mean: 416.60149253731345
gen: 52 best: 368.2 mean: 410.77014925373135
gen: 53 best: 368.2 mean: 415.2437810945274
gen: 54 best: 368.2 mean: 415.2129353233831
gen: 55 best: 368.2 mean: 415.38855721393037
gen: 56 best: 368.2 mean: 414.6796019900498
gen: 57 best: 368.2 mean: 414.47014925373134
gen: 58 best: 368.2 mean: 412.3587064676617
gen >59, new best = 365.000
gen: 59 best: 365.0 mean: 410.7800995024876
gen: 60 best: 365.0 mean: 411.5915422885572
gen: 61 best: 365.0 mean: 410.4179104477612
gen: 62 best: 365.0 mean: 412.6995024875622
gen: 63 best: 365.0 mean: 410.12935323383084
gen: 64 best: 365.0 mean: 411.49203980099503
gen: 65 best: 365.0 mean: 412.5626865671642
gen: 66 best: 365.0 mean: 411.1497512437811
gen: 67 best: 365.0 mean: 407.19900497512435
gen: 68 best: 365.0 mean: 409.2497512437811
gen: 69 best: 365.0 mean: 410.5810945273632
gen: 70 best: 365.0 mean: 408.48258706467664
gen: 71 best: 365.0 mean: 408.7955223880597
gen: 72 best: 365.0 mean: 409.6268656716418
gen: 73 best: 365.0 mean: 409.5537313432836
gen: 74 best: 365.0 mean: 408.5084577114428
gen: 75 best: 365.0 mean: 406.57064676616915
gen >76, new best = 363.100
gen: 76 best: 363.1 mean: 406.7950248756219
gen: 77 best: 363.1 mean: 408.39353233830843
gen: 78 best: 363.1 mean: 407.55621890547263
gen: 79 best: 363.1 mean: 407.9651741293532
gen: 80 best: 363.1 mean: 405.5626865671642
gen: 81 best: 363.1 mean: 406.67114427860696
gen: 82 best: 363.1 mean: 404.1960199004975
gen: 83 best: 363.1 mean: 405.94825870646764
gen >84, new best = 361.700
gen: 84 best: 361.7 mean: 406.6587064676617
gen >85, new best = 356.400
gen: 85 best: 356.4 mean: 406.1636815920398
gen: 86 best: 356.4 mean: 404.12537313432836
gen: 87 best: 356.4 mean: 405.74776119402986
gen: 88 best: 356.4 mean: 403.38706467661694
gen: 89 best: 356.4 mean: 405.8557213930348
gen: 90 best: 356.4 mean: 405.65223880597017
gen: 91 best: 356.4 mean: 404.8716417910448
gen: 92 best: 356.4 mean: 405.5189054726368
gen: 93 best: 356.4 mean: 404.29800995024874
gen: 94 best: 356.4 mean: 403.89253731343285
gen: 95 best: 356.4 mean: 404.7139303482587
gen: 96 best: 356.4 mean: 404.5492537313433
gen: 97 best: 356.4 mean: 405.92587064676616
gen: 98 best: 356.4 mean: 404.83084577114425
gen: 99 best: 356.4 mean: 405.0383084577114
[6, 6, 6, 7, 7, 7, 6, 6, 7, 7, 7, 7, 7, 6, 7, 5, 6, 7, 8, 8, 7, 7, 7, 7, 7, 5, 6, 7, 7, 7, 7, 6, 6, 6, 7, 6, 7, 7, 6, 7, 6, 6, 6, 7, 7, 6, 7, 7, 6, 6]
Test count of edges: 1407
cat
