Defaulting to user installation because normal site-packages is not writeable
Looking in links: /cvmfs/soft.computecanada.ca/custom/python/wheelhouse/gentoo/avx2, /cvmfs/soft.computecanada.ca/custom/python/wheelhouse/gentoo/generic, /cvmfs/soft.computecanada.ca/custom/python/wheelhouse/generic
Requirement already satisfied: graphviz in /home/js17sy/.local/lib/python3.10/site-packages (0.20)
122; python ga.py 5 768N_graph5.dat 0.025 0.01 0.7 0.7 0.3 201 768N_graph5strictgen2rem70_ 57122
/project/6008788/js17sy/reopenga/768a/ga.py:291: DeprecationWarning: Sampling from a set deprecated
since Python 3.9 and will be removed in a subsequent version.
  child1 = set(random.sample(
gen >0, new best = 416.300
gen >0, new best = 369.000
gen: 0 best: 369.0 mean: 498.602487562189
gen >1, new best = 326.600
gen: 1 best: 326.6 mean: 488.72039800995026
gen: 2 best: 326.6 mean: 480.181592039801
gen: 3 best: 326.6 mean: 479.6487562189055
gen: 4 best: 326.6 mean: 467.8457711442786
gen: 5 best: 326.6 mean: 463.5492537313433
gen: 6 best: 326.6 mean: 459.1009950248756
gen: 7 best: 326.6 mean: 455.60696517412936
gen: 8 best: 326.6 mean: 450.2323383084577
gen: 9 best: 326.6 mean: 442.3995024875622
gen: 10 best: 326.6 mean: 436.9004975124378
gen >11, new best = 319.700
gen: 11 best: 319.7 mean: 436.95721393034825
gen: 12 best: 319.7 mean: 419.05970149253733
gen: 13 best: 319.7 mean: 427.3054726368159
gen: 14 best: 319.7 mean: 419.36218905472634
gen: 15 best: 319.7 mean: 413.5
gen >16, new best = 307.500
gen: 16 best: 307.5 mean: 408.9691542288557
gen >17, new best = 305.800
gen: 17 best: 305.8 mean: 405.8771144278607
gen >18, new best = 292.300
gen: 18 best: 292.3 mean: 401.9761194029851
gen: 19 best: 292.3 mean: 395.01044776119403
gen: 20 best: 292.3 mean: 389.3114427860697
gen: 21 best: 292.3 mean: 388.0124378109453
gen: 22 best: 292.3 mean: 387.90547263681594
gen: 23 best: 292.3 mean: 389.5268656716418
gen >24, new best = 272.300
gen: 24 best: 272.3 mean: 385.49701492537315
gen: 25 best: 272.3 mean: 384.06865671641793
gen: 26 best: 272.3 mean: 378.8880597014925
gen: 27 best: 272.3 mean: 376.67512437810944
gen: 28 best: 272.3 mean: 376.7407960199005
gen: 29 best: 272.3 mean: 378.9835820895522
gen: 30 best: 272.3 mean: 374.43482587064676
gen: 31 best: 272.3 mean: 370.8373134328358
gen: 32 best: 272.3 mean: 373.3099502487562
gen: 33 best: 272.3 mean: 369.7592039800995
gen: 34 best: 272.3 mean: 364.64776119402984
gen: 35 best: 272.3 mean: 365.3442786069652
gen: 36 best: 272.3 mean: 362.8865671641791
gen: 37 best: 272.3 mean: 370.39353233830843
gen: 38 best: 272.3 mean: 365.6243781094527
gen: 39 best: 272.3 mean: 362.89452736318407
gen >40, new best = 269.300
gen: 40 best: 269.3 mean: 360.4119402985075
gen: 41 best: 269.3 mean: 360.77910447761195
gen: 42 best: 269.3 mean: 356.9547263681592
gen: 43 best: 269.3 mean: 359.8422885572139
gen: 44 best: 269.3 mean: 359.50099502487564
gen: 45 best: 269.3 mean: 354.05273631840794
gen: 46 best: 269.3 mean: 356.7820895522388
gen: 47 best: 269.3 mean: 355.0805970149254
gen: 48 best: 269.3 mean: 352.6761194029851
gen: 49 best: 269.3 mean: 354.47711442786067
gen: 50 best: 269.3 mean: 355.6597014925373
gen: 51 best: 269.3 mean: 354.1830845771144
gen: 52 best: 269.3 mean: 351.07910447761196
gen: 53 best: 269.3 mean: 354.326368159204
gen: 54 best: 269.3 mean: 350.90149253731346
gen: 55 best: 269.3 mean: 351.8228855721393
gen: 56 best: 269.3 mean: 351.2950248756219
gen: 57 best: 269.3 mean: 347.58308457711445
gen: 58 best: 269.3 mean: 351.40796019900495
gen >59, new best = 266.800
gen: 59 best: 266.8 mean: 350.1925373134328
gen >60, new best = 266.400
gen: 60 best: 266.4 mean: 345.18905472636817
gen: 61 best: 266.4 mean: 351.0721393034826
gen: 62 best: 266.4 mean: 348.8850746268657
gen >63, new best = 261.700
gen: 63 best: 261.7 mean: 345.69303482587065
gen: 64 best: 261.7 mean: 347.9134328358209
gen: 65 best: 261.7 mean: 346.63482587064675
gen: 66 best: 261.7 mean: 347.73532338308456
gen: 67 best: 261.7 mean: 346.86218905472634
gen: 68 best: 261.7 mean: 345.5751243781095
gen: 69 best: 261.7 mean: 346.9870646766169
gen: 70 best: 261.7 mean: 346.07462686567163
gen: 71 best: 261.7 mean: 345.00646766169154
gen: 72 best: 261.7 mean: 346.5139303482587
gen: 73 best: 261.7 mean: 342.5661691542289
gen: 74 best: 261.7 mean: 342.1517412935323
gen: 75 best: 261.7 mean: 342.33034825870647
gen: 76 best: 261.7 mean: 343.1084577114428
gen: 77 best: 261.7 mean: 342.47363184079603
gen: 78 best: 261.7 mean: 341.3960199004975
gen: 79 best: 261.7 mean: 343.0681592039801
gen: 80 best: 261.7 mean: 340.7228855721393
gen: 81 best: 261.7 mean: 340.9910447761194
gen: 82 best: 261.7 mean: 339.16019900497514
gen: 83 best: 261.7 mean: 339.83781094527365
gen: 84 best: 261.7 mean: 340.836815920398
gen: 85 best: 261.7 mean: 339.607960199005
gen: 86 best: 261.7 mean: 338.73333333333335
gen: 87 best: 261.7 mean: 338.8258706467662
gen: 88 best: 261.7 mean: 337.6179104477612
gen: 89 best: 261.7 mean: 340.82089552238807
gen: 90 best: 261.7 mean: 336.24228855721395
gen: 91 best: 261.7 mean: 340.5875621890547
gen: 92 best: 261.7 mean: 340.4577114427861
gen: 93 best: 261.7 mean: 338.32935323383083
gen: 94 best: 261.7 mean: 339.7144278606965
gen: 95 best: 261.7 mean: 337.618407960199
gen: 96 best: 261.7 mean: 340.59203980099505
gen: 97 best: 261.7 mean: 337.9577114427861
gen: 98 best: 261.7 mean: 336.55970149253733
gen: 99 best: 261.7 mean: 338.6626865671642
[8, 8, 8, 8, 7, 8, 8, 9, 10, 8, 12, 8, 8, 8, 8, 12, 8, 7, 7, 9, 8, 8, 9, 8, 8, 8, 9, 10, 11, 8, 9, 9, 8, 7, 10, 9, 8, 8, 9, 8, 9, 10, 10, 10, 11, 9, 8]
Test count of edges: 1398
cat
