Defaulting to user installation because normal site-packages is not writeable
Looking in links: /cvmfs/soft.computecanada.ca/custom/python/wheelhouse/gentoo/avx2, /cvmfs/soft.computecanada.ca/custom/python/wheelhouse/gentoo/generic, /cvmfs/soft.computecanada.ca/custom/python/wheelhouse/generic
Requirement already satisfied: graphviz in /home/js17sy/.local/lib/python3.10/site-packages (0.20)
29; python ga.py 5 768N_graph5.dat 0.025 0.01 0.5 0.5 0.5 201 768N_graph5strictgen1rem50_ 828269
/project/6008788/js17sy/reopenga/768a/ga.py:291: DeprecationWarning: Sampling from a set deprecated
since Python 3.9 and will be removed in a subsequent version.
  child1 = set(random.sample(
gen >0, new best = 457.500
gen >0, new best = 442.000
gen >0, new best = 440.100
gen >0, new best = 432.200
gen >0, new best = 428.700
gen: 0 best: 428.7 mean: 453.90597014925373
gen: 1 best: 428.7 mean: 453.0676616915423
gen >2, new best = 426.800
gen >2, new best = 423.300
gen: 2 best: 423.3 mean: 450.38955223880595
gen >3, new best = 422.300
gen: 3 best: 422.3 mean: 450.48258706467664
gen: 4 best: 422.3 mean: 450.28507462686565
gen: 5 best: 422.3 mean: 450.018407960199
gen: 6 best: 422.3 mean: 449.0860696517413
gen >7, new best = 418.800
gen: 7 best: 418.8 mean: 448.373631840796
gen: 8 best: 418.8 mean: 447.15621890547266
gen: 9 best: 418.8 mean: 446.9303482587065
gen: 10 best: 418.8 mean: 445.7721393034826
gen >11, new best = 414.400
gen: 11 best: 414.4 mean: 443.9985074626866
gen: 12 best: 414.4 mean: 445.2348258706468
gen: 13 best: 414.4 mean: 444.6681592039801
gen: 14 best: 414.4 mean: 443.93283582089555
gen: 15 best: 414.4 mean: 443.01940298507463
gen: 16 best: 414.4 mean: 443.0323383084577
gen: 17 best: 414.4 mean: 442.79353233830847
gen: 18 best: 414.4 mean: 442.8726368159204
gen: 19 best: 414.4 mean: 441.38358208955225
gen: 20 best: 414.4 mean: 440.16019900497514
gen >21, new best = 411.000
gen: 21 best: 411.0 mean: 440.41641791044776
gen >22, new best = 408.800
gen: 22 best: 408.8 mean: 439.50995024875624
gen: 23 best: 408.8 mean: 440.136815920398
gen: 24 best: 408.8 mean: 439.036815920398
gen: 25 best: 408.8 mean: 439.4830845771144
gen: 26 best: 408.8 mean: 439.05174129353236
gen: 27 best: 408.8 mean: 438.9855721393035
gen: 28 best: 408.8 mean: 439.7681592039801
gen >29, new best = 400.900
gen: 29 best: 400.9 mean: 438.3766169154229
gen: 30 best: 400.9 mean: 438.6303482587065
gen: 31 best: 400.9 mean: 438.0776119402985
gen: 32 best: 400.9 mean: 437.8
gen: 33 best: 400.9 mean: 437.781592039801
gen: 34 best: 400.9 mean: 437.1094527363184
gen: 35 best: 400.9 mean: 434.57014925373136
gen: 36 best: 400.9 mean: 435.4691542288557
gen: 37 best: 400.9 mean: 434.0258706467662
gen: 38 best: 400.9 mean: 433.3756218905473
gen: 39 best: 400.9 mean: 433.2233830845771
gen: 40 best: 400.9 mean: 434.2621890547264
gen: 41 best: 400.9 mean: 433.06119402985075
gen: 42 best: 400.9 mean: 432.2636815920398
gen: 43 best: 400.9 mean: 432.3462686567164
gen: 44 best: 400.9 mean: 432.68358208955226
gen: 45 best: 400.9 mean: 433.24825870646765
gen >46, new best = 400.500
gen: 46 best: 400.5 mean: 431.58407960199
gen >47, new best = 399.300
gen: 47 best: 399.3 mean: 430.79253731343283
gen: 48 best: 399.3 mean: 429.4467661691542
gen >49, new best = 395.300
gen: 49 best: 395.3 mean: 428.29800995024874
gen: 50 best: 395.3 mean: 428.5149253731343
gen: 51 best: 395.3 mean: 428.67910447761193
gen: 52 best: 395.3 mean: 428.3149253731343
gen: 53 best: 395.3 mean: 425.7512437810945
gen: 54 best: 395.3 mean: 427.5417910447761
gen: 55 best: 395.3 mean: 426.6179104477612
gen: 56 best: 395.3 mean: 426.4154228855721
gen: 57 best: 395.3 mean: 426.62189054726366
gen >58, new best = 394.900
gen: 58 best: 394.9 mean: 425.60348258706466
gen >59, new best = 391.600
gen: 59 best: 391.6 mean: 425.4044776119403
gen: 60 best: 391.6 mean: 424.7562189054726
gen: 61 best: 391.6 mean: 425.2437810945274
gen: 62 best: 391.6 mean: 425.11044776119405
gen: 63 best: 391.6 mean: 425.45124378109455
gen: 64 best: 391.6 mean: 424.6517412935323
gen: 65 best: 391.6 mean: 425.4965174129353
gen: 66 best: 391.6 mean: 423.3995024875622
gen: 67 best: 391.6 mean: 422.47711442786067
gen: 68 best: 391.6 mean: 423.0164179104478
gen: 69 best: 391.6 mean: 423.5169154228856
gen: 70 best: 391.6 mean: 424.43283582089555
gen: 71 best: 391.6 mean: 423.192039800995
gen: 72 best: 391.6 mean: 424.02537313432833
gen >73, new best = 389.700
gen: 73 best: 389.7 mean: 422.9398009950249
gen: 74 best: 389.7 mean: 422.7218905472637
gen: 75 best: 389.7 mean: 423.6502487562189
gen: 76 best: 389.7 mean: 422.7855721393035
gen >77, new best = 388.600
gen: 77 best: 388.6 mean: 423.1139303482587
gen >78, new best = 385.200
gen: 78 best: 385.2 mean: 421.2776119402985
gen: 79 best: 385.2 mean: 422.20049751243783
gen: 80 best: 385.2 mean: 422.5089552238806
gen: 81 best: 385.2 mean: 423.93482587064676
gen: 82 best: 385.2 mean: 421.84278606965177
gen: 83 best: 385.2 mean: 421.7547263681592
gen: 84 best: 385.2 mean: 420.1855721393035
gen: 85 best: 385.2 mean: 421.2402985074627
gen: 86 best: 385.2 mean: 420.744776119403
gen: 87 best: 385.2 mean: 421.8661691542288
gen: 88 best: 385.2 mean: 421.1094527363184
gen: 89 best: 385.2 mean: 421.51144278606967
gen: 90 best: 385.2 mean: 421.96616915422885
gen: 91 best: 385.2 mean: 423.0716417910448
gen: 92 best: 385.2 mean: 420.4029850746269
gen: 93 best: 385.2 mean: 421.2497512437811
gen: 94 best: 385.2 mean: 418.49800995024873
gen: 95 best: 385.2 mean: 418.6726368159204
gen: 96 best: 385.2 mean: 420.2044776119403
gen: 97 best: 385.2 mean: 421.3606965174129
gen >98, new best = 382.600
gen: 98 best: 382.6 mean: 420.34676616915425
gen: 99 best: 382.6 mean: 419.8094527363184
[10, 8, 9, 8, 11, 10, 9, 10, 9, 8, 9, 9, 10, 9, 10, 11, 11, 9, 9, 10, 9, 9, 10, 10, 12, 10, 10, 10, 9, 8, 10, 10, 10, 11, 10, 12, 9, 9, 10, 11, 10, 9, 9, 9, 10, 9, 9, 9]
Test count of edges: 2342
cat
