Defaulting to user installation because normal site-packages is not writeable
Looking in links: /cvmfs/soft.computecanada.ca/custom/python/wheelhouse/gentoo/avx2, /cvmfs/soft.computecanada.ca/custom/python/wheelhouse/gentoo/generic, /cvmfs/soft.computecanada.ca/custom/python/wheelhouse/generic
Requirement already satisfied: graphviz in /home/js17sy/.local/lib/python3.10/site-packages (0.20)
470; python ga.py 5 768N_graph5.dat 0.075 0.03 0.7 0.5 0.5 201 768N_graph5laxgen1rem70_ 571220
/project/6008788/js17sy/reopenga/768a/ga.py:291: DeprecationWarning: Sampling from a set deprecated
since Python 3.9 and will be removed in a subsequent version.
  child1 = set(random.sample(
gen >0, new best = 469.900
gen >0, new best = 462.300
gen >0, new best = 450.400
gen >0, new best = 433.100
gen >0, new best = 423.300
gen: 0 best: 423.3 mean: 493.06517412935324
gen: 1 best: 423.3 mean: 486.69353233830844
gen: 2 best: 423.3 mean: 481.05174129353236
gen: 3 best: 423.3 mean: 475.8830845771144
gen >4, new best = 421.600
gen: 4 best: 421.6 mean: 472.85273631840795
gen >5, new best = 404.900
gen: 5 best: 404.9 mean: 471.9855721393035
gen: 6 best: 404.9 mean: 471.16616915422884
gen: 7 best: 404.9 mean: 466.98457711442785
gen: 8 best: 404.9 mean: 464.3144278606965
gen: 9 best: 404.9 mean: 461.39800995024876
gen: 10 best: 404.9 mean: 459.58905472636815
gen >11, new best = 401.400
gen: 11 best: 401.4 mean: 456.7124378109453
gen: 12 best: 401.4 mean: 451.928855721393
gen: 13 best: 401.4 mean: 452.79353233830847
gen: 14 best: 401.4 mean: 451.10646766169157
gen: 15 best: 401.4 mean: 451.4706467661692
gen: 16 best: 401.4 mean: 447.9691542288557
gen >17, new best = 398.900
gen >17, new best = 383.700
gen: 17 best: 383.7 mean: 448.1761194029851
gen: 18 best: 383.7 mean: 449.0278606965174
gen: 19 best: 383.7 mean: 444.54328358208954
gen: 20 best: 383.7 mean: 441.77960199004974
gen: 21 best: 383.7 mean: 441.01542288557215
gen: 22 best: 383.7 mean: 440.6442786069652
gen: 23 best: 383.7 mean: 439.6701492537313
gen: 24 best: 383.7 mean: 439.0407960199005
gen: 25 best: 383.7 mean: 439.7452736318408
gen: 26 best: 383.7 mean: 439.46218905472637
gen: 27 best: 383.7 mean: 436.29004975124377
gen >28, new best = 383.600
gen: 28 best: 383.6 mean: 434.1004975124378
gen: 29 best: 383.6 mean: 431.58009950248754
gen: 30 best: 383.6 mean: 433.0696517412935
gen: 31 best: 383.6 mean: 431.1363184079602
gen >32, new best = 382.800
gen: 32 best: 382.8 mean: 432.46069651741294
gen: 33 best: 382.8 mean: 429.5199004975124
gen: 34 best: 382.8 mean: 428.7223880597015
gen: 35 best: 382.8 mean: 427.82885572139304
gen: 36 best: 382.8 mean: 425.12338308457714
gen: 37 best: 382.8 mean: 427.1223880597015
gen: 38 best: 382.8 mean: 426.2139303482587
gen >39, new best = 376.400
gen: 39 best: 376.4 mean: 425.53383084577115
gen: 40 best: 376.4 mean: 426.3771144278607
gen: 41 best: 376.4 mean: 424.28855721393035
gen: 42 best: 376.4 mean: 423.9393034825871
gen: 43 best: 376.4 mean: 422.9985074626866
gen: 44 best: 376.4 mean: 423.5905472636816
gen: 45 best: 376.4 mean: 420.0587064676617
gen >46, new best = 374.300
gen: 46 best: 374.3 mean: 422.1134328358209
gen: 47 best: 374.3 mean: 422.2776119402985
gen: 48 best: 374.3 mean: 421.5970149253731
gen: 49 best: 374.3 mean: 421.7228855721393
gen: 50 best: 374.3 mean: 420.03880597014927
gen >51, new best = 368.700
gen: 51 best: 368.7 mean: 418.5915422885572
gen: 52 best: 368.7 mean: 419.52885572139303
gen: 53 best: 368.7 mean: 418.4875621890547
gen >54, new best = 365.000
gen: 54 best: 365.0 mean: 417.77064676616914
gen: 55 best: 365.0 mean: 415.8626865671642
gen: 56 best: 365.0 mean: 416.5094527363184
gen: 57 best: 365.0 mean: 418.6208955223881
gen: 58 best: 365.0 mean: 414.8950248756219
gen: 59 best: 365.0 mean: 417.0089552238806
gen: 60 best: 365.0 mean: 415.0144278606965
gen: 61 best: 365.0 mean: 415.3686567164179
gen: 62 best: 365.0 mean: 415.95124378109455
gen: 63 best: 365.0 mean: 413.9776119402985
gen >64, new best = 360.800
gen: 64 best: 360.8 mean: 414.44228855721394
gen: 65 best: 360.8 mean: 411.69751243781093
gen: 66 best: 360.8 mean: 412.53980099502485
gen: 67 best: 360.8 mean: 414.48258706467664
gen >68, new best = 358.100
gen: 68 best: 358.1 mean: 414.67910447761193
gen: 69 best: 358.1 mean: 413.3492537313433
gen: 70 best: 358.1 mean: 412.6781094527363
gen: 71 best: 358.1 mean: 413.892039800995
gen: 72 best: 358.1 mean: 413.4870646766169
gen: 73 best: 358.1 mean: 411.19154228855723
gen: 74 best: 358.1 mean: 414.6945273631841
gen: 75 best: 358.1 mean: 409.88905472636816
gen: 76 best: 358.1 mean: 411.8054726368159
gen: 77 best: 358.1 mean: 412.265671641791
gen: 78 best: 358.1 mean: 408.9965174129353
gen: 79 best: 358.1 mean: 412.11990049751245
gen: 80 best: 358.1 mean: 412.02835820895524
gen: 81 best: 358.1 mean: 412.86567164179104
gen: 82 best: 358.1 mean: 410.09751243781096
gen: 83 best: 358.1 mean: 410.85671641791043
gen: 84 best: 358.1 mean: 412.3189054726368
gen: 85 best: 358.1 mean: 411.61293532338306
gen: 86 best: 358.1 mean: 410.252736318408
gen: 87 best: 358.1 mean: 409.7323383084577
gen: 88 best: 358.1 mean: 411.12039800995024
gen: 89 best: 358.1 mean: 409.9457711442786
gen: 90 best: 358.1 mean: 409.4099502487562
gen: 91 best: 358.1 mean: 409.33930348258707
gen: 92 best: 358.1 mean: 407.96019900497515
gen: 93 best: 358.1 mean: 407.61094527363184
gen: 94 best: 358.1 mean: 406.31243781094526
gen: 95 best: 358.1 mean: 408.80646766169156
gen: 96 best: 358.1 mean: 407.10696517412936
gen: 97 best: 358.1 mean: 409.4706467661692
gen: 98 best: 358.1 mean: 408.718407960199
gen: 99 best: 358.1 mean: 406.11641791044775
[6, 7, 7, 6, 6, 6, 6, 7, 7, 6, 7, 7, 7, 6, 7, 6, 6, 6, 7, 7, 6, 6, 6, 6, 7, 6, 7, 6, 6, 7, 7, 8, 7, 6, 7, 7, 6, 6, 7, 6, 6, 6, 7, 6, 7, 6, 7, 7, 5, 7]
Test count of edges: 1416
cat
