Defaulting to user installation because normal site-packages is not writeable
Looking in links: /cvmfs/soft.computecanada.ca/custom/python/wheelhouse/gentoo/avx2, /cvmfs/soft.computecanada.ca/custom/python/wheelhouse/gentoo/generic, /cvmfs/soft.computecanada.ca/custom/python/wheelhouse/generic
Requirement already satisfied: graphviz in /home/js17sy/.local/lib/python3.10/site-packages (0.20)
138; python ga.py 5 768N_graph5.dat 0.025 0.01 0.7 0.7 0.3 201 768N_graph5strictgen2rem70_ 514098
/project/6008788/js17sy/reopenga/768a/ga.py:291: DeprecationWarning: Sampling from a set deprecated
since Python 3.9 and will be removed in a subsequent version.
  child1 = set(random.sample(
gen >0, new best = 412.800
gen >0, new best = 398.800
gen >0, new best = 384.300
gen >0, new best = 361.400
gen: 0 best: 361.4 mean: 496.7731343283582
gen: 1 best: 361.4 mean: 486.5547263681592
gen: 2 best: 361.4 mean: 476.6134328358209
gen >3, new best = 323.300
gen >3, new best = 316.200
gen: 3 best: 316.2 mean: 473.7870646766169
gen: 4 best: 316.2 mean: 464.60348258706466
gen: 5 best: 316.2 mean: 454.8179104477612
gen: 6 best: 316.2 mean: 455.90248756218904
gen: 7 best: 316.2 mean: 447.58507462686566
gen: 8 best: 316.2 mean: 441.65124378109454
gen: 9 best: 316.2 mean: 435.4323383084577
gen: 10 best: 316.2 mean: 428.9004975124378
gen >11, new best = 303.900
gen: 11 best: 303.9 mean: 420.5308457711443
gen: 12 best: 303.9 mean: 417.3970149253731
gen: 13 best: 303.9 mean: 412.9835820895522
gen: 14 best: 303.9 mean: 409.7194029850746
gen: 15 best: 303.9 mean: 402.1323383084577
gen: 16 best: 303.9 mean: 396.5457711442786
gen >17, new best = 302.800
gen >17, new best = 295.500
gen: 17 best: 295.5 mean: 394.29950248756217
gen >18, new best = 283.000
gen: 18 best: 283.0 mean: 390.452736318408
gen: 19 best: 283.0 mean: 386.52835820895524
gen >20, new best = 282.900
gen: 20 best: 282.9 mean: 386.82686567164177
gen: 21 best: 282.9 mean: 385.3094527363184
gen >22, new best = 279.200
gen: 22 best: 279.2 mean: 381.9223880597015
gen: 23 best: 279.2 mean: 373.0169154228856
gen: 24 best: 279.2 mean: 377.13980099502487
gen >25, new best = 272.600
gen: 25 best: 272.6 mean: 374.89104477611943
gen: 26 best: 272.6 mean: 371.8333333333333
gen: 27 best: 272.6 mean: 367.06169154228854
gen >28, new best = 268.900
gen: 28 best: 268.9 mean: 362.9870646766169
gen: 29 best: 268.9 mean: 363.765671641791
gen: 30 best: 268.9 mean: 361.326368159204
gen: 31 best: 268.9 mean: 363.68805970149253
gen: 32 best: 268.9 mean: 362.4417910447761
gen: 33 best: 268.9 mean: 363.4174129353234
gen: 34 best: 268.9 mean: 360.01144278606967
gen: 35 best: 268.9 mean: 357.4407960199005
gen: 36 best: 268.9 mean: 355.0149253731343
gen: 37 best: 268.9 mean: 357.21343283582087
gen: 38 best: 268.9 mean: 356.78855721393035
gen >39, new best = 265.900
gen: 39 best: 265.9 mean: 355.3726368159204
gen: 40 best: 265.9 mean: 354.46119402985073
gen: 41 best: 265.9 mean: 351.8810945273632
gen: 42 best: 265.9 mean: 356.2766169154229
gen: 43 best: 265.9 mean: 354.3039800995025
gen: 44 best: 265.9 mean: 352.67661691542287
gen: 45 best: 265.9 mean: 351.4417910447761
gen: 46 best: 265.9 mean: 352.4497512437811
gen: 47 best: 265.9 mean: 347.76467661691544
gen: 48 best: 265.9 mean: 350.234328358209
gen >49, new best = 262.000
gen: 49 best: 262.0 mean: 347.32139303482586
gen: 50 best: 262.0 mean: 348.45323383084576
gen: 51 best: 262.0 mean: 346.25174129353235
gen: 52 best: 262.0 mean: 348.855223880597
gen: 53 best: 262.0 mean: 341.7592039800995
gen: 54 best: 262.0 mean: 347.6004975124378
gen >55, new best = 255.600
gen: 55 best: 255.6 mean: 343.9557213930348
gen: 56 best: 255.6 mean: 346.42885572139306
gen: 57 best: 255.6 mean: 341.98457711442785
gen: 58 best: 255.6 mean: 346.4144278606965
gen: 59 best: 255.6 mean: 341.87810945273634
gen: 60 best: 255.6 mean: 341.44776119402985
gen: 61 best: 255.6 mean: 339.8238805970149
gen: 62 best: 255.6 mean: 339.53980099502485
gen: 63 best: 255.6 mean: 341.73930348258705
gen: 64 best: 255.6 mean: 339.089552238806
gen: 65 best: 255.6 mean: 339.0268656716418
gen: 66 best: 255.6 mean: 337.96417910447764
gen: 67 best: 255.6 mean: 338.86169154228855
gen: 68 best: 255.6 mean: 338.62039800995024
gen: 69 best: 255.6 mean: 336.35621890547264
gen: 70 best: 255.6 mean: 337.6174129353234
gen: 71 best: 255.6 mean: 337.87661691542286
gen >72, new best = 255.100
gen: 72 best: 255.1 mean: 334.89353233830843
gen: 73 best: 255.1 mean: 336.4407960199005
gen: 74 best: 255.1 mean: 334.2587064676617
gen: 75 best: 255.1 mean: 333.8905472636816
gen: 76 best: 255.1 mean: 332.37114427860695
gen: 77 best: 255.1 mean: 334.06666666666666
gen: 78 best: 255.1 mean: 335.036815920398
gen: 79 best: 255.1 mean: 336.88407960199004
gen: 80 best: 255.1 mean: 330.65621890547266
gen: 81 best: 255.1 mean: 335.747263681592
gen: 82 best: 255.1 mean: 330.02885572139303
gen: 83 best: 255.1 mean: 333.95522388059703
gen: 84 best: 255.1 mean: 332.1059701492537
gen: 85 best: 255.1 mean: 330.28805970149256
gen: 86 best: 255.1 mean: 333.1358208955224
gen: 87 best: 255.1 mean: 335.247263681592
gen: 88 best: 255.1 mean: 331.70646766169153
gen: 89 best: 255.1 mean: 331.57611940298506
gen >90, new best = 252.900
gen: 90 best: 252.9 mean: 330.8258706467662
gen: 91 best: 252.9 mean: 329.39850746268655
gen: 92 best: 252.9 mean: 328.51194029850745
gen: 93 best: 252.9 mean: 331.5805970149254
gen: 94 best: 252.9 mean: 333.0676616915423
gen: 95 best: 252.9 mean: 333.8313432835821
gen: 96 best: 252.9 mean: 330.82537313432834
gen: 97 best: 252.9 mean: 331.48059701492537
gen: 98 best: 252.9 mean: 328.80845771144277
gen: 99 best: 252.9 mean: 328.72636815920396
[8, 8, 7, 8, 9, 7, 8, 7, 9, 9, 9, 8, 8, 9, 8, 8, 9, 9, 8, 8, 10, 8, 9, 9, 8, 8, 9, 10, 7, 8, 8, 9, 9, 8, 9, 8, 8, 8, 8, 8, 10, 8, 10, 8, 11, 8, 7, 13, 10]
Test count of edges: 1408
cat
