Defaulting to user installation because normal site-packages is not writeable
Looking in links: /cvmfs/soft.computecanada.ca/custom/python/wheelhouse/gentoo/avx2, /cvmfs/soft.computecanada.ca/custom/python/wheelhouse/gentoo/generic, /cvmfs/soft.computecanada.ca/custom/python/wheelhouse/generic
Requirement already satisfied: graphviz in /home/js17sy/.local/lib/python3.10/site-packages (0.20)
31; python ga.py 5 768N_graph5.dat 0.025 0.01 0.5 0.7 0.3 201 768N_graph5strictgen2rem50_ 28561
/project/6008788/js17sy/reopenga/768a/ga.py:291: DeprecationWarning: Sampling from a set deprecated
since Python 3.9 and will be removed in a subsequent version.
  child1 = set(random.sample(
gen >0, new best = 445.900
gen >0, new best = 445.100
gen >0, new best = 440.700
gen >0, new best = 430.600
gen >0, new best = 426.300
gen: 0 best: 426.3 mean: 453.89378109452736
gen >1, new best = 423.100
gen: 1 best: 423.1 mean: 452.8174129353234
gen >2, new best = 422.800
gen: 2 best: 422.8 mean: 452.44378109452737
gen: 3 best: 422.8 mean: 450.1542288557214
gen >4, new best = 420.700
gen: 4 best: 420.7 mean: 450.03980099502485
gen >5, new best = 413.900
gen: 5 best: 413.9 mean: 448.93532338308455
gen >6, new best = 413.600
gen: 6 best: 413.6 mean: 447.64726368159205
gen >7, new best = 408.400
gen: 7 best: 408.4 mean: 445.9810945273632
gen: 8 best: 408.4 mean: 446.2164179104478
gen: 9 best: 408.4 mean: 445.07014925373136
gen: 10 best: 408.4 mean: 442.58507462686566
gen: 11 best: 408.4 mean: 442.43532338308455
gen: 12 best: 408.4 mean: 441.75721393034826
gen: 13 best: 408.4 mean: 440.1044776119403
gen: 14 best: 408.4 mean: 439.34726368159204
gen >15, new best = 407.100
gen: 15 best: 407.1 mean: 440.33781094527365
gen: 16 best: 407.1 mean: 436.96567164179106
gen >17, new best = 402.500
gen: 17 best: 402.5 mean: 438.47910447761194
gen: 18 best: 402.5 mean: 436.40547263681594
gen: 19 best: 402.5 mean: 436.8681592039801
gen: 20 best: 402.5 mean: 435.9417910447761
gen: 21 best: 402.5 mean: 436.29004975124377
gen: 22 best: 402.5 mean: 436.39104477611943
gen: 23 best: 402.5 mean: 435.14179104477614
gen: 24 best: 402.5 mean: 433.47711442786067
gen: 25 best: 402.5 mean: 432.87462686567164
gen >26, new best = 400.100
gen: 26 best: 400.1 mean: 431.6393034825871
gen: 27 best: 400.1 mean: 430.61243781094527
gen >28, new best = 394.000
gen: 28 best: 394.0 mean: 428.7656716417911
gen: 29 best: 394.0 mean: 430.87611940298507
gen: 30 best: 394.0 mean: 428.95870646766167
gen: 31 best: 394.0 mean: 428.3442786069652
gen: 32 best: 394.0 mean: 427.6781094527363
gen: 33 best: 394.0 mean: 426.94278606965173
gen: 34 best: 394.0 mean: 424.89651741293534
gen >35, new best = 392.500
gen: 35 best: 392.5 mean: 423.69651741293535
gen >36, new best = 392.000
gen: 36 best: 392.0 mean: 424.8716417910448
gen >37, new best = 390.600
gen: 37 best: 390.6 mean: 424.7417910447761
gen: 38 best: 390.6 mean: 424.4407960199005
gen: 39 best: 390.6 mean: 425.51194029850745
gen: 40 best: 390.6 mean: 422.72935323383086
gen: 41 best: 390.6 mean: 424.1427860696517
gen: 42 best: 390.6 mean: 422.4905472636816
gen: 43 best: 390.6 mean: 422.40547263681594
gen: 44 best: 390.6 mean: 421.3273631840796
gen >45, new best = 388.200
gen: 45 best: 388.2 mean: 421.56169154228854
gen: 46 best: 388.2 mean: 420.5825870646766
gen >47, new best = 387.100
gen: 47 best: 387.1 mean: 420.48855721393033
gen: 48 best: 387.1 mean: 418.7562189054726
gen: 49 best: 387.1 mean: 417.3865671641791
gen: 50 best: 387.1 mean: 418.66915422885575
gen: 51 best: 387.1 mean: 418.5149253731343
gen: 52 best: 387.1 mean: 419.43681592039803
gen >53, new best = 372.800
gen: 53 best: 372.8 mean: 416.92437810945273
gen: 54 best: 372.8 mean: 417.69701492537314
gen: 55 best: 372.8 mean: 416.8482587064677
gen: 56 best: 372.8 mean: 416.4179104477612
gen: 57 best: 372.8 mean: 414.92388059701494
gen: 58 best: 372.8 mean: 417.02089552238806
gen: 59 best: 372.8 mean: 415.9044776119403
gen: 60 best: 372.8 mean: 416.0258706467662
gen: 61 best: 372.8 mean: 415.99004975124376
gen: 62 best: 372.8 mean: 415.2547263681592
gen: 63 best: 372.8 mean: 415.1701492537313
gen: 64 best: 372.8 mean: 414.52437810945275
gen: 65 best: 372.8 mean: 413.3243781094527
gen: 66 best: 372.8 mean: 413.863184079602
gen: 67 best: 372.8 mean: 413.2656716417911
gen: 68 best: 372.8 mean: 410.944776119403
gen: 69 best: 372.8 mean: 411.4452736318408
gen: 70 best: 372.8 mean: 412.9925373134328
gen: 71 best: 372.8 mean: 410.963184079602
gen: 72 best: 372.8 mean: 411.81243781094526
gen: 73 best: 372.8 mean: 410.9800995024876
gen: 74 best: 372.8 mean: 411.228855721393
gen: 75 best: 372.8 mean: 409.57114427860694
gen: 76 best: 372.8 mean: 411.24278606965174
gen: 77 best: 372.8 mean: 411.55970149253733
gen: 78 best: 372.8 mean: 408.910447761194
gen: 79 best: 372.8 mean: 409.2835820895522
gen: 80 best: 372.8 mean: 409.5014925373134
gen >81, new best = 371.800
gen: 81 best: 371.8 mean: 407.88756218905473
gen: 82 best: 371.8 mean: 410.2
gen: 83 best: 371.8 mean: 408.855223880597
gen: 84 best: 371.8 mean: 406.5353233830846
gen: 85 best: 371.8 mean: 409.46965174129355
gen: 86 best: 371.8 mean: 408.5771144278607
gen >87, new best = 370.500
gen: 87 best: 370.5 mean: 409.33084577114425
gen: 88 best: 370.5 mean: 407.90398009950246
gen: 89 best: 370.5 mean: 408.3830845771144
gen: 90 best: 370.5 mean: 409.7417910447761
gen: 91 best: 370.5 mean: 407.53980099502485
gen: 92 best: 370.5 mean: 405.763184079602
gen: 93 best: 370.5 mean: 407.0054726368159
gen: 94 best: 370.5 mean: 407.08706467661693
gen: 95 best: 370.5 mean: 406.6174129353234
gen: 96 best: 370.5 mean: 406.97711442786067
gen: 97 best: 370.5 mean: 406.4338308457711
gen: 98 best: 370.5 mean: 406.7308457711443
gen: 99 best: 370.5 mean: 406.718407960199
[11, 10, 9, 10, 11, 10, 10, 9, 10, 9, 10, 9, 9, 8, 10, 9, 8, 10, 9, 10, 10, 12, 9, 11, 9, 9, 9, 9, 8, 10, 8, 8, 10, 10, 9, 9, 11, 8, 10, 8, 9, 9, 10, 10, 9, 11, 10]
Test count of edges: 2325
cat
