Defaulting to user installation because normal site-packages is not writeable
Looking in links: /cvmfs/soft.computecanada.ca/custom/python/wheelhouse/gentoo/avx2, /cvmfs/soft.computecanada.ca/custom/python/wheelhouse/gentoo/generic, /cvmfs/soft.computecanada.ca/custom/python/wheelhouse/generic
Requirement already satisfied: graphviz in /home/js17sy/.local/lib/python3.10/site-packages (0.20)
173; python ga.py 5 768N_graph5.dat 0.025 0.01 0.7 0.9 0.1 201 768N_graph5strictgen3rem70_ 656903
/project/6008788/js17sy/reopenga/768a/ga.py:291: DeprecationWarning: Sampling from a set deprecated
since Python 3.9 and will be removed in a subsequent version.
  child1 = set(random.sample(
gen >0, new best = 550.300
gen >0, new best = 519.900
gen >0, new best = 505.400
gen >0, new best = 501.100
gen >0, new best = 472.600
gen >0, new best = 453.100
gen >0, new best = 442.300
gen >0, new best = 429.000
gen >0, new best = 421.900
gen >0, new best = 420.300
gen >0, new best = 419.500
gen >0, new best = 416.300
gen >0, new best = 415.300
gen: 0 best: 415.3 mean: 499.968407960199
gen >1, new best = 411.600
gen: 1 best: 411.6 mean: 492.8412935323383
gen >2, new best = 358.800
gen: 2 best: 358.8 mean: 485.2318407960199
gen >3, new best = 338.800
gen: 3 best: 338.8 mean: 483.27363184079604
gen >4, new best = 327.200
gen: 4 best: 327.2 mean: 468.88955223880595
gen: 5 best: 327.2 mean: 469.926368159204
gen: 6 best: 327.2 mean: 460.7875621890547
gen: 7 best: 327.2 mean: 457.6457711442786
gen: 8 best: 327.2 mean: 448.77412935323383
gen >9, new best = 320.800
gen: 9 best: 320.8 mean: 439.11990049751245
gen: 10 best: 320.8 mean: 439.04825870646766
gen >11, new best = 288.000
gen: 11 best: 288.0 mean: 429.1323383084577
gen: 12 best: 288.0 mean: 427.35820895522386
gen: 13 best: 288.0 mean: 415.64726368159205
gen: 14 best: 288.0 mean: 413.236815920398
gen: 15 best: 288.0 mean: 402.83233830845774
gen: 16 best: 288.0 mean: 400.36169154228855
gen: 17 best: 288.0 mean: 395.2407960199005
gen: 18 best: 288.0 mean: 394.34378109452734
gen: 19 best: 288.0 mean: 392.4850746268657
gen >20, new best = 265.000
gen: 20 best: 265.0 mean: 384.17512437810944
gen: 21 best: 265.0 mean: 386.38756218905473
gen: 22 best: 265.0 mean: 379.82487562189056
gen: 23 best: 265.0 mean: 377.01592039800994
gen: 24 best: 265.0 mean: 377.5592039800995
gen: 25 best: 265.0 mean: 375.0950248756219
gen: 26 best: 265.0 mean: 371.3995024875622
gen: 27 best: 265.0 mean: 368.1995024875622
gen: 28 best: 265.0 mean: 368.7029850746269
gen: 29 best: 265.0 mean: 362.8791044776119
gen: 30 best: 265.0 mean: 365.8502487562189
gen: 31 best: 265.0 mean: 358.42985074626864
gen: 32 best: 265.0 mean: 362.2835820895522
gen: 33 best: 265.0 mean: 358.20597014925374
gen: 34 best: 265.0 mean: 356.6208955223881
gen: 35 best: 265.0 mean: 358.41144278606964
gen: 36 best: 265.0 mean: 355.96417910447764
gen: 37 best: 265.0 mean: 358.79253731343283
gen: 38 best: 265.0 mean: 356.37661691542286
gen: 39 best: 265.0 mean: 352.98855721393033
gen: 40 best: 265.0 mean: 356.04278606965175
gen: 41 best: 265.0 mean: 352.718407960199
gen: 42 best: 265.0 mean: 354.4950248756219
gen: 43 best: 265.0 mean: 350.94975124378107
gen: 44 best: 265.0 mean: 351.30248756218907
gen: 45 best: 265.0 mean: 349.7965174129353
gen: 46 best: 265.0 mean: 348.3532338308458
gen: 47 best: 265.0 mean: 346.2930348258706
gen: 48 best: 265.0 mean: 345.27213930348256
gen: 49 best: 265.0 mean: 342.75373134328356
gen: 50 best: 265.0 mean: 345.8482587064677
gen >51, new best = 250.500
gen: 51 best: 250.5 mean: 342.8228855721393
gen: 52 best: 250.5 mean: 343.4507462686567
gen: 53 best: 250.5 mean: 342.5661691542289
gen: 54 best: 250.5 mean: 338.8089552238806
gen: 55 best: 250.5 mean: 337.22636815920396
gen: 56 best: 250.5 mean: 336.22587064676617
gen: 57 best: 250.5 mean: 340.0477611940299
gen: 58 best: 250.5 mean: 338.6179104477612
gen: 59 best: 250.5 mean: 338.36567164179104
gen: 60 best: 250.5 mean: 335.4218905472637
gen: 61 best: 250.5 mean: 339.1557213930348
gen: 62 best: 250.5 mean: 339.99402985074624
gen: 63 best: 250.5 mean: 336.77213930348256
gen: 64 best: 250.5 mean: 336.54825870646766
gen: 65 best: 250.5 mean: 334.607960199005
gen: 66 best: 250.5 mean: 334.3686567164179
gen: 67 best: 250.5 mean: 336.9467661691542
gen: 68 best: 250.5 mean: 337.2731343283582
gen: 69 best: 250.5 mean: 336.9094527363184
gen: 70 best: 250.5 mean: 332.55771144278606
gen: 71 best: 250.5 mean: 334.1626865671642
gen: 72 best: 250.5 mean: 333.58905472636815
gen: 73 best: 250.5 mean: 330.64179104477614
gen: 74 best: 250.5 mean: 333.8606965174129
gen: 75 best: 250.5 mean: 333.68407960199005
gen: 76 best: 250.5 mean: 332.61592039800996
gen: 77 best: 250.5 mean: 334.83034825870647
gen: 78 best: 250.5 mean: 334.12487562189057
gen: 79 best: 250.5 mean: 332.2835820895522
gen: 80 best: 250.5 mean: 336.30298507462686
gen: 81 best: 250.5 mean: 336.8771144278607
gen: 82 best: 250.5 mean: 333.9124378109453
gen: 83 best: 250.5 mean: 333.62388059701493
gen: 84 best: 250.5 mean: 331.8696517412935
gen: 85 best: 250.5 mean: 329.281592039801
gen: 86 best: 250.5 mean: 333.0537313432836
gen: 87 best: 250.5 mean: 334.9910447761194
gen: 88 best: 250.5 mean: 333.02636815920397
gen: 89 best: 250.5 mean: 327.42437810945273
gen: 90 best: 250.5 mean: 332.2054726368159
gen: 91 best: 250.5 mean: 328.81393034825874
gen: 92 best: 250.5 mean: 327.7587064676617
gen: 93 best: 250.5 mean: 327.61641791044775
gen: 94 best: 250.5 mean: 331.6358208955224
gen: 95 best: 250.5 mean: 328.0606965174129
gen: 96 best: 250.5 mean: 327.25721393034826
gen: 97 best: 250.5 mean: 331.13084577114427
gen: 98 best: 250.5 mean: 328.82935323383083
gen: 99 best: 250.5 mean: 329.7129353233831
[9, 8, 8, 9, 8, 9, 10, 9, 9, 8, 8, 8, 10, 7, 8, 8, 7, 8, 8, 8, 8, 8, 8, 8, 16, 9, 8, 8, 9, 8, 7, 7, 8, 9, 7, 9, 8, 10, 9, 8, 8, 10, 10, 11, 9, 9, 9, 9, 9]
Test count of edges: 1386
cat
