Defaulting to user installation because normal site-packages is not writeable
Looking in links: /cvmfs/soft.computecanada.ca/custom/python/wheelhouse/gentoo/avx2, /cvmfs/soft.computecanada.ca/custom/python/wheelhouse/gentoo/generic, /cvmfs/soft.computecanada.ca/custom/python/wheelhouse/generic
Requirement already satisfied: graphviz in /home/js17sy/.local/lib/python3.10/site-packages (0.20)
713; python ga.py 5 768N_graph5.dat 0.1 0.04 0.7 0.9 0.1 201 768N_graph5leerygen3rem70_ 656903
/project/6008788/js17sy/reopenga/768a/ga.py:291: DeprecationWarning: Sampling from a set deprecated
since Python 3.9 and will be removed in a subsequent version.
  child1 = set(random.sample(
gen >0, new best = 535.500
gen >0, new best = 519.100
gen >0, new best = 516.100
gen >0, new best = 510.700
gen >0, new best = 502.600
gen >0, new best = 491.400
gen >0, new best = 475.900
gen >0, new best = 473.500
gen >0, new best = 464.900
gen: 0 best: 464.9 mean: 508.1830845771144
gen >1, new best = 461.600
gen: 1 best: 461.6 mean: 502.6671641791045
gen >2, new best = 458.500
gen >2, new best = 454.800
gen >2, new best = 443.600
gen: 2 best: 443.6 mean: 500.1577114427861
gen: 3 best: 443.6 mean: 498.5950248756219
gen: 4 best: 443.6 mean: 494.8004975124378
gen >5, new best = 430.700
gen: 5 best: 430.7 mean: 492.08159203980097
gen: 6 best: 430.7 mean: 486.536815920398
gen: 7 best: 430.7 mean: 478.77064676616914
gen >8, new best = 424.300
gen: 8 best: 424.3 mean: 476.87960199004976
gen: 9 best: 424.3 mean: 474.7716417910448
gen: 10 best: 424.3 mean: 470.86716417910446
gen: 11 best: 424.3 mean: 470.98855721393033
gen >12, new best = 422.800
gen: 12 best: 422.8 mean: 469.40696517412937
gen >13, new best = 421.700
gen >13, new best = 407.500
gen: 13 best: 407.5 mean: 466.33930348258707
gen: 14 best: 407.5 mean: 462.59850746268654
gen: 15 best: 407.5 mean: 461.76268656716417
gen: 16 best: 407.5 mean: 459.4308457711443
gen >17, new best = 401.500
gen: 17 best: 401.5 mean: 457.01044776119403
gen: 18 best: 401.5 mean: 454.2268656716418
gen: 19 best: 401.5 mean: 455.3825870646766
gen: 20 best: 401.5 mean: 453.1208955223881
gen: 21 best: 401.5 mean: 452.8810945273632
gen: 22 best: 401.5 mean: 453.75522388059704
gen: 23 best: 401.5 mean: 450.9004975124378
gen >24, new best = 397.300
gen: 24 best: 397.3 mean: 451.536815920398
gen: 25 best: 397.3 mean: 451.74328358208953
gen: 26 best: 397.3 mean: 448.88358208955225
gen: 27 best: 397.3 mean: 446.84676616915425
gen: 28 best: 397.3 mean: 447.3457711442786
gen: 29 best: 397.3 mean: 446.63432835820896
gen: 30 best: 397.3 mean: 445.61044776119405
gen: 31 best: 397.3 mean: 442.8054726368159
gen >32, new best = 396.200
gen: 32 best: 396.2 mean: 443.8228855721393
gen >33, new best = 395.700
gen: 33 best: 395.7 mean: 443.6636815920398
gen >34, new best = 392.600
gen: 34 best: 392.6 mean: 442.69303482587065
gen: 35 best: 392.6 mean: 439.40398009950246
gen: 36 best: 392.6 mean: 438.8402985074627
gen: 37 best: 392.6 mean: 436.4412935323383
gen >38, new best = 392.200
gen >38, new best = 387.700
gen: 38 best: 387.7 mean: 436.9965174129353
gen: 39 best: 387.7 mean: 438.0164179104478
gen: 40 best: 387.7 mean: 436.7990049751244
gen: 41 best: 387.7 mean: 436.62338308457714
gen >42, new best = 383.400
gen: 42 best: 383.4 mean: 435.4562189054726
gen: 43 best: 383.4 mean: 435.5218905472637
gen: 44 best: 383.4 mean: 436.5825870646766
gen: 45 best: 383.4 mean: 433.65621890547266
gen: 46 best: 383.4 mean: 430.9726368159204
gen: 47 best: 383.4 mean: 432.38756218905473
gen: 48 best: 383.4 mean: 429.6945273631841
gen: 49 best: 383.4 mean: 430.95323383084576
gen: 50 best: 383.4 mean: 430.04825870646766
gen: 51 best: 383.4 mean: 432.1233830845771
gen: 52 best: 383.4 mean: 430.46268656716416
gen: 53 best: 383.4 mean: 429.1223880597015
gen >54, new best = 382.800
gen: 54 best: 382.8 mean: 430.2094527363184
gen: 55 best: 382.8 mean: 428.2512437810945
gen: 56 best: 382.8 mean: 426.94278606965173
gen: 57 best: 382.8 mean: 428.4283582089552
gen: 58 best: 382.8 mean: 428.99402985074624
gen >59, new best = 382.700
gen: 59 best: 382.7 mean: 427.9995024875622
gen: 60 best: 382.7 mean: 428.12885572139305
gen: 61 best: 382.7 mean: 426.2686567164179
gen: 62 best: 382.7 mean: 427.85820895522386
gen: 63 best: 382.7 mean: 426.90696517412937
gen: 64 best: 382.7 mean: 426.1761194029851
gen: 65 best: 382.7 mean: 426.75771144278605
gen: 66 best: 382.7 mean: 424.9084577114428
gen: 67 best: 382.7 mean: 425.15820895522387
gen: 68 best: 382.7 mean: 425.84776119402983
gen >69, new best = 377.600
gen: 69 best: 377.6 mean: 427.74328358208953
gen >70, new best = 374.400
gen: 70 best: 374.4 mean: 425.7597014925373
gen: 71 best: 374.4 mean: 423.9820895522388
gen: 72 best: 374.4 mean: 424.73532338308456
gen: 73 best: 374.4 mean: 425.0547263681592
gen: 74 best: 374.4 mean: 424.5218905472637
gen: 75 best: 374.4 mean: 425.67860696517414
gen: 76 best: 374.4 mean: 424.9925373134328
gen: 77 best: 374.4 mean: 426.54676616915424
gen: 78 best: 374.4 mean: 423.7875621890547
gen: 79 best: 374.4 mean: 422.64029850746266
gen: 80 best: 374.4 mean: 424.4547263681592
gen: 81 best: 374.4 mean: 424.3189054726368
gen: 82 best: 374.4 mean: 422.4119402985075
gen: 83 best: 374.4 mean: 422.2014925373134
gen: 84 best: 374.4 mean: 423.9338308457711
gen: 85 best: 374.4 mean: 422.98955223880597
gen: 86 best: 374.4 mean: 423.9820895522388
gen: 87 best: 374.4 mean: 422.02288557213933
gen: 88 best: 374.4 mean: 421.14427860696514
gen >89, new best = 374.000
gen: 89 best: 374.0 mean: 422.5134328358209
gen: 90 best: 374.0 mean: 423.42089552238804
gen: 91 best: 374.0 mean: 423.96567164179106
gen: 92 best: 374.0 mean: 422.7159203980099
gen: 93 best: 374.0 mean: 421.0621890547264
gen: 94 best: 374.0 mean: 422.5860696517413
gen: 95 best: 374.0 mean: 422.7417910447761
gen: 96 best: 374.0 mean: 421.95323383084576
gen: 97 best: 374.0 mean: 422.3044776119403
gen: 98 best: 374.0 mean: 422.907960199005
gen: 99 best: 374.0 mean: 422.21492537313435
[7, 7, 6, 6, 6, 6, 6, 6, 6, 6, 6, 7, 6, 6, 7, 5, 6, 6, 6, 7, 6, 5, 6, 6, 6, 6, 6, 6, 6, 6, 6, 6, 5, 6, 6, 6, 5, 6, 6, 5, 6, 6, 6, 6, 6, 6, 7, 7, 6, 6]
Test count of edges: 1391
cat
