Defaulting to user installation because normal site-packages is not writeable
Looking in links: /cvmfs/soft.computecanada.ca/custom/python/wheelhouse/gentoo/avx2, /cvmfs/soft.computecanada.ca/custom/python/wheelhouse/gentoo/generic, /cvmfs/soft.computecanada.ca/custom/python/wheelhouse/generic
Requirement already satisfied: graphviz in /home/js17sy/.local/lib/python3.10/site-packages (0.20)
350; python ga.py 5 768N_graph5.dat 0.05 0.02 0.7 0.9 0.1 201 768N_graph5mediumgen3rem70_ 571220
/project/6008788/js17sy/reopenga/768a/ga.py:291: DeprecationWarning: Sampling from a set deprecated
since Python 3.9 and will be removed in a subsequent version.
  child1 = set(random.sample(
gen >0, new best = 435.300
gen >0, new best = 431.000
gen >0, new best = 411.100
gen >0, new best = 403.600
gen: 0 best: 403.6 mean: 487.53109452736317
gen: 1 best: 403.6 mean: 480.8228855721393
gen >2, new best = 376.900
gen: 2 best: 376.9 mean: 474.26069651741295
gen: 3 best: 376.9 mean: 471.6373134328358
gen: 4 best: 376.9 mean: 464.39104477611943
gen: 5 best: 376.9 mean: 461.2601990049751
gen: 6 best: 376.9 mean: 459.99900497512436
gen: 7 best: 376.9 mean: 455.38706467661694
gen: 8 best: 376.9 mean: 453.1940298507463
gen: 9 best: 376.9 mean: 453.4378109452736
gen >10, new best = 373.500
gen: 10 best: 373.5 mean: 449.1771144278607
gen: 11 best: 373.5 mean: 448.9557213930348
gen: 12 best: 373.5 mean: 440.1781094527363
gen >13, new best = 369.100
gen: 13 best: 369.1 mean: 436.24427860696517
gen >14, new best = 366.900
gen: 14 best: 366.9 mean: 432.3850746268657
gen: 15 best: 366.9 mean: 431.2343283582089
gen: 16 best: 366.9 mean: 427.34328358208955
gen >17, new best = 366.300
gen >17, new best = 366.000
gen: 17 best: 366.0 mean: 422.1407960199005
gen: 18 best: 366.0 mean: 423.10348258706466
gen >19, new best = 364.500
gen >19, new best = 358.500
gen: 19 best: 358.5 mean: 421.66218905472635
gen: 20 best: 358.5 mean: 420.84676616915425
gen: 21 best: 358.5 mean: 417.3004975124378
gen >22, new best = 352.700
gen: 22 best: 352.7 mean: 410.7009950248756
gen: 23 best: 352.7 mean: 413.807960199005
gen >24, new best = 346.900
gen: 24 best: 346.9 mean: 411.21194029850744
gen: 25 best: 346.9 mean: 412.82487562189056
gen: 26 best: 346.9 mean: 409.5164179104478
gen >27, new best = 345.300
gen >27, new best = 341.800
gen: 27 best: 341.8 mean: 407.72388059701495
gen: 28 best: 341.8 mean: 407.60746268656715
gen: 29 best: 341.8 mean: 407.11243781094527
gen: 30 best: 341.8 mean: 404.9507462686567
gen: 31 best: 341.8 mean: 401.76616915422886
gen >32, new best = 335.800
gen: 32 best: 335.8 mean: 400.42935323383085
gen >33, new best = 334.100
gen: 33 best: 334.1 mean: 397.37611940298507
gen: 34 best: 334.1 mean: 399.0044776119403
gen: 35 best: 334.1 mean: 398.17164179104475
gen: 36 best: 334.1 mean: 395.04129353233833
gen: 37 best: 334.1 mean: 395.6781094527363
gen: 38 best: 334.1 mean: 397.8203980099502
gen: 39 best: 334.1 mean: 394.8721393034826
gen: 40 best: 334.1 mean: 395.45174129353234
gen: 41 best: 334.1 mean: 393.97860696517415
gen: 42 best: 334.1 mean: 389.90547263681594
gen >43, new best = 329.400
gen: 43 best: 329.4 mean: 389.2034825870647
gen: 44 best: 329.4 mean: 388.55223880597015
gen: 45 best: 329.4 mean: 388.98805970149255
gen: 46 best: 329.4 mean: 388.61243781094527
gen: 47 best: 329.4 mean: 387.71492537313435
gen: 48 best: 329.4 mean: 384.6597014925373
gen >49, new best = 324.100
gen: 49 best: 324.1 mean: 386.5636815920398
gen: 50 best: 324.1 mean: 382.7194029850746
gen: 51 best: 324.1 mean: 384.10199004975124
gen: 52 best: 324.1 mean: 383.76467661691544
gen: 53 best: 324.1 mean: 384.126368159204
gen: 54 best: 324.1 mean: 382.018407960199
gen: 55 best: 324.1 mean: 379.1373134328358
gen: 56 best: 324.1 mean: 382.7467661691542
gen >57, new best = 322.500
gen: 57 best: 322.5 mean: 382.3791044776119
gen: 58 best: 322.5 mean: 379.88905472636816
gen: 59 best: 322.5 mean: 381.17910447761193
gen: 60 best: 322.5 mean: 381.6507462686567
gen: 61 best: 322.5 mean: 379.60895522388057
gen: 62 best: 322.5 mean: 379.1169154228856
gen: 63 best: 322.5 mean: 377.90149253731346
gen: 64 best: 322.5 mean: 376.93283582089555
gen: 65 best: 322.5 mean: 380.8054726368159
gen: 66 best: 322.5 mean: 379.1243781094527
gen: 67 best: 322.5 mean: 377.1278606965174
gen >68, new best = 320.400
gen: 68 best: 320.4 mean: 375.51592039800994
gen: 69 best: 320.4 mean: 376.62985074626863
gen: 70 best: 320.4 mean: 376.32139303482586
gen: 71 best: 320.4 mean: 375.58009950248754
gen: 72 best: 320.4 mean: 374.0547263681592
gen: 73 best: 320.4 mean: 377.5054726368159
gen: 74 best: 320.4 mean: 375.5626865671642
gen: 75 best: 320.4 mean: 374.9273631840796
gen: 76 best: 320.4 mean: 375.536815920398
gen: 77 best: 320.4 mean: 374.73830845771147
gen >78, new best = 320.200
gen: 78 best: 320.2 mean: 372.64925373134326
gen: 79 best: 320.2 mean: 373.53930348258706
gen: 80 best: 320.2 mean: 375.18756218905474
gen: 81 best: 320.2 mean: 374.42039800995025
gen: 82 best: 320.2 mean: 374.72786069651744
gen: 83 best: 320.2 mean: 375.90796019900495
gen: 84 best: 320.2 mean: 375.36915422885573
gen: 85 best: 320.2 mean: 373.6925373134328
gen: 86 best: 320.2 mean: 374.66019900497514
gen: 87 best: 320.2 mean: 372.3592039800995
gen: 88 best: 320.2 mean: 373.90746268656716
gen: 89 best: 320.2 mean: 376.09402985074627
gen: 90 best: 320.2 mean: 374.15124378109454
gen: 91 best: 320.2 mean: 372.75223880597014
gen: 92 best: 320.2 mean: 372.536815920398
gen: 93 best: 320.2 mean: 371.8258706467662
gen: 94 best: 320.2 mean: 371.22935323383086
gen: 95 best: 320.2 mean: 370.3129353233831
gen: 96 best: 320.2 mean: 374.4154228855721
gen: 97 best: 320.2 mean: 370.33482587064674
gen: 98 best: 320.2 mean: 371.963184079602
gen: 99 best: 320.2 mean: 369.72935323383086
[8, 7, 7, 7, 8, 8, 7, 8, 8, 8, 8, 7, 8, 7, 8, 7, 8, 7, 8, 7, 7, 8, 7, 7, 7, 7, 7, 7, 7, 8, 8, 7, 8, 7, 7, 8, 8, 6, 7, 8, 8, 7, 7, 7, 9, 7, 7, 7, 7, 7]
Test count of edges: 1387
cat
