Defaulting to user installation because normal site-packages is not writeable
Looking in links: /cvmfs/soft.computecanada.ca/custom/python/wheelhouse/gentoo/avx2, /cvmfs/soft.computecanada.ca/custom/python/wheelhouse/gentoo/generic, /cvmfs/soft.computecanada.ca/custom/python/wheelhouse/generic
Requirement already satisfied: graphviz in /home/js17sy/.local/lib/python3.10/site-packages (0.20)
515; python ga.py 5 768N_graph5.dat 0.075 0.03 0.7 0.9 0.1 201 768N_graph5laxgen3rem70_ 142805
/project/6008788/js17sy/reopenga/768a/ga.py:291: DeprecationWarning: Sampling from a set deprecated
since Python 3.9 and will be removed in a subsequent version.
  child1 = set(random.sample(
gen >0, new best = 487.600
gen >0, new best = 451.500
gen >0, new best = 434.500
gen >0, new best = 426.500
gen: 0 best: 426.5 mean: 491.47587064676617
gen >1, new best = 413.800
gen: 1 best: 413.8 mean: 487.40696517412937
gen: 2 best: 413.8 mean: 482.62487562189057
gen: 3 best: 413.8 mean: 476.92935323383085
gen: 4 best: 413.8 mean: 471.8328358208955
gen >5, new best = 399.300
gen: 5 best: 399.3 mean: 469.4228855721393
gen >6, new best = 391.100
gen: 6 best: 391.1 mean: 465.71542288557214
gen: 7 best: 391.1 mean: 463.93134328358207
gen: 8 best: 391.1 mean: 459.65273631840796
gen: 9 best: 391.1 mean: 455.6860696517413
gen: 10 best: 391.1 mean: 453.6830845771144
gen: 11 best: 391.1 mean: 454.26616915422886
gen: 12 best: 391.1 mean: 451.3905472636816
gen: 13 best: 391.1 mean: 448.03880597014927
gen: 14 best: 391.1 mean: 445.58358208955224
gen >15, new best = 390.100
gen: 15 best: 390.1 mean: 445.69154228855723
gen: 16 best: 390.1 mean: 442.64228855721393
gen: 17 best: 390.1 mean: 439.51542288557215
gen >18, new best = 383.100
gen: 18 best: 383.1 mean: 439.589552238806
gen: 19 best: 383.1 mean: 439.9094527363184
gen: 20 best: 383.1 mean: 437.26119402985074
gen: 21 best: 383.1 mean: 435.26119402985074
gen >22, new best = 381.900
gen: 22 best: 381.9 mean: 434.06666666666666
gen: 23 best: 381.9 mean: 432.0268656716418
gen: 24 best: 381.9 mean: 432.04825870646766
gen: 25 best: 381.9 mean: 431.7691542288557
gen >26, new best = 379.100
gen: 26 best: 379.1 mean: 428.3810945273632
gen >27, new best = 368.700
gen: 27 best: 368.7 mean: 427.6313432835821
gen: 28 best: 368.7 mean: 427.7547263681592
gen: 29 best: 368.7 mean: 426.17512437810944
gen: 30 best: 368.7 mean: 425.7467661691542
gen: 31 best: 368.7 mean: 425.46417910447764
gen: 32 best: 368.7 mean: 422.3716417910448
gen: 33 best: 368.7 mean: 424.06169154228854
gen: 34 best: 368.7 mean: 422.11144278606963
gen: 35 best: 368.7 mean: 421.38407960199004
gen: 36 best: 368.7 mean: 420.3388059701492
gen: 37 best: 368.7 mean: 418.14328358208957
gen >38, new best = 366.500
gen: 38 best: 366.5 mean: 417.9089552238806
gen: 39 best: 366.5 mean: 417.2776119402985
gen: 40 best: 366.5 mean: 416.9487562189055
gen: 41 best: 366.5 mean: 417.089552238806
gen: 42 best: 366.5 mean: 416.1955223880597
gen: 43 best: 366.5 mean: 415.1353233830846
gen: 44 best: 366.5 mean: 413.4373134328358
gen: 45 best: 366.5 mean: 414.63880597014924
gen: 46 best: 366.5 mean: 412.87512437810943
gen: 47 best: 366.5 mean: 413.5164179104478
gen: 48 best: 366.5 mean: 412.82089552238807
gen: 49 best: 366.5 mean: 415.09452736318406
gen: 50 best: 366.5 mean: 412.4278606965174
gen >51, new best = 365.900
gen: 51 best: 365.9 mean: 410.72786069651744
gen >52, new best = 362.100
gen: 52 best: 362.1 mean: 412.7656716417911
gen: 53 best: 362.1 mean: 410.736815920398
gen: 54 best: 362.1 mean: 408.05621890547263
gen: 55 best: 362.1 mean: 408.173631840796
gen >56, new best = 354.100
gen: 56 best: 354.1 mean: 408.6039800995025
gen: 57 best: 354.1 mean: 408.136815920398
gen: 58 best: 354.1 mean: 410.663184079602
gen: 59 best: 354.1 mean: 409.61442786069654
gen: 60 best: 354.1 mean: 407.89303482587064
gen: 61 best: 354.1 mean: 407.6243781094527
gen: 62 best: 354.1 mean: 406.6427860696517
gen: 63 best: 354.1 mean: 406.6363184079602
gen: 64 best: 354.1 mean: 407.5567164179104
gen: 65 best: 354.1 mean: 405.16965174129353
gen: 66 best: 354.1 mean: 405.5567164179104
gen: 67 best: 354.1 mean: 407.2437810945274
gen: 68 best: 354.1 mean: 405.1557213930348
gen: 69 best: 354.1 mean: 407.9089552238806
gen: 70 best: 354.1 mean: 403.48059701492537
gen: 71 best: 354.1 mean: 406.0089552238806
gen: 72 best: 354.1 mean: 404.2273631840796
gen: 73 best: 354.1 mean: 405.3865671641791
gen: 74 best: 354.1 mean: 403.29701492537316
gen: 75 best: 354.1 mean: 403.055223880597
gen: 76 best: 354.1 mean: 401.4850746268657
gen: 77 best: 354.1 mean: 401.36567164179104
gen: 78 best: 354.1 mean: 401.28109452736317
gen: 79 best: 354.1 mean: 401.31243781094526
gen: 80 best: 354.1 mean: 402.14029850746266
gen: 81 best: 354.1 mean: 403.1024875621891
gen: 82 best: 354.1 mean: 398.95721393034825
gen: 83 best: 354.1 mean: 401.5860696517413
gen: 84 best: 354.1 mean: 401.37462686567164
gen: 85 best: 354.1 mean: 399.3606965174129
gen: 86 best: 354.1 mean: 400.0626865671642
gen: 87 best: 354.1 mean: 400.18059701492535
gen: 88 best: 354.1 mean: 398.43830845771146
gen: 89 best: 354.1 mean: 399.64726368159205
gen: 90 best: 354.1 mean: 402.6313432835821
gen: 91 best: 354.1 mean: 399.38756218905473
gen: 92 best: 354.1 mean: 398.48407960199006
gen: 93 best: 354.1 mean: 399.9452736318408
gen: 94 best: 354.1 mean: 399.01144278606967
gen: 95 best: 354.1 mean: 398.9616915422886
gen: 96 best: 354.1 mean: 395.72388059701495
gen: 97 best: 354.1 mean: 398.3074626865672
gen: 98 best: 354.1 mean: 398.5726368159204
gen: 99 best: 354.1 mean: 397.6592039800995
[6, 7, 8, 6, 7, 6, 7, 7, 6, 7, 7, 6, 6, 6, 8, 7, 6, 7, 7, 7, 7, 7, 7, 7, 7, 6, 6, 7, 7, 6, 8, 5, 6, 7, 6, 6, 7, 6, 6, 6, 7, 6, 6, 6, 6, 6, 6, 6, 7, 6]
Test count of edges: 1386
cat
