Defaulting to user installation because normal site-packages is not writeable
Looking in links: /cvmfs/soft.computecanada.ca/custom/python/wheelhouse/gentoo/avx2, /cvmfs/soft.computecanada.ca/custom/python/wheelhouse/gentoo/generic, /cvmfs/soft.computecanada.ca/custom/python/wheelhouse/generic
Requirement already satisfied: graphviz in /home/js17sy/.local/lib/python3.10/site-packages (0.20)
583; python ga.py 5 768N_graph5.dat 0.1 0.04 0.5 0.7 0.3 201 768N_graph5leerygen2rem50_ 371293
/project/6008788/js17sy/reopenga/768a/ga.py:291: DeprecationWarning: Sampling from a set deprecated
since Python 3.9 and will be removed in a subsequent version.
  child1 = set(random.sample(
gen >0, new best = 528.300
gen >0, new best = 510.700
gen >0, new best = 500.800
gen >0, new best = 495.900
gen >0, new best = 495.800
gen >0, new best = 492.700
gen: 0 best: 492.7 mean: 517.1970149253731
gen: 1 best: 492.7 mean: 514.981592039801
gen: 2 best: 492.7 mean: 514.1064676616916
gen >3, new best = 491.000
gen: 3 best: 491.0 mean: 512.9990049751244
gen >4, new best = 490.100
gen: 4 best: 490.1 mean: 511.7094527363184
gen >5, new best = 486.900
gen: 5 best: 486.9 mean: 511.3203980099502
gen: 6 best: 486.9 mean: 511.74776119402986
gen >7, new best = 483.600
gen: 7 best: 483.6 mean: 508.7726368159204
gen: 8 best: 483.6 mean: 509.3820895522388
gen >9, new best = 481.200
gen: 9 best: 481.2 mean: 509.09303482587063
gen: 10 best: 481.2 mean: 508.87114427860695
gen: 11 best: 481.2 mean: 507.50796019900497
gen: 12 best: 481.2 mean: 507.5820895522388
gen: 13 best: 481.2 mean: 508.59402985074627
gen: 14 best: 481.2 mean: 506.38905472636816
gen: 15 best: 481.2 mean: 506.40696517412937
gen: 16 best: 481.2 mean: 505.3950248756219
gen >17, new best = 478.600
gen: 17 best: 478.6 mean: 505.54875621890545
gen >18, new best = 478.000
gen: 18 best: 478.0 mean: 504.2671641791045
gen >19, new best = 474.300
gen: 19 best: 474.3 mean: 504.39353233830843
gen: 20 best: 474.3 mean: 503.62587064676615
gen: 21 best: 474.3 mean: 503.19353233830844
gen: 22 best: 474.3 mean: 502.5437810945274
gen: 23 best: 474.3 mean: 501.873631840796
gen: 24 best: 474.3 mean: 500.307960199005
gen: 25 best: 474.3 mean: 500.3542288557214
gen: 26 best: 474.3 mean: 498.69701492537314
gen >27, new best = 474.000
gen: 27 best: 474.0 mean: 499.78457711442786
gen: 28 best: 474.0 mean: 497.99004975124376
gen >29, new best = 472.000
gen: 29 best: 472.0 mean: 497.38407960199004
gen: 30 best: 472.0 mean: 496.7417910447761
gen: 31 best: 472.0 mean: 496.1646766169154
gen: 32 best: 472.0 mean: 495.5407960199005
gen: 33 best: 472.0 mean: 495.35273631840795
gen >34, new best = 471.400
gen >34, new best = 470.300
gen: 34 best: 470.3 mean: 494.5532338308458
gen: 35 best: 470.3 mean: 494.4407960199005
gen: 36 best: 470.3 mean: 492.9875621890547
gen >37, new best = 470.000
gen: 37 best: 470.0 mean: 493.0915422885572
gen >38, new best = 465.300
gen: 38 best: 465.3 mean: 492.4213930348259
gen: 39 best: 465.3 mean: 491.7587064676617
gen >40, new best = 464.700
gen: 40 best: 464.7 mean: 490.3975124378109
gen: 41 best: 464.7 mean: 490.3960199004975
gen: 42 best: 464.7 mean: 491.3298507462687
gen: 43 best: 464.7 mean: 490.92437810945273
gen: 44 best: 464.7 mean: 491.80149253731344
gen >45, new best = 459.500
gen: 45 best: 459.5 mean: 489.65323383084575
gen: 46 best: 459.5 mean: 489.90547263681594
gen >47, new best = 459.000
gen: 47 best: 459.0 mean: 489.3960199004975
gen: 48 best: 459.0 mean: 488.97860696517415
gen: 49 best: 459.0 mean: 488.8139303482587
gen: 50 best: 459.0 mean: 487.692039800995
gen: 51 best: 459.0 mean: 488.00248756218906
gen: 52 best: 459.0 mean: 487.23383084577114
gen: 53 best: 459.0 mean: 487.71094527363186
gen: 54 best: 459.0 mean: 486.91641791044776
gen: 55 best: 459.0 mean: 487.17661691542287
gen >56, new best = 455.300
gen: 56 best: 455.3 mean: 486.78457711442786
gen: 57 best: 455.3 mean: 487.3089552238806
gen: 58 best: 455.3 mean: 486.092039800995
gen: 59 best: 455.3 mean: 484.9407960199005
gen: 60 best: 455.3 mean: 485.78656716417913
gen: 61 best: 455.3 mean: 485.99203980099503
gen: 62 best: 455.3 mean: 486.0497512437811
gen: 63 best: 455.3 mean: 485.85273631840795
gen: 64 best: 455.3 mean: 484.71144278606965
gen: 65 best: 455.3 mean: 484.06169154228854
gen: 66 best: 455.3 mean: 485.9363184079602
gen: 67 best: 455.3 mean: 484.9432835820896
gen: 68 best: 455.3 mean: 484.53582089552236
gen: 69 best: 455.3 mean: 484.9044776119403
gen: 70 best: 455.3 mean: 484.5109452736318
gen: 71 best: 455.3 mean: 484.5641791044776
gen >72, new best = 454.900
gen: 72 best: 454.9 mean: 483.83034825870647
gen: 73 best: 454.9 mean: 484.28805970149256
gen: 74 best: 454.9 mean: 484.37512437810943
gen: 75 best: 454.9 mean: 484.0422885572139
gen: 76 best: 454.9 mean: 483.83432835820895
gen: 77 best: 454.9 mean: 482.55223880597015
gen: 78 best: 454.9 mean: 482.2601990049751
gen: 79 best: 454.9 mean: 482.19850746268656
gen: 80 best: 454.9 mean: 481.85970149253734
gen >81, new best = 454.400
gen: 81 best: 454.4 mean: 482.1592039800995
gen: 82 best: 454.4 mean: 481.58407960199
gen: 83 best: 454.4 mean: 481.36119402985076
gen: 84 best: 454.4 mean: 481.38905472636816
gen: 85 best: 454.4 mean: 479.26268656716417
gen: 86 best: 454.4 mean: 482.07562189054727
gen: 87 best: 454.4 mean: 479.9721393034826
gen: 88 best: 454.4 mean: 480.771144278607
gen: 89 best: 454.4 mean: 479.4308457711443
gen: 90 best: 454.4 mean: 479.12885572139305
gen: 91 best: 454.4 mean: 479.5323383084577
gen: 92 best: 454.4 mean: 479.36169154228855
gen: 93 best: 454.4 mean: 478.83980099502486
gen: 94 best: 454.4 mean: 479.3318407960199
gen: 95 best: 454.4 mean: 478.9721393034826
gen: 96 best: 454.4 mean: 480.23532338308456
gen: 97 best: 454.4 mean: 478.3442786069652
gen: 98 best: 454.4 mean: 478.7875621890547
gen >99, new best = 451.700
gen: 99 best: 451.7 mean: 478.910447761194
[6, 7, 7, 7, 7, 7, 7, 7, 7, 7, 7, 7, 7, 8, 7, 7, 6, 7, 7, 7, 7, 7, 7, 7, 7, 7, 7, 7, 7, 7, 7, 8, 7, 7, 7, 7, 7, 7, 7, 7, 7, 7, 6, 6, 7, 7, 7, 7, 7, 7]
Test count of edges: 2325
cat
