Defaulting to user installation because normal site-packages is not writeable
Looking in links: /cvmfs/soft.computecanada.ca/custom/python/wheelhouse/gentoo/avx2, /cvmfs/soft.computecanada.ca/custom/python/wheelhouse/gentoo/generic, /cvmfs/soft.computecanada.ca/custom/python/wheelhouse/generic
Requirement already satisfied: graphviz in /home/js17sy/.local/lib/python3.10/site-packages (0.20)
718; python ga.py 5 768N_graph5.dat 0.1 0.04 0.7 0.9 0.1 201 768N_graph5leerygen3rem70_ 799708
/project/6008788/js17sy/reopenga/768a/ga.py:291: DeprecationWarning: Sampling from a set deprecated
since Python 3.9 and will be removed in a subsequent version.
  child1 = set(random.sample(
gen >0, new best = 535.600
gen >0, new best = 504.100
gen >0, new best = 497.500
gen >0, new best = 492.700
gen >0, new best = 473.200
gen >0, new best = 466.400
gen: 0 best: 466.4 mean: 507.6099502487562
gen >1, new best = 466.000
gen >1, new best = 456.800
gen >1, new best = 436.300
gen: 1 best: 436.3 mean: 501.655223880597
gen: 2 best: 436.3 mean: 498.84328358208955
gen: 3 best: 436.3 mean: 493.8646766169154
gen: 4 best: 436.3 mean: 492.24626865671644
gen: 5 best: 436.3 mean: 486.7467661691542
gen >6, new best = 432.000
gen: 6 best: 432.0 mean: 483.4582089552239
gen >7, new best = 431.400
gen >7, new best = 430.500
gen: 7 best: 430.5 mean: 479.2363184079602
gen >8, new best = 426.300
gen: 8 best: 426.3 mean: 473.1373134328358
gen >9, new best = 424.500
gen >9, new best = 422.600
gen: 9 best: 422.6 mean: 468.77363184079604
gen >10, new best = 419.600
gen: 10 best: 419.6 mean: 467.4134328358209
gen: 11 best: 419.6 mean: 465.94726368159206
gen: 12 best: 419.6 mean: 462.8805970149254
gen >13, new best = 411.200
gen >13, new best = 397.500
gen: 13 best: 397.5 mean: 461.80746268656713
gen: 14 best: 397.5 mean: 461.2328358208955
gen: 15 best: 397.5 mean: 456.94278606965173
gen >16, new best = 389.900
gen: 16 best: 389.9 mean: 456.6592039800995
gen: 17 best: 389.9 mean: 454.1487562189055
gen: 18 best: 389.9 mean: 452.86019900497513
gen: 19 best: 389.9 mean: 451.95323383084576
gen: 20 best: 389.9 mean: 449.5139303482587
gen: 21 best: 389.9 mean: 448.8915422885572
gen: 22 best: 389.9 mean: 448.24278606965174
gen: 23 best: 389.9 mean: 448.92039800995025
gen: 24 best: 389.9 mean: 445.7348258706468
gen: 25 best: 389.9 mean: 445.210447761194
gen: 26 best: 389.9 mean: 444.10646766169157
gen: 27 best: 389.9 mean: 447.0805970149254
gen: 28 best: 389.9 mean: 447.2139303482587
gen: 29 best: 389.9 mean: 443.4766169154229
gen: 30 best: 389.9 mean: 441.78905472636814
gen: 31 best: 389.9 mean: 442.1129353233831
gen: 32 best: 389.9 mean: 439.57014925373136
gen: 33 best: 389.9 mean: 440.355223880597
gen: 34 best: 389.9 mean: 438.355223880597
gen: 35 best: 389.9 mean: 437.4925373134328
gen: 36 best: 389.9 mean: 440.35273631840795
gen: 37 best: 389.9 mean: 434.8995024875622
gen: 38 best: 389.9 mean: 437.27910447761195
gen: 39 best: 389.9 mean: 434.565671641791
gen: 40 best: 389.9 mean: 435.85820895522386
gen: 41 best: 389.9 mean: 436.99004975124376
gen: 42 best: 389.9 mean: 434.60696517412936
gen >43, new best = 379.200
gen: 43 best: 379.2 mean: 435.0776119402985
gen: 44 best: 379.2 mean: 435.4636815920398
gen: 45 best: 379.2 mean: 433.3547263681592
gen: 46 best: 379.2 mean: 432.91293532338307
gen: 47 best: 379.2 mean: 432.1353233830846
gen: 48 best: 379.2 mean: 431.65323383084575
gen: 49 best: 379.2 mean: 429.5995024875622
gen: 50 best: 379.2 mean: 430.58308457711445
gen: 51 best: 379.2 mean: 431.64378109452736
gen >52, new best = 375.200
gen: 52 best: 375.2 mean: 429.8363184079602
gen: 53 best: 375.2 mean: 430.41641791044776
gen: 54 best: 375.2 mean: 428.8189054726368
gen: 55 best: 375.2 mean: 430.0218905472637
gen: 56 best: 375.2 mean: 429.25223880597014
gen: 57 best: 375.2 mean: 429.53731343283584
gen: 58 best: 375.2 mean: 428.1363184079602
gen: 59 best: 375.2 mean: 430.0273631840796
gen: 60 best: 375.2 mean: 428.1358208955224
gen: 61 best: 375.2 mean: 429.5313432835821
gen >62, new best = 371.300
gen: 62 best: 371.3 mean: 428.06467661691545
gen: 63 best: 371.3 mean: 426.3174129353234
gen: 64 best: 371.3 mean: 427.5124378109453
gen: 65 best: 371.3 mean: 426.9562189054726
gen: 66 best: 371.3 mean: 424.36915422885573
gen: 67 best: 371.3 mean: 426.2492537313433
gen: 68 best: 371.3 mean: 427.2233830845771
gen: 69 best: 371.3 mean: 426.5149253731343
gen: 70 best: 371.3 mean: 424.7228855721393
gen: 71 best: 371.3 mean: 426.14776119402984
gen: 72 best: 371.3 mean: 427.58507462686566
gen: 73 best: 371.3 mean: 425.2781094527363
gen: 74 best: 371.3 mean: 425.8661691542288
gen: 75 best: 371.3 mean: 423.9616915422886
gen: 76 best: 371.3 mean: 424.8542288557214
gen: 77 best: 371.3 mean: 423.1487562189055
gen: 78 best: 371.3 mean: 426.94029850746267
gen: 79 best: 371.3 mean: 423.2283582089552
gen: 80 best: 371.3 mean: 426.1547263681592
gen: 81 best: 371.3 mean: 422.98407960199006
gen: 82 best: 371.3 mean: 423.17313432835823
gen >83, new best = 365.900
gen: 83 best: 365.9 mean: 424.52537313432833
gen: 84 best: 365.9 mean: 424.50845771144276
gen: 85 best: 365.9 mean: 422.88407960199004
gen: 86 best: 365.9 mean: 423.281592039801
gen: 87 best: 365.9 mean: 423.6830845771144
gen: 88 best: 365.9 mean: 424.7532338308458
gen: 89 best: 365.9 mean: 423.1318407960199
gen: 90 best: 365.9 mean: 423.5995024875622
gen: 91 best: 365.9 mean: 421.78507462686565
gen: 92 best: 365.9 mean: 422.2915422885572
gen: 93 best: 365.9 mean: 424.0004975124378
gen: 94 best: 365.9 mean: 420.28855721393035
gen: 95 best: 365.9 mean: 420.5621890547264
gen: 96 best: 365.9 mean: 424.0512437810945
gen: 97 best: 365.9 mean: 421.29701492537316
gen: 98 best: 365.9 mean: 421.08407960199
gen: 99 best: 365.9 mean: 420.59402985074627
[6, 6, 5, 6, 6, 6, 7, 6, 6, 6, 6, 6, 6, 7, 6, 6, 6, 6, 6, 6, 6, 7, 6, 6, 6, 5, 6, 7, 6, 6, 6, 6, 6, 6, 5, 6, 7, 7, 6, 6, 6, 6, 6, 6, 5, 6, 6, 6, 6, 6]
Test count of edges: 1388
cat
