Defaulting to user installation because normal site-packages is not writeable
Looking in links: /cvmfs/soft.computecanada.ca/custom/python/wheelhouse/gentoo/avx2, /cvmfs/soft.computecanada.ca/custom/python/wheelhouse/gentoo/generic, /cvmfs/soft.computecanada.ca/custom/python/wheelhouse/generic
Requirement already satisfied: graphviz in /home/js17sy/.local/lib/python3.10/site-packages (0.20)
284; python ga.py 5 768N_graph5.dat 0.05 0.02 0.7 0.5 0.5 201 768N_graph5mediumgen1rem70_ 399854
/project/6008788/js17sy/reopenga/768a/ga.py:291: DeprecationWarning: Sampling from a set deprecated
since Python 3.9 and will be removed in a subsequent version.
  child1 = set(random.sample(
gen >0, new best = 434.500
gen >0, new best = 430.000
gen >0, new best = 425.400
gen >0, new best = 418.600
gen >0, new best = 402.600
gen: 0 best: 402.6 mean: 486.3716417910448
gen: 1 best: 402.6 mean: 474.5407960199005
gen >2, new best = 402.200
gen: 2 best: 402.2 mean: 473.25174129353235
gen >3, new best = 389.300
gen >3, new best = 386.900
gen >3, new best = 378.600
gen: 3 best: 378.6 mean: 467.16915422885575
gen: 4 best: 378.6 mean: 462.1452736318408
gen >5, new best = 355.400
gen: 5 best: 355.4 mean: 459.79203980099504
gen: 6 best: 355.4 mean: 457.7487562189055
gen: 7 best: 355.4 mean: 453.6283582089552
gen: 8 best: 355.4 mean: 449.7960199004975
gen: 9 best: 355.4 mean: 449.65820895522387
gen: 10 best: 355.4 mean: 443.18009950248756
gen: 11 best: 355.4 mean: 441.06318407960197
gen: 12 best: 355.4 mean: 442.60895522388057
gen: 13 best: 355.4 mean: 439.0074626865672
gen: 14 best: 355.4 mean: 435.2805970149254
gen: 15 best: 355.4 mean: 435.84378109452734
gen: 16 best: 355.4 mean: 428.10149253731345
gen: 17 best: 355.4 mean: 429.02537313432833
gen: 18 best: 355.4 mean: 427.13283582089554
gen: 19 best: 355.4 mean: 427.263184079602
gen: 20 best: 355.4 mean: 427.0417910447761
gen: 21 best: 355.4 mean: 422.62039800995024
gen: 22 best: 355.4 mean: 422.5149253731343
gen: 23 best: 355.4 mean: 420.97014925373134
gen: 24 best: 355.4 mean: 418.663184079602
gen: 25 best: 355.4 mean: 418.3641791044776
gen: 26 best: 355.4 mean: 418.8059701492537
gen: 27 best: 355.4 mean: 414.2597014925373
gen >28, new best = 355.300
gen: 28 best: 355.3 mean: 418.3771144278607
gen: 29 best: 355.3 mean: 416.18059701492535
gen: 30 best: 355.3 mean: 417.5049751243781
gen: 31 best: 355.3 mean: 413.52537313432833
gen >32, new best = 345.800
gen: 32 best: 345.8 mean: 410.2084577114428
gen: 33 best: 345.8 mean: 410.99751243781094
gen: 34 best: 345.8 mean: 411.47711442786067
gen: 35 best: 345.8 mean: 411.64776119402984
gen: 36 best: 345.8 mean: 407.9144278606965
gen: 37 best: 345.8 mean: 405.6820895522388
gen: 38 best: 345.8 mean: 409.218407960199
gen >39, new best = 344.300
gen: 39 best: 344.3 mean: 403.1686567164179
gen >40, new best = 334.500
gen: 40 best: 334.5 mean: 406.80497512437813
gen: 41 best: 334.5 mean: 406.218407960199
gen: 42 best: 334.5 mean: 402.836815920398
gen: 43 best: 334.5 mean: 403.4865671641791
gen: 44 best: 334.5 mean: 402.4457711442786
gen: 45 best: 334.5 mean: 404.3646766169154
gen: 46 best: 334.5 mean: 400.88407960199004
gen: 47 best: 334.5 mean: 401.0134328358209
gen: 48 best: 334.5 mean: 401.91641791044776
gen: 49 best: 334.5 mean: 399.91592039801
gen: 50 best: 334.5 mean: 402.581592039801
gen: 51 best: 334.5 mean: 398.30646766169156
gen: 52 best: 334.5 mean: 400.0268656716418
gen: 53 best: 334.5 mean: 398.87611940298507
gen: 54 best: 334.5 mean: 399.12039800995024
gen: 55 best: 334.5 mean: 399.46119402985073
gen: 56 best: 334.5 mean: 398.26616915422886
gen: 57 best: 334.5 mean: 395.3676616915423
gen: 58 best: 334.5 mean: 396.6995024875622
gen: 59 best: 334.5 mean: 395.3089552238806
gen: 60 best: 334.5 mean: 395.1393034825871
gen: 61 best: 334.5 mean: 395.70796019900496
gen: 62 best: 334.5 mean: 394.37462686567164
gen: 63 best: 334.5 mean: 395.8766169154229
gen: 64 best: 334.5 mean: 395.8845771144279
gen: 65 best: 334.5 mean: 396.74328358208953
gen: 66 best: 334.5 mean: 395.2945273631841
gen: 67 best: 334.5 mean: 394.45174129353234
gen: 68 best: 334.5 mean: 394.4601990049751
gen: 69 best: 334.5 mean: 395.1756218905473
gen: 70 best: 334.5 mean: 394.30248756218907
gen: 71 best: 334.5 mean: 395.1303482587065
gen: 72 best: 334.5 mean: 393.79203980099504
gen: 73 best: 334.5 mean: 395.1208955223881
gen: 74 best: 334.5 mean: 394.94776119402985
gen: 75 best: 334.5 mean: 396.62935323383084
gen: 76 best: 334.5 mean: 395.79402985074626
gen: 77 best: 334.5 mean: 396.76268656716417
gen: 78 best: 334.5 mean: 394.97711442786067
gen: 79 best: 334.5 mean: 393.7651741293532
gen: 80 best: 334.5 mean: 393.6273631840796
gen: 81 best: 334.5 mean: 395.0786069651741
gen: 82 best: 334.5 mean: 396.37611940298507
gen >83, new best = 332.400
gen: 83 best: 332.4 mean: 395.01044776119403
gen: 84 best: 332.4 mean: 394.74776119402986
gen: 85 best: 332.4 mean: 395.39452736318407
gen: 86 best: 332.4 mean: 392.6393034825871
gen: 87 best: 332.4 mean: 396.47910447761194
gen: 88 best: 332.4 mean: 393.5109452736318
gen: 89 best: 332.4 mean: 392.1338308457712
gen: 90 best: 332.4 mean: 394.6776119402985
gen: 91 best: 332.4 mean: 393.0970149253731
gen: 92 best: 332.4 mean: 393.66019900497514
gen: 93 best: 332.4 mean: 392.3731343283582
gen: 94 best: 332.4 mean: 393.1134328358209
gen: 95 best: 332.4 mean: 390.83383084577116
gen: 96 best: 332.4 mean: 391.9004975124378
gen: 97 best: 332.4 mean: 390.18059701492535
gen: 98 best: 332.4 mean: 392.31094527363183
gen: 99 best: 332.4 mean: 391.05970149253733
[8, 7, 8, 7, 6, 7, 7, 7, 7, 7, 6, 6, 8, 7, 7, 7, 8, 6, 7, 8, 9, 8, 9, 8, 7, 6, 8, 7, 8, 6, 8, 7, 8, 7, 7, 7, 7, 7, 7, 7, 10, 7, 7, 7, 7, 8, 8, 8, 3, 8]
Test count of edges: 1422
cat
