Defaulting to user installation because normal site-packages is not writeable
Looking in links: /cvmfs/soft.computecanada.ca/custom/python/wheelhouse/gentoo/avx2, /cvmfs/soft.computecanada.ca/custom/python/wheelhouse/gentoo/generic, /cvmfs/soft.computecanada.ca/custom/python/wheelhouse/generic
Requirement already satisfied: graphviz in /home/js17sy/.local/lib/python3.10/site-packages (0.20)
613; python ga.py 5 768N_graph5.dat 0.1 0.04 0.5 0.9 0.1 201 768N_graph5leerygen3rem50_ 371293
/project/6008788/js17sy/reopenga/768a/ga.py:291: DeprecationWarning: Sampling from a set deprecated
since Python 3.9 and will be removed in a subsequent version.
  child1 = set(random.sample(
gen >0, new best = 528.300
gen >0, new best = 510.700
gen >0, new best = 500.800
gen >0, new best = 495.900
gen >0, new best = 495.800
gen >0, new best = 492.700
gen: 0 best: 492.7 mean: 517.1970149253731
gen >1, new best = 491.600
gen >1, new best = 487.200
gen: 1 best: 487.2 mean: 514.218407960199
gen: 2 best: 487.2 mean: 513.8955223880597
gen >3, new best = 481.000
gen: 3 best: 481.0 mean: 513.2835820895523
gen: 4 best: 481.0 mean: 514.2268656716418
gen: 5 best: 481.0 mean: 511.25572139303483
gen: 6 best: 481.0 mean: 512.3248756218906
gen: 7 best: 481.0 mean: 510.7562189054726
gen: 8 best: 481.0 mean: 510.2159203980099
gen >9, new best = 480.900
gen: 9 best: 480.9 mean: 509.64776119402984
gen: 10 best: 480.9 mean: 508.41094527363185
gen: 11 best: 480.9 mean: 508.692039800995
gen: 12 best: 480.9 mean: 507.86119402985076
gen: 13 best: 480.9 mean: 507.32537313432834
gen: 14 best: 480.9 mean: 506.68805970149253
gen: 15 best: 480.9 mean: 506.8492537313433
gen: 16 best: 480.9 mean: 505.981592039801
gen: 17 best: 480.9 mean: 505.58706467661693
gen >18, new best = 477.300
gen: 18 best: 477.3 mean: 503.5462686567164
gen: 19 best: 477.3 mean: 504.43482587064676
gen: 20 best: 477.3 mean: 503.1462686567164
gen: 21 best: 477.3 mean: 503.1671641791045
gen: 22 best: 477.3 mean: 500.12039800995024
gen >23, new best = 476.100
gen: 23 best: 476.1 mean: 499.8099502487562
gen: 24 best: 476.1 mean: 498.9562189054726
gen >25, new best = 475.600
gen: 25 best: 475.6 mean: 498.23930348258705
gen >26, new best = 471.700
gen: 26 best: 471.7 mean: 497.50995024875624
gen: 27 best: 471.7 mean: 498.20597014925374
gen: 28 best: 471.7 mean: 495.94726368159206
gen >29, new best = 468.800
gen: 29 best: 468.8 mean: 496.7601990049751
gen: 30 best: 468.8 mean: 495.56666666666666
gen: 31 best: 468.8 mean: 494.95870646766167
gen: 32 best: 468.8 mean: 495.51940298507463
gen: 33 best: 468.8 mean: 494.8278606965174
gen: 34 best: 468.8 mean: 495.7199004975124
gen: 35 best: 468.8 mean: 494.66169154228857
gen >36, new best = 464.200
gen: 36 best: 464.2 mean: 492.9502487562189
gen: 37 best: 464.2 mean: 491.45721393034825
gen: 38 best: 464.2 mean: 491.4412935323383
gen: 39 best: 464.2 mean: 490.7328358208955
gen >40, new best = 463.600
gen: 40 best: 463.6 mean: 489.19353233830844
gen >41, new best = 463.100
gen: 41 best: 463.1 mean: 489.27512437810947
gen: 42 best: 463.1 mean: 489.31940298507465
gen: 43 best: 463.1 mean: 489.07910447761196
gen: 44 best: 463.1 mean: 487.93283582089555
gen: 45 best: 463.1 mean: 488.5348258706468
gen: 46 best: 463.1 mean: 487.49353233830846
gen: 47 best: 463.1 mean: 487.6
gen: 48 best: 463.1 mean: 487.22985074626865
gen: 49 best: 463.1 mean: 486.20796019900496
gen: 50 best: 463.1 mean: 485.481592039801
gen >51, new best = 462.000
gen: 51 best: 462.0 mean: 484.98407960199006
gen: 52 best: 462.0 mean: 484.3716417910448
gen: 53 best: 462.0 mean: 483.62388059701493
gen >54, new best = 456.400
gen: 54 best: 456.4 mean: 483.6044776119403
gen >55, new best = 455.700
gen: 55 best: 455.7 mean: 482.9860696517413
gen: 56 best: 455.7 mean: 483.3497512437811
gen: 57 best: 455.7 mean: 482.99402985074624
gen: 58 best: 455.7 mean: 483.02039800995027
gen: 59 best: 455.7 mean: 481.8771144278607
gen: 60 best: 455.7 mean: 481.7139303482587
gen: 61 best: 455.7 mean: 480.83781094527365
gen: 62 best: 455.7 mean: 480.01044776119403
gen >63, new best = 450.400
gen: 63 best: 450.4 mean: 480.4890547263682
gen: 64 best: 450.4 mean: 479.065671641791
gen: 65 best: 450.4 mean: 478.5676616915423
gen: 66 best: 450.4 mean: 479.09800995024875
gen: 67 best: 450.4 mean: 479.426368159204
gen: 68 best: 450.4 mean: 478.8626865671642
gen: 69 best: 450.4 mean: 477.7179104477612
gen >70, new best = 444.500
gen: 70 best: 444.5 mean: 477.93482587064676
gen: 71 best: 444.5 mean: 478.3716417910448
gen: 72 best: 444.5 mean: 478.00796019900497
gen: 73 best: 444.5 mean: 477.5995024875622
gen: 74 best: 444.5 mean: 477.4681592039801
gen: 75 best: 444.5 mean: 477.08308457711445
gen: 76 best: 444.5 mean: 476.08009950248754
gen: 77 best: 444.5 mean: 475.4179104477612
gen: 78 best: 444.5 mean: 475.79253731343283
gen: 79 best: 444.5 mean: 475.46069651741294
gen: 80 best: 444.5 mean: 474.2870646766169
gen: 81 best: 444.5 mean: 475.3179104477612
gen: 82 best: 444.5 mean: 474.8955223880597
gen: 83 best: 444.5 mean: 473.7407960199005
gen: 84 best: 444.5 mean: 474.6885572139303
gen: 85 best: 444.5 mean: 473.07462686567163
gen: 86 best: 444.5 mean: 471.9064676616915
gen: 87 best: 444.5 mean: 473.6980099502488
gen: 88 best: 444.5 mean: 472.93930348258704
gen: 89 best: 444.5 mean: 473.1412935323383
gen: 90 best: 444.5 mean: 472.6587064676617
gen: 91 best: 444.5 mean: 472.86218905472634
gen >92, new best = 441.800
gen: 92 best: 441.8 mean: 471.944776119403
gen: 93 best: 441.8 mean: 472.36019900497513
gen: 94 best: 441.8 mean: 471.0855721393035
gen: 95 best: 441.8 mean: 471.5218905472637
gen: 96 best: 441.8 mean: 470.83482587064674
gen: 97 best: 441.8 mean: 472.30149253731344
gen >98, new best = 441.500
gen: 98 best: 441.5 mean: 472.2641791044776
gen: 99 best: 441.5 mean: 470.76119402985074
[6, 7, 7, 7, 7, 7, 7, 7, 7, 7, 7, 7, 6, 7, 6, 7, 7, 7, 7, 8, 6, 7, 6, 7, 6, 7, 7, 7, 7, 7, 7, 6, 6, 7, 7, 6, 6, 6, 7, 7, 7, 7, 6, 7, 7, 6, 7, 7, 7, 7]
Test count of edges: 2308
cat
