Defaulting to user installation because normal site-packages is not writeable
Looking in links: /cvmfs/soft.computecanada.ca/custom/python/wheelhouse/gentoo/avx2, /cvmfs/soft.computecanada.ca/custom/python/wheelhouse/gentoo/generic, /cvmfs/soft.computecanada.ca/custom/python/wheelhouse/generic
Requirement already satisfied: graphviz in /home/js17sy/.local/lib/python3.10/site-packages (0.20)
123; python ga.py 5 768N_graph5.dat 0.025 0.01 0.7 0.7 0.3 201 768N_graph5strictgen2rem70_ 85683
/project/6008788/js17sy/reopenga/768a/ga.py:291: DeprecationWarning: Sampling from a set deprecated
since Python 3.9 and will be removed in a subsequent version.
  child1 = set(random.sample(
gen >0, new best = 508.200
gen >0, new best = 469.100
gen >0, new best = 453.800
gen >0, new best = 447.700
gen >0, new best = 397.400
gen >0, new best = 365.700
gen >0, new best = 334.100
gen: 0 best: 334.1 mean: 497.1537313432836
gen: 1 best: 334.1 mean: 492.7417910447761
gen: 2 best: 334.1 mean: 490.4452736318408
gen: 3 best: 334.1 mean: 478.1333333333333
gen: 4 best: 334.1 mean: 473.12537313432836
gen: 5 best: 334.1 mean: 459.91094527363185
gen >6, new best = 321.000
gen: 6 best: 321.0 mean: 456.82089552238807
gen: 7 best: 321.0 mean: 449.4273631840796
gen: 8 best: 321.0 mean: 446.9144278606965
gen >9, new best = 320.100
gen: 9 best: 320.1 mean: 435.8149253731343
gen: 10 best: 320.1 mean: 428.17164179104475
gen: 11 best: 320.1 mean: 434.28109452736317
gen: 12 best: 320.1 mean: 420.97512437810946
gen >13, new best = 298.600
gen: 13 best: 298.6 mean: 419.7194029850746
gen: 14 best: 298.6 mean: 416.4502487562189
gen: 15 best: 298.6 mean: 413.54129353233833
gen: 16 best: 298.6 mean: 413.0567164179104
gen: 17 best: 298.6 mean: 406.7771144278607
gen: 18 best: 298.6 mean: 403.38855721393037
gen >19, new best = 282.800
gen: 19 best: 282.8 mean: 401.43333333333334
gen: 20 best: 282.8 mean: 392.3940298507463
gen: 21 best: 282.8 mean: 395.6855721393035
gen: 22 best: 282.8 mean: 387.9547263681592
gen: 23 best: 282.8 mean: 389.79253731343283
gen: 24 best: 282.8 mean: 386.72039800995026
gen: 25 best: 282.8 mean: 381.126368159204
gen: 26 best: 282.8 mean: 374.5587064676617
gen: 27 best: 282.8 mean: 375.6179104477612
gen: 28 best: 282.8 mean: 378.49154228855724
gen: 29 best: 282.8 mean: 369.9194029850746
gen: 30 best: 282.8 mean: 372.9004975124378
gen: 31 best: 282.8 mean: 370.8358208955224
gen: 32 best: 282.8 mean: 364.4582089552239
gen: 33 best: 282.8 mean: 368.30746268656713
gen >34, new best = 266.800
gen: 34 best: 266.8 mean: 369.15721393034823
gen: 35 best: 266.8 mean: 363.5716417910448
gen: 36 best: 266.8 mean: 362.69651741293535
gen: 37 best: 266.8 mean: 360.53930348258706
gen: 38 best: 266.8 mean: 364.01144278606967
gen: 39 best: 266.8 mean: 359.6412935323383
gen: 40 best: 266.8 mean: 363.32537313432834
gen: 41 best: 266.8 mean: 360.6462686567164
gen: 42 best: 266.8 mean: 358.8422885572139
gen: 43 best: 266.8 mean: 357.9706467661692
gen: 44 best: 266.8 mean: 354.2457711442786
gen: 45 best: 266.8 mean: 355.69154228855723
gen: 46 best: 266.8 mean: 353.31044776119404
gen: 47 best: 266.8 mean: 349.3402985074627
gen: 48 best: 266.8 mean: 349.5258706467662
gen: 49 best: 266.8 mean: 350.91990049751246
gen: 50 best: 266.8 mean: 354.09253731343284
gen: 51 best: 266.8 mean: 348.59800995024875
gen: 52 best: 266.8 mean: 345.53432835820894
gen: 53 best: 266.8 mean: 344.89253731343285
gen: 54 best: 266.8 mean: 348.25671641791047
gen: 55 best: 266.8 mean: 348.49303482587067
gen: 56 best: 266.8 mean: 344.41592039801
gen: 57 best: 266.8 mean: 343.8243781094527
gen: 58 best: 266.8 mean: 339.710447761194
gen: 59 best: 266.8 mean: 343.10646766169157
gen: 60 best: 266.8 mean: 341.410447761194
gen: 61 best: 266.8 mean: 343.9781094527363
gen >62, new best = 264.900
gen: 62 best: 264.9 mean: 343.24427860696517
gen: 63 best: 264.9 mean: 341.5089552238806
gen: 64 best: 264.9 mean: 343.12487562189057
gen: 65 best: 264.9 mean: 341.5542288557214
gen: 66 best: 264.9 mean: 342.5880597014925
gen: 67 best: 264.9 mean: 338.9094527363184
gen: 68 best: 264.9 mean: 341.1318407960199
gen: 69 best: 264.9 mean: 338.5199004975124
gen: 70 best: 264.9 mean: 339.68805970149253
gen: 71 best: 264.9 mean: 339.5407960199005
gen: 72 best: 264.9 mean: 338.4855721393035
gen: 73 best: 264.9 mean: 334.32487562189056
gen: 74 best: 264.9 mean: 331.77014925373135
gen: 75 best: 264.9 mean: 334.7238805970149
gen: 76 best: 264.9 mean: 335.08855721393036
gen: 77 best: 264.9 mean: 333.69154228855723
gen: 78 best: 264.9 mean: 335.1776119402985
gen: 79 best: 264.9 mean: 333.98855721393033
gen: 80 best: 264.9 mean: 331.9323383084577
gen: 81 best: 264.9 mean: 335.17462686567166
gen: 82 best: 264.9 mean: 333.9636815920398
gen: 83 best: 264.9 mean: 334.5074626865672
gen: 84 best: 264.9 mean: 332.3174129353234
gen: 85 best: 264.9 mean: 334.81592039800995
gen: 86 best: 264.9 mean: 331.41492537313434
gen: 87 best: 264.9 mean: 331.781592039801
gen >88, new best = 264.200
gen: 88 best: 264.2 mean: 332.9064676616915
gen: 89 best: 264.2 mean: 333.44825870646764
gen: 90 best: 264.2 mean: 332.4691542288557
gen: 91 best: 264.2 mean: 332.8960199004975
gen: 92 best: 264.2 mean: 333.83781094527365
gen: 93 best: 264.2 mean: 332.5333333333333
gen: 94 best: 264.2 mean: 333.93333333333334
gen: 95 best: 264.2 mean: 331.2507462686567
gen: 96 best: 264.2 mean: 332.13432835820896
gen: 97 best: 264.2 mean: 332.9502487562189
gen: 98 best: 264.2 mean: 329.59452736318406
gen: 99 best: 264.2 mean: 332.6407960199005
[9, 9, 9, 9, 8, 8, 9, 10, 10, 8, 8, 9, 9, 10, 7, 8, 9, 11, 7, 7, 9, 9, 10, 8, 8, 10, 8, 7, 8, 8, 8, 10, 9, 8, 8, 10, 8, 10, 8, 9, 9, 9, 9, 9, 8, 8, 8, 7, 8, 10]
Test count of edges: 1406
cat
