Defaulting to user installation because normal site-packages is not writeable
Looking in links: /cvmfs/soft.computecanada.ca/custom/python/wheelhouse/gentoo/avx2, /cvmfs/soft.computecanada.ca/custom/python/wheelhouse/gentoo/generic, /cvmfs/soft.computecanada.ca/custom/python/wheelhouse/generic
Requirement already satisfied: graphviz in /home/js17sy/.local/lib/python3.10/site-packages (0.20)
261; python ga.py 5 768N_graph5.dat 0.05 0.02 0.5 0.9 0.1 201 768N_graph5mediumgen3rem50_ 599781
/project/6008788/js17sy/reopenga/768a/ga.py:291: DeprecationWarning: Sampling from a set deprecated
since Python 3.9 and will be removed in a subsequent version.
  child1 = set(random.sample(
gen >0, new best = 486.100
gen >0, new best = 484.700
gen >0, new best = 471.800
gen >0, new best = 468.200
gen >0, new best = 466.200
gen >0, new best = 465.000
gen: 0 best: 465.0 mean: 486.98955223880597
gen >1, new best = 464.700
gen >1, new best = 464.000
gen: 1 best: 464.0 mean: 487.1671641791045
gen >2, new best = 460.500
gen >2, new best = 459.100
gen: 2 best: 459.1 mean: 484.6179104477612
gen: 3 best: 459.1 mean: 485.4905472636816
gen: 4 best: 459.1 mean: 482.92885572139306
gen >5, new best = 457.500
gen: 5 best: 457.5 mean: 483.0641791044776
gen: 6 best: 457.5 mean: 482.4487562189055
gen >7, new best = 457.400
gen: 7 best: 457.4 mean: 480.565671641791
gen: 8 best: 457.4 mean: 479.8696517412935
gen: 9 best: 457.4 mean: 479.47960199004973
gen: 10 best: 457.4 mean: 478.5845771144279
gen >11, new best = 454.700
gen: 11 best: 454.7 mean: 476.84179104477613
gen >12, new best = 453.000
gen: 12 best: 453.0 mean: 476.2532338308458
gen >13, new best = 451.700
gen: 13 best: 451.7 mean: 473.67512437810944
gen: 14 best: 451.7 mean: 474.7636815920398
gen >15, new best = 447.800
gen: 15 best: 447.8 mean: 473.83980099502486
gen: 16 best: 447.8 mean: 472.7402985074627
gen >17, new best = 438.000
gen: 17 best: 438.0 mean: 472.12885572139305
gen: 18 best: 438.0 mean: 471.065671641791
gen: 19 best: 438.0 mean: 470.94776119402985
gen: 20 best: 438.0 mean: 470.6044776119403
gen: 21 best: 438.0 mean: 470.8626865671642
gen: 22 best: 438.0 mean: 470.5716417910448
gen: 23 best: 438.0 mean: 469.23880597014926
gen: 24 best: 438.0 mean: 469.65124378109454
gen >25, new best = 437.800
gen: 25 best: 437.8 mean: 467.69154228855723
gen: 26 best: 437.8 mean: 466.3149253731343
gen: 27 best: 437.8 mean: 466.2587064676617
gen: 28 best: 437.8 mean: 464.69850746268656
gen: 29 best: 437.8 mean: 463.39104477611943
gen >30, new best = 434.600
gen: 30 best: 434.6 mean: 463.96069651741294
gen: 31 best: 434.6 mean: 463.08905472636815
gen: 32 best: 434.6 mean: 463.2034825870647
gen >33, new best = 433.500
gen: 33 best: 433.5 mean: 461.7597014925373
gen: 34 best: 433.5 mean: 460.1029850746269
gen >35, new best = 431.500
gen: 35 best: 431.5 mean: 461.82537313432834
gen: 36 best: 431.5 mean: 461.5860696517413
gen: 37 best: 431.5 mean: 460.51592039800994
gen >38, new best = 429.900
gen: 38 best: 429.9 mean: 459.08159203980097
gen: 39 best: 429.9 mean: 459.0492537313433
gen: 40 best: 429.9 mean: 460.15621890547266
gen: 41 best: 429.9 mean: 458.35273631840795
gen >42, new best = 423.000
gen: 42 best: 423.0 mean: 457.88706467661694
gen: 43 best: 423.0 mean: 456.3731343283582
gen: 44 best: 423.0 mean: 455.88557213930346
gen: 45 best: 423.0 mean: 455.4766169154229
gen >46, new best = 422.900
gen: 46 best: 422.9 mean: 454.7437810945274
gen: 47 best: 422.9 mean: 454.789552238806
gen: 48 best: 422.9 mean: 453.90696517412937
gen: 49 best: 422.9 mean: 453.4094527363184
gen: 50 best: 422.9 mean: 452.9761194029851
gen: 51 best: 422.9 mean: 451.63980099502487
gen: 52 best: 422.9 mean: 451.4084577114428
gen: 53 best: 422.9 mean: 451.2159203980099
gen: 54 best: 422.9 mean: 449.94278606965173
gen: 55 best: 422.9 mean: 449.43333333333334
gen: 56 best: 422.9 mean: 448.9706467661692
gen: 57 best: 422.9 mean: 449.4009950248756
gen >58, new best = 420.200
gen >58, new best = 418.500
gen: 58 best: 418.5 mean: 448.4462686567164
gen: 59 best: 418.5 mean: 448.72636815920396
gen: 60 best: 418.5 mean: 447.3497512437811
gen: 61 best: 418.5 mean: 446.52537313432833
gen: 62 best: 418.5 mean: 446.4676616915423
gen: 63 best: 418.5 mean: 446.3865671641791
gen: 64 best: 418.5 mean: 445.9492537313433
gen: 65 best: 418.5 mean: 444.7592039800995
gen: 66 best: 418.5 mean: 444.58358208955224
gen: 67 best: 418.5 mean: 445.72039800995026
gen: 68 best: 418.5 mean: 443.6905472636816
gen: 69 best: 418.5 mean: 443.244776119403
gen >70, new best = 418.300
gen >70, new best = 416.000
gen: 70 best: 416.0 mean: 443.1338308457712
gen: 71 best: 416.0 mean: 443.3850746268657
gen: 72 best: 416.0 mean: 442.5323383084577
gen: 73 best: 416.0 mean: 442.8905472636816
gen: 74 best: 416.0 mean: 442.31094527363183
gen: 75 best: 416.0 mean: 442.43134328358207
gen: 76 best: 416.0 mean: 440.9507462686567
gen: 77 best: 416.0 mean: 439.83781094527365
gen: 78 best: 416.0 mean: 440.4562189054726
gen: 79 best: 416.0 mean: 440.5363184079602
gen: 80 best: 416.0 mean: 439.73333333333335
gen >81, new best = 414.500
gen: 81 best: 414.5 mean: 439.9950248756219
gen: 82 best: 414.5 mean: 439.5074626865672
gen: 83 best: 414.5 mean: 438.0258706467662
gen >84, new best = 409.700
gen: 84 best: 409.7 mean: 439.18805970149253
gen: 85 best: 409.7 mean: 438.11044776119405
gen: 86 best: 409.7 mean: 438.6169154228856
gen: 87 best: 409.7 mean: 437.247263681592
gen: 88 best: 409.7 mean: 438.91641791044776
gen: 89 best: 409.7 mean: 437.89353233830843
gen >90, new best = 408.500
gen: 90 best: 408.5 mean: 437.25771144278605
gen: 91 best: 408.5 mean: 437.26965174129356
gen: 92 best: 408.5 mean: 436.89452736318407
gen: 93 best: 408.5 mean: 437.19751243781093
gen: 94 best: 408.5 mean: 435.62935323383084
gen: 95 best: 408.5 mean: 436.77910447761195
gen: 96 best: 408.5 mean: 436.0442786069652
gen: 97 best: 408.5 mean: 436.4741293532338
gen: 98 best: 408.5 mean: 435.44378109452737
gen: 99 best: 408.5 mean: 434.93681592039803
[8, 9, 9, 7, 7, 7, 7, 7, 7, 7, 7, 7, 8, 7, 8, 7, 8, 9, 8, 7, 8, 7, 8, 6, 8, 7, 7, 7, 8, 9, 7, 7, 7, 8, 7, 8, 8, 8, 7, 8, 8, 8, 8, 7, 7, 8, 7, 7, 7, 7]
Test count of edges: 2307
cat
