Defaulting to user installation because normal site-packages is not writeable
Looking in links: /cvmfs/soft.computecanada.ca/custom/python/wheelhouse/gentoo/avx2, /cvmfs/soft.computecanada.ca/custom/python/wheelhouse/gentoo/generic, /cvmfs/soft.computecanada.ca/custom/python/wheelhouse/generic
Requirement already satisfied: graphviz in /home/js17sy/.local/lib/python3.10/site-packages (0.20)
428; python ga.py 5 768N_graph5.dat 0.075 0.03 0.5 0.9 0.1 201 768N_graph5laxgen3rem50_ 228488
/project/6008788/js17sy/reopenga/768a/ga.py:291: DeprecationWarning: Sampling from a set deprecated
since Python 3.9 and will be removed in a subsequent version.
  child1 = set(random.sample(
gen >0, new best = 502.600
gen >0, new best = 500.100
gen >0, new best = 495.600
gen >0, new best = 491.800
gen >0, new best = 490.700
gen >0, new best = 490.400
gen >0, new best = 489.800
gen >0, new best = 485.700
gen >0, new best = 471.700
gen: 0 best: 471.7 mean: 503.9084577114428
gen: 1 best: 471.7 mean: 503.11044776119405
gen: 2 best: 471.7 mean: 501.7641791044776
gen: 3 best: 471.7 mean: 501.48955223880597
gen: 4 best: 471.7 mean: 500.0601990049751
gen: 5 best: 471.7 mean: 500.1502487562189
gen: 6 best: 471.7 mean: 498.99701492537315
gen: 7 best: 471.7 mean: 498.1039800995025
gen: 8 best: 471.7 mean: 496.56865671641793
gen: 9 best: 471.7 mean: 497.4029850746269
gen: 10 best: 471.7 mean: 495.0407960199005
gen: 11 best: 471.7 mean: 494.8353233830846
gen >12, new best = 470.400
gen: 12 best: 470.4 mean: 493.0417910447761
gen >13, new best = 469.100
gen: 13 best: 469.1 mean: 491.3860696517413
gen: 14 best: 469.1 mean: 491.7960199004975
gen >15, new best = 467.100
gen: 15 best: 467.1 mean: 490.68905472636817
gen: 16 best: 467.1 mean: 489.41094527363185
gen >17, new best = 462.500
gen: 17 best: 462.5 mean: 489.11442786069654
gen: 18 best: 462.5 mean: 487.31194029850747
gen >19, new best = 461.200
gen: 19 best: 461.2 mean: 487.91840796019903
gen: 20 best: 461.2 mean: 486.4154228855721
gen >21, new best = 458.400
gen: 21 best: 458.4 mean: 485.00298507462685
gen: 22 best: 458.4 mean: 484.50995024875624
gen: 23 best: 458.4 mean: 483.99004975124376
gen: 24 best: 458.4 mean: 483.1412935323383
gen: 25 best: 458.4 mean: 483.09253731343284
gen: 26 best: 458.4 mean: 482.2199004975124
gen >27, new best = 454.700
gen: 27 best: 454.7 mean: 480.6059701492537
gen: 28 best: 454.7 mean: 480.4890547263682
gen >29, new best = 454.200
gen: 29 best: 454.2 mean: 478.5766169154229
gen >30, new best = 453.000
gen: 30 best: 453.0 mean: 479.0223880597015
gen: 31 best: 453.0 mean: 478.5049751243781
gen: 32 best: 453.0 mean: 478.2766169154229
gen: 33 best: 453.0 mean: 477.74328358208953
gen: 34 best: 453.0 mean: 477.3681592039801
gen: 35 best: 453.0 mean: 475.98059701492537
gen: 36 best: 453.0 mean: 476.2691542288557
gen: 37 best: 453.0 mean: 476.72786069651744
gen: 38 best: 453.0 mean: 474.89253731343285
gen >39, new best = 449.700
gen: 39 best: 449.7 mean: 474.1467661691542
gen: 40 best: 449.7 mean: 473.6517412935323
gen >41, new best = 445.000
gen: 41 best: 445.0 mean: 471.6393034825871
gen: 42 best: 445.0 mean: 470.9223880597015
gen: 43 best: 445.0 mean: 471.0074626865672
gen >44, new best = 439.800
gen: 44 best: 439.8 mean: 470.7044776119403
gen: 45 best: 439.8 mean: 470.89850746268655
gen: 46 best: 439.8 mean: 469.4273631840796
gen: 47 best: 439.8 mean: 469.40398009950246
gen >48, new best = 435.300
gen: 48 best: 435.3 mean: 468.6363184079602
gen: 49 best: 435.3 mean: 468.2009950248756
gen: 50 best: 435.3 mean: 468.03781094527363
gen: 51 best: 435.3 mean: 467.065671641791
gen: 52 best: 435.3 mean: 465.9139303482587
gen: 53 best: 435.3 mean: 466.70796019900496
gen: 54 best: 435.3 mean: 465.17114427860696
gen: 55 best: 435.3 mean: 465.1681592039801
gen: 56 best: 435.3 mean: 463.95671641791046
gen: 57 best: 435.3 mean: 463.32537313432834
gen: 58 best: 435.3 mean: 463.7547263681592
gen: 59 best: 435.3 mean: 463.4089552238806
gen: 60 best: 435.3 mean: 462.60199004975124
gen: 61 best: 435.3 mean: 461.53582089552236
gen: 62 best: 435.3 mean: 461.5268656716418
gen >63, new best = 434.900
gen: 63 best: 434.9 mean: 460.6039800995025
gen: 64 best: 434.9 mean: 459.90597014925373
gen: 65 best: 434.9 mean: 460.4398009950249
gen: 66 best: 434.9 mean: 460.88009950248755
gen: 67 best: 434.9 mean: 459.7915422885572
gen: 68 best: 434.9 mean: 458.1611940298507
gen: 69 best: 434.9 mean: 460.2009950248756
gen >70, new best = 432.900
gen >70, new best = 432.100
gen: 70 best: 432.1 mean: 458.95522388059703
gen: 71 best: 432.1 mean: 459.01592039800994
gen: 72 best: 432.1 mean: 458.9194029850746
gen: 73 best: 432.1 mean: 458.9865671641791
gen: 74 best: 432.1 mean: 457.9218905472637
gen: 75 best: 432.1 mean: 458.1756218905473
gen: 76 best: 432.1 mean: 457.57960199004975
gen: 77 best: 432.1 mean: 456.8726368159204
gen: 78 best: 432.1 mean: 458.20597014925374
gen >79, new best = 429.500
gen: 79 best: 429.5 mean: 457.0462686567164
gen: 80 best: 429.5 mean: 456.5716417910448
gen: 81 best: 429.5 mean: 455.7014925373134
gen: 82 best: 429.5 mean: 455.7870646766169
gen: 83 best: 429.5 mean: 455.92039800995025
gen: 84 best: 429.5 mean: 455.51592039800994
gen: 85 best: 429.5 mean: 455.7417910447761
gen >86, new best = 427.300
gen: 86 best: 427.3 mean: 453.6940298507463
gen >87, new best = 422.500
gen: 87 best: 422.5 mean: 454.78855721393035
gen: 88 best: 422.5 mean: 453.83233830845774
gen: 89 best: 422.5 mean: 454.08855721393036
gen: 90 best: 422.5 mean: 453.7960199004975
gen: 91 best: 422.5 mean: 453.7358208955224
gen: 92 best: 422.5 mean: 453.76467661691544
gen: 93 best: 422.5 mean: 452.8228855721393
gen: 94 best: 422.5 mean: 453.710447761194
gen: 95 best: 422.5 mean: 452.75174129353235
gen: 96 best: 422.5 mean: 452.4174129353234
gen: 97 best: 422.5 mean: 452.3169154228856
gen: 98 best: 422.5 mean: 452.27562189054726
gen: 99 best: 422.5 mean: 451.763184079602
[7, 7, 7, 8, 8, 7, 6, 7, 7, 8, 7, 7, 8, 7, 7, 7, 7, 7, 7, 7, 7, 7, 7, 7, 6, 7, 8, 8, 8, 7, 7, 7, 8, 8, 7, 7, 7, 8, 7, 7, 8, 8, 8, 8, 7, 7, 7, 7, 7, 7]
Test count of edges: 2305
cat
