Defaulting to user installation because normal site-packages is not writeable
Looking in links: /cvmfs/soft.computecanada.ca/custom/python/wheelhouse/gentoo/avx2, /cvmfs/soft.computecanada.ca/custom/python/wheelhouse/gentoo/generic, /cvmfs/soft.computecanada.ca/custom/python/wheelhouse/generic
Requirement already satisfied: graphviz in /home/js17sy/.local/lib/python3.10/site-packages (0.20)
96; python ga.py 5 768N_graph5.dat 0.025 0.01 0.7 0.5 0.5 201 768N_graph5strictgen1rem70_ 171366
/project/6008788/js17sy/reopenga/768a/ga.py:291: DeprecationWarning: Sampling from a set deprecated
since Python 3.9 and will be removed in a subsequent version.
  child1 = set(random.sample(
gen >0, new best = 492.800
gen >0, new best = 452.300
gen >0, new best = 438.000
gen >0, new best = 420.600
gen >0, new best = 419.300
gen >0, new best = 417.300
gen >0, new best = 405.700
gen >0, new best = 403.800
gen: 0 best: 403.8 mean: 499.74825870646765
gen >1, new best = 396.900
gen >1, new best = 366.500
gen: 1 best: 366.5 mean: 488.2268656716418
gen >2, new best = 363.700
gen: 2 best: 363.7 mean: 486.63283582089554
gen: 3 best: 363.7 mean: 480.93333333333334
gen: 4 best: 363.7 mean: 474.4462686567164
gen >5, new best = 345.900
gen: 5 best: 345.9 mean: 475.4487562189055
gen >6, new best = 345.700
gen >6, new best = 328.000
gen: 6 best: 328.0 mean: 467.1208955223881
gen: 7 best: 328.0 mean: 457.14029850746266
gen: 8 best: 328.0 mean: 452.81592039800995
gen: 9 best: 328.0 mean: 445.20746268656717
gen: 10 best: 328.0 mean: 444.8626865671642
gen: 11 best: 328.0 mean: 437.9800995024876
gen >12, new best = 322.800
gen: 12 best: 322.8 mean: 426.77363184079604
gen: 13 best: 322.8 mean: 422.3880597014925
gen: 14 best: 322.8 mean: 420.99203980099503
gen >15, new best = 314.500
gen: 15 best: 314.5 mean: 416.5164179104478
gen: 16 best: 314.5 mean: 415.76467661691544
gen: 17 best: 314.5 mean: 414.72786069651744
gen >18, new best = 312.300
gen: 18 best: 312.3 mean: 408.9457711442786
gen >19, new best = 304.100
gen >19, new best = 274.300
gen: 19 best: 274.3 mean: 408.58407960199
gen: 20 best: 274.3 mean: 404.35223880597016
gen: 21 best: 274.3 mean: 403.43930348258704
gen: 22 best: 274.3 mean: 400.28457711442786
gen: 23 best: 274.3 mean: 395.76169154228853
gen: 24 best: 274.3 mean: 393.17512437810944
gen: 25 best: 274.3 mean: 399.02835820895524
gen: 26 best: 274.3 mean: 390.53383084577115
gen: 27 best: 274.3 mean: 388.3810945273632
gen: 28 best: 274.3 mean: 388.40547263681594
gen: 29 best: 274.3 mean: 387.00796019900497
gen: 30 best: 274.3 mean: 382.20995024875623
gen: 31 best: 274.3 mean: 383.3497512437811
gen: 32 best: 274.3 mean: 379.86169154228855
gen: 33 best: 274.3 mean: 380.0547263681592
gen: 34 best: 274.3 mean: 376.565671641791
gen: 35 best: 274.3 mean: 372.4905472636816
gen >36, new best = 272.800
gen: 36 best: 272.8 mean: 370.1955223880597
gen: 37 best: 272.8 mean: 373.61094527363184
gen: 38 best: 272.8 mean: 363.3169154228856
gen: 39 best: 272.8 mean: 360.31194029850747
gen: 40 best: 272.8 mean: 362.33830845771143
gen: 41 best: 272.8 mean: 363.381592039801
gen: 42 best: 272.8 mean: 361.05721393034827
gen: 43 best: 272.8 mean: 359.9492537313433
gen: 44 best: 272.8 mean: 361.09253731343284
gen: 45 best: 272.8 mean: 358.0731343283582
gen: 46 best: 272.8 mean: 356.66069651741293
gen: 47 best: 272.8 mean: 359.9034825870647
gen: 48 best: 272.8 mean: 356.85820895522386
gen: 49 best: 272.8 mean: 356.265671641791
gen: 50 best: 272.8 mean: 356.3995024875622
gen: 51 best: 272.8 mean: 355.7542288557214
gen: 52 best: 272.8 mean: 355.8492537313433
gen: 53 best: 272.8 mean: 356.18955223880596
gen: 54 best: 272.8 mean: 354.52835820895524
gen: 55 best: 272.8 mean: 353.57412935323384
gen: 56 best: 272.8 mean: 350.7746268656716
gen: 57 best: 272.8 mean: 351.3462686567164
gen: 58 best: 272.8 mean: 347.0407960199005
gen: 59 best: 272.8 mean: 347.76169154228853
gen: 60 best: 272.8 mean: 348.53731343283584
gen: 61 best: 272.8 mean: 347.2159203980099
gen >62, new best = 268.100
gen: 62 best: 268.1 mean: 347.3572139303483
gen: 63 best: 268.1 mean: 350.1905472636816
gen: 64 best: 268.1 mean: 344.8502487562189
gen: 65 best: 268.1 mean: 340.1482587064677
gen: 66 best: 268.1 mean: 341.08905472636815
gen: 67 best: 268.1 mean: 343.04875621890545
gen: 68 best: 268.1 mean: 343.23880597014926
gen: 69 best: 268.1 mean: 343.96019900497515
gen >70, new best = 258.100
gen: 70 best: 258.1 mean: 342.88358208955225
gen: 71 best: 258.1 mean: 340.8646766169154
gen: 72 best: 258.1 mean: 344.41492537313434
gen: 73 best: 258.1 mean: 346.53731343283584
gen: 74 best: 258.1 mean: 345.8721393034826
gen: 75 best: 258.1 mean: 345.6004975124378
gen: 76 best: 258.1 mean: 343.22487562189053
gen: 77 best: 258.1 mean: 342.5681592039801
gen: 78 best: 258.1 mean: 341.96119402985073
gen: 79 best: 258.1 mean: 339.88557213930346
gen: 80 best: 258.1 mean: 341.1910447761194
gen: 81 best: 258.1 mean: 339.87611940298507
gen: 82 best: 258.1 mean: 338.8950248756219
gen: 83 best: 258.1 mean: 339.5905472636816
gen: 84 best: 258.1 mean: 340.018407960199
gen: 85 best: 258.1 mean: 337.2014925373134
gen: 86 best: 258.1 mean: 341.6029850746269
gen: 87 best: 258.1 mean: 338.410447761194
gen: 88 best: 258.1 mean: 337.0582089552239
gen: 89 best: 258.1 mean: 339.87014925373137
gen: 90 best: 258.1 mean: 339.3557213930348
gen: 91 best: 258.1 mean: 337.06318407960197
gen: 92 best: 258.1 mean: 336.39303482587064
gen: 93 best: 258.1 mean: 337.0308457711443
gen: 94 best: 258.1 mean: 335.218407960199
gen: 95 best: 258.1 mean: 336.0199004975124
gen: 96 best: 258.1 mean: 336.3139303482587
gen: 97 best: 258.1 mean: 334.5492537313433
gen: 98 best: 258.1 mean: 335.86567164179104
gen: 99 best: 258.1 mean: 338.73731343283583
[9, 10, 8, 8, 8, 9, 8, 8, 8, 9, 8, 8, 9, 8, 9, 8, 8, 8, 7, 9, 9, 9, 9, 9, 7, 8, 8, 8, 8, 9, 8, 8, 10, 10, 8, 10, 8, 9, 10, 9, 9, 8, 8, 8, 8, 11, 9, 8, 10, 9]
Test count of edges: 1413
cat
