Defaulting to user installation because normal site-packages is not writeable
Looking in links: /cvmfs/soft.computecanada.ca/custom/python/wheelhouse/gentoo/avx2, /cvmfs/soft.computecanada.ca/custom/python/wheelhouse/gentoo/generic, /cvmfs/soft.computecanada.ca/custom/python/wheelhouse/generic
Requirement already satisfied: graphviz in /home/js17sy/.local/lib/python3.10/site-packages (0.20)
217; python ga.py 5 768N_graph5.dat 0.05 0.02 0.5 0.7 0.3 201 768N_graph5mediumgen2rem50_ 199927
/project/6008788/js17sy/reopenga/768a/ga.py:291: DeprecationWarning: Sampling from a set deprecated
since Python 3.9 and will be removed in a subsequent version.
  child1 = set(random.sample(
gen >0, new best = 471.700
gen >0, new best = 469.600
gen >0, new best = 468.300
gen >0, new best = 458.100
gen: 0 best: 458.1 mean: 486.6360696517413
gen: 1 best: 458.1 mean: 486.22985074626865
gen: 2 best: 458.1 mean: 486.089552238806
gen: 3 best: 458.1 mean: 484.1825870646766
gen >4, new best = 457.600
gen: 4 best: 457.6 mean: 483.44278606965173
gen >5, new best = 452.100
gen: 5 best: 452.1 mean: 482.46965174129355
gen: 6 best: 452.1 mean: 480.8238805970149
gen: 7 best: 452.1 mean: 479.6537313432836
gen: 8 best: 452.1 mean: 480.27064676616914
gen: 9 best: 452.1 mean: 479.78457711442786
gen: 10 best: 452.1 mean: 477.90149253731346
gen: 11 best: 452.1 mean: 477.6084577114428
gen: 12 best: 452.1 mean: 476.6850746268657
gen >13, new best = 448.100
gen: 13 best: 448.1 mean: 476.4547263681592
gen: 14 best: 448.1 mean: 476.5995024875622
gen: 15 best: 448.1 mean: 474.1796019900498
gen: 16 best: 448.1 mean: 473.70049751243783
gen >17, new best = 445.700
gen >17, new best = 445.100
gen >17, new best = 441.300
gen: 17 best: 441.3 mean: 472.76666666666665
gen: 18 best: 441.3 mean: 472.0437810945274
gen >19, new best = 440.300
gen: 19 best: 440.3 mean: 471.43333333333334
gen: 20 best: 440.3 mean: 471.1771144278607
gen: 21 best: 440.3 mean: 470.5462686567164
gen: 22 best: 440.3 mean: 471.2547263681592
gen: 23 best: 440.3 mean: 469.88855721393037
gen: 24 best: 440.3 mean: 469.71144278606965
gen: 25 best: 440.3 mean: 469.1
gen: 26 best: 440.3 mean: 466.934328358209
gen >27, new best = 439.500
gen >27, new best = 432.800
gen: 27 best: 432.8 mean: 467.96567164179106
gen: 28 best: 432.8 mean: 467.71144278606965
gen: 29 best: 432.8 mean: 467.2691542288557
gen: 30 best: 432.8 mean: 466.5810945273632
gen: 31 best: 432.8 mean: 465.4223880597015
gen: 32 best: 432.8 mean: 465.047263681592
gen: 33 best: 432.8 mean: 464.28457711442786
gen: 34 best: 432.8 mean: 464.51144278606967
gen: 35 best: 432.8 mean: 463.5328358208955
gen: 36 best: 432.8 mean: 463.4358208955224
gen: 37 best: 432.8 mean: 461.73731343283583
gen >38, new best = 428.500
gen: 38 best: 428.5 mean: 462.9099502487562
gen: 39 best: 428.5 mean: 462.1044776119403
gen: 40 best: 428.5 mean: 462.4810945273632
gen: 41 best: 428.5 mean: 462.944776119403
gen: 42 best: 428.5 mean: 461.9542288557214
gen: 43 best: 428.5 mean: 461.94825870646764
gen >44, new best = 426.300
gen: 44 best: 426.3 mean: 460.50995024875624
gen: 45 best: 426.3 mean: 459.7452736318408
gen: 46 best: 426.3 mean: 458.9686567164179
gen: 47 best: 426.3 mean: 459.59850746268654
gen: 48 best: 426.3 mean: 458.4283582089552
gen: 49 best: 426.3 mean: 457.1830845771144
gen: 50 best: 426.3 mean: 457.8228855721393
gen >51, new best = 424.900
gen: 51 best: 424.9 mean: 456.8134328358209
gen: 52 best: 424.9 mean: 456.0278606965174
gen: 53 best: 424.9 mean: 456.8179104477612
gen: 54 best: 424.9 mean: 456.3532338308458
gen: 55 best: 424.9 mean: 456.79800995024874
gen: 56 best: 424.9 mean: 454.82835820895525
gen: 57 best: 424.9 mean: 455.1154228855721
gen: 58 best: 424.9 mean: 455.3880597014925
gen >59, new best = 423.400
gen: 59 best: 423.4 mean: 454.95522388059703
gen: 60 best: 423.4 mean: 454.11990049751245
gen: 61 best: 423.4 mean: 453.98059701492537
gen: 62 best: 423.4 mean: 453.24278606965174
gen >63, new best = 422.300
gen: 63 best: 422.3 mean: 453.0039800995025
gen: 64 best: 422.3 mean: 451.8865671641791
gen: 65 best: 422.3 mean: 452.8716417910448
gen: 66 best: 422.3 mean: 452.21144278606965
gen: 67 best: 422.3 mean: 452.2676616915423
gen: 68 best: 422.3 mean: 450.75721393034826
gen >69, new best = 420.800
gen: 69 best: 420.8 mean: 451.49701492537315
gen: 70 best: 420.8 mean: 451.33980099502486
gen: 71 best: 420.8 mean: 451.7233830845771
gen >72, new best = 419.700
gen: 72 best: 419.7 mean: 450.79950248756217
gen: 73 best: 419.7 mean: 451.092039800995
gen: 74 best: 419.7 mean: 450.2761194029851
gen: 75 best: 419.7 mean: 450.3363184079602
gen: 76 best: 419.7 mean: 448.7089552238806
gen: 77 best: 419.7 mean: 449.8726368159204
gen: 78 best: 419.7 mean: 448.55771144278606
gen: 79 best: 419.7 mean: 449.6885572139303
gen: 80 best: 419.7 mean: 449.4363184079602
gen: 81 best: 419.7 mean: 448.78457711442786
gen: 82 best: 419.7 mean: 448.9049751243781
gen: 83 best: 419.7 mean: 449.3990049751244
gen >84, new best = 419.500
gen >84, new best = 417.500
gen: 84 best: 417.5 mean: 449.12985074626863
gen: 85 best: 417.5 mean: 447.8830845771144
gen: 86 best: 417.5 mean: 448.66069651741293
gen >87, new best = 414.500
gen: 87 best: 414.5 mean: 448.3402985074627
gen: 88 best: 414.5 mean: 448.06119402985075
gen: 89 best: 414.5 mean: 446.9044776119403
gen: 90 best: 414.5 mean: 447.55572139303484
gen: 91 best: 414.5 mean: 446.15820895522387
gen >92, new best = 411.100
gen: 92 best: 411.1 mean: 448.06169154228854
gen: 93 best: 411.1 mean: 446.8537313432836
gen: 94 best: 411.1 mean: 447.21890547263683
gen: 95 best: 411.1 mean: 446.8492537313433
gen: 96 best: 411.1 mean: 446.40248756218904
gen: 97 best: 411.1 mean: 445.58308457711445
gen: 98 best: 411.1 mean: 447.36218905472634
gen: 99 best: 411.1 mean: 445.6850746268657
[7, 9, 8, 8, 8, 8, 7, 8, 9, 9, 8, 8, 8, 7, 7, 10, 7, 7, 9, 9, 8, 8, 9, 7, 8, 7, 9, 9, 8, 7, 9, 9, 7, 7, 8, 7, 7, 8, 8, 8, 7, 8, 8, 8, 7, 8, 7, 8, 8, 7]
Test count of edges: 2322
cat
