Defaulting to user installation because normal site-packages is not writeable
Looking in links: /cvmfs/soft.computecanada.ca/custom/python/wheelhouse/gentoo/avx2, /cvmfs/soft.computecanada.ca/custom/python/wheelhouse/gentoo/generic, /cvmfs/soft.computecanada.ca/custom/python/wheelhouse/generic
Requirement already satisfied: graphviz in /home/js17sy/.local/lib/python3.10/site-packages (0.20)
603; python ga.py 5 768N_graph5.dat 0.1 0.04 0.5 0.9 0.1 201 768N_graph5leerygen3rem50_ 85683
/project/6008788/js17sy/reopenga/768a/ga.py:291: DeprecationWarning: Sampling from a set deprecated
since Python 3.9 and will be removed in a subsequent version.
  child1 = set(random.sample(
gen >0, new best = 525.900
gen >0, new best = 512.400
gen >0, new best = 509.000
gen >0, new best = 508.200
gen >0, new best = 506.900
gen >0, new best = 498.700
gen >0, new best = 495.000
gen >0, new best = 494.400
gen: 0 best: 494.4 mean: 516.4820895522388
gen >1, new best = 492.900
gen: 1 best: 492.9 mean: 515.5333333333333
gen: 2 best: 492.9 mean: 517.0442786069651
gen >3, new best = 489.600
gen: 3 best: 489.6 mean: 514.1636815920398
gen: 4 best: 489.6 mean: 513.8726368159204
gen >5, new best = 487.600
gen: 5 best: 487.6 mean: 512.2388059701492
gen: 6 best: 487.6 mean: 512.9781094527364
gen >7, new best = 487.000
gen: 7 best: 487.0 mean: 511.49004975124376
gen: 8 best: 487.0 mean: 509.39800995024876
gen: 9 best: 487.0 mean: 511.1059701492537
gen >10, new best = 485.000
gen: 10 best: 485.0 mean: 508.77363184079604
gen >11, new best = 484.700
gen: 11 best: 484.7 mean: 508.6353233830846
gen >12, new best = 484.100
gen: 12 best: 484.1 mean: 507.0860696517413
gen: 13 best: 484.1 mean: 507.12338308457714
gen: 14 best: 484.1 mean: 506.1810945273632
gen >15, new best = 483.900
gen: 15 best: 483.9 mean: 505.2407960199005
gen >16, new best = 477.400
gen >16, new best = 476.800
gen: 16 best: 476.8 mean: 505.17114427860696
gen: 17 best: 476.8 mean: 504.6462686567164
gen: 18 best: 476.8 mean: 504.426368159204
gen: 19 best: 476.8 mean: 503.34328358208955
gen: 20 best: 476.8 mean: 501.5636815920398
gen >21, new best = 476.300
gen >21, new best = 475.300
gen: 21 best: 475.3 mean: 501.85223880597016
gen: 22 best: 475.3 mean: 501.5273631840796
gen >23, new best = 472.800
gen: 23 best: 472.8 mean: 500.6154228855721
gen: 24 best: 472.8 mean: 500.1502487562189
gen >25, new best = 464.100
gen: 25 best: 464.1 mean: 498.0676616915423
gen: 26 best: 464.1 mean: 496.9084577114428
gen: 27 best: 464.1 mean: 497.74825870646765
gen: 28 best: 464.1 mean: 497.65472636815923
gen: 29 best: 464.1 mean: 494.8179104477612
gen: 30 best: 464.1 mean: 494.5129353233831
gen: 31 best: 464.1 mean: 493.836815920398
gen: 32 best: 464.1 mean: 493.7621890547264
gen: 33 best: 464.1 mean: 492.0124378109453
gen: 34 best: 464.1 mean: 492.2497512437811
gen: 35 best: 464.1 mean: 491.8039800995025
gen >36, new best = 463.600
gen: 36 best: 463.6 mean: 492.2363184079602
gen: 37 best: 463.6 mean: 490.0641791044776
gen: 38 best: 463.6 mean: 490.6960199004975
gen: 39 best: 463.6 mean: 489.69502487562187
gen: 40 best: 463.6 mean: 490.80497512437813
gen: 41 best: 463.6 mean: 488.2054726368159
gen: 42 best: 463.6 mean: 488.6323383084577
gen: 43 best: 463.6 mean: 488.8661691542288
gen >44, new best = 460.700
gen >44, new best = 452.900
gen: 44 best: 452.9 mean: 486.7452736318408
gen: 45 best: 452.9 mean: 486.9034825870647
gen: 46 best: 452.9 mean: 486.05273631840794
gen: 47 best: 452.9 mean: 484.93830845771146
gen: 48 best: 452.9 mean: 485.7134328358209
gen: 49 best: 452.9 mean: 485.03781094527363
gen: 50 best: 452.9 mean: 483.88855721393037
gen: 51 best: 452.9 mean: 484.54875621890545
gen: 52 best: 452.9 mean: 483.90696517412937
gen: 53 best: 452.9 mean: 483.70995024875623
gen >54, new best = 449.000
gen: 54 best: 449.0 mean: 482.6537313432836
gen: 55 best: 449.0 mean: 483.50796019900497
gen: 56 best: 449.0 mean: 483.53333333333336
gen: 57 best: 449.0 mean: 482.4522388059701
gen: 58 best: 449.0 mean: 481.49751243781094
gen: 59 best: 449.0 mean: 480.17164179104475
gen: 60 best: 449.0 mean: 480.7910447761194
gen: 61 best: 449.0 mean: 480.27910447761195
gen: 62 best: 449.0 mean: 480.0044776119403
gen: 63 best: 449.0 mean: 479.5407960199005
gen: 64 best: 449.0 mean: 480.1940298507463
gen: 65 best: 449.0 mean: 479.22437810945274
gen: 66 best: 449.0 mean: 478.68009950248756
gen: 67 best: 449.0 mean: 478.72487562189053
gen: 68 best: 449.0 mean: 477.0696517412935
gen >69, new best = 443.400
gen: 69 best: 443.4 mean: 477.1363184079602
gen: 70 best: 443.4 mean: 476.4925373134328
gen: 71 best: 443.4 mean: 477.35572139303486
gen: 72 best: 443.4 mean: 476.0089552238806
gen: 73 best: 443.4 mean: 476.37462686567164
gen: 74 best: 443.4 mean: 475.5786069651741
gen: 75 best: 443.4 mean: 474.6671641791045
gen: 76 best: 443.4 mean: 475.1666666666667
gen: 77 best: 443.4 mean: 475.55572139303484
gen: 78 best: 443.4 mean: 474.0587064676617
gen: 79 best: 443.4 mean: 474.307960199005
gen >80, new best = 437.700
gen: 80 best: 437.7 mean: 473.30845771144277
gen: 81 best: 437.7 mean: 473.19751243781093
gen: 82 best: 437.7 mean: 471.5582089552239
gen: 83 best: 437.7 mean: 473.7592039800995
gen: 84 best: 437.7 mean: 472.56119402985075
gen: 85 best: 437.7 mean: 472.49004975124376
gen: 86 best: 437.7 mean: 473.73333333333335
gen: 87 best: 437.7 mean: 472.5691542288557
gen: 88 best: 437.7 mean: 471.87014925373137
gen: 89 best: 437.7 mean: 471.45870646766167
gen: 90 best: 437.7 mean: 469.83432835820895
gen: 91 best: 437.7 mean: 470.66069651741293
gen: 92 best: 437.7 mean: 471.16567164179105
gen: 93 best: 437.7 mean: 471.9875621890547
gen: 94 best: 437.7 mean: 470.565671641791
gen: 95 best: 437.7 mean: 470.0537313432836
gen: 96 best: 437.7 mean: 470.43830845771146
gen: 97 best: 437.7 mean: 469.81194029850747
gen: 98 best: 437.7 mean: 469.23731343283583
gen: 99 best: 437.7 mean: 469.9213930348259
[7, 7, 7, 6, 7, 7, 7, 7, 7, 7, 7, 6, 6, 6, 7, 7, 7, 8, 7, 7, 7, 8, 6, 6, 7, 7, 7, 7, 7, 7, 6, 7, 7, 8, 7, 7, 7, 7, 7, 7, 6, 7, 7, 6, 7, 7, 7, 7, 7, 7]
Test count of edges: 2305
cat
