Defaulting to user installation because normal site-packages is not writeable
Looking in links: /cvmfs/soft.computecanada.ca/custom/python/wheelhouse/gentoo/avx2, /cvmfs/soft.computecanada.ca/custom/python/wheelhouse/gentoo/generic, /cvmfs/soft.computecanada.ca/custom/python/wheelhouse/generic
Requirement already satisfied: graphviz in /home/js17sy/.local/lib/python3.10/site-packages (0.20)
398; python ga.py 5 768N_graph5.dat 0.075 0.03 0.5 0.7 0.3 201 768N_graph5laxgen2rem50_ 228488
/project/6008788/js17sy/reopenga/768a/ga.py:291: DeprecationWarning: Sampling from a set deprecated
since Python 3.9 and will be removed in a subsequent version.
  child1 = set(random.sample(
gen >0, new best = 502.600
gen >0, new best = 500.100
gen >0, new best = 495.600
gen >0, new best = 491.800
gen >0, new best = 490.700
gen >0, new best = 490.400
gen >0, new best = 489.800
gen >0, new best = 485.700
gen >0, new best = 471.700
gen: 0 best: 471.7 mean: 503.9084577114428
gen: 1 best: 471.7 mean: 502.37064676616916
gen: 2 best: 471.7 mean: 503.03333333333336
gen: 3 best: 471.7 mean: 501.3203980099502
gen: 4 best: 471.7 mean: 500.17512437810944
gen: 5 best: 471.7 mean: 500.3661691542288
gen: 6 best: 471.7 mean: 498.89850746268655
gen: 7 best: 471.7 mean: 497.4318407960199
gen: 8 best: 471.7 mean: 495.77363184079604
gen: 9 best: 471.7 mean: 495.5532338308458
gen: 10 best: 471.7 mean: 493.4487562189055
gen >11, new best = 470.400
gen >11, new best = 469.400
gen: 11 best: 469.4 mean: 493.73034825870644
gen: 12 best: 469.4 mean: 492.6955223880597
gen >13, new best = 469.200
gen >13, new best = 466.700
gen: 13 best: 466.7 mean: 491.4820895522388
gen: 14 best: 466.7 mean: 490.381592039801
gen: 15 best: 466.7 mean: 490.9084577114428
gen: 16 best: 466.7 mean: 488.9029850746269
gen >17, new best = 462.600
gen: 17 best: 462.6 mean: 487.7398009950249
gen >18, new best = 458.000
gen: 18 best: 458.0 mean: 487.9557213930348
gen: 19 best: 458.0 mean: 486.88407960199004
gen: 20 best: 458.0 mean: 485.1716417910448
gen: 21 best: 458.0 mean: 485.00199004975127
gen: 22 best: 458.0 mean: 484.4855721393035
gen: 23 best: 458.0 mean: 483.7363184079602
gen >24, new best = 457.800
gen: 24 best: 457.8 mean: 483.6154228855721
gen: 25 best: 457.8 mean: 482.981592039801
gen: 26 best: 457.8 mean: 482.771144278607
gen: 27 best: 457.8 mean: 482.2348258706468
gen: 28 best: 457.8 mean: 483.45721393034825
gen >29, new best = 457.500
gen: 29 best: 457.5 mean: 482.1577114427861
gen: 30 best: 457.5 mean: 481.7497512437811
gen >31, new best = 457.100
gen: 31 best: 457.1 mean: 480.79253731343283
gen >32, new best = 454.100
gen: 32 best: 454.1 mean: 479.93333333333334
gen >33, new best = 453.200
gen: 33 best: 453.2 mean: 478.23532338308456
gen: 34 best: 453.2 mean: 478.8
gen >35, new best = 451.200
gen: 35 best: 451.2 mean: 478.255223880597
gen >36, new best = 450.500
gen: 36 best: 450.5 mean: 478.2915422885572
gen >37, new best = 449.600
gen: 37 best: 449.6 mean: 476.8547263681592
gen: 38 best: 449.6 mean: 478.0442786069652
gen: 39 best: 449.6 mean: 477.43880597014925
gen: 40 best: 449.6 mean: 476.0532338308458
gen: 41 best: 449.6 mean: 476.99402985074624
gen: 42 best: 449.6 mean: 476.51194029850745
gen: 43 best: 449.6 mean: 475.1761194029851
gen >44, new best = 441.000
gen: 44 best: 441.0 mean: 475.66069651741293
gen: 45 best: 441.0 mean: 473.51741293532336
gen: 46 best: 441.0 mean: 473.3646766169154
gen: 47 best: 441.0 mean: 472.8810945273632
gen: 48 best: 441.0 mean: 473.0751243781095
gen: 49 best: 441.0 mean: 472.2651741293532
gen: 50 best: 441.0 mean: 470.9522388059701
gen: 51 best: 441.0 mean: 473.0004975124378
gen: 52 best: 441.0 mean: 471.5681592039801
gen: 53 best: 441.0 mean: 469.69701492537314
gen: 54 best: 441.0 mean: 471.2597014925373
gen: 55 best: 441.0 mean: 471.10199004975124
gen: 56 best: 441.0 mean: 470.25174129353235
gen: 57 best: 441.0 mean: 469.4502487562189
gen: 58 best: 441.0 mean: 469.6796019900498
gen: 59 best: 441.0 mean: 469.452736318408
gen: 60 best: 441.0 mean: 467.8646766169154
gen: 61 best: 441.0 mean: 468.4064676616915
gen: 62 best: 441.0 mean: 467.0353233830846
gen: 63 best: 441.0 mean: 466.2716417910448
gen: 64 best: 441.0 mean: 467.68358208955226
gen: 65 best: 441.0 mean: 467.52288557213933
gen: 66 best: 441.0 mean: 466.44029850746267
gen: 67 best: 441.0 mean: 466.1044776119403
gen: 68 best: 441.0 mean: 465.99353233830846
gen: 69 best: 441.0 mean: 465.68407960199005
gen: 70 best: 441.0 mean: 465.68905472636817
gen: 71 best: 441.0 mean: 465.4398009950249
gen: 72 best: 441.0 mean: 465.5855721393035
gen >73, new best = 436.900
gen: 73 best: 436.9 mean: 464.87114427860695
gen: 74 best: 436.9 mean: 464.59751243781096
gen: 75 best: 436.9 mean: 464.77412935323383
gen >76, new best = 436.800
gen: 76 best: 436.8 mean: 463.36716417910446
gen: 77 best: 436.8 mean: 463.7233830845771
gen >78, new best = 435.100
gen: 78 best: 435.1 mean: 463.2009950248756
gen: 79 best: 435.1 mean: 463.11641791044775
gen: 80 best: 435.1 mean: 462.655223880597
gen: 81 best: 435.1 mean: 462.0039800995025
gen: 82 best: 435.1 mean: 462.18805970149253
gen: 83 best: 435.1 mean: 462.4910447761194
gen: 84 best: 435.1 mean: 463.081592039801
gen: 85 best: 435.1 mean: 463.0716417910448
gen: 86 best: 435.1 mean: 462.3
gen: 87 best: 435.1 mean: 461.42089552238804
gen: 88 best: 435.1 mean: 461.2437810945274
gen: 89 best: 435.1 mean: 461.61243781094527
gen: 90 best: 435.1 mean: 460.77213930348256
gen: 91 best: 435.1 mean: 461.1636815920398
gen: 92 best: 435.1 mean: 460.855223880597
gen: 93 best: 435.1 mean: 460.863184079602
gen: 94 best: 435.1 mean: 461.46965174129355
gen: 95 best: 435.1 mean: 459.7985074626866
gen: 96 best: 435.1 mean: 459.91293532338307
gen: 97 best: 435.1 mean: 459.9144278606965
gen: 98 best: 435.1 mean: 460.57910447761196
gen: 99 best: 435.1 mean: 459.8731343283582
[7, 7, 8, 6, 8, 7, 7, 7, 8, 7, 7, 7, 7, 7, 7, 6, 6, 7, 8, 7, 7, 7, 7, 7, 7, 7, 7, 7, 7, 7, 6, 7, 7, 7, 7, 7, 6, 8, 7, 7, 8, 8, 7, 7, 7, 8, 7, 7, 7, 6]
Test count of edges: 2323
cat
