Defaulting to user installation because normal site-packages is not writeable
Looking in links: /cvmfs/soft.computecanada.ca/custom/python/wheelhouse/gentoo/avx2, /cvmfs/soft.computecanada.ca/custom/python/wheelhouse/gentoo/generic, /cvmfs/soft.computecanada.ca/custom/python/wheelhouse/generic
Requirement already satisfied: graphviz in /home/js17sy/.local/lib/python3.10/site-packages (0.20)
473; python ga.py 5 768N_graph5.dat 0.075 0.03 0.7 0.5 0.5 201 768N_graph5laxgen1rem70_ 656903
/project/6008788/js17sy/reopenga/768a/ga.py:291: DeprecationWarning: Sampling from a set deprecated
since Python 3.9 and will be removed in a subsequent version.
  child1 = set(random.sample(
gen >0, new best = 478.400
gen >0, new best = 472.500
gen >0, new best = 442.200
gen >0, new best = 427.500
gen >0, new best = 404.500
gen: 0 best: 404.5 mean: 493.87860696517413
gen: 1 best: 404.5 mean: 487.3278606965174
gen: 2 best: 404.5 mean: 481.8845771144279
gen: 3 best: 404.5 mean: 478.7308457711443
gen: 4 best: 404.5 mean: 474.065671641791
gen: 5 best: 404.5 mean: 469.91293532338307
gen: 6 best: 404.5 mean: 465.0089552238806
gen: 7 best: 404.5 mean: 463.4283582089552
gen: 8 best: 404.5 mean: 459.7044776119403
gen >9, new best = 403.400
gen >9, new best = 397.800
gen: 9 best: 397.8 mean: 459.5318407960199
gen: 10 best: 397.8 mean: 454.82338308457713
gen: 11 best: 397.8 mean: 454.84527363184077
gen: 12 best: 397.8 mean: 451.2089552238806
gen >13, new best = 386.300
gen: 13 best: 386.3 mean: 450.4691542288557
gen: 14 best: 386.3 mean: 449.5786069651741
gen: 15 best: 386.3 mean: 448.15472636815923
gen: 16 best: 386.3 mean: 445.40149253731346
gen: 17 best: 386.3 mean: 449.08905472636815
gen: 18 best: 386.3 mean: 445.23930348258705
gen: 19 best: 386.3 mean: 443.94776119402985
gen: 20 best: 386.3 mean: 443.11990049751245
gen: 21 best: 386.3 mean: 441.33383084577116
gen: 22 best: 386.3 mean: 441.1756218905473
gen: 23 best: 386.3 mean: 438.25223880597014
gen: 24 best: 386.3 mean: 441.0621890547264
gen: 25 best: 386.3 mean: 439.3054726368159
gen >26, new best = 382.700
gen: 26 best: 382.7 mean: 436.7691542288557
gen: 27 best: 382.7 mean: 435.3273631840796
gen >28, new best = 381.900
gen: 28 best: 381.9 mean: 431.85771144278607
gen: 29 best: 381.9 mean: 434.08407960199
gen: 30 best: 381.9 mean: 431.4830845771144
gen: 31 best: 381.9 mean: 431.5905472636816
gen >32, new best = 378.200
gen: 32 best: 378.2 mean: 429.59303482587063
gen: 33 best: 378.2 mean: 429.9686567164179
gen: 34 best: 378.2 mean: 429.00199004975127
gen: 35 best: 378.2 mean: 428.1681592039801
gen >36, new best = 375.500
gen: 36 best: 375.5 mean: 426.95124378109455
gen: 37 best: 375.5 mean: 424.4124378109453
gen: 38 best: 375.5 mean: 423.18805970149253
gen: 39 best: 375.5 mean: 423.0328358208955
gen: 40 best: 375.5 mean: 421.41990049751246
gen >41, new best = 374.500
gen: 41 best: 374.5 mean: 421.5990049751244
gen: 42 best: 374.5 mean: 420.2870646766169
gen: 43 best: 374.5 mean: 422.5134328358209
gen: 44 best: 374.5 mean: 420.64378109452736
gen: 45 best: 374.5 mean: 420.6756218905473
gen >46, new best = 374.200
gen: 46 best: 374.2 mean: 421.1611940298507
gen: 47 best: 374.2 mean: 416.6099502487562
gen: 48 best: 374.2 mean: 418.33830845771143
gen: 49 best: 374.2 mean: 417.0567164179104
gen >50, new best = 367.800
gen: 50 best: 367.8 mean: 417.07960199004975
gen: 51 best: 367.8 mean: 416.3114427860697
gen: 52 best: 367.8 mean: 417.218407960199
gen: 53 best: 367.8 mean: 415.5845771144279
gen: 54 best: 367.8 mean: 418.1039800995025
gen: 55 best: 367.8 mean: 417.1865671641791
gen: 56 best: 367.8 mean: 417.265671641791
gen: 57 best: 367.8 mean: 416.9004975124378
gen >58, new best = 366.700
gen: 58 best: 366.7 mean: 418.2990049751244
gen: 59 best: 366.7 mean: 413.7497512437811
gen: 60 best: 366.7 mean: 416.53582089552236
gen: 61 best: 366.7 mean: 416.0383084577114
gen: 62 best: 366.7 mean: 417.96119402985073
gen: 63 best: 366.7 mean: 417.3990049751244
gen: 64 best: 366.7 mean: 415.19651741293535
gen: 65 best: 366.7 mean: 414.18805970149253
gen: 66 best: 366.7 mean: 415.9223880597015
gen: 67 best: 366.7 mean: 414.28308457711444
gen >68, new best = 365.200
gen: 68 best: 365.2 mean: 413.06666666666666
gen: 69 best: 365.2 mean: 413.40149253731346
gen: 70 best: 365.2 mean: 414.2547263681592
gen: 71 best: 365.2 mean: 412.6636815920398
gen: 72 best: 365.2 mean: 413.47910447761194
gen: 73 best: 365.2 mean: 413.61442786069654
gen >74, new best = 361.100
gen: 74 best: 361.1 mean: 410.96268656716416
gen: 75 best: 361.1 mean: 411.4373134328358
gen: 76 best: 361.1 mean: 411.7308457711443
gen: 77 best: 361.1 mean: 411.2014925373134
gen: 78 best: 361.1 mean: 411.54278606965175
gen: 79 best: 361.1 mean: 410.76119402985074
gen: 80 best: 361.1 mean: 411.63084577114427
gen: 81 best: 361.1 mean: 409.32089552238807
gen: 82 best: 361.1 mean: 409.24477611940296
gen: 83 best: 361.1 mean: 410.0034825870647
gen: 84 best: 361.1 mean: 410.2716417910448
gen: 85 best: 361.1 mean: 410.9139303482587
gen: 86 best: 361.1 mean: 408.78656716417913
gen: 87 best: 361.1 mean: 409.34875621890546
gen: 88 best: 361.1 mean: 408.1502487562189
gen: 89 best: 361.1 mean: 409.6049751243781
gen: 90 best: 361.1 mean: 408.8542288557214
gen: 91 best: 361.1 mean: 410.50696517412933
gen: 92 best: 361.1 mean: 410.0109452736318
gen: 93 best: 361.1 mean: 408.747263681592
gen: 94 best: 361.1 mean: 408.8144278606965
gen: 95 best: 361.1 mean: 409.192039800995
gen: 96 best: 361.1 mean: 407.2343283582089
gen: 97 best: 361.1 mean: 408.392039800995
gen: 98 best: 361.1 mean: 409.16616915422884
gen: 99 best: 361.1 mean: 408.98805970149255
[6, 7, 6, 6, 6, 6, 6, 8, 6, 6, 6, 6, 6, 6, 7, 7, 6, 6, 7, 6, 7, 6, 7, 6, 7, 7, 8, 7, 7, 7, 7, 6, 6, 6, 7, 6, 6, 7, 6, 7, 7, 6, 7, 6, 6, 7, 6, 6, 7, 6]
Test count of edges: 1416
cat
