Defaulting to user installation because normal site-packages is not writeable
Looking in links: /cvmfs/soft.computecanada.ca/custom/python/wheelhouse/gentoo/avx2, /cvmfs/soft.computecanada.ca/custom/python/wheelhouse/gentoo/generic, /cvmfs/soft.computecanada.ca/custom/python/wheelhouse/generic
Requirement already satisfied: graphviz in /home/js17sy/.local/lib/python3.10/site-packages (0.20)
2; python ga.py 5 768N_graph5.dat 0.025 0.01 0.5 0.5 0.5 201 768N_graph5strictgen1rem50_ 57122
/project/6008788/js17sy/reopenga/768a/ga.py:291: DeprecationWarning: Sampling from a set deprecated
since Python 3.9 and will be removed in a subsequent version.
  child1 = set(random.sample(
gen >0, new best = 449.900
gen >0, new best = 449.000
gen >0, new best = 436.100
gen >0, new best = 429.800
gen: 0 best: 429.8 mean: 453.97960199004973
gen >1, new best = 424.800
gen >1, new best = 423.000
gen: 1 best: 423.0 mean: 454.34378109452734
gen: 2 best: 423.0 mean: 452.44228855721394
gen: 3 best: 423.0 mean: 451.4502487562189
gen >4, new best = 422.100
gen: 4 best: 422.1 mean: 451.7139303482587
gen: 5 best: 422.1 mean: 448.8820895522388
gen: 6 best: 422.1 mean: 449.53781094527363
gen: 7 best: 422.1 mean: 447.96965174129355
gen >8, new best = 419.900
gen: 8 best: 419.9 mean: 448.15323383084575
gen: 9 best: 419.9 mean: 446.9741293532338
gen: 10 best: 419.9 mean: 446.4278606965174
gen >11, new best = 418.600
gen: 11 best: 418.6 mean: 445.73830845771147
gen: 12 best: 418.6 mean: 445.018407960199
gen: 13 best: 418.6 mean: 445.30099502487565
gen: 14 best: 418.6 mean: 444.8094527363184
gen >15, new best = 417.400
gen: 15 best: 417.4 mean: 444.4726368159204
gen: 16 best: 417.4 mean: 444.34179104477613
gen: 17 best: 417.4 mean: 444.42537313432837
gen >18, new best = 409.500
gen: 18 best: 409.5 mean: 443.49402985074624
gen: 19 best: 409.5 mean: 443.265671641791
gen: 20 best: 409.5 mean: 441.68009950248756
gen: 21 best: 409.5 mean: 441.9592039800995
gen >22, new best = 408.300
gen: 22 best: 408.3 mean: 441.4089552238806
gen: 23 best: 408.3 mean: 440.9308457711443
gen: 24 best: 408.3 mean: 441.39452736318407
gen: 25 best: 408.3 mean: 441.5512437810945
gen: 26 best: 408.3 mean: 441.0
gen: 27 best: 408.3 mean: 439.24427860696517
gen: 28 best: 408.3 mean: 438.76666666666665
gen >29, new best = 403.600
gen: 29 best: 403.6 mean: 439.1084577114428
gen >30, new best = 395.900
gen: 30 best: 395.9 mean: 437.80099502487565
gen: 31 best: 395.9 mean: 437.69850746268656
gen: 32 best: 395.9 mean: 437.9233830845771
gen: 33 best: 395.9 mean: 436.54875621890545
gen: 34 best: 395.9 mean: 438.24776119402986
gen: 35 best: 395.9 mean: 436.9363184079602
gen: 36 best: 395.9 mean: 435.58159203980097
gen: 37 best: 395.9 mean: 436.45323383084576
gen: 38 best: 395.9 mean: 435.2562189054726
gen: 39 best: 395.9 mean: 435.17860696517414
gen: 40 best: 395.9 mean: 434.1810945273632
gen: 41 best: 395.9 mean: 432.9218905472637
gen: 42 best: 395.9 mean: 433.18457711442784
gen: 43 best: 395.9 mean: 430.8283582089552
gen >44, new best = 395.800
gen: 44 best: 395.8 mean: 431.6910447761194
gen: 45 best: 395.8 mean: 430.8726368159204
gen: 46 best: 395.8 mean: 431.09452736318406
gen: 47 best: 395.8 mean: 430.2194029850746
gen >48, new best = 394.400
gen: 48 best: 394.4 mean: 428.88009950248755
gen: 49 best: 394.4 mean: 429.52487562189054
gen: 50 best: 394.4 mean: 428.4432835820896
gen: 51 best: 394.4 mean: 426.07412935323384
gen: 52 best: 394.4 mean: 427.6502487562189
gen: 53 best: 394.4 mean: 426.99800995024873
gen: 54 best: 394.4 mean: 426.8626865671642
gen >55, new best = 393.500
gen: 55 best: 393.5 mean: 427.46268656716416
gen: 56 best: 393.5 mean: 424.9492537313433
gen: 57 best: 393.5 mean: 426.1910447761194
gen: 58 best: 393.5 mean: 424.1771144278607
gen: 59 best: 393.5 mean: 424.2467661691542
gen: 60 best: 393.5 mean: 425.8099502487562
gen: 61 best: 393.5 mean: 425.6597014925373
gen: 62 best: 393.5 mean: 425.9268656716418
gen >63, new best = 392.400
gen: 63 best: 392.4 mean: 424.84179104477613
gen >64, new best = 391.000
gen: 64 best: 391.0 mean: 424.6457711442786
gen: 65 best: 391.0 mean: 425.1597014925373
gen: 66 best: 391.0 mean: 424.11044776119405
gen: 67 best: 391.0 mean: 424.1646766169154
gen: 68 best: 391.0 mean: 423.94825870646764
gen: 69 best: 391.0 mean: 424.1129353233831
gen: 70 best: 391.0 mean: 422.3059701492537
gen: 71 best: 391.0 mean: 423.52835820895524
gen >72, new best = 385.700
gen: 72 best: 385.7 mean: 423.1776119402985
gen: 73 best: 385.7 mean: 422.81094527363183
gen: 74 best: 385.7 mean: 421.7358208955224
gen: 75 best: 385.7 mean: 422.72487562189053
gen: 76 best: 385.7 mean: 421.1597014925373
gen: 77 best: 385.7 mean: 419.0189054726368
gen: 78 best: 385.7 mean: 420.68905472636817
gen: 79 best: 385.7 mean: 420.2273631840796
gen: 80 best: 385.7 mean: 417.7268656716418
gen: 81 best: 385.7 mean: 418.90248756218904
gen: 82 best: 385.7 mean: 418.3995024875622
gen: 83 best: 385.7 mean: 419.463184079602
gen: 84 best: 385.7 mean: 418.9905472636816
gen: 85 best: 385.7 mean: 420.1597014925373
gen: 86 best: 385.7 mean: 418.64776119402984
gen: 87 best: 385.7 mean: 419.4671641791045
gen: 88 best: 385.7 mean: 419.6358208955224
gen: 89 best: 385.7 mean: 418.3442786069652
gen >90, new best = 383.200
gen: 90 best: 383.2 mean: 418.66567164179105
gen: 91 best: 383.2 mean: 416.8865671641791
gen: 92 best: 383.2 mean: 418.28457711442786
gen: 93 best: 383.2 mean: 418.736815920398
gen >94, new best = 380.400
gen: 94 best: 380.4 mean: 417.155223880597
gen: 95 best: 380.4 mean: 417.70646766169153
gen: 96 best: 380.4 mean: 418.2502487562189
gen: 97 best: 380.4 mean: 417.45174129353234
gen >98, new best = 377.200
gen: 98 best: 377.2 mean: 417.1313432835821
gen: 99 best: 377.2 mean: 417.30348258706465
[10, 10, 11, 8, 13, 10, 11, 9, 10, 10, 11, 11, 11, 10, 9, 10, 9, 8, 9, 10, 9, 10, 8, 10, 10, 9, 9, 9, 9, 9, 10, 10, 12, 12, 11, 9, 11, 11, 9, 8, 10, 8, 10, 11, 11, 9, 10, 10, 9]
Test count of edges: 2339
cat
