Defaulting to user installation because normal site-packages is not writeable
Looking in links: /cvmfs/soft.computecanada.ca/custom/python/wheelhouse/gentoo/avx2, /cvmfs/soft.computecanada.ca/custom/python/wheelhouse/gentoo/generic, /cvmfs/soft.computecanada.ca/custom/python/wheelhouse/generic
Requirement already satisfied: graphviz in /home/js17sy/.local/lib/python3.10/site-packages (0.20)
660; python ga.py 5 768N_graph5.dat 0.1 0.04 0.7 0.5 0.5 201 768N_graph5leerygen1rem70_ 856830
/project/6008788/js17sy/reopenga/768a/ga.py:291: DeprecationWarning: Sampling from a set deprecated
since Python 3.9 and will be removed in a subsequent version.
  child1 = set(random.sample(
gen >0, new best = 509.400
gen >0, new best = 504.200
gen >0, new best = 503.300
gen >0, new best = 491.700
gen >0, new best = 484.100
gen >0, new best = 462.800
gen >0, new best = 457.500
gen: 0 best: 457.5 mean: 507.55348258706465
gen: 1 best: 457.5 mean: 505.30298507462686
gen >2, new best = 451.200
gen: 2 best: 451.2 mean: 501.7930348258706
gen >3, new best = 436.000
gen: 3 best: 436.0 mean: 501.05572139303484
gen: 4 best: 436.0 mean: 492.60149253731345
gen: 5 best: 436.0 mean: 495.37064676616916
gen >6, new best = 433.800
gen: 6 best: 433.8 mean: 491.33980099502486
gen: 7 best: 433.8 mean: 487.5149253731343
gen: 8 best: 433.8 mean: 483.32487562189056
gen >9, new best = 430.600
gen: 9 best: 430.6 mean: 480.00845771144276
gen >10, new best = 426.400
gen: 10 best: 426.4 mean: 479.2492537313433
gen >11, new best = 419.000
gen: 11 best: 419.0 mean: 476.2776119402985
gen: 12 best: 419.0 mean: 474.3218905472637
gen: 13 best: 419.0 mean: 474.926368159204
gen: 14 best: 419.0 mean: 470.7069651741294
gen >15, new best = 416.700
gen: 15 best: 416.7 mean: 469.9502487562189
gen: 16 best: 416.7 mean: 469.31940298507465
gen: 17 best: 416.7 mean: 467.94228855721394
gen: 18 best: 416.7 mean: 465.28805970149256
gen >19, new best = 409.200
gen: 19 best: 409.2 mean: 463.81641791044774
gen: 20 best: 409.2 mean: 462.37114427860695
gen: 21 best: 409.2 mean: 459.2273631840796
gen: 22 best: 409.2 mean: 459.4363184079602
gen >23, new best = 407.700
gen >23, new best = 405.800
gen: 23 best: 405.8 mean: 455.4213930348259
gen: 24 best: 405.8 mean: 457.80298507462686
gen >25, new best = 401.700
gen: 25 best: 401.7 mean: 455.0353233830846
gen >26, new best = 398.300
gen: 26 best: 398.3 mean: 456.6592039800995
gen: 27 best: 398.3 mean: 451.9278606965174
gen: 28 best: 398.3 mean: 450.8587064676617
gen: 29 best: 398.3 mean: 450.54676616915424
gen: 30 best: 398.3 mean: 449.77412935323383
gen: 31 best: 398.3 mean: 451.1577114427861
gen: 32 best: 398.3 mean: 450.163184079602
gen: 33 best: 398.3 mean: 449.9761194029851
gen: 34 best: 398.3 mean: 447.4268656716418
gen: 35 best: 398.3 mean: 446.4497512437811
gen: 36 best: 398.3 mean: 446.9870646766169
gen >37, new best = 395.700
gen: 37 best: 395.7 mean: 445.4761194029851
gen: 38 best: 395.7 mean: 445.63084577114427
gen: 39 best: 395.7 mean: 444.15273631840796
gen >40, new best = 382.000
gen: 40 best: 382.0 mean: 445.0034825870647
gen: 41 best: 382.0 mean: 443.26467661691544
gen: 42 best: 382.0 mean: 441.33034825870647
gen: 43 best: 382.0 mean: 440.4273631840796
gen: 44 best: 382.0 mean: 441.5547263681592
gen: 45 best: 382.0 mean: 440.41094527363185
gen: 46 best: 382.0 mean: 440.3880597014925
gen: 47 best: 382.0 mean: 438.81641791044774
gen: 48 best: 382.0 mean: 440.434328358209
gen: 49 best: 382.0 mean: 439.99154228855724
gen: 50 best: 382.0 mean: 438.4323383084577
gen: 51 best: 382.0 mean: 438.4915422885572
gen: 52 best: 382.0 mean: 438.96218905472637
gen: 53 best: 382.0 mean: 437.44726368159206
gen: 54 best: 382.0 mean: 437.6885572139303
gen: 55 best: 382.0 mean: 438.5731343283582
gen: 56 best: 382.0 mean: 435.67064676616917
gen: 57 best: 382.0 mean: 438.17860696517414
gen: 58 best: 382.0 mean: 435.07014925373136
gen: 59 best: 382.0 mean: 436.6179104477612
gen: 60 best: 382.0 mean: 435.4636815920398
gen: 61 best: 382.0 mean: 435.04477611940297
gen: 62 best: 382.0 mean: 435.4960199004975
gen: 63 best: 382.0 mean: 437.8422885572139
gen: 64 best: 382.0 mean: 436.818407960199
gen: 65 best: 382.0 mean: 435.61094527363184
gen: 66 best: 382.0 mean: 435.2089552238806
gen: 67 best: 382.0 mean: 436.2855721393035
gen: 68 best: 382.0 mean: 433.14726368159205
gen: 69 best: 382.0 mean: 433.4865671641791
gen: 70 best: 382.0 mean: 435.5970149253731
gen: 71 best: 382.0 mean: 434.9855721393035
gen: 72 best: 382.0 mean: 438.02985074626866
gen: 73 best: 382.0 mean: 433.0766169154229
gen: 74 best: 382.0 mean: 432.31990049751244
gen: 75 best: 382.0 mean: 433.3422885572139
gen: 76 best: 382.0 mean: 432.0164179104478
gen: 77 best: 382.0 mean: 433.2800995024876
gen: 78 best: 382.0 mean: 432.57611940298506
gen >79, new best = 381.900
gen: 79 best: 381.9 mean: 433.5691542288557
gen: 80 best: 381.9 mean: 433.36218905472634
gen: 81 best: 381.9 mean: 433.9233830845771
gen: 82 best: 381.9 mean: 434.64029850746266
gen: 83 best: 381.9 mean: 434.42587064676616
gen: 84 best: 381.9 mean: 431.3492537313433
gen: 85 best: 381.9 mean: 432.01044776119403
gen: 86 best: 381.9 mean: 431.75671641791047
gen: 87 best: 381.9 mean: 430.3825870646766
gen: 88 best: 381.9 mean: 431.26119402985074
gen: 89 best: 381.9 mean: 431.97014925373134
gen: 90 best: 381.9 mean: 430.24228855721395
gen: 91 best: 381.9 mean: 432.5935323383085
gen: 92 best: 381.9 mean: 432.681592039801
gen: 93 best: 381.9 mean: 429.3129353233831
gen: 94 best: 381.9 mean: 432.52139303482585
gen: 95 best: 381.9 mean: 430.2656716417911
gen: 96 best: 381.9 mean: 431.2238805970149
gen: 97 best: 381.9 mean: 431.64776119402984
gen >98, new best = 376.800
gen: 98 best: 376.8 mean: 433.5452736318408
gen: 99 best: 376.8 mean: 431.04825870646766
[7, 6, 6, 6, 6, 7, 6, 6, 6, 5, 7, 6, 6, 6, 6, 6, 6, 6, 6, 6, 6, 6, 6, 6, 6, 5, 6, 6, 6, 7, 6, 7, 7, 6, 6, 6, 6, 6, 6, 6, 6, 6, 6, 6, 6, 6, 6, 6, 6, 6]
Test count of edges: 1419
cat
