Defaulting to user installation because normal site-packages is not writeable
Looking in links: /cvmfs/soft.computecanada.ca/custom/python/wheelhouse/gentoo/avx2, /cvmfs/soft.computecanada.ca/custom/python/wheelhouse/gentoo/generic, /cvmfs/soft.computecanada.ca/custom/python/wheelhouse/generic
Requirement already satisfied: graphviz in /home/js17sy/.local/lib/python3.10/site-packages (0.20)
659; python ga.py 5 768N_graph5.dat 0.1 0.04 0.7 0.5 0.5 201 768N_graph5leerygen1rem70_ 828269
/project/6008788/js17sy/reopenga/768a/ga.py:291: DeprecationWarning: Sampling from a set deprecated
since Python 3.9 and will be removed in a subsequent version.
  child1 = set(random.sample(
gen >0, new best = 523.400
gen >0, new best = 518.800
gen >0, new best = 492.500
gen >0, new best = 489.900
gen >0, new best = 478.200
gen >0, new best = 473.300
gen >0, new best = 471.600
gen >0, new best = 466.100
gen: 0 best: 466.1 mean: 507.58781094527365
gen >1, new best = 444.400
gen: 1 best: 444.4 mean: 501.9925373134328
gen: 2 best: 444.4 mean: 498.0318407960199
gen: 3 best: 444.4 mean: 496.51144278606967
gen: 4 best: 444.4 mean: 492.60348258706466
gen >5, new best = 434.400
gen: 5 best: 434.4 mean: 491.6825870646766
gen >6, new best = 430.100
gen: 6 best: 430.1 mean: 488.0383084577114
gen: 7 best: 430.1 mean: 485.80845771144277
gen >8, new best = 427.200
gen: 8 best: 427.2 mean: 480.0810945273632
gen: 9 best: 427.2 mean: 479.5721393034826
gen: 10 best: 427.2 mean: 478.4412935323383
gen: 11 best: 427.2 mean: 476.2731343283582
gen: 12 best: 427.2 mean: 474.4089552238806
gen >13, new best = 413.600
gen: 13 best: 413.6 mean: 474.7094527363184
gen: 14 best: 413.6 mean: 472.6636815920398
gen: 15 best: 413.6 mean: 472.14328358208957
gen: 16 best: 413.6 mean: 471.9820895522388
gen: 17 best: 413.6 mean: 470.95174129353234
gen: 18 best: 413.6 mean: 467.90149253731346
gen: 19 best: 413.6 mean: 465.82487562189056
gen: 20 best: 413.6 mean: 465.63084577114427
gen: 21 best: 413.6 mean: 463.5218905472637
gen: 22 best: 413.6 mean: 460.0970149253731
gen: 23 best: 413.6 mean: 462.2825870646766
gen >24, new best = 409.000
gen: 24 best: 409.0 mean: 459.61641791044775
gen: 25 best: 409.0 mean: 458.29751243781095
gen >26, new best = 405.500
gen: 26 best: 405.5 mean: 457.89651741293534
gen: 27 best: 405.5 mean: 456.6557213930348
gen: 28 best: 405.5 mean: 456.84527363184077
gen: 29 best: 405.5 mean: 454.75572139303483
gen: 30 best: 405.5 mean: 457.3353233830846
gen: 31 best: 405.5 mean: 452.62039800995024
gen: 32 best: 405.5 mean: 453.8636815920398
gen: 33 best: 405.5 mean: 451.8144278606965
gen: 34 best: 405.5 mean: 451.1671641791045
gen: 35 best: 405.5 mean: 450.71144278606965
gen: 36 best: 405.5 mean: 447.80248756218907
gen: 37 best: 405.5 mean: 449.97363184079603
gen: 38 best: 405.5 mean: 450.53781094527363
gen: 39 best: 405.5 mean: 448.7562189054726
gen: 40 best: 405.5 mean: 448.4636815920398
gen: 41 best: 405.5 mean: 444.83084577114425
gen: 42 best: 405.5 mean: 445.7407960199005
gen: 43 best: 405.5 mean: 445.2960199004975
gen: 44 best: 405.5 mean: 445.20597014925374
gen: 45 best: 405.5 mean: 443.2253731343284
gen >46, new best = 401.300
gen: 46 best: 401.3 mean: 444.7179104477612
gen: 47 best: 401.3 mean: 446.1870646766169
gen >48, new best = 393.500
gen: 48 best: 393.5 mean: 444.2915422885572
gen: 49 best: 393.5 mean: 443.3592039800995
gen >50, new best = 384.700
gen: 50 best: 384.7 mean: 443.74228855721395
gen: 51 best: 384.7 mean: 443.69850746268656
gen: 52 best: 384.7 mean: 440.84776119402983
gen: 53 best: 384.7 mean: 443.126368159204
gen: 54 best: 384.7 mean: 440.81094527363183
gen: 55 best: 384.7 mean: 440.85970149253734
gen: 56 best: 384.7 mean: 440.0691542288557
gen: 57 best: 384.7 mean: 438.5383084577114
gen: 58 best: 384.7 mean: 440.2970149253731
gen: 59 best: 384.7 mean: 441.29800995024874
gen: 60 best: 384.7 mean: 438.28805970149256
gen: 61 best: 384.7 mean: 439.1338308457712
gen: 62 best: 384.7 mean: 436.8149253731343
gen: 63 best: 384.7 mean: 438.00696517412933
gen: 64 best: 384.7 mean: 437.4800995024876
gen: 65 best: 384.7 mean: 437.09303482587063
gen: 66 best: 384.7 mean: 439.2139303482587
gen: 67 best: 384.7 mean: 435.73034825870644
gen: 68 best: 384.7 mean: 437.897512437811
gen: 69 best: 384.7 mean: 435.73532338308456
gen: 70 best: 384.7 mean: 437.9124378109453
gen: 71 best: 384.7 mean: 438.09303482587063
gen: 72 best: 384.7 mean: 437.67462686567166
gen: 73 best: 384.7 mean: 436.27064676616914
gen: 74 best: 384.7 mean: 437.88756218905473
gen: 75 best: 384.7 mean: 436.2283582089552
gen: 76 best: 384.7 mean: 436.4189054726368
gen: 77 best: 384.7 mean: 437.2084577114428
gen: 78 best: 384.7 mean: 435.9686567164179
gen: 79 best: 384.7 mean: 436.06169154228854
gen: 80 best: 384.7 mean: 436.5348258706468
gen: 81 best: 384.7 mean: 434.60746268656715
gen: 82 best: 384.7 mean: 434.6154228855721
gen: 83 best: 384.7 mean: 436.3353233830846
gen: 84 best: 384.7 mean: 436.62537313432836
gen: 85 best: 384.7 mean: 434.6825870646766
gen: 86 best: 384.7 mean: 434.8666666666667
gen: 87 best: 384.7 mean: 433.62338308457714
gen: 88 best: 384.7 mean: 434.6825870646766
gen: 89 best: 384.7 mean: 434.7641791044776
gen: 90 best: 384.7 mean: 433.3144278606965
gen: 91 best: 384.7 mean: 433.97711442786067
gen: 92 best: 384.7 mean: 434.0273631840796
gen: 93 best: 384.7 mean: 434.6850746268657
gen: 94 best: 384.7 mean: 433.96069651741294
gen: 95 best: 384.7 mean: 436.7268656716418
gen: 96 best: 384.7 mean: 434.1686567164179
gen: 97 best: 384.7 mean: 433.4462686567164
gen: 98 best: 384.7 mean: 432.5089552238806
gen: 99 best: 384.7 mean: 433.397512437811
[6, 6, 6, 6, 5, 5, 5, 6, 7, 6, 6, 6, 6, 6, 6, 6, 6, 6, 6, 6, 6, 7, 7, 5, 6, 6, 6, 6, 6, 6, 7, 6, 6, 6, 6, 6, 6, 5, 6, 7, 6, 7, 6, 7, 6, 6, 6, 6, 6, 5]
Test count of edges: 1404
cat
