Defaulting to user installation because normal site-packages is not writeable
Looking in links: /cvmfs/soft.computecanada.ca/custom/python/wheelhouse/gentoo/avx2, /cvmfs/soft.computecanada.ca/custom/python/wheelhouse/gentoo/generic, /cvmfs/soft.computecanada.ca/custom/python/wheelhouse/generic
Requirement already satisfied: graphviz in /home/js17sy/.local/lib/python3.10/site-packages (0.20)
606; python ga.py 5 768N_graph5.dat 0.1 0.04 0.5 0.9 0.1 201 768N_graph5leerygen3rem50_ 171366
/project/6008788/js17sy/reopenga/768a/ga.py:291: DeprecationWarning: Sampling from a set deprecated
since Python 3.9 and will be removed in a subsequent version.
  child1 = set(random.sample(
gen >0, new best = 517.000
gen >0, new best = 511.600
gen >0, new best = 506.800
gen >0, new best = 503.800
gen >0, new best = 501.500
gen >0, new best = 495.800
gen >0, new best = 493.000
gen: 0 best: 493.0 mean: 516.7482587064677
gen >1, new best = 491.800
gen >1, new best = 489.600
gen: 1 best: 489.6 mean: 516.4228855721393
gen >2, new best = 485.100
gen: 2 best: 485.1 mean: 513.4731343283582
gen >3, new best = 482.400
gen: 3 best: 482.4 mean: 513.7557213930348
gen: 4 best: 482.4 mean: 511.8388059701493
gen >5, new best = 480.300
gen: 5 best: 480.3 mean: 511.54328358208954
gen: 6 best: 480.3 mean: 509.6029850746269
gen: 7 best: 480.3 mean: 509.7855721393035
gen: 8 best: 480.3 mean: 508.7592039800995
gen >9, new best = 479.800
gen: 9 best: 479.8 mean: 507.10895522388057
gen: 10 best: 479.8 mean: 507.66616915422884
gen: 11 best: 479.8 mean: 506.96616915422885
gen: 12 best: 479.8 mean: 506.7651741293532
gen: 13 best: 479.8 mean: 505.2174129353234
gen >14, new best = 475.600
gen: 14 best: 475.6 mean: 505.1029850746269
gen: 15 best: 475.6 mean: 503.2676616915423
gen: 16 best: 475.6 mean: 503.1169154228856
gen: 17 best: 475.6 mean: 502.4248756218905
gen: 18 best: 475.6 mean: 502.3353233830846
gen >19, new best = 474.700
gen: 19 best: 474.7 mean: 501.7467661691542
gen >20, new best = 468.300
gen: 20 best: 468.3 mean: 500.60696517412936
gen: 21 best: 468.3 mean: 500.12139303482587
gen: 22 best: 468.3 mean: 499.50646766169154
gen: 23 best: 468.3 mean: 498.3626865671642
gen: 24 best: 468.3 mean: 498.1636815920398
gen: 25 best: 468.3 mean: 498.02139303482585
gen: 26 best: 468.3 mean: 497.48457711442785
gen: 27 best: 468.3 mean: 496.35572139303486
gen: 28 best: 468.3 mean: 495.2378109452736
gen: 29 best: 468.3 mean: 494.5179104477612
gen >30, new best = 466.900
gen: 30 best: 466.9 mean: 494.48059701492537
gen: 31 best: 466.9 mean: 493.84278606965177
gen: 32 best: 466.9 mean: 493.06318407960197
gen: 33 best: 466.9 mean: 491.53980099502485
gen: 34 best: 466.9 mean: 492.728855721393
gen >35, new best = 464.000
gen: 35 best: 464.0 mean: 490.79004975124377
gen: 36 best: 464.0 mean: 490.73731343283583
gen: 37 best: 464.0 mean: 489.1796019900498
gen: 38 best: 464.0 mean: 489.70995024875623
gen: 39 best: 464.0 mean: 489.8776119402985
gen: 40 best: 464.0 mean: 489.59253731343284
gen: 41 best: 464.0 mean: 488.3850746268657
gen: 42 best: 464.0 mean: 488.05223880597015
gen: 43 best: 464.0 mean: 488.4651741293532
gen: 44 best: 464.0 mean: 488.1303482587065
gen: 45 best: 464.0 mean: 487.1338308457712
gen: 46 best: 464.0 mean: 488.2502487562189
gen >47, new best = 462.700
gen: 47 best: 462.7 mean: 487.26965174129356
gen: 48 best: 462.7 mean: 486.2159203980099
gen >49, new best = 457.400
gen: 49 best: 457.4 mean: 487.24776119402986
gen: 50 best: 457.4 mean: 484.2766169154229
gen: 51 best: 457.4 mean: 484.11144278606963
gen: 52 best: 457.4 mean: 485.64228855721393
gen: 53 best: 457.4 mean: 484.1467661691542
gen: 54 best: 457.4 mean: 483.9502487562189
gen: 55 best: 457.4 mean: 483.17064676616917
gen: 56 best: 457.4 mean: 483.3218905472637
gen: 57 best: 457.4 mean: 482.48258706467664
gen >58, new best = 452.900
gen: 58 best: 452.9 mean: 482.3243781094527
gen: 59 best: 452.9 mean: 481.7014925373134
gen: 60 best: 452.9 mean: 481.8587064676617
gen: 61 best: 452.9 mean: 480.89253731343285
gen: 62 best: 452.9 mean: 481.35621890547264
gen >63, new best = 448.000
gen: 63 best: 448.0 mean: 481.2547263681592
gen: 64 best: 448.0 mean: 479.1666666666667
gen: 65 best: 448.0 mean: 479.59253731343284
gen: 66 best: 448.0 mean: 478.0731343283582
gen: 67 best: 448.0 mean: 479.24228855721395
gen: 68 best: 448.0 mean: 480.3940298507463
gen: 69 best: 448.0 mean: 478.90149253731346
gen >70, new best = 447.500
gen: 70 best: 447.5 mean: 477.77014925373135
gen: 71 best: 447.5 mean: 478.16915422885575
gen: 72 best: 447.5 mean: 477.9691542288557
gen: 73 best: 447.5 mean: 477.2597014925373
gen: 74 best: 447.5 mean: 478.5134328358209
gen: 75 best: 447.5 mean: 477.03582089552236
gen: 76 best: 447.5 mean: 477.3114427860697
gen: 77 best: 447.5 mean: 475.626368159204
gen: 78 best: 447.5 mean: 476.61144278606963
gen: 79 best: 447.5 mean: 476.1467661691542
gen: 80 best: 447.5 mean: 476.06716417910445
gen: 81 best: 447.5 mean: 474.9452736318408
gen >82, new best = 447.100
gen: 82 best: 447.1 mean: 476.17114427860696
gen >83, new best = 445.400
gen: 83 best: 445.4 mean: 476.06517412935324
gen: 84 best: 445.4 mean: 475.60199004975124
gen: 85 best: 445.4 mean: 474.0696517412935
gen: 86 best: 445.4 mean: 475.12039800995024
gen: 87 best: 445.4 mean: 474.90248756218904
gen: 88 best: 445.4 mean: 474.24427860696517
gen >89, new best = 442.800
gen: 89 best: 442.8 mean: 473.2820895522388
gen: 90 best: 442.8 mean: 475.0507462686567
gen: 91 best: 442.8 mean: 474.3532338308458
gen: 92 best: 442.8 mean: 474.6094527363184
gen: 93 best: 442.8 mean: 474.62885572139305
gen: 94 best: 442.8 mean: 473.0661691542289
gen: 95 best: 442.8 mean: 473.50248756218906
gen: 96 best: 442.8 mean: 472.6761194029851
gen: 97 best: 442.8 mean: 473.047263681592
gen: 98 best: 442.8 mean: 473.56517412935324
gen: 99 best: 442.8 mean: 472.6900497512438
[7, 7, 7, 6, 8, 8, 7, 7, 7, 6, 7, 8, 7, 7, 7, 7, 7, 7, 7, 7, 7, 6, 7, 7, 6, 7, 7, 7, 7, 7, 6, 7, 6, 7, 7, 7, 6, 6, 6, 7, 7, 7, 7, 6, 7, 7, 6, 7, 7, 7]
Test count of edges: 2307
cat
