Defaulting to user installation because normal site-packages is not writeable
Looking in links: /cvmfs/soft.computecanada.ca/custom/python/wheelhouse/gentoo/avx2, /cvmfs/soft.computecanada.ca/custom/python/wheelhouse/gentoo/generic, /cvmfs/soft.computecanada.ca/custom/python/wheelhouse/generic
Requirement already satisfied: graphviz in /home/js17sy/.local/lib/python3.10/site-packages (0.20)
316; python ga.py 5 768N_graph5.dat 0.05 0.02 0.7 0.7 0.3 201 768N_graph5mediumgen2rem70_ 456976
/project/6008788/js17sy/reopenga/768a/ga.py:291: DeprecationWarning: Sampling from a set deprecated
since Python 3.9 and will be removed in a subsequent version.
  child1 = set(random.sample(
gen >0, new best = 481.500
gen >0, new best = 474.600
gen >0, new best = 453.000
gen >0, new best = 444.800
gen >0, new best = 419.700
gen: 0 best: 419.7 mean: 487.518407960199
gen >1, new best = 414.300
gen >1, new best = 401.000
gen: 1 best: 401.0 mean: 482.0626865671642
gen >2, new best = 393.600
gen >2, new best = 368.500
gen: 2 best: 368.5 mean: 472.64925373134326
gen: 3 best: 368.5 mean: 469.789552238806
gen: 4 best: 368.5 mean: 463.90547263681594
gen: 5 best: 368.5 mean: 461.8820895522388
gen: 6 best: 368.5 mean: 460.3313432835821
gen: 7 best: 368.5 mean: 457.5407960199005
gen: 8 best: 368.5 mean: 454.0681592039801
gen: 9 best: 368.5 mean: 449.91144278606964
gen: 10 best: 368.5 mean: 445.59800995024875
gen: 11 best: 368.5 mean: 441.6139303482587
gen: 12 best: 368.5 mean: 438.4
gen >13, new best = 366.900
gen: 13 best: 366.9 mean: 438.4691542288557
gen: 14 best: 366.9 mean: 435.07064676616915
gen: 15 best: 366.9 mean: 436.3442786069652
gen: 16 best: 366.9 mean: 432.3915422885572
gen: 17 best: 366.9 mean: 431.5825870646766
gen >18, new best = 356.700
gen >18, new best = 349.200
gen: 18 best: 349.2 mean: 431.06666666666666
gen: 19 best: 349.2 mean: 427.07611940298506
gen: 20 best: 349.2 mean: 428.1457711442786
gen: 21 best: 349.2 mean: 429.2870646766169
gen: 22 best: 349.2 mean: 424.3179104477612
gen: 23 best: 349.2 mean: 421.4945273631841
gen: 24 best: 349.2 mean: 422.4582089552239
gen: 25 best: 349.2 mean: 420.14228855721393
gen: 26 best: 349.2 mean: 417.8059701492537
gen: 27 best: 349.2 mean: 414.03731343283584
gen: 28 best: 349.2 mean: 418.3955223880597
gen >29, new best = 346.800
gen: 29 best: 346.8 mean: 410.25721393034826
gen: 30 best: 346.8 mean: 415.02636815920397
gen >31, new best = 344.100
gen: 31 best: 344.1 mean: 408.58358208955224
gen: 32 best: 344.1 mean: 409.9034825870647
gen >33, new best = 336.900
gen: 33 best: 336.9 mean: 410.9706467661692
gen: 34 best: 336.9 mean: 407.1169154228856
gen: 35 best: 336.9 mean: 407.8776119402985
gen: 36 best: 336.9 mean: 407.55223880597015
gen >37, new best = 331.100
gen: 37 best: 331.1 mean: 406.6726368159204
gen: 38 best: 331.1 mean: 407.3860696517413
gen: 39 best: 331.1 mean: 405.381592039801
gen: 40 best: 331.1 mean: 402.1641791044776
gen: 41 best: 331.1 mean: 404.05024875621893
gen: 42 best: 331.1 mean: 401.89303482587064
gen: 43 best: 331.1 mean: 404.7452736318408
gen: 44 best: 331.1 mean: 401.93283582089555
gen: 45 best: 331.1 mean: 403.7761194029851
gen: 46 best: 331.1 mean: 398.5601990049751
gen: 47 best: 331.1 mean: 401.281592039801
gen: 48 best: 331.1 mean: 393.381592039801
gen: 49 best: 331.1 mean: 393.83830845771143
gen: 50 best: 331.1 mean: 393.6278606965174
gen: 51 best: 331.1 mean: 394.1009950248756
gen: 52 best: 331.1 mean: 391.3149253731343
gen: 53 best: 331.1 mean: 388.41144278606964
gen: 54 best: 331.1 mean: 386.434328358209
gen: 55 best: 331.1 mean: 389.58706467661693
gen: 56 best: 331.1 mean: 389.6577114427861
gen: 57 best: 331.1 mean: 386.7084577114428
gen >58, new best = 327.500
gen: 58 best: 327.5 mean: 385.84378109452734
gen: 59 best: 327.5 mean: 385.2273631840796
gen >60, new best = 325.700
gen: 60 best: 325.7 mean: 388.1960199004975
gen: 61 best: 325.7 mean: 387.2407960199005
gen: 62 best: 325.7 mean: 383.6611940298508
gen: 63 best: 325.7 mean: 383.54626865671645
gen: 64 best: 325.7 mean: 385.37462686567164
gen: 65 best: 325.7 mean: 386.74427860696517
gen: 66 best: 325.7 mean: 386.91990049751246
gen: 67 best: 325.7 mean: 383.9855721393035
gen: 68 best: 325.7 mean: 386.3203980099502
gen: 69 best: 325.7 mean: 385.24776119402986
gen: 70 best: 325.7 mean: 384.463184079602
gen: 71 best: 325.7 mean: 382.95522388059703
gen: 72 best: 325.7 mean: 382.44278606965173
gen: 73 best: 325.7 mean: 384.4119402985075
gen: 74 best: 325.7 mean: 380.72636815920396
gen: 75 best: 325.7 mean: 383.2054726368159
gen: 76 best: 325.7 mean: 382.31542288557216
gen: 77 best: 325.7 mean: 380.84925373134325
gen: 78 best: 325.7 mean: 378.06716417910445
gen: 79 best: 325.7 mean: 377.9502487562189
gen: 80 best: 325.7 mean: 378.48407960199006
gen: 81 best: 325.7 mean: 378.0845771144279
gen: 82 best: 325.7 mean: 377.9278606965174
gen: 83 best: 325.7 mean: 380.00199004975127
gen: 84 best: 325.7 mean: 378.755223880597
gen: 85 best: 325.7 mean: 375.85223880597016
gen: 86 best: 325.7 mean: 378.373631840796
gen: 87 best: 325.7 mean: 377.8054726368159
gen: 88 best: 325.7 mean: 376.9154228855721
gen: 89 best: 325.7 mean: 377.8845771144279
gen: 90 best: 325.7 mean: 377.9676616915423
gen: 91 best: 325.7 mean: 377.981592039801
gen: 92 best: 325.7 mean: 376.54278606965175
gen: 93 best: 325.7 mean: 376.2467661691542
gen: 94 best: 325.7 mean: 373.97014925373134
gen: 95 best: 325.7 mean: 377.5621890547264
gen: 96 best: 325.7 mean: 375.68059701492535
gen: 97 best: 325.7 mean: 376.934328358209
gen: 98 best: 325.7 mean: 375.83930348258707
gen: 99 best: 325.7 mean: 377.12587064676615
[7, 8, 8, 7, 7, 7, 7, 8, 8, 7, 6, 7, 9, 7, 6, 8, 8, 7, 7, 7, 8, 7, 8, 7, 7, 7, 9, 7, 8, 6, 7, 7, 6, 8, 8, 7, 7, 7, 7, 7, 7, 8, 7, 8, 7, 8, 7, 8, 7, 8]
Test count of edges: 1398
cat
