Defaulting to user installation because normal site-packages is not writeable
Looking in links: /cvmfs/soft.computecanada.ca/custom/python/wheelhouse/gentoo/avx2, /cvmfs/soft.computecanada.ca/custom/python/wheelhouse/gentoo/generic, /cvmfs/soft.computecanada.ca/custom/python/wheelhouse/generic
Requirement already satisfied: graphviz in /home/js17sy/.local/lib/python3.10/site-packages (0.20)
94; python ga.py 5 768N_graph5.dat 0.025 0.01 0.7 0.5 0.5 201 768N_graph5strictgen1rem70_ 114244
/project/6008788/js17sy/reopenga/768a/ga.py:291: DeprecationWarning: Sampling from a set deprecated
since Python 3.9 and will be removed in a subsequent version.
  child1 = set(random.sample(
gen >0, new best = 560.900
gen >0, new best = 508.900
gen >0, new best = 470.500
gen >0, new best = 424.200
gen >0, new best = 398.400
gen: 0 best: 398.4 mean: 499.2587064676617
gen >1, new best = 377.500
gen >1, new best = 374.200
gen: 1 best: 374.2 mean: 490.4268656716418
gen >2, new best = 330.900
gen: 2 best: 330.9 mean: 480.69701492537314
gen: 3 best: 330.9 mean: 478.7542288557214
gen >4, new best = 316.100
gen: 4 best: 316.1 mean: 464.10746268656715
gen: 5 best: 316.1 mean: 453.8313432835821
gen: 6 best: 316.1 mean: 453.13830845771145
gen: 7 best: 316.1 mean: 444.952736318408
gen: 8 best: 316.1 mean: 442.573631840796
gen: 9 best: 316.1 mean: 436.0124378109453
gen: 10 best: 316.1 mean: 435.1502487562189
gen: 11 best: 316.1 mean: 429.4462686567164
gen: 12 best: 316.1 mean: 423.3975124378109
gen: 13 best: 316.1 mean: 425.5218905472637
gen >14, new best = 315.400
gen: 14 best: 315.4 mean: 423.3502487562189
gen: 15 best: 315.4 mean: 423.07910447761196
gen: 16 best: 315.4 mean: 410.50099502487564
gen >17, new best = 307.100
gen >17, new best = 299.800
gen: 17 best: 299.8 mean: 406.7054726368159
gen >18, new best = 273.100
gen: 18 best: 273.1 mean: 401.02636815920397
gen: 19 best: 273.1 mean: 395.6820895522388
gen: 20 best: 273.1 mean: 390.7318407960199
gen: 21 best: 273.1 mean: 391.77363184079604
gen: 22 best: 273.1 mean: 391.17910447761193
gen: 23 best: 273.1 mean: 379.1825870646766
gen: 24 best: 273.1 mean: 379.44378109452737
gen: 25 best: 273.1 mean: 377.39353233830843
gen: 26 best: 273.1 mean: 374.9830845771144
gen: 27 best: 273.1 mean: 374.2467661691542
gen: 28 best: 273.1 mean: 370.47960199004973
gen: 29 best: 273.1 mean: 370.88955223880595
gen: 30 best: 273.1 mean: 362.7039800995025
gen: 31 best: 273.1 mean: 370.5109452736318
gen: 32 best: 273.1 mean: 364.0457711442786
gen: 33 best: 273.1 mean: 369.4363184079602
gen: 34 best: 273.1 mean: 364.63084577114427
gen >35, new best = 261.900
gen: 35 best: 261.9 mean: 359.2497512437811
gen: 36 best: 261.9 mean: 359.5786069651741
gen: 37 best: 261.9 mean: 358.96567164179106
gen: 38 best: 261.9 mean: 359.9950248756219
gen: 39 best: 261.9 mean: 358.15820895522387
gen: 40 best: 261.9 mean: 358.96616915422885
gen: 41 best: 261.9 mean: 352.00646766169154
gen: 42 best: 261.9 mean: 350.4985074626866
gen: 43 best: 261.9 mean: 356.7283582089552
gen: 44 best: 261.9 mean: 350.51940298507463
gen: 45 best: 261.9 mean: 353.6960199004975
gen: 46 best: 261.9 mean: 351.1044776119403
gen: 47 best: 261.9 mean: 349.2532338308458
gen: 48 best: 261.9 mean: 346.5621890547264
gen: 49 best: 261.9 mean: 347.8731343283582
gen: 50 best: 261.9 mean: 344.61293532338306
gen: 51 best: 261.9 mean: 349.30248756218907
gen: 52 best: 261.9 mean: 349.3144278606965
gen: 53 best: 261.9 mean: 342.0134328358209
gen: 54 best: 261.9 mean: 341.2681592039801
gen: 55 best: 261.9 mean: 342.92089552238804
gen: 56 best: 261.9 mean: 342.18358208955226
gen: 57 best: 261.9 mean: 342.3845771144279
gen: 58 best: 261.9 mean: 342.8114427860697
gen >59, new best = 260.500
gen: 59 best: 260.5 mean: 340.7786069651741
gen >60, new best = 253.900
gen: 60 best: 253.9 mean: 339.53432835820894
gen: 61 best: 253.9 mean: 340.01741293532336
gen: 62 best: 253.9 mean: 339.81990049751244
gen: 63 best: 253.9 mean: 340.7407960199005
gen: 64 best: 253.9 mean: 339.192039800995
gen: 65 best: 253.9 mean: 339.7179104477612
gen: 66 best: 253.9 mean: 338.75671641791047
gen: 67 best: 253.9 mean: 338.27562189054726
gen: 68 best: 253.9 mean: 335.4721393034826
gen: 69 best: 253.9 mean: 336.11144278606963
gen: 70 best: 253.9 mean: 340.86169154228855
gen: 71 best: 253.9 mean: 338.10746268656715
gen: 72 best: 253.9 mean: 336.6587064676617
gen: 73 best: 253.9 mean: 339.61144278606963
gen: 74 best: 253.9 mean: 339.5034825870647
gen: 75 best: 253.9 mean: 335.0786069651741
gen: 76 best: 253.9 mean: 335.5875621890547
gen: 77 best: 253.9 mean: 336.7930348258706
gen: 78 best: 253.9 mean: 333.5751243781095
gen: 79 best: 253.9 mean: 335.56666666666666
gen: 80 best: 253.9 mean: 336.7945273631841
gen: 81 best: 253.9 mean: 332.5805970149254
gen: 82 best: 253.9 mean: 335.4860696517413
gen: 83 best: 253.9 mean: 334.0139303482587
gen >84, new best = 252.900
gen: 84 best: 252.9 mean: 333.6189054726368
gen: 85 best: 252.9 mean: 333.1517412935323
gen: 86 best: 252.9 mean: 332.15820895522387
gen: 87 best: 252.9 mean: 329.97860696517415
gen: 88 best: 252.9 mean: 329.4223880597015
gen: 89 best: 252.9 mean: 333.49353233830846
gen: 90 best: 252.9 mean: 334.8373134328358
gen: 91 best: 252.9 mean: 328.355223880597
gen: 92 best: 252.9 mean: 330.68358208955226
gen: 93 best: 252.9 mean: 330.29800995024874
gen: 94 best: 252.9 mean: 331.9706467661691
gen: 95 best: 252.9 mean: 332.0407960199005
gen: 96 best: 252.9 mean: 330.53781094527363
gen: 97 best: 252.9 mean: 328.63432835820896
gen: 98 best: 252.9 mean: 329.5681592039801
gen: 99 best: 252.9 mean: 327.307960199005
[10, 8, 12, 8, 7, 9, 8, 9, 11, 7, 7, 8, 9, 8, 8, 8, 10, 9, 11, 8, 9, 8, 9, 10, 8, 7, 9, 10, 8, 7, 8, 8, 8, 8, 10, 8, 9, 9, 9, 7, 9, 8, 8, 9, 10, 9, 8, 7, 8, 8]
Test count of edges: 1421
cat
