Defaulting to user installation because normal site-packages is not writeable
Looking in links: /cvmfs/soft.computecanada.ca/custom/python/wheelhouse/gentoo/avx2, /cvmfs/soft.computecanada.ca/custom/python/wheelhouse/gentoo/generic, /cvmfs/soft.computecanada.ca/custom/python/wheelhouse/generic
Requirement already satisfied: graphviz in /home/js17sy/.local/lib/python3.10/site-packages (0.20)
93; python ga.py 5 768N_graph5.dat 0.025 0.01 0.7 0.5 0.5 201 768N_graph5strictgen1rem70_ 85683
/project/6008788/js17sy/reopenga/768a/ga.py:291: DeprecationWarning: Sampling from a set deprecated
since Python 3.9 and will be removed in a subsequent version.
  child1 = set(random.sample(
gen >0, new best = 508.200
gen >0, new best = 469.100
gen >0, new best = 453.800
gen >0, new best = 447.700
gen >0, new best = 397.400
gen >0, new best = 365.700
gen >0, new best = 334.100
gen: 0 best: 334.1 mean: 497.1537313432836
gen: 1 best: 334.1 mean: 488.9855721393035
gen: 2 best: 334.1 mean: 483.4577114427861
gen: 3 best: 334.1 mean: 481.1507462686567
gen: 4 best: 334.1 mean: 467.1059701492537
gen >5, new best = 314.100
gen: 5 best: 314.1 mean: 463.3318407960199
gen: 6 best: 314.1 mean: 456.58308457711445
gen: 7 best: 314.1 mean: 452.4218905472637
gen: 8 best: 314.1 mean: 450.3940298507463
gen >9, new best = 297.200
gen: 9 best: 297.2 mean: 446.2955223880597
gen >10, new best = 287.000
gen: 10 best: 287.0 mean: 443.336815920398
gen: 11 best: 287.0 mean: 440.9233830845771
gen: 12 best: 287.0 mean: 437.69900497512435
gen: 13 best: 287.0 mean: 434.24228855721395
gen: 14 best: 287.0 mean: 430.3592039800995
gen: 15 best: 287.0 mean: 426.8452736318408
gen: 16 best: 287.0 mean: 419.67512437810944
gen: 17 best: 287.0 mean: 422.34278606965177
gen: 18 best: 287.0 mean: 415.56865671641793
gen: 19 best: 287.0 mean: 412.363184079602
gen: 20 best: 287.0 mean: 410.30248756218907
gen: 21 best: 287.0 mean: 407.4502487562189
gen: 22 best: 287.0 mean: 402.46268656716416
gen >23, new best = 286.800
gen: 23 best: 286.8 mean: 397.3726368159204
gen: 24 best: 286.8 mean: 395.09452736318406
gen: 25 best: 286.8 mean: 391.91144278606964
gen: 26 best: 286.8 mean: 397.56119402985075
gen >27, new best = 279.700
gen: 27 best: 279.7 mean: 392.54825870646766
gen: 28 best: 279.7 mean: 392.36915422885573
gen: 29 best: 279.7 mean: 392.6482587064677
gen: 30 best: 279.7 mean: 395.452736318408
gen: 31 best: 279.7 mean: 392.0054726368159
gen: 32 best: 279.7 mean: 384.5915422885572
gen: 33 best: 279.7 mean: 387.426368159204
gen: 34 best: 279.7 mean: 384.93532338308455
gen: 35 best: 279.7 mean: 378.3238805970149
gen: 36 best: 279.7 mean: 377.61144278606963
gen: 37 best: 279.7 mean: 380.8646766169154
gen: 38 best: 279.7 mean: 377.30099502487565
gen: 39 best: 279.7 mean: 374.1044776119403
gen: 40 best: 279.7 mean: 374.07064676616915
gen: 41 best: 279.7 mean: 376.3089552238806
gen >42, new best = 275.500
gen: 42 best: 275.5 mean: 373.1796019900498
gen: 43 best: 275.5 mean: 369.1313432835821
gen: 44 best: 275.5 mean: 368.74477611940296
gen: 45 best: 275.5 mean: 367.4049751243781
gen: 46 best: 275.5 mean: 370.881592039801
gen: 47 best: 275.5 mean: 369.3099502487562
gen: 48 best: 275.5 mean: 366.3492537313433
gen: 49 best: 275.5 mean: 370.0308457711443
gen: 50 best: 275.5 mean: 366.18805970149253
gen: 51 best: 275.5 mean: 361.98805970149255
gen: 52 best: 275.5 mean: 360.95671641791046
gen: 53 best: 275.5 mean: 360.28507462686565
gen: 54 best: 275.5 mean: 358.7308457711443
gen: 55 best: 275.5 mean: 360.0676616915423
gen: 56 best: 275.5 mean: 359.7532338308458
gen: 57 best: 275.5 mean: 361.78308457711444
gen: 58 best: 275.5 mean: 358.01044776119403
gen: 59 best: 275.5 mean: 356.84726368159204
gen: 60 best: 275.5 mean: 359.3626865671642
gen: 61 best: 275.5 mean: 355.1995024875622
gen: 62 best: 275.5 mean: 356.6412935323383
gen: 63 best: 275.5 mean: 358.381592039801
gen: 64 best: 275.5 mean: 352.1830845771144
gen: 65 best: 275.5 mean: 353.55273631840794
gen: 66 best: 275.5 mean: 351.3144278606965
gen: 67 best: 275.5 mean: 349.0189054726368
gen >68, new best = 271.700
gen: 68 best: 271.7 mean: 352.5950248756219
gen: 69 best: 271.7 mean: 349.0218905472637
gen: 70 best: 271.7 mean: 350.63880597014924
gen: 71 best: 271.7 mean: 351.6059701492537
gen: 72 best: 271.7 mean: 351.06467661691545
gen: 73 best: 271.7 mean: 349.281592039801
gen: 74 best: 271.7 mean: 348.7054726368159
gen: 75 best: 271.7 mean: 351.2194029850746
gen: 76 best: 271.7 mean: 353.39452736318407
gen >77, new best = 270.800
gen: 77 best: 270.8 mean: 350.1955223880597
gen: 78 best: 270.8 mean: 349.82935323383083
gen: 79 best: 270.8 mean: 347.7805970149254
gen: 80 best: 270.8 mean: 348.36119402985076
gen: 81 best: 270.8 mean: 348.54875621890545
gen: 82 best: 270.8 mean: 347.4218905472637
gen: 83 best: 270.8 mean: 350.57910447761196
gen >84, new best = 263.100
gen: 84 best: 263.1 mean: 347.83930348258707
gen: 85 best: 263.1 mean: 348.5383084577114
gen: 86 best: 263.1 mean: 346.4407960199005
gen: 87 best: 263.1 mean: 344.27562189054726
gen: 88 best: 263.1 mean: 348.0328358208955
gen: 89 best: 263.1 mean: 345.4875621890547
gen >90, new best = 252.500
gen: 90 best: 252.5 mean: 342.62139303482587
gen: 91 best: 252.5 mean: 346.21890547263683
gen: 92 best: 252.5 mean: 342.11442786069654
gen: 93 best: 252.5 mean: 342.23333333333335
gen: 94 best: 252.5 mean: 340.5144278606965
gen: 95 best: 252.5 mean: 344.49402985074624
gen: 96 best: 252.5 mean: 341.60348258706466
gen: 97 best: 252.5 mean: 345.75174129353235
gen: 98 best: 252.5 mean: 342.7034825870647
gen: 99 best: 252.5 mean: 344.8114427860697
[7, 7, 8, 10, 8, 9, 11, 12, 9, 9, 11, 10, 9, 8, 8, 10, 8, 8, 8, 8, 9, 9, 10, 8, 9, 8, 11, 7, 10, 9, 8, 11, 8, 10, 7, 8, 11, 9, 8, 9, 8, 9, 9, 7, 7, 9, 8, 8]
Test count of edges: 1425
cat
