Defaulting to user installation because normal site-packages is not writeable
Looking in links: /cvmfs/soft.computecanada.ca/custom/python/wheelhouse/gentoo/avx2, /cvmfs/soft.computecanada.ca/custom/python/wheelhouse/gentoo/generic, /cvmfs/soft.computecanada.ca/custom/python/wheelhouse/generic
Requirement already satisfied: graphviz in /home/js17sy/.local/lib/python3.10/site-packages (0.20)
358; python ga.py 5 768N_graph5.dat 0.05 0.02 0.7 0.9 0.1 201 768N_graph5mediumgen3rem70_ 799708
/project/6008788/js17sy/reopenga/768a/ga.py:291: DeprecationWarning: Sampling from a set deprecated
since Python 3.9 and will be removed in a subsequent version.
  child1 = set(random.sample(
gen >0, new best = 466.400
gen >0, new best = 454.100
gen >0, new best = 449.700
gen >0, new best = 441.100
gen >0, new best = 437.000
gen >0, new best = 426.500
gen >0, new best = 402.800
gen: 0 best: 402.8 mean: 483.644776119403
gen: 1 best: 402.8 mean: 482.50845771144276
gen >2, new best = 402.200
gen: 2 best: 402.2 mean: 474.92985074626864
gen >3, new best = 392.100
gen: 3 best: 392.1 mean: 471.72487562189053
gen >4, new best = 391.500
gen >4, new best = 388.100
gen: 4 best: 388.1 mean: 468.63880597014924
gen >5, new best = 370.100
gen: 5 best: 370.1 mean: 463.56119402985075
gen: 6 best: 370.1 mean: 463.0547263681592
gen: 7 best: 370.1 mean: 465.03383084577115
gen: 8 best: 370.1 mean: 456.16069651741293
gen: 9 best: 370.1 mean: 448.7835820895522
gen: 10 best: 370.1 mean: 446.3422885572139
gen: 11 best: 370.1 mean: 445.6940298507463
gen: 12 best: 370.1 mean: 440.6865671641791
gen: 13 best: 370.1 mean: 441.73532338308456
gen: 14 best: 370.1 mean: 436.181592039801
gen: 15 best: 370.1 mean: 433.42039800995025
gen >16, new best = 365.500
gen: 16 best: 365.5 mean: 433.844776119403
gen: 17 best: 365.5 mean: 428.99800995024873
gen: 18 best: 365.5 mean: 431.5039800995025
gen: 19 best: 365.5 mean: 422.70298507462684
gen >20, new best = 353.800
gen: 20 best: 353.8 mean: 423.844776119403
gen: 21 best: 353.8 mean: 430.4651741293532
gen: 22 best: 353.8 mean: 423.5442786069652
gen: 23 best: 353.8 mean: 417.9213930348259
gen >24, new best = 352.800
gen: 24 best: 352.8 mean: 415.307960199005
gen >25, new best = 350.000
gen: 25 best: 350.0 mean: 416.2875621890547
gen >26, new best = 349.300
gen: 26 best: 349.3 mean: 410.8606965174129
gen: 27 best: 349.3 mean: 413.8756218905473
gen: 28 best: 349.3 mean: 411.79751243781095
gen: 29 best: 349.3 mean: 411.1885572139303
gen: 30 best: 349.3 mean: 406.03781094527363
gen: 31 best: 349.3 mean: 405.64029850746266
gen >32, new best = 339.200
gen: 32 best: 339.2 mean: 404.58706467661693
gen: 33 best: 339.2 mean: 402.9432835820896
gen >34, new best = 336.100
gen: 34 best: 336.1 mean: 403.1009950248756
gen: 35 best: 336.1 mean: 402.6323383084577
gen: 36 best: 336.1 mean: 403.10149253731345
gen: 37 best: 336.1 mean: 401.92089552238804
gen: 38 best: 336.1 mean: 399.0179104477612
gen: 39 best: 336.1 mean: 397.67164179104475
gen: 40 best: 336.1 mean: 397.74626865671644
gen: 41 best: 336.1 mean: 396.3019900497512
gen >42, new best = 333.400
gen: 42 best: 333.4 mean: 395.692039800995
gen >43, new best = 333.300
gen: 43 best: 333.3 mean: 393.86716417910446
gen: 44 best: 333.3 mean: 395.21343283582087
gen: 45 best: 333.3 mean: 393.66517412935326
gen: 46 best: 333.3 mean: 393.3243781094527
gen: 47 best: 333.3 mean: 388.5636815920398
gen: 48 best: 333.3 mean: 390.37611940298507
gen >49, new best = 332.800
gen: 49 best: 332.8 mean: 389.70796019900496
gen: 50 best: 332.8 mean: 389.4432835820896
gen: 51 best: 332.8 mean: 389.4830845771144
gen >52, new best = 331.400
gen: 52 best: 331.4 mean: 390.74328358208953
gen: 53 best: 331.4 mean: 388.2
gen: 54 best: 331.4 mean: 386.8139303482587
gen: 55 best: 331.4 mean: 388.09850746268654
gen: 56 best: 331.4 mean: 388.0164179104478
gen >57, new best = 327.800
gen: 57 best: 327.8 mean: 386.0766169154229
gen: 58 best: 327.8 mean: 385.7213930348259
gen: 59 best: 327.8 mean: 388.42587064676616
gen: 60 best: 327.8 mean: 384.53930348258706
gen: 61 best: 327.8 mean: 386.7671641791045
gen: 62 best: 327.8 mean: 385.7144278606965
gen >63, new best = 326.300
gen: 63 best: 326.3 mean: 383.50995024875624
gen: 64 best: 326.3 mean: 388.5124378109453
gen: 65 best: 326.3 mean: 384.02985074626866
gen: 66 best: 326.3 mean: 384.17661691542287
gen: 67 best: 326.3 mean: 384.59850746268654
gen: 68 best: 326.3 mean: 385.3059701492537
gen: 69 best: 326.3 mean: 384.9537313432836
gen: 70 best: 326.3 mean: 382.7781094527363
gen: 71 best: 326.3 mean: 386.7492537313433
gen: 72 best: 326.3 mean: 383.58308457711445
gen: 73 best: 326.3 mean: 382.42985074626864
gen: 74 best: 326.3 mean: 383.54129353233833
gen: 75 best: 326.3 mean: 381.93283582089555
gen: 76 best: 326.3 mean: 382.2840796019901
gen: 77 best: 326.3 mean: 382.9865671641791
gen: 78 best: 326.3 mean: 380.88955223880595
gen: 79 best: 326.3 mean: 379.69253731343287
gen: 80 best: 326.3 mean: 382.6955223880597
gen: 81 best: 326.3 mean: 380.30646766169156
gen: 82 best: 326.3 mean: 383.0805970149254
gen >83, new best = 325.600
gen: 83 best: 325.6 mean: 380.77960199004974
gen: 84 best: 325.6 mean: 384.7124378109453
gen: 85 best: 325.6 mean: 379.60746268656715
gen: 86 best: 325.6 mean: 379.6099502487562
gen: 87 best: 325.6 mean: 381.66218905472635
gen: 88 best: 325.6 mean: 379.61442786069654
gen >89, new best = 320.600
gen: 89 best: 320.6 mean: 380.80248756218907
gen: 90 best: 320.6 mean: 381.60646766169157
gen: 91 best: 320.6 mean: 380.3960199004975
gen: 92 best: 320.6 mean: 382.1517412935323
gen: 93 best: 320.6 mean: 381.5935323383085
gen: 94 best: 320.6 mean: 378.55721393034827
gen: 95 best: 320.6 mean: 377.93134328358207
gen: 96 best: 320.6 mean: 379.86517412935325
gen: 97 best: 320.6 mean: 376.6597014925373
gen: 98 best: 320.6 mean: 378.94378109452737
gen: 99 best: 320.6 mean: 378.90696517412937
[9, 6, 7, 6, 7, 8, 8, 7, 7, 8, 3, 5, 8, 7, 7, 7, 7, 8, 8, 6, 8, 6, 6, 7, 7, 7, 3, 7, 8, 7, 7, 7, 7, 8, 7, 8, 6, 6, 9, 9, 7, 7, 9, 7, 7, 8, 6, 8, 8, 6]
Test count of edges: 1390
cat
