Defaulting to user installation because normal site-packages is not writeable
Looking in links: /cvmfs/soft.computecanada.ca/custom/python/wheelhouse/gentoo/avx2, /cvmfs/soft.computecanada.ca/custom/python/wheelhouse/gentoo/generic, /cvmfs/soft.computecanada.ca/custom/python/wheelhouse/generic
Requirement already satisfied: graphviz in /home/js17sy/.local/lib/python3.10/site-packages (0.20)
181; python ga.py 5 768N_graph5.dat 0.05 0.02 0.5 0.5 0.5 201 768N_graph5mediumgen1rem50_ 28561
/project/6008788/js17sy/reopenga/768a/ga.py:291: DeprecationWarning: Sampling from a set deprecated
since Python 3.9 and will be removed in a subsequent version.
  child1 = set(random.sample(
gen >0, new best = 478.200
gen >0, new best = 471.100
gen >0, new best = 467.000
gen >0, new best = 465.300
gen: 0 best: 465.3 mean: 486.39776119402984
gen: 1 best: 465.3 mean: 484.7467661691542
gen >2, new best = 461.900
gen: 2 best: 461.9 mean: 484.78905472636814
gen >3, new best = 459.500
gen: 3 best: 459.5 mean: 483.3462686567164
gen: 4 best: 459.5 mean: 482.9522388059701
gen: 5 best: 459.5 mean: 484.16965174129353
gen >6, new best = 455.600
gen: 6 best: 455.6 mean: 480.90597014925373
gen >7, new best = 454.100
gen: 7 best: 454.1 mean: 480.57960199004975
gen >8, new best = 453.900
gen: 8 best: 453.9 mean: 481.23532338308456
gen: 9 best: 453.9 mean: 480.7681592039801
gen >10, new best = 453.000
gen: 10 best: 453.0 mean: 479.8134328358209
gen: 11 best: 453.0 mean: 480.10746268656715
gen: 12 best: 453.0 mean: 479.37462686567164
gen >13, new best = 449.200
gen: 13 best: 449.2 mean: 478.48059701492537
gen: 14 best: 449.2 mean: 478.6243781094527
gen: 15 best: 449.2 mean: 477.752736318408
gen >16, new best = 445.700
gen: 16 best: 445.7 mean: 475.8995024875622
gen: 17 best: 445.7 mean: 476.13084577114427
gen: 18 best: 445.7 mean: 475.32537313432834
gen >19, new best = 441.200
gen: 19 best: 441.2 mean: 474.97363184079603
gen: 20 best: 441.2 mean: 474.9124378109453
gen: 21 best: 441.2 mean: 472.1303482587065
gen: 22 best: 441.2 mean: 471.8537313432836
gen: 23 best: 441.2 mean: 472.8407960199005
gen: 24 best: 441.2 mean: 471.3054726368159
gen: 25 best: 441.2 mean: 471.66019900497514
gen: 26 best: 441.2 mean: 470.12039800995024
gen: 27 best: 441.2 mean: 469.89800995024876
gen: 28 best: 441.2 mean: 469.8731343283582
gen: 29 best: 441.2 mean: 470.247263681592
gen: 30 best: 441.2 mean: 469.35074626865674
gen: 31 best: 441.2 mean: 468.3019900497512
gen: 32 best: 441.2 mean: 468.8666666666667
gen: 33 best: 441.2 mean: 468.8517412935323
gen: 34 best: 441.2 mean: 467.72636815920396
gen: 35 best: 441.2 mean: 467.1407960199005
gen: 36 best: 441.2 mean: 466.0731343283582
gen: 37 best: 441.2 mean: 466.3149253731343
gen: 38 best: 441.2 mean: 465.52288557213933
gen: 39 best: 441.2 mean: 464.8512437810945
gen >40, new best = 440.300
gen >40, new best = 438.300
gen: 40 best: 438.3 mean: 465.45174129353234
gen >41, new best = 432.200
gen: 41 best: 432.2 mean: 464.72985074626865
gen: 42 best: 432.2 mean: 464.40746268656716
gen: 43 best: 432.2 mean: 464.8537313432836
gen: 44 best: 432.2 mean: 464.7238805970149
gen: 45 best: 432.2 mean: 464.589552238806
gen: 46 best: 432.2 mean: 463.2641791044776
gen: 47 best: 432.2 mean: 464.18805970149253
gen: 48 best: 432.2 mean: 463.4761194029851
gen: 49 best: 432.2 mean: 464.68457711442784
gen: 50 best: 432.2 mean: 462.87860696517413
gen: 51 best: 432.2 mean: 463.1611940298507
gen >52, new best = 431.500
gen: 52 best: 431.5 mean: 462.05771144278606
gen: 53 best: 431.5 mean: 463.2507462686567
gen: 54 best: 431.5 mean: 463.0462686567164
gen: 55 best: 431.5 mean: 463.0860696517413
gen: 56 best: 431.5 mean: 461.9248756218905
gen: 57 best: 431.5 mean: 462.40597014925373
gen: 58 best: 431.5 mean: 461.83432835820895
gen: 59 best: 431.5 mean: 462.6134328358209
gen: 60 best: 431.5 mean: 461.6169154228856
gen: 61 best: 431.5 mean: 461.87014925373137
gen: 62 best: 431.5 mean: 460.963184079602
gen: 63 best: 431.5 mean: 461.40746268656716
gen: 64 best: 431.5 mean: 460.78905472636814
gen: 65 best: 431.5 mean: 461.3731343283582
gen: 66 best: 431.5 mean: 459.94378109452737
gen: 67 best: 431.5 mean: 462.74228855721395
gen: 68 best: 431.5 mean: 461.6039800995025
gen: 69 best: 431.5 mean: 460.5
gen >70, new best = 431.000
gen: 70 best: 431.0 mean: 460.7348258706468
gen: 71 best: 431.0 mean: 460.4044776119403
gen: 72 best: 431.0 mean: 460.31990049751244
gen >73, new best = 430.300
gen: 73 best: 430.3 mean: 460.1358208955224
gen: 74 best: 430.3 mean: 461.52139303482585
gen: 75 best: 430.3 mean: 460.4358208955224
gen: 76 best: 430.3 mean: 460.25671641791047
gen: 77 best: 430.3 mean: 460.5691542288557
gen: 78 best: 430.3 mean: 459.8074626865672
gen: 79 best: 430.3 mean: 461.0124378109453
gen: 80 best: 430.3 mean: 461.40199004975125
gen: 81 best: 430.3 mean: 460.5313432835821
gen: 82 best: 430.3 mean: 460.8223880597015
gen: 83 best: 430.3 mean: 459.8666666666667
gen: 84 best: 430.3 mean: 460.13980099502487
gen: 85 best: 430.3 mean: 460.336815920398
gen >86, new best = 427.300
gen: 86 best: 427.3 mean: 459.3860696517413
gen: 87 best: 427.3 mean: 460.43482587064676
gen: 88 best: 427.3 mean: 459.11144278606963
gen: 89 best: 427.3 mean: 457.9925373134328
gen: 90 best: 427.3 mean: 459.4223880597015
gen: 91 best: 427.3 mean: 461.23830845771147
gen: 92 best: 427.3 mean: 459.7044776119403
gen: 93 best: 427.3 mean: 459.434328358209
gen: 94 best: 427.3 mean: 460.34328358208955
gen: 95 best: 427.3 mean: 458.9248756218905
gen: 96 best: 427.3 mean: 459.75671641791047
gen: 97 best: 427.3 mean: 459.11442786069654
gen: 98 best: 427.3 mean: 458.7492537313433
gen: 99 best: 427.3 mean: 459.08308457711445
[9, 9, 8, 9, 9, 8, 8, 9, 8, 8, 8, 7, 8, 8, 10, 8, 7, 7, 8, 9, 7, 8, 8, 7, 8, 8, 8, 8, 8, 7, 8, 8, 8, 8, 8, 8, 7, 9, 8, 8, 7, 8, 8, 8, 8, 7, 8, 8, 9, 8]
Test count of edges: 2337
cat
