Defaulting to user installation because normal site-packages is not writeable
Looking in links: /cvmfs/soft.computecanada.ca/custom/python/wheelhouse/gentoo/avx2, /cvmfs/soft.computecanada.ca/custom/python/wheelhouse/gentoo/generic, /cvmfs/soft.computecanada.ca/custom/python/wheelhouse/generic
Requirement already satisfied: graphviz in /home/js17sy/.local/lib/python3.10/site-packages (0.20)
420; python ga.py 5 768N_graph5.dat 0.075 0.03 0.5 0.7 0.3 201 768N_graph5laxgen2rem50_ 856830
/project/6008788/js17sy/reopenga/768a/ga.py:291: DeprecationWarning: Sampling from a set deprecated
since Python 3.9 and will be removed in a subsequent version.
  child1 = set(random.sample(
gen >0, new best = 495.900
gen >0, new best = 494.900
gen >0, new best = 493.000
gen >0, new best = 489.000
gen >0, new best = 485.300
gen >0, new best = 479.000
gen: 0 best: 479.0 mean: 503.6365671641791
gen: 1 best: 479.0 mean: 503.4557213930348
gen: 2 best: 479.0 mean: 502.7233830845771
gen: 3 best: 479.0 mean: 500.85621890547264
gen >4, new best = 475.400
gen: 4 best: 475.4 mean: 499.03731343283584
gen >5, new best = 475.000
gen: 5 best: 475.0 mean: 497.94228855721394
gen: 6 best: 475.0 mean: 496.60199004975124
gen >7, new best = 473.900
gen: 7 best: 473.9 mean: 495.9
gen >8, new best = 472.700
gen: 8 best: 472.7 mean: 495.4582089552239
gen >9, new best = 472.300
gen: 9 best: 472.3 mean: 494.0477611940299
gen >10, new best = 471.400
gen: 10 best: 471.4 mean: 493.8970149253731
gen: 11 best: 471.4 mean: 493.62587064676615
gen >12, new best = 470.500
gen >12, new best = 467.200
gen: 12 best: 467.2 mean: 491.99154228855724
gen: 13 best: 467.2 mean: 490.22039800995026
gen: 14 best: 467.2 mean: 490.1154228855721
gen >15, new best = 465.000
gen: 15 best: 465.0 mean: 489.2870646766169
gen: 16 best: 465.0 mean: 488.5233830845771
gen >17, new best = 462.000
gen: 17 best: 462.0 mean: 487.44726368159206
gen >18, new best = 455.700
gen: 18 best: 455.7 mean: 485.5875621890547
gen: 19 best: 455.7 mean: 483.35621890547264
gen >20, new best = 454.400
gen: 20 best: 454.4 mean: 484.2223880597015
gen: 21 best: 454.4 mean: 483.51542288557215
gen: 22 best: 454.4 mean: 483.0258706467662
gen: 23 best: 454.4 mean: 482.0965174129353
gen: 24 best: 454.4 mean: 481.1169154228856
gen: 25 best: 454.4 mean: 481.1796019900498
gen: 26 best: 454.4 mean: 480.45870646766167
gen: 27 best: 454.4 mean: 479.08507462686566
gen >28, new best = 452.500
gen: 28 best: 452.5 mean: 480.47960199004973
gen: 29 best: 452.5 mean: 479.0676616915423
gen >30, new best = 450.900
gen: 30 best: 450.9 mean: 477.71194029850744
gen: 31 best: 450.9 mean: 476.2084577114428
gen >32, new best = 447.000
gen: 32 best: 447.0 mean: 475.6223880597015
gen: 33 best: 447.0 mean: 474.7029850746269
gen: 34 best: 447.0 mean: 474.4338308457711
gen: 35 best: 447.0 mean: 473.37810945273634
gen: 36 best: 447.0 mean: 471.7855721393035
gen >37, new best = 445.900
gen: 37 best: 445.9 mean: 471.4860696517413
gen >38, new best = 444.900
gen: 38 best: 444.9 mean: 471.07114427860694
gen: 39 best: 444.9 mean: 471.0820895522388
gen: 40 best: 444.9 mean: 471.21094527363186
gen: 41 best: 444.9 mean: 470.8144278606965
gen >42, new best = 444.000
gen >42, new best = 443.800
gen: 42 best: 443.8 mean: 469.57014925373136
gen: 43 best: 443.8 mean: 470.31940298507465
gen: 44 best: 443.8 mean: 469.3646766169154
gen: 45 best: 443.8 mean: 467.9691542288557
gen >46, new best = 441.300
gen: 46 best: 441.3 mean: 468.0910447761194
gen: 47 best: 441.3 mean: 467.0731343283582
gen: 48 best: 441.3 mean: 466.8905472636816
gen: 49 best: 441.3 mean: 466.1278606965174
gen: 50 best: 441.3 mean: 465.9636815920398
gen: 51 best: 441.3 mean: 465.21194029850744
gen: 52 best: 441.3 mean: 464.9810945273632
gen: 53 best: 441.3 mean: 464.68059701492535
gen >54, new best = 439.800
gen: 54 best: 439.8 mean: 463.3298507462687
gen: 55 best: 439.8 mean: 464.3099502487562
gen: 56 best: 439.8 mean: 463.5970149253731
gen: 57 best: 439.8 mean: 464.102487562189
gen >58, new best = 438.800
gen >58, new best = 437.600
gen: 58 best: 437.6 mean: 462.7965174129353
gen: 59 best: 437.6 mean: 462.5900497512438
gen: 60 best: 437.6 mean: 462.46218905472637
gen: 61 best: 437.6 mean: 460.94029850746267
gen: 62 best: 437.6 mean: 460.4915422885572
gen >63, new best = 436.200
gen: 63 best: 436.2 mean: 459.47462686567167
gen: 64 best: 436.2 mean: 460.0348258706468
gen: 65 best: 436.2 mean: 460.3004975124378
gen: 66 best: 436.2 mean: 459.66517412935326
gen >67, new best = 431.400
gen: 67 best: 431.4 mean: 458.6557213930348
gen: 68 best: 431.4 mean: 459.6577114427861
gen: 69 best: 431.4 mean: 458.4417910447761
gen: 70 best: 431.4 mean: 458.9850746268657
gen: 71 best: 431.4 mean: 458.08507462686566
gen: 72 best: 431.4 mean: 458.11144278606963
gen >73, new best = 429.500
gen: 73 best: 429.5 mean: 457.2825870646766
gen: 74 best: 429.5 mean: 455.71094527363186
gen: 75 best: 429.5 mean: 458.2139303482587
gen: 76 best: 429.5 mean: 456.51194029850745
gen: 77 best: 429.5 mean: 455.952736318408
gen: 78 best: 429.5 mean: 455.6701492537313
gen: 79 best: 429.5 mean: 455.6995024875622
gen: 80 best: 429.5 mean: 455.45522388059703
gen: 81 best: 429.5 mean: 456.21542288557214
gen: 82 best: 429.5 mean: 454.4592039800995
gen: 83 best: 429.5 mean: 454.9706467661692
gen: 84 best: 429.5 mean: 454.4223880597015
gen: 85 best: 429.5 mean: 453.9492537313433
gen: 86 best: 429.5 mean: 454.38009950248755
gen: 87 best: 429.5 mean: 453.7313432835821
gen: 88 best: 429.5 mean: 453.5865671641791
gen >89, new best = 426.100
gen: 89 best: 426.1 mean: 452.2174129353234
gen: 90 best: 426.1 mean: 453.72437810945274
gen >91, new best = 422.000
gen: 91 best: 422.0 mean: 452.91990049751246
gen: 92 best: 422.0 mean: 452.65273631840796
gen: 93 best: 422.0 mean: 452.3328358208955
gen: 94 best: 422.0 mean: 453.52985074626866
gen: 95 best: 422.0 mean: 454.0601990049751
gen: 96 best: 422.0 mean: 452.28905472636814
gen: 97 best: 422.0 mean: 452.5786069651741
gen: 98 best: 422.0 mean: 451.7273631840796
gen: 99 best: 422.0 mean: 452.07910447761196
[8, 7, 8, 8, 7, 7, 7, 7, 7, 7, 7, 8, 8, 8, 8, 7, 8, 6, 8, 7, 7, 7, 7, 7, 7, 7, 7, 7, 7, 8, 8, 7, 6, 8, 9, 7, 7, 8, 8, 7, 7, 8, 7, 6, 7, 8, 6, 6, 7, 7]
Test count of edges: 2324
cat
