Defaulting to user installation because normal site-packages is not writeable
Looking in links: /cvmfs/soft.computecanada.ca/custom/python/wheelhouse/gentoo/avx2, /cvmfs/soft.computecanada.ca/custom/python/wheelhouse/gentoo/generic, /cvmfs/soft.computecanada.ca/custom/python/wheelhouse/generic
Requirement already satisfied: graphviz in /home/js17sy/.local/lib/python3.10/site-packages (0.20)
607; python ga.py 5 768N_graph5.dat 0.1 0.04 0.5 0.9 0.1 201 768N_graph5leerygen3rem50_ 199927
/project/6008788/js17sy/reopenga/768a/ga.py:291: DeprecationWarning: Sampling from a set deprecated
since Python 3.9 and will be removed in a subsequent version.
  child1 = set(random.sample(
gen >0, new best = 504.900
gen >0, new best = 497.300
gen >0, new best = 492.700
gen: 0 best: 492.7 mean: 516.847263681592
gen: 1 best: 492.7 mean: 516.165671641791
gen >2, new best = 492.500
gen: 2 best: 492.5 mean: 514.5313432835821
gen: 3 best: 492.5 mean: 512.9696517412935
gen >4, new best = 490.400
gen >4, new best = 488.000
gen: 4 best: 488.0 mean: 514.21592039801
gen: 5 best: 488.0 mean: 513.8019900497512
gen >6, new best = 481.800
gen: 6 best: 481.8 mean: 512.6487562189054
gen: 7 best: 481.8 mean: 510.5049751243781
gen: 8 best: 481.8 mean: 510.8825870646766
gen >9, new best = 481.400
gen: 9 best: 481.4 mean: 509.6268656716418
gen: 10 best: 481.4 mean: 510.0437810945274
gen >11, new best = 480.500
gen: 11 best: 480.5 mean: 509.2497512437811
gen: 12 best: 480.5 mean: 508.481592039801
gen: 13 best: 480.5 mean: 508.69850746268656
gen: 14 best: 480.5 mean: 506.5417910447761
gen >15, new best = 480.100
gen >15, new best = 479.700
gen >15, new best = 478.200
gen: 15 best: 478.2 mean: 506.5258706467662
gen: 16 best: 478.2 mean: 506.1597014925373
gen >17, new best = 474.200
gen: 17 best: 474.2 mean: 504.0129353233831
gen: 18 best: 474.2 mean: 505.27412935323383
gen: 19 best: 474.2 mean: 504.31791044776116
gen: 20 best: 474.2 mean: 504.0845771144279
gen: 21 best: 474.2 mean: 502.102487562189
gen: 22 best: 474.2 mean: 501.62537313432836
gen: 23 best: 474.2 mean: 501.6671641791045
gen: 24 best: 474.2 mean: 499.2417910447761
gen: 25 best: 474.2 mean: 500.5139303482587
gen: 26 best: 474.2 mean: 500.03034825870645
gen: 27 best: 474.2 mean: 499.9462686567164
gen: 28 best: 474.2 mean: 499.5636815920398
gen >29, new best = 470.900
gen: 29 best: 470.9 mean: 497.67114427860696
gen: 30 best: 470.9 mean: 498.4577114427861
gen: 31 best: 470.9 mean: 497.49751243781094
gen >32, new best = 466.600
gen: 32 best: 466.6 mean: 495.3149253731343
gen: 33 best: 466.6 mean: 496.2144278606965
gen: 34 best: 466.6 mean: 495.6592039800995
gen: 35 best: 466.6 mean: 496.27412935323383
gen >36, new best = 454.700
gen: 36 best: 454.7 mean: 494.32686567164177
gen: 37 best: 454.7 mean: 495.1820895522388
gen: 38 best: 454.7 mean: 494.55273631840794
gen: 39 best: 454.7 mean: 494.3089552238806
gen: 40 best: 454.7 mean: 493.88855721393037
gen: 41 best: 454.7 mean: 492.6223880597015
gen: 42 best: 454.7 mean: 491.67462686567166
gen: 43 best: 454.7 mean: 492.2313432835821
gen: 44 best: 454.7 mean: 489.8218905472637
gen: 45 best: 454.7 mean: 489.7378109452736
gen: 46 best: 454.7 mean: 489.22487562189053
gen: 47 best: 454.7 mean: 488.99353233830846
gen: 48 best: 454.7 mean: 488.76069651741295
gen: 49 best: 454.7 mean: 488.8129353233831
gen: 50 best: 454.7 mean: 487.10547263681593
gen >51, new best = 453.700
gen: 51 best: 453.7 mean: 486.31243781094526
gen: 52 best: 453.7 mean: 486.3791044776119
gen: 53 best: 453.7 mean: 486.3592039800995
gen: 54 best: 453.7 mean: 486.53432835820894
gen: 55 best: 453.7 mean: 485.9432835820896
gen >56, new best = 445.400
gen: 56 best: 445.4 mean: 484.14925373134326
gen: 57 best: 445.4 mean: 484.69253731343287
gen: 58 best: 445.4 mean: 484.9407960199005
gen: 59 best: 445.4 mean: 484.80149253731344
gen: 60 best: 445.4 mean: 484.24825870646765
gen: 61 best: 445.4 mean: 484.79203980099504
gen: 62 best: 445.4 mean: 483.244776119403
gen: 63 best: 445.4 mean: 484.2363184079602
gen: 64 best: 445.4 mean: 483.5805970149254
gen: 65 best: 445.4 mean: 483.089552238806
gen: 66 best: 445.4 mean: 483.7223880597015
gen: 67 best: 445.4 mean: 482.82089552238807
gen: 68 best: 445.4 mean: 482.5014925373134
gen: 69 best: 445.4 mean: 483.1457711442786
gen: 70 best: 445.4 mean: 482.6721393034826
gen: 71 best: 445.4 mean: 481.4412935323383
gen: 72 best: 445.4 mean: 482.2
gen: 73 best: 445.4 mean: 481.63980099502487
gen: 74 best: 445.4 mean: 480.9189054726368
gen: 75 best: 445.4 mean: 480.16567164179105
gen: 76 best: 445.4 mean: 480.8766169154229
gen: 77 best: 445.4 mean: 480.96417910447764
gen: 78 best: 445.4 mean: 481.3328358208955
gen: 79 best: 445.4 mean: 481.05223880597015
gen: 80 best: 445.4 mean: 480.6228855721393
gen: 81 best: 445.4 mean: 480.0716417910448
gen: 82 best: 445.4 mean: 480.37860696517413
gen: 83 best: 445.4 mean: 479.089552238806
gen: 84 best: 445.4 mean: 480.2771144278607
gen: 85 best: 445.4 mean: 480.210447761194
gen: 86 best: 445.4 mean: 480.1467661691542
gen: 87 best: 445.4 mean: 479.85074626865674
gen: 88 best: 445.4 mean: 480.7855721393035
gen: 89 best: 445.4 mean: 480.14925373134326
gen: 90 best: 445.4 mean: 479.01144278606967
gen: 91 best: 445.4 mean: 479.0990049751244
gen: 92 best: 445.4 mean: 479.3358208955224
gen: 93 best: 445.4 mean: 479.35273631840795
gen: 94 best: 445.4 mean: 480.0626865671642
gen: 95 best: 445.4 mean: 478.65124378109454
gen: 96 best: 445.4 mean: 479.1174129353234
gen: 97 best: 445.4 mean: 479.46965174129355
gen: 98 best: 445.4 mean: 477.1726368159204
gen: 99 best: 445.4 mean: 478.92437810945273
[6, 7, 7, 7, 7, 6, 6, 7, 7, 6, 6, 7, 7, 7, 7, 7, 7, 7, 7, 6, 7, 7, 6, 7, 7, 7, 7, 7, 7, 7, 7, 7, 7, 6, 8, 7, 7, 7, 7, 7, 7, 6, 7, 7, 7, 8, 7, 7, 7, 7]
Test count of edges: 2304
cat
