Defaulting to user installation because normal site-packages is not writeable
Looking in links: /cvmfs/soft.computecanada.ca/custom/python/wheelhouse/gentoo/avx2, /cvmfs/soft.computecanada.ca/custom/python/wheelhouse/gentoo/generic, /cvmfs/soft.computecanada.ca/custom/python/wheelhouse/generic
Requirement already satisfied: graphviz in /home/js17sy/.local/lib/python3.10/site-packages (0.20)
357; python ga.py 5 768N_graph5.dat 0.05 0.02 0.7 0.9 0.1 201 768N_graph5mediumgen3rem70_ 771147
/project/6008788/js17sy/reopenga/768a/ga.py:291: DeprecationWarning: Sampling from a set deprecated
since Python 3.9 and will be removed in a subsequent version.
  child1 = set(random.sample(
gen >0, new best = 490.400
gen >0, new best = 467.100
gen >0, new best = 438.200
gen >0, new best = 436.900
gen >0, new best = 423.100
gen >0, new best = 409.800
gen: 0 best: 409.8 mean: 487.26069651741295
gen: 1 best: 409.8 mean: 481.0512437810945
gen >2, new best = 409.600
gen >2, new best = 405.300
gen: 2 best: 405.3 mean: 472.64228855721393
gen: 3 best: 405.3 mean: 473.5313432835821
gen >4, new best = 395.100
gen: 4 best: 395.1 mean: 469.4741293532338
gen: 5 best: 395.1 mean: 462.3457711442786
gen >6, new best = 391.600
gen: 6 best: 391.6 mean: 459.3542288557214
gen >7, new best = 361.300
gen: 7 best: 361.3 mean: 454.9064676616915
gen: 8 best: 361.3 mean: 452.9592039800995
gen: 9 best: 361.3 mean: 451.11990049751245
gen: 10 best: 361.3 mean: 444.3661691542288
gen: 11 best: 361.3 mean: 444.2164179104478
gen: 12 best: 361.3 mean: 443.8059701492537
gen: 13 best: 361.3 mean: 436.87810945273634
gen: 14 best: 361.3 mean: 435.2054726368159
gen: 15 best: 361.3 mean: 433.1726368159204
gen: 16 best: 361.3 mean: 427.2860696517413
gen >17, new best = 358.900
gen: 17 best: 358.9 mean: 423.26069651741295
gen: 18 best: 358.9 mean: 423.4761194029851
gen >19, new best = 353.500
gen: 19 best: 353.5 mean: 421.25771144278605
gen: 20 best: 353.5 mean: 418.2781094527363
gen >21, new best = 340.800
gen: 21 best: 340.8 mean: 419.04278606965175
gen: 22 best: 340.8 mean: 415.8805970149254
gen: 23 best: 340.8 mean: 415.66567164179105
gen: 24 best: 340.8 mean: 414.2213930348259
gen: 25 best: 340.8 mean: 411.2238805970149
gen: 26 best: 340.8 mean: 409.47711442786067
gen: 27 best: 340.8 mean: 410.8218905472637
gen: 28 best: 340.8 mean: 410.9890547263682
gen: 29 best: 340.8 mean: 407.77960199004974
gen: 30 best: 340.8 mean: 409.04278606965175
gen: 31 best: 340.8 mean: 408.10199004975124
gen: 32 best: 340.8 mean: 405.1955223880597
gen: 33 best: 340.8 mean: 403.12039800995024
gen: 34 best: 340.8 mean: 403.21492537313435
gen: 35 best: 340.8 mean: 401.7323383084577
gen: 36 best: 340.8 mean: 400.41293532338307
gen: 37 best: 340.8 mean: 401.1407960199005
gen: 38 best: 340.8 mean: 399.6592039800995
gen >39, new best = 326.400
gen: 39 best: 326.4 mean: 402.3756218905473
gen: 40 best: 326.4 mean: 397.1726368159204
gen: 41 best: 326.4 mean: 396.1905472636816
gen: 42 best: 326.4 mean: 399.2746268656716
gen: 43 best: 326.4 mean: 394.98855721393033
gen: 44 best: 326.4 mean: 395.60199004975124
gen: 45 best: 326.4 mean: 396.1646766169154
gen: 46 best: 326.4 mean: 393.5726368159204
gen: 47 best: 326.4 mean: 391.89353233830843
gen: 48 best: 326.4 mean: 392.18955223880596
gen: 49 best: 326.4 mean: 389.4273631840796
gen: 50 best: 326.4 mean: 390.9303482587065
gen: 51 best: 326.4 mean: 387.9467661691542
gen: 52 best: 326.4 mean: 388.5164179104478
gen: 53 best: 326.4 mean: 386.43880597014925
gen >54, new best = 325.400
gen: 54 best: 325.4 mean: 388.49203980099503
gen: 55 best: 325.4 mean: 385.3502487562189
gen: 56 best: 325.4 mean: 383.8333333333333
gen >57, new best = 316.600
gen: 57 best: 316.6 mean: 385.30497512437813
gen: 58 best: 316.6 mean: 384.16019900497514
gen: 59 best: 316.6 mean: 384.60895522388057
gen: 60 best: 316.6 mean: 382.873631840796
gen >61, new best = 312.900
gen: 61 best: 312.9 mean: 382.74278606965174
gen: 62 best: 312.9 mean: 383.3557213930348
gen: 63 best: 312.9 mean: 382.4691542288557
gen: 64 best: 312.9 mean: 384.9960199004975
gen: 65 best: 312.9 mean: 381.77363184079604
gen: 66 best: 312.9 mean: 382.2592039800995
gen: 67 best: 312.9 mean: 383.43134328358207
gen: 68 best: 312.9 mean: 381.9776119402985
gen: 69 best: 312.9 mean: 380.94427860696516
gen: 70 best: 312.9 mean: 381.28507462686565
gen: 71 best: 312.9 mean: 378.1467661691542
gen: 72 best: 312.9 mean: 380.84776119402983
gen: 73 best: 312.9 mean: 378.9761194029851
gen: 74 best: 312.9 mean: 380.0437810945274
gen: 75 best: 312.9 mean: 379.66517412935326
gen: 76 best: 312.9 mean: 379.47960199004973
gen: 77 best: 312.9 mean: 380.8373134328358
gen: 78 best: 312.9 mean: 378.24228855721395
gen: 79 best: 312.9 mean: 380.2487562189055
gen: 80 best: 312.9 mean: 377.77512437810947
gen: 81 best: 312.9 mean: 375.66218905472635
gen: 82 best: 312.9 mean: 377.3547263681592
gen: 83 best: 312.9 mean: 376.36019900497513
gen: 84 best: 312.9 mean: 377.17064676616917
gen: 85 best: 312.9 mean: 376.30646766169156
gen: 86 best: 312.9 mean: 378.71094527363186
gen: 87 best: 312.9 mean: 378.663184079602
gen: 88 best: 312.9 mean: 376.30149253731344
gen: 89 best: 312.9 mean: 378.0721393034826
gen: 90 best: 312.9 mean: 375.8492537313433
gen: 91 best: 312.9 mean: 372.53781094527363
gen: 92 best: 312.9 mean: 375.2497512437811
gen: 93 best: 312.9 mean: 375.1099502487562
gen: 94 best: 312.9 mean: 375.5661691542289
gen: 95 best: 312.9 mean: 373.17164179104475
gen: 96 best: 312.9 mean: 372.8054726368159
gen: 97 best: 312.9 mean: 376.1223880597015
gen: 98 best: 312.9 mean: 374.3412935323383
gen: 99 best: 312.9 mean: 376.02835820895524
[6, 6, 7, 6, 7, 7, 7, 8, 6, 7, 7, 6, 8, 8, 7, 7, 7, 7, 7, 8, 11, 9, 7, 6, 8, 6, 7, 8, 7, 8, 7, 7, 8, 8, 8, 7, 7, 7, 6, 7, 7, 7, 7, 7, 7, 8, 8, 7, 9, 6]
Test count of edges: 1386
cat
