Defaulting to user installation because normal site-packages is not writeable
Looking in links: /cvmfs/soft.computecanada.ca/custom/python/wheelhouse/gentoo/avx2, /cvmfs/soft.computecanada.ca/custom/python/wheelhouse/gentoo/generic, /cvmfs/soft.computecanada.ca/custom/python/wheelhouse/generic
Requirement already satisfied: graphviz in /home/js17sy/.local/lib/python3.10/site-packages (0.20)
226; python ga.py 5 768N_graph5.dat 0.05 0.02 0.5 0.7 0.3 201 768N_graph5mediumgen2rem50_ 456976
/project/6008788/js17sy/reopenga/768a/ga.py:291: DeprecationWarning: Sampling from a set deprecated
since Python 3.9 and will be removed in a subsequent version.
  child1 = set(random.sample(
gen >0, new best = 493.000
gen >0, new best = 478.000
gen >0, new best = 475.900
gen >0, new best = 470.100
gen >0, new best = 467.100
gen >0, new best = 465.900
gen: 0 best: 465.9 mean: 486.7835820895522
gen >1, new best = 464.600
gen >1, new best = 460.400
gen: 1 best: 460.4 mean: 485.6338308457712
gen: 2 best: 460.4 mean: 486.14029850746266
gen: 3 best: 460.4 mean: 484.09601990049754
gen >4, new best = 459.100
gen >4, new best = 452.300
gen: 4 best: 452.3 mean: 482.8771144278607
gen: 5 best: 452.3 mean: 482.62139303482587
gen: 6 best: 452.3 mean: 481.7069651741294
gen: 7 best: 452.3 mean: 480.2726368159204
gen: 8 best: 452.3 mean: 479.30099502487565
gen: 9 best: 452.3 mean: 478.80696517412935
gen >10, new best = 450.600
gen: 10 best: 450.6 mean: 477.0223880597015
gen: 11 best: 450.6 mean: 475.6194029850746
gen: 12 best: 450.6 mean: 475.5606965174129
gen >13, new best = 444.700
gen: 13 best: 444.7 mean: 476.1303482587065
gen: 14 best: 444.7 mean: 473.89452736318407
gen: 15 best: 444.7 mean: 474.3189054726368
gen: 16 best: 444.7 mean: 473.30149253731344
gen: 17 best: 444.7 mean: 472.65273631840796
gen: 18 best: 444.7 mean: 472.2467661691542
gen: 19 best: 444.7 mean: 471.56716417910445
gen: 20 best: 444.7 mean: 471.82935323383083
gen >21, new best = 439.100
gen: 21 best: 439.1 mean: 471.8189054726368
gen: 22 best: 439.1 mean: 469.74825870646765
gen: 23 best: 439.1 mean: 469.89104477611943
gen: 24 best: 439.1 mean: 467.8094527363184
gen: 25 best: 439.1 mean: 467.95124378109455
gen: 26 best: 439.1 mean: 468.3258706467662
gen >27, new best = 438.400
gen: 27 best: 438.4 mean: 466.97910447761194
gen: 28 best: 438.4 mean: 466.61592039800996
gen: 29 best: 438.4 mean: 465.95671641791046
gen >30, new best = 437.900
gen: 30 best: 437.9 mean: 464.9985074626866
gen: 31 best: 437.9 mean: 463.4810945273632
gen: 32 best: 437.9 mean: 464.37611940298507
gen >33, new best = 430.100
gen: 33 best: 430.1 mean: 463.8776119402985
gen: 34 best: 430.1 mean: 462.12338308457714
gen: 35 best: 430.1 mean: 461.952736318408
gen: 36 best: 430.1 mean: 461.82935323383083
gen: 37 best: 430.1 mean: 460.08905472636815
gen: 38 best: 430.1 mean: 459.3313432835821
gen: 39 best: 430.1 mean: 460.6134328358209
gen: 40 best: 430.1 mean: 458.8412935323383
gen: 41 best: 430.1 mean: 458.81044776119404
gen: 42 best: 430.1 mean: 458.69850746268656
gen >43, new best = 426.900
gen: 43 best: 426.9 mean: 457.7094527363184
gen: 44 best: 426.9 mean: 458.047263681592
gen: 45 best: 426.9 mean: 456.29950248756217
gen: 46 best: 426.9 mean: 456.99800995024873
gen: 47 best: 426.9 mean: 456.0383084577114
gen: 48 best: 426.9 mean: 454.86567164179104
gen >49, new best = 425.300
gen: 49 best: 425.3 mean: 455.1412935323383
gen: 50 best: 425.3 mean: 454.1681592039801
gen: 51 best: 425.3 mean: 453.2358208955224
gen: 52 best: 425.3 mean: 454.00099502487564
gen: 53 best: 425.3 mean: 453.9686567164179
gen: 54 best: 425.3 mean: 452.8721393034826
gen: 55 best: 425.3 mean: 453.9457711442786
gen: 56 best: 425.3 mean: 453.57412935323384
gen >57, new best = 419.900
gen: 57 best: 419.9 mean: 452.8442786069652
gen: 58 best: 419.9 mean: 452.7457711442786
gen: 59 best: 419.9 mean: 452.44825870646764
gen: 60 best: 419.9 mean: 452.1865671641791
gen: 61 best: 419.9 mean: 450.7582089552239
gen: 62 best: 419.9 mean: 450.61144278606963
gen: 63 best: 419.9 mean: 450.6796019900498
gen: 64 best: 419.9 mean: 450.58358208955224
gen: 65 best: 419.9 mean: 448.99004975124376
gen: 66 best: 419.9 mean: 449.39303482587064
gen: 67 best: 419.9 mean: 449.7094527363184
gen: 68 best: 419.9 mean: 448.8492537313433
gen: 69 best: 419.9 mean: 448.6333333333333
gen >70, new best = 418.200
gen: 70 best: 418.2 mean: 447.7497512437811
gen >71, new best = 415.800
gen: 71 best: 415.8 mean: 448.2194029850746
gen: 72 best: 415.8 mean: 449.4960199004975
gen: 73 best: 415.8 mean: 448.72089552238805
gen: 74 best: 415.8 mean: 448.56865671641793
gen: 75 best: 415.8 mean: 448.68955223880596
gen: 76 best: 415.8 mean: 447.3950248756219
gen: 77 best: 415.8 mean: 446.96965174129355
gen: 78 best: 415.8 mean: 447.32139303482586
gen: 79 best: 415.8 mean: 448.41144278606964
gen: 80 best: 415.8 mean: 447.6855721393035
gen: 81 best: 415.8 mean: 447.4323383084577
gen: 82 best: 415.8 mean: 445.9721393034826
gen: 83 best: 415.8 mean: 446.7771144278607
gen: 84 best: 415.8 mean: 448.4995024875622
gen: 85 best: 415.8 mean: 446.252736318408
gen: 86 best: 415.8 mean: 446.41990049751246
gen: 87 best: 415.8 mean: 445.9945273631841
gen: 88 best: 415.8 mean: 445.1771144278607
gen: 89 best: 415.8 mean: 445.6462686567164
gen: 90 best: 415.8 mean: 445.4781094527363
gen: 91 best: 415.8 mean: 444.60199004975124
gen >92, new best = 407.700
gen: 92 best: 407.7 mean: 444.6
gen: 93 best: 407.7 mean: 444.6303482587065
gen: 94 best: 407.7 mean: 444.1885572139303
gen: 95 best: 407.7 mean: 444.747263681592
gen: 96 best: 407.7 mean: 443.80099502487565
gen: 97 best: 407.7 mean: 445.11044776119405
gen: 98 best: 407.7 mean: 443.96218905472637
gen: 99 best: 407.7 mean: 444.0323383084577
[8, 9, 9, 8, 8, 8, 8, 7, 9, 7, 8, 7, 8, 7, 8, 8, 10, 8, 8, 8, 10, 11, 8, 8, 8, 8, 8, 8, 8, 8, 8, 8, 9, 8, 8, 8, 8, 8, 7, 9, 10, 9, 8, 8, 8, 8, 7, 8, 8, 7]
Test count of edges: 2326
cat
