Defaulting to user installation because normal site-packages is not writeable
Looking in links: /cvmfs/soft.computecanada.ca/custom/python/wheelhouse/gentoo/avx2, /cvmfs/soft.computecanada.ca/custom/python/wheelhouse/gentoo/generic, /cvmfs/soft.computecanada.ca/custom/python/wheelhouse/generic
Requirement already satisfied: graphviz in /home/js17sy/.local/lib/python3.10/site-packages (0.20)
586; python ga.py 5 768N_graph5.dat 0.1 0.04 0.5 0.7 0.3 201 768N_graph5leerygen2rem50_ 456976
/project/6008788/js17sy/reopenga/768a/ga.py:291: DeprecationWarning: Sampling from a set deprecated
since Python 3.9 and will be removed in a subsequent version.
  child1 = set(random.sample(
gen >0, new best = 531.600
gen >0, new best = 504.300
gen >0, new best = 501.900
gen >0, new best = 501.000
gen >0, new best = 499.100
gen >0, new best = 497.300
gen: 0 best: 497.3 mean: 516.7932835820895
gen >1, new best = 493.100
gen: 1 best: 493.1 mean: 516.3383084577115
gen >2, new best = 490.000
gen: 2 best: 490.0 mean: 514.4537313432836
gen: 3 best: 490.0 mean: 513.9706467661691
gen: 4 best: 490.0 mean: 512.7019900497512
gen >5, new best = 485.900
gen: 5 best: 485.9 mean: 512.0228855721393
gen >6, new best = 483.900
gen: 6 best: 483.9 mean: 511.28905472636814
gen: 7 best: 483.9 mean: 511.11442786069654
gen: 8 best: 483.9 mean: 509.90597014925373
gen: 9 best: 483.9 mean: 509.8915422885572
gen: 10 best: 483.9 mean: 510.0054726368159
gen >11, new best = 479.800
gen: 11 best: 479.8 mean: 509.31592039800995
gen: 12 best: 479.8 mean: 508.72985074626865
gen: 13 best: 479.8 mean: 509.08407960199
gen >14, new best = 479.300
gen: 14 best: 479.3 mean: 506.11044776119405
gen: 15 best: 479.3 mean: 507.0512437810945
gen: 16 best: 479.3 mean: 505.3880597014925
gen: 17 best: 479.3 mean: 505.31940298507465
gen >18, new best = 478.600
gen: 18 best: 478.6 mean: 505.2069651741294
gen >19, new best = 477.600
gen: 19 best: 477.6 mean: 504.10149253731345
gen: 20 best: 477.6 mean: 504.3990049751244
gen: 21 best: 477.6 mean: 502.84776119402983
gen: 22 best: 477.6 mean: 502.59402985074627
gen: 23 best: 477.6 mean: 500.7497512437811
gen: 24 best: 477.6 mean: 501.81641791044774
gen: 25 best: 477.6 mean: 501.065671641791
gen >26, new best = 474.400
gen: 26 best: 474.4 mean: 500.7825870646766
gen: 27 best: 474.4 mean: 499.4870646766169
gen >28, new best = 469.800
gen: 28 best: 469.8 mean: 499.0363184079602
gen: 29 best: 469.8 mean: 498.5353233830846
gen: 30 best: 469.8 mean: 497.3880597014925
gen: 31 best: 469.8 mean: 498.4616915422886
gen >32, new best = 466.300
gen: 32 best: 466.3 mean: 497.68358208955226
gen: 33 best: 466.3 mean: 497.5398009950249
gen: 34 best: 466.3 mean: 497.8497512437811
gen >35, new best = 466.000
gen: 35 best: 466.0 mean: 498.7308457711443
gen: 36 best: 466.0 mean: 496.63283582089554
gen: 37 best: 466.0 mean: 496.68407960199005
gen: 38 best: 466.0 mean: 495.70796019900496
gen: 39 best: 466.0 mean: 495.11144278606963
gen: 40 best: 466.0 mean: 494.5477611940299
gen: 41 best: 466.0 mean: 494.6024875621891
gen: 42 best: 466.0 mean: 494.3134328358209
gen: 43 best: 466.0 mean: 494.97462686567167
gen: 44 best: 466.0 mean: 494.37960199004976
gen: 45 best: 466.0 mean: 493.3646766169154
gen >46, new best = 465.100
gen: 46 best: 465.1 mean: 493.247263681592
gen: 47 best: 465.1 mean: 492.9731343283582
gen: 48 best: 465.1 mean: 492.6960199004975
gen >49, new best = 463.000
gen >49, new best = 462.000
gen: 49 best: 462.0 mean: 492.00248756218906
gen: 50 best: 462.0 mean: 491.67313432835823
gen: 51 best: 462.0 mean: 490.4865671641791
gen: 52 best: 462.0 mean: 491.16019900497514
gen: 53 best: 462.0 mean: 491.41592039801
gen: 54 best: 462.0 mean: 489.9616915422886
gen: 55 best: 462.0 mean: 490.00597014925376
gen: 56 best: 462.0 mean: 489.36119402985076
gen: 57 best: 462.0 mean: 489.67462686567166
gen >58, new best = 459.100
gen: 58 best: 459.1 mean: 489.03980099502485
gen: 59 best: 459.1 mean: 488.12885572139305
gen: 60 best: 459.1 mean: 487.7776119402985
gen: 61 best: 459.1 mean: 487.63830845771145
gen: 62 best: 459.1 mean: 486.72089552238805
gen: 63 best: 459.1 mean: 486.4457711442786
gen: 64 best: 459.1 mean: 486.35820895522386
gen: 65 best: 459.1 mean: 485.8004975124378
gen >66, new best = 456.900
gen: 66 best: 456.9 mean: 487.2636815920398
gen: 67 best: 456.9 mean: 485.5955223880597
gen: 68 best: 456.9 mean: 484.8592039800995
gen: 69 best: 456.9 mean: 484.8995024875622
gen: 70 best: 456.9 mean: 485.5328358208955
gen: 71 best: 456.9 mean: 486.1099502487562
gen: 72 best: 456.9 mean: 484.96666666666664
gen: 73 best: 456.9 mean: 485.907960199005
gen: 74 best: 456.9 mean: 484.53880597014927
gen: 75 best: 456.9 mean: 485.4721393034826
gen: 76 best: 456.9 mean: 484.3298507462687
gen: 77 best: 456.9 mean: 484.82537313432834
gen: 78 best: 456.9 mean: 482.99900497512436
gen >79, new best = 456.800
gen: 79 best: 456.8 mean: 483.4487562189055
gen: 80 best: 456.8 mean: 482.9651741293532
gen: 81 best: 456.8 mean: 484.0860696517413
gen >82, new best = 454.700
gen >82, new best = 454.400
gen: 82 best: 454.4 mean: 482.8512437810945
gen: 83 best: 454.4 mean: 483.318407960199
gen: 84 best: 454.4 mean: 481.855223880597
gen: 85 best: 454.4 mean: 482.5402985074627
gen: 86 best: 454.4 mean: 482.04278606965175
gen: 87 best: 454.4 mean: 482.19850746268656
gen: 88 best: 454.4 mean: 481.72786069651744
gen: 89 best: 454.4 mean: 482.1283582089552
gen: 90 best: 454.4 mean: 480.910447761194
gen: 91 best: 454.4 mean: 483.0900497512438
gen: 92 best: 454.4 mean: 481.37014925373137
gen: 93 best: 454.4 mean: 481.8149253731343
gen >94, new best = 450.700
gen: 94 best: 450.7 mean: 481.57960199004975
gen: 95 best: 450.7 mean: 480.8089552238806
gen: 96 best: 450.7 mean: 481.59253731343284
gen: 97 best: 450.7 mean: 481.6358208955224
gen: 98 best: 450.7 mean: 481.7970149253731
gen: 99 best: 450.7 mean: 481.39800995024876
[7, 7, 8, 7, 6, 7, 7, 8, 7, 7, 7, 7, 7, 6, 6, 7, 7, 6, 7, 7, 8, 7, 7, 7, 7, 7, 7, 7, 7, 7, 7, 7, 6, 7, 7, 7, 7, 7, 7, 7, 6, 7, 7, 7, 7, 7, 6, 7, 7, 7]
Test count of edges: 2324
cat
