Defaulting to user installation because normal site-packages is not writeable
Looking in links: /cvmfs/soft.computecanada.ca/custom/python/wheelhouse/gentoo/avx2, /cvmfs/soft.computecanada.ca/custom/python/wheelhouse/gentoo/generic, /cvmfs/soft.computecanada.ca/custom/python/wheelhouse/generic
Requirement already satisfied: graphviz in /home/js17sy/.local/lib/python3.10/site-packages (0.20)
125; python ga.py 5 768N_graph5.dat 0.025 0.01 0.7 0.7 0.3 201 768N_graph5strictgen2rem70_ 142805
/project/6008788/js17sy/reopenga/768a/ga.py:291: DeprecationWarning: Sampling from a set deprecated
since Python 3.9 and will be removed in a subsequent version.
  child1 = set(random.sample(
gen >0, new best = 423.100
gen >0, new best = 420.900
gen >0, new best = 402.200
gen >0, new best = 394.000
gen >0, new best = 381.100
gen: 0 best: 381.1 mean: 499.9432835820896
gen >1, new best = 375.000
gen >1, new best = 342.200
gen: 1 best: 342.2 mean: 493.0268656716418
gen >2, new best = 309.300
gen: 2 best: 309.3 mean: 481.93482587064676
gen: 3 best: 309.3 mean: 477.18805970149253
gen: 4 best: 309.3 mean: 469.15721393034823
gen: 5 best: 309.3 mean: 455.3880597014925
gen: 6 best: 309.3 mean: 451.55174129353236
gen: 7 best: 309.3 mean: 446.09601990049754
gen: 8 best: 309.3 mean: 440.410447761194
gen: 9 best: 309.3 mean: 439.40746268656716
gen: 10 best: 309.3 mean: 435.46965174129355
gen: 11 best: 309.3 mean: 430.3358208955224
gen: 12 best: 309.3 mean: 431.2467661691542
gen: 13 best: 309.3 mean: 424.35223880597016
gen >14, new best = 282.900
gen: 14 best: 282.9 mean: 419.4781094527363
gen: 15 best: 282.9 mean: 412.6134328358209
gen: 16 best: 282.9 mean: 412.4761194029851
gen: 17 best: 282.9 mean: 409.1681592039801
gen >18, new best = 281.100
gen: 18 best: 281.1 mean: 402.981592039801
gen: 19 best: 281.1 mean: 398.62885572139305
gen: 20 best: 281.1 mean: 398.85970149253734
gen: 21 best: 281.1 mean: 394.2139303482587
gen: 22 best: 281.1 mean: 387.06119402985075
gen: 23 best: 281.1 mean: 387.926368159204
gen: 24 best: 281.1 mean: 383.0691542288557
gen: 25 best: 281.1 mean: 382.75174129353235
gen: 26 best: 281.1 mean: 383.5089552238806
gen: 27 best: 281.1 mean: 380.4686567164179
gen >28, new best = 274.400
gen: 28 best: 274.4 mean: 380.1189054726368
gen: 29 best: 274.4 mean: 372.74477611940296
gen >30, new best = 254.800
gen: 30 best: 254.8 mean: 378.4850746268657
gen: 31 best: 254.8 mean: 373.047263681592
gen: 32 best: 254.8 mean: 372.36915422885573
gen: 33 best: 254.8 mean: 375.3129353233831
gen: 34 best: 254.8 mean: 365.6636815920398
gen: 35 best: 254.8 mean: 366.38358208955225
gen: 36 best: 254.8 mean: 362.2805970149254
gen: 37 best: 254.8 mean: 362.6169154228856
gen: 38 best: 254.8 mean: 361.65671641791045
gen: 39 best: 254.8 mean: 361.5363184079602
gen: 40 best: 254.8 mean: 361.22935323383086
gen: 41 best: 254.8 mean: 355.728855721393
gen: 42 best: 254.8 mean: 360.255223880597
gen: 43 best: 254.8 mean: 356.9537313432836
gen: 44 best: 254.8 mean: 361.589552238806
gen: 45 best: 254.8 mean: 354.2343283582089
gen: 46 best: 254.8 mean: 353.2910447761194
gen: 47 best: 254.8 mean: 354.83084577114425
gen: 48 best: 254.8 mean: 355.6776119402985
gen: 49 best: 254.8 mean: 355.14029850746266
gen: 50 best: 254.8 mean: 352.7467661691542
gen: 51 best: 254.8 mean: 355.26268656716417
gen: 52 best: 254.8 mean: 355.4223880597015
gen: 53 best: 254.8 mean: 350.00199004975127
gen: 54 best: 254.8 mean: 352.02039800995027
gen: 55 best: 254.8 mean: 350.7532338308458
gen: 56 best: 254.8 mean: 353.66616915422884
gen: 57 best: 254.8 mean: 347.29353233830847
gen: 58 best: 254.8 mean: 346.32935323383083
gen: 59 best: 254.8 mean: 344.9084577114428
gen: 60 best: 254.8 mean: 347.7860696517413
gen: 61 best: 254.8 mean: 343.8880597014925
gen: 62 best: 254.8 mean: 347.4731343283582
gen: 63 best: 254.8 mean: 347.9398009950249
gen: 64 best: 254.8 mean: 345.6940298507463
gen: 65 best: 254.8 mean: 344.6726368159204
gen: 66 best: 254.8 mean: 339.8557213930348
gen: 67 best: 254.8 mean: 346.071144278607
gen: 68 best: 254.8 mean: 339.88955223880595
gen: 69 best: 254.8 mean: 340.2865671641791
gen: 70 best: 254.8 mean: 340.10348258706466
gen: 71 best: 254.8 mean: 342.826368159204
gen: 72 best: 254.8 mean: 341.03880597014927
gen: 73 best: 254.8 mean: 342.36019900497513
gen: 74 best: 254.8 mean: 342.0661691542289
gen: 75 best: 254.8 mean: 339.18358208955226
gen: 76 best: 254.8 mean: 334.8791044776119
gen: 77 best: 254.8 mean: 338.4308457711443
gen: 78 best: 254.8 mean: 340.06517412935324
gen: 79 best: 254.8 mean: 337.70796019900496
gen: 80 best: 254.8 mean: 339.68805970149253
gen: 81 best: 254.8 mean: 334.118407960199
gen: 82 best: 254.8 mean: 335.68457711442784
gen: 83 best: 254.8 mean: 336.77960199004974
gen: 84 best: 254.8 mean: 338.5074626865672
gen: 85 best: 254.8 mean: 335.17860696517414
gen: 86 best: 254.8 mean: 335.18009950248756
gen: 87 best: 254.8 mean: 339.4800995024876
gen: 88 best: 254.8 mean: 336.67164179104475
gen: 89 best: 254.8 mean: 337.27512437810947
gen: 90 best: 254.8 mean: 336.40547263681594
gen: 91 best: 254.8 mean: 336.5477611940299
gen: 92 best: 254.8 mean: 337.15671641791045
gen: 93 best: 254.8 mean: 335.6626865671642
gen: 94 best: 254.8 mean: 334.4776119402985
gen: 95 best: 254.8 mean: 333.09800995024875
gen: 96 best: 254.8 mean: 331.3442786069652
gen: 97 best: 254.8 mean: 337.53731343283584
gen: 98 best: 254.8 mean: 335.0258706467662
gen: 99 best: 254.8 mean: 332.30149253731344
[11, 8, 9, 8, 10, 9, 6, 8, 10, 10, 8, 8, 8, 10, 8, 7, 7, 7, 9, 9, 8, 7, 8, 8, 8, 4, 7, 7, 8, 8, 8, 8, 10, 8, 9, 8, 8, 9, 8, 8, 8, 7, 8, 8, 11, 8, 11, 9, 8]
Test count of edges: 1388
cat
