Defaulting to user installation because normal site-packages is not writeable
Looking in links: /cvmfs/soft.computecanada.ca/custom/python/wheelhouse/gentoo/avx2, /cvmfs/soft.computecanada.ca/custom/python/wheelhouse/gentoo/generic, /cvmfs/soft.computecanada.ca/custom/python/wheelhouse/generic
Requirement already satisfied: graphviz in /home/js17sy/.local/lib/python3.10/site-packages (0.20)
368; python ga.py 5 768N_graph5.dat 0.075 0.03 0.5 0.5 0.5 201 768N_graph5laxgen1rem50_ 228488
/project/6008788/js17sy/reopenga/768a/ga.py:291: DeprecationWarning: Sampling from a set deprecated
since Python 3.9 and will be removed in a subsequent version.
  child1 = set(random.sample(
gen >0, new best = 502.600
gen >0, new best = 500.100
gen >0, new best = 495.600
gen >0, new best = 491.800
gen >0, new best = 490.700
gen >0, new best = 490.400
gen >0, new best = 489.800
gen >0, new best = 485.700
gen >0, new best = 471.700
gen: 0 best: 471.7 mean: 503.9084577114428
gen: 1 best: 471.7 mean: 502.44378109452737
gen: 2 best: 471.7 mean: 502.8587064676617
gen: 3 best: 471.7 mean: 501.3830845771144
gen: 4 best: 471.7 mean: 499.6273631840796
gen: 5 best: 471.7 mean: 498.8149253731343
gen: 6 best: 471.7 mean: 497.8094527363184
gen: 7 best: 471.7 mean: 496.9432835820896
gen: 8 best: 471.7 mean: 496.6139303482587
gen: 9 best: 471.7 mean: 496.065671641791
gen: 10 best: 471.7 mean: 494.9492537313433
gen: 11 best: 471.7 mean: 494.69751243781093
gen: 12 best: 471.7 mean: 493.72587064676617
gen >13, new best = 468.400
gen: 13 best: 468.4 mean: 492.1925373134328
gen >14, new best = 467.900
gen: 14 best: 467.9 mean: 492.3363184079602
gen: 15 best: 467.9 mean: 492.3462686567164
gen: 16 best: 467.9 mean: 491.14328358208957
gen: 17 best: 467.9 mean: 491.5179104477612
gen: 18 best: 467.9 mean: 492.39303482587064
gen: 19 best: 467.9 mean: 490.9189054726368
gen >20, new best = 466.300
gen: 20 best: 466.3 mean: 491.1243781094527
gen: 21 best: 466.3 mean: 490.4820895522388
gen: 22 best: 466.3 mean: 488.481592039801
gen: 23 best: 466.3 mean: 489.9870646766169
gen >24, new best = 461.500
gen: 24 best: 461.5 mean: 488.9029850746269
gen: 25 best: 461.5 mean: 487.9955223880597
gen: 26 best: 461.5 mean: 488.45174129353234
gen: 27 best: 461.5 mean: 487.96616915422885
gen: 28 best: 461.5 mean: 487.7308457711443
gen: 29 best: 461.5 mean: 488.00995024875624
gen: 30 best: 461.5 mean: 486.6517412935323
gen: 31 best: 461.5 mean: 485.70199004975126
gen: 32 best: 461.5 mean: 485.12985074626863
gen >33, new best = 460.600
gen: 33 best: 460.6 mean: 484.2318407960199
gen: 34 best: 460.6 mean: 484.1825870646766
gen: 35 best: 460.6 mean: 483.55024875621893
gen >36, new best = 455.900
gen: 36 best: 455.9 mean: 483.8218905472637
gen: 37 best: 455.9 mean: 483.48805970149255
gen: 38 best: 455.9 mean: 482.9646766169154
gen: 39 best: 455.9 mean: 482.7875621890547
gen: 40 best: 455.9 mean: 481.8666666666667
gen: 41 best: 455.9 mean: 482.0691542288557
gen: 42 best: 455.9 mean: 481.8298507462687
gen >43, new best = 455.100
gen: 43 best: 455.1 mean: 481.2039800995025
gen: 44 best: 455.1 mean: 480.40398009950246
gen: 45 best: 455.1 mean: 479.93681592039803
gen: 46 best: 455.1 mean: 479.1273631840796
gen: 47 best: 455.1 mean: 478.92537313432837
gen >48, new best = 452.200
gen: 48 best: 452.2 mean: 478.97114427860697
gen: 49 best: 452.2 mean: 478.9189054726368
gen: 50 best: 452.2 mean: 478.3373134328358
gen: 51 best: 452.2 mean: 477.6776119402985
gen: 52 best: 452.2 mean: 478.3074626865672
gen: 53 best: 452.2 mean: 477.21691542288556
gen >54, new best = 450.100
gen: 54 best: 450.1 mean: 476.13980099502487
gen: 55 best: 450.1 mean: 476.32686567164177
gen: 56 best: 450.1 mean: 476.03980099502485
gen: 57 best: 450.1 mean: 475.1338308457711
gen: 58 best: 450.1 mean: 475.6910447761194
gen: 59 best: 450.1 mean: 474.8318407960199
gen >60, new best = 448.900
gen: 60 best: 448.9 mean: 474.19751243781093
gen: 61 best: 448.9 mean: 475.20199004975126
gen >62, new best = 446.400
gen: 62 best: 446.4 mean: 476.1467661691542
gen: 63 best: 446.4 mean: 475.1960199004975
gen: 64 best: 446.4 mean: 473.25174129353235
gen: 65 best: 446.4 mean: 474.3731343283582
gen: 66 best: 446.4 mean: 474.10199004975124
gen: 67 best: 446.4 mean: 473.90696517412937
gen: 68 best: 446.4 mean: 474.4502487562189
gen: 69 best: 446.4 mean: 474.0542288557214
gen: 70 best: 446.4 mean: 473.8810945273632
gen: 71 best: 446.4 mean: 473.9860696517413
gen: 72 best: 446.4 mean: 473.11592039800996
gen: 73 best: 446.4 mean: 472.8995024875622
gen: 74 best: 446.4 mean: 472.8557213930348
gen: 75 best: 446.4 mean: 472.89800995024876
gen: 76 best: 446.4 mean: 471.92437810945273
gen: 77 best: 446.4 mean: 472.87960199004976
gen: 78 best: 446.4 mean: 473.0278606965174
gen: 79 best: 446.4 mean: 472.3995024875622
gen: 80 best: 446.4 mean: 472.065671641791
gen >81, new best = 446.200
gen: 81 best: 446.2 mean: 471.53980099502485
gen: 82 best: 446.2 mean: 471.56865671641793
gen: 83 best: 446.2 mean: 472.12338308457714
gen: 84 best: 446.2 mean: 471.9303482587065
gen: 85 best: 446.2 mean: 471.1796019900498
gen: 86 best: 446.2 mean: 471.9706467661692
gen >87, new best = 445.000
gen: 87 best: 445.0 mean: 471.5074626865672
gen: 88 best: 445.0 mean: 471.4134328358209
gen >89, new best = 443.300
gen: 89 best: 443.3 mean: 470.6482587064677
gen: 90 best: 443.3 mean: 472.36716417910446
gen: 91 best: 443.3 mean: 471.5592039800995
gen: 92 best: 443.3 mean: 473.00199004975127
gen: 93 best: 443.3 mean: 470.7781094527363
gen: 94 best: 443.3 mean: 470.4248756218905
gen: 95 best: 443.3 mean: 469.6995024875622
gen: 96 best: 443.3 mean: 470.2139303482587
gen: 97 best: 443.3 mean: 470.0845771144279
gen: 98 best: 443.3 mean: 469.6995024875622
gen: 99 best: 443.3 mean: 469.57462686567163
[8, 8, 7, 9, 7, 9, 7, 7, 8, 8, 8, 7, 8, 7, 8, 7, 8, 7, 7, 8, 7, 8, 8, 7, 9, 8, 7, 8, 7, 8, 8, 7, 7, 7, 7, 8, 7, 7, 7, 8, 8, 8, 8, 7, 7, 8, 8, 9, 8, 7]
Test count of edges: 2338
cat
