Defaulting to user installation because normal site-packages is not writeable
Looking in links: /cvmfs/soft.computecanada.ca/custom/python/wheelhouse/gentoo/avx2, /cvmfs/soft.computecanada.ca/custom/python/wheelhouse/gentoo/generic, /cvmfs/soft.computecanada.ca/custom/python/wheelhouse/generic
Requirement already satisfied: graphviz in /home/js17sy/.local/lib/python3.10/site-packages (0.20)
179; python ga.py 5 768N_graph5.dat 0.025 0.01 0.7 0.9 0.1 201 768N_graph5strictgen3rem70_ 828269
/project/6008788/js17sy/reopenga/768a/ga.py:291: DeprecationWarning: Sampling from a set deprecated
since Python 3.9 and will be removed in a subsequent version.
  child1 = set(random.sample(
gen >0, new best = 508.400
gen >0, new best = 459.100
gen >0, new best = 431.100
gen >0, new best = 420.600
gen >0, new best = 413.300
gen >0, new best = 411.900
gen >0, new best = 410.600
gen >0, new best = 397.700
gen: 0 best: 397.7 mean: 497.76119402985074
gen >1, new best = 396.800
gen >1, new best = 387.400
gen: 1 best: 387.4 mean: 485.68407960199005
gen >2, new best = 382.700
gen >2, new best = 366.200
gen >2, new best = 355.600
gen >2, new best = 353.800
gen: 2 best: 353.8 mean: 477.99154228855724
gen: 3 best: 353.8 mean: 474.6189054726368
gen >4, new best = 352.100
gen: 4 best: 352.1 mean: 467.68457711442784
gen >5, new best = 344.600
gen >5, new best = 342.300
gen: 5 best: 342.3 mean: 455.7069651741294
gen: 6 best: 342.3 mean: 452.59203980099505
gen >7, new best = 312.700
gen: 7 best: 312.7 mean: 447.86218905472634
gen: 8 best: 312.7 mean: 442.70248756218905
gen: 9 best: 312.7 mean: 439.3134328358209
gen: 10 best: 312.7 mean: 433.43482587064676
gen: 11 best: 312.7 mean: 429.87412935323385
gen >12, new best = 305.800
gen: 12 best: 305.8 mean: 421.14228855721393
gen: 13 best: 305.8 mean: 420.0905472636816
gen: 14 best: 305.8 mean: 411.92388059701494
gen: 15 best: 305.8 mean: 411.0164179104478
gen: 16 best: 305.8 mean: 405.4731343283582
gen >17, new best = 274.500
gen: 17 best: 274.5 mean: 399.3402985074627
gen: 18 best: 274.5 mean: 401.14427860696514
gen: 19 best: 274.5 mean: 396.7223880597015
gen: 20 best: 274.5 mean: 395.38407960199004
gen: 21 best: 274.5 mean: 394.97164179104476
gen: 22 best: 274.5 mean: 382.52039800995027
gen: 23 best: 274.5 mean: 380.6860696517413
gen: 24 best: 274.5 mean: 385.3114427860697
gen: 25 best: 274.5 mean: 374.72487562189053
gen >26, new best = 268.800
gen: 26 best: 268.8 mean: 375.7089552238806
gen: 27 best: 268.8 mean: 370.4213930348259
gen: 28 best: 268.8 mean: 371.2855721393035
gen: 29 best: 268.8 mean: 372.1208955223881
gen: 30 best: 268.8 mean: 372.4507462686567
gen: 31 best: 268.8 mean: 369.22587064676617
gen: 32 best: 268.8 mean: 372.4228855721393
gen: 33 best: 268.8 mean: 362.7124378109453
gen: 34 best: 268.8 mean: 359.17164179104475
gen: 35 best: 268.8 mean: 358.2179104477612
gen: 36 best: 268.8 mean: 356.934328358209
gen: 37 best: 268.8 mean: 357.51940298507463
gen: 38 best: 268.8 mean: 354.2960199004975
gen: 39 best: 268.8 mean: 353.6467661691542
gen: 40 best: 268.8 mean: 351.92437810945273
gen: 41 best: 268.8 mean: 346.9651741293532
gen: 42 best: 268.8 mean: 351.1666666666667
gen: 43 best: 268.8 mean: 349.56318407960197
gen: 44 best: 268.8 mean: 347.0935323383085
gen: 45 best: 268.8 mean: 348.2766169154229
gen: 46 best: 268.8 mean: 343.9273631840796
gen: 47 best: 268.8 mean: 342.2487562189055
gen: 48 best: 268.8 mean: 346.5084577114428
gen: 49 best: 268.8 mean: 341.8278606965174
gen: 50 best: 268.8 mean: 343.31243781094526
gen: 51 best: 268.8 mean: 339.8502487562189
gen: 52 best: 268.8 mean: 343.8686567164179
gen: 53 best: 268.8 mean: 344.02636815920397
gen: 54 best: 268.8 mean: 340.2089552238806
gen: 55 best: 268.8 mean: 338.289552238806
gen: 56 best: 268.8 mean: 338.0865671641791
gen: 57 best: 268.8 mean: 336.6870646766169
gen: 58 best: 268.8 mean: 336.1442786069652
gen: 59 best: 268.8 mean: 336.87462686567164
gen: 60 best: 268.8 mean: 336.14776119402984
gen: 61 best: 268.8 mean: 332.42039800995025
gen: 62 best: 268.8 mean: 335.32089552238807
gen: 63 best: 268.8 mean: 333.1149253731343
gen: 64 best: 268.8 mean: 333.89353233830843
gen: 65 best: 268.8 mean: 333.1174129353234
gen >66, new best = 261.400
gen: 66 best: 261.4 mean: 331.7054726368159
gen: 67 best: 261.4 mean: 333.2412935323383
gen: 68 best: 261.4 mean: 332.30149253731344
gen: 69 best: 261.4 mean: 332.54477611940297
gen: 70 best: 261.4 mean: 331.8726368159204
gen: 71 best: 261.4 mean: 332.60547263681593
gen: 72 best: 261.4 mean: 331.0074626865672
gen: 73 best: 261.4 mean: 332.0965174129353
gen: 74 best: 261.4 mean: 327.6701492537313
gen: 75 best: 261.4 mean: 326.51144278606967
gen: 76 best: 261.4 mean: 331.2532338308458
gen: 77 best: 261.4 mean: 331.34527363184077
gen: 78 best: 261.4 mean: 327.17462686567166
gen: 79 best: 261.4 mean: 327.87512437810943
gen: 80 best: 261.4 mean: 325.7731343283582
gen: 81 best: 261.4 mean: 324.96567164179106
gen: 82 best: 261.4 mean: 324.36218905472634
gen: 83 best: 261.4 mean: 326.9084577114428
gen: 84 best: 261.4 mean: 322.7601990049751
gen: 85 best: 261.4 mean: 324.1701492537313
gen: 86 best: 261.4 mean: 326.17462686567166
gen: 87 best: 261.4 mean: 324.7159203980099
gen: 88 best: 261.4 mean: 326.3970149253731
gen: 89 best: 261.4 mean: 324.56716417910445
gen: 90 best: 261.4 mean: 328.06318407960197
gen: 91 best: 261.4 mean: 322.2437810945274
gen: 92 best: 261.4 mean: 324.1393034825871
gen: 93 best: 261.4 mean: 324.3328358208955
gen >94, new best = 261.100
gen: 94 best: 261.1 mean: 322.53980099502485
gen: 95 best: 261.1 mean: 323.95124378109455
gen: 96 best: 261.1 mean: 324.99900497512436
gen: 97 best: 261.1 mean: 321.61442786069654
gen: 98 best: 261.1 mean: 324.03930348258706
gen: 99 best: 261.1 mean: 325.2915422885572
[10, 8, 8, 9, 9, 8, 8, 7, 7, 8, 8, 9, 9, 9, 9, 9, 9, 8, 8, 7, 8, 9, 8, 9, 8, 7, 9, 8, 8, 8, 11, 8, 9, 7, 8, 8, 9, 8, 8, 9, 8, 9, 8, 8, 9, 9, 8, 9]
Test count of edges: 1389
cat
