Defaulting to user installation because normal site-packages is not writeable
Looking in links: /cvmfs/soft.computecanada.ca/custom/python/wheelhouse/gentoo/avx2, /cvmfs/soft.computecanada.ca/custom/python/wheelhouse/gentoo/generic, /cvmfs/soft.computecanada.ca/custom/python/wheelhouse/generic
Requirement already satisfied: graphviz in /home/js17sy/.local/lib/python3.10/site-packages (0.20)
84; python ga.py 5 768N_graph5.dat 0.025 0.01 0.5 0.9 0.1 201 768N_graph5strictgen3rem50_ 685464
/project/6008788/js17sy/reopenga/768a/ga.py:291: DeprecationWarning: Sampling from a set deprecated
since Python 3.9 and will be removed in a subsequent version.
  child1 = set(random.sample(
gen >0, new best = 438.400
gen >0, new best = 434.300
gen >0, new best = 429.800
gen: 0 best: 429.8 mean: 454.20597014925374
gen >1, new best = 424.000
gen: 1 best: 424.0 mean: 453.2512437810945
gen: 2 best: 424.0 mean: 451.41144278606964
gen: 3 best: 424.0 mean: 450.5457711442786
gen >4, new best = 421.600
gen: 4 best: 421.6 mean: 449.3149253731343
gen: 5 best: 421.6 mean: 448.49303482587067
gen: 6 best: 421.6 mean: 448.5592039800995
gen: 7 best: 421.6 mean: 448.2174129353234
gen: 8 best: 421.6 mean: 446.981592039801
gen >9, new best = 421.300
gen: 9 best: 421.3 mean: 446.3666666666667
gen >10, new best = 419.800
gen: 10 best: 419.8 mean: 444.7358208955224
gen >11, new best = 419.400
gen >11, new best = 416.600
gen: 11 best: 416.6 mean: 444.0621890547264
gen >12, new best = 411.200
gen: 12 best: 411.2 mean: 442.85970149253734
gen: 13 best: 411.2 mean: 441.5039800995025
gen: 14 best: 411.2 mean: 439.9412935323383
gen: 15 best: 411.2 mean: 440.42935323383085
gen: 16 best: 411.2 mean: 439.2930348258706
gen >17, new best = 409.200
gen: 17 best: 409.2 mean: 438.62885572139305
gen: 18 best: 409.2 mean: 437.4965174129353
gen >19, new best = 408.000
gen: 19 best: 408.0 mean: 437.2636815920398
gen: 20 best: 408.0 mean: 436.7671641791045
gen >21, new best = 403.500
gen: 21 best: 403.5 mean: 435.11144278606963
gen: 22 best: 403.5 mean: 434.2865671641791
gen: 23 best: 403.5 mean: 433.944776119403
gen: 24 best: 403.5 mean: 433.50248756218906
gen: 25 best: 403.5 mean: 432.9363184079602
gen >26, new best = 401.900
gen: 26 best: 401.9 mean: 430.69303482587065
gen >27, new best = 390.000
gen: 27 best: 390.0 mean: 430.8950248756219
gen: 28 best: 390.0 mean: 430.52985074626866
gen: 29 best: 390.0 mean: 428.9945273631841
gen: 30 best: 390.0 mean: 428.83084577114425
gen: 31 best: 390.0 mean: 429.3313432835821
gen: 32 best: 390.0 mean: 427.85970149253734
gen: 33 best: 390.0 mean: 425.43681592039803
gen: 34 best: 390.0 mean: 426.85970149253734
gen: 35 best: 390.0 mean: 426.4318407960199
gen: 36 best: 390.0 mean: 424.7194029850746
gen >37, new best = 387.300
gen: 37 best: 387.3 mean: 423.7199004975124
gen: 38 best: 387.3 mean: 422.25771144278605
gen: 39 best: 387.3 mean: 421.72985074626865
gen: 40 best: 387.3 mean: 422.52537313432833
gen: 41 best: 387.3 mean: 419.6980099502488
gen: 42 best: 387.3 mean: 419.83781094527365
gen: 43 best: 387.3 mean: 418.6462686567164
gen: 44 best: 387.3 mean: 419.76467661691544
gen: 45 best: 387.3 mean: 417.64179104477614
gen: 46 best: 387.3 mean: 418.9985074626866
gen >47, new best = 387.200
gen: 47 best: 387.2 mean: 419.26666666666665
gen: 48 best: 387.2 mean: 416.08009950248754
gen >49, new best = 385.100
gen: 49 best: 385.1 mean: 417.307960199005
gen: 50 best: 385.1 mean: 416.6467661691542
gen >51, new best = 384.000
gen: 51 best: 384.0 mean: 415.5507462686567
gen: 52 best: 384.0 mean: 415.6860696517413
gen: 53 best: 384.0 mean: 414.8810945273632
gen >54, new best = 383.500
gen: 54 best: 383.5 mean: 414.9741293532338
gen: 55 best: 383.5 mean: 415.2820895522388
gen: 56 best: 383.5 mean: 413.8557213930348
gen: 57 best: 383.5 mean: 414.90199004975125
gen >58, new best = 383.100
gen: 58 best: 383.1 mean: 414.64378109452736
gen: 59 best: 383.1 mean: 413.51044776119403
gen >60, new best = 381.000
gen >60, new best = 380.000
gen: 60 best: 380.0 mean: 414.589552238806
gen: 61 best: 380.0 mean: 412.1194029850746
gen: 62 best: 380.0 mean: 411.54328358208954
gen: 63 best: 380.0 mean: 411.0776119402985
gen: 64 best: 380.0 mean: 410.32139303482586
gen: 65 best: 380.0 mean: 410.0935323383085
gen >66, new best = 379.400
gen: 66 best: 379.4 mean: 410.21094527363186
gen >67, new best = 379.100
gen: 67 best: 379.1 mean: 411.01144278606967
gen >68, new best = 376.700
gen: 68 best: 376.7 mean: 408.8258706467662
gen: 69 best: 376.7 mean: 408.49900497512436
gen: 70 best: 376.7 mean: 409.23532338308456
gen >71, new best = 371.500
gen: 71 best: 371.5 mean: 408.41592039801
gen: 72 best: 371.5 mean: 408.2507462686567
gen: 73 best: 371.5 mean: 407.3865671641791
gen: 74 best: 371.5 mean: 406.87512437810943
gen: 75 best: 371.5 mean: 407.5169154228856
gen: 76 best: 371.5 mean: 407.3641791044776
gen: 77 best: 371.5 mean: 407.6487562189055
gen: 78 best: 371.5 mean: 406.0318407960199
gen: 79 best: 371.5 mean: 407.2492537313433
gen: 80 best: 371.5 mean: 406.2089552238806
gen: 81 best: 371.5 mean: 406.18905472636817
gen: 82 best: 371.5 mean: 405.6885572139303
gen: 83 best: 371.5 mean: 404.95671641791046
gen: 84 best: 371.5 mean: 408.0268656716418
gen >85, new best = 367.200
gen: 85 best: 367.2 mean: 405.02139303482585
gen >86, new best = 364.200
gen: 86 best: 364.2 mean: 406.9029850746269
gen: 87 best: 364.2 mean: 405.2308457711443
gen: 88 best: 364.2 mean: 406.5169154228856
gen: 89 best: 364.2 mean: 406.2800995024876
gen: 90 best: 364.2 mean: 407.54825870646766
gen: 91 best: 364.2 mean: 405.9134328358209
gen: 92 best: 364.2 mean: 404.1577114427861
gen: 93 best: 364.2 mean: 404.6611940298508
gen: 94 best: 364.2 mean: 404.64378109452736
gen: 95 best: 364.2 mean: 404.24278606965174
gen: 96 best: 364.2 mean: 403.62537313432836
gen: 97 best: 364.2 mean: 404.64029850746266
gen: 98 best: 364.2 mean: 404.06517412935324
gen: 99 best: 364.2 mean: 404.01194029850745
[8, 10, 9, 10, 9, 9, 9, 11, 9, 11, 11, 10, 10, 10, 10, 9, 9, 8, 9, 9, 9, 9, 12, 9, 8, 12, 9, 10, 10, 8, 11, 10, 13, 9, 11, 10, 8, 9, 8, 11, 11, 10, 8, 11, 9, 13, 10, 9, 10, 9]
Test count of edges: 2307
cat
