Defaulting to user installation because normal site-packages is not writeable
Looking in links: /cvmfs/soft.computecanada.ca/custom/python/wheelhouse/gentoo/avx2, /cvmfs/soft.computecanada.ca/custom/python/wheelhouse/gentoo/generic, /cvmfs/soft.computecanada.ca/custom/python/wheelhouse/generic
Requirement already satisfied: graphviz in /home/js17sy/.local/lib/python3.10/site-packages (0.20)
552; python ga.py 5 768N_graph5.dat 0.1 0.04 0.5 0.5 0.5 201 768N_graph5leerygen1rem50_ 342732
/project/6008788/js17sy/reopenga/768a/ga.py:291: DeprecationWarning: Sampling from a set deprecated
since Python 3.9 and will be removed in a subsequent version.
  child1 = set(random.sample(
gen >0, new best = 516.000
gen >0, new best = 513.900
gen >0, new best = 498.400
gen >0, new best = 497.700
gen >0, new best = 495.000
gen >0, new best = 481.600
gen: 0 best: 481.6 mean: 516.189552238806
gen: 1 best: 481.6 mean: 515.0606965174129
gen: 2 best: 481.6 mean: 515.018407960199
gen: 3 best: 481.6 mean: 513.5179104477612
gen: 4 best: 481.6 mean: 513.5567164179105
gen: 5 best: 481.6 mean: 512.8537313432836
gen: 6 best: 481.6 mean: 511.6268656716418
gen: 7 best: 481.6 mean: 509.46666666666664
gen: 8 best: 481.6 mean: 508.2686567164179
gen: 9 best: 481.6 mean: 509.5014925373134
gen: 10 best: 481.6 mean: 508.90597014925373
gen: 11 best: 481.6 mean: 508.1427860696517
gen >12, new best = 479.900
gen: 12 best: 479.9 mean: 507.9218905472637
gen: 13 best: 479.9 mean: 506.9865671641791
gen: 14 best: 479.9 mean: 507.2681592039801
gen: 15 best: 479.9 mean: 506.0731343283582
gen: 16 best: 479.9 mean: 506.13283582089554
gen: 17 best: 479.9 mean: 505.1268656716418
gen: 18 best: 479.9 mean: 505.6855721393035
gen >19, new best = 478.700
gen: 19 best: 478.7 mean: 503.3174129353234
gen: 20 best: 478.7 mean: 503.90597014925373
gen: 21 best: 478.7 mean: 503.3134328358209
gen >22, new best = 478.200
gen: 22 best: 478.2 mean: 501.7512437810945
gen: 23 best: 478.2 mean: 502.11243781094527
gen >24, new best = 476.100
gen: 24 best: 476.1 mean: 500.7213930348259
gen: 25 best: 476.1 mean: 498.5935323383085
gen >26, new best = 469.800
gen: 26 best: 469.8 mean: 499.6487562189055
gen: 27 best: 469.8 mean: 499.4248756218905
gen: 28 best: 469.8 mean: 499.2029850746269
gen: 29 best: 469.8 mean: 497.85621890547264
gen: 30 best: 469.8 mean: 497.83980099502486
gen: 31 best: 469.8 mean: 497.00995024875624
gen: 32 best: 469.8 mean: 496.1457711442786
gen: 33 best: 469.8 mean: 495.5955223880597
gen: 34 best: 469.8 mean: 495.807960199005
gen: 35 best: 469.8 mean: 496.0179104477612
gen: 36 best: 469.8 mean: 495.83432835820895
gen: 37 best: 469.8 mean: 495.0149253731343
gen: 38 best: 469.8 mean: 496.11592039800996
gen >39, new best = 468.600
gen: 39 best: 468.6 mean: 494.6412935323383
gen: 40 best: 468.6 mean: 493.8810945273632
gen: 41 best: 468.6 mean: 492.9830845771144
gen: 42 best: 468.6 mean: 494.75174129353235
gen: 43 best: 468.6 mean: 492.61641791044775
gen >44, new best = 467.800
gen: 44 best: 467.8 mean: 492.61990049751245
gen: 45 best: 467.8 mean: 493.0039800995025
gen: 46 best: 467.8 mean: 493.3810945273632
gen >47, new best = 464.500
gen: 47 best: 464.5 mean: 493.4800995024876
gen >48, new best = 464.000
gen: 48 best: 464.0 mean: 491.92885572139306
gen: 49 best: 464.0 mean: 491.6099502487562
gen: 50 best: 464.0 mean: 490.95174129353234
gen >51, new best = 456.500
gen: 51 best: 456.5 mean: 491.72587064676617
gen: 52 best: 456.5 mean: 490.85970149253734
gen: 53 best: 456.5 mean: 490.5776119402985
gen: 54 best: 456.5 mean: 490.7034825870647
gen: 55 best: 456.5 mean: 489.97562189054725
gen: 56 best: 456.5 mean: 491.536815920398
gen: 57 best: 456.5 mean: 490.2139303482587
gen: 58 best: 456.5 mean: 490.3278606965174
gen: 59 best: 456.5 mean: 488.67512437810944
gen: 60 best: 456.5 mean: 489.3114427860697
gen: 61 best: 456.5 mean: 487.8358208955224
gen: 62 best: 456.5 mean: 488.3990049751244
gen: 63 best: 456.5 mean: 488.41990049751246
gen: 64 best: 456.5 mean: 488.8363184079602
gen >65, new best = 455.000
gen: 65 best: 455.0 mean: 487.2402985074627
gen: 66 best: 455.0 mean: 487.66616915422884
gen: 67 best: 455.0 mean: 486.79203980099504
gen: 68 best: 455.0 mean: 487.0676616915423
gen: 69 best: 455.0 mean: 487.7318407960199
gen: 70 best: 455.0 mean: 487.52885572139303
gen: 71 best: 455.0 mean: 487.8731343283582
gen: 72 best: 455.0 mean: 488.07412935323384
gen: 73 best: 455.0 mean: 487.24776119402986
gen: 74 best: 455.0 mean: 488.2199004975124
gen: 75 best: 455.0 mean: 487.3791044776119
gen: 76 best: 455.0 mean: 486.70746268656717
gen: 77 best: 455.0 mean: 487.3298507462687
gen: 78 best: 455.0 mean: 487.0278606965174
gen: 79 best: 455.0 mean: 487.228855721393
gen: 80 best: 455.0 mean: 487.84875621890546
gen: 81 best: 455.0 mean: 487.0696517412935
gen: 82 best: 455.0 mean: 486.4671641791045
gen: 83 best: 455.0 mean: 485.82935323383083
gen: 84 best: 455.0 mean: 486.4089552238806
gen: 85 best: 455.0 mean: 486.9781094527363
gen: 86 best: 455.0 mean: 485.4268656716418
gen: 87 best: 455.0 mean: 484.6776119402985
gen: 88 best: 455.0 mean: 486.1169154228856
gen: 89 best: 455.0 mean: 485.7089552238806
gen: 90 best: 455.0 mean: 485.3189054726368
gen: 91 best: 455.0 mean: 485.0407960199005
gen: 92 best: 455.0 mean: 485.42039800995025
gen: 93 best: 455.0 mean: 484.710447761194
gen: 94 best: 455.0 mean: 484.56169154228854
gen: 95 best: 455.0 mean: 484.9174129353234
gen >96, new best = 453.600
gen: 96 best: 453.6 mean: 484.56467661691545
gen: 97 best: 453.6 mean: 484.4089552238806
gen: 98 best: 453.6 mean: 483.6517412935323
gen: 99 best: 453.6 mean: 485.15671641791045
[7, 7, 7, 7, 7, 7, 6, 7, 7, 7, 7, 7, 7, 8, 7, 7, 7, 7, 7, 8, 7, 6, 7, 7, 6, 7, 7, 7, 7, 7, 7, 7, 7, 7, 7, 7, 7, 7, 7, 7, 7, 7, 7, 7, 7, 7, 6, 7, 7, 6]
Test count of edges: 2345
cat
