Defaulting to user installation because normal site-packages is not writeable
Looking in links: /cvmfs/soft.computecanada.ca/custom/python/wheelhouse/gentoo/avx2, /cvmfs/soft.computecanada.ca/custom/python/wheelhouse/gentoo/generic, /cvmfs/soft.computecanada.ca/custom/python/wheelhouse/generic
Requirement already satisfied: graphviz in /home/js17sy/.local/lib/python3.10/site-packages (0.20)
315; python ga.py 5 768N_graph5.dat 0.05 0.02 0.7 0.7 0.3 201 768N_graph5mediumgen2rem70_ 428415
/project/6008788/js17sy/reopenga/768a/ga.py:291: DeprecationWarning: Sampling from a set deprecated
since Python 3.9 and will be removed in a subsequent version.
  child1 = set(random.sample(
gen >0, new best = 481.600
gen >0, new best = 477.800
gen >0, new best = 457.000
gen >0, new best = 447.800
gen >0, new best = 430.900
gen >0, new best = 417.500
gen: 0 best: 417.5 mean: 486.1900497512438
gen >1, new best = 412.800
gen >1, new best = 409.600
gen >1, new best = 394.900
gen: 1 best: 394.9 mean: 477.08507462686566
gen: 2 best: 394.9 mean: 473.7084577114428
gen: 3 best: 394.9 mean: 471.173631840796
gen >4, new best = 389.100
gen >4, new best = 375.100
gen: 4 best: 375.1 mean: 467.88009950248755
gen: 5 best: 375.1 mean: 458.9412935323383
gen >6, new best = 374.000
gen: 6 best: 374.0 mean: 456.4820895522388
gen: 7 best: 374.0 mean: 450.8094527363184
gen: 8 best: 374.0 mean: 450.5676616915423
gen: 9 best: 374.0 mean: 451.77960199004974
gen: 10 best: 374.0 mean: 446.163184079602
gen: 11 best: 374.0 mean: 448.0950248756219
gen >12, new best = 372.700
gen: 12 best: 372.7 mean: 443.3716417910448
gen: 13 best: 372.7 mean: 436.50995024875624
gen: 14 best: 372.7 mean: 432.55174129353236
gen >15, new best = 350.500
gen: 15 best: 350.5 mean: 432.92935323383085
gen: 16 best: 350.5 mean: 432.03432835820894
gen: 17 best: 350.5 mean: 427.73383084577114
gen: 18 best: 350.5 mean: 425.0223880597015
gen: 19 best: 350.5 mean: 429.23880597014926
gen: 20 best: 350.5 mean: 424.15621890547266
gen: 21 best: 350.5 mean: 421.2746268656716
gen: 22 best: 350.5 mean: 418.80348258706465
gen: 23 best: 350.5 mean: 420.8144278606965
gen: 24 best: 350.5 mean: 417.27014925373135
gen >25, new best = 347.200
gen: 25 best: 347.2 mean: 414.7268656716418
gen >26, new best = 337.100
gen: 26 best: 337.1 mean: 415.0328358208955
gen: 27 best: 337.1 mean: 413.2915422885572
gen: 28 best: 337.1 mean: 410.14726368159205
gen: 29 best: 337.1 mean: 408.8850746268657
gen: 30 best: 337.1 mean: 410.3865671641791
gen: 31 best: 337.1 mean: 407.1850746268657
gen: 32 best: 337.1 mean: 405.73731343283583
gen: 33 best: 337.1 mean: 403.981592039801
gen: 34 best: 337.1 mean: 401.41592039801
gen: 35 best: 337.1 mean: 400.9228855721393
gen: 36 best: 337.1 mean: 397.25522388059704
gen: 37 best: 337.1 mean: 397.644776119403
gen: 38 best: 337.1 mean: 395.8457711442786
gen: 39 best: 337.1 mean: 397.03980099502485
gen: 40 best: 337.1 mean: 395.4636815920398
gen >41, new best = 336.800
gen: 41 best: 336.8 mean: 394.93830845771146
gen: 42 best: 336.8 mean: 394.1373134328358
gen: 43 best: 336.8 mean: 395.7358208955224
gen: 44 best: 336.8 mean: 391.4721393034826
gen: 45 best: 336.8 mean: 391.1721393034826
gen: 46 best: 336.8 mean: 390.6338308457711
gen: 47 best: 336.8 mean: 391.64925373134326
gen >48, new best = 332.700
gen: 48 best: 332.7 mean: 389.8547263681592
gen: 49 best: 332.7 mean: 390.0995024875622
gen: 50 best: 332.7 mean: 389.12537313432836
gen: 51 best: 332.7 mean: 387.45870646766167
gen: 52 best: 332.7 mean: 387.3845771144279
gen: 53 best: 332.7 mean: 387.35572139303486
gen: 54 best: 332.7 mean: 385.50845771144276
gen: 55 best: 332.7 mean: 386.4810945273632
gen: 56 best: 332.7 mean: 385.63084577114427
gen >57, new best = 329.600
gen: 57 best: 329.6 mean: 387.84328358208955
gen: 58 best: 329.6 mean: 384.0965174129353
gen: 59 best: 329.6 mean: 386.2835820895522
gen: 60 best: 329.6 mean: 386.4432835820896
gen: 61 best: 329.6 mean: 388.281592039801
gen: 62 best: 329.6 mean: 386.1338308457712
gen: 63 best: 329.6 mean: 383.4965174129353
gen: 64 best: 329.6 mean: 386.4592039800995
gen >65, new best = 325.800
gen: 65 best: 325.8 mean: 383.67860696517414
gen: 66 best: 325.8 mean: 386.25771144278605
gen >67, new best = 321.600
gen: 67 best: 321.6 mean: 383.9577114427861
gen: 68 best: 321.6 mean: 384.1044776119403
gen: 69 best: 321.6 mean: 384.69751243781093
gen: 70 best: 321.6 mean: 381.5855721393035
gen: 71 best: 321.6 mean: 381.4268656716418
gen: 72 best: 321.6 mean: 383.0970149253731
gen: 73 best: 321.6 mean: 383.1796019900498
gen: 74 best: 321.6 mean: 382.3572139303483
gen: 75 best: 321.6 mean: 379.95174129353234
gen: 76 best: 321.6 mean: 384.3203980099502
gen: 77 best: 321.6 mean: 384.56169154228854
gen: 78 best: 321.6 mean: 382.09751243781096
gen: 79 best: 321.6 mean: 383.08009950248754
gen: 80 best: 321.6 mean: 379.673631840796
gen: 81 best: 321.6 mean: 382.42537313432837
gen: 82 best: 321.6 mean: 380.0437810945274
gen: 83 best: 321.6 mean: 379.8442786069652
gen: 84 best: 321.6 mean: 383.1487562189055
gen: 85 best: 321.6 mean: 380.05721393034827
gen: 86 best: 321.6 mean: 379.1517412935323
gen: 87 best: 321.6 mean: 379.7139303482587
gen: 88 best: 321.6 mean: 379.66965174129353
gen: 89 best: 321.6 mean: 379.8592039800995
gen: 90 best: 321.6 mean: 378.6149253731343
gen: 91 best: 321.6 mean: 377.88009950248755
gen: 92 best: 321.6 mean: 377.5169154228856
gen: 93 best: 321.6 mean: 375.6960199004975
gen: 94 best: 321.6 mean: 378.20248756218905
gen: 95 best: 321.6 mean: 379.7636815920398
gen >96, new best = 306.500
gen: 96 best: 306.5 mean: 378.47014925373134
gen: 97 best: 306.5 mean: 377.8626865671642
gen: 98 best: 306.5 mean: 376.85820895522386
gen: 99 best: 306.5 mean: 377.5452736318408
[8, 7, 7, 4, 7, 7, 7, 7, 9, 6, 7, 7, 10, 10, 7, 8, 7, 6, 7, 7, 6, 7, 7, 6, 6, 6, 7, 7, 6, 7, 7, 8, 7, 7, 7, 7, 6, 7, 7, 7, 7, 7, 7, 6, 7, 7, 7, 6, 7, 6]
Test count of edges: 1406
cat
