Defaulting to user installation because normal site-packages is not writeable
Looking in links: /cvmfs/soft.computecanada.ca/custom/python/wheelhouse/gentoo/avx2, /cvmfs/soft.computecanada.ca/custom/python/wheelhouse/gentoo/generic, /cvmfs/soft.computecanada.ca/custom/python/wheelhouse/generic
Requirement already satisfied: graphviz in /home/js17sy/.local/lib/python3.10/site-packages (0.20)
131; python ga.py 5 768N_graph5.dat 0.025 0.01 0.7 0.7 0.3 201 768N_graph5strictgen2rem70_ 314171
/project/6008788/js17sy/reopenga/768a/ga.py:291: DeprecationWarning: Sampling from a set deprecated
since Python 3.9 and will be removed in a subsequent version.
  child1 = set(random.sample(
gen >0, new best = 568.300
gen >0, new best = 520.500
gen >0, new best = 492.100
gen >0, new best = 421.500
gen >0, new best = 417.300
gen >0, new best = 406.500
gen >0, new best = 398.200
gen: 0 best: 398.2 mean: 502.4691542288557
gen >1, new best = 396.500
gen: 1 best: 396.5 mean: 497.31641791044774
gen >2, new best = 391.600
gen >2, new best = 368.200
gen: 2 best: 368.2 mean: 481.3228855721393
gen >3, new best = 361.500
gen >3, new best = 344.200
gen: 3 best: 344.2 mean: 471.80248756218907
gen: 4 best: 344.2 mean: 463.65323383084575
gen: 5 best: 344.2 mean: 450.2766169154229
gen: 6 best: 344.2 mean: 447.0716417910448
gen: 7 best: 344.2 mean: 444.66965174129353
gen >8, new best = 311.000
gen: 8 best: 311.0 mean: 434.23333333333335
gen: 9 best: 311.0 mean: 427.0721393034826
gen >10, new best = 303.300
gen: 10 best: 303.3 mean: 420.836815920398
gen >11, new best = 295.800
gen: 11 best: 295.8 mean: 413.23880597014926
gen: 12 best: 295.8 mean: 407.8273631840796
gen: 13 best: 295.8 mean: 406.73731343283583
gen: 14 best: 295.8 mean: 403.98258706467664
gen: 15 best: 295.8 mean: 402.11243781094527
gen: 16 best: 295.8 mean: 397.7213930348259
gen: 17 best: 295.8 mean: 394.86517412935325
gen >18, new best = 267.700
gen: 18 best: 267.7 mean: 385.31940298507465
gen: 19 best: 267.7 mean: 387.571144278607
gen: 20 best: 267.7 mean: 382.2582089552239
gen: 21 best: 267.7 mean: 373.2437810945274
gen: 22 best: 267.7 mean: 373.74427860696517
gen: 23 best: 267.7 mean: 371.80099502487565
gen: 24 best: 267.7 mean: 369.3004975124378
gen: 25 best: 267.7 mean: 367.7129353233831
gen: 26 best: 267.7 mean: 359.92537313432837
gen: 27 best: 267.7 mean: 361.863184079602
gen: 28 best: 267.7 mean: 360.50845771144276
gen: 29 best: 267.7 mean: 359.7497512437811
gen: 30 best: 267.7 mean: 356.67164179104475
gen >31, new best = 265.700
gen: 31 best: 265.7 mean: 350.0905472636816
gen >32, new best = 256.900
gen: 32 best: 256.9 mean: 348.96567164179106
gen: 33 best: 256.9 mean: 356.2676616915423
gen: 34 best: 256.9 mean: 352.89253731343285
gen: 35 best: 256.9 mean: 353.81044776119404
gen: 36 best: 256.9 mean: 349.87512437810943
gen: 37 best: 256.9 mean: 349.444776119403
gen: 38 best: 256.9 mean: 348.4582089552239
gen: 39 best: 256.9 mean: 347.89452736318407
gen: 40 best: 256.9 mean: 350.0034825870647
gen: 41 best: 256.9 mean: 344.79751243781095
gen: 42 best: 256.9 mean: 344.6497512437811
gen: 43 best: 256.9 mean: 345.065671641791
gen: 44 best: 256.9 mean: 348.30099502487565
gen: 45 best: 256.9 mean: 343.1905472636816
gen: 46 best: 256.9 mean: 341.6761194029851
gen: 47 best: 256.9 mean: 340.8825870646766
gen: 48 best: 256.9 mean: 340.5383084577114
gen: 49 best: 256.9 mean: 338.06318407960197
gen: 50 best: 256.9 mean: 339.6810945273632
gen: 51 best: 256.9 mean: 337.76467661691544
gen: 52 best: 256.9 mean: 341.8606965174129
gen: 53 best: 256.9 mean: 336.8726368159204
gen: 54 best: 256.9 mean: 337.73830845771147
gen: 55 best: 256.9 mean: 334.99203980099503
gen: 56 best: 256.9 mean: 337.1044776119403
gen: 57 best: 256.9 mean: 338.22935323383086
gen: 58 best: 256.9 mean: 333.3298507462687
gen: 59 best: 256.9 mean: 335.8457711442786
gen: 60 best: 256.9 mean: 336.47562189054725
gen: 61 best: 256.9 mean: 333.57462686567163
gen: 62 best: 256.9 mean: 332.3995024875622
gen: 63 best: 256.9 mean: 332.789552238806
gen: 64 best: 256.9 mean: 332.1776119402985
gen: 65 best: 256.9 mean: 335.9835820895522
gen: 66 best: 256.9 mean: 337.41293532338307
gen: 67 best: 256.9 mean: 329.4189054726368
gen: 68 best: 256.9 mean: 330.09303482587063
gen: 69 best: 256.9 mean: 329.2651741293532
gen: 70 best: 256.9 mean: 330.53034825870645
gen: 71 best: 256.9 mean: 328.0407960199005
gen: 72 best: 256.9 mean: 330.0054726368159
gen: 73 best: 256.9 mean: 327.3587064676617
gen: 74 best: 256.9 mean: 331.88557213930346
gen: 75 best: 256.9 mean: 328.38905472636816
gen: 76 best: 256.9 mean: 325.9855721393035
gen: 77 best: 256.9 mean: 326.7950248756219
gen: 78 best: 256.9 mean: 329.4691542288557
gen: 79 best: 256.9 mean: 327.12139303482587
gen: 80 best: 256.9 mean: 327.24776119402986
gen: 81 best: 256.9 mean: 325.81592039800995
gen: 82 best: 256.9 mean: 323.9985074626866
gen: 83 best: 256.9 mean: 329.29800995024874
gen: 84 best: 256.9 mean: 330.36567164179104
gen: 85 best: 256.9 mean: 329.61144278606963
gen: 86 best: 256.9 mean: 324.83482587064674
gen: 87 best: 256.9 mean: 326.40746268656716
gen: 88 best: 256.9 mean: 327.8646766169154
gen: 89 best: 256.9 mean: 326.0452736318408
gen: 90 best: 256.9 mean: 326.3412935323383
gen: 91 best: 256.9 mean: 327.44726368159206
gen: 92 best: 256.9 mean: 324.27064676616914
gen: 93 best: 256.9 mean: 328.8169154228856
gen: 94 best: 256.9 mean: 328.2313432835821
gen: 95 best: 256.9 mean: 326.7656716417911
gen: 96 best: 256.9 mean: 323.66915422885575
gen: 97 best: 256.9 mean: 324.69353233830844
gen: 98 best: 256.9 mean: 323.4766169154229
gen: 99 best: 256.9 mean: 321.5880597014925
[8, 9, 9, 10, 12, 11, 8, 10, 10, 7, 9, 9, 8, 7, 9, 7, 8, 7, 9, 9, 12, 9, 8, 7, 9, 8, 8, 8, 8, 11, 9, 8, 8, 7, 8, 10, 9, 9, 10, 8, 8, 11, 11, 8, 9, 9, 7, 10, 13, 10]
Test count of edges: 1390
cat
