Defaulting to user installation because normal site-packages is not writeable
Looking in links: /cvmfs/soft.computecanada.ca/custom/python/wheelhouse/gentoo/avx2, /cvmfs/soft.computecanada.ca/custom/python/wheelhouse/gentoo/generic, /cvmfs/soft.computecanada.ca/custom/python/wheelhouse/generic
Requirement already satisfied: graphviz in /home/js17sy/.local/lib/python3.10/site-packages (0.20)
327; python ga.py 5 768N_graph5.dat 0.05 0.02 0.7 0.7 0.3 201 768N_graph5mediumgen2rem70_ 771147
/project/6008788/js17sy/reopenga/768a/ga.py:291: DeprecationWarning: Sampling from a set deprecated
since Python 3.9 and will be removed in a subsequent version.
  child1 = set(random.sample(
gen >0, new best = 490.400
gen >0, new best = 467.100
gen >0, new best = 438.200
gen >0, new best = 436.900
gen >0, new best = 423.100
gen >0, new best = 409.800
gen: 0 best: 409.8 mean: 487.26069651741295
gen >1, new best = 408.700
gen >1, new best = 407.700
gen >1, new best = 391.800
gen: 1 best: 391.8 mean: 479.92935323383085
gen: 2 best: 391.8 mean: 474.881592039801
gen: 3 best: 391.8 mean: 470.0074626865672
gen: 4 best: 391.8 mean: 465.1154228855721
gen >5, new best = 381.100
gen: 5 best: 381.1 mean: 462.17462686567166
gen: 6 best: 381.1 mean: 462.61592039800996
gen: 7 best: 381.1 mean: 455.00646766169154
gen: 8 best: 381.1 mean: 453.41094527363185
gen: 9 best: 381.1 mean: 445.15621890547266
gen >10, new best = 373.800
gen: 10 best: 373.8 mean: 440.81094527363183
gen >11, new best = 359.100
gen: 11 best: 359.1 mean: 441.1208955223881
gen: 12 best: 359.1 mean: 437.36915422885573
gen >13, new best = 355.600
gen: 13 best: 355.6 mean: 434.92089552238804
gen: 14 best: 355.6 mean: 436.78855721393035
gen: 15 best: 355.6 mean: 432.934328358209
gen: 16 best: 355.6 mean: 428.565671641791
gen: 17 best: 355.6 mean: 427.7084577114428
gen: 18 best: 355.6 mean: 423.03731343283584
gen: 19 best: 355.6 mean: 422.644776119403
gen: 20 best: 355.6 mean: 419.6796019900498
gen: 21 best: 355.6 mean: 423.6353233830846
gen: 22 best: 355.6 mean: 419.8318407960199
gen >23, new best = 354.200
gen >23, new best = 345.200
gen: 23 best: 345.2 mean: 415.3019900497512
gen: 24 best: 345.2 mean: 413.91094527363185
gen: 25 best: 345.2 mean: 410.3681592039801
gen: 26 best: 345.2 mean: 406.81194029850747
gen >27, new best = 341.900
gen: 27 best: 341.9 mean: 411.1646766169154
gen: 28 best: 341.9 mean: 408.7144278606965
gen: 29 best: 341.9 mean: 406.3666666666667
gen: 30 best: 341.9 mean: 407.6044776119403
gen: 31 best: 341.9 mean: 405.41144278606964
gen: 32 best: 341.9 mean: 406.28308457711444
gen: 33 best: 341.9 mean: 400.9681592039801
gen: 34 best: 341.9 mean: 403.4497512437811
gen >35, new best = 339.000
gen: 35 best: 339.0 mean: 400.163184079602
gen: 36 best: 339.0 mean: 397.39303482587064
gen >37, new best = 338.400
gen: 37 best: 338.4 mean: 398.75721393034826
gen: 38 best: 338.4 mean: 397.66169154228857
gen: 39 best: 338.4 mean: 400.3373134328358
gen: 40 best: 338.4 mean: 395.4283582089552
gen: 41 best: 338.4 mean: 396.30845771144277
gen: 42 best: 338.4 mean: 395.7457711442786
gen: 43 best: 338.4 mean: 394.4810945273632
gen: 44 best: 338.4 mean: 389.3661691542288
gen >45, new best = 335.500
gen: 45 best: 335.5 mean: 394.0139303482587
gen >46, new best = 329.700
gen: 46 best: 329.7 mean: 390.1641791044776
gen: 47 best: 329.7 mean: 392.64378109452736
gen: 48 best: 329.7 mean: 394.71194029850744
gen: 49 best: 329.7 mean: 393.16069651741293
gen: 50 best: 329.7 mean: 392.99701492537315
gen: 51 best: 329.7 mean: 392.4636815920398
gen: 52 best: 329.7 mean: 394.7487562189055
gen: 53 best: 329.7 mean: 392.7457711442786
gen: 54 best: 329.7 mean: 392.10696517412936
gen: 55 best: 329.7 mean: 391.8004975124378
gen: 56 best: 329.7 mean: 388.1169154228856
gen: 57 best: 329.7 mean: 388.6452736318408
gen: 58 best: 329.7 mean: 387.32935323383083
gen >59, new best = 329.000
gen: 59 best: 329.0 mean: 386.02636815920397
gen: 60 best: 329.0 mean: 389.263184079602
gen: 61 best: 329.0 mean: 387.75174129353235
gen: 62 best: 329.0 mean: 385.3149253731343
gen: 63 best: 329.0 mean: 387.5502487562189
gen: 64 best: 329.0 mean: 386.97114427860697
gen: 65 best: 329.0 mean: 385.46616915422885
gen: 66 best: 329.0 mean: 384.4278606965174
gen: 67 best: 329.0 mean: 387.27363184079604
gen: 68 best: 329.0 mean: 383.102487562189
gen: 69 best: 329.0 mean: 384.94029850746267
gen: 70 best: 329.0 mean: 382.9218905472637
gen: 71 best: 329.0 mean: 383.50099502487564
gen: 72 best: 329.0 mean: 379.27064676616914
gen: 73 best: 329.0 mean: 382.1353233830846
gen: 74 best: 329.0 mean: 379.17661691542287
gen: 75 best: 329.0 mean: 380.61990049751245
gen: 76 best: 329.0 mean: 379.747263681592
gen: 77 best: 329.0 mean: 378.3860696517413
gen: 78 best: 329.0 mean: 379.1487562189055
gen: 79 best: 329.0 mean: 378.39850746268655
gen: 80 best: 329.0 mean: 379.58855721393036
gen: 81 best: 329.0 mean: 379.10895522388057
gen: 82 best: 329.0 mean: 378.3970149253731
gen: 83 best: 329.0 mean: 377.8492537313433
gen: 84 best: 329.0 mean: 376.1597014925373
gen: 85 best: 329.0 mean: 378.0910447761194
gen: 86 best: 329.0 mean: 377.68059701492535
gen: 87 best: 329.0 mean: 378.6154228855721
gen >88, new best = 325.800
gen: 88 best: 325.8 mean: 377.06069651741296
gen: 89 best: 325.8 mean: 376.38407960199004
gen >90, new best = 324.600
gen: 90 best: 324.6 mean: 376.92537313432837
gen: 91 best: 324.6 mean: 375.9278606965174
gen: 92 best: 324.6 mean: 375.78507462686565
gen: 93 best: 324.6 mean: 375.02487562189054
gen: 94 best: 324.6 mean: 375.5532338308458
gen: 95 best: 324.6 mean: 376.38905472636816
gen: 96 best: 324.6 mean: 374.96268656716416
gen: 97 best: 324.6 mean: 376.21691542288556
gen: 98 best: 324.6 mean: 373.4965174129353
gen: 99 best: 324.6 mean: 374.39850746268655
[7, 7, 9, 7, 7, 7, 8, 7, 6, 6, 8, 6, 7, 6, 5, 7, 6, 7, 8, 8, 7, 6, 7, 8, 7, 9, 7, 6, 7, 6, 8, 8, 7, 8, 7, 6, 7, 6, 8, 6, 7, 8, 8, 7, 6, 7, 7, 6, 9, 6]
Test count of edges: 1406
cat
