Defaulting to user installation because normal site-packages is not writeable
Looking in links: /cvmfs/soft.computecanada.ca/custom/python/wheelhouse/gentoo/avx2, /cvmfs/soft.computecanada.ca/custom/python/wheelhouse/gentoo/generic, /cvmfs/soft.computecanada.ca/custom/python/wheelhouse/generic
Requirement already satisfied: graphviz in /home/js17sy/.local/lib/python3.10/site-packages (0.20)
245; python ga.py 5 768N_graph5.dat 0.05 0.02 0.5 0.9 0.1 201 768N_graph5mediumgen3rem50_ 142805
/project/6008788/js17sy/reopenga/768a/ga.py:291: DeprecationWarning: Sampling from a set deprecated
since Python 3.9 and will be removed in a subsequent version.
  child1 = set(random.sample(
gen >0, new best = 486.100
gen >0, new best = 484.000
gen >0, new best = 456.800
gen: 0 best: 456.8 mean: 486.1365671641791
gen: 1 best: 456.8 mean: 485.3726368159204
gen: 2 best: 456.8 mean: 484.1358208955224
gen: 3 best: 456.8 mean: 482.11641791044775
gen >4, new best = 456.100
gen: 4 best: 456.1 mean: 482.47711442786067
gen >5, new best = 453.000
gen: 5 best: 453.0 mean: 482.50845771144276
gen: 6 best: 453.0 mean: 481.97960199004973
gen >7, new best = 449.000
gen: 7 best: 449.0 mean: 481.00199004975127
gen: 8 best: 449.0 mean: 479.8243781094527
gen >9, new best = 444.600
gen: 9 best: 444.6 mean: 478.8587064676617
gen: 10 best: 444.6 mean: 479.2990049751244
gen: 11 best: 444.6 mean: 477.4731343283582
gen: 12 best: 444.6 mean: 476.6726368159204
gen: 13 best: 444.6 mean: 476.3422885572139
gen: 14 best: 444.6 mean: 475.3179104477612
gen: 15 best: 444.6 mean: 472.69701492537314
gen: 16 best: 444.6 mean: 472.93830845771146
gen >17, new best = 441.600
gen: 17 best: 441.6 mean: 471.51144278606967
gen: 18 best: 441.6 mean: 470.10696517412936
gen: 19 best: 441.6 mean: 469.1517412935323
gen: 20 best: 441.6 mean: 468.81940298507465
gen >21, new best = 441.400
gen: 21 best: 441.4 mean: 468.30248756218907
gen >22, new best = 441.200
gen: 22 best: 441.2 mean: 467.2089552238806
gen >23, new best = 440.600
gen: 23 best: 440.6 mean: 466.44378109452737
gen: 24 best: 440.6 mean: 465.4094527363184
gen >25, new best = 431.300
gen: 25 best: 431.3 mean: 464.8542288557214
gen: 26 best: 431.3 mean: 462.69303482587065
gen: 27 best: 431.3 mean: 461.7497512437811
gen: 28 best: 431.3 mean: 461.53781094527363
gen: 29 best: 431.3 mean: 461.90796019900495
gen: 30 best: 431.3 mean: 459.7681592039801
gen: 31 best: 431.3 mean: 459.78308457711444
gen: 32 best: 431.3 mean: 459.3442786069652
gen: 33 best: 431.3 mean: 458.1995024875622
gen: 34 best: 431.3 mean: 458.6960199004975
gen >35, new best = 430.200
gen: 35 best: 430.2 mean: 458.0497512437811
gen >36, new best = 417.400
gen: 36 best: 417.4 mean: 458.36169154228855
gen: 37 best: 417.4 mean: 456.5407960199005
gen: 38 best: 417.4 mean: 456.6701492537313
gen: 39 best: 417.4 mean: 456.3532338308458
gen: 40 best: 417.4 mean: 456.0860696517413
gen: 41 best: 417.4 mean: 454.27512437810947
gen: 42 best: 417.4 mean: 453.54676616915424
gen: 43 best: 417.4 mean: 452.90149253731346
gen: 44 best: 417.4 mean: 451.37860696517413
gen: 45 best: 417.4 mean: 452.55273631840794
gen: 46 best: 417.4 mean: 451.2990049751244
gen: 47 best: 417.4 mean: 450.74228855721395
gen: 48 best: 417.4 mean: 448.9029850746269
gen: 49 best: 417.4 mean: 449.3915422885572
gen: 50 best: 417.4 mean: 449.3169154228856
gen >51, new best = 417.100
gen: 51 best: 417.1 mean: 448.51741293532336
gen: 52 best: 417.1 mean: 448.05721393034827
gen: 53 best: 417.1 mean: 446.8412935323383
gen: 54 best: 417.1 mean: 448.6796019900498
gen: 55 best: 417.1 mean: 447.8422885572139
gen: 56 best: 417.1 mean: 447.34378109452734
gen >57, new best = 416.500
gen: 57 best: 416.5 mean: 445.5915422885572
gen: 58 best: 416.5 mean: 446.1497512437811
gen: 59 best: 416.5 mean: 445.67910447761193
gen: 60 best: 416.5 mean: 444.21343283582087
gen: 61 best: 416.5 mean: 444.2273631840796
gen: 62 best: 416.5 mean: 444.00199004975127
gen: 63 best: 416.5 mean: 443.0278606965174
gen >64, new best = 412.800
gen: 64 best: 412.8 mean: 442.6
gen: 65 best: 412.8 mean: 441.4766169154229
gen: 66 best: 412.8 mean: 440.5074626865672
gen: 67 best: 412.8 mean: 441.37661691542286
gen: 68 best: 412.8 mean: 441.47910447761194
gen: 69 best: 412.8 mean: 441.1686567164179
gen: 70 best: 412.8 mean: 440.5751243781095
gen: 71 best: 412.8 mean: 440.92537313432837
gen: 72 best: 412.8 mean: 440.47363184079603
gen: 73 best: 412.8 mean: 439.42437810945273
gen: 74 best: 412.8 mean: 439.1761194029851
gen: 75 best: 412.8 mean: 440.1820895522388
gen: 76 best: 412.8 mean: 439.8860696517413
gen >77, new best = 412.600
gen: 77 best: 412.6 mean: 438.71492537313435
gen >78, new best = 410.500
gen: 78 best: 410.5 mean: 439.63432835820896
gen: 79 best: 410.5 mean: 438.5915422885572
gen: 80 best: 410.5 mean: 438.93283582089555
gen >81, new best = 410.000
gen: 81 best: 410.0 mean: 437.85273631840795
gen: 82 best: 410.0 mean: 436.61144278606963
gen >83, new best = 409.400
gen: 83 best: 409.4 mean: 438.0855721393035
gen: 84 best: 409.4 mean: 438.0238805970149
gen: 85 best: 409.4 mean: 438.6407960199005
gen: 86 best: 409.4 mean: 438.3865671641791
gen: 87 best: 409.4 mean: 436.93134328358207
gen: 88 best: 409.4 mean: 436.9592039800995
gen: 89 best: 409.4 mean: 437.98407960199006
gen: 90 best: 409.4 mean: 436.46616915422885
gen: 91 best: 409.4 mean: 435.09452736318406
gen: 92 best: 409.4 mean: 435.20796019900496
gen: 93 best: 409.4 mean: 436.0915422885572
gen: 94 best: 409.4 mean: 435.04129353233833
gen: 95 best: 409.4 mean: 434.36517412935325
gen: 96 best: 409.4 mean: 436.0348258706468
gen >97, new best = 406.700
gen: 97 best: 406.7 mean: 435.789552238806
gen >98, new best = 404.400
gen: 98 best: 404.4 mean: 434.5189054726368
gen: 99 best: 404.4 mean: 434.434328358209
[8, 9, 7, 8, 9, 8, 9, 7, 9, 8, 7, 8, 7, 9, 8, 7, 7, 8, 9, 8, 8, 8, 8, 8, 7, 7, 8, 9, 8, 7, 8, 8, 8, 8, 8, 8, 8, 8, 8, 9, 8, 7, 8, 7, 7, 8, 7, 8, 9, 7]
Test count of edges: 2310
cat
