Defaulting to user installation because normal site-packages is not writeable
Looking in links: /cvmfs/soft.computecanada.ca/custom/python/wheelhouse/gentoo/avx2, /cvmfs/soft.computecanada.ca/custom/python/wheelhouse/gentoo/generic, /cvmfs/soft.computecanada.ca/custom/python/wheelhouse/generic
Requirement already satisfied: graphviz in /home/js17sy/.local/lib/python3.10/site-packages (0.20)
377; python ga.py 5 768N_graph5.dat 0.075 0.03 0.5 0.5 0.5 201 768N_graph5laxgen1rem50_ 485537
/project/6008788/js17sy/reopenga/768a/ga.py:291: DeprecationWarning: Sampling from a set deprecated
since Python 3.9 and will be removed in a subsequent version.
  child1 = set(random.sample(
gen >0, new best = 510.400
gen >0, new best = 500.900
gen >0, new best = 495.400
gen >0, new best = 493.100
gen >0, new best = 492.500
gen >0, new best = 483.900
gen: 0 best: 483.9 mean: 504.1634328358209
gen: 1 best: 483.9 mean: 503.93880597014925
gen >2, new best = 483.800
gen: 2 best: 483.8 mean: 503.3870646766169
gen >3, new best = 481.500
gen: 3 best: 481.5 mean: 502.0308457711443
gen >4, new best = 477.400
gen: 4 best: 477.4 mean: 501.21890547263683
gen >5, new best = 477.200
gen >5, new best = 477.000
gen: 5 best: 477.0 mean: 501.18905472636817
gen: 6 best: 477.0 mean: 500.7641791044776
gen >7, new best = 471.800
gen: 7 best: 471.8 mean: 501.1482587064677
gen: 8 best: 471.8 mean: 500.3189054726368
gen: 9 best: 471.8 mean: 499.58407960199
gen: 10 best: 471.8 mean: 500.60149253731345
gen: 11 best: 471.8 mean: 499.7034825870647
gen: 12 best: 471.8 mean: 497.6756218905473
gen: 13 best: 471.8 mean: 498.30149253731344
gen: 14 best: 471.8 mean: 496.9094527363184
gen >15, new best = 469.800
gen: 15 best: 469.8 mean: 496.7497512437811
gen: 16 best: 469.8 mean: 496.13432835820896
gen: 17 best: 469.8 mean: 495.88358208955225
gen: 18 best: 469.8 mean: 495.18457711442784
gen: 19 best: 469.8 mean: 495.6905472636816
gen: 20 best: 469.8 mean: 494.6830845771144
gen: 21 best: 469.8 mean: 494.77562189054726
gen: 22 best: 469.8 mean: 493.5626865671642
gen: 23 best: 469.8 mean: 493.38905472636816
gen: 24 best: 469.8 mean: 493.35820895522386
gen: 25 best: 469.8 mean: 493.6059701492537
gen: 26 best: 469.8 mean: 493.2194029850746
gen >27, new best = 468.500
gen: 27 best: 468.5 mean: 492.9407960199005
gen: 28 best: 468.5 mean: 492.9004975124378
gen >29, new best = 461.900
gen: 29 best: 461.9 mean: 492.4487562189055
gen: 30 best: 461.9 mean: 491.6
gen: 31 best: 461.9 mean: 491.4800995024876
gen: 32 best: 461.9 mean: 491.934328358209
gen: 33 best: 461.9 mean: 490.7731343283582
gen: 34 best: 461.9 mean: 491.18407960199005
gen: 35 best: 461.9 mean: 488.53731343283584
gen: 36 best: 461.9 mean: 490.1084577114428
gen: 37 best: 461.9 mean: 489.3900497512438
gen: 38 best: 461.9 mean: 490.2776119402985
gen: 39 best: 461.9 mean: 487.87412935323385
gen: 40 best: 461.9 mean: 488.56318407960197
gen: 41 best: 461.9 mean: 487.7621890547264
gen: 42 best: 461.9 mean: 486.70746268656717
gen: 43 best: 461.9 mean: 486.9338308457711
gen: 44 best: 461.9 mean: 486.3074626865672
gen: 45 best: 461.9 mean: 485.14228855721393
gen: 46 best: 461.9 mean: 484.4875621890547
gen: 47 best: 461.9 mean: 484.92039800995025
gen: 48 best: 461.9 mean: 484.1850746268657
gen: 49 best: 461.9 mean: 485.0437810945274
gen: 50 best: 461.9 mean: 483.6427860696517
gen: 51 best: 461.9 mean: 483.89353233830843
gen: 52 best: 461.9 mean: 483.59203980099505
gen: 53 best: 461.9 mean: 483.77064676616914
gen >54, new best = 459.600
gen: 54 best: 459.6 mean: 483.70248756218905
gen: 55 best: 459.6 mean: 483.63482587064675
gen: 56 best: 459.6 mean: 482.9089552238806
gen: 57 best: 459.6 mean: 481.7651741293532
gen: 58 best: 459.6 mean: 481.9646766169154
gen: 59 best: 459.6 mean: 481.91492537313434
gen >60, new best = 457.700
gen: 60 best: 457.7 mean: 481.3019900497512
gen: 61 best: 457.7 mean: 481.27363184079604
gen: 62 best: 457.7 mean: 479.23930348258705
gen >63, new best = 453.200
gen: 63 best: 453.2 mean: 479.5567164179104
gen: 64 best: 453.2 mean: 480.4875621890547
gen: 65 best: 453.2 mean: 479.6189054726368
gen: 66 best: 453.2 mean: 479.48059701492537
gen: 67 best: 453.2 mean: 479.50796019900497
gen >68, new best = 452.600
gen: 68 best: 452.6 mean: 479.31393034825874
gen: 69 best: 452.6 mean: 477.88955223880595
gen: 70 best: 452.6 mean: 479.04875621890545
gen: 71 best: 452.6 mean: 479.51044776119403
gen: 72 best: 452.6 mean: 478.0676616915423
gen: 73 best: 452.6 mean: 477.6497512437811
gen: 74 best: 452.6 mean: 478.2781094527363
gen: 75 best: 452.6 mean: 478.8532338308458
gen: 76 best: 452.6 mean: 478.34776119402983
gen: 77 best: 452.6 mean: 478.0592039800995
gen >78, new best = 452.100
gen: 78 best: 452.1 mean: 477.59751243781096
gen: 79 best: 452.1 mean: 477.4910447761194
gen: 80 best: 452.1 mean: 476.6945273631841
gen: 81 best: 452.1 mean: 476.8363184079602
gen: 82 best: 452.1 mean: 476.1174129353234
gen: 83 best: 452.1 mean: 476.4363184079602
gen: 84 best: 452.1 mean: 476.9124378109453
gen: 85 best: 452.1 mean: 476.38955223880595
gen: 86 best: 452.1 mean: 476.06169154228854
gen >87, new best = 446.100
gen: 87 best: 446.1 mean: 475.83432835820895
gen: 88 best: 446.1 mean: 475.2253731343284
gen: 89 best: 446.1 mean: 474.19751243781093
gen: 90 best: 446.1 mean: 474.7875621890547
gen: 91 best: 446.1 mean: 473.944776119403
gen: 92 best: 446.1 mean: 474.9865671641791
gen: 93 best: 446.1 mean: 474.6557213930348
gen: 94 best: 446.1 mean: 474.90547263681594
gen: 95 best: 446.1 mean: 475.15671641791045
gen: 96 best: 446.1 mean: 475.0567164179104
gen: 97 best: 446.1 mean: 474.1457711442786
gen: 98 best: 446.1 mean: 474.6870646766169
gen: 99 best: 446.1 mean: 474.16915422885575
[7, 8, 7, 8, 8, 7, 7, 7, 7, 7, 7, 7, 7, 7, 7, 7, 8, 7, 7, 8, 7, 7, 7, 7, 7, 7, 7, 7, 8, 7, 8, 7, 8, 7, 7, 7, 8, 7, 7, 8, 9, 8, 8, 7, 7, 7, 8, 7, 7, 8]
Test count of edges: 2339
cat
