Defaulting to user installation because normal site-packages is not writeable
Looking in links: /cvmfs/soft.computecanada.ca/custom/python/wheelhouse/gentoo/avx2, /cvmfs/soft.computecanada.ca/custom/python/wheelhouse/gentoo/generic, /cvmfs/soft.computecanada.ca/custom/python/wheelhouse/generic
Requirement already satisfied: graphviz in /home/js17sy/.local/lib/python3.10/site-packages (0.20)
507; python ga.py 5 768N_graph5.dat 0.075 0.03 0.7 0.7 0.3 201 768N_graph5laxgen2rem70_ 771147
/project/6008788/js17sy/reopenga/768a/ga.py:291: DeprecationWarning: Sampling from a set deprecated
since Python 3.9 and will be removed in a subsequent version.
  child1 = set(random.sample(
gen >0, new best = 510.200
gen >0, new best = 503.000
gen >0, new best = 477.700
gen >0, new best = 477.500
gen >0, new best = 465.000
gen >0, new best = 447.700
gen >0, new best = 444.000
gen >0, new best = 441.500
gen: 0 best: 441.5 mean: 492.54203980099504
gen >1, new best = 433.300
gen >1, new best = 422.600
gen: 1 best: 422.6 mean: 486.5323383084577
gen: 2 best: 422.6 mean: 482.22636815920396
gen: 3 best: 422.6 mean: 478.2273631840796
gen: 4 best: 422.6 mean: 473.7412935323383
gen: 5 best: 422.6 mean: 475.55970149253733
gen: 6 best: 422.6 mean: 472.68358208955226
gen >7, new best = 420.400
gen: 7 best: 420.4 mean: 468.29950248756217
gen >8, new best = 413.800
gen >8, new best = 410.600
gen: 8 best: 410.6 mean: 461.39303482587064
gen: 9 best: 410.6 mean: 461.67164179104475
gen >10, new best = 403.900
gen: 10 best: 403.9 mean: 460.6353233830846
gen: 11 best: 403.9 mean: 458.09402985074627
gen: 12 best: 403.9 mean: 459.3089552238806
gen >13, new best = 403.400
gen >13, new best = 393.600
gen: 13 best: 393.6 mean: 456.11144278606963
gen >14, new best = 380.000
gen: 14 best: 380.0 mean: 450.80845771144277
gen: 15 best: 380.0 mean: 450.29701492537316
gen: 16 best: 380.0 mean: 448.21691542288556
gen: 17 best: 380.0 mean: 444.07910447761196
gen: 18 best: 380.0 mean: 443.5353233830846
gen: 19 best: 380.0 mean: 438.7139303482587
gen: 20 best: 380.0 mean: 441.65223880597017
gen: 21 best: 380.0 mean: 439.3646766169154
gen: 22 best: 380.0 mean: 438.36517412935325
gen: 23 best: 380.0 mean: 436.4925373134328
gen: 24 best: 380.0 mean: 434.85273631840795
gen >25, new best = 376.900
gen: 25 best: 376.9 mean: 434.43283582089555
gen: 26 best: 376.9 mean: 434.59751243781096
gen: 27 best: 376.9 mean: 432.9577114427861
gen: 28 best: 376.9 mean: 434.6149253731343
gen: 29 best: 376.9 mean: 430.08855721393036
gen: 30 best: 376.9 mean: 428.80099502487565
gen: 31 best: 376.9 mean: 428.7676616915423
gen: 32 best: 376.9 mean: 429.5313432835821
gen: 33 best: 376.9 mean: 425.66965174129353
gen: 34 best: 376.9 mean: 424.71144278606965
gen: 35 best: 376.9 mean: 426.05621890547263
gen >36, new best = 366.400
gen: 36 best: 366.4 mean: 425.0781094527363
gen: 37 best: 366.4 mean: 425.50099502487564
gen: 38 best: 366.4 mean: 421.24228855721395
gen >39, new best = 366.300
gen: 39 best: 366.3 mean: 423.8482587064677
gen: 40 best: 366.3 mean: 424.5313432835821
gen: 41 best: 366.3 mean: 422.9363184079602
gen: 42 best: 366.3 mean: 422.2621890547264
gen: 43 best: 366.3 mean: 421.76666666666665
gen: 44 best: 366.3 mean: 421.41094527363185
gen: 45 best: 366.3 mean: 421.7870646766169
gen: 46 best: 366.3 mean: 422.3174129353234
gen: 47 best: 366.3 mean: 420.72587064676617
gen: 48 best: 366.3 mean: 419.2651741293532
gen: 49 best: 366.3 mean: 418.43681592039803
gen: 50 best: 366.3 mean: 418.12139303482587
gen: 51 best: 366.3 mean: 420.1587064676617
gen: 52 best: 366.3 mean: 419.0218905472637
gen >53, new best = 361.200
gen: 53 best: 361.2 mean: 419.5547263681592
gen: 54 best: 361.2 mean: 416.59303482587063
gen: 55 best: 361.2 mean: 416.4457711442786
gen: 56 best: 361.2 mean: 414.8044776119403
gen: 57 best: 361.2 mean: 415.61592039800996
gen: 58 best: 361.2 mean: 414.31542288557216
gen: 59 best: 361.2 mean: 413.5532338308458
gen: 60 best: 361.2 mean: 414.62935323383084
gen: 61 best: 361.2 mean: 413.126368159204
gen: 62 best: 361.2 mean: 415.4144278606965
gen: 63 best: 361.2 mean: 415.64179104477614
gen: 64 best: 361.2 mean: 414.4248756218905
gen: 65 best: 361.2 mean: 414.68059701492535
gen: 66 best: 361.2 mean: 413.8422885572139
gen: 67 best: 361.2 mean: 412.96616915422885
gen: 68 best: 361.2 mean: 412.16915422885575
gen: 69 best: 361.2 mean: 410.8606965174129
gen: 70 best: 361.2 mean: 410.6850746268657
gen: 71 best: 361.2 mean: 412.2144278606965
gen >72, new best = 357.500
gen: 72 best: 357.5 mean: 411.81044776119404
gen: 73 best: 357.5 mean: 410.8915422885572
gen >74, new best = 352.800
gen: 74 best: 352.8 mean: 409.0915422885572
gen: 75 best: 352.8 mean: 410.4766169154229
gen: 76 best: 352.8 mean: 408.4850746268657
gen: 77 best: 352.8 mean: 408.9706467661692
gen: 78 best: 352.8 mean: 407.7034825870647
gen: 79 best: 352.8 mean: 408.3512437810945
gen: 80 best: 352.8 mean: 408.3169154228856
gen: 81 best: 352.8 mean: 407.0696517412935
gen: 82 best: 352.8 mean: 409.2731343283582
gen: 83 best: 352.8 mean: 408.6701492537313
gen: 84 best: 352.8 mean: 408.5313432835821
gen: 85 best: 352.8 mean: 406.89104477611943
gen: 86 best: 352.8 mean: 406.7268656716418
gen: 87 best: 352.8 mean: 406.17313432835823
gen: 88 best: 352.8 mean: 405.73532338308456
gen: 89 best: 352.8 mean: 406.2716417910448
gen: 90 best: 352.8 mean: 405.34527363184077
gen: 91 best: 352.8 mean: 405.1810945273632
gen: 92 best: 352.8 mean: 407.84328358208955
gen: 93 best: 352.8 mean: 404.19154228855723
gen: 94 best: 352.8 mean: 403.91492537313434
gen: 95 best: 352.8 mean: 402.8502487562189
gen: 96 best: 352.8 mean: 406.41592039801
gen: 97 best: 352.8 mean: 405.7686567164179
gen: 98 best: 352.8 mean: 405.2621890547264
gen: 99 best: 352.8 mean: 404.5990049751244
[7, 7, 7, 6, 6, 6, 7, 6, 7, 6, 7, 6, 6, 6, 6, 7, 7, 6, 6, 6, 7, 8, 6, 7, 6, 7, 6, 6, 6, 7, 6, 6, 7, 7, 6, 7, 6, 6, 6, 6, 6, 6, 5, 7, 7, 7, 7, 7, 6, 6]
Test count of edges: 1403
cat
