Defaulting to user installation because normal site-packages is not writeable
Looking in links: /cvmfs/soft.computecanada.ca/custom/python/wheelhouse/gentoo/avx2, /cvmfs/soft.computecanada.ca/custom/python/wheelhouse/gentoo/generic, /cvmfs/soft.computecanada.ca/custom/python/wheelhouse/generic
Requirement already satisfied: graphviz in /home/js17sy/.local/lib/python3.10/site-packages (0.20)
306; python ga.py 22 256N_graph22.dat 0.05 0.02 0.7 0.7 0.3 201 256N_graph22mediumgen2rem70_ 171366
/project/6008788/js17sy/reopenga/256c/ga.py:291: DeprecationWarning: Sampling from a set deprecated
since Python 3.9 and will be removed in a subsequent version.
  child1 = set(random.sample(
gen >0, new best = 135.700
gen >0, new best = 125.400
gen >0, new best = 117.200
gen >0, new best = 113.500
gen: 0 best: 113.5 mean: 140.76641791044776
gen >1, new best = 109.000
gen >1, new best = 107.000
gen: 1 best: 107.0 mean: 138.21592039800996
gen: 2 best: 107.0 mean: 137.8597014925373
gen >3, new best = 93.600
gen: 3 best: 93.6 mean: 137.02437810945273
gen: 4 best: 93.6 mean: 136.71293532338308
gen: 5 best: 93.6 mean: 138.0457711442786
gen: 6 best: 93.6 mean: 136.0776119402985
gen: 7 best: 93.6 mean: 135.8865671641791
gen: 8 best: 93.6 mean: 134.89502487562189
gen: 9 best: 93.6 mean: 135.22089552238805
gen: 10 best: 93.6 mean: 135.18059701492538
gen: 11 best: 93.6 mean: 134.7810945273632
gen: 12 best: 93.6 mean: 133.80547263681592
gen: 13 best: 93.6 mean: 134.0129353233831
gen: 14 best: 93.6 mean: 132.6601990049751
gen >15, new best = 89.300
gen: 15 best: 89.3 mean: 132.0
gen: 16 best: 89.3 mean: 132.4457711442786
gen: 17 best: 89.3 mean: 129.87064676616916
gen: 18 best: 89.3 mean: 129.1099502487562
gen: 19 best: 89.3 mean: 131.66169154228857
gen: 20 best: 89.3 mean: 130.90547263681592
gen >21, new best = 88.400
gen: 21 best: 88.4 mean: 129.93980099502488
gen: 22 best: 88.4 mean: 129.8587064676617
gen: 23 best: 88.4 mean: 131.26069651741292
gen: 24 best: 88.4 mean: 128.74477611940299
gen: 25 best: 88.4 mean: 131.38905472636816
gen: 26 best: 88.4 mean: 129.24378109452735
gen: 27 best: 88.4 mean: 129.02636815920397
gen: 28 best: 88.4 mean: 126.7363184079602
gen: 29 best: 88.4 mean: 128.3771144278607
gen: 30 best: 88.4 mean: 127.4363184079602
gen: 31 best: 88.4 mean: 128.0776119402985
gen: 32 best: 88.4 mean: 127.35820895522389
gen: 33 best: 88.4 mean: 126.79054726368159
gen: 34 best: 88.4 mean: 126.35174129353234
gen: 35 best: 88.4 mean: 126.73233830845771
gen: 36 best: 88.4 mean: 126.42786069651741
gen: 37 best: 88.4 mean: 127.15174129353234
gen: 38 best: 88.4 mean: 127.02786069651741
gen: 39 best: 88.4 mean: 125.36467661691542
gen: 40 best: 88.4 mean: 125.48407960199005
gen: 41 best: 88.4 mean: 124.98109452736318
gen: 42 best: 88.4 mean: 127.09900497512437
gen: 43 best: 88.4 mean: 127.77562189054726
gen: 44 best: 88.4 mean: 126.90099502487563
gen: 45 best: 88.4 mean: 125.46567164179105
gen: 46 best: 88.4 mean: 125.01691542288557
gen: 47 best: 88.4 mean: 126.00895522388059
gen: 48 best: 88.4 mean: 124.9497512437811
gen: 49 best: 88.4 mean: 125.17213930348258
gen: 50 best: 88.4 mean: 125.23233830845771
gen: 51 best: 88.4 mean: 125.45870646766168
gen: 52 best: 88.4 mean: 124.56766169154228
gen >53, new best = 84.700
gen: 53 best: 84.7 mean: 125.00547263681592
gen: 54 best: 84.7 mean: 124.69303482587064
gen: 55 best: 84.7 mean: 122.8502487562189
gen: 56 best: 84.7 mean: 125.02636815920398
gen: 57 best: 84.7 mean: 123.77064676616915
gen: 58 best: 84.7 mean: 125.59651741293533
gen: 59 best: 84.7 mean: 123.53880597014926
gen: 60 best: 84.7 mean: 124.7228855721393
gen: 61 best: 84.7 mean: 123.23333333333333
gen: 62 best: 84.7 mean: 123.2955223880597
gen: 63 best: 84.7 mean: 124.24776119402985
gen: 64 best: 84.7 mean: 123.22338308457711
gen: 65 best: 84.7 mean: 122.77810945273632
gen: 66 best: 84.7 mean: 124.563184079602
gen: 67 best: 84.7 mean: 123.67164179104478
gen: 68 best: 84.7 mean: 122.75124378109453
gen: 69 best: 84.7 mean: 123.24179104477612
gen: 70 best: 84.7 mean: 124.64676616915423
gen: 71 best: 84.7 mean: 123.71592039800996
gen: 72 best: 84.7 mean: 122.96666666666667
gen: 73 best: 84.7 mean: 123.20597014925373
gen: 74 best: 84.7 mean: 122.22935323383085
gen: 75 best: 84.7 mean: 123.24527363184079
gen: 76 best: 84.7 mean: 123.87363184079602
gen: 77 best: 84.7 mean: 124.37014925373134
gen: 78 best: 84.7 mean: 122.81343283582089
gen: 79 best: 84.7 mean: 122.7
gen: 80 best: 84.7 mean: 123.418407960199
gen: 81 best: 84.7 mean: 121.35820895522389
gen: 82 best: 84.7 mean: 122.75671641791045
gen: 83 best: 84.7 mean: 123.16666666666667
gen: 84 best: 84.7 mean: 121.12437810945273
gen: 85 best: 84.7 mean: 122.20248756218905
gen: 86 best: 84.7 mean: 121.56218905472637
gen: 87 best: 84.7 mean: 121.45522388059702
gen >88, new best = 82.400
gen: 88 best: 82.4 mean: 121.43731343283582
gen: 89 best: 82.4 mean: 122.70348258706467
gen: 90 best: 82.4 mean: 122.47014925373134
gen: 91 best: 82.4 mean: 120.68955223880597
gen: 92 best: 82.4 mean: 120.3865671641791
gen: 93 best: 82.4 mean: 120.63283582089552
gen: 94 best: 82.4 mean: 122.80149253731344
gen: 95 best: 82.4 mean: 121.29452736318407
gen >96, new best = 80.700
gen: 96 best: 80.7 mean: 119.97562189054726
gen: 97 best: 80.7 mean: 120.52835820895523
gen: 98 best: 80.7 mean: 120.8910447761194
gen: 99 best: 80.7 mean: 119.31393034825871
[8, 11, 8, 8, 11, 7, 8, 8, 9, 8, 8, 8, 9, 7, 7, 8, 12]
Test count of edges: 479
cat
