Defaulting to user installation because normal site-packages is not writeable
Looking in links: /cvmfs/soft.computecanada.ca/custom/python/wheelhouse/gentoo/avx2, /cvmfs/soft.computecanada.ca/custom/python/wheelhouse/gentoo/generic, /cvmfs/soft.computecanada.ca/custom/python/wheelhouse/generic
Requirement already satisfied: graphviz in /home/js17sy/.local/lib/python3.10/site-packages (0.20)
254; python ga.py 22 256N_graph22.dat 0.05 0.02 0.5 0.9 0.1 201 256N_graph22mediumgen3rem50_ 399854
/project/6008788/js17sy/reopenga/256c/ga.py:291: DeprecationWarning: Sampling from a set deprecated
since Python 3.9 and will be removed in a subsequent version.
  child1 = set(random.sample(
gen >0, new best = 165.900
gen >0, new best = 160.500
gen >0, new best = 154.900
gen >0, new best = 152.100
gen >0, new best = 149.800
gen >0, new best = 147.400
gen >0, new best = 146.900
gen >0, new best = 133.300
gen: 0 best: 133.3 mean: 160.7634328358209
gen >1, new best = 132.400
gen: 1 best: 132.4 mean: 160.40597014925373
gen: 2 best: 132.4 mean: 160.2721393034826
gen: 3 best: 132.4 mean: 159.1905472636816
gen: 4 best: 132.4 mean: 159.57412935323384
gen >5, new best = 131.600
gen: 5 best: 131.6 mean: 158.55522388059703
gen: 6 best: 131.6 mean: 159.10646766169154
gen: 7 best: 131.6 mean: 158.7
gen: 8 best: 131.6 mean: 157.9084577114428
gen: 9 best: 131.6 mean: 157.82437810945274
gen >10, new best = 129.300
gen: 10 best: 129.3 mean: 156.90149253731343
gen >11, new best = 119.900
gen: 11 best: 119.9 mean: 155.96268656716418
gen: 12 best: 119.9 mean: 155.36069651741295
gen: 13 best: 119.9 mean: 155.48756218905473
gen: 14 best: 119.9 mean: 155.12935323383084
gen: 15 best: 119.9 mean: 154.96567164179103
gen: 16 best: 119.9 mean: 154.27064676616916
gen: 17 best: 119.9 mean: 154.49502487562188
gen: 18 best: 119.9 mean: 153.13482587064678
gen: 19 best: 119.9 mean: 153.41343283582088
gen: 20 best: 119.9 mean: 153.7134328358209
gen: 21 best: 119.9 mean: 153.69850746268656
gen: 22 best: 119.9 mean: 153.91990049751243
gen: 23 best: 119.9 mean: 153.0139303482587
gen: 24 best: 119.9 mean: 152.6457711442786
gen: 25 best: 119.9 mean: 152.87412935323383
gen: 26 best: 119.9 mean: 152.5452736318408
gen: 27 best: 119.9 mean: 151.57412935323384
gen: 28 best: 119.9 mean: 151.3641791044776
gen: 29 best: 119.9 mean: 151.09303482587066
gen: 30 best: 119.9 mean: 151.32885572139304
gen: 31 best: 119.9 mean: 150.62935323383084
gen: 32 best: 119.9 mean: 151.226368159204
gen: 33 best: 119.9 mean: 149.96119402985076
gen: 34 best: 119.9 mean: 150.0218905472637
gen: 35 best: 119.9 mean: 149.7268656716418
gen: 36 best: 119.9 mean: 148.51094527363185
gen >37, new best = 110.600
gen: 37 best: 110.6 mean: 148.49850746268658
gen: 38 best: 110.6 mean: 148.61243781094527
gen: 39 best: 110.6 mean: 148.31990049751244
gen: 40 best: 110.6 mean: 147.85174129353234
gen: 41 best: 110.6 mean: 147.33880597014925
gen: 42 best: 110.6 mean: 146.23582089552238
gen: 43 best: 110.6 mean: 146.79651741293532
gen: 44 best: 110.6 mean: 146.5955223880597
gen: 45 best: 110.6 mean: 145.98308457711443
gen: 46 best: 110.6 mean: 146.1592039800995
gen: 47 best: 110.6 mean: 146.49402985074627
gen: 48 best: 110.6 mean: 146.5641791044776
gen: 49 best: 110.6 mean: 145.28905472636816
gen: 50 best: 110.6 mean: 145.37611940298507
gen: 51 best: 110.6 mean: 145.27412935323383
gen: 52 best: 110.6 mean: 144.87462686567164
gen: 53 best: 110.6 mean: 144.15422885572139
gen: 54 best: 110.6 mean: 144.5318407960199
gen: 55 best: 110.6 mean: 143.93383084577115
gen: 56 best: 110.6 mean: 143.49701492537312
gen: 57 best: 110.6 mean: 143.00248756218906
gen: 58 best: 110.6 mean: 143.17363184079602
gen: 59 best: 110.6 mean: 143.7228855721393
gen: 60 best: 110.6 mean: 143.12935323383084
gen: 61 best: 110.6 mean: 142.7820895522388
gen: 62 best: 110.6 mean: 142.84378109452737
gen >63, new best = 104.200
gen: 63 best: 104.2 mean: 142.06467661691542
gen: 64 best: 104.2 mean: 143.06517412935324
gen: 65 best: 104.2 mean: 141.43482587064676
gen: 66 best: 104.2 mean: 141.75422885572138
gen: 67 best: 104.2 mean: 141.00796019900497
gen: 68 best: 104.2 mean: 141.58905472636815
gen: 69 best: 104.2 mean: 140.44328358208955
gen: 70 best: 104.2 mean: 139.17114427860696
gen: 71 best: 104.2 mean: 140.23880597014926
gen: 72 best: 104.2 mean: 140.85273631840795
gen: 73 best: 104.2 mean: 139.69651741293532
gen >74, new best = 103.100
gen: 74 best: 103.1 mean: 140.06019900497512
gen: 75 best: 103.1 mean: 139.60199004975124
gen: 76 best: 103.1 mean: 138.8726368159204
gen: 77 best: 103.1 mean: 139.72139303482587
gen: 78 best: 103.1 mean: 139.3781094527363
gen: 79 best: 103.1 mean: 138.49651741293533
gen: 80 best: 103.1 mean: 139.33084577114428
gen: 81 best: 103.1 mean: 138.0915422885572
gen: 82 best: 103.1 mean: 137.97761194029852
gen: 83 best: 103.1 mean: 138.16169154228857
gen: 84 best: 103.1 mean: 137.64378109452736
gen: 85 best: 103.1 mean: 137.08756218905472
gen: 86 best: 103.1 mean: 137.3825870646766
gen: 87 best: 103.1 mean: 136.64975124378108
gen: 88 best: 103.1 mean: 136.82935323383086
gen: 89 best: 103.1 mean: 136.90746268656716
gen: 90 best: 103.1 mean: 136.22537313432835
gen: 91 best: 103.1 mean: 137.11542288557214
gen: 92 best: 103.1 mean: 136.97412935323382
gen: 93 best: 103.1 mean: 136.2502487562189
gen: 94 best: 103.1 mean: 136.80597014925374
gen: 95 best: 103.1 mean: 137.2507462686567
gen: 96 best: 103.1 mean: 136.13084577114427
gen: 97 best: 103.1 mean: 136.7865671641791
gen: 98 best: 103.1 mean: 136.74875621890547
gen: 99 best: 103.1 mean: 136.31641791044777
[13, 10, 8, 9, 9, 11, 10, 11, 9, 11, 9, 9, 10, 9, 9, 8, 9]
Test count of edges: 760
cat
