Defaulting to user installation because normal site-packages is not writeable
Looking in links: /cvmfs/soft.computecanada.ca/custom/python/wheelhouse/gentoo/avx2, /cvmfs/soft.computecanada.ca/custom/python/wheelhouse/gentoo/generic, /cvmfs/soft.computecanada.ca/custom/python/wheelhouse/generic
Requirement already satisfied: graphviz in /home/js17sy/.local/lib/python3.10/site-packages (0.20)
284; python ga.py 22 256N_graph22.dat 0.05 0.02 0.7 0.5 0.5 201 256N_graph22mediumgen1rem70_ 399854
/project/6008788/js17sy/reopenga/256c/ga.py:291: DeprecationWarning: Sampling from a set deprecated
since Python 3.9 and will be removed in a subsequent version.
  child1 = set(random.sample(
gen >0, new best = 119.900
gen >0, new best = 117.800
gen >0, new best = 106.000
gen: 0 best: 106.0 mean: 140.1004975124378
gen: 1 best: 106.0 mean: 139.54925373134327
gen >2, new best = 97.400
gen: 2 best: 97.4 mean: 136.09751243781093
gen: 3 best: 97.4 mean: 137.50348258706467
gen: 4 best: 97.4 mean: 138.15522388059702
gen: 5 best: 97.4 mean: 137.74029850746268
gen: 6 best: 97.4 mean: 135.2950248756219
gen: 7 best: 97.4 mean: 134.9407960199005
gen: 8 best: 97.4 mean: 133.49353233830846
gen: 9 best: 97.4 mean: 134.21940298507462
gen: 10 best: 97.4 mean: 134.13482587064678
gen: 11 best: 97.4 mean: 132.63383084577114
gen: 12 best: 97.4 mean: 133.61094527363184
gen >13, new best = 96.100
gen: 13 best: 96.1 mean: 133.11094527363184
gen: 14 best: 96.1 mean: 130.42388059701491
gen: 15 best: 96.1 mean: 130.45223880597015
gen: 16 best: 96.1 mean: 130.08407960199006
gen: 17 best: 96.1 mean: 130.18258706467662
gen: 18 best: 96.1 mean: 131.06268656716418
gen: 19 best: 96.1 mean: 129.818407960199
gen: 20 best: 96.1 mean: 129.39850746268658
gen >21, new best = 93.700
gen: 21 best: 93.7 mean: 128.99353233830846
gen: 22 best: 93.7 mean: 129.14278606965175
gen: 23 best: 93.7 mean: 130.45174129353234
gen: 24 best: 93.7 mean: 128.7537313432836
gen: 25 best: 93.7 mean: 128.83383084577113
gen: 26 best: 93.7 mean: 129.99800995024876
gen: 27 best: 93.7 mean: 129.34228855721392
gen: 28 best: 93.7 mean: 128.55572139303482
gen: 29 best: 93.7 mean: 128.8641791044776
gen: 30 best: 93.7 mean: 128.61194029850748
gen: 31 best: 93.7 mean: 127.58308457711443
gen >32, new best = 91.700
gen: 32 best: 91.7 mean: 128.26865671641792
gen: 33 best: 91.7 mean: 127.60497512437811
gen: 34 best: 91.7 mean: 128.06169154228854
gen: 35 best: 91.7 mean: 126.64477611940299
gen: 36 best: 91.7 mean: 124.95572139303482
gen: 37 best: 91.7 mean: 127.76915422885573
gen: 38 best: 91.7 mean: 126.86716417910448
gen: 39 best: 91.7 mean: 127.14179104477611
gen: 40 best: 91.7 mean: 126.51940298507462
gen: 41 best: 91.7 mean: 126.33482587064677
gen >42, new best = 89.400
gen: 42 best: 89.4 mean: 127.18955223880597
gen: 43 best: 89.4 mean: 127.90348258706467
gen: 44 best: 89.4 mean: 126.1044776119403
gen: 45 best: 89.4 mean: 126.34427860696518
gen: 46 best: 89.4 mean: 125.86119402985075
gen: 47 best: 89.4 mean: 125.43781094527363
gen: 48 best: 89.4 mean: 125.62835820895522
gen: 49 best: 89.4 mean: 125.30746268656716
gen: 50 best: 89.4 mean: 125.58358208955224
gen: 51 best: 89.4 mean: 125.84228855721393
gen: 52 best: 89.4 mean: 125.65074626865672
gen: 53 best: 89.4 mean: 124.36567164179104
gen: 54 best: 89.4 mean: 124.23681592039802
gen: 55 best: 89.4 mean: 125.62587064676617
gen: 56 best: 89.4 mean: 124.48109452736318
gen: 57 best: 89.4 mean: 124.76616915422886
gen: 58 best: 89.4 mean: 124.88258706467661
gen: 59 best: 89.4 mean: 124.61592039800995
gen: 60 best: 89.4 mean: 123.61094527363184
gen: 61 best: 89.4 mean: 123.95522388059702
gen: 62 best: 89.4 mean: 124.17462686567164
gen: 63 best: 89.4 mean: 123.20348258706467
gen: 64 best: 89.4 mean: 124.32039800995025
gen: 65 best: 89.4 mean: 124.21094527363184
gen: 66 best: 89.4 mean: 124.10597014925374
gen: 67 best: 89.4 mean: 125.70199004975125
gen: 68 best: 89.4 mean: 124.19253731343284
gen: 69 best: 89.4 mean: 123.77064676616915
gen: 70 best: 89.4 mean: 123.26865671641791
gen: 71 best: 89.4 mean: 123.11940298507463
gen: 72 best: 89.4 mean: 123.95621890547264
gen: 73 best: 89.4 mean: 123.41293532338308
gen: 74 best: 89.4 mean: 123.26716417910448
gen: 75 best: 89.4 mean: 123.64477611940299
gen: 76 best: 89.4 mean: 122.82636815920398
gen: 77 best: 89.4 mean: 123.8228855721393
gen: 78 best: 89.4 mean: 121.99303482587065
gen: 79 best: 89.4 mean: 122.48805970149253
gen: 80 best: 89.4 mean: 123.37562189054727
gen: 81 best: 89.4 mean: 122.7865671641791
gen: 82 best: 89.4 mean: 123.62587064676617
gen: 83 best: 89.4 mean: 123.81243781094527
gen: 84 best: 89.4 mean: 123.0636815920398
gen: 85 best: 89.4 mean: 122.5273631840796
gen: 86 best: 89.4 mean: 123.06965174129353
gen: 87 best: 89.4 mean: 122.72487562189055
gen: 88 best: 89.4 mean: 124.15223880597014
gen: 89 best: 89.4 mean: 123.03930348258706
gen: 90 best: 89.4 mean: 124.42288557213931
gen: 91 best: 89.4 mean: 123.73781094527364
gen: 92 best: 89.4 mean: 122.9139303482587
gen: 93 best: 89.4 mean: 123.50945273631841
gen: 94 best: 89.4 mean: 123.63731343283582
gen: 95 best: 89.4 mean: 123.2910447761194
gen: 96 best: 89.4 mean: 123.31393034825871
gen: 97 best: 89.4 mean: 122.13930348258707
gen: 98 best: 89.4 mean: 122.52039800995026
gen: 99 best: 89.4 mean: 122.1776119402985
[8, 9, 8, 10, 8, 5, 12, 8, 9]
Test count of edges: 473
cat
