Defaulting to user installation because normal site-packages is not writeable
Looking in links: /cvmfs/soft.computecanada.ca/custom/python/wheelhouse/gentoo/avx2, /cvmfs/soft.computecanada.ca/custom/python/wheelhouse/gentoo/generic, /cvmfs/soft.computecanada.ca/custom/python/wheelhouse/generic
Requirement already satisfied: graphviz in /home/js17sy/.local/lib/python3.10/site-packages (0.20)
235; python ga.py 22 256N_graph22.dat 0.05 0.02 0.5 0.7 0.3 201 256N_graph22mediumgen2rem50_ 714025
/project/6008788/js17sy/reopenga/256c/ga.py:291: DeprecationWarning: Sampling from a set deprecated
since Python 3.9 and will be removed in a subsequent version.
  child1 = set(random.sample(
gen >0, new best = 157.700
gen >0, new best = 148.000
gen >0, new best = 145.200
gen >0, new best = 139.500
gen >0, new best = 129.400
gen: 0 best: 129.4 mean: 160.6547263681592
gen: 1 best: 129.4 mean: 160.50199004975124
gen: 2 best: 129.4 mean: 159.90796019900498
gen: 3 best: 129.4 mean: 160.13383084577114
gen >4, new best = 128.000
gen: 4 best: 128.0 mean: 159.56616915422885
gen: 5 best: 128.0 mean: 158.62786069651742
gen: 6 best: 128.0 mean: 158.75671641791044
gen: 7 best: 128.0 mean: 159.02437810945273
gen: 8 best: 128.0 mean: 158.41144278606964
gen: 9 best: 128.0 mean: 157.52388059701494
gen: 10 best: 128.0 mean: 156.9587064676617
gen: 11 best: 128.0 mean: 156.20348258706468
gen: 12 best: 128.0 mean: 156.69800995024875
gen: 13 best: 128.0 mean: 155.52935323383085
gen >14, new best = 124.800
gen: 14 best: 124.8 mean: 155.5726368159204
gen: 15 best: 124.8 mean: 154.92039800995025
gen: 16 best: 124.8 mean: 154.0218905472637
gen: 17 best: 124.8 mean: 155.20298507462687
gen: 18 best: 124.8 mean: 153.78557213930347
gen: 19 best: 124.8 mean: 153.8
gen >20, new best = 122.600
gen: 20 best: 122.6 mean: 153.318407960199
gen: 21 best: 122.6 mean: 152.60845771144278
gen: 22 best: 122.6 mean: 153.1676616915423
gen: 23 best: 122.6 mean: 153.93383084577115
gen: 24 best: 122.6 mean: 151.48009950248755
gen: 25 best: 122.6 mean: 153.27462686567165
gen: 26 best: 122.6 mean: 151.33731343283583
gen: 27 best: 122.6 mean: 150.54626865671642
gen: 28 best: 122.6 mean: 150.44825870646767
gen: 29 best: 122.6 mean: 150.97363184079603
gen: 30 best: 122.6 mean: 151.0721393034826
gen: 31 best: 122.6 mean: 149.47412935323382
gen: 32 best: 122.6 mean: 149.95373134328358
gen: 33 best: 122.6 mean: 149.67611940298508
gen: 34 best: 122.6 mean: 148.4313432835821
gen: 35 best: 122.6 mean: 148.981592039801
gen >36, new best = 121.800
gen >36, new best = 109.000
gen: 36 best: 109.0 mean: 147.29253731343283
gen: 37 best: 109.0 mean: 148.19004975124378
gen: 38 best: 109.0 mean: 146.96666666666667
gen: 39 best: 109.0 mean: 147.62686567164178
gen: 40 best: 109.0 mean: 146.31243781094528
gen: 41 best: 109.0 mean: 145.77462686567165
gen: 42 best: 109.0 mean: 146.18805970149253
gen: 43 best: 109.0 mean: 145.57661691542287
gen >44, new best = 104.600
gen: 44 best: 104.6 mean: 144.69353233830844
gen: 45 best: 104.6 mean: 145.81243781094528
gen: 46 best: 104.6 mean: 144.54378109452736
gen: 47 best: 104.6 mean: 143.89452736318407
gen: 48 best: 104.6 mean: 144.7507462686567
gen: 49 best: 104.6 mean: 145.07562189054727
gen: 50 best: 104.6 mean: 145.12089552238805
gen: 51 best: 104.6 mean: 144.6820895522388
gen: 52 best: 104.6 mean: 144.67462686567166
gen: 53 best: 104.6 mean: 144.70547263681593
gen: 54 best: 104.6 mean: 143.41592039800994
gen: 55 best: 104.6 mean: 143.75323383084577
gen: 56 best: 104.6 mean: 144.16218905472635
gen: 57 best: 104.6 mean: 143.3094527363184
gen: 58 best: 104.6 mean: 143.85373134328358
gen: 59 best: 104.6 mean: 142.74676616915423
gen: 60 best: 104.6 mean: 142.20149253731344
gen: 61 best: 104.6 mean: 143.7502487562189
gen: 62 best: 104.6 mean: 142.94278606965173
gen: 63 best: 104.6 mean: 142.55522388059703
gen: 64 best: 104.6 mean: 142.42636815920397
gen: 65 best: 104.6 mean: 143.3781094527363
gen: 66 best: 104.6 mean: 142.65671641791045
gen: 67 best: 104.6 mean: 142.36019900497513
gen: 68 best: 104.6 mean: 143.23681592039802
gen: 69 best: 104.6 mean: 142.53084577114427
gen: 70 best: 104.6 mean: 142.48457711442785
gen >71, new best = 103.400
gen: 71 best: 103.4 mean: 142.14228855721393
gen: 72 best: 103.4 mean: 142.69751243781096
gen: 73 best: 103.4 mean: 141.66467661691541
gen: 74 best: 103.4 mean: 141.89452736318407
gen: 75 best: 103.4 mean: 142.55572139303482
gen: 76 best: 103.4 mean: 142.69004975124378
gen: 77 best: 103.4 mean: 141.7353233830846
gen: 78 best: 103.4 mean: 141.8626865671642
gen: 79 best: 103.4 mean: 141.98407960199006
gen: 80 best: 103.4 mean: 140.45074626865673
gen: 81 best: 103.4 mean: 142.16069651741293
gen: 82 best: 103.4 mean: 142.3223880597015
gen: 83 best: 103.4 mean: 142.02985074626866
gen: 84 best: 103.4 mean: 141.7417910447761
gen: 85 best: 103.4 mean: 141.42039800995025
gen: 86 best: 103.4 mean: 141.43980099502488
gen: 87 best: 103.4 mean: 141.45223880597015
gen: 88 best: 103.4 mean: 140.53880597014924
gen: 89 best: 103.4 mean: 141.0502487562189
gen: 90 best: 103.4 mean: 141.42089552238807
gen: 91 best: 103.4 mean: 141.31990049751244
gen: 92 best: 103.4 mean: 140.09104477611942
gen: 93 best: 103.4 mean: 139.84825870646767
gen: 94 best: 103.4 mean: 140.64626865671642
gen: 95 best: 103.4 mean: 139.6547263681592
gen: 96 best: 103.4 mean: 139.82736318407962
gen: 97 best: 103.4 mean: 139.30248756218904
gen: 98 best: 103.4 mean: 140.64228855721393
gen >99, new best = 96.900
gen: 99 best: 96.9 mean: 139.89800995024876
[10, 10, 5, 9, 9, 9, 8, 11, 8, 10, 10, 11, 9, 8]
Test count of edges: 782
cat
