Defaulting to user installation because normal site-packages is not writeable
Looking in links: /cvmfs/soft.computecanada.ca/custom/python/wheelhouse/gentoo/avx2, /cvmfs/soft.computecanada.ca/custom/python/wheelhouse/gentoo/generic, /cvmfs/soft.computecanada.ca/custom/python/wheelhouse/generic
Requirement already satisfied: graphviz in /home/js17sy/.local/lib/python3.10/site-packages (0.20)
4; python ga.py 22 256N_graph22.dat 0.025 0.01 0.5 0.5 0.5 201 256N_graph22strictgen1rem50_ 114244
/project/6008788/js17sy/reopenga/256c/ga.py:291: DeprecationWarning: Sampling from a set deprecated
since Python 3.9 and will be removed in a subsequent version.
  child1 = set(random.sample(
gen >0, new best = 165.700
gen >0, new best = 136.600
gen >0, new best = 135.100
gen >0, new best = 129.700
gen >0, new best = 115.200
gen >0, new best = 101.400
gen: 0 best: 101.4 mean: 149.03532338308457
gen: 1 best: 101.4 mean: 148.78159203980098
gen: 2 best: 101.4 mean: 148.792039800995
gen >3, new best = 95.000
gen: 3 best: 95.0 mean: 148.82487562189056
gen: 4 best: 95.0 mean: 147.75870646766168
gen: 5 best: 95.0 mean: 147.60845771144278
gen: 6 best: 95.0 mean: 145.91442786069652
gen: 7 best: 95.0 mean: 146.32736318407962
gen: 8 best: 95.0 mean: 146.08308457711442
gen: 9 best: 95.0 mean: 145.70696517412935
gen: 10 best: 95.0 mean: 144.10597014925372
gen: 11 best: 95.0 mean: 146.48407960199006
gen: 12 best: 95.0 mean: 145.036815920398
gen >13, new best = 93.300
gen: 13 best: 93.3 mean: 144.9139303482587
gen: 14 best: 93.3 mean: 142.48805970149255
gen >15, new best = 87.500
gen: 15 best: 87.5 mean: 142.54328358208954
gen: 16 best: 87.5 mean: 142.2228855721393
gen: 17 best: 87.5 mean: 141.15572139303484
gen: 18 best: 87.5 mean: 143.3179104477612
gen: 19 best: 87.5 mean: 141.58805970149254
gen: 20 best: 87.5 mean: 139.6601990049751
gen >21, new best = 80.400
gen: 21 best: 80.4 mean: 138.09303482587066
gen: 22 best: 80.4 mean: 138.33781094527365
gen: 23 best: 80.4 mean: 138.28059701492538
gen: 24 best: 80.4 mean: 136.9084577114428
gen: 25 best: 80.4 mean: 134.70646766169153
gen: 26 best: 80.4 mean: 136.96268656716418
gen: 27 best: 80.4 mean: 134.38059701492537
gen: 28 best: 80.4 mean: 133.40199004975125
gen >29, new best = 75.800
gen: 29 best: 75.8 mean: 134.23830845771144
gen >30, new best = 69.600
gen >30, new best = 63.100
gen: 30 best: 63.1 mean: 133.12039800995024
gen: 31 best: 63.1 mean: 133.20099502487562
gen: 32 best: 63.1 mean: 134.90995024875622
gen: 33 best: 63.1 mean: 132.9497512437811
gen: 34 best: 63.1 mean: 131.47611940298506
gen: 35 best: 63.1 mean: 132.4597014925373
gen: 36 best: 63.1 mean: 132.7771144278607
gen: 37 best: 63.1 mean: 129.42636815920397
gen: 38 best: 63.1 mean: 129.29402985074626
gen: 39 best: 63.1 mean: 125.83432835820895
gen: 40 best: 63.1 mean: 129.20099502487562
gen: 41 best: 63.1 mean: 130.63432835820896
gen: 42 best: 63.1 mean: 129.08407960199006
gen: 43 best: 63.1 mean: 128.64228855721393
gen >44, new best = 60.200
gen: 44 best: 60.2 mean: 129.08855721393036
gen: 45 best: 60.2 mean: 127.80248756218906
gen: 46 best: 60.2 mean: 131.33333333333334
gen: 47 best: 60.2 mean: 128.08656716417912
gen: 48 best: 60.2 mean: 125.9044776119403
gen: 49 best: 60.2 mean: 129.46666666666667
gen: 50 best: 60.2 mean: 128.12537313432836
gen: 51 best: 60.2 mean: 127.50597014925373
gen: 52 best: 60.2 mean: 127.19601990049752
gen: 53 best: 60.2 mean: 124.36865671641792
gen: 54 best: 60.2 mean: 126.19601990049752
gen: 55 best: 60.2 mean: 125.50298507462686
gen: 56 best: 60.2 mean: 126.11542288557214
gen: 57 best: 60.2 mean: 123.29303482587065
gen: 58 best: 60.2 mean: 125.7358208955224
gen: 59 best: 60.2 mean: 127.00597014925373
gen >60, new best = 50.700
gen: 60 best: 50.7 mean: 122.4318407960199
gen: 61 best: 50.7 mean: 124.37761194029851
gen: 62 best: 50.7 mean: 124.89154228855722
gen: 63 best: 50.7 mean: 123.46567164179105
gen: 64 best: 50.7 mean: 124.08059701492537
gen: 65 best: 50.7 mean: 124.863184079602
gen: 66 best: 50.7 mean: 122.77611940298507
gen: 67 best: 50.7 mean: 119.54975124378109
gen: 68 best: 50.7 mean: 122.77313432835821
gen: 69 best: 50.7 mean: 122.92238805970149
gen: 70 best: 50.7 mean: 123.3681592039801
gen: 71 best: 50.7 mean: 121.66069651741293
gen: 72 best: 50.7 mean: 123.62636815920398
gen: 73 best: 50.7 mean: 121.35820895522389
gen: 74 best: 50.7 mean: 120.78059701492538
gen: 75 best: 50.7 mean: 121.47313432835821
gen: 76 best: 50.7 mean: 123.79353233830845
gen: 77 best: 50.7 mean: 122.69800995024876
gen: 78 best: 50.7 mean: 119.8223880597015
gen: 79 best: 50.7 mean: 120.27014925373135
gen: 80 best: 50.7 mean: 121.68905472636816
gen: 81 best: 50.7 mean: 122.79203980099503
gen: 82 best: 50.7 mean: 121.66417910447761
gen: 83 best: 50.7 mean: 124.50099502487562
gen >84, new best = 46.400
gen: 84 best: 46.4 mean: 121.37761194029851
gen: 85 best: 46.4 mean: 122.71243781094527
gen: 86 best: 46.4 mean: 120.66716417910447
gen: 87 best: 46.4 mean: 120.78009950248756
gen: 88 best: 46.4 mean: 122.81741293532339
gen: 89 best: 46.4 mean: 120.50348258706468
gen: 90 best: 46.4 mean: 120.70696517412935
gen: 91 best: 46.4 mean: 118.90945273631841
gen: 92 best: 46.4 mean: 120.11641791044777
gen: 93 best: 46.4 mean: 119.50298507462686
gen: 94 best: 46.4 mean: 117.2044776119403
gen: 95 best: 46.4 mean: 120.97661691542288
gen: 96 best: 46.4 mean: 121.70298507462687
gen >97, new best = 41.400
gen: 97 best: 41.4 mean: 120.48606965174129
gen: 98 best: 41.4 mean: 117.53432835820895
gen: 99 best: 41.4 mean: 120.80597014925374
[12, 4, 9, 8, 8, 4, 10, 4, 7, 17, 13, 4, 4, 7]
Test count of edges: 798
cat
