Defaulting to user installation because normal site-packages is not writeable
Looking in links: /cvmfs/soft.computecanada.ca/custom/python/wheelhouse/gentoo/avx2, /cvmfs/soft.computecanada.ca/custom/python/wheelhouse/gentoo/generic, /cvmfs/soft.computecanada.ca/custom/python/wheelhouse/generic
Requirement already satisfied: graphviz in /home/js17sy/.local/lib/python3.10/site-packages (0.20)
299; python ga.py 22 256N_graph22.dat 0.05 0.02 0.7 0.5 0.5 201 256N_graph22mediumgen1rem70_ 828269
/project/6008788/js17sy/reopenga/256c/ga.py:291: DeprecationWarning: Sampling from a set deprecated
since Python 3.9 and will be removed in a subsequent version.
  child1 = set(random.sample(
gen >0, new best = 153.100
gen >0, new best = 147.800
gen >0, new best = 118.300
gen >0, new best = 113.600
gen >0, new best = 112.600
gen >0, new best = 111.600
gen >0, new best = 111.000
gen >0, new best = 106.300
gen: 0 best: 106.3 mean: 140.0731343283582
gen >1, new best = 105.600
gen: 1 best: 105.6 mean: 138.6860696517413
gen >2, new best = 105.500
gen: 2 best: 105.5 mean: 138.96915422885573
gen >3, new best = 104.100
gen: 3 best: 104.1 mean: 137.08258706467663
gen >4, new best = 103.500
gen: 4 best: 103.5 mean: 137.14278606965175
gen: 5 best: 103.5 mean: 136.58407960199006
gen >6, new best = 99.000
gen: 6 best: 99.0 mean: 135.84577114427861
gen: 7 best: 99.0 mean: 135.12437810945275
gen: 8 best: 99.0 mean: 134.03980099502488
gen: 9 best: 99.0 mean: 133.74577114427862
gen: 10 best: 99.0 mean: 133.08258706467663
gen: 11 best: 99.0 mean: 132.17810945273632
gen: 12 best: 99.0 mean: 132.42388059701491
gen: 13 best: 99.0 mean: 131.92587064676616
gen: 14 best: 99.0 mean: 130.66616915422887
gen: 15 best: 99.0 mean: 132.45820895522388
gen: 16 best: 99.0 mean: 131.91691542288558
gen >17, new best = 95.800
gen: 17 best: 95.8 mean: 132.1174129353234
gen >18, new best = 94.200
gen: 18 best: 94.2 mean: 130.79800995024877
gen: 19 best: 94.2 mean: 130.45820895522388
gen: 20 best: 94.2 mean: 130.0721393034826
gen: 21 best: 94.2 mean: 130.2910447761194
gen: 22 best: 94.2 mean: 130.2646766169154
gen: 23 best: 94.2 mean: 129.8771144278607
gen: 24 best: 94.2 mean: 129.43283582089552
gen: 25 best: 94.2 mean: 128.33383084577113
gen: 26 best: 94.2 mean: 128.63532338308457
gen: 27 best: 94.2 mean: 127.37164179104478
gen: 28 best: 94.2 mean: 126.66965174129353
gen: 29 best: 94.2 mean: 127.51492537313433
gen: 30 best: 94.2 mean: 126.84626865671642
gen: 31 best: 94.2 mean: 126.41990049751244
gen: 32 best: 94.2 mean: 126.29552238805971
gen: 33 best: 94.2 mean: 124.31691542288557
gen >34, new best = 86.500
gen: 34 best: 86.5 mean: 125.84776119402986
gen: 35 best: 86.5 mean: 124.5223880597015
gen: 36 best: 86.5 mean: 125.64477611940299
gen: 37 best: 86.5 mean: 124.5587064676617
gen: 38 best: 86.5 mean: 124.86119402985075
gen: 39 best: 86.5 mean: 126.26666666666667
gen: 40 best: 86.5 mean: 124.82587064676616
gen: 41 best: 86.5 mean: 124.1
gen: 42 best: 86.5 mean: 125.29452736318407
gen: 43 best: 86.5 mean: 123.00796019900497
gen: 44 best: 86.5 mean: 123.96467661691543
gen: 45 best: 86.5 mean: 123.65124378109452
gen: 46 best: 86.5 mean: 124.80298507462686
gen: 47 best: 86.5 mean: 123.87960199004975
gen: 48 best: 86.5 mean: 122.85820895522389
gen: 49 best: 86.5 mean: 122.92786069651741
gen: 50 best: 86.5 mean: 122.43432835820896
gen: 51 best: 86.5 mean: 121.56915422885572
gen: 52 best: 86.5 mean: 122.92437810945273
gen: 53 best: 86.5 mean: 122.82487562189054
gen: 54 best: 86.5 mean: 122.0636815920398
gen: 55 best: 86.5 mean: 122.71243781094527
gen: 56 best: 86.5 mean: 122.22487562189055
gen: 57 best: 86.5 mean: 121.11542288557214
gen: 58 best: 86.5 mean: 121.1363184079602
gen: 59 best: 86.5 mean: 122.55721393034825
gen: 60 best: 86.5 mean: 121.48905472636815
gen: 61 best: 86.5 mean: 121.40049751243781
gen: 62 best: 86.5 mean: 120.23482587064677
gen: 63 best: 86.5 mean: 119.92039800995025
gen: 64 best: 86.5 mean: 121.31691542288557
gen: 65 best: 86.5 mean: 120.4134328358209
gen: 66 best: 86.5 mean: 120.23233830845771
gen: 67 best: 86.5 mean: 119.9771144278607
gen: 68 best: 86.5 mean: 121.0407960199005
gen: 69 best: 86.5 mean: 119.29004975124379
gen: 70 best: 86.5 mean: 120.82786069651742
gen: 71 best: 86.5 mean: 120.51393034825871
gen: 72 best: 86.5 mean: 119.21144278606965
gen: 73 best: 86.5 mean: 121.01442786069651
gen: 74 best: 86.5 mean: 119.15721393034826
gen: 75 best: 86.5 mean: 121.43582089552238
gen: 76 best: 86.5 mean: 119.23233830845771
gen: 77 best: 86.5 mean: 118.69253731343284
gen: 78 best: 86.5 mean: 120.44527363184079
gen: 79 best: 86.5 mean: 119.3547263681592
gen: 80 best: 86.5 mean: 119.1134328358209
gen: 81 best: 86.5 mean: 120.07761194029851
gen: 82 best: 86.5 mean: 119.84626865671642
gen: 83 best: 86.5 mean: 119.81492537313433
gen: 84 best: 86.5 mean: 120.0860696517413
gen: 85 best: 86.5 mean: 119.76119402985074
gen: 86 best: 86.5 mean: 120.60746268656716
gen >87, new best = 84.600
gen: 87 best: 84.6 mean: 119.4542288557214
gen: 88 best: 84.6 mean: 120.23084577114427
gen: 89 best: 84.6 mean: 118.44726368159203
gen: 90 best: 84.6 mean: 120.23084577114427
gen: 91 best: 84.6 mean: 119.57512437810945
gen: 92 best: 84.6 mean: 119.13532338308458
gen: 93 best: 84.6 mean: 119.82935323383084
gen: 94 best: 84.6 mean: 118.58457711442786
gen: 95 best: 84.6 mean: 118.22885572139303
gen: 96 best: 84.6 mean: 118.8681592039801
gen: 97 best: 84.6 mean: 118.24029850746268
gen: 98 best: 84.6 mean: 118.19004975124378
gen: 99 best: 84.6 mean: 118.59502487562189
[9, 8, 9, 8, 8, 9, 8, 8, 10, 9]
Test count of edges: 495
cat
