Defaulting to user installation because normal site-packages is not writeable
Looking in links: /cvmfs/soft.computecanada.ca/custom/python/wheelhouse/gentoo/avx2, /cvmfs/soft.computecanada.ca/custom/python/wheelhouse/gentoo/generic, /cvmfs/soft.computecanada.ca/custom/python/wheelhouse/generic
Requirement already satisfied: graphviz in /home/js17sy/.local/lib/python3.10/site-packages (0.20)
17; python ga.py 22 256N_graph22.dat 0.025 0.01 0.5 0.5 0.5 201 256N_graph22strictgen1rem50_ 485537
/project/6008788/js17sy/reopenga/256c/ga.py:291: DeprecationWarning: Sampling from a set deprecated
since Python 3.9 and will be removed in a subsequent version.
  child1 = set(random.sample(
gen >0, new best = 150.100
gen >0, new best = 139.300
gen >0, new best = 136.800
gen >0, new best = 128.500
gen >0, new best = 127.000
gen >0, new best = 123.300
gen >0, new best = 119.500
gen: 0 best: 119.5 mean: 149.3089552238806
gen: 1 best: 119.5 mean: 148.29701492537313
gen >2, new best = 116.400
gen: 2 best: 116.4 mean: 149.12388059701493
gen >3, new best = 116.100
gen >3, new best = 113.600
gen: 3 best: 113.6 mean: 148.0776119402985
gen >4, new best = 105.500
gen: 4 best: 105.5 mean: 145.24577114427862
gen: 5 best: 105.5 mean: 146.29601990049753
gen >6, new best = 104.900
gen: 6 best: 104.9 mean: 145.89900497512437
gen: 7 best: 104.9 mean: 144.74477611940299
gen: 8 best: 104.9 mean: 145.7547263681592
gen: 9 best: 104.9 mean: 144.59253731343284
gen: 10 best: 104.9 mean: 144.46218905472637
gen: 11 best: 104.9 mean: 143.11940298507463
gen >12, new best = 99.200
gen: 12 best: 99.2 mean: 143.19303482587065
gen: 13 best: 99.2 mean: 145.08507462686566
gen: 14 best: 99.2 mean: 142.71243781094526
gen: 15 best: 99.2 mean: 142.9318407960199
gen: 16 best: 99.2 mean: 141.818407960199
gen >17, new best = 92.700
gen: 17 best: 92.7 mean: 141.381592039801
gen: 18 best: 92.7 mean: 140.5129353233831
gen: 19 best: 92.7 mean: 139.87860696517413
gen >20, new best = 90.000
gen: 20 best: 90.0 mean: 138.79353233830847
gen: 21 best: 90.0 mean: 137.1865671641791
gen: 22 best: 90.0 mean: 133.73880597014926
gen: 23 best: 90.0 mean: 134.35223880597016
gen: 24 best: 90.0 mean: 134.24676616915423
gen >25, new best = 89.000
gen >25, new best = 81.200
gen: 25 best: 81.2 mean: 132.481592039801
gen: 26 best: 81.2 mean: 133.57562189054727
gen: 27 best: 81.2 mean: 132.66965174129353
gen: 28 best: 81.2 mean: 131.82139303482586
gen: 29 best: 81.2 mean: 131.63532338308457
gen: 30 best: 81.2 mean: 129.26517412935323
gen: 31 best: 81.2 mean: 130.56019900497512
gen >32, new best = 77.700
gen >32, new best = 75.500
gen: 32 best: 75.5 mean: 127.4363184079602
gen: 33 best: 75.5 mean: 127.22039800995024
gen >34, new best = 72.500
gen: 34 best: 72.5 mean: 127.97213930348259
gen: 35 best: 72.5 mean: 127.86019900497513
gen >36, new best = 71.500
gen: 36 best: 71.5 mean: 125.53134328358209
gen: 37 best: 71.5 mean: 126.7228855721393
gen: 38 best: 71.5 mean: 124.02636815920398
gen: 39 best: 71.5 mean: 124.65572139303482
gen: 40 best: 71.5 mean: 125.84328358208955
gen: 41 best: 71.5 mean: 124.61641791044777
gen: 42 best: 71.5 mean: 125.23880597014926
gen >43, new best = 70.400
gen: 43 best: 70.4 mean: 124.20149253731343
gen: 44 best: 70.4 mean: 126.31243781094527
gen: 45 best: 70.4 mean: 124.48606965174129
gen >46, new best = 69.200
gen: 46 best: 69.2 mean: 122.72238805970149
gen: 47 best: 69.2 mean: 122.9547263681592
gen: 48 best: 69.2 mean: 122.35174129353234
gen >49, new best = 59.100
gen: 49 best: 59.1 mean: 123.95970149253732
gen: 50 best: 59.1 mean: 121.82139303482587
gen: 51 best: 59.1 mean: 123.1592039800995
gen >52, new best = 53.900
gen: 52 best: 53.9 mean: 120.73283582089552
gen: 53 best: 53.9 mean: 120.16716417910447
gen: 54 best: 53.9 mean: 120.31144278606965
gen: 55 best: 53.9 mean: 123.41442786069652
gen: 56 best: 53.9 mean: 122.05273631840797
gen: 57 best: 53.9 mean: 118.79900497512438
gen: 58 best: 53.9 mean: 122.29253731343283
gen: 59 best: 53.9 mean: 120.8223880597015
gen: 60 best: 53.9 mean: 122.30547263681592
gen: 61 best: 53.9 mean: 121.37412935323383
gen: 62 best: 53.9 mean: 119.56716417910448
gen: 63 best: 53.9 mean: 119.60646766169154
gen: 64 best: 53.9 mean: 119.80199004975124
gen: 65 best: 53.9 mean: 119.48308457711443
gen: 66 best: 53.9 mean: 118.79004975124379
gen: 67 best: 53.9 mean: 115.97960199004974
gen >68, new best = 51.100
gen: 68 best: 51.1 mean: 117.59154228855722
gen: 69 best: 51.1 mean: 119.83134328358209
gen: 70 best: 51.1 mean: 118.52039800995024
gen: 71 best: 51.1 mean: 117.62636815920398
gen: 72 best: 51.1 mean: 119.7592039800995
gen: 73 best: 51.1 mean: 115.90398009950249
gen: 74 best: 51.1 mean: 117.98009950248756
gen: 75 best: 51.1 mean: 118.03980099502488
gen: 76 best: 51.1 mean: 118.91243781094528
gen: 77 best: 51.1 mean: 116.92238805970149
gen: 78 best: 51.1 mean: 118.38457711442786
gen: 79 best: 51.1 mean: 112.58308457711443
gen: 80 best: 51.1 mean: 116.76666666666667
gen: 81 best: 51.1 mean: 116.21194029850746
gen: 82 best: 51.1 mean: 115.77164179104477
gen: 83 best: 51.1 mean: 114.35273631840796
gen: 84 best: 51.1 mean: 113.96965174129353
gen: 85 best: 51.1 mean: 116.0134328358209
gen: 86 best: 51.1 mean: 116.16915422885572
gen: 87 best: 51.1 mean: 115.83383084577115
gen: 88 best: 51.1 mean: 114.0592039800995
gen: 89 best: 51.1 mean: 115.22537313432836
gen: 90 best: 51.1 mean: 113.61592039800995
gen: 91 best: 51.1 mean: 113.86467661691542
gen: 92 best: 51.1 mean: 112.81890547263681
gen >93, new best = 48.900
gen: 93 best: 48.9 mean: 110.98805970149253
gen: 94 best: 48.9 mean: 110.8094527363184
gen: 95 best: 48.9 mean: 109.18756218905473
gen: 96 best: 48.9 mean: 109.61542288557214
gen: 97 best: 48.9 mean: 110.07114427860697
gen: 98 best: 48.9 mean: 112.59950248756219
gen: 99 best: 48.9 mean: 110.04129353233832
[12, 11, 10, 9, 9, 13, 8, 14, 11, 4, 14, 4, 9, 13]
Test count of edges: 799
cat
