Defaulting to user installation because normal site-packages is not writeable
Looking in links: /cvmfs/soft.computecanada.ca/custom/python/wheelhouse/gentoo/avx2, /cvmfs/soft.computecanada.ca/custom/python/wheelhouse/gentoo/generic, /cvmfs/soft.computecanada.ca/custom/python/wheelhouse/generic
Requirement already satisfied: graphviz in /home/js17sy/.local/lib/python3.10/site-packages (0.20)
346; python ga.py 22 256N_graph22.dat 0.05 0.02 0.7 0.9 0.1 201 256N_graph22mediumgen3rem70_ 456976
/project/6008788/js17sy/reopenga/256c/ga.py:291: DeprecationWarning: Sampling from a set deprecated
since Python 3.9 and will be removed in a subsequent version.
  child1 = set(random.sample(
gen >0, new best = 160.200
gen >0, new best = 134.000
gen >0, new best = 126.200
gen >0, new best = 123.200
gen >0, new best = 120.900
gen >0, new best = 109.200
gen: 0 best: 109.2 mean: 140.0271144278607
gen >1, new best = 107.300
gen >1, new best = 102.200
gen: 1 best: 102.2 mean: 138.37462686567164
gen: 2 best: 102.2 mean: 138.83830845771143
gen >3, new best = 101.500
gen: 3 best: 101.5 mean: 138.43980099502488
gen: 4 best: 101.5 mean: 137.31741293532338
gen: 5 best: 101.5 mean: 138.17064676616914
gen: 6 best: 101.5 mean: 136.8
gen: 7 best: 101.5 mean: 135.9407960199005
gen >8, new best = 95.000
gen: 8 best: 95.0 mean: 136.33582089552237
gen: 9 best: 95.0 mean: 135.56616915422885
gen >10, new best = 93.600
gen: 10 best: 93.6 mean: 134.3407960199005
gen: 11 best: 93.6 mean: 135.0681592039801
gen: 12 best: 93.6 mean: 133.38706467661692
gen: 13 best: 93.6 mean: 134.96467661691543
gen: 14 best: 93.6 mean: 133.10796019900496
gen: 15 best: 93.6 mean: 131.43830845771143
gen: 16 best: 93.6 mean: 131.59651741293533
gen: 17 best: 93.6 mean: 130.68059701492538
gen >18, new best = 83.600
gen: 18 best: 83.6 mean: 127.26766169154229
gen: 19 best: 83.6 mean: 129.27462686567165
gen: 20 best: 83.6 mean: 127.52039800995024
gen: 21 best: 83.6 mean: 126.52835820895523
gen: 22 best: 83.6 mean: 128.52487562189054
gen: 23 best: 83.6 mean: 127.47313432835821
gen: 24 best: 83.6 mean: 128.2955223880597
gen: 25 best: 83.6 mean: 126.3223880597015
gen: 26 best: 83.6 mean: 126.41641791044776
gen: 27 best: 83.6 mean: 126.19402985074628
gen: 28 best: 83.6 mean: 126.91293532338308
gen: 29 best: 83.6 mean: 125.99850746268656
gen: 30 best: 83.6 mean: 125.90597014925373
gen: 31 best: 83.6 mean: 125.80149253731344
gen: 32 best: 83.6 mean: 124.50547263681592
gen: 33 best: 83.6 mean: 124.83532338308457
gen: 34 best: 83.6 mean: 124.47810945273632
gen: 35 best: 83.6 mean: 125.1905472636816
gen: 36 best: 83.6 mean: 124.81492537313433
gen: 37 best: 83.6 mean: 123.92935323383085
gen: 38 best: 83.6 mean: 123.89154228855722
gen: 39 best: 83.6 mean: 124.22039800995024
gen: 40 best: 83.6 mean: 121.87810945273633
gen: 41 best: 83.6 mean: 123.2363184079602
gen: 42 best: 83.6 mean: 121.44427860696517
gen: 43 best: 83.6 mean: 121.53432835820895
gen: 44 best: 83.6 mean: 124.38706467661692
gen: 45 best: 83.6 mean: 123.70298507462687
gen: 46 best: 83.6 mean: 121.13880597014925
gen: 47 best: 83.6 mean: 120.48756218905473
gen: 48 best: 83.6 mean: 122.9681592039801
gen: 49 best: 83.6 mean: 119.44477611940299
gen: 50 best: 83.6 mean: 121.51442786069651
gen: 51 best: 83.6 mean: 120.35621890547263
gen: 52 best: 83.6 mean: 121.4363184079602
gen >53, new best = 80.100
gen: 53 best: 80.1 mean: 121.32885572139304
gen: 54 best: 80.1 mean: 120.67462686567164
gen: 55 best: 80.1 mean: 121.40248756218905
gen: 56 best: 80.1 mean: 121.2179104477612
gen: 57 best: 80.1 mean: 119.95621890547264
gen: 58 best: 80.1 mean: 120.81243781094527
gen: 59 best: 80.1 mean: 120.07164179104478
gen: 60 best: 80.1 mean: 120.02437810945274
gen: 61 best: 80.1 mean: 120.80199004975124
gen: 62 best: 80.1 mean: 120.14228855721393
gen: 63 best: 80.1 mean: 120.54427860696518
gen: 64 best: 80.1 mean: 119.89303482587064
gen: 65 best: 80.1 mean: 121.05671641791045
gen: 66 best: 80.1 mean: 120.37014925373134
gen: 67 best: 80.1 mean: 118.87910447761195
gen: 68 best: 80.1 mean: 119.16766169154229
gen: 69 best: 80.1 mean: 118.74776119402985
gen: 70 best: 80.1 mean: 119.06567164179104
gen: 71 best: 80.1 mean: 119.17412935323384
gen: 72 best: 80.1 mean: 118.52587064676617
gen: 73 best: 80.1 mean: 117.5686567164179
gen: 74 best: 80.1 mean: 118.85522388059701
gen: 75 best: 80.1 mean: 118.93233830845772
gen: 76 best: 80.1 mean: 119.58109452736318
gen: 77 best: 80.1 mean: 118.85970149253731
gen: 78 best: 80.1 mean: 119.39452736318408
gen: 79 best: 80.1 mean: 117.92835820895523
gen: 80 best: 80.1 mean: 117.0636815920398
gen: 81 best: 80.1 mean: 116.19154228855722
gen: 82 best: 80.1 mean: 116.94179104477612
gen: 83 best: 80.1 mean: 117.16766169154229
gen: 84 best: 80.1 mean: 119.62537313432836
gen: 85 best: 80.1 mean: 117.06069651741294
gen: 86 best: 80.1 mean: 117.60796019900498
gen: 87 best: 80.1 mean: 116.89452736318408
gen: 88 best: 80.1 mean: 116.9726368159204
gen: 89 best: 80.1 mean: 116.8089552238806
gen: 90 best: 80.1 mean: 116.40497512437811
gen: 91 best: 80.1 mean: 116.6318407960199
gen: 92 best: 80.1 mean: 118.37164179104478
gen: 93 best: 80.1 mean: 117.0915422885572
gen: 94 best: 80.1 mean: 117.35174129353234
gen: 95 best: 80.1 mean: 117.26965174129353
gen: 96 best: 80.1 mean: 116.96766169154229
gen: 97 best: 80.1 mean: 117.69651741293532
gen: 98 best: 80.1 mean: 118.00796019900497
gen: 99 best: 80.1 mean: 116.09004975124378
[8, 9, 8, 10, 11, 8, 8, 8, 10, 9, 6, 7, 8]
Test count of edges: 458
cat
