Defaulting to user installation because normal site-packages is not writeable
Looking in links: /cvmfs/soft.computecanada.ca/custom/python/wheelhouse/gentoo/avx2, /cvmfs/soft.computecanada.ca/custom/python/wheelhouse/gentoo/generic, /cvmfs/soft.computecanada.ca/custom/python/wheelhouse/generic
Requirement already satisfied: graphviz in /home/js17sy/.local/lib/python3.10/site-packages (0.20)
428; python ga.py 22 256N_graph22.dat 0.075 0.03 0.5 0.9 0.1 201 256N_graph22laxgen3rem50_ 228488
/project/6008788/js17sy/reopenga/256c/ga.py:291: DeprecationWarning: Sampling from a set deprecated
since Python 3.9 and will be removed in a subsequent version.
  child1 = set(random.sample(
gen >0, new best = 166.700
gen >0, new best = 161.300
gen >0, new best = 159.200
gen >0, new best = 153.000
gen >0, new best = 151.900
gen >0, new best = 148.500
gen: 0 best: 148.5 mean: 167.25174129353235
gen >1, new best = 140.400
gen: 1 best: 140.4 mean: 165.94427860696518
gen: 2 best: 140.4 mean: 166.18706467661693
gen: 3 best: 140.4 mean: 165.4945273631841
gen: 4 best: 140.4 mean: 164.87960199004976
gen: 5 best: 140.4 mean: 164.98756218905473
gen: 6 best: 140.4 mean: 164.5915422885572
gen: 7 best: 140.4 mean: 164.43731343283582
gen >8, new best = 139.900
gen: 8 best: 139.9 mean: 163.2094527363184
gen: 9 best: 139.9 mean: 163.24129353233832
gen: 10 best: 139.9 mean: 163.20845771144278
gen: 11 best: 139.9 mean: 162.86716417910446
gen >12, new best = 139.200
gen >12, new best = 135.600
gen: 12 best: 135.6 mean: 163.181592039801
gen: 13 best: 135.6 mean: 162.18905472636817
gen: 14 best: 135.6 mean: 161.22437810945274
gen >15, new best = 134.700
gen: 15 best: 134.7 mean: 161.36915422885573
gen: 16 best: 134.7 mean: 160.09850746268657
gen: 17 best: 134.7 mean: 158.74875621890547
gen >18, new best = 126.300
gen: 18 best: 126.3 mean: 159.40348258706467
gen: 19 best: 126.3 mean: 158.5771144278607
gen: 20 best: 126.3 mean: 159.05572139303482
gen: 21 best: 126.3 mean: 159.13432835820896
gen >22, new best = 122.800
gen: 22 best: 122.8 mean: 157.25422885572138
gen: 23 best: 122.8 mean: 157.34577114427861
gen: 24 best: 122.8 mean: 157.0497512437811
gen: 25 best: 122.8 mean: 156.93980099502488
gen: 26 best: 122.8 mean: 156.08507462686566
gen: 27 best: 122.8 mean: 155.7995024875622
gen: 28 best: 122.8 mean: 155.0084577114428
gen: 29 best: 122.8 mean: 155.2462686567164
gen: 30 best: 122.8 mean: 154.20398009950247
gen: 31 best: 122.8 mean: 154.48457711442785
gen: 32 best: 122.8 mean: 155.20298507462687
gen: 33 best: 122.8 mean: 154.0726368159204
gen: 34 best: 122.8 mean: 152.32935323383086
gen >35, new best = 116.700
gen: 35 best: 116.7 mean: 153.24228855721393
gen: 36 best: 116.7 mean: 152.7865671641791
gen: 37 best: 116.7 mean: 151.8542288557214
gen: 38 best: 116.7 mean: 152.43333333333334
gen: 39 best: 116.7 mean: 151.42935323383085
gen: 40 best: 116.7 mean: 150.22537313432835
gen: 41 best: 116.7 mean: 151.23930348258708
gen: 42 best: 116.7 mean: 150.87611940298507
gen: 43 best: 116.7 mean: 151.10149253731342
gen: 44 best: 116.7 mean: 151.4179104477612
gen: 45 best: 116.7 mean: 150.6318407960199
gen: 46 best: 116.7 mean: 150.76965174129353
gen: 47 best: 116.7 mean: 150.03731343283582
gen: 48 best: 116.7 mean: 149.45920398009952
gen: 49 best: 116.7 mean: 150.09353233830845
gen: 50 best: 116.7 mean: 149.3900497512438
gen: 51 best: 116.7 mean: 148.6547263681592
gen: 52 best: 116.7 mean: 148.7766169154229
gen: 53 best: 116.7 mean: 148.38507462686567
gen: 54 best: 116.7 mean: 148.5094527363184
gen: 55 best: 116.7 mean: 147.72835820895523
gen: 56 best: 116.7 mean: 147.8810945273632
gen: 57 best: 116.7 mean: 147.1044776119403
gen: 58 best: 116.7 mean: 147.61641791044775
gen: 59 best: 116.7 mean: 147.16567164179105
gen: 60 best: 116.7 mean: 146.75970149253732
gen: 61 best: 116.7 mean: 147.04676616915424
gen: 62 best: 116.7 mean: 146.32537313432834
gen: 63 best: 116.7 mean: 144.93333333333334
gen: 64 best: 116.7 mean: 145.99353233830846
gen: 65 best: 116.7 mean: 145.2676616915423
gen: 66 best: 116.7 mean: 145.75671641791044
gen: 67 best: 116.7 mean: 145.63781094527363
gen: 68 best: 116.7 mean: 145.21044776119402
gen: 69 best: 116.7 mean: 144.3547263681592
gen: 70 best: 116.7 mean: 145.19402985074626
gen: 71 best: 116.7 mean: 144.6865671641791
gen: 72 best: 116.7 mean: 144.17611940298508
gen: 73 best: 116.7 mean: 144.46268656716418
gen: 74 best: 116.7 mean: 144.76218905472638
gen: 75 best: 116.7 mean: 143.79452736318407
gen: 76 best: 116.7 mean: 144.88507462686567
gen: 77 best: 116.7 mean: 143.64825870646766
gen: 78 best: 116.7 mean: 144.3995024875622
gen: 79 best: 116.7 mean: 144.03333333333333
gen: 80 best: 116.7 mean: 144.23034825870647
gen: 81 best: 116.7 mean: 143.7502487562189
gen: 82 best: 116.7 mean: 143.78507462686568
gen: 83 best: 116.7 mean: 143.53930348258706
gen: 84 best: 116.7 mean: 143.44427860696518
gen: 85 best: 116.7 mean: 143.29701492537313
gen: 86 best: 116.7 mean: 142.82985074626865
gen: 87 best: 116.7 mean: 143.4781094527363
gen >88, new best = 114.200
gen: 88 best: 114.2 mean: 142.91542288557213
gen: 89 best: 114.2 mean: 142.7228855721393
gen: 90 best: 114.2 mean: 142.81492537313434
gen: 91 best: 114.2 mean: 142.43980099502488
gen >92, new best = 109.800
gen: 92 best: 109.8 mean: 142.15124378109454
gen: 93 best: 109.8 mean: 142.65373134328357
gen: 94 best: 109.8 mean: 141.92338308457713
gen: 95 best: 109.8 mean: 142.87014925373134
gen: 96 best: 109.8 mean: 142.23034825870647
gen: 97 best: 109.8 mean: 142.23781094527362
gen: 98 best: 109.8 mean: 142.81940298507462
gen: 99 best: 109.8 mean: 141.87313432835822
[8, 10, 10, 9, 9, 8, 10, 10, 8, 8, 9, 9, 9, 8, 8]
Test count of edges: 762
cat
