Defaulting to user installation because normal site-packages is not writeable
Looking in links: /cvmfs/soft.computecanada.ca/custom/python/wheelhouse/gentoo/avx2, /cvmfs/soft.computecanada.ca/custom/python/wheelhouse/gentoo/generic, /cvmfs/soft.computecanada.ca/custom/python/wheelhouse/generic
Requirement already satisfied: graphviz in /home/js17sy/.local/lib/python3.10/site-packages (0.20)
607; python ga.py 22 256N_graph22.dat 0.1 0.04 0.5 0.9 0.1 201 256N_graph22leerygen3rem50_ 199927
/project/6008788/js17sy/reopenga/256c/ga.py:291: DeprecationWarning: Sampling from a set deprecated
since Python 3.9 and will be removed in a subsequent version.
  child1 = set(random.sample(
gen >0, new best = 173.400
gen >0, new best = 172.300
gen >0, new best = 171.500
gen >0, new best = 155.200
gen >0, new best = 154.700
gen: 0 best: 154.7 mean: 175.8407960199005
gen >1, new best = 151.400
gen >1, new best = 150.500
gen >1, new best = 149.700
gen: 1 best: 149.7 mean: 175.41940298507464
gen: 2 best: 149.7 mean: 174.8412935323383
gen: 3 best: 149.7 mean: 174.43432835820894
gen: 4 best: 149.7 mean: 174.10298507462687
gen: 5 best: 149.7 mean: 173.8278606965174
gen: 6 best: 149.7 mean: 173.92338308457713
gen: 7 best: 149.7 mean: 173.32885572139304
gen >8, new best = 143.200
gen: 8 best: 143.2 mean: 173.273631840796
gen: 9 best: 143.2 mean: 172.7721393034826
gen >10, new best = 136.600
gen: 10 best: 136.6 mean: 171.86069651741295
gen: 11 best: 136.6 mean: 172.10248756218905
gen: 12 best: 136.6 mean: 172.26666666666668
gen: 13 best: 136.6 mean: 171.29402985074626
gen: 14 best: 136.6 mean: 171.436815920398
gen: 15 best: 136.6 mean: 171.27860696517413
gen: 16 best: 136.6 mean: 170.92139303482588
gen: 17 best: 136.6 mean: 169.9363184079602
gen: 18 best: 136.6 mean: 168.6686567164179
gen: 19 best: 136.6 mean: 169.09353233830845
gen: 20 best: 136.6 mean: 169.68955223880596
gen: 21 best: 136.6 mean: 168.2223880597015
gen: 22 best: 136.6 mean: 169.21641791044777
gen: 23 best: 136.6 mean: 168.46467661691543
gen: 24 best: 136.6 mean: 169.09353233830845
gen >25, new best = 136.100
gen: 25 best: 136.1 mean: 167.6218905472637
gen: 26 best: 136.1 mean: 168.6457711442786
gen: 27 best: 136.1 mean: 167.681592039801
gen: 28 best: 136.1 mean: 169.1233830845771
gen: 29 best: 136.1 mean: 168.3268656716418
gen: 30 best: 136.1 mean: 168.42189054726367
gen: 31 best: 136.1 mean: 168.13930348258705
gen: 32 best: 136.1 mean: 167.773631840796
gen: 33 best: 136.1 mean: 167.7497512437811
gen: 34 best: 136.1 mean: 168.03830845771145
gen: 35 best: 136.1 mean: 168.0641791044776
gen: 36 best: 136.1 mean: 167.26616915422886
gen: 37 best: 136.1 mean: 167.01791044776118
gen: 38 best: 136.1 mean: 166.95323383084576
gen: 39 best: 136.1 mean: 166.94925373134328
gen: 40 best: 136.1 mean: 166.6363184079602
gen: 41 best: 136.1 mean: 166.29004975124377
gen: 42 best: 136.1 mean: 166.1776119402985
gen: 43 best: 136.1 mean: 166.85771144278607
gen: 44 best: 136.1 mean: 166.58407960199006
gen >45, new best = 132.800
gen: 45 best: 132.8 mean: 165.92089552238807
gen: 46 best: 132.8 mean: 165.4905472636816
gen: 47 best: 132.8 mean: 165.33781094527365
gen: 48 best: 132.8 mean: 164.61592039800996
gen: 49 best: 132.8 mean: 164.83034825870647
gen: 50 best: 132.8 mean: 163.91542288557213
gen: 51 best: 132.8 mean: 164.7766169154229
gen: 52 best: 132.8 mean: 164.2452736318408
gen: 53 best: 132.8 mean: 164.64975124378108
gen: 54 best: 132.8 mean: 163.8776119402985
gen: 55 best: 132.8 mean: 163.74676616915423
gen: 56 best: 132.8 mean: 163.29850746268656
gen: 57 best: 132.8 mean: 163.36666666666667
gen >58, new best = 129.300
gen: 58 best: 129.3 mean: 163.7139303482587
gen: 59 best: 129.3 mean: 163.59353233830845
gen: 60 best: 129.3 mean: 163.2731343283582
gen: 61 best: 129.3 mean: 163.0820895522388
gen: 62 best: 129.3 mean: 161.97213930348258
gen: 63 best: 129.3 mean: 162.29303482587065
gen: 64 best: 129.3 mean: 162.0542288557214
gen: 65 best: 129.3 mean: 161.78756218905474
gen: 66 best: 129.3 mean: 162.50796019900497
gen: 67 best: 129.3 mean: 162.3900497512438
gen: 68 best: 129.3 mean: 161.39353233830846
gen >69, new best = 127.100
gen: 69 best: 127.1 mean: 161.44825870646767
gen: 70 best: 127.1 mean: 161.51890547263682
gen: 71 best: 127.1 mean: 162.0990049751244
gen: 72 best: 127.1 mean: 161.8313432835821
gen: 73 best: 127.1 mean: 161.4636815920398
gen: 74 best: 127.1 mean: 161.14776119402984
gen: 75 best: 127.1 mean: 161.70398009950247
gen: 76 best: 127.1 mean: 161.34278606965174
gen: 77 best: 127.1 mean: 161.56716417910448
gen: 78 best: 127.1 mean: 161.6776119402985
gen: 79 best: 127.1 mean: 161.72189054726368
gen: 80 best: 127.1 mean: 162.01044776119403
gen: 81 best: 127.1 mean: 161.1681592039801
gen: 82 best: 127.1 mean: 161.0054726368159
gen: 83 best: 127.1 mean: 161.14378109452736
gen: 84 best: 127.1 mean: 160.64378109452736
gen >85, new best = 127.000
gen: 85 best: 127.0 mean: 159.91990049751243
gen: 86 best: 127.0 mean: 161.23134328358208
gen: 87 best: 127.0 mean: 161.37014925373134
gen: 88 best: 127.0 mean: 160.9671641791045
gen: 89 best: 127.0 mean: 160.27014925373135
gen: 90 best: 127.0 mean: 161.3039800995025
gen: 91 best: 127.0 mean: 160.95671641791046
gen >92, new best = 126.500
gen: 92 best: 126.5 mean: 160.77910447761195
gen: 93 best: 126.5 mean: 160.92089552238807
gen: 94 best: 126.5 mean: 161.43880597014925
gen: 95 best: 126.5 mean: 160.66069651741293
gen: 96 best: 126.5 mean: 160.25522388059701
gen: 97 best: 126.5 mean: 160.3452736318408
gen: 98 best: 126.5 mean: 160.64726368159205
gen: 99 best: 126.5 mean: 160.33333333333334
[8, 9, 11, 8, 9, 9, 9, 8, 9, 9, 8]
Test count of edges: 760
cat
