Defaulting to user installation because normal site-packages is not writeable
Looking in links: /cvmfs/soft.computecanada.ca/custom/python/wheelhouse/gentoo/avx2, /cvmfs/soft.computecanada.ca/custom/python/wheelhouse/gentoo/generic, /cvmfs/soft.computecanada.ca/custom/python/wheelhouse/generic
Requirement already satisfied: graphviz in /home/js17sy/.local/lib/python3.10/site-packages (0.20)
109; python ga.py 22 256N_graph22.dat 0.025 0.01 0.7 0.5 0.5 201 256N_graph22strictgen1rem70_ 542659
/project/6008788/js17sy/reopenga/256c/ga.py:291: DeprecationWarning: Sampling from a set deprecated
since Python 3.9 and will be removed in a subsequent version.
  child1 = set(random.sample(
gen >0, new best = 144.300
gen >0, new best = 115.000
gen >0, new best = 75.500
gen >0, new best = 64.000
gen: 0 best: 64.0 mean: 123.27363184079601
gen >1, new best = 58.800
gen: 1 best: 58.8 mean: 118.36218905472637
gen >2, new best = 55.200
gen >2, new best = 43.600
gen: 2 best: 43.6 mean: 117.91691542288557
gen: 3 best: 43.6 mean: 116.7955223880597
gen: 4 best: 43.6 mean: 115.31492537313433
gen: 5 best: 43.6 mean: 115.13980099502487
gen >6, new best = 34.900
gen: 6 best: 34.9 mean: 111.2
gen: 7 best: 34.9 mean: 113.20199004975125
gen: 8 best: 34.9 mean: 111.68407960199005
gen: 9 best: 34.9 mean: 111.02835820895523
gen: 10 best: 34.9 mean: 106.61542288557214
gen: 11 best: 34.9 mean: 100.79850746268657
gen: 12 best: 34.9 mean: 105.41442786069652
gen: 13 best: 34.9 mean: 103.14228855721393
gen >14, new best = 32.000
gen: 14 best: 32.0 mean: 100.46268656716418
gen: 15 best: 32.0 mean: 94.1905472636816
gen: 16 best: 32.0 mean: 92.11542288557214
gen: 17 best: 32.0 mean: 91.56069651741294
gen: 18 best: 32.0 mean: 86.4
gen: 19 best: 32.0 mean: 89.48606965174129
gen: 20 best: 32.0 mean: 88.72786069651741
gen >21, new best = 29.100
gen >21, new best = 27.700
gen: 21 best: 27.7 mean: 89.50149253731344
gen >22, new best = 25.000
gen >22, new best = 22.300
gen: 22 best: 22.3 mean: 88.43930348258706
gen: 23 best: 22.3 mean: 85.87213930348258
gen: 24 best: 22.3 mean: 87.42288557213931
gen: 25 best: 22.3 mean: 85.04626865671642
gen: 26 best: 22.3 mean: 83.90845771144278
gen: 27 best: 22.3 mean: 85.17661691542288
gen: 28 best: 22.3 mean: 85.59203980099502
gen: 29 best: 22.3 mean: 84.48407960199005
gen: 30 best: 22.3 mean: 85.25223880597015
gen: 31 best: 22.3 mean: 87.57910447761193
gen >32, new best = 19.500
gen: 32 best: 19.5 mean: 85.2089552238806
gen: 33 best: 19.5 mean: 79.71094527363184
gen: 34 best: 19.5 mean: 82.07064676616915
gen: 35 best: 19.5 mean: 83.64328358208955
gen >36, new best = 12.400
gen: 36 best: 12.4 mean: 81.5273631840796
gen: 37 best: 12.4 mean: 82.88507462686567
gen: 38 best: 12.4 mean: 83.56666666666666
gen: 39 best: 12.4 mean: 81.06915422885572
gen: 40 best: 12.4 mean: 81.89402985074626
gen: 41 best: 12.4 mean: 80.81940298507463
gen: 42 best: 12.4 mean: 81.49004975124379
gen: 43 best: 12.4 mean: 82.65771144278607
gen: 44 best: 12.4 mean: 85.37860696517413
gen: 45 best: 12.4 mean: 80.91940298507463
gen: 46 best: 12.4 mean: 80.61840796019901
gen: 47 best: 12.4 mean: 85.57114427860697
gen: 48 best: 12.4 mean: 81.77114427860697
gen: 49 best: 12.4 mean: 78.54975124378109
gen: 50 best: 12.4 mean: 79.063184079602
gen: 51 best: 12.4 mean: 81.66716417910447
gen: 52 best: 12.4 mean: 79.34925373134328
gen: 53 best: 12.4 mean: 78.37711442786069
gen: 54 best: 12.4 mean: 79.87462686567164
gen: 55 best: 12.4 mean: 79.67363184079602
gen: 56 best: 12.4 mean: 77.98557213930349
gen: 57 best: 12.4 mean: 80.22537313432836
gen: 58 best: 12.4 mean: 79.0860696517413
gen: 59 best: 12.4 mean: 78.14228855721393
gen: 60 best: 12.4 mean: 78.41890547263682
gen: 61 best: 12.4 mean: 77.56666666666666
gen: 62 best: 12.4 mean: 82.0955223880597
gen: 63 best: 12.4 mean: 76.76965174129353
gen: 64 best: 12.4 mean: 77.92039800995025
gen: 65 best: 12.4 mean: 79.44676616915423
gen: 66 best: 12.4 mean: 80.87761194029851
gen: 67 best: 12.4 mean: 78.36567164179104
gen: 68 best: 12.4 mean: 79.97313432835821
gen: 69 best: 12.4 mean: 81.6502487562189
gen: 70 best: 12.4 mean: 79.91492537313432
gen: 71 best: 12.4 mean: 81.5686567164179
gen: 72 best: 12.4 mean: 78.8726368159204
gen: 73 best: 12.4 mean: 76.66865671641791
gen: 74 best: 12.4 mean: 77.20497512437811
gen: 75 best: 12.4 mean: 79.93880597014926
gen: 76 best: 12.4 mean: 77.28507462686566
gen: 77 best: 12.4 mean: 77.23283582089552
gen: 78 best: 12.4 mean: 79.9407960199005
gen: 79 best: 12.4 mean: 77.89850746268657
gen: 80 best: 12.4 mean: 78.21741293532338
gen: 81 best: 12.4 mean: 76.08855721393034
gen: 82 best: 12.4 mean: 77.54477611940298
gen: 83 best: 12.4 mean: 78.60497512437811
gen: 84 best: 12.4 mean: 79.43034825870647
gen: 85 best: 12.4 mean: 77.0452736318408
gen: 86 best: 12.4 mean: 75.24228855721393
gen: 87 best: 12.4 mean: 79.68358208955225
gen: 88 best: 12.4 mean: 79.07562189054727
gen: 89 best: 12.4 mean: 74.4771144278607
gen: 90 best: 12.4 mean: 79.23880597014926
gen: 91 best: 12.4 mean: 80.3452736318408
gen: 92 best: 12.4 mean: 77.00199004975124
gen: 93 best: 12.4 mean: 78.46567164179105
gen: 94 best: 12.4 mean: 76.9318407960199
gen: 95 best: 12.4 mean: 79.04975124378109
gen: 96 best: 12.4 mean: 74.32089552238806
gen: 97 best: 12.4 mean: 81.2179104477612
gen: 98 best: 12.4 mean: 76.45970149253732
gen: 99 best: 12.4 mean: 78.70248756218905
[3, 15, 11, 15, 3, 12, 3, 14]
Test count of edges: 472
cat
