Defaulting to user installation because normal site-packages is not writeable
Looking in links: /cvmfs/soft.computecanada.ca/custom/python/wheelhouse/gentoo/avx2, /cvmfs/soft.computecanada.ca/custom/python/wheelhouse/gentoo/generic, /cvmfs/soft.computecanada.ca/custom/python/wheelhouse/generic
Requirement already satisfied: graphviz in /home/js17sy/.local/lib/python3.10/site-packages (0.20)
394; python ga.py 22 256N_graph22.dat 0.075 0.03 0.5 0.7 0.3 201 256N_graph22laxgen2rem50_ 114244
/project/6008788/js17sy/reopenga/256c/ga.py:291: DeprecationWarning: Sampling from a set deprecated
since Python 3.9 and will be removed in a subsequent version.
  child1 = set(random.sample(
gen >0, new best = 158.200
gen >0, new best = 154.100
gen >0, new best = 152.800
gen >0, new best = 150.900
gen >0, new best = 133.500
gen: 0 best: 133.5 mean: 167.15522388059702
gen: 1 best: 133.5 mean: 166.93084577114428
gen >2, new best = 132.800
gen: 2 best: 132.8 mean: 166.8223880597015
gen >3, new best = 131.100
gen: 3 best: 131.1 mean: 166.12089552238805
gen: 4 best: 131.1 mean: 166.01641791044776
gen: 5 best: 131.1 mean: 165.89054726368158
gen: 6 best: 131.1 mean: 163.61592039800996
gen: 7 best: 131.1 mean: 164.20248756218905
gen: 8 best: 131.1 mean: 163.67512437810944
gen: 9 best: 131.1 mean: 164.18059701492538
gen: 10 best: 131.1 mean: 163.518407960199
gen: 11 best: 131.1 mean: 163.59701492537314
gen: 12 best: 131.1 mean: 162.73582089552238
gen: 13 best: 131.1 mean: 162.42935323383085
gen: 14 best: 131.1 mean: 162.47412935323382
gen: 15 best: 131.1 mean: 161.81542288557213
gen: 16 best: 131.1 mean: 161.78905472636816
gen: 17 best: 131.1 mean: 161.08457711442787
gen: 18 best: 131.1 mean: 161.43781094527364
gen: 19 best: 131.1 mean: 160.14328358208954
gen: 20 best: 131.1 mean: 161.27164179104477
gen: 21 best: 131.1 mean: 160.42437810945273
gen: 22 best: 131.1 mean: 160.4179104477612
gen: 23 best: 131.1 mean: 158.9955223880597
gen >24, new best = 130.800
gen: 24 best: 130.8 mean: 158.48009950248758
gen: 25 best: 130.8 mean: 158.67412935323384
gen: 26 best: 130.8 mean: 158.25771144278607
gen: 27 best: 130.8 mean: 157.62985074626866
gen: 28 best: 130.8 mean: 156.9049751243781
gen: 29 best: 130.8 mean: 156.71940298507462
gen: 30 best: 130.8 mean: 156.4313432835821
gen: 31 best: 130.8 mean: 156.57363184079603
gen: 32 best: 130.8 mean: 156.26268656716417
gen: 33 best: 130.8 mean: 156.0915422885572
gen: 34 best: 130.8 mean: 156.00497512437812
gen >35, new best = 130.700
gen: 35 best: 130.7 mean: 156.29353233830847
gen: 36 best: 130.7 mean: 156.09402985074627
gen: 37 best: 130.7 mean: 155.74427860696517
gen: 38 best: 130.7 mean: 155.44676616915422
gen: 39 best: 130.7 mean: 155.56119402985075
gen: 40 best: 130.7 mean: 155.618407960199
gen: 41 best: 130.7 mean: 155.15621890547263
gen: 42 best: 130.7 mean: 154.66965174129353
gen >43, new best = 130.300
gen >43, new best = 124.400
gen: 43 best: 124.4 mean: 154.55074626865672
gen: 44 best: 124.4 mean: 153.83432835820895
gen: 45 best: 124.4 mean: 153.75174129353235
gen: 46 best: 124.4 mean: 153.9900497512438
gen: 47 best: 124.4 mean: 153.5597014925373
gen: 48 best: 124.4 mean: 153.5044776119403
gen: 49 best: 124.4 mean: 153.66517412935323
gen: 50 best: 124.4 mean: 153.1915422885572
gen: 51 best: 124.4 mean: 153.66119402985075
gen: 52 best: 124.4 mean: 152.9402985074627
gen: 53 best: 124.4 mean: 153.56119402985075
gen: 54 best: 124.4 mean: 153.1044776119403
gen: 55 best: 124.4 mean: 153.34477611940298
gen: 56 best: 124.4 mean: 151.9900497512438
gen: 57 best: 124.4 mean: 152.4412935323383
gen: 58 best: 124.4 mean: 152.60547263681593
gen: 59 best: 124.4 mean: 152.4318407960199
gen: 60 best: 124.4 mean: 152.11094527363184
gen: 61 best: 124.4 mean: 150.79353233830847
gen: 62 best: 124.4 mean: 151.25870646766168
gen: 63 best: 124.4 mean: 151.86169154228855
gen: 64 best: 124.4 mean: 150.9681592039801
gen: 65 best: 124.4 mean: 151.10199004975124
gen: 66 best: 124.4 mean: 150.76268656716417
gen: 67 best: 124.4 mean: 149.8278606965174
gen: 68 best: 124.4 mean: 150.22487562189053
gen: 69 best: 124.4 mean: 149.86865671641792
gen: 70 best: 124.4 mean: 149.22935323383084
gen: 71 best: 124.4 mean: 148.726368159204
gen: 72 best: 124.4 mean: 149.6636815920398
gen: 73 best: 124.4 mean: 149.68706467661693
gen: 74 best: 124.4 mean: 148.96517412935324
gen: 75 best: 124.4 mean: 148.7089552238806
gen: 76 best: 124.4 mean: 149.3268656716418
gen: 77 best: 124.4 mean: 149.4905472636816
gen: 78 best: 124.4 mean: 148.87512437810946
gen: 79 best: 124.4 mean: 149.381592039801
gen: 80 best: 124.4 mean: 148.77860696517413
gen >81, new best = 122.400
gen: 81 best: 122.4 mean: 148.23333333333332
gen: 82 best: 122.4 mean: 148.43880597014925
gen: 83 best: 122.4 mean: 146.97213930348258
gen: 84 best: 122.4 mean: 147.23781094527362
gen: 85 best: 122.4 mean: 148.03383084577115
gen: 86 best: 122.4 mean: 147.93084577114428
gen: 87 best: 122.4 mean: 148.07611940298509
gen >88, new best = 120.500
gen: 88 best: 120.5 mean: 148.1
gen >89, new best = 120.400
gen: 89 best: 120.4 mean: 147.80298507462686
gen: 90 best: 120.4 mean: 147.34925373134328
gen: 91 best: 120.4 mean: 147.16218905472635
gen: 92 best: 120.4 mean: 147.50298507462688
gen: 93 best: 120.4 mean: 147.07462686567163
gen: 94 best: 120.4 mean: 146.95124378109452
gen: 95 best: 120.4 mean: 147.14875621890548
gen: 96 best: 120.4 mean: 147.0218905472637
gen: 97 best: 120.4 mean: 146.7268656716418
gen: 98 best: 120.4 mean: 147.00099502487564
gen: 99 best: 120.4 mean: 146.50149253731342
[9, 11, 9, 8, 9, 9, 8, 10, 8]
Test count of edges: 776
cat
