Defaulting to user installation because normal site-packages is not writeable
Looking in links: /cvmfs/soft.computecanada.ca/custom/python/wheelhouse/gentoo/avx2, /cvmfs/soft.computecanada.ca/custom/python/wheelhouse/gentoo/generic, /cvmfs/soft.computecanada.ca/custom/python/wheelhouse/generic
Requirement already satisfied: graphviz in /home/js17sy/.local/lib/python3.10/site-packages (0.20)
113; python ga.py 22 256N_graph22.dat 0.025 0.01 0.7 0.5 0.5 201 256N_graph22strictgen1rem70_ 656903
/project/6008788/js17sy/reopenga/256c/ga.py:291: DeprecationWarning: Sampling from a set deprecated
since Python 3.9 and will be removed in a subsequent version.
  child1 = set(random.sample(
gen >0, new best = 120.600
gen >0, new best = 103.000
gen >0, new best = 88.000
gen >0, new best = 87.400
gen >0, new best = 84.600
gen >0, new best = 62.400
gen: 0 best: 62.4 mean: 124.74253731343283
gen: 1 best: 62.4 mean: 121.22039800995024
gen: 2 best: 62.4 mean: 120.33631840796019
gen: 3 best: 62.4 mean: 121.7273631840796
gen: 4 best: 62.4 mean: 122.83084577114428
gen >5, new best = 53.400
gen: 5 best: 53.4 mean: 120.1502487562189
gen: 6 best: 53.4 mean: 119.83532338308457
gen: 7 best: 53.4 mean: 122.1950248756219
gen: 8 best: 53.4 mean: 117.55820895522388
gen >9, new best = 47.600
gen: 9 best: 47.6 mean: 119.06965174129353
gen >10, new best = 45.500
gen: 10 best: 45.5 mean: 114.25223880597015
gen: 11 best: 45.5 mean: 115.04427860696518
gen: 12 best: 45.5 mean: 111.78009950248756
gen: 13 best: 45.5 mean: 109.37661691542289
gen: 14 best: 45.5 mean: 109.95970149253732
gen >15, new best = 21.300
gen: 15 best: 21.3 mean: 103.84477611940298
gen: 16 best: 21.3 mean: 101.72636815920399
gen: 17 best: 21.3 mean: 97.22885572139303
gen: 18 best: 21.3 mean: 92.95522388059702
gen >19, new best = 17.000
gen: 19 best: 17.0 mean: 89.48955223880597
gen: 20 best: 17.0 mean: 87.47213930348259
gen: 21 best: 17.0 mean: 88.10995024875622
gen: 22 best: 17.0 mean: 90.51094527363185
gen: 23 best: 17.0 mean: 86.99601990049752
gen: 24 best: 17.0 mean: 85.67810945273632
gen: 25 best: 17.0 mean: 85.38109452736319
gen: 26 best: 17.0 mean: 83.09601990049751
gen: 27 best: 17.0 mean: 83.09601990049751
gen: 28 best: 17.0 mean: 79.05422885572139
gen >29, new best = 16.100
gen: 29 best: 16.1 mean: 82.08855721393034
gen: 30 best: 16.1 mean: 82.93432835820896
gen: 31 best: 16.1 mean: 83.05820895522388
gen: 32 best: 16.1 mean: 81.27910447761194
gen: 33 best: 16.1 mean: 83.06666666666666
gen: 34 best: 16.1 mean: 79.7412935323383
gen: 35 best: 16.1 mean: 81.31393034825871
gen: 36 best: 16.1 mean: 78.1044776119403
gen: 37 best: 16.1 mean: 82.53383084577115
gen >38, new best = 13.700
gen: 38 best: 13.7 mean: 80.88208955223881
gen: 39 best: 13.7 mean: 81.85223880597015
gen: 40 best: 13.7 mean: 81.36417910447761
gen: 41 best: 13.7 mean: 84.7457711442786
gen: 42 best: 13.7 mean: 81.99054726368159
gen: 43 best: 13.7 mean: 78.25522388059701
gen: 44 best: 13.7 mean: 84.7771144278607
gen: 45 best: 13.7 mean: 82.45124378109453
gen: 46 best: 13.7 mean: 82.34776119402986
gen: 47 best: 13.7 mean: 82.48308457711443
gen: 48 best: 13.7 mean: 80.5457711442786
gen: 49 best: 13.7 mean: 79.88009950248757
gen: 50 best: 13.7 mean: 79.87462686567164
gen: 51 best: 13.7 mean: 80.42686567164179
gen: 52 best: 13.7 mean: 80.52835820895523
gen: 53 best: 13.7 mean: 81.90995024875622
gen: 54 best: 13.7 mean: 79.89203980099502
gen: 55 best: 13.7 mean: 82.59651741293533
gen: 56 best: 13.7 mean: 80.563184079602
gen: 57 best: 13.7 mean: 81.31044776119403
gen: 58 best: 13.7 mean: 77.65174129353234
gen: 59 best: 13.7 mean: 79.86716417910448
gen: 60 best: 13.7 mean: 78.68656716417911
gen: 61 best: 13.7 mean: 78.53930348258706
gen: 62 best: 13.7 mean: 78.23233830845771
gen: 63 best: 13.7 mean: 81.19004975124378
gen: 64 best: 13.7 mean: 77.04676616915422
gen: 65 best: 13.7 mean: 76.82935323383084
gen: 66 best: 13.7 mean: 73.53084577114429
gen: 67 best: 13.7 mean: 79.33532338308457
gen: 68 best: 13.7 mean: 79.88358208955223
gen: 69 best: 13.7 mean: 78.12089552238805
gen: 70 best: 13.7 mean: 76.73383084577114
gen: 71 best: 13.7 mean: 77.91094527363184
gen: 72 best: 13.7 mean: 78.28258706467662
gen: 73 best: 13.7 mean: 74.75373134328358
gen: 74 best: 13.7 mean: 77.10597014925374
gen: 75 best: 13.7 mean: 73.75273631840795
gen: 76 best: 13.7 mean: 77.09253731343284
gen: 77 best: 13.7 mean: 72.62039800995025
gen: 78 best: 13.7 mean: 79.0955223880597
gen: 79 best: 13.7 mean: 74.34029850746269
gen: 80 best: 13.7 mean: 78.6497512437811
gen: 81 best: 13.7 mean: 77.10597014925374
gen: 82 best: 13.7 mean: 75.6134328358209
gen: 83 best: 13.7 mean: 73.32487562189054
gen: 84 best: 13.7 mean: 76.79054726368159
gen: 85 best: 13.7 mean: 73.96218905472637
gen: 86 best: 13.7 mean: 71.5681592039801
gen: 87 best: 13.7 mean: 73.83333333333333
gen: 88 best: 13.7 mean: 74.34278606965174
gen: 89 best: 13.7 mean: 73.7228855721393
gen: 90 best: 13.7 mean: 72.97910447761194
gen: 91 best: 13.7 mean: 72.35422885572139
gen: 92 best: 13.7 mean: 71.91442786069652
gen: 93 best: 13.7 mean: 74.04328358208956
gen: 94 best: 13.7 mean: 74.21641791044776
gen: 95 best: 13.7 mean: 74.05472636815921
gen: 96 best: 13.7 mean: 76.7452736318408
gen: 97 best: 13.7 mean: 79.0318407960199
gen: 98 best: 13.7 mean: 75.00149253731344
gen: 99 best: 13.7 mean: 74.22786069651741
[3, 6, 3, 12, 3, 3, 10, 3, 3, 9, 5, 7, 3, 13, 12, 6, 12, 13]
Test count of edges: 475
cat
