Defaulting to user installation because normal site-packages is not writeable
Looking in links: /cvmfs/soft.computecanada.ca/custom/python/wheelhouse/gentoo/avx2, /cvmfs/soft.computecanada.ca/custom/python/wheelhouse/gentoo/generic, /cvmfs/soft.computecanada.ca/custom/python/wheelhouse/generic
Requirement already satisfied: graphviz in /home/js17sy/.local/lib/python3.10/site-packages (0.20)
613; python ga.py 22 256N_graph22.dat 0.1 0.04 0.5 0.9 0.1 201 256N_graph22leerygen3rem50_ 371293
/project/6008788/js17sy/reopenga/256c/ga.py:291: DeprecationWarning: Sampling from a set deprecated
since Python 3.9 and will be removed in a subsequent version.
  child1 = set(random.sample(
gen >0, new best = 163.800
gen >0, new best = 162.200
gen >0, new best = 157.600
gen >0, new best = 156.100
gen >0, new best = 155.500
gen >0, new best = 151.300
gen: 0 best: 151.3 mean: 175.4273631840796
gen: 1 best: 151.3 mean: 174.9094527363184
gen >2, new best = 141.700
gen: 2 best: 141.7 mean: 174.96119402985076
gen: 3 best: 141.7 mean: 174.61990049751245
gen: 4 best: 141.7 mean: 174.26019900497514
gen: 5 best: 141.7 mean: 173.8582089552239
gen: 6 best: 141.7 mean: 173.3313432835821
gen: 7 best: 141.7 mean: 173.2233830845771
gen: 8 best: 141.7 mean: 171.92388059701491
gen: 9 best: 141.7 mean: 171.81691542288556
gen: 10 best: 141.7 mean: 171.70298507462687
gen: 11 best: 141.7 mean: 171.73383084577114
gen: 12 best: 141.7 mean: 171.80348258706468
gen: 13 best: 141.7 mean: 171.68756218905472
gen: 14 best: 141.7 mean: 171.36019900497513
gen: 15 best: 141.7 mean: 171.36567164179104
gen: 16 best: 141.7 mean: 169.6592039800995
gen: 17 best: 141.7 mean: 170.31741293532338
gen: 18 best: 141.7 mean: 170.40696517412934
gen: 19 best: 141.7 mean: 169.20298507462687
gen: 20 best: 141.7 mean: 169.17860696517414
gen: 21 best: 141.7 mean: 167.4129353233831
gen: 22 best: 141.7 mean: 167.7646766169154
gen >23, new best = 140.600
gen: 23 best: 140.6 mean: 168.49651741293533
gen: 24 best: 140.6 mean: 167.73134328358208
gen: 25 best: 140.6 mean: 166.86218905472637
gen: 26 best: 140.6 mean: 166.77562189054726
gen: 27 best: 140.6 mean: 166.39452736318407
gen: 28 best: 140.6 mean: 166.02935323383085
gen: 29 best: 140.6 mean: 165.65671641791045
gen: 30 best: 140.6 mean: 165.8228855721393
gen: 31 best: 140.6 mean: 164.72587064676617
gen: 32 best: 140.6 mean: 164.51940298507463
gen >33, new best = 133.000
gen: 33 best: 133.0 mean: 164.7139303482587
gen: 34 best: 133.0 mean: 164.3726368159204
gen: 35 best: 133.0 mean: 164.60945273631842
gen: 36 best: 133.0 mean: 164.02437810945273
gen: 37 best: 133.0 mean: 163.16915422885572
gen: 38 best: 133.0 mean: 164.0412935323383
gen: 39 best: 133.0 mean: 163.8039800995025
gen: 40 best: 133.0 mean: 162.5358208955224
gen: 41 best: 133.0 mean: 162.54079601990048
gen: 42 best: 133.0 mean: 162.29004975124377
gen: 43 best: 133.0 mean: 161.92537313432837
gen: 44 best: 133.0 mean: 161.8547263681592
gen: 45 best: 133.0 mean: 162.2089552238806
gen: 46 best: 133.0 mean: 161.76567164179104
gen: 47 best: 133.0 mean: 161.96119402985076
gen: 48 best: 133.0 mean: 161.2363184079602
gen: 49 best: 133.0 mean: 161.02587064676618
gen >50, new best = 131.100
gen: 50 best: 131.1 mean: 161.10298507462687
gen: 51 best: 131.1 mean: 160.51194029850745
gen: 52 best: 131.1 mean: 160.31144278606965
gen: 53 best: 131.1 mean: 160.07412935323384
gen: 54 best: 131.1 mean: 160.2134328358209
gen: 55 best: 131.1 mean: 159.99203980099503
gen: 56 best: 131.1 mean: 160.73930348258708
gen: 57 best: 131.1 mean: 158.9825870646766
gen: 58 best: 131.1 mean: 159.10497512437811
gen >59, new best = 131.000
gen: 59 best: 131.0 mean: 159.74029850746268
gen: 60 best: 131.0 mean: 159.2308457711443
gen >61, new best = 123.900
gen: 61 best: 123.9 mean: 158.9412935323383
gen: 62 best: 123.9 mean: 159.99203980099503
gen: 63 best: 123.9 mean: 160.06268656716418
gen: 64 best: 123.9 mean: 158.43930348258706
gen: 65 best: 123.9 mean: 158.86218905472637
gen: 66 best: 123.9 mean: 158.9318407960199
gen: 67 best: 123.9 mean: 158.707960199005
gen: 68 best: 123.9 mean: 159.0134328358209
gen: 69 best: 123.9 mean: 159.00199004975124
gen: 70 best: 123.9 mean: 157.25970149253732
gen: 71 best: 123.9 mean: 158.04726368159203
gen: 72 best: 123.9 mean: 157.59402985074627
gen: 73 best: 123.9 mean: 157.08358208955224
gen: 74 best: 123.9 mean: 157.1273631840796
gen: 75 best: 123.9 mean: 157.4039800995025
gen: 76 best: 123.9 mean: 157.49402985074627
gen: 77 best: 123.9 mean: 157.97661691542288
gen: 78 best: 123.9 mean: 156.59303482587066
gen: 79 best: 123.9 mean: 157.30199004975125
gen: 80 best: 123.9 mean: 157.41243781094528
gen: 81 best: 123.9 mean: 156.3039800995025
gen: 82 best: 123.9 mean: 157.10099502487563
gen: 83 best: 123.9 mean: 156.9318407960199
gen: 84 best: 123.9 mean: 155.51194029850745
gen: 85 best: 123.9 mean: 155.94228855721394
gen: 86 best: 123.9 mean: 156.1417910447761
gen: 87 best: 123.9 mean: 156.40199004975125
gen: 88 best: 123.9 mean: 156.4273631840796
gen: 89 best: 123.9 mean: 156.7860696517413
gen: 90 best: 123.9 mean: 155.9597014925373
gen: 91 best: 123.9 mean: 155.82935323383086
gen >92, new best = 123.200
gen: 92 best: 123.2 mean: 154.72039800995026
gen: 93 best: 123.2 mean: 155.663184079602
gen: 94 best: 123.2 mean: 154.93880597014925
gen: 95 best: 123.2 mean: 154.5960199004975
gen: 96 best: 123.2 mean: 154.97661691542288
gen: 97 best: 123.2 mean: 155.6174129353234
gen: 98 best: 123.2 mean: 154.92388059701491
gen: 99 best: 123.2 mean: 153.6179104477612
[9, 9, 8, 8, 9, 9, 8, 9, 8, 9, 9, 8, 8, 8, 8, 7, 8, 8]
Test count of edges: 761
cat
