Defaulting to user installation because normal site-packages is not writeable
Looking in links: /cvmfs/soft.computecanada.ca/custom/python/wheelhouse/gentoo/avx2, /cvmfs/soft.computecanada.ca/custom/python/wheelhouse/gentoo/generic, /cvmfs/soft.computecanada.ca/custom/python/wheelhouse/generic
Requirement already satisfied: graphviz in /home/js17sy/.local/lib/python3.10/site-packages (0.20)
642; python ga.py 22 256N_graph22.dat 0.1 0.04 0.7 0.5 0.5 201 256N_graph22leerygen1rem70_ 342732
/project/6008788/js17sy/reopenga/256c/ga.py:291: DeprecationWarning: Sampling from a set deprecated
since Python 3.9 and will be removed in a subsequent version.
  child1 = set(random.sample(
gen >0, new best = 153.100
gen >0, new best = 152.600
gen >0, new best = 152.000
gen >0, new best = 129.400
gen: 0 best: 129.4 mean: 161.6412935323383
gen: 1 best: 129.4 mean: 161.61293532338308
gen: 2 best: 129.4 mean: 161.90696517412934
gen: 3 best: 129.4 mean: 161.9228855721393
gen: 4 best: 129.4 mean: 160.54328358208954
gen >5, new best = 126.500
gen: 5 best: 126.5 mean: 160.0636815920398
gen: 6 best: 126.5 mean: 159.7646766169154
gen: 7 best: 126.5 mean: 159.2820895522388
gen: 8 best: 126.5 mean: 158.30199004975125
gen: 9 best: 126.5 mean: 158.2089552238806
gen: 10 best: 126.5 mean: 157.3452736318408
gen: 11 best: 126.5 mean: 158.0089552238806
gen >12, new best = 121.600
gen: 12 best: 121.6 mean: 156.2855721393035
gen: 13 best: 121.6 mean: 157.19751243781096
gen: 14 best: 121.6 mean: 156.0089552238806
gen: 15 best: 121.6 mean: 155.6417910447761
gen: 16 best: 121.6 mean: 155.68258706467662
gen: 17 best: 121.6 mean: 154.01492537313433
gen: 18 best: 121.6 mean: 153.55572139303482
gen: 19 best: 121.6 mean: 154.7189054726368
gen >20, new best = 118.900
gen: 20 best: 118.9 mean: 154.10497512437811
gen: 21 best: 118.9 mean: 153.6681592039801
gen: 22 best: 118.9 mean: 153.62686567164178
gen: 23 best: 118.9 mean: 153.5955223880597
gen: 24 best: 118.9 mean: 153.33880597014925
gen: 25 best: 118.9 mean: 152.87462686567164
gen: 26 best: 118.9 mean: 153.07363184079603
gen: 27 best: 118.9 mean: 151.67412935323384
gen: 28 best: 118.9 mean: 151.75174129353235
gen: 29 best: 118.9 mean: 151.16616915422887
gen: 30 best: 118.9 mean: 151.6273631840796
gen: 31 best: 118.9 mean: 150.90547263681592
gen: 32 best: 118.9 mean: 151.89701492537313
gen: 33 best: 118.9 mean: 151.59651741293533
gen: 34 best: 118.9 mean: 152.02636815920397
gen >35, new best = 107.000
gen: 35 best: 107.0 mean: 150.8268656716418
gen: 36 best: 107.0 mean: 149.85721393034825
gen: 37 best: 107.0 mean: 150.78358208955223
gen: 38 best: 107.0 mean: 150.46119402985076
gen: 39 best: 107.0 mean: 150.32189054726368
gen: 40 best: 107.0 mean: 150.15273631840796
gen: 41 best: 107.0 mean: 148.99950248756218
gen: 42 best: 107.0 mean: 151.37860696517413
gen: 43 best: 107.0 mean: 149.9313432835821
gen: 44 best: 107.0 mean: 149.50049751243782
gen: 45 best: 107.0 mean: 149.43333333333334
gen: 46 best: 107.0 mean: 150.47910447761194
gen: 47 best: 107.0 mean: 151.1273631840796
gen: 48 best: 107.0 mean: 149.91094527363185
gen: 49 best: 107.0 mean: 150.52487562189054
gen: 50 best: 107.0 mean: 151.04278606965175
gen: 51 best: 107.0 mean: 149.5641791044776
gen: 52 best: 107.0 mean: 150.15323383084578
gen: 53 best: 107.0 mean: 149.05572139303482
gen: 54 best: 107.0 mean: 148.5676616915423
gen: 55 best: 107.0 mean: 149.11542288557214
gen: 56 best: 107.0 mean: 147.97661691542288
gen: 57 best: 107.0 mean: 148.93532338308458
gen: 58 best: 107.0 mean: 149.1492537313433
gen: 59 best: 107.0 mean: 148.74477611940299
gen: 60 best: 107.0 mean: 148.82089552238807
gen: 61 best: 107.0 mean: 149.6044776119403
gen: 62 best: 107.0 mean: 148.41691542288558
gen: 63 best: 107.0 mean: 147.88756218905473
gen: 64 best: 107.0 mean: 148.94228855721394
gen: 65 best: 107.0 mean: 149.15273631840796
gen: 66 best: 107.0 mean: 148.27960199004974
gen: 67 best: 107.0 mean: 149.1328358208955
gen: 68 best: 107.0 mean: 147.91094527363185
gen: 69 best: 107.0 mean: 147.90995024875622
gen: 70 best: 107.0 mean: 148.2318407960199
gen: 71 best: 107.0 mean: 148.2950248756219
gen: 72 best: 107.0 mean: 147.95373134328358
gen: 73 best: 107.0 mean: 148.1860696517413
gen: 74 best: 107.0 mean: 147.8641791044776
gen: 75 best: 107.0 mean: 148.1407960199005
gen: 76 best: 107.0 mean: 147.96567164179103
gen: 77 best: 107.0 mean: 148.3004975124378
gen: 78 best: 107.0 mean: 147.1
gen: 79 best: 107.0 mean: 147.60597014925372
gen: 80 best: 107.0 mean: 147.25223880597014
gen: 81 best: 107.0 mean: 146.44427860696518
gen: 82 best: 107.0 mean: 147.85223880597016
gen: 83 best: 107.0 mean: 146.47412935323382
gen: 84 best: 107.0 mean: 147.57611940298509
gen: 85 best: 107.0 mean: 147.45124378109452
gen: 86 best: 107.0 mean: 147.05074626865672
gen: 87 best: 107.0 mean: 147.16965174129353
gen: 88 best: 107.0 mean: 147.56119402985075
gen: 89 best: 107.0 mean: 146.86218905472637
gen: 90 best: 107.0 mean: 146.99651741293533
gen: 91 best: 107.0 mean: 147.036815920398
gen: 92 best: 107.0 mean: 146.49203980099503
gen: 93 best: 107.0 mean: 146.80597014925374
gen: 94 best: 107.0 mean: 147.5502487562189
gen: 95 best: 107.0 mean: 147.836815920398
gen: 96 best: 107.0 mean: 147.43830845771143
gen: 97 best: 107.0 mean: 147.1601990049751
gen: 98 best: 107.0 mean: 145.59651741293533
gen: 99 best: 107.0 mean: 147.23731343283583
[9, 8, 7, 8, 7, 8, 8, 9, 8, 8, 11, 7]
Test count of edges: 470
cat
