Defaulting to user installation because normal site-packages is not writeable
Looking in links: /cvmfs/soft.computecanada.ca/custom/python/wheelhouse/gentoo/avx2, /cvmfs/soft.computecanada.ca/custom/python/wheelhouse/gentoo/generic, /cvmfs/soft.computecanada.ca/custom/python/wheelhouse/generic
Requirement already satisfied: graphviz in /home/js17sy/.local/lib/python3.10/site-packages (0.20)
427; python ga.py 22 256N_graph22.dat 0.075 0.03 0.5 0.9 0.1 201 256N_graph22laxgen3rem50_ 199927
/project/6008788/js17sy/reopenga/256c/ga.py:291: DeprecationWarning: Sampling from a set deprecated
since Python 3.9 and will be removed in a subsequent version.
  child1 = set(random.sample(
gen >0, new best = 170.000
gen >0, new best = 164.400
gen >0, new best = 160.200
gen >0, new best = 154.300
gen >0, new best = 153.400
gen >0, new best = 150.900
gen: 0 best: 150.9 mean: 167.42960199004975
gen >1, new best = 142.600
gen: 1 best: 142.6 mean: 166.92338308457713
gen: 2 best: 142.6 mean: 167.4129353233831
gen: 3 best: 142.6 mean: 167.0955223880597
gen: 4 best: 142.6 mean: 166.27611940298507
gen: 5 best: 142.6 mean: 166.3547263681592
gen >6, new best = 138.700
gen: 6 best: 138.7 mean: 165.69303482587065
gen: 7 best: 138.7 mean: 164.69353233830847
gen: 8 best: 138.7 mean: 165.17910447761193
gen: 9 best: 138.7 mean: 164.7407960199005
gen: 10 best: 138.7 mean: 163.8039800995025
gen: 11 best: 138.7 mean: 164.43830845771143
gen >12, new best = 138.200
gen: 12 best: 138.2 mean: 163.0731343283582
gen: 13 best: 138.2 mean: 162.55323383084578
gen: 14 best: 138.2 mean: 162.15323383084578
gen: 15 best: 138.2 mean: 163.14378109452736
gen: 16 best: 138.2 mean: 162.1601990049751
gen: 17 best: 138.2 mean: 161.3776119402985
gen: 18 best: 138.2 mean: 161.05124378109454
gen >19, new best = 136.300
gen >19, new best = 129.000
gen: 19 best: 129.0 mean: 161.06965174129354
gen: 20 best: 129.0 mean: 160.13681592039802
gen: 21 best: 129.0 mean: 159.61144278606966
gen: 22 best: 129.0 mean: 159.80099502487562
gen: 23 best: 129.0 mean: 159.57562189054727
gen: 24 best: 129.0 mean: 159.2537313432836
gen: 25 best: 129.0 mean: 159.12487562189054
gen: 26 best: 129.0 mean: 159.05572139303482
gen: 27 best: 129.0 mean: 158.20398009950247
gen: 28 best: 129.0 mean: 158.13034825870648
gen: 29 best: 129.0 mean: 157.67611940298508
gen: 30 best: 129.0 mean: 157.0283582089552
gen: 31 best: 129.0 mean: 156.3139303482587
gen: 32 best: 129.0 mean: 156.37064676616916
gen: 33 best: 129.0 mean: 155.85621890547264
gen >34, new best = 124.700
gen: 34 best: 124.7 mean: 155.05771144278606
gen: 35 best: 124.7 mean: 154.82189054726368
gen: 36 best: 124.7 mean: 155.3776119402985
gen: 37 best: 124.7 mean: 155.43731343283582
gen: 38 best: 124.7 mean: 154.95323383084576
gen: 39 best: 124.7 mean: 154.25223880597014
gen: 40 best: 124.7 mean: 153.79004975124377
gen >41, new best = 123.100
gen: 41 best: 123.1 mean: 154.11094527363184
gen: 42 best: 123.1 mean: 153.0641791044776
gen: 43 best: 123.1 mean: 153.0676616915423
gen: 44 best: 123.1 mean: 153.31940298507462
gen: 45 best: 123.1 mean: 152.17014925373135
gen: 46 best: 123.1 mean: 151.34726368159204
gen: 47 best: 123.1 mean: 152.2502487562189
gen: 48 best: 123.1 mean: 150.6363184079602
gen: 49 best: 123.1 mean: 151.17611940298508
gen: 50 best: 123.1 mean: 150.50199004975124
gen: 51 best: 123.1 mean: 150.644776119403
gen: 52 best: 123.1 mean: 149.8955223880597
gen >53, new best = 118.500
gen: 53 best: 118.5 mean: 149.8542288557214
gen: 54 best: 118.5 mean: 149.14378109452736
gen: 55 best: 118.5 mean: 149.11144278606966
gen: 56 best: 118.5 mean: 148.79900497512438
gen: 57 best: 118.5 mean: 148.87114427860698
gen: 58 best: 118.5 mean: 148.15273631840796
gen: 59 best: 118.5 mean: 147.78009950248756
gen: 60 best: 118.5 mean: 147.9641791044776
gen: 61 best: 118.5 mean: 146.58756218905472
gen: 62 best: 118.5 mean: 146.93532338308458
gen: 63 best: 118.5 mean: 146.83930348258707
gen: 64 best: 118.5 mean: 146.80646766169153
gen: 65 best: 118.5 mean: 146.06716417910448
gen: 66 best: 118.5 mean: 146.54626865671642
gen: 67 best: 118.5 mean: 146.43731343283582
gen: 68 best: 118.5 mean: 146.05373134328357
gen: 69 best: 118.5 mean: 146.226368159204
gen: 70 best: 118.5 mean: 145.68905472636817
gen: 71 best: 118.5 mean: 146.17164179104478
gen: 72 best: 118.5 mean: 146.33781094527365
gen: 73 best: 118.5 mean: 145.1636815920398
gen: 74 best: 118.5 mean: 145.1363184079602
gen: 75 best: 118.5 mean: 144.7452736318408
gen: 76 best: 118.5 mean: 144.7223880597015
gen: 77 best: 118.5 mean: 144.93283582089552
gen: 78 best: 118.5 mean: 145.38507462686567
gen: 79 best: 118.5 mean: 145.0950248756219
gen: 80 best: 118.5 mean: 145.34179104477613
gen: 81 best: 118.5 mean: 144.9497512437811
gen: 82 best: 118.5 mean: 145.01044776119403
gen: 83 best: 118.5 mean: 144.0358208955224
gen: 84 best: 118.5 mean: 144.17164179104478
gen >85, new best = 116.300
gen: 85 best: 116.3 mean: 143.25273631840795
gen >86, new best = 116.200
gen: 86 best: 116.2 mean: 143.67462686567166
gen: 87 best: 116.2 mean: 142.9731343283582
gen: 88 best: 116.2 mean: 144.32039800995025
gen: 89 best: 116.2 mean: 143.86019900497513
gen: 90 best: 116.2 mean: 143.92835820895522
gen: 91 best: 116.2 mean: 143.81044776119404
gen: 92 best: 116.2 mean: 143.52636815920397
gen: 93 best: 116.2 mean: 142.43333333333334
gen: 94 best: 116.2 mean: 142.8766169154229
gen: 95 best: 116.2 mean: 142.96467661691543
gen: 96 best: 116.2 mean: 142.2462686567164
gen: 97 best: 116.2 mean: 143.77611940298507
gen: 98 best: 116.2 mean: 142.5099502487562
gen: 99 best: 116.2 mean: 143.33034825870647
[11, 9, 10, 9, 10, 10, 8, 10, 11, 10, 9, 11, 9, 11, 8, 9]
Test count of edges: 760
cat
