Defaulting to user installation because normal site-packages is not writeable
Looking in links: /cvmfs/soft.computecanada.ca/custom/python/wheelhouse/gentoo/avx2, /cvmfs/soft.computecanada.ca/custom/python/wheelhouse/gentoo/generic, /cvmfs/soft.computecanada.ca/custom/python/wheelhouse/generic
Requirement already satisfied: graphviz in /home/js17sy/.local/lib/python3.10/site-packages (0.20)
615; python ga.py 22 256N_graph22.dat 0.1 0.04 0.5 0.9 0.1 201 256N_graph22leerygen3rem50_ 428415
/project/6008788/js17sy/reopenga/256c/ga.py:291: DeprecationWarning: Sampling from a set deprecated
since Python 3.9 and will be removed in a subsequent version.
  child1 = set(random.sample(
gen >0, new best = 176.000
gen >0, new best = 175.100
gen >0, new best = 170.000
gen >0, new best = 169.100
gen >0, new best = 162.300
gen >0, new best = 157.700
gen >0, new best = 154.600
gen: 0 best: 154.6 mean: 175.5266169154229
gen >1, new best = 153.400
gen >1, new best = 148.500
gen: 1 best: 148.5 mean: 174.84875621890546
gen: 2 best: 148.5 mean: 174.7582089552239
gen >3, new best = 148.300
gen: 3 best: 148.3 mean: 173.83432835820895
gen: 4 best: 148.3 mean: 173.84427860696516
gen: 5 best: 148.3 mean: 173.21044776119402
gen: 6 best: 148.3 mean: 172.41990049751243
gen >7, new best = 147.300
gen: 7 best: 147.3 mean: 172.21641791044777
gen >8, new best = 146.700
gen: 8 best: 146.7 mean: 171.8910447761194
gen: 9 best: 146.7 mean: 170.9905472636816
gen: 10 best: 146.7 mean: 171.68805970149253
gen: 11 best: 146.7 mean: 170.38706467661692
gen: 12 best: 146.7 mean: 171.6601990049751
gen: 13 best: 146.7 mean: 170.99502487562188
gen: 14 best: 146.7 mean: 170.12686567164178
gen: 15 best: 146.7 mean: 170.4825870646766
gen: 16 best: 146.7 mean: 169.89701492537313
gen: 17 best: 146.7 mean: 170.87114427860698
gen: 18 best: 146.7 mean: 169.19353233830844
gen >19, new best = 141.200
gen: 19 best: 141.2 mean: 168.89353233830846
gen: 20 best: 141.2 mean: 168.28507462686568
gen: 21 best: 141.2 mean: 168.5502487562189
gen: 22 best: 141.2 mean: 168.34427860696516
gen: 23 best: 141.2 mean: 167.8910447761194
gen: 24 best: 141.2 mean: 167.0676616915423
gen: 25 best: 141.2 mean: 167.59203980099502
gen: 26 best: 141.2 mean: 167.36517412935322
gen >27, new best = 132.900
gen: 27 best: 132.9 mean: 166.1910447761194
gen: 28 best: 132.9 mean: 166.01940298507463
gen: 29 best: 132.9 mean: 165.2731343283582
gen: 30 best: 132.9 mean: 165.84776119402986
gen: 31 best: 132.9 mean: 165.11293532338308
gen: 32 best: 132.9 mean: 164.89601990049752
gen: 33 best: 132.9 mean: 164.29303482587065
gen >34, new best = 132.100
gen: 34 best: 132.1 mean: 164.41741293532337
gen: 35 best: 132.1 mean: 164.06666666666666
gen: 36 best: 132.1 mean: 163.08656716417912
gen: 37 best: 132.1 mean: 163.44925373134328
gen: 38 best: 132.1 mean: 163.76517412935323
gen: 39 best: 132.1 mean: 162.2223880597015
gen: 40 best: 132.1 mean: 162.50497512437812
gen: 41 best: 132.1 mean: 162.9
gen: 42 best: 132.1 mean: 162.68258706467662
gen: 43 best: 132.1 mean: 162.49701492537312
gen: 44 best: 132.1 mean: 163.15422885572139
gen: 45 best: 132.1 mean: 162.74129353233832
gen: 46 best: 132.1 mean: 162.24726368159205
gen >47, new best = 125.900
gen: 47 best: 125.9 mean: 161.4587064676617
gen: 48 best: 125.9 mean: 162.2089552238806
gen: 49 best: 125.9 mean: 162.21641791044777
gen: 50 best: 125.9 mean: 161.4139303482587
gen: 51 best: 125.9 mean: 161.2676616915423
gen: 52 best: 125.9 mean: 162.27910447761195
gen: 53 best: 125.9 mean: 160.81243781094528
gen: 54 best: 125.9 mean: 160.92388059701491
gen: 55 best: 125.9 mean: 160.1363184079602
gen: 56 best: 125.9 mean: 160.1412935323383
gen: 57 best: 125.9 mean: 159.8313432835821
gen: 58 best: 125.9 mean: 160.35771144278607
gen: 59 best: 125.9 mean: 160.4671641791045
gen: 60 best: 125.9 mean: 159.3233830845771
gen: 61 best: 125.9 mean: 160.02487562189054
gen: 62 best: 125.9 mean: 158.67611940298508
gen: 63 best: 125.9 mean: 158.5990049751244
gen: 64 best: 125.9 mean: 158.23333333333332
gen: 65 best: 125.9 mean: 158.13233830845772
gen: 66 best: 125.9 mean: 158.8681592039801
gen: 67 best: 125.9 mean: 158.27810945273632
gen: 68 best: 125.9 mean: 158.3781094527363
gen: 69 best: 125.9 mean: 158.2407960199005
gen: 70 best: 125.9 mean: 158.08905472636815
gen: 71 best: 125.9 mean: 157.63482587064678
gen: 72 best: 125.9 mean: 158.59452736318408
gen: 73 best: 125.9 mean: 158.00796019900497
gen: 74 best: 125.9 mean: 157.08855721393036
gen: 75 best: 125.9 mean: 156.60845771144278
gen: 76 best: 125.9 mean: 157.26119402985074
gen: 77 best: 125.9 mean: 157.18109452736317
gen: 78 best: 125.9 mean: 157.08258706467663
gen: 79 best: 125.9 mean: 157.1144278606965
gen: 80 best: 125.9 mean: 156.6995024875622
gen: 81 best: 125.9 mean: 157.07164179104478
gen: 82 best: 125.9 mean: 156.55323383084578
gen: 83 best: 125.9 mean: 157.56169154228857
gen: 84 best: 125.9 mean: 156.2492537313433
gen: 85 best: 125.9 mean: 156.2363184079602
gen: 86 best: 125.9 mean: 156.07412935323384
gen: 87 best: 125.9 mean: 156.41741293532337
gen: 88 best: 125.9 mean: 156.25174129353235
gen: 89 best: 125.9 mean: 155.92388059701491
gen: 90 best: 125.9 mean: 156.04776119402985
gen: 91 best: 125.9 mean: 155.71741293532338
gen: 92 best: 125.9 mean: 155.6318407960199
gen: 93 best: 125.9 mean: 155.73681592039802
gen: 94 best: 125.9 mean: 155.3039800995025
gen: 95 best: 125.9 mean: 155.5054726368159
gen: 96 best: 125.9 mean: 155.51890547263682
gen >97, new best = 125.300
gen: 97 best: 125.3 mean: 155.3820895522388
gen: 98 best: 125.3 mean: 155.6686567164179
gen: 99 best: 125.3 mean: 155.68109452736317
[10, 8, 11, 10, 8, 7, 7, 8, 9, 8, 9, 11, 8, 9, 10, 8, 9]
Test count of edges: 764
cat
