Defaulting to user installation because normal site-packages is not writeable
Looking in links: /cvmfs/soft.computecanada.ca/custom/python/wheelhouse/gentoo/avx2, /cvmfs/soft.computecanada.ca/custom/python/wheelhouse/gentoo/generic, /cvmfs/soft.computecanada.ca/custom/python/wheelhouse/generic
Requirement already satisfied: graphviz in /home/js17sy/.local/lib/python3.10/site-packages (0.20)
688; python ga.py 22 256N_graph22.dat 0.1 0.04 0.7 0.7 0.3 201 256N_graph22leerygen2rem70_ 799708
/project/6008788/js17sy/reopenga/256c/ga.py:291: DeprecationWarning: Sampling from a set deprecated
since Python 3.9 and will be removed in a subsequent version.
  child1 = set(random.sample(
gen >0, new best = 176.900
gen >0, new best = 161.300
gen >0, new best = 151.700
gen >0, new best = 150.300
gen >0, new best = 146.100
gen >0, new best = 144.700
gen >0, new best = 144.500
gen >0, new best = 144.100
gen: 0 best: 144.1 mean: 161.96243781094526
gen >1, new best = 143.700
gen >1, new best = 131.700
gen: 1 best: 131.7 mean: 162.6452736318408
gen >2, new best = 130.000
gen: 2 best: 130.0 mean: 161.72885572139305
gen: 3 best: 130.0 mean: 160.18706467661693
gen: 4 best: 130.0 mean: 160.14875621890548
gen >5, new best = 124.800
gen >5, new best = 123.600
gen: 5 best: 123.6 mean: 159.08905472636815
gen: 6 best: 123.6 mean: 157.8855721393035
gen: 7 best: 123.6 mean: 158.45124378109452
gen: 8 best: 123.6 mean: 158.3223880597015
gen: 9 best: 123.6 mean: 157.0542288557214
gen: 10 best: 123.6 mean: 157.41343283582088
gen >11, new best = 119.800
gen: 11 best: 119.8 mean: 158.24477611940299
gen: 12 best: 119.8 mean: 158.0313432835821
gen: 13 best: 119.8 mean: 157.35771144278607
gen: 14 best: 119.8 mean: 157.81592039800995
gen: 15 best: 119.8 mean: 156.1686567164179
gen: 16 best: 119.8 mean: 156.98059701492537
gen: 17 best: 119.8 mean: 155.80597014925374
gen: 18 best: 119.8 mean: 155.01094527363185
gen: 19 best: 119.8 mean: 155.26666666666668
gen: 20 best: 119.8 mean: 153.66915422885572
gen: 21 best: 119.8 mean: 154.44378109452737
gen: 22 best: 119.8 mean: 153.5641791044776
gen: 23 best: 119.8 mean: 153.76517412935323
gen: 24 best: 119.8 mean: 153.43781094527364
gen: 25 best: 119.8 mean: 153.62985074626866
gen: 26 best: 119.8 mean: 151.818407960199
gen: 27 best: 119.8 mean: 151.52338308457712
gen: 28 best: 119.8 mean: 152.13830845771145
gen: 29 best: 119.8 mean: 152.418407960199
gen: 30 best: 119.8 mean: 152.29800995024877
gen: 31 best: 119.8 mean: 151.3965174129353
gen: 32 best: 119.8 mean: 151.25124378109453
gen: 33 best: 119.8 mean: 151.7771144278607
gen: 34 best: 119.8 mean: 151.65671641791045
gen: 35 best: 119.8 mean: 151.33532338308459
gen: 36 best: 119.8 mean: 149.84875621890546
gen: 37 best: 119.8 mean: 149.80348258706468
gen: 38 best: 119.8 mean: 150.5358208955224
gen: 39 best: 119.8 mean: 150.52587064676618
gen >40, new best = 114.800
gen: 40 best: 114.8 mean: 150.1099502487562
gen: 41 best: 114.8 mean: 150.39800995024876
gen: 42 best: 114.8 mean: 150.77064676616916
gen: 43 best: 114.8 mean: 150.663184079602
gen: 44 best: 114.8 mean: 150.45273631840797
gen: 45 best: 114.8 mean: 150.3910447761194
gen: 46 best: 114.8 mean: 150.10398009950248
gen: 47 best: 114.8 mean: 150.3363184079602
gen: 48 best: 114.8 mean: 150.56965174129354
gen: 49 best: 114.8 mean: 151.17363184079602
gen: 50 best: 114.8 mean: 149.37412935323383
gen: 51 best: 114.8 mean: 150.0318407960199
gen: 52 best: 114.8 mean: 149.51094527363185
gen: 53 best: 114.8 mean: 148.72835820895523
gen: 54 best: 114.8 mean: 150.02636815920397
gen: 55 best: 114.8 mean: 149.7353233830846
gen: 56 best: 114.8 mean: 149.27412935323383
gen: 57 best: 114.8 mean: 149.018407960199
gen: 58 best: 114.8 mean: 147.76567164179104
gen: 59 best: 114.8 mean: 148.67910447761193
gen: 60 best: 114.8 mean: 148.12487562189054
gen: 61 best: 114.8 mean: 149.06965174129354
gen: 62 best: 114.8 mean: 147.42587064676616
gen: 63 best: 114.8 mean: 147.67164179104478
gen: 64 best: 114.8 mean: 147.90646766169155
gen: 65 best: 114.8 mean: 147.73283582089553
gen: 66 best: 114.8 mean: 148.03084577114427
gen: 67 best: 114.8 mean: 147.9587064676617
gen >68, new best = 114.000
gen: 68 best: 114.0 mean: 147.726368159204
gen: 69 best: 114.0 mean: 148.08805970149254
gen: 70 best: 114.0 mean: 146.9363184079602
gen: 71 best: 114.0 mean: 146.86766169154228
gen: 72 best: 114.0 mean: 147.26218905472638
gen: 73 best: 114.0 mean: 147.80995024875622
gen: 74 best: 114.0 mean: 148.26318407960198
gen: 75 best: 114.0 mean: 147.44776119402985
gen: 76 best: 114.0 mean: 146.7318407960199
gen: 77 best: 114.0 mean: 146.80995024875622
gen: 78 best: 114.0 mean: 146.60696517412936
gen: 79 best: 114.0 mean: 146.91044776119404
gen: 80 best: 114.0 mean: 146.62587064676617
gen: 81 best: 114.0 mean: 147.87064676616916
gen: 82 best: 114.0 mean: 146.7452736318408
gen: 83 best: 114.0 mean: 147.62935323383084
gen: 84 best: 114.0 mean: 147.63333333333333
gen: 85 best: 114.0 mean: 146.7417910447761
gen: 86 best: 114.0 mean: 147.10796019900496
gen: 87 best: 114.0 mean: 146.8865671641791
gen: 88 best: 114.0 mean: 147.66517412935323
gen: 89 best: 114.0 mean: 146.30646766169156
gen: 90 best: 114.0 mean: 146.42487562189055
gen: 91 best: 114.0 mean: 146.34577114427861
gen: 92 best: 114.0 mean: 147.3776119402985
gen >93, new best = 111.400
gen: 93 best: 111.4 mean: 146.3810945273632
gen: 94 best: 111.4 mean: 147.31094527363183
gen: 95 best: 111.4 mean: 147.50248756218906
gen: 96 best: 111.4 mean: 147.80149253731344
gen: 97 best: 111.4 mean: 146.19203980099502
gen: 98 best: 111.4 mean: 146.77064676616916
gen: 99 best: 111.4 mean: 146.1179104477612
[8, 8, 8, 8, 8, 8, 9, 7, 8, 7, 7, 7, 8, 7]
Test count of edges: 478
cat
