Defaulting to user installation because normal site-packages is not writeable
Looking in links: /cvmfs/soft.computecanada.ca/custom/python/wheelhouse/gentoo/avx2, /cvmfs/soft.computecanada.ca/custom/python/wheelhouse/gentoo/generic, /cvmfs/soft.computecanada.ca/custom/python/wheelhouse/generic
Requirement already satisfied: graphviz in /home/js17sy/.local/lib/python3.10/site-packages (0.20)
573; python ga.py 22 256N_graph22.dat 0.1 0.04 0.5 0.7 0.3 201 256N_graph22leerygen2rem50_ 85683
/project/6008788/js17sy/reopenga/256c/ga.py:291: DeprecationWarning: Sampling from a set deprecated
since Python 3.9 and will be removed in a subsequent version.
  child1 = set(random.sample(
gen >0, new best = 172.600
gen >0, new best = 170.100
gen >0, new best = 169.000
gen >0, new best = 167.100
gen >0, new best = 166.500
gen >0, new best = 159.900
gen >0, new best = 149.800
gen: 0 best: 149.8 mean: 176.131592039801
gen: 1 best: 149.8 mean: 174.9592039800995
gen: 2 best: 149.8 mean: 175.20298507462687
gen: 3 best: 149.8 mean: 174.9089552238806
gen: 4 best: 149.8 mean: 175.68059701492538
gen: 5 best: 149.8 mean: 175.47014925373134
gen: 6 best: 149.8 mean: 175.66666666666666
gen: 7 best: 149.8 mean: 174.74726368159205
gen >8, new best = 148.800
gen: 8 best: 148.8 mean: 174.08855721393036
gen: 9 best: 148.8 mean: 173.84726368159204
gen >10, new best = 147.100
gen: 10 best: 147.1 mean: 173.39154228855722
gen: 11 best: 147.1 mean: 173.7139303482587
gen: 12 best: 147.1 mean: 173.68756218905472
gen: 13 best: 147.1 mean: 172.81243781094528
gen >14, new best = 142.500
gen: 14 best: 142.5 mean: 172.90298507462686
gen >15, new best = 139.300
gen: 15 best: 139.3 mean: 172.23034825870647
gen: 16 best: 139.3 mean: 171.92587064676616
gen: 17 best: 139.3 mean: 171.51442786069651
gen: 18 best: 139.3 mean: 171.12686567164178
gen: 19 best: 139.3 mean: 171.12686567164178
gen: 20 best: 139.3 mean: 171.58258706467663
gen: 21 best: 139.3 mean: 170.61691542288557
gen: 22 best: 139.3 mean: 170.47611940298506
gen: 23 best: 139.3 mean: 170.16069651741293
gen: 24 best: 139.3 mean: 170.74278606965174
gen: 25 best: 139.3 mean: 169.9318407960199
gen: 26 best: 139.3 mean: 169.8626865671642
gen: 27 best: 139.3 mean: 169.23482587064677
gen: 28 best: 139.3 mean: 169.20597014925374
gen: 29 best: 139.3 mean: 169.3462686567164
gen: 30 best: 139.3 mean: 168.29402985074626
gen: 31 best: 139.3 mean: 168.6
gen >32, new best = 135.300
gen: 32 best: 135.3 mean: 167.41890547263682
gen: 33 best: 135.3 mean: 167.85721393034825
gen: 34 best: 135.3 mean: 167.81044776119404
gen: 35 best: 135.3 mean: 166.99601990049752
gen: 36 best: 135.3 mean: 166.88756218905473
gen: 37 best: 135.3 mean: 167.42835820895522
gen: 38 best: 135.3 mean: 166.71492537313432
gen: 39 best: 135.3 mean: 166.34278606965174
gen: 40 best: 135.3 mean: 166.21641791044777
gen: 41 best: 135.3 mean: 166.1771144278607
gen: 42 best: 135.3 mean: 165.31492537313432
gen: 43 best: 135.3 mean: 165.65074626865672
gen: 44 best: 135.3 mean: 165.9089552238806
gen: 45 best: 135.3 mean: 165.95920398009952
gen: 46 best: 135.3 mean: 165.66119402985075
gen: 47 best: 135.3 mean: 164.70199004975123
gen: 48 best: 135.3 mean: 164.06169154228857
gen: 49 best: 135.3 mean: 164.7766169154229
gen: 50 best: 135.3 mean: 164.54278606965175
gen >51, new best = 133.400
gen: 51 best: 133.4 mean: 163.96517412935324
gen: 52 best: 133.4 mean: 163.73930348258708
gen: 53 best: 133.4 mean: 163.39353233830846
gen: 54 best: 133.4 mean: 163.41343283582088
gen: 55 best: 133.4 mean: 163.35124378109452
gen: 56 best: 133.4 mean: 162.36766169154228
gen: 57 best: 133.4 mean: 162.86616915422886
gen: 58 best: 133.4 mean: 162.773631840796
gen >59, new best = 131.500
gen: 59 best: 131.5 mean: 161.61940298507463
gen: 60 best: 131.5 mean: 161.76218905472638
gen >61, new best = 125.600
gen: 61 best: 125.6 mean: 161.2044776119403
gen: 62 best: 125.6 mean: 162.2995024875622
gen: 63 best: 125.6 mean: 161.0457711442786
gen: 64 best: 125.6 mean: 161.36666666666667
gen: 65 best: 125.6 mean: 161.79601990049753
gen: 66 best: 125.6 mean: 160.83333333333334
gen: 67 best: 125.6 mean: 160.50746268656715
gen: 68 best: 125.6 mean: 160.87014925373134
gen: 69 best: 125.6 mean: 160.92388059701491
gen: 70 best: 125.6 mean: 160.8597014925373
gen: 71 best: 125.6 mean: 159.92587064676616
gen: 72 best: 125.6 mean: 160.4641791044776
gen: 73 best: 125.6 mean: 160.64875621890548
gen: 74 best: 125.6 mean: 159.8597014925373
gen: 75 best: 125.6 mean: 160.2004975124378
gen: 76 best: 125.6 mean: 159.79800995024877
gen: 77 best: 125.6 mean: 158.67114427860696
gen: 78 best: 125.6 mean: 159.18905472636817
gen: 79 best: 125.6 mean: 159.46666666666667
gen: 80 best: 125.6 mean: 159.62686567164178
gen: 81 best: 125.6 mean: 159.95373134328358
gen >82, new best = 125.300
gen: 82 best: 125.3 mean: 159.7417910447761
gen: 83 best: 125.3 mean: 159.6363184079602
gen: 84 best: 125.3 mean: 159.50248756218906
gen: 85 best: 125.3 mean: 159.2582089552239
gen: 86 best: 125.3 mean: 158.92338308457713
gen: 87 best: 125.3 mean: 158.91641791044776
gen: 88 best: 125.3 mean: 158.63432835820896
gen: 89 best: 125.3 mean: 159.43084577114428
gen: 90 best: 125.3 mean: 159.28855721393035
gen: 91 best: 125.3 mean: 158.57810945273633
gen: 92 best: 125.3 mean: 159.25721393034826
gen: 93 best: 125.3 mean: 159.08805970149254
gen: 94 best: 125.3 mean: 158.45174129353234
gen: 95 best: 125.3 mean: 158.17014925373135
gen: 96 best: 125.3 mean: 158.51691542288557
gen: 97 best: 125.3 mean: 158.32487562189056
gen: 98 best: 125.3 mean: 158.44676616915422
gen: 99 best: 125.3 mean: 159.0681592039801
[8, 11, 9, 8, 8, 9, 8, 8, 9, 8, 9, 8, 8, 9, 8, 8, 8, 9]
Test count of edges: 775
cat
