Defaulting to user installation because normal site-packages is not writeable
Looking in links: /cvmfs/soft.computecanada.ca/custom/python/wheelhouse/gentoo/avx2, /cvmfs/soft.computecanada.ca/custom/python/wheelhouse/gentoo/generic, /cvmfs/soft.computecanada.ca/custom/python/wheelhouse/generic
Requirement already satisfied: graphviz in /home/js17sy/.local/lib/python3.10/site-packages (0.20)
38; python ga.py 22 256N_graph22.dat 0.025 0.01 0.5 0.7 0.3 201 256N_graph22strictgen2rem50_ 228488
/project/6008788/js17sy/reopenga/256c/ga.py:291: DeprecationWarning: Sampling from a set deprecated
since Python 3.9 and will be removed in a subsequent version.
  child1 = set(random.sample(
gen >0, new best = 140.500
gen >0, new best = 135.900
gen >0, new best = 135.100
gen >0, new best = 124.700
gen >0, new best = 107.100
gen: 0 best: 107.1 mean: 148.69676616915422
gen: 1 best: 107.1 mean: 148.19452736318408
gen: 2 best: 107.1 mean: 146.9771144278607
gen: 3 best: 107.1 mean: 146.82587064676616
gen >4, new best = 105.900
gen: 4 best: 105.9 mean: 146.09353233830845
gen: 5 best: 105.9 mean: 145.62935323383084
gen >6, new best = 94.800
gen: 6 best: 94.8 mean: 146.11293532338308
gen: 7 best: 94.8 mean: 145.44328358208955
gen: 8 best: 94.8 mean: 145.30199004975125
gen: 9 best: 94.8 mean: 143.4094527363184
gen: 10 best: 94.8 mean: 143.626368159204
gen: 11 best: 94.8 mean: 142.08009950248757
gen: 12 best: 94.8 mean: 143.27114427860695
gen: 13 best: 94.8 mean: 142.26616915422886
gen: 14 best: 94.8 mean: 142.91144278606964
gen: 15 best: 94.8 mean: 140.50597014925373
gen >16, new best = 89.500
gen: 16 best: 89.5 mean: 140.17114427860696
gen: 17 best: 89.5 mean: 139.68358208955223
gen: 18 best: 89.5 mean: 140.7233830845771
gen: 19 best: 89.5 mean: 140.9009950248756
gen: 20 best: 89.5 mean: 139.46268656716418
gen: 21 best: 89.5 mean: 138.89303482587064
gen: 22 best: 89.5 mean: 138.78955223880598
gen >23, new best = 89.300
gen >23, new best = 85.600
gen: 23 best: 85.6 mean: 136.1950248756219
gen: 24 best: 85.6 mean: 136.2094527363184
gen >25, new best = 84.400
gen >25, new best = 79.200
gen: 25 best: 79.2 mean: 135.67611940298508
gen: 26 best: 79.2 mean: 135.41442786069652
gen: 27 best: 79.2 mean: 134.12885572139302
gen: 28 best: 79.2 mean: 133.36915422885573
gen: 29 best: 79.2 mean: 133.73830845771144
gen: 30 best: 79.2 mean: 130.5099502487562
gen: 31 best: 79.2 mean: 131.59303482587066
gen >32, new best = 72.400
gen: 32 best: 72.4 mean: 128.74825870646765
gen: 33 best: 72.4 mean: 133.50746268656715
gen: 34 best: 72.4 mean: 129.01592039800994
gen: 35 best: 72.4 mean: 128.95074626865673
gen >36, new best = 70.600
gen: 36 best: 70.6 mean: 126.72686567164179
gen >37, new best = 70.100
gen: 37 best: 70.1 mean: 128.58905472636815
gen >38, new best = 64.500
gen: 38 best: 64.5 mean: 127.8457711442786
gen >39, new best = 63.800
gen: 39 best: 63.8 mean: 126.24029850746268
gen: 40 best: 63.8 mean: 126.76169154228856
gen >41, new best = 54.500
gen: 41 best: 54.5 mean: 123.12786069651742
gen: 42 best: 54.5 mean: 121.13830845771145
gen: 43 best: 54.5 mean: 124.50199004975124
gen: 44 best: 54.5 mean: 122.52636815920398
gen: 45 best: 54.5 mean: 123.29850746268657
gen: 46 best: 54.5 mean: 117.53383084577115
gen: 47 best: 54.5 mean: 120.9
gen: 48 best: 54.5 mean: 117.22388059701493
gen: 49 best: 54.5 mean: 121.42288557213931
gen: 50 best: 54.5 mean: 117.28009950248756
gen: 51 best: 54.5 mean: 117.47064676616915
gen: 52 best: 54.5 mean: 117.39452736318408
gen >53, new best = 50.900
gen: 53 best: 50.9 mean: 115.24427860696517
gen: 54 best: 50.9 mean: 115.28258706467662
gen: 55 best: 50.9 mean: 112.89203980099502
gen: 56 best: 50.9 mean: 115.81641791044775
gen: 57 best: 50.9 mean: 114.61492537313433
gen: 58 best: 50.9 mean: 114.781592039801
gen >59, new best = 27.400
gen: 59 best: 27.4 mean: 114.3960199004975
gen: 60 best: 27.4 mean: 114.11492537313433
gen: 61 best: 27.4 mean: 111.60099502487562
gen: 62 best: 27.4 mean: 112.27512437810945
gen: 63 best: 27.4 mean: 111.96965174129353
gen: 64 best: 27.4 mean: 112.65621890547264
gen: 65 best: 27.4 mean: 113.22786069651741
gen: 66 best: 27.4 mean: 110.11791044776119
gen: 67 best: 27.4 mean: 114.29701492537313
gen: 68 best: 27.4 mean: 109.19751243781094
gen: 69 best: 27.4 mean: 112.41243781094528
gen: 70 best: 27.4 mean: 109.04726368159204
gen: 71 best: 27.4 mean: 108.8681592039801
gen: 72 best: 27.4 mean: 111.32338308457712
gen: 73 best: 27.4 mean: 107.1039800995025
gen: 74 best: 27.4 mean: 108.54278606965174
gen: 75 best: 27.4 mean: 107.33283582089553
gen: 76 best: 27.4 mean: 110.77363184079601
gen: 77 best: 27.4 mean: 106.89751243781095
gen: 78 best: 27.4 mean: 105.29154228855721
gen: 79 best: 27.4 mean: 103.89452736318408
gen: 80 best: 27.4 mean: 102.66567164179105
gen: 81 best: 27.4 mean: 98.45721393034826
gen: 82 best: 27.4 mean: 102.436815920398
gen: 83 best: 27.4 mean: 99.90597014925373
gen: 84 best: 27.4 mean: 98.01691542288557
gen: 85 best: 27.4 mean: 95.01243781094527
gen: 86 best: 27.4 mean: 94.89253731343284
gen: 87 best: 27.4 mean: 93.8676616915423
gen: 88 best: 27.4 mean: 94.32189054726368
gen: 89 best: 27.4 mean: 98.30597014925374
gen: 90 best: 27.4 mean: 95.50746268656717
gen: 91 best: 27.4 mean: 96.11542288557214
gen: 92 best: 27.4 mean: 95.11094527363184
gen: 93 best: 27.4 mean: 92.9542288557214
gen: 94 best: 27.4 mean: 92.28855721393035
gen: 95 best: 27.4 mean: 95.81990049751244
gen: 96 best: 27.4 mean: 95.98308457711443
gen: 97 best: 27.4 mean: 92.26169154228856
gen: 98 best: 27.4 mean: 95.60995024875622
gen >99, new best = 23.400
gen: 99 best: 23.4 mean: 95.23980099502488
[11, 13, 8, 11, 12, 4, 11]
Test count of edges: 780
cat
