Defaulting to user installation because normal site-packages is not writeable
Looking in links: /cvmfs/soft.computecanada.ca/custom/python/wheelhouse/gentoo/avx2, /cvmfs/soft.computecanada.ca/custom/python/wheelhouse/gentoo/generic, /cvmfs/soft.computecanada.ca/custom/python/wheelhouse/generic
Requirement already satisfied: graphviz in /home/js17sy/.local/lib/python3.10/site-packages (0.20)
234; python ga.py 22 256N_graph22.dat 0.05 0.02 0.5 0.7 0.3 201 256N_graph22mediumgen2rem50_ 685464
/project/6008788/js17sy/reopenga/256c/ga.py:291: DeprecationWarning: Sampling from a set deprecated
since Python 3.9 and will be removed in a subsequent version.
  child1 = set(random.sample(
gen >0, new best = 161.500
gen >0, new best = 155.100
gen >0, new best = 150.600
gen >0, new best = 146.600
gen >0, new best = 146.000
gen >0, new best = 144.100
gen >0, new best = 141.700
gen: 0 best: 141.7 mean: 161.02786069651742
gen >1, new best = 139.900
gen >1, new best = 138.900
gen >1, new best = 123.600
gen: 1 best: 123.6 mean: 159.67412935323384
gen: 2 best: 123.6 mean: 159.76865671641792
gen: 3 best: 123.6 mean: 159.97363184079603
gen: 4 best: 123.6 mean: 160.78507462686568
gen: 5 best: 123.6 mean: 157.9412935323383
gen: 6 best: 123.6 mean: 158.89054726368158
gen: 7 best: 123.6 mean: 159.19004975124378
gen: 8 best: 123.6 mean: 157.92636815920397
gen: 9 best: 123.6 mean: 158.80298507462686
gen: 10 best: 123.6 mean: 157.9731343283582
gen: 11 best: 123.6 mean: 157.96169154228855
gen: 12 best: 123.6 mean: 157.08059701492536
gen: 13 best: 123.6 mean: 157.11393034825872
gen: 14 best: 123.6 mean: 156.77960199004974
gen: 15 best: 123.6 mean: 156.89751243781095
gen: 16 best: 123.6 mean: 156.40348258706467
gen: 17 best: 123.6 mean: 155.1731343283582
gen: 18 best: 123.6 mean: 155.93283582089552
gen: 19 best: 123.6 mean: 154.5597014925373
gen: 20 best: 123.6 mean: 153.7636815920398
gen: 21 best: 123.6 mean: 153.71492537313432
gen: 22 best: 123.6 mean: 153.4402985074627
gen: 23 best: 123.6 mean: 153.83283582089553
gen: 24 best: 123.6 mean: 153.90746268656716
gen >25, new best = 122.300
gen: 25 best: 122.3 mean: 152.61144278606966
gen: 26 best: 122.3 mean: 153.13880597014926
gen >27, new best = 119.400
gen: 27 best: 119.4 mean: 152.48557213930349
gen: 28 best: 119.4 mean: 151.73333333333332
gen: 29 best: 119.4 mean: 151.72935323383084
gen: 30 best: 119.4 mean: 150.96965174129355
gen: 31 best: 119.4 mean: 151.20646766169153
gen >32, new best = 115.700
gen: 32 best: 115.7 mean: 150.7592039800995
gen: 33 best: 115.7 mean: 150.63880597014926
gen: 34 best: 115.7 mean: 149.18358208955223
gen: 35 best: 115.7 mean: 149.22487562189056
gen: 36 best: 115.7 mean: 148.7323383084577
gen: 37 best: 115.7 mean: 147.09253731343284
gen: 38 best: 115.7 mean: 147.00199004975124
gen: 39 best: 115.7 mean: 146.5771144278607
gen >40, new best = 114.500
gen: 40 best: 114.5 mean: 146.58955223880596
gen: 41 best: 114.5 mean: 146.0
gen: 42 best: 114.5 mean: 146.66716417910447
gen: 43 best: 114.5 mean: 145.08258706467663
gen: 44 best: 114.5 mean: 145.78756218905474
gen: 45 best: 114.5 mean: 145.21592039800996
gen: 46 best: 114.5 mean: 145.47761194029852
gen: 47 best: 114.5 mean: 145.54676616915424
gen: 48 best: 114.5 mean: 145.5174129353234
gen: 49 best: 114.5 mean: 145.36865671641792
gen: 50 best: 114.5 mean: 145.27412935323383
gen: 51 best: 114.5 mean: 143.7905472636816
gen: 52 best: 114.5 mean: 144.19303482587065
gen: 53 best: 114.5 mean: 143.61094527363184
gen: 54 best: 114.5 mean: 143.45771144278606
gen: 55 best: 114.5 mean: 142.73582089552238
gen: 56 best: 114.5 mean: 143.5084577114428
gen: 57 best: 114.5 mean: 143.47412935323382
gen: 58 best: 114.5 mean: 142.00796019900497
gen >59, new best = 113.000
gen: 59 best: 113.0 mean: 141.57661691542287
gen: 60 best: 113.0 mean: 141.00696517412936
gen: 61 best: 113.0 mean: 141.68507462686568
gen: 62 best: 113.0 mean: 141.12437810945275
gen: 63 best: 113.0 mean: 140.35721393034825
gen: 64 best: 113.0 mean: 140.8223880597015
gen: 65 best: 113.0 mean: 139.91691542288558
gen: 66 best: 113.0 mean: 139.81194029850747
gen: 67 best: 113.0 mean: 139.5587064676617
gen: 68 best: 113.0 mean: 139.90746268656716
gen: 69 best: 113.0 mean: 140.14278606965175
gen: 70 best: 113.0 mean: 139.50298507462688
gen: 71 best: 113.0 mean: 138.98059701492537
gen >72, new best = 112.300
gen: 72 best: 112.3 mean: 138.88606965174128
gen: 73 best: 112.3 mean: 139.25671641791044
gen: 74 best: 112.3 mean: 139.73681592039802
gen: 75 best: 112.3 mean: 139.25572139303483
gen: 76 best: 112.3 mean: 138.60796019900496
gen: 77 best: 112.3 mean: 138.4900497512438
gen: 78 best: 112.3 mean: 138.2233830845771
gen: 79 best: 112.3 mean: 138.49203980099503
gen: 80 best: 112.3 mean: 138.49701492537312
gen: 81 best: 112.3 mean: 138.3825870646766
gen: 82 best: 112.3 mean: 138.3228855721393
gen: 83 best: 112.3 mean: 138.1402985074627
gen: 84 best: 112.3 mean: 138.2417910447761
gen: 85 best: 112.3 mean: 137.65621890547263
gen: 86 best: 112.3 mean: 137.97611940298506
gen: 87 best: 112.3 mean: 137.4547263681592
gen: 88 best: 112.3 mean: 137.78507462686568
gen: 89 best: 112.3 mean: 137.8268656716418
gen: 90 best: 112.3 mean: 138.13034825870648
gen: 91 best: 112.3 mean: 137.3955223880597
gen: 92 best: 112.3 mean: 137.72885572139305
gen: 93 best: 112.3 mean: 137.08855721393036
gen: 94 best: 112.3 mean: 138.26169154228856
gen: 95 best: 112.3 mean: 137.28706467661692
gen: 96 best: 112.3 mean: 137.62039800995024
gen: 97 best: 112.3 mean: 137.57910447761193
gen: 98 best: 112.3 mean: 137.726368159204
gen: 99 best: 112.3 mean: 138.15124378109454
[10, 8, 9, 12, 12, 10, 11, 9, 11, 9, 10, 10]
Test count of edges: 773
cat
