Defaulting to user installation because normal site-packages is not writeable
Looking in links: /cvmfs/soft.computecanada.ca/custom/python/wheelhouse/gentoo/avx2, /cvmfs/soft.computecanada.ca/custom/python/wheelhouse/gentoo/generic, /cvmfs/soft.computecanada.ca/custom/python/wheelhouse/generic
Requirement already satisfied: graphviz in /home/js17sy/.local/lib/python3.10/site-packages (0.20)
648; python ga.py 22 256N_graph22.dat 0.1 0.04 0.7 0.5 0.5 201 256N_graph22leerygen1rem70_ 514098
/project/6008788/js17sy/reopenga/256c/ga.py:291: DeprecationWarning: Sampling from a set deprecated
since Python 3.9 and will be removed in a subsequent version.
  child1 = set(random.sample(
gen >0, new best = 152.400
gen >0, new best = 151.500
gen >0, new best = 146.200
gen >0, new best = 143.600
gen >0, new best = 142.500
gen >0, new best = 136.500
gen: 0 best: 136.5 mean: 162.20995024875623
gen >1, new best = 135.200
gen >1, new best = 129.600
gen: 1 best: 129.6 mean: 161.78507462686568
gen: 2 best: 129.6 mean: 161.17064676616914
gen: 3 best: 129.6 mean: 160.46965174129352
gen >4, new best = 129.300
gen: 4 best: 129.3 mean: 159.80597014925374
gen >5, new best = 128.400
gen: 5 best: 128.4 mean: 160.13034825870648
gen: 6 best: 128.4 mean: 159.64776119402984
gen: 7 best: 128.4 mean: 158.94328358208955
gen: 8 best: 128.4 mean: 159.27114427860695
gen: 9 best: 128.4 mean: 159.12686567164178
gen: 10 best: 128.4 mean: 158.87313432835822
gen: 11 best: 128.4 mean: 158.48208955223882
gen >12, new best = 121.500
gen: 12 best: 121.5 mean: 157.3323383084577
gen: 13 best: 121.5 mean: 157.8278606965174
gen: 14 best: 121.5 mean: 157.8626865671642
gen: 15 best: 121.5 mean: 157.88805970149252
gen: 16 best: 121.5 mean: 158.98855721393033
gen: 17 best: 121.5 mean: 156.58009950248757
gen: 18 best: 121.5 mean: 157.39850746268658
gen: 19 best: 121.5 mean: 156.99850746268658
gen: 20 best: 121.5 mean: 155.64328358208954
gen: 21 best: 121.5 mean: 156.89353233830846
gen: 22 best: 121.5 mean: 156.42636815920397
gen: 23 best: 121.5 mean: 156.63930348258705
gen: 24 best: 121.5 mean: 157.3313432835821
gen: 25 best: 121.5 mean: 156.53383084577115
gen: 26 best: 121.5 mean: 156.64726368159205
gen: 27 best: 121.5 mean: 155.18059701492538
gen: 28 best: 121.5 mean: 156.07810945273633
gen: 29 best: 121.5 mean: 156.0457711442786
gen: 30 best: 121.5 mean: 155.13134328358208
gen: 31 best: 121.5 mean: 155.22388059701493
gen: 32 best: 121.5 mean: 155.59402985074627
gen >33, new best = 116.000
gen: 33 best: 116.0 mean: 154.34278606965174
gen: 34 best: 116.0 mean: 154.61293532338308
gen: 35 best: 116.0 mean: 153.89253731343283
gen: 36 best: 116.0 mean: 154.87562189054725
gen: 37 best: 116.0 mean: 154.6776119402985
gen: 38 best: 116.0 mean: 154.26218905472638
gen: 39 best: 116.0 mean: 154.181592039801
gen: 40 best: 116.0 mean: 152.93930348258706
gen: 41 best: 116.0 mean: 153.58407960199006
gen: 42 best: 116.0 mean: 154.32736318407962
gen: 43 best: 116.0 mean: 152.48557213930349
gen: 44 best: 116.0 mean: 152.56119402985075
gen: 45 best: 116.0 mean: 152.8084577114428
gen: 46 best: 116.0 mean: 150.88606965174128
gen: 47 best: 116.0 mean: 151.5452736318408
gen: 48 best: 116.0 mean: 151.3820895522388
gen: 49 best: 116.0 mean: 151.3995024875622
gen: 50 best: 116.0 mean: 152.2308457711443
gen: 51 best: 116.0 mean: 151.7417910447761
gen: 52 best: 116.0 mean: 151.56467661691542
gen: 53 best: 116.0 mean: 152.08955223880596
gen: 54 best: 116.0 mean: 150.86517412935322
gen: 55 best: 116.0 mean: 152.1452736318408
gen: 56 best: 116.0 mean: 150.68805970149253
gen >57, new best = 114.600
gen: 57 best: 114.6 mean: 150.85024875621892
gen: 58 best: 114.6 mean: 151.21194029850747
gen: 59 best: 114.6 mean: 151.16666666666666
gen: 60 best: 114.6 mean: 150.37562189054725
gen: 61 best: 114.6 mean: 151.7134328358209
gen: 62 best: 114.6 mean: 149.98457711442785
gen: 63 best: 114.6 mean: 151.75323383084577
gen: 64 best: 114.6 mean: 151.23930348258708
gen: 65 best: 114.6 mean: 150.74776119402986
gen: 66 best: 114.6 mean: 150.4860696517413
gen: 67 best: 114.6 mean: 150.61094527363184
gen: 68 best: 114.6 mean: 151.22935323383084
gen: 69 best: 114.6 mean: 149.80597014925374
gen: 70 best: 114.6 mean: 149.64378109452736
gen: 71 best: 114.6 mean: 150.46915422885573
gen: 72 best: 114.6 mean: 149.52885572139303
gen >73, new best = 109.700
gen: 73 best: 109.7 mean: 149.87562189054725
gen: 74 best: 109.7 mean: 150.3179104477612
gen: 75 best: 109.7 mean: 150.00298507462688
gen: 76 best: 109.7 mean: 150.92039800995025
gen: 77 best: 109.7 mean: 149.70199004975123
gen: 78 best: 109.7 mean: 150.12039800995024
gen: 79 best: 109.7 mean: 149.8134328358209
gen: 80 best: 109.7 mean: 150.81243781094528
gen: 81 best: 109.7 mean: 150.94925373134328
gen: 82 best: 109.7 mean: 150.88805970149255
gen: 83 best: 109.7 mean: 150.68855721393035
gen: 84 best: 109.7 mean: 151.16069651741293
gen: 85 best: 109.7 mean: 150.24477611940299
gen: 86 best: 109.7 mean: 151.62537313432836
gen: 87 best: 109.7 mean: 149.6174129353234
gen: 88 best: 109.7 mean: 149.95124378109452
gen: 89 best: 109.7 mean: 149.95820895522388
gen: 90 best: 109.7 mean: 151.16517412935323
gen: 91 best: 109.7 mean: 151.80348258706468
gen: 92 best: 109.7 mean: 148.93980099502488
gen: 93 best: 109.7 mean: 148.7910447761194
gen: 94 best: 109.7 mean: 150.32537313432834
gen: 95 best: 109.7 mean: 149.481592039801
gen: 96 best: 109.7 mean: 149.6601990049751
gen: 97 best: 109.7 mean: 149.30597014925374
gen: 98 best: 109.7 mean: 150.21044776119402
gen: 99 best: 109.7 mean: 150.79353233830847
[8, 8, 8, 8, 8, 8, 9, 7, 8, 7, 7, 7, 8]
Test count of edges: 486
cat
