Defaulting to user installation because normal site-packages is not writeable
Looking in links: /cvmfs/soft.computecanada.ca/custom/python/wheelhouse/gentoo/avx2, /cvmfs/soft.computecanada.ca/custom/python/wheelhouse/gentoo/generic, /cvmfs/soft.computecanada.ca/custom/python/wheelhouse/generic
Requirement already satisfied: graphviz in /home/js17sy/.local/lib/python3.10/site-packages (0.20)
219; python ga.py 22 256N_graph22.dat 0.05 0.02 0.5 0.7 0.3 201 256N_graph22mediumgen2rem50_ 257049
/project/6008788/js17sy/reopenga/256c/ga.py:291: DeprecationWarning: Sampling from a set deprecated
since Python 3.9 and will be removed in a subsequent version.
  child1 = set(random.sample(
gen >0, new best = 164.700
gen >0, new best = 159.000
gen >0, new best = 142.500
gen >0, new best = 138.100
gen >0, new best = 136.900
gen: 0 best: 136.9 mean: 161.00771144278607
gen >1, new best = 130.100
gen: 1 best: 130.1 mean: 160.0497512437811
gen: 2 best: 130.1 mean: 160.47363184079603
gen: 3 best: 130.1 mean: 161.12139303482587
gen: 4 best: 130.1 mean: 160.54726368159203
gen: 5 best: 130.1 mean: 160.88407960199004
gen: 6 best: 130.1 mean: 160.48059701492537
gen: 7 best: 130.1 mean: 159.418407960199
gen: 8 best: 130.1 mean: 158.56517412935324
gen: 9 best: 130.1 mean: 159.11542288557214
gen: 10 best: 130.1 mean: 158.06218905472636
gen: 11 best: 130.1 mean: 157.10398009950248
gen: 12 best: 130.1 mean: 156.71194029850747
gen: 13 best: 130.1 mean: 156.5636815920398
gen: 14 best: 130.1 mean: 156.9044776119403
gen: 15 best: 130.1 mean: 155.59850746268657
gen: 16 best: 130.1 mean: 156.0726368159204
gen: 17 best: 130.1 mean: 155.0318407960199
gen: 18 best: 130.1 mean: 154.84228855721392
gen >19, new best = 127.900
gen >19, new best = 125.100
gen: 19 best: 125.1 mean: 153.93731343283582
gen: 20 best: 125.1 mean: 154.22587064676617
gen: 21 best: 125.1 mean: 153.8169154228856
gen >22, new best = 118.600
gen: 22 best: 118.6 mean: 153.06716417910448
gen: 23 best: 118.6 mean: 152.16218905472635
gen: 24 best: 118.6 mean: 152.18507462686568
gen: 25 best: 118.6 mean: 151.918407960199
gen: 26 best: 118.6 mean: 152.07462686567163
gen: 27 best: 118.6 mean: 152.20646766169153
gen: 28 best: 118.6 mean: 151.76019900497514
gen: 29 best: 118.6 mean: 151.94179104477612
gen: 30 best: 118.6 mean: 152.49601990049752
gen: 31 best: 118.6 mean: 152.25721393034826
gen: 32 best: 118.6 mean: 151.04875621890548
gen: 33 best: 118.6 mean: 151.45273631840797
gen: 34 best: 118.6 mean: 150.86666666666667
gen: 35 best: 118.6 mean: 149.6676616915423
gen: 36 best: 118.6 mean: 149.81741293532338
gen: 37 best: 118.6 mean: 150.936815920398
gen: 38 best: 118.6 mean: 150.71492537313432
gen: 39 best: 118.6 mean: 150.64726368159205
gen: 40 best: 118.6 mean: 150.18706467661693
gen: 41 best: 118.6 mean: 150.16268656716417
gen: 42 best: 118.6 mean: 149.24577114427862
gen: 43 best: 118.6 mean: 150.1318407960199
gen: 44 best: 118.6 mean: 149.35721393034825
gen: 45 best: 118.6 mean: 149.681592039801
gen: 46 best: 118.6 mean: 147.94427860696518
gen: 47 best: 118.6 mean: 148.69203980099502
gen: 48 best: 118.6 mean: 148.97363184079603
gen: 49 best: 118.6 mean: 148.27064676616916
gen: 50 best: 118.6 mean: 149.1273631840796
gen: 51 best: 118.6 mean: 148.91492537313434
gen: 52 best: 118.6 mean: 147.58507462686566
gen: 53 best: 118.6 mean: 147.89253731343283
gen: 54 best: 118.6 mean: 146.70995024875623
gen: 55 best: 118.6 mean: 148.13034825870648
gen: 56 best: 118.6 mean: 148.43532338308458
gen: 57 best: 118.6 mean: 147.62686567164178
gen: 58 best: 118.6 mean: 146.64427860696517
gen: 59 best: 118.6 mean: 146.95124378109452
gen >60, new best = 114.600
gen: 60 best: 114.6 mean: 146.80597014925374
gen: 61 best: 114.6 mean: 146.3771144278607
gen: 62 best: 114.6 mean: 146.20398009950247
gen: 63 best: 114.6 mean: 147.05771144278606
gen: 64 best: 114.6 mean: 146.53930348258706
gen: 65 best: 114.6 mean: 147.036815920398
gen: 66 best: 114.6 mean: 146.9915422885572
gen: 67 best: 114.6 mean: 145.29751243781095
gen: 68 best: 114.6 mean: 146.13034825870648
gen: 69 best: 114.6 mean: 145.7189054726368
gen: 70 best: 114.6 mean: 145.2731343283582
gen: 71 best: 114.6 mean: 144.95621890547264
gen: 72 best: 114.6 mean: 145.41194029850746
gen: 73 best: 114.6 mean: 144.7273631840796
gen: 74 best: 114.6 mean: 145.47014925373134
gen: 75 best: 114.6 mean: 144.09751243781093
gen: 76 best: 114.6 mean: 144.18706467661693
gen: 77 best: 114.6 mean: 144.86766169154228
gen: 78 best: 114.6 mean: 144.51691542288557
gen: 79 best: 114.6 mean: 144.55621890547263
gen: 80 best: 114.6 mean: 143.855223880597
gen: 81 best: 114.6 mean: 144.56616915422885
gen: 82 best: 114.6 mean: 144.69800995024875
gen: 83 best: 114.6 mean: 144.18407960199005
gen: 84 best: 114.6 mean: 143.7820895522388
gen: 85 best: 114.6 mean: 144.6174129353234
gen: 86 best: 114.6 mean: 145.04825870646766
gen: 87 best: 114.6 mean: 143.69253731343284
gen: 88 best: 114.6 mean: 143.71940298507462
gen: 89 best: 114.6 mean: 143.37611940298507
gen: 90 best: 114.6 mean: 143.48805970149255
gen: 91 best: 114.6 mean: 143.07213930348257
gen: 92 best: 114.6 mean: 144.2318407960199
gen: 93 best: 114.6 mean: 143.63383084577114
gen: 94 best: 114.6 mean: 144.07562189054727
gen: 95 best: 114.6 mean: 144.4273631840796
gen: 96 best: 114.6 mean: 144.4313432835821
gen: 97 best: 114.6 mean: 144.5497512437811
gen: 98 best: 114.6 mean: 144.9268656716418
gen: 99 best: 114.6 mean: 143.7044776119403
[9, 7, 9, 11, 9, 10, 10, 9, 9, 9, 12, 7, 10, 9, 11, 9, 11]
Test count of edges: 770
cat
