Defaulting to user installation because normal site-packages is not writeable
Looking in links: /cvmfs/soft.computecanada.ca/custom/python/wheelhouse/gentoo/avx2, /cvmfs/soft.computecanada.ca/custom/python/wheelhouse/gentoo/generic, /cvmfs/soft.computecanada.ca/custom/python/wheelhouse/generic
Requirement already satisfied: graphviz in /home/js17sy/.local/lib/python3.10/site-packages (0.20)
475; python ga.py 22 256N_graph22.dat 0.075 0.03 0.7 0.5 0.5 201 256N_graph22laxgen1rem70_ 714025
/project/6008788/js17sy/reopenga/256c/ga.py:291: DeprecationWarning: Sampling from a set deprecated
since Python 3.9 and will be removed in a subsequent version.
  child1 = set(random.sample(
gen >0, new best = 154.500
gen >0, new best = 147.200
gen >0, new best = 141.900
gen >0, new best = 115.400
gen: 0 best: 115.4 mean: 151.23109452736318
gen: 1 best: 115.4 mean: 150.63681592039802
gen: 2 best: 115.4 mean: 148.87910447761195
gen: 3 best: 115.4 mean: 149.981592039801
gen: 4 best: 115.4 mean: 150.46965174129355
gen: 5 best: 115.4 mean: 148.44726368159203
gen: 6 best: 115.4 mean: 147.76119402985074
gen: 7 best: 115.4 mean: 147.45721393034825
gen: 8 best: 115.4 mean: 146.8995024875622
gen: 9 best: 115.4 mean: 146.80995024875622
gen: 10 best: 115.4 mean: 145.51641791044776
gen >11, new best = 114.700
gen: 11 best: 114.7 mean: 145.46169154228855
gen >12, new best = 114.100
gen: 12 best: 114.1 mean: 144.95174129353234
gen: 13 best: 114.1 mean: 144.5358208955224
gen: 14 best: 114.1 mean: 145.32388059701492
gen: 15 best: 114.1 mean: 142.94427860696518
gen: 16 best: 114.1 mean: 143.56069651741294
gen: 17 best: 114.1 mean: 142.39154228855722
gen >18, new best = 113.000
gen: 18 best: 113.0 mean: 141.42089552238807
gen: 19 best: 113.0 mean: 140.31293532338307
gen: 20 best: 113.0 mean: 140.1407960199005
gen >21, new best = 112.600
gen: 21 best: 112.6 mean: 139.82935323383086
gen >22, new best = 110.400
gen: 22 best: 110.4 mean: 140.5089552238806
gen: 23 best: 110.4 mean: 139.1865671641791
gen: 24 best: 110.4 mean: 138.43034825870646
gen: 25 best: 110.4 mean: 138.55522388059703
gen: 26 best: 110.4 mean: 137.48109452736318
gen: 27 best: 110.4 mean: 139.58855721393036
gen: 28 best: 110.4 mean: 137.41343283582088
gen: 29 best: 110.4 mean: 138.65771144278608
gen: 30 best: 110.4 mean: 136.38507462686567
gen >31, new best = 107.100
gen: 31 best: 107.1 mean: 137.50597014925373
gen: 32 best: 107.1 mean: 137.04079601990048
gen: 33 best: 107.1 mean: 136.6179104477612
gen: 34 best: 107.1 mean: 136.62139303482587
gen >35, new best = 100.000
gen: 35 best: 100.0 mean: 136.2223880597015
gen: 36 best: 100.0 mean: 137.71940298507462
gen: 37 best: 100.0 mean: 136.86169154228855
gen: 38 best: 100.0 mean: 136.43283582089552
gen: 39 best: 100.0 mean: 136.8363184079602
gen: 40 best: 100.0 mean: 136.08855721393036
gen >41, new best = 97.400
gen: 41 best: 97.4 mean: 137.61940298507463
gen: 42 best: 97.4 mean: 136.8179104477612
gen: 43 best: 97.4 mean: 137.17412935323384
gen: 44 best: 97.4 mean: 136.355223880597
gen: 45 best: 97.4 mean: 137.018407960199
gen: 46 best: 97.4 mean: 136.50099502487564
gen: 47 best: 97.4 mean: 136.33830845771143
gen: 48 best: 97.4 mean: 136.14228855721393
gen: 49 best: 97.4 mean: 136.84477611940298
gen: 50 best: 97.4 mean: 137.61691542288557
gen: 51 best: 97.4 mean: 135.73830845771144
gen: 52 best: 97.4 mean: 136.59253731343284
gen: 53 best: 97.4 mean: 135.87860696517413
gen: 54 best: 97.4 mean: 135.85621890547264
gen: 55 best: 97.4 mean: 135.87910447761195
gen: 56 best: 97.4 mean: 134.66218905472635
gen: 57 best: 97.4 mean: 134.52587064676618
gen: 58 best: 97.4 mean: 133.82587064676616
gen: 59 best: 97.4 mean: 134.89800995024876
gen: 60 best: 97.4 mean: 134.77164179104477
gen: 61 best: 97.4 mean: 135.41094527363185
gen: 62 best: 97.4 mean: 135.12487562189054
gen: 63 best: 97.4 mean: 135.41741293532337
gen: 64 best: 97.4 mean: 135.13034825870648
gen: 65 best: 97.4 mean: 134.44925373134328
gen: 66 best: 97.4 mean: 134.77810945273632
gen: 67 best: 97.4 mean: 133.64626865671642
gen: 68 best: 97.4 mean: 135.02437810945273
gen: 69 best: 97.4 mean: 134.20199004975123
gen: 70 best: 97.4 mean: 134.15820895522387
gen: 71 best: 97.4 mean: 134.11393034825872
gen: 72 best: 97.4 mean: 134.2134328358209
gen: 73 best: 97.4 mean: 134.17860696517414
gen: 74 best: 97.4 mean: 133.33283582089553
gen: 75 best: 97.4 mean: 134.71144278606965
gen: 76 best: 97.4 mean: 134.144776119403
gen: 77 best: 97.4 mean: 132.75970149253732
gen: 78 best: 97.4 mean: 133.65074626865672
gen: 79 best: 97.4 mean: 133.4273631840796
gen: 80 best: 97.4 mean: 132.38706467661692
gen: 81 best: 97.4 mean: 132.73880597014926
gen: 82 best: 97.4 mean: 133.44378109452737
gen: 83 best: 97.4 mean: 133.36318407960198
gen: 84 best: 97.4 mean: 134.54726368159203
gen: 85 best: 97.4 mean: 133.03034825870648
gen: 86 best: 97.4 mean: 133.2766169154229
gen: 87 best: 97.4 mean: 134.20995024875623
gen: 88 best: 97.4 mean: 133.68358208955223
gen: 89 best: 97.4 mean: 134.88855721393034
gen: 90 best: 97.4 mean: 134.35323383084577
gen: 91 best: 97.4 mean: 132.8004975124378
gen: 92 best: 97.4 mean: 134.2134328358209
gen: 93 best: 97.4 mean: 133.82736318407962
gen: 94 best: 97.4 mean: 133.03034825870648
gen: 95 best: 97.4 mean: 132.91194029850746
gen: 96 best: 97.4 mean: 132.8169154228856
gen: 97 best: 97.4 mean: 132.9044776119403
gen: 98 best: 97.4 mean: 134.41194029850746
gen: 99 best: 97.4 mean: 134.3313432835821
[9, 11, 8, 9, 11, 10, 7, 8, 8, 8, 9, 9, 8, 8]
Test count of edges: 470
cat
