Defaulting to user installation because normal site-packages is not writeable
Looking in links: /cvmfs/soft.computecanada.ca/custom/python/wheelhouse/gentoo/avx2, /cvmfs/soft.computecanada.ca/custom/python/wheelhouse/gentoo/generic, /cvmfs/soft.computecanada.ca/custom/python/wheelhouse/generic
Requirement already satisfied: graphviz in /home/js17sy/.local/lib/python3.10/site-packages (0.20)
308; python ga.py 22 256N_graph22.dat 0.05 0.02 0.7 0.7 0.3 201 256N_graph22mediumgen2rem70_ 228488
/project/6008788/js17sy/reopenga/256c/ga.py:291: DeprecationWarning: Sampling from a set deprecated
since Python 3.9 and will be removed in a subsequent version.
  child1 = set(random.sample(
gen >0, new best = 144.300
gen >0, new best = 127.500
gen >0, new best = 111.600
gen: 0 best: 111.6 mean: 140.18084577114428
gen >1, new best = 109.400
gen: 1 best: 109.4 mean: 139.06666666666666
gen: 2 best: 109.4 mean: 137.20099502487562
gen >3, new best = 99.900
gen: 3 best: 99.9 mean: 138.04676616915424
gen: 4 best: 99.9 mean: 137.41940298507464
gen: 5 best: 99.9 mean: 136.0721393034826
gen >6, new best = 99.800
gen: 6 best: 99.8 mean: 134.53432835820897
gen: 7 best: 99.8 mean: 135.9039800995025
gen >8, new best = 97.600
gen: 8 best: 97.6 mean: 135.19701492537314
gen: 9 best: 97.6 mean: 134.48457711442785
gen: 10 best: 97.6 mean: 133.7134328358209
gen: 11 best: 97.6 mean: 132.7820895522388
gen: 12 best: 97.6 mean: 131.19004975124378
gen: 13 best: 97.6 mean: 131.13930348258705
gen >14, new best = 95.900
gen: 14 best: 95.9 mean: 131.00746268656715
gen: 15 best: 95.9 mean: 131.1402985074627
gen: 16 best: 95.9 mean: 131.1860696517413
gen: 17 best: 95.9 mean: 131.52487562189054
gen: 18 best: 95.9 mean: 130.38507462686567
gen: 19 best: 95.9 mean: 130.50796019900497
gen >20, new best = 95.200
gen: 20 best: 95.2 mean: 129.06517412935324
gen >21, new best = 89.300
gen: 21 best: 89.3 mean: 129.57611940298509
gen: 22 best: 89.3 mean: 130.29850746268656
gen: 23 best: 89.3 mean: 129.05572139303482
gen: 24 best: 89.3 mean: 129.90149253731343
gen: 25 best: 89.3 mean: 128.23432835820896
gen: 26 best: 89.3 mean: 130.1328358208955
gen: 27 best: 89.3 mean: 129.163184079602
gen: 28 best: 89.3 mean: 128.15373134328357
gen: 29 best: 89.3 mean: 128.63432835820896
gen: 30 best: 89.3 mean: 127.43283582089552
gen: 31 best: 89.3 mean: 127.28009950248756
gen: 32 best: 89.3 mean: 127.27661691542289
gen: 33 best: 89.3 mean: 126.66915422885572
gen: 34 best: 89.3 mean: 125.68457711442787
gen: 35 best: 89.3 mean: 125.97363184079602
gen: 36 best: 89.3 mean: 125.63283582089552
gen: 37 best: 89.3 mean: 124.87860696517413
gen: 38 best: 89.3 mean: 126.85074626865672
gen >39, new best = 83.700
gen: 39 best: 83.7 mean: 125.67412935323384
gen: 40 best: 83.7 mean: 125.32388059701492
gen: 41 best: 83.7 mean: 124.36169154228855
gen: 42 best: 83.7 mean: 124.92985074626866
gen: 43 best: 83.7 mean: 124.6731343283582
gen: 44 best: 83.7 mean: 124.46218905472637
gen: 45 best: 83.7 mean: 125.09601990049751
gen: 46 best: 83.7 mean: 125.54427860696518
gen: 47 best: 83.7 mean: 124.15223880597014
gen: 48 best: 83.7 mean: 123.57711442786069
gen: 49 best: 83.7 mean: 122.83432835820895
gen: 50 best: 83.7 mean: 123.33283582089553
gen: 51 best: 83.7 mean: 123.61890547263681
gen: 52 best: 83.7 mean: 121.80149253731344
gen: 53 best: 83.7 mean: 123.17910447761194
gen: 54 best: 83.7 mean: 120.4597014925373
gen: 55 best: 83.7 mean: 122.1273631840796
gen: 56 best: 83.7 mean: 120.75820895522388
gen: 57 best: 83.7 mean: 121.8318407960199
gen: 58 best: 83.7 mean: 121.54228855721394
gen: 59 best: 83.7 mean: 121.34875621890548
gen: 60 best: 83.7 mean: 121.73482587064677
gen: 61 best: 83.7 mean: 120.91592039800994
gen: 62 best: 83.7 mean: 120.83134328358209
gen: 63 best: 83.7 mean: 121.00746268656717
gen: 64 best: 83.7 mean: 120.65323383084578
gen: 65 best: 83.7 mean: 121.21094527363184
gen: 66 best: 83.7 mean: 120.45323383084578
gen: 67 best: 83.7 mean: 120.55820895522388
gen: 68 best: 83.7 mean: 120.31442786069651
gen: 69 best: 83.7 mean: 120.7004975124378
gen: 70 best: 83.7 mean: 120.2457711442786
gen: 71 best: 83.7 mean: 120.6039800995025
gen: 72 best: 83.7 mean: 120.07960199004975
gen: 73 best: 83.7 mean: 119.97562189054726
gen: 74 best: 83.7 mean: 120.6
gen: 75 best: 83.7 mean: 120.56169154228856
gen: 76 best: 83.7 mean: 120.79004975124379
gen: 77 best: 83.7 mean: 120.6681592039801
gen: 78 best: 83.7 mean: 119.7955223880597
gen: 79 best: 83.7 mean: 120.5592039800995
gen: 80 best: 83.7 mean: 119.60746268656716
gen: 81 best: 83.7 mean: 119.08208955223881
gen: 82 best: 83.7 mean: 118.7592039800995
gen: 83 best: 83.7 mean: 119.74029850746268
gen: 84 best: 83.7 mean: 119.12487562189055
gen >85, new best = 82.500
gen: 85 best: 82.5 mean: 118.05373134328359
gen: 86 best: 82.5 mean: 119.68557213930349
gen: 87 best: 82.5 mean: 117.77313432835821
gen: 88 best: 82.5 mean: 119.63880597014925
gen: 89 best: 82.5 mean: 118.37213930348258
gen >90, new best = 76.000
gen: 90 best: 76.0 mean: 118.49402985074627
gen: 91 best: 76.0 mean: 118.51442786069651
gen: 92 best: 76.0 mean: 119.50845771144279
gen: 93 best: 76.0 mean: 119.15721393034826
gen: 94 best: 76.0 mean: 119.11741293532339
gen: 95 best: 76.0 mean: 117.9084577114428
gen: 96 best: 76.0 mean: 119.21194029850746
gen: 97 best: 76.0 mean: 119.01194029850747
gen: 98 best: 76.0 mean: 118.66666666666667
gen: 99 best: 76.0 mean: 119.0318407960199
[8, 9, 10, 8, 10, 9, 9, 10, 9, 9, 8]
Test count of edges: 479
cat
