Defaulting to user installation because normal site-packages is not writeable
Looking in links: /cvmfs/soft.computecanada.ca/custom/python/wheelhouse/gentoo/avx2, /cvmfs/soft.computecanada.ca/custom/python/wheelhouse/gentoo/generic, /cvmfs/soft.computecanada.ca/custom/python/wheelhouse/generic
Requirement already satisfied: graphviz in /home/js17sy/.local/lib/python3.10/site-packages (0.20)
285; python ga.py 22 256N_graph22.dat 0.05 0.02 0.7 0.5 0.5 201 256N_graph22mediumgen1rem70_ 428415
/project/6008788/js17sy/reopenga/256c/ga.py:291: DeprecationWarning: Sampling from a set deprecated
since Python 3.9 and will be removed in a subsequent version.
  child1 = set(random.sample(
gen >0, new best = 136.800
gen >0, new best = 132.100
gen >0, new best = 124.200
gen >0, new best = 123.900
gen >0, new best = 122.200
gen >0, new best = 120.600
gen >0, new best = 91.000
gen: 0 best: 91.0 mean: 140.3179104477612
gen: 1 best: 91.0 mean: 139.50348258706467
gen: 2 best: 91.0 mean: 139.3278606965174
gen: 3 best: 91.0 mean: 138.7492537313433
gen: 4 best: 91.0 mean: 137.9865671641791
gen: 5 best: 91.0 mean: 138.2134328358209
gen: 6 best: 91.0 mean: 136.5044776119403
gen: 7 best: 91.0 mean: 135.57064676616915
gen: 8 best: 91.0 mean: 134.96567164179103
gen: 9 best: 91.0 mean: 134.87064676616916
gen: 10 best: 91.0 mean: 134.59353233830845
gen: 11 best: 91.0 mean: 135.3781094527363
gen: 12 best: 91.0 mean: 135.2004975124378
gen: 13 best: 91.0 mean: 134.30447761194029
gen: 14 best: 91.0 mean: 131.59402985074627
gen: 15 best: 91.0 mean: 133.49751243781094
gen: 16 best: 91.0 mean: 132.8323383084577
gen: 17 best: 91.0 mean: 132.7726368159204
gen: 18 best: 91.0 mean: 131.13532338308457
gen: 19 best: 91.0 mean: 130.94626865671643
gen: 20 best: 91.0 mean: 131.0174129353234
gen: 21 best: 91.0 mean: 131.07462686567163
gen: 22 best: 91.0 mean: 128.8766169154229
gen >23, new best = 90.600
gen: 23 best: 90.6 mean: 129.54328358208954
gen >24, new best = 90.500
gen: 24 best: 90.5 mean: 128.3636815920398
gen: 25 best: 90.5 mean: 126.79850746268657
gen: 26 best: 90.5 mean: 128.48407960199006
gen: 27 best: 90.5 mean: 127.84925373134328
gen: 28 best: 90.5 mean: 126.99004975124379
gen: 29 best: 90.5 mean: 128.31542288557213
gen: 30 best: 90.5 mean: 129.15572139303484
gen: 31 best: 90.5 mean: 127.24676616915423
gen: 32 best: 90.5 mean: 126.31194029850747
gen >33, new best = 89.500
gen: 33 best: 89.5 mean: 125.39701492537313
gen: 34 best: 89.5 mean: 126.45373134328358
gen: 35 best: 89.5 mean: 127.11990049751243
gen: 36 best: 89.5 mean: 126.00199004975124
gen: 37 best: 89.5 mean: 128.1452736318408
gen: 38 best: 89.5 mean: 128.3820895522388
gen >39, new best = 87.400
gen: 39 best: 87.4 mean: 127.30796019900498
gen: 40 best: 87.4 mean: 127.863184079602
gen: 41 best: 87.4 mean: 126.39751243781095
gen: 42 best: 87.4 mean: 127.04477611940298
gen >43, new best = 80.100
gen: 43 best: 80.1 mean: 125.981592039801
gen: 44 best: 80.1 mean: 125.89751243781095
gen: 45 best: 80.1 mean: 125.89900497512438
gen: 46 best: 80.1 mean: 126.69452736318408
gen: 47 best: 80.1 mean: 126.4820895522388
gen: 48 best: 80.1 mean: 127.44427860696517
gen: 49 best: 80.1 mean: 126.45671641791044
gen: 50 best: 80.1 mean: 125.43781094527363
gen: 51 best: 80.1 mean: 125.95522388059702
gen: 52 best: 80.1 mean: 125.62189054726367
gen: 53 best: 80.1 mean: 125.11542288557214
gen: 54 best: 80.1 mean: 126.58358208955224
gen: 55 best: 80.1 mean: 125.67860696517413
gen: 56 best: 80.1 mean: 125.71990049751244
gen: 57 best: 80.1 mean: 125.01990049751244
gen: 58 best: 80.1 mean: 125.08208955223881
gen: 59 best: 80.1 mean: 126.16865671641791
gen: 60 best: 80.1 mean: 125.62288557213931
gen: 61 best: 80.1 mean: 126.93980099502488
gen: 62 best: 80.1 mean: 124.8273631840796
gen: 63 best: 80.1 mean: 125.4134328358209
gen: 64 best: 80.1 mean: 124.66915422885572
gen: 65 best: 80.1 mean: 125.46119402985074
gen: 66 best: 80.1 mean: 124.66666666666667
gen: 67 best: 80.1 mean: 124.99601990049752
gen: 68 best: 80.1 mean: 124.13830845771145
gen: 69 best: 80.1 mean: 124.45174129353234
gen: 70 best: 80.1 mean: 124.54378109452736
gen: 71 best: 80.1 mean: 124.67363184079602
gen: 72 best: 80.1 mean: 124.58507462686568
gen: 73 best: 80.1 mean: 125.22885572139303
gen: 74 best: 80.1 mean: 124.41990049751244
gen: 75 best: 80.1 mean: 122.8910447761194
gen: 76 best: 80.1 mean: 122.37462686567164
gen: 77 best: 80.1 mean: 124.6681592039801
gen: 78 best: 80.1 mean: 123.25771144278607
gen: 79 best: 80.1 mean: 122.71990049751244
gen: 80 best: 80.1 mean: 122.98507462686567
gen: 81 best: 80.1 mean: 123.35671641791045
gen: 82 best: 80.1 mean: 121.11542288557214
gen: 83 best: 80.1 mean: 122.40199004975125
gen: 84 best: 80.1 mean: 122.72238805970149
gen: 85 best: 80.1 mean: 124.0044776119403
gen: 86 best: 80.1 mean: 122.04925373134328
gen: 87 best: 80.1 mean: 122.62238805970149
gen: 88 best: 80.1 mean: 122.02885572139303
gen: 89 best: 80.1 mean: 121.86716417910448
gen: 90 best: 80.1 mean: 122.8318407960199
gen: 91 best: 80.1 mean: 121.81393034825871
gen: 92 best: 80.1 mean: 121.67164179104478
gen: 93 best: 80.1 mean: 121.96567164179105
gen: 94 best: 80.1 mean: 121.37363184079602
gen: 95 best: 80.1 mean: 121.48905472636815
gen: 96 best: 80.1 mean: 122.1820895522388
gen: 97 best: 80.1 mean: 121.5636815920398
gen: 98 best: 80.1 mean: 121.79402985074627
gen: 99 best: 80.1 mean: 121.24278606965174
[8, 8, 8, 7, 8, 7, 9, 7, 7, 8, 9]
Test count of edges: 472
cat
