Defaulting to user installation because normal site-packages is not writeable
Looking in links: /cvmfs/soft.computecanada.ca/custom/python/wheelhouse/gentoo/avx2, /cvmfs/soft.computecanada.ca/custom/python/wheelhouse/gentoo/generic, /cvmfs/soft.computecanada.ca/custom/python/wheelhouse/generic
Requirement already satisfied: graphviz in /home/js17sy/.local/lib/python3.10/site-packages (0.20)
584; python ga.py 22 256N_graph22.dat 0.1 0.04 0.5 0.7 0.3 201 256N_graph22leerygen2rem50_ 399854
/project/6008788/js17sy/reopenga/256c/ga.py:291: DeprecationWarning: Sampling from a set deprecated
since Python 3.9 and will be removed in a subsequent version.
  child1 = set(random.sample(
gen >0, new best = 175.000
gen >0, new best = 164.000
gen >0, new best = 156.000
gen: 0 best: 156.0 mean: 175.6676616915423
gen >1, new best = 155.500
gen >1, new best = 154.200
gen: 1 best: 154.2 mean: 175.50149253731342
gen >2, new best = 152.300
gen: 2 best: 152.3 mean: 174.8910447761194
gen >3, new best = 141.100
gen: 3 best: 141.1 mean: 174.53930348258706
gen >4, new best = 135.600
gen: 4 best: 135.6 mean: 173.91741293532337
gen: 5 best: 135.6 mean: 174.10497512437811
gen: 6 best: 135.6 mean: 173.24875621890547
gen: 7 best: 135.6 mean: 173.48905472636815
gen: 8 best: 135.6 mean: 173.2233830845771
gen: 9 best: 135.6 mean: 174.35223880597016
gen >10, new best = 129.500
gen: 10 best: 129.5 mean: 171.98905472636815
gen: 11 best: 129.5 mean: 172.2044776119403
gen: 12 best: 129.5 mean: 172.15174129353233
gen: 13 best: 129.5 mean: 171.69552238805971
gen: 14 best: 129.5 mean: 171.24378109452735
gen: 15 best: 129.5 mean: 171.90547263681592
gen: 16 best: 129.5 mean: 171.23681592039802
gen: 17 best: 129.5 mean: 171.22039800995026
gen: 18 best: 129.5 mean: 170.52985074626866
gen: 19 best: 129.5 mean: 170.65074626865672
gen: 20 best: 129.5 mean: 170.1686567164179
gen: 21 best: 129.5 mean: 169.3323383084577
gen: 22 best: 129.5 mean: 170.23681592039802
gen: 23 best: 129.5 mean: 169.7960199004975
gen: 24 best: 129.5 mean: 169.00696517412936
gen: 25 best: 129.5 mean: 169.3825870646766
gen: 26 best: 129.5 mean: 168.66666666666666
gen: 27 best: 129.5 mean: 168.22935323383084
gen: 28 best: 129.5 mean: 168.07363184079603
gen: 29 best: 129.5 mean: 168.23880597014926
gen: 30 best: 129.5 mean: 167.82885572139304
gen: 31 best: 129.5 mean: 167.77611940298507
gen: 32 best: 129.5 mean: 167.57462686567163
gen: 33 best: 129.5 mean: 167.05223880597015
gen: 34 best: 129.5 mean: 166.79303482587065
gen: 35 best: 129.5 mean: 166.43084577114428
gen: 36 best: 129.5 mean: 166.75323383084577
gen: 37 best: 129.5 mean: 167.37313432835822
gen: 38 best: 129.5 mean: 166.7810945273632
gen: 39 best: 129.5 mean: 165.88855721393034
gen >40, new best = 124.600
gen: 40 best: 124.6 mean: 166.03333333333333
gen: 41 best: 124.6 mean: 165.52039800995024
gen: 42 best: 124.6 mean: 165.6223880597015
gen: 43 best: 124.6 mean: 164.7189054726368
gen: 44 best: 124.6 mean: 165.563184079602
gen: 45 best: 124.6 mean: 164.96119402985076
gen: 46 best: 124.6 mean: 164.73681592039802
gen: 47 best: 124.6 mean: 164.7766169154229
gen: 48 best: 124.6 mean: 164.6860696517413
gen: 49 best: 124.6 mean: 163.54079601990048
gen: 50 best: 124.6 mean: 163.98457711442785
gen: 51 best: 124.6 mean: 163.726368159204
gen: 52 best: 124.6 mean: 164.08855721393036
gen: 53 best: 124.6 mean: 164.38955223880598
gen: 54 best: 124.6 mean: 163.5820895522388
gen: 55 best: 124.6 mean: 163.58656716417912
gen: 56 best: 124.6 mean: 163.70547263681593
gen: 57 best: 124.6 mean: 162.8452736318408
gen: 58 best: 124.6 mean: 162.87562189054725
gen: 59 best: 124.6 mean: 161.96467661691543
gen: 60 best: 124.6 mean: 162.92636815920397
gen: 61 best: 124.6 mean: 162.83781094527362
gen: 62 best: 124.6 mean: 161.79850746268656
gen: 63 best: 124.6 mean: 162.70348258706468
gen: 64 best: 124.6 mean: 162.04228855721394
gen: 65 best: 124.6 mean: 162.20199004975123
gen: 66 best: 124.6 mean: 162.44925373134328
gen: 67 best: 124.6 mean: 161.45223880597015
gen: 68 best: 124.6 mean: 161.67114427860696
gen: 69 best: 124.6 mean: 161.87611940298507
gen: 70 best: 124.6 mean: 161.9771144278607
gen: 71 best: 124.6 mean: 162.07860696517412
gen: 72 best: 124.6 mean: 162.06567164179106
gen: 73 best: 124.6 mean: 162.3179104477612
gen: 74 best: 124.6 mean: 162.20845771144278
gen: 75 best: 124.6 mean: 161.11243781094527
gen: 76 best: 124.6 mean: 161.30199004975125
gen: 77 best: 124.6 mean: 161.00099502487564
gen: 78 best: 124.6 mean: 160.37313432835822
gen: 79 best: 124.6 mean: 161.28358208955223
gen: 80 best: 124.6 mean: 161.14278606965175
gen: 81 best: 124.6 mean: 160.67562189054726
gen: 82 best: 124.6 mean: 160.15970149253732
gen: 83 best: 124.6 mean: 159.72985074626865
gen: 84 best: 124.6 mean: 160.29900497512438
gen: 85 best: 124.6 mean: 159.74726368159205
gen: 86 best: 124.6 mean: 160.13830845771145
gen: 87 best: 124.6 mean: 159.91044776119404
gen: 88 best: 124.6 mean: 159.71691542288556
gen: 89 best: 124.6 mean: 160.1592039800995
gen: 90 best: 124.6 mean: 159.21442786069653
gen: 91 best: 124.6 mean: 159.318407960199
gen: 92 best: 124.6 mean: 159.13532338308457
gen: 93 best: 124.6 mean: 160.02089552238806
gen: 94 best: 124.6 mean: 159.47611940298506
gen: 95 best: 124.6 mean: 159.56069651741294
gen: 96 best: 124.6 mean: 158.70248756218905
gen: 97 best: 124.6 mean: 159.4049751243781
gen: 98 best: 124.6 mean: 158.82537313432834
gen: 99 best: 124.6 mean: 158.73432835820896
[9, 8, 9, 10, 9, 8, 8, 9, 8, 7, 8, 12]
Test count of edges: 764
cat
