Defaulting to user installation because normal site-packages is not writeable
Looking in links: /cvmfs/soft.computecanada.ca/custom/python/wheelhouse/gentoo/avx2, /cvmfs/soft.computecanada.ca/custom/python/wheelhouse/gentoo/generic, /cvmfs/soft.computecanada.ca/custom/python/wheelhouse/generic
Requirement already satisfied: graphviz in /home/js17sy/.local/lib/python3.10/site-packages (0.20)
99; python ga.py 22 256N_graph22.dat 0.025 0.01 0.7 0.5 0.5 201 256N_graph22strictgen1rem70_ 257049
/project/6008788/js17sy/reopenga/256c/ga.py:291: DeprecationWarning: Sampling from a set deprecated
since Python 3.9 and will be removed in a subsequent version.
  child1 = set(random.sample(
gen >0, new best = 173.500
gen >0, new best = 108.300
gen >0, new best = 104.500
gen >0, new best = 99.500
gen >0, new best = 68.900
gen >0, new best = 66.800
gen: 0 best: 66.8 mean: 123.26940298507462
gen >1, new best = 60.300
gen: 1 best: 60.3 mean: 119.56019900497512
gen >2, new best = 58.500
gen: 2 best: 58.5 mean: 121.87611940298507
gen: 3 best: 58.5 mean: 120.18159203980099
gen >4, new best = 56.300
gen: 4 best: 56.3 mean: 117.15323383084578
gen: 5 best: 56.3 mean: 116.61840796019901
gen: 6 best: 56.3 mean: 118.47810945273632
gen >7, new best = 54.100
gen: 7 best: 54.1 mean: 115.38308457711443
gen: 8 best: 54.1 mean: 116.50845771144279
gen >9, new best = 54.000
gen: 9 best: 54.0 mean: 115.38059701492537
gen >10, new best = 29.000
gen: 10 best: 29.0 mean: 112.21442786069652
gen: 11 best: 29.0 mean: 112.18855721393035
gen: 12 best: 29.0 mean: 112.10049751243781
gen: 13 best: 29.0 mean: 108.14726368159204
gen: 14 best: 29.0 mean: 105.97810945273632
gen: 15 best: 29.0 mean: 104.59850746268657
gen: 16 best: 29.0 mean: 103.2910447761194
gen: 17 best: 29.0 mean: 98.32089552238806
gen: 18 best: 29.0 mean: 96.61293532338308
gen: 19 best: 29.0 mean: 95.96318407960199
gen: 20 best: 29.0 mean: 90.65572139303482
gen: 21 best: 29.0 mean: 89.98308457711443
gen: 22 best: 29.0 mean: 87.17611940298508
gen >23, new best = 28.700
gen >23, new best = 28.200
gen: 23 best: 28.2 mean: 87.70348258706467
gen >24, new best = 19.800
gen: 24 best: 19.8 mean: 86.09502487562189
gen: 25 best: 19.8 mean: 85.29850746268657
gen: 26 best: 19.8 mean: 84.05472636815921
gen: 27 best: 19.8 mean: 83.55074626865672
gen: 28 best: 19.8 mean: 84.10497512437811
gen >29, new best = 19.500
gen >29, new best = 15.300
gen: 29 best: 15.3 mean: 85.66218905472637
gen: 30 best: 15.3 mean: 80.5865671641791
gen: 31 best: 15.3 mean: 81.94726368159203
gen: 32 best: 15.3 mean: 80.14129353233831
gen: 33 best: 15.3 mean: 79.92835820895522
gen: 34 best: 15.3 mean: 80.11194029850746
gen: 35 best: 15.3 mean: 78.90298507462687
gen: 36 best: 15.3 mean: 81.62189054726367
gen: 37 best: 15.3 mean: 77.72388059701493
gen: 38 best: 15.3 mean: 78.2318407960199
gen: 39 best: 15.3 mean: 76.1134328358209
gen: 40 best: 15.3 mean: 78.44875621890547
gen: 41 best: 15.3 mean: 79.08059701492537
gen: 42 best: 15.3 mean: 73.87014925373134
gen: 43 best: 15.3 mean: 74.99800995024876
gen: 44 best: 15.3 mean: 78.36069651741293
gen: 45 best: 15.3 mean: 76.55323383084577
gen: 46 best: 15.3 mean: 75.44925373134328
gen: 47 best: 15.3 mean: 77.81592039800995
gen: 48 best: 15.3 mean: 79.27512437810945
gen: 49 best: 15.3 mean: 77.61442786069652
gen: 50 best: 15.3 mean: 79.56119402985075
gen: 51 best: 15.3 mean: 75.90199004975125
gen: 52 best: 15.3 mean: 76.07661691542289
gen: 53 best: 15.3 mean: 76.5865671641791
gen: 54 best: 15.3 mean: 77.42388059701493
gen: 55 best: 15.3 mean: 76.92388059701493
gen: 56 best: 15.3 mean: 71.94676616915423
gen: 57 best: 15.3 mean: 74.83681592039801
gen: 58 best: 15.3 mean: 76.09701492537313
gen: 59 best: 15.3 mean: 76.5955223880597
gen: 60 best: 15.3 mean: 74.32487562189054
gen: 61 best: 15.3 mean: 73.95721393034826
gen: 62 best: 15.3 mean: 75.30398009950248
gen: 63 best: 15.3 mean: 76.41592039800994
gen >64, new best = 12.000
gen: 64 best: 12.0 mean: 77.04228855721394
gen: 65 best: 12.0 mean: 75.93532338308458
gen: 66 best: 12.0 mean: 75.1502487562189
gen: 67 best: 12.0 mean: 77.31393034825871
gen: 68 best: 12.0 mean: 75.481592039801
gen: 69 best: 12.0 mean: 76.54975124378109
gen: 70 best: 12.0 mean: 74.54726368159204
gen: 71 best: 12.0 mean: 72.55522388059701
gen: 72 best: 12.0 mean: 73.2139303482587
gen: 73 best: 12.0 mean: 75.53980099502488
gen: 74 best: 12.0 mean: 76.99203980099503
gen: 75 best: 12.0 mean: 72.55970149253731
gen: 76 best: 12.0 mean: 76.11542288557214
gen: 77 best: 12.0 mean: 75.45024875621891
gen: 78 best: 12.0 mean: 75.31293532338309
gen: 79 best: 12.0 mean: 75.45771144278606
gen: 80 best: 12.0 mean: 75.86666666666666
gen: 81 best: 12.0 mean: 78.31343283582089
gen: 82 best: 12.0 mean: 76.4820895522388
gen: 83 best: 12.0 mean: 77.64427860696517
gen: 84 best: 12.0 mean: 75.60149253731343
gen: 85 best: 12.0 mean: 75.89502487562189
gen: 86 best: 12.0 mean: 75.87661691542289
gen: 87 best: 12.0 mean: 75.09850746268657
gen: 88 best: 12.0 mean: 73.8
gen: 89 best: 12.0 mean: 76.82587064676616
gen: 90 best: 12.0 mean: 77.1318407960199
gen: 91 best: 12.0 mean: 76.20348258706468
gen: 92 best: 12.0 mean: 74.52089552238806
gen: 93 best: 12.0 mean: 74.37412935323383
gen: 94 best: 12.0 mean: 75.22587064676617
gen: 95 best: 12.0 mean: 73.23432835820896
gen: 96 best: 12.0 mean: 74.27562189054726
gen: 97 best: 12.0 mean: 73.76517412935324
gen: 98 best: 12.0 mean: 74.36119402985075
gen: 99 best: 12.0 mean: 75.64129353233831
[9, 3, 7, 3, 10, 11, 11, 13, 12, 6]
Test count of edges: 477
cat
