Defaulting to user installation because normal site-packages is not writeable
Looking in links: /cvmfs/soft.computecanada.ca/custom/python/wheelhouse/gentoo/avx2, /cvmfs/soft.computecanada.ca/custom/python/wheelhouse/gentoo/generic, /cvmfs/soft.computecanada.ca/custom/python/wheelhouse/generic
Requirement already satisfied: graphviz in /home/js17sy/.local/lib/python3.10/site-packages (0.20)
61; python ga.py 22 256N_graph22.dat 0.025 0.01 0.5 0.9 0.1 201 256N_graph22strictgen3rem50_ 28561
/project/6008788/js17sy/reopenga/256c/ga.py:291: DeprecationWarning: Sampling from a set deprecated
since Python 3.9 and will be removed in a subsequent version.
  child1 = set(random.sample(
gen >0, new best = 145.100
gen >0, new best = 144.300
gen >0, new best = 140.500
gen >0, new best = 117.300
gen >0, new best = 116.100
gen: 0 best: 116.1 mean: 149.75771144278607
gen: 1 best: 116.1 mean: 148.02388059701494
gen >2, new best = 92.600
gen: 2 best: 92.6 mean: 148.46965174129352
gen: 3 best: 92.6 mean: 150.15572139303484
gen: 4 best: 92.6 mean: 149.12885572139302
gen >5, new best = 90.300
gen: 5 best: 90.3 mean: 146.46766169154228
gen >6, new best = 85.700
gen: 6 best: 85.7 mean: 145.88308457711443
gen: 7 best: 85.7 mean: 145.9323383084577
gen: 8 best: 85.7 mean: 142.97462686567164
gen: 9 best: 85.7 mean: 142.49651741293533
gen: 10 best: 85.7 mean: 143.644776119403
gen: 11 best: 85.7 mean: 140.70696517412935
gen: 12 best: 85.7 mean: 139.9089552238806
gen >13, new best = 81.900
gen: 13 best: 81.9 mean: 140.61243781094527
gen: 14 best: 81.9 mean: 137.8318407960199
gen: 15 best: 81.9 mean: 138.12089552238805
gen: 16 best: 81.9 mean: 135.77860696517413
gen: 17 best: 81.9 mean: 135.18756218905472
gen >18, new best = 81.600
gen >18, new best = 73.100
gen: 18 best: 73.1 mean: 131.35024875621892
gen >19, new best = 72.200
gen >19, new best = 64.100
gen: 19 best: 64.1 mean: 126.36119402985075
gen >20, new best = 57.500
gen: 20 best: 57.5 mean: 123.69651741293532
gen >21, new best = 54.500
gen: 21 best: 54.5 mean: 122.33432835820895
gen >22, new best = 54.100
gen: 22 best: 54.1 mean: 117.9547263681592
gen: 23 best: 54.1 mean: 117.68706467661691
gen: 24 best: 54.1 mean: 117.48557213930349
gen: 25 best: 54.1 mean: 117.07910447761193
gen >26, new best = 53.500
gen: 26 best: 53.5 mean: 114.23930348258706
gen: 27 best: 53.5 mean: 113.65621890547264
gen >28, new best = 39.000
gen: 28 best: 39.0 mean: 113.22885572139303
gen: 29 best: 39.0 mean: 115.15572139303482
gen: 30 best: 39.0 mean: 112.39402985074626
gen: 31 best: 39.0 mean: 112.52487562189054
gen: 32 best: 39.0 mean: 113.03084577114429
gen: 33 best: 39.0 mean: 112.8089552238806
gen: 34 best: 39.0 mean: 110.52388059701492
gen: 35 best: 39.0 mean: 112.3955223880597
gen: 36 best: 39.0 mean: 111.22039800995024
gen: 37 best: 39.0 mean: 109.95223880597015
gen: 38 best: 39.0 mean: 106.84925373134328
gen: 39 best: 39.0 mean: 107.00895522388059
gen: 40 best: 39.0 mean: 109.77611940298507
gen: 41 best: 39.0 mean: 109.57661691542289
gen: 42 best: 39.0 mean: 110.55820895522388
gen: 43 best: 39.0 mean: 109.77761194029851
gen: 44 best: 39.0 mean: 108.76119402985074
gen: 45 best: 39.0 mean: 108.89154228855722
gen: 46 best: 39.0 mean: 106.8681592039801
gen: 47 best: 39.0 mean: 110.14328358208955
gen: 48 best: 39.0 mean: 108.50547263681592
gen: 49 best: 39.0 mean: 105.10149253731343
gen: 50 best: 39.0 mean: 108.5223880597015
gen: 51 best: 39.0 mean: 105.36666666666666
gen: 52 best: 39.0 mean: 110.136815920398
gen: 53 best: 39.0 mean: 108.3865671641791
gen: 54 best: 39.0 mean: 104.37064676616916
gen: 55 best: 39.0 mean: 102.72885572139303
gen: 56 best: 39.0 mean: 103.95820895522388
gen: 57 best: 39.0 mean: 106.59651741293533
gen >58, new best = 22.800
gen: 58 best: 22.8 mean: 104.2542288557214
gen: 59 best: 22.8 mean: 104.55522388059701
gen: 60 best: 22.8 mean: 102.31094527363184
gen: 61 best: 22.8 mean: 103.30995024875622
gen: 62 best: 22.8 mean: 102.75621890547264
gen: 63 best: 22.8 mean: 102.92238805970149
gen: 64 best: 22.8 mean: 103.38258706467661
gen: 65 best: 22.8 mean: 105.73781094527364
gen: 66 best: 22.8 mean: 102.07213930348259
gen: 67 best: 22.8 mean: 104.21741293532338
gen: 68 best: 22.8 mean: 102.45820895522388
gen: 69 best: 22.8 mean: 102.02786069651741
gen: 70 best: 22.8 mean: 100.3910447761194
gen: 71 best: 22.8 mean: 103.23880597014926
gen: 72 best: 22.8 mean: 101.7865671641791
gen: 73 best: 22.8 mean: 103.16567164179105
gen: 74 best: 22.8 mean: 104.36666666666666
gen: 75 best: 22.8 mean: 100.41890547263682
gen: 76 best: 22.8 mean: 105.7004975124378
gen: 77 best: 22.8 mean: 101.86417910447761
gen: 78 best: 22.8 mean: 102.59651741293533
gen: 79 best: 22.8 mean: 101.33283582089553
gen: 80 best: 22.8 mean: 100.3547263681592
gen: 81 best: 22.8 mean: 102.79004975124379
gen: 82 best: 22.8 mean: 97.58407960199006
gen: 83 best: 22.8 mean: 100.37810945273633
gen: 84 best: 22.8 mean: 99.69751243781094
gen: 85 best: 22.8 mean: 101.75771144278607
gen: 86 best: 22.8 mean: 100.981592039801
gen: 87 best: 22.8 mean: 99.34278606965174
gen: 88 best: 22.8 mean: 99.61890547263681
gen: 89 best: 22.8 mean: 100.19203980099502
gen: 90 best: 22.8 mean: 101.94676616915423
gen: 91 best: 22.8 mean: 100.32587064676616
gen: 92 best: 22.8 mean: 102.09950248756219
gen: 93 best: 22.8 mean: 100.08457711442786
gen: 94 best: 22.8 mean: 99.81293532338309
gen: 95 best: 22.8 mean: 99.70149253731343
gen: 96 best: 22.8 mean: 99.18109452736319
gen: 97 best: 22.8 mean: 99.33681592039801
gen: 98 best: 22.8 mean: 101.03034825870647
gen: 99 best: 22.8 mean: 100.31044776119403
[12, 10, 16, 8, 7, 16, 11, 4, 3, 6]
Test count of edges: 760
cat
