Defaulting to user installation because normal site-packages is not writeable
Looking in links: /cvmfs/soft.computecanada.ca/custom/python/wheelhouse/gentoo/avx2, /cvmfs/soft.computecanada.ca/custom/python/wheelhouse/gentoo/generic, /cvmfs/soft.computecanada.ca/custom/python/wheelhouse/generic
Requirement already satisfied: graphviz in /home/js17sy/.local/lib/python3.10/site-packages (0.20)
217; python ga.py 22 256N_graph22.dat 0.05 0.02 0.5 0.7 0.3 201 256N_graph22mediumgen2rem50_ 199927
/project/6008788/js17sy/reopenga/256c/ga.py:291: DeprecationWarning: Sampling from a set deprecated
since Python 3.9 and will be removed in a subsequent version.
  child1 = set(random.sample(
gen >0, new best = 163.100
gen >0, new best = 158.700
gen >0, new best = 158.000
gen >0, new best = 157.200
gen >0, new best = 145.700
gen >0, new best = 138.800
gen: 0 best: 138.8 mean: 160.83905472636815
gen >1, new best = 134.300
gen: 1 best: 134.3 mean: 160.97661691542288
gen: 2 best: 134.3 mean: 159.8412935323383
gen: 3 best: 134.3 mean: 159.7
gen >4, new best = 129.200
gen: 4 best: 129.2 mean: 159.73034825870647
gen: 5 best: 129.2 mean: 159.98557213930349
gen: 6 best: 129.2 mean: 159.2273631840796
gen: 7 best: 129.2 mean: 159.52537313432836
gen >8, new best = 125.600
gen: 8 best: 125.6 mean: 158.0990049751244
gen >9, new best = 120.200
gen: 9 best: 120.2 mean: 158.4771144278607
gen: 10 best: 120.2 mean: 158.45174129353234
gen: 11 best: 120.2 mean: 157.9
gen: 12 best: 120.2 mean: 156.9905472636816
gen: 13 best: 120.2 mean: 157.78457711442786
gen: 14 best: 120.2 mean: 157.47462686567164
gen: 15 best: 120.2 mean: 156.84676616915422
gen: 16 best: 120.2 mean: 157.23980099502486
gen: 17 best: 120.2 mean: 157.09203980099502
gen: 18 best: 120.2 mean: 157.15721393034826
gen: 19 best: 120.2 mean: 157.4094527363184
gen: 20 best: 120.2 mean: 156.47512437810946
gen: 21 best: 120.2 mean: 155.56069651741294
gen: 22 best: 120.2 mean: 155.91094527363185
gen: 23 best: 120.2 mean: 155.6771144278607
gen: 24 best: 120.2 mean: 155.5129353233831
gen: 25 best: 120.2 mean: 155.31592039800995
gen: 26 best: 120.2 mean: 154.8865671641791
gen: 27 best: 120.2 mean: 154.67164179104478
gen: 28 best: 120.2 mean: 154.86965174129352
gen: 29 best: 120.2 mean: 154.46517412935324
gen: 30 best: 120.2 mean: 153.74378109452735
gen: 31 best: 120.2 mean: 154.12537313432836
gen: 32 best: 120.2 mean: 154.24875621890547
gen: 33 best: 120.2 mean: 153.92885572139303
gen: 34 best: 120.2 mean: 152.84825870646767
gen: 35 best: 120.2 mean: 152.936815920398
gen: 36 best: 120.2 mean: 153.22089552238805
gen: 37 best: 120.2 mean: 152.33781094527365
gen: 38 best: 120.2 mean: 152.50348258706467
gen: 39 best: 120.2 mean: 152.39402985074628
gen: 40 best: 120.2 mean: 153.2950248756219
gen: 41 best: 120.2 mean: 151.79850746268656
gen >42, new best = 116.800
gen: 42 best: 116.8 mean: 152.08756218905472
gen: 43 best: 116.8 mean: 151.65970149253732
gen: 44 best: 116.8 mean: 152.24378109452738
gen: 45 best: 116.8 mean: 150.9771144278607
gen: 46 best: 116.8 mean: 149.55771144278606
gen: 47 best: 116.8 mean: 151.68258706467662
gen: 48 best: 116.8 mean: 151.163184079602
gen: 49 best: 116.8 mean: 150.95671641791046
gen >50, new best = 112.600
gen: 50 best: 112.6 mean: 150.33781094527365
gen: 51 best: 112.6 mean: 149.9910447761194
gen: 52 best: 112.6 mean: 150.25124378109453
gen: 53 best: 112.6 mean: 149.64378109452736
gen >54, new best = 110.600
gen: 54 best: 110.6 mean: 150.45820895522388
gen: 55 best: 110.6 mean: 149.64378109452736
gen: 56 best: 110.6 mean: 149.11492537313433
gen: 57 best: 110.6 mean: 148.51940298507463
gen: 58 best: 110.6 mean: 148.21293532338308
gen: 59 best: 110.6 mean: 149.14726368159205
gen: 60 best: 110.6 mean: 147.24676616915423
gen: 61 best: 110.6 mean: 147.60248756218905
gen: 62 best: 110.6 mean: 147.6915422885572
gen: 63 best: 110.6 mean: 147.26417910447762
gen: 64 best: 110.6 mean: 147.83830845771143
gen: 65 best: 110.6 mean: 147.00796019900497
gen: 66 best: 110.6 mean: 146.96169154228855
gen: 67 best: 110.6 mean: 146.05771144278606
gen: 68 best: 110.6 mean: 146.06069651741294
gen: 69 best: 110.6 mean: 147.32636815920398
gen: 70 best: 110.6 mean: 145.873631840796
gen: 71 best: 110.6 mean: 145.74029850746268
gen: 72 best: 110.6 mean: 146.13084577114427
gen: 73 best: 110.6 mean: 145.00597014925373
gen: 74 best: 110.6 mean: 144.45174129353234
gen: 75 best: 110.6 mean: 145.90597014925373
gen: 76 best: 110.6 mean: 145.61144278606966
gen: 77 best: 110.6 mean: 144.64776119402984
gen: 78 best: 110.6 mean: 145.6950248756219
gen: 79 best: 110.6 mean: 145.10945273631842
gen: 80 best: 110.6 mean: 145.60199004975124
gen: 81 best: 110.6 mean: 146.03432835820897
gen: 82 best: 110.6 mean: 145.05223880597015
gen >83, new best = 109.600
gen: 83 best: 109.6 mean: 145.05621890547263
gen: 84 best: 109.6 mean: 144.3766169154229
gen: 85 best: 109.6 mean: 144.76567164179104
gen: 86 best: 109.6 mean: 143.88059701492537
gen >87, new best = 105.600
gen: 87 best: 105.6 mean: 144.62985074626866
gen: 88 best: 105.6 mean: 144.2771144278607
gen: 89 best: 105.6 mean: 143.9452736318408
gen: 90 best: 105.6 mean: 144.10796019900496
gen: 91 best: 105.6 mean: 144.86766169154228
gen: 92 best: 105.6 mean: 144.2865671641791
gen: 93 best: 105.6 mean: 144.7089552238806
gen: 94 best: 105.6 mean: 144.8855721393035
gen: 95 best: 105.6 mean: 145.16119402985075
gen: 96 best: 105.6 mean: 143.80597014925374
gen: 97 best: 105.6 mean: 145.28557213930347
gen: 98 best: 105.6 mean: 144.41592039800994
gen: 99 best: 105.6 mean: 143.11094527363184
[12, 9, 9, 10, 10, 10, 10, 9, 10, 11, 8, 9]
Test count of edges: 778
cat
