Defaulting to user installation because normal site-packages is not writeable
Looking in links: /cvmfs/soft.computecanada.ca/custom/python/wheelhouse/gentoo/avx2, /cvmfs/soft.computecanada.ca/custom/python/wheelhouse/gentoo/generic, /cvmfs/soft.computecanada.ca/custom/python/wheelhouse/generic
Requirement already satisfied: graphviz in /home/js17sy/.local/lib/python3.10/site-packages (0.20)
116; python ga.py 22 256N_graph22.dat 0.025 0.01 0.7 0.5 0.5 201 256N_graph22strictgen1rem70_ 742586
/project/6008788/js17sy/reopenga/256c/ga.py:291: DeprecationWarning: Sampling from a set deprecated
since Python 3.9 and will be removed in a subsequent version.
  child1 = set(random.sample(
gen >0, new best = 112.000
gen >0, new best = 87.500
gen >0, new best = 81.700
gen >0, new best = 81.000
gen >0, new best = 78.200
gen >0, new best = 71.200
gen: 0 best: 71.2 mean: 120.88756218905472
gen >1, new best = 68.300
gen >1, new best = 63.400
gen >1, new best = 61.200
gen: 1 best: 61.2 mean: 119.91741293532338
gen: 2 best: 61.2 mean: 119.14179104477611
gen: 3 best: 61.2 mean: 118.26567164179104
gen >4, new best = 58.600
gen: 4 best: 58.6 mean: 118.22189054726368
gen >5, new best = 55.400
gen >5, new best = 50.900
gen: 5 best: 50.9 mean: 114.43233830845772
gen: 6 best: 50.9 mean: 114.5223880597015
gen >7, new best = 45.400
gen: 7 best: 45.4 mean: 111.96417910447761
gen >8, new best = 40.200
gen: 8 best: 40.2 mean: 112.72935323383085
gen: 9 best: 40.2 mean: 107.14776119402985
gen: 10 best: 40.2 mean: 105.99402985074627
gen: 11 best: 40.2 mean: 98.48756218905473
gen: 12 best: 40.2 mean: 94.78855721393035
gen >13, new best = 27.200
gen: 13 best: 27.2 mean: 90.73731343283582
gen >14, new best = 18.300
gen: 14 best: 18.3 mean: 90.1771144278607
gen: 15 best: 18.3 mean: 89.70845771144279
gen: 16 best: 18.3 mean: 84.55721393034825
gen: 17 best: 18.3 mean: 84.43233830845772
gen: 18 best: 18.3 mean: 82.29203980099503
gen: 19 best: 18.3 mean: 84.13930348258707
gen: 20 best: 18.3 mean: 81.68059701492537
gen: 21 best: 18.3 mean: 81.8
gen: 22 best: 18.3 mean: 86.53781094527363
gen: 23 best: 18.3 mean: 83.66069651741293
gen: 24 best: 18.3 mean: 79.07412935323383
gen: 25 best: 18.3 mean: 85.29402985074627
gen: 26 best: 18.3 mean: 83.00398009950248
gen: 27 best: 18.3 mean: 82.79601990049751
gen: 28 best: 18.3 mean: 84.98507462686567
gen: 29 best: 18.3 mean: 78.4044776119403
gen: 30 best: 18.3 mean: 78.26915422885573
gen: 31 best: 18.3 mean: 79.48308457711443
gen: 32 best: 18.3 mean: 79.63930348258707
gen: 33 best: 18.3 mean: 81.25721393034826
gen: 34 best: 18.3 mean: 77.95373134328358
gen: 35 best: 18.3 mean: 79.76119402985074
gen: 36 best: 18.3 mean: 79.14776119402985
gen: 37 best: 18.3 mean: 76.80845771144278
gen: 38 best: 18.3 mean: 79.58507462686568
gen: 39 best: 18.3 mean: 77.65522388059702
gen >40, new best = 14.500
gen: 40 best: 14.5 mean: 78.41691542288557
gen: 41 best: 14.5 mean: 79.63830845771145
gen: 42 best: 14.5 mean: 78.36567164179104
gen: 43 best: 14.5 mean: 73.69203980099502
gen: 44 best: 14.5 mean: 76.51293532338309
gen: 45 best: 14.5 mean: 79.82388059701492
gen: 46 best: 14.5 mean: 78.24975124378109
gen: 47 best: 14.5 mean: 77.85522388059701
gen: 48 best: 14.5 mean: 81.74776119402985
gen: 49 best: 14.5 mean: 75.88557213930348
gen: 50 best: 14.5 mean: 76.61691542288557
gen: 51 best: 14.5 mean: 76.87562189054727
gen: 52 best: 14.5 mean: 79.86119402985075
gen: 53 best: 14.5 mean: 80.30646766169154
gen: 54 best: 14.5 mean: 79.29054726368159
gen: 55 best: 14.5 mean: 72.04378109452736
gen: 56 best: 14.5 mean: 76.23333333333333
gen: 57 best: 14.5 mean: 79.27412935323383
gen: 58 best: 14.5 mean: 75.40746268656716
gen: 59 best: 14.5 mean: 78.96417910447761
gen: 60 best: 14.5 mean: 77.33731343283583
gen: 61 best: 14.5 mean: 76.04676616915422
gen: 62 best: 14.5 mean: 79.9363184079602
gen: 63 best: 14.5 mean: 77.72786069651741
gen: 64 best: 14.5 mean: 76.76965174129353
gen: 65 best: 14.5 mean: 79.20099502487562
gen: 66 best: 14.5 mean: 79.58955223880596
gen: 67 best: 14.5 mean: 78.96567164179105
gen: 68 best: 14.5 mean: 77.78557213930348
gen: 69 best: 14.5 mean: 77.96915422885571
gen: 70 best: 14.5 mean: 79.38955223880598
gen: 71 best: 14.5 mean: 78.26268656716418
gen: 72 best: 14.5 mean: 81.94925373134328
gen: 73 best: 14.5 mean: 77.02338308457712
gen: 74 best: 14.5 mean: 79.06417910447762
gen: 75 best: 14.5 mean: 79.04029850746268
gen: 76 best: 14.5 mean: 78.52338308457712
gen: 77 best: 14.5 mean: 76.92636815920397
gen: 78 best: 14.5 mean: 80.27562189054726
gen >79, new best = 13.100
gen: 79 best: 13.1 mean: 77.25124378109453
gen: 80 best: 13.1 mean: 77.25223880597015
gen: 81 best: 13.1 mean: 76.39303482587064
gen: 82 best: 13.1 mean: 81.6134328358209
gen: 83 best: 13.1 mean: 80.90149253731343
gen: 84 best: 13.1 mean: 76.26069651741294
gen: 85 best: 13.1 mean: 77.5681592039801
gen: 86 best: 13.1 mean: 81.48756218905473
gen: 87 best: 13.1 mean: 77.31243781094527
gen: 88 best: 13.1 mean: 78.3502487562189
gen: 89 best: 13.1 mean: 80.2358208955224
gen: 90 best: 13.1 mean: 78.3094527363184
gen: 91 best: 13.1 mean: 78.57213930348259
gen: 92 best: 13.1 mean: 80.96218905472637
gen: 93 best: 13.1 mean: 82.48009950248756
gen: 94 best: 13.1 mean: 79.20248756218905
gen: 95 best: 13.1 mean: 78.71442786069652
gen: 96 best: 13.1 mean: 78.07014925373134
gen >97, new best = 11.500
gen: 97 best: 11.5 mean: 79.28109452736318
gen: 98 best: 11.5 mean: 79.7457711442786
gen: 99 best: 11.5 mean: 77.88457711442786
[3, 3, 3, 11, 3, 4, 11, 9, 3, 7, 10]
Test count of edges: 497
cat
