Defaulting to user installation because normal site-packages is not writeable
Looking in links: /cvmfs/soft.computecanada.ca/custom/python/wheelhouse/gentoo/avx2, /cvmfs/soft.computecanada.ca/custom/python/wheelhouse/gentoo/generic, /cvmfs/soft.computecanada.ca/custom/python/wheelhouse/generic
Requirement already satisfied: graphviz in /home/js17sy/.local/lib/python3.10/site-packages (0.20)
422; python ga.py 22 256N_graph22.dat 0.075 0.03 0.5 0.9 0.1 201 256N_graph22laxgen3rem50_ 57122
/project/6008788/js17sy/reopenga/256c/ga.py:291: DeprecationWarning: Sampling from a set deprecated
since Python 3.9 and will be removed in a subsequent version.
  child1 = set(random.sample(
gen >0, new best = 176.900
gen >0, new best = 163.600
gen >0, new best = 156.600
gen >0, new best = 156.100
gen >0, new best = 149.100
gen >0, new best = 145.900
gen: 0 best: 145.9 mean: 167.457960199005
gen >1, new best = 144.800
gen: 1 best: 144.8 mean: 167.64726368159205
gen: 2 best: 144.8 mean: 165.91442786069652
gen: 3 best: 144.8 mean: 165.5412935323383
gen: 4 best: 144.8 mean: 166.1328358208955
gen: 5 best: 144.8 mean: 165.95671641791046
gen: 6 best: 144.8 mean: 166.04228855721394
gen >7, new best = 144.200
gen: 7 best: 144.2 mean: 165.01542288557215
gen >8, new best = 141.400
gen: 8 best: 141.4 mean: 165.2233830845771
gen: 9 best: 141.4 mean: 164.72288557213932
gen >10, new best = 140.700
gen >10, new best = 139.400
gen: 10 best: 139.4 mean: 163.77014925373135
gen: 11 best: 139.4 mean: 164.63333333333333
gen: 12 best: 139.4 mean: 163.03333333333333
gen: 13 best: 139.4 mean: 162.518407960199
gen >14, new best = 127.700
gen: 14 best: 127.7 mean: 162.78507462686568
gen: 15 best: 127.7 mean: 162.292039800995
gen: 16 best: 127.7 mean: 162.46069651741294
gen: 17 best: 127.7 mean: 161.39701492537313
gen: 18 best: 127.7 mean: 162.05174129353233
gen: 19 best: 127.7 mean: 161.0547263681592
gen: 20 best: 127.7 mean: 159.66467661691541
gen: 21 best: 127.7 mean: 159.33482587064677
gen: 22 best: 127.7 mean: 159.7731343283582
gen >23, new best = 120.900
gen: 23 best: 120.9 mean: 159.21542288557214
gen: 24 best: 120.9 mean: 158.68905472636817
gen: 25 best: 120.9 mean: 158.8955223880597
gen: 26 best: 120.9 mean: 158.40248756218907
gen: 27 best: 120.9 mean: 158.12139303482587
gen: 28 best: 120.9 mean: 157.96915422885573
gen: 29 best: 120.9 mean: 157.4228855721393
gen: 30 best: 120.9 mean: 156.22437810945274
gen: 31 best: 120.9 mean: 157.02388059701494
gen: 32 best: 120.9 mean: 156.2417910447761
gen: 33 best: 120.9 mean: 155.78805970149253
gen: 34 best: 120.9 mean: 154.98009950248755
gen: 35 best: 120.9 mean: 155.13781094527363
gen: 36 best: 120.9 mean: 154.5268656716418
gen: 37 best: 120.9 mean: 154.59701492537314
gen: 38 best: 120.9 mean: 154.081592039801
gen: 39 best: 120.9 mean: 152.62537313432836
gen: 40 best: 120.9 mean: 153.09004975124378
gen >41, new best = 119.500
gen: 41 best: 119.5 mean: 152.35671641791043
gen: 42 best: 119.5 mean: 152.1681592039801
gen: 43 best: 119.5 mean: 152.15124378109454
gen: 44 best: 119.5 mean: 151.8855721393035
gen: 45 best: 119.5 mean: 151.0268656716418
gen: 46 best: 119.5 mean: 151.02238805970148
gen: 47 best: 119.5 mean: 150.86666666666667
gen: 48 best: 119.5 mean: 151.32437810945274
gen >49, new best = 116.200
gen: 49 best: 116.2 mean: 150.03233830845772
gen: 50 best: 116.2 mean: 150.53333333333333
gen: 51 best: 116.2 mean: 150.1865671641791
gen: 52 best: 116.2 mean: 150.3223880597015
gen: 53 best: 116.2 mean: 149.23681592039802
gen: 54 best: 116.2 mean: 149.53532338308457
gen: 55 best: 116.2 mean: 149.27164179104477
gen: 56 best: 116.2 mean: 148.7223880597015
gen: 57 best: 116.2 mean: 148.8179104477612
gen: 58 best: 116.2 mean: 147.74228855721393
gen: 59 best: 116.2 mean: 148.15074626865672
gen: 60 best: 116.2 mean: 147.6089552238806
gen: 61 best: 116.2 mean: 147.7905472636816
gen: 62 best: 116.2 mean: 146.68109452736317
gen: 63 best: 116.2 mean: 147.54228855721394
gen: 64 best: 116.2 mean: 146.6960199004975
gen: 65 best: 116.2 mean: 146.14228855721393
gen: 66 best: 116.2 mean: 146.21940298507462
gen: 67 best: 116.2 mean: 145.78507462686568
gen: 68 best: 116.2 mean: 145.34427860696516
gen: 69 best: 116.2 mean: 146.33781094527365
gen: 70 best: 116.2 mean: 145.9049751243781
gen: 71 best: 116.2 mean: 146.8004975124378
gen: 72 best: 116.2 mean: 145.79253731343283
gen: 73 best: 116.2 mean: 145.92437810945273
gen: 74 best: 116.2 mean: 145.4358208955224
gen: 75 best: 116.2 mean: 145.38805970149255
gen: 76 best: 116.2 mean: 145.4268656716418
gen: 77 best: 116.2 mean: 144.93383084577115
gen: 78 best: 116.2 mean: 145.24577114427862
gen: 79 best: 116.2 mean: 144.83830845771143
gen: 80 best: 116.2 mean: 145.01641791044776
gen: 81 best: 116.2 mean: 144.51691542288557
gen: 82 best: 116.2 mean: 144.26716417910447
gen: 83 best: 116.2 mean: 144.79850746268656
gen: 84 best: 116.2 mean: 144.3507462686567
gen: 85 best: 116.2 mean: 144.39154228855722
gen: 86 best: 116.2 mean: 144.08457711442787
gen: 87 best: 116.2 mean: 144.17960199004975
gen: 88 best: 116.2 mean: 143.86169154228855
gen: 89 best: 116.2 mean: 144.1731343283582
gen: 90 best: 116.2 mean: 144.3771144278607
gen: 91 best: 116.2 mean: 144.773631840796
gen: 92 best: 116.2 mean: 144.40995024875622
gen: 93 best: 116.2 mean: 144.1373134328358
gen: 94 best: 116.2 mean: 143.10248756218905
gen: 95 best: 116.2 mean: 143.43283582089552
gen: 96 best: 116.2 mean: 143.6134328358209
gen: 97 best: 116.2 mean: 143.3825870646766
gen >98, new best = 108.800
gen: 98 best: 108.8 mean: 143.61243781094527
gen: 99 best: 108.8 mean: 143.30248756218904
[10, 9, 9, 9, 9, 9, 8, 9, 9, 10, 9, 8]
Test count of edges: 762
cat
