Defaulting to user installation because normal site-packages is not writeable
Looking in links: /cvmfs/soft.computecanada.ca/custom/python/wheelhouse/gentoo/avx2, /cvmfs/soft.computecanada.ca/custom/python/wheelhouse/gentoo/generic, /cvmfs/soft.computecanada.ca/custom/python/wheelhouse/generic
Requirement already satisfied: graphviz in /home/js17sy/.local/lib/python3.10/site-packages (0.20)
338; python ga.py 22 256N_graph22.dat 0.05 0.02 0.7 0.9 0.1 201 256N_graph22mediumgen3rem70_ 228488
/project/6008788/js17sy/reopenga/256c/ga.py:291: DeprecationWarning: Sampling from a set deprecated
since Python 3.9 and will be removed in a subsequent version.
  child1 = set(random.sample(
gen >0, new best = 144.300
gen >0, new best = 127.500
gen >0, new best = 111.600
gen: 0 best: 111.6 mean: 140.18084577114428
gen: 1 best: 111.6 mean: 139.91044776119404
gen: 2 best: 111.6 mean: 140.02537313432836
gen >3, new best = 110.800
gen >3, new best = 108.800
gen: 3 best: 108.8 mean: 138.9686567164179
gen >4, new best = 107.500
gen >4, new best = 107.000
gen: 4 best: 107.0 mean: 139.26965174129353
gen >5, new best = 101.900
gen: 5 best: 101.9 mean: 137.45124378109452
gen: 6 best: 101.9 mean: 136.37960199004976
gen: 7 best: 101.9 mean: 137.25223880597014
gen: 8 best: 101.9 mean: 133.79253731343283
gen: 9 best: 101.9 mean: 135.1328358208955
gen >10, new best = 99.900
gen: 10 best: 99.9 mean: 134.89452736318407
gen: 11 best: 99.9 mean: 133.3452736318408
gen: 12 best: 99.9 mean: 132.90248756218907
gen >13, new best = 97.200
gen: 13 best: 97.2 mean: 132.6820895522388
gen: 14 best: 97.2 mean: 133.44875621890546
gen: 15 best: 97.2 mean: 133.081592039801
gen: 16 best: 97.2 mean: 132.3089552238806
gen: 17 best: 97.2 mean: 131.99651741293533
gen: 18 best: 97.2 mean: 132.28805970149253
gen: 19 best: 97.2 mean: 131.50348258706467
gen: 20 best: 97.2 mean: 131.22537313432835
gen >21, new best = 97.100
gen: 21 best: 97.1 mean: 130.07810945273633
gen >22, new best = 86.600
gen: 22 best: 86.6 mean: 130.49651741293533
gen: 23 best: 86.6 mean: 128.7134328358209
gen: 24 best: 86.6 mean: 130.3313432835821
gen: 25 best: 86.6 mean: 128.86517412935322
gen: 26 best: 86.6 mean: 129.04427860696518
gen: 27 best: 86.6 mean: 127.69651741293532
gen: 28 best: 86.6 mean: 127.71641791044776
gen: 29 best: 86.6 mean: 126.0223880597015
gen: 30 best: 86.6 mean: 126.14179104477611
gen: 31 best: 86.6 mean: 126.18358208955225
gen: 32 best: 86.6 mean: 127.08457711442786
gen: 33 best: 86.6 mean: 126.22636815920399
gen: 34 best: 86.6 mean: 126.7771144278607
gen: 35 best: 86.6 mean: 125.51890547263682
gen: 36 best: 86.6 mean: 124.75273631840795
gen: 37 best: 86.6 mean: 127.21940298507462
gen: 38 best: 86.6 mean: 125.26268656716418
gen: 39 best: 86.6 mean: 123.918407960199
gen: 40 best: 86.6 mean: 124.21194029850746
gen: 41 best: 86.6 mean: 123.7134328358209
gen: 42 best: 86.6 mean: 122.47910447761194
gen: 43 best: 86.6 mean: 123.58109452736319
gen: 44 best: 86.6 mean: 122.65074626865672
gen: 45 best: 86.6 mean: 122.50995024875621
gen: 46 best: 86.6 mean: 122.33731343283583
gen: 47 best: 86.6 mean: 121.54975124378109
gen: 48 best: 86.6 mean: 121.26268656716418
gen: 49 best: 86.6 mean: 123.77611940298507
gen: 50 best: 86.6 mean: 121.09601990049751
gen: 51 best: 86.6 mean: 122.0955223880597
gen: 52 best: 86.6 mean: 121.23034825870647
gen: 53 best: 86.6 mean: 122.38457711442786
gen: 54 best: 86.6 mean: 122.2179104477612
gen >55, new best = 80.200
gen: 55 best: 80.2 mean: 121.51144278606965
gen: 56 best: 80.2 mean: 121.28358208955224
gen: 57 best: 80.2 mean: 122.23283582089552
gen: 58 best: 80.2 mean: 119.96766169154229
gen: 59 best: 80.2 mean: 119.77960199004976
gen: 60 best: 80.2 mean: 120.92388059701493
gen: 61 best: 80.2 mean: 120.41741293532338
gen: 62 best: 80.2 mean: 120.25373134328358
gen: 63 best: 80.2 mean: 120.70746268656717
gen: 64 best: 80.2 mean: 119.99601990049752
gen: 65 best: 80.2 mean: 120.16567164179105
gen: 66 best: 80.2 mean: 119.24427860696518
gen: 67 best: 80.2 mean: 121.05074626865671
gen: 68 best: 80.2 mean: 120.44527363184079
gen: 69 best: 80.2 mean: 120.03681592039801
gen: 70 best: 80.2 mean: 118.90845771144278
gen: 71 best: 80.2 mean: 118.62835820895522
gen: 72 best: 80.2 mean: 119.04925373134328
gen: 73 best: 80.2 mean: 118.93084577114428
gen: 74 best: 80.2 mean: 117.53781094527363
gen: 75 best: 80.2 mean: 118.1771144278607
gen: 76 best: 80.2 mean: 118.96965174129353
gen: 77 best: 80.2 mean: 118.35572139303483
gen: 78 best: 80.2 mean: 119.42935323383085
gen: 79 best: 80.2 mean: 120.29154228855721
gen: 80 best: 80.2 mean: 118.57064676616915
gen: 81 best: 80.2 mean: 118.94328358208955
gen: 82 best: 80.2 mean: 119.3636815920398
gen: 83 best: 80.2 mean: 117.6273631840796
gen: 84 best: 80.2 mean: 117.81492537313433
gen: 85 best: 80.2 mean: 118.74825870646767
gen: 86 best: 80.2 mean: 117.95074626865672
gen: 87 best: 80.2 mean: 117.2228855721393
gen: 88 best: 80.2 mean: 117.44925373134329
gen: 89 best: 80.2 mean: 118.7452736318408
gen: 90 best: 80.2 mean: 117.7179104477612
gen: 91 best: 80.2 mean: 117.42338308457711
gen: 92 best: 80.2 mean: 118.92288557213931
gen: 93 best: 80.2 mean: 117.46169154228856
gen: 94 best: 80.2 mean: 117.72338308457711
gen: 95 best: 80.2 mean: 116.8960199004975
gen: 96 best: 80.2 mean: 117.56467661691542
gen: 97 best: 80.2 mean: 117.19253731343284
gen: 98 best: 80.2 mean: 117.74029850746268
gen >99, new best = 78.900
gen: 99 best: 78.9 mean: 117.10646766169154
[12, 9, 9, 8, 12, 9, 8, 8, 8]
Test count of edges: 460
cat
