Defaulting to user installation because normal site-packages is not writeable
Looking in links: /cvmfs/soft.computecanada.ca/custom/python/wheelhouse/gentoo/avx2, /cvmfs/soft.computecanada.ca/custom/python/wheelhouse/gentoo/generic, /cvmfs/soft.computecanada.ca/custom/python/wheelhouse/generic
Requirement already satisfied: graphviz in /home/js17sy/.local/lib/python3.10/site-packages (0.20)
168; python ga.py 22 256N_graph22.dat 0.025 0.01 0.7 0.9 0.1 201 256N_graph22strictgen3rem70_ 514098
/project/6008788/js17sy/reopenga/256c/ga.py:291: DeprecationWarning: Sampling from a set deprecated
since Python 3.9 and will be removed in a subsequent version.
  child1 = set(random.sample(
gen >0, new best = 138.700
gen >0, new best = 126.900
gen >0, new best = 118.000
gen >0, new best = 110.900
gen >0, new best = 108.300
gen >0, new best = 94.800
gen >0, new best = 82.500
gen >0, new best = 79.800
gen >0, new best = 61.600
gen: 0 best: 61.6 mean: 122.36417910447761
gen: 1 best: 61.6 mean: 124.38706467661692
gen: 2 best: 61.6 mean: 119.32835820895522
gen >3, new best = 57.800
gen: 3 best: 57.8 mean: 120.3273631840796
gen: 4 best: 57.8 mean: 117.47114427860697
gen: 5 best: 57.8 mean: 117.97014925373135
gen >6, new best = 54.700
gen: 6 best: 54.7 mean: 117.35771144278607
gen: 7 best: 54.7 mean: 118.05074626865671
gen >8, new best = 49.400
gen: 8 best: 49.4 mean: 115.74726368159205
gen: 9 best: 49.4 mean: 113.64328358208955
gen: 10 best: 49.4 mean: 113.46666666666667
gen: 11 best: 49.4 mean: 117.67512437810946
gen: 12 best: 49.4 mean: 113.3726368159204
gen: 13 best: 49.4 mean: 113.27412935323383
gen >14, new best = 42.900
gen: 14 best: 42.9 mean: 110.92338308457711
gen: 15 best: 42.9 mean: 109.41990049751244
gen: 16 best: 42.9 mean: 112.96567164179105
gen: 17 best: 42.9 mean: 107.38258706467661
gen: 18 best: 42.9 mean: 105.9318407960199
gen: 19 best: 42.9 mean: 104.4313432835821
gen >20, new best = 42.800
gen: 20 best: 42.8 mean: 103.96517412935323
gen: 21 best: 42.8 mean: 104.61791044776119
gen: 22 best: 42.8 mean: 101.70199004975125
gen: 23 best: 42.8 mean: 102.89800995024876
gen: 24 best: 42.8 mean: 99.72885572139303
gen: 25 best: 42.8 mean: 102.10547263681592
gen: 26 best: 42.8 mean: 95.30746268656716
gen >27, new best = 41.600
gen >27, new best = 35.900
gen >27, new best = 34.500
gen: 27 best: 34.5 mean: 94.45174129353234
gen: 28 best: 34.5 mean: 89.73134328358209
gen >29, new best = 32.700
gen: 29 best: 32.7 mean: 91.73532338308458
gen: 30 best: 32.7 mean: 92.1134328358209
gen >31, new best = 31.600
gen: 31 best: 31.6 mean: 89.49104477611941
gen: 32 best: 31.6 mean: 87.96865671641791
gen: 33 best: 31.6 mean: 93.1363184079602
gen: 34 best: 31.6 mean: 89.00995024875621
gen: 35 best: 31.6 mean: 86.85771144278607
gen >36, new best = 30.200
gen: 36 best: 30.2 mean: 86.63980099502487
gen >37, new best = 16.500
gen: 37 best: 16.5 mean: 86.2179104477612
gen: 38 best: 16.5 mean: 85.31890547263681
gen: 39 best: 16.5 mean: 83.83034825870647
gen: 40 best: 16.5 mean: 84.63383084577114
gen: 41 best: 16.5 mean: 83.92388059701493
gen: 42 best: 16.5 mean: 80.96119402985074
gen: 43 best: 16.5 mean: 81.41044776119404
gen: 44 best: 16.5 mean: 82.41094527363184
gen: 45 best: 16.5 mean: 80.83283582089553
gen: 46 best: 16.5 mean: 82.0363184079602
gen: 47 best: 16.5 mean: 82.28507462686566
gen: 48 best: 16.5 mean: 79.83830845771145
gen: 49 best: 16.5 mean: 81.6318407960199
gen: 50 best: 16.5 mean: 81.61840796019901
gen: 51 best: 16.5 mean: 75.57810945273631
gen: 52 best: 16.5 mean: 80.29850746268657
gen: 53 best: 16.5 mean: 79.12537313432836
gen: 54 best: 16.5 mean: 82.06567164179104
gen: 55 best: 16.5 mean: 80.30348258706468
gen: 56 best: 16.5 mean: 79.17014925373134
gen: 57 best: 16.5 mean: 77.66517412935323
gen: 58 best: 16.5 mean: 78.04626865671642
gen: 59 best: 16.5 mean: 76.57313432835821
gen: 60 best: 16.5 mean: 77.1134328358209
gen: 61 best: 16.5 mean: 74.99054726368159
gen >62, new best = 13.200
gen: 62 best: 13.2 mean: 77.88955223880598
gen: 63 best: 13.2 mean: 78.56517412935324
gen: 64 best: 13.2 mean: 76.85721393034825
gen: 65 best: 13.2 mean: 76.04029850746268
gen: 66 best: 13.2 mean: 73.46019900497512
gen: 67 best: 13.2 mean: 77.00895522388059
gen: 68 best: 13.2 mean: 75.17014925373134
gen: 69 best: 13.2 mean: 76.10597014925374
gen: 70 best: 13.2 mean: 74.11990049751243
gen: 71 best: 13.2 mean: 73.94875621890547
gen: 72 best: 13.2 mean: 75.22537313432836
gen: 73 best: 13.2 mean: 75.27960199004976
gen: 74 best: 13.2 mean: 75.38557213930348
gen: 75 best: 13.2 mean: 75.10547263681592
gen: 76 best: 13.2 mean: 73.05124378109453
gen: 77 best: 13.2 mean: 74.2865671641791
gen: 78 best: 13.2 mean: 72.00298507462686
gen: 79 best: 13.2 mean: 74.92537313432835
gen: 80 best: 13.2 mean: 72.5915422885572
gen: 81 best: 13.2 mean: 74.13830845771145
gen: 82 best: 13.2 mean: 71.00248756218906
gen: 83 best: 13.2 mean: 70.94626865671641
gen: 84 best: 13.2 mean: 72.64328358208955
gen: 85 best: 13.2 mean: 71.87960199004975
gen: 86 best: 13.2 mean: 68.87611940298507
gen: 87 best: 13.2 mean: 70.92835820895523
gen: 88 best: 13.2 mean: 69.58009950248756
gen: 89 best: 13.2 mean: 69.66368159203981
gen: 90 best: 13.2 mean: 70.79054726368159
gen: 91 best: 13.2 mean: 70.78905472636816
gen: 92 best: 13.2 mean: 73.28905472636816
gen: 93 best: 13.2 mean: 67.33731343283583
gen: 94 best: 13.2 mean: 68.9044776119403
gen: 95 best: 13.2 mean: 71.05721393034825
gen: 96 best: 13.2 mean: 69.90945273631841
gen: 97 best: 13.2 mean: 70.74726368159205
gen: 98 best: 13.2 mean: 72.0587064676617
gen: 99 best: 13.2 mean: 69.15621890547264
[7, 4, 13, 9, 13, 9, 5, 7, 3, 13]
Test count of edges: 459
cat
