Defaulting to user installation because normal site-packages is not writeable
Looking in links: /cvmfs/soft.computecanada.ca/custom/python/wheelhouse/gentoo/avx2, /cvmfs/soft.computecanada.ca/custom/python/wheelhouse/gentoo/generic, /cvmfs/soft.computecanada.ca/custom/python/wheelhouse/generic
Requirement already satisfied: graphviz in /home/js17sy/.local/lib/python3.10/site-packages (0.20)
436; python ga.py 22 256N_graph22.dat 0.075 0.03 0.5 0.9 0.1 201 256N_graph22laxgen3rem50_ 456976
/project/6008788/js17sy/reopenga/256c/ga.py:291: DeprecationWarning: Sampling from a set deprecated
since Python 3.9 and will be removed in a subsequent version.
  child1 = set(random.sample(
gen >0, new best = 163.200
gen >0, new best = 145.000
gen: 0 best: 145.0 mean: 167.45149253731344
gen >1, new best = 138.500
gen: 1 best: 138.5 mean: 166.11691542288557
gen >2, new best = 133.400
gen: 2 best: 133.4 mean: 166.30298507462686
gen >3, new best = 133.200
gen: 3 best: 133.2 mean: 166.39850746268655
gen: 4 best: 133.2 mean: 165.8089552238806
gen: 5 best: 133.2 mean: 165.61293532338308
gen: 6 best: 133.2 mean: 164.9910447761194
gen: 7 best: 133.2 mean: 164.981592039801
gen: 8 best: 133.2 mean: 164.1363184079602
gen: 9 best: 133.2 mean: 164.39203980099504
gen: 10 best: 133.2 mean: 163.4870646766169
gen: 11 best: 133.2 mean: 164.1950248756219
gen: 12 best: 133.2 mean: 163.08855721393036
gen: 13 best: 133.2 mean: 162.1910447761194
gen: 14 best: 133.2 mean: 163.0283582089552
gen: 15 best: 133.2 mean: 162.77611940298507
gen: 16 best: 133.2 mean: 162.25223880597014
gen: 17 best: 133.2 mean: 161.89054726368158
gen: 18 best: 133.2 mean: 161.45373134328358
gen: 19 best: 133.2 mean: 161.53233830845772
gen: 20 best: 133.2 mean: 161.35373134328358
gen: 21 best: 133.2 mean: 160.40696517412934
gen >22, new best = 131.900
gen: 22 best: 131.9 mean: 160.40746268656716
gen: 23 best: 131.9 mean: 159.78855721393035
gen: 24 best: 131.9 mean: 158.41094527363185
gen: 25 best: 131.9 mean: 158.3626865671642
gen: 26 best: 131.9 mean: 158.89452736318407
gen: 27 best: 131.9 mean: 157.52039800995024
gen: 28 best: 131.9 mean: 157.30149253731344
gen: 29 best: 131.9 mean: 157.34626865671643
gen: 30 best: 131.9 mean: 156.28805970149253
gen: 31 best: 131.9 mean: 156.32388059701492
gen: 32 best: 131.9 mean: 156.7049751243781
gen: 33 best: 131.9 mean: 156.50248756218906
gen: 34 best: 131.9 mean: 155.3084577114428
gen: 35 best: 131.9 mean: 156.30547263681592
gen: 36 best: 131.9 mean: 155.11243781094527
gen: 37 best: 131.9 mean: 155.60398009950248
gen: 38 best: 131.9 mean: 154.7223880597015
gen: 39 best: 131.9 mean: 153.94875621890546
gen: 40 best: 131.9 mean: 154.13830845771145
gen: 41 best: 131.9 mean: 153.8049751243781
gen: 42 best: 131.9 mean: 153.23283582089553
gen: 43 best: 131.9 mean: 152.9179104477612
gen >44, new best = 125.200
gen: 44 best: 125.2 mean: 152.2452736318408
gen: 45 best: 125.2 mean: 152.43084577114428
gen >46, new best = 120.300
gen: 46 best: 120.3 mean: 151.818407960199
gen: 47 best: 120.3 mean: 151.94179104477612
gen: 48 best: 120.3 mean: 152.61691542288557
gen: 49 best: 120.3 mean: 151.6592039800995
gen: 50 best: 120.3 mean: 151.76169154228856
gen: 51 best: 120.3 mean: 151.92885572139303
gen: 52 best: 120.3 mean: 150.84179104477613
gen: 53 best: 120.3 mean: 150.08457711442787
gen: 54 best: 120.3 mean: 149.35223880597016
gen: 55 best: 120.3 mean: 149.93731343283582
gen: 56 best: 120.3 mean: 150.17412935323384
gen: 57 best: 120.3 mean: 150.07164179104478
gen: 58 best: 120.3 mean: 149.69651741293532
gen: 59 best: 120.3 mean: 149.35273631840795
gen: 60 best: 120.3 mean: 149.4457711442786
gen: 61 best: 120.3 mean: 150.226368159204
gen: 62 best: 120.3 mean: 149.91144278606964
gen: 63 best: 120.3 mean: 149.45074626865673
gen: 64 best: 120.3 mean: 148.23781094527362
gen: 65 best: 120.3 mean: 148.80298507462686
gen: 66 best: 120.3 mean: 148.78059701492538
gen: 67 best: 120.3 mean: 148.48905472636815
gen: 68 best: 120.3 mean: 148.8497512437811
gen: 69 best: 120.3 mean: 148.65771144278608
gen: 70 best: 120.3 mean: 147.936815920398
gen >71, new best = 118.900
gen: 71 best: 118.9 mean: 148.31243781094528
gen: 72 best: 118.9 mean: 148.41940298507464
gen: 73 best: 118.9 mean: 147.64726368159205
gen: 74 best: 118.9 mean: 148.62537313432836
gen: 75 best: 118.9 mean: 148.17562189054726
gen: 76 best: 118.9 mean: 147.58407960199006
gen >77, new best = 118.500
gen: 77 best: 118.5 mean: 147.43333333333334
gen: 78 best: 118.5 mean: 147.2537313432836
gen: 79 best: 118.5 mean: 147.73333333333332
gen: 80 best: 118.5 mean: 147.05522388059703
gen: 81 best: 118.5 mean: 147.5283582089552
gen: 82 best: 118.5 mean: 147.15970149253732
gen >83, new best = 116.500
gen: 83 best: 116.5 mean: 145.8268656716418
gen: 84 best: 116.5 mean: 146.07860696517412
gen: 85 best: 116.5 mean: 146.66616915422887
gen: 86 best: 116.5 mean: 147.27810945273632
gen: 87 best: 116.5 mean: 147.10497512437811
gen: 88 best: 116.5 mean: 146.3587064676617
gen: 89 best: 116.5 mean: 146.43482587064676
gen: 90 best: 116.5 mean: 145.97363184079603
gen >91, new best = 116.200
gen: 91 best: 116.2 mean: 145.65273631840796
gen >92, new best = 115.600
gen: 92 best: 115.6 mean: 145.94676616915424
gen >93, new best = 114.400
gen: 93 best: 114.4 mean: 145.5099502487562
gen: 94 best: 114.4 mean: 145.01641791044776
gen >95, new best = 113.700
gen: 95 best: 113.7 mean: 144.78009950248756
gen: 96 best: 113.7 mean: 144.76417910447762
gen: 97 best: 113.7 mean: 144.99601990049752
gen: 98 best: 113.7 mean: 145.07810945273633
gen: 99 best: 113.7 mean: 145.09402985074627
[9, 8, 12, 11, 11, 9, 8, 9, 8, 9, 9, 8, 10, 9, 8, 8, 9, 9, 9]
Test count of edges: 763
cat
