Defaulting to user installation because normal site-packages is not writeable
Looking in links: /cvmfs/soft.computecanada.ca/custom/python/wheelhouse/gentoo/avx2, /cvmfs/soft.computecanada.ca/custom/python/wheelhouse/gentoo/generic, /cvmfs/soft.computecanada.ca/custom/python/wheelhouse/generic
Requirement already satisfied: graphviz in /home/js17sy/.local/lib/python3.10/site-packages (0.20)
577; python ga.py 22 256N_graph22.dat 0.1 0.04 0.5 0.7 0.3 201 256N_graph22leerygen2rem50_ 199927
/project/6008788/js17sy/reopenga/256c/ga.py:291: DeprecationWarning: Sampling from a set deprecated
since Python 3.9 and will be removed in a subsequent version.
  child1 = set(random.sample(
gen >0, new best = 173.400
gen >0, new best = 172.300
gen >0, new best = 171.500
gen >0, new best = 155.200
gen >0, new best = 154.700
gen: 0 best: 154.7 mean: 175.8407960199005
gen >1, new best = 152.500
gen: 1 best: 152.5 mean: 175.6174129353234
gen >2, new best = 151.700
gen: 2 best: 151.7 mean: 174.6865671641791
gen: 3 best: 151.7 mean: 174.81044776119404
gen: 4 best: 151.7 mean: 174.48905472636815
gen >5, new best = 150.100
gen >5, new best = 148.400
gen: 5 best: 148.4 mean: 173.66268656716417
gen: 6 best: 148.4 mean: 174.30199004975125
gen: 7 best: 148.4 mean: 174.71492537313432
gen: 8 best: 148.4 mean: 173.7766169154229
gen: 9 best: 148.4 mean: 173.90646766169155
gen: 10 best: 148.4 mean: 172.9955223880597
gen: 11 best: 148.4 mean: 172.8452736318408
gen: 12 best: 148.4 mean: 173.09751243781093
gen: 13 best: 148.4 mean: 172.37562189054725
gen >14, new best = 143.800
gen: 14 best: 143.8 mean: 171.855223880597
gen >15, new best = 143.500
gen: 15 best: 143.5 mean: 172.7407960199005
gen: 16 best: 143.5 mean: 172.4323383084577
gen >17, new best = 133.900
gen: 17 best: 133.9 mean: 170.59452736318408
gen: 18 best: 133.9 mean: 171.1686567164179
gen: 19 best: 133.9 mean: 171.06716417910448
gen: 20 best: 133.9 mean: 170.25572139303483
gen: 21 best: 133.9 mean: 170.79800995024877
gen: 22 best: 133.9 mean: 171.41044776119404
gen: 23 best: 133.9 mean: 169.7636815920398
gen >24, new best = 130.100
gen: 24 best: 130.1 mean: 168.71741293532338
gen: 25 best: 130.1 mean: 169.5910447761194
gen: 26 best: 130.1 mean: 169.37213930348258
gen: 27 best: 130.1 mean: 169.44626865671643
gen: 28 best: 130.1 mean: 169.436815920398
gen: 29 best: 130.1 mean: 168.2507462686567
gen: 30 best: 130.1 mean: 168.7452736318408
gen: 31 best: 130.1 mean: 168.16069651741293
gen: 32 best: 130.1 mean: 167.84577114427861
gen: 33 best: 130.1 mean: 168.273631840796
gen: 34 best: 130.1 mean: 167.53980099502488
gen: 35 best: 130.1 mean: 167.5457711442786
gen: 36 best: 130.1 mean: 166.96218905472637
gen: 37 best: 130.1 mean: 167.78805970149253
gen: 38 best: 130.1 mean: 167.72935323383084
gen: 39 best: 130.1 mean: 167.42388059701491
gen: 40 best: 130.1 mean: 166.88407960199004
gen: 41 best: 130.1 mean: 166.4955223880597
gen: 42 best: 130.1 mean: 166.7955223880597
gen: 43 best: 130.1 mean: 166.2955223880597
gen: 44 best: 130.1 mean: 166.4
gen: 45 best: 130.1 mean: 166.23383084577114
gen: 46 best: 130.1 mean: 166.66965174129353
gen: 47 best: 130.1 mean: 165.7646766169154
gen: 48 best: 130.1 mean: 165.7268656716418
gen: 49 best: 130.1 mean: 166.05273631840797
gen: 50 best: 130.1 mean: 165.88955223880598
gen: 51 best: 130.1 mean: 165.93034825870646
gen: 52 best: 130.1 mean: 165.17512437810944
gen: 53 best: 130.1 mean: 165.6950248756219
gen: 54 best: 130.1 mean: 165.0686567164179
gen: 55 best: 130.1 mean: 164.65522388059702
gen: 56 best: 130.1 mean: 164.39900497512437
gen: 57 best: 130.1 mean: 163.68407960199005
gen: 58 best: 130.1 mean: 164.38706467661692
gen: 59 best: 130.1 mean: 163.9860696517413
gen: 60 best: 130.1 mean: 164.0587064676617
gen: 61 best: 130.1 mean: 162.9910447761194
gen: 62 best: 130.1 mean: 163.40995024875622
gen: 63 best: 130.1 mean: 163.50149253731342
gen: 64 best: 130.1 mean: 164.21990049751244
gen: 65 best: 130.1 mean: 163.36616915422886
gen: 66 best: 130.1 mean: 163.5910447761194
gen: 67 best: 130.1 mean: 163.51592039800994
gen: 68 best: 130.1 mean: 163.2721393034826
gen: 69 best: 130.1 mean: 163.03482587064676
gen: 70 best: 130.1 mean: 163.70298507462687
gen: 71 best: 130.1 mean: 163.26119402985074
gen: 72 best: 130.1 mean: 163.34726368159204
gen: 73 best: 130.1 mean: 162.02537313432836
gen: 74 best: 130.1 mean: 163.13333333333333
gen: 75 best: 130.1 mean: 162.76865671641792
gen: 76 best: 130.1 mean: 162.07114427860697
gen: 77 best: 130.1 mean: 162.29004975124377
gen: 78 best: 130.1 mean: 162.3318407960199
gen: 79 best: 130.1 mean: 162.52935323383085
gen: 80 best: 130.1 mean: 162.49303482587064
gen: 81 best: 130.1 mean: 162.95373134328358
gen: 82 best: 130.1 mean: 162.6189054726368
gen: 83 best: 130.1 mean: 161.48009950248758
gen: 84 best: 130.1 mean: 161.3900497512438
gen: 85 best: 130.1 mean: 162.14278606965175
gen: 86 best: 130.1 mean: 162.02537313432836
gen: 87 best: 130.1 mean: 161.45721393034825
gen: 88 best: 130.1 mean: 161.86318407960198
gen: 89 best: 130.1 mean: 161.3626865671642
gen: 90 best: 130.1 mean: 161.66666666666666
gen: 91 best: 130.1 mean: 161.1676616915423
gen: 92 best: 130.1 mean: 160.91641791044776
gen: 93 best: 130.1 mean: 161.55671641791045
gen: 94 best: 130.1 mean: 160.60746268656717
gen: 95 best: 130.1 mean: 160.4318407960199
gen: 96 best: 130.1 mean: 160.8681592039801
gen: 97 best: 130.1 mean: 160.82935323383086
gen: 98 best: 130.1 mean: 160.6034825870647
gen >99, new best = 129.900
gen: 99 best: 129.9 mean: 161.00796019900497
[9, 9, 8, 10, 8, 8, 11, 8, 9, 10, 9, 9, 9, 10, 10, 8]
Test count of edges: 779
cat
