Defaulting to user installation because normal site-packages is not writeable
Looking in links: /cvmfs/soft.computecanada.ca/custom/python/wheelhouse/gentoo/avx2, /cvmfs/soft.computecanada.ca/custom/python/wheelhouse/gentoo/generic, /cvmfs/soft.computecanada.ca/custom/python/wheelhouse/generic
Requirement already satisfied: graphviz in /home/js17sy/.local/lib/python3.10/site-packages (0.20)
710; python ga.py 22 256N_graph22.dat 0.1 0.04 0.7 0.9 0.1 201 256N_graph22leerygen3rem70_ 571220
/project/6008788/js17sy/reopenga/256c/ga.py:291: DeprecationWarning: Sampling from a set deprecated
since Python 3.9 and will be removed in a subsequent version.
  child1 = set(random.sample(
gen >0, new best = 161.000
gen >0, new best = 147.600
gen >0, new best = 147.300
gen >0, new best = 140.400
gen >0, new best = 124.300
gen: 0 best: 124.3 mean: 161.70920398009952
gen: 1 best: 124.3 mean: 161.32139303482586
gen: 2 best: 124.3 mean: 160.91592039800994
gen: 3 best: 124.3 mean: 159.68507462686568
gen: 4 best: 124.3 mean: 158.5174129353234
gen: 5 best: 124.3 mean: 159.02636815920397
gen: 6 best: 124.3 mean: 158.59452736318408
gen: 7 best: 124.3 mean: 158.44278606965173
gen: 8 best: 124.3 mean: 158.2228855721393
gen: 9 best: 124.3 mean: 156.61243781094527
gen: 10 best: 124.3 mean: 157.1233830845771
gen: 11 best: 124.3 mean: 156.92039800995025
gen: 12 best: 124.3 mean: 155.34925373134328
gen: 13 best: 124.3 mean: 156.48059701492537
gen: 14 best: 124.3 mean: 156.15422885572139
gen >15, new best = 118.100
gen: 15 best: 118.1 mean: 155.43432835820894
gen: 16 best: 118.1 mean: 154.20995024875623
gen: 17 best: 118.1 mean: 153.10547263681593
gen: 18 best: 118.1 mean: 153.28009950248756
gen: 19 best: 118.1 mean: 152.97512437810946
gen: 20 best: 118.1 mean: 152.23980099502486
gen: 21 best: 118.1 mean: 152.65074626865672
gen: 22 best: 118.1 mean: 152.6771144278607
gen: 23 best: 118.1 mean: 152.39402985074628
gen: 24 best: 118.1 mean: 150.8781094527363
gen: 25 best: 118.1 mean: 150.39303482587064
gen: 26 best: 118.1 mean: 151.9268656716418
gen: 27 best: 118.1 mean: 151.10149253731342
gen: 28 best: 118.1 mean: 151.45671641791046
gen: 29 best: 118.1 mean: 149.63532338308457
gen: 30 best: 118.1 mean: 149.94427860696518
gen: 31 best: 118.1 mean: 150.14278606965175
gen: 32 best: 118.1 mean: 149.81741293532338
gen: 33 best: 118.1 mean: 149.18905472636817
gen: 34 best: 118.1 mean: 149.7139303482587
gen: 35 best: 118.1 mean: 148.90199004975125
gen: 36 best: 118.1 mean: 149.74427860696517
gen >37, new best = 114.700
gen: 37 best: 114.7 mean: 148.73980099502486
gen: 38 best: 114.7 mean: 149.0597014925373
gen: 39 best: 114.7 mean: 149.03482587064676
gen: 40 best: 114.7 mean: 148.83432835820895
gen: 41 best: 114.7 mean: 148.52388059701494
gen: 42 best: 114.7 mean: 147.80796019900498
gen: 43 best: 114.7 mean: 148.51592039800994
gen: 44 best: 114.7 mean: 147.29601990049753
gen: 45 best: 114.7 mean: 147.6686567164179
gen: 46 best: 114.7 mean: 147.72388059701493
gen: 47 best: 114.7 mean: 146.94477611940297
gen: 48 best: 114.7 mean: 145.74676616915423
gen >49, new best = 113.400
gen: 49 best: 113.4 mean: 147.0820895522388
gen: 50 best: 113.4 mean: 146.84925373134328
gen: 51 best: 113.4 mean: 147.2228855721393
gen: 52 best: 113.4 mean: 146.8626865671642
gen: 53 best: 113.4 mean: 146.24825870646765
gen: 54 best: 113.4 mean: 145.7731343283582
gen: 55 best: 113.4 mean: 145.78407960199004
gen: 56 best: 113.4 mean: 146.34925373134328
gen: 57 best: 113.4 mean: 146.37164179104477
gen: 58 best: 113.4 mean: 146.4587064676617
gen: 59 best: 113.4 mean: 146.27910447761195
gen: 60 best: 113.4 mean: 145.76119402985074
gen: 61 best: 113.4 mean: 145.64875621890548
gen: 62 best: 113.4 mean: 145.58955223880596
gen: 63 best: 113.4 mean: 145.45621890547264
gen: 64 best: 113.4 mean: 146.10845771144278
gen: 65 best: 113.4 mean: 144.18407960199005
gen: 66 best: 113.4 mean: 145.47910447761194
gen: 67 best: 113.4 mean: 145.99800995024876
gen: 68 best: 113.4 mean: 144.73283582089553
gen: 69 best: 113.4 mean: 145.72487562189056
gen: 70 best: 113.4 mean: 145.6233830845771
gen: 71 best: 113.4 mean: 145.1502487562189
gen: 72 best: 113.4 mean: 145.52985074626866
gen: 73 best: 113.4 mean: 145.14726368159205
gen: 74 best: 113.4 mean: 145.2860696517413
gen: 75 best: 113.4 mean: 145.07810945273633
gen: 76 best: 113.4 mean: 145.73582089552238
gen: 77 best: 113.4 mean: 145.1592039800995
gen: 78 best: 113.4 mean: 144.51592039800994
gen: 79 best: 113.4 mean: 143.92437810945273
gen: 80 best: 113.4 mean: 145.5363184079602
gen: 81 best: 113.4 mean: 144.91044776119404
gen: 82 best: 113.4 mean: 144.71442786069653
gen: 83 best: 113.4 mean: 145.57412935323384
gen: 84 best: 113.4 mean: 144.96567164179103
gen: 85 best: 113.4 mean: 145.24676616915423
gen: 86 best: 113.4 mean: 145.626368159204
gen >87, new best = 113.300
gen: 87 best: 113.3 mean: 144.7766169154229
gen: 88 best: 113.3 mean: 145.63283582089554
gen: 89 best: 113.3 mean: 144.79900497512438
gen: 90 best: 113.3 mean: 145.0820895522388
gen: 91 best: 113.3 mean: 144.8318407960199
gen: 92 best: 113.3 mean: 144.92537313432837
gen: 93 best: 113.3 mean: 144.5955223880597
gen: 94 best: 113.3 mean: 144.69850746268656
gen: 95 best: 113.3 mean: 144.82437810945274
gen: 96 best: 113.3 mean: 144.22089552238805
gen: 97 best: 113.3 mean: 145.03383084577115
gen >98, new best = 108.300
gen: 98 best: 108.3 mean: 143.73432835820896
gen: 99 best: 108.3 mean: 144.10646766169154
[9, 7, 8, 8, 7, 8, 7, 8, 10, 7, 7, 7, 8, 9, 8]
Test count of edges: 462
cat
