Defaulting to user installation because normal site-packages is not writeable
Looking in links: /cvmfs/soft.computecanada.ca/custom/python/wheelhouse/gentoo/avx2, /cvmfs/soft.computecanada.ca/custom/python/wheelhouse/gentoo/generic, /cvmfs/soft.computecanada.ca/custom/python/wheelhouse/generic
Requirement already satisfied: graphviz in /home/js17sy/.local/lib/python3.10/site-packages (0.20)
115; python ga.py 22 256N_graph22.dat 0.025 0.01 0.7 0.5 0.5 201 256N_graph22strictgen1rem70_ 714025
/project/6008788/js17sy/reopenga/256c/ga.py:291: DeprecationWarning: Sampling from a set deprecated
since Python 3.9 and will be removed in a subsequent version.
  child1 = set(random.sample(
gen >0, new best = 106.000
gen >0, new best = 102.900
gen >0, new best = 101.200
gen >0, new best = 83.000
gen >0, new best = 81.700
gen >0, new best = 50.900
gen: 0 best: 50.9 mean: 122.31119402985075
gen: 1 best: 50.9 mean: 121.61542288557214
gen: 2 best: 50.9 mean: 120.43582089552238
gen: 3 best: 50.9 mean: 119.71442786069652
gen: 4 best: 50.9 mean: 119.81741293532339
gen: 5 best: 50.9 mean: 118.88457711442786
gen: 6 best: 50.9 mean: 115.9542288557214
gen: 7 best: 50.9 mean: 116.71741293532338
gen >8, new best = 48.100
gen: 8 best: 48.1 mean: 113.87810945273633
gen: 9 best: 48.1 mean: 114.00597014925373
gen: 10 best: 48.1 mean: 116.7547263681592
gen: 11 best: 48.1 mean: 111.95124378109453
gen >12, new best = 43.400
gen: 12 best: 43.4 mean: 109.34875621890548
gen: 13 best: 43.4 mean: 110.28756218905473
gen: 14 best: 43.4 mean: 110.3044776119403
gen >15, new best = 43.200
gen >15, new best = 37.000
gen: 15 best: 37.0 mean: 104.92636815920397
gen: 16 best: 37.0 mean: 100.55174129353234
gen: 17 best: 37.0 mean: 99.39253731343284
gen: 18 best: 37.0 mean: 93.73482587064677
gen >19, new best = 36.900
gen: 19 best: 36.9 mean: 94.30995024875622
gen >20, new best = 31.900
gen: 20 best: 31.9 mean: 91.38258706467661
gen: 21 best: 31.9 mean: 92.54179104477612
gen: 22 best: 31.9 mean: 87.59900497512437
gen: 23 best: 31.9 mean: 85.01144278606965
gen >24, new best = 28.000
gen: 24 best: 28.0 mean: 86.16019900497513
gen: 25 best: 28.0 mean: 86.4089552238806
gen >26, new best = 27.700
gen: 26 best: 27.7 mean: 82.85522388059701
gen >27, new best = 25.500
gen: 27 best: 25.5 mean: 83.88159203980099
gen: 28 best: 25.5 mean: 85.78855721393035
gen: 29 best: 25.5 mean: 81.11840796019901
gen: 30 best: 25.5 mean: 81.66417910447761
gen: 31 best: 25.5 mean: 82.22686567164179
gen: 32 best: 25.5 mean: 80.11492537313433
gen: 33 best: 25.5 mean: 80.82636815920398
gen: 34 best: 25.5 mean: 83.1268656716418
gen >35, new best = 12.900
gen: 35 best: 12.9 mean: 77.57860696517413
gen: 36 best: 12.9 mean: 79.43432835820896
gen: 37 best: 12.9 mean: 83.88905472636816
gen: 38 best: 12.9 mean: 82.26915422885573
gen: 39 best: 12.9 mean: 79.863184079602
gen: 40 best: 12.9 mean: 80.59900497512437
gen: 41 best: 12.9 mean: 78.91791044776119
gen: 42 best: 12.9 mean: 79.3547263681592
gen: 43 best: 12.9 mean: 77.25522388059701
gen: 44 best: 12.9 mean: 79.01940298507462
gen: 45 best: 12.9 mean: 78.38756218905473
gen: 46 best: 12.9 mean: 80.96766169154229
gen: 47 best: 12.9 mean: 79.71442786069652
gen: 48 best: 12.9 mean: 80.29253731343283
gen: 49 best: 12.9 mean: 78.43532338308458
gen: 50 best: 12.9 mean: 80.70447761194029
gen: 51 best: 12.9 mean: 79.39452736318408
gen: 52 best: 12.9 mean: 79.89154228855722
gen: 53 best: 12.9 mean: 81.23880597014926
gen: 54 best: 12.9 mean: 77.99353233830846
gen: 55 best: 12.9 mean: 80.53830845771144
gen: 56 best: 12.9 mean: 78.30398009950248
gen: 57 best: 12.9 mean: 77.49004975124379
gen: 58 best: 12.9 mean: 79.60149253731343
gen: 59 best: 12.9 mean: 80.41442786069652
gen: 60 best: 12.9 mean: 77.39203980099502
gen: 61 best: 12.9 mean: 78.90746268656716
gen: 62 best: 12.9 mean: 77.3910447761194
gen: 63 best: 12.9 mean: 76.29452736318407
gen: 64 best: 12.9 mean: 76.33582089552239
gen: 65 best: 12.9 mean: 76.77860696517413
gen: 66 best: 12.9 mean: 80.62139303482587
gen: 67 best: 12.9 mean: 76.12388059701493
gen: 68 best: 12.9 mean: 77.0223880597015
gen: 69 best: 12.9 mean: 75.31243781094527
gen: 70 best: 12.9 mean: 74.55771144278607
gen: 71 best: 12.9 mean: 77.08059701492537
gen: 72 best: 12.9 mean: 76.15721393034826
gen: 73 best: 12.9 mean: 78.76766169154229
gen: 74 best: 12.9 mean: 77.24029850746268
gen: 75 best: 12.9 mean: 76.5049751243781
gen: 76 best: 12.9 mean: 78.27512437810945
gen: 77 best: 12.9 mean: 75.29900497512438
gen: 78 best: 12.9 mean: 75.72089552238806
gen: 79 best: 12.9 mean: 75.41691542288557
gen: 80 best: 12.9 mean: 75.56766169154228
gen: 81 best: 12.9 mean: 74.25323383084577
gen: 82 best: 12.9 mean: 74.76865671641791
gen: 83 best: 12.9 mean: 76.03980099502488
gen: 84 best: 12.9 mean: 74.363184079602
gen: 85 best: 12.9 mean: 77.86169154228855
gen: 86 best: 12.9 mean: 76.09800995024875
gen: 87 best: 12.9 mean: 74.41592039800994
gen: 88 best: 12.9 mean: 77.01293532338309
gen: 89 best: 12.9 mean: 78.1547263681592
gen: 90 best: 12.9 mean: 77.24029850746268
gen: 91 best: 12.9 mean: 76.28905472636816
gen: 92 best: 12.9 mean: 75.35373134328358
gen: 93 best: 12.9 mean: 77.29004975124379
gen: 94 best: 12.9 mean: 81.40646766169154
gen: 95 best: 12.9 mean: 77.50199004975124
gen: 96 best: 12.9 mean: 78.08208955223881
gen: 97 best: 12.9 mean: 78.55422885572139
gen: 98 best: 12.9 mean: 77.15074626865672
gen: 99 best: 12.9 mean: 78.6776119402985
[8, 4, 7, 10, 9, 8, 3, 3, 11, 3, 9, 12, 11]
Test count of edges: 468
cat
