Defaulting to user installation because normal site-packages is not writeable
Looking in links: /cvmfs/soft.computecanada.ca/custom/python/wheelhouse/gentoo/avx2, /cvmfs/soft.computecanada.ca/custom/python/wheelhouse/gentoo/generic, /cvmfs/soft.computecanada.ca/custom/python/wheelhouse/generic
Requirement already satisfied: graphviz in /home/js17sy/.local/lib/python3.10/site-packages (0.20)
293; python ga.py 22 256N_graph22.dat 0.05 0.02 0.7 0.5 0.5 201 256N_graph22mediumgen1rem70_ 656903
/project/6008788/js17sy/reopenga/256c/ga.py:291: DeprecationWarning: Sampling from a set deprecated
since Python 3.9 and will be removed in a subsequent version.
  child1 = set(random.sample(
gen >0, new best = 135.400
gen >0, new best = 133.100
gen >0, new best = 129.300
gen >0, new best = 121.700
gen >0, new best = 120.600
gen >0, new best = 113.400
gen >0, new best = 107.800
gen >0, new best = 106.100
gen: 0 best: 106.1 mean: 140.5460199004975
gen >1, new best = 98.500
gen: 1 best: 98.5 mean: 140.55323383084578
gen: 2 best: 98.5 mean: 138.83532338308459
gen: 3 best: 98.5 mean: 137.03980099502488
gen: 4 best: 98.5 mean: 137.42835820895522
gen: 5 best: 98.5 mean: 137.7189054726368
gen: 6 best: 98.5 mean: 135.0044776119403
gen: 7 best: 98.5 mean: 135.60547263681593
gen: 8 best: 98.5 mean: 135.7462686567164
gen: 9 best: 98.5 mean: 135.126368159204
gen >10, new best = 92.000
gen: 10 best: 92.0 mean: 134.00248756218906
gen: 11 best: 92.0 mean: 133.7776119402985
gen: 12 best: 92.0 mean: 133.6407960199005
gen: 13 best: 92.0 mean: 132.90696517412934
gen: 14 best: 92.0 mean: 131.80696517412935
gen: 15 best: 92.0 mean: 132.07462686567163
gen: 16 best: 92.0 mean: 132.3094527363184
gen: 17 best: 92.0 mean: 131.22835820895523
gen: 18 best: 92.0 mean: 132.20696517412935
gen: 19 best: 92.0 mean: 131.38756218905473
gen: 20 best: 92.0 mean: 129.81293532338307
gen: 21 best: 92.0 mean: 129.21741293532338
gen: 22 best: 92.0 mean: 127.7636815920398
gen: 23 best: 92.0 mean: 128.98407960199006
gen: 24 best: 92.0 mean: 128.2910447761194
gen: 25 best: 92.0 mean: 128.53532338308457
gen: 26 best: 92.0 mean: 128.3726368159204
gen: 27 best: 92.0 mean: 126.8363184079602
gen: 28 best: 92.0 mean: 127.56169154228856
gen: 29 best: 92.0 mean: 126.90845771144278
gen >30, new best = 90.000
gen: 30 best: 90.0 mean: 127.1452736318408
gen: 31 best: 90.0 mean: 126.02189054726368
gen: 32 best: 90.0 mean: 126.4134328358209
gen >33, new best = 89.500
gen: 33 best: 89.5 mean: 126.10597014925374
gen: 34 best: 89.5 mean: 124.7636815920398
gen: 35 best: 89.5 mean: 125.96069651741294
gen: 36 best: 89.5 mean: 125.72139303482587
gen: 37 best: 89.5 mean: 126.08756218905472
gen: 38 best: 89.5 mean: 125.40398009950249
gen: 39 best: 89.5 mean: 124.92885572139303
gen: 40 best: 89.5 mean: 125.69253731343284
gen: 41 best: 89.5 mean: 124.86616915422886
gen: 42 best: 89.5 mean: 124.27164179104477
gen: 43 best: 89.5 mean: 124.62388059701493
gen: 44 best: 89.5 mean: 123.56716417910448
gen: 45 best: 89.5 mean: 124.7587064676617
gen: 46 best: 89.5 mean: 124.0681592039801
gen: 47 best: 89.5 mean: 124.04228855721394
gen: 48 best: 89.5 mean: 123.98308457711443
gen >49, new best = 87.900
gen: 49 best: 87.9 mean: 123.87761194029851
gen: 50 best: 87.9 mean: 124.81094527363184
gen: 51 best: 87.9 mean: 123.90049751243781
gen: 52 best: 87.9 mean: 124.08407960199006
gen: 53 best: 87.9 mean: 123.7681592039801
gen: 54 best: 87.9 mean: 123.77611940298507
gen: 55 best: 87.9 mean: 123.90995024875622
gen: 56 best: 87.9 mean: 123.88407960199005
gen >57, new best = 75.800
gen: 57 best: 75.8 mean: 124.01592039800995
gen: 58 best: 75.8 mean: 124.00049751243782
gen: 59 best: 75.8 mean: 124.0
gen: 60 best: 75.8 mean: 123.74626865671642
gen: 61 best: 75.8 mean: 124.34328358208955
gen: 62 best: 75.8 mean: 123.18955223880597
gen: 63 best: 75.8 mean: 123.93532338308458
gen: 64 best: 75.8 mean: 122.03830845771144
gen: 65 best: 75.8 mean: 121.5273631840796
gen: 66 best: 75.8 mean: 123.72985074626865
gen: 67 best: 75.8 mean: 123.40099502487563
gen: 68 best: 75.8 mean: 122.91791044776119
gen: 69 best: 75.8 mean: 123.21492537313432
gen: 70 best: 75.8 mean: 122.69850746268656
gen: 71 best: 75.8 mean: 121.27363184079601
gen: 72 best: 75.8 mean: 120.93532338308458
gen: 73 best: 75.8 mean: 121.79900497512438
gen: 74 best: 75.8 mean: 121.91641791044776
gen: 75 best: 75.8 mean: 120.53482587064677
gen: 76 best: 75.8 mean: 121.52786069651741
gen: 77 best: 75.8 mean: 121.1089552238806
gen: 78 best: 75.8 mean: 121.78855721393035
gen: 79 best: 75.8 mean: 121.34228855721393
gen: 80 best: 75.8 mean: 121.6089552238806
gen: 81 best: 75.8 mean: 120.32139303482587
gen: 82 best: 75.8 mean: 121.85870646766169
gen: 83 best: 75.8 mean: 121.68009950248756
gen: 84 best: 75.8 mean: 122.06069651741294
gen: 85 best: 75.8 mean: 121.97213930348259
gen: 86 best: 75.8 mean: 120.56268656716418
gen: 87 best: 75.8 mean: 120.39402985074626
gen: 88 best: 75.8 mean: 121.53681592039801
gen: 89 best: 75.8 mean: 120.12089552238805
gen: 90 best: 75.8 mean: 121.83383084577115
gen: 91 best: 75.8 mean: 120.85522388059701
gen: 92 best: 75.8 mean: 120.7318407960199
gen: 93 best: 75.8 mean: 120.36069651741293
gen: 94 best: 75.8 mean: 121.61940298507463
gen: 95 best: 75.8 mean: 118.98905472636815
gen: 96 best: 75.8 mean: 121.18656716417911
gen: 97 best: 75.8 mean: 121.09502487562189
gen: 98 best: 75.8 mean: 119.97213930348259
gen: 99 best: 75.8 mean: 121.19751243781094
[7, 11, 8, 12, 9, 8, 9, 9, 8, 8, 10, 8, 9, 8, 11]
Test count of edges: 483
cat
