Defaulting to user installation because normal site-packages is not writeable
Looking in links: /cvmfs/soft.computecanada.ca/custom/python/wheelhouse/gentoo/avx2, /cvmfs/soft.computecanada.ca/custom/python/wheelhouse/gentoo/generic, /cvmfs/soft.computecanada.ca/custom/python/wheelhouse/generic
Requirement already satisfied: graphviz in /home/js17sy/.local/lib/python3.10/site-packages (0.20)
78; python ga.py 22 256N_graph22.dat 0.025 0.01 0.5 0.9 0.1 201 256N_graph22strictgen3rem50_ 514098
/project/6008788/js17sy/reopenga/256c/ga.py:291: DeprecationWarning: Sampling from a set deprecated
since Python 3.9 and will be removed in a subsequent version.
  child1 = set(random.sample(
gen >0, new best = 125.800
gen >0, new best = 120.700
gen >0, new best = 117.700
gen: 0 best: 117.7 mean: 150.00199004975124
gen: 1 best: 117.7 mean: 148.80696517412935
gen >2, new best = 114.800
gen: 2 best: 114.8 mean: 147.02139303482588
gen >3, new best = 110.700
gen >3, new best = 110.600
gen: 3 best: 110.6 mean: 147.96268656716418
gen >4, new best = 103.600
gen: 4 best: 103.6 mean: 145.94676616915422
gen: 5 best: 103.6 mean: 147.28756218905474
gen: 6 best: 103.6 mean: 146.59701492537314
gen: 7 best: 103.6 mean: 146.05522388059703
gen: 8 best: 103.6 mean: 144.9323383084577
gen >9, new best = 101.400
gen: 9 best: 101.4 mean: 143.60149253731342
gen: 10 best: 101.4 mean: 144.8507462686567
gen: 11 best: 101.4 mean: 143.33084577114428
gen: 12 best: 101.4 mean: 142.95621890547264
gen: 13 best: 101.4 mean: 141.87014925373134
gen: 14 best: 101.4 mean: 141.70099502487562
gen >15, new best = 99.100
gen: 15 best: 99.1 mean: 140.67064676616914
gen: 16 best: 99.1 mean: 140.5134328358209
gen >17, new best = 96.000
gen: 17 best: 96.0 mean: 139.20149253731344
gen: 18 best: 96.0 mean: 140.0134328358209
gen >19, new best = 94.600
gen: 19 best: 94.6 mean: 138.50497512437812
gen: 20 best: 94.6 mean: 137.5268656716418
gen: 21 best: 94.6 mean: 137.88308457711443
gen: 22 best: 94.6 mean: 135.42437810945273
gen >23, new best = 83.500
gen: 23 best: 83.5 mean: 136.0636815920398
gen: 24 best: 83.5 mean: 136.3542288557214
gen: 25 best: 83.5 mean: 136.20348258706468
gen: 26 best: 83.5 mean: 134.5641791044776
gen: 27 best: 83.5 mean: 135.16268656716417
gen: 28 best: 83.5 mean: 135.11393034825872
gen: 29 best: 83.5 mean: 134.7721393034826
gen: 30 best: 83.5 mean: 133.4223880597015
gen: 31 best: 83.5 mean: 132.92636815920397
gen >32, new best = 78.000
gen: 32 best: 78.0 mean: 131.91094527363185
gen: 33 best: 78.0 mean: 132.1820895522388
gen: 34 best: 78.0 mean: 130.81741293532338
gen: 35 best: 78.0 mean: 129.36119402985074
gen: 36 best: 78.0 mean: 130.69651741293532
gen: 37 best: 78.0 mean: 129.3820895522388
gen: 38 best: 78.0 mean: 127.79353233830845
gen: 39 best: 78.0 mean: 129.20547263681593
gen: 40 best: 78.0 mean: 128.72039800995026
gen: 41 best: 78.0 mean: 127.47810945273632
gen >42, new best = 68.700
gen: 42 best: 68.7 mean: 125.22388059701493
gen: 43 best: 68.7 mean: 127.10149253731343
gen: 44 best: 68.7 mean: 124.9
gen: 45 best: 68.7 mean: 125.50199004975124
gen: 46 best: 68.7 mean: 123.71194029850746
gen: 47 best: 68.7 mean: 121.60746268656716
gen: 48 best: 68.7 mean: 123.86268656716418
gen: 49 best: 68.7 mean: 120.94875621890547
gen: 50 best: 68.7 mean: 120.70199004975125
gen: 51 best: 68.7 mean: 118.12139303482587
gen: 52 best: 68.7 mean: 119.30995024875622
gen: 53 best: 68.7 mean: 120.01741293532338
gen: 54 best: 68.7 mean: 118.51691542288557
gen >55, new best = 67.000
gen >55, new best = 65.100
gen: 55 best: 65.1 mean: 116.11492537313433
gen >56, new best = 62.300
gen: 56 best: 62.3 mean: 117.8960199004975
gen: 57 best: 62.3 mean: 117.13582089552239
gen: 58 best: 62.3 mean: 118.35572139303483
gen: 59 best: 62.3 mean: 117.22537313432836
gen: 60 best: 62.3 mean: 117.1323383084577
gen >61, new best = 59.200
gen: 61 best: 59.2 mean: 117.35074626865672
gen: 62 best: 59.2 mean: 115.1318407960199
gen: 63 best: 59.2 mean: 114.45522388059702
gen: 64 best: 59.2 mean: 113.17213930348258
gen >65, new best = 52.700
gen: 65 best: 52.7 mean: 114.00895522388059
gen: 66 best: 52.7 mean: 114.18159203980099
gen: 67 best: 52.7 mean: 114.64626865671642
gen: 68 best: 52.7 mean: 115.16915422885572
gen: 69 best: 52.7 mean: 112.1592039800995
gen: 70 best: 52.7 mean: 113.82885572139304
gen: 71 best: 52.7 mean: 113.69601990049752
gen: 72 best: 52.7 mean: 113.28955223880597
gen >73, new best = 48.000
gen: 73 best: 48.0 mean: 113.04676616915422
gen: 74 best: 48.0 mean: 112.31044776119403
gen: 75 best: 48.0 mean: 111.19751243781094
gen: 76 best: 48.0 mean: 112.83582089552239
gen: 77 best: 48.0 mean: 109.42636815920397
gen: 78 best: 48.0 mean: 107.99900497512438
gen: 79 best: 48.0 mean: 107.52786069651741
gen >80, new best = 40.300
gen: 80 best: 40.3 mean: 107.51044776119403
gen: 81 best: 40.3 mean: 106.863184079602
gen: 82 best: 40.3 mean: 105.60646766169154
gen: 83 best: 40.3 mean: 105.43383084577114
gen: 84 best: 40.3 mean: 103.08009950248756
gen: 85 best: 40.3 mean: 104.03930348258706
gen: 86 best: 40.3 mean: 104.6955223880597
gen: 87 best: 40.3 mean: 98.26915422885573
gen: 88 best: 40.3 mean: 101.78059701492538
gen: 89 best: 40.3 mean: 102.21194029850746
gen: 90 best: 40.3 mean: 98.91791044776119
gen: 91 best: 40.3 mean: 100.35273631840796
gen >92, new best = 36.400
gen: 92 best: 36.4 mean: 100.17363184079602
gen: 93 best: 36.4 mean: 98.66119402985075
gen: 94 best: 36.4 mean: 99.9139303482587
gen: 95 best: 36.4 mean: 100.29502487562189
gen: 96 best: 36.4 mean: 98.43034825870647
gen: 97 best: 36.4 mean: 99.38905472636816
gen: 98 best: 36.4 mean: 99.43582089552238
gen: 99 best: 36.4 mean: 102.07164179104478
[3, 4, 11, 11, 9, 7, 6, 8, 12, 8]
Test count of edges: 762
cat
