Defaulting to user installation because normal site-packages is not writeable
Looking in links: /cvmfs/soft.computecanada.ca/custom/python/wheelhouse/gentoo/avx2, /cvmfs/soft.computecanada.ca/custom/python/wheelhouse/gentoo/generic, /cvmfs/soft.computecanada.ca/custom/python/wheelhouse/generic
Requirement already satisfied: graphviz in /home/js17sy/.local/lib/python3.10/site-packages (0.20)
405; python ga.py 22 256N_graph22.dat 0.075 0.03 0.5 0.7 0.3 201 256N_graph22laxgen2rem50_ 428415
/project/6008788/js17sy/reopenga/256c/ga.py:291: DeprecationWarning: Sampling from a set deprecated
since Python 3.9 and will be removed in a subsequent version.
  child1 = set(random.sample(
gen >0, new best = 165.600
gen >0, new best = 163.800
gen >0, new best = 161.700
gen >0, new best = 160.600
gen >0, new best = 158.100
gen >0, new best = 157.300
gen >0, new best = 156.800
gen >0, new best = 156.400
gen >0, new best = 154.000
gen >0, new best = 150.000
gen >0, new best = 132.900
gen: 0 best: 132.9 mean: 167.70323383084576
gen: 1 best: 132.9 mean: 167.61990049751245
gen: 2 best: 132.9 mean: 166.59253731343284
gen: 3 best: 132.9 mean: 166.02089552238806
gen: 4 best: 132.9 mean: 165.76069651741292
gen: 5 best: 132.9 mean: 165.07661691542287
gen: 6 best: 132.9 mean: 164.97213930348258
gen: 7 best: 132.9 mean: 164.83432835820895
gen: 8 best: 132.9 mean: 164.45373134328358
gen: 9 best: 132.9 mean: 163.8398009950249
gen: 10 best: 132.9 mean: 163.01890547263682
gen: 11 best: 132.9 mean: 163.15422885572139
gen: 12 best: 132.9 mean: 163.31243781094528
gen: 13 best: 132.9 mean: 162.12487562189054
gen >14, new best = 130.200
gen: 14 best: 130.2 mean: 162.18855721393035
gen: 15 best: 130.2 mean: 161.7308457711443
gen: 16 best: 130.2 mean: 161.86218905472637
gen: 17 best: 130.2 mean: 161.49800995024876
gen: 18 best: 130.2 mean: 161.873631840796
gen: 19 best: 130.2 mean: 160.61393034825872
gen: 20 best: 130.2 mean: 160.4323383084577
gen: 21 best: 130.2 mean: 160.8781094527363
gen: 22 best: 130.2 mean: 160.26716417910447
gen: 23 best: 130.2 mean: 159.381592039801
gen: 24 best: 130.2 mean: 159.3810945273632
gen: 25 best: 130.2 mean: 158.87562189054725
gen: 26 best: 130.2 mean: 158.2492537313433
gen: 27 best: 130.2 mean: 158.23781094527362
gen: 28 best: 130.2 mean: 158.05621890547263
gen: 29 best: 130.2 mean: 157.90696517412934
gen >30, new best = 128.200
gen: 30 best: 128.2 mean: 157.93084577114428
gen: 31 best: 128.2 mean: 156.74776119402986
gen: 32 best: 128.2 mean: 156.15422885572139
gen >33, new best = 123.500
gen: 33 best: 123.5 mean: 155.5363184079602
gen: 34 best: 123.5 mean: 155.2865671641791
gen: 35 best: 123.5 mean: 155.88706467661692
gen: 36 best: 123.5 mean: 154.94328358208955
gen: 37 best: 123.5 mean: 154.64228855721393
gen: 38 best: 123.5 mean: 153.66467661691541
gen: 39 best: 123.5 mean: 153.64278606965175
gen: 40 best: 123.5 mean: 154.0094527363184
gen: 41 best: 123.5 mean: 153.86318407960198
gen: 42 best: 123.5 mean: 154.03532338308457
gen: 43 best: 123.5 mean: 153.28905472636816
gen: 44 best: 123.5 mean: 152.88059701492537
gen: 45 best: 123.5 mean: 153.04875621890548
gen: 46 best: 123.5 mean: 151.73880597014926
gen: 47 best: 123.5 mean: 152.1731343283582
gen: 48 best: 123.5 mean: 151.3636815920398
gen: 49 best: 123.5 mean: 151.11940298507463
gen: 50 best: 123.5 mean: 151.15970149253732
gen: 51 best: 123.5 mean: 151.707960199005
gen: 52 best: 123.5 mean: 151.56616915422885
gen: 53 best: 123.5 mean: 151.55323383084578
gen: 54 best: 123.5 mean: 150.19353233830844
gen: 55 best: 123.5 mean: 150.62537313432836
gen: 56 best: 123.5 mean: 150.24029850746268
gen: 57 best: 123.5 mean: 150.6771144278607
gen: 58 best: 123.5 mean: 150.88805970149255
gen: 59 best: 123.5 mean: 150.74029850746268
gen >60, new best = 122.500
gen: 60 best: 122.5 mean: 149.65621890547263
gen: 61 best: 122.5 mean: 149.49203980099503
gen: 62 best: 122.5 mean: 149.49253731343285
gen: 63 best: 122.5 mean: 150.02139303482588
gen: 64 best: 122.5 mean: 150.1830845771144
gen: 65 best: 122.5 mean: 149.05223880597015
gen: 66 best: 122.5 mean: 149.23781094527362
gen: 67 best: 122.5 mean: 149.01691542288557
gen: 68 best: 122.5 mean: 148.3681592039801
gen: 69 best: 122.5 mean: 148.7233830845771
gen: 70 best: 122.5 mean: 148.27462686567165
gen: 71 best: 122.5 mean: 148.10796019900496
gen: 72 best: 122.5 mean: 147.87064676616916
gen: 73 best: 122.5 mean: 147.50149253731342
gen: 74 best: 122.5 mean: 147.61990049751245
gen: 75 best: 122.5 mean: 147.8004975124378
gen: 76 best: 122.5 mean: 147.73134328358208
gen: 77 best: 122.5 mean: 148.1492537313433
gen: 78 best: 122.5 mean: 147.53781094527363
gen: 79 best: 122.5 mean: 147.30099502487562
gen: 80 best: 122.5 mean: 147.23034825870647
gen: 81 best: 122.5 mean: 147.64676616915423
gen: 82 best: 122.5 mean: 146.3855721393035
gen: 83 best: 122.5 mean: 146.35671641791046
gen: 84 best: 122.5 mean: 146.97014925373134
gen: 85 best: 122.5 mean: 147.10696517412936
gen: 86 best: 122.5 mean: 147.28009950248756
gen: 87 best: 122.5 mean: 145.95124378109452
gen: 88 best: 122.5 mean: 145.85273631840795
gen: 89 best: 122.5 mean: 145.9726368159204
gen >90, new best = 113.600
gen: 90 best: 113.6 mean: 145.23383084577114
gen: 91 best: 113.6 mean: 146.32736318407962
gen: 92 best: 113.6 mean: 146.2144278606965
gen: 93 best: 113.6 mean: 145.93781094527364
gen: 94 best: 113.6 mean: 145.99253731343285
gen: 95 best: 113.6 mean: 145.77164179104477
gen: 96 best: 113.6 mean: 145.92935323383085
gen: 97 best: 113.6 mean: 145.22935323383084
gen: 98 best: 113.6 mean: 146.46119402985076
gen: 99 best: 113.6 mean: 145.58855721393036
[10, 10, 10, 9, 10, 9, 9, 9, 13, 13, 8, 9, 8]
Test count of edges: 780
cat
