Defaulting to user installation because normal site-packages is not writeable
Looking in links: /cvmfs/soft.computecanada.ca/custom/python/wheelhouse/gentoo/avx2, /cvmfs/soft.computecanada.ca/custom/python/wheelhouse/gentoo/generic, /cvmfs/soft.computecanada.ca/custom/python/wheelhouse/generic
Requirement already satisfied: graphviz in /home/js17sy/.local/lib/python3.10/site-packages (0.20)
470; python ga.py 22 256N_graph22.dat 0.075 0.03 0.7 0.5 0.5 201 256N_graph22laxgen1rem70_ 571220
/project/6008788/js17sy/reopenga/256c/ga.py:291: DeprecationWarning: Sampling from a set deprecated
since Python 3.9 and will be removed in a subsequent version.
  child1 = set(random.sample(
gen >0, new best = 139.400
gen >0, new best = 130.100
gen >0, new best = 125.500
gen: 0 best: 125.5 mean: 150.55721393034827
gen >1, new best = 119.500
gen: 1 best: 119.5 mean: 149.20298507462687
gen: 2 best: 119.5 mean: 148.64228855721393
gen: 3 best: 119.5 mean: 148.21592039800996
gen >4, new best = 118.400
gen: 4 best: 118.4 mean: 147.95074626865673
gen: 5 best: 118.4 mean: 147.76268656716417
gen: 6 best: 118.4 mean: 145.69452736318408
gen: 7 best: 118.4 mean: 146.6273631840796
gen: 8 best: 118.4 mean: 144.94378109452737
gen >9, new best = 114.900
gen: 9 best: 114.9 mean: 145.018407960199
gen: 10 best: 114.9 mean: 144.3626865671642
gen: 11 best: 114.9 mean: 143.43980099502488
gen: 12 best: 114.9 mean: 142.64278606965175
gen: 13 best: 114.9 mean: 142.86567164179104
gen: 14 best: 114.9 mean: 144.75621890547265
gen >15, new best = 114.100
gen >15, new best = 109.000
gen: 15 best: 109.0 mean: 143.50696517412936
gen: 16 best: 109.0 mean: 142.11592039800996
gen: 17 best: 109.0 mean: 141.31542288557213
gen: 18 best: 109.0 mean: 141.62487562189054
gen: 19 best: 109.0 mean: 140.207960199005
gen: 20 best: 109.0 mean: 141.43532338308458
gen: 21 best: 109.0 mean: 140.94328358208955
gen: 22 best: 109.0 mean: 140.5457711442786
gen: 23 best: 109.0 mean: 140.4278606965174
gen: 24 best: 109.0 mean: 139.72985074626865
gen: 25 best: 109.0 mean: 138.41990049751243
gen >26, new best = 107.400
gen: 26 best: 107.4 mean: 137.54825870646766
gen: 27 best: 107.4 mean: 138.94328358208955
gen: 28 best: 107.4 mean: 138.8462686567164
gen: 29 best: 107.4 mean: 138.75273631840795
gen: 30 best: 107.4 mean: 138.79601990049753
gen: 31 best: 107.4 mean: 139.24726368159205
gen: 32 best: 107.4 mean: 137.25870646766168
gen: 33 best: 107.4 mean: 138.55621890547263
gen: 34 best: 107.4 mean: 137.6373134328358
gen >35, new best = 106.600
gen: 35 best: 106.6 mean: 136.83084577114428
gen: 36 best: 106.6 mean: 137.2318407960199
gen: 37 best: 106.6 mean: 136.43830845771143
gen: 38 best: 106.6 mean: 136.19701492537314
gen: 39 best: 106.6 mean: 135.7039800995025
gen: 40 best: 106.6 mean: 135.39203980099504
gen: 41 best: 106.6 mean: 137.37462686567164
gen: 42 best: 106.6 mean: 135.99751243781094
gen: 43 best: 106.6 mean: 136.8412935323383
gen >44, new best = 105.100
gen: 44 best: 105.1 mean: 135.62537313432836
gen: 45 best: 105.1 mean: 135.64278606965175
gen: 46 best: 105.1 mean: 135.49701492537312
gen: 47 best: 105.1 mean: 135.08407960199006
gen: 48 best: 105.1 mean: 136.3452736318408
gen >49, new best = 102.300
gen: 49 best: 102.3 mean: 135.05621890547263
gen: 50 best: 102.3 mean: 135.2089552238806
gen: 51 best: 102.3 mean: 134.19850746268656
gen: 52 best: 102.3 mean: 134.94328358208955
gen: 53 best: 102.3 mean: 134.95273631840797
gen: 54 best: 102.3 mean: 134.59004975124378
gen: 55 best: 102.3 mean: 134.72089552238805
gen: 56 best: 102.3 mean: 133.67412935323384
gen: 57 best: 102.3 mean: 132.5950248756219
gen: 58 best: 102.3 mean: 133.9407960199005
gen: 59 best: 102.3 mean: 133.3965174129353
gen: 60 best: 102.3 mean: 133.24378109452735
gen: 61 best: 102.3 mean: 133.71492537313432
gen: 62 best: 102.3 mean: 133.59651741293533
gen: 63 best: 102.3 mean: 133.31293532338307
gen: 64 best: 102.3 mean: 132.74776119402986
gen: 65 best: 102.3 mean: 131.94477611940297
gen >66, new best = 101.300
gen: 66 best: 101.3 mean: 132.83930348258707
gen: 67 best: 101.3 mean: 132.77164179104477
gen: 68 best: 101.3 mean: 133.01194029850745
gen: 69 best: 101.3 mean: 132.3412935323383
gen: 70 best: 101.3 mean: 131.90248756218907
gen: 71 best: 101.3 mean: 132.9323383084577
gen: 72 best: 101.3 mean: 131.42985074626867
gen: 73 best: 101.3 mean: 132.63084577114427
gen: 74 best: 101.3 mean: 133.35621890547264
gen: 75 best: 101.3 mean: 132.17114427860696
gen: 76 best: 101.3 mean: 132.60497512437811
gen: 77 best: 101.3 mean: 131.80149253731344
gen: 78 best: 101.3 mean: 132.1218905472637
gen: 79 best: 101.3 mean: 131.4915422885572
gen: 80 best: 101.3 mean: 131.97661691542288
gen: 81 best: 101.3 mean: 131.8542288557214
gen: 82 best: 101.3 mean: 132.40199004975125
gen: 83 best: 101.3 mean: 132.68407960199005
gen >84, new best = 97.100
gen: 84 best: 97.1 mean: 131.6776119402985
gen: 85 best: 97.1 mean: 131.5915422885572
gen: 86 best: 97.1 mean: 132.2820895522388
gen: 87 best: 97.1 mean: 132.1492537313433
gen: 88 best: 97.1 mean: 132.33034825870647
gen: 89 best: 97.1 mean: 131.54427860696518
gen: 90 best: 97.1 mean: 130.80199004975125
gen: 91 best: 97.1 mean: 131.75323383084577
gen: 92 best: 97.1 mean: 131.3955223880597
gen: 93 best: 97.1 mean: 131.31592039800995
gen: 94 best: 97.1 mean: 132.24676616915423
gen: 95 best: 97.1 mean: 131.79850746268656
gen: 96 best: 97.1 mean: 132.22039800995026
gen: 97 best: 97.1 mean: 131.4179104477612
gen: 98 best: 97.1 mean: 130.0910447761194
gen: 99 best: 97.1 mean: 131.86218905472637
[8, 10, 9, 8, 9, 8, 9, 8, 8, 8, 8, 8, 8, 11, 9]
Test count of edges: 492
cat
