Defaulting to user installation because normal site-packages is not writeable
Looking in links: /cvmfs/soft.computecanada.ca/custom/python/wheelhouse/gentoo/avx2, /cvmfs/soft.computecanada.ca/custom/python/wheelhouse/gentoo/generic, /cvmfs/soft.computecanada.ca/custom/python/wheelhouse/generic
Requirement already satisfied: graphviz in /home/js17sy/.local/lib/python3.10/site-packages (0.20)
189; python ga.py 24 1024N_graph24.dat 0.05 0.02 0.5 0.5 0.5 201 1024N_graph24mediumgen1rem50_ 257049
/project/6008788/js17sy/reopenga/1024b/ga.py:291: DeprecationWarning: Sampling from a set deprecated
since Python 3.9 and will be removed in a subsequent version.
  child1 = set(random.sample(
gen >0, new best = 651.900
gen >0, new best = 646.200
gen >0, new best = 641.700
gen >0, new best = 640.900
gen >0, new best = 639.600
gen >0, new best = 638.900
gen: 0 best: 638.9 mean: 659.360447761194
gen >1, new best = 638.600
gen >1, new best = 635.300
gen: 1 best: 635.3 mean: 657.9825870646766
gen >2, new best = 635.000
gen >2, new best = 632.700
gen: 2 best: 632.7 mean: 656.681592039801
gen: 3 best: 632.7 mean: 656.4223880597015
gen >4, new best = 630.800
gen: 4 best: 630.8 mean: 654.8114427860696
gen >5, new best = 630.500
gen: 5 best: 630.5 mean: 654.5298507462686
gen >6, new best = 586.300
gen: 6 best: 586.3 mean: 655.2626865671642
gen >7, new best = 580.200
gen: 7 best: 580.2 mean: 653.094527363184
gen: 8 best: 580.2 mean: 654.7169154228856
gen: 9 best: 580.2 mean: 651.5154228855721
gen: 10 best: 580.2 mean: 651.2646766169154
gen: 11 best: 580.2 mean: 651.6840796019901
gen: 12 best: 580.2 mean: 649.3945273631841
gen: 13 best: 580.2 mean: 649.4114427860696
gen: 14 best: 580.2 mean: 647.9905472636816
gen >15, new best = 574.700
gen: 15 best: 574.7 mean: 646.0293532338309
gen: 16 best: 574.7 mean: 645.3731343283582
gen >17, new best = 567.100
gen: 17 best: 567.1 mean: 644.5850746268657
gen: 18 best: 567.1 mean: 643.1666666666666
gen: 19 best: 567.1 mean: 644.0895522388059
gen: 20 best: 567.1 mean: 642.8776119402985
gen: 21 best: 567.1 mean: 641.6776119402986
gen >22, new best = 565.300
gen: 22 best: 565.3 mean: 641.0238805970149
gen: 23 best: 565.3 mean: 640.3820895522388
gen: 24 best: 565.3 mean: 638.6149253731343
gen: 25 best: 565.3 mean: 638.4318407960199
gen: 26 best: 565.3 mean: 637.5860696517412
gen: 27 best: 565.3 mean: 637.8696517412935
gen: 28 best: 565.3 mean: 637.1865671641791
gen: 29 best: 565.3 mean: 636.5507462686567
gen: 30 best: 565.3 mean: 635.7099502487562
gen: 31 best: 565.3 mean: 635.5910447761194
gen: 32 best: 565.3 mean: 633.455223880597
gen: 33 best: 565.3 mean: 634.7706467661692
gen: 34 best: 565.3 mean: 635.2189054726368
gen: 35 best: 565.3 mean: 633.9
gen: 36 best: 565.3 mean: 633.1089552238806
gen: 37 best: 565.3 mean: 632.4597014925373
gen: 38 best: 565.3 mean: 633.4621890547263
gen: 39 best: 565.3 mean: 631.7333333333333
gen: 40 best: 565.3 mean: 632.0338308457711
gen: 41 best: 565.3 mean: 630.3776119402985
gen: 42 best: 565.3 mean: 631.8781094527363
gen: 43 best: 565.3 mean: 630.6427860696517
gen: 44 best: 565.3 mean: 631.8666666666667
gen: 45 best: 565.3 mean: 628.8850746268656
gen: 46 best: 565.3 mean: 629.4467661691542
gen: 47 best: 565.3 mean: 629.607960199005
gen: 48 best: 565.3 mean: 628.9825870646766
gen: 49 best: 565.3 mean: 629.1378109452736
gen: 50 best: 565.3 mean: 627.1955223880597
gen: 51 best: 565.3 mean: 627.7915422885573
gen: 52 best: 565.3 mean: 625.9517412935323
gen: 53 best: 565.3 mean: 626.6
gen: 54 best: 565.3 mean: 624.6746268656716
gen: 55 best: 565.3 mean: 626.1810945273631
gen: 56 best: 565.3 mean: 625.7328358208955
gen >57, new best = 564.600
gen: 57 best: 564.6 mean: 624.7666666666667
gen: 58 best: 564.6 mean: 623.5865671641791
gen: 59 best: 564.6 mean: 622.6875621890547
gen: 60 best: 564.6 mean: 624.9875621890548
gen: 61 best: 564.6 mean: 623.7084577114427
gen: 62 best: 564.6 mean: 622.8442786069652
gen >63, new best = 551.300
gen: 63 best: 551.3 mean: 622.3094527363183
gen: 64 best: 551.3 mean: 623.4940298507463
gen: 65 best: 551.3 mean: 621.9223880597015
gen: 66 best: 551.3 mean: 622.6
gen: 67 best: 551.3 mean: 622.3656716417911
gen: 68 best: 551.3 mean: 622.2547263681593
gen: 69 best: 551.3 mean: 621.1144278606965
gen: 70 best: 551.3 mean: 622.3243781094527
gen: 71 best: 551.3 mean: 621.7890547263681
gen: 72 best: 551.3 mean: 622.5621890547263
gen: 73 best: 551.3 mean: 621.7273631840796
gen: 74 best: 551.3 mean: 621.4960199004975
gen: 75 best: 551.3 mean: 622.7532338308457
gen: 76 best: 551.3 mean: 621.955223880597
gen: 77 best: 551.3 mean: 622.4930348258706
gen: 78 best: 551.3 mean: 620.9333333333333
gen: 79 best: 551.3 mean: 621.7298507462687
gen: 80 best: 551.3 mean: 622.2482587064677
gen: 81 best: 551.3 mean: 621.6900497512438
gen: 82 best: 551.3 mean: 623.3890547263682
gen: 83 best: 551.3 mean: 620.7034825870646
gen: 84 best: 551.3 mean: 622.5960199004975
gen: 85 best: 551.3 mean: 622.1338308457712
gen: 86 best: 551.3 mean: 621.9437810945274
gen: 87 best: 551.3 mean: 621.3681592039801
gen: 88 best: 551.3 mean: 621.0646766169154
gen: 89 best: 551.3 mean: 620.8970149253731
gen: 90 best: 551.3 mean: 619.3099502487562
gen: 91 best: 551.3 mean: 620.2203980099503
gen: 92 best: 551.3 mean: 621.0074626865671
gen: 93 best: 551.3 mean: 620.9900497512438
gen: 94 best: 551.3 mean: 619.9487562189055
gen: 95 best: 551.3 mean: 620.9592039800995
gen: 96 best: 551.3 mean: 621.3412935323383
gen >97, new best = 540.400
gen: 97 best: 540.4 mean: 620.1820895522388
gen: 98 best: 540.4 mean: 621.0895522388059
gen: 99 best: 540.4 mean: 621.5557213930348
[11, 11, 10, 11, 13, 10, 10, 11, 10, 10, 10, 10, 10, 10, 10, 10, 10, 10, 9, 9, 10, 11, 11, 10, 10, 10, 9, 10, 10, 9, 10, 9, 10, 10, 10, 10, 10, 10, 9, 10, 10, 10, 10, 10, 11, 10, 12, 10, 9]
Test count of edges: 3182
cat
