Defaulting to user installation because normal site-packages is not writeable
Looking in links: /cvmfs/soft.computecanada.ca/custom/python/wheelhouse/gentoo/avx2, /cvmfs/soft.computecanada.ca/custom/python/wheelhouse/gentoo/generic, /cvmfs/soft.computecanada.ca/custom/python/wheelhouse/generic
Requirement already satisfied: graphviz in /home/js17sy/.local/lib/python3.10/site-packages (0.20)
77; python ga.py 24 1024N_graph24.dat 0.025 0.01 0.5 0.9 0.1 201 1024N_graph24strictgen3rem50_ 485537
/project/6008788/js17sy/reopenga/1024b/ga.py:291: DeprecationWarning: Sampling from a set deprecated
since Python 3.9 and will be removed in a subsequent version.
  child1 = set(random.sample(
gen >0, new best = 612.100
gen >0, new best = 565.800
gen: 0 best: 565.8 mean: 630.8718905472637
gen: 1 best: 565.8 mean: 629.5562189054726
gen: 2 best: 565.8 mean: 628.8666666666667
gen: 3 best: 565.8 mean: 627.9149253731343
gen: 4 best: 565.8 mean: 626.0502487562189
gen: 5 best: 565.8 mean: 627.163184079602
gen: 6 best: 565.8 mean: 625.5696517412936
gen: 7 best: 565.8 mean: 624.5417910447761
gen: 8 best: 565.8 mean: 623.9238805970149
gen: 9 best: 565.8 mean: 623.0696517412936
gen: 10 best: 565.8 mean: 622.0900497512438
gen: 11 best: 565.8 mean: 622.0094527363184
gen >12, new best = 564.000
gen: 12 best: 564.0 mean: 621.3338308457711
gen: 13 best: 564.0 mean: 620.3796019900498
gen >14, new best = 540.200
gen: 14 best: 540.2 mean: 618.5189054726368
gen: 15 best: 540.2 mean: 618.9268656716417
gen: 16 best: 540.2 mean: 619.0691542288557
gen: 17 best: 540.2 mean: 616.2378109452736
gen: 18 best: 540.2 mean: 616.5930348258706
gen: 19 best: 540.2 mean: 615.2681592039801
gen: 20 best: 540.2 mean: 614.0955223880597
gen: 21 best: 540.2 mean: 614.8786069651741
gen: 22 best: 540.2 mean: 614.2940298507463
gen: 23 best: 540.2 mean: 611.8328358208955
gen: 24 best: 540.2 mean: 610.6213930348259
gen: 25 best: 540.2 mean: 611.2597014925373
gen >26, new best = 527.500
gen: 26 best: 527.5 mean: 609.0885572139304
gen: 27 best: 527.5 mean: 607.1900497512438
gen: 28 best: 527.5 mean: 608.4383084577114
gen: 29 best: 527.5 mean: 605.4009950248757
gen: 30 best: 527.5 mean: 606.0751243781094
gen: 31 best: 527.5 mean: 605.3980099502487
gen: 32 best: 527.5 mean: 604.489552238806
gen: 33 best: 527.5 mean: 604.2611940298508
gen: 34 best: 527.5 mean: 603.7054726368159
gen: 35 best: 527.5 mean: 600.2477611940299
gen: 36 best: 527.5 mean: 601.1049751243781
gen: 37 best: 527.5 mean: 599.8626865671641
gen: 38 best: 527.5 mean: 600.2796019900497
gen: 39 best: 527.5 mean: 598.2776119402985
gen: 40 best: 527.5 mean: 597.8084577114428
gen: 41 best: 527.5 mean: 596.5248756218906
gen: 42 best: 527.5 mean: 595.3557213930349
gen: 43 best: 527.5 mean: 594.66815920398
gen: 44 best: 527.5 mean: 593.8800995024876
gen: 45 best: 527.5 mean: 592.8119402985075
gen: 46 best: 527.5 mean: 592.4661691542289
gen: 47 best: 527.5 mean: 591.3716417910448
gen: 48 best: 527.5 mean: 590.9024875621891
gen: 49 best: 527.5 mean: 591.3024875621891
gen: 50 best: 527.5 mean: 590.781592039801
gen: 51 best: 527.5 mean: 591.3059701492538
gen: 52 best: 527.5 mean: 588.8074626865672
gen: 53 best: 527.5 mean: 588.8039800995025
gen >54, new best = 518.500
gen: 54 best: 518.5 mean: 586.5099502487562
gen: 55 best: 518.5 mean: 586.4303482587064
gen: 56 best: 518.5 mean: 586.5417910447761
gen: 57 best: 518.5 mean: 588.187064676617
gen: 58 best: 518.5 mean: 587.0497512437811
gen: 59 best: 518.5 mean: 586.1910447761194
gen: 60 best: 518.5 mean: 586.6149253731344
gen: 61 best: 518.5 mean: 586.5064676616915
gen: 62 best: 518.5 mean: 582.536815920398
gen: 63 best: 518.5 mean: 582.88407960199
gen: 64 best: 518.5 mean: 582.4179104477612
gen: 65 best: 518.5 mean: 582.6467661691543
gen: 66 best: 518.5 mean: 581.4865671641791
gen: 67 best: 518.5 mean: 580.6766169154229
gen: 68 best: 518.5 mean: 580.236815920398
gen: 69 best: 518.5 mean: 579.5955223880597
gen: 70 best: 518.5 mean: 579.2781094527363
gen >71, new best = 518.100
gen: 71 best: 518.1 mean: 578.5606965174129
gen: 72 best: 518.1 mean: 577.8174129353234
gen: 73 best: 518.1 mean: 577.1820895522388
gen: 74 best: 518.1 mean: 576.4676616915423
gen: 75 best: 518.1 mean: 576.0786069651741
gen: 76 best: 518.1 mean: 576.0726368159204
gen: 77 best: 518.1 mean: 575.5935323383085
gen: 78 best: 518.1 mean: 574.3980099502487
gen: 79 best: 518.1 mean: 574.1597014925374
gen: 80 best: 518.1 mean: 575.4084577114428
gen: 81 best: 518.1 mean: 573.7661691542288
gen: 82 best: 518.1 mean: 574.5393034825871
gen >83, new best = 516.800
gen: 83 best: 516.8 mean: 572.9582089552239
gen: 84 best: 516.8 mean: 574.3014925373134
gen: 85 best: 516.8 mean: 572.7577114427861
gen: 86 best: 516.8 mean: 573.4915422885572
gen: 87 best: 516.8 mean: 570.936815920398
gen: 88 best: 516.8 mean: 571.5492537313432
gen: 89 best: 516.8 mean: 571.1885572139304
gen: 90 best: 516.8 mean: 569.2019900497512
gen: 91 best: 516.8 mean: 571.1074626865671
gen: 92 best: 516.8 mean: 571.2437810945273
gen >93, new best = 507.400
gen: 93 best: 507.4 mean: 570.255223880597
gen: 94 best: 507.4 mean: 568.8512437810946
gen: 95 best: 507.4 mean: 569.3910447761194
gen: 96 best: 507.4 mean: 568.4880597014925
gen: 97 best: 507.4 mean: 568.7611940298508
gen: 98 best: 507.4 mean: 568.9870646766169
gen: 99 best: 507.4 mean: 568.1452736318408
[11, 11, 14, 12, 11, 12, 10, 11, 10, 10, 12, 12, 10, 10, 11, 12, 12, 11, 11, 11, 11, 12, 10, 9, 10, 10, 11, 12, 12, 11, 11, 10, 10, 12, 10, 10, 10, 10, 12, 11, 12, 11, 12, 11, 11, 10, 11]
Test count of edges: 3145
cat
