Defaulting to user installation because normal site-packages is not writeable
Looking in links: /cvmfs/soft.computecanada.ca/custom/python/wheelhouse/gentoo/avx2, /cvmfs/soft.computecanada.ca/custom/python/wheelhouse/gentoo/generic, /cvmfs/soft.computecanada.ca/custom/python/wheelhouse/generic
Requirement already satisfied: graphviz in /home/js17sy/.local/lib/python3.10/site-packages (0.20)
491; python ga.py 24 1024N_graph24.dat 0.075 0.03 0.7 0.7 0.3 201 1024N_graph24laxgen2rem70_ 314171
/project/6008788/js17sy/reopenga/1024b/ga.py:291: DeprecationWarning: Sampling from a set deprecated
since Python 3.9 and will be removed in a subsequent version.
  child1 = set(random.sample(
gen >0, new best = 645.700
gen >0, new best = 617.200
gen >0, new best = 590.700
gen >0, new best = 578.800
gen >0, new best = 572.000
gen >0, new best = 569.900
gen: 0 best: 569.9 mean: 625.7251243781094
gen: 1 best: 569.9 mean: 624.1014925373134
gen >2, new best = 569.200
gen: 2 best: 569.2 mean: 618.1567164179105
gen >3, new best = 560.400
gen: 3 best: 560.4 mean: 612.763184079602
gen >4, new best = 544.000
gen: 4 best: 544.0 mean: 612.0930348258706
gen >5, new best = 537.300
gen: 5 best: 537.3 mean: 609.4179104477612
gen: 6 best: 537.3 mean: 608.1074626865671
gen: 7 best: 537.3 mean: 606.7208955223881
gen: 8 best: 537.3 mean: 602.4074626865672
gen: 9 best: 537.3 mean: 599.3298507462687
gen >10, new best = 531.000
gen: 10 best: 531.0 mean: 597.4860696517413
gen: 11 best: 531.0 mean: 594.881592039801
gen: 12 best: 531.0 mean: 594.0144278606965
gen: 13 best: 531.0 mean: 591.8009950248756
gen >14, new best = 506.600
gen: 14 best: 506.6 mean: 588.8199004975124
gen: 15 best: 506.6 mean: 589.1990049751244
gen: 16 best: 506.6 mean: 582.9482587064676
gen: 17 best: 506.6 mean: 580.7194029850747
gen: 18 best: 506.6 mean: 580.7641791044776
gen: 19 best: 506.6 mean: 577.6338308457712
gen: 20 best: 506.6 mean: 576.463184079602
gen: 21 best: 506.6 mean: 576.1398009950249
gen: 22 best: 506.6 mean: 573.8691542288557
gen >23, new best = 483.300
gen: 23 best: 483.3 mean: 574.0482587064677
gen: 24 best: 483.3 mean: 572.6606965174129
gen: 25 best: 483.3 mean: 570.2034825870646
gen: 26 best: 483.3 mean: 572.244776119403
gen: 27 best: 483.3 mean: 568.2169154228856
gen: 28 best: 483.3 mean: 567.7199004975124
gen: 29 best: 483.3 mean: 568.5537313432836
gen: 30 best: 483.3 mean: 569.4373134328358
gen: 31 best: 483.3 mean: 568.726368159204
gen >32, new best = 475.900
gen: 32 best: 475.9 mean: 565.6487562189054
gen: 33 best: 475.9 mean: 564.2353233830846
gen: 34 best: 475.9 mean: 563.0084577114428
gen: 35 best: 475.9 mean: 562.6756218905473
gen: 36 best: 475.9 mean: 559.9383084577114
gen: 37 best: 475.9 mean: 561.2820895522389
gen: 38 best: 475.9 mean: 562.1427860696517
gen: 39 best: 475.9 mean: 557.5706467661691
gen: 40 best: 475.9 mean: 559.8597014925373
gen: 41 best: 475.9 mean: 559.7537313432836
gen: 42 best: 475.9 mean: 559.2835820895523
gen: 43 best: 475.9 mean: 559.6880597014925
gen: 44 best: 475.9 mean: 560.4024875621891
gen: 45 best: 475.9 mean: 559.7497512437811
gen: 46 best: 475.9 mean: 557.5497512437811
gen: 47 best: 475.9 mean: 555.6776119402984
gen: 48 best: 475.9 mean: 556.3462686567165
gen: 49 best: 475.9 mean: 556.3666666666667
gen: 50 best: 475.9 mean: 556.9900497512438
gen: 51 best: 475.9 mean: 555.3417910447761
gen: 52 best: 475.9 mean: 557.0029850746268
gen: 53 best: 475.9 mean: 557.2268656716418
gen: 54 best: 475.9 mean: 555.8930348258707
gen: 55 best: 475.9 mean: 556.9233830845772
gen: 56 best: 475.9 mean: 558.5388059701493
gen: 57 best: 475.9 mean: 558.3293532338308
gen: 58 best: 475.9 mean: 556.5805970149254
gen: 59 best: 475.9 mean: 554.3721393034826
gen: 60 best: 475.9 mean: 556.7278606965174
gen: 61 best: 475.9 mean: 557.397512437811
gen: 62 best: 475.9 mean: 553.6412935323383
gen: 63 best: 475.9 mean: 551.4169154228856
gen: 64 best: 475.9 mean: 552.676119402985
gen: 65 best: 475.9 mean: 552.3776119402985
gen: 66 best: 475.9 mean: 552.7995024875622
gen: 67 best: 475.9 mean: 553.0726368159204
gen: 68 best: 475.9 mean: 552.0940298507463
gen: 69 best: 475.9 mean: 550.810447761194
gen: 70 best: 475.9 mean: 550.4820895522388
gen: 71 best: 475.9 mean: 552.4203980099503
gen: 72 best: 475.9 mean: 553.7049751243782
gen: 73 best: 475.9 mean: 552.1154228855721
gen: 74 best: 475.9 mean: 550.9691542288557
gen: 75 best: 475.9 mean: 550.0089552238805
gen: 76 best: 475.9 mean: 548.9880597014925
gen: 77 best: 475.9 mean: 547.9651741293533
gen: 78 best: 475.9 mean: 546.0980099502488
gen >79, new best = 470.200
gen: 79 best: 470.2 mean: 548.926368159204
gen: 80 best: 470.2 mean: 547.9358208955224
gen: 81 best: 470.2 mean: 547.4587064676617
gen: 82 best: 470.2 mean: 547.6273631840796
gen: 83 best: 470.2 mean: 547.420895522388
gen: 84 best: 470.2 mean: 546.8348258706468
gen: 85 best: 470.2 mean: 546.4592039800995
gen: 86 best: 470.2 mean: 548.6880597014925
gen: 87 best: 470.2 mean: 547.4268656716418
gen: 88 best: 470.2 mean: 544.110447761194
gen: 89 best: 470.2 mean: 546.9248756218906
gen: 90 best: 470.2 mean: 545.9905472636816
gen: 91 best: 470.2 mean: 545.573631840796
gen: 92 best: 470.2 mean: 542.8880597014926
gen: 93 best: 470.2 mean: 547.2268656716418
gen: 94 best: 470.2 mean: 545.6407960199004
gen: 95 best: 470.2 mean: 546.0641791044776
gen: 96 best: 470.2 mean: 547.0457711442787
gen: 97 best: 470.2 mean: 545.3651741293532
gen: 98 best: 470.2 mean: 541.9691542288557
gen: 99 best: 470.2 mean: 544.6258706467662
[9, 8, 8, 8, 8, 8, 8, 9, 9, 9, 9, 9, 9, 9, 8, 9, 8, 10, 8, 8, 9, 8, 9, 8, 9, 8, 8, 7, 8, 8, 8, 9, 8, 9, 9, 9, 8, 10, 11, 9, 9, 9, 8, 8, 8, 9, 9, 10, 9]
Test count of edges: 1904
cat
