Defaulting to user installation because normal site-packages is not writeable
Looking in links: /cvmfs/soft.computecanada.ca/custom/python/wheelhouse/gentoo/avx2, /cvmfs/soft.computecanada.ca/custom/python/wheelhouse/gentoo/generic, /cvmfs/soft.computecanada.ca/custom/python/wheelhouse/generic
Requirement already satisfied: graphviz in /home/js17sy/.local/lib/python3.10/site-packages (0.20)
16; python ga.py 24 1024N_graph24.dat 0.025 0.01 0.5 0.5 0.5 201 1024N_graph24strictgen1rem50_ 456976
/project/6008788/js17sy/reopenga/1024b/ga.py:291: DeprecationWarning: Sampling from a set deprecated
since Python 3.9 and will be removed in a subsequent version.
  child1 = set(random.sample(
gen >0, new best = 627.900
gen >0, new best = 621.800
gen >0, new best = 613.100
gen >0, new best = 612.500
gen >0, new best = 602.400
gen: 0 best: 602.4 mean: 630.9621890547264
gen >1, new best = 577.100
gen: 1 best: 577.1 mean: 629.4537313432836
gen: 2 best: 577.1 mean: 628.1537313432835
gen: 3 best: 577.1 mean: 628.1402985074627
gen >4, new best = 574.300
gen: 4 best: 574.3 mean: 627.8203980099503
gen >5, new best = 562.800
gen: 5 best: 562.8 mean: 624.857711442786
gen: 6 best: 562.8 mean: 625.9517412935323
gen: 7 best: 562.8 mean: 624.4616915422886
gen: 8 best: 562.8 mean: 623.0477611940298
gen: 9 best: 562.8 mean: 623.1094527363184
gen: 10 best: 562.8 mean: 622.9457711442786
gen: 11 best: 562.8 mean: 621.8726368159204
gen: 12 best: 562.8 mean: 620.0865671641791
gen: 13 best: 562.8 mean: 620.0870646766169
gen: 14 best: 562.8 mean: 620.6626865671642
gen >15, new best = 528.800
gen: 15 best: 528.8 mean: 618.5975124378109
gen: 16 best: 528.8 mean: 619.631343283582
gen: 17 best: 528.8 mean: 618.0492537313432
gen: 18 best: 528.8 mean: 617.4293532338309
gen: 19 best: 528.8 mean: 617.3671641791045
gen: 20 best: 528.8 mean: 615.9587064676617
gen: 21 best: 528.8 mean: 614.1626865671642
gen: 22 best: 528.8 mean: 614.5049751243781
gen: 23 best: 528.8 mean: 612.0293532338309
gen: 24 best: 528.8 mean: 612.7616915422885
gen: 25 best: 528.8 mean: 611.9970149253732
gen: 26 best: 528.8 mean: 611.2681592039801
gen: 27 best: 528.8 mean: 609.0641791044776
gen: 28 best: 528.8 mean: 609.0572139303482
gen: 29 best: 528.8 mean: 607.7482587064677
gen: 30 best: 528.8 mean: 608.0094527363184
gen: 31 best: 528.8 mean: 608.0587064676616
gen: 32 best: 528.8 mean: 607.5611940298508
gen: 33 best: 528.8 mean: 607.1835820895523
gen: 34 best: 528.8 mean: 605.7502487562189
gen: 35 best: 528.8 mean: 605.3492537313433
gen: 36 best: 528.8 mean: 604.5990049751243
gen >37, new best = 526.600
gen: 37 best: 526.6 mean: 603.136815920398
gen: 38 best: 526.6 mean: 602.9159203980099
gen: 39 best: 526.6 mean: 603.9358208955224
gen: 40 best: 526.6 mean: 602.6004975124378
gen: 41 best: 526.6 mean: 601.7626865671642
gen: 42 best: 526.6 mean: 600.0034825870647
gen: 43 best: 526.6 mean: 598.9213930348259
gen >44, new best = 522.800
gen: 44 best: 522.8 mean: 599.2567164179104
gen: 45 best: 522.8 mean: 600.1164179104478
gen: 46 best: 522.8 mean: 598.8691542288557
gen: 47 best: 522.8 mean: 599.0004975124378
gen: 48 best: 522.8 mean: 598.868656716418
gen: 49 best: 522.8 mean: 598.4179104477612
gen: 50 best: 522.8 mean: 598.360696517413
gen: 51 best: 522.8 mean: 599.1985074626866
gen: 52 best: 522.8 mean: 596.542288557214
gen: 53 best: 522.8 mean: 595.7373134328358
gen: 54 best: 522.8 mean: 596.4134328358209
gen: 55 best: 522.8 mean: 595.5278606965175
gen: 56 best: 522.8 mean: 595.4930348258706
gen: 57 best: 522.8 mean: 595.834328358209
gen: 58 best: 522.8 mean: 596.2074626865672
gen: 59 best: 522.8 mean: 595.1144278606965
gen: 60 best: 522.8 mean: 595.4323383084577
gen: 61 best: 522.8 mean: 593.1830845771144
gen: 62 best: 522.8 mean: 594.6373134328359
gen: 63 best: 522.8 mean: 592.528855721393
gen: 64 best: 522.8 mean: 592.4601990049752
gen: 65 best: 522.8 mean: 593.763184079602
gen: 66 best: 522.8 mean: 592.7502487562189
gen: 67 best: 522.8 mean: 593.505472636816
gen: 68 best: 522.8 mean: 593.6522388059701
gen: 69 best: 522.8 mean: 592.1213930348258
gen: 70 best: 522.8 mean: 592.4194029850746
gen: 71 best: 522.8 mean: 591.4845771144279
gen: 72 best: 522.8 mean: 591.8348258706468
gen: 73 best: 522.8 mean: 592.0154228855721
gen: 74 best: 522.8 mean: 591.2407960199005
gen: 75 best: 522.8 mean: 590.9144278606965
gen: 76 best: 522.8 mean: 590.760696517413
gen: 77 best: 522.8 mean: 591.5671641791045
gen: 78 best: 522.8 mean: 589.6890547263681
gen >79, new best = 517.300
gen: 79 best: 517.3 mean: 588.5572139303482
gen: 80 best: 517.3 mean: 589.0800995024875
gen: 81 best: 517.3 mean: 589.5039800995024
gen: 82 best: 517.3 mean: 590.4169154228856
gen: 83 best: 517.3 mean: 589.5293532338309
gen: 84 best: 517.3 mean: 588.3109452736319
gen: 85 best: 517.3 mean: 588.2228855721393
gen: 86 best: 517.3 mean: 587.6611940298508
gen: 87 best: 517.3 mean: 590.0990049751243
gen: 88 best: 517.3 mean: 589.9955223880597
gen: 89 best: 517.3 mean: 587.8049751243781
gen: 90 best: 517.3 mean: 588.0905472636816
gen: 91 best: 517.3 mean: 589.3691542288557
gen: 92 best: 517.3 mean: 588.7348258706468
gen: 93 best: 517.3 mean: 588.4432835820895
gen: 94 best: 517.3 mean: 587.0860696517412
gen: 95 best: 517.3 mean: 587.8796019900498
gen: 96 best: 517.3 mean: 587.6905472636817
gen: 97 best: 517.3 mean: 587.4194029850746
gen: 98 best: 517.3 mean: 588.4820895522388
gen: 99 best: 517.3 mean: 586.8965174129353
[11, 14, 10, 11, 13, 13, 12, 10, 16, 12, 11, 11, 12, 10, 12, 12, 11, 11, 10, 11, 12, 13, 11, 12, 11, 12, 10, 12, 11, 11, 11, 12, 12, 12, 13, 10, 12, 11, 10, 11, 11, 10, 11, 11, 12, 11, 11, 12]
Test count of edges: 3173
cat
