Defaulting to user installation because normal site-packages is not writeable
Looking in links: /cvmfs/soft.computecanada.ca/custom/python/wheelhouse/gentoo/avx2, /cvmfs/soft.computecanada.ca/custom/python/wheelhouse/gentoo/generic, /cvmfs/soft.computecanada.ca/custom/python/wheelhouse/generic
Requirement already satisfied: graphviz in /home/js17sy/.local/lib/python3.10/site-packages (0.20)
80; python ga.py 24 1024N_graph24.dat 0.025 0.01 0.5 0.9 0.1 201 1024N_graph24strictgen3rem50_ 571220
/project/6008788/js17sy/reopenga/1024b/ga.py:291: DeprecationWarning: Sampling from a set deprecated
since Python 3.9 and will be removed in a subsequent version.
  child1 = set(random.sample(
gen >0, new best = 634.800
gen >0, new best = 629.300
gen >0, new best = 625.500
gen >0, new best = 623.300
gen >0, new best = 615.500
gen >0, new best = 613.900
gen >0, new best = 613.500
gen >0, new best = 605.100
gen: 0 best: 605.1 mean: 631.0902985074626
gen >1, new best = 604.000
gen >1, new best = 601.300
gen: 1 best: 601.3 mean: 630.5467661691542
gen: 2 best: 601.3 mean: 628.8746268656716
gen >3, new best = 598.000
gen >3, new best = 597.000
gen: 3 best: 597.0 mean: 626.8761194029851
gen >4, new best = 573.000
gen: 4 best: 573.0 mean: 626.0084577114428
gen >5, new best = 566.200
gen: 5 best: 566.2 mean: 625.397512437811
gen >6, new best = 554.200
gen >6, new best = 552.400
gen: 6 best: 552.4 mean: 623.420895522388
gen: 7 best: 552.4 mean: 623.1492537313433
gen: 8 best: 552.4 mean: 622.3537313432836
gen >9, new best = 548.400
gen: 9 best: 548.4 mean: 622.2014925373135
gen: 10 best: 548.4 mean: 621.071144278607
gen: 11 best: 548.4 mean: 618.5880597014925
gen: 12 best: 548.4 mean: 618.1348258706468
gen: 13 best: 548.4 mean: 616.4497512437811
gen: 14 best: 548.4 mean: 615.718407960199
gen: 15 best: 548.4 mean: 615.9402985074627
gen: 16 best: 548.4 mean: 614.9582089552239
gen: 17 best: 548.4 mean: 614.2616915422885
gen: 18 best: 548.4 mean: 612.4587064676617
gen: 19 best: 548.4 mean: 611.481592039801
gen: 20 best: 548.4 mean: 610.9746268656717
gen: 21 best: 548.4 mean: 610.1800995024876
gen: 22 best: 548.4 mean: 609.8930348258707
gen: 23 best: 548.4 mean: 609.7487562189054
gen: 24 best: 548.4 mean: 608.139303482587
gen: 25 best: 548.4 mean: 606.7880597014926
gen: 26 best: 548.4 mean: 607.6238805970149
gen >27, new best = 543.200
gen: 27 best: 543.2 mean: 604.481592039801
gen: 28 best: 543.2 mean: 605.4094527363184
gen: 29 best: 543.2 mean: 602.9373134328358
gen: 30 best: 543.2 mean: 601.2820895522389
gen >31, new best = 539.400
gen: 31 best: 539.4 mean: 600.8253731343284
gen: 32 best: 539.4 mean: 599.4885572139303
gen >33, new best = 535.200
gen: 33 best: 535.2 mean: 598.6
gen: 34 best: 535.2 mean: 597.8666666666667
gen: 35 best: 535.2 mean: 596.2149253731343
gen: 36 best: 535.2 mean: 595.4034825870647
gen: 37 best: 535.2 mean: 593.5417910447761
gen: 38 best: 535.2 mean: 592.8308457711443
gen: 39 best: 535.2 mean: 592.3990049751244
gen: 40 best: 535.2 mean: 590.236815920398
gen: 41 best: 535.2 mean: 591.3432835820895
gen: 42 best: 535.2 mean: 589.6920398009951
gen: 43 best: 535.2 mean: 588.7437810945273
gen: 44 best: 535.2 mean: 587.4164179104478
gen: 45 best: 535.2 mean: 588.0865671641791
gen: 46 best: 535.2 mean: 586.4253731343283
gen: 47 best: 535.2 mean: 586.8303482587065
gen >48, new best = 524.500
gen: 48 best: 524.5 mean: 584.7457711442786
gen: 49 best: 524.5 mean: 584.4353233830846
gen: 50 best: 524.5 mean: 583.136815920398
gen: 51 best: 524.5 mean: 583.7189054726368
gen: 52 best: 524.5 mean: 583.1781094527363
gen: 53 best: 524.5 mean: 582.7970149253731
gen: 54 best: 524.5 mean: 580.7402985074627
gen: 55 best: 524.5 mean: 582.473631840796
gen >56, new best = 518.200
gen: 56 best: 518.2 mean: 580.4597014925373
gen: 57 best: 518.2 mean: 579.8960199004975
gen: 58 best: 518.2 mean: 580.7572139303483
gen: 59 best: 518.2 mean: 579.295024875622
gen: 60 best: 518.2 mean: 579.544776119403
gen: 61 best: 518.2 mean: 578.6074626865671
gen: 62 best: 518.2 mean: 577.5487562189055
gen >63, new best = 514.100
gen: 63 best: 514.1 mean: 576.8885572139303
gen: 64 best: 514.1 mean: 575.3830845771145
gen: 65 best: 514.1 mean: 575.2154228855721
gen: 66 best: 514.1 mean: 574.9099502487562
gen: 67 best: 514.1 mean: 574.7616915422885
gen: 68 best: 514.1 mean: 574.1676616915423
gen: 69 best: 514.1 mean: 573.8
gen: 70 best: 514.1 mean: 573.9587064676617
gen: 71 best: 514.1 mean: 571.1547263681592
gen: 72 best: 514.1 mean: 573.0845771144278
gen: 73 best: 514.1 mean: 573.1109452736318
gen: 74 best: 514.1 mean: 571.7059701492537
gen: 75 best: 514.1 mean: 571.6039800995025
gen: 76 best: 514.1 mean: 570.5980099502488
gen: 77 best: 514.1 mean: 571.1940298507462
gen: 78 best: 514.1 mean: 571.2651741293532
gen >79, new best = 501.900
gen: 79 best: 501.9 mean: 569.260696517413
gen: 80 best: 501.9 mean: 570.6442786069651
gen: 81 best: 501.9 mean: 570.38407960199
gen: 82 best: 501.9 mean: 568.7791044776119
gen: 83 best: 501.9 mean: 569.0741293532338
gen: 84 best: 501.9 mean: 568.0781094527363
gen: 85 best: 501.9 mean: 570.4820895522388
gen: 86 best: 501.9 mean: 568.8338308457711
gen: 87 best: 501.9 mean: 568.1412935323383
gen: 88 best: 501.9 mean: 567.5751243781094
gen: 89 best: 501.9 mean: 567.0427860696517
gen: 90 best: 501.9 mean: 567.6283582089552
gen: 91 best: 501.9 mean: 567.0651741293532
gen: 92 best: 501.9 mean: 566.6154228855721
gen: 93 best: 501.9 mean: 567.6402985074627
gen: 94 best: 501.9 mean: 566.255223880597
gen: 95 best: 501.9 mean: 566.3059701492538
gen: 96 best: 501.9 mean: 565.3935323383084
gen: 97 best: 501.9 mean: 565.344776119403
gen: 98 best: 501.9 mean: 566.1572139303482
gen: 99 best: 501.9 mean: 565.9328358208955
[11, 11, 11, 11, 10, 10, 10, 12, 11, 12, 11, 11, 12, 10, 12, 11, 11, 11, 10, 12, 10, 12, 12, 11, 12, 9, 11, 11, 10, 12, 11, 11, 11, 10, 10, 11, 12, 11, 11, 11, 11, 10, 12, 10, 11, 10, 10, 12]
Test count of edges: 3143
cat
