Defaulting to user installation because normal site-packages is not writeable
Looking in links: /cvmfs/soft.computecanada.ca/custom/python/wheelhouse/gentoo/avx2, /cvmfs/soft.computecanada.ca/custom/python/wheelhouse/gentoo/generic, /cvmfs/soft.computecanada.ca/custom/python/wheelhouse/generic
Requirement already satisfied: graphviz in /home/js17sy/.local/lib/python3.10/site-packages (0.20)
440; python ga.py 24 1024N_graph24.dat 0.075 0.03 0.5 0.9 0.1 201 1024N_graph24laxgen3rem50_ 571220
/project/6008788/js17sy/reopenga/1024b/ga.py:291: DeprecationWarning: Sampling from a set deprecated
since Python 3.9 and will be removed in a subsequent version.
  child1 = set(random.sample(
gen >0, new best = 692.000
gen >0, new best = 670.400
gen >0, new best = 668.300
gen >0, new best = 656.000
gen >0, new best = 652.900
gen >0, new best = 650.800
gen >0, new best = 636.800
gen: 0 best: 636.8 mean: 679.5912935323383
gen: 1 best: 636.8 mean: 676.7646766169154
gen: 2 best: 636.8 mean: 677.273631840796
gen: 3 best: 636.8 mean: 675.7661691542288
gen: 4 best: 636.8 mean: 674.8980099502487
gen: 5 best: 636.8 mean: 672.7721393034826
gen: 6 best: 636.8 mean: 673.2432835820896
gen: 7 best: 636.8 mean: 672.2800995024876
gen >8, new best = 603.600
gen: 8 best: 603.6 mean: 673.1592039800995
gen: 9 best: 603.6 mean: 671.2014925373135
gen: 10 best: 603.6 mean: 669.3253731343284
gen >11, new best = 602.800
gen: 11 best: 602.8 mean: 670.2467661691542
gen: 12 best: 602.8 mean: 667.4283582089553
gen: 13 best: 602.8 mean: 666.9432835820895
gen: 14 best: 602.8 mean: 664.8169154228856
gen: 15 best: 602.8 mean: 664.5412935323383
gen: 16 best: 602.8 mean: 665.5527363184079
gen: 17 best: 602.8 mean: 664.6348258706468
gen: 18 best: 602.8 mean: 664.0572139303482
gen: 19 best: 602.8 mean: 662.094527363184
gen >20, new best = 589.200
gen: 20 best: 589.2 mean: 663.0283582089552
gen: 21 best: 589.2 mean: 660.6358208955223
gen: 22 best: 589.2 mean: 660.355223880597
gen: 23 best: 589.2 mean: 660.4313432835821
gen: 24 best: 589.2 mean: 659.2686567164179
gen: 25 best: 589.2 mean: 659.0383084577114
gen >26, new best = 570.000
gen: 26 best: 570.0 mean: 658.2786069651742
gen: 27 best: 570.0 mean: 657.8766169154229
gen: 28 best: 570.0 mean: 657.0601990049752
gen: 29 best: 570.0 mean: 655.3532338308457
gen: 30 best: 570.0 mean: 655.8875621890547
gen: 31 best: 570.0 mean: 655.944776119403
gen: 32 best: 570.0 mean: 654.4393034825871
gen: 33 best: 570.0 mean: 656.0830845771144
gen: 34 best: 570.0 mean: 652.2726368159204
gen: 35 best: 570.0 mean: 653.2800995024876
gen: 36 best: 570.0 mean: 650.3985074626866
gen: 37 best: 570.0 mean: 650.4472636815921
gen: 38 best: 570.0 mean: 651.9796019900498
gen: 39 best: 570.0 mean: 650.6477611940298
gen: 40 best: 570.0 mean: 649.3517412935323
gen: 41 best: 570.0 mean: 649.2830845771144
gen: 42 best: 570.0 mean: 647.7771144278607
gen: 43 best: 570.0 mean: 647.4676616915423
gen: 44 best: 570.0 mean: 647.2855721393034
gen: 45 best: 570.0 mean: 647.2960199004975
gen: 46 best: 570.0 mean: 647.0975124378109
gen: 47 best: 570.0 mean: 645.2980099502488
gen: 48 best: 570.0 mean: 645.4731343283582
gen: 49 best: 570.0 mean: 645.3716417910448
gen: 50 best: 570.0 mean: 645.0124378109452
gen: 51 best: 570.0 mean: 643.8004975124378
gen: 52 best: 570.0 mean: 645.592039800995
gen: 53 best: 570.0 mean: 644.5492537313432
gen: 54 best: 570.0 mean: 643.8298507462687
gen: 55 best: 570.0 mean: 644.9507462686568
gen: 56 best: 570.0 mean: 641.6124378109453
gen: 57 best: 570.0 mean: 643.6203980099502
gen: 58 best: 570.0 mean: 642.9298507462687
gen: 59 best: 570.0 mean: 641.844776119403
gen: 60 best: 570.0 mean: 641.6388059701493
gen: 61 best: 570.0 mean: 641.6641791044776
gen: 62 best: 570.0 mean: 640.6228855721394
gen: 63 best: 570.0 mean: 640.1975124378109
gen: 64 best: 570.0 mean: 640.2696517412935
gen: 65 best: 570.0 mean: 639.4751243781094
gen: 66 best: 570.0 mean: 639.7437810945273
gen: 67 best: 570.0 mean: 638.7014925373135
gen: 68 best: 570.0 mean: 638.2587064676617
gen: 69 best: 570.0 mean: 638.971144278607
gen: 70 best: 570.0 mean: 636.9626865671642
gen: 71 best: 570.0 mean: 636.8547263681592
gen: 72 best: 570.0 mean: 636.7497512437811
gen: 73 best: 570.0 mean: 635.7542288557214
gen >74, new best = 558.200
gen: 74 best: 558.2 mean: 635.2268656716418
gen: 75 best: 558.2 mean: 635.9905472636816
gen: 76 best: 558.2 mean: 636.3611940298507
gen: 77 best: 558.2 mean: 634.0313432835821
gen: 78 best: 558.2 mean: 634.9407960199005
gen: 79 best: 558.2 mean: 634.7611940298508
gen: 80 best: 558.2 mean: 634.2800995024876
gen: 81 best: 558.2 mean: 633.9119402985075
gen: 82 best: 558.2 mean: 633.9139303482588
gen: 83 best: 558.2 mean: 634.4278606965174
gen: 84 best: 558.2 mean: 632.5099502487562
gen: 85 best: 558.2 mean: 634.7512437810946
gen: 86 best: 558.2 mean: 633.7676616915423
gen: 87 best: 558.2 mean: 631.8179104477612
gen >88, new best = 549.000
gen: 88 best: 549.0 mean: 630.9562189054726
gen: 89 best: 549.0 mean: 631.8706467661691
gen: 90 best: 549.0 mean: 632.2233830845771
gen: 91 best: 549.0 mean: 632.9298507462687
gen: 92 best: 549.0 mean: 631.812935323383
gen: 93 best: 549.0 mean: 630.618407960199
gen: 94 best: 549.0 mean: 632.6776119402986
gen: 95 best: 549.0 mean: 630.797512437811
gen: 96 best: 549.0 mean: 632.8960199004975
gen: 97 best: 549.0 mean: 631.1069651741293
gen: 98 best: 549.0 mean: 631.4253731343283
gen: 99 best: 549.0 mean: 630.9641791044776
[9, 9, 9, 9, 9, 9, 10, 9, 10, 9, 11, 10, 9, 10, 9, 9, 9, 10, 9, 9, 8, 10, 9, 10, 10, 11, 9, 10, 9, 9, 9, 9, 9, 9, 9, 9, 9, 9, 9, 9, 10, 9, 9, 9, 9, 9]
Test count of edges: 3146
cat
