Defaulting to user installation because normal site-packages is not writeable
Looking in links: /cvmfs/soft.computecanada.ca/custom/python/wheelhouse/gentoo/avx2, /cvmfs/soft.computecanada.ca/custom/python/wheelhouse/gentoo/generic, /cvmfs/soft.computecanada.ca/custom/python/wheelhouse/generic
Requirement already satisfied: graphviz in /home/js17sy/.local/lib/python3.10/site-packages (0.20)
640; python ga.py 24 1024N_graph24.dat 0.1 0.04 0.7 0.5 0.5 201 1024N_graph24leerygen1rem70_ 285610
/project/6008788/js17sy/reopenga/1024b/ga.py:291: DeprecationWarning: Sampling from a set deprecated
since Python 3.9 and will be removed in a subsequent version.
  child1 = set(random.sample(
gen >0, new best = 666.700
gen >0, new best = 639.200
gen >0, new best = 638.000
gen >0, new best = 630.800
gen >0, new best = 626.500
gen >0, new best = 619.900
gen >0, new best = 615.700
gen >0, new best = 612.800
gen >0, new best = 598.400
gen >0, new best = 595.500
gen >0, new best = 581.700
gen: 0 best: 581.7 mean: 636.4131840796019
gen: 1 best: 581.7 mean: 632.9855721393035
gen: 2 best: 581.7 mean: 633.7358208955224
gen >3, new best = 548.800
gen: 3 best: 548.8 mean: 630.1636815920398
gen: 4 best: 548.8 mean: 633.0517412935324
gen: 5 best: 548.8 mean: 629.1054726368159
gen: 6 best: 548.8 mean: 629.3308457711443
gen: 7 best: 548.8 mean: 624.5318407960199
gen: 8 best: 548.8 mean: 624.7124378109453
gen: 9 best: 548.8 mean: 623.2711442786069
gen: 10 best: 548.8 mean: 623.2587064676617
gen: 11 best: 548.8 mean: 620.8248756218906
gen: 12 best: 548.8 mean: 621.3114427860696
gen: 13 best: 548.8 mean: 619.1189054726368
gen: 14 best: 548.8 mean: 620.3029850746269
gen: 15 best: 548.8 mean: 617.7611940298508
gen: 16 best: 548.8 mean: 617.8437810945273
gen: 17 best: 548.8 mean: 617.8825870646766
gen: 18 best: 548.8 mean: 617.9218905472637
gen: 19 best: 548.8 mean: 616.6751243781094
gen: 20 best: 548.8 mean: 615.812935323383
gen: 21 best: 548.8 mean: 616.4089552238806
gen: 22 best: 548.8 mean: 617.5169154228855
gen: 23 best: 548.8 mean: 616.3691542288557
gen: 24 best: 548.8 mean: 613.3820895522388
gen: 25 best: 548.8 mean: 613.107960199005
gen: 26 best: 548.8 mean: 614.0611940298508
gen: 27 best: 548.8 mean: 613.5298507462686
gen: 28 best: 548.8 mean: 612.0686567164179
gen: 29 best: 548.8 mean: 608.9
gen: 30 best: 548.8 mean: 608.868656716418
gen: 31 best: 548.8 mean: 608.9781094527364
gen >32, new best = 548.200
gen: 32 best: 548.2 mean: 608.0855721393035
gen: 33 best: 548.2 mean: 607.4373134328358
gen: 34 best: 548.2 mean: 607.0194029850746
gen >35, new best = 538.500
gen: 35 best: 538.5 mean: 608.9417910447761
gen: 36 best: 538.5 mean: 606.9875621890548
gen: 37 best: 538.5 mean: 607.1338308457712
gen: 38 best: 538.5 mean: 607.5885572139304
gen: 39 best: 538.5 mean: 608.2233830845771
gen: 40 best: 538.5 mean: 606.5756218905473
gen: 41 best: 538.5 mean: 607.1985074626866
gen >42, new best = 527.800
gen: 42 best: 527.8 mean: 606.0547263681592
gen: 43 best: 527.8 mean: 606.312935323383
gen: 44 best: 527.8 mean: 606.0965174129353
gen: 45 best: 527.8 mean: 604.9671641791044
gen: 46 best: 527.8 mean: 605.6248756218905
gen: 47 best: 527.8 mean: 605.4049751243781
gen: 48 best: 527.8 mean: 604.6646766169155
gen: 49 best: 527.8 mean: 606.6985074626866
gen: 50 best: 527.8 mean: 605.4880597014925
gen: 51 best: 527.8 mean: 604.1164179104478
gen: 52 best: 527.8 mean: 604.3233830845771
gen: 53 best: 527.8 mean: 601.2537313432836
gen: 54 best: 527.8 mean: 604.1726368159204
gen: 55 best: 527.8 mean: 603.7796019900497
gen: 56 best: 527.8 mean: 604.2890547263681
gen: 57 best: 527.8 mean: 604.152736318408
gen: 58 best: 527.8 mean: 603.2567164179104
gen: 59 best: 527.8 mean: 602.9850746268656
gen: 60 best: 527.8 mean: 602.8850746268657
gen: 61 best: 527.8 mean: 603.2796019900497
gen: 62 best: 527.8 mean: 602.8268656716418
gen: 63 best: 527.8 mean: 603.834328358209
gen: 64 best: 527.8 mean: 601.4144278606965
gen: 65 best: 527.8 mean: 601.7114427860696
gen: 66 best: 527.8 mean: 602.1960199004975
gen: 67 best: 527.8 mean: 601.3194029850746
gen: 68 best: 527.8 mean: 601.4532338308458
gen: 69 best: 527.8 mean: 602.8671641791045
gen: 70 best: 527.8 mean: 601.5925373134328
gen: 71 best: 527.8 mean: 600.6855721393035
gen: 72 best: 527.8 mean: 600.9940298507463
gen: 73 best: 527.8 mean: 601.0502487562189
gen: 74 best: 527.8 mean: 601.6597014925374
gen: 75 best: 527.8 mean: 601.2900497512438
gen: 76 best: 527.8 mean: 599.6004975124378
gen: 77 best: 527.8 mean: 600.7537313432836
gen: 78 best: 527.8 mean: 601.2557213930348
gen: 79 best: 527.8 mean: 602.2985074626865
gen: 80 best: 527.8 mean: 600.7019900497512
gen: 81 best: 527.8 mean: 599.3930348258707
gen: 82 best: 527.8 mean: 599.1029850746269
gen: 83 best: 527.8 mean: 601.536815920398
gen: 84 best: 527.8 mean: 599.3417910447761
gen: 85 best: 527.8 mean: 600.0935323383085
gen: 86 best: 527.8 mean: 598.834328358209
gen: 87 best: 527.8 mean: 598.5417910447761
gen: 88 best: 527.8 mean: 599.3995024875622
gen: 89 best: 527.8 mean: 598.0323383084577
gen: 90 best: 527.8 mean: 597.9820895522388
gen: 91 best: 527.8 mean: 601.2686567164179
gen: 92 best: 527.8 mean: 598.2199004975124
gen: 93 best: 527.8 mean: 599.3930348258707
gen: 94 best: 527.8 mean: 597.5756218905473
gen: 95 best: 527.8 mean: 598.9646766169154
gen: 96 best: 527.8 mean: 600.8218905472637
gen: 97 best: 527.8 mean: 599.3203980099503
gen: 98 best: 527.8 mean: 599.4925373134329
gen: 99 best: 527.8 mean: 600.6139303482587
[8, 8, 8, 8, 8, 9, 8, 8, 8, 9, 8, 8, 8, 9, 8, 8, 8, 8, 8, 8, 8, 8, 8, 9, 8, 9, 8, 8, 8, 8, 8, 8, 9, 9, 8, 8, 8, 8, 8, 8, 7, 8, 7, 8, 8, 8, 8]
Test count of edges: 1904
cat
