Defaulting to user installation because normal site-packages is not writeable
Looking in links: /cvmfs/soft.computecanada.ca/custom/python/wheelhouse/gentoo/avx2, /cvmfs/soft.computecanada.ca/custom/python/wheelhouse/gentoo/generic, /cvmfs/soft.computecanada.ca/custom/python/wheelhouse/generic
Requirement already satisfied: graphviz in /home/js17sy/.local/lib/python3.10/site-packages (0.20)
354; python ga.py 24 1024N_graph24.dat 0.05 0.02 0.7 0.9 0.1 201 1024N_graph24mediumgen3rem70_ 685464
/project/6008788/js17sy/reopenga/1024b/ga.py:291: DeprecationWarning: Sampling from a set deprecated
since Python 3.9 and will be removed in a subsequent version.
  child1 = set(random.sample(
gen >0, new best = 622.200
gen >0, new best = 596.400
gen >0, new best = 552.900
gen >0, new best = 548.500
gen >0, new best = 545.700
gen >0, new best = 535.900
gen >0, new best = 511.100
gen: 0 best: 511.1 mean: 600.3465174129353
gen: 1 best: 511.1 mean: 597.3313432835821
gen: 2 best: 511.1 mean: 587.3074626865672
gen: 3 best: 511.1 mean: 586.6845771144278
gen: 4 best: 511.1 mean: 581.9238805970149
gen: 5 best: 511.1 mean: 577.8487562189055
gen >6, new best = 510.400
gen: 6 best: 510.4 mean: 577.7039800995025
gen >7, new best = 501.600
gen: 7 best: 501.6 mean: 570.7189054726368
gen: 8 best: 501.6 mean: 569.9621890547264
gen: 9 best: 501.6 mean: 569.2791044776119
gen: 10 best: 501.6 mean: 568.1014925373134
gen >11, new best = 495.700
gen: 11 best: 495.7 mean: 564.2776119402985
gen >12, new best = 494.700
gen: 12 best: 494.7 mean: 560.2422885572139
gen: 13 best: 494.7 mean: 559.2567164179104
gen: 14 best: 494.7 mean: 558.144776119403
gen: 15 best: 494.7 mean: 554.7467661691543
gen: 16 best: 494.7 mean: 555.0756218905473
gen >17, new best = 493.000
gen: 17 best: 493.0 mean: 549.9985074626866
gen >18, new best = 484.800
gen: 18 best: 484.8 mean: 548.6432835820896
gen: 19 best: 484.8 mean: 544.5781094527363
gen: 20 best: 484.8 mean: 544.5467661691542
gen >21, new best = 473.900
gen: 21 best: 473.9 mean: 543.1228855721394
gen: 22 best: 473.9 mean: 543.5905472636816
gen: 23 best: 473.9 mean: 538.5442786069651
gen: 24 best: 473.9 mean: 540.1751243781094
gen: 25 best: 473.9 mean: 539.6233830845771
gen: 26 best: 473.9 mean: 533.8910447761194
gen >27, new best = 465.700
gen: 27 best: 465.7 mean: 538.0402985074627
gen: 28 best: 465.7 mean: 534.4537313432836
gen: 29 best: 465.7 mean: 534.1388059701493
gen >30, new best = 464.200
gen: 30 best: 464.2 mean: 532.8736318407961
gen: 31 best: 464.2 mean: 528.2477611940299
gen: 32 best: 464.2 mean: 528.9243781094527
gen: 33 best: 464.2 mean: 525.5144278606965
gen: 34 best: 464.2 mean: 526.9796019900498
gen: 35 best: 464.2 mean: 527.5975124378109
gen: 36 best: 464.2 mean: 529.363184079602
gen: 37 best: 464.2 mean: 528.2860696517413
gen: 38 best: 464.2 mean: 525.981592039801
gen: 39 best: 464.2 mean: 527.0049751243781
gen: 40 best: 464.2 mean: 526.9432835820895
gen: 41 best: 464.2 mean: 521.3039800995025
gen >42, new best = 455.000
gen: 42 best: 455.0 mean: 521.7995024875622
gen: 43 best: 455.0 mean: 522.4452736318408
gen: 44 best: 455.0 mean: 522.4149253731343
gen: 45 best: 455.0 mean: 516.9164179104478
gen: 46 best: 455.0 mean: 519.2805970149253
gen >47, new best = 446.300
gen: 47 best: 446.3 mean: 516.5860696517412
gen: 48 best: 446.3 mean: 516.4373134328358
gen: 49 best: 446.3 mean: 517.0850746268657
gen: 50 best: 446.3 mean: 515.7905472636816
gen: 51 best: 446.3 mean: 512.9791044776119
gen: 52 best: 446.3 mean: 512.0159203980099
gen: 53 best: 446.3 mean: 511.0054726368159
gen: 54 best: 446.3 mean: 509.43134328358207
gen: 55 best: 446.3 mean: 512.6462686567164
gen: 56 best: 446.3 mean: 511.71890547263683
gen: 57 best: 446.3 mean: 511.4213930348259
gen: 58 best: 446.3 mean: 508.6194029850746
gen: 59 best: 446.3 mean: 510.24328358208953
gen: 60 best: 446.3 mean: 509.8646766169154
gen: 61 best: 446.3 mean: 510.4328358208955
gen: 62 best: 446.3 mean: 507.7363184079602
gen: 63 best: 446.3 mean: 505.75721393034826
gen: 64 best: 446.3 mean: 510.781592039801
gen: 65 best: 446.3 mean: 506.9507462686567
gen: 66 best: 446.3 mean: 506.76268656716417
gen: 67 best: 446.3 mean: 509.3940298507463
gen: 68 best: 446.3 mean: 507.4049751243781
gen: 69 best: 446.3 mean: 508.6741293532338
gen: 70 best: 446.3 mean: 507.17114427860696
gen: 71 best: 446.3 mean: 506.4029850746269
gen >72, new best = 445.300
gen: 72 best: 445.3 mean: 504.91641791044776
gen: 73 best: 445.3 mean: 506.74776119402986
gen: 74 best: 445.3 mean: 507.7218905472637
gen: 75 best: 445.3 mean: 504.2328358208955
gen >76, new best = 423.400
gen: 76 best: 423.4 mean: 505.573631840796
gen: 77 best: 423.4 mean: 504.1547263681592
gen: 78 best: 423.4 mean: 504.43681592039803
gen: 79 best: 423.4 mean: 505.40199004975125
gen: 80 best: 423.4 mean: 507.58855721393036
gen: 81 best: 423.4 mean: 506.83034825870647
gen: 82 best: 423.4 mean: 506.5442786069652
gen: 83 best: 423.4 mean: 505.1044776119403
gen: 84 best: 423.4 mean: 502.2820895522388
gen: 85 best: 423.4 mean: 504.03432835820894
gen: 86 best: 423.4 mean: 502.6940298507463
gen: 87 best: 423.4 mean: 502.72636815920396
gen: 88 best: 423.4 mean: 503.11592039800996
gen: 89 best: 423.4 mean: 502.24278606965174
gen: 90 best: 423.4 mean: 501.9557213930348
gen: 91 best: 423.4 mean: 503.3606965174129
gen: 92 best: 423.4 mean: 502.51741293532336
gen: 93 best: 423.4 mean: 503.55721393034827
gen: 94 best: 423.4 mean: 501.5786069651741
gen: 95 best: 423.4 mean: 500.00248756218906
gen: 96 best: 423.4 mean: 500.22786069651744
gen: 97 best: 423.4 mean: 501.28855721393035
gen: 98 best: 423.4 mean: 502.3452736318408
gen: 99 best: 423.4 mean: 501.8004975124378
[8, 9, 9, 11, 9, 10, 10, 9, 9, 9, 11, 10, 9, 10, 9, 9, 9, 9, 8, 9, 10, 8, 8, 8, 9, 9, 10, 9, 10, 9, 8, 10, 9, 10, 8, 8, 9, 9, 10, 10, 9, 9, 9, 10, 8, 8, 9]
Test count of edges: 1889
cat
