Defaulting to user installation because normal site-packages is not writeable
Looking in links: /cvmfs/soft.computecanada.ca/custom/python/wheelhouse/gentoo/avx2, /cvmfs/soft.computecanada.ca/custom/python/wheelhouse/gentoo/generic, /cvmfs/soft.computecanada.ca/custom/python/wheelhouse/generic
Requirement already satisfied: graphviz in /home/js17sy/.local/lib/python3.10/site-packages (0.20)
50; python ga.py 24 1024N_graph24.dat 0.025 0.01 0.5 0.7 0.3 201 1024N_graph24strictgen2rem50_ 571220
/project/6008788/js17sy/reopenga/1024b/ga.py:291: DeprecationWarning: Sampling from a set deprecated
since Python 3.9 and will be removed in a subsequent version.
  child1 = set(random.sample(
gen >0, new best = 634.800
gen >0, new best = 629.300
gen >0, new best = 625.500
gen >0, new best = 623.300
gen >0, new best = 615.500
gen >0, new best = 613.900
gen >0, new best = 613.500
gen >0, new best = 605.100
gen: 0 best: 605.1 mean: 631.0902985074626
gen >1, new best = 600.800
gen: 1 best: 600.8 mean: 630.1258706467662
gen >2, new best = 599.600
gen: 2 best: 599.6 mean: 627.6074626865671
gen: 3 best: 599.6 mean: 628.3611940298507
gen >4, new best = 599.000
gen: 4 best: 599.0 mean: 627.7179104477611
gen >5, new best = 566.300
gen: 5 best: 566.3 mean: 624.918407960199
gen: 6 best: 566.3 mean: 626.0771144278607
gen >7, new best = 557.000
gen: 7 best: 557.0 mean: 625.3651741293532
gen: 8 best: 557.0 mean: 625.3457711442786
gen: 9 best: 557.0 mean: 624.1199004975124
gen >10, new best = 546.500
gen: 10 best: 546.5 mean: 623.3492537313433
gen: 11 best: 546.5 mean: 622.4696517412935
gen: 12 best: 546.5 mean: 621.8079601990049
gen: 13 best: 546.5 mean: 620.9890547263682
gen: 14 best: 546.5 mean: 620.7074626865672
gen: 15 best: 546.5 mean: 620.5328358208956
gen: 16 best: 546.5 mean: 618.6467661691543
gen: 17 best: 546.5 mean: 617.6542288557214
gen: 18 best: 546.5 mean: 616.6995024875622
gen: 19 best: 546.5 mean: 615.3965174129353
gen: 20 best: 546.5 mean: 613.6582089552239
gen: 21 best: 546.5 mean: 613.8019900497512
gen: 22 best: 546.5 mean: 613.1004975124378
gen: 23 best: 546.5 mean: 611.8079601990049
gen: 24 best: 546.5 mean: 611.1432835820896
gen: 25 best: 546.5 mean: 610.2885572139304
gen: 26 best: 546.5 mean: 610.4542288557213
gen: 27 best: 546.5 mean: 611.4661691542289
gen: 28 best: 546.5 mean: 609.2786069651742
gen: 29 best: 546.5 mean: 608.3507462686567
gen: 30 best: 546.5 mean: 606.4019900497512
gen >31, new best = 540.700
gen: 31 best: 540.7 mean: 605.9144278606965
gen: 32 best: 540.7 mean: 603.9671641791044
gen: 33 best: 540.7 mean: 605.7721393034826
gen: 34 best: 540.7 mean: 606.2253731343284
gen: 35 best: 540.7 mean: 603.7905472636816
gen: 36 best: 540.7 mean: 601.4731343283582
gen: 37 best: 540.7 mean: 601.360696517413
gen: 38 best: 540.7 mean: 600.8880597014926
gen: 39 best: 540.7 mean: 597.3875621890547
gen >40, new best = 538.500
gen: 40 best: 538.5 mean: 598.2323383084578
gen: 41 best: 538.5 mean: 597.9069651741294
gen: 42 best: 538.5 mean: 595.7288557213931
gen: 43 best: 538.5 mean: 595.6915422885572
gen: 44 best: 538.5 mean: 594.0318407960199
gen: 45 best: 538.5 mean: 594.4104477611941
gen: 46 best: 538.5 mean: 593.6766169154229
gen: 47 best: 538.5 mean: 594.2398009950249
gen: 48 best: 538.5 mean: 593.8756218905472
gen: 49 best: 538.5 mean: 592.5701492537313
gen >50, new best = 530.900
gen: 50 best: 530.9 mean: 592.0497512437811
gen: 51 best: 530.9 mean: 593.202487562189
gen: 52 best: 530.9 mean: 591.7781094527363
gen: 53 best: 530.9 mean: 589.4845771144279
gen: 54 best: 530.9 mean: 588.9890547263682
gen: 55 best: 530.9 mean: 590.0119402985075
gen: 56 best: 530.9 mean: 588.5577114427861
gen: 57 best: 530.9 mean: 588.0616915422886
gen >58, new best = 524.700
gen: 58 best: 524.7 mean: 587.8243781094527
gen: 59 best: 524.7 mean: 588.2009950248756
gen: 60 best: 524.7 mean: 586.5547263681592
gen: 61 best: 524.7 mean: 586.4139303482588
gen: 62 best: 524.7 mean: 586.3676616915423
gen: 63 best: 524.7 mean: 586.4323383084577
gen >64, new best = 524.500
gen: 64 best: 524.5 mean: 585.0626865671642
gen: 65 best: 524.5 mean: 581.9990049751244
gen: 66 best: 524.5 mean: 584.9378109452737
gen: 67 best: 524.5 mean: 585.0577114427861
gen: 68 best: 524.5 mean: 582.7636815920398
gen: 69 best: 524.5 mean: 583.7004975124378
gen: 70 best: 524.5 mean: 583.368656716418
gen: 71 best: 524.5 mean: 583.6253731343284
gen: 72 best: 524.5 mean: 584.1830845771144
gen: 73 best: 524.5 mean: 582.9462686567164
gen >74, new best = 516.100
gen: 74 best: 516.1 mean: 582.4353233830846
gen: 75 best: 516.1 mean: 583.2517412935323
gen: 76 best: 516.1 mean: 582.2626865671642
gen: 77 best: 516.1 mean: 582.7059701492537
gen: 78 best: 516.1 mean: 581.2353233830846
gen: 79 best: 516.1 mean: 581.9855721393035
gen: 80 best: 516.1 mean: 581.2223880597015
gen: 81 best: 516.1 mean: 580.6124378109453
gen: 82 best: 516.1 mean: 580.650248756219
gen: 83 best: 516.1 mean: 582.0199004975125
gen: 84 best: 516.1 mean: 581.1273631840796
gen: 85 best: 516.1 mean: 580.4696517412935
gen: 86 best: 516.1 mean: 579.7990049751244
gen: 87 best: 516.1 mean: 580.0781094527363
gen: 88 best: 516.1 mean: 578.8721393034825
gen: 89 best: 516.1 mean: 579.0965174129353
gen: 90 best: 516.1 mean: 579.6611940298508
gen: 91 best: 516.1 mean: 579.1995024875622
gen >92, new best = 514.800
gen: 92 best: 514.8 mean: 579.1497512437811
gen: 93 best: 514.8 mean: 580.0014925373134
gen: 94 best: 514.8 mean: 577.8781094527363
gen: 95 best: 514.8 mean: 579.8427860696518
gen: 96 best: 514.8 mean: 577.610447761194
gen: 97 best: 514.8 mean: 579.0890547263682
gen: 98 best: 514.8 mean: 577.6850746268657
gen: 99 best: 514.8 mean: 577.9950248756219
[10, 10, 11, 13, 11, 11, 12, 12, 11, 12, 12, 10, 12, 11, 12, 11, 11, 10, 10, 13, 11, 11, 11, 11, 11, 11, 10, 11, 11, 12, 11, 10, 10, 10, 12, 12, 11, 11, 12, 12, 12, 11, 12, 11, 11, 12, 10, 13, 10, 12]
Test count of edges: 3160
cat
