Defaulting to user installation because normal site-packages is not writeable
Looking in links: /cvmfs/soft.computecanada.ca/custom/python/wheelhouse/gentoo/avx2, /cvmfs/soft.computecanada.ca/custom/python/wheelhouse/gentoo/generic, /cvmfs/soft.computecanada.ca/custom/python/wheelhouse/generic
Requirement already satisfied: graphviz in /home/js17sy/.local/lib/python3.10/site-packages (0.20)
203; python ga.py 24 1024N_graph24.dat 0.05 0.02 0.5 0.5 0.5 201 1024N_graph24mediumgen1rem50_ 656903
/project/6008788/js17sy/reopenga/1024b/ga.py:291: DeprecationWarning: Sampling from a set deprecated
since Python 3.9 and will be removed in a subsequent version.
  child1 = set(random.sample(
gen >0, new best = 657.700
gen >0, new best = 654.600
gen >0, new best = 648.300
gen >0, new best = 640.400
gen >0, new best = 633.000
gen: 0 best: 633.0 mean: 659.0194029850746
gen: 1 best: 633.0 mean: 657.2009950248756
gen: 2 best: 633.0 mean: 657.1283582089552
gen: 3 best: 633.0 mean: 656.9174129353233
gen >4, new best = 625.300
gen: 4 best: 625.3 mean: 656.3069651741293
gen: 5 best: 625.3 mean: 655.1084577114428
gen: 6 best: 625.3 mean: 654.3825870646766
gen: 7 best: 625.3 mean: 654.1865671641791
gen: 8 best: 625.3 mean: 652.5328358208956
gen >9, new best = 619.500
gen: 9 best: 619.5 mean: 654.826368159204
gen: 10 best: 619.5 mean: 654.1940298507462
gen: 11 best: 619.5 mean: 653.6343283582089
gen: 12 best: 619.5 mean: 651.3427860696518
gen: 13 best: 619.5 mean: 651.5472636815921
gen: 14 best: 619.5 mean: 650.4791044776119
gen: 15 best: 619.5 mean: 650.2502487562189
gen: 16 best: 619.5 mean: 649.507960199005
gen >17, new best = 588.100
gen: 17 best: 588.1 mean: 647.8174129353234
gen >18, new best = 578.100
gen: 18 best: 578.1 mean: 647.6199004975124
gen: 19 best: 578.1 mean: 648.0144278606965
gen: 20 best: 578.1 mean: 648.5955223880597
gen: 21 best: 578.1 mean: 647.1611940298508
gen: 22 best: 578.1 mean: 646.963184079602
gen >23, new best = 577.500
gen: 23 best: 577.5 mean: 645.9353233830846
gen: 24 best: 577.5 mean: 645.6567164179105
gen: 25 best: 577.5 mean: 646.381592039801
gen: 26 best: 577.5 mean: 646.0069651741294
gen: 27 best: 577.5 mean: 643.7189054726368
gen: 28 best: 577.5 mean: 643.2099502487562
gen: 29 best: 577.5 mean: 641.9353233830846
gen: 30 best: 577.5 mean: 643.3855721393035
gen: 31 best: 577.5 mean: 642.9029850746268
gen: 32 best: 577.5 mean: 643.3154228855722
gen: 33 best: 577.5 mean: 641.1139303482587
gen: 34 best: 577.5 mean: 641.6203980099502
gen: 35 best: 577.5 mean: 641.4044776119403
gen: 36 best: 577.5 mean: 639.7786069651742
gen: 37 best: 577.5 mean: 639.7502487562189
gen >38, new best = 574.500
gen: 38 best: 574.5 mean: 639.5756218905473
gen: 39 best: 574.5 mean: 639.1298507462686
gen: 40 best: 574.5 mean: 638.6059701492537
gen >41, new best = 572.000
gen: 41 best: 572.0 mean: 637.0800995024875
gen: 42 best: 572.0 mean: 637.0283582089552
gen: 43 best: 572.0 mean: 637.3203980099503
gen: 44 best: 572.0 mean: 638.1223880597015
gen: 45 best: 572.0 mean: 637.6084577114428
gen: 46 best: 572.0 mean: 634.3019900497512
gen >47, new best = 562.400
gen: 47 best: 562.4 mean: 636.289552238806
gen: 48 best: 562.4 mean: 635.9134328358209
gen: 49 best: 562.4 mean: 636.2592039800995
gen: 50 best: 562.4 mean: 633.8532338308457
gen: 51 best: 562.4 mean: 632.7228855721393
gen: 52 best: 562.4 mean: 631.7616915422885
gen: 53 best: 562.4 mean: 632.3064676616915
gen: 54 best: 562.4 mean: 631.4174129353233
gen: 55 best: 562.4 mean: 631.0965174129353
gen: 56 best: 562.4 mean: 629.6203980099502
gen: 57 best: 562.4 mean: 628.255223880597
gen: 58 best: 562.4 mean: 628.6507462686567
gen: 59 best: 562.4 mean: 628.0646766169154
gen: 60 best: 562.4 mean: 629.4119402985075
gen: 61 best: 562.4 mean: 628.2980099502488
gen: 62 best: 562.4 mean: 627.2562189054727
gen: 63 best: 562.4 mean: 626.5771144278607
gen: 64 best: 562.4 mean: 626.981592039801
gen: 65 best: 562.4 mean: 627.4278606965174
gen: 66 best: 562.4 mean: 626.9094527363184
gen: 67 best: 562.4 mean: 626.9865671641791
gen: 68 best: 562.4 mean: 625.426368159204
gen: 69 best: 562.4 mean: 626.1880597014925
gen: 70 best: 562.4 mean: 625.1303482587065
gen: 71 best: 562.4 mean: 625.6582089552239
gen: 72 best: 562.4 mean: 624.1467661691543
gen: 73 best: 562.4 mean: 623.9353233830846
gen: 74 best: 562.4 mean: 624.944776119403
gen: 75 best: 562.4 mean: 624.2034825870646
gen >76, new best = 554.400
gen: 76 best: 554.4 mean: 624.2328358208955
gen: 77 best: 554.4 mean: 622.9189054726368
gen: 78 best: 554.4 mean: 624.0850746268657
gen: 79 best: 554.4 mean: 622.3820895522388
gen: 80 best: 554.4 mean: 622.6995024875622
gen: 81 best: 554.4 mean: 622.3656716417911
gen: 82 best: 554.4 mean: 622.0616915422886
gen: 83 best: 554.4 mean: 621.763184079602
gen: 84 best: 554.4 mean: 621.0318407960199
gen: 85 best: 554.4 mean: 619.6099502487563
gen: 86 best: 554.4 mean: 620.0223880597015
gen: 87 best: 554.4 mean: 619.9616915422886
gen: 88 best: 554.4 mean: 620.0437810945274
gen: 89 best: 554.4 mean: 619.4716417910448
gen: 90 best: 554.4 mean: 619.079104477612
gen: 91 best: 554.4 mean: 619.8029850746269
gen: 92 best: 554.4 mean: 618.5771144278607
gen: 93 best: 554.4 mean: 619.7412935323383
gen: 94 best: 554.4 mean: 618.6462686567164
gen >95, new best = 553.100
gen: 95 best: 553.1 mean: 618.139303482587
gen: 96 best: 553.1 mean: 618.4174129353233
gen: 97 best: 553.1 mean: 618.1547263681592
gen: 98 best: 553.1 mean: 618.4532338308458
gen: 99 best: 553.1 mean: 618.5014925373134
[9, 10, 10, 9, 12, 9, 10, 11, 12, 10, 10, 9, 9, 10, 10, 11, 9, 11, 10, 11, 9, 9, 9, 9, 10, 10, 9, 10, 10, 12, 11, 11, 10, 10, 9, 11, 10, 9, 9, 10, 10, 9, 12, 10, 10, 10, 10, 9]
Test count of edges: 3179
cat
