Defaulting to user installation because normal site-packages is not writeable
Looking in links: /cvmfs/soft.computecanada.ca/custom/python/wheelhouse/gentoo/avx2, /cvmfs/soft.computecanada.ca/custom/python/wheelhouse/gentoo/generic, /cvmfs/soft.computecanada.ca/custom/python/wheelhouse/generic
Requirement already satisfied: graphviz in /home/js17sy/.local/lib/python3.10/site-packages (0.20)
299; python ga.py 24 1024N_graph24.dat 0.05 0.02 0.7 0.5 0.5 201 1024N_graph24mediumgen1rem70_ 828269
/project/6008788/js17sy/reopenga/1024b/ga.py:291: DeprecationWarning: Sampling from a set deprecated
since Python 3.9 and will be removed in a subsequent version.
  child1 = set(random.sample(
gen >0, new best = 605.800
gen >0, new best = 581.900
gen >0, new best = 576.100
gen >0, new best = 575.400
gen >0, new best = 549.100
gen >0, new best = 510.900
gen >0, new best = 507.600
gen: 0 best: 507.6 mean: 600.0820895522388
gen >1, new best = 504.900
gen: 1 best: 504.9 mean: 592.4915422885572
gen >2, new best = 502.600
gen: 2 best: 502.6 mean: 589.2691542288558
gen: 3 best: 502.6 mean: 588.2691542288558
gen: 4 best: 502.6 mean: 584.492039800995
gen: 5 best: 502.6 mean: 579.3616915422886
gen: 6 best: 502.6 mean: 581.1825870646766
gen: 7 best: 502.6 mean: 576.0646766169154
gen: 8 best: 502.6 mean: 573.7273631840796
gen: 9 best: 502.6 mean: 570.4353233830846
gen: 10 best: 502.6 mean: 570.4502487562189
gen: 11 best: 502.6 mean: 567.1651741293532
gen >12, new best = 496.600
gen: 12 best: 496.6 mean: 563.8174129353234
gen: 13 best: 496.6 mean: 559.8283582089553
gen: 14 best: 496.6 mean: 561.360696517413
gen: 15 best: 496.6 mean: 557.6378109452736
gen >16, new best = 496.500
gen: 16 best: 496.5 mean: 553.0034825870647
gen >17, new best = 484.600
gen: 17 best: 484.6 mean: 556.4004975124378
gen: 18 best: 484.6 mean: 551.647263681592
gen >19, new best = 481.400
gen: 19 best: 481.4 mean: 551.1348258706468
gen: 20 best: 481.4 mean: 547.847263681592
gen: 21 best: 481.4 mean: 547.5636815920398
gen: 22 best: 481.4 mean: 543.1985074626866
gen: 23 best: 481.4 mean: 544.6462686567164
gen: 24 best: 481.4 mean: 542.8950248756219
gen >25, new best = 479.600
gen: 25 best: 479.6 mean: 541.1945273631841
gen: 26 best: 479.6 mean: 537.4363184079602
gen: 27 best: 479.6 mean: 535.7114427860696
gen: 28 best: 479.6 mean: 533.3522388059702
gen: 29 best: 479.6 mean: 537.4502487562189
gen >30, new best = 473.000
gen: 30 best: 473.0 mean: 533.5771144278607
gen: 31 best: 473.0 mean: 533.8059701492538
gen >32, new best = 459.500
gen: 32 best: 459.5 mean: 534.926368159204
gen: 33 best: 459.5 mean: 533.0407960199005
gen: 34 best: 459.5 mean: 532.6532338308458
gen: 35 best: 459.5 mean: 531.9930348258706
gen >36, new best = 453.600
gen: 36 best: 453.6 mean: 534.0119402985075
gen: 37 best: 453.6 mean: 532.6278606965174
gen: 38 best: 453.6 mean: 532.0577114427861
gen: 39 best: 453.6 mean: 532.1412935323383
gen: 40 best: 453.6 mean: 531.8049751243781
gen: 41 best: 453.6 mean: 528.9328358208955
gen: 42 best: 453.6 mean: 530.571144278607
gen: 43 best: 453.6 mean: 532.2054726368159
gen: 44 best: 453.6 mean: 530.1845771144278
gen: 45 best: 453.6 mean: 530.3532338308457
gen >46, new best = 444.700
gen: 46 best: 444.7 mean: 528.6606965174129
gen: 47 best: 444.7 mean: 531.8218905472637
gen: 48 best: 444.7 mean: 533.1592039800995
gen: 49 best: 444.7 mean: 530.5661691542289
gen: 50 best: 444.7 mean: 528.5970149253732
gen: 51 best: 444.7 mean: 529.4955223880597
gen: 52 best: 444.7 mean: 528.2442786069652
gen: 53 best: 444.7 mean: 530.0328358208956
gen: 54 best: 444.7 mean: 528.5159203980099
gen: 55 best: 444.7 mean: 528.2422885572139
gen: 56 best: 444.7 mean: 528.9109452736318
gen: 57 best: 444.7 mean: 525.6830845771144
gen: 58 best: 444.7 mean: 528.2706467661692
gen: 59 best: 444.7 mean: 525.6273631840796
gen: 60 best: 444.7 mean: 525.1069651741293
gen: 61 best: 444.7 mean: 524.3985074626866
gen: 62 best: 444.7 mean: 525.6328358208955
gen: 63 best: 444.7 mean: 525.0199004975125
gen: 64 best: 444.7 mean: 524.7089552238806
gen: 65 best: 444.7 mean: 525.2109452736319
gen: 66 best: 444.7 mean: 524.6412935323383
gen: 67 best: 444.7 mean: 522.6945273631841
gen: 68 best: 444.7 mean: 524.7378109452736
gen: 69 best: 444.7 mean: 522.8388059701492
gen: 70 best: 444.7 mean: 522.3800995024876
gen >71, new best = 434.700
gen: 71 best: 434.7 mean: 521.9094527363184
gen: 72 best: 434.7 mean: 521.2268656716418
gen: 73 best: 434.7 mean: 522.1412935323383
gen: 74 best: 434.7 mean: 518.2741293532339
gen: 75 best: 434.7 mean: 519.6004975124378
gen: 76 best: 434.7 mean: 520.6805970149254
gen: 77 best: 434.7 mean: 519.4437810945274
gen: 78 best: 434.7 mean: 519.2427860696517
gen: 79 best: 434.7 mean: 522.7199004975124
gen: 80 best: 434.7 mean: 520.5965174129353
gen: 81 best: 434.7 mean: 523.5890547263682
gen: 82 best: 434.7 mean: 519.9094527363184
gen: 83 best: 434.7 mean: 520.760696517413
gen: 84 best: 434.7 mean: 519.9905472636816
gen: 85 best: 434.7 mean: 518.9611940298507
gen: 86 best: 434.7 mean: 517.9482587064676
gen: 87 best: 434.7 mean: 518.0771144278607
gen: 88 best: 434.7 mean: 518.78407960199
gen: 89 best: 434.7 mean: 519.6179104477612
gen: 90 best: 434.7 mean: 518.9756218905472
gen: 91 best: 434.7 mean: 517.8965174129353
gen: 92 best: 434.7 mean: 519.4223880597015
gen: 93 best: 434.7 mean: 518.0069651741294
gen: 94 best: 434.7 mean: 520.102487562189
gen: 95 best: 434.7 mean: 517.773631840796
gen: 96 best: 434.7 mean: 516.1373134328359
gen: 97 best: 434.7 mean: 516.7457711442786
gen: 98 best: 434.7 mean: 517.494527363184
gen: 99 best: 434.7 mean: 517.7930348258707
[9, 10, 9, 10, 9, 10, 11, 11, 11, 8, 8, 9, 9, 9, 9, 9, 10, 9, 9, 9, 9, 11, 9, 8, 10, 9, 9, 10, 10, 11, 9, 10, 9, 12, 10, 9, 8, 10, 9, 8, 9, 10, 10, 9, 9, 9, 11]
Test count of edges: 1918
cat
