Defaulting to user installation because normal site-packages is not writeable
Looking in links: /cvmfs/soft.computecanada.ca/custom/python/wheelhouse/gentoo/avx2, /cvmfs/soft.computecanada.ca/custom/python/wheelhouse/gentoo/generic, /cvmfs/soft.computecanada.ca/custom/python/wheelhouse/generic
Requirement already satisfied: graphviz in /home/js17sy/.local/lib/python3.10/site-packages (0.20)
577; python ga.py 24 1024N_graph24.dat 0.1 0.04 0.5 0.7 0.3 201 1024N_graph24leerygen2rem50_ 199927
/project/6008788/js17sy/reopenga/1024b/ga.py:291: DeprecationWarning: Sampling from a set deprecated
since Python 3.9 and will be removed in a subsequent version.
  child1 = set(random.sample(
gen >0, new best = 730.200
gen >0, new best = 697.600
gen >0, new best = 684.800
gen: 0 best: 684.8 mean: 711.1733830845772
gen >1, new best = 684.200
gen: 1 best: 684.2 mean: 712.0870646766169
gen: 2 best: 684.2 mean: 710.0860696517412
gen: 3 best: 684.2 mean: 708.2582089552238
gen >4, new best = 681.000
gen >4, new best = 680.800
gen >4, new best = 678.900
gen >4, new best = 678.600
gen: 4 best: 678.6 mean: 707.1174129353234
gen: 5 best: 678.6 mean: 707.5318407960199
gen >6, new best = 678.100
gen >6, new best = 620.600
gen: 6 best: 620.6 mean: 706.3417910447761
gen: 7 best: 620.6 mean: 705.9567164179105
gen: 8 best: 620.6 mean: 706.0646766169154
gen: 9 best: 620.6 mean: 706.9278606965174
gen: 10 best: 620.6 mean: 704.3681592039801
gen: 11 best: 620.6 mean: 704.4835820895522
gen: 12 best: 620.6 mean: 704.5467661691542
gen: 13 best: 620.6 mean: 703.2582089552238
gen: 14 best: 620.6 mean: 701.9218905472637
gen: 15 best: 620.6 mean: 702.1348258706468
gen: 16 best: 620.6 mean: 701.9174129353233
gen: 17 best: 620.6 mean: 702.3089552238806
gen: 18 best: 620.6 mean: 702.065671641791
gen: 19 best: 620.6 mean: 700.6621890547264
gen: 20 best: 620.6 mean: 701.4706467661691
gen: 21 best: 620.6 mean: 699.2019900497512
gen: 22 best: 620.6 mean: 700.1298507462686
gen: 23 best: 620.6 mean: 699.255223880597
gen: 24 best: 620.6 mean: 698.9
gen: 25 best: 620.6 mean: 697.1417910447761
gen: 26 best: 620.6 mean: 697.5781094527363
gen: 27 best: 620.6 mean: 697.0412935323383
gen: 28 best: 620.6 mean: 696.8164179104477
gen >29, new best = 619.300
gen: 29 best: 619.3 mean: 697.1194029850747
gen: 30 best: 619.3 mean: 695.9213930348259
gen: 31 best: 619.3 mean: 696.7258706467661
gen: 32 best: 619.3 mean: 696.6213930348258
gen: 33 best: 619.3 mean: 696.6358208955224
gen: 34 best: 619.3 mean: 694.7318407960199
gen: 35 best: 619.3 mean: 694.173631840796
gen: 36 best: 619.3 mean: 694.1238805970149
gen: 37 best: 619.3 mean: 693.6880597014925
gen >38, new best = 611.800
gen >38, new best = 605.100
gen: 38 best: 605.1 mean: 692.0527363184079
gen: 39 best: 605.1 mean: 692.5029850746268
gen: 40 best: 605.1 mean: 691.4746268656717
gen: 41 best: 605.1 mean: 693.1562189054727
gen: 42 best: 605.1 mean: 691.2333333333333
gen: 43 best: 605.1 mean: 690.9860696517413
gen: 44 best: 605.1 mean: 690.3771144278606
gen: 45 best: 605.1 mean: 688.6208955223881
gen: 46 best: 605.1 mean: 687.7412935323383
gen: 47 best: 605.1 mean: 687.3024875621891
gen: 48 best: 605.1 mean: 687.1019900497513
gen: 49 best: 605.1 mean: 687.1353233830846
gen: 50 best: 605.1 mean: 688.2746268656716
gen: 51 best: 605.1 mean: 688.1064676616916
gen: 52 best: 605.1 mean: 686.8955223880597
gen: 53 best: 605.1 mean: 687.5253731343283
gen: 54 best: 605.1 mean: 687.8890547263682
gen: 55 best: 605.1 mean: 686.6601990049751
gen: 56 best: 605.1 mean: 687.8691542288557
gen: 57 best: 605.1 mean: 686.6
gen: 58 best: 605.1 mean: 687.0248756218906
gen: 59 best: 605.1 mean: 685.0547263681592
gen: 60 best: 605.1 mean: 686.4731343283582
gen: 61 best: 605.1 mean: 685.3537313432836
gen: 62 best: 605.1 mean: 684.8875621890547
gen: 63 best: 605.1 mean: 686.5592039800995
gen: 64 best: 605.1 mean: 684.2194029850747
gen: 65 best: 605.1 mean: 684.7477611940299
gen: 66 best: 605.1 mean: 685.4462686567164
gen: 67 best: 605.1 mean: 684.0383084577114
gen: 68 best: 605.1 mean: 683.9641791044776
gen: 69 best: 605.1 mean: 683.2422885572139
gen: 70 best: 605.1 mean: 683.0278606965175
gen: 71 best: 605.1 mean: 684.8363184079602
gen: 72 best: 605.1 mean: 684.8358208955224
gen: 73 best: 605.1 mean: 682.9074626865672
gen: 74 best: 605.1 mean: 683.0761194029851
gen: 75 best: 605.1 mean: 683.0014925373134
gen: 76 best: 605.1 mean: 683.4179104477612
gen: 77 best: 605.1 mean: 682.860696517413
gen: 78 best: 605.1 mean: 682.6497512437811
gen: 79 best: 605.1 mean: 682.3845771144279
gen: 80 best: 605.1 mean: 681.5701492537313
gen: 81 best: 605.1 mean: 681.710447761194
gen: 82 best: 605.1 mean: 681.926368159204
gen: 83 best: 605.1 mean: 683.2577114427861
gen: 84 best: 605.1 mean: 680.1014925373134
gen: 85 best: 605.1 mean: 682.4850746268656
gen: 86 best: 605.1 mean: 682.0582089552239
gen: 87 best: 605.1 mean: 679.8945273631841
gen: 88 best: 605.1 mean: 680.8462686567165
gen: 89 best: 605.1 mean: 681.1497512437811
gen: 90 best: 605.1 mean: 678.7009950248756
gen: 91 best: 605.1 mean: 680.6651741293532
gen: 92 best: 605.1 mean: 680.0562189054726
gen: 93 best: 605.1 mean: 679.8353233830845
gen: 94 best: 605.1 mean: 680.1487562189055
gen: 95 best: 605.1 mean: 679.8169154228856
gen: 96 best: 605.1 mean: 679.6238805970149
gen: 97 best: 605.1 mean: 679.2880597014926
gen: 98 best: 605.1 mean: 678.6213930348259
gen: 99 best: 605.1 mean: 679.1960199004975
[8, 9, 10, 8, 9, 10, 9, 11, 9, 8, 9, 8, 9, 10, 9, 8, 8, 9, 8, 8, 8, 10, 9, 10, 9, 9, 8, 9, 9, 8, 9, 9, 9, 9, 9, 9, 9, 9, 10, 9, 8, 9, 9, 9, 9, 9, 9]
Test count of edges: 3147
cat
