Defaulting to user installation because normal site-packages is not writeable
Looking in links: /cvmfs/soft.computecanada.ca/custom/python/wheelhouse/gentoo/avx2, /cvmfs/soft.computecanada.ca/custom/python/wheelhouse/gentoo/generic, /cvmfs/soft.computecanada.ca/custom/python/wheelhouse/generic
Requirement already satisfied: graphviz in /home/js17sy/.local/lib/python3.10/site-packages (0.20)
269; python ga.py 24 1024N_graph24.dat 0.05 0.02 0.5 0.9 0.1 201 1024N_graph24mediumgen3rem50_ 828269
/project/6008788/js17sy/reopenga/1024b/ga.py:291: DeprecationWarning: Sampling from a set deprecated
since Python 3.9 and will be removed in a subsequent version.
  child1 = set(random.sample(
gen >0, new best = 642.300
gen >0, new best = 641.100
gen >0, new best = 641.000
gen >0, new best = 637.700
gen >0, new best = 589.600
gen: 0 best: 589.6 mean: 659.1808457711443
gen: 1 best: 589.6 mean: 658.1915422885572
gen: 2 best: 589.6 mean: 657.363184079602
gen: 3 best: 589.6 mean: 657.1452736318408
gen: 4 best: 589.6 mean: 655.9358208955224
gen: 5 best: 589.6 mean: 654.3930348258707
gen: 6 best: 589.6 mean: 654.6084577114428
gen: 7 best: 589.6 mean: 653.1487562189054
gen: 8 best: 589.6 mean: 653.1427860696517
gen >9, new best = 577.200
gen: 9 best: 577.2 mean: 651.4567164179105
gen: 10 best: 577.2 mean: 652.1432835820896
gen: 11 best: 577.2 mean: 650.2129353233831
gen: 12 best: 577.2 mean: 649.5696517412936
gen: 13 best: 577.2 mean: 648.9651741293533
gen: 14 best: 577.2 mean: 648.6691542288557
gen: 15 best: 577.2 mean: 647.2343283582089
gen: 16 best: 577.2 mean: 647.2223880597015
gen: 17 best: 577.2 mean: 646.1771144278607
gen: 18 best: 577.2 mean: 645.1955223880597
gen: 19 best: 577.2 mean: 644.5074626865671
gen: 20 best: 577.2 mean: 642.6388059701493
gen: 21 best: 577.2 mean: 642.636815920398
gen: 22 best: 577.2 mean: 642.9303482587064
gen: 23 best: 577.2 mean: 642.655223880597
gen: 24 best: 577.2 mean: 640.9562189054726
gen: 25 best: 577.2 mean: 640.2711442786069
gen >26, new best = 576.200
gen: 26 best: 576.2 mean: 638.2328358208955
gen: 27 best: 576.2 mean: 638.8736318407961
gen: 28 best: 576.2 mean: 638.2353233830846
gen: 29 best: 576.2 mean: 638.9915422885572
gen: 30 best: 576.2 mean: 637.4243781094527
gen: 31 best: 576.2 mean: 636.1044776119403
gen: 32 best: 576.2 mean: 635.544776119403
gen: 33 best: 576.2 mean: 635.0606965174129
gen: 34 best: 576.2 mean: 634.2492537313433
gen: 35 best: 576.2 mean: 632.860696517413
gen: 36 best: 576.2 mean: 633.8980099502487
gen: 37 best: 576.2 mean: 632.6975124378109
gen: 38 best: 576.2 mean: 632.6990049751244
gen: 39 best: 576.2 mean: 630.0850746268657
gen >40, new best = 568.700
gen: 40 best: 568.7 mean: 629.9786069651741
gen: 41 best: 568.7 mean: 630.526368159204
gen: 42 best: 568.7 mean: 627.8970149253731
gen: 43 best: 568.7 mean: 628.8373134328358
gen: 44 best: 568.7 mean: 627.3243781094527
gen >45, new best = 566.400
gen >45, new best = 556.700
gen: 45 best: 556.7 mean: 626.7641791044776
gen: 46 best: 556.7 mean: 625.0084577114428
gen: 47 best: 556.7 mean: 625.0223880597015
gen: 48 best: 556.7 mean: 626.4791044776119
gen: 49 best: 556.7 mean: 624.3283582089553
gen: 50 best: 556.7 mean: 623.9164179104478
gen: 51 best: 556.7 mean: 624.0014925373134
gen: 52 best: 556.7 mean: 623.2442786069652
gen: 53 best: 556.7 mean: 622.6990049751244
gen: 54 best: 556.7 mean: 622.6308457711443
gen: 55 best: 556.7 mean: 622.4910447761195
gen: 56 best: 556.7 mean: 621.6542288557214
gen: 57 best: 556.7 mean: 621.7323383084577
gen: 58 best: 556.7 mean: 620.9557213930349
gen: 59 best: 556.7 mean: 621.3611940298507
gen: 60 best: 556.7 mean: 620.3283582089553
gen: 61 best: 556.7 mean: 619.718407960199
gen >62, new best = 551.400
gen: 62 best: 551.4 mean: 619.355223880597
gen: 63 best: 551.4 mean: 619.6955223880597
gen: 64 best: 551.4 mean: 618.6517412935324
gen: 65 best: 551.4 mean: 617.6691542288557
gen: 66 best: 551.4 mean: 617.6890547263681
gen: 67 best: 551.4 mean: 616.2064676616916
gen: 68 best: 551.4 mean: 617.6328358208955
gen: 69 best: 551.4 mean: 617.5786069651741
gen: 70 best: 551.4 mean: 616.1164179104478
gen: 71 best: 551.4 mean: 616.6164179104478
gen: 72 best: 551.4 mean: 615.5432835820895
gen: 73 best: 551.4 mean: 615.7333333333333
gen: 74 best: 551.4 mean: 615.2875621890547
gen: 75 best: 551.4 mean: 614.1328358208955
gen: 76 best: 551.4 mean: 614.9940298507463
gen >77, new best = 549.900
gen: 77 best: 549.9 mean: 612.8651741293532
gen: 78 best: 549.9 mean: 614.4950248756219
gen: 79 best: 549.9 mean: 612.6950248756219
gen: 80 best: 549.9 mean: 613.5547263681592
gen: 81 best: 549.9 mean: 612.5696517412936
gen: 82 best: 549.9 mean: 612.0527363184079
gen: 83 best: 549.9 mean: 612.8144278606965
gen: 84 best: 549.9 mean: 611.1094527363184
gen: 85 best: 549.9 mean: 611.1726368159204
gen >86, new best = 548.800
gen: 86 best: 548.8 mean: 609.5666666666667
gen: 87 best: 548.8 mean: 609.5547263681592
gen: 88 best: 548.8 mean: 609.4273631840796
gen: 89 best: 548.8 mean: 610.1124378109453
gen: 90 best: 548.8 mean: 608.3825870646766
gen: 91 best: 548.8 mean: 608.4298507462687
gen: 92 best: 548.8 mean: 607.644776119403
gen: 93 best: 548.8 mean: 608.5283582089552
gen: 94 best: 548.8 mean: 606.3169154228856
gen: 95 best: 548.8 mean: 608.5930348258706
gen: 96 best: 548.8 mean: 606.897512437811
gen: 97 best: 548.8 mean: 607.2756218905473
gen: 98 best: 548.8 mean: 607.1273631840796
gen: 99 best: 548.8 mean: 606.3213930348259
[10, 11, 9, 11, 13, 10, 9, 10, 11, 10, 10, 10, 9, 11, 10, 10, 10, 10, 10, 10, 9, 11, 10, 10, 10, 9, 11, 9, 10, 10, 10, 10, 9, 10, 10, 9, 10, 9, 10, 10, 10, 9, 9, 10, 10, 12, 10, 10, 10]
Test count of edges: 3145
cat
