Defaulting to user installation because normal site-packages is not writeable
Looking in links: /cvmfs/soft.computecanada.ca/custom/python/wheelhouse/gentoo/avx2, /cvmfs/soft.computecanada.ca/custom/python/wheelhouse/gentoo/generic, /cvmfs/soft.computecanada.ca/custom/python/wheelhouse/generic
Requirement already satisfied: graphviz in /home/js17sy/.local/lib/python3.10/site-packages (0.20)
24; python ga.py 24 1024N_graph24.dat 0.025 0.01 0.5 0.5 0.5 201 1024N_graph24strictgen1rem50_ 685464
/project/6008788/js17sy/reopenga/1024b/ga.py:291: DeprecationWarning: Sampling from a set deprecated
since Python 3.9 and will be removed in a subsequent version.
  child1 = set(random.sample(
gen >0, new best = 636.300
gen >0, new best = 631.400
gen >0, new best = 630.100
gen >0, new best = 627.700
gen >0, new best = 624.100
gen >0, new best = 619.500
gen >0, new best = 612.200
gen >0, new best = 607.000
gen >0, new best = 606.600
gen: 0 best: 606.6 mean: 631.2830845771144
gen >1, new best = 560.100
gen >1, new best = 550.200
gen: 1 best: 550.2 mean: 629.8572139303483
gen: 2 best: 550.2 mean: 626.4636815920398
gen: 3 best: 550.2 mean: 626.9776119402985
gen: 4 best: 550.2 mean: 625.2746268656716
gen: 5 best: 550.2 mean: 623.8855721393035
gen: 6 best: 550.2 mean: 624.0975124378109
gen: 7 best: 550.2 mean: 623.3029850746269
gen: 8 best: 550.2 mean: 622.5800995024875
gen: 9 best: 550.2 mean: 622.8199004975124
gen: 10 best: 550.2 mean: 620.8955223880597
gen: 11 best: 550.2 mean: 621.8830845771145
gen: 12 best: 550.2 mean: 619.8213930348259
gen: 13 best: 550.2 mean: 617.8004975124378
gen: 14 best: 550.2 mean: 617.323880597015
gen: 15 best: 550.2 mean: 617.1144278606965
gen >16, new best = 546.900
gen: 16 best: 546.9 mean: 615.8776119402985
gen: 17 best: 546.9 mean: 615.7691542288558
gen: 18 best: 546.9 mean: 615.5930348258706
gen: 19 best: 546.9 mean: 614.61592039801
gen: 20 best: 546.9 mean: 614.5069651741294
gen: 21 best: 546.9 mean: 614.1233830845771
gen: 22 best: 546.9 mean: 613.2442786069652
gen: 23 best: 546.9 mean: 614.0049751243781
gen: 24 best: 546.9 mean: 613.0522388059701
gen: 25 best: 546.9 mean: 611.0781094527363
gen: 26 best: 546.9 mean: 612.218407960199
gen: 27 best: 546.9 mean: 610.5880597014925
gen: 28 best: 546.9 mean: 610.181592039801
gen: 29 best: 546.9 mean: 611.6054726368159
gen: 30 best: 546.9 mean: 608.8756218905472
gen: 31 best: 546.9 mean: 609.7422885572139
gen: 32 best: 546.9 mean: 609.0074626865671
gen >33, new best = 540.500
gen: 33 best: 540.5 mean: 609.6034825870647
gen: 34 best: 540.5 mean: 609.2517412935323
gen: 35 best: 540.5 mean: 609.563184079602
gen: 36 best: 540.5 mean: 607.6771144278607
gen: 37 best: 540.5 mean: 607.9059701492537
gen: 38 best: 540.5 mean: 607.1786069651741
gen: 39 best: 540.5 mean: 607.7144278606966
gen: 40 best: 540.5 mean: 607.1174129353234
gen: 41 best: 540.5 mean: 608.2283582089552
gen: 42 best: 540.5 mean: 607.7885572139304
gen: 43 best: 540.5 mean: 606.9283582089553
gen: 44 best: 540.5 mean: 606.681592039801
gen: 45 best: 540.5 mean: 606.3965174129353
gen: 46 best: 540.5 mean: 606.8666666666667
gen: 47 best: 540.5 mean: 606.4253731343283
gen: 48 best: 540.5 mean: 606.2457711442786
gen: 49 best: 540.5 mean: 607.1487562189054
gen: 50 best: 540.5 mean: 605.6009950248756
gen: 51 best: 540.5 mean: 606.0786069651741
gen: 52 best: 540.5 mean: 605.4194029850746
gen: 53 best: 540.5 mean: 605.3761194029851
gen: 54 best: 540.5 mean: 604.7278606965174
gen: 55 best: 540.5 mean: 605.1567164179105
gen: 56 best: 540.5 mean: 604.7437810945273
gen: 57 best: 540.5 mean: 604.3985074626866
gen: 58 best: 540.5 mean: 603.812935323383
gen: 59 best: 540.5 mean: 605.3726368159204
gen: 60 best: 540.5 mean: 604.436815920398
gen: 61 best: 540.5 mean: 603.518407960199
gen: 62 best: 540.5 mean: 603.11592039801
gen: 63 best: 540.5 mean: 602.7487562189054
gen: 64 best: 540.5 mean: 602.5830845771144
gen: 65 best: 540.5 mean: 602.4646766169154
gen: 66 best: 540.5 mean: 603.312935323383
gen: 67 best: 540.5 mean: 601.0830845771144
gen: 68 best: 540.5 mean: 602.0089552238805
gen: 69 best: 540.5 mean: 601.2592039800995
gen: 70 best: 540.5 mean: 602.1243781094528
gen: 71 best: 540.5 mean: 602.4502487562189
gen: 72 best: 540.5 mean: 602.036815920398
gen: 73 best: 540.5 mean: 601.9572139303483
gen: 74 best: 540.5 mean: 601.3134328358209
gen: 75 best: 540.5 mean: 601.9238805970149
gen: 76 best: 540.5 mean: 601.2995024875622
gen >77, new best = 528.100
gen: 77 best: 528.1 mean: 601.8567164179104
gen: 78 best: 528.1 mean: 599.2800995024876
gen: 79 best: 528.1 mean: 601.3422885572139
gen: 80 best: 528.1 mean: 600.1746268656716
gen: 81 best: 528.1 mean: 600.8990049751244
gen: 82 best: 528.1 mean: 600.1139303482587
gen: 83 best: 528.1 mean: 599.1925373134328
gen: 84 best: 528.1 mean: 599.0124378109452
gen: 85 best: 528.1 mean: 599.6
gen: 86 best: 528.1 mean: 600.3492537313433
gen: 87 best: 528.1 mean: 599.1009950248756
gen: 88 best: 528.1 mean: 600.9522388059702
gen: 89 best: 528.1 mean: 600.0069651741294
gen: 90 best: 528.1 mean: 599.6850746268657
gen: 91 best: 528.1 mean: 600.4437810945274
gen: 92 best: 528.1 mean: 599.9378109452737
gen: 93 best: 528.1 mean: 599.2995024875622
gen: 94 best: 528.1 mean: 599.3333333333334
gen: 95 best: 528.1 mean: 600.428855721393
gen: 96 best: 528.1 mean: 598.9990049751244
gen: 97 best: 528.1 mean: 598.0567164179105
gen: 98 best: 528.1 mean: 598.810447761194
gen: 99 best: 528.1 mean: 599.3114427860696
[11, 13, 10, 12, 11, 11, 13, 11, 11, 11, 10, 12, 12, 12, 10, 11, 12, 11, 11, 13, 11, 11, 11, 11, 11, 11, 12, 12, 10, 11, 10, 13, 13, 11, 12, 11, 12, 10, 11, 12, 11, 11, 11, 12, 10, 12, 12, 10]
Test count of edges: 3173
cat
