Defaulting to user installation because normal site-packages is not writeable
Looking in links: /cvmfs/soft.computecanada.ca/custom/python/wheelhouse/gentoo/avx2, /cvmfs/soft.computecanada.ca/custom/python/wheelhouse/gentoo/generic, /cvmfs/soft.computecanada.ca/custom/python/wheelhouse/generic
Requirement already satisfied: graphviz in /home/js17sy/.local/lib/python3.10/site-packages (0.20)
196; python ga.py 24 1024N_graph24.dat 0.05 0.02 0.5 0.5 0.5 201 1024N_graph24mediumgen1rem50_ 456976
/project/6008788/js17sy/reopenga/1024b/ga.py:291: DeprecationWarning: Sampling from a set deprecated
since Python 3.9 and will be removed in a subsequent version.
  child1 = set(random.sample(
gen >0, new best = 652.100
gen >0, new best = 648.100
gen >0, new best = 640.600
gen >0, new best = 629.100
gen: 0 best: 629.1 mean: 659.1355721393035
gen: 1 best: 629.1 mean: 658.5985074626866
gen >2, new best = 628.300
gen: 2 best: 628.3 mean: 656.3950248756219
gen >3, new best = 624.100
gen: 3 best: 624.1 mean: 655.3283582089553
gen >4, new best = 587.500
gen: 4 best: 587.5 mean: 653.7442786069652
gen: 5 best: 587.5 mean: 651.920895522388
gen: 6 best: 587.5 mean: 652.4875621890548
gen: 7 best: 587.5 mean: 652.8930348258707
gen: 8 best: 587.5 mean: 651.5646766169154
gen: 9 best: 587.5 mean: 651.3134328358209
gen >10, new best = 586.800
gen: 10 best: 586.8 mean: 649.3099502487562
gen: 11 best: 586.8 mean: 650.0572139303482
gen: 12 best: 586.8 mean: 648.5701492537313
gen: 13 best: 586.8 mean: 647.0985074626866
gen: 14 best: 586.8 mean: 646.8049751243781
gen: 15 best: 586.8 mean: 646.7134328358209
gen: 16 best: 586.8 mean: 646.8845771144279
gen: 17 best: 586.8 mean: 645.0208955223881
gen: 18 best: 586.8 mean: 645.1452736318408
gen >19, new best = 574.400
gen: 19 best: 574.4 mean: 645.3726368159204
gen: 20 best: 574.4 mean: 644.3965174129353
gen >21, new best = 572.400
gen: 21 best: 572.4 mean: 641.5393034825871
gen: 22 best: 572.4 mean: 641.5542288557214
gen: 23 best: 572.4 mean: 640.5318407960199
gen: 24 best: 572.4 mean: 639.944776119403
gen: 25 best: 572.4 mean: 640.7850746268657
gen: 26 best: 572.4 mean: 639.3696517412935
gen: 27 best: 572.4 mean: 637.6756218905473
gen: 28 best: 572.4 mean: 638.226368159204
gen: 29 best: 572.4 mean: 637.3517412935323
gen: 30 best: 572.4 mean: 635.6194029850747
gen: 31 best: 572.4 mean: 635.676119402985
gen: 32 best: 572.4 mean: 636.8338308457711
gen: 33 best: 572.4 mean: 636.4905472636816
gen: 34 best: 572.4 mean: 634.4432835820895
gen: 35 best: 572.4 mean: 634.0218905472636
gen: 36 best: 572.4 mean: 634.5636815920398
gen: 37 best: 572.4 mean: 633.1492537313433
gen: 38 best: 572.4 mean: 633.6835820895523
gen: 39 best: 572.4 mean: 633.5651741293532
gen: 40 best: 572.4 mean: 633.0970149253732
gen: 41 best: 572.4 mean: 631.3900497512437
gen: 42 best: 572.4 mean: 630.776119402985
gen: 43 best: 572.4 mean: 630.0164179104478
gen: 44 best: 572.4 mean: 630.8412935323383
gen >45, new best = 556.400
gen: 45 best: 556.4 mean: 630.4557213930349
gen: 46 best: 556.4 mean: 629.5502487562189
gen: 47 best: 556.4 mean: 629.7616915422885
gen: 48 best: 556.4 mean: 629.5402985074627
gen: 49 best: 556.4 mean: 628.8228855721393
gen: 50 best: 556.4 mean: 631.0323383084577
gen: 51 best: 556.4 mean: 630.2701492537313
gen: 52 best: 556.4 mean: 628.9542288557213
gen: 53 best: 556.4 mean: 628.9
gen: 54 best: 556.4 mean: 629.2174129353234
gen: 55 best: 556.4 mean: 627.6442786069651
gen: 56 best: 556.4 mean: 628.1477611940298
gen: 57 best: 556.4 mean: 629.1318407960199
gen: 58 best: 556.4 mean: 626.6915422885572
gen: 59 best: 556.4 mean: 625.9203980099503
gen: 60 best: 556.4 mean: 627.6298507462686
gen: 61 best: 556.4 mean: 625.8676616915423
gen: 62 best: 556.4 mean: 626.0328358208956
gen: 63 best: 556.4 mean: 626.4129353233831
gen: 64 best: 556.4 mean: 626.5124378109452
gen: 65 best: 556.4 mean: 624.9805970149254
gen: 66 best: 556.4 mean: 624.5348258706467
gen: 67 best: 556.4 mean: 624.2766169154229
gen: 68 best: 556.4 mean: 624.0293532338309
gen: 69 best: 556.4 mean: 625.7746268656716
gen: 70 best: 556.4 mean: 625.260696517413
gen: 71 best: 556.4 mean: 624.007960199005
gen: 72 best: 556.4 mean: 624.2641791044776
gen: 73 best: 556.4 mean: 625.1333333333333
gen: 74 best: 556.4 mean: 623.31592039801
gen: 75 best: 556.4 mean: 623.9303482587064
gen: 76 best: 556.4 mean: 623.8407960199005
gen: 77 best: 556.4 mean: 624.507960199005
gen: 78 best: 556.4 mean: 623.3467661691542
gen: 79 best: 556.4 mean: 622.2756218905473
gen >80, new best = 554.800
gen: 80 best: 554.8 mean: 623.7805970149253
gen: 81 best: 554.8 mean: 624.0805970149254
gen: 82 best: 554.8 mean: 623.3348258706468
gen: 83 best: 554.8 mean: 623.5338308457711
gen: 84 best: 554.8 mean: 623.518407960199
gen: 85 best: 554.8 mean: 624.0004975124378
gen: 86 best: 554.8 mean: 623.497512437811
gen: 87 best: 554.8 mean: 624.005472636816
gen: 88 best: 554.8 mean: 621.4039800995025
gen >89, new best = 554.700
gen: 89 best: 554.7 mean: 623.1686567164179
gen: 90 best: 554.7 mean: 621.3855721393035
gen: 91 best: 554.7 mean: 622.428855721393
gen: 92 best: 554.7 mean: 622.1014925373134
gen: 93 best: 554.7 mean: 621.9681592039801
gen >94, new best = 546.800
gen: 94 best: 546.8 mean: 622.3940298507463
gen: 95 best: 546.8 mean: 622.4825870646766
gen: 96 best: 546.8 mean: 622.0432835820895
gen: 97 best: 546.8 mean: 621.7203980099503
gen: 98 best: 546.8 mean: 622.3029850746269
gen: 99 best: 546.8 mean: 622.1512437810945
[10, 9, 10, 11, 9, 10, 10, 10, 10, 10, 10, 9, 10, 10, 10, 11, 10, 8, 11, 11, 10, 12, 10, 10, 10, 10, 9, 10, 10, 9, 10, 10, 10, 10, 10, 10, 12, 10, 9, 10, 10, 10, 10, 10, 10, 11, 10]
Test count of edges: 3179
cat
