Defaulting to user installation because normal site-packages is not writeable
Looking in links: /cvmfs/soft.computecanada.ca/custom/python/wheelhouse/gentoo/avx2, /cvmfs/soft.computecanada.ca/custom/python/wheelhouse/gentoo/generic, /cvmfs/soft.computecanada.ca/custom/python/wheelhouse/generic
Requirement already satisfied: graphviz in /home/js17sy/.local/lib/python3.10/site-packages (0.20)
487; python ga.py 24 1024N_graph24.dat 0.075 0.03 0.7 0.7 0.3 201 1024N_graph24laxgen2rem70_ 199927
/project/6008788/js17sy/reopenga/1024b/ga.py:291: DeprecationWarning: Sampling from a set deprecated
since Python 3.9 and will be removed in a subsequent version.
  child1 = set(random.sample(
gen >0, new best = 596.500
gen >0, new best = 594.800
gen >0, new best = 556.100
gen: 0 best: 556.1 mean: 625.3624378109453
gen: 1 best: 556.1 mean: 620.66815920398
gen >2, new best = 536.800
gen: 2 best: 536.8 mean: 616.4223880597015
gen: 3 best: 536.8 mean: 609.6980099502488
gen >4, new best = 529.400
gen: 4 best: 529.4 mean: 609.0606965174129
gen: 5 best: 529.4 mean: 605.0786069651741
gen: 6 best: 529.4 mean: 606.7726368159204
gen: 7 best: 529.4 mean: 602.4477611940298
gen: 8 best: 529.4 mean: 599.0159203980099
gen: 9 best: 529.4 mean: 597.0636815920398
gen >10, new best = 490.400
gen: 10 best: 490.4 mean: 594.7671641791045
gen: 11 best: 490.4 mean: 592.8756218905472
gen: 12 best: 490.4 mean: 593.8223880597014
gen: 13 best: 490.4 mean: 588.9611940298507
gen: 14 best: 490.4 mean: 587.9457711442786
gen: 15 best: 490.4 mean: 588.5472636815921
gen: 16 best: 490.4 mean: 586.5159203980099
gen: 17 best: 490.4 mean: 583.4611940298507
gen: 18 best: 490.4 mean: 579.8716417910448
gen: 19 best: 490.4 mean: 580.018407960199
gen: 20 best: 490.4 mean: 578.592039800995
gen: 21 best: 490.4 mean: 576.0278606965175
gen: 22 best: 490.4 mean: 575.5477611940298
gen: 23 best: 490.4 mean: 575.4746268656717
gen: 24 best: 490.4 mean: 574.6751243781094
gen: 25 best: 490.4 mean: 573.6646766169155
gen: 26 best: 490.4 mean: 574.9059701492537
gen: 27 best: 490.4 mean: 571.4064676616915
gen: 28 best: 490.4 mean: 572.6691542288557
gen: 29 best: 490.4 mean: 567.7233830845771
gen: 30 best: 490.4 mean: 571.1995024875622
gen: 31 best: 490.4 mean: 568.0577114427861
gen: 32 best: 490.4 mean: 567.5930348258706
gen: 33 best: 490.4 mean: 567.4238805970149
gen: 34 best: 490.4 mean: 563.6109452736318
gen: 35 best: 490.4 mean: 565.3766169154229
gen: 36 best: 490.4 mean: 563.9104477611941
gen: 37 best: 490.4 mean: 564.6298507462686
gen: 38 best: 490.4 mean: 563.1572139303482
gen: 39 best: 490.4 mean: 562.428855721393
gen: 40 best: 490.4 mean: 562.028855721393
gen: 41 best: 490.4 mean: 562.0512437810945
gen: 42 best: 490.4 mean: 562.9313432835821
gen: 43 best: 490.4 mean: 559.7587064676617
gen: 44 best: 490.4 mean: 559.3442786069652
gen: 45 best: 490.4 mean: 558.9557213930349
gen: 46 best: 490.4 mean: 556.5273631840796
gen: 47 best: 490.4 mean: 553.4781094527364
gen: 48 best: 490.4 mean: 555.6492537313433
gen: 49 best: 490.4 mean: 556.9507462686568
gen: 50 best: 490.4 mean: 555.9159203980099
gen: 51 best: 490.4 mean: 553.3805970149253
gen >52, new best = 476.400
gen: 52 best: 476.4 mean: 557.4572139303483
gen: 53 best: 476.4 mean: 554.6572139303482
gen: 54 best: 476.4 mean: 557.4393034825871
gen: 55 best: 476.4 mean: 554.5970149253732
gen: 56 best: 476.4 mean: 554.9890547263682
gen: 57 best: 476.4 mean: 556.9840796019901
gen: 58 best: 476.4 mean: 556.1194029850747
gen: 59 best: 476.4 mean: 552.5616915422886
gen: 60 best: 476.4 mean: 554.0308457711443
gen: 61 best: 476.4 mean: 554.7721393034826
gen: 62 best: 476.4 mean: 553.8363184079602
gen: 63 best: 476.4 mean: 553.9721393034825
gen: 64 best: 476.4 mean: 555.3935323383084
gen: 65 best: 476.4 mean: 552.4611940298507
gen: 66 best: 476.4 mean: 554.3014925373134
gen: 67 best: 476.4 mean: 551.8955223880597
gen: 68 best: 476.4 mean: 551.3044776119403
gen: 69 best: 476.4 mean: 552.9393034825871
gen: 70 best: 476.4 mean: 550.7746268656716
gen: 71 best: 476.4 mean: 553.3756218905472
gen: 72 best: 476.4 mean: 549.871144278607
gen: 73 best: 476.4 mean: 552.102487562189
gen: 74 best: 476.4 mean: 552.1323383084577
gen: 75 best: 476.4 mean: 550.9676616915423
gen: 76 best: 476.4 mean: 551.7134328358209
gen: 77 best: 476.4 mean: 549.6880597014925
gen: 78 best: 476.4 mean: 549.0746268656717
gen: 79 best: 476.4 mean: 548.5517412935324
gen: 80 best: 476.4 mean: 549.0641791044776
gen: 81 best: 476.4 mean: 550.1014925373134
gen: 82 best: 476.4 mean: 549.7069651741293
gen: 83 best: 476.4 mean: 549.6572139303482
gen: 84 best: 476.4 mean: 550.9721393034825
gen: 85 best: 476.4 mean: 551.0492537313432
gen: 86 best: 476.4 mean: 549.810447761194
gen: 87 best: 476.4 mean: 549.7507462686567
gen: 88 best: 476.4 mean: 550.2452736318407
gen: 89 best: 476.4 mean: 549.0960199004975
gen: 90 best: 476.4 mean: 548.9109452736318
gen: 91 best: 476.4 mean: 547.1800995024876
gen: 92 best: 476.4 mean: 547.4094527363184
gen: 93 best: 476.4 mean: 547.1771144278607
gen: 94 best: 476.4 mean: 547.6049751243781
gen: 95 best: 476.4 mean: 547.6646766169155
gen: 96 best: 476.4 mean: 549.1452736318408
gen: 97 best: 476.4 mean: 547.4009950248757
gen: 98 best: 476.4 mean: 545.563184079602
gen: 99 best: 476.4 mean: 546.7208955223881
[9, 11, 9, 9, 9, 8, 8, 9, 10, 9, 9, 9, 9, 9, 11, 9, 9, 9, 9, 8, 10, 10, 9, 8, 9, 8, 8, 8, 8, 8, 8, 8, 8, 8, 9, 8, 9, 8, 8, 8, 8, 7, 8, 8, 8, 8, 10, 9]
Test count of edges: 1895
cat
