Defaulting to user installation because normal site-packages is not writeable
Looking in links: /cvmfs/soft.computecanada.ca/custom/python/wheelhouse/gentoo/avx2, /cvmfs/soft.computecanada.ca/custom/python/wheelhouse/gentoo/generic, /cvmfs/soft.computecanada.ca/custom/python/wheelhouse/generic
Requirement already satisfied: graphviz in /home/js17sy/.local/lib/python3.10/site-packages (0.20)
575; python ga.py 24 1024N_graph24.dat 0.1 0.04 0.5 0.7 0.3 201 1024N_graph24leerygen2rem50_ 142805
/project/6008788/js17sy/reopenga/1024b/ga.py:291: DeprecationWarning: Sampling from a set deprecated
since Python 3.9 and will be removed in a subsequent version.
  child1 = set(random.sample(
gen >0, new best = 708.800
gen >0, new best = 697.000
gen >0, new best = 693.900
gen >0, new best = 682.800
gen >0, new best = 676.600
gen: 0 best: 676.6 mean: 710.4845771144279
gen >1, new best = 653.100
gen: 1 best: 653.1 mean: 709.2960199004975
gen >2, new best = 643.900
gen: 2 best: 643.9 mean: 708.3293532338308
gen: 3 best: 643.9 mean: 708.1109452736318
gen >4, new best = 640.400
gen: 4 best: 640.4 mean: 707.5482587064677
gen >5, new best = 639.300
gen: 5 best: 639.3 mean: 705.4512437810945
gen: 6 best: 639.3 mean: 707.3800995024876
gen >7, new best = 614.600
gen: 7 best: 614.6 mean: 705.650248756219
gen: 8 best: 614.6 mean: 705.3378109452736
gen: 9 best: 614.6 mean: 705.8029850746269
gen: 10 best: 614.6 mean: 703.5572139303482
gen: 11 best: 614.6 mean: 702.9507462686568
gen: 12 best: 614.6 mean: 704.2258706467662
gen: 13 best: 614.6 mean: 703.5840796019901
gen: 14 best: 614.6 mean: 702.7696517412935
gen: 15 best: 614.6 mean: 700.8776119402985
gen: 16 best: 614.6 mean: 701.6223880597015
gen: 17 best: 614.6 mean: 699.0203980099502
gen: 18 best: 614.6 mean: 699.6776119402986
gen: 19 best: 614.6 mean: 700.1164179104478
gen: 20 best: 614.6 mean: 699.3681592039801
gen: 21 best: 614.6 mean: 697.8467661691542
gen: 22 best: 614.6 mean: 697.0691542288557
gen: 23 best: 614.6 mean: 697.2656716417911
gen: 24 best: 614.6 mean: 697.0606965174129
gen: 25 best: 614.6 mean: 696.1567164179105
gen: 26 best: 614.6 mean: 696.3592039800996
gen: 27 best: 614.6 mean: 696.5935323383085
gen: 28 best: 614.6 mean: 695.7825870646766
gen: 29 best: 614.6 mean: 697.1845771144278
gen: 30 best: 614.6 mean: 695.820895522388
gen: 31 best: 614.6 mean: 695.3696517412935
gen: 32 best: 614.6 mean: 695.3462686567165
gen: 33 best: 614.6 mean: 694.3402985074626
gen: 34 best: 614.6 mean: 693.079104477612
gen: 35 best: 614.6 mean: 693.3333333333334
gen: 36 best: 614.6 mean: 692.5487562189055
gen: 37 best: 614.6 mean: 694.7114427860696
gen: 38 best: 614.6 mean: 694.1940298507462
gen: 39 best: 614.6 mean: 691.6303482587065
gen: 40 best: 614.6 mean: 692.4557213930349
gen: 41 best: 614.6 mean: 692.0592039800995
gen: 42 best: 614.6 mean: 691.3407960199005
gen: 43 best: 614.6 mean: 692.8213930348259
gen: 44 best: 614.6 mean: 690.4671641791044
gen: 45 best: 614.6 mean: 691.3900497512437
gen: 46 best: 614.6 mean: 691.5139303482587
gen: 47 best: 614.6 mean: 690.347263681592
gen: 48 best: 614.6 mean: 689.9805970149254
gen: 49 best: 614.6 mean: 691.2014925373135
gen: 50 best: 614.6 mean: 690.2169154228856
gen: 51 best: 614.6 mean: 688.0686567164179
gen: 52 best: 614.6 mean: 688.455223880597
gen: 53 best: 614.6 mean: 686.0587064676616
gen: 54 best: 614.6 mean: 686.4119402985075
gen: 55 best: 614.6 mean: 688.1213930348259
gen: 56 best: 614.6 mean: 685.789552238806
gen: 57 best: 614.6 mean: 687.4089552238806
gen: 58 best: 614.6 mean: 687.2855721393034
gen: 59 best: 614.6 mean: 685.6706467661692
gen >60, new best = 613.100
gen: 60 best: 613.1 mean: 685.892039800995
gen: 61 best: 613.1 mean: 685.081592039801
gen: 62 best: 613.1 mean: 685.9875621890548
gen: 63 best: 613.1 mean: 685.8383084577115
gen: 64 best: 613.1 mean: 685.5213930348259
gen: 65 best: 613.1 mean: 685.5328358208956
gen: 66 best: 613.1 mean: 686.544776119403
gen: 67 best: 613.1 mean: 684.8074626865672
gen: 68 best: 613.1 mean: 685.9771144278607
gen: 69 best: 613.1 mean: 685.2064676616916
gen: 70 best: 613.1 mean: 686.2547263681593
gen: 71 best: 613.1 mean: 684.5726368159204
gen: 72 best: 613.1 mean: 683.9363184079602
gen: 73 best: 613.1 mean: 684.5512437810945
gen: 74 best: 613.1 mean: 684.1
gen: 75 best: 613.1 mean: 683.4527363184079
gen: 76 best: 613.1 mean: 681.5
gen: 77 best: 613.1 mean: 683.2407960199005
gen: 78 best: 613.1 mean: 682.4044776119403
gen: 79 best: 613.1 mean: 684.3004975124378
gen: 80 best: 613.1 mean: 681.2437810945273
gen: 81 best: 613.1 mean: 682.3532338308457
gen: 82 best: 613.1 mean: 680.8009950248756
gen: 83 best: 613.1 mean: 682.4358208955224
gen: 84 best: 613.1 mean: 682.7422885572139
gen: 85 best: 613.1 mean: 680.5497512437811
gen: 86 best: 613.1 mean: 681.9189054726368
gen: 87 best: 613.1 mean: 681.9970149253732
gen: 88 best: 613.1 mean: 681.3049751243781
gen: 89 best: 613.1 mean: 680.102487562189
gen: 90 best: 613.1 mean: 681.7014925373135
gen: 91 best: 613.1 mean: 681.4746268656717
gen: 92 best: 613.1 mean: 680.1900497512438
gen: 93 best: 613.1 mean: 680.5328358208956
gen: 94 best: 613.1 mean: 681.0890547263682
gen >95, new best = 608.500
gen: 95 best: 608.5 mean: 679.5238805970149
gen: 96 best: 608.5 mean: 680.0044776119403
gen: 97 best: 608.5 mean: 679.6238805970149
gen: 98 best: 608.5 mean: 679.3059701492538
gen: 99 best: 608.5 mean: 678.5407960199005
[8, 8, 9, 9, 11, 8, 9, 10, 8, 8, 8, 9, 9, 9, 9, 9, 11, 9, 10, 9, 9, 10, 10, 10, 9, 9, 9, 9, 11, 8, 9, 10, 8, 8, 10, 9, 9, 9, 9, 8, 9, 9, 9, 8, 10, 9]
Test count of edges: 3163
cat
