Defaulting to user installation because normal site-packages is not writeable
Looking in links: /cvmfs/soft.computecanada.ca/custom/python/wheelhouse/gentoo/avx2, /cvmfs/soft.computecanada.ca/custom/python/wheelhouse/gentoo/generic, /cvmfs/soft.computecanada.ca/custom/python/wheelhouse/generic
Requirement already satisfied: graphviz in /home/js17sy/.local/lib/python3.10/site-packages (0.20)
628; python ga.py 24 1024N_graph24.dat 0.1 0.04 0.5 0.9 0.1 201 1024N_graph24leerygen3rem50_ 799708
/project/6008788/js17sy/reopenga/1024b/ga.py:291: DeprecationWarning: Sampling from a set deprecated
since Python 3.9 and will be removed in a subsequent version.
  child1 = set(random.sample(
gen >0, new best = 709.200
gen >0, new best = 703.800
gen >0, new best = 698.000
gen >0, new best = 694.500
gen >0, new best = 693.100
gen >0, new best = 689.600
gen >0, new best = 688.900
gen: 0 best: 688.9 mean: 711.723880597015
gen >1, new best = 674.000
gen: 1 best: 674.0 mean: 711.2850746268657
gen: 2 best: 674.0 mean: 710.0641791044776
gen: 3 best: 674.0 mean: 710.2283582089552
gen: 4 best: 674.0 mean: 707.0905472636816
gen: 5 best: 674.0 mean: 708.2169154228856
gen: 6 best: 674.0 mean: 706.9751243781094
gen: 7 best: 674.0 mean: 707.4199004975125
gen: 8 best: 674.0 mean: 706.0467661691542
gen: 9 best: 674.0 mean: 705.4507462686568
gen: 10 best: 674.0 mean: 704.2696517412935
gen: 11 best: 674.0 mean: 704.78407960199
gen: 12 best: 674.0 mean: 703.3756218905472
gen: 13 best: 674.0 mean: 703.4293532338309
gen >14, new best = 670.700
gen >14, new best = 612.000
gen: 14 best: 612.0 mean: 702.7014925373135
gen: 15 best: 612.0 mean: 702.8303482587065
gen: 16 best: 612.0 mean: 700.8199004975124
gen: 17 best: 612.0 mean: 700.5716417910447
gen: 18 best: 612.0 mean: 699.9402985074627
gen: 19 best: 612.0 mean: 701.1064676616916
gen: 20 best: 612.0 mean: 699.6049751243781
gen: 21 best: 612.0 mean: 698.7532338308458
gen: 22 best: 612.0 mean: 697.9323383084577
gen: 23 best: 612.0 mean: 698.5258706467662
gen: 24 best: 612.0 mean: 698.0218905472636
gen: 25 best: 612.0 mean: 697.9159203980099
gen: 26 best: 612.0 mean: 697.6154228855721
gen: 27 best: 612.0 mean: 698.2955223880597
gen: 28 best: 612.0 mean: 696.7044776119403
gen: 29 best: 612.0 mean: 697.6671641791045
gen: 30 best: 612.0 mean: 695.7796019900497
gen: 31 best: 612.0 mean: 695.1522388059701
gen: 32 best: 612.0 mean: 694.897512437811
gen: 33 best: 612.0 mean: 694.4338308457711
gen: 34 best: 612.0 mean: 694.68407960199
gen: 35 best: 612.0 mean: 694.8616915422886
gen: 36 best: 612.0 mean: 693.9388059701492
gen: 37 best: 612.0 mean: 692.2502487562189
gen: 38 best: 612.0 mean: 693.6004975124378
gen: 39 best: 612.0 mean: 691.5069651741294
gen: 40 best: 612.0 mean: 691.7398009950249
gen: 41 best: 612.0 mean: 691.3800995024876
gen: 42 best: 612.0 mean: 691.5039800995025
gen: 43 best: 612.0 mean: 691.5611940298508
gen: 44 best: 612.0 mean: 689.9099502487562
gen: 45 best: 612.0 mean: 691.0890547263682
gen: 46 best: 612.0 mean: 690.0905472636816
gen: 47 best: 612.0 mean: 689.0024875621891
gen: 48 best: 612.0 mean: 688.4328358208955
gen: 49 best: 612.0 mean: 689.702487562189
gen: 50 best: 612.0 mean: 688.7407960199005
gen: 51 best: 612.0 mean: 688.5890547263682
gen: 52 best: 612.0 mean: 687.7860696517413
gen: 53 best: 612.0 mean: 687.5885572139304
gen: 54 best: 612.0 mean: 688.8432835820895
gen: 55 best: 612.0 mean: 686.8915422885572
gen: 56 best: 612.0 mean: 686.042288557214
gen: 57 best: 612.0 mean: 685.1522388059701
gen: 58 best: 612.0 mean: 686.4164179104478
gen: 59 best: 612.0 mean: 686.2587064676617
gen: 60 best: 612.0 mean: 687.1199004975124
gen: 61 best: 612.0 mean: 685.0492537313432
gen: 62 best: 612.0 mean: 685.5253731343283
gen: 63 best: 612.0 mean: 685.7208955223881
gen: 64 best: 612.0 mean: 683.7328358208955
gen: 65 best: 612.0 mean: 684.3512437810946
gen: 66 best: 612.0 mean: 684.8691542288557
gen: 67 best: 612.0 mean: 684.1039800995025
gen >68, new best = 608.400
gen: 68 best: 608.4 mean: 683.0766169154228
gen: 69 best: 608.4 mean: 683.2691542288558
gen: 70 best: 608.4 mean: 682.8771144278606
gen: 71 best: 608.4 mean: 681.7865671641791
gen: 72 best: 608.4 mean: 683.0497512437811
gen: 73 best: 608.4 mean: 682.420895522388
gen: 74 best: 608.4 mean: 683.2666666666667
gen: 75 best: 608.4 mean: 683.8542288557214
gen >76, new best = 603.500
gen: 76 best: 603.5 mean: 681.0044776119403
gen: 77 best: 603.5 mean: 682.7572139303483
gen: 78 best: 603.5 mean: 682.1517412935324
gen: 79 best: 603.5 mean: 683.1069651741293
gen: 80 best: 603.5 mean: 680.4213930348259
gen: 81 best: 603.5 mean: 681.8696517412935
gen: 82 best: 603.5 mean: 680.0174129353234
gen: 83 best: 603.5 mean: 681.1442786069651
gen >84, new best = 584.900
gen: 84 best: 584.9 mean: 681.2437810945273
gen: 85 best: 584.9 mean: 680.650248756219
gen: 86 best: 584.9 mean: 679.9154228855722
gen: 87 best: 584.9 mean: 678.5363184079602
gen: 88 best: 584.9 mean: 679.8950248756219
gen: 89 best: 584.9 mean: 679.7582089552238
gen: 90 best: 584.9 mean: 679.9611940298507
gen: 91 best: 584.9 mean: 680.5746268656717
gen: 92 best: 584.9 mean: 678.3412935323383
gen: 93 best: 584.9 mean: 679.3149253731343
gen: 94 best: 584.9 mean: 677.6248756218905
gen: 95 best: 584.9 mean: 679.5099502487562
gen: 96 best: 584.9 mean: 678.9547263681592
gen: 97 best: 584.9 mean: 677.4482587064676
gen: 98 best: 584.9 mean: 677.2069651741293
gen: 99 best: 584.9 mean: 677.5228855721393
[9, 9, 10, 9, 9, 9, 9, 10, 9, 9, 9, 8, 8, 9, 9, 10, 9, 9, 8, 8, 9, 9, 8, 8, 8, 8, 9, 9, 10, 8, 10, 8, 9, 9, 9, 10, 9, 9, 9, 9, 8, 9, 8, 8, 8, 9, 9, 9]
Test count of edges: 3144
cat
