Defaulting to user installation because normal site-packages is not writeable
Looking in links: /cvmfs/soft.computecanada.ca/custom/python/wheelhouse/gentoo/avx2, /cvmfs/soft.computecanada.ca/custom/python/wheelhouse/gentoo/generic, /cvmfs/soft.computecanada.ca/custom/python/wheelhouse/generic
Requirement already satisfied: graphviz in /home/js17sy/.local/lib/python3.10/site-packages (0.20)
362; python ga.py 24 1024N_graph24.dat 0.075 0.03 0.5 0.5 0.5 201 1024N_graph24laxgen1rem50_ 57122
/project/6008788/js17sy/reopenga/1024b/ga.py:291: DeprecationWarning: Sampling from a set deprecated
since Python 3.9 and will be removed in a subsequent version.
  child1 = set(random.sample(
gen >0, new best = 676.700
gen >0, new best = 663.600
gen >0, new best = 662.200
gen >0, new best = 651.600
gen: 0 best: 651.6 mean: 678.8639303482587
gen >1, new best = 650.200
gen >1, new best = 648.600
gen: 1 best: 648.6 mean: 677.6676616915423
gen: 2 best: 648.6 mean: 676.6363184079602
gen >3, new best = 646.900
gen: 3 best: 646.9 mean: 675.8870646766169
gen >4, new best = 646.100
gen: 4 best: 646.1 mean: 673.6069651741293
gen: 5 best: 646.1 mean: 674.5572139303482
gen: 6 best: 646.1 mean: 673.7925373134328
gen: 7 best: 646.1 mean: 674.3621890547264
gen >8, new best = 617.600
gen: 8 best: 617.6 mean: 672.7089552238806
gen: 9 best: 617.6 mean: 672.8925373134329
gen: 10 best: 617.6 mean: 672.3691542288557
gen: 11 best: 617.6 mean: 671.3830845771145
gen: 12 best: 617.6 mean: 668.9104477611941
gen: 13 best: 617.6 mean: 669.507960199005
gen: 14 best: 617.6 mean: 668.5323383084577
gen: 15 best: 617.6 mean: 669.2268656716418
gen: 16 best: 617.6 mean: 668.4686567164179
gen: 17 best: 617.6 mean: 668.971144278607
gen: 18 best: 617.6 mean: 666.1572139303482
gen >19, new best = 593.400
gen: 19 best: 593.4 mean: 665.3492537313433
gen: 20 best: 593.4 mean: 665.9611940298507
gen: 21 best: 593.4 mean: 666.0412935323383
gen: 22 best: 593.4 mean: 663.6995024875622
gen: 23 best: 593.4 mean: 663.3308457711443
gen: 24 best: 593.4 mean: 663.7243781094527
gen: 25 best: 593.4 mean: 661.9452736318408
gen: 26 best: 593.4 mean: 663.179104477612
gen >27, new best = 586.800
gen: 27 best: 586.8 mean: 662.9467661691542
gen: 28 best: 586.8 mean: 661.7258706467662
gen: 29 best: 586.8 mean: 661.2701492537313
gen: 30 best: 586.8 mean: 662.5417910447761
gen: 31 best: 586.8 mean: 662.292039800995
gen: 32 best: 586.8 mean: 661.471144278607
gen: 33 best: 586.8 mean: 661.9925373134329
gen: 34 best: 586.8 mean: 661.6567164179105
gen: 35 best: 586.8 mean: 661.2268656716418
gen: 36 best: 586.8 mean: 660.7621890547264
gen: 37 best: 586.8 mean: 660.381592039801
gen: 38 best: 586.8 mean: 660.8636815920398
gen: 39 best: 586.8 mean: 659.9970149253732
gen: 40 best: 586.8 mean: 659.4313432835821
gen >41, new best = 580.300
gen: 41 best: 580.3 mean: 658.9825870646766
gen: 42 best: 580.3 mean: 659.7731343283582
gen: 43 best: 580.3 mean: 658.9129353233831
gen: 44 best: 580.3 mean: 660.6751243781094
gen: 45 best: 580.3 mean: 659.3398009950249
gen: 46 best: 580.3 mean: 659.3089552238806
gen: 47 best: 580.3 mean: 659.4492537313433
gen: 48 best: 580.3 mean: 659.3139303482587
gen: 49 best: 580.3 mean: 657.9353233830846
gen: 50 best: 580.3 mean: 656.9457711442786
gen: 51 best: 580.3 mean: 657.1174129353234
gen: 52 best: 580.3 mean: 656.3547263681592
gen: 53 best: 580.3 mean: 656.6587064676617
gen: 54 best: 580.3 mean: 657.9751243781095
gen: 55 best: 580.3 mean: 655.4462686567164
gen: 56 best: 580.3 mean: 657.2268656716418
gen: 57 best: 580.3 mean: 655.0233830845771
gen: 58 best: 580.3 mean: 655.352736318408
gen: 59 best: 580.3 mean: 654.6965174129353
gen: 60 best: 580.3 mean: 654.7985074626865
gen: 61 best: 580.3 mean: 655.4636815920398
gen: 62 best: 580.3 mean: 653.9462686567164
gen: 63 best: 580.3 mean: 654.9472636815921
gen: 64 best: 580.3 mean: 655.4995024875622
gen: 65 best: 580.3 mean: 653.6437810945274
gen: 66 best: 580.3 mean: 653.7756218905473
gen: 67 best: 580.3 mean: 654.2542288557214
gen >68, new best = 578.400
gen: 68 best: 578.4 mean: 653.6179104477612
gen: 69 best: 578.4 mean: 652.7407960199005
gen: 70 best: 578.4 mean: 652.465671641791
gen: 71 best: 578.4 mean: 652.6457711442786
gen: 72 best: 578.4 mean: 653.492039800995
gen: 73 best: 578.4 mean: 652.3457711442786
gen: 74 best: 578.4 mean: 653.3293532338308
gen: 75 best: 578.4 mean: 651.2825870646766
gen: 76 best: 578.4 mean: 652.7278606965174
gen: 77 best: 578.4 mean: 652.2835820895523
gen: 78 best: 578.4 mean: 650.2144278606966
gen: 79 best: 578.4 mean: 652.0721393034826
gen: 80 best: 578.4 mean: 650.602487562189
gen: 81 best: 578.4 mean: 650.7855721393034
gen: 82 best: 578.4 mean: 648.3388059701492
gen >83, new best = 573.400
gen: 83 best: 573.4 mean: 649.4378109452737
gen: 84 best: 573.4 mean: 649.897512437811
gen: 85 best: 573.4 mean: 650.071144278607
gen: 86 best: 573.4 mean: 650.4009950248757
gen: 87 best: 573.4 mean: 648.5900497512438
gen: 88 best: 573.4 mean: 650.4383084577114
gen: 89 best: 573.4 mean: 650.1517412935324
gen: 90 best: 573.4 mean: 649.5990049751243
gen: 91 best: 573.4 mean: 648.6338308457712
gen: 92 best: 573.4 mean: 649.6189054726368
gen: 93 best: 573.4 mean: 648.3537313432836
gen: 94 best: 573.4 mean: 648.6701492537313
gen: 95 best: 573.4 mean: 648.5547263681592
gen: 96 best: 573.4 mean: 648.33184079602
gen: 97 best: 573.4 mean: 649.5741293532338
gen: 98 best: 573.4 mean: 650.0676616915423
gen: 99 best: 573.4 mean: 648.3338308457711
[10, 9, 9, 10, 9, 9, 10, 10, 10, 10, 10, 10, 9, 9, 10, 9, 9, 9, 10, 8, 10, 9, 9, 10, 12, 9, 10, 9, 9, 9, 10, 9, 10, 9, 9, 10, 10, 11, 9, 10, 10, 10, 10, 9, 9, 9, 9]
Test count of edges: 3177
cat
