Defaulting to user installation because normal site-packages is not writeable
Looking in links: /cvmfs/soft.computecanada.ca/custom/python/wheelhouse/gentoo/avx2, /cvmfs/soft.computecanada.ca/custom/python/wheelhouse/gentoo/generic, /cvmfs/soft.computecanada.ca/custom/python/wheelhouse/generic
Requirement already satisfied: graphviz in /home/js17sy/.local/lib/python3.10/site-packages (0.20)
39; python ga.py 24 1024N_graph24.dat 0.025 0.01 0.5 0.7 0.3 201 1024N_graph24strictgen2rem50_ 257049
/project/6008788/js17sy/reopenga/1024b/ga.py:291: DeprecationWarning: Sampling from a set deprecated
since Python 3.9 and will be removed in a subsequent version.
  child1 = set(random.sample(
gen >0, new best = 622.800
gen >0, new best = 620.200
gen >0, new best = 613.000
gen >0, new best = 610.700
gen >0, new best = 608.200
gen >0, new best = 605.700
gen: 0 best: 605.7 mean: 630.8756218905472
gen: 1 best: 605.7 mean: 629.7865671641791
gen: 2 best: 605.7 mean: 629.3547263681592
gen >3, new best = 605.500
gen >3, new best = 589.600
gen: 3 best: 589.6 mean: 627.1497512437811
gen: 4 best: 589.6 mean: 626.6830845771144
gen: 5 best: 589.6 mean: 625.5402985074627
gen: 6 best: 589.6 mean: 625.8776119402985
gen: 7 best: 589.6 mean: 624.747263681592
gen >8, new best = 572.900
gen: 8 best: 572.9 mean: 624.2711442786069
gen: 9 best: 572.9 mean: 623.4850746268656
gen: 10 best: 572.9 mean: 620.2502487562189
gen: 11 best: 572.9 mean: 620.989552238806
gen: 12 best: 572.9 mean: 620.905472636816
gen: 13 best: 572.9 mean: 620.0154228855721
gen: 14 best: 572.9 mean: 619.0611940298508
gen: 15 best: 572.9 mean: 618.6243781094528
gen: 16 best: 572.9 mean: 617.0776119402985
gen >17, new best = 571.100
gen: 17 best: 571.1 mean: 617.789552238806
gen: 18 best: 571.1 mean: 617.0049751243781
gen >19, new best = 564.500
gen: 19 best: 564.5 mean: 613.4766169154229
gen >20, new best = 547.800
gen: 20 best: 547.8 mean: 613.0059701492537
gen: 21 best: 547.8 mean: 613.7990049751244
gen: 22 best: 547.8 mean: 613.6293532338309
gen: 23 best: 547.8 mean: 611.8666666666667
gen: 24 best: 547.8 mean: 609.2402985074627
gen: 25 best: 547.8 mean: 608.4393034825871
gen: 26 best: 547.8 mean: 608.8766169154229
gen: 27 best: 547.8 mean: 607.3059701492538
gen: 28 best: 547.8 mean: 607.7427860696517
gen: 29 best: 547.8 mean: 606.6283582089552
gen: 30 best: 547.8 mean: 605.1741293532339
gen: 31 best: 547.8 mean: 604.1507462686567
gen >32, new best = 541.700
gen: 32 best: 541.7 mean: 602.7243781094527
gen: 33 best: 541.7 mean: 602.7114427860696
gen: 34 best: 541.7 mean: 601.644776119403
gen: 35 best: 541.7 mean: 599.7776119402985
gen: 36 best: 541.7 mean: 598.5069651741294
gen: 37 best: 541.7 mean: 597.457711442786
gen: 38 best: 541.7 mean: 598.7233830845771
gen: 39 best: 541.7 mean: 596.2378109452736
gen: 40 best: 541.7 mean: 596.8656716417911
gen: 41 best: 541.7 mean: 596.871144278607
gen: 42 best: 541.7 mean: 594.9293532338309
gen: 43 best: 541.7 mean: 595.1731343283582
gen: 44 best: 541.7 mean: 593.4835820895522
gen: 45 best: 541.7 mean: 593.4457711442786
gen: 46 best: 541.7 mean: 592.9940298507463
gen: 47 best: 541.7 mean: 593.6467661691543
gen: 48 best: 541.7 mean: 592.673631840796
gen: 49 best: 541.7 mean: 591.4084577114428
gen: 50 best: 541.7 mean: 591.4412935323384
gen: 51 best: 541.7 mean: 589.8781094527363
gen: 52 best: 541.7 mean: 589.2656716417911
gen >53, new best = 526.100
gen: 53 best: 526.1 mean: 590.3283582089553
gen: 54 best: 526.1 mean: 587.4955223880597
gen: 55 best: 526.1 mean: 587.4706467661691
gen: 56 best: 526.1 mean: 588.5706467661691
gen: 57 best: 526.1 mean: 587.1880597014925
gen: 58 best: 526.1 mean: 589.1855721393035
gen: 59 best: 526.1 mean: 586.9696517412935
gen: 60 best: 526.1 mean: 585.6308457711443
gen: 61 best: 526.1 mean: 584.8781094527363
gen >62, new best = 511.800
gen: 62 best: 511.8 mean: 584.5497512437811
gen: 63 best: 511.8 mean: 583.4572139303483
gen: 64 best: 511.8 mean: 584.334328358209
gen: 65 best: 511.8 mean: 583.9104477611941
gen: 66 best: 511.8 mean: 581.9611940298507
gen: 67 best: 511.8 mean: 583.0462686567164
gen: 68 best: 511.8 mean: 581.7572139303483
gen: 69 best: 511.8 mean: 581.9776119402985
gen: 70 best: 511.8 mean: 580.4830845771144
gen: 71 best: 511.8 mean: 580.8517412935323
gen: 72 best: 511.8 mean: 581.3626865671641
gen: 73 best: 511.8 mean: 580.2014925373135
gen: 74 best: 511.8 mean: 582.2825870646766
gen: 75 best: 511.8 mean: 581.5014925373134
gen: 76 best: 511.8 mean: 579.892039800995
gen >77, new best = 508.800
gen: 77 best: 508.8 mean: 579.2422885572139
gen: 78 best: 508.8 mean: 579.179104477612
gen: 79 best: 508.8 mean: 580.0940298507462
gen: 80 best: 508.8 mean: 579.0661691542289
gen: 81 best: 508.8 mean: 579.2109452736319
gen: 82 best: 508.8 mean: 577.8970149253731
gen: 83 best: 508.8 mean: 579.3064676616915
gen: 84 best: 508.8 mean: 577.6880597014925
gen: 85 best: 508.8 mean: 578.0258706467662
gen: 86 best: 508.8 mean: 578.3114427860696
gen: 87 best: 508.8 mean: 577.844776119403
gen: 88 best: 508.8 mean: 577.2671641791045
gen: 89 best: 508.8 mean: 576.8890547263682
gen: 90 best: 508.8 mean: 577.1303482587065
gen: 91 best: 508.8 mean: 576.8144278606965
gen: 92 best: 508.8 mean: 577.5109452736318
gen: 93 best: 508.8 mean: 576.7338308457712
gen: 94 best: 508.8 mean: 575.8119402985075
gen: 95 best: 508.8 mean: 575.236815920398
gen: 96 best: 508.8 mean: 574.2482587064677
gen: 97 best: 508.8 mean: 575.9323383084577
gen: 98 best: 508.8 mean: 575.8353233830845
gen: 99 best: 508.8 mean: 574.3885572139303
[11, 12, 11, 10, 11, 11, 10, 11, 13, 12, 12, 12, 12, 11, 12, 10, 10, 10, 12, 13, 11, 11, 10, 13, 10, 11, 11, 11, 14, 12, 10, 10, 11, 11, 12, 11, 12, 12, 11, 11, 11, 11, 12, 12, 12, 11, 10, 11]
Test count of edges: 3157
cat
