Defaulting to user installation because normal site-packages is not writeable
Looking in links: /cvmfs/soft.computecanada.ca/custom/python/wheelhouse/gentoo/avx2, /cvmfs/soft.computecanada.ca/custom/python/wheelhouse/gentoo/generic, /cvmfs/soft.computecanada.ca/custom/python/wheelhouse/generic
Requirement already satisfied: graphviz in /home/js17sy/.local/lib/python3.10/site-packages (0.20)
659; python ga.py 24 1024N_graph24.dat 0.1 0.04 0.7 0.5 0.5 201 1024N_graph24leerygen1rem70_ 828269
/project/6008788/js17sy/reopenga/1024b/ga.py:291: DeprecationWarning: Sampling from a set deprecated
since Python 3.9 and will be removed in a subsequent version.
  child1 = set(random.sample(
gen >0, new best = 643.100
gen >0, new best = 625.800
gen >0, new best = 618.300
gen >0, new best = 612.400
gen >0, new best = 611.500
gen >0, new best = 602.100
gen >0, new best = 600.700
gen: 0 best: 600.7 mean: 635.7796019900497
gen >1, new best = 591.900
gen >1, new best = 582.400
gen: 1 best: 582.4 mean: 635.1741293532339
gen >2, new best = 578.400
gen: 2 best: 578.4 mean: 633.5601990049752
gen: 3 best: 578.4 mean: 630.9
gen: 4 best: 578.4 mean: 630.0865671641791
gen: 5 best: 578.4 mean: 627.7442786069652
gen >6, new best = 572.300
gen: 6 best: 572.3 mean: 624.9194029850746
gen >7, new best = 532.500
gen: 7 best: 532.5 mean: 624.9726368159204
gen: 8 best: 532.5 mean: 624.6701492537313
gen: 9 best: 532.5 mean: 625.1930348258707
gen: 10 best: 532.5 mean: 624.9572139303483
gen: 11 best: 532.5 mean: 623.3746268656716
gen: 12 best: 532.5 mean: 622.1353233830846
gen: 13 best: 532.5 mean: 622.7875621890547
gen: 14 best: 532.5 mean: 619.7616915422885
gen: 15 best: 532.5 mean: 618.7442786069652
gen: 16 best: 532.5 mean: 620.3218905472637
gen: 17 best: 532.5 mean: 618.4965174129353
gen: 18 best: 532.5 mean: 619.8278606965174
gen: 19 best: 532.5 mean: 619.3990049751244
gen: 20 best: 532.5 mean: 616.5616915422886
gen: 21 best: 532.5 mean: 617.544776119403
gen: 22 best: 532.5 mean: 618.5557213930348
gen: 23 best: 532.5 mean: 616.8796019900498
gen: 24 best: 532.5 mean: 616.9726368159204
gen: 25 best: 532.5 mean: 615.6492537313433
gen: 26 best: 532.5 mean: 613.8338308457711
gen: 27 best: 532.5 mean: 614.6592039800995
gen: 28 best: 532.5 mean: 615.5407960199005
gen: 29 best: 532.5 mean: 612.1850746268657
gen: 30 best: 532.5 mean: 614.7522388059701
gen: 31 best: 532.5 mean: 612.3761194029851
gen: 32 best: 532.5 mean: 613.3626865671641
gen: 33 best: 532.5 mean: 611.7019900497512
gen: 34 best: 532.5 mean: 611.4348258706468
gen: 35 best: 532.5 mean: 611.5437810945274
gen: 36 best: 532.5 mean: 611.723880597015
gen: 37 best: 532.5 mean: 610.6517412935324
gen: 38 best: 532.5 mean: 609.9676616915423
gen: 39 best: 532.5 mean: 607.3771144278606
gen: 40 best: 532.5 mean: 608.1054726368159
gen: 41 best: 532.5 mean: 608.88407960199
gen: 42 best: 532.5 mean: 608.7109452736319
gen: 43 best: 532.5 mean: 608.273631840796
gen: 44 best: 532.5 mean: 607.3766169154229
gen: 45 best: 532.5 mean: 607.281592039801
gen: 46 best: 532.5 mean: 605.7074626865672
gen: 47 best: 532.5 mean: 606.9009950248757
gen: 48 best: 532.5 mean: 606.1676616915423
gen: 49 best: 532.5 mean: 607.526368159204
gen: 50 best: 532.5 mean: 607.5134328358209
gen: 51 best: 532.5 mean: 605.079104477612
gen: 52 best: 532.5 mean: 605.9706467661691
gen: 53 best: 532.5 mean: 606.565671641791
gen: 54 best: 532.5 mean: 606.0099502487562
gen: 55 best: 532.5 mean: 604.9417910447761
gen: 56 best: 532.5 mean: 605.3064676616915
gen: 57 best: 532.5 mean: 604.4144278606965
gen: 58 best: 532.5 mean: 604.3467661691542
gen: 59 best: 532.5 mean: 607.702487562189
gen: 60 best: 532.5 mean: 605.6353233830846
gen >61, new best = 519.100
gen: 61 best: 519.1 mean: 605.247263681592
gen: 62 best: 519.1 mean: 604.6611940298508
gen: 63 best: 519.1 mean: 605.1925373134328
gen: 64 best: 519.1 mean: 602.2771144278607
gen: 65 best: 519.1 mean: 602.9437810945274
gen: 66 best: 519.1 mean: 603.5970149253732
gen: 67 best: 519.1 mean: 600.8756218905472
gen: 68 best: 519.1 mean: 602.687064676617
gen: 69 best: 519.1 mean: 601.2228855721393
gen: 70 best: 519.1 mean: 602.0676616915423
gen: 71 best: 519.1 mean: 601.563184079602
gen: 72 best: 519.1 mean: 602.2467661691542
gen: 73 best: 519.1 mean: 601.4402985074627
gen: 74 best: 519.1 mean: 601.223880597015
gen: 75 best: 519.1 mean: 601.6606965174129
gen: 76 best: 519.1 mean: 600.655223880597
gen: 77 best: 519.1 mean: 602.3189054726369
gen: 78 best: 519.1 mean: 601.4601990049752
gen: 79 best: 519.1 mean: 602.6089552238806
gen: 80 best: 519.1 mean: 600.8383084577115
gen: 81 best: 519.1 mean: 600.8547263681592
gen: 82 best: 519.1 mean: 601.0880597014925
gen: 83 best: 519.1 mean: 600.4472636815921
gen: 84 best: 519.1 mean: 600.3706467661691
gen: 85 best: 519.1 mean: 598.5233830845771
gen: 86 best: 519.1 mean: 600.7616915422885
gen: 87 best: 519.1 mean: 599.6970149253731
gen: 88 best: 519.1 mean: 599.2283582089552
gen: 89 best: 519.1 mean: 598.9199004975125
gen: 90 best: 519.1 mean: 600.4213930348259
gen: 91 best: 519.1 mean: 600.8751243781095
gen: 92 best: 519.1 mean: 599.2656716417911
gen: 93 best: 519.1 mean: 600.8965174129353
gen: 94 best: 519.1 mean: 600.6218905472637
gen: 95 best: 519.1 mean: 603.1019900497513
gen: 96 best: 519.1 mean: 600.5796019900497
gen: 97 best: 519.1 mean: 601.5980099502488
gen: 98 best: 519.1 mean: 600.9940298507463
gen: 99 best: 519.1 mean: 599.0805970149254
[8, 8, 8, 9, 10, 9, 9, 8, 8, 9, 8, 8, 9, 9, 9, 7, 8, 8, 8, 8, 8, 8, 8, 10, 7, 8, 8, 8, 8, 8, 8, 8, 8, 8, 8, 9, 8, 8, 8, 7, 8, 7, 8, 9, 7, 8, 8, 8, 8]
Test count of edges: 1913
cat
