Defaulting to user installation because normal site-packages is not writeable
Looking in links: /cvmfs/soft.computecanada.ca/custom/python/wheelhouse/gentoo/avx2, /cvmfs/soft.computecanada.ca/custom/python/wheelhouse/gentoo/generic, /cvmfs/soft.computecanada.ca/custom/python/wheelhouse/generic
Requirement already satisfied: graphviz in /home/js17sy/.local/lib/python3.10/site-packages (0.20)
315; python ga.py 24 1024N_graph24.dat 0.05 0.02 0.7 0.7 0.3 201 1024N_graph24mediumgen2rem70_ 428415
/project/6008788/js17sy/reopenga/1024b/ga.py:291: DeprecationWarning: Sampling from a set deprecated
since Python 3.9 and will be removed in a subsequent version.
  child1 = set(random.sample(
gen >0, new best = 609.500
gen >0, new best = 606.700
gen >0, new best = 555.000
gen >0, new best = 532.900
gen: 0 best: 532.9 mean: 602.1465174129353
gen >1, new best = 531.700
gen >1, new best = 523.300
gen: 1 best: 523.3 mean: 596.7442786069652
gen >2, new best = 506.100
gen: 2 best: 506.1 mean: 592.0835820895522
gen: 3 best: 506.1 mean: 586.281592039801
gen >4, new best = 505.800
gen: 4 best: 505.8 mean: 586.5870646766169
gen: 5 best: 505.8 mean: 582.3721393034826
gen: 6 best: 505.8 mean: 577.0651741293532
gen: 7 best: 505.8 mean: 572.9467661691542
gen: 8 best: 505.8 mean: 570.5870646766169
gen >9, new best = 504.800
gen: 9 best: 504.8 mean: 574.3412935323383
gen: 10 best: 504.8 mean: 572.6044776119403
gen >11, new best = 492.700
gen: 11 best: 492.7 mean: 563.507960199005
gen: 12 best: 492.7 mean: 562.187064676617
gen: 13 best: 492.7 mean: 559.7845771144279
gen: 14 best: 492.7 mean: 559.9034825870647
gen >15, new best = 486.200
gen: 15 best: 486.2 mean: 555.2477611940299
gen >16, new best = 486.000
gen: 16 best: 486.0 mean: 552.763184079602
gen: 17 best: 486.0 mean: 551.1218905472637
gen: 18 best: 486.0 mean: 550.1069651741293
gen >19, new best = 481.900
gen: 19 best: 481.9 mean: 548.5323383084577
gen: 20 best: 481.9 mean: 546.0452736318408
gen: 21 best: 481.9 mean: 545.0721393034826
gen: 22 best: 481.9 mean: 544.6980099502488
gen: 23 best: 481.9 mean: 541.3402985074626
gen: 24 best: 481.9 mean: 543.8636815920398
gen: 25 best: 481.9 mean: 541.2875621890547
gen >26, new best = 474.900
gen: 26 best: 474.9 mean: 541.9875621890548
gen: 27 best: 474.9 mean: 536.0532338308458
gen: 28 best: 474.9 mean: 535.4825870646766
gen: 29 best: 474.9 mean: 537.8900497512437
gen: 30 best: 474.9 mean: 535.2820895522389
gen >31, new best = 441.000
gen: 31 best: 441.0 mean: 535.0562189054726
gen: 32 best: 441.0 mean: 534.6930348258707
gen: 33 best: 441.0 mean: 532.4915422885572
gen: 34 best: 441.0 mean: 533.8228855721393
gen: 35 best: 441.0 mean: 531.9104477611941
gen: 36 best: 441.0 mean: 531.0726368159204
gen: 37 best: 441.0 mean: 527.5965174129353
gen: 38 best: 441.0 mean: 529.7671641791045
gen: 39 best: 441.0 mean: 528.7651741293532
gen: 40 best: 441.0 mean: 528.655223880597
gen: 41 best: 441.0 mean: 526.5154228855721
gen: 42 best: 441.0 mean: 525.355223880597
gen: 43 best: 441.0 mean: 522.0955223880597
gen: 44 best: 441.0 mean: 523.1014925373134
gen: 45 best: 441.0 mean: 522.4706467661691
gen: 46 best: 441.0 mean: 521.1611940298508
gen: 47 best: 441.0 mean: 521.8
gen: 48 best: 441.0 mean: 521.676119402985
gen: 49 best: 441.0 mean: 520.7432835820896
gen: 50 best: 441.0 mean: 522.2716417910448
gen: 51 best: 441.0 mean: 521.1975124378109
gen: 52 best: 441.0 mean: 521.9328358208955
gen: 53 best: 441.0 mean: 522.6029850746269
gen: 54 best: 441.0 mean: 521.055223880597
gen: 55 best: 441.0 mean: 518.4393034825871
gen: 56 best: 441.0 mean: 518.9273631840796
gen: 57 best: 441.0 mean: 516.371144278607
gen: 58 best: 441.0 mean: 518.1925373134328
gen: 59 best: 441.0 mean: 516.2308457711442
gen: 60 best: 441.0 mean: 516.7875621890547
gen: 61 best: 441.0 mean: 513.6796019900497
gen >62, new best = 440.000
gen: 62 best: 440.0 mean: 512.5482587064677
gen: 63 best: 440.0 mean: 513.8756218905472
gen: 64 best: 440.0 mean: 514.4721393034825
gen: 65 best: 440.0 mean: 513.155223880597
gen: 66 best: 440.0 mean: 514.0253731343283
gen: 67 best: 440.0 mean: 512.0676616915423
gen: 68 best: 440.0 mean: 515.1686567164179
gen: 69 best: 440.0 mean: 512.8338308457711
gen: 70 best: 440.0 mean: 513.457711442786
gen: 71 best: 440.0 mean: 512.5915422885572
gen: 72 best: 440.0 mean: 510.9681592039801
gen: 73 best: 440.0 mean: 514.9358208955224
gen: 74 best: 440.0 mean: 513.4462686567164
gen: 75 best: 440.0 mean: 511.5676616915423
gen: 76 best: 440.0 mean: 510.83482587064674
gen: 77 best: 440.0 mean: 512.1915422885572
gen: 78 best: 440.0 mean: 511.4691542288557
gen: 79 best: 440.0 mean: 510.62587064676615
gen: 80 best: 440.0 mean: 509.04278606965175
gen: 81 best: 440.0 mean: 510.897512437811
gen: 82 best: 440.0 mean: 510.397512437811
gen: 83 best: 440.0 mean: 507.80099502487565
gen: 84 best: 440.0 mean: 508.1726368159204
gen: 85 best: 440.0 mean: 508.0383084577114
gen: 86 best: 440.0 mean: 507.2283582089552
gen: 87 best: 440.0 mean: 506.6313432835821
gen: 88 best: 440.0 mean: 505.0084577114428
gen: 89 best: 440.0 mean: 508.06666666666666
gen: 90 best: 440.0 mean: 505.7870646766169
gen: 91 best: 440.0 mean: 504.69154228855723
gen: 92 best: 440.0 mean: 506.95323383084576
gen: 93 best: 440.0 mean: 507.5278606965174
gen: 94 best: 440.0 mean: 504.26616915422886
gen: 95 best: 440.0 mean: 507.8174129353234
gen: 96 best: 440.0 mean: 507.28805970149256
gen: 97 best: 440.0 mean: 506.0238805970149
gen: 98 best: 440.0 mean: 504.4099502487562
gen: 99 best: 440.0 mean: 504.1427860696517
[9, 9, 11, 9, 9, 9, 11, 8, 9, 9, 8, 11, 9, 9, 9, 9, 9, 10, 8, 9, 10, 9, 9, 10, 9, 10, 9, 10, 11, 9, 9, 10, 9, 9, 8, 9, 8, 8, 9, 9, 9, 10, 8, 10, 9, 9, 10, 9, 9]
Test count of edges: 1900
cat
