Defaulting to user installation because normal site-packages is not writeable
Looking in links: /cvmfs/soft.computecanada.ca/custom/python/wheelhouse/gentoo/avx2, /cvmfs/soft.computecanada.ca/custom/python/wheelhouse/gentoo/generic, /cvmfs/soft.computecanada.ca/custom/python/wheelhouse/generic
Requirement already satisfied: graphviz in /home/js17sy/.local/lib/python3.10/site-packages (0.20)
45; python ga.py 24 1024N_graph24.dat 0.025 0.01 0.5 0.7 0.3 201 1024N_graph24strictgen2rem50_ 428415
/project/6008788/js17sy/reopenga/1024b/ga.py:291: DeprecationWarning: Sampling from a set deprecated
since Python 3.9 and will be removed in a subsequent version.
  child1 = set(random.sample(
gen >0, new best = 636.700
gen >0, new best = 617.600
gen >0, new best = 615.100
gen >0, new best = 613.600
gen >0, new best = 612.700
gen >0, new best = 609.000
gen: 0 best: 609.0 mean: 630.8547263681592
gen >1, new best = 605.100
gen >1, new best = 604.300
gen >1, new best = 563.900
gen: 1 best: 563.9 mean: 628.3119402985075
gen: 2 best: 563.9 mean: 627.7741293532339
gen: 3 best: 563.9 mean: 628.1726368159204
gen: 4 best: 563.9 mean: 626.502487562189
gen: 5 best: 563.9 mean: 626.6487562189054
gen: 6 best: 563.9 mean: 624.8726368159204
gen: 7 best: 563.9 mean: 623.9955223880597
gen: 8 best: 563.9 mean: 623.926368159204
gen: 9 best: 563.9 mean: 623.718407960199
gen: 10 best: 563.9 mean: 621.2900497512438
gen: 11 best: 563.9 mean: 622.1746268656716
gen: 12 best: 563.9 mean: 620.4253731343283
gen: 13 best: 563.9 mean: 620.1587064676617
gen: 14 best: 563.9 mean: 619.3039800995025
gen: 15 best: 563.9 mean: 617.8661691542288
gen: 16 best: 563.9 mean: 617.4601990049752
gen: 17 best: 563.9 mean: 615.4592039800995
gen: 18 best: 563.9 mean: 615.4517412935323
gen >19, new best = 551.500
gen: 19 best: 551.5 mean: 614.1343283582089
gen: 20 best: 551.5 mean: 614.0547263681592
gen: 21 best: 551.5 mean: 614.0527363184079
gen: 22 best: 551.5 mean: 611.3124378109453
gen: 23 best: 551.5 mean: 609.7303482587065
gen: 24 best: 551.5 mean: 608.3915422885572
gen: 25 best: 551.5 mean: 607.7820895522389
gen: 26 best: 551.5 mean: 606.4398009950248
gen >27, new best = 542.900
gen: 27 best: 542.9 mean: 606.6875621890547
gen: 28 best: 542.9 mean: 605.7751243781095
gen: 29 best: 542.9 mean: 603.7875621890547
gen: 30 best: 542.9 mean: 603.2248756218905
gen: 31 best: 542.9 mean: 603.6865671641791
gen: 32 best: 542.9 mean: 601.5034825870647
gen: 33 best: 542.9 mean: 602.739303482587
gen: 34 best: 542.9 mean: 601.4169154228856
gen: 35 best: 542.9 mean: 602.4039800995025
gen: 36 best: 542.9 mean: 601.3985074626866
gen: 37 best: 542.9 mean: 598.9228855721393
gen: 38 best: 542.9 mean: 598.150248756219
gen: 39 best: 542.9 mean: 598.7726368159204
gen: 40 best: 542.9 mean: 598.6258706467662
gen: 41 best: 542.9 mean: 597.9965174129353
gen: 42 best: 542.9 mean: 596.1990049751244
gen: 43 best: 542.9 mean: 596.6865671641791
gen: 44 best: 542.9 mean: 596.8174129353234
gen: 45 best: 542.9 mean: 594.5522388059702
gen: 46 best: 542.9 mean: 593.1606965174129
gen >47, new best = 541.500
gen >47, new best = 531.300
gen: 47 best: 531.3 mean: 595.1457711442786
gen: 48 best: 531.3 mean: 593.6587064676617
gen: 49 best: 531.3 mean: 593.2776119402985
gen: 50 best: 531.3 mean: 592.4696517412935
gen: 51 best: 531.3 mean: 590.4492537313433
gen: 52 best: 531.3 mean: 591.0069651741294
gen: 53 best: 531.3 mean: 590.8701492537314
gen: 54 best: 531.3 mean: 590.079104477612
gen: 55 best: 531.3 mean: 589.4452736318408
gen: 56 best: 531.3 mean: 588.9502487562189
gen >57, new best = 514.000
gen: 57 best: 514.0 mean: 587.7
gen: 58 best: 514.0 mean: 588.8651741293532
gen: 59 best: 514.0 mean: 587.7432835820896
gen >60, new best = 511.000
gen: 60 best: 511.0 mean: 586.723880597015
gen: 61 best: 511.0 mean: 585.7457711442786
gen: 62 best: 511.0 mean: 584.3786069651741
gen: 63 best: 511.0 mean: 583.8079601990049
gen: 64 best: 511.0 mean: 583.9796019900498
gen: 65 best: 511.0 mean: 583.0776119402985
gen: 66 best: 511.0 mean: 580.9248756218906
gen: 67 best: 511.0 mean: 582.3223880597014
gen: 68 best: 511.0 mean: 580.6975124378109
gen: 69 best: 511.0 mean: 581.0960199004975
gen: 70 best: 511.0 mean: 579.5915422885572
gen: 71 best: 511.0 mean: 579.5756218905473
gen: 72 best: 511.0 mean: 578.3477611940299
gen: 73 best: 511.0 mean: 577.6726368159204
gen: 74 best: 511.0 mean: 578.3542288557214
gen: 75 best: 511.0 mean: 576.9044776119403
gen: 76 best: 511.0 mean: 577.9850746268656
gen: 77 best: 511.0 mean: 576.7497512437811
gen: 78 best: 511.0 mean: 576.9432835820895
gen: 79 best: 511.0 mean: 575.0597014925373
gen: 80 best: 511.0 mean: 575.3611940298507
gen: 81 best: 511.0 mean: 573.8641791044776
gen: 82 best: 511.0 mean: 574.1542288557214
gen: 83 best: 511.0 mean: 570.8567164179104
gen: 84 best: 511.0 mean: 573.5587064676618
gen: 85 best: 511.0 mean: 573.297512437811
gen: 86 best: 511.0 mean: 574.3661691542288
gen: 87 best: 511.0 mean: 573.0164179104478
gen: 88 best: 511.0 mean: 573.6069651741293
gen: 89 best: 511.0 mean: 573.1378109452736
gen: 90 best: 511.0 mean: 573.2597014925373
gen: 91 best: 511.0 mean: 572.4771144278607
gen: 92 best: 511.0 mean: 573.9104477611941
gen: 93 best: 511.0 mean: 572.5169154228855
gen: 94 best: 511.0 mean: 572.8218905472637
gen: 95 best: 511.0 mean: 571.5850746268657
gen: 96 best: 511.0 mean: 570.9029850746268
gen: 97 best: 511.0 mean: 571.2422885572139
gen: 98 best: 511.0 mean: 571.150248756219
gen: 99 best: 511.0 mean: 571.0338308457711
[11, 11, 11, 11, 12, 11, 11, 13, 10, 11, 11, 10, 12, 11, 10, 11, 12, 11, 11, 11, 14, 11, 12, 11, 13, 10, 10, 12, 11, 11, 10, 11, 11, 12, 13, 12, 11, 11, 12, 13, 11, 11, 11, 13, 11, 11, 10, 12, 11]
Test count of edges: 3151
cat
