Defaulting to user installation because normal site-packages is not writeable
Looking in links: /cvmfs/soft.computecanada.ca/custom/python/wheelhouse/gentoo/avx2, /cvmfs/soft.computecanada.ca/custom/python/wheelhouse/gentoo/generic, /cvmfs/soft.computecanada.ca/custom/python/wheelhouse/generic
Requirement already satisfied: graphviz in /home/js17sy/.local/lib/python3.10/site-packages (0.20)
309; python ga.py 24 1024N_graph24.dat 0.05 0.02 0.7 0.7 0.3 201 1024N_graph24mediumgen2rem70_ 257049
/project/6008788/js17sy/reopenga/1024b/ga.py:291: DeprecationWarning: Sampling from a set deprecated
since Python 3.9 and will be removed in a subsequent version.
  child1 = set(random.sample(
gen >0, new best = 594.000
gen >0, new best = 558.500
gen >0, new best = 541.500
gen >0, new best = 534.200
gen: 0 best: 534.2 mean: 601.818407960199
gen >1, new best = 533.900
gen >1, new best = 524.400
gen: 1 best: 524.4 mean: 594.9044776119403
gen: 2 best: 524.4 mean: 590.2253731343284
gen >3, new best = 515.000
gen: 3 best: 515.0 mean: 587.1412935323383
gen >4, new best = 508.400
gen: 4 best: 508.4 mean: 580.0810945273632
gen: 5 best: 508.4 mean: 577.2452736318407
gen >6, new best = 500.000
gen: 6 best: 500.0 mean: 578.2412935323383
gen: 7 best: 500.0 mean: 577.4189054726368
gen: 8 best: 500.0 mean: 573.3507462686567
gen: 9 best: 500.0 mean: 571.8691542288557
gen: 10 best: 500.0 mean: 566.6786069651741
gen: 11 best: 500.0 mean: 567.3388059701492
gen >12, new best = 494.600
gen: 12 best: 494.6 mean: 564.2766169154229
gen >13, new best = 488.000
gen: 13 best: 488.0 mean: 559.2800995024876
gen: 14 best: 488.0 mean: 558.7139303482587
gen: 15 best: 488.0 mean: 556.1582089552239
gen >16, new best = 482.500
gen: 16 best: 482.5 mean: 552.7512437810946
gen: 17 best: 482.5 mean: 554.3726368159204
gen: 18 best: 482.5 mean: 553.0771144278607
gen: 19 best: 482.5 mean: 549.2164179104477
gen: 20 best: 482.5 mean: 543.4502487562189
gen: 21 best: 482.5 mean: 541.436815920398
gen >22, new best = 474.600
gen: 22 best: 474.6 mean: 543.0487562189055
gen >23, new best = 458.600
gen: 23 best: 458.6 mean: 541.6522388059701
gen: 24 best: 458.6 mean: 540.1149253731343
gen: 25 best: 458.6 mean: 543.9666666666667
gen: 26 best: 458.6 mean: 540.7
gen: 27 best: 458.6 mean: 541.5353233830846
gen: 28 best: 458.6 mean: 537.4452736318408
gen: 29 best: 458.6 mean: 536.5273631840796
gen: 30 best: 458.6 mean: 535.4104477611941
gen: 31 best: 458.6 mean: 534.5955223880597
gen: 32 best: 458.6 mean: 533.8029850746269
gen: 33 best: 458.6 mean: 535.6
gen: 34 best: 458.6 mean: 533.5701492537313
gen: 35 best: 458.6 mean: 533.2164179104477
gen: 36 best: 458.6 mean: 534.2850746268657
gen: 37 best: 458.6 mean: 532.5338308457711
gen: 38 best: 458.6 mean: 527.418407960199
gen: 39 best: 458.6 mean: 531.1308457711443
gen: 40 best: 458.6 mean: 530.4218905472637
gen: 41 best: 458.6 mean: 528.7298507462687
gen: 42 best: 458.6 mean: 527.0308457711443
gen: 43 best: 458.6 mean: 526.9099502487562
gen: 44 best: 458.6 mean: 527.8283582089553
gen: 45 best: 458.6 mean: 527.4333333333333
gen: 46 best: 458.6 mean: 526.11592039801
gen >47, new best = 445.000
gen: 47 best: 445.0 mean: 526.5935323383085
gen: 48 best: 445.0 mean: 524.7273631840796
gen: 49 best: 445.0 mean: 526.426368159204
gen: 50 best: 445.0 mean: 524.8398009950249
gen: 51 best: 445.0 mean: 521.3328358208955
gen: 52 best: 445.0 mean: 522.7139303482587
gen: 53 best: 445.0 mean: 520.136815920398
gen: 54 best: 445.0 mean: 521.4646766169154
gen: 55 best: 445.0 mean: 521.7129353233831
gen: 56 best: 445.0 mean: 521.3393034825871
gen: 57 best: 445.0 mean: 522.455223880597
gen: 58 best: 445.0 mean: 521.6557213930348
gen: 59 best: 445.0 mean: 520.0646766169154
gen: 60 best: 445.0 mean: 521.2303482587065
gen: 61 best: 445.0 mean: 523.4462686567164
gen: 62 best: 445.0 mean: 520.4348258706468
gen: 63 best: 445.0 mean: 522.297512437811
gen: 64 best: 445.0 mean: 520.3651741293532
gen: 65 best: 445.0 mean: 517.9636815920398
gen: 66 best: 445.0 mean: 519.2084577114427
gen: 67 best: 445.0 mean: 519.0641791044776
gen: 68 best: 445.0 mean: 515.5049751243781
gen: 69 best: 445.0 mean: 519.7875621890547
gen: 70 best: 445.0 mean: 517.6542288557214
gen >71, new best = 428.700
gen: 71 best: 428.7 mean: 515.4248756218906
gen: 72 best: 428.7 mean: 517.1910447761194
gen: 73 best: 428.7 mean: 515.1885572139304
gen: 74 best: 428.7 mean: 514.6
gen: 75 best: 428.7 mean: 512.679104477612
gen: 76 best: 428.7 mean: 513.0830845771144
gen: 77 best: 428.7 mean: 514.7562189054727
gen: 78 best: 428.7 mean: 514.8935323383084
gen: 79 best: 428.7 mean: 514.0547263681592
gen: 80 best: 428.7 mean: 513.5766169154228
gen: 81 best: 428.7 mean: 512.9661691542289
gen: 82 best: 428.7 mean: 513.5830845771144
gen: 83 best: 428.7 mean: 513.2855721393034
gen: 84 best: 428.7 mean: 512.607960199005
gen: 85 best: 428.7 mean: 513.6179104477612
gen: 86 best: 428.7 mean: 514.9402985074627
gen: 87 best: 428.7 mean: 513.8925373134329
gen: 88 best: 428.7 mean: 514.7189054726368
gen: 89 best: 428.7 mean: 514.2865671641791
gen: 90 best: 428.7 mean: 512.9318407960199
gen: 91 best: 428.7 mean: 513.7462686567164
gen: 92 best: 428.7 mean: 515.2686567164179
gen: 93 best: 428.7 mean: 512.7746268656716
gen: 94 best: 428.7 mean: 514.236815920398
gen: 95 best: 428.7 mean: 512.0189054726368
gen: 96 best: 428.7 mean: 513.0482587064677
gen: 97 best: 428.7 mean: 513.1910447761194
gen: 98 best: 428.7 mean: 512.263184079602
gen: 99 best: 428.7 mean: 511.54825870646766
[8, 9, 9, 9, 9, 9, 9, 10, 11, 8, 9, 9, 10, 10, 11, 8, 9, 9, 9, 10, 9, 9, 11, 10, 9, 9, 10, 9, 11, 10, 9, 10, 10, 10, 8, 10, 9, 9, 8, 10, 10, 9, 10, 9, 9, 9, 8, 10, 9]
Test count of edges: 1905
cat
