Defaulting to user installation because normal site-packages is not writeable
Looking in links: /cvmfs/soft.computecanada.ca/custom/python/wheelhouse/gentoo/avx2, /cvmfs/soft.computecanada.ca/custom/python/wheelhouse/gentoo/generic, /cvmfs/soft.computecanada.ca/custom/python/wheelhouse/generic
Requirement already satisfied: graphviz in /home/js17sy/.local/lib/python3.10/site-packages (0.20)
522; python ga.py 24 1024N_graph24.dat 0.075 0.03 0.7 0.9 0.1 201 1024N_graph24laxgen3rem70_ 342732
/project/6008788/js17sy/reopenga/1024b/ga.py:291: DeprecationWarning: Sampling from a set deprecated
since Python 3.9 and will be removed in a subsequent version.
  child1 = set(random.sample(
gen >0, new best = 625.600
gen >0, new best = 605.000
gen >0, new best = 598.500
gen >0, new best = 559.500
gen >0, new best = 556.400
gen: 0 best: 556.4 mean: 624.5427860696517
gen: 1 best: 556.4 mean: 623.4671641791044
gen: 2 best: 556.4 mean: 616.6701492537313
gen: 3 best: 556.4 mean: 618.428855721393
gen: 4 best: 556.4 mean: 614.9860696517413
gen >5, new best = 538.600
gen: 5 best: 538.6 mean: 612.9273631840796
gen: 6 best: 538.6 mean: 610.3582089552239
gen: 7 best: 538.6 mean: 608.281592039801
gen: 8 best: 538.6 mean: 604.7298507462687
gen: 9 best: 538.6 mean: 603.5840796019901
gen: 10 best: 538.6 mean: 599.1114427860697
gen: 11 best: 538.6 mean: 597.7114427860696
gen >12, new best = 534.200
gen: 12 best: 534.2 mean: 595.6990049751244
gen: 13 best: 534.2 mean: 592.4129353233831
gen >14, new best = 499.400
gen: 14 best: 499.4 mean: 588.7283582089552
gen: 15 best: 499.4 mean: 590.2711442786069
gen: 16 best: 499.4 mean: 584.9661691542289
gen: 17 best: 499.4 mean: 586.0840796019901
gen: 18 best: 499.4 mean: 584.1437810945274
gen: 19 best: 499.4 mean: 578.6995024875622
gen: 20 best: 499.4 mean: 577.4786069651741
gen: 21 best: 499.4 mean: 577.2442786069652
gen: 22 best: 499.4 mean: 575.1800995024876
gen: 23 best: 499.4 mean: 574.7442786069652
gen: 24 best: 499.4 mean: 572.4572139303483
gen: 25 best: 499.4 mean: 572.4830845771145
gen: 26 best: 499.4 mean: 570.494527363184
gen: 27 best: 499.4 mean: 569.4129353233831
gen: 28 best: 499.4 mean: 568.4935323383085
gen: 29 best: 499.4 mean: 568.2477611940299
gen >30, new best = 488.000
gen: 30 best: 488.0 mean: 568.4925373134329
gen: 31 best: 488.0 mean: 564.2781094527363
gen: 32 best: 488.0 mean: 563.1373134328359
gen: 33 best: 488.0 mean: 562.042288557214
gen: 34 best: 488.0 mean: 561.4313432835821
gen: 35 best: 488.0 mean: 561.1323383084577
gen: 36 best: 488.0 mean: 561.5208955223881
gen: 37 best: 488.0 mean: 559.3179104477612
gen: 38 best: 488.0 mean: 559.6587064676617
gen: 39 best: 488.0 mean: 558.4139303482588
gen: 40 best: 488.0 mean: 556.0248756218905
gen: 41 best: 488.0 mean: 557.5611940298508
gen: 42 best: 488.0 mean: 554.8273631840796
gen: 43 best: 488.0 mean: 556.2751243781095
gen: 44 best: 488.0 mean: 553.6925373134328
gen: 45 best: 488.0 mean: 555.0701492537313
gen: 46 best: 488.0 mean: 554.2512437810946
gen: 47 best: 488.0 mean: 557.1388059701493
gen: 48 best: 488.0 mean: 554.2870646766169
gen: 49 best: 488.0 mean: 550.573631840796
gen: 50 best: 488.0 mean: 552.6417910447761
gen: 51 best: 488.0 mean: 553.368656716418
gen >52, new best = 486.400
gen: 52 best: 486.4 mean: 550.4756218905472
gen: 53 best: 486.4 mean: 553.3378109452736
gen: 54 best: 486.4 mean: 550.7129353233831
gen: 55 best: 486.4 mean: 549.7457711442786
gen >56, new best = 478.100
gen: 56 best: 478.1 mean: 550.1069651741293
gen: 57 best: 478.1 mean: 551.8865671641792
gen: 58 best: 478.1 mean: 549.5477611940298
gen: 59 best: 478.1 mean: 548.4990049751244
gen: 60 best: 478.1 mean: 547.9885572139303
gen: 61 best: 478.1 mean: 549.9900497512438
gen: 62 best: 478.1 mean: 548.8835820895522
gen: 63 best: 478.1 mean: 549.1751243781094
gen: 64 best: 478.1 mean: 548.7412935323383
gen: 65 best: 478.1 mean: 549.4059701492537
gen: 66 best: 478.1 mean: 551.1860696517413
gen: 67 best: 478.1 mean: 548.5890547263682
gen: 68 best: 478.1 mean: 546.789552238806
gen: 69 best: 478.1 mean: 547.4114427860696
gen: 70 best: 478.1 mean: 547.4089552238806
gen: 71 best: 478.1 mean: 548.1467661691543
gen: 72 best: 478.1 mean: 546.9363184079602
gen: 73 best: 478.1 mean: 544.526368159204
gen: 74 best: 478.1 mean: 546.2139303482587
gen: 75 best: 478.1 mean: 545.1054726368159
gen: 76 best: 478.1 mean: 543.957711442786
gen: 77 best: 478.1 mean: 546.176119402985
gen: 78 best: 478.1 mean: 545.4024875621891
gen >79, new best = 470.600
gen: 79 best: 470.6 mean: 544.5995024875622
gen: 80 best: 470.6 mean: 545.7497512437811
gen: 81 best: 470.6 mean: 546.0258706467662
gen: 82 best: 470.6 mean: 545.7338308457712
gen: 83 best: 470.6 mean: 545.9661691542289
gen: 84 best: 470.6 mean: 545.5462686567164
gen: 85 best: 470.6 mean: 544.2746268656716
gen: 86 best: 470.6 mean: 543.2074626865672
gen: 87 best: 470.6 mean: 547.9855721393035
gen >88, new best = 467.900
gen: 88 best: 467.9 mean: 543.7074626865672
gen: 89 best: 467.9 mean: 544.1890547263681
gen: 90 best: 467.9 mean: 544.4502487562189
gen: 91 best: 467.9 mean: 542.9587064676617
gen: 92 best: 467.9 mean: 542.9402985074627
gen: 93 best: 467.9 mean: 543.4800995024875
gen: 94 best: 467.9 mean: 542.0751243781094
gen: 95 best: 467.9 mean: 540.5497512437811
gen: 96 best: 467.9 mean: 543.7402985074627
gen: 97 best: 467.9 mean: 543.1960199004975
gen: 98 best: 467.9 mean: 541.3746268656716
gen: 99 best: 467.9 mean: 541.7358208955224
[8, 8, 8, 9, 8, 9, 9, 8, 8, 10, 10, 8, 9, 8, 9, 8, 8, 9, 8, 8, 9, 8, 8, 8, 9, 8, 8, 9, 8, 8, 9, 8, 9, 8, 8, 8, 8, 9, 9, 8, 9, 8, 9, 9, 10, 9, 8, 8]
Test count of edges: 1891
cat
