Defaulting to user installation because normal site-packages is not writeable
Looking in links: /cvmfs/soft.computecanada.ca/custom/python/wheelhouse/gentoo/avx2, /cvmfs/soft.computecanada.ca/custom/python/wheelhouse/gentoo/generic, /cvmfs/soft.computecanada.ca/custom/python/wheelhouse/generic
Requirement already satisfied: graphviz in /home/js17sy/.local/lib/python3.10/site-packages (0.20)
199; python ga.py 24 1024N_graph24.dat 0.05 0.02 0.5 0.5 0.5 201 1024N_graph24mediumgen1rem50_ 542659
/project/6008788/js17sy/reopenga/1024b/ga.py:291: DeprecationWarning: Sampling from a set deprecated
since Python 3.9 and will be removed in a subsequent version.
  child1 = set(random.sample(
gen >0, new best = 657.900
gen >0, new best = 653.100
gen >0, new best = 641.600
gen >0, new best = 639.900
gen >0, new best = 635.800
gen: 0 best: 635.8 mean: 659.8865671641792
gen >1, new best = 630.300
gen >1, new best = 608.400
gen: 1 best: 608.4 mean: 657.8592039800996
gen >2, new best = 582.900
gen: 2 best: 582.9 mean: 657.3243781094527
gen: 3 best: 582.9 mean: 656.4825870646766
gen: 4 best: 582.9 mean: 654.9800995024875
gen: 5 best: 582.9 mean: 654.9477611940298
gen: 6 best: 582.9 mean: 654.4338308457711
gen: 7 best: 582.9 mean: 653.9258706467662
gen: 8 best: 582.9 mean: 652.1054726368159
gen: 9 best: 582.9 mean: 651.1686567164179
gen: 10 best: 582.9 mean: 650.328855721393
gen: 11 best: 582.9 mean: 649.1169154228855
gen: 12 best: 582.9 mean: 648.239303482587
gen: 13 best: 582.9 mean: 648.0527363184079
gen: 14 best: 582.9 mean: 646.863184079602
gen: 15 best: 582.9 mean: 645.1169154228855
gen: 16 best: 582.9 mean: 645.78407960199
gen: 17 best: 582.9 mean: 645.481592039801
gen: 18 best: 582.9 mean: 644.6213930348258
gen >19, new best = 570.700
gen: 19 best: 570.7 mean: 643.4985074626866
gen: 20 best: 570.7 mean: 645.3248756218906
gen: 21 best: 570.7 mean: 642.4572139303483
gen: 22 best: 570.7 mean: 642.281592039801
gen: 23 best: 570.7 mean: 641.9776119402985
gen: 24 best: 570.7 mean: 641.6631840796019
gen >25, new best = 567.400
gen: 25 best: 567.4 mean: 641.1875621890547
gen: 26 best: 567.4 mean: 641.5557213930348
gen: 27 best: 567.4 mean: 639.8203980099503
gen: 28 best: 567.4 mean: 639.5696517412936
gen: 29 best: 567.4 mean: 639.7601990049751
gen: 30 best: 567.4 mean: 639.2900497512438
gen: 31 best: 567.4 mean: 638.3691542288557
gen: 32 best: 567.4 mean: 637.1353233830846
gen: 33 best: 567.4 mean: 636.3487562189055
gen: 34 best: 567.4 mean: 636.6203980099502
gen: 35 best: 567.4 mean: 635.5069651741294
gen: 36 best: 567.4 mean: 634.3437810945273
gen: 37 best: 567.4 mean: 634.4353233830846
gen: 38 best: 567.4 mean: 633.0577114427861
gen: 39 best: 567.4 mean: 634.6671641791045
gen: 40 best: 567.4 mean: 633.155223880597
gen: 41 best: 567.4 mean: 634.3388059701492
gen: 42 best: 567.4 mean: 632.3885572139303
gen: 43 best: 567.4 mean: 632.8004975124378
gen: 44 best: 567.4 mean: 632.036815920398
gen: 45 best: 567.4 mean: 632.1830845771144
gen: 46 best: 567.4 mean: 632.3626865671641
gen: 47 best: 567.4 mean: 631.252736318408
gen: 48 best: 567.4 mean: 630.3054726368159
gen >49, new best = 562.300
gen: 49 best: 562.3 mean: 631.2706467661692
gen: 50 best: 562.3 mean: 630.8641791044776
gen: 51 best: 562.3 mean: 630.6223880597015
gen: 52 best: 562.3 mean: 630.036815920398
gen: 53 best: 562.3 mean: 631.0810945273632
gen: 54 best: 562.3 mean: 630.4482587064676
gen: 55 best: 562.3 mean: 629.465671641791
gen: 56 best: 562.3 mean: 628.7905472636816
gen: 57 best: 562.3 mean: 628.2830845771144
gen: 58 best: 562.3 mean: 628.11592039801
gen: 59 best: 562.3 mean: 628.2343283582089
gen >60, new best = 544.400
gen: 60 best: 544.4 mean: 627.1268656716418
gen: 61 best: 544.4 mean: 625.5462686567164
gen: 62 best: 544.4 mean: 626.5557213930348
gen: 63 best: 544.4 mean: 625.5601990049752
gen: 64 best: 544.4 mean: 625.2154228855721
gen: 65 best: 544.4 mean: 626.2388059701492
gen: 66 best: 544.4 mean: 626.2288557213931
gen: 67 best: 544.4 mean: 625.6741293532339
gen: 68 best: 544.4 mean: 625.4676616915423
gen: 69 best: 544.4 mean: 624.8303482587065
gen: 70 best: 544.4 mean: 625.6542288557214
gen: 71 best: 544.4 mean: 624.1497512437811
gen: 72 best: 544.4 mean: 624.8990049751244
gen: 73 best: 544.4 mean: 626.4094527363184
gen: 74 best: 544.4 mean: 623.7537313432836
gen: 75 best: 544.4 mean: 624.0825870646767
gen: 76 best: 544.4 mean: 623.2597014925373
gen: 77 best: 544.4 mean: 624.0781094527363
gen: 78 best: 544.4 mean: 623.4029850746268
gen: 79 best: 544.4 mean: 622.1820895522388
gen: 80 best: 544.4 mean: 623.0049751243781
gen: 81 best: 544.4 mean: 624.455223880597
gen: 82 best: 544.4 mean: 623.1293532338309
gen: 83 best: 544.4 mean: 622.5980099502488
gen: 84 best: 544.4 mean: 621.4606965174129
gen: 85 best: 544.4 mean: 622.4626865671642
gen: 86 best: 544.4 mean: 622.8865671641792
gen: 87 best: 544.4 mean: 621.0427860696517
gen: 88 best: 544.4 mean: 622.2124378109453
gen: 89 best: 544.4 mean: 621.6995024875622
gen: 90 best: 544.4 mean: 622.6547263681592
gen: 91 best: 544.4 mean: 623.1353233830846
gen: 92 best: 544.4 mean: 622.9955223880597
gen: 93 best: 544.4 mean: 623.0651741293532
gen: 94 best: 544.4 mean: 621.5174129353234
gen >95, new best = 540.600
gen: 95 best: 540.6 mean: 621.9139303482588
gen: 96 best: 540.6 mean: 622.1164179104478
gen: 97 best: 540.6 mean: 622.0990049751243
gen: 98 best: 540.6 mean: 620.9681592039801
gen: 99 best: 540.6 mean: 621.7059701492537
[10, 11, 9, 10, 9, 9, 10, 10, 12, 10, 9, 10, 9, 10, 10, 10, 9, 10, 10, 9, 10, 10, 10, 10, 11, 11, 10, 11, 9, 10, 10, 10, 10, 10, 10, 10, 12, 10, 9, 10, 9, 9, 10, 9, 10, 10, 10, 10]
Test count of edges: 3177
cat
