Defaulting to user installation because normal site-packages is not writeable
Looking in links: /cvmfs/soft.computecanada.ca/custom/python/wheelhouse/gentoo/avx2, /cvmfs/soft.computecanada.ca/custom/python/wheelhouse/gentoo/generic, /cvmfs/soft.computecanada.ca/custom/python/wheelhouse/generic
Requirement already satisfied: graphviz in /home/js17sy/.local/lib/python3.10/site-packages (0.20)
310; python ga.py 24 1024N_graph24.dat 0.05 0.02 0.7 0.7 0.3 201 1024N_graph24mediumgen2rem70_ 285610
/project/6008788/js17sy/reopenga/1024b/ga.py:291: DeprecationWarning: Sampling from a set deprecated
since Python 3.9 and will be removed in a subsequent version.
  child1 = set(random.sample(
gen >0, new best = 603.100
gen >0, new best = 601.700
gen >0, new best = 588.500
gen >0, new best = 555.000
gen >0, new best = 552.300
gen >0, new best = 542.300
gen >0, new best = 536.600
gen >0, new best = 535.000
gen: 0 best: 535.0 mean: 600.6450248756219
gen >1, new best = 534.200
gen >1, new best = 526.800
gen: 1 best: 526.8 mean: 597.6417910447761
gen >2, new best = 525.000
gen: 2 best: 525.0 mean: 591.9422885572139
gen >3, new best = 521.300
gen: 3 best: 521.3 mean: 586.0174129353234
gen >4, new best = 518.600
gen: 4 best: 518.6 mean: 578.7771144278607
gen >5, new best = 505.900
gen: 5 best: 505.9 mean: 578.8482587064676
gen >6, new best = 503.600
gen: 6 best: 503.6 mean: 573.8412935323383
gen: 7 best: 503.6 mean: 571.6353233830846
gen: 8 best: 503.6 mean: 570.2796019900497
gen >9, new best = 498.000
gen: 9 best: 498.0 mean: 568.5134328358209
gen: 10 best: 498.0 mean: 563.2945273631841
gen >11, new best = 488.000
gen: 11 best: 488.0 mean: 559.4726368159204
gen: 12 best: 488.0 mean: 553.3825870646766
gen: 13 best: 488.0 mean: 554.6482587064677
gen >14, new best = 486.500
gen >14, new best = 483.800
gen >14, new best = 481.800
gen: 14 best: 481.8 mean: 553.9179104477612
gen: 15 best: 481.8 mean: 552.9532338308458
gen: 16 best: 481.8 mean: 548.3099502487562
gen: 17 best: 481.8 mean: 547.8601990049751
gen: 18 best: 481.8 mean: 548.9791044776119
gen: 19 best: 481.8 mean: 547.8776119402985
gen: 20 best: 481.8 mean: 548.1462686567164
gen: 21 best: 481.8 mean: 545.3402985074626
gen: 22 best: 481.8 mean: 541.7398009950249
gen >23, new best = 481.400
gen: 23 best: 481.4 mean: 540.3592039800996
gen: 24 best: 481.4 mean: 542.8885572139303
gen >25, new best = 479.500
gen: 25 best: 479.5 mean: 540.1542288557214
gen: 26 best: 479.5 mean: 539.2880597014926
gen: 27 best: 479.5 mean: 539.1721393034826
gen >28, new best = 470.200
gen: 28 best: 470.2 mean: 538.78407960199
gen: 29 best: 470.2 mean: 538.6611940298508
gen >30, new best = 465.200
gen: 30 best: 465.2 mean: 537.005472636816
gen: 31 best: 465.2 mean: 536.5328358208956
gen: 32 best: 465.2 mean: 534.7845771144279
gen: 33 best: 465.2 mean: 530.4069651741294
gen: 34 best: 465.2 mean: 533.2149253731343
gen: 35 best: 465.2 mean: 532.0606965174129
gen >36, new best = 453.900
gen: 36 best: 453.9 mean: 530.189552238806
gen: 37 best: 453.9 mean: 531.6796019900497
gen: 38 best: 453.9 mean: 530.144776119403
gen: 39 best: 453.9 mean: 532.2965174129354
gen >40, new best = 452.800
gen: 40 best: 452.8 mean: 527.0885572139304
gen: 41 best: 452.8 mean: 526.573631840796
gen: 42 best: 452.8 mean: 525.4621890547263
gen: 43 best: 452.8 mean: 523.1691542288557
gen: 44 best: 452.8 mean: 527.4
gen: 45 best: 452.8 mean: 525.7467661691543
gen: 46 best: 452.8 mean: 524.971144278607
gen: 47 best: 452.8 mean: 523.6383084577114
gen: 48 best: 452.8 mean: 522.2174129353234
gen: 49 best: 452.8 mean: 522.031343283582
gen: 50 best: 452.8 mean: 521.4746268656717
gen >51, new best = 442.500
gen: 51 best: 442.5 mean: 521.6781094527363
gen: 52 best: 442.5 mean: 521.3437810945273
gen: 53 best: 442.5 mean: 518.4756218905472
gen: 54 best: 442.5 mean: 517.7970149253731
gen: 55 best: 442.5 mean: 518.471144278607
gen: 56 best: 442.5 mean: 516.6567164179105
gen: 57 best: 442.5 mean: 516.0965174129353
gen: 58 best: 442.5 mean: 518.0810945273632
gen: 59 best: 442.5 mean: 515.5621890547263
gen >60, new best = 437.200
gen: 60 best: 437.2 mean: 515.6606965174129
gen: 61 best: 437.2 mean: 516.2323383084578
gen: 62 best: 437.2 mean: 513.7935323383084
gen: 63 best: 437.2 mean: 515.9995024875622
gen: 64 best: 437.2 mean: 512.5577114427861
gen: 65 best: 437.2 mean: 515.7522388059701
gen: 66 best: 437.2 mean: 514.763184079602
gen: 67 best: 437.2 mean: 513.9373134328358
gen: 68 best: 437.2 mean: 514.1482587064677
gen: 69 best: 437.2 mean: 514.7810945273632
gen: 70 best: 437.2 mean: 511.6796019900498
gen: 71 best: 437.2 mean: 513.9825870646766
gen: 72 best: 437.2 mean: 514.0865671641791
gen: 73 best: 437.2 mean: 513.61592039801
gen: 74 best: 437.2 mean: 514.3174129353234
gen: 75 best: 437.2 mean: 510.57910447761196
gen: 76 best: 437.2 mean: 511.23830845771147
gen: 77 best: 437.2 mean: 510.62487562189057
gen: 78 best: 437.2 mean: 510.30149253731344
gen: 79 best: 437.2 mean: 509.71194029850744
gen: 80 best: 437.2 mean: 509.6666666666667
gen: 81 best: 437.2 mean: 508.7691542288557
gen: 82 best: 437.2 mean: 508.38855721393037
gen: 83 best: 437.2 mean: 508.69701492537314
gen: 84 best: 437.2 mean: 507.79353233830847
gen: 85 best: 437.2 mean: 506.41094527363185
gen: 86 best: 437.2 mean: 508.83930348258707
gen: 87 best: 437.2 mean: 507.35621890547264
gen: 88 best: 437.2 mean: 509.97960199004973
gen: 89 best: 437.2 mean: 507.7228855721393
gen: 90 best: 437.2 mean: 507.2532338308458
gen: 91 best: 437.2 mean: 508.91641791044776
gen: 92 best: 437.2 mean: 508.64726368159205
gen >93, new best = 423.100
gen: 93 best: 423.1 mean: 506.14925373134326
gen: 94 best: 423.1 mean: 506.2781094527363
gen: 95 best: 423.1 mean: 506.37014925373137
gen: 96 best: 423.1 mean: 507.8825870646766
gen: 97 best: 423.1 mean: 506.9562189054726
gen: 98 best: 423.1 mean: 505.0810945273632
gen: 99 best: 423.1 mean: 505.58009950248754
[9, 9, 9, 10, 10, 9, 8, 9, 9, 8, 8, 10, 9, 9, 10, 8, 8, 8, 9, 9, 8, 9, 10, 8, 9, 10, 11, 9, 9, 9, 10, 9, 9, 10, 9, 8, 9, 8, 9, 10, 8, 9, 9, 10, 9, 9, 9, 9, 9, 9]
Test count of edges: 1910
cat
