Defaulting to user installation because normal site-packages is not writeable
Looking in links: /cvmfs/soft.computecanada.ca/custom/python/wheelhouse/gentoo/avx2, /cvmfs/soft.computecanada.ca/custom/python/wheelhouse/gentoo/generic, /cvmfs/soft.computecanada.ca/custom/python/wheelhouse/generic
Requirement already satisfied: graphviz in /home/js17sy/.local/lib/python3.10/site-packages (0.20)
173; python ga.py 24 1024N_graph24.dat 0.025 0.01 0.7 0.9 0.1 201 1024N_graph24strictgen3rem70_ 656903
/project/6008788/js17sy/reopenga/1024b/ga.py:291: DeprecationWarning: Sampling from a set deprecated
since Python 3.9 and will be removed in a subsequent version.
  child1 = set(random.sample(
gen >0, new best = 584.300
gen >0, new best = 564.000
gen >0, new best = 555.300
gen >0, new best = 519.900
gen >0, new best = 514.100
gen >0, new best = 501.900
gen >0, new best = 496.600
gen >0, new best = 464.200
gen: 0 best: 464.2 mean: 596.9092039800995
gen >1, new best = 459.100
gen: 1 best: 459.1 mean: 585.6417910447761
gen: 2 best: 459.1 mean: 583.1786069651741
gen: 3 best: 459.1 mean: 576.1696517412936
gen: 4 best: 459.1 mean: 569.8358208955224
gen >5, new best = 456.800
gen: 5 best: 456.8 mean: 558.6850746268657
gen: 6 best: 456.8 mean: 557.389552238806
gen: 7 best: 456.8 mean: 556.502487562189
gen: 8 best: 456.8 mean: 556.6741293532339
gen >9, new best = 450.500
gen: 9 best: 450.5 mean: 540.5029850746268
gen >10, new best = 439.400
gen: 10 best: 439.4 mean: 542.9796019900498
gen: 11 best: 439.4 mean: 536.8164179104477
gen >12, new best = 429.100
gen: 12 best: 429.1 mean: 536.0199004975125
gen: 13 best: 429.1 mean: 534.6378109452736
gen: 14 best: 429.1 mean: 532.3845771144279
gen: 15 best: 429.1 mean: 531.4104477611941
gen: 16 best: 429.1 mean: 530.8457711442786
gen: 17 best: 429.1 mean: 524.4592039800995
gen >18, new best = 426.100
gen >18, new best = 411.300
gen: 18 best: 411.3 mean: 523.7512437810946
gen: 19 best: 411.3 mean: 519.2766169154229
gen: 20 best: 411.3 mean: 519.9592039800995
gen: 21 best: 411.3 mean: 517.3308457711443
gen: 22 best: 411.3 mean: 511.10547263681593
gen: 23 best: 411.3 mean: 512.7134328358209
gen: 24 best: 411.3 mean: 510.02437810945275
gen: 25 best: 411.3 mean: 507.85621890547264
gen >26, new best = 408.500
gen: 26 best: 408.5 mean: 505.99701492537315
gen: 27 best: 408.5 mean: 504.7875621890547
gen: 28 best: 408.5 mean: 496.60547263681593
gen: 29 best: 408.5 mean: 499.17512437810944
gen: 30 best: 408.5 mean: 492.26467661691544
gen: 31 best: 408.5 mean: 494.88756218905473
gen: 32 best: 408.5 mean: 493.1208955223881
gen: 33 best: 408.5 mean: 491.97960199004973
gen: 34 best: 408.5 mean: 490.55970149253733
gen >35, new best = 406.400
gen: 35 best: 406.4 mean: 486.26666666666665
gen >36, new best = 403.800
gen: 36 best: 403.8 mean: 489.9417910447761
gen: 37 best: 403.8 mean: 484.4502487562189
gen: 38 best: 403.8 mean: 483.8189054726368
gen: 39 best: 403.8 mean: 482.43134328358207
gen: 40 best: 403.8 mean: 483.14029850746266
gen: 41 best: 403.8 mean: 479.2094527363184
gen: 42 best: 403.8 mean: 479.82686567164177
gen: 43 best: 403.8 mean: 475.96965174129355
gen: 44 best: 403.8 mean: 478.2084577114428
gen: 45 best: 403.8 mean: 472.84776119402983
gen: 46 best: 403.8 mean: 472.35771144278607
gen: 47 best: 403.8 mean: 471.62039800995024
gen: 48 best: 403.8 mean: 470.3696517412935
gen >49, new best = 396.000
gen: 49 best: 396.0 mean: 473.97114427860697
gen: 50 best: 396.0 mean: 472.0417910447761
gen: 51 best: 396.0 mean: 469.9950248756219
gen: 52 best: 396.0 mean: 469.0825870646766
gen: 53 best: 396.0 mean: 465.43830845771146
gen: 54 best: 396.0 mean: 467.92039800995025
gen: 55 best: 396.0 mean: 467.5542288557214
gen: 56 best: 396.0 mean: 468.2164179104478
gen >57, new best = 395.600
gen: 57 best: 395.6 mean: 465.1363184079602
gen: 58 best: 395.6 mean: 466.84278606965177
gen: 59 best: 395.6 mean: 462.66169154228857
gen: 60 best: 395.6 mean: 464.218407960199
gen: 61 best: 395.6 mean: 465.27960199004974
gen >62, new best = 390.900
gen: 62 best: 390.9 mean: 463.4686567164179
gen: 63 best: 390.9 mean: 465.96567164179106
gen: 64 best: 390.9 mean: 464.1487562189055
gen: 65 best: 390.9 mean: 462.0502487562189
gen: 66 best: 390.9 mean: 463.27363184079604
gen: 67 best: 390.9 mean: 460.8044776119403
gen: 68 best: 390.9 mean: 460.72437810945274
gen: 69 best: 390.9 mean: 462.8134328358209
gen: 70 best: 390.9 mean: 462.00646766169154
gen: 71 best: 390.9 mean: 464.0676616915423
gen: 72 best: 390.9 mean: 461.8059701492537
gen: 73 best: 390.9 mean: 463.5766169154229
gen: 74 best: 390.9 mean: 463.5731343283582
gen: 75 best: 390.9 mean: 461.73830845771147
gen: 76 best: 390.9 mean: 461.2467661691542
gen: 77 best: 390.9 mean: 462.5034825870647
gen: 78 best: 390.9 mean: 463.6179104477612
gen: 79 best: 390.9 mean: 461.4681592039801
gen: 80 best: 390.9 mean: 462.68407960199005
gen: 81 best: 390.9 mean: 458.91592039801
gen: 82 best: 390.9 mean: 459.2457711442786
gen: 83 best: 390.9 mean: 461.4273631840796
gen >84, new best = 381.900
gen: 84 best: 381.9 mean: 460.9278606965174
gen: 85 best: 381.9 mean: 462.85273631840795
gen: 86 best: 381.9 mean: 459.99303482587067
gen: 87 best: 381.9 mean: 459.59800995024875
gen >88, new best = 375.900
gen: 88 best: 375.9 mean: 462.6134328358209
gen: 89 best: 375.9 mean: 464.7686567164179
gen: 90 best: 375.9 mean: 462.15721393034823
gen: 91 best: 375.9 mean: 457.2139303482587
gen: 92 best: 375.9 mean: 457.9009950248756
gen: 93 best: 375.9 mean: 457.5407960199005
gen: 94 best: 375.9 mean: 456.78805970149256
gen: 95 best: 375.9 mean: 457.83830845771143
gen: 96 best: 375.9 mean: 458.22935323383086
gen: 97 best: 375.9 mean: 458.3492537313433
gen: 98 best: 375.9 mean: 456.56517412935324
gen: 99 best: 375.9 mean: 455.62935323383084
[12, 8, 13, 10, 10, 10, 10, 9, 10, 10, 11, 12, 10, 10, 9, 11, 10, 11, 10, 10, 9, 9, 10, 12, 10, 10, 10, 11, 11, 10, 11, 9, 11, 10, 10, 11, 11, 10, 10, 11, 11, 10, 10, 11, 11, 12, 9]
Test count of edges: 1891
cat
