Defaulting to user installation because normal site-packages is not writeable
Looking in links: /cvmfs/soft.computecanada.ca/custom/python/wheelhouse/gentoo/avx2, /cvmfs/soft.computecanada.ca/custom/python/wheelhouse/gentoo/generic, /cvmfs/soft.computecanada.ca/custom/python/wheelhouse/generic
Requirement already satisfied: graphviz in /home/js17sy/.local/lib/python3.10/site-packages (0.20)
419; python ga.py 24 1024N_graph24.dat 0.075 0.03 0.5 0.7 0.3 201 1024N_graph24laxgen2rem50_ 828269
/project/6008788/js17sy/reopenga/1024b/ga.py:291: DeprecationWarning: Sampling from a set deprecated
since Python 3.9 and will be removed in a subsequent version.
  child1 = set(random.sample(
gen >0, new best = 672.900
gen >0, new best = 664.800
gen >0, new best = 655.800
gen >0, new best = 619.500
gen: 0 best: 619.5 mean: 679.2233830845771
gen: 1 best: 619.5 mean: 678.4303482587064
gen: 2 best: 619.5 mean: 676.0651741293532
gen: 3 best: 619.5 mean: 676.8278606965174
gen: 4 best: 619.5 mean: 674.8796019900498
gen: 5 best: 619.5 mean: 673.6278606965174
gen: 6 best: 619.5 mean: 674.0756218905473
gen: 7 best: 619.5 mean: 671.9696517412935
gen >8, new best = 604.300
gen: 8 best: 604.3 mean: 671.2741293532338
gen: 9 best: 604.3 mean: 670.110447761194
gen: 10 best: 604.3 mean: 670.3
gen: 11 best: 604.3 mean: 670.3671641791045
gen: 12 best: 604.3 mean: 669.7666666666667
gen: 13 best: 604.3 mean: 670.0427860696517
gen: 14 best: 604.3 mean: 668.0074626865671
gen: 15 best: 604.3 mean: 667.3402985074626
gen: 16 best: 604.3 mean: 667.3487562189055
gen: 17 best: 604.3 mean: 666.5378109452736
gen: 18 best: 604.3 mean: 665.6323383084577
gen: 19 best: 604.3 mean: 665.6328358208955
gen: 20 best: 604.3 mean: 664.6074626865671
gen: 21 best: 604.3 mean: 662.7273631840796
gen: 22 best: 604.3 mean: 663.6935323383085
gen: 23 best: 604.3 mean: 661.7049751243782
gen: 24 best: 604.3 mean: 661.1507462686567
gen: 25 best: 604.3 mean: 660.9139303482588
gen: 26 best: 604.3 mean: 660.5567164179105
gen: 27 best: 604.3 mean: 660.5965174129353
gen: 28 best: 604.3 mean: 659.6855721393035
gen: 29 best: 604.3 mean: 659.9562189054726
gen: 30 best: 604.3 mean: 659.0980099502488
gen: 31 best: 604.3 mean: 657.4149253731343
gen: 32 best: 604.3 mean: 657.297512437811
gen: 33 best: 604.3 mean: 655.4258706467662
gen: 34 best: 604.3 mean: 655.6069651741293
gen: 35 best: 604.3 mean: 656.2383084577115
gen: 36 best: 604.3 mean: 654.9039800995025
gen: 37 best: 604.3 mean: 654.1442786069651
gen: 38 best: 604.3 mean: 654.4706467661691
gen: 39 best: 604.3 mean: 653.2273631840796
gen: 40 best: 604.3 mean: 654.7124378109453
gen: 41 best: 604.3 mean: 651.079104477612
gen: 42 best: 604.3 mean: 652.9109452736318
gen >43, new best = 576.400
gen: 43 best: 576.4 mean: 651.8970149253731
gen: 44 best: 576.4 mean: 652.5721393034826
gen: 45 best: 576.4 mean: 651.7582089552238
gen: 46 best: 576.4 mean: 652.0880597014925
gen: 47 best: 576.4 mean: 651.6611940298508
gen: 48 best: 576.4 mean: 649.5761194029851
gen: 49 best: 576.4 mean: 649.9477611940298
gen: 50 best: 576.4 mean: 649.7711442786069
gen: 51 best: 576.4 mean: 649.2676616915423
gen: 52 best: 576.4 mean: 647.6985074626866
gen: 53 best: 576.4 mean: 648.2925373134328
gen: 54 best: 576.4 mean: 648.1223880597015
gen: 55 best: 576.4 mean: 646.9238805970149
gen: 56 best: 576.4 mean: 645.4104477611941
gen: 57 best: 576.4 mean: 645.61592039801
gen: 58 best: 576.4 mean: 645.11592039801
gen: 59 best: 576.4 mean: 644.7726368159204
gen: 60 best: 576.4 mean: 645.1542288557214
gen: 61 best: 576.4 mean: 645.3890547263682
gen: 62 best: 576.4 mean: 643.4756218905472
gen: 63 best: 576.4 mean: 644.3850746268656
gen >64, new best = 572.200
gen: 64 best: 572.2 mean: 642.6980099502488
gen: 65 best: 572.2 mean: 643.0890547263682
gen: 66 best: 572.2 mean: 642.9686567164179
gen: 67 best: 572.2 mean: 643.1666666666666
gen: 68 best: 572.2 mean: 642.4492537313433
gen: 69 best: 572.2 mean: 643.2398009950249
gen: 70 best: 572.2 mean: 643.9084577114428
gen: 71 best: 572.2 mean: 643.2925373134328
gen: 72 best: 572.2 mean: 642.2850746268657
gen: 73 best: 572.2 mean: 642.8268656716418
gen: 74 best: 572.2 mean: 641.0283582089552
gen: 75 best: 572.2 mean: 643.9407960199005
gen: 76 best: 572.2 mean: 643.5910447761194
gen: 77 best: 572.2 mean: 642.8860696517413
gen: 78 best: 572.2 mean: 640.847263681592
gen: 79 best: 572.2 mean: 641.4144278606965
gen: 80 best: 572.2 mean: 643.1741293532339
gen: 81 best: 572.2 mean: 641.4547263681592
gen: 82 best: 572.2 mean: 641.8835820895522
gen: 83 best: 572.2 mean: 639.4626865671642
gen: 84 best: 572.2 mean: 638.795024875622
gen: 85 best: 572.2 mean: 640.7233830845771
gen: 86 best: 572.2 mean: 640.4751243781094
gen: 87 best: 572.2 mean: 639.8253731343284
gen: 88 best: 572.2 mean: 638.9840796019901
gen: 89 best: 572.2 mean: 639.38407960199
gen: 90 best: 572.2 mean: 638.9960199004975
gen: 91 best: 572.2 mean: 639.6522388059701
gen: 92 best: 572.2 mean: 638.0786069651741
gen: 93 best: 572.2 mean: 638.444776119403
gen >94, new best = 550.700
gen: 94 best: 550.7 mean: 637.0880597014925
gen: 95 best: 550.7 mean: 638.4427860696518
gen: 96 best: 550.7 mean: 637.8502487562189
gen: 97 best: 550.7 mean: 637.736815920398
gen: 98 best: 550.7 mean: 637.3970149253731
gen: 99 best: 550.7 mean: 638.6069651741293
[10, 10, 9, 9, 10, 11, 12, 9, 9, 10, 9, 10, 9, 9, 9, 9, 9, 10, 9, 9, 10, 9, 10, 10, 9, 8, 10, 10, 9, 9, 9, 9, 9, 9, 9, 8, 9, 9, 9, 9, 9, 11, 9, 10, 10, 9, 10, 10, 9]
Test count of edges: 3164
cat
