Defaulting to user installation because normal site-packages is not writeable
Looking in links: /cvmfs/soft.computecanada.ca/custom/python/wheelhouse/gentoo/avx2, /cvmfs/soft.computecanada.ca/custom/python/wheelhouse/gentoo/generic, /cvmfs/soft.computecanada.ca/custom/python/wheelhouse/generic
Requirement already satisfied: graphviz in /home/js17sy/.local/lib/python3.10/site-packages (0.20)
214; python ga.py 24 1024N_graph24.dat 0.05 0.02 0.5 0.7 0.3 201 1024N_graph24mediumgen2rem50_ 114244
/project/6008788/js17sy/reopenga/1024b/ga.py:291: DeprecationWarning: Sampling from a set deprecated
since Python 3.9 and will be removed in a subsequent version.
  child1 = set(random.sample(
gen >0, new best = 659.900
gen >0, new best = 655.300
gen >0, new best = 648.500
gen >0, new best = 640.400
gen >0, new best = 636.900
gen: 0 best: 636.9 mean: 659.4825870646766
gen >1, new best = 636.500
gen >1, new best = 635.900
gen >1, new best = 635.600
gen: 1 best: 635.6 mean: 657.7542288557214
gen >2, new best = 630.800
gen: 2 best: 630.8 mean: 656.8611940298507
gen >3, new best = 630.000
gen: 3 best: 630.0 mean: 656.4915422885572
gen: 4 best: 630.0 mean: 656.5199004975125
gen >5, new best = 597.400
gen: 5 best: 597.4 mean: 653.4104477611941
gen: 6 best: 597.4 mean: 653.792039800995
gen >7, new best = 584.200
gen: 7 best: 584.2 mean: 653.5601990049752
gen: 8 best: 584.2 mean: 653.1094527363184
gen: 9 best: 584.2 mean: 651.1069651741293
gen >10, new best = 576.900
gen: 10 best: 576.9 mean: 652.0139303482587
gen: 11 best: 576.9 mean: 650.855223880597
gen: 12 best: 576.9 mean: 649.863184079602
gen: 13 best: 576.9 mean: 650.1457711442786
gen: 14 best: 576.9 mean: 649.7
gen: 15 best: 576.9 mean: 648.155223880597
gen: 16 best: 576.9 mean: 647.7194029850747
gen: 17 best: 576.9 mean: 647.8363184079602
gen: 18 best: 576.9 mean: 645.4452736318408
gen: 19 best: 576.9 mean: 645.5029850746268
gen: 20 best: 576.9 mean: 644.6412935323383
gen: 21 best: 576.9 mean: 644.1950248756219
gen: 22 best: 576.9 mean: 642.4870646766169
gen: 23 best: 576.9 mean: 641.9248756218906
gen: 24 best: 576.9 mean: 641.3582089552239
gen: 25 best: 576.9 mean: 640.6119402985074
gen: 26 best: 576.9 mean: 639.3044776119403
gen: 27 best: 576.9 mean: 639.5069651741294
gen: 28 best: 576.9 mean: 638.918407960199
gen >29, new best = 572.300
gen: 29 best: 572.3 mean: 637.349751243781
gen: 30 best: 572.3 mean: 637.7099502487562
gen: 31 best: 572.3 mean: 636.1587064676617
gen: 32 best: 572.3 mean: 635.9278606965174
gen >33, new best = 565.500
gen: 33 best: 565.5 mean: 635.3825870646766
gen: 34 best: 565.5 mean: 634.2482587064677
gen: 35 best: 565.5 mean: 633.8930348258707
gen >36, new best = 563.400
gen: 36 best: 563.4 mean: 632.8870646766169
gen: 37 best: 563.4 mean: 631.4104477611941
gen: 38 best: 563.4 mean: 632.4592039800995
gen: 39 best: 563.4 mean: 631.1333333333333
gen: 40 best: 563.4 mean: 631.881592039801
gen: 41 best: 563.4 mean: 630.5970149253732
gen: 42 best: 563.4 mean: 628.6094527363184
gen: 43 best: 563.4 mean: 627.9502487562189
gen: 44 best: 563.4 mean: 628.5233830845771
gen: 45 best: 563.4 mean: 626.4796019900498
gen: 46 best: 563.4 mean: 627.2875621890547
gen: 47 best: 563.4 mean: 626.8258706467661
gen: 48 best: 563.4 mean: 628.0
gen: 49 best: 563.4 mean: 624.6363184079602
gen: 50 best: 563.4 mean: 624.9228855721393
gen: 51 best: 563.4 mean: 623.3776119402985
gen >52, new best = 552.700
gen: 52 best: 552.7 mean: 623.0303482587065
gen: 53 best: 552.7 mean: 622.6164179104478
gen: 54 best: 552.7 mean: 621.6597014925374
gen: 55 best: 552.7 mean: 621.7353233830846
gen: 56 best: 552.7 mean: 621.7308457711442
gen: 57 best: 552.7 mean: 622.7388059701492
gen: 58 best: 552.7 mean: 621.1373134328359
gen: 59 best: 552.7 mean: 620.4850746268656
gen: 60 best: 552.7 mean: 619.8791044776119
gen: 61 best: 552.7 mean: 618.5537313432836
gen: 62 best: 552.7 mean: 618.0099502487562
gen: 63 best: 552.7 mean: 616.7925373134328
gen: 64 best: 552.7 mean: 616.9587064676617
gen: 65 best: 552.7 mean: 616.7786069651742
gen: 66 best: 552.7 mean: 616.631343283582
gen: 67 best: 552.7 mean: 615.7119402985074
gen: 68 best: 552.7 mean: 616.687064676617
gen: 69 best: 552.7 mean: 614.0611940298508
gen >70, new best = 543.500
gen: 70 best: 543.5 mean: 614.3194029850746
gen: 71 best: 543.5 mean: 615.1044776119403
gen: 72 best: 543.5 mean: 613.3597014925373
gen: 73 best: 543.5 mean: 613.0283582089552
gen: 74 best: 543.5 mean: 613.1925373134328
gen: 75 best: 543.5 mean: 613.3825870646766
gen: 76 best: 543.5 mean: 613.3009950248756
gen: 77 best: 543.5 mean: 614.5497512437811
gen: 78 best: 543.5 mean: 613.5756218905473
gen: 79 best: 543.5 mean: 611.7626865671642
gen: 80 best: 543.5 mean: 610.5522388059701
gen: 81 best: 543.5 mean: 612.4154228855722
gen: 82 best: 543.5 mean: 611.2771144278607
gen: 83 best: 543.5 mean: 611.0373134328358
gen: 84 best: 543.5 mean: 611.3189054726369
gen: 85 best: 543.5 mean: 613.0213930348259
gen: 86 best: 543.5 mean: 611.4606965174129
gen: 87 best: 543.5 mean: 610.4393034825871
gen: 88 best: 543.5 mean: 609.650248756219
gen: 89 best: 543.5 mean: 611.6243781094528
gen: 90 best: 543.5 mean: 611.505472636816
gen: 91 best: 543.5 mean: 611.0751243781094
gen: 92 best: 543.5 mean: 611.1009950248756
gen: 93 best: 543.5 mean: 608.9751243781094
gen: 94 best: 543.5 mean: 609.3243781094527
gen >95, new best = 542.700
gen: 95 best: 542.7 mean: 608.8373134328358
gen: 96 best: 542.7 mean: 609.9676616915423
gen: 97 best: 542.7 mean: 609.6432835820896
gen: 98 best: 542.7 mean: 609.3771144278606
gen: 99 best: 542.7 mean: 608.3283582089553
[10, 10, 10, 9, 9, 9, 9, 10, 10, 10, 9, 9, 10, 9, 9, 9, 10, 10, 9, 10, 11, 10, 10, 10, 10, 10, 10, 10, 9, 9, 11, 10, 10, 9, 10, 11, 10, 9, 10, 11, 10, 9, 8, 11, 11, 10, 9, 10]
Test count of edges: 3163
cat
