Defaulting to user installation because normal site-packages is not writeable
Looking in links: /cvmfs/soft.computecanada.ca/custom/python/wheelhouse/gentoo/avx2, /cvmfs/soft.computecanada.ca/custom/python/wheelhouse/gentoo/generic, /cvmfs/soft.computecanada.ca/custom/python/wheelhouse/generic
Requirement already satisfied: graphviz in /home/js17sy/.local/lib/python3.10/site-packages (0.20)
399; python ga.py 24 1024N_graph24.dat 0.075 0.03 0.5 0.7 0.3 201 1024N_graph24laxgen2rem50_ 257049
/project/6008788/js17sy/reopenga/1024b/ga.py:291: DeprecationWarning: Sampling from a set deprecated
since Python 3.9 and will be removed in a subsequent version.
  child1 = set(random.sample(
gen >0, new best = 679.900
gen >0, new best = 674.300
gen >0, new best = 671.100
gen >0, new best = 668.200
gen >0, new best = 667.900
gen >0, new best = 657.800
gen: 0 best: 657.8 mean: 680.0614427860696
gen >1, new best = 656.100
gen: 1 best: 656.1 mean: 679.3442786069652
gen >2, new best = 651.300
gen >2, new best = 646.900
gen: 2 best: 646.9 mean: 677.3388059701492
gen: 3 best: 646.9 mean: 677.3810945273632
gen: 4 best: 646.9 mean: 675.5820895522388
gen >5, new best = 640.300
gen: 5 best: 640.3 mean: 675.7348258706468
gen >6, new best = 607.100
gen: 6 best: 607.1 mean: 673.3532338308457
gen >7, new best = 598.300
gen: 7 best: 598.3 mean: 673.7626865671642
gen: 8 best: 598.3 mean: 674.5716417910447
gen: 9 best: 598.3 mean: 671.9885572139303
gen: 10 best: 598.3 mean: 671.8656716417911
gen: 11 best: 598.3 mean: 672.5965174129353
gen: 12 best: 598.3 mean: 672.5502487562189
gen: 13 best: 598.3 mean: 671.6756218905473
gen: 14 best: 598.3 mean: 670.260696517413
gen: 15 best: 598.3 mean: 671.0572139303482
gen: 16 best: 598.3 mean: 669.2696517412935
gen: 17 best: 598.3 mean: 670.3771144278606
gen: 18 best: 598.3 mean: 669.2373134328358
gen: 19 best: 598.3 mean: 670.607960199005
gen: 20 best: 598.3 mean: 669.7766169154229
gen: 21 best: 598.3 mean: 669.0268656716418
gen: 22 best: 598.3 mean: 667.2646766169154
gen: 23 best: 598.3 mean: 665.5477611940298
gen >24, new best = 592.100
gen: 24 best: 592.1 mean: 665.4417910447761
gen: 25 best: 592.1 mean: 666.2587064676617
gen: 26 best: 592.1 mean: 665.389552238806
gen: 27 best: 592.1 mean: 664.1985074626866
gen: 28 best: 592.1 mean: 664.5358208955224
gen: 29 best: 592.1 mean: 663.3333333333334
gen: 30 best: 592.1 mean: 664.1437810945274
gen >31, new best = 587.700
gen: 31 best: 587.7 mean: 663.7741293532338
gen: 32 best: 587.7 mean: 665.0208955223881
gen: 33 best: 587.7 mean: 662.6537313432835
gen: 34 best: 587.7 mean: 663.1094527363184
gen: 35 best: 587.7 mean: 661.3905472636816
gen: 36 best: 587.7 mean: 659.357711442786
gen: 37 best: 587.7 mean: 660.9203980099503
gen: 38 best: 587.7 mean: 660.7467661691543
gen: 39 best: 587.7 mean: 659.7626865671642
gen: 40 best: 587.7 mean: 661.5611940298508
gen: 41 best: 587.7 mean: 657.9189054726368
gen: 42 best: 587.7 mean: 657.747263681592
gen: 43 best: 587.7 mean: 658.4203980099503
gen: 44 best: 587.7 mean: 657.3417910447761
gen: 45 best: 587.7 mean: 656.2577114427861
gen: 46 best: 587.7 mean: 656.8835820895522
gen: 47 best: 587.7 mean: 655.7064676616916
gen: 48 best: 587.7 mean: 657.0069651741294
gen: 49 best: 587.7 mean: 655.618407960199
gen: 50 best: 587.7 mean: 654.8323383084577
gen: 51 best: 587.7 mean: 655.0691542288557
gen: 52 best: 587.7 mean: 653.3373134328358
gen: 53 best: 587.7 mean: 653.312935323383
gen: 54 best: 587.7 mean: 652.9666666666667
gen: 55 best: 587.7 mean: 651.997512437811
gen: 56 best: 587.7 mean: 650.855223880597
gen: 57 best: 587.7 mean: 651.0144278606965
gen: 58 best: 587.7 mean: 651.5606965174129
gen: 59 best: 587.7 mean: 649.9333333333333
gen: 60 best: 587.7 mean: 651.7646766169154
gen: 61 best: 587.7 mean: 650.544776119403
gen: 62 best: 587.7 mean: 650.1422885572139
gen: 63 best: 587.7 mean: 649.5781094527363
gen: 64 best: 587.7 mean: 649.7293532338308
gen: 65 best: 587.7 mean: 649.812935323383
gen: 66 best: 587.7 mean: 650.7985074626865
gen: 67 best: 587.7 mean: 649.079104477612
gen: 68 best: 587.7 mean: 647.6492537313433
gen: 69 best: 587.7 mean: 648.3572139303483
gen: 70 best: 587.7 mean: 647.4159203980099
gen >71, new best = 586.200
gen: 71 best: 586.2 mean: 647.6945273631841
gen: 72 best: 586.2 mean: 647.6940298507462
gen >73, new best = 578.800
gen: 73 best: 578.8 mean: 647.7039800995025
gen: 74 best: 578.8 mean: 647.8810945273632
gen: 75 best: 578.8 mean: 646.965671641791
gen: 76 best: 578.8 mean: 648.5208955223881
gen: 77 best: 578.8 mean: 648.0437810945274
gen >78, new best = 574.100
gen: 78 best: 574.1 mean: 646.147263681592
gen: 79 best: 574.1 mean: 647.7069651741293
gen: 80 best: 574.1 mean: 648.2208955223881
gen: 81 best: 574.1 mean: 645.528855721393
gen: 82 best: 574.1 mean: 645.6467661691543
gen: 83 best: 574.1 mean: 646.5905472636816
gen: 84 best: 574.1 mean: 646.1547263681592
gen: 85 best: 574.1 mean: 646.1412935323383
gen: 86 best: 574.1 mean: 646.244776119403
gen >87, new best = 573.000
gen: 87 best: 573.0 mean: 646.1099502487563
gen: 88 best: 573.0 mean: 644.9567164179105
gen: 89 best: 573.0 mean: 644.9587064676617
gen >90, new best = 567.800
gen: 90 best: 567.8 mean: 645.7363184079602
gen: 91 best: 567.8 mean: 644.4671641791044
gen: 92 best: 567.8 mean: 643.8741293532338
gen: 93 best: 567.8 mean: 643.6910447761194
gen: 94 best: 567.8 mean: 643.397512437811
gen: 95 best: 567.8 mean: 644.1208955223881
gen: 96 best: 567.8 mean: 643.0149253731344
gen: 97 best: 567.8 mean: 642.4800995024875
gen: 98 best: 567.8 mean: 642.981592039801
gen: 99 best: 567.8 mean: 642.955223880597
[9, 10, 9, 9, 9, 10, 11, 9, 9, 10, 9, 9, 9, 10, 11, 10, 10, 9, 9, 10, 9, 9, 9, 9, 11, 9, 9, 9, 10, 9, 9, 8, 9, 9, 9, 10, 10, 9, 9, 9, 9, 10, 9, 9, 10, 10]
Test count of edges: 3166
cat
