Defaulting to user installation because normal site-packages is not writeable
Looking in links: /cvmfs/soft.computecanada.ca/custom/python/wheelhouse/gentoo/avx2, /cvmfs/soft.computecanada.ca/custom/python/wheelhouse/gentoo/generic, /cvmfs/soft.computecanada.ca/custom/python/wheelhouse/generic
Requirement already satisfied: graphviz in /home/js17sy/.local/lib/python3.10/site-packages (0.20)
34; python ga.py 24 1024N_graph24.dat 0.025 0.01 0.5 0.7 0.3 201 1024N_graph24strictgen2rem50_ 114244
/project/6008788/js17sy/reopenga/1024b/ga.py:291: DeprecationWarning: Sampling from a set deprecated
since Python 3.9 and will be removed in a subsequent version.
  child1 = set(random.sample(
gen >0, new best = 628.200
gen >0, new best = 625.400
gen >0, new best = 625.100
gen >0, new best = 624.600
gen >0, new best = 616.300
gen >0, new best = 608.700
gen >0, new best = 606.200
gen: 0 best: 606.2 mean: 631.8674129353234
gen >1, new best = 601.100
gen: 1 best: 601.1 mean: 629.4238805970149
gen: 2 best: 601.1 mean: 629.6432835820896
gen: 3 best: 601.1 mean: 626.6875621890547
gen: 4 best: 601.1 mean: 626.6751243781094
gen >5, new best = 596.300
gen: 5 best: 596.3 mean: 624.8199004975124
gen: 6 best: 596.3 mean: 624.7855721393034
gen >7, new best = 595.200
gen: 7 best: 595.2 mean: 622.6114427860697
gen: 8 best: 595.2 mean: 624.8965174129353
gen >9, new best = 559.800
gen: 9 best: 559.8 mean: 621.4084577114428
gen: 10 best: 559.8 mean: 622.0970149253732
gen: 11 best: 559.8 mean: 621.4970149253732
gen: 12 best: 559.8 mean: 621.4616915422886
gen: 13 best: 559.8 mean: 620.8796019900498
gen: 14 best: 559.8 mean: 620.3014925373134
gen >15, new best = 540.800
gen: 15 best: 540.8 mean: 617.5910447761194
gen: 16 best: 540.8 mean: 617.497512437811
gen: 17 best: 540.8 mean: 617.0771144278607
gen: 18 best: 540.8 mean: 614.8890547263682
gen: 19 best: 540.8 mean: 616.276119402985
gen: 20 best: 540.8 mean: 612.8796019900498
gen: 21 best: 540.8 mean: 612.2935323383084
gen: 22 best: 540.8 mean: 610.7427860696517
gen: 23 best: 540.8 mean: 609.0378109452736
gen: 24 best: 540.8 mean: 608.676119402985
gen: 25 best: 540.8 mean: 607.5124378109452
gen: 26 best: 540.8 mean: 606.7318407960199
gen: 27 best: 540.8 mean: 605.8228855721393
gen: 28 best: 540.8 mean: 607.3452736318408
gen: 29 best: 540.8 mean: 604.9597014925373
gen: 30 best: 540.8 mean: 603.7208955223881
gen: 31 best: 540.8 mean: 603.6970149253731
gen: 32 best: 540.8 mean: 602.9870646766169
gen: 33 best: 540.8 mean: 603.5716417910447
gen: 34 best: 540.8 mean: 602.673631840796
gen: 35 best: 540.8 mean: 599.8771144278606
gen: 36 best: 540.8 mean: 600.7154228855721
gen: 37 best: 540.8 mean: 599.0567164179105
gen: 38 best: 540.8 mean: 599.3810945273632
gen: 39 best: 540.8 mean: 598.7313432835821
gen: 40 best: 540.8 mean: 598.6601990049751
gen: 41 best: 540.8 mean: 598.7776119402985
gen: 42 best: 540.8 mean: 597.2776119402985
gen: 43 best: 540.8 mean: 594.5094527363184
gen: 44 best: 540.8 mean: 593.8348258706468
gen: 45 best: 540.8 mean: 595.6786069651741
gen: 46 best: 540.8 mean: 593.9139303482588
gen: 47 best: 540.8 mean: 594.3179104477612
gen: 48 best: 540.8 mean: 591.5069651741294
gen >49, new best = 532.600
gen: 49 best: 532.6 mean: 593.2641791044776
gen: 50 best: 532.6 mean: 590.5980099502488
gen: 51 best: 532.6 mean: 589.6606965174129
gen >52, new best = 528.700
gen: 52 best: 528.7 mean: 591.028855721393
gen: 53 best: 528.7 mean: 588.2731343283582
gen: 54 best: 528.7 mean: 589.392039800995
gen: 55 best: 528.7 mean: 588.4641791044776
gen: 56 best: 528.7 mean: 588.7452736318407
gen: 57 best: 528.7 mean: 588.5467661691542
gen: 58 best: 528.7 mean: 587.189552238806
gen: 59 best: 528.7 mean: 588.6890547263681
gen: 60 best: 528.7 mean: 586.3338308457711
gen: 61 best: 528.7 mean: 585.8960199004975
gen: 62 best: 528.7 mean: 586.4099502487562
gen: 63 best: 528.7 mean: 585.7019900497512
gen: 64 best: 528.7 mean: 584.1348258706468
gen: 65 best: 528.7 mean: 582.9233830845772
gen: 66 best: 528.7 mean: 583.3985074626866
gen: 67 best: 528.7 mean: 582.0119402985075
gen: 68 best: 528.7 mean: 581.5671641791045
gen: 69 best: 528.7 mean: 580.8293532338308
gen: 70 best: 528.7 mean: 578.5825870646767
gen: 71 best: 528.7 mean: 579.6616915422885
gen: 72 best: 528.7 mean: 578.7965174129354
gen: 73 best: 528.7 mean: 577.9154228855722
gen >74, new best = 504.200
gen: 74 best: 504.2 mean: 576.5527363184079
gen: 75 best: 504.2 mean: 577.6348258706468
gen: 76 best: 504.2 mean: 577.8641791044776
gen: 77 best: 504.2 mean: 576.3666666666667
gen: 78 best: 504.2 mean: 575.9089552238806
gen: 79 best: 504.2 mean: 576.3616915422886
gen: 80 best: 504.2 mean: 575.5796019900497
gen: 81 best: 504.2 mean: 575.0950248756219
gen: 82 best: 504.2 mean: 574.202487562189
gen: 83 best: 504.2 mean: 575.5686567164179
gen: 84 best: 504.2 mean: 573.6925373134328
gen: 85 best: 504.2 mean: 571.6442786069651
gen: 86 best: 504.2 mean: 572.8243781094527
gen: 87 best: 504.2 mean: 573.68407960199
gen: 88 best: 504.2 mean: 574.0706467661691
gen >89, new best = 500.600
gen: 89 best: 500.6 mean: 572.665671641791
gen: 90 best: 500.6 mean: 572.2567164179104
gen: 91 best: 500.6 mean: 571.9880597014925
gen: 92 best: 500.6 mean: 571.152736318408
gen: 93 best: 500.6 mean: 570.6054726368159
gen: 94 best: 500.6 mean: 570.1646766169155
gen: 95 best: 500.6 mean: 570.3805970149253
gen: 96 best: 500.6 mean: 569.7233830845771
gen: 97 best: 500.6 mean: 570.1233830845771
gen: 98 best: 500.6 mean: 569.4786069651741
gen: 99 best: 500.6 mean: 568.6601990049751
[11, 11, 11, 11, 11, 13, 10, 11, 10, 10, 12, 13, 11, 11, 11, 11, 11, 10, 10, 11, 10, 11, 11, 12, 10, 11, 12, 13, 10, 12, 12, 10, 10, 11, 12, 13, 11, 10, 12, 11, 12, 10, 12, 12, 10, 11, 11, 11, 10]
Test count of edges: 3163
cat
