Defaulting to user installation because normal site-packages is not writeable
Looking in links: /cvmfs/soft.computecanada.ca/custom/python/wheelhouse/gentoo/avx2, /cvmfs/soft.computecanada.ca/custom/python/wheelhouse/gentoo/generic, /cvmfs/soft.computecanada.ca/custom/python/wheelhouse/generic
Requirement already satisfied: graphviz in /home/js17sy/.local/lib/python3.10/site-packages (0.20)
630; python ga.py 24 1024N_graph24.dat 0.1 0.04 0.5 0.9 0.1 201 1024N_graph24leerygen3rem50_ 856830
/project/6008788/js17sy/reopenga/1024b/ga.py:291: DeprecationWarning: Sampling from a set deprecated
since Python 3.9 and will be removed in a subsequent version.
  child1 = set(random.sample(
gen >0, new best = 712.600
gen >0, new best = 712.300
gen >0, new best = 707.400
gen >0, new best = 697.600
gen >0, new best = 695.600
gen >0, new best = 693.800
gen >0, new best = 691.100
gen >0, new best = 691.000
gen >0, new best = 688.900
gen >0, new best = 686.700
gen >0, new best = 686.400
gen: 0 best: 686.4 mean: 710.918407960199
gen >1, new best = 685.400
gen >1, new best = 679.600
gen >1, new best = 637.900
gen: 1 best: 637.9 mean: 709.644776119403
gen: 2 best: 637.9 mean: 709.9074626865672
gen: 3 best: 637.9 mean: 708.9407960199005
gen: 4 best: 637.9 mean: 709.9492537313433
gen: 5 best: 637.9 mean: 709.2696517412935
gen: 6 best: 637.9 mean: 707.0457711442787
gen: 7 best: 637.9 mean: 707.1900497512438
gen: 8 best: 637.9 mean: 707.4492537313433
gen: 9 best: 637.9 mean: 709.3820895522388
gen: 10 best: 637.9 mean: 707.5194029850746
gen: 11 best: 637.9 mean: 706.1119402985074
gen: 12 best: 637.9 mean: 705.5646766169154
gen: 13 best: 637.9 mean: 704.8378109452736
gen: 14 best: 637.9 mean: 704.0477611940298
gen: 15 best: 637.9 mean: 704.8532338308457
gen: 16 best: 637.9 mean: 703.9646766169154
gen: 17 best: 637.9 mean: 703.9029850746268
gen: 18 best: 637.9 mean: 702.7283582089552
gen: 19 best: 637.9 mean: 703.1084577114428
gen: 20 best: 637.9 mean: 702.2910447761194
gen: 21 best: 637.9 mean: 702.1676616915423
gen: 22 best: 637.9 mean: 701.1114427860697
gen: 23 best: 637.9 mean: 700.6691542288557
gen: 24 best: 637.9 mean: 700.8099502487562
gen: 25 best: 637.9 mean: 700.2303482587065
gen >26, new best = 630.600
gen: 26 best: 630.6 mean: 698.973631840796
gen: 27 best: 630.6 mean: 699.7641791044776
gen: 28 best: 630.6 mean: 699.823880597015
gen: 29 best: 630.6 mean: 698.5771144278607
gen: 30 best: 630.6 mean: 697.6139303482587
gen: 31 best: 630.6 mean: 696.8378109452736
gen >32, new best = 627.000
gen: 32 best: 627.0 mean: 697.9308457711443
gen: 33 best: 627.0 mean: 695.9467661691542
gen: 34 best: 627.0 mean: 697.492039800995
gen: 35 best: 627.0 mean: 697.5766169154228
gen: 36 best: 627.0 mean: 697.0676616915423
gen: 37 best: 627.0 mean: 697.3865671641792
gen: 38 best: 627.0 mean: 697.6820895522388
gen: 39 best: 627.0 mean: 697.150248756219
gen: 40 best: 627.0 mean: 696.7039800995025
gen: 41 best: 627.0 mean: 696.6019900497513
gen: 42 best: 627.0 mean: 695.681592039801
gen: 43 best: 627.0 mean: 694.6572139303482
gen: 44 best: 627.0 mean: 695.7835820895523
gen: 45 best: 627.0 mean: 695.7845771144279
gen >46, new best = 621.200
gen: 46 best: 621.2 mean: 693.6099502487563
gen: 47 best: 621.2 mean: 692.9009950248757
gen: 48 best: 621.2 mean: 692.4890547263682
gen: 49 best: 621.2 mean: 693.6701492537313
gen: 50 best: 621.2 mean: 692.6691542288557
gen: 51 best: 621.2 mean: 691.6263681592039
gen: 52 best: 621.2 mean: 691.2985074626865
gen: 53 best: 621.2 mean: 692.0238805970149
gen: 54 best: 621.2 mean: 692.1328358208955
gen: 55 best: 621.2 mean: 690.8273631840796
gen: 56 best: 621.2 mean: 690.7820895522389
gen: 57 best: 621.2 mean: 690.0691542288557
gen: 58 best: 621.2 mean: 689.8199004975124
gen: 59 best: 621.2 mean: 687.9502487562189
gen: 60 best: 621.2 mean: 689.0208955223881
gen: 61 best: 621.2 mean: 689.3810945273632
gen: 62 best: 621.2 mean: 689.2014925373135
gen: 63 best: 621.2 mean: 689.4507462686568
gen: 64 best: 621.2 mean: 689.5074626865671
gen: 65 best: 621.2 mean: 689.7955223880597
gen: 66 best: 621.2 mean: 688.5213930348259
gen: 67 best: 621.2 mean: 688.6124378109453
gen: 68 best: 621.2 mean: 688.1900497512438
gen: 69 best: 621.2 mean: 686.4716417910448
gen >70, new best = 607.600
gen: 70 best: 607.6 mean: 686.6507462686567
gen: 71 best: 607.6 mean: 687.3383084577115
gen: 72 best: 607.6 mean: 686.1074626865671
gen: 73 best: 607.6 mean: 685.928855721393
gen: 74 best: 607.6 mean: 685.981592039801
gen: 75 best: 607.6 mean: 685.8621890547264
gen: 76 best: 607.6 mean: 684.8805970149253
gen: 77 best: 607.6 mean: 686.0402985074627
gen: 78 best: 607.6 mean: 685.1134328358208
gen: 79 best: 607.6 mean: 684.7587064676617
gen: 80 best: 607.6 mean: 683.026368159204
gen: 81 best: 607.6 mean: 683.1920398009951
gen: 82 best: 607.6 mean: 682.5482587064677
gen: 83 best: 607.6 mean: 683.3646766169154
gen: 84 best: 607.6 mean: 682.2318407960199
gen: 85 best: 607.6 mean: 682.7781094527363
gen: 86 best: 607.6 mean: 681.7417910447762
gen: 87 best: 607.6 mean: 683.1731343283582
gen: 88 best: 607.6 mean: 683.2751243781095
gen: 89 best: 607.6 mean: 683.9004975124378
gen: 90 best: 607.6 mean: 683.7542288557214
gen: 91 best: 607.6 mean: 681.5333333333333
gen: 92 best: 607.6 mean: 682.871144278607
gen: 93 best: 607.6 mean: 681.6353233830846
gen: 94 best: 607.6 mean: 682.1562189054727
gen: 95 best: 607.6 mean: 683.1970149253731
gen: 96 best: 607.6 mean: 681.9900497512438
gen: 97 best: 607.6 mean: 681.8970149253731
gen: 98 best: 607.6 mean: 680.8567164179104
gen: 99 best: 607.6 mean: 681.0034825870647
[11, 8, 9, 8, 10, 10, 9, 8, 8, 9, 9, 8, 9, 10, 9, 8, 9, 10, 10, 9, 9, 9, 9, 8, 10, 8, 8, 9, 8, 10, 9, 9, 11, 8, 9, 8, 9, 10, 9, 8, 9, 8, 8, 9, 8, 9, 9, 9, 11]
Test count of edges: 3142
cat
