Defaulting to user installation because normal site-packages is not writeable
Looking in links: /cvmfs/soft.computecanada.ca/custom/python/wheelhouse/gentoo/avx2, /cvmfs/soft.computecanada.ca/custom/python/wheelhouse/gentoo/generic, /cvmfs/soft.computecanada.ca/custom/python/wheelhouse/generic
Requirement already satisfied: graphviz in /home/js17sy/.local/lib/python3.10/site-packages (0.20)
311; python ga.py 24 1024N_graph24.dat 0.05 0.02 0.7 0.7 0.3 201 1024N_graph24mediumgen2rem70_ 314171
/project/6008788/js17sy/reopenga/1024b/ga.py:291: DeprecationWarning: Sampling from a set deprecated
since Python 3.9 and will be removed in a subsequent version.
  child1 = set(random.sample(
gen >0, new best = 621.400
gen >0, new best = 612.700
gen >0, new best = 566.100
gen >0, new best = 564.100
gen >0, new best = 555.000
gen >0, new best = 548.400
gen >0, new best = 544.500
gen >0, new best = 541.200
gen >0, new best = 528.600
gen: 0 best: 528.6 mean: 600.6965174129353
gen: 1 best: 528.6 mean: 597.1696517412935
gen: 2 best: 528.6 mean: 593.9233830845772
gen >3, new best = 515.800
gen: 3 best: 515.8 mean: 589.1517412935324
gen: 4 best: 515.8 mean: 587.6432835820896
gen >5, new best = 506.500
gen: 5 best: 506.5 mean: 582.5069651741294
gen: 6 best: 506.5 mean: 577.0059701492537
gen: 7 best: 506.5 mean: 576.2651741293532
gen: 8 best: 506.5 mean: 576.5636815920398
gen >9, new best = 498.800
gen: 9 best: 498.8 mean: 571.5786069651741
gen: 10 best: 498.8 mean: 569.2363184079602
gen: 11 best: 498.8 mean: 570.026368159204
gen: 12 best: 498.8 mean: 566.1890547263681
gen: 13 best: 498.8 mean: 562.4338308457711
gen >14, new best = 489.600
gen: 14 best: 489.6 mean: 561.3825870646766
gen: 15 best: 489.6 mean: 559.0925373134328
gen: 16 best: 489.6 mean: 555.0462686567164
gen: 17 best: 489.6 mean: 555.5562189054726
gen: 18 best: 489.6 mean: 553.6129353233831
gen >19, new best = 477.100
gen: 19 best: 477.1 mean: 549.0417910447761
gen: 20 best: 477.1 mean: 547.5905472636816
gen: 21 best: 477.1 mean: 547.9363184079602
gen: 22 best: 477.1 mean: 544.8587064676617
gen: 23 best: 477.1 mean: 544.4800995024875
gen: 24 best: 477.1 mean: 545.7034825870646
gen: 25 best: 477.1 mean: 541.6014925373134
gen >26, new best = 475.200
gen: 26 best: 475.2 mean: 540.6164179104478
gen: 27 best: 475.2 mean: 537.9427860696518
gen: 28 best: 475.2 mean: 536.2890547263681
gen: 29 best: 475.2 mean: 536.2268656716418
gen >30, new best = 474.900
gen: 30 best: 474.9 mean: 535.0895522388059
gen: 31 best: 474.9 mean: 535.0293532338309
gen: 32 best: 474.9 mean: 533.5238805970149
gen: 33 best: 474.9 mean: 532.507960199005
gen >34, new best = 469.900
gen: 34 best: 469.9 mean: 532.9278606965174
gen: 35 best: 469.9 mean: 533.8243781094527
gen: 36 best: 469.9 mean: 527.263184079602
gen: 37 best: 469.9 mean: 528.6134328358208
gen: 38 best: 469.9 mean: 527.1179104477612
gen: 39 best: 469.9 mean: 527.4477611940298
gen: 40 best: 469.9 mean: 525.7452736318407
gen: 41 best: 469.9 mean: 522.8517412935323
gen: 42 best: 469.9 mean: 522.8726368159204
gen: 43 best: 469.9 mean: 522.8910447761194
gen >44, new best = 462.900
gen: 44 best: 462.9 mean: 521.4796019900498
gen: 45 best: 462.9 mean: 519.3273631840796
gen: 46 best: 462.9 mean: 519.2716417910448
gen: 47 best: 462.9 mean: 518.7910447761194
gen >48, new best = 460.200
gen: 48 best: 460.2 mean: 519.4278606965174
gen: 49 best: 460.2 mean: 517.6293532338309
gen: 50 best: 460.2 mean: 517.5572139303482
gen: 51 best: 460.2 mean: 517.8537313432836
gen >52, new best = 455.200
gen >52, new best = 455.000
gen: 52 best: 455.0 mean: 516.5830845771144
gen: 53 best: 455.0 mean: 513.2084577114427
gen: 54 best: 455.0 mean: 515.5218905472636
gen: 55 best: 455.0 mean: 514.2124378109453
gen >56, new best = 433.500
gen: 56 best: 433.5 mean: 511.6323383084577
gen: 57 best: 433.5 mean: 514.5985074626866
gen: 58 best: 433.5 mean: 511.881592039801
gen: 59 best: 433.5 mean: 513.5194029850746
gen: 60 best: 433.5 mean: 511.0278606965174
gen >61, new best = 432.100
gen: 61 best: 432.1 mean: 515.2358208955224
gen: 62 best: 432.1 mean: 510.4233830845771
gen: 63 best: 432.1 mean: 512.4159203980099
gen: 64 best: 432.1 mean: 513.2124378109453
gen: 65 best: 432.1 mean: 512.6557213930348
gen: 66 best: 432.1 mean: 509.83980099502486
gen: 67 best: 432.1 mean: 509.3059701492537
gen: 68 best: 432.1 mean: 511.52089552238806
gen: 69 best: 432.1 mean: 508.734328358209
gen: 70 best: 432.1 mean: 509.6139303482587
gen: 71 best: 432.1 mean: 508.8756218905473
gen: 72 best: 432.1 mean: 510.0258706467662
gen: 73 best: 432.1 mean: 508.2452736318408
gen: 74 best: 432.1 mean: 508.46965174129355
gen: 75 best: 432.1 mean: 507.68955223880596
gen >76, new best = 424.600
gen: 76 best: 424.6 mean: 507.2407960199005
gen: 77 best: 424.6 mean: 506.7313432835821
gen: 78 best: 424.6 mean: 506.0492537313433
gen: 79 best: 424.6 mean: 508.54477611940297
gen: 80 best: 424.6 mean: 506.38358208955225
gen: 81 best: 424.6 mean: 507.78507462686565
gen: 82 best: 424.6 mean: 505.4492537313433
gen: 83 best: 424.6 mean: 503.9497512437811
gen: 84 best: 424.6 mean: 508.2034825870647
gen: 85 best: 424.6 mean: 505.2686567164179
gen: 86 best: 424.6 mean: 504.2084577114428
gen: 87 best: 424.6 mean: 503.1850746268657
gen: 88 best: 424.6 mean: 504.96616915422885
gen: 89 best: 424.6 mean: 505.2398009950249
gen: 90 best: 424.6 mean: 504.8
gen: 91 best: 424.6 mean: 508.0293532338309
gen: 92 best: 424.6 mean: 505.59452736318406
gen: 93 best: 424.6 mean: 507.4467661691542
gen: 94 best: 424.6 mean: 504.61243781094527
gen: 95 best: 424.6 mean: 507.1363184079602
gen: 96 best: 424.6 mean: 505.02437810945275
gen: 97 best: 424.6 mean: 505.4432835820896
gen: 98 best: 424.6 mean: 504.6358208955224
gen: 99 best: 424.6 mean: 507.8880597014925
[9, 9, 8, 8, 9, 9, 8, 8, 9, 8, 9, 9, 8, 9, 10, 9, 10, 10, 10, 10, 8, 10, 11, 9, 9, 9, 9, 9, 9, 10, 10, 9, 9, 9, 10, 9, 10, 10, 9, 9, 10, 9, 9, 10, 8, 9, 9, 8, 10]
Test count of edges: 1905
cat
