Defaulting to user installation because normal site-packages is not writeable
Looking in links: /cvmfs/soft.computecanada.ca/custom/python/wheelhouse/gentoo/avx2, /cvmfs/soft.computecanada.ca/custom/python/wheelhouse/gentoo/generic, /cvmfs/soft.computecanada.ca/custom/python/wheelhouse/generic
Requirement already satisfied: graphviz in /home/js17sy/.local/lib/python3.10/site-packages (0.20)
53; python ga.py 10 256N_graph10.dat 0.025 0.01 0.5 0.7 0.3 201 256N_graph10strictgen2rem50_ 656903
/project/6008788/js17sy/reopenga/256a/ga.py:291: DeprecationWarning: Sampling from a set deprecated
since Python 3.9 and will be removed in a subsequent version.
  child1 = set(random.sample(
gen >0, new best = 143.100
gen >0, new best = 142.100
gen >0, new best = 128.600
gen >0, new best = 117.600
gen: 0 best: 117.6 mean: 152.8231343283582
gen >1, new best = 111.900
gen: 1 best: 111.9 mean: 153.02238805970148
gen: 2 best: 111.9 mean: 150.96517412935324
gen: 3 best: 111.9 mean: 152.9094527363184
gen: 4 best: 111.9 mean: 153.26965174129353
gen: 5 best: 111.9 mean: 151.34378109452737
gen: 6 best: 111.9 mean: 151.31990049751244
gen: 7 best: 111.9 mean: 151.79601990049753
gen: 8 best: 111.9 mean: 151.47114427860697
gen: 9 best: 111.9 mean: 150.93880597014925
gen: 10 best: 111.9 mean: 149.7507462686567
gen: 11 best: 111.9 mean: 149.68009950248756
gen: 12 best: 111.9 mean: 149.7636815920398
gen >13, new best = 104.500
gen: 13 best: 104.5 mean: 149.23134328358208
gen: 14 best: 104.5 mean: 151.2044776119403
gen: 15 best: 104.5 mean: 148.41144278606964
gen: 16 best: 104.5 mean: 148.50746268656715
gen: 17 best: 104.5 mean: 148.7139303482587
gen: 18 best: 104.5 mean: 148.7636815920398
gen >19, new best = 103.000
gen: 19 best: 103.0 mean: 149.01044776119403
gen: 20 best: 103.0 mean: 147.25522388059701
gen >21, new best = 98.300
gen: 21 best: 98.3 mean: 148.34378109452737
gen: 22 best: 98.3 mean: 148.0915422885572
gen: 23 best: 98.3 mean: 147.55771144278606
gen: 24 best: 98.3 mean: 146.644776119403
gen: 25 best: 98.3 mean: 147.881592039801
gen >26, new best = 93.600
gen: 26 best: 93.6 mean: 147.66915422885572
gen: 27 best: 93.6 mean: 149.42537313432837
gen: 28 best: 93.6 mean: 145.9597014925373
gen: 29 best: 93.6 mean: 146.44427860696518
gen: 30 best: 93.6 mean: 147.33731343283583
gen: 31 best: 93.6 mean: 146.31094527363183
gen: 32 best: 93.6 mean: 144.44626865671643
gen: 33 best: 93.6 mean: 147.54626865671642
gen >34, new best = 93.200
gen: 34 best: 93.2 mean: 144.91194029850746
gen: 35 best: 93.2 mean: 145.72885572139305
gen: 36 best: 93.2 mean: 146.37562189054725
gen: 37 best: 93.2 mean: 144.39900497512437
gen: 38 best: 93.2 mean: 145.36318407960198
gen: 39 best: 93.2 mean: 144.8398009950249
gen: 40 best: 93.2 mean: 145.5358208955224
gen: 41 best: 93.2 mean: 145.88606965174128
gen: 42 best: 93.2 mean: 146.9671641791045
gen: 43 best: 93.2 mean: 143.97213930348258
gen: 44 best: 93.2 mean: 143.93532338308458
gen: 45 best: 93.2 mean: 144.2273631840796
gen: 46 best: 93.2 mean: 145.05223880597015
gen: 47 best: 93.2 mean: 143.78905472636816
gen: 48 best: 93.2 mean: 141.226368159204
gen: 49 best: 93.2 mean: 142.69751243781096
gen: 50 best: 93.2 mean: 141.58805970149254
gen: 51 best: 93.2 mean: 142.72935323383084
gen >52, new best = 79.700
gen: 52 best: 79.7 mean: 141.3626865671642
gen: 53 best: 79.7 mean: 139.1960199004975
gen >54, new best = 75.100
gen: 54 best: 75.1 mean: 140.60646766169154
gen: 55 best: 75.1 mean: 141.53482587064676
gen: 56 best: 75.1 mean: 141.29303482587065
gen: 57 best: 75.1 mean: 141.34328358208955
gen: 58 best: 75.1 mean: 140.80149253731344
gen >59, new best = 74.200
gen: 59 best: 74.2 mean: 138.37960199004976
gen: 60 best: 74.2 mean: 140.7223880597015
gen: 61 best: 74.2 mean: 141.0955223880597
gen: 62 best: 74.2 mean: 137.17562189054726
gen: 63 best: 74.2 mean: 138.28258706467662
gen: 64 best: 74.2 mean: 138.16417910447763
gen >65, new best = 66.700
gen: 65 best: 66.7 mean: 138.17910447761193
gen: 66 best: 66.7 mean: 137.57860696517412
gen: 67 best: 66.7 mean: 135.3039800995025
gen: 68 best: 66.7 mean: 136.35671641791043
gen: 69 best: 66.7 mean: 133.65124378109454
gen: 70 best: 66.7 mean: 137.68258706467662
gen >71, new best = 61.800
gen: 71 best: 61.8 mean: 134.0452736318408
gen: 72 best: 61.8 mean: 132.38407960199004
gen: 73 best: 61.8 mean: 132.20348258706468
gen: 74 best: 61.8 mean: 133.74328358208956
gen: 75 best: 61.8 mean: 132.48805970149255
gen: 76 best: 61.8 mean: 132.47114427860697
gen: 77 best: 61.8 mean: 128.19203980099502
gen: 78 best: 61.8 mean: 130.29701492537313
gen: 79 best: 61.8 mean: 130.95771144278606
gen: 80 best: 61.8 mean: 128.04427860696518
gen: 81 best: 61.8 mean: 126.32189054726368
gen: 82 best: 61.8 mean: 128.5776119402985
gen >83, new best = 54.400
gen: 83 best: 54.4 mean: 122.6452736318408
gen: 84 best: 54.4 mean: 123.11840796019901
gen: 85 best: 54.4 mean: 124.69850746268656
gen: 86 best: 54.4 mean: 122.29800995024875
gen: 87 best: 54.4 mean: 121.03333333333333
gen: 88 best: 54.4 mean: 121.12139303482587
gen >89, new best = 52.900
gen: 89 best: 52.9 mean: 116.82189054726368
gen >90, new best = 50.700
gen: 90 best: 50.7 mean: 119.9273631840796
gen: 91 best: 50.7 mean: 117.33681592039801
gen: 92 best: 50.7 mean: 117.79054726368159
gen: 93 best: 50.7 mean: 118.03930348258706
gen >94, new best = 50.100
gen: 94 best: 50.1 mean: 115.1044776119403
gen: 95 best: 50.1 mean: 110.9955223880597
gen >96, new best = 49.800
gen: 96 best: 49.8 mean: 113.65820895522388
gen: 97 best: 49.8 mean: 114.17562189054726
gen: 98 best: 49.8 mean: 113.42587064676617
gen: 99 best: 49.8 mean: 114.33134328358209
[7, 11, 10, 8, 5, 6, 6, 13, 5, 7, 6, 6, 12, 10, 5, 9, 15, 7, 11, 8, 7, 5, 6, 8, 10, 9]
Test count of edges: 793
cat
