Defaulting to user installation because normal site-packages is not writeable
Looking in links: /cvmfs/soft.computecanada.ca/custom/python/wheelhouse/gentoo/avx2, /cvmfs/soft.computecanada.ca/custom/python/wheelhouse/gentoo/generic, /cvmfs/soft.computecanada.ca/custom/python/wheelhouse/generic
Requirement already satisfied: graphviz in /home/js17sy/.local/lib/python3.10/site-packages (0.20)
184; python ga.py 10 256N_graph10.dat 0.05 0.02 0.5 0.5 0.5 201 256N_graph10mediumgen1rem50_ 114244
/project/6008788/js17sy/reopenga/256a/ga.py:291: DeprecationWarning: Sampling from a set deprecated
since Python 3.9 and will be removed in a subsequent version.
  child1 = set(random.sample(
gen >0, new best = 158.100
gen >0, new best = 156.400
gen >0, new best = 151.400
gen >0, new best = 150.500
gen: 0 best: 150.5 mean: 167.15323383084578
gen: 1 best: 150.5 mean: 166.7497512437811
gen >2, new best = 148.100
gen >2, new best = 146.900
gen: 2 best: 146.9 mean: 166.36019900497513
gen: 3 best: 146.9 mean: 165.53432835820897
gen: 4 best: 146.9 mean: 164.37014925373134
gen: 5 best: 146.9 mean: 165.03930348258706
gen >6, new best = 143.000
gen: 6 best: 143.0 mean: 164.00796019900497
gen >7, new best = 142.900
gen: 7 best: 142.9 mean: 163.34776119402986
gen >8, new best = 141.300
gen: 8 best: 141.3 mean: 162.6492537313433
gen: 9 best: 141.3 mean: 162.31641791044777
gen: 10 best: 141.3 mean: 162.93432835820894
gen >11, new best = 139.700
gen: 11 best: 139.7 mean: 162.7452736318408
gen >12, new best = 135.600
gen: 12 best: 135.6 mean: 161.1179104477612
gen: 13 best: 135.6 mean: 161.11094527363184
gen: 14 best: 135.6 mean: 160.5318407960199
gen: 15 best: 135.6 mean: 160.09751243781093
gen: 16 best: 135.6 mean: 159.3452736318408
gen: 17 best: 135.6 mean: 158.3313432835821
gen: 18 best: 135.6 mean: 158.67462686567166
gen: 19 best: 135.6 mean: 157.59203980099502
gen >20, new best = 134.800
gen: 20 best: 134.8 mean: 156.91144278606964
gen: 21 best: 134.8 mean: 157.1218905472637
gen: 22 best: 134.8 mean: 156.40646766169155
gen: 23 best: 134.8 mean: 155.4731343283582
gen: 24 best: 134.8 mean: 155.36119402985074
gen: 25 best: 134.8 mean: 155.11194029850748
gen: 26 best: 134.8 mean: 155.2134328358209
gen: 27 best: 134.8 mean: 154.03233830845772
gen: 28 best: 134.8 mean: 154.9228855721393
gen: 29 best: 134.8 mean: 154.45373134328358
gen >30, new best = 131.800
gen: 30 best: 131.8 mean: 153.87562189054725
gen: 31 best: 131.8 mean: 152.36169154228855
gen: 32 best: 131.8 mean: 153.11542288557214
gen: 33 best: 131.8 mean: 151.85771144278607
gen >34, new best = 125.700
gen: 34 best: 125.7 mean: 151.7646766169154
gen: 35 best: 125.7 mean: 151.0731343283582
gen: 36 best: 125.7 mean: 150.60547263681593
gen: 37 best: 125.7 mean: 149.84825870646767
gen: 38 best: 125.7 mean: 148.55820895522388
gen: 39 best: 125.7 mean: 147.5228855721393
gen: 40 best: 125.7 mean: 147.78258706467662
gen: 41 best: 125.7 mean: 146.97611940298506
gen: 42 best: 125.7 mean: 145.84825870646767
gen >43, new best = 125.200
gen: 43 best: 125.2 mean: 146.12139303482587
gen: 44 best: 125.2 mean: 145.64278606965175
gen: 45 best: 125.2 mean: 145.481592039801
gen: 46 best: 125.2 mean: 145.17064676616914
gen: 47 best: 125.2 mean: 143.7223880597015
gen: 48 best: 125.2 mean: 144.73781094527362
gen: 49 best: 125.2 mean: 144.02985074626866
gen: 50 best: 125.2 mean: 144.12487562189054
gen: 51 best: 125.2 mean: 143.28507462686568
gen >52, new best = 121.900
gen: 52 best: 121.9 mean: 142.7363184079602
gen: 53 best: 121.9 mean: 143.30646766169156
gen: 54 best: 121.9 mean: 142.85771144278607
gen: 55 best: 121.9 mean: 142.23830845771144
gen: 56 best: 121.9 mean: 140.9089552238806
gen: 57 best: 121.9 mean: 141.15074626865672
gen >58, new best = 120.000
gen: 58 best: 120.0 mean: 142.34726368159204
gen: 59 best: 120.0 mean: 141.22835820895523
gen: 60 best: 120.0 mean: 142.70348258706468
gen: 61 best: 120.0 mean: 140.77064676616916
gen: 62 best: 120.0 mean: 140.90696517412934
gen: 63 best: 120.0 mean: 140.60796019900496
gen: 64 best: 120.0 mean: 140.79154228855722
gen: 65 best: 120.0 mean: 139.42338308457713
gen: 66 best: 120.0 mean: 140.86567164179104
gen: 67 best: 120.0 mean: 140.70597014925374
gen: 68 best: 120.0 mean: 139.68905472636817
gen: 69 best: 120.0 mean: 139.62139303482587
gen: 70 best: 120.0 mean: 139.0592039800995
gen: 71 best: 120.0 mean: 139.57562189054727
gen >72, new best = 119.300
gen: 72 best: 119.3 mean: 140.0273631840796
gen: 73 best: 119.3 mean: 140.27512437810947
gen: 74 best: 119.3 mean: 139.4542288557214
gen: 75 best: 119.3 mean: 137.98059701492537
gen: 76 best: 119.3 mean: 139.23432835820896
gen: 77 best: 119.3 mean: 139.2955223880597
gen: 78 best: 119.3 mean: 138.3094527363184
gen: 79 best: 119.3 mean: 138.80796019900498
gen: 80 best: 119.3 mean: 138.95124378109452
gen: 81 best: 119.3 mean: 137.9084577114428
gen >82, new best = 118.600
gen: 82 best: 118.6 mean: 137.21741293532338
gen: 83 best: 118.6 mean: 137.8318407960199
gen: 84 best: 118.6 mean: 138.97164179104476
gen: 85 best: 118.6 mean: 137.93482587064676
gen: 86 best: 118.6 mean: 138.08805970149254
gen: 87 best: 118.6 mean: 137.93084577114428
gen: 88 best: 118.6 mean: 139.27512437810944
gen: 89 best: 118.6 mean: 138.2228855721393
gen: 90 best: 118.6 mean: 137.60248756218905
gen: 91 best: 118.6 mean: 138.1950248756219
gen: 92 best: 118.6 mean: 138.58109452736318
gen: 93 best: 118.6 mean: 137.9955223880597
gen: 94 best: 118.6 mean: 137.6960199004975
gen: 95 best: 118.6 mean: 137.65671641791045
gen: 96 best: 118.6 mean: 137.44427860696518
gen: 97 best: 118.6 mean: 136.75323383084577
gen: 98 best: 118.6 mean: 137.33830845771143
gen: 99 best: 118.6 mean: 137.7865671641791
[11, 9, 10, 10, 9, 10, 10, 10, 9, 9, 10, 10, 9, 10, 10, 9, 9, 11, 10, 5, 9, 9, 9, 10, 10, 5, 9, 7, 10, 11, 9, 9, 10, 9, 12, 11]
Test count of edges: 808
cat
