Defaulting to user installation because normal site-packages is not writeable
Looking in links: /cvmfs/soft.computecanada.ca/custom/python/wheelhouse/gentoo/avx2, /cvmfs/soft.computecanada.ca/custom/python/wheelhouse/gentoo/generic, /cvmfs/soft.computecanada.ca/custom/python/wheelhouse/generic
Requirement already satisfied: graphviz in /home/js17sy/.local/lib/python3.10/site-packages (0.20)
167; python ga.py 10 256N_graph10.dat 0.025 0.01 0.7 0.9 0.1 201 256N_graph10strictgen3rem70_ 485537
/project/6008788/js17sy/reopenga/256a/ga.py:291: DeprecationWarning: Sampling from a set deprecated
since Python 3.9 and will be removed in a subsequent version.
  child1 = set(random.sample(
gen >0, new best = 178.900
gen >0, new best = 145.800
gen >0, new best = 139.200
gen >0, new best = 113.500
gen >0, new best = 112.300
gen >0, new best = 110.200
gen >0, new best = 88.400
gen >0, new best = 83.400
gen >0, new best = 51.900
gen: 0 best: 51.9 mean: 136.95
gen: 1 best: 51.9 mean: 135.07960199004975
gen: 2 best: 51.9 mean: 134.23034825870647
gen: 3 best: 51.9 mean: 132.44278606965173
gen: 4 best: 51.9 mean: 133.19651741293532
gen: 5 best: 51.9 mean: 131.50497512437812
gen: 6 best: 51.9 mean: 131.80298507462686
gen >7, new best = 46.100
gen: 7 best: 46.1 mean: 127.41641791044776
gen: 8 best: 46.1 mean: 132.52487562189054
gen: 9 best: 46.1 mean: 129.73034825870647
gen: 10 best: 46.1 mean: 127.72587064676617
gen: 11 best: 46.1 mean: 123.26218905472636
gen >12, new best = 41.000
gen: 12 best: 41.0 mean: 127.57114427860697
gen: 13 best: 41.0 mean: 129.00597014925373
gen: 14 best: 41.0 mean: 127.37512437810945
gen: 15 best: 41.0 mean: 124.92338308457711
gen: 16 best: 41.0 mean: 124.94676616915423
gen: 17 best: 41.0 mean: 124.84129353233831
gen: 18 best: 41.0 mean: 121.57960199004975
gen: 19 best: 41.0 mean: 125.82537313432836
gen: 20 best: 41.0 mean: 120.10696517412936
gen: 21 best: 41.0 mean: 122.74825870646767
gen: 22 best: 41.0 mean: 121.4955223880597
gen: 23 best: 41.0 mean: 120.33034825870647
gen: 24 best: 41.0 mean: 118.14427860696517
gen: 25 best: 41.0 mean: 116.79651741293533
gen >26, new best = 33.100
gen: 26 best: 33.1 mean: 114.43731343283582
gen: 27 best: 33.1 mean: 113.77810945273632
gen: 28 best: 33.1 mean: 112.97213930348259
gen: 29 best: 33.1 mean: 110.3910447761194
gen: 30 best: 33.1 mean: 112.5318407960199
gen: 31 best: 33.1 mean: 110.11741293532339
gen: 32 best: 33.1 mean: 108.57711442786069
gen: 33 best: 33.1 mean: 108.87363184079602
gen: 34 best: 33.1 mean: 107.936815920398
gen: 35 best: 33.1 mean: 104.27462686567164
gen: 36 best: 33.1 mean: 104.44278606965175
gen: 37 best: 33.1 mean: 101.55323383084577
gen: 38 best: 33.1 mean: 103.50796019900497
gen: 39 best: 33.1 mean: 104.65323383084578
gen: 40 best: 33.1 mean: 101.13980099502487
gen: 41 best: 33.1 mean: 99.48358208955224
gen >42, new best = 24.300
gen: 42 best: 24.3 mean: 98.57661691542289
gen: 43 best: 24.3 mean: 97.77810945273632
gen: 44 best: 24.3 mean: 93.55323383084577
gen: 45 best: 24.3 mean: 95.35273631840796
gen: 46 best: 24.3 mean: 95.28955223880597
gen: 47 best: 24.3 mean: 97.1910447761194
gen: 48 best: 24.3 mean: 91.9955223880597
gen: 49 best: 24.3 mean: 91.47064676616915
gen: 50 best: 24.3 mean: 90.65373134328358
gen: 51 best: 24.3 mean: 92.70298507462687
gen: 52 best: 24.3 mean: 93.09203980099502
gen: 53 best: 24.3 mean: 90.87213930348258
gen: 54 best: 24.3 mean: 91.76865671641791
gen: 55 best: 24.3 mean: 90.57860696517413
gen: 56 best: 24.3 mean: 91.0865671641791
gen: 57 best: 24.3 mean: 91.33731343283583
gen: 58 best: 24.3 mean: 89.54129353233832
gen: 59 best: 24.3 mean: 91.88208955223881
gen: 60 best: 24.3 mean: 88.83034825870647
gen: 61 best: 24.3 mean: 89.87363184079602
gen: 62 best: 24.3 mean: 89.38557213930348
gen >63, new best = 23.800
gen: 63 best: 23.8 mean: 88.30298507462686
gen: 64 best: 23.8 mean: 86.03830845771144
gen >65, new best = 22.700
gen: 65 best: 22.7 mean: 84.82935323383084
gen: 66 best: 22.7 mean: 88.11592039800995
gen: 67 best: 22.7 mean: 91.4044776119403
gen: 68 best: 22.7 mean: 85.62487562189055
gen: 69 best: 22.7 mean: 88.7995024875622
gen: 70 best: 22.7 mean: 84.9313432835821
gen: 71 best: 22.7 mean: 85.81641791044775
gen: 72 best: 22.7 mean: 84.79651741293533
gen: 73 best: 22.7 mean: 87.29253731343283
gen: 74 best: 22.7 mean: 84.61890547263681
gen: 75 best: 22.7 mean: 85.83930348258707
gen: 76 best: 22.7 mean: 83.1542288557214
gen: 77 best: 22.7 mean: 84.07064676616915
gen: 78 best: 22.7 mean: 86.28507462686566
gen: 79 best: 22.7 mean: 83.2044776119403
gen: 80 best: 22.7 mean: 86.28606965174129
gen: 81 best: 22.7 mean: 83.3726368159204
gen: 82 best: 22.7 mean: 83.76567164179104
gen: 83 best: 22.7 mean: 82.53383084577115
gen: 84 best: 22.7 mean: 81.8094527363184
gen: 85 best: 22.7 mean: 83.68706467661691
gen: 86 best: 22.7 mean: 82.0686567164179
gen: 87 best: 22.7 mean: 83.33134328358209
gen: 88 best: 22.7 mean: 80.3905472636816
gen: 89 best: 22.7 mean: 81.7910447761194
gen: 90 best: 22.7 mean: 81.4318407960199
gen: 91 best: 22.7 mean: 83.518407960199
gen: 92 best: 22.7 mean: 81.78805970149254
gen: 93 best: 22.7 mean: 82.24527363184079
gen: 94 best: 22.7 mean: 83.65074626865672
gen: 95 best: 22.7 mean: 82.563184079602
gen: 96 best: 22.7 mean: 80.21243781094527
gen: 97 best: 22.7 mean: 82.21890547263682
gen: 98 best: 22.7 mean: 77.27562189054727
gen: 99 best: 22.7 mean: 82.54825870646766
[5, 5, 4, 6, 5, 10, 10, 6, 11, 5, 5, 5, 5, 12, 4, 5, 5, 5, 4, 5, 5, 5, 4, 4]
Test count of edges: 468
cat
