Defaulting to user installation because normal site-packages is not writeable
Looking in links: /cvmfs/soft.computecanada.ca/custom/python/wheelhouse/gentoo/avx2, /cvmfs/soft.computecanada.ca/custom/python/wheelhouse/gentoo/generic, /cvmfs/soft.computecanada.ca/custom/python/wheelhouse/generic
Requirement already satisfied: graphviz in /home/js17sy/.local/lib/python3.10/site-packages (0.20)
546; python ga.py 10 256N_graph10.dat 0.1 0.04 0.5 0.5 0.5 201 256N_graph10leerygen1rem50_ 171366
/project/6008788/js17sy/reopenga/256a/ga.py:291: DeprecationWarning: Sampling from a set deprecated
since Python 3.9 and will be removed in a subsequent version.
  child1 = set(random.sample(
gen >0, new best = 194.300
gen >0, new best = 188.300
gen >0, new best = 182.300
gen >0, new best = 182.000
gen >0, new best = 181.500
gen >0, new best = 179.300
gen >0, new best = 176.500
gen >0, new best = 170.700
gen: 0 best: 170.7 mean: 184.85572139303483
gen >1, new best = 169.500
gen: 1 best: 169.5 mean: 184.12686567164178
gen >2, new best = 169.000
gen: 2 best: 169.0 mean: 183.1099502487562
gen >3, new best = 168.400
gen: 3 best: 168.4 mean: 182.93731343283582
gen >4, new best = 167.900
gen: 4 best: 167.9 mean: 182.31940298507462
gen: 5 best: 167.9 mean: 181.97562189054727
gen >6, new best = 164.300
gen: 6 best: 164.3 mean: 181.92835820895522
gen >7, new best = 161.400
gen: 7 best: 161.4 mean: 180.88606965174128
gen: 8 best: 161.4 mean: 181.70696517412935
gen: 9 best: 161.4 mean: 180.90995024875622
gen: 10 best: 161.4 mean: 180.06467661691542
gen: 11 best: 161.4 mean: 180.57611940298509
gen >12, new best = 152.200
gen: 12 best: 152.2 mean: 179.26218905472638
gen: 13 best: 152.2 mean: 179.80547263681592
gen: 14 best: 152.2 mean: 179.02189054726367
gen: 15 best: 152.2 mean: 178.42388059701491
gen: 16 best: 152.2 mean: 177.62537313432836
gen >17, new best = 149.000
gen: 17 best: 149.0 mean: 177.31144278606965
gen: 18 best: 149.0 mean: 176.57860696517412
gen: 19 best: 149.0 mean: 176.62786069651742
gen: 20 best: 149.0 mean: 176.0363184079602
gen: 21 best: 149.0 mean: 175.7407960199005
gen: 22 best: 149.0 mean: 175.64825870646766
gen: 23 best: 149.0 mean: 175.10746268656717
gen: 24 best: 149.0 mean: 174.4
gen: 25 best: 149.0 mean: 174.8766169154229
gen: 26 best: 149.0 mean: 174.52437810945273
gen: 27 best: 149.0 mean: 173.29402985074626
gen: 28 best: 149.0 mean: 173.87313432835822
gen: 29 best: 149.0 mean: 172.8268656716418
gen: 30 best: 149.0 mean: 172.82189054726368
gen: 31 best: 149.0 mean: 172.29353233830847
gen: 32 best: 149.0 mean: 171.8004975124378
gen: 33 best: 149.0 mean: 171.41194029850746
gen: 34 best: 149.0 mean: 171.27412935323383
gen: 35 best: 149.0 mean: 170.83930348258707
gen: 36 best: 149.0 mean: 170.85323383084577
gen: 37 best: 149.0 mean: 171.61243781094527
gen: 38 best: 149.0 mean: 171.07512437810945
gen: 39 best: 149.0 mean: 171.07611940298509
gen: 40 best: 149.0 mean: 170.8726368159204
gen: 41 best: 149.0 mean: 170.23034825870647
gen: 42 best: 149.0 mean: 169.72089552238805
gen: 43 best: 149.0 mean: 169.40248756218907
gen: 44 best: 149.0 mean: 169.9273631840796
gen: 45 best: 149.0 mean: 169.5636815920398
gen: 46 best: 149.0 mean: 168.544776119403
gen: 47 best: 149.0 mean: 169.5731343283582
gen: 48 best: 149.0 mean: 168.87860696517413
gen: 49 best: 149.0 mean: 168.43731343283582
gen: 50 best: 149.0 mean: 168.6233830845771
gen: 51 best: 149.0 mean: 168.36567164179104
gen: 52 best: 149.0 mean: 168.79900497512438
gen: 53 best: 149.0 mean: 169.67562189054726
gen: 54 best: 149.0 mean: 168.52139303482588
gen: 55 best: 149.0 mean: 168.90049751243782
gen: 56 best: 149.0 mean: 168.9268656716418
gen: 57 best: 149.0 mean: 168.17562189054726
gen: 58 best: 149.0 mean: 168.10696517412936
gen: 59 best: 149.0 mean: 168.3995024875622
gen: 60 best: 149.0 mean: 167.6099502487562
gen: 61 best: 149.0 mean: 168.72537313432835
gen: 62 best: 149.0 mean: 167.79253731343283
gen: 63 best: 149.0 mean: 168.0870646766169
gen: 64 best: 149.0 mean: 168.10149253731342
gen >65, new best = 148.600
gen: 65 best: 148.6 mean: 167.663184079602
gen: 66 best: 148.6 mean: 167.22437810945274
gen: 67 best: 148.6 mean: 167.55671641791045
gen >68, new best = 146.800
gen: 68 best: 146.8 mean: 166.9089552238806
gen: 69 best: 146.8 mean: 168.27064676616916
gen: 70 best: 146.8 mean: 166.93084577114428
gen: 71 best: 146.8 mean: 166.67014925373135
gen: 72 best: 146.8 mean: 167.07114427860697
gen: 73 best: 146.8 mean: 167.19850746268656
gen: 74 best: 146.8 mean: 167.28855721393035
gen: 75 best: 146.8 mean: 166.70845771144278
gen: 76 best: 146.8 mean: 167.5721393034826
gen: 77 best: 146.8 mean: 167.78805970149253
gen: 78 best: 146.8 mean: 166.56666666666666
gen: 79 best: 146.8 mean: 167.29800995024877
gen: 80 best: 146.8 mean: 166.78159203980098
gen: 81 best: 146.8 mean: 166.7223880597015
gen: 82 best: 146.8 mean: 167.1915422885572
gen: 83 best: 146.8 mean: 167.60945273631842
gen: 84 best: 146.8 mean: 166.09353233830845
gen: 85 best: 146.8 mean: 166.20845771144278
gen: 86 best: 146.8 mean: 166.93830845771143
gen: 87 best: 146.8 mean: 166.518407960199
gen: 88 best: 146.8 mean: 166.77960199004974
gen: 89 best: 146.8 mean: 166.60597014925372
gen: 90 best: 146.8 mean: 166.70298507462687
gen: 91 best: 146.8 mean: 166.54626865671642
gen: 92 best: 146.8 mean: 166.51592039800994
gen: 93 best: 146.8 mean: 166.52636815920397
gen: 94 best: 146.8 mean: 166.0054726368159
gen: 95 best: 146.8 mean: 166.97761194029852
gen: 96 best: 146.8 mean: 166.45223880597015
gen: 97 best: 146.8 mean: 166.1233830845771
gen: 98 best: 146.8 mean: 166.30248756218904
gen >99, new best = 145.100
gen: 99 best: 145.1 mean: 166.6492537313433
[8, 8, 9, 8, 8, 8, 9, 8, 8, 8, 9, 8, 8, 9, 9, 9, 9, 8, 8, 9, 8, 9, 8]
Test count of edges: 820
cat
