Defaulting to user installation because normal site-packages is not writeable
Looking in links: /cvmfs/soft.computecanada.ca/custom/python/wheelhouse/gentoo/avx2, /cvmfs/soft.computecanada.ca/custom/python/wheelhouse/gentoo/generic, /cvmfs/soft.computecanada.ca/custom/python/wheelhouse/generic
Requirement already satisfied: graphviz in /home/js17sy/.local/lib/python3.10/site-packages (0.20)
420; python ga.py 10 256N_graph10.dat 0.075 0.03 0.5 0.7 0.3 201 256N_graph10laxgen2rem50_ 856830
/project/6008788/js17sy/reopenga/256a/ga.py:291: DeprecationWarning: Sampling from a set deprecated
since Python 3.9 and will be removed in a subsequent version.
  child1 = set(random.sample(
gen >0, new best = 180.900
gen >0, new best = 177.800
gen >0, new best = 175.800
gen >0, new best = 171.400
gen >0, new best = 167.200
gen >0, new best = 161.700
gen: 0 best: 161.7 mean: 175.6099502487562
gen >1, new best = 156.200
gen: 1 best: 156.2 mean: 174.84179104477613
gen: 2 best: 156.2 mean: 174.29452736318407
gen >3, new best = 149.000
gen: 3 best: 149.0 mean: 173.6860696517413
gen: 4 best: 149.0 mean: 173.6144278606965
gen: 5 best: 149.0 mean: 172.6134328358209
gen: 6 best: 149.0 mean: 173.273631840796
gen: 7 best: 149.0 mean: 172.13880597014926
gen: 8 best: 149.0 mean: 171.71194029850747
gen: 9 best: 149.0 mean: 171.32437810945274
gen: 10 best: 149.0 mean: 171.33532338308459
gen: 11 best: 149.0 mean: 169.3398009950249
gen >12, new best = 148.600
gen: 12 best: 148.6 mean: 169.76965174129353
gen: 13 best: 148.6 mean: 169.1457711442786
gen: 14 best: 148.6 mean: 169.21442786069653
gen: 15 best: 148.6 mean: 169.35174129353234
gen >16, new best = 147.700
gen: 16 best: 147.7 mean: 168.76268656716417
gen: 17 best: 147.7 mean: 168.5313432835821
gen: 18 best: 147.7 mean: 167.14278606965175
gen: 19 best: 147.7 mean: 167.04726368159203
gen: 20 best: 147.7 mean: 166.85572139303483
gen: 21 best: 147.7 mean: 166.82537313432834
gen: 22 best: 147.7 mean: 166.24577114427862
gen: 23 best: 147.7 mean: 166.34378109452737
gen >24, new best = 143.000
gen: 24 best: 143.0 mean: 165.64825870646766
gen >25, new best = 140.200
gen: 25 best: 140.2 mean: 165.62139303482587
gen: 26 best: 140.2 mean: 165.48457711442785
gen: 27 best: 140.2 mean: 165.02487562189054
gen: 28 best: 140.2 mean: 164.39701492537313
gen: 29 best: 140.2 mean: 164.36169154228855
gen: 30 best: 140.2 mean: 164.30199004975125
gen: 31 best: 140.2 mean: 163.13034825870648
gen: 32 best: 140.2 mean: 162.25273631840795
gen: 33 best: 140.2 mean: 163.02388059701494
gen: 34 best: 140.2 mean: 161.83482587064677
gen: 35 best: 140.2 mean: 162.08905472636815
gen: 36 best: 140.2 mean: 160.74427860696517
gen: 37 best: 140.2 mean: 160.5497512437811
gen: 38 best: 140.2 mean: 160.20995024875623
gen: 39 best: 140.2 mean: 158.67960199004975
gen: 40 best: 140.2 mean: 159.32089552238807
gen: 41 best: 140.2 mean: 158.9870646766169
gen: 42 best: 140.2 mean: 159.3233830845771
gen: 43 best: 140.2 mean: 159.02587064676618
gen >44, new best = 137.000
gen: 44 best: 137.0 mean: 158.14975124378108
gen: 45 best: 137.0 mean: 158.76318407960198
gen: 46 best: 137.0 mean: 157.8049751243781
gen: 47 best: 137.0 mean: 157.67810945273632
gen: 48 best: 137.0 mean: 157.93034825870646
gen: 49 best: 137.0 mean: 157.50646766169154
gen: 50 best: 137.0 mean: 156.01641791044776
gen: 51 best: 137.0 mean: 155.84776119402986
gen: 52 best: 137.0 mean: 156.21194029850747
gen: 53 best: 137.0 mean: 155.23880597014926
gen: 54 best: 137.0 mean: 155.455223880597
gen >55, new best = 136.400
gen: 55 best: 136.4 mean: 154.66467661691541
gen: 56 best: 136.4 mean: 155.4407960199005
gen >57, new best = 135.500
gen: 57 best: 135.5 mean: 154.71044776119402
gen: 58 best: 135.5 mean: 154.5363184079602
gen: 59 best: 135.5 mean: 154.9671641791045
gen: 60 best: 135.5 mean: 155.3825870646766
gen: 61 best: 135.5 mean: 154.37064676616916
gen: 62 best: 135.5 mean: 154.6860696517413
gen: 63 best: 135.5 mean: 153.58855721393036
gen: 64 best: 135.5 mean: 153.92139303482588
gen >65, new best = 129.800
gen: 65 best: 129.8 mean: 153.78756218905474
gen: 66 best: 129.8 mean: 153.48457711442785
gen: 67 best: 129.8 mean: 153.61990049751245
gen: 68 best: 129.8 mean: 153.99402985074627
gen: 69 best: 129.8 mean: 153.044776119403
gen: 70 best: 129.8 mean: 153.67014925373135
gen: 71 best: 129.8 mean: 153.99203980099503
gen: 72 best: 129.8 mean: 154.02238805970148
gen: 73 best: 129.8 mean: 153.3134328358209
gen: 74 best: 129.8 mean: 152.37213930348258
gen: 75 best: 129.8 mean: 152.73383084577114
gen: 76 best: 129.8 mean: 152.83930348258707
gen: 77 best: 129.8 mean: 153.2592039800995
gen: 78 best: 129.8 mean: 153.1044776119403
gen: 79 best: 129.8 mean: 152.17611940298508
gen: 80 best: 129.8 mean: 152.29353233830847
gen: 81 best: 129.8 mean: 152.59353233830845
gen: 82 best: 129.8 mean: 152.59402985074627
gen: 83 best: 129.8 mean: 151.46169154228855
gen: 84 best: 129.8 mean: 151.02487562189054
gen: 85 best: 129.8 mean: 152.11044776119402
gen: 86 best: 129.8 mean: 152.1273631840796
gen: 87 best: 129.8 mean: 151.62835820895523
gen: 88 best: 129.8 mean: 151.78159203980098
gen: 89 best: 129.8 mean: 152.07164179104478
gen: 90 best: 129.8 mean: 151.4318407960199
gen: 91 best: 129.8 mean: 151.5054726368159
gen: 92 best: 129.8 mean: 151.8855721393035
gen: 93 best: 129.8 mean: 151.72487562189056
gen: 94 best: 129.8 mean: 152.50398009950248
gen: 95 best: 129.8 mean: 151.22487562189056
gen: 96 best: 129.8 mean: 151.37761194029852
gen: 97 best: 129.8 mean: 151.32587064676616
gen: 98 best: 129.8 mean: 151.7094527363184
gen: 99 best: 129.8 mean: 151.51194029850745
[10, 12, 9, 9, 9, 8, 9, 10, 8, 11, 8, 9, 8, 9, 9, 8, 9, 9, 9, 9, 10, 9, 9, 9, 9, 10, 9, 9, 8, 9, 9, 9, 9]
Test count of edges: 788
cat
