Defaulting to user installation because normal site-packages is not writeable
Looking in links: /cvmfs/soft.computecanada.ca/custom/python/wheelhouse/gentoo/avx2, /cvmfs/soft.computecanada.ca/custom/python/wheelhouse/gentoo/generic, /cvmfs/soft.computecanada.ca/custom/python/wheelhouse/generic
Requirement already satisfied: graphviz in /home/js17sy/.local/lib/python3.10/site-packages (0.20)
199; python ga.py 10 256N_graph10.dat 0.05 0.02 0.5 0.5 0.5 201 256N_graph10mediumgen1rem50_ 542659
/project/6008788/js17sy/reopenga/256a/ga.py:291: DeprecationWarning: Sampling from a set deprecated
since Python 3.9 and will be removed in a subsequent version.
  child1 = set(random.sample(
gen >0, new best = 168.100
gen >0, new best = 163.500
gen >0, new best = 157.100
gen >0, new best = 154.700
gen >0, new best = 150.300
gen: 0 best: 150.3 mean: 167.8087064676617
gen >1, new best = 149.800
gen >1, new best = 146.700
gen >1, new best = 143.200
gen: 1 best: 143.2 mean: 167.26716417910447
gen: 2 best: 143.2 mean: 166.40646766169155
gen >3, new best = 129.200
gen: 3 best: 129.2 mean: 165.6134328358209
gen: 4 best: 129.2 mean: 163.9084577114428
gen: 5 best: 129.2 mean: 163.32587064676616
gen: 6 best: 129.2 mean: 163.73582089552238
gen: 7 best: 129.2 mean: 161.8134328358209
gen: 8 best: 129.2 mean: 161.01194029850745
gen: 9 best: 129.2 mean: 159.8955223880597
gen: 10 best: 129.2 mean: 160.3810945273632
gen: 11 best: 129.2 mean: 158.68855721393035
gen: 12 best: 129.2 mean: 159.10199004975124
gen: 13 best: 129.2 mean: 159.02089552238806
gen: 14 best: 129.2 mean: 158.95174129353234
gen: 15 best: 129.2 mean: 157.68507462686568
gen: 16 best: 129.2 mean: 157.6318407960199
gen: 17 best: 129.2 mean: 156.92487562189055
gen: 18 best: 129.2 mean: 157.08457711442787
gen: 19 best: 129.2 mean: 156.481592039801
gen: 20 best: 129.2 mean: 156.32636815920398
gen: 21 best: 129.2 mean: 156.36119402985074
gen: 22 best: 129.2 mean: 155.48905472636815
gen: 23 best: 129.2 mean: 154.9547263681592
gen: 24 best: 129.2 mean: 155.01094527363185
gen: 25 best: 129.2 mean: 154.6402985074627
gen: 26 best: 129.2 mean: 154.60945273631842
gen: 27 best: 129.2 mean: 154.82885572139304
gen: 28 best: 129.2 mean: 155.26567164179104
gen: 29 best: 129.2 mean: 154.036815920398
gen: 30 best: 129.2 mean: 153.4900497512438
gen: 31 best: 129.2 mean: 154.11641791044775
gen: 32 best: 129.2 mean: 153.99850746268658
gen: 33 best: 129.2 mean: 154.17910447761193
gen: 34 best: 129.2 mean: 153.4731343283582
gen: 35 best: 129.2 mean: 154.28159203980098
gen: 36 best: 129.2 mean: 154.93333333333334
gen: 37 best: 129.2 mean: 155.08109452736318
gen: 38 best: 129.2 mean: 154.04875621890548
gen: 39 best: 129.2 mean: 154.4542288557214
gen: 40 best: 129.2 mean: 153.88407960199004
gen: 41 best: 129.2 mean: 153.89203980099504
gen: 42 best: 129.2 mean: 152.94825870646767
gen: 43 best: 129.2 mean: 153.3781094527363
gen: 44 best: 129.2 mean: 153.42985074626867
gen: 45 best: 129.2 mean: 152.9781094527363
gen: 46 best: 129.2 mean: 152.8049751243781
gen: 47 best: 129.2 mean: 152.9771144278607
gen: 48 best: 129.2 mean: 152.8626865671642
gen: 49 best: 129.2 mean: 152.78358208955223
gen: 50 best: 129.2 mean: 151.82835820895522
gen: 51 best: 129.2 mean: 153.08358208955224
gen: 52 best: 129.2 mean: 151.36865671641792
gen: 53 best: 129.2 mean: 151.07810945273633
gen: 54 best: 129.2 mean: 151.20746268656717
gen: 55 best: 129.2 mean: 151.55671641791045
gen: 56 best: 129.2 mean: 151.5174129353234
gen: 57 best: 129.2 mean: 152.3084577114428
gen: 58 best: 129.2 mean: 151.4407960199005
gen: 59 best: 129.2 mean: 150.77462686567165
gen: 60 best: 129.2 mean: 150.95721393034825
gen: 61 best: 129.2 mean: 150.64626865671642
gen: 62 best: 129.2 mean: 150.90547263681592
gen: 63 best: 129.2 mean: 151.00149253731342
gen: 64 best: 129.2 mean: 150.69303482587065
gen: 65 best: 129.2 mean: 151.41641791044776
gen: 66 best: 129.2 mean: 150.62835820895523
gen: 67 best: 129.2 mean: 151.24278606965174
gen: 68 best: 129.2 mean: 151.11542288557214
gen: 69 best: 129.2 mean: 150.24129353233832
gen: 70 best: 129.2 mean: 150.37014925373134
gen: 71 best: 129.2 mean: 150.03830845771145
gen: 72 best: 129.2 mean: 150.2407960199005
gen: 73 best: 129.2 mean: 150.86119402985074
gen: 74 best: 129.2 mean: 150.87213930348258
gen: 75 best: 129.2 mean: 150.09203980099502
gen: 76 best: 129.2 mean: 150.4681592039801
gen: 77 best: 129.2 mean: 150.0960199004975
gen: 78 best: 129.2 mean: 149.67860696517414
gen >79, new best = 120.000
gen: 79 best: 120.0 mean: 149.38407960199004
gen: 80 best: 120.0 mean: 149.21094527363184
gen: 81 best: 120.0 mean: 149.4915422885572
gen: 82 best: 120.0 mean: 149.0139303482587
gen: 83 best: 120.0 mean: 148.82636815920398
gen: 84 best: 120.0 mean: 148.5283582089552
gen: 85 best: 120.0 mean: 148.32139303482586
gen: 86 best: 120.0 mean: 148.16169154228857
gen: 87 best: 120.0 mean: 149.018407960199
gen: 88 best: 120.0 mean: 148.12388059701493
gen: 89 best: 120.0 mean: 148.481592039801
gen: 90 best: 120.0 mean: 148.0457711442786
gen: 91 best: 120.0 mean: 148.58557213930348
gen: 92 best: 120.0 mean: 148.3323383084577
gen: 93 best: 120.0 mean: 148.1318407960199
gen: 94 best: 120.0 mean: 147.81741293532338
gen: 95 best: 120.0 mean: 147.8766169154229
gen: 96 best: 120.0 mean: 147.9044776119403
gen: 97 best: 120.0 mean: 148.1228855721393
gen: 98 best: 120.0 mean: 147.83532338308459
gen: 99 best: 120.0 mean: 148.52338308457712
[10, 10, 9, 5, 9, 10, 9, 9, 11, 9, 12, 11, 12, 8, 9, 12, 10, 9, 10, 12, 10, 12, 12, 11, 10, 10, 13, 10, 10, 10, 12, 11]
Test count of edges: 804
cat
