Defaulting to user installation because normal site-packages is not writeable
Looking in links: /cvmfs/soft.computecanada.ca/custom/python/wheelhouse/gentoo/avx2, /cvmfs/soft.computecanada.ca/custom/python/wheelhouse/gentoo/generic, /cvmfs/soft.computecanada.ca/custom/python/wheelhouse/generic
Requirement already satisfied: graphviz in /home/js17sy/.local/lib/python3.10/site-packages (0.20)
345; python ga.py 10 256N_graph10.dat 0.05 0.02 0.7 0.9 0.1 201 256N_graph10mediumgen3rem70_ 428415
/project/6008788/js17sy/reopenga/256a/ga.py:291: DeprecationWarning: Sampling from a set deprecated
since Python 3.9 and will be removed in a subsequent version.
  child1 = set(random.sample(
gen >0, new best = 203.200
gen >0, new best = 169.100
gen >0, new best = 167.500
gen >0, new best = 143.400
gen >0, new best = 139.100
gen: 0 best: 139.1 mean: 176.063184079602
gen >1, new best = 137.400
gen >1, new best = 134.300
gen: 1 best: 134.3 mean: 173.03432835820897
gen: 2 best: 134.3 mean: 174.16268656716417
gen >3, new best = 132.800
gen: 3 best: 132.8 mean: 172.3641791044776
gen >4, new best = 121.100
gen: 4 best: 121.1 mean: 167.74477611940299
gen: 5 best: 121.1 mean: 167.97512437810946
gen: 6 best: 121.1 mean: 165.61940298507463
gen >7, new best = 120.700
gen: 7 best: 120.7 mean: 164.65522388059702
gen >8, new best = 109.800
gen: 8 best: 109.8 mean: 163.69253731343284
gen: 9 best: 109.8 mean: 162.1537313432836
gen: 10 best: 109.8 mean: 160.93880597014925
gen: 11 best: 109.8 mean: 159.56268656716418
gen: 12 best: 109.8 mean: 157.30696517412935
gen: 13 best: 109.8 mean: 158.0099502487562
gen: 14 best: 109.8 mean: 158.64875621890548
gen: 15 best: 109.8 mean: 154.81442786069653
gen: 16 best: 109.8 mean: 155.03781094527363
gen: 17 best: 109.8 mean: 150.82935323383086
gen: 18 best: 109.8 mean: 150.50149253731342
gen: 19 best: 109.8 mean: 150.10398009950248
gen: 20 best: 109.8 mean: 147.9825870646766
gen: 21 best: 109.8 mean: 149.35273631840795
gen >22, new best = 109.500
gen: 22 best: 109.5 mean: 148.3268656716418
gen: 23 best: 109.5 mean: 146.75621890547265
gen: 24 best: 109.5 mean: 145.44776119402985
gen: 25 best: 109.5 mean: 146.4313432835821
gen: 26 best: 109.5 mean: 145.87014925373134
gen >27, new best = 102.000
gen: 27 best: 102.0 mean: 143.04726368159203
gen: 28 best: 102.0 mean: 144.15124378109454
gen >29, new best = 92.300
gen: 29 best: 92.3 mean: 143.30199004975125
gen: 30 best: 92.3 mean: 144.83283582089553
gen: 31 best: 92.3 mean: 142.8313432835821
gen: 32 best: 92.3 mean: 141.48308457711443
gen: 33 best: 92.3 mean: 141.73432835820896
gen: 34 best: 92.3 mean: 139.3323383084577
gen: 35 best: 92.3 mean: 141.66417910447763
gen: 36 best: 92.3 mean: 138.80646766169156
gen: 37 best: 92.3 mean: 142.1189054726368
gen: 38 best: 92.3 mean: 140.11094527363184
gen: 39 best: 92.3 mean: 139.0054726368159
gen: 40 best: 92.3 mean: 140.0542288557214
gen: 41 best: 92.3 mean: 139.06517412935324
gen: 42 best: 92.3 mean: 137.8507462686567
gen: 43 best: 92.3 mean: 137.66417910447763
gen: 44 best: 92.3 mean: 137.11492537313433
gen: 45 best: 92.3 mean: 137.98805970149255
gen: 46 best: 92.3 mean: 135.85223880597016
gen: 47 best: 92.3 mean: 137.33084577114428
gen: 48 best: 92.3 mean: 136.96616915422885
gen: 49 best: 92.3 mean: 135.41343283582088
gen: 50 best: 92.3 mean: 135.5452736318408
gen: 51 best: 92.3 mean: 136.21691542288556
gen: 52 best: 92.3 mean: 134.5915422885572
gen: 53 best: 92.3 mean: 137.6636815920398
gen: 54 best: 92.3 mean: 134.85621890547264
gen: 55 best: 92.3 mean: 135.64776119402984
gen: 56 best: 92.3 mean: 134.30149253731344
gen: 57 best: 92.3 mean: 134.31542288557213
gen: 58 best: 92.3 mean: 135.41940298507464
gen: 59 best: 92.3 mean: 133.84825870646767
gen: 60 best: 92.3 mean: 135.35024875621892
gen: 61 best: 92.3 mean: 134.83432835820895
gen: 62 best: 92.3 mean: 133.29701492537313
gen: 63 best: 92.3 mean: 133.55621890547263
gen: 64 best: 92.3 mean: 133.20199004975123
gen: 65 best: 92.3 mean: 134.6034825870647
gen: 66 best: 92.3 mean: 135.6
gen: 67 best: 92.3 mean: 132.17611940298508
gen: 68 best: 92.3 mean: 132.6492537313433
gen: 69 best: 92.3 mean: 132.91641791044776
gen: 70 best: 92.3 mean: 132.8900497512438
gen: 71 best: 92.3 mean: 133.06019900497512
gen: 72 best: 92.3 mean: 131.6492537313433
gen: 73 best: 92.3 mean: 132.92189054726367
gen: 74 best: 92.3 mean: 133.7318407960199
gen: 75 best: 92.3 mean: 131.93084577114428
gen: 76 best: 92.3 mean: 133.17860696517414
gen: 77 best: 92.3 mean: 131.62487562189054
gen: 78 best: 92.3 mean: 132.97562189054727
gen: 79 best: 92.3 mean: 132.05671641791045
gen: 80 best: 92.3 mean: 132.2955223880597
gen: 81 best: 92.3 mean: 132.34278606965174
gen: 82 best: 92.3 mean: 132.1830845771144
gen: 83 best: 92.3 mean: 132.0592039800995
gen: 84 best: 92.3 mean: 132.68358208955223
gen: 85 best: 92.3 mean: 129.3313432835821
gen: 86 best: 92.3 mean: 130.58059701492536
gen: 87 best: 92.3 mean: 131.63681592039802
gen: 88 best: 92.3 mean: 131.50248756218906
gen: 89 best: 92.3 mean: 130.9487562189055
gen: 90 best: 92.3 mean: 130.75124378109453
gen: 91 best: 92.3 mean: 130.05124378109454
gen: 92 best: 92.3 mean: 130.36865671641792
gen: 93 best: 92.3 mean: 130.09701492537314
gen: 94 best: 92.3 mean: 130.72139303482587
gen: 95 best: 92.3 mean: 128.89900497512437
gen: 96 best: 92.3 mean: 130.89402985074628
gen: 97 best: 92.3 mean: 130.1681592039801
gen: 98 best: 92.3 mean: 129.64278606965175
gen: 99 best: 92.3 mean: 128.48457711442785
[8, 8, 7, 9, 5, 8, 10, 8, 7, 5, 9, 10, 8, 12, 9, 9, 9, 5, 9, 10, 10, 10, 7, 8, 8, 8, 9, 8, 9, 10, 6, 8, 10, 9]
Test count of edges: 464
cat
