Defaulting to user installation because normal site-packages is not writeable
Looking in links: /cvmfs/soft.computecanada.ca/custom/python/wheelhouse/gentoo/avx2, /cvmfs/soft.computecanada.ca/custom/python/wheelhouse/gentoo/generic, /cvmfs/soft.computecanada.ca/custom/python/wheelhouse/generic
Requirement already satisfied: graphviz in /home/js17sy/.local/lib/python3.10/site-packages (0.20)
310; python ga.py 10 256N_graph10.dat 0.05 0.02 0.7 0.7 0.3 201 256N_graph10mediumgen2rem70_ 285610
/project/6008788/js17sy/reopenga/256a/ga.py:291: DeprecationWarning: Sampling from a set deprecated
since Python 3.9 and will be removed in a subsequent version.
  child1 = set(random.sample(
gen >0, new best = 194.800
gen >0, new best = 176.200
gen >0, new best = 146.200
gen >0, new best = 133.800
gen >0, new best = 131.400
gen: 0 best: 131.4 mean: 176.10771144278607
gen >1, new best = 124.200
gen: 1 best: 124.2 mean: 176.61542288557214
gen: 2 best: 124.2 mean: 173.90646766169155
gen: 3 best: 124.2 mean: 170.7810945273632
gen >4, new best = 117.000
gen: 4 best: 117.0 mean: 169.35572139303483
gen: 5 best: 117.0 mean: 169.34676616915422
gen >6, new best = 110.400
gen: 6 best: 110.4 mean: 167.48109452736318
gen: 7 best: 110.4 mean: 166.58905472636815
gen: 8 best: 110.4 mean: 165.75671641791044
gen: 9 best: 110.4 mean: 162.9716417910448
gen: 10 best: 110.4 mean: 160.76666666666668
gen: 11 best: 110.4 mean: 160.60796019900496
gen: 12 best: 110.4 mean: 157.7044776119403
gen: 13 best: 110.4 mean: 157.74378109452735
gen: 14 best: 110.4 mean: 157.6044776119403
gen: 15 best: 110.4 mean: 155.25771144278607
gen: 16 best: 110.4 mean: 154.9452736318408
gen: 17 best: 110.4 mean: 153.4407960199005
gen: 18 best: 110.4 mean: 151.33383084577113
gen: 19 best: 110.4 mean: 151.16616915422887
gen >20, new best = 109.700
gen: 20 best: 109.7 mean: 151.74726368159205
gen >21, new best = 107.100
gen: 21 best: 107.1 mean: 151.74676616915423
gen: 22 best: 107.1 mean: 150.18805970149253
gen: 23 best: 107.1 mean: 148.08905472636815
gen: 24 best: 107.1 mean: 147.24825870646765
gen: 25 best: 107.1 mean: 148.24577114427862
gen >26, new best = 106.800
gen >26, new best = 106.000
gen: 26 best: 106.0 mean: 146.5134328358209
gen: 27 best: 106.0 mean: 147.563184079602
gen: 28 best: 106.0 mean: 145.42487562189055
gen: 29 best: 106.0 mean: 145.31990049751244
gen: 30 best: 106.0 mean: 143.86467661691543
gen: 31 best: 106.0 mean: 141.83283582089553
gen: 32 best: 106.0 mean: 142.7537313432836
gen: 33 best: 106.0 mean: 142.9268656716418
gen: 34 best: 106.0 mean: 142.1228855721393
gen >35, new best = 100.400
gen: 35 best: 100.4 mean: 143.09303482587066
gen: 36 best: 100.4 mean: 139.73383084577114
gen: 37 best: 100.4 mean: 140.13432835820896
gen: 38 best: 100.4 mean: 141.02039800995024
gen: 39 best: 100.4 mean: 140.618407960199
gen: 40 best: 100.4 mean: 139.67363184079602
gen: 41 best: 100.4 mean: 137.31940298507462
gen: 42 best: 100.4 mean: 139.73333333333332
gen: 43 best: 100.4 mean: 138.30597014925374
gen: 44 best: 100.4 mean: 137.42885572139303
gen: 45 best: 100.4 mean: 139.55273631840797
gen: 46 best: 100.4 mean: 138.7353233830846
gen: 47 best: 100.4 mean: 139.04228855721394
gen >48, new best = 96.600
gen: 48 best: 96.6 mean: 137.8855721393035
gen: 49 best: 96.6 mean: 137.4009950248756
gen: 50 best: 96.6 mean: 138.26318407960198
gen: 51 best: 96.6 mean: 136.7268656716418
gen: 52 best: 96.6 mean: 136.4671641791045
gen: 53 best: 96.6 mean: 138.08258706467663
gen: 54 best: 96.6 mean: 136.68009950248756
gen: 55 best: 96.6 mean: 136.28009950248756
gen: 56 best: 96.6 mean: 136.59850746268657
gen: 57 best: 96.6 mean: 136.126368159204
gen: 58 best: 96.6 mean: 134.6771144278607
gen: 59 best: 96.6 mean: 132.56268656716418
gen: 60 best: 96.6 mean: 134.50646766169154
gen: 61 best: 96.6 mean: 136.28805970149253
gen: 62 best: 96.6 mean: 135.1134328358209
gen: 63 best: 96.6 mean: 134.91592039800994
gen: 64 best: 96.6 mean: 133.96019900497512
gen: 65 best: 96.6 mean: 135.19253731343284
gen: 66 best: 96.6 mean: 134.30547263681592
gen: 67 best: 96.6 mean: 134.52388059701494
gen >68, new best = 94.700
gen: 68 best: 94.7 mean: 132.46119402985076
gen: 69 best: 94.7 mean: 134.95820895522388
gen: 70 best: 94.7 mean: 132.8228855721393
gen: 71 best: 94.7 mean: 132.89353233830846
gen: 72 best: 94.7 mean: 134.75223880597014
gen: 73 best: 94.7 mean: 132.6721393034826
gen: 74 best: 94.7 mean: 132.02039800995024
gen: 75 best: 94.7 mean: 133.71094527363184
gen: 76 best: 94.7 mean: 133.75970149253732
gen: 77 best: 94.7 mean: 133.20298507462687
gen: 78 best: 94.7 mean: 133.126368159204
gen: 79 best: 94.7 mean: 133.56019900497512
gen: 80 best: 94.7 mean: 132.52885572139303
gen: 81 best: 94.7 mean: 132.94676616915422
gen: 82 best: 94.7 mean: 133.21492537313432
gen: 83 best: 94.7 mean: 133.62835820895523
gen: 84 best: 94.7 mean: 132.18507462686568
gen: 85 best: 94.7 mean: 132.5597014925373
gen: 86 best: 94.7 mean: 132.42437810945273
gen: 87 best: 94.7 mean: 131.45124378109452
gen: 88 best: 94.7 mean: 132.7353233830846
gen: 89 best: 94.7 mean: 132.64328358208957
gen: 90 best: 94.7 mean: 130.9781094527363
gen: 91 best: 94.7 mean: 130.01243781094527
gen: 92 best: 94.7 mean: 133.00497512437812
gen: 93 best: 94.7 mean: 132.018407960199
gen: 94 best: 94.7 mean: 132.42587064676616
gen: 95 best: 94.7 mean: 132.43781094527364
gen: 96 best: 94.7 mean: 131.7094527363184
gen: 97 best: 94.7 mean: 130.46766169154228
gen: 98 best: 94.7 mean: 131.9671641791045
gen: 99 best: 94.7 mean: 129.9174129353234
[8, 8, 9, 5, 12, 10, 6, 9, 8, 8, 8, 7, 4, 8, 8, 10, 8, 9, 8, 8, 4, 8, 9, 8, 8, 7, 7, 9, 11, 8]
Test count of edges: 481
cat
