Defaulting to user installation because normal site-packages is not writeable
Looking in links: /cvmfs/soft.computecanada.ca/custom/python/wheelhouse/gentoo/avx2, /cvmfs/soft.computecanada.ca/custom/python/wheelhouse/gentoo/generic, /cvmfs/soft.computecanada.ca/custom/python/wheelhouse/generic
Requirement already satisfied: graphviz in /home/js17sy/.local/lib/python3.10/site-packages (0.20)
446; python ga.py 10 256N_graph10.dat 0.075 0.03 0.5 0.9 0.1 201 256N_graph10laxgen3rem50_ 742586
/project/6008788/js17sy/reopenga/256a/ga.py:291: DeprecationWarning: Sampling from a set deprecated
since Python 3.9 and will be removed in a subsequent version.
  child1 = set(random.sample(
gen >0, new best = 172.200
gen >0, new best = 169.300
gen >0, new best = 168.100
gen >0, new best = 167.800
gen >0, new best = 165.700
gen >0, new best = 163.500
gen >0, new best = 157.800
gen: 0 best: 157.8 mean: 175.22960199004976
gen >1, new best = 154.400
gen: 1 best: 154.4 mean: 175.1587064676617
gen >2, new best = 154.100
gen: 2 best: 154.1 mean: 174.4084577114428
gen: 3 best: 154.1 mean: 173.5960199004975
gen: 4 best: 154.1 mean: 173.8179104477612
gen: 5 best: 154.1 mean: 173.13233830845772
gen: 6 best: 154.1 mean: 171.38756218905473
gen: 7 best: 154.1 mean: 170.3094527363184
gen: 8 best: 154.1 mean: 170.64975124378108
gen: 9 best: 154.1 mean: 171.50746268656715
gen: 10 best: 154.1 mean: 170.3179104477612
gen: 11 best: 154.1 mean: 169.5587064676617
gen >12, new best = 153.300
gen: 12 best: 153.3 mean: 169.01194029850745
gen >13, new best = 152.600
gen: 13 best: 152.6 mean: 169.06965174129354
gen >14, new best = 150.200
gen: 14 best: 150.2 mean: 168.4592039800995
gen: 15 best: 150.2 mean: 168.83432835820895
gen: 16 best: 150.2 mean: 168.58507462686566
gen: 17 best: 150.2 mean: 167.9636815920398
gen: 18 best: 150.2 mean: 168.29751243781095
gen: 19 best: 150.2 mean: 166.57860696517412
gen >20, new best = 146.600
gen: 20 best: 146.6 mean: 166.55820895522388
gen: 21 best: 146.6 mean: 165.7731343283582
gen: 22 best: 146.6 mean: 165.40348258706467
gen >23, new best = 145.400
gen: 23 best: 145.4 mean: 165.34278606965174
gen: 24 best: 145.4 mean: 165.07562189054727
gen >25, new best = 142.100
gen: 25 best: 142.1 mean: 163.66915422885572
gen: 26 best: 142.1 mean: 164.5094527363184
gen: 27 best: 142.1 mean: 164.13233830845772
gen: 28 best: 142.1 mean: 162.73383084577114
gen >29, new best = 141.700
gen: 29 best: 141.7 mean: 162.22139303482587
gen: 30 best: 141.7 mean: 161.79800995024877
gen: 31 best: 141.7 mean: 161.2139303482587
gen: 32 best: 141.7 mean: 160.90348258706467
gen >33, new best = 140.800
gen: 33 best: 140.8 mean: 160.64875621890548
gen: 34 best: 140.8 mean: 160.88308457711443
gen: 35 best: 140.8 mean: 160.36666666666667
gen: 36 best: 140.8 mean: 160.80298507462686
gen: 37 best: 140.8 mean: 160.01890547263682
gen: 38 best: 140.8 mean: 159.46069651741294
gen: 39 best: 140.8 mean: 159.45721393034825
gen: 40 best: 140.8 mean: 159.73482587064677
gen >41, new best = 139.700
gen: 41 best: 139.7 mean: 158.836815920398
gen >42, new best = 137.900
gen: 42 best: 137.9 mean: 158.91542288557213
gen: 43 best: 137.9 mean: 157.79651741293532
gen: 44 best: 137.9 mean: 157.86069651741295
gen >45, new best = 130.100
gen: 45 best: 130.1 mean: 157.6452736318408
gen: 46 best: 130.1 mean: 157.86915422885573
gen: 47 best: 130.1 mean: 156.4402985074627
gen: 48 best: 130.1 mean: 157.31144278606965
gen: 49 best: 130.1 mean: 157.65621890547263
gen: 50 best: 130.1 mean: 157.3323383084577
gen: 51 best: 130.1 mean: 156.581592039801
gen: 52 best: 130.1 mean: 156.31243781094528
gen: 53 best: 130.1 mean: 156.2278606965174
gen: 54 best: 130.1 mean: 156.46169154228855
gen >55, new best = 126.200
gen: 55 best: 126.2 mean: 155.1318407960199
gen: 56 best: 126.2 mean: 155.81442786069653
gen: 57 best: 126.2 mean: 155.01691542288557
gen: 58 best: 126.2 mean: 155.73880597014926
gen: 59 best: 126.2 mean: 156.1960199004975
gen: 60 best: 126.2 mean: 154.12039800995026
gen: 61 best: 126.2 mean: 154.955223880597
gen: 62 best: 126.2 mean: 154.51492537313433
gen: 63 best: 126.2 mean: 154.1915422885572
gen: 64 best: 126.2 mean: 154.1492537313433
gen: 65 best: 126.2 mean: 154.61044776119402
gen >66, new best = 126.000
gen: 66 best: 126.0 mean: 153.76169154228856
gen: 67 best: 126.0 mean: 153.32587064676616
gen: 68 best: 126.0 mean: 153.2223880597015
gen: 69 best: 126.0 mean: 153.59701492537314
gen: 70 best: 126.0 mean: 152.53781094527363
gen: 71 best: 126.0 mean: 154.1830845771144
gen: 72 best: 126.0 mean: 152.69004975124378
gen: 73 best: 126.0 mean: 154.38507462686567
gen: 74 best: 126.0 mean: 152.55273631840797
gen: 75 best: 126.0 mean: 152.30746268656716
gen: 76 best: 126.0 mean: 152.58905472636815
gen: 77 best: 126.0 mean: 153.20149253731344
gen: 78 best: 126.0 mean: 152.86865671641792
gen: 79 best: 126.0 mean: 153.05323383084578
gen: 80 best: 126.0 mean: 152.54925373134327
gen: 81 best: 126.0 mean: 152.92835820895522
gen: 82 best: 126.0 mean: 152.27114427860695
gen: 83 best: 126.0 mean: 152.61293532338308
gen: 84 best: 126.0 mean: 152.74477611940299
gen: 85 best: 126.0 mean: 152.47512437810946
gen: 86 best: 126.0 mean: 152.39303482587064
gen: 87 best: 126.0 mean: 151.41094527363185
gen: 88 best: 126.0 mean: 150.4860696517413
gen: 89 best: 126.0 mean: 151.7144278606965
gen: 90 best: 126.0 mean: 151.62388059701493
gen: 91 best: 126.0 mean: 151.62089552238805
gen: 92 best: 126.0 mean: 151.94776119402985
gen: 93 best: 126.0 mean: 151.0134328358209
gen: 94 best: 126.0 mean: 151.19203980099502
gen: 95 best: 126.0 mean: 150.68009950248756
gen: 96 best: 126.0 mean: 150.98955223880597
gen: 97 best: 126.0 mean: 150.82935323383086
gen: 98 best: 126.0 mean: 150.72437810945274
gen: 99 best: 126.0 mean: 150.80199004975125
[6, 7, 10, 10, 11, 10, 9, 10, 9, 10, 8, 10, 9, 8, 8, 10, 9, 10, 9, 10, 11, 10, 10, 11, 8, 9, 11, 10, 10, 9, 10, 10, 8, 10, 11, 9]
Test count of edges: 776
cat
