Defaulting to user installation because normal site-packages is not writeable
Looking in links: /cvmfs/soft.computecanada.ca/custom/python/wheelhouse/gentoo/avx2, /cvmfs/soft.computecanada.ca/custom/python/wheelhouse/gentoo/generic, /cvmfs/soft.computecanada.ca/custom/python/wheelhouse/generic
Requirement already satisfied: graphviz in /home/js17sy/.local/lib/python3.10/site-packages (0.20)
233; python ga.py 10 256N_graph10.dat 0.05 0.02 0.5 0.7 0.3 201 256N_graph10mediumgen2rem50_ 656903
/project/6008788/js17sy/reopenga/256a/ga.py:291: DeprecationWarning: Sampling from a set deprecated
since Python 3.9 and will be removed in a subsequent version.
  child1 = set(random.sample(
gen >0, new best = 167.700
gen >0, new best = 166.500
gen >0, new best = 159.100
gen >0, new best = 154.500
gen >0, new best = 151.700
gen >0, new best = 144.600
gen: 0 best: 144.6 mean: 167.40223880597014
gen: 1 best: 144.6 mean: 167.6318407960199
gen: 2 best: 144.6 mean: 167.03980099502488
gen: 3 best: 144.6 mean: 165.40248756218907
gen: 4 best: 144.6 mean: 165.8671641791045
gen: 5 best: 144.6 mean: 165.063184079602
gen >6, new best = 142.200
gen: 6 best: 142.2 mean: 164.46965174129355
gen: 7 best: 142.2 mean: 163.6860696517413
gen: 8 best: 142.2 mean: 162.56965174129354
gen: 9 best: 142.2 mean: 162.90696517412934
gen: 10 best: 142.2 mean: 161.8179104477612
gen >11, new best = 133.400
gen: 11 best: 133.4 mean: 161.9009950248756
gen >12, new best = 130.900
gen: 12 best: 130.9 mean: 160.4139303482587
gen: 13 best: 130.9 mean: 159.4497512437811
gen: 14 best: 130.9 mean: 158.6860696517413
gen: 15 best: 130.9 mean: 158.03731343283582
gen: 16 best: 130.9 mean: 157.75721393034826
gen: 17 best: 130.9 mean: 157.16467661691541
gen: 18 best: 130.9 mean: 156.79701492537313
gen: 19 best: 130.9 mean: 156.82537313432834
gen: 20 best: 130.9 mean: 155.24776119402986
gen: 21 best: 130.9 mean: 155.4363184079602
gen: 22 best: 130.9 mean: 155.1134328358209
gen: 23 best: 130.9 mean: 154.4487562189055
gen: 24 best: 130.9 mean: 154.0328358208955
gen: 25 best: 130.9 mean: 153.81741293532338
gen: 26 best: 130.9 mean: 153.2278606965174
gen: 27 best: 130.9 mean: 153.04328358208954
gen: 28 best: 130.9 mean: 152.27810945273632
gen: 29 best: 130.9 mean: 151.41741293532337
gen: 30 best: 130.9 mean: 151.50796019900497
gen: 31 best: 130.9 mean: 150.00199004975124
gen: 32 best: 130.9 mean: 149.90149253731343
gen: 33 best: 130.9 mean: 150.0870646766169
gen: 34 best: 130.9 mean: 149.4009950248756
gen: 35 best: 130.9 mean: 148.8268656716418
gen >36, new best = 127.100
gen: 36 best: 127.1 mean: 147.981592039801
gen: 37 best: 127.1 mean: 147.95223880597015
gen: 38 best: 127.1 mean: 147.27562189054726
gen >39, new best = 125.200
gen >39, new best = 119.800
gen: 39 best: 119.8 mean: 147.18855721393035
gen: 40 best: 119.8 mean: 147.41890547263682
gen: 41 best: 119.8 mean: 146.88805970149255
gen: 42 best: 119.8 mean: 145.18706467661693
gen: 43 best: 119.8 mean: 146.14278606965175
gen: 44 best: 119.8 mean: 145.20248756218905
gen: 45 best: 119.8 mean: 145.57562189054727
gen: 46 best: 119.8 mean: 145.1601990049751
gen: 47 best: 119.8 mean: 144.40995024875622
gen: 48 best: 119.8 mean: 144.81293532338307
gen: 49 best: 119.8 mean: 144.8626865671642
gen: 50 best: 119.8 mean: 143.62089552238805
gen: 51 best: 119.8 mean: 143.36616915422886
gen: 52 best: 119.8 mean: 143.1144278606965
gen: 53 best: 119.8 mean: 143.5218905472637
gen: 54 best: 119.8 mean: 142.6223880597015
gen: 55 best: 119.8 mean: 141.54676616915424
gen: 56 best: 119.8 mean: 142.86318407960198
gen: 57 best: 119.8 mean: 142.5771144278607
gen: 58 best: 119.8 mean: 142.38457711442786
gen: 59 best: 119.8 mean: 141.31044776119404
gen: 60 best: 119.8 mean: 142.1099502487562
gen: 61 best: 119.8 mean: 141.43432835820894
gen: 62 best: 119.8 mean: 140.9910447761194
gen: 63 best: 119.8 mean: 142.02338308457712
gen: 64 best: 119.8 mean: 142.28905472636816
gen: 65 best: 119.8 mean: 141.43930348258706
gen >66, new best = 118.900
gen: 66 best: 118.9 mean: 142.38009950248755
gen: 67 best: 118.9 mean: 141.27462686567165
gen >68, new best = 117.700
gen: 68 best: 117.7 mean: 141.14427860696517
gen: 69 best: 117.7 mean: 142.0099502487562
gen: 70 best: 117.7 mean: 141.2179104477612
gen: 71 best: 117.7 mean: 140.47562189054727
gen: 72 best: 117.7 mean: 141.21840796019902
gen: 73 best: 117.7 mean: 141.17860696517414
gen: 74 best: 117.7 mean: 138.87611940298507
gen: 75 best: 117.7 mean: 140.64975124378108
gen: 76 best: 117.7 mean: 141.00597014925373
gen: 77 best: 117.7 mean: 140.5134328358209
gen: 78 best: 117.7 mean: 139.76616915422886
gen: 79 best: 117.7 mean: 140.48805970149255
gen: 80 best: 117.7 mean: 139.72537313432835
gen: 81 best: 117.7 mean: 140.08009950248757
gen: 82 best: 117.7 mean: 140.87462686567164
gen: 83 best: 117.7 mean: 140.3049751243781
gen: 84 best: 117.7 mean: 140.75323383084577
gen: 85 best: 117.7 mean: 140.90547263681592
gen: 86 best: 117.7 mean: 140.48407960199006
gen: 87 best: 117.7 mean: 139.58656716417912
gen: 88 best: 117.7 mean: 139.8636815920398
gen: 89 best: 117.7 mean: 139.70149253731344
gen: 90 best: 117.7 mean: 140.00248756218906
gen: 91 best: 117.7 mean: 140.04278606965175
gen: 92 best: 117.7 mean: 138.0497512437811
gen: 93 best: 117.7 mean: 138.4865671641791
gen: 94 best: 117.7 mean: 139.0129353233831
gen: 95 best: 117.7 mean: 139.54179104477612
gen: 96 best: 117.7 mean: 139.94925373134328
gen: 97 best: 117.7 mean: 139.8223880597015
gen: 98 best: 117.7 mean: 139.14975124378108
gen: 99 best: 117.7 mean: 139.1641791044776
[8, 9, 9, 9, 9, 7, 9, 9, 10, 9, 10, 8, 8, 11, 9, 11, 9, 9, 13, 10, 12, 11, 11, 9, 10, 9, 9, 9, 8, 9, 11, 11, 8, 10, 9, 12, 9, 10]
Test count of edges: 784
cat
