Defaulting to user installation because normal site-packages is not writeable
Looking in links: /cvmfs/soft.computecanada.ca/custom/python/wheelhouse/gentoo/avx2, /cvmfs/soft.computecanada.ca/custom/python/wheelhouse/gentoo/generic, /cvmfs/soft.computecanada.ca/custom/python/wheelhouse/generic
Requirement already satisfied: graphviz in /home/js17sy/.local/lib/python3.10/site-packages (0.20)
674; python ga.py 10 256N_graph10.dat 0.1 0.04 0.7 0.7 0.3 201 256N_graph10leerygen2rem70_ 399854
/project/6008788/js17sy/reopenga/256a/ga.py:291: DeprecationWarning: Sampling from a set deprecated
since Python 3.9 and will be removed in a subsequent version.
  child1 = set(random.sample(
gen >0, new best = 181.900
gen >0, new best = 177.900
gen >0, new best = 158.100
gen: 0 best: 158.1 mean: 188.49850746268658
gen: 1 best: 158.1 mean: 187.94477611940297
gen >2, new best = 157.300
gen: 2 best: 157.3 mean: 186.5044776119403
gen >3, new best = 156.700
gen: 3 best: 156.7 mean: 185.91492537313434
gen: 4 best: 156.7 mean: 185.33333333333334
gen: 5 best: 156.7 mean: 183.49402985074627
gen >6, new best = 149.300
gen: 6 best: 149.3 mean: 181.5547263681592
gen: 7 best: 149.3 mean: 181.48109452736318
gen: 8 best: 149.3 mean: 180.94477611940297
gen: 9 best: 149.3 mean: 180.16268656716417
gen: 10 best: 149.3 mean: 179.68059701492538
gen: 11 best: 149.3 mean: 178.7810945273632
gen: 12 best: 149.3 mean: 178.64975124378108
gen: 13 best: 149.3 mean: 176.836815920398
gen: 14 best: 149.3 mean: 177.15721393034826
gen: 15 best: 149.3 mean: 176.94626865671643
gen: 16 best: 149.3 mean: 175.6044776119403
gen: 17 best: 149.3 mean: 174.6004975124378
gen: 18 best: 149.3 mean: 174.55074626865672
gen >19, new best = 141.000
gen: 19 best: 141.0 mean: 174.7044776119403
gen: 20 best: 141.0 mean: 173.37611940298507
gen: 21 best: 141.0 mean: 173.11144278606966
gen: 22 best: 141.0 mean: 172.67363184079602
gen: 23 best: 141.0 mean: 171.27562189054726
gen >24, new best = 138.800
gen: 24 best: 138.8 mean: 171.62388059701493
gen: 25 best: 138.8 mean: 170.92885572139303
gen: 26 best: 138.8 mean: 170.2049751243781
gen: 27 best: 138.8 mean: 170.3462686567164
gen: 28 best: 138.8 mean: 170.76567164179104
gen: 29 best: 138.8 mean: 169.48009950248758
gen: 30 best: 138.8 mean: 170.0726368159204
gen: 31 best: 138.8 mean: 168.7139303482587
gen: 32 best: 138.8 mean: 169.47960199004976
gen: 33 best: 138.8 mean: 169.28507462686568
gen: 34 best: 138.8 mean: 168.7094527363184
gen: 35 best: 138.8 mean: 168.04676616915424
gen: 36 best: 138.8 mean: 168.39154228855722
gen: 37 best: 138.8 mean: 167.68756218905472
gen: 38 best: 138.8 mean: 167.87412935323383
gen: 39 best: 138.8 mean: 166.67064676616914
gen: 40 best: 138.8 mean: 168.24328358208956
gen: 41 best: 138.8 mean: 167.44427860696518
gen >42, new best = 138.000
gen: 42 best: 138.0 mean: 166.56467661691542
gen: 43 best: 138.0 mean: 166.58258706467663
gen: 44 best: 138.0 mean: 167.7363184079602
gen: 45 best: 138.0 mean: 165.32487562189056
gen: 46 best: 138.0 mean: 165.3363184079602
gen: 47 best: 138.0 mean: 165.37611940298507
gen: 48 best: 138.0 mean: 165.91890547263682
gen: 49 best: 138.0 mean: 163.96567164179103
gen: 50 best: 138.0 mean: 164.80696517412935
gen: 51 best: 138.0 mean: 163.12537313432836
gen: 52 best: 138.0 mean: 164.01990049751245
gen: 53 best: 138.0 mean: 164.49353233830846
gen: 54 best: 138.0 mean: 162.99402985074627
gen: 55 best: 138.0 mean: 162.97363184079603
gen: 56 best: 138.0 mean: 162.91990049751243
gen: 57 best: 138.0 mean: 162.5547263681592
gen: 58 best: 138.0 mean: 162.96567164179103
gen: 59 best: 138.0 mean: 161.42039800995025
gen >60, new best = 127.800
gen: 60 best: 127.8 mean: 161.98407960199006
gen: 61 best: 127.8 mean: 160.1636815920398
gen: 62 best: 127.8 mean: 161.1373134328358
gen: 63 best: 127.8 mean: 161.60199004975124
gen: 64 best: 127.8 mean: 160.4955223880597
gen: 65 best: 127.8 mean: 160.35174129353234
gen: 66 best: 127.8 mean: 160.03731343283582
gen: 67 best: 127.8 mean: 159.20149253731344
gen: 68 best: 127.8 mean: 159.63383084577114
gen: 69 best: 127.8 mean: 158.99353233830846
gen: 70 best: 127.8 mean: 159.82935323383086
gen: 71 best: 127.8 mean: 160.53383084577115
gen: 72 best: 127.8 mean: 159.38457711442786
gen: 73 best: 127.8 mean: 159.08009950248757
gen: 74 best: 127.8 mean: 159.62537313432836
gen: 75 best: 127.8 mean: 160.6099502487562
gen >76, new best = 127.500
gen: 76 best: 127.5 mean: 159.40298507462686
gen: 77 best: 127.5 mean: 158.60746268656717
gen: 78 best: 127.5 mean: 158.76716417910447
gen: 79 best: 127.5 mean: 159.38457711442786
gen: 80 best: 127.5 mean: 158.58407960199006
gen: 81 best: 127.5 mean: 158.69253731343284
gen: 82 best: 127.5 mean: 158.0870646766169
gen: 83 best: 127.5 mean: 157.5313432835821
gen: 84 best: 127.5 mean: 158.58756218905472
gen: 85 best: 127.5 mean: 158.207960199005
gen: 86 best: 127.5 mean: 159.13084577114427
gen: 87 best: 127.5 mean: 158.6089552238806
gen: 88 best: 127.5 mean: 158.8582089552239
gen: 89 best: 127.5 mean: 158.51044776119403
gen: 90 best: 127.5 mean: 157.99701492537312
gen: 91 best: 127.5 mean: 157.9597014925373
gen: 92 best: 127.5 mean: 158.5676616915423
gen: 93 best: 127.5 mean: 158.5457711442786
gen: 94 best: 127.5 mean: 158.8955223880597
gen: 95 best: 127.5 mean: 158.60099502487563
gen: 96 best: 127.5 mean: 157.99850746268658
gen: 97 best: 127.5 mean: 156.89154228855722
gen: 98 best: 127.5 mean: 157.20149253731344
gen: 99 best: 127.5 mean: 157.84378109452737
[7, 8, 5, 8, 8, 9, 9, 8, 8, 8, 7, 9, 8, 7, 7, 9, 7, 8, 7, 7, 7, 9, 8, 10, 8, 8, 9, 8, 8]
Test count of edges: 483
cat
