Defaulting to user installation because normal site-packages is not writeable
Looking in links: /cvmfs/soft.computecanada.ca/custom/python/wheelhouse/gentoo/avx2, /cvmfs/soft.computecanada.ca/custom/python/wheelhouse/gentoo/generic, /cvmfs/soft.computecanada.ca/custom/python/wheelhouse/generic
Requirement already satisfied: graphviz in /home/js17sy/.local/lib/python3.10/site-packages (0.20)
301; python ga.py 10 256N_graph10.dat 0.05 0.02 0.7 0.7 0.3 201 256N_graph10mediumgen2rem70_ 28561
/project/6008788/js17sy/reopenga/256a/ga.py:291: DeprecationWarning: Sampling from a set deprecated
since Python 3.9 and will be removed in a subsequent version.
  child1 = set(random.sample(
gen >0, new best = 170.000
gen >0, new best = 145.600
gen >0, new best = 141.700
gen >0, new best = 131.900
gen: 0 best: 131.9 mean: 176.08283582089553
gen >1, new best = 103.000
gen: 1 best: 103.0 mean: 176.33930348258707
gen: 2 best: 103.0 mean: 171.65572139303484
gen: 3 best: 103.0 mean: 170.73681592039802
gen: 4 best: 103.0 mean: 169.8636815920398
gen: 5 best: 103.0 mean: 166.03731343283582
gen: 6 best: 103.0 mean: 164.25174129353235
gen: 7 best: 103.0 mean: 162.43333333333334
gen: 8 best: 103.0 mean: 159.4636815920398
gen: 9 best: 103.0 mean: 160.8089552238806
gen: 10 best: 103.0 mean: 157.6860696517413
gen: 11 best: 103.0 mean: 157.25572139303483
gen: 12 best: 103.0 mean: 155.06517412935324
gen: 13 best: 103.0 mean: 156.2592039800995
gen: 14 best: 103.0 mean: 157.73383084577114
gen: 15 best: 103.0 mean: 155.01492537313433
gen: 16 best: 103.0 mean: 154.09402985074627
gen: 17 best: 103.0 mean: 150.95820895522388
gen: 18 best: 103.0 mean: 149.3547263681592
gen: 19 best: 103.0 mean: 149.89353233830846
gen: 20 best: 103.0 mean: 148.05572139303482
gen: 21 best: 103.0 mean: 147.24228855721393
gen: 22 best: 103.0 mean: 146.74427860696517
gen: 23 best: 103.0 mean: 147.5960199004975
gen: 24 best: 103.0 mean: 146.36069651741295
gen: 25 best: 103.0 mean: 145.25124378109453
gen >26, new best = 93.500
gen: 26 best: 93.5 mean: 144.08507462686566
gen: 27 best: 93.5 mean: 142.94179104477612
gen: 28 best: 93.5 mean: 142.48805970149255
gen: 29 best: 93.5 mean: 142.46915422885573
gen: 30 best: 93.5 mean: 143.58756218905472
gen: 31 best: 93.5 mean: 144.1636815920398
gen: 32 best: 93.5 mean: 143.7860696517413
gen: 33 best: 93.5 mean: 142.31442786069653
gen: 34 best: 93.5 mean: 143.07562189054727
gen: 35 best: 93.5 mean: 141.6
gen: 36 best: 93.5 mean: 141.98208955223882
gen: 37 best: 93.5 mean: 141.30696517412935
gen: 38 best: 93.5 mean: 141.1860696517413
gen: 39 best: 93.5 mean: 141.3084577114428
gen: 40 best: 93.5 mean: 141.9641791044776
gen: 41 best: 93.5 mean: 141.3671641791045
gen: 42 best: 93.5 mean: 142.29800995024877
gen: 43 best: 93.5 mean: 139.23333333333332
gen: 44 best: 93.5 mean: 139.63034825870648
gen: 45 best: 93.5 mean: 138.63134328358208
gen: 46 best: 93.5 mean: 137.79850746268656
gen: 47 best: 93.5 mean: 139.04228855721394
gen: 48 best: 93.5 mean: 137.42636815920397
gen: 49 best: 93.5 mean: 139.84925373134328
gen: 50 best: 93.5 mean: 138.7223880597015
gen: 51 best: 93.5 mean: 138.19303482587065
gen: 52 best: 93.5 mean: 139.2
gen: 53 best: 93.5 mean: 139.12089552238805
gen: 54 best: 93.5 mean: 138.23482587064677
gen: 55 best: 93.5 mean: 136.681592039801
gen: 56 best: 93.5 mean: 138.42835820895522
gen: 57 best: 93.5 mean: 137.69701492537314
gen: 58 best: 93.5 mean: 138.1034825870647
gen: 59 best: 93.5 mean: 136.3626865671642
gen: 60 best: 93.5 mean: 137.7462686567164
gen: 61 best: 93.5 mean: 135.49751243781094
gen: 62 best: 93.5 mean: 136.6189054726368
gen: 63 best: 93.5 mean: 135.6830845771144
gen: 64 best: 93.5 mean: 136.9726368159204
gen: 65 best: 93.5 mean: 134.92139303482588
gen: 66 best: 93.5 mean: 135.418407960199
gen: 67 best: 93.5 mean: 134.0547263681592
gen: 68 best: 93.5 mean: 136.14776119402984
gen: 69 best: 93.5 mean: 135.56069651741294
gen: 70 best: 93.5 mean: 134.1636815920398
gen: 71 best: 93.5 mean: 133.6034825870647
gen: 72 best: 93.5 mean: 135.10646766169154
gen: 73 best: 93.5 mean: 133.72935323383084
gen: 74 best: 93.5 mean: 133.47114427860697
gen: 75 best: 93.5 mean: 133.79154228855722
gen: 76 best: 93.5 mean: 132.54726368159203
gen: 77 best: 93.5 mean: 134.55771144278606
gen: 78 best: 93.5 mean: 133.1328358208955
gen: 79 best: 93.5 mean: 133.83333333333334
gen: 80 best: 93.5 mean: 132.82835820895522
gen: 81 best: 93.5 mean: 133.43333333333334
gen: 82 best: 93.5 mean: 132.12587064676617
gen: 83 best: 93.5 mean: 131.84029850746268
gen: 84 best: 93.5 mean: 134.20149253731344
gen: 85 best: 93.5 mean: 133.90597014925373
gen: 86 best: 93.5 mean: 132.83383084577113
gen: 87 best: 93.5 mean: 132.47213930348258
gen: 88 best: 93.5 mean: 130.65522388059702
gen: 89 best: 93.5 mean: 131.51691542288557
gen: 90 best: 93.5 mean: 130.97213930348258
gen: 91 best: 93.5 mean: 130.9771144278607
gen: 92 best: 93.5 mean: 131.19253731343284
gen: 93 best: 93.5 mean: 130.6915422885572
gen: 94 best: 93.5 mean: 129.67512437810944
gen: 95 best: 93.5 mean: 129.56965174129354
gen: 96 best: 93.5 mean: 131.53930348258706
gen: 97 best: 93.5 mean: 131.20845771144278
gen: 98 best: 93.5 mean: 130.30646766169156
gen: 99 best: 93.5 mean: 130.89452736318407
[6, 8, 9, 7, 8, 5, 8, 9, 10, 10, 10, 9, 11, 5, 5, 5, 9, 12, 10, 6, 9, 10, 11, 9, 8, 9, 11, 8, 11, 6, 10, 7, 7]
Test count of edges: 469
cat
