Defaulting to user installation because normal site-packages is not writeable
Looking in links: /cvmfs/soft.computecanada.ca/custom/python/wheelhouse/gentoo/avx2, /cvmfs/soft.computecanada.ca/custom/python/wheelhouse/gentoo/generic, /cvmfs/soft.computecanada.ca/custom/python/wheelhouse/generic
Requirement already satisfied: graphviz in /home/js17sy/.local/lib/python3.10/site-packages (0.20)
657; python ga.py 10 256N_graph10.dat 0.1 0.04 0.7 0.5 0.5 201 256N_graph10leerygen1rem70_ 771147
/project/6008788/js17sy/reopenga/256a/ga.py:291: DeprecationWarning: Sampling from a set deprecated
since Python 3.9 and will be removed in a subsequent version.
  child1 = set(random.sample(
gen >0, new best = 190.300
gen >0, new best = 184.800
gen >0, new best = 182.200
gen >0, new best = 177.600
gen >0, new best = 168.300
gen >0, new best = 156.900
gen: 0 best: 156.9 mean: 189.03980099502488
gen >1, new best = 152.300
gen: 1 best: 152.3 mean: 188.1731343283582
gen: 2 best: 152.3 mean: 186.33383084577113
gen: 3 best: 152.3 mean: 185.3955223880597
gen: 4 best: 152.3 mean: 184.29751243781095
gen: 5 best: 152.3 mean: 181.67512437810944
gen: 6 best: 152.3 mean: 181.63034825870648
gen >7, new best = 146.900
gen: 7 best: 146.9 mean: 180.2726368159204
gen >8, new best = 146.200
gen: 8 best: 146.2 mean: 179.19402985074626
gen: 9 best: 146.2 mean: 179.0771144278607
gen: 10 best: 146.2 mean: 178.5587064676617
gen: 11 best: 146.2 mean: 177.6044776119403
gen: 12 best: 146.2 mean: 176.8781094527363
gen: 13 best: 146.2 mean: 177.8766169154229
gen: 14 best: 146.2 mean: 175.33880597014925
gen >15, new best = 145.800
gen: 15 best: 145.8 mean: 175.70099502487562
gen: 16 best: 145.8 mean: 175.1144278606965
gen: 17 best: 145.8 mean: 175.2462686567164
gen: 18 best: 145.8 mean: 174.93034825870646
gen >19, new best = 143.500
gen: 19 best: 143.5 mean: 174.07412935323384
gen: 20 best: 143.5 mean: 174.53233830845772
gen: 21 best: 143.5 mean: 173.89353233830846
gen: 22 best: 143.5 mean: 172.06716417910448
gen: 23 best: 143.5 mean: 173.22388059701493
gen: 24 best: 143.5 mean: 173.58557213930348
gen: 25 best: 143.5 mean: 173.04079601990048
gen: 26 best: 143.5 mean: 172.86616915422886
gen: 27 best: 143.5 mean: 172.5542288557214
gen: 28 best: 143.5 mean: 172.35621890547264
gen: 29 best: 143.5 mean: 172.54427860696518
gen: 30 best: 143.5 mean: 171.47562189054727
gen >31, new best = 137.700
gen: 31 best: 137.7 mean: 171.4049751243781
gen: 32 best: 137.7 mean: 171.13034825870648
gen: 33 best: 137.7 mean: 170.13233830845772
gen >34, new best = 137.500
gen: 34 best: 137.5 mean: 169.0452736318408
gen: 35 best: 137.5 mean: 169.7228855721393
gen: 36 best: 137.5 mean: 171.08407960199006
gen: 37 best: 137.5 mean: 169.86965174129352
gen: 38 best: 137.5 mean: 169.0592039800995
gen: 39 best: 137.5 mean: 167.70348258706468
gen: 40 best: 137.5 mean: 168.4228855721393
gen: 41 best: 137.5 mean: 168.74328358208956
gen: 42 best: 137.5 mean: 170.01094527363185
gen: 43 best: 137.5 mean: 169.8363184079602
gen: 44 best: 137.5 mean: 168.97213930348258
gen: 45 best: 137.5 mean: 167.1004975124378
gen: 46 best: 137.5 mean: 167.92587064676616
gen: 47 best: 137.5 mean: 167.6402985074627
gen: 48 best: 137.5 mean: 167.2726368159204
gen: 49 best: 137.5 mean: 167.99253731343285
gen: 50 best: 137.5 mean: 167.49253731343285
gen: 51 best: 137.5 mean: 166.30746268656716
gen: 52 best: 137.5 mean: 166.9502487562189
gen: 53 best: 137.5 mean: 167.01791044776118
gen: 54 best: 137.5 mean: 166.4587064676617
gen: 55 best: 137.5 mean: 167.02338308457712
gen: 56 best: 137.5 mean: 166.97960199004976
gen: 57 best: 137.5 mean: 165.76517412935323
gen: 58 best: 137.5 mean: 166.51691542288557
gen: 59 best: 137.5 mean: 165.96766169154228
gen: 60 best: 137.5 mean: 164.5402985074627
gen: 61 best: 137.5 mean: 165.72935323383084
gen: 62 best: 137.5 mean: 164.9084577114428
gen: 63 best: 137.5 mean: 165.03432835820897
gen: 64 best: 137.5 mean: 165.9358208955224
gen >65, new best = 134.800
gen: 65 best: 134.8 mean: 164.99751243781094
gen: 66 best: 134.8 mean: 164.3169154228856
gen: 67 best: 134.8 mean: 163.86716417910446
gen: 68 best: 134.8 mean: 163.75174129353235
gen: 69 best: 134.8 mean: 165.0412935323383
gen: 70 best: 134.8 mean: 164.15671641791045
gen: 71 best: 134.8 mean: 164.081592039801
gen: 72 best: 134.8 mean: 162.6502487562189
gen >73, new best = 134.300
gen: 73 best: 134.3 mean: 163.43532338308458
gen: 74 best: 134.3 mean: 162.08507462686566
gen: 75 best: 134.3 mean: 162.29701492537313
gen: 76 best: 134.3 mean: 163.0676616915423
gen: 77 best: 134.3 mean: 163.42537313432837
gen >78, new best = 133.800
gen: 78 best: 133.8 mean: 162.85124378109452
gen: 79 best: 133.8 mean: 162.8547263681592
gen: 80 best: 133.8 mean: 164.2044776119403
gen: 81 best: 133.8 mean: 163.5268656716418
gen: 82 best: 133.8 mean: 162.97213930348258
gen: 83 best: 133.8 mean: 162.59004975124378
gen: 84 best: 133.8 mean: 163.04228855721394
gen: 85 best: 133.8 mean: 162.81442786069653
gen: 86 best: 133.8 mean: 162.52985074626866
gen: 87 best: 133.8 mean: 162.63034825870648
gen: 88 best: 133.8 mean: 163.37761194029852
gen: 89 best: 133.8 mean: 162.2049751243781
gen: 90 best: 133.8 mean: 161.36517412935322
gen: 91 best: 133.8 mean: 162.4223880597015
gen: 92 best: 133.8 mean: 161.99800995024876
gen: 93 best: 133.8 mean: 162.14726368159205
gen >94, new best = 131.700
gen: 94 best: 131.7 mean: 161.79651741293532
gen: 95 best: 131.7 mean: 161.86666666666667
gen: 96 best: 131.7 mean: 160.91890547263682
gen: 97 best: 131.7 mean: 161.58109452736318
gen: 98 best: 131.7 mean: 163.24029850746268
gen: 99 best: 131.7 mean: 162.34179104477613
[8, 8, 8, 6, 8, 8, 6, 6, 7, 7, 9, 7, 8, 8, 8, 9, 8, 7, 9, 8, 8, 10, 7, 9, 7, 8, 9, 8, 9, 9, 9, 8, 7, 6, 8, 6, 9]
Test count of edges: 509
cat
