Defaulting to user installation because normal site-packages is not writeable
Looking in links: /cvmfs/soft.computecanada.ca/custom/python/wheelhouse/gentoo/avx2, /cvmfs/soft.computecanada.ca/custom/python/wheelhouse/gentoo/generic, /cvmfs/soft.computecanada.ca/custom/python/wheelhouse/generic
Requirement already satisfied: graphviz in /home/js17sy/.local/lib/python3.10/site-packages (0.20)
624; python ga.py 10 256N_graph10.dat 0.1 0.04 0.5 0.9 0.1 201 256N_graph10leerygen3rem50_ 685464
/project/6008788/js17sy/reopenga/256a/ga.py:291: DeprecationWarning: Sampling from a set deprecated
since Python 3.9 and will be removed in a subsequent version.
  child1 = set(random.sample(
gen >0, new best = 186.700
gen >0, new best = 184.700
gen >0, new best = 180.400
gen >0, new best = 176.500
gen >0, new best = 176.400
gen >0, new best = 175.800
gen >0, new best = 175.700
gen >0, new best = 171.700
gen: 0 best: 171.7 mean: 184.49502487562188
gen >1, new best = 170.900
gen >1, new best = 169.100
gen: 1 best: 169.1 mean: 183.8771144278607
gen: 2 best: 169.1 mean: 183.30597014925374
gen: 3 best: 169.1 mean: 182.6905472636816
gen >4, new best = 164.700
gen: 4 best: 164.7 mean: 182.58955223880596
gen: 5 best: 164.7 mean: 181.00398009950248
gen >6, new best = 163.200
gen: 6 best: 163.2 mean: 181.62686567164178
gen: 7 best: 163.2 mean: 180.85671641791043
gen: 8 best: 163.2 mean: 180.3233830845771
gen >9, new best = 161.400
gen >9, new best = 158.700
gen: 9 best: 158.7 mean: 180.02487562189054
gen: 10 best: 158.7 mean: 179.04875621890548
gen: 11 best: 158.7 mean: 179.08059701492536
gen: 12 best: 158.7 mean: 179.20746268656717
gen: 13 best: 158.7 mean: 178.59800995024875
gen: 14 best: 158.7 mean: 177.8084577114428
gen: 15 best: 158.7 mean: 177.65522388059702
gen: 16 best: 158.7 mean: 177.4497512437811
gen: 17 best: 158.7 mean: 176.79800995024877
gen: 18 best: 158.7 mean: 176.88059701492537
gen: 19 best: 158.7 mean: 176.3278606965174
gen: 20 best: 158.7 mean: 176.4273631840796
gen: 21 best: 158.7 mean: 174.80298507462686
gen: 22 best: 158.7 mean: 175.34378109452737
gen: 23 best: 158.7 mean: 175.34477611940298
gen >24, new best = 157.700
gen: 24 best: 157.7 mean: 174.89452736318407
gen >25, new best = 156.000
gen: 25 best: 156.0 mean: 174.10746268656717
gen: 26 best: 156.0 mean: 174.28855721393035
gen: 27 best: 156.0 mean: 173.57562189054727
gen: 28 best: 156.0 mean: 173.4323383084577
gen: 29 best: 156.0 mean: 173.20199004975123
gen >30, new best = 152.100
gen: 30 best: 152.1 mean: 172.02437810945273
gen: 31 best: 152.1 mean: 172.27164179104477
gen: 32 best: 152.1 mean: 171.9597014925373
gen: 33 best: 152.1 mean: 171.74228855721393
gen: 34 best: 152.1 mean: 171.74378109452735
gen >35, new best = 147.300
gen: 35 best: 147.3 mean: 170.7955223880597
gen: 36 best: 147.3 mean: 171.38457711442786
gen: 37 best: 147.3 mean: 170.39452736318407
gen: 38 best: 147.3 mean: 171.23681592039802
gen: 39 best: 147.3 mean: 170.74477611940299
gen: 40 best: 147.3 mean: 170.39601990049752
gen: 41 best: 147.3 mean: 170.09353233830845
gen: 42 best: 147.3 mean: 169.8671641791045
gen: 43 best: 147.3 mean: 169.7721393034826
gen: 44 best: 147.3 mean: 169.43830845771146
gen: 45 best: 147.3 mean: 169.79452736318407
gen: 46 best: 147.3 mean: 168.85771144278607
gen: 47 best: 147.3 mean: 168.69850746268656
gen: 48 best: 147.3 mean: 168.59004975124378
gen: 49 best: 147.3 mean: 168.04378109452736
gen: 50 best: 147.3 mean: 167.77064676616916
gen: 51 best: 147.3 mean: 167.0228855721393
gen: 52 best: 147.3 mean: 167.55174129353233
gen: 53 best: 147.3 mean: 167.43532338308458
gen: 54 best: 147.3 mean: 167.55124378109454
gen: 55 best: 147.3 mean: 167.21194029850747
gen: 56 best: 147.3 mean: 166.90646766169155
gen: 57 best: 147.3 mean: 166.87562189054725
gen: 58 best: 147.3 mean: 167.01641791044776
gen >59, new best = 143.900
gen: 59 best: 143.9 mean: 166.36766169154228
gen: 60 best: 143.9 mean: 166.5950248756219
gen: 61 best: 143.9 mean: 166.60248756218905
gen: 62 best: 143.9 mean: 166.01442786069651
gen: 63 best: 143.9 mean: 165.7592039800995
gen: 64 best: 143.9 mean: 165.7547263681592
gen: 65 best: 143.9 mean: 166.23333333333332
gen: 66 best: 143.9 mean: 165.51990049751245
gen: 67 best: 143.9 mean: 165.8323383084577
gen: 68 best: 143.9 mean: 165.1721393034826
gen >69, new best = 141.800
gen: 69 best: 141.8 mean: 165.5542288557214
gen: 70 best: 141.8 mean: 165.01442786069651
gen: 71 best: 141.8 mean: 165.24776119402986
gen: 72 best: 141.8 mean: 164.89701492537313
gen: 73 best: 141.8 mean: 165.35223880597016
gen: 74 best: 141.8 mean: 164.5134328358209
gen: 75 best: 141.8 mean: 165.20149253731344
gen: 76 best: 141.8 mean: 165.04626865671642
gen: 77 best: 141.8 mean: 164.06069651741294
gen: 78 best: 141.8 mean: 164.57512437810945
gen: 79 best: 141.8 mean: 165.09004975124378
gen: 80 best: 141.8 mean: 163.55522388059703
gen: 81 best: 141.8 mean: 163.41890547263682
gen: 82 best: 141.8 mean: 163.54726368159203
gen: 83 best: 141.8 mean: 163.27562189054726
gen: 84 best: 141.8 mean: 164.03731343283582
gen: 85 best: 141.8 mean: 163.55373134328357
gen: 86 best: 141.8 mean: 164.08656716417912
gen: 87 best: 141.8 mean: 163.62537313432836
gen >88, new best = 139.900
gen: 88 best: 139.9 mean: 162.68855721393035
gen: 89 best: 139.9 mean: 163.544776119403
gen: 90 best: 139.9 mean: 163.6412935323383
gen: 91 best: 139.9 mean: 163.1601990049751
gen: 92 best: 139.9 mean: 163.36069651741295
gen: 93 best: 139.9 mean: 163.8233830845771
gen: 94 best: 139.9 mean: 164.05273631840797
gen: 95 best: 139.9 mean: 163.69651741293532
gen: 96 best: 139.9 mean: 163.06268656716418
gen: 97 best: 139.9 mean: 163.31890547263683
gen: 98 best: 139.9 mean: 163.98457711442785
gen: 99 best: 139.9 mean: 163.4597014925373
[9, 8, 8, 8, 9, 9, 7, 8, 9, 9, 10, 9, 7, 9, 9, 9, 8, 8, 9, 8, 9, 9, 8, 9, 9, 9, 6, 8, 7, 8, 9, 8]
Test count of edges: 777
cat
