Defaulting to user installation because normal site-packages is not writeable
Looking in links: /cvmfs/soft.computecanada.ca/custom/python/wheelhouse/gentoo/avx2, /cvmfs/soft.computecanada.ca/custom/python/wheelhouse/gentoo/generic, /cvmfs/soft.computecanada.ca/custom/python/wheelhouse/generic
Requirement already satisfied: graphviz in /home/js17sy/.local/lib/python3.10/site-packages (0.20)
219; python ga.py 10 256N_graph10.dat 0.05 0.02 0.5 0.7 0.3 201 256N_graph10mediumgen2rem50_ 257049
/project/6008788/js17sy/reopenga/256a/ga.py:291: DeprecationWarning: Sampling from a set deprecated
since Python 3.9 and will be removed in a subsequent version.
  child1 = set(random.sample(
gen >0, new best = 172.600
gen >0, new best = 165.300
gen >0, new best = 160.200
gen >0, new best = 156.400
gen >0, new best = 152.600
gen >0, new best = 151.800
gen >0, new best = 148.900
gen: 0 best: 148.9 mean: 167.47014925373134
gen >1, new best = 140.300
gen: 1 best: 140.3 mean: 167.45223880597015
gen: 2 best: 140.3 mean: 166.21940298507462
gen: 3 best: 140.3 mean: 165.53383084577115
gen: 4 best: 140.3 mean: 164.68109452736317
gen: 5 best: 140.3 mean: 164.2497512437811
gen: 6 best: 140.3 mean: 164.35373134328358
gen: 7 best: 140.3 mean: 163.86666666666667
gen: 8 best: 140.3 mean: 162.87512437810946
gen: 9 best: 140.3 mean: 162.95771144278606
gen: 10 best: 140.3 mean: 161.8363184079602
gen >11, new best = 140.000
gen: 11 best: 140.0 mean: 161.47761194029852
gen: 12 best: 140.0 mean: 161.1218905472637
gen: 13 best: 140.0 mean: 160.14626865671642
gen: 14 best: 140.0 mean: 160.48009950248758
gen: 15 best: 140.0 mean: 160.2865671641791
gen: 16 best: 140.0 mean: 160.17412935323384
gen >17, new best = 138.900
gen: 17 best: 138.9 mean: 158.57661691542287
gen >18, new best = 138.300
gen >18, new best = 135.600
gen: 18 best: 135.6 mean: 158.0228855721393
gen: 19 best: 135.6 mean: 157.74328358208956
gen: 20 best: 135.6 mean: 157.0412935323383
gen: 21 best: 135.6 mean: 157.74825870646765
gen: 22 best: 135.6 mean: 156.2497512437811
gen: 23 best: 135.6 mean: 154.8542288557214
gen: 24 best: 135.6 mean: 155.32636815920398
gen: 25 best: 135.6 mean: 154.73781094527362
gen: 26 best: 135.6 mean: 153.10796019900496
gen: 27 best: 135.6 mean: 153.0502487562189
gen >28, new best = 133.600
gen: 28 best: 133.6 mean: 153.29900497512438
gen: 29 best: 133.6 mean: 152.94179104477612
gen: 30 best: 133.6 mean: 152.41990049751243
gen >31, new best = 133.500
gen: 31 best: 133.5 mean: 151.9686567164179
gen >32, new best = 133.400
gen: 32 best: 133.4 mean: 151.8233830845771
gen: 33 best: 133.4 mean: 151.31940298507462
gen: 34 best: 133.4 mean: 150.6492537313433
gen: 35 best: 133.4 mean: 150.6144278606965
gen >36, new best = 133.200
gen >36, new best = 133.100
gen: 36 best: 133.1 mean: 151.18507462686568
gen >37, new best = 129.600
gen: 37 best: 129.6 mean: 150.24676616915423
gen: 38 best: 129.6 mean: 150.39502487562189
gen: 39 best: 129.6 mean: 150.51990049751242
gen: 40 best: 129.6 mean: 149.54228855721394
gen: 41 best: 129.6 mean: 149.61691542288557
gen: 42 best: 129.6 mean: 149.44875621890546
gen: 43 best: 129.6 mean: 149.10746268656717
gen: 44 best: 129.6 mean: 148.5905472636816
gen: 45 best: 129.6 mean: 148.5636815920398
gen: 46 best: 129.6 mean: 147.80796019900498
gen >47, new best = 124.500
gen: 47 best: 124.5 mean: 147.74477611940299
gen: 48 best: 124.5 mean: 147.73781094527362
gen: 49 best: 124.5 mean: 147.4825870646766
gen: 50 best: 124.5 mean: 147.55522388059703
gen: 51 best: 124.5 mean: 147.2179104477612
gen: 52 best: 124.5 mean: 145.86019900497513
gen: 53 best: 124.5 mean: 146.95174129353234
gen: 54 best: 124.5 mean: 146.31044776119404
gen: 55 best: 124.5 mean: 145.28009950248756
gen: 56 best: 124.5 mean: 145.09004975124378
gen >57, new best = 123.100
gen: 57 best: 123.1 mean: 144.98805970149255
gen: 58 best: 123.1 mean: 144.75671641791044
gen: 59 best: 123.1 mean: 144.9039800995025
gen: 60 best: 123.1 mean: 144.5497512437811
gen: 61 best: 123.1 mean: 144.00597014925373
gen: 62 best: 123.1 mean: 144.53980099502488
gen: 63 best: 123.1 mean: 143.97064676616915
gen: 64 best: 123.1 mean: 144.0268656716418
gen >65, new best = 122.900
gen: 65 best: 122.9 mean: 143.97363184079603
gen: 66 best: 122.9 mean: 144.08457711442787
gen: 67 best: 122.9 mean: 143.4865671641791
gen: 68 best: 122.9 mean: 143.3542288557214
gen: 69 best: 122.9 mean: 144.48358208955224
gen: 70 best: 122.9 mean: 142.75721393034826
gen: 71 best: 122.9 mean: 143.5402985074627
gen: 72 best: 122.9 mean: 143.15970149253732
gen: 73 best: 122.9 mean: 142.8582089552239
gen: 74 best: 122.9 mean: 143.12686567164178
gen >75, new best = 122.700
gen: 75 best: 122.7 mean: 142.67860696517414
gen: 76 best: 122.7 mean: 143.09800995024875
gen: 77 best: 122.7 mean: 141.08805970149254
gen: 78 best: 122.7 mean: 142.25771144278607
gen: 79 best: 122.7 mean: 141.836815920398
gen: 80 best: 122.7 mean: 141.45273631840797
gen: 81 best: 122.7 mean: 142.95373134328358
gen >82, new best = 121.800
gen: 82 best: 121.8 mean: 141.8407960199005
gen: 83 best: 121.8 mean: 141.6
gen: 84 best: 121.8 mean: 142.0134328358209
gen: 85 best: 121.8 mean: 142.09950248756218
gen: 86 best: 121.8 mean: 141.06169154228857
gen: 87 best: 121.8 mean: 140.45273631840797
gen: 88 best: 121.8 mean: 139.48009950248758
gen: 89 best: 121.8 mean: 139.95273631840797
gen: 90 best: 121.8 mean: 139.64825870646766
gen: 91 best: 121.8 mean: 139.98805970149255
gen: 92 best: 121.8 mean: 140.2681592039801
gen: 93 best: 121.8 mean: 139.02885572139303
gen >94, new best = 120.500
gen: 94 best: 120.5 mean: 139.80646766169153
gen: 95 best: 120.5 mean: 139.46169154228855
gen: 96 best: 120.5 mean: 138.90995024875622
gen: 97 best: 120.5 mean: 139.1034825870647
gen: 98 best: 120.5 mean: 138.9497512437811
gen: 99 best: 120.5 mean: 139.18258706467662
[9, 10, 10, 10, 10, 11, 9, 10, 10, 9, 10, 10, 9, 11, 9, 9, 10, 10, 6, 8, 9, 10, 11, 10, 11, 9, 9]
Test count of edges: 796
cat
