Defaulting to user installation because normal site-packages is not writeable
Looking in links: /cvmfs/soft.computecanada.ca/custom/python/wheelhouse/gentoo/avx2, /cvmfs/soft.computecanada.ca/custom/python/wheelhouse/gentoo/generic, /cvmfs/soft.computecanada.ca/custom/python/wheelhouse/generic
Requirement already satisfied: graphviz in /home/js17sy/.local/lib/python3.10/site-packages (0.20)
622; python ga.py 10 256N_graph10.dat 0.1 0.04 0.5 0.9 0.1 201 256N_graph10leerygen3rem50_ 628342
/project/6008788/js17sy/reopenga/256a/ga.py:291: DeprecationWarning: Sampling from a set deprecated
since Python 3.9 and will be removed in a subsequent version.
  child1 = set(random.sample(
gen >0, new best = 175.900
gen >0, new best = 175.800
gen >0, new best = 171.500
gen >0, new best = 171.400
gen: 0 best: 171.4 mean: 184.92960199004975
gen >1, new best = 168.800
gen: 1 best: 168.8 mean: 184.37164179104477
gen >2, new best = 168.600
gen >2, new best = 167.600
gen: 2 best: 167.6 mean: 183.11144278606966
gen >3, new best = 161.000
gen: 3 best: 161.0 mean: 182.25572139303483
gen: 4 best: 161.0 mean: 181.92487562189055
gen: 5 best: 161.0 mean: 181.3039800995025
gen: 6 best: 161.0 mean: 181.5084577114428
gen >7, new best = 160.900
gen: 7 best: 160.9 mean: 180.09203980099502
gen: 8 best: 160.9 mean: 179.65174129353233
gen: 9 best: 160.9 mean: 179.3084577114428
gen >10, new best = 158.400
gen: 10 best: 158.4 mean: 178.8233830845771
gen >11, new best = 153.600
gen: 11 best: 153.6 mean: 178.04875621890548
gen: 12 best: 153.6 mean: 177.14875621890548
gen: 13 best: 153.6 mean: 177.59950248756218
gen: 14 best: 153.6 mean: 176.86218905472637
gen: 15 best: 153.6 mean: 176.39751243781095
gen: 16 best: 153.6 mean: 175.93781094527364
gen: 17 best: 153.6 mean: 175.5860696517413
gen: 18 best: 153.6 mean: 176.28009950248756
gen: 19 best: 153.6 mean: 175.33532338308459
gen: 20 best: 153.6 mean: 174.57064676616915
gen: 21 best: 153.6 mean: 175.24477611940299
gen: 22 best: 153.6 mean: 174.61393034825872
gen: 23 best: 153.6 mean: 172.93781094527364
gen: 24 best: 153.6 mean: 173.6766169154229
gen: 25 best: 153.6 mean: 173.1044776119403
gen: 26 best: 153.6 mean: 172.81044776119404
gen: 27 best: 153.6 mean: 172.6492537313433
gen: 28 best: 153.6 mean: 172.58109452736318
gen >29, new best = 149.800
gen: 29 best: 149.8 mean: 172.80696517412935
gen: 30 best: 149.8 mean: 171.4910447761194
gen: 31 best: 149.8 mean: 172.0676616915423
gen: 32 best: 149.8 mean: 171.4402985074627
gen: 33 best: 149.8 mean: 171.21840796019902
gen: 34 best: 149.8 mean: 171.21044776119402
gen: 35 best: 149.8 mean: 170.19552238805971
gen: 36 best: 149.8 mean: 169.4129353233831
gen: 37 best: 149.8 mean: 169.6407960199005
gen: 38 best: 149.8 mean: 168.93034825870646
gen: 39 best: 149.8 mean: 169.0358208955224
gen: 40 best: 149.8 mean: 169.9905472636816
gen: 41 best: 149.8 mean: 169.4407960199005
gen: 42 best: 149.8 mean: 168.8084577114428
gen: 43 best: 149.8 mean: 168.01243781094527
gen: 44 best: 149.8 mean: 168.60646766169154
gen: 45 best: 149.8 mean: 167.83034825870647
gen: 46 best: 149.8 mean: 167.65771144278608
gen: 47 best: 149.8 mean: 168.4039800995025
gen: 48 best: 149.8 mean: 167.57064676616915
gen: 49 best: 149.8 mean: 166.88059701492537
gen: 50 best: 149.8 mean: 168.00099502487564
gen: 51 best: 149.8 mean: 167.58308457711442
gen: 52 best: 149.8 mean: 168.01144278606967
gen: 53 best: 149.8 mean: 167.61492537313433
gen: 54 best: 149.8 mean: 166.6034825870647
gen: 55 best: 149.8 mean: 167.1865671641791
gen: 56 best: 149.8 mean: 168.2089552238806
gen: 57 best: 149.8 mean: 167.42985074626867
gen: 58 best: 149.8 mean: 167.38507462686567
gen: 59 best: 149.8 mean: 166.4726368159204
gen: 60 best: 149.8 mean: 167.23930348258708
gen: 61 best: 149.8 mean: 166.97512437810946
gen: 62 best: 149.8 mean: 167.2228855721393
gen: 63 best: 149.8 mean: 166.57860696517412
gen: 64 best: 149.8 mean: 166.292039800995
gen >65, new best = 147.500
gen: 65 best: 147.5 mean: 166.5587064676617
gen: 66 best: 147.5 mean: 165.58457711442787
gen: 67 best: 147.5 mean: 165.93383084577115
gen: 68 best: 147.5 mean: 165.59950248756218
gen: 69 best: 147.5 mean: 166.65323383084578
gen: 70 best: 147.5 mean: 165.85621890547264
gen: 71 best: 147.5 mean: 166.33781094527365
gen: 72 best: 147.5 mean: 166.58009950248757
gen >73, new best = 146.000
gen: 73 best: 146.0 mean: 165.544776119403
gen: 74 best: 146.0 mean: 166.18557213930347
gen: 75 best: 146.0 mean: 165.34029850746268
gen: 76 best: 146.0 mean: 165.59104477611942
gen: 77 best: 146.0 mean: 166.04875621890548
gen >78, new best = 144.500
gen: 78 best: 144.5 mean: 166.18905472636817
gen: 79 best: 144.5 mean: 166.07661691542287
gen: 80 best: 144.5 mean: 166.56716417910448
gen: 81 best: 144.5 mean: 165.95223880597015
gen: 82 best: 144.5 mean: 165.92139303482588
gen: 83 best: 144.5 mean: 165.7223880597015
gen: 84 best: 144.5 mean: 165.4825870646766
gen: 85 best: 144.5 mean: 165.11393034825872
gen: 86 best: 144.5 mean: 166.32388059701492
gen: 87 best: 144.5 mean: 165.01542288557215
gen >88, new best = 142.800
gen: 88 best: 142.8 mean: 166.15074626865672
gen: 89 best: 142.8 mean: 165.3597014925373
gen: 90 best: 142.8 mean: 165.44925373134328
gen: 91 best: 142.8 mean: 165.10298507462687
gen: 92 best: 142.8 mean: 166.08855721393036
gen: 93 best: 142.8 mean: 165.79402985074626
gen: 94 best: 142.8 mean: 165.3507462686567
gen: 95 best: 142.8 mean: 165.4278606965174
gen: 96 best: 142.8 mean: 164.71492537313432
gen: 97 best: 142.8 mean: 165.41044776119404
gen: 98 best: 142.8 mean: 165.536815920398
gen: 99 best: 142.8 mean: 165.0726368159204
[9, 9, 8, 9, 9, 8, 9, 9, 10, 9, 9, 10, 7, 8, 9, 8, 8, 8, 9, 9, 8, 10, 9, 10, 8, 8, 9, 10, 8, 9, 8, 9, 10, 9, 8, 9]
Test count of edges: 779
cat
