Defaulting to user installation because normal site-packages is not writeable
Looking in links: /cvmfs/soft.computecanada.ca/custom/python/wheelhouse/gentoo/avx2, /cvmfs/soft.computecanada.ca/custom/python/wheelhouse/gentoo/generic, /cvmfs/soft.computecanada.ca/custom/python/wheelhouse/generic
Requirement already satisfied: graphviz in /home/js17sy/.local/lib/python3.10/site-packages (0.20)
586; python ga.py 10 256N_graph10.dat 0.1 0.04 0.5 0.7 0.3 201 256N_graph10leerygen2rem50_ 456976
/project/6008788/js17sy/reopenga/256a/ga.py:291: DeprecationWarning: Sampling from a set deprecated
since Python 3.9 and will be removed in a subsequent version.
  child1 = set(random.sample(
gen >0, new best = 185.700
gen >0, new best = 184.100
gen >0, new best = 179.700
gen >0, new best = 175.300
gen >0, new best = 173.400
gen >0, new best = 171.500
gen: 0 best: 171.5 mean: 185.04900497512438
gen: 1 best: 171.5 mean: 183.90348258706467
gen >2, new best = 168.300
gen: 2 best: 168.3 mean: 183.26019900497514
gen: 3 best: 168.3 mean: 182.9671641791045
gen: 4 best: 168.3 mean: 182.32636815920398
gen >5, new best = 167.300
gen: 5 best: 167.3 mean: 181.9681592039801
gen >6, new best = 166.300
gen: 6 best: 166.3 mean: 181.64875621890548
gen: 7 best: 166.3 mean: 181.19751243781096
gen: 8 best: 166.3 mean: 181.5731343283582
gen: 9 best: 166.3 mean: 180.21990049751244
gen >10, new best = 166.000
gen: 10 best: 166.0 mean: 180.37611940298507
gen >11, new best = 164.000
gen >11, new best = 163.300
gen: 11 best: 163.3 mean: 179.03731343283582
gen >12, new best = 163.200
gen: 12 best: 163.2 mean: 179.84776119402986
gen: 13 best: 163.2 mean: 178.644776119403
gen: 14 best: 163.2 mean: 179.0044776119403
gen: 15 best: 163.2 mean: 178.01194029850745
gen >16, new best = 160.300
gen: 16 best: 160.3 mean: 177.05522388059703
gen: 17 best: 160.3 mean: 177.15721393034826
gen: 18 best: 160.3 mean: 176.47363184079603
gen: 19 best: 160.3 mean: 176.66716417910447
gen: 20 best: 160.3 mean: 176.3547263681592
gen: 21 best: 160.3 mean: 175.01542288557215
gen: 22 best: 160.3 mean: 175.0313432835821
gen >23, new best = 158.800
gen: 23 best: 158.8 mean: 174.69701492537314
gen: 24 best: 158.8 mean: 174.163184079602
gen: 25 best: 158.8 mean: 173.9636815920398
gen: 26 best: 158.8 mean: 173.21243781094526
gen: 27 best: 158.8 mean: 173.13681592039802
gen: 28 best: 158.8 mean: 172.881592039801
gen >29, new best = 157.400
gen >29, new best = 154.800
gen: 29 best: 154.8 mean: 172.65522388059702
gen: 30 best: 154.8 mean: 172.5228855721393
gen: 31 best: 154.8 mean: 172.50049751243782
gen: 32 best: 154.8 mean: 171.96069651741294
gen >33, new best = 154.100
gen: 33 best: 154.1 mean: 172.11990049751245
gen: 34 best: 154.1 mean: 171.43532338308458
gen: 35 best: 154.1 mean: 172.2
gen: 36 best: 154.1 mean: 171.87412935323383
gen: 37 best: 154.1 mean: 171.4497512437811
gen >38, new best = 144.400
gen: 38 best: 144.4 mean: 170.54875621890548
gen: 39 best: 144.4 mean: 171.58258706467663
gen: 40 best: 144.4 mean: 171.38706467661692
gen: 41 best: 144.4 mean: 171.6179104477612
gen: 42 best: 144.4 mean: 171.29800995024877
gen: 43 best: 144.4 mean: 171.0641791044776
gen: 44 best: 144.4 mean: 170.53084577114427
gen: 45 best: 144.4 mean: 170.28507462686568
gen: 46 best: 144.4 mean: 170.72189054726368
gen: 47 best: 144.4 mean: 170.8313432835821
gen: 48 best: 144.4 mean: 171.21243781094526
gen: 49 best: 144.4 mean: 170.85771144278607
gen: 50 best: 144.4 mean: 170.71243781094526
gen: 51 best: 144.4 mean: 171.00199004975124
gen: 52 best: 144.4 mean: 170.57064676616915
gen: 53 best: 144.4 mean: 169.5318407960199
gen: 54 best: 144.4 mean: 170.29154228855722
gen: 55 best: 144.4 mean: 170.0542288557214
gen: 56 best: 144.4 mean: 169.71940298507462
gen: 57 best: 144.4 mean: 169.37114427860698
gen: 58 best: 144.4 mean: 169.57462686567163
gen: 59 best: 144.4 mean: 169.47960199004976
gen: 60 best: 144.4 mean: 169.7144278606965
gen: 61 best: 144.4 mean: 169.52338308457712
gen: 62 best: 144.4 mean: 168.52139303482588
gen: 63 best: 144.4 mean: 169.28955223880598
gen: 64 best: 144.4 mean: 169.68358208955223
gen: 65 best: 144.4 mean: 169.58308457711442
gen: 66 best: 144.4 mean: 169.536815920398
gen: 67 best: 144.4 mean: 169.27960199004974
gen: 68 best: 144.4 mean: 169.09253731343284
gen: 69 best: 144.4 mean: 169.36666666666667
gen: 70 best: 144.4 mean: 169.6134328358209
gen: 71 best: 144.4 mean: 168.9497512437811
gen: 72 best: 144.4 mean: 168.88955223880598
gen: 73 best: 144.4 mean: 169.21840796019902
gen: 74 best: 144.4 mean: 169.46567164179103
gen: 75 best: 144.4 mean: 168.03034825870645
gen: 76 best: 144.4 mean: 168.94726368159203
gen: 77 best: 144.4 mean: 169.03383084577115
gen: 78 best: 144.4 mean: 168.6910447761194
gen: 79 best: 144.4 mean: 169.4681592039801
gen: 80 best: 144.4 mean: 169.19402985074626
gen: 81 best: 144.4 mean: 168.53333333333333
gen: 82 best: 144.4 mean: 169.51094527363185
gen: 83 best: 144.4 mean: 169.3820895522388
gen: 84 best: 144.4 mean: 167.9641791044776
gen: 85 best: 144.4 mean: 168.64975124378108
gen: 86 best: 144.4 mean: 168.54179104477612
gen: 87 best: 144.4 mean: 168.6412935323383
gen: 88 best: 144.4 mean: 168.51592039800994
gen: 89 best: 144.4 mean: 168.18955223880596
gen: 90 best: 144.4 mean: 168.43930348258706
gen: 91 best: 144.4 mean: 168.32587064676616
gen: 92 best: 144.4 mean: 168.57562189054727
gen: 93 best: 144.4 mean: 168.13681592039802
gen: 94 best: 144.4 mean: 168.12835820895523
gen: 95 best: 144.4 mean: 168.35124378109452
gen: 96 best: 144.4 mean: 167.9597014925373
gen: 97 best: 144.4 mean: 167.5139303482587
gen: 98 best: 144.4 mean: 168.30099502487562
gen: 99 best: 144.4 mean: 168.03233830845772
[10, 9, 8, 10, 8, 9, 9, 9, 9, 8, 9, 9, 9, 9, 9, 8, 9, 9, 9, 9, 9, 9, 8, 9, 10, 9, 9, 9, 9, 9, 10, 9]
Test count of edges: 779
cat
