Defaulting to user installation because normal site-packages is not writeable
Looking in links: /cvmfs/soft.computecanada.ca/custom/python/wheelhouse/gentoo/avx2, /cvmfs/soft.computecanada.ca/custom/python/wheelhouse/gentoo/generic, /cvmfs/soft.computecanada.ca/custom/python/wheelhouse/generic
Requirement already satisfied: graphviz in /home/js17sy/.local/lib/python3.10/site-packages (0.20)
547; python ga.py 10 256N_graph10.dat 0.1 0.04 0.5 0.5 0.5 201 256N_graph10leerygen1rem50_ 199927
/project/6008788/js17sy/reopenga/256a/ga.py:291: DeprecationWarning: Sampling from a set deprecated
since Python 3.9 and will be removed in a subsequent version.
  child1 = set(random.sample(
gen >0, new best = 192.000
gen >0, new best = 173.900
gen >0, new best = 172.400
gen >0, new best = 172.200
gen: 0 best: 172.2 mean: 184.82164179104478
gen >1, new best = 169.600
gen: 1 best: 169.6 mean: 184.22139303482587
gen >2, new best = 163.800
gen: 2 best: 163.8 mean: 183.25323383084577
gen: 3 best: 163.8 mean: 183.36716417910446
gen: 4 best: 163.8 mean: 183.0497512437811
gen: 5 best: 163.8 mean: 182.82537313432834
gen: 6 best: 163.8 mean: 182.1417910447761
gen: 7 best: 163.8 mean: 182.52388059701494
gen: 8 best: 163.8 mean: 182.48756218905473
gen: 9 best: 163.8 mean: 181.85671641791043
gen: 10 best: 163.8 mean: 181.4731343283582
gen: 11 best: 163.8 mean: 181.01492537313433
gen: 12 best: 163.8 mean: 180.83582089552237
gen: 13 best: 163.8 mean: 180.23681592039802
gen: 14 best: 163.8 mean: 179.85124378109452
gen: 15 best: 163.8 mean: 179.34676616915422
gen: 16 best: 163.8 mean: 179.70298507462687
gen: 17 best: 163.8 mean: 178.72587064676617
gen: 18 best: 163.8 mean: 179.418407960199
gen >19, new best = 160.500
gen: 19 best: 160.5 mean: 178.91890547263682
gen: 20 best: 160.5 mean: 178.67164179104478
gen: 21 best: 160.5 mean: 179.15721393034826
gen: 22 best: 160.5 mean: 178.56965174129354
gen: 23 best: 160.5 mean: 178.47661691542288
gen: 24 best: 160.5 mean: 177.8671641791045
gen: 25 best: 160.5 mean: 177.44477611940297
gen >26, new best = 157.600
gen: 26 best: 157.6 mean: 176.836815920398
gen: 27 best: 157.6 mean: 177.11144278606966
gen: 28 best: 157.6 mean: 177.32835820895522
gen: 29 best: 157.6 mean: 177.2955223880597
gen: 30 best: 157.6 mean: 175.84228855721392
gen >31, new best = 153.500
gen: 31 best: 153.5 mean: 175.5402985074627
gen: 32 best: 153.5 mean: 175.93731343283582
gen: 33 best: 153.5 mean: 175.436815920398
gen: 34 best: 153.5 mean: 175.26417910447762
gen: 35 best: 153.5 mean: 175.05820895522388
gen: 36 best: 153.5 mean: 175.20298507462687
gen: 37 best: 153.5 mean: 175.57213930348257
gen: 38 best: 153.5 mean: 174.98059701492537
gen: 39 best: 153.5 mean: 174.71293532338308
gen >40, new best = 152.200
gen: 40 best: 152.2 mean: 174.2860696517413
gen: 41 best: 152.2 mean: 174.15572139303484
gen: 42 best: 152.2 mean: 174.00597014925373
gen: 43 best: 152.2 mean: 174.02935323383085
gen: 44 best: 152.2 mean: 173.79402985074626
gen: 45 best: 152.2 mean: 173.26616915422886
gen >46, new best = 150.300
gen: 46 best: 150.3 mean: 172.81492537313432
gen: 47 best: 150.3 mean: 172.2547263681592
gen >48, new best = 148.700
gen: 48 best: 148.7 mean: 172.70248756218905
gen: 49 best: 148.7 mean: 172.5721393034826
gen: 50 best: 148.7 mean: 172.7502487562189
gen: 51 best: 148.7 mean: 172.87064676616916
gen: 52 best: 148.7 mean: 172.88706467661692
gen: 53 best: 148.7 mean: 172.9278606965174
gen: 54 best: 148.7 mean: 173.4049751243781
gen: 55 best: 148.7 mean: 172.21990049751244
gen: 56 best: 148.7 mean: 173.12089552238805
gen: 57 best: 148.7 mean: 172.27412935323383
gen: 58 best: 148.7 mean: 172.07860696517412
gen: 59 best: 148.7 mean: 172.13930348258705
gen: 60 best: 148.7 mean: 172.42587064676616
gen: 61 best: 148.7 mean: 171.86666666666667
gen: 62 best: 148.7 mean: 171.9597014925373
gen: 63 best: 148.7 mean: 171.71940298507462
gen >64, new best = 148.400
gen: 64 best: 148.4 mean: 172.36616915422886
gen: 65 best: 148.4 mean: 171.94328358208955
gen: 66 best: 148.4 mean: 171.5776119402985
gen: 67 best: 148.4 mean: 171.52487562189054
gen: 68 best: 148.4 mean: 171.84925373134328
gen: 69 best: 148.4 mean: 171.918407960199
gen: 70 best: 148.4 mean: 171.43880597014925
gen: 71 best: 148.4 mean: 171.0870646766169
gen: 72 best: 148.4 mean: 172.76616915422886
gen: 73 best: 148.4 mean: 172.13233830845772
gen: 74 best: 148.4 mean: 171.5129353233831
gen >75, new best = 145.300
gen: 75 best: 145.3 mean: 171.39353233830846
gen: 76 best: 145.3 mean: 171.88457711442786
gen: 77 best: 145.3 mean: 171.43930348258706
gen: 78 best: 145.3 mean: 171.13880597014926
gen: 79 best: 145.3 mean: 171.94776119402985
gen: 80 best: 145.3 mean: 171.226368159204
gen: 81 best: 145.3 mean: 171.62935323383084
gen: 82 best: 145.3 mean: 171.24427860696517
gen: 83 best: 145.3 mean: 171.12686567164178
gen: 84 best: 145.3 mean: 170.97562189054727
gen: 85 best: 145.3 mean: 170.76169154228856
gen: 86 best: 145.3 mean: 170.60845771144278
gen: 87 best: 145.3 mean: 170.7681592039801
gen: 88 best: 145.3 mean: 171.55820895522388
gen: 89 best: 145.3 mean: 170.373631840796
gen: 90 best: 145.3 mean: 171.3412935323383
gen: 91 best: 145.3 mean: 171.15721393034826
gen: 92 best: 145.3 mean: 170.68507462686568
gen: 93 best: 145.3 mean: 170.84925373134328
gen: 94 best: 145.3 mean: 171.17611940298508
gen: 95 best: 145.3 mean: 170.76218905472638
gen: 96 best: 145.3 mean: 170.9716417910448
gen: 97 best: 145.3 mean: 170.45621890547264
gen: 98 best: 145.3 mean: 170.88507462686567
gen: 99 best: 145.3 mean: 170.59950248756218
[9, 9, 8, 8, 8, 10, 8, 8, 10, 9, 8, 9, 8, 8, 9, 8, 8, 8, 8, 8, 9, 7, 8, 9, 8, 8, 8, 9, 8, 8, 8, 9, 9, 10, 9, 9]
Test count of edges: 804
cat
