Defaulting to user installation because normal site-packages is not writeable
Looking in links: /cvmfs/soft.computecanada.ca/custom/python/wheelhouse/gentoo/avx2, /cvmfs/soft.computecanada.ca/custom/python/wheelhouse/gentoo/generic, /cvmfs/soft.computecanada.ca/custom/python/wheelhouse/generic
Requirement already satisfied: graphviz in /home/js17sy/.local/lib/python3.10/site-packages (0.20)
202; python ga.py 10 256N_graph10.dat 0.05 0.02 0.5 0.5 0.5 201 256N_graph10mediumgen1rem50_ 628342
/project/6008788/js17sy/reopenga/256a/ga.py:291: DeprecationWarning: Sampling from a set deprecated
since Python 3.9 and will be removed in a subsequent version.
  child1 = set(random.sample(
gen >0, new best = 169.100
gen >0, new best = 165.900
gen >0, new best = 163.900
gen >0, new best = 158.800
gen >0, new best = 156.000
gen >0, new best = 155.000
gen >0, new best = 153.600
gen >0, new best = 153.400
gen >0, new best = 144.200
gen: 0 best: 144.2 mean: 167.36965174129352
gen: 1 best: 144.2 mean: 167.7318407960199
gen: 2 best: 144.2 mean: 166.67064676616914
gen: 3 best: 144.2 mean: 167.05074626865672
gen: 4 best: 144.2 mean: 165.6865671641791
gen: 5 best: 144.2 mean: 163.80646766169156
gen >6, new best = 142.900
gen: 6 best: 142.9 mean: 163.40597014925373
gen: 7 best: 142.9 mean: 163.13233830845772
gen >8, new best = 139.700
gen: 8 best: 139.7 mean: 161.93930348258706
gen: 9 best: 139.7 mean: 160.48308457711443
gen: 10 best: 139.7 mean: 160.88756218905473
gen: 11 best: 139.7 mean: 161.7950248756219
gen: 12 best: 139.7 mean: 160.32139303482586
gen: 13 best: 139.7 mean: 160.27562189054726
gen >14, new best = 137.200
gen: 14 best: 137.2 mean: 159.62786069651742
gen: 15 best: 137.2 mean: 158.73731343283583
gen: 16 best: 137.2 mean: 159.1492537313433
gen: 17 best: 137.2 mean: 158.87860696517413
gen: 18 best: 137.2 mean: 158.7228855721393
gen >19, new best = 137.100
gen: 19 best: 137.1 mean: 158.30746268656716
gen >20, new best = 132.500
gen: 20 best: 132.5 mean: 158.48507462686567
gen: 21 best: 132.5 mean: 157.7721393034826
gen: 22 best: 132.5 mean: 157.08557213930348
gen: 23 best: 132.5 mean: 156.90796019900498
gen: 24 best: 132.5 mean: 156.82437810945274
gen: 25 best: 132.5 mean: 156.93482587064676
gen: 26 best: 132.5 mean: 155.72835820895523
gen: 27 best: 132.5 mean: 154.9547263681592
gen: 28 best: 132.5 mean: 154.99502487562188
gen: 29 best: 132.5 mean: 155.13084577114427
gen: 30 best: 132.5 mean: 154.99900497512436
gen: 31 best: 132.5 mean: 154.48457711442785
gen: 32 best: 132.5 mean: 154.20696517412935
gen: 33 best: 132.5 mean: 152.83084577114428
gen: 34 best: 132.5 mean: 154.44776119402985
gen: 35 best: 132.5 mean: 153.83333333333334
gen: 36 best: 132.5 mean: 153.7507462686567
gen: 37 best: 132.5 mean: 152.91741293532337
gen: 38 best: 132.5 mean: 154.07512437810945
gen: 39 best: 132.5 mean: 152.54079601990048
gen: 40 best: 132.5 mean: 151.62089552238805
gen: 41 best: 132.5 mean: 152.59452736318408
gen: 42 best: 132.5 mean: 152.01442786069651
gen: 43 best: 132.5 mean: 152.30796019900498
gen: 44 best: 132.5 mean: 151.19004975124378
gen >45, new best = 132.300
gen: 45 best: 132.3 mean: 151.51542288557215
gen: 46 best: 132.3 mean: 151.38059701492537
gen: 47 best: 132.3 mean: 151.21691542288556
gen >48, new best = 129.700
gen: 48 best: 129.7 mean: 151.23383084577114
gen: 49 best: 129.7 mean: 151.26716417910447
gen: 50 best: 129.7 mean: 150.91194029850746
gen: 51 best: 129.7 mean: 150.7995024875622
gen >52, new best = 129.500
gen >52, new best = 124.800
gen: 52 best: 124.8 mean: 150.59402985074627
gen: 53 best: 124.8 mean: 149.81990049751244
gen: 54 best: 124.8 mean: 150.73134328358208
gen: 55 best: 124.8 mean: 150.7094527363184
gen: 56 best: 124.8 mean: 150.07960199004975
gen: 57 best: 124.8 mean: 150.36616915422886
gen: 58 best: 124.8 mean: 150.83333333333334
gen: 59 best: 124.8 mean: 151.23432835820896
gen: 60 best: 124.8 mean: 149.4278606965174
gen: 61 best: 124.8 mean: 149.681592039801
gen: 62 best: 124.8 mean: 150.07960199004975
gen: 63 best: 124.8 mean: 149.61990049751245
gen: 64 best: 124.8 mean: 150.5636815920398
gen: 65 best: 124.8 mean: 150.0905472636816
gen: 66 best: 124.8 mean: 150.04278606965175
gen: 67 best: 124.8 mean: 150.53930348258706
gen: 68 best: 124.8 mean: 149.69552238805971
gen: 69 best: 124.8 mean: 148.57412935323384
gen: 70 best: 124.8 mean: 148.81094527363183
gen: 71 best: 124.8 mean: 150.40149253731343
gen: 72 best: 124.8 mean: 148.82587064676616
gen: 73 best: 124.8 mean: 149.0990049751244
gen: 74 best: 124.8 mean: 148.91343283582088
gen: 75 best: 124.8 mean: 148.41641791044776
gen: 76 best: 124.8 mean: 149.44427860696518
gen: 77 best: 124.8 mean: 148.9502487562189
gen: 78 best: 124.8 mean: 148.7233830845771
gen: 79 best: 124.8 mean: 148.30248756218904
gen: 80 best: 124.8 mean: 148.14975124378108
gen: 81 best: 124.8 mean: 148.4915422885572
gen: 82 best: 124.8 mean: 146.5497512437811
gen: 83 best: 124.8 mean: 148.79452736318407
gen: 84 best: 124.8 mean: 147.3900497512438
gen: 85 best: 124.8 mean: 148.11144278606966
gen: 86 best: 124.8 mean: 147.72388059701493
gen >87, new best = 119.600
gen: 87 best: 119.6 mean: 148.09004975124378
gen: 88 best: 119.6 mean: 146.43830845771146
gen: 89 best: 119.6 mean: 148.28855721393035
gen: 90 best: 119.6 mean: 146.71940298507462
gen: 91 best: 119.6 mean: 147.04179104477612
gen: 92 best: 119.6 mean: 146.74676616915423
gen: 93 best: 119.6 mean: 146.28805970149253
gen: 94 best: 119.6 mean: 145.74825870646765
gen: 95 best: 119.6 mean: 147.03383084577115
gen: 96 best: 119.6 mean: 145.68059701492538
gen: 97 best: 119.6 mean: 146.67064676616914
gen: 98 best: 119.6 mean: 147.5452736318408
gen: 99 best: 119.6 mean: 146.39203980099504
[11, 10, 10, 12, 11, 10, 10, 10, 10, 7, 9, 10, 9, 11, 10, 10, 8, 8, 7, 10, 11, 12, 10, 11, 9, 4]
Test count of edges: 808
cat
