Defaulting to user installation because normal site-packages is not writeable
Looking in links: /cvmfs/soft.computecanada.ca/custom/python/wheelhouse/gentoo/avx2, /cvmfs/soft.computecanada.ca/custom/python/wheelhouse/gentoo/generic, /cvmfs/soft.computecanada.ca/custom/python/wheelhouse/generic
Requirement already satisfied: graphviz in /home/js17sy/.local/lib/python3.10/site-packages (0.20)
582; python ga.py 10 256N_graph10.dat 0.1 0.04 0.5 0.7 0.3 201 256N_graph10leerygen2rem50_ 342732
/project/6008788/js17sy/reopenga/256a/ga.py:291: DeprecationWarning: Sampling from a set deprecated
since Python 3.9 and will be removed in a subsequent version.
  child1 = set(random.sample(
gen >0, new best = 195.100
gen >0, new best = 189.600
gen >0, new best = 183.600
gen >0, new best = 179.300
gen >0, new best = 169.000
gen: 0 best: 169.0 mean: 184.67039800995025
gen >1, new best = 167.200
gen: 1 best: 167.2 mean: 184.1034825870647
gen: 2 best: 167.2 mean: 183.48557213930349
gen >3, new best = 166.400
gen: 3 best: 166.4 mean: 182.96766169154228
gen >4, new best = 164.700
gen: 4 best: 164.7 mean: 182.39502487562189
gen: 5 best: 164.7 mean: 182.48208955223882
gen: 6 best: 164.7 mean: 181.95074626865673
gen: 7 best: 164.7 mean: 181.44477611940297
gen: 8 best: 164.7 mean: 180.84577114427861
gen >9, new best = 163.100
gen: 9 best: 163.1 mean: 180.5512437810945
gen: 10 best: 163.1 mean: 180.35621890547264
gen: 11 best: 163.1 mean: 179.99950248756218
gen: 12 best: 163.1 mean: 179.38706467661692
gen: 13 best: 163.1 mean: 178.4771144278607
gen >14, new best = 162.200
gen: 14 best: 162.2 mean: 178.37562189054725
gen: 15 best: 162.2 mean: 177.85124378109452
gen: 16 best: 162.2 mean: 178.51990049751245
gen: 17 best: 162.2 mean: 176.9716417910448
gen >18, new best = 155.900
gen: 18 best: 155.9 mean: 177.38009950248755
gen: 19 best: 155.9 mean: 177.09751243781093
gen: 20 best: 155.9 mean: 176.97412935323382
gen: 21 best: 155.9 mean: 177.13084577114427
gen: 22 best: 155.9 mean: 176.9044776119403
gen: 23 best: 155.9 mean: 176.21691542288556
gen: 24 best: 155.9 mean: 176.15970149253732
gen: 25 best: 155.9 mean: 175.9049751243781
gen: 26 best: 155.9 mean: 176.11592039800996
gen: 27 best: 155.9 mean: 174.92338308457713
gen: 28 best: 155.9 mean: 174.66616915422887
gen: 29 best: 155.9 mean: 174.79850746268656
gen: 30 best: 155.9 mean: 174.5960199004975
gen: 31 best: 155.9 mean: 174.40547263681592
gen: 32 best: 155.9 mean: 174.16666666666666
gen: 33 best: 155.9 mean: 173.43830845771143
gen: 34 best: 155.9 mean: 173.0084577114428
gen: 35 best: 155.9 mean: 173.5587064676617
gen >36, new best = 154.300
gen: 36 best: 154.3 mean: 172.86019900497513
gen: 37 best: 154.3 mean: 172.12139303482587
gen: 38 best: 154.3 mean: 172.00049751243782
gen: 39 best: 154.3 mean: 172.14626865671642
gen: 40 best: 154.3 mean: 171.2726368159204
gen >41, new best = 152.900
gen: 41 best: 152.9 mean: 171.2537313432836
gen: 42 best: 152.9 mean: 171.1034825870647
gen: 43 best: 152.9 mean: 170.96169154228855
gen: 44 best: 152.9 mean: 170.9139303482587
gen: 45 best: 152.9 mean: 170.3955223880597
gen >46, new best = 152.700
gen: 46 best: 152.7 mean: 169.81442786069653
gen: 47 best: 152.7 mean: 169.2318407960199
gen >48, new best = 146.000
gen: 48 best: 146.0 mean: 169.03034825870645
gen: 49 best: 146.0 mean: 169.23781094527362
gen: 50 best: 146.0 mean: 168.99601990049752
gen: 51 best: 146.0 mean: 169.23731343283583
gen: 52 best: 146.0 mean: 168.2582089552239
gen: 53 best: 146.0 mean: 168.8825870646766
gen: 54 best: 146.0 mean: 167.7407960199005
gen: 55 best: 146.0 mean: 167.6457711442786
gen: 56 best: 146.0 mean: 168.92935323383085
gen: 57 best: 146.0 mean: 168.31243781094528
gen: 58 best: 146.0 mean: 167.67810945273632
gen: 59 best: 146.0 mean: 167.77014925373135
gen: 60 best: 146.0 mean: 167.8407960199005
gen: 61 best: 146.0 mean: 167.44427860696518
gen: 62 best: 146.0 mean: 167.26567164179104
gen: 63 best: 146.0 mean: 166.99353233830846
gen >64, new best = 145.300
gen: 64 best: 145.3 mean: 167.43880597014925
gen: 65 best: 145.3 mean: 167.52238805970148
gen: 66 best: 145.3 mean: 167.10149253731345
gen: 67 best: 145.3 mean: 167.01592039800994
gen: 68 best: 145.3 mean: 167.536815920398
gen: 69 best: 145.3 mean: 166.62089552238805
gen: 70 best: 145.3 mean: 166.32835820895522
gen: 71 best: 145.3 mean: 166.89154228855722
gen: 72 best: 145.3 mean: 166.1492537313433
gen: 73 best: 145.3 mean: 166.3313432835821
gen: 74 best: 145.3 mean: 166.42388059701491
gen: 75 best: 145.3 mean: 165.53930348258706
gen: 76 best: 145.3 mean: 165.7492537313433
gen: 77 best: 145.3 mean: 165.87014925373134
gen: 78 best: 145.3 mean: 165.37512437810946
gen: 79 best: 145.3 mean: 165.32437810945274
gen >80, new best = 142.900
gen: 80 best: 142.9 mean: 165.0950248756219
gen: 81 best: 142.9 mean: 165.8810945273632
gen: 82 best: 142.9 mean: 165.88805970149252
gen: 83 best: 142.9 mean: 165.5044776119403
gen: 84 best: 142.9 mean: 165.88308457711443
gen: 85 best: 142.9 mean: 164.70646766169153
gen: 86 best: 142.9 mean: 165.41144278606964
gen: 87 best: 142.9 mean: 164.52487562189054
gen: 88 best: 142.9 mean: 164.58009950248757
gen: 89 best: 142.9 mean: 165.544776119403
gen: 90 best: 142.9 mean: 164.92388059701491
gen: 91 best: 142.9 mean: 165.05273631840797
gen: 92 best: 142.9 mean: 164.73482587064677
gen: 93 best: 142.9 mean: 165.1318407960199
gen: 94 best: 142.9 mean: 164.13980099502487
gen: 95 best: 142.9 mean: 163.82835820895522
gen: 96 best: 142.9 mean: 164.79850746268656
gen: 97 best: 142.9 mean: 164.6915422885572
gen: 98 best: 142.9 mean: 163.8681592039801
gen: 99 best: 142.9 mean: 164.18258706467662
[8, 9, 7, 8, 9, 8, 9, 9, 10, 9, 8, 9, 8, 15, 9, 9, 8, 8, 9, 8, 7, 8, 9, 8, 8, 8, 8, 8, 8, 8, 10, 8, 8, 8]
Test count of edges: 791
cat
