Defaulting to user installation because normal site-packages is not writeable
Looking in links: /cvmfs/soft.computecanada.ca/custom/python/wheelhouse/gentoo/avx2, /cvmfs/soft.computecanada.ca/custom/python/wheelhouse/gentoo/generic, /cvmfs/soft.computecanada.ca/custom/python/wheelhouse/generic
Requirement already satisfied: graphviz in /home/js17sy/.local/lib/python3.10/site-packages (0.20)
274; python ga.py 10 256N_graph10.dat 0.05 0.02 0.7 0.5 0.5 201 256N_graph10mediumgen1rem70_ 114244
/project/6008788/js17sy/reopenga/256a/ga.py:291: DeprecationWarning: Sampling from a set deprecated
since Python 3.9 and will be removed in a subsequent version.
  child1 = set(random.sample(
gen >0, new best = 153.500
gen >0, new best = 148.200
gen >0, new best = 134.800
gen >0, new best = 120.400
gen: 0 best: 120.4 mean: 175.61592039800996
gen: 1 best: 120.4 mean: 175.6004975124378
gen >2, new best = 117.900
gen: 2 best: 117.9 mean: 171.08905472636815
gen >3, new best = 109.200
gen: 3 best: 109.2 mean: 169.02636815920397
gen: 4 best: 109.2 mean: 167.59950248756218
gen: 5 best: 109.2 mean: 165.56915422885572
gen: 6 best: 109.2 mean: 163.78756218905474
gen: 7 best: 109.2 mean: 161.3587064676617
gen: 8 best: 109.2 mean: 161.43830845771143
gen: 9 best: 109.2 mean: 160.95621890547264
gen: 10 best: 109.2 mean: 159.3582089552239
gen: 11 best: 109.2 mean: 156.80447761194029
gen: 12 best: 109.2 mean: 155.60497512437811
gen: 13 best: 109.2 mean: 155.0313432835821
gen: 14 best: 109.2 mean: 155.57213930348257
gen: 15 best: 109.2 mean: 156.3039800995025
gen: 16 best: 109.2 mean: 155.22388059701493
gen: 17 best: 109.2 mean: 154.65522388059702
gen: 18 best: 109.2 mean: 153.75870646766168
gen: 19 best: 109.2 mean: 154.24029850746268
gen >20, new best = 103.700
gen: 20 best: 103.7 mean: 152.3228855721393
gen: 21 best: 103.7 mean: 151.32089552238807
gen: 22 best: 103.7 mean: 152.20845771144278
gen: 23 best: 103.7 mean: 151.9313432835821
gen: 24 best: 103.7 mean: 151.93482587064676
gen: 25 best: 103.7 mean: 150.73681592039802
gen: 26 best: 103.7 mean: 150.31492537313432
gen: 27 best: 103.7 mean: 148.36666666666667
gen: 28 best: 103.7 mean: 148.70199004975123
gen: 29 best: 103.7 mean: 147.36666666666667
gen: 30 best: 103.7 mean: 147.16666666666666
gen: 31 best: 103.7 mean: 146.0547263681592
gen: 32 best: 103.7 mean: 146.6402985074627
gen: 33 best: 103.7 mean: 144.6099502487562
gen: 34 best: 103.7 mean: 146.8223880597015
gen: 35 best: 103.7 mean: 145.02089552238806
gen: 36 best: 103.7 mean: 145.71691542288556
gen: 37 best: 103.7 mean: 145.24228855721393
gen: 38 best: 103.7 mean: 145.5990049751244
gen: 39 best: 103.7 mean: 145.74726368159205
gen: 40 best: 103.7 mean: 145.84029850746268
gen: 41 best: 103.7 mean: 145.84029850746268
gen: 42 best: 103.7 mean: 143.49900497512436
gen: 43 best: 103.7 mean: 146.2537313432836
gen: 44 best: 103.7 mean: 142.91044776119404
gen: 45 best: 103.7 mean: 145.28855721393035
gen: 46 best: 103.7 mean: 144.50248756218906
gen: 47 best: 103.7 mean: 144.42935323383085
gen: 48 best: 103.7 mean: 144.273631840796
gen: 49 best: 103.7 mean: 142.0094527363184
gen: 50 best: 103.7 mean: 144.38855721393034
gen: 51 best: 103.7 mean: 144.463184079602
gen >52, new best = 101.300
gen: 52 best: 101.3 mean: 140.88059701492537
gen: 53 best: 101.3 mean: 142.24676616915423
gen: 54 best: 101.3 mean: 142.5139303482587
gen >55, new best = 100.100
gen: 55 best: 100.1 mean: 142.77512437810944
gen: 56 best: 100.1 mean: 141.4318407960199
gen: 57 best: 100.1 mean: 143.355223880597
gen: 58 best: 100.1 mean: 141.38009950248755
gen: 59 best: 100.1 mean: 141.8134328358209
gen: 60 best: 100.1 mean: 142.4945273631841
gen: 61 best: 100.1 mean: 142.8825870646766
gen: 62 best: 100.1 mean: 140.58656716417912
gen: 63 best: 100.1 mean: 139.48208955223882
gen: 64 best: 100.1 mean: 140.66567164179105
gen: 65 best: 100.1 mean: 141.33781094527365
gen: 66 best: 100.1 mean: 140.5318407960199
gen: 67 best: 100.1 mean: 142.51194029850745
gen: 68 best: 100.1 mean: 139.60248756218905
gen: 69 best: 100.1 mean: 139.063184079602
gen: 70 best: 100.1 mean: 140.86716417910446
gen: 71 best: 100.1 mean: 139.0134328358209
gen: 72 best: 100.1 mean: 141.16169154228857
gen: 73 best: 100.1 mean: 139.86318407960198
gen: 74 best: 100.1 mean: 139.12686567164178
gen >75, new best = 97.300
gen: 75 best: 97.3 mean: 138.15621890547263
gen: 76 best: 97.3 mean: 139.7910447761194
gen: 77 best: 97.3 mean: 139.8592039800995
gen: 78 best: 97.3 mean: 138.3398009950249
gen: 79 best: 97.3 mean: 141.17412935323384
gen: 80 best: 97.3 mean: 139.34029850746268
gen: 81 best: 97.3 mean: 138.64875621890548
gen: 82 best: 97.3 mean: 138.77910447761195
gen: 83 best: 97.3 mean: 139.53034825870645
gen: 84 best: 97.3 mean: 138.47611940298506
gen: 85 best: 97.3 mean: 139.11293532338308
gen: 86 best: 97.3 mean: 138.31542288557213
gen: 87 best: 97.3 mean: 137.26616915422886
gen: 88 best: 97.3 mean: 139.2452736318408
gen: 89 best: 97.3 mean: 137.12039800995024
gen: 90 best: 97.3 mean: 138.04626865671642
gen: 91 best: 97.3 mean: 138.76567164179104
gen: 92 best: 97.3 mean: 138.18805970149253
gen: 93 best: 97.3 mean: 137.8084577114428
gen: 94 best: 97.3 mean: 137.97064676616915
gen: 95 best: 97.3 mean: 137.35273631840795
gen: 96 best: 97.3 mean: 138.26169154228856
gen: 97 best: 97.3 mean: 137.94427860696518
gen: 98 best: 97.3 mean: 138.27014925373135
gen: 99 best: 97.3 mean: 135.818407960199
[9, 10, 10, 10, 9, 9, 5, 11, 9, 10, 5, 10, 4, 7, 10, 10, 9, 10, 9, 8, 10, 9, 5, 9, 6, 9, 10, 9, 9, 9, 5, 9, 9, 10, 9]
Test count of edges: 497
cat
