Defaulting to user installation because normal site-packages is not writeable
Looking in links: /cvmfs/soft.computecanada.ca/custom/python/wheelhouse/gentoo/avx2, /cvmfs/soft.computecanada.ca/custom/python/wheelhouse/gentoo/generic, /cvmfs/soft.computecanada.ca/custom/python/wheelhouse/generic
Requirement already satisfied: graphviz in /home/js17sy/.local/lib/python3.10/site-packages (0.20)
16; python ga.py 10 256N_graph10.dat 0.025 0.01 0.5 0.5 0.5 201 256N_graph10strictgen1rem50_ 456976
/project/6008788/js17sy/reopenga/256a/ga.py:291: DeprecationWarning: Sampling from a set deprecated
since Python 3.9 and will be removed in a subsequent version.
  child1 = set(random.sample(
gen >0, new best = 161.100
gen >0, new best = 148.500
gen >0, new best = 147.500
gen >0, new best = 140.600
gen >0, new best = 125.500
gen: 0 best: 125.5 mean: 153.89676616915423
gen >1, new best = 122.600
gen >1, new best = 112.100
gen: 1 best: 112.1 mean: 151.96965174129355
gen: 2 best: 112.1 mean: 152.98756218905473
gen: 3 best: 112.1 mean: 153.4641791044776
gen: 4 best: 112.1 mean: 151.85572139303483
gen: 5 best: 112.1 mean: 151.10746268656717
gen: 6 best: 112.1 mean: 151.81094527363183
gen: 7 best: 112.1 mean: 152.44427860696518
gen: 8 best: 112.1 mean: 150.05373134328357
gen: 9 best: 112.1 mean: 151.48407960199006
gen >10, new best = 111.100
gen >10, new best = 104.800
gen: 10 best: 104.8 mean: 149.2462686567164
gen: 11 best: 104.8 mean: 150.5721393034826
gen: 12 best: 104.8 mean: 150.3313432835821
gen: 13 best: 104.8 mean: 152.42338308457713
gen: 14 best: 104.8 mean: 152.14378109452736
gen >15, new best = 102.700
gen: 15 best: 102.7 mean: 149.72587064676617
gen: 16 best: 102.7 mean: 148.9671641791045
gen: 17 best: 102.7 mean: 148.12039800995024
gen: 18 best: 102.7 mean: 148.63333333333333
gen: 19 best: 102.7 mean: 147.19701492537314
gen >20, new best = 100.200
gen: 20 best: 100.2 mean: 148.00646766169154
gen >21, new best = 88.300
gen: 21 best: 88.3 mean: 146.7502487562189
gen: 22 best: 88.3 mean: 147.081592039801
gen: 23 best: 88.3 mean: 145.707960199005
gen: 24 best: 88.3 mean: 146.65970149253732
gen: 25 best: 88.3 mean: 144.89353233830846
gen: 26 best: 88.3 mean: 143.87014925373134
gen >27, new best = 78.100
gen: 27 best: 78.1 mean: 145.56567164179106
gen: 28 best: 78.1 mean: 144.95174129353234
gen >29, new best = 77.700
gen: 29 best: 77.7 mean: 143.54328358208954
gen: 30 best: 77.7 mean: 144.35721393034825
gen: 31 best: 77.7 mean: 142.2636815920398
gen: 32 best: 77.7 mean: 144.76019900497514
gen: 33 best: 77.7 mean: 141.44378109452737
gen: 34 best: 77.7 mean: 141.9726368159204
gen: 35 best: 77.7 mean: 140.8587064676617
gen >36, new best = 62.900
gen: 36 best: 62.9 mean: 139.8462686567164
gen: 37 best: 62.9 mean: 141.51990049751242
gen: 38 best: 62.9 mean: 141.48557213930349
gen: 39 best: 62.9 mean: 140.18955223880596
gen: 40 best: 62.9 mean: 141.13781094527363
gen: 41 best: 62.9 mean: 140.65621890547263
gen: 42 best: 62.9 mean: 140.09651741293533
gen: 43 best: 62.9 mean: 142.76268656716417
gen: 44 best: 62.9 mean: 138.78756218905474
gen: 45 best: 62.9 mean: 137.73432835820896
gen: 46 best: 62.9 mean: 138.44278606965173
gen: 47 best: 62.9 mean: 134.55572139303482
gen: 48 best: 62.9 mean: 137.67064676616914
gen: 49 best: 62.9 mean: 139.82189054726368
gen: 50 best: 62.9 mean: 137.71293532338308
gen: 51 best: 62.9 mean: 138.55124378109454
gen: 52 best: 62.9 mean: 134.5870646766169
gen >53, new best = 60.700
gen: 53 best: 60.7 mean: 133.31144278606965
gen: 54 best: 60.7 mean: 135.57860696517412
gen: 55 best: 60.7 mean: 135.54676616915424
gen: 56 best: 60.7 mean: 133.52089552238806
gen: 57 best: 60.7 mean: 131.0960199004975
gen >58, new best = 59.500
gen: 58 best: 59.5 mean: 128.5218905472637
gen: 59 best: 59.5 mean: 128.85771144278607
gen >60, new best = 58.300
gen: 60 best: 58.3 mean: 124.61542288557214
gen >61, new best = 55.700
gen: 61 best: 55.7 mean: 121.6592039800995
gen >62, new best = 43.000
gen: 62 best: 43.0 mean: 124.4771144278607
gen: 63 best: 43.0 mean: 123.68706467661691
gen: 64 best: 43.0 mean: 122.50099502487562
gen: 65 best: 43.0 mean: 124.38159203980099
gen: 66 best: 43.0 mean: 115.7592039800995
gen: 67 best: 43.0 mean: 118.1681592039801
gen: 68 best: 43.0 mean: 117.08258706467662
gen: 69 best: 43.0 mean: 121.2910447761194
gen: 70 best: 43.0 mean: 117.87562189054727
gen: 71 best: 43.0 mean: 118.93781094527363
gen >72, new best = 40.800
gen: 72 best: 40.8 mean: 118.56119402985074
gen: 73 best: 40.8 mean: 116.70696517412935
gen: 74 best: 40.8 mean: 119.5865671641791
gen: 75 best: 40.8 mean: 118.2273631840796
gen: 76 best: 40.8 mean: 117.3497512437811
gen: 77 best: 40.8 mean: 114.03432835820895
gen: 78 best: 40.8 mean: 114.05721393034825
gen: 79 best: 40.8 mean: 116.0228855721393
gen: 80 best: 40.8 mean: 114.74527363184079
gen: 81 best: 40.8 mean: 116.40995024875622
gen: 82 best: 40.8 mean: 115.61492537313433
gen >83, new best = 37.000
gen: 83 best: 37.0 mean: 111.5452736318408
gen: 84 best: 37.0 mean: 112.08507462686568
gen: 85 best: 37.0 mean: 112.35870646766169
gen >86, new best = 34.000
gen >86, new best = 33.000
gen: 86 best: 33.0 mean: 106.91293532338308
gen: 87 best: 33.0 mean: 105.5049751243781
gen: 88 best: 33.0 mean: 107.65621890547264
gen: 89 best: 33.0 mean: 105.23432835820896
gen: 90 best: 33.0 mean: 104.57960199004975
gen: 91 best: 33.0 mean: 106.06119402985075
gen: 92 best: 33.0 mean: 106.98358208955224
gen: 93 best: 33.0 mean: 107.67313432835822
gen: 94 best: 33.0 mean: 104.79004975124379
gen: 95 best: 33.0 mean: 104.481592039801
gen >96, new best = 31.900
gen: 96 best: 31.9 mean: 103.95771144278606
gen: 97 best: 31.9 mean: 104.6134328358209
gen: 98 best: 31.9 mean: 102.65671641791045
gen: 99 best: 31.9 mean: 103.02587064676617
[16, 6, 6, 12, 6, 6, 6, 7, 6, 13, 5, 14, 5, 6, 8, 5, 6, 6, 5, 5, 5]
Test count of edges: 808
cat
