Defaulting to user installation because normal site-packages is not writeable
Looking in links: /cvmfs/soft.computecanada.ca/custom/python/wheelhouse/gentoo/avx2, /cvmfs/soft.computecanada.ca/custom/python/wheelhouse/gentoo/generic, /cvmfs/soft.computecanada.ca/custom/python/wheelhouse/generic
Requirement already satisfied: graphviz in /home/js17sy/.local/lib/python3.10/site-packages (0.20)
192; python ga.py 10 256N_graph10.dat 0.05 0.02 0.5 0.5 0.5 201 256N_graph10mediumgen1rem50_ 342732
/project/6008788/js17sy/reopenga/256a/ga.py:291: DeprecationWarning: Sampling from a set deprecated
since Python 3.9 and will be removed in a subsequent version.
  child1 = set(random.sample(
gen >0, new best = 174.600
gen >0, new best = 167.200
gen >0, new best = 164.000
gen >0, new best = 156.600
gen >0, new best = 154.300
gen >0, new best = 148.900
gen: 0 best: 148.9 mean: 167.626368159204
gen >1, new best = 143.300
gen: 1 best: 143.3 mean: 167.2726368159204
gen: 2 best: 143.3 mean: 167.26069651741292
gen: 3 best: 143.3 mean: 166.84328358208955
gen: 4 best: 143.3 mean: 166.36019900497513
gen: 5 best: 143.3 mean: 165.40049751243782
gen: 6 best: 143.3 mean: 164.54875621890548
gen: 7 best: 143.3 mean: 163.74029850746268
gen >8, new best = 141.200
gen: 8 best: 141.2 mean: 163.7676616915423
gen: 9 best: 141.2 mean: 163.22089552238805
gen: 10 best: 141.2 mean: 163.4686567164179
gen: 11 best: 141.2 mean: 161.96517412935324
gen: 12 best: 141.2 mean: 162.0218905472637
gen: 13 best: 141.2 mean: 161.1820895522388
gen >14, new best = 138.400
gen: 14 best: 138.4 mean: 160.34875621890546
gen: 15 best: 138.4 mean: 160.57164179104478
gen: 16 best: 138.4 mean: 160.48557213930349
gen >17, new best = 137.700
gen: 17 best: 137.7 mean: 159.97611940298506
gen: 18 best: 137.7 mean: 159.1318407960199
gen: 19 best: 137.7 mean: 158.88457711442786
gen >20, new best = 137.200
gen: 20 best: 137.2 mean: 158.34776119402986
gen: 21 best: 137.2 mean: 158.07910447761193
gen: 22 best: 137.2 mean: 158.68009950248756
gen >23, new best = 136.900
gen >23, new best = 130.700
gen: 23 best: 130.7 mean: 156.80696517412935
gen: 24 best: 130.7 mean: 156.05522388059703
gen: 25 best: 130.7 mean: 155.61990049751245
gen: 26 best: 130.7 mean: 154.873631840796
gen: 27 best: 130.7 mean: 155.644776119403
gen: 28 best: 130.7 mean: 155.126368159204
gen: 29 best: 130.7 mean: 155.52437810945273
gen: 30 best: 130.7 mean: 154.7547263681592
gen: 31 best: 130.7 mean: 155.68905472636817
gen: 32 best: 130.7 mean: 155.5597014925373
gen: 33 best: 130.7 mean: 153.9487562189055
gen: 34 best: 130.7 mean: 154.92587064676616
gen: 35 best: 130.7 mean: 154.26666666666668
gen: 36 best: 130.7 mean: 155.03333333333333
gen: 37 best: 130.7 mean: 154.6233830845771
gen: 38 best: 130.7 mean: 154.33383084577113
gen: 39 best: 130.7 mean: 153.9457711442786
gen: 40 best: 130.7 mean: 154.2044776119403
gen: 41 best: 130.7 mean: 153.65721393034826
gen: 42 best: 130.7 mean: 153.85671641791046
gen: 43 best: 130.7 mean: 154.80746268656716
gen: 44 best: 130.7 mean: 153.5174129353234
gen: 45 best: 130.7 mean: 153.86517412935322
gen >46, new best = 129.300
gen: 46 best: 129.3 mean: 153.12935323383084
gen: 47 best: 129.3 mean: 154.55771144278606
gen: 48 best: 129.3 mean: 153.5
gen: 49 best: 129.3 mean: 154.19850746268656
gen: 50 best: 129.3 mean: 153.42189054726367
gen: 51 best: 129.3 mean: 154.02039800995024
gen: 52 best: 129.3 mean: 154.2228855721393
gen: 53 best: 129.3 mean: 154.28009950248756
gen >54, new best = 128.200
gen: 54 best: 128.2 mean: 152.26616915422886
gen: 55 best: 128.2 mean: 153.26616915422886
gen: 56 best: 128.2 mean: 153.09004975124378
gen: 57 best: 128.2 mean: 151.726368159204
gen: 58 best: 128.2 mean: 152.6407960199005
gen: 59 best: 128.2 mean: 151.85273631840795
gen: 60 best: 128.2 mean: 153.43980099502488
gen: 61 best: 128.2 mean: 151.67611940298508
gen: 62 best: 128.2 mean: 151.54626865671642
gen >63, new best = 124.200
gen: 63 best: 124.2 mean: 152.1960199004975
gen: 64 best: 124.2 mean: 151.21144278606965
gen: 65 best: 124.2 mean: 152.00149253731342
gen: 66 best: 124.2 mean: 151.19253731343284
gen: 67 best: 124.2 mean: 151.86865671641792
gen: 68 best: 124.2 mean: 151.83333333333334
gen: 69 best: 124.2 mean: 150.68756218905472
gen: 70 best: 124.2 mean: 151.21691542288556
gen: 71 best: 124.2 mean: 151.28756218905474
gen: 72 best: 124.2 mean: 151.10547263681593
gen: 73 best: 124.2 mean: 151.3233830845771
gen: 74 best: 124.2 mean: 150.05223880597015
gen: 75 best: 124.2 mean: 150.42935323383085
gen: 76 best: 124.2 mean: 150.71144278606965
gen: 77 best: 124.2 mean: 150.2507462686567
gen: 78 best: 124.2 mean: 150.09353233830845
gen: 79 best: 124.2 mean: 151.0054726368159
gen: 80 best: 124.2 mean: 149.9547263681592
gen: 81 best: 124.2 mean: 150.73731343283583
gen: 82 best: 124.2 mean: 151.40646766169155
gen: 83 best: 124.2 mean: 150.3169154228856
gen: 84 best: 124.2 mean: 150.24825870646765
gen: 85 best: 124.2 mean: 149.581592039801
gen: 86 best: 124.2 mean: 149.31492537313432
gen: 87 best: 124.2 mean: 148.9731343283582
gen: 88 best: 124.2 mean: 150.08009950248757
gen: 89 best: 124.2 mean: 149.67164179104478
gen: 90 best: 124.2 mean: 150.12686567164178
gen: 91 best: 124.2 mean: 149.707960199005
gen: 92 best: 124.2 mean: 150.00746268656715
gen: 93 best: 124.2 mean: 149.58407960199006
gen: 94 best: 124.2 mean: 149.7323383084577
gen: 95 best: 124.2 mean: 149.71990049751244
gen: 96 best: 124.2 mean: 149.67960199004975
gen: 97 best: 124.2 mean: 148.82935323383086
gen: 98 best: 124.2 mean: 149.28905472636816
gen: 99 best: 124.2 mean: 149.06965174129354
[10, 8, 8, 10, 9, 10, 12, 10, 11, 10, 10, 10, 13, 10, 11, 9, 12, 11, 10, 9, 11, 10, 10, 11, 11, 10, 10, 11, 10]
Test count of edges: 794
cat
