Defaulting to user installation because normal site-packages is not writeable
Looking in links: /cvmfs/soft.computecanada.ca/custom/python/wheelhouse/gentoo/avx2, /cvmfs/soft.computecanada.ca/custom/python/wheelhouse/gentoo/generic, /cvmfs/soft.computecanada.ca/custom/python/wheelhouse/generic
Requirement already satisfied: graphviz in /home/js17sy/.local/lib/python3.10/site-packages (0.20)
368; python ga.py 10 256N_graph10.dat 0.075 0.03 0.5 0.5 0.5 201 256N_graph10laxgen1rem50_ 228488
/project/6008788/js17sy/reopenga/256a/ga.py:291: DeprecationWarning: Sampling from a set deprecated
since Python 3.9 and will be removed in a subsequent version.
  child1 = set(random.sample(
gen >0, new best = 186.300
gen >0, new best = 177.200
gen >0, new best = 176.800
gen >0, new best = 168.700
gen >0, new best = 166.600
gen >0, new best = 161.600
gen >0, new best = 161.100
gen: 0 best: 161.1 mean: 175.50721393034826
gen >1, new best = 160.600
gen >1, new best = 158.000
gen: 1 best: 158.0 mean: 175.0915422885572
gen >2, new best = 155.600
gen: 2 best: 155.6 mean: 174.05621890547263
gen: 3 best: 155.6 mean: 173.52238805970148
gen: 4 best: 155.6 mean: 172.60199004975124
gen: 5 best: 155.6 mean: 172.6537313432836
gen >6, new best = 149.600
gen: 6 best: 149.6 mean: 172.181592039801
gen: 7 best: 149.6 mean: 170.96965174129355
gen: 8 best: 149.6 mean: 171.4547263681592
gen: 9 best: 149.6 mean: 170.88955223880598
gen: 10 best: 149.6 mean: 171.20746268656717
gen: 11 best: 149.6 mean: 170.30298507462686
gen: 12 best: 149.6 mean: 170.58507462686566
gen: 13 best: 149.6 mean: 169.1412935323383
gen: 14 best: 149.6 mean: 169.80298507462686
gen: 15 best: 149.6 mean: 169.7547263681592
gen >16, new best = 148.400
gen: 16 best: 148.4 mean: 168.6771144278607
gen >17, new best = 148.200
gen: 17 best: 148.2 mean: 168.55373134328357
gen: 18 best: 148.2 mean: 168.5
gen >19, new best = 146.300
gen: 19 best: 146.3 mean: 167.60398009950248
gen: 20 best: 146.3 mean: 166.17562189054726
gen: 21 best: 146.3 mean: 166.95721393034825
gen: 22 best: 146.3 mean: 166.21442786069653
gen >23, new best = 146.100
gen: 23 best: 146.1 mean: 166.64278606965175
gen: 24 best: 146.1 mean: 165.47412935323382
gen: 25 best: 146.1 mean: 165.4
gen: 26 best: 146.1 mean: 165.38059701492537
gen: 27 best: 146.1 mean: 164.84378109452737
gen >28, new best = 144.700
gen: 28 best: 144.7 mean: 164.52885572139303
gen: 29 best: 144.7 mean: 164.61940298507463
gen: 30 best: 144.7 mean: 163.7353233830846
gen: 31 best: 144.7 mean: 163.91641791044776
gen: 32 best: 144.7 mean: 163.29751243781095
gen: 33 best: 144.7 mean: 164.08407960199006
gen: 34 best: 144.7 mean: 162.43880597014925
gen: 35 best: 144.7 mean: 162.32885572139304
gen: 36 best: 144.7 mean: 162.91641791044776
gen: 37 best: 144.7 mean: 162.2407960199005
gen: 38 best: 144.7 mean: 162.2636815920398
gen: 39 best: 144.7 mean: 161.88009950248755
gen: 40 best: 144.7 mean: 161.93383084577115
gen: 41 best: 144.7 mean: 161.7865671641791
gen: 42 best: 144.7 mean: 161.27462686567165
gen >43, new best = 139.000
gen: 43 best: 139.0 mean: 160.4865671641791
gen: 44 best: 139.0 mean: 160.98557213930349
gen: 45 best: 139.0 mean: 161.38756218905473
gen: 46 best: 139.0 mean: 160.24427860696517
gen: 47 best: 139.0 mean: 161.04726368159203
gen: 48 best: 139.0 mean: 161.13034825870648
gen: 49 best: 139.0 mean: 160.81641791044777
gen: 50 best: 139.0 mean: 160.68358208955223
gen: 51 best: 139.0 mean: 160.36119402985074
gen: 52 best: 139.0 mean: 160.84328358208955
gen: 53 best: 139.0 mean: 160.08358208955224
gen: 54 best: 139.0 mean: 159.31592039800995
gen: 55 best: 139.0 mean: 160.2582089552239
gen: 56 best: 139.0 mean: 159.69701492537314
gen: 57 best: 139.0 mean: 159.45820895522388
gen: 58 best: 139.0 mean: 159.49800995024876
gen: 59 best: 139.0 mean: 159.01194029850745
gen: 60 best: 139.0 mean: 158.99502487562188
gen: 61 best: 139.0 mean: 159.08756218905472
gen: 62 best: 139.0 mean: 159.60497512437811
gen: 63 best: 139.0 mean: 159.56666666666666
gen: 64 best: 139.0 mean: 159.17810945273632
gen: 65 best: 139.0 mean: 158.81194029850747
gen: 66 best: 139.0 mean: 158.74726368159205
gen: 67 best: 139.0 mean: 159.40597014925373
gen: 68 best: 139.0 mean: 159.0870646766169
gen: 69 best: 139.0 mean: 158.9452736318408
gen: 70 best: 139.0 mean: 158.86865671641792
gen: 71 best: 139.0 mean: 158.24378109452735
gen: 72 best: 139.0 mean: 159.29004975124377
gen: 73 best: 139.0 mean: 158.5
gen: 74 best: 139.0 mean: 158.49651741293533
gen: 75 best: 139.0 mean: 157.7855721393035
gen: 76 best: 139.0 mean: 158.02089552238806
gen: 77 best: 139.0 mean: 157.9194029850746
gen: 78 best: 139.0 mean: 158.32487562189056
gen: 79 best: 139.0 mean: 157.873631840796
gen: 80 best: 139.0 mean: 157.69203980099502
gen: 81 best: 139.0 mean: 157.40248756218907
gen: 82 best: 139.0 mean: 157.36965174129352
gen: 83 best: 139.0 mean: 157.28009950248756
gen: 84 best: 139.0 mean: 156.64278606965175
gen: 85 best: 139.0 mean: 156.97213930348258
gen: 86 best: 139.0 mean: 156.4452736318408
gen: 87 best: 139.0 mean: 157.29353233830847
gen: 88 best: 139.0 mean: 156.2820895522388
gen: 89 best: 139.0 mean: 156.33084577114428
gen: 90 best: 139.0 mean: 156.84626865671643
gen: 91 best: 139.0 mean: 155.818407960199
gen: 92 best: 139.0 mean: 156.75522388059701
gen: 93 best: 139.0 mean: 156.01144278606967
gen: 94 best: 139.0 mean: 156.5139303482587
gen: 95 best: 139.0 mean: 156.31293532338307
gen: 96 best: 139.0 mean: 156.78059701492538
gen: 97 best: 139.0 mean: 155.68009950248756
gen: 98 best: 139.0 mean: 155.10646766169154
gen: 99 best: 139.0 mean: 156.26069651741292
[9, 10, 9, 4, 10, 11, 10, 8, 11, 5, 10, 10, 10, 11, 9, 10, 10, 11, 11, 9, 10, 11, 9, 11]
Test count of edges: 791
cat
