Defaulting to user installation because normal site-packages is not writeable
Looking in links: /cvmfs/soft.computecanada.ca/custom/python/wheelhouse/gentoo/avx2, /cvmfs/soft.computecanada.ca/custom/python/wheelhouse/gentoo/generic, /cvmfs/soft.computecanada.ca/custom/python/wheelhouse/generic
Requirement already satisfied: graphviz in /home/js17sy/.local/lib/python3.10/site-packages (0.20)
129; python ga.py 10 256N_graph10.dat 0.025 0.01 0.7 0.7 0.3 201 256N_graph10strictgen2rem70_ 257049
/project/6008788/js17sy/reopenga/256a/ga.py:291: DeprecationWarning: Sampling from a set deprecated
since Python 3.9 and will be removed in a subsequent version.
  child1 = set(random.sample(
gen >0, new best = 171.800
gen >0, new best = 144.100
gen >0, new best = 115.400
gen >0, new best = 106.500
gen >0, new best = 85.900
gen >0, new best = 78.700
gen >0, new best = 76.700
gen: 0 best: 76.7 mean: 138.84452736318408
gen >1, new best = 75.900
gen >1, new best = 73.100
gen: 1 best: 73.1 mean: 137.0776119402985
gen >2, new best = 62.800
gen: 2 best: 62.8 mean: 139.94328358208955
gen: 3 best: 62.8 mean: 133.68756218905472
gen: 4 best: 62.8 mean: 134.5054726368159
gen: 5 best: 62.8 mean: 132.01243781094527
gen: 6 best: 62.8 mean: 130.00796019900497
gen >7, new best = 59.900
gen: 7 best: 59.9 mean: 133.773631840796
gen: 8 best: 59.9 mean: 132.16417910447763
gen: 9 best: 59.9 mean: 127.75621890547264
gen: 10 best: 59.9 mean: 129.273631840796
gen: 11 best: 59.9 mean: 130.1044776119403
gen: 12 best: 59.9 mean: 131.63482587064678
gen: 13 best: 59.9 mean: 125.6542288557214
gen >14, new best = 55.900
gen: 14 best: 55.9 mean: 126.24726368159205
gen: 15 best: 55.9 mean: 127.21741293532338
gen: 16 best: 55.9 mean: 124.33880597014925
gen: 17 best: 55.9 mean: 127.29900497512438
gen: 18 best: 55.9 mean: 126.43482587064676
gen >19, new best = 41.000
gen: 19 best: 41.0 mean: 125.97860696517412
gen: 20 best: 41.0 mean: 124.8179104477612
gen: 21 best: 41.0 mean: 123.7228855721393
gen: 22 best: 41.0 mean: 122.1134328358209
gen: 23 best: 41.0 mean: 120.6363184079602
gen: 24 best: 41.0 mean: 121.9044776119403
gen: 25 best: 41.0 mean: 119.83134328358209
gen: 26 best: 41.0 mean: 118.64825870646766
gen: 27 best: 41.0 mean: 118.42338308457711
gen: 28 best: 41.0 mean: 121.73880597014926
gen: 29 best: 41.0 mean: 117.10547263681592
gen: 30 best: 41.0 mean: 116.59154228855722
gen: 31 best: 41.0 mean: 119.01293532338309
gen: 32 best: 41.0 mean: 114.69900497512438
gen: 33 best: 41.0 mean: 114.9407960199005
gen: 34 best: 41.0 mean: 114.5407960199005
gen: 35 best: 41.0 mean: 117.55671641791045
gen: 36 best: 41.0 mean: 114.38557213930348
gen: 37 best: 41.0 mean: 112.85273631840796
gen: 38 best: 41.0 mean: 112.59701492537313
gen: 39 best: 41.0 mean: 110.18407960199005
gen >40, new best = 36.900
gen: 40 best: 36.9 mean: 112.71044776119403
gen >41, new best = 31.500
gen: 41 best: 31.5 mean: 109.96716417910447
gen: 42 best: 31.5 mean: 108.0
gen: 43 best: 31.5 mean: 105.15572139303482
gen: 44 best: 31.5 mean: 103.8502487562189
gen: 45 best: 31.5 mean: 105.48855721393035
gen: 46 best: 31.5 mean: 100.33333333333333
gen >47, new best = 29.900
gen: 47 best: 29.9 mean: 106.11592039800995
gen: 48 best: 29.9 mean: 99.29900497512438
gen: 49 best: 29.9 mean: 102.82935323383084
gen: 50 best: 29.9 mean: 100.73283582089552
gen: 51 best: 29.9 mean: 102.68258706467661
gen: 52 best: 29.9 mean: 99.21094527363184
gen: 53 best: 29.9 mean: 96.99751243781094
gen: 54 best: 29.9 mean: 98.94477611940299
gen: 55 best: 29.9 mean: 97.8681592039801
gen: 56 best: 29.9 mean: 100.37810945273633
gen: 57 best: 29.9 mean: 101.38009950248757
gen: 58 best: 29.9 mean: 98.11890547263681
gen: 59 best: 29.9 mean: 97.01592039800995
gen: 60 best: 29.9 mean: 97.54278606965174
gen >61, new best = 29.300
gen >61, new best = 26.600
gen: 61 best: 26.6 mean: 91.02537313432836
gen: 62 best: 26.6 mean: 93.19850746268656
gen: 63 best: 26.6 mean: 94.71691542288558
gen: 64 best: 26.6 mean: 88.94427860696517
gen: 65 best: 26.6 mean: 90.57064676616915
gen: 66 best: 26.6 mean: 90.52935323383085
gen: 67 best: 26.6 mean: 92.6139303482587
gen: 68 best: 26.6 mean: 89.18557213930349
gen: 69 best: 26.6 mean: 90.06766169154228
gen: 70 best: 26.6 mean: 91.55621890547263
gen: 71 best: 26.6 mean: 89.10547263681592
gen: 72 best: 26.6 mean: 87.6502487562189
gen: 73 best: 26.6 mean: 86.19303482587064
gen: 74 best: 26.6 mean: 91.47810945273632
gen: 75 best: 26.6 mean: 87.92537313432835
gen: 76 best: 26.6 mean: 85.60746268656716
gen: 77 best: 26.6 mean: 89.83681592039801
gen: 78 best: 26.6 mean: 86.6089552238806
gen: 79 best: 26.6 mean: 87.66716417910447
gen: 80 best: 26.6 mean: 89.33233830845771
gen: 81 best: 26.6 mean: 88.2179104477612
gen: 82 best: 26.6 mean: 84.85820895522389
gen: 83 best: 26.6 mean: 83.37562189054727
gen: 84 best: 26.6 mean: 88.22885572139303
gen: 85 best: 26.6 mean: 83.52686567164179
gen: 86 best: 26.6 mean: 87.30099502487562
gen: 87 best: 26.6 mean: 87.96766169154229
gen: 88 best: 26.6 mean: 83.64477611940299
gen: 89 best: 26.6 mean: 88.59004975124378
gen: 90 best: 26.6 mean: 84.85422885572139
gen: 91 best: 26.6 mean: 83.30995024875622
gen: 92 best: 26.6 mean: 84.72636815920399
gen >93, new best = 26.500
gen: 93 best: 26.5 mean: 83.87114427860696
gen: 94 best: 26.5 mean: 79.62537313432836
gen: 95 best: 26.5 mean: 84.0457711442786
gen: 96 best: 26.5 mean: 87.31194029850747
gen: 97 best: 26.5 mean: 83.81243781094527
gen: 98 best: 26.5 mean: 84.64228855721393
gen: 99 best: 26.5 mean: 85.05074626865672
[6, 5, 8, 6, 5, 6, 6, 5, 6, 5, 6, 4, 5, 6, 5, 4, 5, 5, 6, 3]
Test count of edges: 484
cat
