Defaulting to user installation because normal site-packages is not writeable
Looking in links: /cvmfs/soft.computecanada.ca/custom/python/wheelhouse/gentoo/avx2, /cvmfs/soft.computecanada.ca/custom/python/wheelhouse/gentoo/generic, /cvmfs/soft.computecanada.ca/custom/python/wheelhouse/generic
Requirement already satisfied: graphviz in /home/js17sy/.local/lib/python3.10/site-packages (0.20)
705; python ga.py 10 256N_graph10.dat 0.1 0.04 0.7 0.9 0.1 201 256N_graph10leerygen3rem70_ 428415
/project/6008788/js17sy/reopenga/256a/ga.py:291: DeprecationWarning: Sampling from a set deprecated
since Python 3.9 and will be removed in a subsequent version.
  child1 = set(random.sample(
gen >0, new best = 202.400
gen >0, new best = 187.800
gen >0, new best = 187.700
gen >0, new best = 178.400
gen >0, new best = 173.200
gen >0, new best = 171.800
gen >0, new best = 171.500
gen >0, new best = 171.200
gen >0, new best = 166.300
gen: 0 best: 166.3 mean: 189.18855721393035
gen >1, new best = 165.000
gen >1, new best = 164.200
gen: 1 best: 164.2 mean: 186.80995024875622
gen >2, new best = 151.600
gen: 2 best: 151.6 mean: 185.49402985074627
gen: 3 best: 151.6 mean: 184.72437810945274
gen: 4 best: 151.6 mean: 184.71592039800996
gen: 5 best: 151.6 mean: 183.5905472636816
gen: 6 best: 151.6 mean: 181.7507462686567
gen: 7 best: 151.6 mean: 181.04825870646766
gen: 8 best: 151.6 mean: 179.91343283582088
gen: 9 best: 151.6 mean: 179.68905472636817
gen: 10 best: 151.6 mean: 179.00746268656715
gen >11, new best = 149.100
gen >11, new best = 148.200
gen: 11 best: 148.2 mean: 177.23731343283583
gen: 12 best: 148.2 mean: 178.6721393034826
gen >13, new best = 145.800
gen: 13 best: 145.8 mean: 178.22587064676617
gen: 14 best: 145.8 mean: 175.88059701492537
gen: 15 best: 145.8 mean: 175.16517412935323
gen: 16 best: 145.8 mean: 175.55124378109454
gen: 17 best: 145.8 mean: 173.48358208955224
gen: 18 best: 145.8 mean: 174.07960199004975
gen: 19 best: 145.8 mean: 173.10746268656717
gen: 20 best: 145.8 mean: 171.71940298507462
gen: 21 best: 145.8 mean: 172.00298507462688
gen: 22 best: 145.8 mean: 172.20298507462687
gen: 23 best: 145.8 mean: 171.33731343283583
gen >24, new best = 142.700
gen: 24 best: 142.7 mean: 170.88407960199004
gen: 25 best: 142.7 mean: 171.28955223880598
gen: 26 best: 142.7 mean: 169.86218905472637
gen: 27 best: 142.7 mean: 169.63034825870648
gen: 28 best: 142.7 mean: 170.8363184079602
gen >29, new best = 137.600
gen: 29 best: 137.6 mean: 169.9049751243781
gen: 30 best: 137.6 mean: 168.8592039800995
gen: 31 best: 137.6 mean: 169.0268656716418
gen: 32 best: 137.6 mean: 168.91492537313434
gen: 33 best: 137.6 mean: 168.23482587064677
gen: 34 best: 137.6 mean: 168.09004975124378
gen: 35 best: 137.6 mean: 166.7223880597015
gen: 36 best: 137.6 mean: 166.681592039801
gen: 37 best: 137.6 mean: 166.3452736318408
gen: 38 best: 137.6 mean: 166.20199004975123
gen: 39 best: 137.6 mean: 166.43084577114428
gen: 40 best: 137.6 mean: 166.46119402985076
gen: 41 best: 137.6 mean: 165.39502487562189
gen >42, new best = 136.700
gen: 42 best: 136.7 mean: 164.5776119402985
gen: 43 best: 136.7 mean: 165.55820895522388
gen: 44 best: 136.7 mean: 166.30796019900498
gen: 45 best: 136.7 mean: 166.2004975124378
gen: 46 best: 136.7 mean: 165.37014925373134
gen: 47 best: 136.7 mean: 166.0174129353234
gen: 48 best: 136.7 mean: 165.43034825870646
gen: 49 best: 136.7 mean: 166.06616915422885
gen: 50 best: 136.7 mean: 166.71990049751244
gen: 51 best: 136.7 mean: 164.65970149253732
gen: 52 best: 136.7 mean: 165.7228855721393
gen: 53 best: 136.7 mean: 164.59452736318408
gen: 54 best: 136.7 mean: 163.94328358208955
gen: 55 best: 136.7 mean: 163.8766169154229
gen >56, new best = 136.100
gen: 56 best: 136.1 mean: 163.60099502487563
gen: 57 best: 136.1 mean: 164.9716417910448
gen: 58 best: 136.1 mean: 164.54875621890548
gen: 59 best: 136.1 mean: 164.23383084577114
gen: 60 best: 136.1 mean: 164.13283582089554
gen: 61 best: 136.1 mean: 163.74577114427862
gen: 62 best: 136.1 mean: 162.64676616915423
gen: 63 best: 136.1 mean: 164.54427860696518
gen: 64 best: 136.1 mean: 164.91641791044776
gen: 65 best: 136.1 mean: 164.90149253731343
gen >66, new best = 129.900
gen: 66 best: 129.9 mean: 163.41592039800994
gen: 67 best: 129.9 mean: 164.11194029850745
gen: 68 best: 129.9 mean: 162.39502487562189
gen: 69 best: 129.9 mean: 163.03731343283582
gen: 70 best: 129.9 mean: 162.55223880597015
gen: 71 best: 129.9 mean: 162.14875621890548
gen: 72 best: 129.9 mean: 161.35671641791043
gen: 73 best: 129.9 mean: 162.59452736318408
gen: 74 best: 129.9 mean: 161.044776119403
gen: 75 best: 129.9 mean: 161.88407960199004
gen: 76 best: 129.9 mean: 162.12437810945275
gen: 77 best: 129.9 mean: 161.03233830845772
gen: 78 best: 129.9 mean: 161.0820895522388
gen: 79 best: 129.9 mean: 161.54776119402985
gen: 80 best: 129.9 mean: 161.6681592039801
gen: 81 best: 129.9 mean: 162.18059701492538
gen: 82 best: 129.9 mean: 161.74328358208956
gen: 83 best: 129.9 mean: 161.37164179104477
gen: 84 best: 129.9 mean: 160.72835820895523
gen: 85 best: 129.9 mean: 161.2502487562189
gen: 86 best: 129.9 mean: 161.17164179104478
gen: 87 best: 129.9 mean: 161.81194029850747
gen: 88 best: 129.9 mean: 161.06567164179106
gen: 89 best: 129.9 mean: 161.86616915422886
gen: 90 best: 129.9 mean: 162.82636815920398
gen: 91 best: 129.9 mean: 162.11492537313433
gen: 92 best: 129.9 mean: 159.97960199004976
gen: 93 best: 129.9 mean: 160.36218905472637
gen: 94 best: 129.9 mean: 162.01094527363185
gen: 95 best: 129.9 mean: 161.518407960199
gen: 96 best: 129.9 mean: 161.85671641791043
gen: 97 best: 129.9 mean: 160.99800995024876
gen >98, new best = 129.200
gen: 98 best: 129.2 mean: 161.2189054726368
gen: 99 best: 129.2 mean: 161.94378109452737
[8, 8, 8, 7, 7, 8, 6, 9, 7, 7, 8, 7, 8, 8, 8, 9, 9, 9, 7, 5, 7, 8, 8, 8, 8, 8, 6, 10, 9, 9, 8, 8]
Test count of edges: 471
cat
