Defaulting to user installation because normal site-packages is not writeable
Looking in links: /cvmfs/soft.computecanada.ca/custom/python/wheelhouse/gentoo/avx2, /cvmfs/soft.computecanada.ca/custom/python/wheelhouse/gentoo/generic, /cvmfs/soft.computecanada.ca/custom/python/wheelhouse/generic
Requirement already satisfied: graphviz in /home/js17sy/.local/lib/python3.10/site-packages (0.20)
178; python ga.py 10 256N_graph10.dat 0.025 0.01 0.7 0.9 0.1 201 256N_graph10strictgen3rem70_ 799708
/project/6008788/js17sy/reopenga/256a/ga.py:291: DeprecationWarning: Sampling from a set deprecated
since Python 3.9 and will be removed in a subsequent version.
  child1 = set(random.sample(
gen >0, new best = 116.200
gen >0, new best = 111.500
gen >0, new best = 109.400
gen >0, new best = 108.800
gen >0, new best = 102.400
gen >0, new best = 91.200
gen >0, new best = 79.300
gen >0, new best = 71.800
gen: 0 best: 71.8 mean: 137.60248756218905
gen: 1 best: 71.8 mean: 130.5641791044776
gen >2, new best = 66.700
gen: 2 best: 66.7 mean: 134.4278606965174
gen >3, new best = 64.700
gen: 3 best: 64.7 mean: 135.13781094527363
gen: 4 best: 64.7 mean: 132.85621890547264
gen: 5 best: 64.7 mean: 135.10248756218905
gen: 6 best: 64.7 mean: 132.69402985074626
gen >7, new best = 52.300
gen: 7 best: 52.3 mean: 128.0094527363184
gen >8, new best = 44.600
gen: 8 best: 44.6 mean: 130.6402985074627
gen >9, new best = 41.100
gen: 9 best: 41.1 mean: 129.6363184079602
gen: 10 best: 41.1 mean: 133.91741293532337
gen: 11 best: 41.1 mean: 133.55323383084578
gen: 12 best: 41.1 mean: 130.94477611940297
gen: 13 best: 41.1 mean: 130.91542288557213
gen: 14 best: 41.1 mean: 128.00199004975124
gen: 15 best: 41.1 mean: 129.66716417910447
gen: 16 best: 41.1 mean: 128.11641791044775
gen: 17 best: 41.1 mean: 126.08009950248756
gen: 18 best: 41.1 mean: 125.23432835820896
gen: 19 best: 41.1 mean: 126.47562189054726
gen: 20 best: 41.1 mean: 127.3223880597015
gen: 21 best: 41.1 mean: 125.62238805970149
gen: 22 best: 41.1 mean: 127.45771144278606
gen: 23 best: 41.1 mean: 125.65323383084578
gen: 24 best: 41.1 mean: 122.11791044776119
gen: 25 best: 41.1 mean: 123.16368159203981
gen: 26 best: 41.1 mean: 119.9547263681592
gen: 27 best: 41.1 mean: 120.15870646766169
gen: 28 best: 41.1 mean: 122.95223880597015
gen: 29 best: 41.1 mean: 120.57960199004975
gen: 30 best: 41.1 mean: 121.52139303482588
gen: 31 best: 41.1 mean: 117.7955223880597
gen: 32 best: 41.1 mean: 118.44577114427861
gen: 33 best: 41.1 mean: 117.3960199004975
gen: 34 best: 41.1 mean: 118.8547263681592
gen: 35 best: 41.1 mean: 116.59353233830846
gen: 36 best: 41.1 mean: 116.01144278606965
gen: 37 best: 41.1 mean: 112.07661691542289
gen: 38 best: 41.1 mean: 115.85522388059701
gen: 39 best: 41.1 mean: 113.81840796019901
gen >40, new best = 36.400
gen: 40 best: 36.4 mean: 110.34129353233831
gen: 41 best: 36.4 mean: 113.4955223880597
gen: 42 best: 36.4 mean: 108.94378109452737
gen: 43 best: 36.4 mean: 110.8497512437811
gen: 44 best: 36.4 mean: 108.22587064676617
gen: 45 best: 36.4 mean: 106.12636815920398
gen: 46 best: 36.4 mean: 106.4681592039801
gen: 47 best: 36.4 mean: 107.45820895522388
gen: 48 best: 36.4 mean: 105.83333333333333
gen >49, new best = 25.000
gen: 49 best: 25.0 mean: 106.65572139303482
gen: 50 best: 25.0 mean: 103.8860696517413
gen: 51 best: 25.0 mean: 104.81542288557213
gen: 52 best: 25.0 mean: 103.67910447761194
gen: 53 best: 25.0 mean: 97.27611940298507
gen: 54 best: 25.0 mean: 102.18407960199005
gen: 55 best: 25.0 mean: 101.2134328358209
gen: 56 best: 25.0 mean: 99.52388059701492
gen: 57 best: 25.0 mean: 99.78855721393035
gen: 58 best: 25.0 mean: 99.16218905472637
gen: 59 best: 25.0 mean: 98.80597014925372
gen: 60 best: 25.0 mean: 98.68557213930349
gen: 61 best: 25.0 mean: 98.2592039800995
gen: 62 best: 25.0 mean: 98.18507462686567
gen: 63 best: 25.0 mean: 94.48805970149253
gen: 64 best: 25.0 mean: 97.44626865671641
gen: 65 best: 25.0 mean: 97.66368159203981
gen: 66 best: 25.0 mean: 98.0407960199005
gen: 67 best: 25.0 mean: 94.74228855721393
gen: 68 best: 25.0 mean: 94.4950248756219
gen: 69 best: 25.0 mean: 89.10099502487562
gen: 70 best: 25.0 mean: 93.4318407960199
gen: 71 best: 25.0 mean: 92.49452736318408
gen: 72 best: 25.0 mean: 96.64228855721393
gen: 73 best: 25.0 mean: 91.84477611940298
gen: 74 best: 25.0 mean: 93.03880597014926
gen: 75 best: 25.0 mean: 93.41243781094528
gen: 76 best: 25.0 mean: 94.9
gen: 77 best: 25.0 mean: 97.45273631840796
gen >78, new best = 23.000
gen: 78 best: 23.0 mean: 93.16766169154229
gen: 79 best: 23.0 mean: 93.07412935323383
gen: 80 best: 23.0 mean: 93.54328358208956
gen: 81 best: 23.0 mean: 90.05323383084577
gen: 82 best: 23.0 mean: 92.73980099502488
gen: 83 best: 23.0 mean: 89.80646766169154
gen: 84 best: 23.0 mean: 93.92885572139303
gen: 85 best: 23.0 mean: 92.69154228855722
gen: 86 best: 23.0 mean: 92.8547263681592
gen: 87 best: 23.0 mean: 91.1044776119403
gen: 88 best: 23.0 mean: 94.27960199004976
gen: 89 best: 23.0 mean: 91.79502487562189
gen: 90 best: 23.0 mean: 87.15223880597014
gen: 91 best: 23.0 mean: 89.38855721393035
gen: 92 best: 23.0 mean: 90.7363184079602
gen: 93 best: 23.0 mean: 91.95820895522388
gen: 94 best: 23.0 mean: 89.42935323383085
gen: 95 best: 23.0 mean: 88.62636815920398
gen: 96 best: 23.0 mean: 84.38457711442786
gen: 97 best: 23.0 mean: 86.9407960199005
gen: 98 best: 23.0 mean: 85.5273631840796
gen: 99 best: 23.0 mean: 86.2587064676617
[4, 8, 5, 5, 5, 5, 5, 6, 5, 11, 9, 8, 5, 5, 10, 5, 6, 5, 8, 4, 4, 7, 7, 7, 5]
Test count of edges: 470
cat
