Defaulting to user installation because normal site-packages is not writeable
Looking in links: /cvmfs/soft.computecanada.ca/custom/python/wheelhouse/gentoo/avx2, /cvmfs/soft.computecanada.ca/custom/python/wheelhouse/gentoo/generic, /cvmfs/soft.computecanada.ca/custom/python/wheelhouse/generic
Requirement already satisfied: graphviz in /home/js17sy/.local/lib/python3.10/site-packages (0.20)
42; python ga.py 10 256N_graph10.dat 0.025 0.01 0.5 0.7 0.3 201 256N_graph10strictgen2rem50_ 342732
/project/6008788/js17sy/reopenga/256a/ga.py:291: DeprecationWarning: Sampling from a set deprecated
since Python 3.9 and will be removed in a subsequent version.
  child1 = set(random.sample(
gen >0, new best = 158.900
gen >0, new best = 144.600
gen >0, new best = 144.000
gen >0, new best = 143.700
gen >0, new best = 141.400
gen >0, new best = 134.200
gen >0, new best = 130.700
gen >0, new best = 130.500
gen >0, new best = 123.600
gen >0, new best = 113.600
gen: 0 best: 113.6 mean: 153.32587064676616
gen: 1 best: 113.6 mean: 152.67860696517414
gen >2, new best = 112.900
gen >2, new best = 110.800
gen: 2 best: 110.8 mean: 153.09651741293533
gen: 3 best: 110.8 mean: 152.46766169154228
gen: 4 best: 110.8 mean: 151.75572139303483
gen: 5 best: 110.8 mean: 150.67910447761193
gen: 6 best: 110.8 mean: 152.13034825870648
gen: 7 best: 110.8 mean: 149.48955223880597
gen: 8 best: 110.8 mean: 149.91144278606964
gen: 9 best: 110.8 mean: 150.6412935323383
gen: 10 best: 110.8 mean: 149.68258706467662
gen: 11 best: 110.8 mean: 150.3363184079602
gen: 12 best: 110.8 mean: 150.418407960199
gen: 13 best: 110.8 mean: 148.455223880597
gen >14, new best = 102.100
gen: 14 best: 102.1 mean: 148.17164179104478
gen: 15 best: 102.1 mean: 147.85621890547264
gen: 16 best: 102.1 mean: 147.63283582089554
gen: 17 best: 102.1 mean: 148.9671641791045
gen >18, new best = 98.300
gen: 18 best: 98.3 mean: 146.70149253731344
gen: 19 best: 98.3 mean: 146.46567164179103
gen: 20 best: 98.3 mean: 148.3825870646766
gen: 21 best: 98.3 mean: 147.66268656716417
gen: 22 best: 98.3 mean: 147.15273631840796
gen >23, new best = 81.800
gen: 23 best: 81.8 mean: 146.56119402985075
gen: 24 best: 81.8 mean: 145.74378109452735
gen: 25 best: 81.8 mean: 145.4407960199005
gen: 26 best: 81.8 mean: 145.97960199004976
gen >27, new best = 68.900
gen: 27 best: 68.9 mean: 142.30348258706468
gen: 28 best: 68.9 mean: 140.4636815920398
gen: 29 best: 68.9 mean: 142.30796019900498
gen: 30 best: 68.9 mean: 139.15970149253732
gen: 31 best: 68.9 mean: 140.38706467661692
gen: 32 best: 68.9 mean: 140.66069651741293
gen: 33 best: 68.9 mean: 140.21442786069653
gen: 34 best: 68.9 mean: 138.2089552238806
gen: 35 best: 68.9 mean: 136.9174129353234
gen: 36 best: 68.9 mean: 137.54626865671642
gen >37, new best = 62.200
gen: 37 best: 62.2 mean: 135.16965174129353
gen: 38 best: 62.2 mean: 132.67462686567166
gen: 39 best: 62.2 mean: 130.42985074626867
gen: 40 best: 62.2 mean: 132.50298507462688
gen: 41 best: 62.2 mean: 129.80995024875622
gen >42, new best = 60.700
gen: 42 best: 60.7 mean: 128.23283582089553
gen: 43 best: 60.7 mean: 127.57562189054727
gen: 44 best: 60.7 mean: 127.61890547263681
gen: 45 best: 60.7 mean: 129.2681592039801
gen: 46 best: 60.7 mean: 124.46965174129353
gen: 47 best: 60.7 mean: 124.34676616915424
gen: 48 best: 60.7 mean: 127.46865671641791
gen >49, new best = 58.400
gen: 49 best: 58.4 mean: 127.89203980099502
gen >50, new best = 54.200
gen: 50 best: 54.2 mean: 125.46616915422885
gen: 51 best: 54.2 mean: 123.11840796019901
gen: 52 best: 54.2 mean: 125.67960199004975
gen: 53 best: 54.2 mean: 123.3960199004975
gen: 54 best: 54.2 mean: 124.69850746268656
gen: 55 best: 54.2 mean: 125.55422885572139
gen: 56 best: 54.2 mean: 123.83582089552239
gen: 57 best: 54.2 mean: 122.20348258706467
gen: 58 best: 54.2 mean: 123.74825870646767
gen: 59 best: 54.2 mean: 122.96716417910447
gen: 60 best: 54.2 mean: 119.863184079602
gen: 61 best: 54.2 mean: 121.2407960199005
gen >62, new best = 44.800
gen: 62 best: 44.8 mean: 120.91044776119404
gen: 63 best: 44.8 mean: 118.87910447761195
gen: 64 best: 44.8 mean: 121.1636815920398
gen: 65 best: 44.8 mean: 116.04378109452736
gen: 66 best: 44.8 mean: 117.29651741293533
gen: 67 best: 44.8 mean: 116.00995024875623
gen: 68 best: 44.8 mean: 116.19751243781094
gen: 69 best: 44.8 mean: 117.78109452736318
gen: 70 best: 44.8 mean: 118.07562189054727
gen >71, new best = 36.600
gen: 71 best: 36.6 mean: 112.32437810945274
gen: 72 best: 36.6 mean: 117.79154228855721
gen: 73 best: 36.6 mean: 113.6950248756219
gen: 74 best: 36.6 mean: 112.47363184079602
gen: 75 best: 36.6 mean: 110.64378109452737
gen: 76 best: 36.6 mean: 112.64676616915423
gen: 77 best: 36.6 mean: 109.6497512437811
gen: 78 best: 36.6 mean: 111.9273631840796
gen: 79 best: 36.6 mean: 111.5223880597015
gen: 80 best: 36.6 mean: 108.21641791044776
gen: 81 best: 36.6 mean: 105.2089552238806
gen >82, new best = 35.700
gen: 82 best: 35.7 mean: 101.97661691542288
gen: 83 best: 35.7 mean: 102.4726368159204
gen: 84 best: 35.7 mean: 106.34278606965174
gen: 85 best: 35.7 mean: 106.20199004975125
gen: 86 best: 35.7 mean: 105.2587064676617
gen: 87 best: 35.7 mean: 100.80099502487562
gen >88, new best = 34.500
gen: 88 best: 34.5 mean: 102.82935323383084
gen: 89 best: 34.5 mean: 99.99203980099503
gen >90, new best = 33.200
gen: 90 best: 33.2 mean: 102.53880597014926
gen: 91 best: 33.2 mean: 97.94228855721393
gen >92, new best = 31.900
gen: 92 best: 31.9 mean: 99.06069651741294
gen: 93 best: 31.9 mean: 98.5820895522388
gen: 94 best: 31.9 mean: 101.49601990049752
gen: 95 best: 31.9 mean: 93.60497512437811
gen: 96 best: 31.9 mean: 90.94676616915423
gen: 97 best: 31.9 mean: 92.40199004975125
gen: 98 best: 31.9 mean: 89.44875621890547
gen: 99 best: 31.9 mean: 90.62238805970149
[6, 5, 5, 6, 6, 5, 6, 5, 7, 13, 6, 6, 5, 5, 7]
Test count of edges: 797
cat
