Defaulting to user installation because normal site-packages is not writeable
Looking in links: /cvmfs/soft.computecanada.ca/custom/python/wheelhouse/gentoo/avx2, /cvmfs/soft.computecanada.ca/custom/python/wheelhouse/gentoo/generic, /cvmfs/soft.computecanada.ca/custom/python/wheelhouse/generic
Requirement already satisfied: graphviz in /home/js17sy/.local/lib/python3.10/site-packages (0.20)
437; python ga.py 10 256N_graph10.dat 0.075 0.03 0.5 0.9 0.1 201 256N_graph10laxgen3rem50_ 485537
/project/6008788/js17sy/reopenga/256a/ga.py:291: DeprecationWarning: Sampling from a set deprecated
since Python 3.9 and will be removed in a subsequent version.
  child1 = set(random.sample(
gen >0, new best = 169.000
gen >0, new best = 168.000
gen >0, new best = 161.300
gen >0, new best = 159.700
gen >0, new best = 156.800
gen: 0 best: 156.8 mean: 175.40049751243782
gen >1, new best = 155.100
gen >1, new best = 153.200
gen: 1 best: 153.2 mean: 174.64875621890548
gen: 2 best: 153.2 mean: 174.0313432835821
gen: 3 best: 153.2 mean: 173.00199004975124
gen: 4 best: 153.2 mean: 172.56069651741294
gen: 5 best: 153.2 mean: 172.0597014925373
gen: 6 best: 153.2 mean: 172.44726368159203
gen: 7 best: 153.2 mean: 171.18258706467662
gen: 8 best: 153.2 mean: 171.3810945273632
gen: 9 best: 153.2 mean: 170.06069651741294
gen: 10 best: 153.2 mean: 170.23134328358208
gen: 11 best: 153.2 mean: 169.63084577114427
gen >12, new best = 152.700
gen: 12 best: 152.7 mean: 168.93432835820894
gen: 13 best: 152.7 mean: 168.03383084577115
gen >14, new best = 152.100
gen: 14 best: 152.1 mean: 167.61592039800996
gen: 15 best: 152.1 mean: 167.16218905472635
gen >16, new best = 147.500
gen: 16 best: 147.5 mean: 166.1776119402985
gen: 17 best: 147.5 mean: 165.936815920398
gen: 18 best: 147.5 mean: 165.68557213930347
gen: 19 best: 147.5 mean: 164.39701492537313
gen: 20 best: 147.5 mean: 163.4323383084577
gen >21, new best = 147.400
gen: 21 best: 147.4 mean: 163.1089552238806
gen: 22 best: 147.4 mean: 163.14776119402984
gen: 23 best: 147.4 mean: 162.23980099502486
gen >24, new best = 145.400
gen: 24 best: 145.4 mean: 162.67611940298508
gen: 25 best: 145.4 mean: 162.80796019900498
gen: 26 best: 145.4 mean: 161.71492537313432
gen: 27 best: 145.4 mean: 162.02388059701494
gen: 28 best: 145.4 mean: 160.77910447761195
gen: 29 best: 145.4 mean: 160.97412935323382
gen >30, new best = 145.000
gen: 30 best: 145.0 mean: 159.36616915422886
gen: 31 best: 145.0 mean: 159.15572139303484
gen >32, new best = 140.100
gen: 32 best: 140.1 mean: 159.24378109452735
gen: 33 best: 140.1 mean: 158.80149253731344
gen: 34 best: 140.1 mean: 159.3004975124378
gen: 35 best: 140.1 mean: 159.06218905472636
gen: 36 best: 140.1 mean: 158.2776119402985
gen: 37 best: 140.1 mean: 158.22139303482587
gen >38, new best = 139.600
gen >38, new best = 133.400
gen: 38 best: 133.4 mean: 157.7820895522388
gen: 39 best: 133.4 mean: 157.35721393034825
gen: 40 best: 133.4 mean: 157.39054726368158
gen: 41 best: 133.4 mean: 157.17164179104478
gen: 42 best: 133.4 mean: 156.5636815920398
gen: 43 best: 133.4 mean: 156.7179104477612
gen: 44 best: 133.4 mean: 156.7497512437811
gen: 45 best: 133.4 mean: 156.28258706467662
gen: 46 best: 133.4 mean: 156.71940298507462
gen: 47 best: 133.4 mean: 155.97014925373134
gen: 48 best: 133.4 mean: 156.2233830845771
gen: 49 best: 133.4 mean: 155.91194029850746
gen: 50 best: 133.4 mean: 155.78706467661692
gen: 51 best: 133.4 mean: 155.4726368159204
gen: 52 best: 133.4 mean: 156.4686567164179
gen: 53 best: 133.4 mean: 154.8582089552239
gen: 54 best: 133.4 mean: 154.79402985074626
gen: 55 best: 133.4 mean: 155.06218905472636
gen: 56 best: 133.4 mean: 155.3626865671642
gen: 57 best: 133.4 mean: 155.01791044776118
gen: 58 best: 133.4 mean: 155.0905472636816
gen: 59 best: 133.4 mean: 154.5218905472637
gen: 60 best: 133.4 mean: 155.30696517412935
gen: 61 best: 133.4 mean: 154.24577114427862
gen: 62 best: 133.4 mean: 154.118407960199
gen: 63 best: 133.4 mean: 153.36666666666667
gen: 64 best: 133.4 mean: 153.09203980099502
gen: 65 best: 133.4 mean: 154.4363184079602
gen: 66 best: 133.4 mean: 153.226368159204
gen: 67 best: 133.4 mean: 153.66517412935323
gen: 68 best: 133.4 mean: 152.90547263681592
gen: 69 best: 133.4 mean: 153.50646766169154
gen: 70 best: 133.4 mean: 153.88009950248755
gen: 71 best: 133.4 mean: 153.19651741293532
gen: 72 best: 133.4 mean: 153.32636815920398
gen: 73 best: 133.4 mean: 152.83830845771143
gen: 74 best: 133.4 mean: 153.8910447761194
gen: 75 best: 133.4 mean: 152.75771144278607
gen >76, new best = 131.100
gen: 76 best: 131.1 mean: 152.46965174129352
gen: 77 best: 131.1 mean: 151.93731343283582
gen: 78 best: 131.1 mean: 151.6004975124378
gen: 79 best: 131.1 mean: 152.35870646766168
gen: 80 best: 131.1 mean: 152.08805970149254
gen: 81 best: 131.1 mean: 151.35024875621892
gen: 82 best: 131.1 mean: 151.6417910447761
gen: 83 best: 131.1 mean: 151.65074626865672
gen: 84 best: 131.1 mean: 151.65273631840796
gen: 85 best: 131.1 mean: 151.9412935323383
gen: 86 best: 131.1 mean: 151.8363184079602
gen: 87 best: 131.1 mean: 151.2189054726368
gen: 88 best: 131.1 mean: 151.5412935323383
gen: 89 best: 131.1 mean: 150.48109452736318
gen: 90 best: 131.1 mean: 150.66915422885572
gen >91, new best = 130.300
gen: 91 best: 130.3 mean: 150.73731343283583
gen: 92 best: 130.3 mean: 151.75721393034826
gen: 93 best: 130.3 mean: 151.06268656716418
gen: 94 best: 130.3 mean: 150.5950248756219
gen: 95 best: 130.3 mean: 150.24825870646765
gen: 96 best: 130.3 mean: 151.99402985074627
gen: 97 best: 130.3 mean: 150.86169154228855
gen: 98 best: 130.3 mean: 150.89850746268655
gen: 99 best: 130.3 mean: 151.31990049751244
[11, 7, 10, 11, 10, 10, 11, 9, 9, 8, 5, 9, 10, 9, 9, 10, 10, 8, 9, 9, 10, 9, 9, 8, 9, 8, 10, 10, 9, 10, 9, 9]
Test count of edges: 776
cat
