Defaulting to user installation because normal site-packages is not writeable
Looking in links: /cvmfs/soft.computecanada.ca/custom/python/wheelhouse/gentoo/avx2, /cvmfs/soft.computecanada.ca/custom/python/wheelhouse/gentoo/generic, /cvmfs/soft.computecanada.ca/custom/python/wheelhouse/generic
Requirement already satisfied: graphviz in /home/js17sy/.local/lib/python3.10/site-packages (0.20)
21; python ga.py 10 256N_graph10.dat 0.025 0.01 0.5 0.5 0.5 201 256N_graph10strictgen1rem50_ 599781
/project/6008788/js17sy/reopenga/256a/ga.py:291: DeprecationWarning: Sampling from a set deprecated
since Python 3.9 and will be removed in a subsequent version.
  child1 = set(random.sample(
gen >0, new best = 149.700
gen >0, new best = 148.800
gen >0, new best = 131.100
gen >0, new best = 130.100
gen >0, new best = 128.700
gen >0, new best = 123.300
gen: 0 best: 123.3 mean: 152.4997512437811
gen: 1 best: 123.3 mean: 151.54328358208954
gen >2, new best = 116.600
gen: 2 best: 116.6 mean: 152.4318407960199
gen >3, new best = 111.900
gen: 3 best: 111.9 mean: 151.20696517412935
gen: 4 best: 111.9 mean: 152.42089552238807
gen: 5 best: 111.9 mean: 151.46915422885573
gen: 6 best: 111.9 mean: 150.63980099502487
gen >7, new best = 107.600
gen: 7 best: 107.6 mean: 150.27910447761195
gen: 8 best: 107.6 mean: 149.96766169154228
gen: 9 best: 107.6 mean: 148.71641791044777
gen: 10 best: 107.6 mean: 148.40348258706467
gen: 11 best: 107.6 mean: 147.9049751243781
gen: 12 best: 107.6 mean: 149.54179104477612
gen: 13 best: 107.6 mean: 146.26019900497514
gen: 14 best: 107.6 mean: 146.10597014925372
gen: 15 best: 107.6 mean: 145.95671641791046
gen: 16 best: 107.6 mean: 145.19651741293532
gen: 17 best: 107.6 mean: 144.93482587064676
gen: 18 best: 107.6 mean: 145.89154228855722
gen: 19 best: 107.6 mean: 145.1218905472637
gen: 20 best: 107.6 mean: 145.34328358208955
gen: 21 best: 107.6 mean: 144.38009950248755
gen: 22 best: 107.6 mean: 144.92437810945273
gen: 23 best: 107.6 mean: 143.90646766169155
gen: 24 best: 107.6 mean: 143.9457711442786
gen: 25 best: 107.6 mean: 142.24278606965174
gen >26, new best = 99.600
gen: 26 best: 99.6 mean: 142.273631840796
gen: 27 best: 99.6 mean: 142.81542288557213
gen: 28 best: 99.6 mean: 141.92885572139303
gen: 29 best: 99.6 mean: 142.62437810945275
gen: 30 best: 99.6 mean: 142.581592039801
gen >31, new best = 96.900
gen: 31 best: 96.9 mean: 141.23930348258708
gen: 32 best: 96.9 mean: 141.96517412935324
gen: 33 best: 96.9 mean: 141.52985074626866
gen: 34 best: 96.9 mean: 140.6144278606965
gen: 35 best: 96.9 mean: 142.16567164179105
gen: 36 best: 96.9 mean: 140.02487562189054
gen: 37 best: 96.9 mean: 141.8323383084577
gen: 38 best: 96.9 mean: 141.55223880597015
gen >39, new best = 96.600
gen: 39 best: 96.6 mean: 139.98855721393033
gen: 40 best: 96.6 mean: 141.8865671641791
gen: 41 best: 96.6 mean: 139.43930348258706
gen >42, new best = 85.900
gen: 42 best: 85.9 mean: 138.31144278606965
gen: 43 best: 85.9 mean: 140.51542288557215
gen: 44 best: 85.9 mean: 138.75970149253732
gen: 45 best: 85.9 mean: 139.3681592039801
gen: 46 best: 85.9 mean: 140.57412935323384
gen >47, new best = 81.900
gen: 47 best: 81.9 mean: 138.55621890547263
gen: 48 best: 81.9 mean: 139.6830845771144
gen: 49 best: 81.9 mean: 140.63432835820896
gen: 50 best: 81.9 mean: 140.0860696517413
gen: 51 best: 81.9 mean: 141.44179104477612
gen: 52 best: 81.9 mean: 138.52587064676618
gen: 53 best: 81.9 mean: 138.10199004975124
gen: 54 best: 81.9 mean: 139.36766169154228
gen: 55 best: 81.9 mean: 139.80746268656716
gen: 56 best: 81.9 mean: 139.0676616915423
gen: 57 best: 81.9 mean: 139.37164179104477
gen: 58 best: 81.9 mean: 139.66616915422887
gen >59, new best = 74.700
gen: 59 best: 74.7 mean: 138.14427860696517
gen: 60 best: 74.7 mean: 138.08955223880596
gen: 61 best: 74.7 mean: 138.3776119402985
gen: 62 best: 74.7 mean: 139.9039800995025
gen: 63 best: 74.7 mean: 139.34427860696516
gen: 64 best: 74.7 mean: 137.81094527363183
gen: 65 best: 74.7 mean: 139.34626865671643
gen: 66 best: 74.7 mean: 138.7776119402985
gen: 67 best: 74.7 mean: 137.97064676616915
gen: 68 best: 74.7 mean: 138.2452736318408
gen: 69 best: 74.7 mean: 139.49900497512436
gen: 70 best: 74.7 mean: 137.70398009950247
gen: 71 best: 74.7 mean: 138.69004975124378
gen: 72 best: 74.7 mean: 136.6776119402985
gen: 73 best: 74.7 mean: 137.1492537313433
gen: 74 best: 74.7 mean: 137.42935323383085
gen: 75 best: 74.7 mean: 139.60696517412936
gen: 76 best: 74.7 mean: 136.8626865671642
gen >77, new best = 70.900
gen: 77 best: 70.9 mean: 135.75223880597014
gen: 78 best: 70.9 mean: 137.77412935323383
gen: 79 best: 70.9 mean: 138.25223880597014
gen: 80 best: 70.9 mean: 137.70696517412935
gen >81, new best = 68.200
gen: 81 best: 68.2 mean: 137.11492537313433
gen: 82 best: 68.2 mean: 134.26069651741292
gen: 83 best: 68.2 mean: 135.15522388059702
gen: 84 best: 68.2 mean: 137.24776119402986
gen: 85 best: 68.2 mean: 134.60845771144278
gen: 86 best: 68.2 mean: 133.56467661691542
gen: 87 best: 68.2 mean: 135.61044776119402
gen: 88 best: 68.2 mean: 134.5587064676617
gen: 89 best: 68.2 mean: 134.19651741293532
gen: 90 best: 68.2 mean: 132.07114427860697
gen >91, new best = 59.700
gen: 91 best: 59.7 mean: 133.94278606965173
gen: 92 best: 59.7 mean: 131.0283582089552
gen: 93 best: 59.7 mean: 132.7547263681592
gen: 94 best: 59.7 mean: 133.6363184079602
gen >95, new best = 54.600
gen: 95 best: 54.6 mean: 131.3641791044776
gen: 96 best: 54.6 mean: 132.18009950248756
gen: 97 best: 54.6 mean: 130.44825870646767
gen: 98 best: 54.6 mean: 131.16218905472635
gen: 99 best: 54.6 mean: 127.58109452736318
[8, 6, 14, 12, 11, 14, 5, 17, 12, 12, 11, 11, 5, 11, 5, 13, 14, 10, 14, 12, 8, 14, 6, 5, 16, 11]
Test count of edges: 811
cat
