Defaulting to user installation because normal site-packages is not writeable
Looking in links: /cvmfs/soft.computecanada.ca/custom/python/wheelhouse/gentoo/avx2, /cvmfs/soft.computecanada.ca/custom/python/wheelhouse/gentoo/generic, /cvmfs/soft.computecanada.ca/custom/python/wheelhouse/generic
Requirement already satisfied: graphviz in /home/js17sy/.local/lib/python3.10/site-packages (0.20)
590; python ga.py 10 256N_graph10.dat 0.1 0.04 0.5 0.7 0.3 201 256N_graph10leerygen2rem50_ 571220
/project/6008788/js17sy/reopenga/256a/ga.py:291: DeprecationWarning: Sampling from a set deprecated
since Python 3.9 and will be removed in a subsequent version.
  child1 = set(random.sample(
gen >0, new best = 184.600
gen >0, new best = 180.200
gen >0, new best = 179.400
gen >0, new best = 177.100
gen >0, new best = 176.700
gen >0, new best = 172.400
gen: 0 best: 172.4 mean: 185.0266169154229
gen >1, new best = 170.600
gen: 1 best: 170.6 mean: 184.15273631840796
gen: 2 best: 170.6 mean: 183.50696517412936
gen >3, new best = 170.400
gen: 3 best: 170.4 mean: 183.1820895522388
gen >4, new best = 166.100
gen: 4 best: 166.1 mean: 181.7179104477612
gen: 5 best: 166.1 mean: 181.86218905472637
gen: 6 best: 166.1 mean: 180.92039800995025
gen >7, new best = 164.700
gen >7, new best = 162.200
gen: 7 best: 162.2 mean: 181.1402985074627
gen: 8 best: 162.2 mean: 181.11293532338308
gen: 9 best: 162.2 mean: 179.76019900497514
gen: 10 best: 162.2 mean: 179.03731343283582
gen: 11 best: 162.2 mean: 179.19751243781096
gen: 12 best: 162.2 mean: 178.95223880597015
gen: 13 best: 162.2 mean: 178.22587064676617
gen: 14 best: 162.2 mean: 178.10597014925372
gen: 15 best: 162.2 mean: 178.02039800995024
gen: 16 best: 162.2 mean: 176.82736318407962
gen >17, new best = 161.800
gen: 17 best: 161.8 mean: 177.5636815920398
gen: 18 best: 161.8 mean: 176.86119402985074
gen: 19 best: 161.8 mean: 176.75273631840795
gen: 20 best: 161.8 mean: 176.4771144278607
gen: 21 best: 161.8 mean: 175.40597014925373
gen: 22 best: 161.8 mean: 175.62835820895523
gen: 23 best: 161.8 mean: 175.0452736318408
gen >24, new best = 159.700
gen >24, new best = 157.900
gen: 24 best: 157.9 mean: 174.9084577114428
gen: 25 best: 157.9 mean: 174.65771144278608
gen: 26 best: 157.9 mean: 175.1636815920398
gen >27, new best = 157.800
gen: 27 best: 157.8 mean: 174.06965174129354
gen: 28 best: 157.8 mean: 174.04875621890548
gen: 29 best: 157.8 mean: 174.67014925373135
gen: 30 best: 157.8 mean: 174.19353233830844
gen: 31 best: 157.8 mean: 174.08059701492536
gen: 32 best: 157.8 mean: 173.36716417910446
gen: 33 best: 157.8 mean: 172.9716417910448
gen: 34 best: 157.8 mean: 173.04079601990048
gen: 35 best: 157.8 mean: 172.75273631840795
gen: 36 best: 157.8 mean: 172.12935323383084
gen >37, new best = 155.900
gen: 37 best: 155.9 mean: 172.38905472636816
gen: 38 best: 155.9 mean: 172.4223880597015
gen >39, new best = 155.200
gen: 39 best: 155.2 mean: 171.27910447761195
gen >40, new best = 154.800
gen: 40 best: 154.8 mean: 171.29900497512438
gen >41, new best = 153.400
gen: 41 best: 153.4 mean: 170.80199004975125
gen: 42 best: 153.4 mean: 171.56467661691542
gen: 43 best: 153.4 mean: 170.56119402985075
gen: 44 best: 153.4 mean: 170.13930348258705
gen >45, new best = 146.900
gen: 45 best: 146.9 mean: 170.1452736318408
gen: 46 best: 146.9 mean: 170.2462686567164
gen: 47 best: 146.9 mean: 169.72089552238805
gen: 48 best: 146.9 mean: 169.2766169154229
gen: 49 best: 146.9 mean: 169.52935323383085
gen: 50 best: 146.9 mean: 169.681592039801
gen: 51 best: 146.9 mean: 168.86119402985074
gen: 52 best: 146.9 mean: 169.41194029850746
gen >53, new best = 143.900
gen: 53 best: 143.9 mean: 168.41990049751243
gen: 54 best: 143.9 mean: 168.2228855721393
gen: 55 best: 143.9 mean: 168.09751243781093
gen: 56 best: 143.9 mean: 168.94676616915422
gen: 57 best: 143.9 mean: 167.93034825870646
gen: 58 best: 143.9 mean: 168.45771144278606
gen: 59 best: 143.9 mean: 168.5990049751244
gen: 60 best: 143.9 mean: 166.77562189054726
gen: 61 best: 143.9 mean: 167.79402985074626
gen: 62 best: 143.9 mean: 168.35621890547264
gen: 63 best: 143.9 mean: 167.97114427860697
gen: 64 best: 143.9 mean: 166.52587064676618
gen: 65 best: 143.9 mean: 167.08258706467663
gen: 66 best: 143.9 mean: 167.90248756218907
gen: 67 best: 143.9 mean: 167.46268656716418
gen: 68 best: 143.9 mean: 166.7417910447761
gen: 69 best: 143.9 mean: 166.95273631840797
gen: 70 best: 143.9 mean: 167.01791044776118
gen: 71 best: 143.9 mean: 166.4089552238806
gen: 72 best: 143.9 mean: 166.65970149253732
gen: 73 best: 143.9 mean: 166.06169154228854
gen: 74 best: 143.9 mean: 166.24825870646765
gen: 75 best: 143.9 mean: 166.37114427860698
gen: 76 best: 143.9 mean: 165.87064676616916
gen: 77 best: 143.9 mean: 165.82437810945274
gen: 78 best: 143.9 mean: 165.78009950248756
gen: 79 best: 143.9 mean: 165.58308457711442
gen: 80 best: 143.9 mean: 165.27512437810944
gen: 81 best: 143.9 mean: 164.78407960199004
gen: 82 best: 143.9 mean: 165.59452736318408
gen: 83 best: 143.9 mean: 164.4452736318408
gen: 84 best: 143.9 mean: 164.63233830845772
gen: 85 best: 143.9 mean: 164.4686567164179
gen: 86 best: 143.9 mean: 164.55522388059703
gen: 87 best: 143.9 mean: 164.85174129353234
gen: 88 best: 143.9 mean: 164.49950248756218
gen: 89 best: 143.9 mean: 164.46119402985076
gen: 90 best: 143.9 mean: 163.9681592039801
gen: 91 best: 143.9 mean: 164.6134328358209
gen: 92 best: 143.9 mean: 164.66119402985075
gen >93, new best = 140.300
gen: 93 best: 140.3 mean: 163.75771144278607
gen: 94 best: 140.3 mean: 164.33333333333334
gen: 95 best: 140.3 mean: 164.88507462686567
gen: 96 best: 140.3 mean: 163.08109452736318
gen: 97 best: 140.3 mean: 164.2995024875622
gen: 98 best: 140.3 mean: 163.97562189054727
gen: 99 best: 140.3 mean: 163.90597014925373
[8, 9, 9, 8, 9, 8, 8, 8, 9, 8, 9, 8, 8, 9, 9, 8, 9, 9, 9, 8, 9, 9, 6, 9, 8, 6, 4, 8, 8, 8, 9, 9, 9]
Test count of edges: 794
cat
