Defaulting to user installation because normal site-packages is not writeable
Looking in links: /cvmfs/soft.computecanada.ca/custom/python/wheelhouse/gentoo/avx2, /cvmfs/soft.computecanada.ca/custom/python/wheelhouse/gentoo/generic, /cvmfs/soft.computecanada.ca/custom/python/wheelhouse/generic
Requirement already satisfied: graphviz in /home/js17sy/.local/lib/python3.10/site-packages (0.20)
435; python ga.py 10 256N_graph10.dat 0.075 0.03 0.5 0.9 0.1 201 256N_graph10laxgen3rem50_ 428415
/project/6008788/js17sy/reopenga/256a/ga.py:291: DeprecationWarning: Sampling from a set deprecated
since Python 3.9 and will be removed in a subsequent version.
  child1 = set(random.sample(
gen >0, new best = 180.900
gen >0, new best = 170.900
gen >0, new best = 161.800
gen >0, new best = 157.500
gen: 0 best: 157.5 mean: 175.45323383084576
gen: 1 best: 157.5 mean: 173.56517412935324
gen >2, new best = 153.700
gen: 2 best: 153.7 mean: 172.30746268656716
gen: 3 best: 153.7 mean: 172.02537313432836
gen >4, new best = 153.000
gen: 4 best: 153.0 mean: 172.52139303482588
gen: 5 best: 153.0 mean: 170.52786069651742
gen: 6 best: 153.0 mean: 170.8407960199005
gen >7, new best = 152.100
gen: 7 best: 152.1 mean: 170.50597014925373
gen: 8 best: 152.1 mean: 169.6950248756219
gen: 9 best: 152.1 mean: 169.0228855721393
gen: 10 best: 152.1 mean: 168.37064676616916
gen >11, new best = 151.200
gen: 11 best: 151.2 mean: 168.12786069651742
gen >12, new best = 151.100
gen: 12 best: 151.1 mean: 167.6134328358209
gen: 13 best: 151.1 mean: 167.8855721393035
gen: 14 best: 151.1 mean: 167.28557213930347
gen: 15 best: 151.1 mean: 166.65820895522387
gen >16, new best = 150.200
gen >16, new best = 148.700
gen: 16 best: 148.7 mean: 166.60199004975124
gen: 17 best: 148.7 mean: 165.1686567164179
gen >18, new best = 148.100
gen: 18 best: 148.1 mean: 164.6686567164179
gen: 19 best: 148.1 mean: 164.31243781094528
gen: 20 best: 148.1 mean: 164.08109452736318
gen >21, new best = 143.200
gen: 21 best: 143.2 mean: 163.67114427860696
gen: 22 best: 143.2 mean: 163.51542288557215
gen: 23 best: 143.2 mean: 161.81940298507462
gen: 24 best: 143.2 mean: 162.7228855721393
gen: 25 best: 143.2 mean: 162.65422885572139
gen: 26 best: 143.2 mean: 162.11194029850745
gen: 27 best: 143.2 mean: 160.44726368159203
gen: 28 best: 143.2 mean: 159.7582089552239
gen >29, new best = 142.700
gen: 29 best: 142.7 mean: 159.4223880597015
gen: 30 best: 142.7 mean: 159.84577114427861
gen: 31 best: 142.7 mean: 159.5820895522388
gen: 32 best: 142.7 mean: 158.83930348258707
gen >33, new best = 141.800
gen: 33 best: 141.8 mean: 159.06169154228857
gen: 34 best: 141.8 mean: 158.07810945273633
gen >35, new best = 139.200
gen: 35 best: 139.2 mean: 158.3094527363184
gen: 36 best: 139.2 mean: 157.5955223880597
gen: 37 best: 139.2 mean: 156.4870646766169
gen: 38 best: 139.2 mean: 157.53781094527363
gen: 39 best: 139.2 mean: 157.1223880597015
gen: 40 best: 139.2 mean: 157.39701492537313
gen: 41 best: 139.2 mean: 156.91343283582088
gen: 42 best: 139.2 mean: 156.88009950248755
gen: 43 best: 139.2 mean: 156.64228855721393
gen: 44 best: 139.2 mean: 157.26169154228856
gen: 45 best: 139.2 mean: 156.15621890547263
gen >46, new best = 139.100
gen: 46 best: 139.1 mean: 157.48308457711443
gen: 47 best: 139.1 mean: 156.26268656716417
gen >48, new best = 136.100
gen: 48 best: 136.1 mean: 155.56567164179106
gen: 49 best: 136.1 mean: 156.29253731343283
gen: 50 best: 136.1 mean: 156.02786069651742
gen: 51 best: 136.1 mean: 155.83482587064677
gen: 52 best: 136.1 mean: 155.66616915422887
gen: 53 best: 136.1 mean: 155.7636815920398
gen: 54 best: 136.1 mean: 154.78258706467662
gen >55, new best = 135.600
gen: 55 best: 135.6 mean: 154.86965174129352
gen: 56 best: 135.6 mean: 154.63781094527363
gen: 57 best: 135.6 mean: 154.1492537313433
gen >58, new best = 135.000
gen: 58 best: 135.0 mean: 154.8497512437811
gen: 59 best: 135.0 mean: 155.61044776119402
gen: 60 best: 135.0 mean: 155.35174129353234
gen >61, new best = 134.600
gen: 61 best: 134.6 mean: 154.0054726368159
gen: 62 best: 134.6 mean: 154.6144278606965
gen: 63 best: 134.6 mean: 154.96467661691543
gen: 64 best: 134.6 mean: 152.1950248756219
gen >65, new best = 134.500
gen: 65 best: 134.5 mean: 153.43383084577115
gen: 66 best: 134.5 mean: 153.53830845771145
gen: 67 best: 134.5 mean: 153.5139303482587
gen: 68 best: 134.5 mean: 152.71044776119402
gen: 69 best: 134.5 mean: 153.29353233830847
gen: 70 best: 134.5 mean: 152.33482587064677
gen >71, new best = 133.900
gen: 71 best: 133.9 mean: 152.94477611940297
gen: 72 best: 133.9 mean: 153.45373134328358
gen: 73 best: 133.9 mean: 152.5592039800995
gen: 74 best: 133.9 mean: 152.97661691542288
gen: 75 best: 133.9 mean: 153.81144278606965
gen: 76 best: 133.9 mean: 153.07810945273633
gen >77, new best = 133.100
gen: 77 best: 133.1 mean: 152.55124378109454
gen: 78 best: 133.1 mean: 152.53880597014924
gen: 79 best: 133.1 mean: 152.34676616915422
gen: 80 best: 133.1 mean: 151.82835820895522
gen: 81 best: 133.1 mean: 151.21641791044777
gen: 82 best: 133.1 mean: 151.85373134328358
gen: 83 best: 133.1 mean: 152.20298507462687
gen: 84 best: 133.1 mean: 150.644776119403
gen: 85 best: 133.1 mean: 150.78358208955223
gen: 86 best: 133.1 mean: 151.61293532338308
gen >87, new best = 130.900
gen: 87 best: 130.9 mean: 150.58855721393036
gen: 88 best: 130.9 mean: 151.8626865671642
gen: 89 best: 130.9 mean: 152.34925373134328
gen: 90 best: 130.9 mean: 151.12786069651742
gen: 91 best: 130.9 mean: 151.63781094527363
gen: 92 best: 130.9 mean: 151.66965174129353
gen: 93 best: 130.9 mean: 150.88407960199004
gen: 94 best: 130.9 mean: 150.17810945273632
gen: 95 best: 130.9 mean: 151.51990049751242
gen: 96 best: 130.9 mean: 150.5228855721393
gen >97, new best = 127.500
gen: 97 best: 127.5 mean: 150.66417910447763
gen: 98 best: 127.5 mean: 150.9084577114428
gen: 99 best: 127.5 mean: 151.62089552238805
[9, 9, 10, 10, 10, 10, 10, 8, 10, 10, 10, 9, 9, 10, 10, 9, 9, 10, 9, 11, 9, 6, 11, 10, 11, 10, 8, 9, 8, 8, 11, 10, 9, 10]
Test count of edges: 779
cat
