Defaulting to user installation because normal site-packages is not writeable
Looking in links: /cvmfs/soft.computecanada.ca/custom/python/wheelhouse/gentoo/avx2, /cvmfs/soft.computecanada.ca/custom/python/wheelhouse/gentoo/generic, /cvmfs/soft.computecanada.ca/custom/python/wheelhouse/generic
Requirement already satisfied: graphviz in /home/js17sy/.local/lib/python3.10/site-packages (0.20)
98; python ga.py 10 256N_graph10.dat 0.025 0.01 0.7 0.5 0.5 201 256N_graph10strictgen1rem70_ 228488
/project/6008788/js17sy/reopenga/256a/ga.py:291: DeprecationWarning: Sampling from a set deprecated
since Python 3.9 and will be removed in a subsequent version.
  child1 = set(random.sample(
gen >0, new best = 168.800
gen >0, new best = 137.400
gen >0, new best = 131.500
gen >0, new best = 127.400
gen >0, new best = 121.800
gen >0, new best = 89.100
gen >0, new best = 83.200
gen >0, new best = 78.800
gen >0, new best = 71.700
gen: 0 best: 71.7 mean: 137.1636815920398
gen >1, new best = 66.900
gen: 1 best: 66.9 mean: 138.9502487562189
gen >2, new best = 59.300
gen: 2 best: 59.3 mean: 134.88805970149252
gen: 3 best: 59.3 mean: 132.17860696517414
gen: 4 best: 59.3 mean: 130.91094527363185
gen: 5 best: 59.3 mean: 132.9636815920398
gen: 6 best: 59.3 mean: 134.09651741293533
gen: 7 best: 59.3 mean: 132.35124378109452
gen: 8 best: 59.3 mean: 130.49402985074627
gen: 9 best: 59.3 mean: 131.96666666666667
gen: 10 best: 59.3 mean: 132.40199004975125
gen >11, new best = 58.400
gen: 11 best: 58.4 mean: 125.88308457711443
gen: 12 best: 58.4 mean: 125.4776119402985
gen >13, new best = 36.400
gen: 13 best: 36.4 mean: 127.16318407960199
gen: 14 best: 36.4 mean: 125.98009950248756
gen: 15 best: 36.4 mean: 124.00646766169154
gen: 16 best: 36.4 mean: 121.09502487562189
gen >17, new best = 32.400
gen: 17 best: 32.4 mean: 122.86567164179104
gen: 18 best: 32.4 mean: 118.69253731343284
gen: 19 best: 32.4 mean: 117.85920398009951
gen: 20 best: 32.4 mean: 122.62487562189055
gen: 21 best: 32.4 mean: 120.33134328358209
gen: 22 best: 32.4 mean: 119.34129353233831
gen: 23 best: 32.4 mean: 118.36865671641792
gen: 24 best: 32.4 mean: 123.12189054726367
gen: 25 best: 32.4 mean: 118.46417910447761
gen: 26 best: 32.4 mean: 120.85124378109452
gen: 27 best: 32.4 mean: 117.9771144278607
gen: 28 best: 32.4 mean: 115.7004975124378
gen >29, new best = 31.800
gen: 29 best: 31.8 mean: 119.6497512437811
gen: 30 best: 31.8 mean: 112.53681592039801
gen: 31 best: 31.8 mean: 114.66268656716419
gen >32, new best = 29.500
gen: 32 best: 29.5 mean: 115.33781094527363
gen: 33 best: 29.5 mean: 110.75024875621891
gen: 34 best: 29.5 mean: 114.6950248756219
gen: 35 best: 29.5 mean: 113.17562189054726
gen: 36 best: 29.5 mean: 111.26467661691542
gen: 37 best: 29.5 mean: 107.62189054726367
gen: 38 best: 29.5 mean: 112.64029850746269
gen >39, new best = 23.600
gen: 39 best: 23.6 mean: 110.63830845771145
gen: 40 best: 23.6 mean: 104.40646766169154
gen: 41 best: 23.6 mean: 103.12587064676617
gen: 42 best: 23.6 mean: 101.62238805970149
gen: 43 best: 23.6 mean: 100.38407960199005
gen: 44 best: 23.6 mean: 99.2363184079602
gen: 45 best: 23.6 mean: 96.11691542288557
gen: 46 best: 23.6 mean: 93.71194029850746
gen: 47 best: 23.6 mean: 92.47960199004976
gen: 48 best: 23.6 mean: 89.55273631840797
gen: 49 best: 23.6 mean: 93.6502487562189
gen: 50 best: 23.6 mean: 90.08457711442786
gen: 51 best: 23.6 mean: 95.38706467661692
gen: 52 best: 23.6 mean: 90.48805970149253
gen: 53 best: 23.6 mean: 90.28507462686566
gen: 54 best: 23.6 mean: 90.21592039800996
gen: 55 best: 23.6 mean: 91.84378109452736
gen: 56 best: 23.6 mean: 85.04228855721394
gen: 57 best: 23.6 mean: 89.79253731343283
gen: 58 best: 23.6 mean: 86.12835820895522
gen: 59 best: 23.6 mean: 88.14328358208955
gen: 60 best: 23.6 mean: 85.66965174129353
gen: 61 best: 23.6 mean: 86.92885572139303
gen: 62 best: 23.6 mean: 85.3726368159204
gen: 63 best: 23.6 mean: 79.89004975124378
gen: 64 best: 23.6 mean: 81.12288557213931
gen: 65 best: 23.6 mean: 79.5223880597015
gen: 66 best: 23.6 mean: 80.60646766169154
gen: 67 best: 23.6 mean: 82.71542288557214
gen: 68 best: 23.6 mean: 82.56218905472637
gen: 69 best: 23.6 mean: 82.70995024875621
gen: 70 best: 23.6 mean: 85.43731343283582
gen: 71 best: 23.6 mean: 79.21492537313432
gen: 72 best: 23.6 mean: 84.90248756218905
gen: 73 best: 23.6 mean: 82.42835820895522
gen: 74 best: 23.6 mean: 81.14179104477611
gen: 75 best: 23.6 mean: 81.77164179104477
gen: 76 best: 23.6 mean: 79.61691542288557
gen: 77 best: 23.6 mean: 81.13134328358208
gen: 78 best: 23.6 mean: 79.8223880597015
gen: 79 best: 23.6 mean: 81.05223880597015
gen: 80 best: 23.6 mean: 79.2134328358209
gen: 81 best: 23.6 mean: 80.1681592039801
gen: 82 best: 23.6 mean: 77.88059701492537
gen: 83 best: 23.6 mean: 79.18159203980099
gen: 84 best: 23.6 mean: 76.63383084577114
gen: 85 best: 23.6 mean: 78.38955223880598
gen: 86 best: 23.6 mean: 74.05771144278607
gen: 87 best: 23.6 mean: 78.19253731343284
gen: 88 best: 23.6 mean: 75.75572139303483
gen: 89 best: 23.6 mean: 74.41542288557214
gen: 90 best: 23.6 mean: 75.12587064676617
gen: 91 best: 23.6 mean: 75.20597014925373
gen: 92 best: 23.6 mean: 76.98109452736318
gen: 93 best: 23.6 mean: 78.77860696517413
gen: 94 best: 23.6 mean: 76.82388059701492
gen: 95 best: 23.6 mean: 74.25323383084577
gen: 96 best: 23.6 mean: 75.76019900497512
gen: 97 best: 23.6 mean: 78.46915422885571
gen: 98 best: 23.6 mean: 74.17562189054726
gen: 99 best: 23.6 mean: 77.31691542288557
[5, 3, 5, 5, 5, 5, 3, 6, 5, 6, 4, 5, 5, 9, 5, 5, 5, 5, 4, 5, 5, 5]
Test count of edges: 482
cat
