Defaulting to user installation because normal site-packages is not writeable
Looking in links: /cvmfs/soft.computecanada.ca/custom/python/wheelhouse/gentoo/avx2, /cvmfs/soft.computecanada.ca/custom/python/wheelhouse/gentoo/generic, /cvmfs/soft.computecanada.ca/custom/python/wheelhouse/generic
Requirement already satisfied: graphviz in /home/js17sy/.local/lib/python3.10/site-packages (0.20)
390; python ga.py 10 256N_graph10.dat 0.075 0.03 0.5 0.5 0.5 201 256N_graph10laxgen1rem50_ 856830
/project/6008788/js17sy/reopenga/256a/ga.py:291: DeprecationWarning: Sampling from a set deprecated
since Python 3.9 and will be removed in a subsequent version.
  child1 = set(random.sample(
gen >0, new best = 180.900
gen >0, new best = 177.800
gen >0, new best = 175.800
gen >0, new best = 171.400
gen >0, new best = 167.200
gen >0, new best = 161.700
gen: 0 best: 161.7 mean: 175.6099502487562
gen: 1 best: 161.7 mean: 174.78507462686568
gen >2, new best = 161.600
gen >2, new best = 155.600
gen: 2 best: 155.6 mean: 174.11990049751245
gen: 3 best: 155.6 mean: 173.7318407960199
gen >4, new best = 149.200
gen: 4 best: 149.2 mean: 173.61691542288557
gen: 5 best: 149.2 mean: 173.01641791044776
gen: 6 best: 149.2 mean: 172.93532338308458
gen: 7 best: 149.2 mean: 172.26716417910447
gen: 8 best: 149.2 mean: 171.66069651741293
gen: 9 best: 149.2 mean: 170.9592039800995
gen: 10 best: 149.2 mean: 171.51691542288557
gen: 11 best: 149.2 mean: 170.64228855721393
gen: 12 best: 149.2 mean: 171.56716417910448
gen: 13 best: 149.2 mean: 170.57363184079603
gen: 14 best: 149.2 mean: 170.35174129353234
gen: 15 best: 149.2 mean: 169.97114427860697
gen >16, new best = 142.600
gen: 16 best: 142.6 mean: 169.74776119402986
gen: 17 best: 142.6 mean: 169.1502487562189
gen: 18 best: 142.6 mean: 168.6099502487562
gen: 19 best: 142.6 mean: 168.87910447761195
gen: 20 best: 142.6 mean: 168.97661691542288
gen: 21 best: 142.6 mean: 167.73731343283583
gen: 22 best: 142.6 mean: 167.126368159204
gen: 23 best: 142.6 mean: 166.4636815920398
gen: 24 best: 142.6 mean: 165.5402985074627
gen: 25 best: 142.6 mean: 165.38059701492537
gen: 26 best: 142.6 mean: 165.21144278606965
gen: 27 best: 142.6 mean: 165.36616915422886
gen: 28 best: 142.6 mean: 164.30746268656716
gen >29, new best = 141.800
gen: 29 best: 141.8 mean: 163.82835820895522
gen: 30 best: 141.8 mean: 163.9497512437811
gen: 31 best: 141.8 mean: 163.16666666666666
gen: 32 best: 141.8 mean: 162.99850746268658
gen: 33 best: 141.8 mean: 163.55323383084578
gen: 34 best: 141.8 mean: 162.64278606965175
gen: 35 best: 141.8 mean: 163.37114427860698
gen: 36 best: 141.8 mean: 162.92487562189055
gen: 37 best: 141.8 mean: 162.81044776119404
gen: 38 best: 141.8 mean: 162.72139303482587
gen: 39 best: 141.8 mean: 162.35671641791043
gen: 40 best: 141.8 mean: 162.21840796019902
gen >41, new best = 141.400
gen: 41 best: 141.4 mean: 162.3825870646766
gen: 42 best: 141.4 mean: 162.6358208955224
gen: 43 best: 141.4 mean: 162.67611940298508
gen: 44 best: 141.4 mean: 162.41940298507464
gen: 45 best: 141.4 mean: 161.76865671641792
gen: 46 best: 141.4 mean: 162.01144278606967
gen: 47 best: 141.4 mean: 161.70248756218905
gen: 48 best: 141.4 mean: 161.9084577114428
gen: 49 best: 141.4 mean: 162.02039800995024
gen: 50 best: 141.4 mean: 161.89402985074628
gen: 51 best: 141.4 mean: 161.8084577114428
gen: 52 best: 141.4 mean: 161.54378109452736
gen: 53 best: 141.4 mean: 160.8781094527363
gen: 54 best: 141.4 mean: 160.69850746268656
gen: 55 best: 141.4 mean: 160.47562189054727
gen: 56 best: 141.4 mean: 161.28059701492538
gen: 57 best: 141.4 mean: 160.3587064676617
gen: 58 best: 141.4 mean: 160.2776119402985
gen: 59 best: 141.4 mean: 160.31990049751244
gen: 60 best: 141.4 mean: 161.33383084577113
gen >61, new best = 135.700
gen: 61 best: 135.7 mean: 160.6636815920398
gen: 62 best: 135.7 mean: 161.02636815920397
gen: 63 best: 135.7 mean: 160.57363184079603
gen: 64 best: 135.7 mean: 159.91194029850746
gen: 65 best: 135.7 mean: 161.13134328358208
gen: 66 best: 135.7 mean: 159.8363184079602
gen: 67 best: 135.7 mean: 160.27014925373135
gen: 68 best: 135.7 mean: 160.50497512437812
gen: 69 best: 135.7 mean: 160.11293532338308
gen: 70 best: 135.7 mean: 160.22985074626865
gen: 71 best: 135.7 mean: 160.30199004975125
gen: 72 best: 135.7 mean: 160.35373134328358
gen: 73 best: 135.7 mean: 160.29402985074626
gen: 74 best: 135.7 mean: 159.66666666666666
gen: 75 best: 135.7 mean: 159.69353233830847
gen: 76 best: 135.7 mean: 159.20547263681593
gen: 77 best: 135.7 mean: 159.8497512437811
gen: 78 best: 135.7 mean: 159.9587064676617
gen: 79 best: 135.7 mean: 159.29303482587065
gen: 80 best: 135.7 mean: 159.05223880597015
gen: 81 best: 135.7 mean: 157.92487562189055
gen: 82 best: 135.7 mean: 158.95621890547264
gen: 83 best: 135.7 mean: 158.99950248756218
gen: 84 best: 135.7 mean: 158.1179104477612
gen: 85 best: 135.7 mean: 158.28059701492538
gen: 86 best: 135.7 mean: 158.12437810945275
gen: 87 best: 135.7 mean: 157.9313432835821
gen: 88 best: 135.7 mean: 157.94726368159203
gen: 89 best: 135.7 mean: 158.08805970149254
gen: 90 best: 135.7 mean: 157.25970149253732
gen: 91 best: 135.7 mean: 157.60845771144278
gen: 92 best: 135.7 mean: 157.63781094527363
gen: 93 best: 135.7 mean: 157.2681592039801
gen: 94 best: 135.7 mean: 157.8766169154229
gen: 95 best: 135.7 mean: 157.67910447761193
gen: 96 best: 135.7 mean: 157.2726368159204
gen: 97 best: 135.7 mean: 157.0771144278607
gen: 98 best: 135.7 mean: 157.21592039800996
gen: 99 best: 135.7 mean: 157.54726368159203
[9, 10, 9, 9, 10, 10, 10, 10, 10, 8, 5, 11, 8, 9, 10, 9, 11, 9, 9, 10, 9, 8, 8, 9, 9, 9, 8, 9, 9, 9, 7, 9, 9, 10, 9]
Test count of edges: 794
cat
