Defaulting to user installation because normal site-packages is not writeable
Looking in links: /cvmfs/soft.computecanada.ca/custom/python/wheelhouse/gentoo/avx2, /cvmfs/soft.computecanada.ca/custom/python/wheelhouse/gentoo/generic, /cvmfs/soft.computecanada.ca/custom/python/wheelhouse/generic
Requirement already satisfied: graphviz in /home/js17sy/.local/lib/python3.10/site-packages (0.20)
158; python ga.py 10 256N_graph10.dat 0.025 0.01 0.7 0.9 0.1 201 256N_graph10strictgen3rem70_ 228488
/project/6008788/js17sy/reopenga/256a/ga.py:291: DeprecationWarning: Sampling from a set deprecated
since Python 3.9 and will be removed in a subsequent version.
  child1 = set(random.sample(
gen >0, new best = 168.800
gen >0, new best = 137.400
gen >0, new best = 131.500
gen >0, new best = 127.400
gen >0, new best = 121.800
gen >0, new best = 89.100
gen >0, new best = 83.200
gen >0, new best = 78.800
gen >0, new best = 71.700
gen: 0 best: 71.7 mean: 137.1636815920398
gen >1, new best = 60.800
gen: 1 best: 60.8 mean: 131.37412935323383
gen: 2 best: 60.8 mean: 138.45621890547264
gen: 3 best: 60.8 mean: 132.2049751243781
gen: 4 best: 60.8 mean: 132.1686567164179
gen >5, new best = 58.900
gen: 5 best: 58.9 mean: 132.84427860696516
gen >6, new best = 49.800
gen: 6 best: 49.8 mean: 129.8318407960199
gen: 7 best: 49.8 mean: 132.3910447761194
gen: 8 best: 49.8 mean: 132.5686567164179
gen: 9 best: 49.8 mean: 132.19203980099502
gen: 10 best: 49.8 mean: 131.15273631840796
gen: 11 best: 49.8 mean: 130.9905472636816
gen: 12 best: 49.8 mean: 127.83830845771145
gen: 13 best: 49.8 mean: 123.63731343283582
gen: 14 best: 49.8 mean: 122.57164179104478
gen >15, new best = 45.100
gen: 15 best: 45.1 mean: 126.10049751243781
gen: 16 best: 45.1 mean: 124.86616915422886
gen: 17 best: 45.1 mean: 121.4547263681592
gen: 18 best: 45.1 mean: 116.52537313432836
gen: 19 best: 45.1 mean: 120.15721393034826
gen: 20 best: 45.1 mean: 115.99452736318408
gen: 21 best: 45.1 mean: 119.25273631840795
gen >22, new best = 28.700
gen: 22 best: 28.7 mean: 118.4592039800995
gen: 23 best: 28.7 mean: 116.54875621890547
gen: 24 best: 28.7 mean: 115.02935323383085
gen >25, new best = 27.900
gen: 25 best: 27.9 mean: 108.39651741293532
gen: 26 best: 27.9 mean: 111.76268656716418
gen: 27 best: 27.9 mean: 106.78955223880597
gen: 28 best: 27.9 mean: 107.05970149253731
gen: 29 best: 27.9 mean: 106.97313432835821
gen >30, new best = 27.600
gen: 30 best: 27.6 mean: 102.84875621890548
gen: 31 best: 27.6 mean: 101.41940298507463
gen: 32 best: 27.6 mean: 102.83781094527363
gen >33, new best = 24.000
gen: 33 best: 24.0 mean: 101.90696517412935
gen >34, new best = 22.600
gen: 34 best: 22.6 mean: 97.00646766169154
gen: 35 best: 22.6 mean: 93.85273631840796
gen: 36 best: 22.6 mean: 90.41741293532338
gen: 37 best: 22.6 mean: 93.61840796019901
gen: 38 best: 22.6 mean: 89.49253731343283
gen: 39 best: 22.6 mean: 85.77114427860697
gen: 40 best: 22.6 mean: 86.49601990049752
gen: 41 best: 22.6 mean: 83.52537313432836
gen >42, new best = 22.100
gen: 42 best: 22.1 mean: 82.25522388059701
gen: 43 best: 22.1 mean: 80.68009950248756
gen: 44 best: 22.1 mean: 77.1950248756219
gen: 45 best: 22.1 mean: 79.94726368159203
gen: 46 best: 22.1 mean: 77.8
gen: 47 best: 22.1 mean: 77.50049751243782
gen >48, new best = 21.800
gen: 48 best: 21.8 mean: 72.30597014925374
gen: 49 best: 21.8 mean: 70.14378109452737
gen: 50 best: 21.8 mean: 69.4820895522388
gen >51, new best = 21.300
gen: 51 best: 21.3 mean: 67.75522388059701
gen: 52 best: 21.3 mean: 68.91094527363184
gen: 53 best: 21.3 mean: 69.33930348258707
gen: 54 best: 21.3 mean: 70.40099502487563
gen: 55 best: 21.3 mean: 69.59900497512437
gen: 56 best: 21.3 mean: 70.00049751243782
gen: 57 best: 21.3 mean: 69.28706467661692
gen: 58 best: 21.3 mean: 69.5502487562189
gen: 59 best: 21.3 mean: 69.24278606965174
gen: 60 best: 21.3 mean: 67.2995024875622
gen: 61 best: 21.3 mean: 63.17562189054726
gen: 62 best: 21.3 mean: 66.83134328358209
gen: 63 best: 21.3 mean: 63.9318407960199
gen: 64 best: 21.3 mean: 63.16169154228856
gen: 65 best: 21.3 mean: 63.64776119402985
gen: 66 best: 21.3 mean: 62.45970149253731
gen: 67 best: 21.3 mean: 63.525373134328355
gen: 68 best: 21.3 mean: 63.18557213930348
gen: 69 best: 21.3 mean: 64.02537313432836
gen: 70 best: 21.3 mean: 66.59303482587065
gen: 71 best: 21.3 mean: 67.3
gen: 72 best: 21.3 mean: 63.048756218905474
gen >73, new best = 20.800
gen: 73 best: 20.8 mean: 58.93731343283582
gen: 74 best: 20.8 mean: 63.201492537313435
gen: 75 best: 20.8 mean: 63.82388059701493
gen: 76 best: 20.8 mean: 62.0457711442786
gen: 77 best: 20.8 mean: 63.23134328358209
gen: 78 best: 20.8 mean: 62.39850746268657
gen: 79 best: 20.8 mean: 57.47014925373134
gen >80, new best = 20.400
gen: 80 best: 20.4 mean: 58.224378109452736
gen: 81 best: 20.4 mean: 59.6681592039801
gen: 82 best: 20.4 mean: 63.67661691542288
gen: 83 best: 20.4 mean: 62.29601990049751
gen: 84 best: 20.4 mean: 62.145273631840794
gen: 85 best: 20.4 mean: 63.84726368159204
gen: 86 best: 20.4 mean: 59.75074626865672
gen >87, new best = 20.200
gen: 87 best: 20.2 mean: 59.146766169154226
gen: 88 best: 20.2 mean: 60.56666666666667
gen: 89 best: 20.2 mean: 56.612935323383084
gen: 90 best: 20.2 mean: 58.04676616915423
gen: 91 best: 20.2 mean: 60.07462686567164
gen: 92 best: 20.2 mean: 59.44378109452736
gen: 93 best: 20.2 mean: 59.21890547263681
gen: 94 best: 20.2 mean: 61.02636815920398
gen: 95 best: 20.2 mean: 59.06716417910448
gen: 96 best: 20.2 mean: 57.82338308457712
gen: 97 best: 20.2 mean: 56.04278606965174
gen: 98 best: 20.2 mean: 61.57860696517413
gen: 99 best: 20.2 mean: 59.39353233830846
[4, 5, 14, 3, 5, 4, 5, 4, 4, 5, 4, 6, 4, 5, 5, 3, 4, 5, 5, 4]
Test count of edges: 468
cat
