Defaulting to user installation because normal site-packages is not writeable
Looking in links: /cvmfs/soft.computecanada.ca/custom/python/wheelhouse/gentoo/avx2, /cvmfs/soft.computecanada.ca/custom/python/wheelhouse/gentoo/generic, /cvmfs/soft.computecanada.ca/custom/python/wheelhouse/generic
Requirement already satisfied: graphviz in /home/js17sy/.local/lib/python3.10/site-packages (0.20)
226; python ga.py 10 256N_graph10.dat 0.05 0.02 0.5 0.7 0.3 201 256N_graph10mediumgen2rem50_ 456976
/project/6008788/js17sy/reopenga/256a/ga.py:291: DeprecationWarning: Sampling from a set deprecated
since Python 3.9 and will be removed in a subsequent version.
  child1 = set(random.sample(
gen >0, new best = 173.500
gen >0, new best = 154.600
gen >0, new best = 149.400
gen: 0 best: 149.4 mean: 167.89253731343283
gen >1, new best = 148.500
gen >1, new best = 144.300
gen: 1 best: 144.3 mean: 167.65572139303484
gen: 2 best: 144.3 mean: 166.13432835820896
gen: 3 best: 144.3 mean: 166.0363184079602
gen: 4 best: 144.3 mean: 166.41492537313434
gen: 5 best: 144.3 mean: 165.32835820895522
gen: 6 best: 144.3 mean: 165.2537313432836
gen: 7 best: 144.3 mean: 165.38706467661692
gen: 8 best: 144.3 mean: 165.34328358208955
gen >9, new best = 143.000
gen: 9 best: 143.0 mean: 163.78258706467662
gen: 10 best: 143.0 mean: 163.71592039800996
gen: 11 best: 143.0 mean: 163.31641791044777
gen >12, new best = 142.700
gen: 12 best: 142.7 mean: 161.955223880597
gen: 13 best: 142.7 mean: 161.6950248756219
gen >14, new best = 140.200
gen: 14 best: 140.2 mean: 160.37761194029852
gen >15, new best = 139.300
gen: 15 best: 139.3 mean: 160.13681592039802
gen >16, new best = 133.500
gen: 16 best: 133.5 mean: 160.35273631840795
gen: 17 best: 133.5 mean: 159.2691542288557
gen: 18 best: 133.5 mean: 158.41343283582088
gen: 19 best: 133.5 mean: 157.46019900497512
gen: 20 best: 133.5 mean: 157.67164179104478
gen >21, new best = 131.600
gen: 21 best: 131.6 mean: 156.1358208955224
gen: 22 best: 131.6 mean: 155.37114427860698
gen >23, new best = 129.700
gen: 23 best: 129.7 mean: 154.1537313432836
gen: 24 best: 129.7 mean: 153.95074626865673
gen: 25 best: 129.7 mean: 153.71243781094526
gen: 26 best: 129.7 mean: 153.78955223880598
gen: 27 best: 129.7 mean: 153.0910447761194
gen: 28 best: 129.7 mean: 152.5950248756219
gen: 29 best: 129.7 mean: 151.41492537313434
gen: 30 best: 129.7 mean: 151.12985074626866
gen: 31 best: 129.7 mean: 150.7950248756219
gen: 32 best: 129.7 mean: 151.20149253731344
gen: 33 best: 129.7 mean: 149.94477611940297
gen: 34 best: 129.7 mean: 148.68557213930347
gen: 35 best: 129.7 mean: 148.49054726368158
gen: 36 best: 129.7 mean: 148.4781094527363
gen: 37 best: 129.7 mean: 147.6099502487562
gen >38, new best = 126.000
gen: 38 best: 126.0 mean: 148.5990049751244
gen: 39 best: 126.0 mean: 147.30149253731344
gen: 40 best: 126.0 mean: 147.56616915422885
gen >41, new best = 123.200
gen >41, new best = 123.100
gen: 41 best: 123.1 mean: 147.72039800995026
gen: 42 best: 123.1 mean: 147.50199004975124
gen >43, new best = 121.100
gen: 43 best: 121.1 mean: 146.83830845771143
gen: 44 best: 121.1 mean: 146.61094527363184
gen: 45 best: 121.1 mean: 147.2273631840796
gen: 46 best: 121.1 mean: 145.82189054726368
gen: 47 best: 121.1 mean: 145.82835820895522
gen: 48 best: 121.1 mean: 146.66268656716417
gen: 49 best: 121.1 mean: 145.78955223880598
gen: 50 best: 121.1 mean: 144.71641791044777
gen: 51 best: 121.1 mean: 144.60149253731342
gen: 52 best: 121.1 mean: 145.97761194029852
gen: 53 best: 121.1 mean: 144.8228855721393
gen: 54 best: 121.1 mean: 144.84228855721392
gen: 55 best: 121.1 mean: 143.77462686567165
gen: 56 best: 121.1 mean: 142.5686567164179
gen: 57 best: 121.1 mean: 142.84776119402986
gen: 58 best: 121.1 mean: 143.3865671641791
gen >59, new best = 119.800
gen: 59 best: 119.8 mean: 143.8268656716418
gen: 60 best: 119.8 mean: 142.86218905472637
gen: 61 best: 119.8 mean: 142.30099502487562
gen >62, new best = 118.900
gen: 62 best: 118.9 mean: 142.19203980099502
gen: 63 best: 118.9 mean: 141.46467661691543
gen: 64 best: 118.9 mean: 141.11194029850748
gen: 65 best: 118.9 mean: 142.1402985074627
gen >66, new best = 115.400
gen: 66 best: 115.4 mean: 140.90199004975125
gen: 67 best: 115.4 mean: 140.86467661691543
gen: 68 best: 115.4 mean: 141.1950248756219
gen: 69 best: 115.4 mean: 140.5134328358209
gen: 70 best: 115.4 mean: 140.15522388059702
gen: 71 best: 115.4 mean: 139.39800995024876
gen >72, new best = 113.000
gen: 72 best: 113.0 mean: 139.61243781094527
gen: 73 best: 113.0 mean: 138.99253731343285
gen: 74 best: 113.0 mean: 139.1820895522388
gen: 75 best: 113.0 mean: 138.9825870646766
gen: 76 best: 113.0 mean: 138.89402985074628
gen: 77 best: 113.0 mean: 138.39303482587064
gen: 78 best: 113.0 mean: 138.4139303482587
gen: 79 best: 113.0 mean: 138.11293532338308
gen: 80 best: 113.0 mean: 137.27960199004974
gen: 81 best: 113.0 mean: 136.38905472636816
gen: 82 best: 113.0 mean: 136.65522388059702
gen: 83 best: 113.0 mean: 137.03233830845772
gen: 84 best: 113.0 mean: 137.81741293532338
gen: 85 best: 113.0 mean: 137.1328358208955
gen: 86 best: 113.0 mean: 138.04378109452736
gen: 87 best: 113.0 mean: 136.63134328358208
gen: 88 best: 113.0 mean: 136.75870646766168
gen: 89 best: 113.0 mean: 137.2278606965174
gen: 90 best: 113.0 mean: 135.36169154228855
gen: 91 best: 113.0 mean: 136.00796019900497
gen: 92 best: 113.0 mean: 136.5174129353234
gen: 93 best: 113.0 mean: 137.39701492537313
gen: 94 best: 113.0 mean: 136.44427860696518
gen: 95 best: 113.0 mean: 136.23034825870647
gen: 96 best: 113.0 mean: 135.99850746268658
gen: 97 best: 113.0 mean: 136.9407960199005
gen >98, new best = 103.100
gen: 98 best: 103.1 mean: 135.92487562189055
gen: 99 best: 103.1 mean: 135.21691542288556
[8, 9, 9, 10, 10, 9, 9, 9, 11, 9, 9, 9, 10, 9, 10, 10, 10, 9, 12, 11, 10, 9, 9, 10, 10, 8, 8, 11, 10]
Test count of edges: 794
cat
