Defaulting to user installation because normal site-packages is not writeable
Looking in links: /cvmfs/soft.computecanada.ca/custom/python/wheelhouse/gentoo/avx2, /cvmfs/soft.computecanada.ca/custom/python/wheelhouse/gentoo/generic, /cvmfs/soft.computecanada.ca/custom/python/wheelhouse/generic
Requirement already satisfied: graphviz in /home/js17sy/.local/lib/python3.10/site-packages (0.20)
483; python ga.py 10 256N_graph10.dat 0.075 0.03 0.7 0.7 0.3 201 256N_graph10laxgen2rem70_ 85683
/project/6008788/js17sy/reopenga/256a/ga.py:291: DeprecationWarning: Sampling from a set deprecated
since Python 3.9 and will be removed in a subsequent version.
  child1 = set(random.sample(
gen >0, new best = 184.400
gen >0, new best = 180.900
gen >0, new best = 173.300
gen >0, new best = 170.500
gen >0, new best = 170.300
gen >0, new best = 169.800
gen >0, new best = 167.300
gen >0, new best = 157.400
gen >0, new best = 152.900
gen >0, new best = 152.800
gen >0, new best = 147.200
gen: 0 best: 147.2 mean: 181.7813432835821
gen: 1 best: 147.2 mean: 181.6004975124378
gen >2, new best = 146.000
gen >2, new best = 142.400
gen >2, new best = 140.200
gen: 2 best: 140.2 mean: 179.13432835820896
gen: 3 best: 140.2 mean: 177.89601990049752
gen: 4 best: 140.2 mean: 175.32835820895522
gen >5, new best = 140.100
gen: 5 best: 140.1 mean: 174.8223880597015
gen: 6 best: 140.1 mean: 173.14626865671642
gen: 7 best: 140.1 mean: 173.1820895522388
gen >8, new best = 139.900
gen >8, new best = 137.400
gen >8, new best = 135.800
gen: 8 best: 135.8 mean: 169.80348258706468
gen >9, new best = 134.300
gen: 9 best: 134.3 mean: 169.43930348258706
gen >10, new best = 132.600
gen: 10 best: 132.6 mean: 168.37213930348258
gen >11, new best = 130.000
gen: 11 best: 130.0 mean: 167.56069651741294
gen: 12 best: 130.0 mean: 165.8139303482587
gen: 13 best: 130.0 mean: 165.94676616915422
gen: 14 best: 130.0 mean: 166.02388059701494
gen >15, new best = 122.900
gen: 15 best: 122.9 mean: 164.8542288557214
gen: 16 best: 122.9 mean: 161.83930348258707
gen: 17 best: 122.9 mean: 162.51194029850745
gen >18, new best = 115.000
gen: 18 best: 115.0 mean: 160.47363184079603
gen: 19 best: 115.0 mean: 161.05074626865672
gen: 20 best: 115.0 mean: 160.79701492537313
gen: 21 best: 115.0 mean: 160.70845771144278
gen: 22 best: 115.0 mean: 162.3233830845771
gen: 23 best: 115.0 mean: 161.1915422885572
gen: 24 best: 115.0 mean: 159.48208955223882
gen: 25 best: 115.0 mean: 160.28358208955223
gen: 26 best: 115.0 mean: 159.44179104477612
gen: 27 best: 115.0 mean: 159.3089552238806
gen: 28 best: 115.0 mean: 161.54328358208954
gen: 29 best: 115.0 mean: 157.95174129353234
gen: 30 best: 115.0 mean: 157.6492537313433
gen: 31 best: 115.0 mean: 157.9955223880597
gen: 32 best: 115.0 mean: 155.78905472636816
gen: 33 best: 115.0 mean: 156.87114427860698
gen: 34 best: 115.0 mean: 156.7810945273632
gen: 35 best: 115.0 mean: 156.0099502487562
gen: 36 best: 115.0 mean: 155.09353233830845
gen: 37 best: 115.0 mean: 157.5686567164179
gen: 38 best: 115.0 mean: 155.10945273631842
gen: 39 best: 115.0 mean: 154.18905472636817
gen: 40 best: 115.0 mean: 153.2497512437811
gen: 41 best: 115.0 mean: 153.59800995024875
gen: 42 best: 115.0 mean: 151.9870646766169
gen: 43 best: 115.0 mean: 152.8004975124378
gen: 44 best: 115.0 mean: 152.3597014925373
gen: 45 best: 115.0 mean: 152.28805970149253
gen: 46 best: 115.0 mean: 152.2223880597015
gen: 47 best: 115.0 mean: 152.33830845771143
gen: 48 best: 115.0 mean: 152.58109452736318
gen: 49 best: 115.0 mean: 152.80796019900498
gen >50, new best = 114.100
gen: 50 best: 114.1 mean: 151.518407960199
gen: 51 best: 114.1 mean: 151.55621890547263
gen: 52 best: 114.1 mean: 153.081592039801
gen: 53 best: 114.1 mean: 152.64726368159205
gen: 54 best: 114.1 mean: 152.82587064676616
gen: 55 best: 114.1 mean: 151.04676616915424
gen: 56 best: 114.1 mean: 151.34577114427861
gen: 57 best: 114.1 mean: 150.2318407960199
gen: 58 best: 114.1 mean: 152.02935323383085
gen: 59 best: 114.1 mean: 151.00398009950248
gen: 60 best: 114.1 mean: 150.78706467661692
gen: 61 best: 114.1 mean: 150.19452736318408
gen: 62 best: 114.1 mean: 151.74726368159205
gen: 63 best: 114.1 mean: 150.32437810945274
gen: 64 best: 114.1 mean: 150.40199004975125
gen: 65 best: 114.1 mean: 152.08059701492536
gen: 66 best: 114.1 mean: 150.29800995024877
gen >67, new best = 113.100
gen: 67 best: 113.1 mean: 149.9179104477612
gen >68, new best = 112.100
gen: 68 best: 112.1 mean: 149.581592039801
gen: 69 best: 112.1 mean: 151.73582089552238
gen: 70 best: 112.1 mean: 149.35621890547264
gen: 71 best: 112.1 mean: 150.4273631840796
gen: 72 best: 112.1 mean: 150.33830845771143
gen: 73 best: 112.1 mean: 150.03930348258706
gen: 74 best: 112.1 mean: 150.4636815920398
gen: 75 best: 112.1 mean: 148.8995024875622
gen: 76 best: 112.1 mean: 149.05820895522388
gen: 77 best: 112.1 mean: 148.73333333333332
gen: 78 best: 112.1 mean: 149.79800995024877
gen: 79 best: 112.1 mean: 149.3726368159204
gen: 80 best: 112.1 mean: 147.1457711442786
gen: 81 best: 112.1 mean: 147.89154228855722
gen: 82 best: 112.1 mean: 148.3587064676617
gen: 83 best: 112.1 mean: 147.70597014925374
gen: 84 best: 112.1 mean: 151.04278606965175
gen: 85 best: 112.1 mean: 147.61641791044775
gen: 86 best: 112.1 mean: 148.6452736318408
gen: 87 best: 112.1 mean: 147.65124378109454
gen: 88 best: 112.1 mean: 148.24676616915423
gen: 89 best: 112.1 mean: 147.47761194029852
gen: 90 best: 112.1 mean: 148.04825870646766
gen: 91 best: 112.1 mean: 146.9039800995025
gen: 92 best: 112.1 mean: 146.99950248756218
gen: 93 best: 112.1 mean: 148.38059701492537
gen: 94 best: 112.1 mean: 146.7323383084577
gen: 95 best: 112.1 mean: 148.05820895522388
gen: 96 best: 112.1 mean: 147.7353233830846
gen: 97 best: 112.1 mean: 147.72487562189056
gen: 98 best: 112.1 mean: 147.25422885572138
gen: 99 best: 112.1 mean: 147.29601990049753
[7, 8, 9, 8, 8, 8, 8, 9, 8, 9, 8, 8, 8, 5, 9, 8, 8, 6, 9, 5, 8, 9, 8, 7, 9, 5, 8, 9, 8]
Test count of edges: 481
cat
