Defaulting to user installation because normal site-packages is not writeable
Looking in links: /cvmfs/soft.computecanada.ca/custom/python/wheelhouse/gentoo/avx2, /cvmfs/soft.computecanada.ca/custom/python/wheelhouse/gentoo/generic, /cvmfs/soft.computecanada.ca/custom/python/wheelhouse/generic
Requirement already satisfied: graphviz in /home/js17sy/.local/lib/python3.10/site-packages (0.20)
5; python ga.py 10 256N_graph10.dat 0.025 0.01 0.5 0.5 0.5 201 256N_graph10strictgen1rem50_ 142805
/project/6008788/js17sy/reopenga/256a/ga.py:291: DeprecationWarning: Sampling from a set deprecated
since Python 3.9 and will be removed in a subsequent version.
  child1 = set(random.sample(
gen >0, new best = 155.300
gen >0, new best = 152.700
gen >0, new best = 151.300
gen >0, new best = 143.600
gen >0, new best = 135.700
gen >0, new best = 128.100
gen >0, new best = 125.300
gen >0, new best = 118.500
gen: 0 best: 118.5 mean: 152.4853233830846
gen: 1 best: 118.5 mean: 152.38855721393034
gen >2, new best = 109.300
gen: 2 best: 109.3 mean: 153.20298507462687
gen: 3 best: 109.3 mean: 152.9323383084577
gen: 4 best: 109.3 mean: 152.1452736318408
gen >5, new best = 106.200
gen: 5 best: 106.2 mean: 151.29253731343283
gen: 6 best: 106.2 mean: 152.8363184079602
gen: 7 best: 106.2 mean: 152.06616915422885
gen: 8 best: 106.2 mean: 151.68009950248756
gen: 9 best: 106.2 mean: 152.8900497512438
gen: 10 best: 106.2 mean: 151.49950248756218
gen: 11 best: 106.2 mean: 152.03880597014924
gen >12, new best = 94.800
gen: 12 best: 94.8 mean: 150.2995024875622
gen: 13 best: 94.8 mean: 150.37562189054725
gen: 14 best: 94.8 mean: 149.73582089552238
gen: 15 best: 94.8 mean: 152.26268656716417
gen: 16 best: 94.8 mean: 150.18059701492538
gen: 17 best: 94.8 mean: 148.03781094527363
gen: 18 best: 94.8 mean: 149.4542288557214
gen: 19 best: 94.8 mean: 149.24726368159205
gen >20, new best = 93.200
gen: 20 best: 93.2 mean: 147.34378109452737
gen: 21 best: 93.2 mean: 149.28905472636816
gen: 22 best: 93.2 mean: 149.50199004975124
gen: 23 best: 93.2 mean: 149.31592039800995
gen: 24 best: 93.2 mean: 148.20398009950247
gen: 25 best: 93.2 mean: 146.18258706467662
gen >26, new best = 90.100
gen: 26 best: 90.1 mean: 148.68009950248756
gen: 27 best: 90.1 mean: 147.5860696517413
gen >28, new best = 81.300
gen: 28 best: 81.3 mean: 146.16169154228857
gen: 29 best: 81.3 mean: 145.72885572139305
gen: 30 best: 81.3 mean: 145.73980099502486
gen: 31 best: 81.3 mean: 143.626368159204
gen: 32 best: 81.3 mean: 144.2417910447761
gen: 33 best: 81.3 mean: 143.57114427860697
gen: 34 best: 81.3 mean: 144.62885572139302
gen: 35 best: 81.3 mean: 142.20995024875623
gen: 36 best: 81.3 mean: 142.39054726368158
gen: 37 best: 81.3 mean: 141.16119402985075
gen >38, new best = 77.900
gen: 38 best: 77.9 mean: 140.23134328358208
gen: 39 best: 77.9 mean: 141.49601990049752
gen: 40 best: 77.9 mean: 139.29751243781095
gen: 41 best: 77.9 mean: 137.7810945273632
gen: 42 best: 77.9 mean: 136.5174129353234
gen >43, new best = 77.600
gen: 43 best: 77.6 mean: 133.89303482587064
gen >44, new best = 68.300
gen: 44 best: 68.3 mean: 132.03781094527363
gen: 45 best: 68.3 mean: 129.01990049751242
gen >46, new best = 55.200
gen: 46 best: 55.2 mean: 129.46965174129355
gen: 47 best: 55.2 mean: 129.25323383084577
gen >48, new best = 52.600
gen: 48 best: 52.6 mean: 125.50547263681592
gen >49, new best = 49.200
gen: 49 best: 49.2 mean: 121.72139303482587
gen: 50 best: 49.2 mean: 122.03034825870647
gen: 51 best: 49.2 mean: 121.08208955223881
gen >52, new best = 46.100
gen: 52 best: 46.1 mean: 120.918407960199
gen >53, new best = 43.600
gen: 53 best: 43.6 mean: 120.3273631840796
gen: 54 best: 43.6 mean: 119.14029850746269
gen >55, new best = 42.500
gen: 55 best: 42.5 mean: 116.92935323383085
gen: 56 best: 42.5 mean: 121.6134328358209
gen: 57 best: 42.5 mean: 118.0592039800995
gen: 58 best: 42.5 mean: 115.17114427860696
gen: 59 best: 42.5 mean: 119.31243781094527
gen: 60 best: 42.5 mean: 116.72437810945274
gen: 61 best: 42.5 mean: 117.99353233830846
gen: 62 best: 42.5 mean: 114.66318407960199
gen: 63 best: 42.5 mean: 116.22985074626865
gen: 64 best: 42.5 mean: 118.54776119402985
gen: 65 best: 42.5 mean: 113.60746268656716
gen >66, new best = 31.700
gen: 66 best: 31.7 mean: 117.86666666666666
gen: 67 best: 31.7 mean: 115.48706467661691
gen: 68 best: 31.7 mean: 115.87960199004975
gen >69, new best = 30.800
gen: 69 best: 30.8 mean: 115.99850746268656
gen: 70 best: 30.8 mean: 115.12786069651742
gen: 71 best: 30.8 mean: 114.2412935323383
gen: 72 best: 30.8 mean: 114.06417910447762
gen: 73 best: 30.8 mean: 113.13034825870646
gen: 74 best: 30.8 mean: 113.21393034825871
gen: 75 best: 30.8 mean: 114.56766169154228
gen: 76 best: 30.8 mean: 113.64179104477611
gen: 77 best: 30.8 mean: 114.3547263681592
gen: 78 best: 30.8 mean: 114.61741293532339
gen: 79 best: 30.8 mean: 111.19950248756219
gen: 80 best: 30.8 mean: 111.25522388059701
gen: 81 best: 30.8 mean: 110.70298507462687
gen: 82 best: 30.8 mean: 111.5860696517413
gen: 83 best: 30.8 mean: 109.20597014925373
gen: 84 best: 30.8 mean: 105.68507462686567
gen: 85 best: 30.8 mean: 111.16616915422885
gen: 86 best: 30.8 mean: 107.92786069651741
gen: 87 best: 30.8 mean: 106.53880597014926
gen: 88 best: 30.8 mean: 103.29253731343283
gen: 89 best: 30.8 mean: 107.20199004975125
gen: 90 best: 30.8 mean: 103.8049751243781
gen: 91 best: 30.8 mean: 104.87661691542289
gen: 92 best: 30.8 mean: 100.37910447761195
gen: 93 best: 30.8 mean: 99.73731343283582
gen: 94 best: 30.8 mean: 103.83432835820895
gen: 95 best: 30.8 mean: 104.15721393034826
gen: 96 best: 30.8 mean: 104.5860696517413
gen: 97 best: 30.8 mean: 103.2
gen: 98 best: 30.8 mean: 102.31243781094527
gen: 99 best: 30.8 mean: 103.4542288557214
[8, 5, 15, 5, 5, 12, 6, 11, 7, 11, 5, 7, 7, 5, 5, 11, 7, 15, 6, 6, 6, 14, 12, 6, 13, 5, 6, 12, 12, 6, 8, 7, 9, 5]
Test count of edges: 800
cat
