Defaulting to user installation because normal site-packages is not writeable
Looking in links: /cvmfs/soft.computecanada.ca/custom/python/wheelhouse/gentoo/avx2, /cvmfs/soft.computecanada.ca/custom/python/wheelhouse/gentoo/generic, /cvmfs/soft.computecanada.ca/custom/python/wheelhouse/generic
Requirement already satisfied: graphviz in /home/js17sy/.local/lib/python3.10/site-packages (0.20)
367; python ga.py 10 256N_graph10.dat 0.075 0.03 0.5 0.5 0.5 201 256N_graph10laxgen1rem50_ 199927
/project/6008788/js17sy/reopenga/256a/ga.py:291: DeprecationWarning: Sampling from a set deprecated
since Python 3.9 and will be removed in a subsequent version.
  child1 = set(random.sample(
gen >0, new best = 186.200
gen >0, new best = 179.900
gen >0, new best = 167.600
gen >0, new best = 159.600
gen >0, new best = 158.900
gen: 0 best: 158.9 mean: 175.47985074626865
gen: 1 best: 158.9 mean: 174.33582089552237
gen: 2 best: 158.9 mean: 174.06517412935324
gen: 3 best: 158.9 mean: 173.45124378109452
gen >4, new best = 158.600
gen: 4 best: 158.6 mean: 172.80149253731344
gen >5, new best = 154.800
gen: 5 best: 154.8 mean: 172.81243781094528
gen >6, new best = 148.700
gen: 6 best: 148.7 mean: 171.41890547263682
gen: 7 best: 148.7 mean: 171.39850746268658
gen: 8 best: 148.7 mean: 171.38457711442786
gen: 9 best: 148.7 mean: 170.4363184079602
gen: 10 best: 148.7 mean: 170.1601990049751
gen: 11 best: 148.7 mean: 168.98557213930349
gen: 12 best: 148.7 mean: 170.2004975124378
gen: 13 best: 148.7 mean: 169.3134328358209
gen: 14 best: 148.7 mean: 168.11641791044775
gen: 15 best: 148.7 mean: 168.56666666666666
gen: 16 best: 148.7 mean: 168.75223880597014
gen: 17 best: 148.7 mean: 168.1721393034826
gen: 18 best: 148.7 mean: 168.36467661691543
gen: 19 best: 148.7 mean: 167.3900497512438
gen: 20 best: 148.7 mean: 166.39054726368158
gen >21, new best = 148.600
gen: 21 best: 148.6 mean: 166.38955223880598
gen >22, new best = 147.600
gen: 22 best: 147.6 mean: 166.6363184079602
gen: 23 best: 147.6 mean: 166.2407960199005
gen: 24 best: 147.6 mean: 165.5960199004975
gen: 25 best: 147.6 mean: 165.76119402985074
gen: 26 best: 147.6 mean: 165.79651741293532
gen: 27 best: 147.6 mean: 164.6721393034826
gen >28, new best = 146.900
gen: 28 best: 146.9 mean: 164.07910447761193
gen: 29 best: 146.9 mean: 164.226368159204
gen >30, new best = 145.900
gen: 30 best: 145.9 mean: 164.1776119402985
gen: 31 best: 145.9 mean: 163.34676616915422
gen: 32 best: 145.9 mean: 163.21243781094526
gen >33, new best = 143.100
gen: 33 best: 143.1 mean: 162.29004975124377
gen: 34 best: 143.1 mean: 163.16268656716417
gen: 35 best: 143.1 mean: 162.64328358208957
gen: 36 best: 143.1 mean: 161.43781094527364
gen: 37 best: 143.1 mean: 162.20099502487562
gen: 38 best: 143.1 mean: 162.71293532338308
gen: 39 best: 143.1 mean: 162.2044776119403
gen >40, new best = 138.700
gen: 40 best: 138.7 mean: 161.81741293532338
gen: 41 best: 138.7 mean: 161.15174129353233
gen: 42 best: 138.7 mean: 160.17512437810944
gen: 43 best: 138.7 mean: 160.93432835820894
gen: 44 best: 138.7 mean: 160.2960199004975
gen: 45 best: 138.7 mean: 159.95721393034825
gen: 46 best: 138.7 mean: 159.15323383084578
gen: 47 best: 138.7 mean: 159.76417910447762
gen: 48 best: 138.7 mean: 160.22089552238805
gen: 49 best: 138.7 mean: 160.04676616915424
gen >50, new best = 136.700
gen: 50 best: 136.7 mean: 159.9407960199005
gen: 51 best: 136.7 mean: 159.8
gen: 52 best: 136.7 mean: 160.31592039800995
gen: 53 best: 136.7 mean: 159.5641791044776
gen: 54 best: 136.7 mean: 159.08009950248757
gen: 55 best: 136.7 mean: 159.09203980099502
gen: 56 best: 136.7 mean: 159.18855721393035
gen: 57 best: 136.7 mean: 158.85572139303483
gen: 58 best: 136.7 mean: 158.76019900497514
gen: 59 best: 136.7 mean: 157.84378109452737
gen: 60 best: 136.7 mean: 159.39751243781095
gen: 61 best: 136.7 mean: 159.26567164179104
gen: 62 best: 136.7 mean: 158.86467661691543
gen: 63 best: 136.7 mean: 159.22487562189056
gen >64, new best = 136.600
gen: 64 best: 136.6 mean: 158.27462686567165
gen: 65 best: 136.6 mean: 158.68507462686568
gen: 66 best: 136.6 mean: 158.6144278606965
gen: 67 best: 136.6 mean: 158.73880597014926
gen: 68 best: 136.6 mean: 158.37412935323383
gen: 69 best: 136.6 mean: 158.08855721393036
gen: 70 best: 136.6 mean: 158.10099502487563
gen: 71 best: 136.6 mean: 158.24328358208956
gen: 72 best: 136.6 mean: 158.1452736318408
gen: 73 best: 136.6 mean: 158.17164179104478
gen: 74 best: 136.6 mean: 157.54776119402985
gen: 75 best: 136.6 mean: 157.46467661691543
gen: 76 best: 136.6 mean: 157.20845771144278
gen: 77 best: 136.6 mean: 157.69253731343284
gen: 78 best: 136.6 mean: 157.5512437810945
gen: 79 best: 136.6 mean: 156.78159203980098
gen >80, new best = 134.900
gen: 80 best: 134.9 mean: 157.8597014925373
gen: 81 best: 134.9 mean: 157.6587064676617
gen: 82 best: 134.9 mean: 157.6363184079602
gen: 83 best: 134.9 mean: 157.60845771144278
gen: 84 best: 134.9 mean: 157.8039800995025
gen: 85 best: 134.9 mean: 156.9502487562189
gen: 86 best: 134.9 mean: 157.66666666666666
gen: 87 best: 134.9 mean: 158.09701492537314
gen: 88 best: 134.9 mean: 157.6686567164179
gen: 89 best: 134.9 mean: 158.0636815920398
gen: 90 best: 134.9 mean: 157.67064676616914
gen: 91 best: 134.9 mean: 157.75721393034826
gen: 92 best: 134.9 mean: 157.70547263681593
gen: 93 best: 134.9 mean: 157.35024875621892
gen: 94 best: 134.9 mean: 157.24776119402986
gen: 95 best: 134.9 mean: 156.78457711442786
gen: 96 best: 134.9 mean: 157.75124378109453
gen: 97 best: 134.9 mean: 157.56218905472636
gen: 98 best: 134.9 mean: 156.82636815920398
gen: 99 best: 134.9 mean: 157.10646766169154
[10, 10, 9, 9, 10, 10, 11, 9, 10, 8, 8, 9, 9, 10, 5, 10, 9, 9, 9, 8, 9, 9, 8, 10, 11, 9, 10, 8, 9, 8, 9, 9, 12, 9, 8, 10]
Test count of edges: 806
cat
