Defaulting to user installation because normal site-packages is not writeable
Looking in links: /cvmfs/soft.computecanada.ca/custom/python/wheelhouse/gentoo/avx2, /cvmfs/soft.computecanada.ca/custom/python/wheelhouse/gentoo/generic, /cvmfs/soft.computecanada.ca/custom/python/wheelhouse/generic
Requirement already satisfied: graphviz in /home/js17sy/.local/lib/python3.10/site-packages (0.20)
47; python ga.py 10 256N_graph10.dat 0.025 0.01 0.5 0.7 0.3 201 256N_graph10strictgen2rem50_ 485537
/project/6008788/js17sy/reopenga/256a/ga.py:291: DeprecationWarning: Sampling from a set deprecated
since Python 3.9 and will be removed in a subsequent version.
  child1 = set(random.sample(
gen >0, new best = 148.600
gen >0, new best = 142.900
gen >0, new best = 140.700
gen >0, new best = 137.800
gen >0, new best = 132.100
gen >0, new best = 131.800
gen >0, new best = 129.800
gen >0, new best = 125.700
gen: 0 best: 125.7 mean: 153.6907960199005
gen: 1 best: 125.7 mean: 152.78308457711444
gen: 2 best: 125.7 mean: 154.58507462686566
gen >3, new best = 123.900
gen: 3 best: 123.9 mean: 152.10199004975124
gen: 4 best: 123.9 mean: 152.3587064676617
gen: 5 best: 123.9 mean: 153.0825870646766
gen: 6 best: 123.9 mean: 153.2139303482587
gen >7, new best = 109.400
gen: 7 best: 109.4 mean: 153.51940298507463
gen >8, new best = 108.700
gen: 8 best: 108.7 mean: 152.41044776119404
gen: 9 best: 108.7 mean: 153.1860696517413
gen: 10 best: 108.7 mean: 151.97910447761194
gen: 11 best: 108.7 mean: 153.27910447761195
gen: 12 best: 108.7 mean: 150.89601990049752
gen >13, new best = 106.900
gen: 13 best: 106.9 mean: 151.5502487562189
gen: 14 best: 106.9 mean: 151.8169154228856
gen >15, new best = 105.900
gen: 15 best: 105.9 mean: 151.32487562189056
gen: 16 best: 105.9 mean: 150.35373134328358
gen: 17 best: 105.9 mean: 151.42189054726367
gen: 18 best: 105.9 mean: 151.92189054726367
gen >19, new best = 93.200
gen: 19 best: 93.2 mean: 151.3771144278607
gen: 20 best: 93.2 mean: 149.39402985074628
gen: 21 best: 93.2 mean: 149.45223880597015
gen: 22 best: 93.2 mean: 150.46069651741294
gen: 23 best: 93.2 mean: 147.79154228855722
gen: 24 best: 93.2 mean: 147.7592039800995
gen: 25 best: 93.2 mean: 150.18407960199005
gen: 26 best: 93.2 mean: 149.25522388059701
gen: 27 best: 93.2 mean: 147.25671641791044
gen >28, new best = 67.700
gen: 28 best: 67.7 mean: 148.14378109452736
gen: 29 best: 67.7 mean: 145.28407960199004
gen: 30 best: 67.7 mean: 144.05671641791045
gen: 31 best: 67.7 mean: 143.10149253731342
gen: 32 best: 67.7 mean: 142.06467661691542
gen: 33 best: 67.7 mean: 141.90796019900498
gen: 34 best: 67.7 mean: 141.46766169154228
gen: 35 best: 67.7 mean: 141.82885572139304
gen: 36 best: 67.7 mean: 140.5358208955224
gen: 37 best: 67.7 mean: 141.7049751243781
gen: 38 best: 67.7 mean: 140.5721393034826
gen: 39 best: 67.7 mean: 140.1363184079602
gen: 40 best: 67.7 mean: 140.08457711442787
gen >41, new best = 64.400
gen: 41 best: 64.4 mean: 140.65621890547263
gen: 42 best: 64.4 mean: 139.38308457711443
gen: 43 best: 64.4 mean: 139.20845771144278
gen: 44 best: 64.4 mean: 138.03333333333333
gen: 45 best: 64.4 mean: 141.01194029850745
gen: 46 best: 64.4 mean: 136.06119402985075
gen: 47 best: 64.4 mean: 137.5139303482587
gen: 48 best: 64.4 mean: 137.87910447761195
gen: 49 best: 64.4 mean: 133.73830845771144
gen: 50 best: 64.4 mean: 134.59950248756218
gen: 51 best: 64.4 mean: 133.97860696517412
gen: 52 best: 64.4 mean: 135.64776119402984
gen: 53 best: 64.4 mean: 135.78159203980098
gen: 54 best: 64.4 mean: 133.6910447761194
gen: 55 best: 64.4 mean: 131.10845771144278
gen: 56 best: 64.4 mean: 134.17562189054726
gen: 57 best: 64.4 mean: 133.19800995024875
gen: 58 best: 64.4 mean: 133.1407960199005
gen: 59 best: 64.4 mean: 133.55771144278606
gen: 60 best: 64.4 mean: 132.5820895522388
gen >61, new best = 63.500
gen: 61 best: 63.5 mean: 130.4860696517413
gen >62, new best = 62.100
gen: 62 best: 62.1 mean: 131.19452736318408
gen: 63 best: 62.1 mean: 132.2417910447761
gen: 64 best: 62.1 mean: 128.05373134328357
gen >65, new best = 59.700
gen: 65 best: 59.7 mean: 129.91243781094528
gen: 66 best: 59.7 mean: 126.5860696517413
gen: 67 best: 59.7 mean: 127.18009950248756
gen: 68 best: 59.7 mean: 128.49402985074627
gen: 69 best: 59.7 mean: 128.23930348258708
gen >70, new best = 53.200
gen: 70 best: 53.2 mean: 126.56517412935324
gen: 71 best: 53.2 mean: 126.25074626865671
gen: 72 best: 53.2 mean: 128.00348258706467
gen: 73 best: 53.2 mean: 127.45572139303482
gen: 74 best: 53.2 mean: 127.03930348258706
gen: 75 best: 53.2 mean: 124.0955223880597
gen: 76 best: 53.2 mean: 124.13830845771145
gen: 77 best: 53.2 mean: 124.15522388059702
gen >78, new best = 51.200
gen: 78 best: 51.2 mean: 124.88955223880598
gen: 79 best: 51.2 mean: 128.15124378109454
gen: 80 best: 51.2 mean: 120.97810945273632
gen: 81 best: 51.2 mean: 126.37512437810945
gen >82, new best = 45.300
gen: 82 best: 45.3 mean: 125.46218905472637
gen: 83 best: 45.3 mean: 123.70298507462687
gen: 84 best: 45.3 mean: 122.98109452736318
gen >85, new best = 44.200
gen: 85 best: 44.2 mean: 120.29651741293533
gen: 86 best: 44.2 mean: 121.72437810945273
gen: 87 best: 44.2 mean: 120.0273631840796
gen >88, new best = 41.400
gen: 88 best: 41.4 mean: 121.93432835820896
gen: 89 best: 41.4 mean: 121.01442786069651
gen: 90 best: 41.4 mean: 118.79203980099503
gen: 91 best: 41.4 mean: 121.99104477611941
gen: 92 best: 41.4 mean: 120.99104477611941
gen: 93 best: 41.4 mean: 119.4044776119403
gen: 94 best: 41.4 mean: 122.70696517412935
gen: 95 best: 41.4 mean: 119.85273631840796
gen: 96 best: 41.4 mean: 120.67611940298508
gen: 97 best: 41.4 mean: 118.42338308457711
gen: 98 best: 41.4 mean: 117.75721393034826
gen: 99 best: 41.4 mean: 121.76915422885573
[5, 11, 8, 14, 6, 10, 15, 10, 7, 18, 9, 6, 5, 5, 11, 6, 5, 14, 13, 13, 15, 9, 11, 12, 8, 6, 5]
Test count of edges: 791
cat
