Defaulting to user installation because normal site-packages is not writeable
Looking in links: /cvmfs/soft.computecanada.ca/custom/python/wheelhouse/gentoo/avx2, /cvmfs/soft.computecanada.ca/custom/python/wheelhouse/gentoo/generic, /cvmfs/soft.computecanada.ca/custom/python/wheelhouse/generic
Requirement already satisfied: graphviz in /home/js17sy/.local/lib/python3.10/site-packages (0.20)
633; python ga.py 10 256N_graph10.dat 0.1 0.04 0.7 0.5 0.5 201 256N_graph10leerygen1rem70_ 85683
/project/6008788/js17sy/reopenga/256a/ga.py:291: DeprecationWarning: Sampling from a set deprecated
since Python 3.9 and will be removed in a subsequent version.
  child1 = set(random.sample(
gen >0, new best = 198.100
gen >0, new best = 189.000
gen >0, new best = 186.800
gen >0, new best = 186.600
gen >0, new best = 184.300
gen >0, new best = 170.200
gen >0, new best = 166.600
gen >0, new best = 166.200
gen: 0 best: 166.2 mean: 188.91069651741293
gen >1, new best = 158.400
gen: 1 best: 158.4 mean: 188.01194029850745
gen >2, new best = 156.900
gen: 2 best: 156.9 mean: 188.0641791044776
gen: 3 best: 156.9 mean: 187.47363184079603
gen: 4 best: 156.9 mean: 184.61990049751245
gen: 5 best: 156.9 mean: 183.3865671641791
gen >6, new best = 134.400
gen: 6 best: 134.4 mean: 182.07164179104478
gen: 7 best: 134.4 mean: 181.74278606965174
gen: 8 best: 134.4 mean: 179.8323383084577
gen: 9 best: 134.4 mean: 180.56716417910448
gen: 10 best: 134.4 mean: 178.50298507462688
gen: 11 best: 134.4 mean: 177.78159203980098
gen: 12 best: 134.4 mean: 177.08258706467663
gen: 13 best: 134.4 mean: 176.92636815920397
gen: 14 best: 134.4 mean: 175.31940298507462
gen: 15 best: 134.4 mean: 175.40348258706467
gen: 16 best: 134.4 mean: 175.4044776119403
gen: 17 best: 134.4 mean: 174.63681592039802
gen: 18 best: 134.4 mean: 174.13532338308457
gen: 19 best: 134.4 mean: 173.8865671641791
gen: 20 best: 134.4 mean: 173.42587064676616
gen: 21 best: 134.4 mean: 172.79900497512438
gen: 22 best: 134.4 mean: 172.34278606965174
gen: 23 best: 134.4 mean: 172.51194029850745
gen: 24 best: 134.4 mean: 171.97860696517412
gen: 25 best: 134.4 mean: 171.80995024875622
gen: 26 best: 134.4 mean: 171.63781094527363
gen: 27 best: 134.4 mean: 170.46019900497512
gen: 28 best: 134.4 mean: 169.24875621890547
gen: 29 best: 134.4 mean: 170.0820895522388
gen: 30 best: 134.4 mean: 170.5358208955224
gen: 31 best: 134.4 mean: 168.855223880597
gen: 32 best: 134.4 mean: 169.08407960199006
gen: 33 best: 134.4 mean: 168.53880597014924
gen: 34 best: 134.4 mean: 168.80547263681592
gen: 35 best: 134.4 mean: 169.23532338308456
gen: 36 best: 134.4 mean: 168.0686567164179
gen: 37 best: 134.4 mean: 167.81492537313432
gen: 38 best: 134.4 mean: 167.25174129353235
gen: 39 best: 134.4 mean: 167.06019900497512
gen: 40 best: 134.4 mean: 167.70248756218905
gen: 41 best: 134.4 mean: 166.84228855721392
gen: 42 best: 134.4 mean: 167.11641791044775
gen: 43 best: 134.4 mean: 166.70149253731344
gen: 44 best: 134.4 mean: 166.58955223880596
gen: 45 best: 134.4 mean: 165.76666666666668
gen: 46 best: 134.4 mean: 166.04427860696518
gen: 47 best: 134.4 mean: 164.63383084577114
gen: 48 best: 134.4 mean: 166.43034825870646
gen: 49 best: 134.4 mean: 164.88059701492537
gen: 50 best: 134.4 mean: 166.2417910447761
gen: 51 best: 134.4 mean: 164.40696517412934
gen: 52 best: 134.4 mean: 164.7462686567164
gen: 53 best: 134.4 mean: 165.27810945273632
gen: 54 best: 134.4 mean: 164.6537313432836
gen: 55 best: 134.4 mean: 166.2323383084577
gen: 56 best: 134.4 mean: 165.20199004975123
gen: 57 best: 134.4 mean: 164.32189054726368
gen: 58 best: 134.4 mean: 164.0597014925373
gen: 59 best: 134.4 mean: 164.3681592039801
gen: 60 best: 134.4 mean: 164.12786069651742
gen: 61 best: 134.4 mean: 163.3592039800995
gen: 62 best: 134.4 mean: 164.2233830845771
gen: 63 best: 134.4 mean: 163.33333333333334
gen: 64 best: 134.4 mean: 162.62686567164178
gen: 65 best: 134.4 mean: 163.69651741293532
gen: 66 best: 134.4 mean: 163.47064676616915
gen: 67 best: 134.4 mean: 163.63034825870648
gen: 68 best: 134.4 mean: 163.08109452736318
gen >69, new best = 132.000
gen: 69 best: 132.0 mean: 161.71641791044777
gen: 70 best: 132.0 mean: 161.30447761194029
gen: 71 best: 132.0 mean: 162.13233830845772
gen: 72 best: 132.0 mean: 162.33731343283583
gen: 73 best: 132.0 mean: 162.21243781094526
gen: 74 best: 132.0 mean: 161.32388059701492
gen: 75 best: 132.0 mean: 161.06567164179106
gen: 76 best: 132.0 mean: 161.57910447761193
gen: 77 best: 132.0 mean: 161.23432835820896
gen: 78 best: 132.0 mean: 162.0497512437811
gen: 79 best: 132.0 mean: 160.70746268656717
gen: 80 best: 132.0 mean: 161.98208955223882
gen: 81 best: 132.0 mean: 160.7955223880597
gen: 82 best: 132.0 mean: 161.16666666666666
gen: 83 best: 132.0 mean: 161.1358208955224
gen: 84 best: 132.0 mean: 160.02338308457712
gen: 85 best: 132.0 mean: 161.7363184079602
gen: 86 best: 132.0 mean: 161.36169154228855
gen: 87 best: 132.0 mean: 161.3004975124378
gen: 88 best: 132.0 mean: 161.6865671641791
gen >89, new best = 131.600
gen: 89 best: 131.6 mean: 161.0955223880597
gen: 90 best: 131.6 mean: 159.64328358208957
gen: 91 best: 131.6 mean: 160.2049751243781
gen: 92 best: 131.6 mean: 159.40746268656716
gen: 93 best: 131.6 mean: 160.15572139303484
gen: 94 best: 131.6 mean: 161.17562189054726
gen: 95 best: 131.6 mean: 159.75870646766168
gen: 96 best: 131.6 mean: 159.81194029850747
gen: 97 best: 131.6 mean: 160.03532338308457
gen: 98 best: 131.6 mean: 160.881592039801
gen: 99 best: 131.6 mean: 160.2646766169154
[7, 8, 7, 8, 8, 8, 8, 9, 8, 8, 8, 7, 8, 7, 8, 7, 9, 7, 8, 7, 8, 8, 7, 4, 9, 6, 7, 9, 9]
Test count of edges: 505
cat
