Defaulting to user installation because normal site-packages is not writeable
Looking in links: /cvmfs/soft.computecanada.ca/custom/python/wheelhouse/gentoo/avx2, /cvmfs/soft.computecanada.ca/custom/python/wheelhouse/gentoo/generic, /cvmfs/soft.computecanada.ca/custom/python/wheelhouse/generic
Requirement already satisfied: graphviz in /home/js17sy/.local/lib/python3.10/site-packages (0.20)
265; python ga.py 10 256N_graph10.dat 0.05 0.02 0.5 0.9 0.1 201 256N_graph10mediumgen3rem50_ 714025
/project/6008788/js17sy/reopenga/256a/ga.py:291: DeprecationWarning: Sampling from a set deprecated
since Python 3.9 and will be removed in a subsequent version.
  child1 = set(random.sample(
gen >0, new best = 165.800
gen >0, new best = 159.100
gen >0, new best = 156.200
gen >0, new best = 155.200
gen >0, new best = 150.700
gen: 0 best: 150.7 mean: 167.82636815920398
gen >1, new best = 149.800
gen >1, new best = 147.200
gen: 1 best: 147.2 mean: 166.61592039800996
gen: 2 best: 147.2 mean: 166.40995024875622
gen >3, new best = 140.300
gen: 3 best: 140.3 mean: 165.65621890547263
gen: 4 best: 140.3 mean: 164.84328358208955
gen: 5 best: 140.3 mean: 164.79004975124377
gen: 6 best: 140.3 mean: 164.35174129353234
gen: 7 best: 140.3 mean: 164.38706467661692
gen: 8 best: 140.3 mean: 163.2139303482587
gen: 9 best: 140.3 mean: 161.77114427860695
gen >10, new best = 140.200
gen >10, new best = 138.800
gen: 10 best: 138.8 mean: 162.70298507462687
gen: 11 best: 138.8 mean: 160.4268656716418
gen: 12 best: 138.8 mean: 161.0547263681592
gen: 13 best: 138.8 mean: 160.02388059701494
gen: 14 best: 138.8 mean: 159.25422885572138
gen: 15 best: 138.8 mean: 158.69253731343284
gen: 16 best: 138.8 mean: 157.19751243781096
gen: 17 best: 138.8 mean: 157.72537313432835
gen >18, new best = 137.500
gen: 18 best: 137.5 mean: 156.78159203980098
gen: 19 best: 137.5 mean: 155.91741293532337
gen >20, new best = 136.900
gen: 20 best: 136.9 mean: 155.44726368159203
gen >21, new best = 136.000
gen >21, new best = 133.500
gen: 21 best: 133.5 mean: 156.2771144278607
gen: 22 best: 133.5 mean: 154.9273631840796
gen: 23 best: 133.5 mean: 155.34328358208955
gen: 24 best: 133.5 mean: 154.38407960199004
gen: 25 best: 133.5 mean: 153.32835820895522
gen >26, new best = 128.100
gen: 26 best: 128.1 mean: 153.2049751243781
gen >27, new best = 126.400
gen: 27 best: 126.4 mean: 152.1547263681592
gen: 28 best: 126.4 mean: 152.6363184079602
gen: 29 best: 126.4 mean: 152.34776119402986
gen: 30 best: 126.4 mean: 149.95572139303482
gen: 31 best: 126.4 mean: 150.97562189054727
gen >32, new best = 124.300
gen: 32 best: 124.3 mean: 151.2268656716418
gen: 33 best: 124.3 mean: 150.56965174129354
gen: 34 best: 124.3 mean: 149.7502487562189
gen: 35 best: 124.3 mean: 149.51144278606967
gen: 36 best: 124.3 mean: 149.0726368159204
gen: 37 best: 124.3 mean: 147.92089552238807
gen: 38 best: 124.3 mean: 148.33930348258707
gen: 39 best: 124.3 mean: 147.55273631840797
gen: 40 best: 124.3 mean: 147.29004975124377
gen: 41 best: 124.3 mean: 146.0542288557214
gen: 42 best: 124.3 mean: 145.5681592039801
gen: 43 best: 124.3 mean: 146.53084577114427
gen >44, new best = 121.500
gen: 44 best: 121.5 mean: 146.48457711442785
gen: 45 best: 121.5 mean: 145.94776119402985
gen: 46 best: 121.5 mean: 144.87164179104477
gen: 47 best: 121.5 mean: 145.1099502487562
gen: 48 best: 121.5 mean: 144.59303482587066
gen: 49 best: 121.5 mean: 144.97462686567164
gen >50, new best = 120.800
gen: 50 best: 120.8 mean: 143.53930348258706
gen: 51 best: 120.8 mean: 143.70995024875623
gen >52, new best = 120.500
gen >52, new best = 117.500
gen: 52 best: 117.5 mean: 143.00199004975124
gen: 53 best: 117.5 mean: 143.68109452736317
gen: 54 best: 117.5 mean: 142.17860696517414
gen: 55 best: 117.5 mean: 142.61293532338308
gen: 56 best: 117.5 mean: 142.4049751243781
gen: 57 best: 117.5 mean: 142.39054726368158
gen: 58 best: 117.5 mean: 142.76318407960198
gen: 59 best: 117.5 mean: 141.97064676616915
gen: 60 best: 117.5 mean: 141.40995024875622
gen: 61 best: 117.5 mean: 141.32089552238807
gen: 62 best: 117.5 mean: 140.24726368159205
gen: 63 best: 117.5 mean: 140.1407960199005
gen >64, new best = 117.300
gen: 64 best: 117.3 mean: 139.4009950248756
gen: 65 best: 117.3 mean: 141.93781094527364
gen: 66 best: 117.3 mean: 140.2810945273632
gen: 67 best: 117.3 mean: 139.93084577114428
gen: 68 best: 117.3 mean: 140.82636815920398
gen: 69 best: 117.3 mean: 139.27562189054726
gen: 70 best: 117.3 mean: 139.56666666666666
gen: 71 best: 117.3 mean: 139.95621890547264
gen: 72 best: 117.3 mean: 139.44676616915422
gen: 73 best: 117.3 mean: 140.77462686567165
gen: 74 best: 117.3 mean: 139.43980099502488
gen: 75 best: 117.3 mean: 139.3228855721393
gen >76, new best = 116.700
gen: 76 best: 116.7 mean: 138.7810945273632
gen: 77 best: 116.7 mean: 138.4731343283582
gen: 78 best: 116.7 mean: 138.49203980099503
gen: 79 best: 116.7 mean: 138.43034825870646
gen: 80 best: 116.7 mean: 138.81990049751244
gen: 81 best: 116.7 mean: 138.44825870646767
gen: 82 best: 116.7 mean: 138.14378109452736
gen >83, new best = 116.600
gen: 83 best: 116.6 mean: 138.78009950248756
gen: 84 best: 116.6 mean: 137.66169154228857
gen >85, new best = 116.400
gen: 85 best: 116.4 mean: 136.90248756218907
gen: 86 best: 116.4 mean: 137.67810945273632
gen: 87 best: 116.4 mean: 137.44626865671643
gen: 88 best: 116.4 mean: 136.31293532338307
gen: 89 best: 116.4 mean: 138.44875621890546
gen: 90 best: 116.4 mean: 138.34029850746268
gen >91, new best = 116.200
gen: 91 best: 116.2 mean: 139.181592039801
gen: 92 best: 116.2 mean: 137.56965174129354
gen: 93 best: 116.2 mean: 136.99751243781094
gen: 94 best: 116.2 mean: 137.1681592039801
gen: 95 best: 116.2 mean: 136.80696517412935
gen: 96 best: 116.2 mean: 137.79253731343283
gen: 97 best: 116.2 mean: 137.936815920398
gen: 98 best: 116.2 mean: 136.79303482587065
gen: 99 best: 116.2 mean: 136.79651741293532
[10, 10, 10, 10, 9, 10, 11, 10, 8, 11, 9, 12, 10, 9, 9, 9, 9, 9, 9, 9, 10, 9, 5, 9, 11, 9, 9, 9, 10, 11, 10, 10, 9, 10]
Test count of edges: 777
cat
