Defaulting to user installation because normal site-packages is not writeable
Looking in links: /cvmfs/soft.computecanada.ca/custom/python/wheelhouse/gentoo/avx2, /cvmfs/soft.computecanada.ca/custom/python/wheelhouse/gentoo/generic, /cvmfs/soft.computecanada.ca/custom/python/wheelhouse/generic
Requirement already satisfied: graphviz in /home/js17sy/.local/lib/python3.10/site-packages (0.20)
165; python ga.py 10 256N_graph10.dat 0.025 0.01 0.7 0.9 0.1 201 256N_graph10strictgen3rem70_ 428415
/project/6008788/js17sy/reopenga/256a/ga.py:291: DeprecationWarning: Sampling from a set deprecated
since Python 3.9 and will be removed in a subsequent version.
  child1 = set(random.sample(
gen >0, new best = 160.600
gen >0, new best = 159.900
gen >0, new best = 113.800
gen >0, new best = 102.600
gen >0, new best = 98.600
gen >0, new best = 83.200
gen >0, new best = 75.500
gen: 0 best: 75.5 mean: 137.6233830845771
gen >1, new best = 71.500
gen: 1 best: 71.5 mean: 134.64825870646766
gen >2, new best = 66.200
gen: 2 best: 66.2 mean: 136.7308457711443
gen: 3 best: 66.2 mean: 137.1144278606965
gen >4, new best = 59.500
gen: 4 best: 59.5 mean: 137.544776119403
gen: 5 best: 59.5 mean: 133.69701492537314
gen: 6 best: 59.5 mean: 135.93034825870646
gen: 7 best: 59.5 mean: 131.58656716417912
gen >8, new best = 47.500
gen: 8 best: 47.5 mean: 130.9955223880597
gen: 9 best: 47.5 mean: 130.80995024875622
gen: 10 best: 47.5 mean: 132.24029850746268
gen: 11 best: 47.5 mean: 131.24726368159205
gen: 12 best: 47.5 mean: 129.87960199004976
gen: 13 best: 47.5 mean: 127.2547263681592
gen: 14 best: 47.5 mean: 130.62139303482587
gen: 15 best: 47.5 mean: 128.1676616915423
gen: 16 best: 47.5 mean: 126.13880597014925
gen: 17 best: 47.5 mean: 127.37611940298507
gen: 18 best: 47.5 mean: 124.68557213930349
gen: 19 best: 47.5 mean: 123.25572139303482
gen: 20 best: 47.5 mean: 122.26965174129353
gen >21, new best = 42.100
gen: 21 best: 42.1 mean: 121.2587064676617
gen: 22 best: 42.1 mean: 122.39353233830846
gen: 23 best: 42.1 mean: 122.12139303482587
gen: 24 best: 42.1 mean: 124.70248756218905
gen >25, new best = 41.900
gen: 25 best: 41.9 mean: 118.51393034825871
gen: 26 best: 41.9 mean: 120.12039800995025
gen: 27 best: 41.9 mean: 115.14228855721393
gen: 28 best: 41.9 mean: 117.12636815920398
gen: 29 best: 41.9 mean: 116.2363184079602
gen: 30 best: 41.9 mean: 116.53880597014926
gen: 31 best: 41.9 mean: 114.50149253731344
gen: 32 best: 41.9 mean: 115.03980099502488
gen: 33 best: 41.9 mean: 112.66517412935323
gen: 34 best: 41.9 mean: 110.52786069651741
gen: 35 best: 41.9 mean: 110.79751243781095
gen >36, new best = 38.100
gen: 36 best: 38.1 mean: 109.64626865671642
gen: 37 best: 38.1 mean: 108.22388059701493
gen >38, new best = 29.900
gen: 38 best: 29.9 mean: 108.83532338308457
gen: 39 best: 29.9 mean: 106.49154228855721
gen: 40 best: 29.9 mean: 110.85223880597015
gen: 41 best: 29.9 mean: 108.42537313432835
gen: 42 best: 29.9 mean: 109.19751243781094
gen: 43 best: 29.9 mean: 108.10099502487562
gen: 44 best: 29.9 mean: 101.55174129353234
gen: 45 best: 29.9 mean: 103.66218905472637
gen: 46 best: 29.9 mean: 105.72089552238806
gen: 47 best: 29.9 mean: 104.96716417910447
gen: 48 best: 29.9 mean: 104.59452736318408
gen: 49 best: 29.9 mean: 103.35323383084577
gen: 50 best: 29.9 mean: 101.73532338308458
gen: 51 best: 29.9 mean: 103.62189054726367
gen: 52 best: 29.9 mean: 98.08109452736318
gen: 53 best: 29.9 mean: 99.15273631840796
gen: 54 best: 29.9 mean: 97.52935323383085
gen: 55 best: 29.9 mean: 95.75771144278607
gen: 56 best: 29.9 mean: 97.82786069651742
gen: 57 best: 29.9 mean: 95.41542288557214
gen >58, new best = 28.800
gen: 58 best: 28.8 mean: 94.01094527363185
gen: 59 best: 28.8 mean: 98.61741293532339
gen >60, new best = 28.500
gen: 60 best: 28.5 mean: 91.48109452736318
gen: 61 best: 28.5 mean: 94.08557213930348
gen: 62 best: 28.5 mean: 92.56069651741294
gen: 63 best: 28.5 mean: 93.27462686567164
gen: 64 best: 28.5 mean: 91.063184079602
gen: 65 best: 28.5 mean: 90.24726368159205
gen: 66 best: 28.5 mean: 91.14228855721393
gen >67, new best = 27.900
gen: 67 best: 27.9 mean: 89.64228855721393
gen: 68 best: 27.9 mean: 91.12089552238805
gen: 69 best: 27.9 mean: 88.89154228855722
gen: 70 best: 27.9 mean: 90.09154228855722
gen: 71 best: 27.9 mean: 87.55970149253731
gen: 72 best: 27.9 mean: 88.68308457711443
gen: 73 best: 27.9 mean: 91.5407960199005
gen: 74 best: 27.9 mean: 86.79203980099503
gen: 75 best: 27.9 mean: 84.84726368159204
gen: 76 best: 27.9 mean: 85.16019900497513
gen: 77 best: 27.9 mean: 87.5955223880597
gen: 78 best: 27.9 mean: 82.78109452736318
gen >79, new best = 25.400
gen: 79 best: 25.4 mean: 87.29452736318407
gen: 80 best: 25.4 mean: 83.47960199004974
gen: 81 best: 25.4 mean: 84.6134328358209
gen: 82 best: 25.4 mean: 85.31442786069651
gen: 83 best: 25.4 mean: 84.32587064676616
gen: 84 best: 25.4 mean: 88.45522388059702
gen: 85 best: 25.4 mean: 82.88955223880598
gen: 86 best: 25.4 mean: 85.40945273631841
gen: 87 best: 25.4 mean: 85.27761194029851
gen: 88 best: 25.4 mean: 85.04676616915422
gen: 89 best: 25.4 mean: 85.95074626865672
gen: 90 best: 25.4 mean: 83.37462686567164
gen: 91 best: 25.4 mean: 83.03333333333333
gen: 92 best: 25.4 mean: 85.62587064676617
gen: 93 best: 25.4 mean: 80.99800995024876
gen: 94 best: 25.4 mean: 83.11194029850746
gen: 95 best: 25.4 mean: 84.57810945273631
gen: 96 best: 25.4 mean: 81.70099502487562
gen: 97 best: 25.4 mean: 81.1273631840796
gen: 98 best: 25.4 mean: 81.03781094527363
gen: 99 best: 25.4 mean: 82.73532338308458
[6, 6, 4, 9, 6, 7, 6, 5, 4, 5, 7, 5, 5, 6, 6, 7, 3, 5, 5, 6, 6, 4, 5, 7, 7]
Test count of edges: 468
cat
