Defaulting to user installation because normal site-packages is not writeable
Looking in links: /cvmfs/soft.computecanada.ca/custom/python/wheelhouse/gentoo/avx2, /cvmfs/soft.computecanada.ca/custom/python/wheelhouse/gentoo/generic, /cvmfs/soft.computecanada.ca/custom/python/wheelhouse/generic
Requirement already satisfied: graphviz in /home/js17sy/.local/lib/python3.10/site-packages (0.20)
477; python ga.py 10 256N_graph10.dat 0.075 0.03 0.7 0.5 0.5 201 256N_graph10laxgen1rem70_ 771147
/project/6008788/js17sy/reopenga/256a/ga.py:291: DeprecationWarning: Sampling from a set deprecated
since Python 3.9 and will be removed in a subsequent version.
  child1 = set(random.sample(
gen >0, new best = 161.700
gen >0, new best = 158.200
gen >0, new best = 152.200
gen: 0 best: 152.2 mean: 183.0863184079602
gen >1, new best = 151.200
gen >1, new best = 145.400
gen: 1 best: 145.4 mean: 181.27810945273632
gen >2, new best = 133.400
gen: 2 best: 133.4 mean: 179.126368159204
gen: 3 best: 133.4 mean: 177.96019900497512
gen: 4 best: 133.4 mean: 178.20646766169153
gen: 5 best: 133.4 mean: 176.20547263681593
gen: 6 best: 133.4 mean: 174.50497512437812
gen >7, new best = 132.000
gen: 7 best: 132.0 mean: 173.25870646766168
gen: 8 best: 132.0 mean: 172.5457711442786
gen: 9 best: 132.0 mean: 170.873631840796
gen >10, new best = 131.200
gen: 10 best: 131.2 mean: 169.17462686567166
gen: 11 best: 131.2 mean: 168.5313432835821
gen: 12 best: 131.2 mean: 167.1189054726368
gen: 13 best: 131.2 mean: 165.818407960199
gen: 14 best: 131.2 mean: 164.0402985074627
gen: 15 best: 131.2 mean: 164.7865671641791
gen >16, new best = 130.500
gen: 16 best: 130.5 mean: 164.63233830845772
gen: 17 best: 130.5 mean: 163.11542288557214
gen >18, new best = 130.100
gen: 18 best: 130.1 mean: 163.39054726368158
gen >19, new best = 127.500
gen >19, new best = 122.700
gen: 19 best: 122.7 mean: 163.20298507462687
gen: 20 best: 122.7 mean: 161.39900497512437
gen: 21 best: 122.7 mean: 161.5313432835821
gen: 22 best: 122.7 mean: 159.7995024875622
gen: 23 best: 122.7 mean: 160.06517412935324
gen: 24 best: 122.7 mean: 158.1686567164179
gen: 25 best: 122.7 mean: 159.8268656716418
gen: 26 best: 122.7 mean: 157.99054726368158
gen: 27 best: 122.7 mean: 157.1273631840796
gen: 28 best: 122.7 mean: 158.10547263681593
gen: 29 best: 122.7 mean: 158.33582089552237
gen: 30 best: 122.7 mean: 156.69751243781096
gen: 31 best: 122.7 mean: 157.3223880597015
gen >32, new best = 118.900
gen: 32 best: 118.9 mean: 156.33830845771143
gen: 33 best: 118.9 mean: 155.27810945273632
gen: 34 best: 118.9 mean: 155.69751243781096
gen: 35 best: 118.9 mean: 154.93532338308458
gen: 36 best: 118.9 mean: 156.9681592039801
gen: 37 best: 118.9 mean: 155.01990049751242
gen: 38 best: 118.9 mean: 154.21044776119402
gen: 39 best: 118.9 mean: 154.4
gen >40, new best = 118.800
gen: 40 best: 118.8 mean: 154.7179104477612
gen: 41 best: 118.8 mean: 154.02985074626866
gen: 42 best: 118.8 mean: 153.62039800995024
gen: 43 best: 118.8 mean: 153.1457711442786
gen: 44 best: 118.8 mean: 153.24278606965174
gen: 45 best: 118.8 mean: 152.12885572139302
gen: 46 best: 118.8 mean: 153.06069651741294
gen: 47 best: 118.8 mean: 152.7592039800995
gen: 48 best: 118.8 mean: 154.40696517412937
gen: 49 best: 118.8 mean: 152.86218905472637
gen: 50 best: 118.8 mean: 153.25671641791044
gen: 51 best: 118.8 mean: 152.17810945273632
gen: 52 best: 118.8 mean: 151.72587064676617
gen: 53 best: 118.8 mean: 152.10248756218905
gen: 54 best: 118.8 mean: 150.42039800995025
gen: 55 best: 118.8 mean: 152.75621890547265
gen: 56 best: 118.8 mean: 151.16567164179105
gen: 57 best: 118.8 mean: 151.36567164179104
gen: 58 best: 118.8 mean: 151.39452736318407
gen: 59 best: 118.8 mean: 150.6547263681592
gen: 60 best: 118.8 mean: 151.7905472636816
gen: 61 best: 118.8 mean: 150.7228855721393
gen: 62 best: 118.8 mean: 151.40199004975125
gen: 63 best: 118.8 mean: 149.57860696517412
gen: 64 best: 118.8 mean: 148.79800995024877
gen: 65 best: 118.8 mean: 151.28457711442786
gen: 66 best: 118.8 mean: 150.4363184079602
gen: 67 best: 118.8 mean: 151.23731343283583
gen: 68 best: 118.8 mean: 150.94328358208955
gen: 69 best: 118.8 mean: 150.41542288557213
gen: 70 best: 118.8 mean: 150.54875621890548
gen: 71 best: 118.8 mean: 148.99502487562188
gen: 72 best: 118.8 mean: 149.71442786069653
gen: 73 best: 118.8 mean: 148.59253731343284
gen: 74 best: 118.8 mean: 149.78308457711444
gen: 75 best: 118.8 mean: 149.46467661691543
gen: 76 best: 118.8 mean: 148.84776119402986
gen: 77 best: 118.8 mean: 148.11592039800996
gen: 78 best: 118.8 mean: 148.92487562189055
gen: 79 best: 118.8 mean: 149.82885572139304
gen: 80 best: 118.8 mean: 147.96467661691543
gen: 81 best: 118.8 mean: 148.53980099502488
gen: 82 best: 118.8 mean: 149.30547263681592
gen: 83 best: 118.8 mean: 148.89353233830846
gen: 84 best: 118.8 mean: 150.3626865671642
gen: 85 best: 118.8 mean: 150.792039800995
gen: 86 best: 118.8 mean: 148.28258706467662
gen: 87 best: 118.8 mean: 148.21592039800996
gen: 88 best: 118.8 mean: 148.9363184079602
gen: 89 best: 118.8 mean: 149.2039800995025
gen: 90 best: 118.8 mean: 148.9223880597015
gen: 91 best: 118.8 mean: 149.30597014925374
gen: 92 best: 118.8 mean: 148.4457711442786
gen: 93 best: 118.8 mean: 148.56218905472636
gen: 94 best: 118.8 mean: 149.09402985074627
gen >95, new best = 116.900
gen: 95 best: 116.9 mean: 148.54726368159203
gen: 96 best: 116.9 mean: 147.86716417910446
gen: 97 best: 116.9 mean: 147.97363184079603
gen: 98 best: 116.9 mean: 148.563184079602
gen: 99 best: 116.9 mean: 148.081592039801
[8, 8, 8, 5, 8, 7, 9, 8, 9, 8, 9, 10, 6, 9, 9, 8, 10, 10, 8, 9, 9, 9, 10, 9, 8, 8, 5, 8, 9, 7]
Test count of edges: 512
cat
