Defaulting to user installation because normal site-packages is not writeable
Looking in links: /cvmfs/soft.computecanada.ca/custom/python/wheelhouse/gentoo/avx2, /cvmfs/soft.computecanada.ca/custom/python/wheelhouse/gentoo/generic, /cvmfs/soft.computecanada.ca/custom/python/wheelhouse/generic
Requirement already satisfied: graphviz in /home/js17sy/.local/lib/python3.10/site-packages (0.20)
271; python ga.py 10 256N_graph10.dat 0.05 0.02 0.7 0.5 0.5 201 256N_graph10mediumgen1rem70_ 28561
/project/6008788/js17sy/reopenga/256a/ga.py:291: DeprecationWarning: Sampling from a set deprecated
since Python 3.9 and will be removed in a subsequent version.
  child1 = set(random.sample(
gen >0, new best = 170.000
gen >0, new best = 145.600
gen >0, new best = 141.700
gen >0, new best = 131.900
gen: 0 best: 131.9 mean: 176.08283582089553
gen >1, new best = 131.000
gen: 1 best: 131.0 mean: 175.17363184079602
gen >2, new best = 130.300
gen: 2 best: 130.3 mean: 172.68009950248756
gen >3, new best = 129.300
gen >3, new best = 122.900
gen: 3 best: 122.9 mean: 169.29402985074626
gen: 4 best: 122.9 mean: 169.57014925373133
gen: 5 best: 122.9 mean: 164.6776119402985
gen >6, new best = 120.400
gen: 6 best: 120.4 mean: 165.23333333333332
gen: 7 best: 120.4 mean: 162.91194029850746
gen >8, new best = 113.200
gen >8, new best = 102.800
gen: 8 best: 102.8 mean: 162.9487562189055
gen: 9 best: 102.8 mean: 160.5820895522388
gen: 10 best: 102.8 mean: 158.87960199004976
gen: 11 best: 102.8 mean: 157.07562189054727
gen: 12 best: 102.8 mean: 157.38706467661692
gen: 13 best: 102.8 mean: 156.86019900497513
gen: 14 best: 102.8 mean: 157.1034825870647
gen: 15 best: 102.8 mean: 157.93532338308458
gen: 16 best: 102.8 mean: 154.27910447761195
gen: 17 best: 102.8 mean: 155.33084577114428
gen: 18 best: 102.8 mean: 156.42338308457713
gen: 19 best: 102.8 mean: 152.16517412935323
gen: 20 best: 102.8 mean: 151.51144278606967
gen: 21 best: 102.8 mean: 153.10149253731342
gen: 22 best: 102.8 mean: 153.45671641791046
gen: 23 best: 102.8 mean: 153.23283582089553
gen: 24 best: 102.8 mean: 152.62437810945275
gen: 25 best: 102.8 mean: 151.6412935323383
gen: 26 best: 102.8 mean: 149.32537313432834
gen: 27 best: 102.8 mean: 149.57810945273633
gen: 28 best: 102.8 mean: 150.5955223880597
gen: 29 best: 102.8 mean: 148.8089552238806
gen: 30 best: 102.8 mean: 149.93283582089552
gen: 31 best: 102.8 mean: 148.80298507462686
gen: 32 best: 102.8 mean: 148.95223880597015
gen: 33 best: 102.8 mean: 147.75124378109453
gen >34, new best = 101.300
gen: 34 best: 101.3 mean: 148.83432835820895
gen: 35 best: 101.3 mean: 148.10746268656717
gen: 36 best: 101.3 mean: 147.292039800995
gen: 37 best: 101.3 mean: 146.91144278606964
gen: 38 best: 101.3 mean: 147.43830845771143
gen: 39 best: 101.3 mean: 146.12885572139302
gen >40, new best = 101.100
gen: 40 best: 101.1 mean: 147.17960199004975
gen: 41 best: 101.1 mean: 146.46019900497512
gen: 42 best: 101.1 mean: 146.77014925373135
gen: 43 best: 101.1 mean: 143.3169154228856
gen: 44 best: 101.1 mean: 146.25771144278607
gen: 45 best: 101.1 mean: 145.26218905472638
gen: 46 best: 101.1 mean: 144.48407960199006
gen: 47 best: 101.1 mean: 144.9039800995025
gen: 48 best: 101.1 mean: 144.09402985074627
gen: 49 best: 101.1 mean: 144.55721393034827
gen: 50 best: 101.1 mean: 143.54328358208954
gen: 51 best: 101.1 mean: 143.14825870646766
gen: 52 best: 101.1 mean: 145.08258706467663
gen: 53 best: 101.1 mean: 142.45124378109452
gen: 54 best: 101.1 mean: 142.48407960199006
gen: 55 best: 101.1 mean: 142.68109452736317
gen: 56 best: 101.1 mean: 143.29900497512438
gen: 57 best: 101.1 mean: 142.23383084577114
gen: 58 best: 101.1 mean: 141.6417910447761
gen: 59 best: 101.1 mean: 141.78258706467662
gen: 60 best: 101.1 mean: 142.76069651741292
gen: 61 best: 101.1 mean: 140.88009950248755
gen: 62 best: 101.1 mean: 141.07860696517412
gen: 63 best: 101.1 mean: 140.98855721393033
gen: 64 best: 101.1 mean: 142.5457711442786
gen: 65 best: 101.1 mean: 140.1402985074627
gen: 66 best: 101.1 mean: 140.963184079602
gen: 67 best: 101.1 mean: 141.1721393034826
gen: 68 best: 101.1 mean: 140.49353233830846
gen: 69 best: 101.1 mean: 139.32985074626865
gen: 70 best: 101.1 mean: 139.081592039801
gen: 71 best: 101.1 mean: 141.0358208955224
gen: 72 best: 101.1 mean: 140.71094527363184
gen: 73 best: 101.1 mean: 139.30597014925374
gen: 74 best: 101.1 mean: 138.58059701492536
gen: 75 best: 101.1 mean: 137.70995024875623
gen: 76 best: 101.1 mean: 139.72089552238805
gen: 77 best: 101.1 mean: 139.21840796019902
gen: 78 best: 101.1 mean: 138.99303482587064
gen: 79 best: 101.1 mean: 139.26716417910447
gen: 80 best: 101.1 mean: 137.59800995024875
gen: 81 best: 101.1 mean: 138.58507462686566
gen: 82 best: 101.1 mean: 138.39900497512437
gen: 83 best: 101.1 mean: 137.9870646766169
gen: 84 best: 101.1 mean: 138.03880597014924
gen: 85 best: 101.1 mean: 138.51094527363185
gen: 86 best: 101.1 mean: 138.10497512437811
gen: 87 best: 101.1 mean: 137.90995024875622
gen: 88 best: 101.1 mean: 136.81194029850747
gen: 89 best: 101.1 mean: 138.48109452736318
gen: 90 best: 101.1 mean: 137.12139303482587
gen: 91 best: 101.1 mean: 139.1452736318408
gen: 92 best: 101.1 mean: 137.06019900497512
gen: 93 best: 101.1 mean: 137.3497512437811
gen: 94 best: 101.1 mean: 138.96268656716418
gen: 95 best: 101.1 mean: 138.2094527363184
gen: 96 best: 101.1 mean: 137.8865671641791
gen: 97 best: 101.1 mean: 137.53980099502488
gen: 98 best: 101.1 mean: 137.74477611940299
gen: 99 best: 101.1 mean: 137.07363184079603
[9, 11, 10, 8, 8, 9, 8, 8, 5, 10, 10, 4, 10, 9, 11, 4, 5, 8, 9, 9, 4, 5, 7, 11, 5, 10, 9, 10, 5, 8]
Test count of edges: 480
cat
