Defaulting to user installation because normal site-packages is not writeable
Looking in links: /cvmfs/soft.computecanada.ca/custom/python/wheelhouse/gentoo/avx2, /cvmfs/soft.computecanada.ca/custom/python/wheelhouse/gentoo/generic, /cvmfs/soft.computecanada.ca/custom/python/wheelhouse/generic
Requirement already satisfied: graphviz in /home/js17sy/.local/lib/python3.10/site-packages (0.20)
405; python ga.py 10 256N_graph10.dat 0.075 0.03 0.5 0.7 0.3 201 256N_graph10laxgen2rem50_ 428415
/project/6008788/js17sy/reopenga/256a/ga.py:291: DeprecationWarning: Sampling from a set deprecated
since Python 3.9 and will be removed in a subsequent version.
  child1 = set(random.sample(
gen >0, new best = 180.900
gen >0, new best = 170.900
gen >0, new best = 161.800
gen >0, new best = 157.500
gen: 0 best: 157.5 mean: 175.45323383084576
gen: 1 best: 157.5 mean: 174.76268656716417
gen >2, new best = 157.000
gen: 2 best: 157.0 mean: 174.37114427860698
gen >3, new best = 156.700
gen: 3 best: 156.7 mean: 173.98308457711443
gen >4, new best = 152.500
gen: 4 best: 152.5 mean: 172.7810945273632
gen: 5 best: 152.5 mean: 172.5776119402985
gen: 6 best: 152.5 mean: 171.24228855721393
gen >7, new best = 145.000
gen: 7 best: 145.0 mean: 171.0502487562189
gen: 8 best: 145.0 mean: 170.78955223880598
gen: 9 best: 145.0 mean: 169.0054726368159
gen: 10 best: 145.0 mean: 169.72985074626865
gen: 11 best: 145.0 mean: 169.00696517412936
gen: 12 best: 145.0 mean: 167.8223880597015
gen: 13 best: 145.0 mean: 168.0950248756219
gen: 14 best: 145.0 mean: 167.3865671641791
gen: 15 best: 145.0 mean: 167.16567164179105
gen: 16 best: 145.0 mean: 166.4915422885572
gen: 17 best: 145.0 mean: 165.15820895522387
gen: 18 best: 145.0 mean: 165.59402985074627
gen: 19 best: 145.0 mean: 165.71840796019902
gen: 20 best: 145.0 mean: 164.7592039800995
gen: 21 best: 145.0 mean: 165.27462686567165
gen: 22 best: 145.0 mean: 164.5054726368159
gen: 23 best: 145.0 mean: 163.41442786069652
gen: 24 best: 145.0 mean: 163.3139303482587
gen >25, new best = 142.900
gen: 25 best: 142.9 mean: 163.77462686567165
gen: 26 best: 142.9 mean: 163.2646766169154
gen: 27 best: 142.9 mean: 162.46965174129352
gen >28, new best = 138.800
gen: 28 best: 138.8 mean: 161.88756218905473
gen: 29 best: 138.8 mean: 161.66417910447763
gen: 30 best: 138.8 mean: 161.45223880597015
gen: 31 best: 138.8 mean: 160.57512437810945
gen: 32 best: 138.8 mean: 159.9716417910448
gen: 33 best: 138.8 mean: 160.37462686567164
gen: 34 best: 138.8 mean: 159.936815920398
gen: 35 best: 138.8 mean: 159.56965174129354
gen: 36 best: 138.8 mean: 159.0328358208955
gen: 37 best: 138.8 mean: 159.08457711442787
gen: 38 best: 138.8 mean: 157.8363184079602
gen: 39 best: 138.8 mean: 158.4139303482587
gen: 40 best: 138.8 mean: 158.7955223880597
gen >41, new best = 134.300
gen: 41 best: 134.3 mean: 158.90248756218907
gen: 42 best: 134.3 mean: 158.10746268656717
gen: 43 best: 134.3 mean: 157.91890547263682
gen: 44 best: 134.3 mean: 157.5592039800995
gen: 45 best: 134.3 mean: 158.20199004975123
gen: 46 best: 134.3 mean: 157.07810945273633
gen: 47 best: 134.3 mean: 157.26169154228856
gen: 48 best: 134.3 mean: 156.8228855721393
gen: 49 best: 134.3 mean: 157.2233830845771
gen: 50 best: 134.3 mean: 155.99402985074627
gen: 51 best: 134.3 mean: 155.59004975124378
gen: 52 best: 134.3 mean: 155.5915422885572
gen: 53 best: 134.3 mean: 155.01492537313433
gen: 54 best: 134.3 mean: 154.51243781094527
gen: 55 best: 134.3 mean: 154.92537313432837
gen: 56 best: 134.3 mean: 156.0273631840796
gen: 57 best: 134.3 mean: 155.9452736318408
gen: 58 best: 134.3 mean: 154.84577114427861
gen: 59 best: 134.3 mean: 154.62139303482587
gen: 60 best: 134.3 mean: 154.6686567164179
gen: 61 best: 134.3 mean: 154.11293532338308
gen: 62 best: 134.3 mean: 153.9358208955224
gen: 63 best: 134.3 mean: 154.12089552238805
gen: 64 best: 134.3 mean: 154.18059701492538
gen: 65 best: 134.3 mean: 154.3223880597015
gen: 66 best: 134.3 mean: 153.69900497512438
gen: 67 best: 134.3 mean: 154.41243781094528
gen: 68 best: 134.3 mean: 154.27114427860695
gen: 69 best: 134.3 mean: 153.84925373134328
gen >70, new best = 127.600
gen: 70 best: 127.6 mean: 153.58308457711442
gen: 71 best: 127.6 mean: 154.07412935323384
gen: 72 best: 127.6 mean: 153.8865671641791
gen: 73 best: 127.6 mean: 153.72587064676617
gen: 74 best: 127.6 mean: 153.09751243781093
gen: 75 best: 127.6 mean: 153.8582089552239
gen: 76 best: 127.6 mean: 153.15771144278608
gen: 77 best: 127.6 mean: 154.25970149253732
gen: 78 best: 127.6 mean: 153.46567164179103
gen: 79 best: 127.6 mean: 153.4
gen: 80 best: 127.6 mean: 153.063184079602
gen: 81 best: 127.6 mean: 153.06019900497512
gen: 82 best: 127.6 mean: 153.59203980099502
gen: 83 best: 127.6 mean: 153.15522388059702
gen: 84 best: 127.6 mean: 153.46965174129355
gen: 85 best: 127.6 mean: 153.91492537313434
gen: 86 best: 127.6 mean: 152.76268656716417
gen: 87 best: 127.6 mean: 152.18009950248756
gen: 88 best: 127.6 mean: 153.49701492537312
gen: 89 best: 127.6 mean: 152.23383084577114
gen: 90 best: 127.6 mean: 152.52338308457712
gen: 91 best: 127.6 mean: 151.80199004975125
gen: 92 best: 127.6 mean: 152.82189054726368
gen: 93 best: 127.6 mean: 152.9179104477612
gen: 94 best: 127.6 mean: 152.4049751243781
gen: 95 best: 127.6 mean: 152.22835820895523
gen: 96 best: 127.6 mean: 152.66169154228857
gen: 97 best: 127.6 mean: 153.41343283582088
gen: 98 best: 127.6 mean: 152.1950248756219
gen: 99 best: 127.6 mean: 152.78159203980098
[11, 9, 9, 9, 9, 8, 8, 11, 11, 9, 8, 8, 9, 8, 9, 10, 10, 10, 10, 9, 11, 10, 9, 5, 9, 10, 9, 8, 10]
Test count of edges: 790
cat
