Defaulting to user installation because normal site-packages is not writeable
Looking in links: /cvmfs/soft.computecanada.ca/custom/python/wheelhouse/gentoo/avx2, /cvmfs/soft.computecanada.ca/custom/python/wheelhouse/gentoo/generic, /cvmfs/soft.computecanada.ca/custom/python/wheelhouse/generic
Requirement already satisfied: graphviz in /home/js17sy/.local/lib/python3.10/site-packages (0.20)
617; python ga.py 10 256N_graph10.dat 0.1 0.04 0.5 0.9 0.1 201 256N_graph10leerygen3rem50_ 485537
/project/6008788/js17sy/reopenga/256a/ga.py:291: DeprecationWarning: Sampling from a set deprecated
since Python 3.9 and will be removed in a subsequent version.
  child1 = set(random.sample(
gen >0, new best = 190.200
gen >0, new best = 175.400
gen >0, new best = 173.900
gen >0, new best = 169.500
gen: 0 best: 169.5 mean: 185.01616915422886
gen: 1 best: 169.5 mean: 183.64228855721393
gen >2, new best = 168.900
gen >2, new best = 166.900
gen: 2 best: 166.9 mean: 183.44278606965173
gen: 3 best: 166.9 mean: 182.94875621890546
gen >4, new best = 165.100
gen: 4 best: 165.1 mean: 182.38706467661692
gen: 5 best: 165.1 mean: 181.11542288557214
gen: 6 best: 165.1 mean: 181.02238805970148
gen: 7 best: 165.1 mean: 180.67412935323384
gen >8, new best = 164.900
gen: 8 best: 164.9 mean: 179.61492537313433
gen >9, new best = 163.900
gen: 9 best: 163.9 mean: 179.4223880597015
gen: 10 best: 163.9 mean: 179.54825870646766
gen: 11 best: 163.9 mean: 178.42437810945273
gen: 12 best: 163.9 mean: 177.6960199004975
gen >13, new best = 162.600
gen: 13 best: 162.6 mean: 178.28159203980098
gen: 14 best: 162.6 mean: 176.70348258706468
gen: 15 best: 162.6 mean: 176.62089552238805
gen >16, new best = 162.300
gen: 16 best: 162.3 mean: 176.35024875621892
gen >17, new best = 161.300
gen: 17 best: 161.3 mean: 176.12537313432836
gen >18, new best = 160.600
gen: 18 best: 160.6 mean: 176.0094527363184
gen >19, new best = 158.200
gen: 19 best: 158.2 mean: 175.2452736318408
gen: 20 best: 158.2 mean: 174.9228855721393
gen: 21 best: 158.2 mean: 174.2223880597015
gen: 22 best: 158.2 mean: 174.7134328358209
gen: 23 best: 158.2 mean: 174.33432835820895
gen: 24 best: 158.2 mean: 173.2353233830846
gen: 25 best: 158.2 mean: 172.84029850746268
gen: 26 best: 158.2 mean: 172.12089552238805
gen: 27 best: 158.2 mean: 171.8636815920398
gen >28, new best = 155.500
gen: 28 best: 155.5 mean: 171.63432835820896
gen: 29 best: 155.5 mean: 171.28358208955223
gen: 30 best: 155.5 mean: 170.69900497512438
gen >31, new best = 153.600
gen: 31 best: 153.6 mean: 170.34925373134328
gen: 32 best: 153.6 mean: 170.04079601990048
gen: 33 best: 153.6 mean: 169.3
gen >34, new best = 152.900
gen: 34 best: 152.9 mean: 168.6771144278607
gen: 35 best: 152.9 mean: 169.24776119402986
gen: 36 best: 152.9 mean: 168.36318407960198
gen: 37 best: 152.9 mean: 168.32985074626865
gen: 38 best: 152.9 mean: 168.0870646766169
gen >39, new best = 151.500
gen: 39 best: 151.5 mean: 168.38507462686567
gen: 40 best: 151.5 mean: 167.5676616915423
gen: 41 best: 151.5 mean: 167.0726368159204
gen: 42 best: 151.5 mean: 167.27860696517413
gen: 43 best: 151.5 mean: 167.21194029850747
gen: 44 best: 151.5 mean: 167.0955223880597
gen >45, new best = 151.100
gen: 45 best: 151.1 mean: 167.36965174129352
gen: 46 best: 151.1 mean: 166.23134328358208
gen >47, new best = 151.000
gen: 47 best: 151.0 mean: 166.7950248756219
gen: 48 best: 151.0 mean: 166.21691542288556
gen: 49 best: 151.0 mean: 165.8542288557214
gen: 50 best: 151.0 mean: 166.0905472636816
gen: 51 best: 151.0 mean: 165.7636815920398
gen: 52 best: 151.0 mean: 165.85373134328358
gen >53, new best = 150.500
gen >53, new best = 148.400
gen: 53 best: 148.4 mean: 165.47114427860697
gen >54, new best = 147.600
gen: 54 best: 147.6 mean: 166.0268656716418
gen: 55 best: 147.6 mean: 165.1681592039801
gen: 56 best: 147.6 mean: 165.31492537313432
gen: 57 best: 147.6 mean: 165.07562189054727
gen: 58 best: 147.6 mean: 165.61044776119402
gen: 59 best: 147.6 mean: 165.5358208955224
gen >60, new best = 146.700
gen: 60 best: 146.7 mean: 164.9597014925373
gen >61, new best = 138.700
gen: 61 best: 138.7 mean: 164.06019900497512
gen: 62 best: 138.7 mean: 164.00945273631842
gen: 63 best: 138.7 mean: 164.13930348258705
gen: 64 best: 138.7 mean: 164.55174129353233
gen: 65 best: 138.7 mean: 164.16069651741293
gen: 66 best: 138.7 mean: 164.33582089552237
gen: 67 best: 138.7 mean: 164.06218905472636
gen: 68 best: 138.7 mean: 163.9228855721393
gen: 69 best: 138.7 mean: 163.7721393034826
gen: 70 best: 138.7 mean: 164.5328358208955
gen: 71 best: 138.7 mean: 164.66417910447763
gen: 72 best: 138.7 mean: 164.64875621890548
gen >73, new best = 138.400
gen: 73 best: 138.4 mean: 164.35870646766168
gen: 74 best: 138.4 mean: 164.65771144278608
gen: 75 best: 138.4 mean: 163.2995024875622
gen: 76 best: 138.4 mean: 163.70746268656717
gen: 77 best: 138.4 mean: 163.12786069651742
gen: 78 best: 138.4 mean: 163.40796019900498
gen: 79 best: 138.4 mean: 163.76517412935323
gen: 80 best: 138.4 mean: 163.22437810945274
gen: 81 best: 138.4 mean: 163.1686567164179
gen: 82 best: 138.4 mean: 163.53084577114427
gen: 83 best: 138.4 mean: 162.34029850746268
gen: 84 best: 138.4 mean: 163.0542288557214
gen: 85 best: 138.4 mean: 163.25970149253732
gen: 86 best: 138.4 mean: 162.36965174129352
gen: 87 best: 138.4 mean: 162.9268656716418
gen: 88 best: 138.4 mean: 162.9179104477612
gen: 89 best: 138.4 mean: 163.28756218905474
gen: 90 best: 138.4 mean: 163.14228855721393
gen: 91 best: 138.4 mean: 162.58955223880596
gen: 92 best: 138.4 mean: 163.07412935323384
gen: 93 best: 138.4 mean: 162.4407960199005
gen: 94 best: 138.4 mean: 162.24477611940299
gen: 95 best: 138.4 mean: 162.49203980099503
gen: 96 best: 138.4 mean: 163.11641791044775
gen: 97 best: 138.4 mean: 162.05820895522388
gen: 98 best: 138.4 mean: 162.07810945273633
gen: 99 best: 138.4 mean: 162.08507462686566
[5, 11, 8, 5, 8, 8, 10, 9, 9, 10, 9, 10, 10, 8, 9, 9, 8, 8, 9, 9, 9, 8, 9, 10, 9, 8, 11, 5, 8, 9, 8, 7, 11, 8, 9, 9, 9]
Test count of edges: 776
cat
