Defaulting to user installation because normal site-packages is not writeable
Looking in links: /cvmfs/soft.computecanada.ca/custom/python/wheelhouse/gentoo/avx2, /cvmfs/soft.computecanada.ca/custom/python/wheelhouse/gentoo/generic, /cvmfs/soft.computecanada.ca/custom/python/wheelhouse/generic
Requirement already satisfied: graphviz in /home/js17sy/.local/lib/python3.10/site-packages (0.20)
179; python ga.py 10 256N_graph10.dat 0.025 0.01 0.7 0.9 0.1 201 256N_graph10strictgen3rem70_ 828269
/project/6008788/js17sy/reopenga/256a/ga.py:291: DeprecationWarning: Sampling from a set deprecated
since Python 3.9 and will be removed in a subsequent version.
  child1 = set(random.sample(
gen >0, new best = 125.100
gen >0, new best = 83.200
gen >0, new best = 72.900
gen >0, new best = 67.300
gen: 0 best: 67.3 mean: 137.49253731343285
gen: 1 best: 67.3 mean: 136.80646766169156
gen: 2 best: 67.3 mean: 134.99900497512436
gen >3, new best = 64.900
gen: 3 best: 64.9 mean: 132.7089552238806
gen: 4 best: 64.9 mean: 132.28159203980098
gen >5, new best = 62.000
gen >5, new best = 50.300
gen: 5 best: 50.3 mean: 131.30099502487562
gen >6, new best = 39.900
gen: 6 best: 39.9 mean: 131.62686567164178
gen: 7 best: 39.9 mean: 132.16069651741293
gen: 8 best: 39.9 mean: 129.0228855721393
gen: 9 best: 39.9 mean: 127.80149253731344
gen: 10 best: 39.9 mean: 125.61194029850746
gen: 11 best: 39.9 mean: 125.06019900497512
gen: 12 best: 39.9 mean: 128.72039800995026
gen: 13 best: 39.9 mean: 127.81940298507463
gen: 14 best: 39.9 mean: 124.70547263681593
gen: 15 best: 39.9 mean: 124.70348258706467
gen: 16 best: 39.9 mean: 125.11741293532339
gen: 17 best: 39.9 mean: 124.95870646766168
gen: 18 best: 39.9 mean: 120.17213930348258
gen: 19 best: 39.9 mean: 121.34179104477612
gen: 20 best: 39.9 mean: 121.77960199004976
gen: 21 best: 39.9 mean: 119.17810945273632
gen: 22 best: 39.9 mean: 120.9592039800995
gen: 23 best: 39.9 mean: 120.46417910447761
gen: 24 best: 39.9 mean: 116.5223880597015
gen: 25 best: 39.9 mean: 118.51492537313433
gen: 26 best: 39.9 mean: 118.57512437810945
gen: 27 best: 39.9 mean: 116.29353233830845
gen: 28 best: 39.9 mean: 115.13930348258707
gen: 29 best: 39.9 mean: 114.07611940298507
gen: 30 best: 39.9 mean: 113.72537313432836
gen: 31 best: 39.9 mean: 116.23532338308458
gen: 32 best: 39.9 mean: 115.21194029850746
gen: 33 best: 39.9 mean: 115.48358208955224
gen >34, new best = 37.400
gen: 34 best: 37.4 mean: 114.01691542288557
gen: 35 best: 37.4 mean: 108.37064676616916
gen >36, new best = 37.200
gen >36, new best = 28.100
gen: 36 best: 28.1 mean: 105.73482587064676
gen: 37 best: 28.1 mean: 103.5049751243781
gen: 38 best: 28.1 mean: 100.66766169154229
gen >39, new best = 23.100
gen: 39 best: 23.1 mean: 99.53532338308457
gen: 40 best: 23.1 mean: 100.53731343283582
gen: 41 best: 23.1 mean: 95.40995024875622
gen: 42 best: 23.1 mean: 96.5636815920398
gen: 43 best: 23.1 mean: 92.08358208955224
gen: 44 best: 23.1 mean: 92.2636815920398
gen: 45 best: 23.1 mean: 88.50099502487562
gen: 46 best: 23.1 mean: 92.28407960199004
gen: 47 best: 23.1 mean: 87.67910447761194
gen: 48 best: 23.1 mean: 87.47860696517412
gen: 49 best: 23.1 mean: 86.936815920398
gen: 50 best: 23.1 mean: 88.20298507462687
gen >51, new best = 21.400
gen: 51 best: 21.4 mean: 81.40995024875622
gen: 52 best: 21.4 mean: 83.5592039800995
gen: 53 best: 21.4 mean: 81.69900497512438
gen: 54 best: 21.4 mean: 80.30696517412936
gen: 55 best: 21.4 mean: 79.00547263681592
gen: 56 best: 21.4 mean: 78.75621890547264
gen: 57 best: 21.4 mean: 80.13880597014925
gen: 58 best: 21.4 mean: 79.25771144278607
gen: 59 best: 21.4 mean: 73.81641791044777
gen: 60 best: 21.4 mean: 73.20497512437811
gen: 61 best: 21.4 mean: 73.4950248756219
gen: 62 best: 21.4 mean: 71.72835820895523
gen: 63 best: 21.4 mean: 70.38407960199005
gen: 64 best: 21.4 mean: 75.18457711442787
gen: 65 best: 21.4 mean: 72.06965174129353
gen: 66 best: 21.4 mean: 71.91044776119404
gen: 67 best: 21.4 mean: 71.12139303482587
gen >68, new best = 20.600
gen: 68 best: 20.6 mean: 69.03830845771144
gen: 69 best: 20.6 mean: 68.55373134328359
gen: 70 best: 20.6 mean: 69.10845771144278
gen: 71 best: 20.6 mean: 65.52587064676617
gen: 72 best: 20.6 mean: 68.14079601990049
gen: 73 best: 20.6 mean: 64.68159203980099
gen: 74 best: 20.6 mean: 62.89203980099502
gen: 75 best: 20.6 mean: 65.61492537313433
gen: 76 best: 20.6 mean: 61.69701492537313
gen: 77 best: 20.6 mean: 64.64626865671642
gen: 78 best: 20.6 mean: 59.6273631840796
gen: 79 best: 20.6 mean: 65.72786069651741
gen: 80 best: 20.6 mean: 63.66069651741294
gen: 81 best: 20.6 mean: 62.79054726368159
gen: 82 best: 20.6 mean: 61.483084577114425
gen >83, new best = 19.600
gen: 83 best: 19.6 mean: 60.9318407960199
gen: 84 best: 19.6 mean: 64.04676616915422
gen: 85 best: 19.6 mean: 65.38258706467661
gen >86, new best = 19.300
gen: 86 best: 19.3 mean: 60.734825870646766
gen: 87 best: 19.3 mean: 62.28407960199005
gen: 88 best: 19.3 mean: 62.10845771144279
gen: 89 best: 19.3 mean: 61.10746268656717
gen: 90 best: 19.3 mean: 60.887064676616916
gen: 91 best: 19.3 mean: 61.24278606965174
gen: 92 best: 19.3 mean: 62.21641791044776
gen: 93 best: 19.3 mean: 62.98059701492537
gen: 94 best: 19.3 mean: 60.52039800995025
gen: 95 best: 19.3 mean: 61.43830845771144
gen: 96 best: 19.3 mean: 61.745273631840796
gen: 97 best: 19.3 mean: 62.47661691542289
gen: 98 best: 19.3 mean: 62.809950248756216
gen: 99 best: 19.3 mean: 60.72636815920398
[5, 4, 4, 5, 4, 5, 4, 5, 5, 4, 6, 5, 5, 3, 5, 5, 5, 6, 5, 5, 4, 4]
Test count of edges: 469
cat
