Defaulting to user installation because normal site-packages is not writeable
Looking in links: /cvmfs/soft.computecanada.ca/custom/python/wheelhouse/gentoo/avx2, /cvmfs/soft.computecanada.ca/custom/python/wheelhouse/gentoo/generic, /cvmfs/soft.computecanada.ca/custom/python/wheelhouse/generic
Requirement already satisfied: graphviz in /home/js17sy/.local/lib/python3.10/site-packages (0.20)
139; python ga.py 10 256N_graph10.dat 0.025 0.01 0.7 0.7 0.3 201 256N_graph10strictgen2rem70_ 542659
/project/6008788/js17sy/reopenga/256a/ga.py:291: DeprecationWarning: Sampling from a set deprecated
since Python 3.9 and will be removed in a subsequent version.
  child1 = set(random.sample(
gen >0, new best = 114.200
gen >0, new best = 107.700
gen >0, new best = 105.000
gen >0, new best = 102.200
gen >0, new best = 100.200
gen >0, new best = 76.800
gen >0, new best = 72.300
gen: 0 best: 72.3 mean: 138.2268656716418
gen: 1 best: 72.3 mean: 136.3781094527363
gen >2, new best = 65.000
gen: 2 best: 65.0 mean: 136.87960199004976
gen >3, new best = 46.200
gen: 3 best: 46.2 mean: 134.45373134328358
gen: 4 best: 46.2 mean: 131.90796019900498
gen: 5 best: 46.2 mean: 133.50398009950248
gen: 6 best: 46.2 mean: 131.2860696517413
gen: 7 best: 46.2 mean: 128.34179104477613
gen: 8 best: 46.2 mean: 132.3134328358209
gen: 9 best: 46.2 mean: 131.49800995024876
gen: 10 best: 46.2 mean: 128.42089552238807
gen: 11 best: 46.2 mean: 127.8044776119403
gen: 12 best: 46.2 mean: 126.56119402985074
gen: 13 best: 46.2 mean: 125.77562189054727
gen: 14 best: 46.2 mean: 125.97462686567164
gen: 15 best: 46.2 mean: 125.26567164179104
gen: 16 best: 46.2 mean: 126.12388059701493
gen: 17 best: 46.2 mean: 125.3636815920398
gen: 18 best: 46.2 mean: 125.61890547263681
gen: 19 best: 46.2 mean: 124.1502487562189
gen >20, new best = 45.000
gen: 20 best: 45.0 mean: 122.44179104477612
gen: 21 best: 45.0 mean: 125.68407960199005
gen: 22 best: 45.0 mean: 124.04825870646766
gen: 23 best: 45.0 mean: 120.41094527363184
gen: 24 best: 45.0 mean: 124.39452736318408
gen: 25 best: 45.0 mean: 118.21542288557214
gen: 26 best: 45.0 mean: 120.74676616915423
gen: 27 best: 45.0 mean: 119.70248756218905
gen: 28 best: 45.0 mean: 120.04129353233832
gen: 29 best: 45.0 mean: 115.96268656716418
gen: 30 best: 45.0 mean: 112.58308457711443
gen: 31 best: 45.0 mean: 118.563184079602
gen: 32 best: 45.0 mean: 117.00995024875621
gen: 33 best: 45.0 mean: 114.36417910447761
gen: 34 best: 45.0 mean: 113.8044776119403
gen: 35 best: 45.0 mean: 114.13283582089552
gen: 36 best: 45.0 mean: 114.14925373134328
gen: 37 best: 45.0 mean: 114.92985074626866
gen: 38 best: 45.0 mean: 111.50696517412935
gen: 39 best: 45.0 mean: 113.26119402985074
gen >40, new best = 44.300
gen: 40 best: 44.3 mean: 114.21094527363184
gen: 41 best: 44.3 mean: 112.46318407960199
gen: 42 best: 44.3 mean: 109.79701492537313
gen: 43 best: 44.3 mean: 113.9089552238806
gen >44, new best = 37.400
gen: 44 best: 37.4 mean: 110.54676616915422
gen: 45 best: 37.4 mean: 104.78756218905473
gen: 46 best: 37.4 mean: 107.70696517412935
gen: 47 best: 37.4 mean: 105.91293532338308
gen: 48 best: 37.4 mean: 104.40199004975125
gen >49, new best = 24.200
gen: 49 best: 24.2 mean: 103.36915422885572
gen: 50 best: 24.2 mean: 101.73482587064676
gen: 51 best: 24.2 mean: 103.08059701492537
gen: 52 best: 24.2 mean: 101.2
gen: 53 best: 24.2 mean: 99.19353233830846
gen: 54 best: 24.2 mean: 97.80597014925374
gen: 55 best: 24.2 mean: 97.90049751243781
gen: 56 best: 24.2 mean: 99.16069651741293
gen: 57 best: 24.2 mean: 99.07810945273631
gen: 58 best: 24.2 mean: 93.47114427860697
gen: 59 best: 24.2 mean: 93.28109452736318
gen: 60 best: 24.2 mean: 91.3179104477612
gen: 61 best: 24.2 mean: 94.94626865671641
gen: 62 best: 24.2 mean: 93.95074626865672
gen: 63 best: 24.2 mean: 91.91741293532338
gen: 64 best: 24.2 mean: 90.95174129353234
gen: 65 best: 24.2 mean: 92.53980099502488
gen: 66 best: 24.2 mean: 90.063184079602
gen: 67 best: 24.2 mean: 92.33383084577115
gen: 68 best: 24.2 mean: 91.82786069651742
gen: 69 best: 24.2 mean: 91.67213930348258
gen: 70 best: 24.2 mean: 89.62537313432836
gen: 71 best: 24.2 mean: 89.65174129353234
gen: 72 best: 24.2 mean: 87.83781094527363
gen >73, new best = 22.400
gen: 73 best: 22.4 mean: 88.44577114427861
gen: 74 best: 22.4 mean: 89.90696517412935
gen: 75 best: 22.4 mean: 89.36616915422886
gen: 76 best: 22.4 mean: 84.29402985074627
gen: 77 best: 22.4 mean: 84.76517412935323
gen: 78 best: 22.4 mean: 86.68756218905473
gen: 79 best: 22.4 mean: 86.17014925373134
gen: 80 best: 22.4 mean: 85.718407960199
gen: 81 best: 22.4 mean: 84.5587064676617
gen: 82 best: 22.4 mean: 88.31990049751244
gen: 83 best: 22.4 mean: 85.84278606965174
gen: 84 best: 22.4 mean: 85.47462686567164
gen: 85 best: 22.4 mean: 84.7820895522388
gen: 86 best: 22.4 mean: 84.72487562189055
gen: 87 best: 22.4 mean: 82.27412935323383
gen: 88 best: 22.4 mean: 81.65373134328358
gen: 89 best: 22.4 mean: 85.32139303482587
gen: 90 best: 22.4 mean: 83.12437810945273
gen: 91 best: 22.4 mean: 84.25522388059701
gen: 92 best: 22.4 mean: 83.39850746268657
gen: 93 best: 22.4 mean: 80.16218905472637
gen: 94 best: 22.4 mean: 82.7
gen: 95 best: 22.4 mean: 79.13333333333334
gen: 96 best: 22.4 mean: 82.52786069651741
gen: 97 best: 22.4 mean: 81.29054726368159
gen: 98 best: 22.4 mean: 79.41791044776119
gen: 99 best: 22.4 mean: 77.20199004975125
[12, 4, 4, 4, 10, 11, 4, 4, 4, 11, 4, 6, 8, 5, 5, 6, 10, 5, 4, 5, 8, 5, 3, 5, 11, 4, 5]
Test count of edges: 482
cat
