Defaulting to user installation because normal site-packages is not writeable
Looking in links: /cvmfs/soft.computecanada.ca/custom/python/wheelhouse/gentoo/avx2, /cvmfs/soft.computecanada.ca/custom/python/wheelhouse/gentoo/generic, /cvmfs/soft.computecanada.ca/custom/python/wheelhouse/generic
Requirement already satisfied: graphviz in /home/js17sy/.local/lib/python3.10/site-packages (0.20)
36; python ga.py 10 256N_graph10.dat 0.025 0.01 0.5 0.7 0.3 201 256N_graph10strictgen2rem50_ 171366
/project/6008788/js17sy/reopenga/256a/ga.py:291: DeprecationWarning: Sampling from a set deprecated
since Python 3.9 and will be removed in a subsequent version.
  child1 = set(random.sample(
gen >0, new best = 154.100
gen >0, new best = 147.100
gen >0, new best = 142.000
gen >0, new best = 128.100
gen >0, new best = 111.500
gen: 0 best: 111.5 mean: 153.55547263681592
gen: 1 best: 111.5 mean: 154.40646766169155
gen: 2 best: 111.5 mean: 153.92636815920397
gen: 3 best: 111.5 mean: 152.581592039801
gen: 4 best: 111.5 mean: 152.49950248756218
gen: 5 best: 111.5 mean: 151.47562189054727
gen: 6 best: 111.5 mean: 150.33432835820895
gen: 7 best: 111.5 mean: 150.88955223880598
gen: 8 best: 111.5 mean: 150.71840796019902
gen: 9 best: 111.5 mean: 149.3139303482587
gen: 10 best: 111.5 mean: 149.99402985074627
gen: 11 best: 111.5 mean: 149.68557213930347
gen: 12 best: 111.5 mean: 148.00049751243782
gen >13, new best = 105.400
gen: 13 best: 105.4 mean: 147.90796019900498
gen: 14 best: 105.4 mean: 148.22587064676617
gen: 15 best: 105.4 mean: 147.7318407960199
gen >16, new best = 103.900
gen: 16 best: 103.9 mean: 147.09850746268657
gen >17, new best = 102.700
gen: 17 best: 102.7 mean: 146.7865671641791
gen: 18 best: 102.7 mean: 145.4905472636816
gen: 19 best: 102.7 mean: 145.71691542288556
gen: 20 best: 102.7 mean: 145.53532338308457
gen: 21 best: 102.7 mean: 144.88756218905473
gen: 22 best: 102.7 mean: 144.97213930348258
gen: 23 best: 102.7 mean: 144.48358208955224
gen: 24 best: 102.7 mean: 144.2089552238806
gen: 25 best: 102.7 mean: 143.84179104477613
gen: 26 best: 102.7 mean: 144.25124378109453
gen: 27 best: 102.7 mean: 144.8452736318408
gen: 28 best: 102.7 mean: 144.36865671641792
gen: 29 best: 102.7 mean: 144.99950248756218
gen: 30 best: 102.7 mean: 143.3547263681592
gen >31, new best = 100.500
gen: 31 best: 100.5 mean: 143.77810945273632
gen: 32 best: 100.5 mean: 143.38955223880598
gen: 33 best: 100.5 mean: 141.35721393034825
gen: 34 best: 100.5 mean: 141.08557213930348
gen: 35 best: 100.5 mean: 139.93781094527364
gen: 36 best: 100.5 mean: 141.65721393034826
gen >37, new best = 92.500
gen: 37 best: 92.5 mean: 139.62089552238805
gen: 38 best: 92.5 mean: 140.79402985074626
gen: 39 best: 92.5 mean: 140.42388059701491
gen: 40 best: 92.5 mean: 142.07860696517412
gen: 41 best: 92.5 mean: 142.8313432835821
gen: 42 best: 92.5 mean: 141.45273631840797
gen >43, new best = 86.700
gen: 43 best: 86.7 mean: 141.34378109452737
gen: 44 best: 86.7 mean: 139.46517412935324
gen: 45 best: 86.7 mean: 142.8810945273632
gen: 46 best: 86.7 mean: 140.1492537313433
gen: 47 best: 86.7 mean: 140.37164179104477
gen: 48 best: 86.7 mean: 140.47114427860697
gen: 49 best: 86.7 mean: 140.60796019900496
gen: 50 best: 86.7 mean: 137.2497512437811
gen: 51 best: 86.7 mean: 139.3910447761194
gen: 52 best: 86.7 mean: 137.12039800995024
gen: 53 best: 86.7 mean: 138.37462686567164
gen: 54 best: 86.7 mean: 136.4900497512438
gen: 55 best: 86.7 mean: 136.2278606965174
gen: 56 best: 86.7 mean: 138.4716417910448
gen: 57 best: 86.7 mean: 137.76467661691544
gen >58, new best = 85.800
gen: 58 best: 85.8 mean: 137.12835820895523
gen: 59 best: 85.8 mean: 137.48059701492537
gen: 60 best: 85.8 mean: 138.67064676616914
gen: 61 best: 85.8 mean: 136.97462686567164
gen: 62 best: 85.8 mean: 136.88358208955225
gen: 63 best: 85.8 mean: 136.85174129353234
gen >64, new best = 72.900
gen: 64 best: 72.9 mean: 135.1457711442786
gen: 65 best: 72.9 mean: 137.12985074626866
gen: 66 best: 72.9 mean: 140.1766169154229
gen: 67 best: 72.9 mean: 133.40796019900498
gen: 68 best: 72.9 mean: 132.77860696517413
gen >69, new best = 71.500
gen: 69 best: 71.5 mean: 134.6233830845771
gen: 70 best: 71.5 mean: 134.41243781094528
gen: 71 best: 71.5 mean: 132.56169154228857
gen >72, new best = 69.200
gen: 72 best: 69.2 mean: 133.5542288557214
gen: 73 best: 69.2 mean: 133.5950248756219
gen: 74 best: 69.2 mean: 135.6089552238806
gen: 75 best: 69.2 mean: 135.5089552238806
gen: 76 best: 69.2 mean: 135.37611940298507
gen: 77 best: 69.2 mean: 135.97860696517412
gen: 78 best: 69.2 mean: 135.0547263681592
gen: 79 best: 69.2 mean: 133.06069651741294
gen: 80 best: 69.2 mean: 135.04825870646766
gen: 81 best: 69.2 mean: 135.9915422885572
gen: 82 best: 69.2 mean: 134.081592039801
gen: 83 best: 69.2 mean: 133.99850746268658
gen: 84 best: 69.2 mean: 133.00597014925373
gen: 85 best: 69.2 mean: 136.13084577114427
gen: 86 best: 69.2 mean: 134.3179104477612
gen: 87 best: 69.2 mean: 132.78457711442786
gen >88, new best = 58.300
gen: 88 best: 58.3 mean: 135.47860696517412
gen: 89 best: 58.3 mean: 133.58905472636815
gen: 90 best: 58.3 mean: 135.4636815920398
gen: 91 best: 58.3 mean: 134.63532338308457
gen: 92 best: 58.3 mean: 134.018407960199
gen: 93 best: 58.3 mean: 135.8587064676617
gen: 94 best: 58.3 mean: 137.00796019900497
gen: 95 best: 58.3 mean: 132.0641791044776
gen: 96 best: 58.3 mean: 131.5457711442786
gen: 97 best: 58.3 mean: 131.8004975124378
gen: 98 best: 58.3 mean: 131.13880597014926
gen: 99 best: 58.3 mean: 130.02039800995024
[14, 13, 12, 4, 11, 12, 11, 4, 6, 12, 6, 13, 12, 6, 5, 17, 7, 13, 21, 9, 5, 12, 13, 5]
Test count of edges: 793
cat
