Defaulting to user installation because normal site-packages is not writeable
Looking in links: /cvmfs/soft.computecanada.ca/custom/python/wheelhouse/gentoo/avx2, /cvmfs/soft.computecanada.ca/custom/python/wheelhouse/gentoo/generic, /cvmfs/soft.computecanada.ca/custom/python/wheelhouse/generic
Requirement already satisfied: graphviz in /home/js17sy/.local/lib/python3.10/site-packages (0.20)
296; python ga.py 10 256N_graph10.dat 0.05 0.02 0.7 0.5 0.5 201 256N_graph10mediumgen1rem70_ 742586
/project/6008788/js17sy/reopenga/256a/ga.py:291: DeprecationWarning: Sampling from a set deprecated
since Python 3.9 and will be removed in a subsequent version.
  child1 = set(random.sample(
gen >0, new best = 176.100
gen >0, new best = 173.100
gen >0, new best = 133.800
gen >0, new best = 126.800
gen: 0 best: 126.8 mean: 175.58333333333334
gen: 1 best: 126.8 mean: 173.20298507462687
gen: 2 best: 126.8 mean: 174.25223880597014
gen >3, new best = 119.600
gen: 3 best: 119.6 mean: 171.77462686567165
gen: 4 best: 119.6 mean: 169.61293532338308
gen: 5 best: 119.6 mean: 166.4313432835821
gen: 6 best: 119.6 mean: 166.87562189054725
gen: 7 best: 119.6 mean: 163.30149253731344
gen: 8 best: 119.6 mean: 162.07064676616915
gen: 9 best: 119.6 mean: 159.6457711442786
gen: 10 best: 119.6 mean: 160.96616915422885
gen >11, new best = 117.300
gen: 11 best: 117.3 mean: 158.7582089552239
gen >12, new best = 115.700
gen: 12 best: 115.7 mean: 159.5228855721393
gen >13, new best = 114.900
gen: 13 best: 114.9 mean: 156.26716417910447
gen >14, new best = 110.400
gen: 14 best: 110.4 mean: 155.26517412935323
gen: 15 best: 110.4 mean: 154.26169154228856
gen: 16 best: 110.4 mean: 152.94825870646767
gen: 17 best: 110.4 mean: 152.5915422885572
gen: 18 best: 110.4 mean: 150.97114427860697
gen: 19 best: 110.4 mean: 146.83582089552237
gen: 20 best: 110.4 mean: 150.58656716417912
gen >21, new best = 109.100
gen: 21 best: 109.1 mean: 149.21592039800996
gen: 22 best: 109.1 mean: 149.94378109452737
gen: 23 best: 109.1 mean: 148.08756218905472
gen: 24 best: 109.1 mean: 148.2910447761194
gen: 25 best: 109.1 mean: 148.7507462686567
gen >26, new best = 104.800
gen: 26 best: 104.8 mean: 145.773631840796
gen >27, new best = 101.400
gen: 27 best: 101.4 mean: 147.9084577114428
gen: 28 best: 101.4 mean: 147.4900497512438
gen >29, new best = 100.300
gen: 29 best: 100.3 mean: 146.17363184079602
gen: 30 best: 100.3 mean: 145.6915422885572
gen: 31 best: 100.3 mean: 147.10497512437811
gen: 32 best: 100.3 mean: 145.08905472636815
gen: 33 best: 100.3 mean: 144.48059701492537
gen: 34 best: 100.3 mean: 144.85572139303483
gen: 35 best: 100.3 mean: 143.14378109452736
gen: 36 best: 100.3 mean: 144.04776119402985
gen: 37 best: 100.3 mean: 143.36467661691543
gen: 38 best: 100.3 mean: 140.0636815920398
gen: 39 best: 100.3 mean: 141.09303482587066
gen: 40 best: 100.3 mean: 141.73781094527362
gen: 41 best: 100.3 mean: 143.60298507462687
gen: 42 best: 100.3 mean: 141.17960199004975
gen: 43 best: 100.3 mean: 142.26865671641792
gen: 44 best: 100.3 mean: 140.33930348258707
gen: 45 best: 100.3 mean: 140.2189054726368
gen: 46 best: 100.3 mean: 140.32835820895522
gen: 47 best: 100.3 mean: 140.26517412935323
gen: 48 best: 100.3 mean: 140.47611940298506
gen: 49 best: 100.3 mean: 140.17462686567166
gen: 50 best: 100.3 mean: 140.78059701492538
gen: 51 best: 100.3 mean: 140.5228855721393
gen >52, new best = 96.700
gen: 52 best: 96.7 mean: 139.06467661691542
gen: 53 best: 96.7 mean: 140.53980099502488
gen: 54 best: 96.7 mean: 138.5955223880597
gen: 55 best: 96.7 mean: 138.30348258706468
gen: 56 best: 96.7 mean: 140.87910447761195
gen: 57 best: 96.7 mean: 137.2731343283582
gen: 58 best: 96.7 mean: 138.18009950248756
gen: 59 best: 96.7 mean: 137.83830845771143
gen: 60 best: 96.7 mean: 138.99950248756218
gen: 61 best: 96.7 mean: 137.99303482587064
gen: 62 best: 96.7 mean: 139.01442786069651
gen: 63 best: 96.7 mean: 139.1995024875622
gen: 64 best: 96.7 mean: 137.56019900497512
gen: 65 best: 96.7 mean: 136.97512437810946
gen: 66 best: 96.7 mean: 137.98855721393033
gen: 67 best: 96.7 mean: 136.42587064676616
gen: 68 best: 96.7 mean: 137.5597014925373
gen: 69 best: 96.7 mean: 135.43980099502488
gen: 70 best: 96.7 mean: 136.44427860696518
gen: 71 best: 96.7 mean: 137.7537313432836
gen: 72 best: 96.7 mean: 136.0636815920398
gen: 73 best: 96.7 mean: 137.17810945273632
gen: 74 best: 96.7 mean: 136.62437810945275
gen: 75 best: 96.7 mean: 137.68955223880596
gen: 76 best: 96.7 mean: 138.1547263681592
gen: 77 best: 96.7 mean: 136.40646766169155
gen: 78 best: 96.7 mean: 136.78009950248756
gen: 79 best: 96.7 mean: 137.90348258706467
gen: 80 best: 96.7 mean: 135.37412935323383
gen: 81 best: 96.7 mean: 135.93781094527364
gen: 82 best: 96.7 mean: 137.45174129353234
gen: 83 best: 96.7 mean: 136.48457711442785
gen: 84 best: 96.7 mean: 136.94825870646767
gen: 85 best: 96.7 mean: 136.38855721393034
gen: 86 best: 96.7 mean: 136.80099502487562
gen: 87 best: 96.7 mean: 136.41890547263682
gen: 88 best: 96.7 mean: 134.77164179104477
gen: 89 best: 96.7 mean: 135.2
gen: 90 best: 96.7 mean: 136.2223880597015
gen: 91 best: 96.7 mean: 135.08407960199006
gen: 92 best: 96.7 mean: 135.31044776119404
gen: 93 best: 96.7 mean: 135.58557213930348
gen: 94 best: 96.7 mean: 135.66417910447763
gen: 95 best: 96.7 mean: 135.15522388059702
gen: 96 best: 96.7 mean: 136.27114427860695
gen: 97 best: 96.7 mean: 135.15621890547263
gen: 98 best: 96.7 mean: 135.8597014925373
gen: 99 best: 96.7 mean: 136.44925373134328
[7, 11, 9, 8, 4, 9, 8, 9, 10, 9, 9, 8, 10, 6, 10, 8, 8, 8, 5, 8, 7, 8, 9, 4, 10, 7, 10, 8, 9, 8, 12, 9, 10, 9, 10]
Test count of edges: 489
cat
