Defaulting to user installation because normal site-packages is not writeable
Looking in links: /cvmfs/soft.computecanada.ca/custom/python/wheelhouse/gentoo/avx2, /cvmfs/soft.computecanada.ca/custom/python/wheelhouse/gentoo/generic, /cvmfs/soft.computecanada.ca/custom/python/wheelhouse/generic
Requirement already satisfied: graphviz in /home/js17sy/.local/lib/python3.10/site-packages (0.20)
605; python ga.py 10 256N_graph10.dat 0.1 0.04 0.5 0.9 0.1 201 256N_graph10leerygen3rem50_ 142805
/project/6008788/js17sy/reopenga/256a/ga.py:291: DeprecationWarning: Sampling from a set deprecated
since Python 3.9 and will be removed in a subsequent version.
  child1 = set(random.sample(
gen >0, new best = 184.300
gen >0, new best = 178.300
gen >0, new best = 174.000
gen >0, new best = 171.800
gen: 0 best: 171.8 mean: 185.32114427860697
gen >1, new best = 170.100
gen: 1 best: 170.1 mean: 184.6721393034826
gen: 2 best: 170.1 mean: 183.95572139303482
gen >3, new best = 167.400
gen: 3 best: 167.4 mean: 183.43034825870646
gen >4, new best = 162.200
gen: 4 best: 162.2 mean: 183.11542288557214
gen: 5 best: 162.2 mean: 181.85124378109452
gen: 6 best: 162.2 mean: 181.3542288557214
gen: 7 best: 162.2 mean: 180.726368159204
gen: 8 best: 162.2 mean: 180.1363184079602
gen: 9 best: 162.2 mean: 179.98905472636815
gen: 10 best: 162.2 mean: 179.48358208955224
gen: 11 best: 162.2 mean: 179.05223880597015
gen: 12 best: 162.2 mean: 178.67910447761193
gen >13, new best = 161.700
gen: 13 best: 161.7 mean: 178.07512437810945
gen >14, new best = 160.800
gen: 14 best: 160.8 mean: 177.01442786069651
gen >15, new best = 158.700
gen: 15 best: 158.7 mean: 176.82437810945274
gen: 16 best: 158.7 mean: 177.37611940298507
gen: 17 best: 158.7 mean: 176.63333333333333
gen: 18 best: 158.7 mean: 176.59701492537314
gen: 19 best: 158.7 mean: 176.57611940298509
gen: 20 best: 158.7 mean: 176.00149253731342
gen: 21 best: 158.7 mean: 175.73980099502486
gen >22, new best = 156.400
gen: 22 best: 156.4 mean: 174.85124378109452
gen: 23 best: 156.4 mean: 175.09353233830845
gen: 24 best: 156.4 mean: 175.16218905472635
gen: 25 best: 156.4 mean: 174.81641791044777
gen: 26 best: 156.4 mean: 174.08308457711442
gen: 27 best: 156.4 mean: 173.96915422885573
gen: 28 best: 156.4 mean: 172.3582089552239
gen: 29 best: 156.4 mean: 172.9278606965174
gen: 30 best: 156.4 mean: 172.8582089552239
gen: 31 best: 156.4 mean: 171.9089552238806
gen: 32 best: 156.4 mean: 171.77611940298507
gen: 33 best: 156.4 mean: 171.38507462686567
gen: 34 best: 156.4 mean: 171.10248756218905
gen: 35 best: 156.4 mean: 171.41243781094528
gen >36, new best = 156.000
gen >36, new best = 155.800
gen: 36 best: 155.8 mean: 170.56069651741294
gen >37, new best = 154.900
gen: 37 best: 154.9 mean: 170.2179104477612
gen: 38 best: 154.9 mean: 169.9044776119403
gen: 39 best: 154.9 mean: 169.37313432835822
gen: 40 best: 154.9 mean: 170.11492537313433
gen >41, new best = 150.000
gen: 41 best: 150.0 mean: 168.43980099502488
gen >42, new best = 149.800
gen: 42 best: 149.8 mean: 168.9139303482587
gen: 43 best: 149.8 mean: 168.53333333333333
gen: 44 best: 149.8 mean: 168.03432835820897
gen: 45 best: 149.8 mean: 168.24129353233832
gen: 46 best: 149.8 mean: 168.64278606965175
gen: 47 best: 149.8 mean: 168.76119402985074
gen: 48 best: 149.8 mean: 168.21094527363184
gen: 49 best: 149.8 mean: 167.13134328358208
gen: 50 best: 149.8 mean: 166.39502487562189
gen: 51 best: 149.8 mean: 167.54179104477612
gen: 52 best: 149.8 mean: 167.02139303482588
gen: 53 best: 149.8 mean: 167.3955223880597
gen: 54 best: 149.8 mean: 166.32636815920398
gen: 55 best: 149.8 mean: 167.14427860696517
gen >56, new best = 147.300
gen: 56 best: 147.3 mean: 165.9945273631841
gen: 57 best: 147.3 mean: 165.97860696517412
gen: 58 best: 147.3 mean: 165.79601990049753
gen: 59 best: 147.3 mean: 165.38955223880598
gen: 60 best: 147.3 mean: 165.36865671641792
gen: 61 best: 147.3 mean: 164.86766169154228
gen: 62 best: 147.3 mean: 164.93930348258706
gen: 63 best: 147.3 mean: 165.32189054726368
gen: 64 best: 147.3 mean: 165.7995024875622
gen >65, new best = 145.800
gen: 65 best: 145.8 mean: 165.0681592039801
gen >66, new best = 143.700
gen: 66 best: 143.7 mean: 164.8497512437811
gen: 67 best: 143.7 mean: 165.42835820895522
gen: 68 best: 143.7 mean: 165.71243781094526
gen: 69 best: 143.7 mean: 165.463184079602
gen: 70 best: 143.7 mean: 165.28756218905474
gen: 71 best: 143.7 mean: 165.39154228855722
gen: 72 best: 143.7 mean: 165.33880597014925
gen: 73 best: 143.7 mean: 164.37512437810946
gen: 74 best: 143.7 mean: 165.49601990049752
gen: 75 best: 143.7 mean: 165.24129353233832
gen: 76 best: 143.7 mean: 164.6771144278607
gen: 77 best: 143.7 mean: 164.88606965174128
gen: 78 best: 143.7 mean: 165.2507462686567
gen: 79 best: 143.7 mean: 165.09402985074627
gen: 80 best: 143.7 mean: 164.67810945273632
gen: 81 best: 143.7 mean: 164.60845771144278
gen: 82 best: 143.7 mean: 164.08756218905472
gen: 83 best: 143.7 mean: 164.71691542288556
gen: 84 best: 143.7 mean: 164.96467661691543
gen: 85 best: 143.7 mean: 165.1407960199005
gen: 86 best: 143.7 mean: 163.9129353233831
gen: 87 best: 143.7 mean: 164.17512437810944
gen: 88 best: 143.7 mean: 164.62935323383084
gen: 89 best: 143.7 mean: 164.79452736318407
gen: 90 best: 143.7 mean: 163.78308457711444
gen: 91 best: 143.7 mean: 164.6830845771144
gen: 92 best: 143.7 mean: 164.23532338308456
gen: 93 best: 143.7 mean: 163.7676616915423
gen: 94 best: 143.7 mean: 164.07164179104478
gen: 95 best: 143.7 mean: 164.5412935323383
gen: 96 best: 143.7 mean: 163.7323383084577
gen: 97 best: 143.7 mean: 164.32437810945274
gen: 98 best: 143.7 mean: 164.5268656716418
gen: 99 best: 143.7 mean: 163.60796019900496
[8, 9, 8, 8, 9, 9, 8, 8, 10, 8, 7, 9, 9, 10, 9, 7, 8, 8, 9, 7]
Test count of edges: 774
cat
