Defaulting to user installation because normal site-packages is not writeable
Looking in links: /cvmfs/soft.computecanada.ca/custom/python/wheelhouse/gentoo/avx2, /cvmfs/soft.computecanada.ca/custom/python/wheelhouse/gentoo/generic, /cvmfs/soft.computecanada.ca/custom/python/wheelhouse/generic
Requirement already satisfied: graphviz in /home/js17sy/.local/lib/python3.10/site-packages (0.20)
517; python ga.py 10 256N_graph10.dat 0.075 0.03 0.7 0.9 0.1 201 256N_graph10laxgen3rem70_ 199927
/project/6008788/js17sy/reopenga/256a/ga.py:291: DeprecationWarning: Sampling from a set deprecated
since Python 3.9 and will be removed in a subsequent version.
  child1 = set(random.sample(
gen >0, new best = 186.100
gen >0, new best = 174.000
gen >0, new best = 172.900
gen >0, new best = 167.400
gen >0, new best = 166.000
gen >0, new best = 161.700
gen >0, new best = 155.800
gen >0, new best = 148.400
gen >0, new best = 143.700
gen: 0 best: 143.7 mean: 182.20572139303482
gen >1, new best = 134.800
gen: 1 best: 134.8 mean: 180.80646766169156
gen >2, new best = 124.600
gen: 2 best: 124.6 mean: 180.87064676616916
gen: 3 best: 124.6 mean: 180.00099502487564
gen: 4 best: 124.6 mean: 177.39253731343283
gen: 5 best: 124.6 mean: 176.81243781094528
gen: 6 best: 124.6 mean: 174.18855721393035
gen: 7 best: 124.6 mean: 173.44925373134328
gen: 8 best: 124.6 mean: 172.82587064676616
gen: 9 best: 124.6 mean: 170.83034825870647
gen: 10 best: 124.6 mean: 169.60298507462687
gen: 11 best: 124.6 mean: 169.51194029850745
gen: 12 best: 124.6 mean: 165.86567164179104
gen: 13 best: 124.6 mean: 167.00199004975124
gen: 14 best: 124.6 mean: 166.66169154228857
gen: 15 best: 124.6 mean: 164.15223880597014
gen: 16 best: 124.6 mean: 164.3587064676617
gen >17, new best = 119.900
gen: 17 best: 119.9 mean: 162.02786069651742
gen: 18 best: 119.9 mean: 161.54676616915424
gen: 19 best: 119.9 mean: 161.86218905472637
gen: 20 best: 119.9 mean: 161.90746268656716
gen: 21 best: 119.9 mean: 160.14875621890548
gen: 22 best: 119.9 mean: 158.13333333333333
gen: 23 best: 119.9 mean: 157.86019900497513
gen: 24 best: 119.9 mean: 158.18955223880596
gen: 25 best: 119.9 mean: 159.37462686567164
gen: 26 best: 119.9 mean: 156.55572139303482
gen: 27 best: 119.9 mean: 156.16069651741293
gen: 28 best: 119.9 mean: 155.9636815920398
gen: 29 best: 119.9 mean: 156.51094527363185
gen: 30 best: 119.9 mean: 156.34427860696516
gen >31, new best = 118.800
gen: 31 best: 118.8 mean: 154.79800995024877
gen: 32 best: 118.8 mean: 153.76318407960198
gen: 33 best: 118.8 mean: 154.6681592039801
gen: 34 best: 118.8 mean: 153.8641791044776
gen: 35 best: 118.8 mean: 154.11293532338308
gen: 36 best: 118.8 mean: 151.98208955223882
gen: 37 best: 118.8 mean: 152.46965174129352
gen: 38 best: 118.8 mean: 153.20746268656717
gen: 39 best: 118.8 mean: 152.91741293532337
gen: 40 best: 118.8 mean: 151.44427860696518
gen: 41 best: 118.8 mean: 149.95124378109452
gen: 42 best: 118.8 mean: 151.41691542288558
gen: 43 best: 118.8 mean: 151.726368159204
gen: 44 best: 118.8 mean: 151.67860696517414
gen: 45 best: 118.8 mean: 151.94278606965173
gen: 46 best: 118.8 mean: 149.59303482587063
gen >47, new best = 116.600
gen: 47 best: 116.6 mean: 150.2089552238806
gen: 48 best: 116.6 mean: 151.24278606965174
gen: 49 best: 116.6 mean: 150.21194029850747
gen: 50 best: 116.6 mean: 149.78507462686568
gen: 51 best: 116.6 mean: 149.75621890547265
gen: 52 best: 116.6 mean: 149.73930348258708
gen: 53 best: 116.6 mean: 150.3592039800995
gen: 54 best: 116.6 mean: 149.32935323383086
gen: 55 best: 116.6 mean: 149.3407960199005
gen: 56 best: 116.6 mean: 148.07562189054727
gen: 57 best: 116.6 mean: 148.52089552238806
gen: 58 best: 116.6 mean: 147.24875621890547
gen: 59 best: 116.6 mean: 149.03830845771145
gen: 60 best: 116.6 mean: 147.10696517412936
gen: 61 best: 116.6 mean: 148.43432835820894
gen >62, new best = 113.800
gen: 62 best: 113.8 mean: 147.5950248756219
gen: 63 best: 113.8 mean: 148.9313432835821
gen: 64 best: 113.8 mean: 147.7318407960199
gen: 65 best: 113.8 mean: 147.22835820895523
gen: 66 best: 113.8 mean: 147.61492537313433
gen: 67 best: 113.8 mean: 147.24228855721393
gen: 68 best: 113.8 mean: 145.52039800995024
gen: 69 best: 113.8 mean: 147.27412935323383
gen: 70 best: 113.8 mean: 145.54626865671642
gen >71, new best = 112.100
gen: 71 best: 112.1 mean: 146.4547263681592
gen: 72 best: 112.1 mean: 145.11641791044775
gen: 73 best: 112.1 mean: 145.63383084577114
gen: 74 best: 112.1 mean: 145.3233830845771
gen: 75 best: 112.1 mean: 146.08855721393036
gen: 76 best: 112.1 mean: 146.50248756218906
gen: 77 best: 112.1 mean: 145.30646766169156
gen: 78 best: 112.1 mean: 146.9641791044776
gen: 79 best: 112.1 mean: 145.52636815920397
gen: 80 best: 112.1 mean: 144.17014925373135
gen: 81 best: 112.1 mean: 146.3084577114428
gen: 82 best: 112.1 mean: 146.4860696517413
gen: 83 best: 112.1 mean: 146.2910447761194
gen: 84 best: 112.1 mean: 145.48009950248758
gen: 85 best: 112.1 mean: 146.2960199004975
gen: 86 best: 112.1 mean: 145.36567164179104
gen: 87 best: 112.1 mean: 145.84427860696516
gen: 88 best: 112.1 mean: 145.79353233830847
gen: 89 best: 112.1 mean: 144.4771144278607
gen: 90 best: 112.1 mean: 145.64776119402984
gen: 91 best: 112.1 mean: 146.06616915422885
gen: 92 best: 112.1 mean: 145.05273631840797
gen: 93 best: 112.1 mean: 145.08059701492536
gen: 94 best: 112.1 mean: 145.54328358208954
gen: 95 best: 112.1 mean: 146.6592039800995
gen: 96 best: 112.1 mean: 144.7507462686567
gen: 97 best: 112.1 mean: 145.95373134328358
gen: 98 best: 112.1 mean: 144.581592039801
gen: 99 best: 112.1 mean: 143.8412935323383
[8, 8, 8, 8, 10, 9, 6, 7, 7, 6, 9, 9, 7, 8, 8, 8, 8, 8, 8, 10, 9, 9, 9, 8, 9, 6, 8, 5, 8, 6, 9]
Test count of edges: 470
cat
