Defaulting to user installation because normal site-packages is not writeable
Looking in links: /cvmfs/soft.computecanada.ca/custom/python/wheelhouse/gentoo/avx2, /cvmfs/soft.computecanada.ca/custom/python/wheelhouse/gentoo/generic, /cvmfs/soft.computecanada.ca/custom/python/wheelhouse/generic
Requirement already satisfied: graphviz in /home/js17sy/.local/lib/python3.10/site-packages (0.20)
115; python ga.py 10 256N_graph10.dat 0.025 0.01 0.7 0.5 0.5 201 256N_graph10strictgen1rem70_ 714025
/project/6008788/js17sy/reopenga/256a/ga.py:291: DeprecationWarning: Sampling from a set deprecated
since Python 3.9 and will be removed in a subsequent version.
  child1 = set(random.sample(
gen >0, new best = 131.600
gen >0, new best = 131.500
gen >0, new best = 130.700
gen >0, new best = 120.300
gen >0, new best = 107.900
gen >0, new best = 106.000
gen >0, new best = 104.400
gen >0, new best = 72.900
gen >0, new best = 63.000
gen >0, new best = 50.600
gen: 0 best: 50.6 mean: 135.95348258706468
gen >1, new best = 43.400
gen: 1 best: 43.4 mean: 136.65970149253732
gen: 2 best: 43.4 mean: 137.05074626865672
gen: 3 best: 43.4 mean: 135.37114427860698
gen: 4 best: 43.4 mean: 130.91542288557213
gen: 5 best: 43.4 mean: 131.01243781094527
gen: 6 best: 43.4 mean: 130.2139303482587
gen: 7 best: 43.4 mean: 129.7
gen: 8 best: 43.4 mean: 131.59800995024875
gen: 9 best: 43.4 mean: 129.90746268656716
gen: 10 best: 43.4 mean: 128.39850746268655
gen: 11 best: 43.4 mean: 125.80298507462686
gen: 12 best: 43.4 mean: 127.53333333333333
gen: 13 best: 43.4 mean: 124.27064676616915
gen: 14 best: 43.4 mean: 121.62636815920398
gen: 15 best: 43.4 mean: 121.07014925373134
gen: 16 best: 43.4 mean: 120.90646766169154
gen: 17 best: 43.4 mean: 123.31492537313433
gen: 18 best: 43.4 mean: 119.0044776119403
gen: 19 best: 43.4 mean: 120.20398009950249
gen: 20 best: 43.4 mean: 121.67860696517413
gen >21, new best = 32.300
gen: 21 best: 32.3 mean: 117.73582089552238
gen: 22 best: 32.3 mean: 118.69800995024876
gen: 23 best: 32.3 mean: 114.00597014925373
gen >24, new best = 30.000
gen: 24 best: 30.0 mean: 111.91940298507463
gen >25, new best = 27.000
gen: 25 best: 27.0 mean: 112.5910447761194
gen: 26 best: 27.0 mean: 114.58009950248756
gen: 27 best: 27.0 mean: 109.11890547263681
gen: 28 best: 27.0 mean: 104.18955223880597
gen: 29 best: 27.0 mean: 108.4273631840796
gen: 30 best: 27.0 mean: 101.1950248756219
gen: 31 best: 27.0 mean: 99.69303482587064
gen: 32 best: 27.0 mean: 101.7273631840796
gen: 33 best: 27.0 mean: 101.64776119402985
gen: 34 best: 27.0 mean: 94.85870646766169
gen: 35 best: 27.0 mean: 96.43084577114428
gen: 36 best: 27.0 mean: 95.90995024875622
gen >37, new best = 23.200
gen: 37 best: 23.2 mean: 94.90696517412935
gen: 38 best: 23.2 mean: 88.80845771144278
gen: 39 best: 23.2 mean: 90.66019900497513
gen: 40 best: 23.2 mean: 90.02437810945274
gen: 41 best: 23.2 mean: 90.93731343283582
gen: 42 best: 23.2 mean: 85.06119402985075
gen: 43 best: 23.2 mean: 81.56766169154228
gen: 44 best: 23.2 mean: 80.59303482587065
gen >45, new best = 23.100
gen: 45 best: 23.1 mean: 85.14228855721393
gen: 46 best: 23.1 mean: 77.84626865671642
gen: 47 best: 23.1 mean: 79.67611940298508
gen: 48 best: 23.1 mean: 78.83830845771145
gen: 49 best: 23.1 mean: 80.64378109452737
gen: 50 best: 23.1 mean: 79.21144278606965
gen: 51 best: 23.1 mean: 79.28308457711442
gen: 52 best: 23.1 mean: 79.2139303482587
gen: 53 best: 23.1 mean: 77.61890547263681
gen: 54 best: 23.1 mean: 78.51890547263682
gen >55, new best = 22.800
gen: 55 best: 22.8 mean: 79.18258706467661
gen: 56 best: 22.8 mean: 78.65970149253731
gen: 57 best: 22.8 mean: 73.00099502487562
gen: 58 best: 22.8 mean: 71.50049751243782
gen: 59 best: 22.8 mean: 72.85323383084577
gen: 60 best: 22.8 mean: 69.89004975124378
gen: 61 best: 22.8 mean: 72.22487562189055
gen: 62 best: 22.8 mean: 72.49253731343283
gen >63, new best = 22.200
gen: 63 best: 22.2 mean: 73.25273631840795
gen: 64 best: 22.2 mean: 73.90796019900498
gen: 65 best: 22.2 mean: 71.33631840796019
gen: 66 best: 22.2 mean: 67.94776119402985
gen: 67 best: 22.2 mean: 70.68109452736319
gen >68, new best = 20.500
gen: 68 best: 20.5 mean: 68.57462686567165
gen: 69 best: 20.5 mean: 71.21592039800996
gen: 70 best: 20.5 mean: 70.55820895522388
gen: 71 best: 20.5 mean: 68.86169154228855
gen: 72 best: 20.5 mean: 72.14029850746269
gen: 73 best: 20.5 mean: 67.26467661691542
gen: 74 best: 20.5 mean: 66.73880597014926
gen: 75 best: 20.5 mean: 66.22487562189055
gen: 76 best: 20.5 mean: 64.64875621890548
gen: 77 best: 20.5 mean: 63.070149253731344
gen: 78 best: 20.5 mean: 67.26069651741294
gen: 79 best: 20.5 mean: 66.37213930348258
gen: 80 best: 20.5 mean: 65.95024875621891
gen: 81 best: 20.5 mean: 65.20298507462687
gen: 82 best: 20.5 mean: 64.95621890547264
gen: 83 best: 20.5 mean: 67.0
gen: 84 best: 20.5 mean: 66.19203980099502
gen: 85 best: 20.5 mean: 66.62786069651742
gen: 86 best: 20.5 mean: 65.74179104477612
gen: 87 best: 20.5 mean: 65.4592039800995
gen: 88 best: 20.5 mean: 67.12089552238805
gen: 89 best: 20.5 mean: 69.0223880597015
gen: 90 best: 20.5 mean: 64.06417910447762
gen: 91 best: 20.5 mean: 65.44278606965175
gen: 92 best: 20.5 mean: 63.88258706467662
gen: 93 best: 20.5 mean: 67.13880597014925
gen: 94 best: 20.5 mean: 67.50895522388059
gen: 95 best: 20.5 mean: 67.54776119402985
gen: 96 best: 20.5 mean: 66.78258706467662
gen: 97 best: 20.5 mean: 65.12835820895522
gen: 98 best: 20.5 mean: 64.14079601990049
gen: 99 best: 20.5 mean: 64.05572139303483
[5, 5, 5, 6, 9, 7, 4, 5, 6, 5, 12, 5, 6]
Test count of edges: 495
cat
