Defaulting to user installation because normal site-packages is not writeable
Looking in links: /cvmfs/soft.computecanada.ca/custom/python/wheelhouse/gentoo/avx2, /cvmfs/soft.computecanada.ca/custom/python/wheelhouse/gentoo/generic, /cvmfs/soft.computecanada.ca/custom/python/wheelhouse/generic
Requirement already satisfied: graphviz in /home/js17sy/.local/lib/python3.10/site-packages (0.20)
322; python ga.py 10 256N_graph10.dat 0.05 0.02 0.7 0.7 0.3 201 256N_graph10mediumgen2rem70_ 628342
/project/6008788/js17sy/reopenga/256a/ga.py:291: DeprecationWarning: Sampling from a set deprecated
since Python 3.9 and will be removed in a subsequent version.
  child1 = set(random.sample(
gen >0, new best = 149.800
gen >0, new best = 147.300
gen >0, new best = 137.900
gen >0, new best = 129.200
gen: 0 best: 129.2 mean: 174.18781094527364
gen: 1 best: 129.2 mean: 174.64875621890548
gen >2, new best = 127.800
gen: 2 best: 127.8 mean: 173.00746268656715
gen: 3 best: 127.8 mean: 170.39900497512437
gen >4, new best = 124.900
gen >4, new best = 124.000
gen >4, new best = 104.500
gen: 4 best: 104.5 mean: 166.52786069651742
gen: 5 best: 104.5 mean: 166.82935323383086
gen: 6 best: 104.5 mean: 162.74328358208956
gen: 7 best: 104.5 mean: 161.89203980099504
gen: 8 best: 104.5 mean: 159.73980099502486
gen: 9 best: 104.5 mean: 157.5915422885572
gen: 10 best: 104.5 mean: 158.7995024875622
gen: 11 best: 104.5 mean: 158.20746268656717
gen: 12 best: 104.5 mean: 156.1721393034826
gen: 13 best: 104.5 mean: 155.93930348258706
gen: 14 best: 104.5 mean: 156.1407960199005
gen: 15 best: 104.5 mean: 154.55572139303482
gen: 16 best: 104.5 mean: 153.90547263681592
gen: 17 best: 104.5 mean: 153.3233830845771
gen: 18 best: 104.5 mean: 150.39850746268658
gen >19, new best = 102.200
gen: 19 best: 102.2 mean: 150.8855721393035
gen: 20 best: 102.2 mean: 149.91890547263682
gen: 21 best: 102.2 mean: 150.6189054726368
gen: 22 best: 102.2 mean: 148.92636815920397
gen: 23 best: 102.2 mean: 147.53980099502488
gen >24, new best = 95.500
gen: 24 best: 95.5 mean: 148.3810945273632
gen: 25 best: 95.5 mean: 148.73134328358208
gen: 26 best: 95.5 mean: 147.2278606965174
gen: 27 best: 95.5 mean: 149.19751243781096
gen: 28 best: 95.5 mean: 147.10597014925372
gen: 29 best: 95.5 mean: 145.6044776119403
gen: 30 best: 95.5 mean: 146.1134328358209
gen: 31 best: 95.5 mean: 144.77810945273632
gen: 32 best: 95.5 mean: 144.69701492537314
gen: 33 best: 95.5 mean: 143.3004975124378
gen: 34 best: 95.5 mean: 146.29154228855722
gen: 35 best: 95.5 mean: 144.0457711442786
gen: 36 best: 95.5 mean: 143.27064676616916
gen: 37 best: 95.5 mean: 143.6233830845771
gen: 38 best: 95.5 mean: 141.83432835820895
gen: 39 best: 95.5 mean: 141.87064676616916
gen: 40 best: 95.5 mean: 142.8497512437811
gen: 41 best: 95.5 mean: 142.79800995024877
gen: 42 best: 95.5 mean: 141.49900497512436
gen: 43 best: 95.5 mean: 143.35174129353234
gen >44, new best = 91.200
gen: 44 best: 91.2 mean: 141.62587064676617
gen: 45 best: 91.2 mean: 141.76119402985074
gen: 46 best: 91.2 mean: 141.57014925373133
gen: 47 best: 91.2 mean: 141.83333333333334
gen: 48 best: 91.2 mean: 140.03233830845772
gen: 49 best: 91.2 mean: 142.4412935323383
gen: 50 best: 91.2 mean: 140.17810945273632
gen: 51 best: 91.2 mean: 140.63034825870648
gen: 52 best: 91.2 mean: 140.60547263681593
gen: 53 best: 91.2 mean: 141.59950248756218
gen: 54 best: 91.2 mean: 140.3726368159204
gen: 55 best: 91.2 mean: 141.07611940298509
gen: 56 best: 91.2 mean: 139.97910447761194
gen: 57 best: 91.2 mean: 140.7691542288557
gen: 58 best: 91.2 mean: 138.9945273631841
gen: 59 best: 91.2 mean: 138.7139303482587
gen: 60 best: 91.2 mean: 138.21442786069653
gen: 61 best: 91.2 mean: 141.63333333333333
gen: 62 best: 91.2 mean: 137.33084577114428
gen: 63 best: 91.2 mean: 138.4487562189055
gen: 64 best: 91.2 mean: 138.73781094527362
gen: 65 best: 91.2 mean: 138.31094527363183
gen: 66 best: 91.2 mean: 139.68805970149253
gen: 67 best: 91.2 mean: 137.65223880597014
gen: 68 best: 91.2 mean: 137.84179104477613
gen: 69 best: 91.2 mean: 136.49651741293533
gen: 70 best: 91.2 mean: 138.72189054726368
gen: 71 best: 91.2 mean: 137.6676616915423
gen: 72 best: 91.2 mean: 138.9686567164179
gen: 73 best: 91.2 mean: 136.4009950248756
gen: 74 best: 91.2 mean: 136.644776119403
gen: 75 best: 91.2 mean: 137.51890547263682
gen: 76 best: 91.2 mean: 136.98358208955224
gen: 77 best: 91.2 mean: 136.9547263681592
gen: 78 best: 91.2 mean: 137.292039800995
gen: 79 best: 91.2 mean: 135.46119402985076
gen: 80 best: 91.2 mean: 137.45323383084576
gen: 81 best: 91.2 mean: 136.85223880597016
gen: 82 best: 91.2 mean: 136.9547263681592
gen: 83 best: 91.2 mean: 137.86666666666667
gen: 84 best: 91.2 mean: 135.8810945273632
gen: 85 best: 91.2 mean: 136.9915422885572
gen: 86 best: 91.2 mean: 135.26865671641792
gen: 87 best: 91.2 mean: 136.69004975124378
gen: 88 best: 91.2 mean: 135.40199004975125
gen: 89 best: 91.2 mean: 136.58656716417912
gen: 90 best: 91.2 mean: 136.91343283582088
gen: 91 best: 91.2 mean: 135.72487562189053
gen: 92 best: 91.2 mean: 136.0402985074627
gen: 93 best: 91.2 mean: 136.45820895522388
gen: 94 best: 91.2 mean: 135.71542288557214
gen: 95 best: 91.2 mean: 135.68407960199005
gen: 96 best: 91.2 mean: 135.09353233830845
gen: 97 best: 91.2 mean: 135.68955223880596
gen: 98 best: 91.2 mean: 136.52487562189054
gen: 99 best: 91.2 mean: 133.65323383084578
[9, 5, 10, 9, 4, 9, 10, 10, 9, 5, 5, 8, 7, 9, 8, 9, 6, 6, 10, 10, 8, 6, 8, 10, 4, 8, 8, 8]
Test count of edges: 476
cat
