Defaulting to user installation because normal site-packages is not writeable
Looking in links: /cvmfs/soft.computecanada.ca/custom/python/wheelhouse/gentoo/avx2, /cvmfs/soft.computecanada.ca/custom/python/wheelhouse/gentoo/generic, /cvmfs/soft.computecanada.ca/custom/python/wheelhouse/generic
Requirement already satisfied: graphviz in /home/js17sy/.local/lib/python3.10/site-packages (0.20)
715; python ga.py 10 256N_graph10.dat 0.1 0.04 0.7 0.9 0.1 201 256N_graph10leerygen3rem70_ 714025
/project/6008788/js17sy/reopenga/256a/ga.py:291: DeprecationWarning: Sampling from a set deprecated
since Python 3.9 and will be removed in a subsequent version.
  child1 = set(random.sample(
gen >0, new best = 184.800
gen >0, new best = 180.200
gen >0, new best = 175.100
gen >0, new best = 172.100
gen >0, new best = 167.300
gen: 0 best: 167.3 mean: 189.57587064676616
gen >1, new best = 164.200
gen >1, new best = 161.700
gen: 1 best: 161.7 mean: 188.2721393034826
gen: 2 best: 161.7 mean: 186.27014925373135
gen >3, new best = 154.800
gen: 3 best: 154.8 mean: 187.181592039801
gen: 4 best: 154.8 mean: 184.76716417910447
gen: 5 best: 154.8 mean: 185.05572139303482
gen >6, new best = 153.400
gen: 6 best: 153.4 mean: 182.74029850746268
gen: 7 best: 153.4 mean: 182.34427860696516
gen: 8 best: 153.4 mean: 181.3910447761194
gen: 9 best: 153.4 mean: 179.7363184079602
gen >10, new best = 153.100
gen: 10 best: 153.1 mean: 178.45074626865673
gen: 11 best: 153.1 mean: 178.1960199004975
gen: 12 best: 153.1 mean: 178.126368159204
gen >13, new best = 152.900
gen: 13 best: 152.9 mean: 177.52487562189054
gen >14, new best = 146.500
gen: 14 best: 146.5 mean: 176.2537313432836
gen: 15 best: 146.5 mean: 175.2004975124378
gen: 16 best: 146.5 mean: 173.49701492537312
gen: 17 best: 146.5 mean: 173.55671641791045
gen >18, new best = 145.800
gen: 18 best: 145.8 mean: 172.48756218905473
gen: 19 best: 145.8 mean: 172.9825870646766
gen: 20 best: 145.8 mean: 171.9731343283582
gen: 21 best: 145.8 mean: 171.69253731343284
gen: 22 best: 145.8 mean: 171.59850746268657
gen >23, new best = 137.400
gen: 23 best: 137.4 mean: 171.46915422885573
gen: 24 best: 137.4 mean: 170.91741293532337
gen: 25 best: 137.4 mean: 171.25174129353235
gen: 26 best: 137.4 mean: 170.57960199004975
gen: 27 best: 137.4 mean: 170.14825870646766
gen: 28 best: 137.4 mean: 169.5134328358209
gen: 29 best: 137.4 mean: 170.0592039800995
gen: 30 best: 137.4 mean: 168.89452736318407
gen: 31 best: 137.4 mean: 169.47910447761194
gen: 32 best: 137.4 mean: 168.2636815920398
gen: 33 best: 137.4 mean: 167.23383084577114
gen: 34 best: 137.4 mean: 169.7776119402985
gen: 35 best: 137.4 mean: 168.98208955223882
gen: 36 best: 137.4 mean: 168.83482587064677
gen: 37 best: 137.4 mean: 166.8865671641791
gen: 38 best: 137.4 mean: 168.56567164179106
gen: 39 best: 137.4 mean: 168.4726368159204
gen: 40 best: 137.4 mean: 167.94228855721394
gen: 41 best: 137.4 mean: 167.75721393034826
gen: 42 best: 137.4 mean: 167.31044776119404
gen: 43 best: 137.4 mean: 166.92189054726367
gen: 44 best: 137.4 mean: 165.7776119402985
gen: 45 best: 137.4 mean: 166.62835820895523
gen: 46 best: 137.4 mean: 166.62935323383084
gen: 47 best: 137.4 mean: 166.32885572139304
gen: 48 best: 137.4 mean: 165.18258706467662
gen: 49 best: 137.4 mean: 166.34228855721392
gen >50, new best = 131.500
gen: 50 best: 131.5 mean: 164.26965174129353
gen: 51 best: 131.5 mean: 166.7273631840796
gen: 52 best: 131.5 mean: 165.4358208955224
gen: 53 best: 131.5 mean: 165.18109452736317
gen: 54 best: 131.5 mean: 165.681592039801
gen: 55 best: 131.5 mean: 165.71691542288556
gen: 56 best: 131.5 mean: 164.41343283582088
gen: 57 best: 131.5 mean: 163.99402985074627
gen: 58 best: 131.5 mean: 163.94328358208955
gen: 59 best: 131.5 mean: 163.57562189054727
gen: 60 best: 131.5 mean: 164.22537313432835
gen >61, new best = 126.500
gen: 61 best: 126.5 mean: 163.92338308457713
gen: 62 best: 126.5 mean: 163.4686567164179
gen: 63 best: 126.5 mean: 163.33084577114428
gen: 64 best: 126.5 mean: 163.6865671641791
gen: 65 best: 126.5 mean: 163.89751243781095
gen: 66 best: 126.5 mean: 163.52388059701494
gen: 67 best: 126.5 mean: 163.2462686567164
gen: 68 best: 126.5 mean: 162.05771144278606
gen: 69 best: 126.5 mean: 162.16268656716417
gen: 70 best: 126.5 mean: 163.0358208955224
gen: 71 best: 126.5 mean: 163.20199004975123
gen: 72 best: 126.5 mean: 162.8049751243781
gen: 73 best: 126.5 mean: 162.75671641791044
gen: 74 best: 126.5 mean: 162.981592039801
gen: 75 best: 126.5 mean: 162.92636815920397
gen: 76 best: 126.5 mean: 162.35572139303483
gen: 77 best: 126.5 mean: 162.84278606965174
gen: 78 best: 126.5 mean: 163.1318407960199
gen: 79 best: 126.5 mean: 162.93432835820894
gen: 80 best: 126.5 mean: 162.54228855721394
gen: 81 best: 126.5 mean: 162.33333333333334
gen: 82 best: 126.5 mean: 162.5547263681592
gen: 83 best: 126.5 mean: 162.54776119402985
gen: 84 best: 126.5 mean: 161.97412935323382
gen: 85 best: 126.5 mean: 160.51940298507463
gen: 86 best: 126.5 mean: 161.8592039800995
gen: 87 best: 126.5 mean: 161.23681592039802
gen: 88 best: 126.5 mean: 161.73333333333332
gen: 89 best: 126.5 mean: 162.26268656716417
gen: 90 best: 126.5 mean: 161.83781094527365
gen: 91 best: 126.5 mean: 162.41691542288558
gen: 92 best: 126.5 mean: 160.92139303482588
gen: 93 best: 126.5 mean: 160.8955223880597
gen: 94 best: 126.5 mean: 161.03084577114427
gen: 95 best: 126.5 mean: 160.96119402985076
gen: 96 best: 126.5 mean: 161.7502487562189
gen: 97 best: 126.5 mean: 161.53980099502488
gen: 98 best: 126.5 mean: 161.43283582089552
gen: 99 best: 126.5 mean: 161.273631840796
[8, 7, 10, 9, 9, 8, 8, 9, 8, 9, 7, 7, 5, 6, 8, 8, 7, 8, 8, 6, 7, 9, 8, 8, 8, 8, 6, 6, 9, 9, 10, 8, 7, 9]
Test count of edges: 467
cat
