Defaulting to user installation because normal site-packages is not writeable
Looking in links: /cvmfs/soft.computecanada.ca/custom/python/wheelhouse/gentoo/avx2, /cvmfs/soft.computecanada.ca/custom/python/wheelhouse/gentoo/generic, /cvmfs/soft.computecanada.ca/custom/python/wheelhouse/generic
Requirement already satisfied: graphviz in /home/js17sy/.local/lib/python3.10/site-packages (0.20)
83; python ga.py 10 256N_graph10.dat 0.025 0.01 0.5 0.9 0.1 201 256N_graph10strictgen3rem50_ 656903
/project/6008788/js17sy/reopenga/256a/ga.py:291: DeprecationWarning: Sampling from a set deprecated
since Python 3.9 and will be removed in a subsequent version.
  child1 = set(random.sample(
gen >0, new best = 143.100
gen >0, new best = 142.100
gen >0, new best = 128.600
gen >0, new best = 117.600
gen: 0 best: 117.6 mean: 152.8231343283582
gen: 1 best: 117.6 mean: 151.9865671641791
gen: 2 best: 117.6 mean: 152.92039800995025
gen >3, new best = 108.900
gen: 3 best: 108.9 mean: 151.99303482587064
gen: 4 best: 108.9 mean: 152.68507462686568
gen: 5 best: 108.9 mean: 151.17910447761193
gen >6, new best = 101.100
gen: 6 best: 101.1 mean: 153.68706467661693
gen: 7 best: 101.1 mean: 152.81641791044777
gen: 8 best: 101.1 mean: 152.7676616915423
gen: 9 best: 101.1 mean: 153.00696517412936
gen: 10 best: 101.1 mean: 152.93383084577115
gen: 11 best: 101.1 mean: 151.6731343283582
gen: 12 best: 101.1 mean: 151.7731343283582
gen: 13 best: 101.1 mean: 151.88308457711443
gen: 14 best: 101.1 mean: 150.00746268656715
gen: 15 best: 101.1 mean: 151.50796019900497
gen: 16 best: 101.1 mean: 152.12587064676617
gen: 17 best: 101.1 mean: 151.22139303482587
gen >18, new best = 98.600
gen: 18 best: 98.6 mean: 151.68855721393035
gen: 19 best: 98.6 mean: 150.34825870646767
gen: 20 best: 98.6 mean: 150.56019900497512
gen: 21 best: 98.6 mean: 148.79701492537313
gen >22, new best = 96.900
gen: 22 best: 96.9 mean: 148.6766169154229
gen: 23 best: 96.9 mean: 146.92587064676616
gen: 24 best: 96.9 mean: 149.6034825870647
gen: 25 best: 96.9 mean: 147.3179104477612
gen: 26 best: 96.9 mean: 147.2462686567164
gen: 27 best: 96.9 mean: 148.5218905472637
gen >28, new best = 95.000
gen: 28 best: 95.0 mean: 144.46915422885573
gen >29, new best = 94.000
gen: 29 best: 94.0 mean: 146.0099502487562
gen: 30 best: 94.0 mean: 144.81293532338307
gen: 31 best: 94.0 mean: 145.9089552238806
gen: 32 best: 94.0 mean: 144.20995024875623
gen: 33 best: 94.0 mean: 145.73930348258708
gen >34, new best = 90.300
gen >34, new best = 69.400
gen: 34 best: 69.4 mean: 143.76019900497514
gen: 35 best: 69.4 mean: 140.28059701492538
gen: 36 best: 69.4 mean: 141.05820895522388
gen: 37 best: 69.4 mean: 144.081592039801
gen: 38 best: 69.4 mean: 140.78756218905474
gen: 39 best: 69.4 mean: 138.77064676616916
gen: 40 best: 69.4 mean: 138.86019900497513
gen: 41 best: 69.4 mean: 138.29601990049753
gen: 42 best: 69.4 mean: 140.0099502487562
gen: 43 best: 69.4 mean: 136.12985074626866
gen: 44 best: 69.4 mean: 135.36019900497513
gen: 45 best: 69.4 mean: 136.26218905472638
gen: 46 best: 69.4 mean: 135.79402985074626
gen >47, new best = 64.600
gen: 47 best: 64.6 mean: 131.4865671641791
gen: 48 best: 64.6 mean: 130.9781094527363
gen >49, new best = 63.700
gen: 49 best: 63.7 mean: 127.1542288557214
gen >50, new best = 54.100
gen: 50 best: 54.1 mean: 130.78308457711444
gen: 51 best: 54.1 mean: 127.37761194029851
gen: 52 best: 54.1 mean: 128.85124378109452
gen: 53 best: 54.1 mean: 125.8407960199005
gen: 54 best: 54.1 mean: 124.26517412935324
gen: 55 best: 54.1 mean: 124.2358208955224
gen: 56 best: 54.1 mean: 124.77810945273632
gen: 57 best: 54.1 mean: 123.90199004975125
gen: 58 best: 54.1 mean: 122.91243781094528
gen >59, new best = 44.900
gen: 59 best: 44.9 mean: 121.08955223880596
gen: 60 best: 44.9 mean: 119.84776119402986
gen: 61 best: 44.9 mean: 120.41293532338308
gen: 62 best: 44.9 mean: 116.14776119402985
gen: 63 best: 44.9 mean: 118.17213930348258
gen: 64 best: 44.9 mean: 117.19004975124378
gen: 65 best: 44.9 mean: 116.20348258706467
gen: 66 best: 44.9 mean: 120.64875621890548
gen >67, new best = 35.400
gen: 67 best: 35.4 mean: 116.91094527363184
gen: 68 best: 35.4 mean: 118.0955223880597
gen: 69 best: 35.4 mean: 116.34179104477612
gen: 70 best: 35.4 mean: 118.09452736318408
gen: 71 best: 35.4 mean: 113.07860696517413
gen: 72 best: 35.4 mean: 113.18407960199005
gen >73, new best = 34.100
gen: 73 best: 34.1 mean: 115.98557213930349
gen: 74 best: 34.1 mean: 115.50398009950248
gen: 75 best: 34.1 mean: 114.16368159203981
gen: 76 best: 34.1 mean: 112.60298507462687
gen: 77 best: 34.1 mean: 111.59800995024875
gen: 78 best: 34.1 mean: 112.1681592039801
gen: 79 best: 34.1 mean: 108.74676616915423
gen: 80 best: 34.1 mean: 110.49154228855721
gen: 81 best: 34.1 mean: 110.50845771144279
gen: 82 best: 34.1 mean: 111.72089552238806
gen: 83 best: 34.1 mean: 113.13582089552239
gen: 84 best: 34.1 mean: 110.25223880597015
gen: 85 best: 34.1 mean: 109.16915422885572
gen: 86 best: 34.1 mean: 107.8905472636816
gen: 87 best: 34.1 mean: 111.81990049751244
gen: 88 best: 34.1 mean: 108.00895522388059
gen: 89 best: 34.1 mean: 109.45572139303482
gen: 90 best: 34.1 mean: 109.25970149253732
gen: 91 best: 34.1 mean: 108.73930348258706
gen: 92 best: 34.1 mean: 111.49004975124379
gen: 93 best: 34.1 mean: 108.90298507462687
gen: 94 best: 34.1 mean: 107.78009950248756
gen: 95 best: 34.1 mean: 109.21890547263682
gen: 96 best: 34.1 mean: 109.17611940298508
gen: 97 best: 34.1 mean: 105.0134328358209
gen: 98 best: 34.1 mean: 108.58955223880596
gen: 99 best: 34.1 mean: 110.66318407960199
[11, 5, 9, 5, 6, 13, 5, 12, 15, 15, 8, 5, 7, 16, 12, 6, 13, 6, 12, 5, 12, 11, 5, 5, 5, 5]
Test count of edges: 776
cat
