Defaulting to user installation because normal site-packages is not writeable
Looking in links: /cvmfs/soft.computecanada.ca/custom/python/wheelhouse/gentoo/avx2, /cvmfs/soft.computecanada.ca/custom/python/wheelhouse/gentoo/generic, /cvmfs/soft.computecanada.ca/custom/python/wheelhouse/generic
Requirement already satisfied: graphviz in /home/js17sy/.local/lib/python3.10/site-packages (0.20)
13; python ga.py 10 256N_graph10.dat 0.025 0.01 0.5 0.5 0.5 201 256N_graph10strictgen1rem50_ 371293
/project/6008788/js17sy/reopenga/256a/ga.py:291: DeprecationWarning: Sampling from a set deprecated
since Python 3.9 and will be removed in a subsequent version.
  child1 = set(random.sample(
gen >0, new best = 161.100
gen >0, new best = 142.500
gen >0, new best = 142.200
gen >0, new best = 129.200
gen >0, new best = 125.900
gen: 0 best: 125.9 mean: 153.2139303482587
gen >1, new best = 113.300
gen: 1 best: 113.3 mean: 153.61542288557214
gen: 2 best: 113.3 mean: 152.2273631840796
gen: 3 best: 113.3 mean: 153.28457711442786
gen: 4 best: 113.3 mean: 150.69004975124378
gen: 5 best: 113.3 mean: 151.4039800995025
gen: 6 best: 113.3 mean: 150.61990049751245
gen: 7 best: 113.3 mean: 150.6273631840796
gen: 8 best: 113.3 mean: 149.773631840796
gen: 9 best: 113.3 mean: 150.4039800995025
gen: 10 best: 113.3 mean: 150.06716417910448
gen: 11 best: 113.3 mean: 149.95323383084576
gen: 12 best: 113.3 mean: 149.94278606965173
gen: 13 best: 113.3 mean: 148.58805970149254
gen: 14 best: 113.3 mean: 149.39452736318407
gen: 15 best: 113.3 mean: 149.6004975124378
gen: 16 best: 113.3 mean: 149.36865671641792
gen >17, new best = 109.800
gen: 17 best: 109.8 mean: 148.63333333333333
gen: 18 best: 109.8 mean: 148.6865671641791
gen: 19 best: 109.8 mean: 149.10099502487563
gen >20, new best = 99.200
gen: 20 best: 99.2 mean: 148.6950248756219
gen: 21 best: 99.2 mean: 149.56019900497512
gen: 22 best: 99.2 mean: 149.07014925373133
gen: 23 best: 99.2 mean: 148.72139303482587
gen: 24 best: 99.2 mean: 148.72189054726368
gen: 25 best: 99.2 mean: 148.9825870646766
gen: 26 best: 99.2 mean: 148.57512437810945
gen: 27 best: 99.2 mean: 147.32089552238807
gen: 28 best: 99.2 mean: 148.9089552238806
gen: 29 best: 99.2 mean: 147.2995024875622
gen: 30 best: 99.2 mean: 147.50398009950248
gen: 31 best: 99.2 mean: 148.8084577114428
gen: 32 best: 99.2 mean: 148.4009950248756
gen: 33 best: 99.2 mean: 147.67810945273632
gen >34, new best = 74.700
gen: 34 best: 74.7 mean: 147.35124378109452
gen: 35 best: 74.7 mean: 147.46069651741294
gen: 36 best: 74.7 mean: 147.7497512437811
gen: 37 best: 74.7 mean: 148.481592039801
gen: 38 best: 74.7 mean: 146.41990049751243
gen: 39 best: 74.7 mean: 147.30796019900498
gen: 40 best: 74.7 mean: 148.91343283582088
gen: 41 best: 74.7 mean: 147.98358208955224
gen: 42 best: 74.7 mean: 147.4681592039801
gen: 43 best: 74.7 mean: 146.60646766169154
gen: 44 best: 74.7 mean: 145.8089552238806
gen: 45 best: 74.7 mean: 146.88308457711443
gen: 46 best: 74.7 mean: 147.06666666666666
gen: 47 best: 74.7 mean: 146.38855721393034
gen: 48 best: 74.7 mean: 146.05572139303482
gen: 49 best: 74.7 mean: 146.04278606965175
gen: 50 best: 74.7 mean: 146.19701492537314
gen: 51 best: 74.7 mean: 147.3597014925373
gen: 52 best: 74.7 mean: 145.19452736318408
gen: 53 best: 74.7 mean: 145.91243781094528
gen: 54 best: 74.7 mean: 146.33731343283583
gen: 55 best: 74.7 mean: 145.16119402985075
gen: 56 best: 74.7 mean: 145.07910447761193
gen: 57 best: 74.7 mean: 144.60646766169154
gen: 58 best: 74.7 mean: 144.02636815920397
gen: 59 best: 74.7 mean: 143.94776119402985
gen: 60 best: 74.7 mean: 144.7910447761194
gen: 61 best: 74.7 mean: 145.22587064676617
gen: 62 best: 74.7 mean: 142.81243781094528
gen: 63 best: 74.7 mean: 143.3995024875622
gen: 64 best: 74.7 mean: 144.66616915422887
gen: 65 best: 74.7 mean: 142.1830845771144
gen: 66 best: 74.7 mean: 143.7233830845771
gen: 67 best: 74.7 mean: 142.29900497512438
gen: 68 best: 74.7 mean: 143.15721393034826
gen: 69 best: 74.7 mean: 142.84328358208955
gen: 70 best: 74.7 mean: 141.79303482587065
gen: 71 best: 74.7 mean: 141.9955223880597
gen: 72 best: 74.7 mean: 143.5721393034826
gen: 73 best: 74.7 mean: 142.95124378109452
gen: 74 best: 74.7 mean: 142.43482587064676
gen: 75 best: 74.7 mean: 142.26417910447762
gen: 76 best: 74.7 mean: 142.16517412935323
gen: 77 best: 74.7 mean: 143.61393034825872
gen: 78 best: 74.7 mean: 143.49601990049752
gen: 79 best: 74.7 mean: 143.85223880597016
gen: 80 best: 74.7 mean: 141.91741293532337
gen: 81 best: 74.7 mean: 140.41990049751243
gen: 82 best: 74.7 mean: 143.25223880597014
gen: 83 best: 74.7 mean: 142.455223880597
gen: 84 best: 74.7 mean: 143.05621890547263
gen: 85 best: 74.7 mean: 141.6771144278607
gen: 86 best: 74.7 mean: 142.64776119402984
gen: 87 best: 74.7 mean: 142.3542288557214
gen: 88 best: 74.7 mean: 141.67860696517414
gen: 89 best: 74.7 mean: 143.6641791044776
gen: 90 best: 74.7 mean: 142.20248756218905
gen: 91 best: 74.7 mean: 141.80547263681592
gen: 92 best: 74.7 mean: 142.163184079602
gen: 93 best: 74.7 mean: 140.3134328358209
gen: 94 best: 74.7 mean: 141.21940298507462
gen: 95 best: 74.7 mean: 142.3
gen: 96 best: 74.7 mean: 141.14278606965175
gen: 97 best: 74.7 mean: 139.5452736318408
gen: 98 best: 74.7 mean: 141.41641791044776
gen: 99 best: 74.7 mean: 141.23383084577114
[9, 5, 15, 14, 12, 8, 17, 13, 6, 11, 12, 12, 15, 7, 11, 17, 14, 12, 14, 8, 17, 13, 11, 11, 15, 7, 10, 14]
Test count of edges: 786
cat
